2023-04-22 07:24:01
20230422 075336.599 INFO             PET0 !!!!!!!!!!!!!!!!!!!!!!!!!!!!!!!!!!!!!!!!!!!!!!!!!!!!!!
20230422 075336.599 INFO             PET0 !!! THE ESMF_LOG IS SET TO OUTPUT ALL LOG MESSAGES !!!
20230422 075336.599 INFO             PET0 !!!     THIS MAY CAUSE SLOWDOWN IN PERFORMANCE     !!!
20230422 075336.599 INFO             PET0 !!! FOR PRODUCTION RUNS, USE:                      !!!
20230422 075336.599 INFO             PET0 !!!                   ESMF_LOGKIND_Multi_On_Error  !!!
20230422 075336.599 INFO             PET0 !!!!!!!!!!!!!!!!!!!!!!!!!!!!!!!!!!!!!!!!!!!!!!!!!!!!!!
20230422 075336.599 INFO             PET0 Running with ESMF Version   : v8.4.2b02-2-g12616b5af2
20230422 075336.599 INFO             PET0 ESMF library build date/time: "Apr 22 2023" "07:22:04"
20230422 075336.599 INFO             PET0 ESMF library build location : /scratch2/NCEPDEV/stmp1/Gerhard.Theurich/ESMF-Nightly-Testing/intel_18.0.5b_intelmpi_g_patch_8.4.2/esmf
20230422 075336.599 INFO             PET0 ESMF_COMM                   : intelmpi
20230422 075336.600 INFO             PET0 ESMF_MOAB                   : enabled
20230422 075336.600 INFO             PET0 ESMF_LAPACK                 : enabled
20230422 075336.600 INFO             PET0 ESMF_NETCDF                 : enabled
20230422 075336.600 INFO             PET0 ESMF_PNETCDF                : disabled
20230422 075336.600 INFO             PET0 ESMF_PIO                    : enabled
20230422 075336.600 INFO             PET0 ESMF_YAMLCPP                : enabled
20230422 075336.600 INFO             PET0  NUMBER_OF_PROCESSORS           1
20230422 075336.600 INFO             PET0  PASS  Example ESMF_TimeIntervalEx, ESMF_TimeIntervalEx.F90, line 176
20230422 075336.600 INFO             PET0 Finalizing ESMF
