2023-03-14 02:30:30
20230314 030908.707 INFO             PET0 !!!!!!!!!!!!!!!!!!!!!!!!!!!!!!!!!!!!!!!!!!!!!!!!!!!!!!
20230314 030908.707 INFO             PET0 !!! THE ESMF_LOG IS SET TO OUTPUT ALL LOG MESSAGES !!!
20230314 030908.707 INFO             PET0 !!!     THIS MAY CAUSE SLOWDOWN IN PERFORMANCE     !!!
20230314 030908.707 INFO             PET0 !!! FOR PRODUCTION RUNS, USE:                      !!!
20230314 030908.707 INFO             PET0 !!!                   ESMF_LOGKIND_Multi_On_Error  !!!
20230314 030908.707 INFO             PET0 !!!!!!!!!!!!!!!!!!!!!!!!!!!!!!!!!!!!!!!!!!!!!!!!!!!!!!
20230314 030908.707 INFO             PET0 Running with ESMF Version   : v8.5.0b18-2-g3a4fb96
20230314 030908.707 INFO             PET0 ESMF library build date/time: "Mar 14 2023" "02:29:14"
20230314 030908.707 INFO             PET0 ESMF library build location : /work/noaa/da/mpotts/sandbox/gfortran_8.3.0_openmpi_g_develop/esmf
20230314 030908.707 INFO             PET0 ESMF_COMM                   : openmpi
20230314 030908.708 INFO             PET0 ESMF_MOAB                   : enabled
20230314 030908.708 INFO             PET0 ESMF_LAPACK                 : enabled
20230314 030908.708 INFO             PET0 ESMF_NETCDF                 : enabled
20230314 030908.708 INFO             PET0 ESMF_PNETCDF                : disabled
20230314 030908.708 INFO             PET0 ESMF_PIO                    : enabled
20230314 030908.708 INFO             PET0 ESMF_YAMLCPP                : enabled
20230314 030908.859 INFO             PET0 ESMF_FieldRedistStoreNF(): Just entered routine.
20230314 030909.144 INFO             PET0 ESMF_FieldRedistStoreNF(): Leaving routine.
20230314 030909.148 INFO             PET0  NUMBER_OF_PROCESSORS           4
20230314 030909.148 INFO             PET0  PASS  Example ESMF_RHandleFromRHandleEx, ESMF_RHandleFromRHandleEx.F90, line 660
20230314 030909.148 INFO             PET0 Finalizing ESMF
20230314 030908.708 INFO             PET1 !!!!!!!!!!!!!!!!!!!!!!!!!!!!!!!!!!!!!!!!!!!!!!!!!!!!!!
20230314 030908.708 INFO             PET1 !!! THE ESMF_LOG IS SET TO OUTPUT ALL LOG MESSAGES !!!
20230314 030908.708 INFO             PET1 !!!     THIS MAY CAUSE SLOWDOWN IN PERFORMANCE     !!!
20230314 030908.708 INFO             PET1 !!! FOR PRODUCTION RUNS, USE:                      !!!
20230314 030908.708 INFO             PET1 !!!                   ESMF_LOGKIND_Multi_On_Error  !!!
20230314 030908.708 INFO             PET1 !!!!!!!!!!!!!!!!!!!!!!!!!!!!!!!!!!!!!!!!!!!!!!!!!!!!!!
20230314 030908.708 INFO             PET1 Running with ESMF Version   : v8.5.0b18-2-g3a4fb96
20230314 030908.708 INFO             PET1 ESMF library build date/time: "Mar 14 2023" "02:29:14"
20230314 030908.708 INFO             PET1 ESMF library build location : /work/noaa/da/mpotts/sandbox/gfortran_8.3.0_openmpi_g_develop/esmf
20230314 030908.708 INFO             PET1 ESMF_COMM                   : openmpi
20230314 030908.708 INFO             PET1 ESMF_MOAB                   : enabled
20230314 030908.708 INFO             PET1 ESMF_LAPACK                 : enabled
20230314 030908.708 INFO             PET1 ESMF_NETCDF                 : enabled
20230314 030908.708 INFO             PET1 ESMF_PNETCDF                : disabled
20230314 030908.708 INFO             PET1 ESMF_PIO                    : enabled
20230314 030908.708 INFO             PET1 ESMF_YAMLCPP                : enabled
20230314 030908.859 INFO             PET1 ESMF_FieldRedistStoreNF(): Just entered routine.
20230314 030909.144 INFO             PET1 ESMF_FieldRedistStoreNF(): Leaving routine.
20230314 030909.149 INFO             PET1  NUMBER_OF_PROCESSORS           4
20230314 030909.149 INFO             PET1  PASS  Example ESMF_RHandleFromRHandleEx, ESMF_RHandleFromRHandleEx.F90, line 660
20230314 030909.149 INFO             PET1 Finalizing ESMF
20230314 030908.751 INFO             PET2 !!!!!!!!!!!!!!!!!!!!!!!!!!!!!!!!!!!!!!!!!!!!!!!!!!!!!!
20230314 030908.751 INFO             PET2 !!! THE ESMF_LOG IS SET TO OUTPUT ALL LOG MESSAGES !!!
20230314 030908.751 INFO             PET2 !!!     THIS MAY CAUSE SLOWDOWN IN PERFORMANCE     !!!
20230314 030908.751 INFO             PET2 !!! FOR PRODUCTION RUNS, USE:                      !!!
20230314 030908.751 INFO             PET2 !!!                   ESMF_LOGKIND_Multi_On_Error  !!!
20230314 030908.751 INFO             PET2 !!!!!!!!!!!!!!!!!!!!!!!!!!!!!!!!!!!!!!!!!!!!!!!!!!!!!!
20230314 030908.751 INFO             PET2 Running with ESMF Version   : v8.5.0b18-2-g3a4fb96
20230314 030908.752 INFO             PET2 ESMF library build date/time: "Mar 14 2023" "02:29:14"
20230314 030908.752 INFO             PET2 ESMF library build location : /work/noaa/da/mpotts/sandbox/gfortran_8.3.0_openmpi_g_develop/esmf
20230314 030908.752 INFO             PET2 ESMF_COMM                   : openmpi
20230314 030908.841 INFO             PET2 ESMF_MOAB                   : enabled
20230314 030908.841 INFO             PET2 ESMF_LAPACK                 : enabled
20230314 030908.841 INFO             PET2 ESMF_NETCDF                 : enabled
20230314 030908.841 INFO             PET2 ESMF_PNETCDF                : disabled
20230314 030908.841 INFO             PET2 ESMF_PIO                    : enabled
20230314 030908.841 INFO             PET2 ESMF_YAMLCPP                : enabled
20230314 030908.859 INFO             PET2 ESMF_FieldRedistStoreNF(): Just entered routine.
20230314 030909.144 INFO             PET2 ESMF_FieldRedistStoreNF(): Leaving routine.
20230314 030909.146 INFO             PET2  NUMBER_OF_PROCESSORS           4
20230314 030909.146 INFO             PET2  PASS  Example ESMF_RHandleFromRHandleEx, ESMF_RHandleFromRHandleEx.F90, line 660
20230314 030909.146 INFO             PET2 Finalizing ESMF
20230314 030908.708 INFO             PET3 !!!!!!!!!!!!!!!!!!!!!!!!!!!!!!!!!!!!!!!!!!!!!!!!!!!!!!
20230314 030908.708 INFO             PET3 !!! THE ESMF_LOG IS SET TO OUTPUT ALL LOG MESSAGES !!!
20230314 030908.708 INFO             PET3 !!!     THIS MAY CAUSE SLOWDOWN IN PERFORMANCE     !!!
20230314 030908.708 INFO             PET3 !!! FOR PRODUCTION RUNS, USE:                      !!!
20230314 030908.708 INFO             PET3 !!!                   ESMF_LOGKIND_Multi_On_Error  !!!
20230314 030908.708 INFO             PET3 !!!!!!!!!!!!!!!!!!!!!!!!!!!!!!!!!!!!!!!!!!!!!!!!!!!!!!
20230314 030908.708 INFO             PET3 Running with ESMF Version   : v8.5.0b18-2-g3a4fb96
20230314 030908.708 INFO             PET3 ESMF library build date/time: "Mar 14 2023" "02:29:14"
20230314 030908.708 INFO             PET3 ESMF library build location : /work/noaa/da/mpotts/sandbox/gfortran_8.3.0_openmpi_g_develop/esmf
20230314 030908.708 INFO             PET3 ESMF_COMM                   : openmpi
20230314 030908.709 INFO             PET3 ESMF_MOAB                   : enabled
20230314 030908.709 INFO             PET3 ESMF_LAPACK                 : enabled
20230314 030908.709 INFO             PET3 ESMF_NETCDF                 : enabled
20230314 030908.709 INFO             PET3 ESMF_PNETCDF                : disabled
20230314 030908.709 INFO             PET3 ESMF_PIO                    : enabled
20230314 030908.709 INFO             PET3 ESMF_YAMLCPP                : enabled
20230314 030908.859 INFO             PET3 ESMF_FieldRedistStoreNF(): Just entered routine.
20230314 030909.144 INFO             PET3 ESMF_FieldRedistStoreNF(): Leaving routine.
20230314 030909.149 INFO             PET3  NUMBER_OF_PROCESSORS           4
20230314 030909.149 INFO             PET3  PASS  Example ESMF_RHandleFromRHandleEx, ESMF_RHandleFromRHandleEx.F90, line 660
20230314 030909.149 INFO             PET3 Finalizing ESMF
