2023-03-14 06:33:37
20230314 082645.394 INFO             PET0 !!!!!!!!!!!!!!!!!!!!!!!!!!!!!!!!!!!!!!!!!!!!!!!!!!!!!!
20230314 082645.394 INFO             PET0 !!! THE ESMF_LOG IS SET TO OUTPUT ALL LOG MESSAGES !!!
20230314 082645.394 INFO             PET0 !!!     THIS MAY CAUSE SLOWDOWN IN PERFORMANCE     !!!
20230314 082645.394 INFO             PET0 !!! FOR PRODUCTION RUNS, USE:                      !!!
20230314 082645.394 INFO             PET0 !!!                   ESMF_LOGKIND_Multi_On_Error  !!!
20230314 082645.394 INFO             PET0 !!!!!!!!!!!!!!!!!!!!!!!!!!!!!!!!!!!!!!!!!!!!!!!!!!!!!!
20230314 082645.394 INFO             PET0 Running with ESMF Version   : v8.5.0b18-2-g3a4fb969bb
20230314 082645.394 INFO             PET0 ESMF library build date/time: "Mar 14 2023" "06:30:24"
20230314 082645.394 INFO             PET0 ESMF library build location : /glade/scratch/theurich/ESMF-Nightly-Testing/nvhpc_22.2_mpt_g_develop/esmf
20230314 082645.394 INFO             PET0 ESMF_COMM                   : mpt
20230314 082645.395 INFO             PET0 ESMF_MOAB                   : enabled
20230314 082645.395 INFO             PET0 ESMF_LAPACK                 : enabled
20230314 082645.395 INFO             PET0 ESMF_NETCDF                 : enabled
20230314 082645.395 INFO             PET0 ESMF_PNETCDF                : disabled
20230314 082645.395 INFO             PET0 ESMF_PIO                    : enabled
20230314 082645.395 INFO             PET0 ESMF_YAMLCPP                : enabled
20230314 082645.396 INFO             PET0  NUMBER_OF_PROCESSORS            1
20230314 082645.396 INFO             PET0  PASS  Example ESMF_AlarmEx, ESMF_AlarmEx.F90, line 244
20230314 082645.396 INFO             PET0 Finalizing ESMF
