2023-03-06 14:05:01
20230306 143157.326 INFO             PET0 !!!!!!!!!!!!!!!!!!!!!!!!!!!!!!!!!!!!!!!!!!!!!!!!!!!!!!
20230306 143157.326 INFO             PET0 !!! THE ESMF_LOG IS SET TO OUTPUT ALL LOG MESSAGES !!!
20230306 143157.326 INFO             PET0 !!!     THIS MAY CAUSE SLOWDOWN IN PERFORMANCE     !!!
20230306 143157.326 INFO             PET0 !!! FOR PRODUCTION RUNS, USE:                      !!!
20230306 143157.326 INFO             PET0 !!!                   ESMF_LOGKIND_Multi_On_Error  !!!
20230306 143157.326 INFO             PET0 !!!!!!!!!!!!!!!!!!!!!!!!!!!!!!!!!!!!!!!!!!!!!!!!!!!!!!
20230306 143157.326 INFO             PET0 Running with ESMF Version   : v8.5.0b17-4-gf6f9c0a29b
20230306 143157.326 INFO             PET0 ESMF library build date/time: "Mar  6 2023" "14:03:40"
20230306 143157.326 INFO             PET0 ESMF library build location : /glade/gust/scratch/theurich/ESMF-Nightly-Testing/intel_2023.0-oneAPI_mpi_g_develop/esmf
20230306 143157.326 INFO             PET0 ESMF_COMM                   : mpi
20230306 143157.327 INFO             PET0 ESMF_MOAB                   : enabled
20230306 143157.327 INFO             PET0 ESMF_LAPACK                 : enabled
20230306 143157.327 INFO             PET0 ESMF_NETCDF                 : enabled
20230306 143157.327 INFO             PET0 ESMF_PNETCDF                : disabled
20230306 143157.327 INFO             PET0 ESMF_PIO                    : enabled
20230306 143157.327 INFO             PET0 ESMF_YAMLCPP                : enabled
20230306 143157.330 INFO             PET0  NUMBER_OF_PROCESSORS           4
20230306 143157.330 INFO             PET0  PASS  Example ESMF_CplEx, ESMF_CplEx.F90, line 457
20230306 143157.330 INFO             PET0 Finalizing ESMF
20230306 143157.326 INFO             PET1 !!!!!!!!!!!!!!!!!!!!!!!!!!!!!!!!!!!!!!!!!!!!!!!!!!!!!!
20230306 143157.327 INFO             PET1 !!! THE ESMF_LOG IS SET TO OUTPUT ALL LOG MESSAGES !!!
20230306 143157.327 INFO             PET1 !!!     THIS MAY CAUSE SLOWDOWN IN PERFORMANCE     !!!
20230306 143157.327 INFO             PET1 !!! FOR PRODUCTION RUNS, USE:                      !!!
20230306 143157.327 INFO             PET1 !!!                   ESMF_LOGKIND_Multi_On_Error  !!!
20230306 143157.327 INFO             PET1 !!!!!!!!!!!!!!!!!!!!!!!!!!!!!!!!!!!!!!!!!!!!!!!!!!!!!!
20230306 143157.327 INFO             PET1 Running with ESMF Version   : v8.5.0b17-4-gf6f9c0a29b
20230306 143157.327 INFO             PET1 ESMF library build date/time: "Mar  6 2023" "14:03:40"
20230306 143157.327 INFO             PET1 ESMF library build location : /glade/gust/scratch/theurich/ESMF-Nightly-Testing/intel_2023.0-oneAPI_mpi_g_develop/esmf
20230306 143157.327 INFO             PET1 ESMF_COMM                   : mpi
20230306 143157.327 INFO             PET1 ESMF_MOAB                   : enabled
20230306 143157.327 INFO             PET1 ESMF_LAPACK                 : enabled
20230306 143157.327 INFO             PET1 ESMF_NETCDF                 : enabled
20230306 143157.327 INFO             PET1 ESMF_PNETCDF                : disabled
20230306 143157.327 INFO             PET1 ESMF_PIO                    : enabled
20230306 143157.327 INFO             PET1 ESMF_YAMLCPP                : enabled
20230306 143157.330 INFO             PET1  NUMBER_OF_PROCESSORS           4
20230306 143157.330 INFO             PET1  PASS  Example ESMF_CplEx, ESMF_CplEx.F90, line 457
20230306 143157.330 INFO             PET1 Finalizing ESMF
20230306 143157.325 INFO             PET2 !!!!!!!!!!!!!!!!!!!!!!!!!!!!!!!!!!!!!!!!!!!!!!!!!!!!!!
20230306 143157.325 INFO             PET2 !!! THE ESMF_LOG IS SET TO OUTPUT ALL LOG MESSAGES !!!
20230306 143157.325 INFO             PET2 !!!     THIS MAY CAUSE SLOWDOWN IN PERFORMANCE     !!!
20230306 143157.325 INFO             PET2 !!! FOR PRODUCTION RUNS, USE:                      !!!
20230306 143157.325 INFO             PET2 !!!                   ESMF_LOGKIND_Multi_On_Error  !!!
20230306 143157.325 INFO             PET2 !!!!!!!!!!!!!!!!!!!!!!!!!!!!!!!!!!!!!!!!!!!!!!!!!!!!!!
20230306 143157.325 INFO             PET2 Running with ESMF Version   : v8.5.0b17-4-gf6f9c0a29b
20230306 143157.325 INFO             PET2 ESMF library build date/time: "Mar  6 2023" "14:03:40"
20230306 143157.325 INFO             PET2 ESMF library build location : /glade/gust/scratch/theurich/ESMF-Nightly-Testing/intel_2023.0-oneAPI_mpi_g_develop/esmf
20230306 143157.325 INFO             PET2 ESMF_COMM                   : mpi
20230306 143157.326 INFO             PET2 ESMF_MOAB                   : enabled
20230306 143157.326 INFO             PET2 ESMF_LAPACK                 : enabled
20230306 143157.326 INFO             PET2 ESMF_NETCDF                 : enabled
20230306 143157.326 INFO             PET2 ESMF_PNETCDF                : disabled
20230306 143157.326 INFO             PET2 ESMF_PIO                    : enabled
20230306 143157.326 INFO             PET2 ESMF_YAMLCPP                : enabled
20230306 143157.330 INFO             PET2  NUMBER_OF_PROCESSORS           4
20230306 143157.330 INFO             PET2  PASS  Example ESMF_CplEx, ESMF_CplEx.F90, line 457
20230306 143157.330 INFO             PET2 Finalizing ESMF
20230306 143157.326 INFO             PET3 !!!!!!!!!!!!!!!!!!!!!!!!!!!!!!!!!!!!!!!!!!!!!!!!!!!!!!
20230306 143157.326 INFO             PET3 !!! THE ESMF_LOG IS SET TO OUTPUT ALL LOG MESSAGES !!!
20230306 143157.326 INFO             PET3 !!!     THIS MAY CAUSE SLOWDOWN IN PERFORMANCE     !!!
20230306 143157.326 INFO             PET3 !!! FOR PRODUCTION RUNS, USE:                      !!!
20230306 143157.326 INFO             PET3 !!!                   ESMF_LOGKIND_Multi_On_Error  !!!
20230306 143157.326 INFO             PET3 !!!!!!!!!!!!!!!!!!!!!!!!!!!!!!!!!!!!!!!!!!!!!!!!!!!!!!
20230306 143157.326 INFO             PET3 Running with ESMF Version   : v8.5.0b17-4-gf6f9c0a29b
20230306 143157.326 INFO             PET3 ESMF library build date/time: "Mar  6 2023" "14:03:40"
20230306 143157.326 INFO             PET3 ESMF library build location : /glade/gust/scratch/theurich/ESMF-Nightly-Testing/intel_2023.0-oneAPI_mpi_g_develop/esmf
20230306 143157.326 INFO             PET3 ESMF_COMM                   : mpi
20230306 143157.327 INFO             PET3 ESMF_MOAB                   : enabled
20230306 143157.327 INFO             PET3 ESMF_LAPACK                 : enabled
20230306 143157.327 INFO             PET3 ESMF_NETCDF                 : enabled
20230306 143157.327 INFO             PET3 ESMF_PNETCDF                : disabled
20230306 143157.327 INFO             PET3 ESMF_PIO                    : enabled
20230306 143157.327 INFO             PET3 ESMF_YAMLCPP                : enabled
20230306 143157.330 INFO             PET3  NUMBER_OF_PROCESSORS           4
20230306 143157.330 INFO             PET3  PASS  Example ESMF_CplEx, ESMF_CplEx.F90, line 457
20230306 143157.330 INFO             PET3 Finalizing ESMF
