2023-03-21 01:59:57
20230321 022445.595 INFO             PET0 !!!!!!!!!!!!!!!!!!!!!!!!!!!!!!!!!!!!!!!!!!!!!!!!!!!!!!
20230321 022445.596 INFO             PET0 !!! THE ESMF_LOG IS SET TO OUTPUT ALL LOG MESSAGES !!!
20230321 022445.596 INFO             PET0 !!!     THIS MAY CAUSE SLOWDOWN IN PERFORMANCE     !!!
20230321 022445.596 INFO             PET0 !!! FOR PRODUCTION RUNS, USE:                      !!!
20230321 022445.596 INFO             PET0 !!!                   ESMF_LOGKIND_Multi_On_Error  !!!
20230321 022445.596 INFO             PET0 !!!!!!!!!!!!!!!!!!!!!!!!!!!!!!!!!!!!!!!!!!!!!!!!!!!!!!
20230321 022445.596 INFO             PET0 Running with ESMF Version   : v8.5.0b18-5-ge74a33b91d
20230321 022445.596 INFO             PET0 ESMF library build date/time: "Mar 21 2023" "01:58:20"
20230321 022445.596 INFO             PET0 ESMF library build location : /project/esmf/theurich/ESMF-Nightly-Testing/gfortran_8.1.0_mpich3_O_develop/esmf
20230321 022445.596 INFO             PET0 ESMF_COMM                   : mpich
20230321 022445.596 INFO             PET0 ESMF_MOAB                   : enabled
20230321 022445.596 INFO             PET0 ESMF_LAPACK                 : enabled
20230321 022445.596 INFO             PET0 ESMF_NETCDF                 : enabled
20230321 022445.596 INFO             PET0 ESMF_PNETCDF                : disabled
20230321 022445.596 INFO             PET0 ESMF_PIO                    : enabled
20230321 022445.596 INFO             PET0 ESMF_YAMLCPP                : enabled
20230321 022445.596 INFO             PET0  NUMBER_OF_PROCESSORS           1
20230321 022445.596 INFO             PET0  PASS  Example ESMF_TimeEx, ESMF_TimeEx.F90, line 141
20230321 022445.596 INFO             PET0 Finalizing ESMF
