2023-04-16 04:10:59
20230416 044724.764 INFO             PET0 !!!!!!!!!!!!!!!!!!!!!!!!!!!!!!!!!!!!!!!!!!!!!!!!!!!!!!
20230416 044724.765 INFO             PET0 !!! THE ESMF_LOG IS SET TO OUTPUT ALL LOG MESSAGES !!!
20230416 044724.765 INFO             PET0 !!!     THIS MAY CAUSE SLOWDOWN IN PERFORMANCE     !!!
20230416 044724.765 INFO             PET0 !!! FOR PRODUCTION RUNS, USE:                      !!!
20230416 044724.765 INFO             PET0 !!!                   ESMF_LOGKIND_Multi_On_Error  !!!
20230416 044724.765 INFO             PET0 !!!!!!!!!!!!!!!!!!!!!!!!!!!!!!!!!!!!!!!!!!!!!!!!!!!!!!
20230416 044724.765 INFO             PET0 Running with ESMF Version   : hconfig_b01-1-gebe6bc4ad1
20230416 044724.765 INFO             PET0 ESMF library build date/time: "Apr 16 2023" "04:08:54"
20230416 044724.765 INFO             PET0 ESMF library build location : /glade/gust/scratch/theurich/ESMF-Nightly-Testing/nvhpc_23.1_mpi_g_feature_hconfig/esmf
20230416 044724.765 INFO             PET0 ESMF_COMM                   : mpi
20230416 044724.766 INFO             PET0 ESMF_MOAB                   : enabled
20230416 044724.766 INFO             PET0 ESMF_LAPACK                 : enabled
20230416 044724.766 INFO             PET0 ESMF_NETCDF                 : enabled
20230416 044724.766 INFO             PET0 ESMF_PNETCDF                : disabled
20230416 044724.766 INFO             PET0 ESMF_PIO                    : enabled
20230416 044724.766 INFO             PET0 ESMF_YAMLCPP                : enabled
20230416 044724.765 INFO             PET1 !!!!!!!!!!!!!!!!!!!!!!!!!!!!!!!!!!!!!!!!!!!!!!!!!!!!!!
20230416 044724.765 INFO             PET1 !!! THE ESMF_LOG IS SET TO OUTPUT ALL LOG MESSAGES !!!
20230416 044724.765 INFO             PET1 !!!     THIS MAY CAUSE SLOWDOWN IN PERFORMANCE     !!!
20230416 044724.765 INFO             PET1 !!! FOR PRODUCTION RUNS, USE:                      !!!
20230416 044724.765 INFO             PET1 !!!                   ESMF_LOGKIND_Multi_On_Error  !!!
20230416 044724.765 INFO             PET1 !!!!!!!!!!!!!!!!!!!!!!!!!!!!!!!!!!!!!!!!!!!!!!!!!!!!!!
20230416 044724.765 INFO             PET1 Running with ESMF Version   : hconfig_b01-1-gebe6bc4ad1
20230416 044724.765 INFO             PET1 ESMF library build date/time: "Apr 16 2023" "04:08:54"
20230416 044724.765 INFO             PET1 ESMF library build location : /glade/gust/scratch/theurich/ESMF-Nightly-Testing/nvhpc_23.1_mpi_g_feature_hconfig/esmf
20230416 044724.765 INFO             PET1 ESMF_COMM                   : mpi
20230416 044724.766 INFO             PET1 ESMF_MOAB                   : enabled
20230416 044724.766 INFO             PET1 ESMF_LAPACK                 : enabled
20230416 044724.766 INFO             PET1 ESMF_NETCDF                 : enabled
20230416 044724.766 INFO             PET1 ESMF_PNETCDF                : disabled
20230416 044724.766 INFO             PET1 ESMF_PIO                    : enabled
20230416 044724.766 INFO             PET1 ESMF_YAMLCPP                : enabled
20230416 044724.765 INFO             PET2 !!!!!!!!!!!!!!!!!!!!!!!!!!!!!!!!!!!!!!!!!!!!!!!!!!!!!!
20230416 044724.765 INFO             PET2 !!! THE ESMF_LOG IS SET TO OUTPUT ALL LOG MESSAGES !!!
20230416 044724.765 INFO             PET2 !!!     THIS MAY CAUSE SLOWDOWN IN PERFORMANCE     !!!
20230416 044724.765 INFO             PET2 !!! FOR PRODUCTION RUNS, USE:                      !!!
20230416 044724.765 INFO             PET2 !!!                   ESMF_LOGKIND_Multi_On_Error  !!!
20230416 044724.765 INFO             PET2 !!!!!!!!!!!!!!!!!!!!!!!!!!!!!!!!!!!!!!!!!!!!!!!!!!!!!!
20230416 044724.765 INFO             PET2 Running with ESMF Version   : hconfig_b01-1-gebe6bc4ad1
20230416 044724.765 INFO             PET2 ESMF library build date/time: "Apr 16 2023" "04:08:54"
20230416 044724.765 INFO             PET2 ESMF library build location : /glade/gust/scratch/theurich/ESMF-Nightly-Testing/nvhpc_23.1_mpi_g_feature_hconfig/esmf
20230416 044724.765 INFO             PET2 ESMF_COMM                   : mpi
20230416 044724.766 INFO             PET2 ESMF_MOAB                   : enabled
20230416 044724.766 INFO             PET2 ESMF_LAPACK                 : enabled
20230416 044724.766 INFO             PET2 ESMF_NETCDF                 : enabled
20230416 044724.766 INFO             PET2 ESMF_PNETCDF                : disabled
20230416 044724.766 INFO             PET2 ESMF_PIO                    : enabled
20230416 044724.766 INFO             PET2 ESMF_YAMLCPP                : enabled
20230416 044724.765 INFO             PET3 !!!!!!!!!!!!!!!!!!!!!!!!!!!!!!!!!!!!!!!!!!!!!!!!!!!!!!
20230416 044724.765 INFO             PET3 !!! THE ESMF_LOG IS SET TO OUTPUT ALL LOG MESSAGES !!!
20230416 044724.765 INFO             PET3 !!!     THIS MAY CAUSE SLOWDOWN IN PERFORMANCE     !!!
20230416 044724.765 INFO             PET3 !!! FOR PRODUCTION RUNS, USE:                      !!!
20230416 044724.765 INFO             PET3 !!!                   ESMF_LOGKIND_Multi_On_Error  !!!
20230416 044724.765 INFO             PET3 !!!!!!!!!!!!!!!!!!!!!!!!!!!!!!!!!!!!!!!!!!!!!!!!!!!!!!
20230416 044724.765 INFO             PET3 Running with ESMF Version   : hconfig_b01-1-gebe6bc4ad1
20230416 044724.765 INFO             PET3 ESMF library build date/time: "Apr 16 2023" "04:08:54"
20230416 044724.765 INFO             PET3 ESMF library build location : /glade/gust/scratch/theurich/ESMF-Nightly-Testing/nvhpc_23.1_mpi_g_feature_hconfig/esmf
20230416 044724.765 INFO             PET3 ESMF_COMM                   : mpi
20230416 044724.766 INFO             PET3 ESMF_MOAB                   : enabled
20230416 044724.766 INFO             PET3 ESMF_LAPACK                 : enabled
20230416 044724.766 INFO             PET3 ESMF_NETCDF                 : enabled
20230416 044724.766 INFO             PET3 ESMF_PNETCDF                : disabled
20230416 044724.766 INFO             PET3 ESMF_PIO                    : enabled
20230416 044724.766 INFO             PET3 ESMF_YAMLCPP                : enabled
