2023-04-12 04:15:24
20230412 045315.739 INFO             PET0 !!!!!!!!!!!!!!!!!!!!!!!!!!!!!!!!!!!!!!!!!!!!!!!!!!!!!!
20230412 045315.739 INFO             PET0 !!! THE ESMF_LOG IS SET TO OUTPUT ALL LOG MESSAGES !!!
20230412 045315.739 INFO             PET0 !!!     THIS MAY CAUSE SLOWDOWN IN PERFORMANCE     !!!
20230412 045315.739 INFO             PET0 !!! FOR PRODUCTION RUNS, USE:                      !!!
20230412 045315.739 INFO             PET0 !!!                   ESMF_LOGKIND_Multi_On_Error  !!!
20230412 045315.739 INFO             PET0 !!!!!!!!!!!!!!!!!!!!!!!!!!!!!!!!!!!!!!!!!!!!!!!!!!!!!!
20230412 045315.739 INFO             PET0 Running with ESMF Version   : v8.5.0b19-66-g6be63b4998
20230412 045315.739 INFO             PET0 ESMF library build date/time: "Apr 12 2023" "04:13:15"
20230412 045315.739 INFO             PET0 ESMF library build location : /glade/gust/scratch/theurich/ESMF-Nightly-Testing/nvhpc_23.1_mpi_g_feature_hconfig/esmf
20230412 045315.739 INFO             PET0 ESMF_COMM                   : mpi
20230412 045315.740 INFO             PET0 ESMF_MOAB                   : enabled
20230412 045315.740 INFO             PET0 ESMF_LAPACK                 : enabled
20230412 045315.740 INFO             PET0 ESMF_NETCDF                 : enabled
20230412 045315.740 INFO             PET0 ESMF_PNETCDF                : disabled
20230412 045315.740 INFO             PET0 ESMF_PIO                    : enabled
20230412 045315.740 INFO             PET0 ESMF_YAMLCPP                : enabled
20230412 045315.823 DEBUG            PET0 about to destroy Grid: 0x7bd0c0
20230412 045315.832 DEBUG            PET0 about to destroy Grid: 0x7bedc0
20230412 045315.858 INFO             PET0  NUMBER_OF_PROCESSORS            4
20230412 045315.858 INFO             PET0  PASS  Example ESMF_NUOPCAtmModelEx, ESMF_NUOPCAtmModelEx.F90, line 806
20230412 045315.858 INFO             PET0 Finalizing ESMF
20230412 045315.740 INFO             PET1 !!!!!!!!!!!!!!!!!!!!!!!!!!!!!!!!!!!!!!!!!!!!!!!!!!!!!!
20230412 045315.740 INFO             PET1 !!! THE ESMF_LOG IS SET TO OUTPUT ALL LOG MESSAGES !!!
20230412 045315.740 INFO             PET1 !!!     THIS MAY CAUSE SLOWDOWN IN PERFORMANCE     !!!
20230412 045315.740 INFO             PET1 !!! FOR PRODUCTION RUNS, USE:                      !!!
20230412 045315.740 INFO             PET1 !!!                   ESMF_LOGKIND_Multi_On_Error  !!!
20230412 045315.740 INFO             PET1 !!!!!!!!!!!!!!!!!!!!!!!!!!!!!!!!!!!!!!!!!!!!!!!!!!!!!!
20230412 045315.740 INFO             PET1 Running with ESMF Version   : v8.5.0b19-66-g6be63b4998
20230412 045315.740 INFO             PET1 ESMF library build date/time: "Apr 12 2023" "04:13:15"
20230412 045315.740 INFO             PET1 ESMF library build location : /glade/gust/scratch/theurich/ESMF-Nightly-Testing/nvhpc_23.1_mpi_g_feature_hconfig/esmf
20230412 045315.740 INFO             PET1 ESMF_COMM                   : mpi
20230412 045315.741 INFO             PET1 ESMF_MOAB                   : enabled
20230412 045315.741 INFO             PET1 ESMF_LAPACK                 : enabled
20230412 045315.741 INFO             PET1 ESMF_NETCDF                 : enabled
20230412 045315.741 INFO             PET1 ESMF_PNETCDF                : disabled
20230412 045315.741 INFO             PET1 ESMF_PIO                    : enabled
20230412 045315.741 INFO             PET1 ESMF_YAMLCPP                : enabled
20230412 045315.823 DEBUG            PET1 about to destroy Grid: 0x7b7a00
20230412 045315.832 DEBUG            PET1 about to destroy Grid: 0x7b9510
20230412 045315.858 INFO             PET1  NUMBER_OF_PROCESSORS            4
20230412 045315.858 INFO             PET1  PASS  Example ESMF_NUOPCAtmModelEx, ESMF_NUOPCAtmModelEx.F90, line 806
20230412 045315.858 INFO             PET1 Finalizing ESMF
20230412 045315.739 INFO             PET2 !!!!!!!!!!!!!!!!!!!!!!!!!!!!!!!!!!!!!!!!!!!!!!!!!!!!!!
20230412 045315.739 INFO             PET2 !!! THE ESMF_LOG IS SET TO OUTPUT ALL LOG MESSAGES !!!
20230412 045315.739 INFO             PET2 !!!     THIS MAY CAUSE SLOWDOWN IN PERFORMANCE     !!!
20230412 045315.739 INFO             PET2 !!! FOR PRODUCTION RUNS, USE:                      !!!
20230412 045315.739 INFO             PET2 !!!                   ESMF_LOGKIND_Multi_On_Error  !!!
20230412 045315.739 INFO             PET2 !!!!!!!!!!!!!!!!!!!!!!!!!!!!!!!!!!!!!!!!!!!!!!!!!!!!!!
20230412 045315.739 INFO             PET2 Running with ESMF Version   : v8.5.0b19-66-g6be63b4998
20230412 045315.739 INFO             PET2 ESMF library build date/time: "Apr 12 2023" "04:13:15"
20230412 045315.739 INFO             PET2 ESMF library build location : /glade/gust/scratch/theurich/ESMF-Nightly-Testing/nvhpc_23.1_mpi_g_feature_hconfig/esmf
20230412 045315.739 INFO             PET2 ESMF_COMM                   : mpi
20230412 045315.740 INFO             PET2 ESMF_MOAB                   : enabled
20230412 045315.740 INFO             PET2 ESMF_LAPACK                 : enabled
20230412 045315.740 INFO             PET2 ESMF_NETCDF                 : enabled
20230412 045315.740 INFO             PET2 ESMF_PNETCDF                : disabled
20230412 045315.740 INFO             PET2 ESMF_PIO                    : enabled
20230412 045315.740 INFO             PET2 ESMF_YAMLCPP                : enabled
20230412 045315.823 DEBUG            PET2 about to destroy Grid: 0x7b4880
20230412 045315.832 DEBUG            PET2 about to destroy Grid: 0x7b8950
20230412 045315.858 INFO             PET2  NUMBER_OF_PROCESSORS            4
20230412 045315.858 INFO             PET2  PASS  Example ESMF_NUOPCAtmModelEx, ESMF_NUOPCAtmModelEx.F90, line 806
20230412 045315.858 INFO             PET2 Finalizing ESMF
20230412 045315.740 INFO             PET3 !!!!!!!!!!!!!!!!!!!!!!!!!!!!!!!!!!!!!!!!!!!!!!!!!!!!!!
20230412 045315.740 INFO             PET3 !!! THE ESMF_LOG IS SET TO OUTPUT ALL LOG MESSAGES !!!
20230412 045315.740 INFO             PET3 !!!     THIS MAY CAUSE SLOWDOWN IN PERFORMANCE     !!!
20230412 045315.740 INFO             PET3 !!! FOR PRODUCTION RUNS, USE:                      !!!
20230412 045315.740 INFO             PET3 !!!                   ESMF_LOGKIND_Multi_On_Error  !!!
20230412 045315.740 INFO             PET3 !!!!!!!!!!!!!!!!!!!!!!!!!!!!!!!!!!!!!!!!!!!!!!!!!!!!!!
20230412 045315.740 INFO             PET3 Running with ESMF Version   : v8.5.0b19-66-g6be63b4998
20230412 045315.740 INFO             PET3 ESMF library build date/time: "Apr 12 2023" "04:13:15"
20230412 045315.740 INFO             PET3 ESMF library build location : /glade/gust/scratch/theurich/ESMF-Nightly-Testing/nvhpc_23.1_mpi_g_feature_hconfig/esmf
20230412 045315.740 INFO             PET3 ESMF_COMM                   : mpi
20230412 045315.741 INFO             PET3 ESMF_MOAB                   : enabled
20230412 045315.741 INFO             PET3 ESMF_LAPACK                 : enabled
20230412 045315.741 INFO             PET3 ESMF_NETCDF                 : enabled
20230412 045315.741 INFO             PET3 ESMF_PNETCDF                : disabled
20230412 045315.741 INFO             PET3 ESMF_PIO                    : enabled
20230412 045315.741 INFO             PET3 ESMF_YAMLCPP                : enabled
20230412 045315.823 DEBUG            PET3 about to destroy Grid: 0x7b7360
20230412 045315.832 DEBUG            PET3 about to destroy Grid: 0x7b8fa0
20230412 045315.858 INFO             PET3  NUMBER_OF_PROCESSORS            4
20230412 045315.858 INFO             PET3  PASS  Example ESMF_NUOPCAtmModelEx, ESMF_NUOPCAtmModelEx.F90, line 806
20230412 045315.858 INFO             PET3 Finalizing ESMF
