2023-04-22 04:17:48
20230422 045553.015 INFO             PET0 !!!!!!!!!!!!!!!!!!!!!!!!!!!!!!!!!!!!!!!!!!!!!!!!!!!!!!
20230422 045553.015 INFO             PET0 !!! THE ESMF_LOG IS SET TO OUTPUT ALL LOG MESSAGES !!!
20230422 045553.015 INFO             PET0 !!!     THIS MAY CAUSE SLOWDOWN IN PERFORMANCE     !!!
20230422 045553.015 INFO             PET0 !!! FOR PRODUCTION RUNS, USE:                      !!!
20230422 045553.015 INFO             PET0 !!!                   ESMF_LOGKIND_Multi_On_Error  !!!
20230422 045553.015 INFO             PET0 !!!!!!!!!!!!!!!!!!!!!!!!!!!!!!!!!!!!!!!!!!!!!!!!!!!!!!
20230422 045553.015 INFO             PET0 Running with ESMF Version   : hconfig_b01-3-ge0b4092aab
20230422 045553.015 INFO             PET0 ESMF library build date/time: "Apr 22 2023" "04:15:34"
20230422 045553.015 INFO             PET0 ESMF library build location : /glade/gust/scratch/theurich/ESMF-Nightly-Testing/nvhpc_23.1_mpi_g_feature_hconfig/esmf
20230422 045553.015 INFO             PET0 ESMF_COMM                   : mpi
20230422 045553.016 INFO             PET0 ESMF_MOAB                   : enabled
20230422 045553.016 INFO             PET0 ESMF_LAPACK                 : enabled
20230422 045553.016 INFO             PET0 ESMF_NETCDF                 : enabled
20230422 045553.016 INFO             PET0 ESMF_PNETCDF                : disabled
20230422 045553.016 INFO             PET0 ESMF_PIO                    : enabled
20230422 045553.016 INFO             PET0 ESMF_YAMLCPP                : enabled
20230422 045553.015 INFO             PET1 !!!!!!!!!!!!!!!!!!!!!!!!!!!!!!!!!!!!!!!!!!!!!!!!!!!!!!
20230422 045553.015 INFO             PET1 !!! THE ESMF_LOG IS SET TO OUTPUT ALL LOG MESSAGES !!!
20230422 045553.015 INFO             PET1 !!!     THIS MAY CAUSE SLOWDOWN IN PERFORMANCE     !!!
20230422 045553.015 INFO             PET1 !!! FOR PRODUCTION RUNS, USE:                      !!!
20230422 045553.015 INFO             PET1 !!!                   ESMF_LOGKIND_Multi_On_Error  !!!
20230422 045553.015 INFO             PET1 !!!!!!!!!!!!!!!!!!!!!!!!!!!!!!!!!!!!!!!!!!!!!!!!!!!!!!
20230422 045553.015 INFO             PET1 Running with ESMF Version   : hconfig_b01-3-ge0b4092aab
20230422 045553.015 INFO             PET1 ESMF library build date/time: "Apr 22 2023" "04:15:34"
20230422 045553.015 INFO             PET1 ESMF library build location : /glade/gust/scratch/theurich/ESMF-Nightly-Testing/nvhpc_23.1_mpi_g_feature_hconfig/esmf
20230422 045553.015 INFO             PET1 ESMF_COMM                   : mpi
20230422 045553.016 INFO             PET1 ESMF_MOAB                   : enabled
20230422 045553.016 INFO             PET1 ESMF_LAPACK                 : enabled
20230422 045553.016 INFO             PET1 ESMF_NETCDF                 : enabled
20230422 045553.016 INFO             PET1 ESMF_PNETCDF                : disabled
20230422 045553.016 INFO             PET1 ESMF_PIO                    : enabled
20230422 045553.016 INFO             PET1 ESMF_YAMLCPP                : enabled
20230422 045553.015 INFO             PET2 !!!!!!!!!!!!!!!!!!!!!!!!!!!!!!!!!!!!!!!!!!!!!!!!!!!!!!
20230422 045553.015 INFO             PET2 !!! THE ESMF_LOG IS SET TO OUTPUT ALL LOG MESSAGES !!!
20230422 045553.015 INFO             PET2 !!!     THIS MAY CAUSE SLOWDOWN IN PERFORMANCE     !!!
20230422 045553.015 INFO             PET2 !!! FOR PRODUCTION RUNS, USE:                      !!!
20230422 045553.015 INFO             PET2 !!!                   ESMF_LOGKIND_Multi_On_Error  !!!
20230422 045553.015 INFO             PET2 !!!!!!!!!!!!!!!!!!!!!!!!!!!!!!!!!!!!!!!!!!!!!!!!!!!!!!
20230422 045553.015 INFO             PET2 Running with ESMF Version   : hconfig_b01-3-ge0b4092aab
20230422 045553.015 INFO             PET2 ESMF library build date/time: "Apr 22 2023" "04:15:34"
20230422 045553.015 INFO             PET2 ESMF library build location : /glade/gust/scratch/theurich/ESMF-Nightly-Testing/nvhpc_23.1_mpi_g_feature_hconfig/esmf
20230422 045553.015 INFO             PET2 ESMF_COMM                   : mpi
20230422 045553.016 INFO             PET2 ESMF_MOAB                   : enabled
20230422 045553.016 INFO             PET2 ESMF_LAPACK                 : enabled
20230422 045553.016 INFO             PET2 ESMF_NETCDF                 : enabled
20230422 045553.016 INFO             PET2 ESMF_PNETCDF                : disabled
20230422 045553.016 INFO             PET2 ESMF_PIO                    : enabled
20230422 045553.016 INFO             PET2 ESMF_YAMLCPP                : enabled
20230422 045553.015 INFO             PET3 !!!!!!!!!!!!!!!!!!!!!!!!!!!!!!!!!!!!!!!!!!!!!!!!!!!!!!
20230422 045553.015 INFO             PET3 !!! THE ESMF_LOG IS SET TO OUTPUT ALL LOG MESSAGES !!!
20230422 045553.015 INFO             PET3 !!!     THIS MAY CAUSE SLOWDOWN IN PERFORMANCE     !!!
20230422 045553.015 INFO             PET3 !!! FOR PRODUCTION RUNS, USE:                      !!!
20230422 045553.015 INFO             PET3 !!!                   ESMF_LOGKIND_Multi_On_Error  !!!
20230422 045553.015 INFO             PET3 !!!!!!!!!!!!!!!!!!!!!!!!!!!!!!!!!!!!!!!!!!!!!!!!!!!!!!
20230422 045553.015 INFO             PET3 Running with ESMF Version   : hconfig_b01-3-ge0b4092aab
20230422 045553.015 INFO             PET3 ESMF library build date/time: "Apr 22 2023" "04:15:34"
20230422 045553.015 INFO             PET3 ESMF library build location : /glade/gust/scratch/theurich/ESMF-Nightly-Testing/nvhpc_23.1_mpi_g_feature_hconfig/esmf
20230422 045553.015 INFO             PET3 ESMF_COMM                   : mpi
20230422 045553.016 INFO             PET3 ESMF_MOAB                   : enabled
20230422 045553.016 INFO             PET3 ESMF_LAPACK                 : enabled
20230422 045553.016 INFO             PET3 ESMF_NETCDF                 : enabled
20230422 045553.016 INFO             PET3 ESMF_PNETCDF                : disabled
20230422 045553.016 INFO             PET3 ESMF_PIO                    : enabled
20230422 045553.016 INFO             PET3 ESMF_YAMLCPP                : enabled
