2023-03-31 02:12:30
20230331 061904.299 INFO             PET0 !!!!!!!!!!!!!!!!!!!!!!!!!!!!!!!!!!!!!!!!!!!!!!!!!!!!!!
20230331 061904.300 INFO             PET0 !!! THE ESMF_LOG IS SET TO OUTPUT ALL LOG MESSAGES !!!
20230331 061904.300 INFO             PET0 !!!     THIS MAY CAUSE SLOWDOWN IN PERFORMANCE     !!!
20230331 061904.300 INFO             PET0 !!! FOR PRODUCTION RUNS, USE:                      !!!
20230331 061904.300 INFO             PET0 !!!                   ESMF_LOGKIND_Multi_On_Error  !!!
20230331 061904.300 INFO             PET0 !!!!!!!!!!!!!!!!!!!!!!!!!!!!!!!!!!!!!!!!!!!!!!!!!!!!!!
20230331 061904.300 INFO             PET0 Running with ESMF Version   : v8.5.0b19
20230331 061904.300 INFO             PET0 ESMF library build date/time: "Mar 31 2023" "02:10:56"
20230331 061904.300 INFO             PET0 ESMF library build location : /lustre/f2/dev/Mark.Potts/esmf-test/gfortran_8.3.0_mpi_g_develop/esmf
20230331 061904.300 INFO             PET0 ESMF_COMM                   : mpi
20230331 061904.300 INFO             PET0 ESMF_MOAB                   : enabled
20230331 061904.301 INFO             PET0 ESMF_LAPACK                 : enabled
20230331 061904.301 INFO             PET0 ESMF_NETCDF                 : enabled
20230331 061904.301 INFO             PET0 ESMF_PNETCDF                : disabled
20230331 061904.301 INFO             PET0 ESMF_PIO                    : enabled
20230331 061904.301 INFO             PET0 ESMF_YAMLCPP                : enabled
20230331 061904.315 INFO             PET0  NUMBER_OF_PROCESSORS           4
20230331 061904.315 INFO             PET0  PASS  Example ESMF_InfoGetFromHostEx, ESMF_InfoGetFromHostEx.F90, line 112
20230331 061904.315 INFO             PET0 Finalizing ESMF
20230331 061904.314 INFO             PET1 !!!!!!!!!!!!!!!!!!!!!!!!!!!!!!!!!!!!!!!!!!!!!!!!!!!!!!
20230331 061904.314 INFO             PET1 !!! THE ESMF_LOG IS SET TO OUTPUT ALL LOG MESSAGES !!!
20230331 061904.314 INFO             PET1 !!!     THIS MAY CAUSE SLOWDOWN IN PERFORMANCE     !!!
20230331 061904.314 INFO             PET1 !!! FOR PRODUCTION RUNS, USE:                      !!!
20230331 061904.314 INFO             PET1 !!!                   ESMF_LOGKIND_Multi_On_Error  !!!
20230331 061904.314 INFO             PET1 !!!!!!!!!!!!!!!!!!!!!!!!!!!!!!!!!!!!!!!!!!!!!!!!!!!!!!
20230331 061904.314 INFO             PET1 Running with ESMF Version   : v8.5.0b19
20230331 061904.314 INFO             PET1 ESMF library build date/time: "Mar 31 2023" "02:10:56"
20230331 061904.314 INFO             PET1 ESMF library build location : /lustre/f2/dev/Mark.Potts/esmf-test/gfortran_8.3.0_mpi_g_develop/esmf
20230331 061904.314 INFO             PET1 ESMF_COMM                   : mpi
20230331 061904.314 INFO             PET1 ESMF_MOAB                   : enabled
20230331 061904.314 INFO             PET1 ESMF_LAPACK                 : enabled
20230331 061904.314 INFO             PET1 ESMF_NETCDF                 : enabled
20230331 061904.314 INFO             PET1 ESMF_PNETCDF                : disabled
20230331 061904.314 INFO             PET1 ESMF_PIO                    : enabled
20230331 061904.314 INFO             PET1 ESMF_YAMLCPP                : enabled
20230331 061904.315 INFO             PET1  NUMBER_OF_PROCESSORS           4
20230331 061904.315 INFO             PET1  PASS  Example ESMF_InfoGetFromHostEx, ESMF_InfoGetFromHostEx.F90, line 112
20230331 061904.315 INFO             PET1 Finalizing ESMF
20230331 061904.300 INFO             PET2 !!!!!!!!!!!!!!!!!!!!!!!!!!!!!!!!!!!!!!!!!!!!!!!!!!!!!!
20230331 061904.300 INFO             PET2 !!! THE ESMF_LOG IS SET TO OUTPUT ALL LOG MESSAGES !!!
20230331 061904.300 INFO             PET2 !!!     THIS MAY CAUSE SLOWDOWN IN PERFORMANCE     !!!
20230331 061904.300 INFO             PET2 !!! FOR PRODUCTION RUNS, USE:                      !!!
20230331 061904.300 INFO             PET2 !!!                   ESMF_LOGKIND_Multi_On_Error  !!!
20230331 061904.300 INFO             PET2 !!!!!!!!!!!!!!!!!!!!!!!!!!!!!!!!!!!!!!!!!!!!!!!!!!!!!!
20230331 061904.300 INFO             PET2 Running with ESMF Version   : v8.5.0b19
20230331 061904.300 INFO             PET2 ESMF library build date/time: "Mar 31 2023" "02:10:56"
20230331 061904.300 INFO             PET2 ESMF library build location : /lustre/f2/dev/Mark.Potts/esmf-test/gfortran_8.3.0_mpi_g_develop/esmf
20230331 061904.300 INFO             PET2 ESMF_COMM                   : mpi
20230331 061904.301 INFO             PET2 ESMF_MOAB                   : enabled
20230331 061904.301 INFO             PET2 ESMF_LAPACK                 : enabled
20230331 061904.301 INFO             PET2 ESMF_NETCDF                 : enabled
20230331 061904.301 INFO             PET2 ESMF_PNETCDF                : disabled
20230331 061904.301 INFO             PET2 ESMF_PIO                    : enabled
20230331 061904.301 INFO             PET2 ESMF_YAMLCPP                : enabled
20230331 061904.315 INFO             PET2  NUMBER_OF_PROCESSORS           4
20230331 061904.315 INFO             PET2  PASS  Example ESMF_InfoGetFromHostEx, ESMF_InfoGetFromHostEx.F90, line 112
20230331 061904.315 INFO             PET2 Finalizing ESMF
20230331 061904.301 INFO             PET3 !!!!!!!!!!!!!!!!!!!!!!!!!!!!!!!!!!!!!!!!!!!!!!!!!!!!!!
20230331 061904.301 INFO             PET3 !!! THE ESMF_LOG IS SET TO OUTPUT ALL LOG MESSAGES !!!
20230331 061904.301 INFO             PET3 !!!     THIS MAY CAUSE SLOWDOWN IN PERFORMANCE     !!!
20230331 061904.301 INFO             PET3 !!! FOR PRODUCTION RUNS, USE:                      !!!
20230331 061904.301 INFO             PET3 !!!                   ESMF_LOGKIND_Multi_On_Error  !!!
20230331 061904.301 INFO             PET3 !!!!!!!!!!!!!!!!!!!!!!!!!!!!!!!!!!!!!!!!!!!!!!!!!!!!!!
20230331 061904.301 INFO             PET3 Running with ESMF Version   : v8.5.0b19
20230331 061904.301 INFO             PET3 ESMF library build date/time: "Mar 31 2023" "02:10:56"
20230331 061904.301 INFO             PET3 ESMF library build location : /lustre/f2/dev/Mark.Potts/esmf-test/gfortran_8.3.0_mpi_g_develop/esmf
20230331 061904.301 INFO             PET3 ESMF_COMM                   : mpi
20230331 061904.302 INFO             PET3 ESMF_MOAB                   : enabled
20230331 061904.302 INFO             PET3 ESMF_LAPACK                 : enabled
20230331 061904.302 INFO             PET3 ESMF_NETCDF                 : enabled
20230331 061904.302 INFO             PET3 ESMF_PNETCDF                : disabled
20230331 061904.302 INFO             PET3 ESMF_PIO                    : enabled
20230331 061904.302 INFO             PET3 ESMF_YAMLCPP                : enabled
20230331 061904.315 INFO             PET3  NUMBER_OF_PROCESSORS           4
20230331 061904.315 INFO             PET3  PASS  Example ESMF_InfoGetFromHostEx, ESMF_InfoGetFromHostEx.F90, line 112
20230331 061904.315 INFO             PET3 Finalizing ESMF
