2023-03-14 00:49:46
20230314 030915.733 INFO             PET0 !!!!!!!!!!!!!!!!!!!!!!!!!!!!!!!!!!!!!!!!!!!!!!!!!!!!!!
20230314 030915.733 INFO             PET0 !!! THE ESMF_LOG IS SET TO OUTPUT ALL LOG MESSAGES !!!
20230314 030915.733 INFO             PET0 !!!     THIS MAY CAUSE SLOWDOWN IN PERFORMANCE     !!!
20230314 030915.733 INFO             PET0 !!! FOR PRODUCTION RUNS, USE:                      !!!
20230314 030915.733 INFO             PET0 !!!                   ESMF_LOGKIND_Multi_On_Error  !!!
20230314 030915.733 INFO             PET0 !!!!!!!!!!!!!!!!!!!!!!!!!!!!!!!!!!!!!!!!!!!!!!!!!!!!!!
20230314 030915.733 INFO             PET0 Running with ESMF Version   : v8.5.0b18-2-g3a4fb969bb
20230314 030915.733 INFO             PET0 ESMF library build date/time: "Mar 14 2023" "00:47:59"
20230314 030915.733 INFO             PET0 ESMF library build location : /lustre/f2/dev/Mark.Potts/esmf-test/gfortran_8.3.0_mpi_g_develop/esmf
20230314 030915.733 INFO             PET0 ESMF_COMM                   : mpi
20230314 030915.734 INFO             PET0 ESMF_MOAB                   : enabled
20230314 030915.734 INFO             PET0 ESMF_LAPACK                 : enabled
20230314 030915.734 INFO             PET0 ESMF_NETCDF                 : enabled
20230314 030915.734 INFO             PET0 ESMF_PNETCDF                : disabled
20230314 030915.734 INFO             PET0 ESMF_PIO                    : enabled
20230314 030915.734 INFO             PET0 ESMF_YAMLCPP                : enabled
20230314 030915.791 INFO             PET0 ESMF_FieldRedistStoreNF(): Just entered routine.
20230314 030915.820 INFO             PET0 ESMF_FieldRedistStoreNF(): Leaving routine.
20230314 030915.865 INFO             PET0 ESMF_FieldRedistStoreNF(): Just entered routine.
20230314 030915.866 INFO             PET0 ESMF_FieldRedistStoreNF(): Leaving routine.
20230314 030915.866 INFO             PET0 ESMF_FieldRedistStoreNF(): Just entered routine.
20230314 030915.867 INFO             PET0 ESMF_FieldRedistStoreNF(): Leaving routine.
20230314 030915.868 INFO             PET0  NUMBER_OF_PROCESSORS           4
20230314 030915.869 INFO             PET0  PASS  Example ESMF_FieldRedistEx, ESMF_FieldRedistEx.F90, line 521
20230314 030915.869 INFO             PET0 Finalizing ESMF
20230314 030915.724 INFO             PET1 !!!!!!!!!!!!!!!!!!!!!!!!!!!!!!!!!!!!!!!!!!!!!!!!!!!!!!
20230314 030915.724 INFO             PET1 !!! THE ESMF_LOG IS SET TO OUTPUT ALL LOG MESSAGES !!!
20230314 030915.724 INFO             PET1 !!!     THIS MAY CAUSE SLOWDOWN IN PERFORMANCE     !!!
20230314 030915.724 INFO             PET1 !!! FOR PRODUCTION RUNS, USE:                      !!!
20230314 030915.724 INFO             PET1 !!!                   ESMF_LOGKIND_Multi_On_Error  !!!
20230314 030915.724 INFO             PET1 !!!!!!!!!!!!!!!!!!!!!!!!!!!!!!!!!!!!!!!!!!!!!!!!!!!!!!
20230314 030915.724 INFO             PET1 Running with ESMF Version   : v8.5.0b18-2-g3a4fb969bb
20230314 030915.724 INFO             PET1 ESMF library build date/time: "Mar 14 2023" "00:47:59"
20230314 030915.724 INFO             PET1 ESMF library build location : /lustre/f2/dev/Mark.Potts/esmf-test/gfortran_8.3.0_mpi_g_develop/esmf
20230314 030915.724 INFO             PET1 ESMF_COMM                   : mpi
20230314 030915.725 INFO             PET1 ESMF_MOAB                   : enabled
20230314 030915.725 INFO             PET1 ESMF_LAPACK                 : enabled
20230314 030915.725 INFO             PET1 ESMF_NETCDF                 : enabled
20230314 030915.725 INFO             PET1 ESMF_PNETCDF                : disabled
20230314 030915.725 INFO             PET1 ESMF_PIO                    : enabled
20230314 030915.725 INFO             PET1 ESMF_YAMLCPP                : enabled
20230314 030915.791 INFO             PET1 ESMF_FieldRedistStoreNF(): Just entered routine.
20230314 030915.820 INFO             PET1 ESMF_FieldRedistStoreNF(): Leaving routine.
20230314 030915.865 INFO             PET1 ESMF_FieldRedistStoreNF(): Just entered routine.
20230314 030915.866 INFO             PET1 ESMF_FieldRedistStoreNF(): Leaving routine.
20230314 030915.866 INFO             PET1 ESMF_FieldRedistStoreNF(): Just entered routine.
20230314 030915.867 INFO             PET1 ESMF_FieldRedistStoreNF(): Leaving routine.
20230314 030915.868 INFO             PET1  NUMBER_OF_PROCESSORS           4
20230314 030915.869 INFO             PET1  PASS  Example ESMF_FieldRedistEx, ESMF_FieldRedistEx.F90, line 521
20230314 030915.869 INFO             PET1 Finalizing ESMF
20230314 030915.726 INFO             PET2 !!!!!!!!!!!!!!!!!!!!!!!!!!!!!!!!!!!!!!!!!!!!!!!!!!!!!!
20230314 030915.726 INFO             PET2 !!! THE ESMF_LOG IS SET TO OUTPUT ALL LOG MESSAGES !!!
20230314 030915.726 INFO             PET2 !!!     THIS MAY CAUSE SLOWDOWN IN PERFORMANCE     !!!
20230314 030915.726 INFO             PET2 !!! FOR PRODUCTION RUNS, USE:                      !!!
20230314 030915.726 INFO             PET2 !!!                   ESMF_LOGKIND_Multi_On_Error  !!!
20230314 030915.726 INFO             PET2 !!!!!!!!!!!!!!!!!!!!!!!!!!!!!!!!!!!!!!!!!!!!!!!!!!!!!!
20230314 030915.726 INFO             PET2 Running with ESMF Version   : v8.5.0b18-2-g3a4fb969bb
20230314 030915.726 INFO             PET2 ESMF library build date/time: "Mar 14 2023" "00:47:59"
20230314 030915.726 INFO             PET2 ESMF library build location : /lustre/f2/dev/Mark.Potts/esmf-test/gfortran_8.3.0_mpi_g_develop/esmf
20230314 030915.726 INFO             PET2 ESMF_COMM                   : mpi
20230314 030915.726 INFO             PET2 ESMF_MOAB                   : enabled
20230314 030915.726 INFO             PET2 ESMF_LAPACK                 : enabled
20230314 030915.726 INFO             PET2 ESMF_NETCDF                 : enabled
20230314 030915.726 INFO             PET2 ESMF_PNETCDF                : disabled
20230314 030915.726 INFO             PET2 ESMF_PIO                    : enabled
20230314 030915.726 INFO             PET2 ESMF_YAMLCPP                : enabled
20230314 030915.791 INFO             PET2 ESMF_FieldRedistStoreNF(): Just entered routine.
20230314 030915.820 INFO             PET2 ESMF_FieldRedistStoreNF(): Leaving routine.
20230314 030915.865 INFO             PET2 ESMF_FieldRedistStoreNF(): Just entered routine.
20230314 030915.866 INFO             PET2 ESMF_FieldRedistStoreNF(): Leaving routine.
20230314 030915.866 INFO             PET2 ESMF_FieldRedistStoreNF(): Just entered routine.
20230314 030915.867 INFO             PET2 ESMF_FieldRedistStoreNF(): Leaving routine.
20230314 030915.868 INFO             PET2  NUMBER_OF_PROCESSORS           4
20230314 030915.869 INFO             PET2  PASS  Example ESMF_FieldRedistEx, ESMF_FieldRedistEx.F90, line 521
20230314 030915.869 INFO             PET2 Finalizing ESMF
20230314 030915.717 INFO             PET3 !!!!!!!!!!!!!!!!!!!!!!!!!!!!!!!!!!!!!!!!!!!!!!!!!!!!!!
20230314 030915.718 INFO             PET3 !!! THE ESMF_LOG IS SET TO OUTPUT ALL LOG MESSAGES !!!
20230314 030915.718 INFO             PET3 !!!     THIS MAY CAUSE SLOWDOWN IN PERFORMANCE     !!!
20230314 030915.718 INFO             PET3 !!! FOR PRODUCTION RUNS, USE:                      !!!
20230314 030915.718 INFO             PET3 !!!                   ESMF_LOGKIND_Multi_On_Error  !!!
20230314 030915.718 INFO             PET3 !!!!!!!!!!!!!!!!!!!!!!!!!!!!!!!!!!!!!!!!!!!!!!!!!!!!!!
20230314 030915.718 INFO             PET3 Running with ESMF Version   : v8.5.0b18-2-g3a4fb969bb
20230314 030915.718 INFO             PET3 ESMF library build date/time: "Mar 14 2023" "00:47:59"
20230314 030915.718 INFO             PET3 ESMF library build location : /lustre/f2/dev/Mark.Potts/esmf-test/gfortran_8.3.0_mpi_g_develop/esmf
20230314 030915.718 INFO             PET3 ESMF_COMM                   : mpi
20230314 030915.719 INFO             PET3 ESMF_MOAB                   : enabled
20230314 030915.719 INFO             PET3 ESMF_LAPACK                 : enabled
20230314 030915.719 INFO             PET3 ESMF_NETCDF                 : enabled
20230314 030915.719 INFO             PET3 ESMF_PNETCDF                : disabled
20230314 030915.719 INFO             PET3 ESMF_PIO                    : enabled
20230314 030915.719 INFO             PET3 ESMF_YAMLCPP                : enabled
20230314 030915.791 INFO             PET3 ESMF_FieldRedistStoreNF(): Just entered routine.
20230314 030915.820 INFO             PET3 ESMF_FieldRedistStoreNF(): Leaving routine.
20230314 030915.865 INFO             PET3 ESMF_FieldRedistStoreNF(): Just entered routine.
20230314 030915.866 INFO             PET3 ESMF_FieldRedistStoreNF(): Leaving routine.
20230314 030915.866 INFO             PET3 ESMF_FieldRedistStoreNF(): Just entered routine.
20230314 030915.867 INFO             PET3 ESMF_FieldRedistStoreNF(): Leaving routine.
20230314 030915.868 INFO             PET3  NUMBER_OF_PROCESSORS           4
20230314 030915.869 INFO             PET3  PASS  Example ESMF_FieldRedistEx, ESMF_FieldRedistEx.F90, line 521
20230314 030915.869 INFO             PET3 Finalizing ESMF
