2023-03-23 03:18:04
[Orion-01-72:144712:0:144712] Caught signal 11 (Segmentation fault: address not mapped to object at address 0x4f1b591)
[Orion-01-72:144713:0:144713] Caught signal 11 (Segmentation fault: address not mapped to object at address 0x4f1b591)
[Orion-01-72:144714:0:144714] Caught signal 11 (Segmentation fault: address not mapped to object at address 0x4f1b591)
[Orion-01-72:144715:0:144715] Caught signal 11 (Segmentation fault: address not mapped to object at address 0x4f1b591)

/work/noaa/da/mpotts/sandbox/pgi_2019_openmpi_g_develop/esmf/src/Infrastructure/LogErr/src/ESMCI_LogErr.C: [ ESMCI::LogErr::MsgFoundError() ]
      ...
      583 {
      584     bool result=false;
      585 #ifdef ESMC_SUCCESSDEFAULT_ON
==>   586     if (rcToReturn != ESMC_NULL_POINTER) *rcToReturn=ESMF_SUCCESS;
      587 #endif
      588     if (trace) {
      589         Write(ESMC_METHOD,ESMC_LOGMSG_TRACE,


/work/noaa/da/mpotts/sandbox/pgi_2019_openmpi_g_develop/esmf/src/Infrastructure/LogErr/src/ESMCI_LogErr.C: [ ESMCI::LogErr::MsgFoundError() ]
      ...
      583 {
      584     bool result=false;
      585 #ifdef ESMC_SUCCESSDEFAULT_ON
==>   586     if (rcToReturn != ESMC_NULL_POINTER) *rcToReturn=ESMF_SUCCESS;
      587 #endif
      588     if (trace) {
      589         Write(ESMC_METHOD,ESMC_LOGMSG_TRACE,


/work/noaa/da/mpotts/sandbox/pgi_2019_openmpi_g_develop/esmf/src/Infrastructure/LogErr/src/ESMCI_LogErr.C: [ ESMCI::LogErr::MsgFoundError() ]
      ...
      583 {
      584     bool result=false;
      585 #ifdef ESMC_SUCCESSDEFAULT_ON
==>   586     if (rcToReturn != ESMC_NULL_POINTER) *rcToReturn=ESMF_SUCCESS;
      587 #endif
      588     if (trace) {
      589         Write(ESMC_METHOD,ESMC_LOGMSG_TRACE,

/work/noaa/da/mpotts/sandbox/pgi_2019_openmpi_g_develop/esmf/src/Infrastructure/LogErr/src/ESMCI_LogErr.C: [ ESMCI::LogErr::MsgFoundError() ]
      ...

      583 {
      584     bool result=false;
      585 #ifdef ESMC_SUCCESSDEFAULT_ON
==>   586     if (rcToReturn != ESMC_NULL_POINTER) *rcToReturn=ESMF_SUCCESS;
      587 #endif
      588     if (trace) {
      589         Write(ESMC_METHOD,ESMC_LOGMSG_TRACE,

==== backtrace (tid: 144713) ====
 0 0x000000000121aa64 ESMCI::LogErr::MsgFoundError()  /work/noaa/da/mpotts/sandbox/pgi_2019_openmpi_g_develop/esmf/src/Infrastructure/LogErr/src/ESMCI_LogErr.C:586
 1 0x00000000013ff151 ESMCI::MeshCap::meshcreatenodedistgrid()  /work/noaa/da/mpotts/sandbox/pgi_2019_openmpi_g_develop/esmf/src/Infrastructure/Mesh/src/ESMCI_MeshCap.C:1754
 2 0x0000000001444ce7 c_esmc_meshcreatenodedistgrid_()  /work/noaa/da/mpotts/sandbox/pgi_2019_openmpi_g_develop/esmf/src/Infrastructure/Mesh/interface/ESMCI_Mesh_F.C:247
 3 0x000000000211be28 esmf_meshmod_esmf_meshcreatefrompointer_()  /work/noaa/da/mpotts/sandbox/pgi_2019_openmpi_g_develop/esmf/src/Infrastructure/Mesh/interface/ESMF_Mesh.F90:3091
 4 0x0000000001f49e00 esmf_gridutilmod_esmf_gridtomesh_()  /work/noaa/da/mpotts/sandbox/pgi_2019_openmpi_g_develop/esmf/src/Infrastructure/GridUtil/interface/ESMF_GridUtil.F90:453
 5 0x0000000001def2ab esmf_fieldregridmod_b_or_p_gridtomesh_()  /work/noaa/da/mpotts/sandbox/pgi_2019_openmpi_g_develop/esmf/src/Infrastructure/Field/src/ESMF_FieldRegrid.F90:3228
 6 0x0000000001dea5c1 esmf_fieldregridmod_getmeshwithnodesonfieldloc_()  /work/noaa/da/mpotts/sandbox/pgi_2019_openmpi_g_develop/esmf/src/Infrastructure/Field/src/ESMF_FieldRegrid.F90:1346
 7 0x0000000001de7ed4 esmf_fieldregridmod_esmf_fieldregridstorenx_()  /work/noaa/da/mpotts/sandbox/pgi_2019_openmpi_g_develop/esmf/src/Infrastructure/Field/src/ESMF_FieldRegrid.F90:971
 8 0x0000000000408e23 MAIN_()  /work/noaa/da/mpotts/sandbox/pgi_2019_openmpi_g_develop/esmf/src/Infrastructure/Field/examples/ESMF_FieldRegridEx.F90:295
 9 0x00000000004063a3 main()  ???:0
10 0x0000000000022495 __libc_start_main()  ???:0
11 0x00000000004062a9 _start()  ???:0
=================================
[Orion-01-72:144713] *** Process received signal ***
[Orion-01-72:144713] Signal: Segmentation fault (11)
[Orion-01-72:144713] Signal code:  (-6)
[Orion-01-72:144713] Failing at address: 0x20e500023549
[Orion-01-72:144713] [ 0] /lib64/libpthread.so.0(+0xf5d0)[0x7f758e87b5d0]
==== backtrace (tid: 144715) ====
 0 0x000000000121aa64 ESMCI::LogErr::MsgFoundError()  /work/noaa/da/mpotts/sandbox/pgi_2019_openmpi_g_develop/esmf/src/Infrastructure/LogErr/src/ESMCI_LogErr.C:586
 1 0x00000000013ff151 ESMCI::MeshCap::meshcreatenodedistgrid()  /work/noaa/da/mpotts/sandbox/pgi_2019_openmpi_g_develop/esmf/src/Infrastructure/Mesh/src/ESMCI_MeshCap.C:1754
 2 0x0000000001444ce7 c_esmc_meshcreatenodedistgrid_()  /work/noaa/da/mpotts/sandbox/pgi_2019_openmpi_g_develop/esmf/src/Infrastructure/Mesh/interface/ESMCI_Mesh_F.C:247
 3 0x000000000211be28 esmf_meshmod_esmf_meshcreatefrompointer_()  /work/noaa/da/mpotts/sandbox/pgi_2019_openmpi_g_develop/esmf/src/Infrastructure/Mesh/interface/ESMF_Mesh.F90:3091
 4 0x0000000001f49e00 esmf_gridutilmod_esmf_gridtomesh_()  /work/noaa/da/mpotts/sandbox/pgi_2019_openmpi_g_develop/esmf/src/Infrastructure/GridUtil/interface/ESMF_GridUtil.F90:453
 5 0x0000000001def2ab esmf_fieldregridmod_b_or_p_gridtomesh_()  /work/noaa/da/mpotts/sandbox/pgi_2019_openmpi_g_develop/esmf/src/Infrastructure/Field/src/ESMF_FieldRegrid.F90:3228
 6 0x0000000001dea5c1 esmf_fieldregridmod_getmeshwithnodesonfieldloc_()  /work/noaa/da/mpotts/sandbox/pgi_2019_openmpi_g_develop/esmf/src/Infrastructure/Field/src/ESMF_FieldRegrid.F90:1346
 7 0x0000000001de7ed4 esmf_fieldregridmod_esmf_fieldregridstorenx_()  /work/noaa/da/mpotts/sandbox/pgi_2019_openmpi_g_develop/esmf/src/Infrastructure/Field/src/ESMF_FieldRegrid.F90:971
 8 0x0000000000408e23 MAIN_()  /work/noaa/da/mpotts/sandbox/pgi_2019_openmpi_g_develop/esmf/src/Infrastructure/Field/examples/ESMF_FieldRegridEx.F90:295
 9 0x00000000004063a3 main()  ???:0
10 0x0000000000022495 __libc_start_main()  ???:0
11 0x00000000004062a9 _start()  ???:0
=================================
[Orion-01-72:144715] *** Process received signal ***
[Orion-01-72:144715] Signal: Segmentation fault (11)
[Orion-01-72:144715] Signal code:  (-6)
[Orion-01-72:144715] Failing at address: 0x20e50002354b
[Orion-01-72:144713] [ 1] /work/noaa/da/mpotts/sandbox/pgi_2019_openmpi_g_develop/esmf/lib/libg/Linux.pgi.64.openmpi.default/libesmf.so(_ZN5ESMCI6LogErr13MsgFoundErrorEiPKciS2_S2_Pi+0x34)[0x7f758bbc7a64]
[Orion-01-72:144715] [ 0] /lib64/libpthread.so.0(+0xf5d0)[0x7fede62995d0]
[Orion-01-72:144713] [ 2] /work/noaa/da/mpotts/sandbox/pgi_2019_openmpi_g_develop/esmf/lib/libg/Linux.pgi.64.openmpi.default/libesmf.so(_ZN5ESMCI7MeshCap22meshcreatenodedistgridEPi+0x81)[0x7f758bdac151]
[Orion-01-72:144715] [ 1] /work/noaa/da/mpotts/sandbox/pgi_2019_openmpi_g_develop/esmf/lib/libg/Linux.pgi.64.openmpi.default/libesmf.so(_ZN5ESMCI6LogErr13MsgFoundErrorEiPKciS2_S2_Pi+0x34)[0x7fede35e5a64]
[Orion-01-72:144713] [ 3] /work/noaa/da/mpotts/sandbox/pgi_2019_openmpi_g_develop/esmf/lib/libg/Linux.pgi.64.openmpi.default/libesmf.so(c_esmc_meshcreatenodedistgrid_+0x177)[0x7f758bdf1ce7]
[Orion-01-72:144715] [ 2] /work/noaa/da/mpotts/sandbox/pgi_2019_openmpi_g_develop/esmf/lib/libg/Linux.pgi.64.openmpi.default/libesmf.so(_ZN5ESMCI7MeshCap22meshcreatenodedistgridEPi+0x81)[0x7fede37ca151]
[Orion-01-72:144713] [ 4] /work/noaa/da/mpotts/sandbox/pgi_2019_openmpi_g_develop/esmf/lib/libg/Linux.pgi.64.openmpi.default/libesmf.so(esmf_meshmod_esmf_meshcreatefrompointer_+0x78)[0x7f758cac8e28]
[Orion-01-72:144715] [ 3] /work/noaa/da/mpotts/sandbox/pgi_2019_openmpi_g_develop/esmf/lib/libg/Linux.pgi.64.openmpi.default/libesmf.so(c_esmc_meshcreatenodedistgrid_+0x177)[0x7fede380fce7]
[Orion-01-72:144713] [ 5] /work/noaa/da/mpotts/sandbox/pgi_2019_openmpi_g_develop/esmf/lib/libg/Linux.pgi.64.openmpi.default/libesmf.so(esmf_gridutilmod_esmf_gridtomesh_+0x550)[0x7f758c8f6e00]
[Orion-01-72:144715] [ 4] /work/noaa/da/mpotts/sandbox/pgi_2019_openmpi_g_develop/esmf/lib/libg/Linux.pgi.64.openmpi.default/libesmf.so(esmf_meshmod_esmf_meshcreatefrompointer_+0x78)[0x7fede44e6e28]
[Orion-01-72:144713] [ 6] /work/noaa/da/mpotts/sandbox/pgi_2019_openmpi_g_develop/esmf/lib/libg/Linux.pgi.64.openmpi.default/libesmf.so(esmf_fieldregridmod_b_or_p_gridtomesh_+0x60b)[0x7f758c79c2ab]
[Orion-01-72:144715] [ 5] /work/noaa/da/mpotts/sandbox/pgi_2019_openmpi_g_develop/esmf/lib/libg/Linux.pgi.64.openmpi.default/libesmf.so(esmf_gridutilmod_esmf_gridtomesh_+0x550)[0x7fede4314e00]
[Orion-01-72:144713] [ 7] /work/noaa/da/mpotts/sandbox/pgi_2019_openmpi_g_develop/esmf/lib/libg/Linux.pgi.64.openmpi.default/libesmf.so(esmf_fieldregridmod_getmeshwithnodesonfieldloc_+0x561)[0x7f758c7975c1]
[Orion-01-72:144715] [ 6] /work/noaa/da/mpotts/sandbox/pgi_2019_openmpi_g_develop/esmf/lib/libg/Linux.pgi.64.openmpi.default/libesmf.so(esmf_fieldregridmod_b_or_p_gridtomesh_+0x60b)[0x7fede41ba2ab]
[Orion-01-72:144713] [ 8] /work/noaa/da/mpotts/sandbox/pgi_2019_openmpi_g_develop/esmf/lib/libg/Linux.pgi.64.openmpi.default/libesmf.so(esmf_fieldregridmod_esmf_fieldregridstorenx_+0x1034)[0x7f758c794ed4]
[Orion-01-72:144713] [ 9] /work/noaa/da/mpotts/sandbox/pgi_2019_openmpi_g_develop/esmf/examples/examplesg/Linux.pgi.64.openmpi.default/./ESMF_FieldRegridEx[0x408e23]
[Orion-01-72:144713] [10] /work/noaa/da/mpotts/sandbox/pgi_2019_openmpi_g_develop/esmf/examples/examplesg/Linux.pgi.64.openmpi.default/./ESMF_FieldRegridEx[0x4063a3]
[Orion-01-72:144713] [11] /lib64/libc.so.6(__libc_start_main+0xf5)[0x7f7586dfa495]
[Orion-01-72:144713] [12] /work/noaa/da/mpotts/sandbox/pgi_2019_openmpi_g_develop/esmf/examples/examplesg/Linux.pgi.64.openmpi.default/./ESMF_FieldRegridEx[0x4062a9]
[Orion-01-72:144713] *** End of error message ***
[Orion-01-72:144715] [ 7] /work/noaa/da/mpotts/sandbox/pgi_2019_openmpi_g_develop/esmf/lib/libg/Linux.pgi.64.openmpi.default/libesmf.so(esmf_fieldregridmod_getmeshwithnodesonfieldloc_+0x561)[0x7fede41b55c1]
[Orion-01-72:144715] [ 8] /work/noaa/da/mpotts/sandbox/pgi_2019_openmpi_g_develop/esmf/lib/libg/Linux.pgi.64.openmpi.default/libesmf.so(esmf_fieldregridmod_esmf_fieldregridstorenx_+0x1034)[0x7fede41b2ed4]
[Orion-01-72:144715] [ 9] /work/noaa/da/mpotts/sandbox/pgi_2019_openmpi_g_develop/esmf/examples/examplesg/Linux.pgi.64.openmpi.default/./ESMF_FieldRegridEx[0x408e23]
[Orion-01-72:144715] [10] /work/noaa/da/mpotts/sandbox/pgi_2019_openmpi_g_develop/esmf/examples/examplesg/Linux.pgi.64.openmpi.default/./ESMF_FieldRegridEx[0x4063a3]
[Orion-01-72:144715] [11] /lib64/libc.so.6(__libc_start_main+0xf5)[0x7fedde818495]
[Orion-01-72:144715] [12] /work/noaa/da/mpotts/sandbox/pgi_2019_openmpi_g_develop/esmf/examples/examplesg/Linux.pgi.64.openmpi.default/./ESMF_FieldRegridEx[0x4062a9]
[Orion-01-72:144715] *** End of error message ***
==== backtrace (tid: 144714) ====
 0 0x000000000121aa64 ESMCI::LogErr::MsgFoundError()  /work/noaa/da/mpotts/sandbox/pgi_2019_openmpi_g_develop/esmf/src/Infrastructure/LogErr/src/ESMCI_LogErr.C:586
 1 0x00000000013ff151 ESMCI::MeshCap::meshcreatenodedistgrid()  /work/noaa/da/mpotts/sandbox/pgi_2019_openmpi_g_develop/esmf/src/Infrastructure/Mesh/src/ESMCI_MeshCap.C:1754
 2 0x0000000001444ce7 c_esmc_meshcreatenodedistgrid_()  /work/noaa/da/mpotts/sandbox/pgi_2019_openmpi_g_develop/esmf/src/Infrastructure/Mesh/interface/ESMCI_Mesh_F.C:247
 3 0x000000000211be28 esmf_meshmod_esmf_meshcreatefrompointer_()  /work/noaa/da/mpotts/sandbox/pgi_2019_openmpi_g_develop/esmf/src/Infrastructure/Mesh/interface/ESMF_Mesh.F90:3091
 4 0x0000000001f49e00 esmf_gridutilmod_esmf_gridtomesh_()  /work/noaa/da/mpotts/sandbox/pgi_2019_openmpi_g_develop/esmf/src/Infrastructure/GridUtil/interface/ESMF_GridUtil.F90:453
 5 0x0000000001def2ab esmf_fieldregridmod_b_or_p_gridtomesh_()  /work/noaa/da/mpotts/sandbox/pgi_2019_openmpi_g_develop/esmf/src/Infrastructure/Field/src/ESMF_FieldRegrid.F90:3228
 6 0x0000000001dea5c1 esmf_fieldregridmod_getmeshwithnodesonfieldloc_()  /work/noaa/da/mpotts/sandbox/pgi_2019_openmpi_g_develop/esmf/src/Infrastructure/Field/src/ESMF_FieldRegrid.F90:1346
 7 0x0000000001de7ed4 esmf_fieldregridmod_esmf_fieldregridstorenx_()  /work/noaa/da/mpotts/sandbox/pgi_2019_openmpi_g_develop/esmf/src/Infrastructure/Field/src/ESMF_FieldRegrid.F90:971
 8 0x0000000000408e23 MAIN_()  /work/noaa/da/mpotts/sandbox/pgi_2019_openmpi_g_develop/esmf/src/Infrastructure/Field/examples/ESMF_FieldRegridEx.F90:295
 9 0x00000000004063a3 main()  ???:0
10 0x0000000000022495 __libc_start_main()  ???:0
11 0x00000000004062a9 _start()  ???:0
=================================
[Orion-01-72:144714] *** Process received signal ***
[Orion-01-72:144714] Signal: Segmentation fault (11)
[Orion-01-72:144714] Signal code:  (-6)
[Orion-01-72:144714] Failing at address: 0x20e50002354a
==== backtrace (tid: 144712) ====
 0 0x000000000121aa64 ESMCI::LogErr::MsgFoundError()  /work/noaa/da/mpotts/sandbox/pgi_2019_openmpi_g_develop/esmf/src/Infrastructure/LogErr/src/ESMCI_LogErr.C:586
 1 0x00000000013ff151 ESMCI::MeshCap::meshcreatenodedistgrid()  /work/noaa/da/mpotts/sandbox/pgi_2019_openmpi_g_develop/esmf/src/Infrastructure/Mesh/src/ESMCI_MeshCap.C:1754
[Orion-01-72:144714] [ 0] /lib64/libpthread.so.0(+0xf5d0)[0x7f250050d5d0]
 2 0x0000000001444ce7 c_esmc_meshcreatenodedistgrid_()  /work/noaa/da/mpotts/sandbox/pgi_2019_openmpi_g_develop/esmf/src/Infrastructure/Mesh/interface/ESMCI_Mesh_F.C:247
 3 0x000000000211be28 esmf_meshmod_esmf_meshcreatefrompointer_()  /work/noaa/da/mpotts/sandbox/pgi_2019_openmpi_g_develop/esmf/src/Infrastructure/Mesh/interface/ESMF_Mesh.F90:3091
 4 0x0000000001f49e00 esmf_gridutilmod_esmf_gridtomesh_()  /work/noaa/da/mpotts/sandbox/pgi_2019_openmpi_g_develop/esmf/src/Infrastructure/GridUtil/interface/ESMF_GridUtil.F90:453
 5 0x0000000001def2ab esmf_fieldregridmod_b_or_p_gridtomesh_()  /work/noaa/da/mpotts/sandbox/pgi_2019_openmpi_g_develop/esmf/src/Infrastructure/Field/src/ESMF_FieldRegrid.F90:3228
 6 0x0000000001dea5c1 esmf_fieldregridmod_getmeshwithnodesonfieldloc_()  /work/noaa/da/mpotts/sandbox/pgi_2019_openmpi_g_develop/esmf/src/Infrastructure/Field/src/ESMF_FieldRegrid.F90:1346
 7 0x0000000001de7ed4 esmf_fieldregridmod_esmf_fieldregridstorenx_()  /work/noaa/da/mpotts/sandbox/pgi_2019_openmpi_g_develop/esmf/src/Infrastructure/Field/src/ESMF_FieldRegrid.F90:971
 8 0x0000000000408e23 MAIN_()  /work/noaa/da/mpotts/sandbox/pgi_2019_openmpi_g_develop/esmf/src/Infrastructure/Field/examples/ESMF_FieldRegridEx.F90:295
 9 0x00000000004063a3 main()  ???:0
10 0x0000000000022495 __libc_start_main()  ???:0
11 0x00000000004062a9 _start()  ???:0
=================================
[Orion-01-72:144712] *** Process received signal ***
[Orion-01-72:144712] Signal: Segmentation fault (11)
[Orion-01-72:144712] Signal code:  (-6)
[Orion-01-72:144712] Failing at address: 0x20e500023548
[Orion-01-72:144712] [ 0] /lib64/libpthread.so.0(+0xf5d0)[0x7f1ccce035d0]
[Orion-01-72:144714] [ 1] /work/noaa/da/mpotts/sandbox/pgi_2019_openmpi_g_develop/esmf/lib/libg/Linux.pgi.64.openmpi.default/libesmf.so(_ZN5ESMCI6LogErr13MsgFoundErrorEiPKciS2_S2_Pi+0x34)[0x7f24fd859a64]
[Orion-01-72:144712] [ 1] /work/noaa/da/mpotts/sandbox/pgi_2019_openmpi_g_develop/esmf/lib/libg/Linux.pgi.64.openmpi.default/libesmf.so(_ZN5ESMCI6LogErr13MsgFoundErrorEiPKciS2_S2_Pi+0x34)[0x7f1cca14fa64]
[Orion-01-72:144714] [ 2] /work/noaa/da/mpotts/sandbox/pgi_2019_openmpi_g_develop/esmf/lib/libg/Linux.pgi.64.openmpi.default/libesmf.so(_ZN5ESMCI7MeshCap22meshcreatenodedistgridEPi+0x81)[0x7f24fda3e151]
[Orion-01-72:144712] [ 2] /work/noaa/da/mpotts/sandbox/pgi_2019_openmpi_g_develop/esmf/lib/libg/Linux.pgi.64.openmpi.default/libesmf.so(_ZN5ESMCI7MeshCap22meshcreatenodedistgridEPi+0x81)[0x7f1cca334151]
[Orion-01-72:144714] [ 3] /work/noaa/da/mpotts/sandbox/pgi_2019_openmpi_g_develop/esmf/lib/libg/Linux.pgi.64.openmpi.default/libesmf.so(c_esmc_meshcreatenodedistgrid_+0x177)[0x7f24fda83ce7]
[Orion-01-72:144712] [ 3] /work/noaa/da/mpotts/sandbox/pgi_2019_openmpi_g_develop/esmf/lib/libg/Linux.pgi.64.openmpi.default/libesmf.so(c_esmc_meshcreatenodedistgrid_+0x177)[0x7f1cca379ce7]
[Orion-01-72:144714] [ 4] /work/noaa/da/mpotts/sandbox/pgi_2019_openmpi_g_develop/esmf/lib/libg/Linux.pgi.64.openmpi.default/libesmf.so(esmf_meshmod_esmf_meshcreatefrompointer_+0x78)[0x7f24fe75ae28]
[Orion-01-72:144712] [ 4] /work/noaa/da/mpotts/sandbox/pgi_2019_openmpi_g_develop/esmf/lib/libg/Linux.pgi.64.openmpi.default/libesmf.so(esmf_meshmod_esmf_meshcreatefrompointer_+0x78)[0x7f1ccb050e28]
[Orion-01-72:144714] [ 5] /work/noaa/da/mpotts/sandbox/pgi_2019_openmpi_g_develop/esmf/lib/libg/Linux.pgi.64.openmpi.default/libesmf.so(esmf_gridutilmod_esmf_gridtomesh_+0x550)[0x7f24fe588e00]
[Orion-01-72:144712] [ 5] /work/noaa/da/mpotts/sandbox/pgi_2019_openmpi_g_develop/esmf/lib/libg/Linux.pgi.64.openmpi.default/libesmf.so(esmf_gridutilmod_esmf_gridtomesh_+0x550)[0x7f1ccae7ee00]
[Orion-01-72:144714] [ 6] /work/noaa/da/mpotts/sandbox/pgi_2019_openmpi_g_develop/esmf/lib/libg/Linux.pgi.64.openmpi.default/libesmf.so(esmf_fieldregridmod_b_or_p_gridtomesh_+0x60b)[0x7f24fe42e2ab]
[Orion-01-72:144712] [ 6] /work/noaa/da/mpotts/sandbox/pgi_2019_openmpi_g_develop/esmf/lib/libg/Linux.pgi.64.openmpi.default/libesmf.so(esmf_fieldregridmod_b_or_p_gridtomesh_+0x60b)[0x7f1ccad242ab]
[Orion-01-72:144714] [ 7] /work/noaa/da/mpotts/sandbox/pgi_2019_openmpi_g_develop/esmf/lib/libg/Linux.pgi.64.openmpi.default/libesmf.so(esmf_fieldregridmod_getmeshwithnodesonfieldloc_+0x561)[0x7f24fe4295c1]
[Orion-01-72:144712] [ 7] /work/noaa/da/mpotts/sandbox/pgi_2019_openmpi_g_develop/esmf/lib/libg/Linux.pgi.64.openmpi.default/libesmf.so(esmf_fieldregridmod_getmeshwithnodesonfieldloc_+0x561)[0x7f1ccad1f5c1]
[Orion-01-72:144714] [ 8] /work/noaa/da/mpotts/sandbox/pgi_2019_openmpi_g_develop/esmf/lib/libg/Linux.pgi.64.openmpi.default/libesmf.so(esmf_fieldregridmod_esmf_fieldregridstorenx_+0x1034)[0x7f24fe426ed4]
[Orion-01-72:144714] [ 9] /work/noaa/da/mpotts/sandbox/pgi_2019_openmpi_g_develop/esmf/examples/examplesg/Linux.pgi.64.openmpi.default/./ESMF_FieldRegridEx[0x408e23]
[Orion-01-72:144714] [10] /work/noaa/da/mpotts/sandbox/pgi_2019_openmpi_g_develop/esmf/examples/examplesg/Linux.pgi.64.openmpi.default/./ESMF_FieldRegridEx[0x4063a3]
[Orion-01-72:144714] [11] /lib64/libc.so.6(__libc_start_main+0xf5)[0x7f24f8a8c495]
[Orion-01-72:144714] [12] /work/noaa/da/mpotts/sandbox/pgi_2019_openmpi_g_develop/esmf/examples/examplesg/Linux.pgi.64.openmpi.default/./ESMF_FieldRegridEx[0x4062a9]
[Orion-01-72:144714] *** End of error message ***
[Orion-01-72:144712] [ 8] /work/noaa/da/mpotts/sandbox/pgi_2019_openmpi_g_develop/esmf/lib/libg/Linux.pgi.64.openmpi.default/libesmf.so(esmf_fieldregridmod_esmf_fieldregridstorenx_+0x1034)[0x7f1ccad1ced4]
[Orion-01-72:144712] [ 9] /work/noaa/da/mpotts/sandbox/pgi_2019_openmpi_g_develop/esmf/examples/examplesg/Linux.pgi.64.openmpi.default/./ESMF_FieldRegridEx[0x408e23]
[Orion-01-72:144712] [10] /work/noaa/da/mpotts/sandbox/pgi_2019_openmpi_g_develop/esmf/examples/examplesg/Linux.pgi.64.openmpi.default/./ESMF_FieldRegridEx[0x4063a3]
[Orion-01-72:144712] [11] /lib64/libc.so.6(__libc_start_main+0xf5)[0x7f1cc5382495]
[Orion-01-72:144712] [12] /work/noaa/da/mpotts/sandbox/pgi_2019_openmpi_g_develop/esmf/examples/examplesg/Linux.pgi.64.openmpi.default/./ESMF_FieldRegridEx[0x4062a9]
[Orion-01-72:144712] *** End of error message ***
srun: error: Orion-01-72: tasks 0-3: Segmentation fault
srun: launch/slurm: _step_signal: Terminating StepId=9525830.314
