2023-03-21 03:00:27
[Orion-03-17:435986:0:435986] Caught signal 11 (Segmentation fault: address not mapped to object at address 0x4f1b591)
[Orion-03-17:435987:0:435987] Caught signal 11 (Segmentation fault: address not mapped to object at address 0x4f1b591)
[Orion-03-17:435988:0:435988] Caught signal 11 (Segmentation fault: address not mapped to object at address 0x4f1b591)
[Orion-03-17:435989:0:435989] Caught signal 11 (Segmentation fault: address not mapped to object at address 0x4f1b591)

/work/noaa/da/mpotts/sandbox/pgi_2019_openmpi_g_develop/esmf/src/Infrastructure/LogErr/src/ESMCI_LogErr.C: [ ESMCI::LogErr::MsgFoundError() ]
      ...
      583 {
      584     bool result=false;
      585 #ifdef ESMC_SUCCESSDEFAULT_ON
==>   586     if (rcToReturn != ESMC_NULL_POINTER) *rcToReturn=ESMF_SUCCESS;
      587 #endif
      588     if (trace) {
      589         Write(ESMC_METHOD,ESMC_LOGMSG_TRACE,

/work/noaa/da/mpotts/sandbox/pgi_2019_openmpi_g_develop/esmf/src/Infrastructure/LogErr/src/ESMCI_LogErr.C: [ ESMCI::LogErr::MsgFoundError() ]
      ...
      583 {
      584     bool result=false;
      585 #ifdef ESMC_SUCCESSDEFAULT_ON
==>   586     if (rcToReturn != ESMC_NULL_POINTER) *rcToReturn=ESMF_SUCCESS;
      587 #endif
      588     if (trace) {
      589         Write(ESMC_METHOD,ESMC_LOGMSG_TRACE,



/work/noaa/da/mpotts/sandbox/pgi_2019_openmpi_g_develop/esmf/src/Infrastructure/LogErr/src/ESMCI_LogErr.C: [ ESMCI::LogErr::MsgFoundError() ]
      ...
      583 {
      584     bool result=false;
      585 #ifdef ESMC_SUCCESSDEFAULT_ON
==>   586     if (rcToReturn != ESMC_NULL_POINTER) *rcToReturn=ESMF_SUCCESS;
      587 #endif
      588     if (trace) {
      589         Write(ESMC_METHOD,ESMC_LOGMSG_TRACE,


/work/noaa/da/mpotts/sandbox/pgi_2019_openmpi_g_develop/esmf/src/Infrastructure/LogErr/src/ESMCI_LogErr.C: [ ESMCI::LogErr::MsgFoundError() ]
      ...
      583 {
      584     bool result=false;
      585 #ifdef ESMC_SUCCESSDEFAULT_ON
==>   586     if (rcToReturn != ESMC_NULL_POINTER) *rcToReturn=ESMF_SUCCESS;
      587 #endif
      588     if (trace) {
      589         Write(ESMC_METHOD,ESMC_LOGMSG_TRACE,

==== backtrace (tid: 435989) ====
 0 0x000000000121aa64 ESMCI::LogErr::MsgFoundError()  /work/noaa/da/mpotts/sandbox/pgi_2019_openmpi_g_develop/esmf/src/Infrastructure/LogErr/src/ESMCI_LogErr.C:586
 1 0x00000000013ff151 ESMCI::MeshCap::meshcreatenodedistgrid()  /work/noaa/da/mpotts/sandbox/pgi_2019_openmpi_g_develop/esmf/src/Infrastructure/Mesh/src/ESMCI_MeshCap.C:1754
 2 0x0000000001444ce7 c_esmc_meshcreatenodedistgrid_()  /work/noaa/da/mpotts/sandbox/pgi_2019_openmpi_g_develop/esmf/src/Infrastructure/Mesh/interface/ESMCI_Mesh_F.C:247
 3 0x000000000211be28 esmf_meshmod_esmf_meshcreatefrompointer_()  /work/noaa/da/mpotts/sandbox/pgi_2019_openmpi_g_develop/esmf/src/Infrastructure/Mesh/interface/ESMF_Mesh.F90:3091
 4 0x0000000001f49e00 esmf_gridutilmod_esmf_gridtomesh_()  /work/noaa/da/mpotts/sandbox/pgi_2019_openmpi_g_develop/esmf/src/Infrastructure/GridUtil/interface/ESMF_GridUtil.F90:453
 5 0x00000000020ede82 esmf_locstreammod_esmf_locstreamcreatebybkggrid_()  /work/noaa/da/mpotts/sandbox/pgi_2019_openmpi_g_develop/esmf/src/Infrastructure/LocStream/src/ESMF_LocStream.F90:1147
 6 0x0000000000408f54 MAIN_()  /work/noaa/da/mpotts/sandbox/pgi_2019_openmpi_g_develop/esmf/src/Infrastructure/LocStream/examples/ESMF_LocStreamEx.F90:476
 7 0x0000000000406913 main()  ???:0
 8 0x0000000000022495 __libc_start_main()  ???:0
 9 0x0000000000406819 _start()  ???:0
=================================
[Orion-03-17:435989] *** Process received signal ***
[Orion-03-17:435989] Signal: Segmentation fault (11)
[Orion-03-17:435989] Signal code:  (-6)
[Orion-03-17:435989] Failing at address: 0x20e50006a715
[Orion-03-17:435989] [ 0] /lib64/libpthread.so.0(+0xf5d0)[0x7f2dfa02b5d0]
==== backtrace (tid: 435987) ====
 0 0x000000000121aa64 ESMCI::LogErr::MsgFoundError()  /work/noaa/da/mpotts/sandbox/pgi_2019_openmpi_g_develop/esmf/src/Infrastructure/LogErr/src/ESMCI_LogErr.C:586
 1 0x00000000013ff151 ESMCI::MeshCap::meshcreatenodedistgrid()  /work/noaa/da/mpotts/sandbox/pgi_2019_openmpi_g_develop/esmf/src/Infrastructure/Mesh/src/ESMCI_MeshCap.C:1754
 2 0x0000000001444ce7 c_esmc_meshcreatenodedistgrid_()  /work/noaa/da/mpotts/sandbox/pgi_2019_openmpi_g_develop/esmf/src/Infrastructure/Mesh/interface/ESMCI_Mesh_F.C:247
 3 0x000000000211be28 esmf_meshmod_esmf_meshcreatefrompointer_()  /work/noaa/da/mpotts/sandbox/pgi_2019_openmpi_g_develop/esmf/src/Infrastructure/Mesh/interface/ESMF_Mesh.F90:3091
 4 0x0000000001f49e00 esmf_gridutilmod_esmf_gridtomesh_()  /work/noaa/da/mpotts/sandbox/pgi_2019_openmpi_g_develop/esmf/src/Infrastructure/GridUtil/interface/ESMF_GridUtil.F90:453
 5 0x00000000020ede82 esmf_locstreammod_esmf_locstreamcreatebybkggrid_()  /work/noaa/da/mpotts/sandbox/pgi_2019_openmpi_g_develop/esmf/src/Infrastructure/LocStream/src/ESMF_LocStream.F90:1147
 6 0x0000000000408f54 MAIN_()  /work/noaa/da/mpotts/sandbox/pgi_2019_openmpi_g_develop/esmf/src/Infrastructure/LocStream/examples/ESMF_LocStreamEx.F90:476
 7 0x0000000000406913 main()  ???:0
 8 0x0000000000022495 __libc_start_main()  ???:0
 9 0x0000000000406819 _start()  ???:0
=================================
[Orion-03-17:435989] [ 1] /work/noaa/da/mpotts/sandbox/pgi_2019_openmpi_g_develop/esmf/lib/libg/Linux.pgi.64.openmpi.default/libesmf.so(_ZN5ESMCI6LogErr13MsgFoundErrorEiPKciS2_S2_Pi+0x34)[0x7f2df7377a64]
[Orion-03-17:435989] [ 2] /work/noaa/da/mpotts/sandbox/pgi_2019_openmpi_g_develop/esmf/lib/libg/Linux.pgi.64.openmpi.default/libesmf.so(_ZN5ESMCI7MeshCap22meshcreatenodedistgridEPi+0x81)[0x7f2df755c151]
[Orion-03-17:435989] [ 3] /work/noaa/da/mpotts/sandbox/pgi_2019_openmpi_g_develop/esmf/lib/libg/Linux.pgi.64.openmpi.default/libesmf.so(c_esmc_meshcreatenodedistgrid_+0x177)[0x7f2df75a1ce7]
[Orion-03-17:435989] [ 4] /work/noaa/da/mpotts/sandbox/pgi_2019_openmpi_g_develop/esmf/lib/libg/Linux.pgi.64.openmpi.default/libesmf.so(esmf_meshmod_esmf_meshcreatefrompointer_+0x78)[0x7f2df8278e28]
[Orion-03-17:435987] *** Process received signal ***
[Orion-03-17:435987] Signal: Segmentation fault (11)
[Orion-03-17:435987] Signal code:  (-6)
[Orion-03-17:435987] Failing at address: 0x20e50006a713
[Orion-03-17:435987] [ 0] /lib64/libpthread.so.0(+0xf5d0)[0x7f23233f65d0]
[Orion-03-17:435989] [ 5] /work/noaa/da/mpotts/sandbox/pgi_2019_openmpi_g_develop/esmf/lib/libg/Linux.pgi.64.openmpi.default/libesmf.so(esmf_gridutilmod_esmf_gridtomesh_+0x550)[0x7f2df80a6e00]
[Orion-03-17:435987] [ 1] /work/noaa/da/mpotts/sandbox/pgi_2019_openmpi_g_develop/esmf/lib/libg/Linux.pgi.64.openmpi.default/libesmf.so(_ZN5ESMCI6LogErr13MsgFoundErrorEiPKciS2_S2_Pi+0x34)[0x7f2320742a64]
[Orion-03-17:435989] [ 6] /work/noaa/da/mpotts/sandbox/pgi_2019_openmpi_g_develop/esmf/lib/libg/Linux.pgi.64.openmpi.default/libesmf.so(esmf_locstreammod_esmf_locstreamcreatebybkggrid_+0x492)[0x7f2df824ae82]
[Orion-03-17:435989] [ 7] /work/noaa/da/mpotts/sandbox/pgi_2019_openmpi_g_develop/esmf/examples/examplesg/Linux.pgi.64.openmpi.default/./ESMF_LocStreamEx[0x408f54]
[Orion-03-17:435989] [ 8] /work/noaa/da/mpotts/sandbox/pgi_2019_openmpi_g_develop/esmf/examples/examplesg/Linux.pgi.64.openmpi.default/./ESMF_LocStreamEx[0x406913]
[Orion-03-17:435989] [ 9] /lib64/libc.so.6(__libc_start_main+0xf5)[0x7f2df25aa495]
[Orion-03-17:435989] [10] /work/noaa/da/mpotts/sandbox/pgi_2019_openmpi_g_develop/esmf/examples/examplesg/Linux.pgi.64.openmpi.default/./ESMF_LocStreamEx[0x406819]
[Orion-03-17:435989] *** End of error message ***
[Orion-03-17:435987] [ 2] /work/noaa/da/mpotts/sandbox/pgi_2019_openmpi_g_develop/esmf/lib/libg/Linux.pgi.64.openmpi.default/libesmf.so(_ZN5ESMCI7MeshCap22meshcreatenodedistgridEPi+0x81)[0x7f2320927151]
[Orion-03-17:435987] [ 3] /work/noaa/da/mpotts/sandbox/pgi_2019_openmpi_g_develop/esmf/lib/libg/Linux.pgi.64.openmpi.default/libesmf.so(c_esmc_meshcreatenodedistgrid_+0x177)[0x7f232096cce7]
[Orion-03-17:435987] [ 4] /work/noaa/da/mpotts/sandbox/pgi_2019_openmpi_g_develop/esmf/lib/libg/Linux.pgi.64.openmpi.default/libesmf.so(esmf_meshmod_esmf_meshcreatefrompointer_+0x78)[0x7f2321643e28]
[Orion-03-17:435987] [ 5] /work/noaa/da/mpotts/sandbox/pgi_2019_openmpi_g_develop/esmf/lib/libg/Linux.pgi.64.openmpi.default/libesmf.so(esmf_gridutilmod_esmf_gridtomesh_+0x550)[0x7f2321471e00]
[Orion-03-17:435987] [ 6] /work/noaa/da/mpotts/sandbox/pgi_2019_openmpi_g_develop/esmf/lib/libg/Linux.pgi.64.openmpi.default/libesmf.so(esmf_locstreammod_esmf_locstreamcreatebybkggrid_+0x492)[0x7f2321615e82]
[Orion-03-17:435987] [ 7] /work/noaa/da/mpotts/sandbox/pgi_2019_openmpi_g_develop/esmf/examples/examplesg/Linux.pgi.64.openmpi.default/./ESMF_LocStreamEx[0x408f54]
[Orion-03-17:435987] [ 8] /work/noaa/da/mpotts/sandbox/pgi_2019_openmpi_g_develop/esmf/examples/examplesg/Linux.pgi.64.openmpi.default/./ESMF_LocStreamEx[0x406913]
[Orion-03-17:435987] [ 9] /lib64/libc.so.6(__libc_start_main+0xf5)[0x7f231b975495]
[Orion-03-17:435987] [10] /work/noaa/da/mpotts/sandbox/pgi_2019_openmpi_g_develop/esmf/examples/examplesg/Linux.pgi.64.openmpi.default/./ESMF_LocStreamEx[0x406819]
[Orion-03-17:435987] *** End of error message ***
==== backtrace (tid: 435988) ====
 0 0x000000000121aa64 ESMCI::LogErr::MsgFoundError()  /work/noaa/da/mpotts/sandbox/pgi_2019_openmpi_g_develop/esmf/src/Infrastructure/LogErr/src/ESMCI_LogErr.C:586
 1 0x00000000013ff151 ESMCI::MeshCap::meshcreatenodedistgrid()  /work/noaa/da/mpotts/sandbox/pgi_2019_openmpi_g_develop/esmf/src/Infrastructure/Mesh/src/ESMCI_MeshCap.C:1754
 2 0x0000000001444ce7 c_esmc_meshcreatenodedistgrid_()  /work/noaa/da/mpotts/sandbox/pgi_2019_openmpi_g_develop/esmf/src/Infrastructure/Mesh/interface/ESMCI_Mesh_F.C:247
 3 0x000000000211be28 esmf_meshmod_esmf_meshcreatefrompointer_()  /work/noaa/da/mpotts/sandbox/pgi_2019_openmpi_g_develop/esmf/src/Infrastructure/Mesh/interface/ESMF_Mesh.F90:3091
 4 0x0000000001f49e00 esmf_gridutilmod_esmf_gridtomesh_()  /work/noaa/da/mpotts/sandbox/pgi_2019_openmpi_g_develop/esmf/src/Infrastructure/GridUtil/interface/ESMF_GridUtil.F90:453
 5 0x00000000020ede82 esmf_locstreammod_esmf_locstreamcreatebybkggrid_()  /work/noaa/da/mpotts/sandbox/pgi_2019_openmpi_g_develop/esmf/src/Infrastructure/LocStream/src/ESMF_LocStream.F90:1147
 6 0x0000000000408f54 MAIN_()  /work/noaa/da/mpotts/sandbox/pgi_2019_openmpi_g_develop/esmf/src/Infrastructure/LocStream/examples/ESMF_LocStreamEx.F90:476
 7 0x0000000000406913 main()  ???:0
 8 0x0000000000022495 __libc_start_main()  ???:0
 9 0x0000000000406819 _start()  ???:0
=================================
[Orion-03-17:435988] *** Process received signal ***
[Orion-03-17:435988] Signal: Segmentation fault (11)
[Orion-03-17:435988] Signal code:  (-6)
[Orion-03-17:435988] Failing at address: 0x20e50006a714
[Orion-03-17:435988] [ 0] /lib64/libpthread.so.0(+0xf5d0)[0x7fb87590e5d0]
==== backtrace (tid: 435986) ====
 0 0x000000000121aa64 ESMCI::LogErr::MsgFoundError()  /work/noaa/da/mpotts/sandbox/pgi_2019_openmpi_g_develop/esmf/src/Infrastructure/LogErr/src/ESMCI_LogErr.C:586
 1 0x00000000013ff151 ESMCI::MeshCap::meshcreatenodedistgrid()  /work/noaa/da/mpotts/sandbox/pgi_2019_openmpi_g_develop/esmf/src/Infrastructure/Mesh/src/ESMCI_MeshCap.C:1754
 2 0x0000000001444ce7 c_esmc_meshcreatenodedistgrid_()  /work/noaa/da/mpotts/sandbox/pgi_2019_openmpi_g_develop/esmf/src/Infrastructure/Mesh/interface/ESMCI_Mesh_F.C:247
 3 0x000000000211be28 esmf_meshmod_esmf_meshcreatefrompointer_()  /work/noaa/da/mpotts/sandbox/pgi_2019_openmpi_g_develop/esmf/src/Infrastructure/Mesh/interface/ESMF_Mesh.F90:3091
 4 0x0000000001f49e00 esmf_gridutilmod_esmf_gridtomesh_()  /work/noaa/da/mpotts/sandbox/pgi_2019_openmpi_g_develop/esmf/src/Infrastructure/GridUtil/interface/ESMF_GridUtil.F90:453
 5 0x00000000020ede82 esmf_locstreammod_esmf_locstreamcreatebybkggrid_()  /work/noaa/da/mpotts/sandbox/pgi_2019_openmpi_g_develop/esmf/src/Infrastructure/LocStream/src/ESMF_LocStream.F90:1147
 6 0x0000000000408f54 MAIN_()  /work/noaa/da/mpotts/sandbox/pgi_2019_openmpi_g_develop/esmf/src/Infrastructure/LocStream/examples/ESMF_LocStreamEx.F90:476
 7 0x0000000000406913 main()  ???:0
 8 0x0000000000022495 __libc_start_main()  ???:0
 9 0x0000000000406819 _start()  ???:0
=================================
[Orion-03-17:435988] [ 1] /work/noaa/da/mpotts/sandbox/pgi_2019_openmpi_g_develop/esmf/lib/libg/Linux.pgi.64.openmpi.default/libesmf.so(_ZN5ESMCI6LogErr13MsgFoundErrorEiPKciS2_S2_Pi+0x34)[0x7fb872c5aa64]
[Orion-03-17:435988] [ 2] /work/noaa/da/mpotts/sandbox/pgi_2019_openmpi_g_develop/esmf/lib/libg/Linux.pgi.64.openmpi.default/libesmf.so(_ZN5ESMCI7MeshCap22meshcreatenodedistgridEPi+0x81)[0x7fb872e3f151]
[Orion-03-17:435986] *** Process received signal ***
[Orion-03-17:435986] Signal: Segmentation fault (11)
[Orion-03-17:435986] Signal code:  (-6)
[Orion-03-17:435986] Failing at address: 0x20e50006a712
[Orion-03-17:435986] [ 0] /lib64/libpthread.so.0(+0xf5d0)[0x7f8fe7e3e5d0]
[Orion-03-17:435988] [ 3] /work/noaa/da/mpotts/sandbox/pgi_2019_openmpi_g_develop/esmf/lib/libg/Linux.pgi.64.openmpi.default/libesmf.so(c_esmc_meshcreatenodedistgrid_+0x177)[0x7fb872e84ce7]
[Orion-03-17:435988] [ 4] /work/noaa/da/mpotts/sandbox/pgi_2019_openmpi_g_develop/esmf/lib/libg/Linux.pgi.64.openmpi.default/libesmf.so(esmf_meshmod_esmf_meshcreatefrompointer_+0x78)[0x7fb873b5be28]
[Orion-03-17:435986] [ 1] /work/noaa/da/mpotts/sandbox/pgi_2019_openmpi_g_develop/esmf/lib/libg/Linux.pgi.64.openmpi.default/libesmf.so(_ZN5ESMCI6LogErr13MsgFoundErrorEiPKciS2_S2_Pi+0x34)[0x7f8fe518aa64]
[Orion-03-17:435988] [ 5] /work/noaa/da/mpotts/sandbox/pgi_2019_openmpi_g_develop/esmf/lib/libg/Linux.pgi.64.openmpi.default/libesmf.so(esmf_gridutilmod_esmf_gridtomesh_+0x550)[0x7fb873989e00]
[Orion-03-17:435986] [ 2] /work/noaa/da/mpotts/sandbox/pgi_2019_openmpi_g_develop/esmf/lib/libg/Linux.pgi.64.openmpi.default/libesmf.so(_ZN5ESMCI7MeshCap22meshcreatenodedistgridEPi+0x81)[0x7f8fe536f151]
[Orion-03-17:435988] [ 6] /work/noaa/da/mpotts/sandbox/pgi_2019_openmpi_g_develop/esmf/lib/libg/Linux.pgi.64.openmpi.default/libesmf.so(esmf_locstreammod_esmf_locstreamcreatebybkggrid_+0x492)[0x7fb873b2de82]
[Orion-03-17:435988] [ 7] /work/noaa/da/mpotts/sandbox/pgi_2019_openmpi_g_develop/esmf/examples/examplesg/Linux.pgi.64.openmpi.default/./ESMF_LocStreamEx[0x408f54]
[Orion-03-17:435988] [ 8] /work/noaa/da/mpotts/sandbox/pgi_2019_openmpi_g_develop/esmf/examples/examplesg/Linux.pgi.64.openmpi.default/./ESMF_LocStreamEx[0x406913]
[Orion-03-17:435988] [ 9] /lib64/libc.so.6(__libc_start_main+0xf5)[0x7fb86de8d495]
[Orion-03-17:435988] [10] /work/noaa/da/mpotts/sandbox/pgi_2019_openmpi_g_develop/esmf/examples/examplesg/Linux.pgi.64.openmpi.default/./ESMF_LocStreamEx[0x406819]
[Orion-03-17:435988] *** End of error message ***
[Orion-03-17:435986] [ 3] /work/noaa/da/mpotts/sandbox/pgi_2019_openmpi_g_develop/esmf/lib/libg/Linux.pgi.64.openmpi.default/libesmf.so(c_esmc_meshcreatenodedistgrid_+0x177)[0x7f8fe53b4ce7]
[Orion-03-17:435986] [ 4] /work/noaa/da/mpotts/sandbox/pgi_2019_openmpi_g_develop/esmf/lib/libg/Linux.pgi.64.openmpi.default/libesmf.so(esmf_meshmod_esmf_meshcreatefrompointer_+0x78)[0x7f8fe608be28]
[Orion-03-17:435986] [ 5] /work/noaa/da/mpotts/sandbox/pgi_2019_openmpi_g_develop/esmf/lib/libg/Linux.pgi.64.openmpi.default/libesmf.so(esmf_gridutilmod_esmf_gridtomesh_+0x550)[0x7f8fe5eb9e00]
[Orion-03-17:435986] [ 6] /work/noaa/da/mpotts/sandbox/pgi_2019_openmpi_g_develop/esmf/lib/libg/Linux.pgi.64.openmpi.default/libesmf.so(esmf_locstreammod_esmf_locstreamcreatebybkggrid_+0x492)[0x7f8fe605de82]
[Orion-03-17:435986] [ 7] /work/noaa/da/mpotts/sandbox/pgi_2019_openmpi_g_develop/esmf/examples/examplesg/Linux.pgi.64.openmpi.default/./ESMF_LocStreamEx[0x408f54]
[Orion-03-17:435986] [ 8] /work/noaa/da/mpotts/sandbox/pgi_2019_openmpi_g_develop/esmf/examples/examplesg/Linux.pgi.64.openmpi.default/./ESMF_LocStreamEx[0x406913]
[Orion-03-17:435986] [ 9] /lib64/libc.so.6(__libc_start_main+0xf5)[0x7f8fe03bd495]
[Orion-03-17:435986] [10] /work/noaa/da/mpotts/sandbox/pgi_2019_openmpi_g_develop/esmf/examples/examplesg/Linux.pgi.64.openmpi.default/./ESMF_LocStreamEx[0x406819]
[Orion-03-17:435986] *** End of error message ***
srun: error: Orion-03-17: tasks 0-3: Segmentation fault
srun: launch/slurm: _step_signal: Terminating StepId=9487147.309
