2023-03-20 03:00:19
 FieldBundle example 1 returned
 FieldBundle example 2 returned, fieldcount =            1
 FieldBundle example 3 returned, fieldcount =            3
 FieldBundle example 4 returned, field names = pressure, pressure
 FieldBundle name = atmosphere data
 heat flux                                                                                                                                                                                                                                                       
 pressure                                                                                                                                                                                                                                                        
 temperature                                                                                                                                                                                                                                                     
 temperature                                                                                                                                                                                                                                                     
 pressure                                                                                                                                                                                                                                                        
 heat flux                                                                                                                                                                                                                                                       
 FieldBundle example 1 returned
 FieldBundle example 2 returned, fieldcount =            1
 FieldBundle example 3 returned, fieldcount =            3
 FieldBundle example 4 returned, field names = pressure, pressure
 FieldBundle name = atmosphere data
 heat flux                                                                                                                                                                                                                                                       
 pressure                                                                                                                                                                                                                                                        
 temperature                                                                                                                                                                                                                                                     
 temperature                                                                                                                                                                                                                                                     
 pressure                                                                                                                                                                                                                                                        
 heat flux                                                                                                                                                                                                                                                       
 FieldBundle example 1 returned
 FieldBundle example 2 returned, fieldcount =            1
 FieldBundle example 3 returned, fieldcount =            3
 FieldBundle example 4 returned, field names = pressure, pressure
 FieldBundle name = atmosphere data
 heat flux                                                                                                                                                                                                                                                       
 pressure                                                                                                                                                                                                                                                        
 temperature                                                                                                                                                                                                                                                     
 temperature                                                                                                                                                                                                                                                     
 pressure                                                                                                                                                                                                                                                        
 heat flux                                                                                                                                                                                                                                                       
[Orion-22-11:308667:0:308667] Caught signal 11 (Segmentation fault: address not mapped to object at address 0x4f1b591)
[Orion-22-11:308668:0:308668] Caught signal 11 (Segmentation fault: address not mapped to object at address 0x4f1b591)
[Orion-22-11:308669:0:308669] Caught signal 11 (Segmentation fault: address not mapped to object at address 0x4f1b591)
 FieldBundle example 1 returned
 FieldBundle example 2 returned, fieldcount =            1
 FieldBundle example 3 returned, fieldcount =            3
 FieldBundle example 4 returned, field names = pressure, pressure
 FieldBundle name = atmosphere data
 heat flux                                                                                                                                                                                                                                                       
 pressure                                                                                                                                                                                                                                                        
 temperature                                                                                                                                                                                                                                                     
 temperature                                                                                                                                                                                                                                                     
 pressure                                                                                                                                                                                                                                                        
 heat flux                                                                                                                                                                                                                                                       
[Orion-22-11:308670:0:308670] Caught signal 11 (Segmentation fault: address not mapped to object at address 0x4f1b591)

/work/noaa/da/mpotts/sandbox/pgi_2019_openmpi_g_develop/esmf/src/Infrastructure/LogErr/src/ESMCI_LogErr.C: [ ESMCI::LogErr::MsgFoundError() ]
      ...
      583 {
      584     bool result=false;
      585 #ifdef ESMC_SUCCESSDEFAULT_ON
==>   586     if (rcToReturn != ESMC_NULL_POINTER) *rcToReturn=ESMF_SUCCESS;
      587 #endif
      588     if (trace) {
      589         Write(ESMC_METHOD,ESMC_LOGMSG_TRACE,


/work/noaa/da/mpotts/sandbox/pgi_2019_openmpi_g_develop/esmf/src/Infrastructure/LogErr/src/ESMCI_LogErr.C: [ ESMCI::LogErr::MsgFoundError() ]
      ...
      583 {
      584     bool result=false;
      585 #ifdef ESMC_SUCCESSDEFAULT_ON
==>   586     if (rcToReturn != ESMC_NULL_POINTER) *rcToReturn=ESMF_SUCCESS;
      587 #endif
      588     if (trace) {
      589         Write(ESMC_METHOD,ESMC_LOGMSG_TRACE,


/work/noaa/da/mpotts/sandbox/pgi_2019_openmpi_g_develop/esmf/src/Infrastructure/LogErr/src/ESMCI_LogErr.C: [ ESMCI::LogErr::MsgFoundError() ]
      ...

/work/noaa/da/mpotts/sandbox/pgi_2019_openmpi_g_develop/esmf/src/Infrastructure/LogErr/src/ESMCI_LogErr.C: [ ESMCI::LogErr::MsgFoundError() ]
      ...
      583 {
      584     bool result=false;
      585 #ifdef ESMC_SUCCESSDEFAULT_ON
==>   586     if (rcToReturn != ESMC_NULL_POINTER) *rcToReturn=ESMF_SUCCESS;
      587 #endif
      588     if (trace) {
      589         Write(ESMC_METHOD,ESMC_LOGMSG_TRACE,

      583 {
      584     bool result=false;
      585 #ifdef ESMC_SUCCESSDEFAULT_ON
==>   586     if (rcToReturn != ESMC_NULL_POINTER) *rcToReturn=ESMF_SUCCESS;
      587 #endif
      588     if (trace) {
      589         Write(ESMC_METHOD,ESMC_LOGMSG_TRACE,

==== backtrace (tid: 308667) ====
 0 0x000000000121aa64 ESMCI::LogErr::MsgFoundError()  /work/noaa/da/mpotts/sandbox/pgi_2019_openmpi_g_develop/esmf/src/Infrastructure/LogErr/src/ESMCI_LogErr.C:586
 1 0x00000000013ff151 ESMCI::MeshCap::meshcreatenodedistgrid()  /work/noaa/da/mpotts/sandbox/pgi_2019_openmpi_g_develop/esmf/src/Infrastructure/Mesh/src/ESMCI_MeshCap.C:1754
 2 0x0000000001444ce7 c_esmc_meshcreatenodedistgrid_()  /work/noaa/da/mpotts/sandbox/pgi_2019_openmpi_g_develop/esmf/src/Infrastructure/Mesh/interface/ESMCI_Mesh_F.C:247
 3 0x000000000211280d esmf_meshmod_esmf_meshcreate1part_()  /work/noaa/da/mpotts/sandbox/pgi_2019_openmpi_g_develop/esmf/src/Infrastructure/Mesh/interface/ESMF_Mesh.F90:1407
 4 0x000000000040cdfc MAIN_()  /work/noaa/da/mpotts/sandbox/pgi_2019_openmpi_g_develop/esmf/src/Infrastructure/FieldBundle/examples/ESMF_FieldBundleCreateEx.F90:481
 5 0x0000000000406af3 main()  ???:0
 6 0x0000000000022495 __libc_start_main()  ???:0
 7 0x00000000004069f9 _start()  ???:0
=================================
[Orion-22-11:308667] *** Process received signal ***
[Orion-22-11:308667] Signal: Segmentation fault (11)
[Orion-22-11:308667] Signal code:  (-6)
[Orion-22-11:308667] Failing at address: 0x20e50004b5bb
==== backtrace (tid: 308669) ====
 0 0x000000000121aa64 ESMCI::LogErr::MsgFoundError()  /work/noaa/da/mpotts/sandbox/pgi_2019_openmpi_g_develop/esmf/src/Infrastructure/LogErr/src/ESMCI_LogErr.C:586
 1 0x00000000013ff151 ESMCI::MeshCap::meshcreatenodedistgrid()  /work/noaa/da/mpotts/sandbox/pgi_2019_openmpi_g_develop/esmf/src/Infrastructure/Mesh/src/ESMCI_MeshCap.C:1754
 2 0x0000000001444ce7 c_esmc_meshcreatenodedistgrid_()  /work/noaa/da/mpotts/sandbox/pgi_2019_openmpi_g_develop/esmf/src/Infrastructure/Mesh/interface/ESMCI_Mesh_F.C:247
 3 0x000000000211280d esmf_meshmod_esmf_meshcreate1part_()  /work/noaa/da/mpotts/sandbox/pgi_2019_openmpi_g_develop/esmf/src/Infrastructure/Mesh/interface/ESMF_Mesh.F90:1407
 4 0x000000000040cdfc MAIN_()  /work/noaa/da/mpotts/sandbox/pgi_2019_openmpi_g_develop/esmf/src/Infrastructure/FieldBundle/examples/ESMF_FieldBundleCreateEx.F90:481
 5 0x0000000000406af3 main()  ???:0
 6 0x0000000000022495 __libc_start_main()  ???:0
 7 0x00000000004069f9 _start()  ???:0
=================================
[Orion-22-11:308667] [ 0] /lib64/libpthread.so.0(+0xf5d0)[0x7f0d6553e5d0]
[Orion-22-11:308669] *** Process received signal ***
[Orion-22-11:308669] Signal: Segmentation fault (11)
[Orion-22-11:308669] Signal code:  (-6)
[Orion-22-11:308669] Failing at address: 0x20e50004b5bd
[Orion-22-11:308669] [ 0] /lib64/libpthread.so.0(+0xf5d0)[0x7fee90eaf5d0]
[Orion-22-11:308667] [ 1] /work/noaa/da/mpotts/sandbox/pgi_2019_openmpi_g_develop/esmf/lib/libg/Linux.pgi.64.openmpi.default/libesmf.so(_ZN5ESMCI6LogErr13MsgFoundErrorEiPKciS2_S2_Pi+0x34)[0x7f0d6288aa64]
[Orion-22-11:308669] [ 1] /work/noaa/da/mpotts/sandbox/pgi_2019_openmpi_g_develop/esmf/lib/libg/Linux.pgi.64.openmpi.default/libesmf.so(_ZN5ESMCI6LogErr13MsgFoundErrorEiPKciS2_S2_Pi+0x34)[0x7fee8e1fba64]
[Orion-22-11:308667] [ 2] /work/noaa/da/mpotts/sandbox/pgi_2019_openmpi_g_develop/esmf/lib/libg/Linux.pgi.64.openmpi.default/libesmf.so(_ZN5ESMCI7MeshCap22meshcreatenodedistgridEPi+0x81)[0x7f0d62a6f151]
[Orion-22-11:308669] [ 2] /work/noaa/da/mpotts/sandbox/pgi_2019_openmpi_g_develop/esmf/lib/libg/Linux.pgi.64.openmpi.default/libesmf.so(_ZN5ESMCI7MeshCap22meshcreatenodedistgridEPi+0x81)[0x7fee8e3e0151]
[Orion-22-11:308667] [ 3] /work/noaa/da/mpotts/sandbox/pgi_2019_openmpi_g_develop/esmf/lib/libg/Linux.pgi.64.openmpi.default/libesmf.so(c_esmc_meshcreatenodedistgrid_+0x177)[0x7f0d62ab4ce7]
[Orion-22-11:308669] [ 3] /work/noaa/da/mpotts/sandbox/pgi_2019_openmpi_g_develop/esmf/lib/libg/Linux.pgi.64.openmpi.default/libesmf.so(c_esmc_meshcreatenodedistgrid_+0x177)[0x7fee8e425ce7]
[Orion-22-11:308667] [ 4] /work/noaa/da/mpotts/sandbox/pgi_2019_openmpi_g_develop/esmf/lib/libg/Linux.pgi.64.openmpi.default/libesmf.so(esmf_meshmod_esmf_meshcreate1part_+0x13cd)[0x7f0d6378280d]
[Orion-22-11:308667] [ 5] /work/noaa/da/mpotts/sandbox/pgi_2019_openmpi_g_develop/esmf/examples/examplesg/Linux.pgi.64.openmpi.default/./ESMF_FieldBundleCreateEx[0x40cdfc]
[Orion-22-11:308667] [ 6] /work/noaa/da/mpotts/sandbox/pgi_2019_openmpi_g_develop/esmf/examples/examplesg/Linux.pgi.64.openmpi.default/./ESMF_FieldBundleCreateEx[0x406af3]
[Orion-22-11:308667] [ 7] /lib64/libc.so.6(__libc_start_main+0xf5)[0x7f0d5dabd495]
[Orion-22-11:308667] [ 8] /work/noaa/da/mpotts/sandbox/pgi_2019_openmpi_g_develop/esmf/examples/examplesg/Linux.pgi.64.openmpi.default/./ESMF_FieldBundleCreateEx[0x4069f9]
[Orion-22-11:308667] *** End of error message ***
[Orion-22-11:308669] [ 4] /work/noaa/da/mpotts/sandbox/pgi_2019_openmpi_g_develop/esmf/lib/libg/Linux.pgi.64.openmpi.default/libesmf.so(esmf_meshmod_esmf_meshcreate1part_+0x13cd)[0x7fee8f0f380d]
[Orion-22-11:308669] [ 5] /work/noaa/da/mpotts/sandbox/pgi_2019_openmpi_g_develop/esmf/examples/examplesg/Linux.pgi.64.openmpi.default/./ESMF_FieldBundleCreateEx[0x40cdfc]
[Orion-22-11:308669] [ 6] /work/noaa/da/mpotts/sandbox/pgi_2019_openmpi_g_develop/esmf/examples/examplesg/Linux.pgi.64.openmpi.default/./ESMF_FieldBundleCreateEx[0x406af3]
[Orion-22-11:308669] [ 7] /lib64/libc.so.6(__libc_start_main+0xf5)[0x7fee8942e495]
[Orion-22-11:308669] [ 8] /work/noaa/da/mpotts/sandbox/pgi_2019_openmpi_g_develop/esmf/examples/examplesg/Linux.pgi.64.openmpi.default/./ESMF_FieldBundleCreateEx[0x4069f9]
[Orion-22-11:308669] *** End of error message ***
==== backtrace (tid: 308670) ====
 0 0x000000000121aa64 ESMCI::LogErr::MsgFoundError()  /work/noaa/da/mpotts/sandbox/pgi_2019_openmpi_g_develop/esmf/src/Infrastructure/LogErr/src/ESMCI_LogErr.C:586
 1 0x00000000013ff151 ESMCI::MeshCap::meshcreatenodedistgrid()  /work/noaa/da/mpotts/sandbox/pgi_2019_openmpi_g_develop/esmf/src/Infrastructure/Mesh/src/ESMCI_MeshCap.C:1754
 2 0x0000000001444ce7 c_esmc_meshcreatenodedistgrid_()  /work/noaa/da/mpotts/sandbox/pgi_2019_openmpi_g_develop/esmf/src/Infrastructure/Mesh/interface/ESMCI_Mesh_F.C:247
 3 0x000000000211280d esmf_meshmod_esmf_meshcreate1part_()  /work/noaa/da/mpotts/sandbox/pgi_2019_openmpi_g_develop/esmf/src/Infrastructure/Mesh/interface/ESMF_Mesh.F90:1407
 4 0x000000000040cdfc MAIN_()  /work/noaa/da/mpotts/sandbox/pgi_2019_openmpi_g_develop/esmf/src/Infrastructure/FieldBundle/examples/ESMF_FieldBundleCreateEx.F90:481
 5 0x0000000000406af3 main()  ???:0
 6 0x0000000000022495 __libc_start_main()  ???:0
 7 0x00000000004069f9 _start()  ???:0
=================================
[Orion-22-11:308670] *** Process received signal ***
[Orion-22-11:308670] Signal: Segmentation fault (11)
[Orion-22-11:308670] Signal code:  (-6)
[Orion-22-11:308670] Failing at address: 0x20e50004b5be
[Orion-22-11:308670] [ 0] /lib64/libpthread.so.0(+0xf5d0)[0x7f170c9d75d0]
==== backtrace (tid: 308668) ====
 0 0x000000000121aa64 ESMCI::LogErr::MsgFoundError()  /work/noaa/da/mpotts/sandbox/pgi_2019_openmpi_g_develop/esmf/src/Infrastructure/LogErr/src/ESMCI_LogErr.C:586
 1 0x00000000013ff151 ESMCI::MeshCap::meshcreatenodedistgrid()  /work/noaa/da/mpotts/sandbox/pgi_2019_openmpi_g_develop/esmf/src/Infrastructure/Mesh/src/ESMCI_MeshCap.C:1754
 2 0x0000000001444ce7 c_esmc_meshcreatenodedistgrid_()  /work/noaa/da/mpotts/sandbox/pgi_2019_openmpi_g_develop/esmf/src/Infrastructure/Mesh/interface/ESMCI_Mesh_F.C:247
 3 0x000000000211280d esmf_meshmod_esmf_meshcreate1part_()  /work/noaa/da/mpotts/sandbox/pgi_2019_openmpi_g_develop/esmf/src/Infrastructure/Mesh/interface/ESMF_Mesh.F90:1407
 4 0x000000000040cdfc MAIN_()  /work/noaa/da/mpotts/sandbox/pgi_2019_openmpi_g_develop/esmf/src/Infrastructure/FieldBundle/examples/ESMF_FieldBundleCreateEx.F90:481
 5 0x0000000000406af3 main()  ???:0
 6 0x0000000000022495 __libc_start_main()  ???:0
 7 0x00000000004069f9 _start()  ???:0
=================================
[Orion-22-11:308668] *** Process received signal ***
[Orion-22-11:308668] Signal: Segmentation fault (11)
[Orion-22-11:308668] Signal code:  (-6)
[Orion-22-11:308668] Failing at address: 0x20e50004b5bc
[Orion-22-11:308668] [ 0] /lib64/libpthread.so.0(+0xf5d0)[0x7f7f47ff45d0]
[Orion-22-11:308670] [ 1] /work/noaa/da/mpotts/sandbox/pgi_2019_openmpi_g_develop/esmf/lib/libg/Linux.pgi.64.openmpi.default/libesmf.so(_ZN5ESMCI6LogErr13MsgFoundErrorEiPKciS2_S2_Pi+0x34)[0x7f1709d23a64]
[Orion-22-11:308668] [ 1] /work/noaa/da/mpotts/sandbox/pgi_2019_openmpi_g_develop/esmf/lib/libg/Linux.pgi.64.openmpi.default/libesmf.so(_ZN5ESMCI6LogErr13MsgFoundErrorEiPKciS2_S2_Pi+0x34)[0x7f7f45340a64]
[Orion-22-11:308670] [ 2] /work/noaa/da/mpotts/sandbox/pgi_2019_openmpi_g_develop/esmf/lib/libg/Linux.pgi.64.openmpi.default/libesmf.so(_ZN5ESMCI7MeshCap22meshcreatenodedistgridEPi+0x81)[0x7f1709f08151]
[Orion-22-11:308668] [ 2] /work/noaa/da/mpotts/sandbox/pgi_2019_openmpi_g_develop/esmf/lib/libg/Linux.pgi.64.openmpi.default/libesmf.so(_ZN5ESMCI7MeshCap22meshcreatenodedistgridEPi+0x81)[0x7f7f45525151]
[Orion-22-11:308670] [ 3] /work/noaa/da/mpotts/sandbox/pgi_2019_openmpi_g_develop/esmf/lib/libg/Linux.pgi.64.openmpi.default/libesmf.so(c_esmc_meshcreatenodedistgrid_+0x177)[0x7f1709f4dce7]
[Orion-22-11:308668] [ 3] /work/noaa/da/mpotts/sandbox/pgi_2019_openmpi_g_develop/esmf/lib/libg/Linux.pgi.64.openmpi.default/libesmf.so(c_esmc_meshcreatenodedistgrid_+0x177)[0x7f7f4556ace7]
[Orion-22-11:308670] [ 4] /work/noaa/da/mpotts/sandbox/pgi_2019_openmpi_g_develop/esmf/lib/libg/Linux.pgi.64.openmpi.default/libesmf.so(esmf_meshmod_esmf_meshcreate1part_+0x13cd)[0x7f170ac1b80d]
[Orion-22-11:308670] [ 5] /work/noaa/da/mpotts/sandbox/pgi_2019_openmpi_g_develop/esmf/examples/examplesg/Linux.pgi.64.openmpi.default/./ESMF_FieldBundleCreateEx[0x40cdfc]
[Orion-22-11:308670] [ 6] /work/noaa/da/mpotts/sandbox/pgi_2019_openmpi_g_develop/esmf/examples/examplesg/Linux.pgi.64.openmpi.default/./ESMF_FieldBundleCreateEx[0x406af3]
[Orion-22-11:308670] [ 7] /lib64/libc.so.6(__libc_start_main+0xf5)[0x7f1704f56495]
[Orion-22-11:308670] [ 8] /work/noaa/da/mpotts/sandbox/pgi_2019_openmpi_g_develop/esmf/examples/examplesg/Linux.pgi.64.openmpi.default/./ESMF_FieldBundleCreateEx[0x4069f9]
[Orion-22-11:308670] *** End of error message ***
[Orion-22-11:308668] [ 4] /work/noaa/da/mpotts/sandbox/pgi_2019_openmpi_g_develop/esmf/lib/libg/Linux.pgi.64.openmpi.default/libesmf.so(esmf_meshmod_esmf_meshcreate1part_+0x13cd)[0x7f7f4623880d]
[Orion-22-11:308668] [ 5] /work/noaa/da/mpotts/sandbox/pgi_2019_openmpi_g_develop/esmf/examples/examplesg/Linux.pgi.64.openmpi.default/./ESMF_FieldBundleCreateEx[0x40cdfc]
[Orion-22-11:308668] [ 6] /work/noaa/da/mpotts/sandbox/pgi_2019_openmpi_g_develop/esmf/examples/examplesg/Linux.pgi.64.openmpi.default/./ESMF_FieldBundleCreateEx[0x406af3]
[Orion-22-11:308668] [ 7] /lib64/libc.so.6(__libc_start_main+0xf5)[0x7f7f40573495]
[Orion-22-11:308668] [ 8] /work/noaa/da/mpotts/sandbox/pgi_2019_openmpi_g_develop/esmf/examples/examplesg/Linux.pgi.64.openmpi.default/./ESMF_FieldBundleCreateEx[0x4069f9]
[Orion-22-11:308668] *** End of error message ***
srun: error: Orion-22-11: tasks 0-3: Segmentation fault
srun: launch/slurm: _step_signal: Terminating StepId=9436112.324
