2023-03-19 02:55:52
20230319 041453.254 INFO             PET0 !!!!!!!!!!!!!!!!!!!!!!!!!!!!!!!!!!!!!!!!!!!!!!!!!!!!!!
20230319 041453.256 INFO             PET0 !!! THE ESMF_LOG IS SET TO OUTPUT ALL LOG MESSAGES !!!
20230319 041453.256 INFO             PET0 !!!     THIS MAY CAUSE SLOWDOWN IN PERFORMANCE     !!!
20230319 041453.256 INFO             PET0 !!! FOR PRODUCTION RUNS, USE:                      !!!
20230319 041453.256 INFO             PET0 !!!                   ESMF_LOGKIND_Multi_On_Error  !!!
20230319 041453.256 INFO             PET0 !!!!!!!!!!!!!!!!!!!!!!!!!!!!!!!!!!!!!!!!!!!!!!!!!!!!!!
20230319 041453.256 INFO             PET0 Running with ESMF Version   : v8.5.0b18-5-ge74a33b
20230319 041453.256 INFO             PET0 ESMF library build date/time: "Mar 19 2023" "02:51:57"
20230319 041453.256 INFO             PET0 ESMF library build location : /work/noaa/da/mpotts/sandbox/pgi_2019_openmpi_O_develop/esmf
20230319 041453.256 INFO             PET0 ESMF_COMM                   : openmpi
20230319 041453.257 INFO             PET0 ESMF_MOAB                   : enabled
20230319 041453.257 INFO             PET0 ESMF_LAPACK                 : enabled
20230319 041453.257 INFO             PET0 ESMF_NETCDF                 : enabled
20230319 041453.257 INFO             PET0 ESMF_PNETCDF                : disabled
20230319 041453.257 INFO             PET0 ESMF_PIO                    : enabled
20230319 041453.257 INFO             PET0 ESMF_YAMLCPP                : enabled
20230319 041453.388 INFO             PET0 esmApp STARTING
20230319 041453.390 INFO             PET0 esm: InitializeGeneric intro.
20230319 041453.390 INFO             PET0   esm: InitializeP0 intro.
20230319 041453.390 INFO             PET0   esm: InitializeP0 extro.
20230319 041453.390 INFO             PET0   esm: InitializeIPDv02p1 intro.
20230319 041453.390 INFO             PET0     >>>esm: entered Initialize (phase=<none>) without valid internal Clock.
20230319 041453.391 INFO             PET0     esm - Creating model component ATM without petList.
20230319 041453.393 INFO             PET0     esm - Creating model component OCN without petList.
20230319 041453.394 INFO             PET0     esm - Creating connector component ATM-TO-OCN without petList.
20230319 041453.396 INFO             PET0     esm - Creating connector component OCN-TO-ATM without petList.
20230319 041453.399 INFO             PET0     esm - Creating state: modelComp 1 Import State
20230319 041453.399 INFO             PET0     esm - Creating state: modelComp 1 Export State
20230319 041453.399 INFO             PET0     esm - Creating state: modelComp 2 Import State
20230319 041453.399 INFO             PET0     esm - Creating state: modelComp 2 Export State
20230319 041453.399 INFO             PET0     ATM: InitializeP0 intro.
20230319 041453.400 INFO             PET0     ATM: InitializeP0 extro.
20230319 041453.400 INFO             PET0     OCN: InitializeP0 intro.
20230319 041453.400 INFO             PET0     OCN: InitializeP0 extro.
20230319 041453.401 INFO             PET0     ATM-TO-OCN: InitializeP0 intro.
20230319 041453.401 INFO             PET0     ATM-TO-OCN: InitializeP0 extro.
20230319 041453.401 INFO             PET0     OCN-TO-ATM: InitializeP0 intro.
20230319 041453.402 INFO             PET0     OCN-TO-ATM: InitializeP0 extro.
20230319 041453.402 INFO             PET0     esm: IInitAdvertise intro.
20230319 041453.402 INFO             PET0     esm: IInitAdvertise extro.
20230319 041453.402 INFO             PET0     ATM: InitializeIPDvXp01 intro.
20230319 041453.404 INFO             PET0     ATM: InitializeIPDvXp01 extro.
20230319 041453.404 INFO             PET0     OCN: InitializeIPDvXp01 intro.
20230319 041453.405 INFO             PET0     OCN: InitializeIPDvXp01 extro.
20230319 041453.405 INFO             PET0     ATM-TO-OCN: InitializeIPDv05p1 intro.
20230319 041453.407 INFO             PET0     ATM-TO-OCN: InitializeIPDv05p1 extro.
20230319 041453.407 INFO             PET0     OCN-TO-ATM: InitializeIPDv05p1 intro.
20230319 041453.408 INFO             PET0     OCN-TO-ATM: InitializeIPDv05p1 extro.
20230319 041453.408 INFO             PET0     esm: IInitAdvertiseFinish intro.
20230319 041453.408 INFO             PET0     esm: IInitAdvertiseFinish extro.
20230319 041453.408 INFO             PET0     ATM-TO-OCN: InitializeIPDv05p2a intro.
20230319 041453.410 INFO             PET0     ATM-TO-OCN: InitializeIPDv05p2a extro.
20230319 041453.410 INFO             PET0     OCN-TO-ATM: InitializeIPDv05p2a intro.
20230319 041453.411 INFO             PET0     OCN-TO-ATM: InitializeIPDv05p2a extro.
20230319 041453.411 INFO             PET0     ATM-TO-OCN: InitializeIPDv05p2b intro.
20230319 041453.412 INFO             PET0     ATM-TO-OCN: InitializeIPDv05p2b extro.
20230319 041453.412 INFO             PET0     OCN-TO-ATM: InitializeIPDv05p2b intro.
20230319 041453.413 INFO             PET0     OCN-TO-ATM: InitializeIPDv05p2b extro.
20230319 041453.413 INFO             PET0     esm: IInitModifyCplLists intro.
20230319 041453.414 INFO             PET0     esm: IInitModifyCplLists extro.
20230319 041453.414 INFO             PET0     ATM-TO-OCN: InitializeIPDv05p3 intro.
20230319 041453.415 INFO             PET0     ATM-TO-OCN: InitializeIPDv05p3 extro.
20230319 041453.415 INFO             PET0     OCN-TO-ATM: InitializeIPDv05p3 intro.
20230319 041453.416 INFO             PET0     OCN-TO-ATM: InitializeIPDv05p3 extro.
20230319 041453.416 INFO             PET0     <<<esm: leaving Initialize (phase=<none>) with current time: 2010  6  1  0  0  0   0
20230319 041453.416 INFO             PET0   esm: InitializeIPDv02p1 extro.
20230319 041453.416 INFO             PET0   esm: InitializeIPDv02p3 intro.
20230319 041453.417 INFO             PET0     >>>esm: entered Initialize (phase=<none>) with current time: 2010  6  1  0  0  0   0
20230319 041453.417 INFO             PET0     esm: IInitCheck intro.
20230319 041453.417 INFO             PET0     esm: IInitCheck extro.
20230319 041453.417 INFO             PET0     atmA: InitializeIPDvXp04 intro.
20230319 041453.419 INFO             PET0     atmA: InitializeIPDvXp04 extro.
20230319 041453.419 INFO             PET0     ocnA: InitializeIPDvXp04 intro.
20230319 041453.421 INFO             PET0     ocnA: InitializeIPDvXp04 extro.
20230319 041453.422 INFO             PET0     ATM-TO-OCN: InitializeIPDv05p4 intro.
20230319 041453.424 INFO             PET0     ATM-TO-OCN: InitializeIPDv05p4 extro.
20230319 041453.424 INFO             PET0     OCN-TO-ATM: InitializeIPDv05p4 intro.
20230319 041453.425 INFO             PET0     OCN-TO-ATM: InitializeIPDv05p4 extro.
20230319 041453.425 INFO             PET0     ATM-TO-OCN: InitializeIPDv05p5 intro.
20230319 041453.428 INFO             PET0     ATM-TO-OCN: InitializeIPDv05p5 extro.
20230319 041453.428 INFO             PET0     OCN-TO-ATM: InitializeIPDv05p5 intro.
20230319 041453.429 INFO             PET0     OCN-TO-ATM: InitializeIPDv05p5 extro.
20230319 041453.429 INFO             PET0     esm: IInitRealize intro.
20230319 041453.429 INFO             PET0     esm: IInitRealize extro.
20230319 041453.429 INFO             PET0     ATM-TO-OCN: InitializeIPDv05p6a intro.
20230319 041453.431 INFO             PET0     ATM-TO-OCN: InitializeIPDv05p6a extro.
20230319 041549.912 INFO             PET0 !!!!!!!!!!!!!!!!!!!!!!!!!!!!!!!!!!!!!!!!!!!!!!!!!!!!!!
20230319 041549.914 INFO             PET0 !!! THE ESMF_LOG IS SET TO OUTPUT ALL LOG MESSAGES !!!
20230319 041549.914 INFO             PET0 !!!     THIS MAY CAUSE SLOWDOWN IN PERFORMANCE     !!!
20230319 041549.914 INFO             PET0 !!! FOR PRODUCTION RUNS, USE:                      !!!
20230319 041549.914 INFO             PET0 !!!                   ESMF_LOGKIND_Multi_On_Error  !!!
20230319 041549.914 INFO             PET0 !!!!!!!!!!!!!!!!!!!!!!!!!!!!!!!!!!!!!!!!!!!!!!!!!!!!!!
20230319 041549.914 INFO             PET0 Running with ESMF Version   : v8.5.0b18-5-ge74a33b
20230319 041549.914 INFO             PET0 ESMF library build date/time: "Mar 19 2023" "02:51:57"
20230319 041549.914 INFO             PET0 ESMF library build location : /work/noaa/da/mpotts/sandbox/pgi_2019_openmpi_O_develop/esmf
20230319 041549.914 INFO             PET0 ESMF_COMM                   : openmpi
20230319 041549.914 INFO             PET0 ESMF_MOAB                   : enabled
20230319 041549.914 INFO             PET0 ESMF_LAPACK                 : enabled
20230319 041549.914 INFO             PET0 ESMF_NETCDF                 : enabled
20230319 041549.914 INFO             PET0 ESMF_PNETCDF                : disabled
20230319 041549.914 INFO             PET0 ESMF_PIO                    : enabled
20230319 041549.914 INFO             PET0 ESMF_YAMLCPP                : enabled
20230319 041549.915 INFO             PET0 esmApp STARTING
20230319 041549.917 INFO             PET0 esm: InitializeGeneric intro.
20230319 041549.917 INFO             PET0   esm: InitializeP0 intro.
20230319 041549.917 INFO             PET0   esm: InitializeP0 extro.
20230319 041549.917 INFO             PET0   esm: InitializeIPDv02p1 intro.
20230319 041549.917 INFO             PET0     >>>esm: entered Initialize (phase=<none>) without valid internal Clock.
20230319 041549.919 INFO             PET0     esm - Creating model component ATM without petList.
20230319 041549.920 INFO             PET0     esm - Creating model component OCN without petList.
20230319 041549.921 INFO             PET0     esm - Creating connector component ATM-TO-OCN without petList.
20230319 041549.924 INFO             PET0     esm - Creating connector component OCN-TO-ATM without petList.
20230319 041549.926 INFO             PET0     esm - Creating state: modelComp 1 Import State
20230319 041549.926 INFO             PET0     esm - Creating state: modelComp 1 Export State
20230319 041549.926 INFO             PET0     esm - Creating state: modelComp 2 Import State
20230319 041549.926 INFO             PET0     esm - Creating state: modelComp 2 Export State
20230319 041549.927 INFO             PET0     ATM: InitializeP0 intro.
20230319 041549.927 INFO             PET0     ATM: InitializeP0 extro.
20230319 041549.927 INFO             PET0     OCN: InitializeP0 intro.
20230319 041549.928 INFO             PET0     OCN: InitializeP0 extro.
20230319 041549.928 INFO             PET0     ATM-TO-OCN: InitializeP0 intro.
20230319 041549.929 INFO             PET0     ATM-TO-OCN: InitializeP0 extro.
20230319 041549.929 INFO             PET0     OCN-TO-ATM: InitializeP0 intro.
20230319 041549.929 INFO             PET0     OCN-TO-ATM: InitializeP0 extro.
20230319 041549.930 INFO             PET0     esm: IInitAdvertise intro.
20230319 041549.930 INFO             PET0     esm: IInitAdvertise extro.
20230319 041549.930 INFO             PET0     ATM: InitializeIPDvXp01 intro.
20230319 041549.931 INFO             PET0     ATM: InitializeIPDvXp01 extro.
20230319 041549.931 INFO             PET0     OCN: InitializeIPDvXp01 intro.
20230319 041549.932 INFO             PET0     OCN: InitializeIPDvXp01 extro.
20230319 041549.933 INFO             PET0     ATM-TO-OCN: InitializeIPDv05p1 intro.
20230319 041549.935 INFO             PET0     ATM-TO-OCN: InitializeIPDv05p1 extro.
20230319 041549.935 INFO             PET0     OCN-TO-ATM: InitializeIPDv05p1 intro.
20230319 041549.936 INFO             PET0     OCN-TO-ATM: InitializeIPDv05p1 extro.
20230319 041549.936 INFO             PET0     esm: IInitAdvertiseFinish intro.
20230319 041549.936 INFO             PET0     esm: IInitAdvertiseFinish extro.
20230319 041549.936 INFO             PET0     ATM-TO-OCN: InitializeIPDv05p2a intro.
20230319 041549.938 INFO             PET0     ATM-TO-OCN: InitializeIPDv05p2a extro.
20230319 041549.938 INFO             PET0     OCN-TO-ATM: InitializeIPDv05p2a intro.
20230319 041549.939 INFO             PET0     OCN-TO-ATM: InitializeIPDv05p2a extro.
20230319 041549.939 INFO             PET0     ATM-TO-OCN: InitializeIPDv05p2b intro.
20230319 041549.940 INFO             PET0     ATM-TO-OCN: InitializeIPDv05p2b extro.
20230319 041549.940 INFO             PET0     OCN-TO-ATM: InitializeIPDv05p2b intro.
20230319 041549.941 INFO             PET0     OCN-TO-ATM: InitializeIPDv05p2b extro.
20230319 041549.941 INFO             PET0     esm: IInitModifyCplLists intro.
20230319 041549.941 INFO             PET0     esm: IInitModifyCplLists extro.
20230319 041549.941 INFO             PET0     ATM-TO-OCN: InitializeIPDv05p3 intro.
20230319 041549.943 INFO             PET0     ATM-TO-OCN: InitializeIPDv05p3 extro.
20230319 041549.943 INFO             PET0     OCN-TO-ATM: InitializeIPDv05p3 intro.
20230319 041549.944 INFO             PET0     OCN-TO-ATM: InitializeIPDv05p3 extro.
20230319 041549.944 INFO             PET0     <<<esm: leaving Initialize (phase=<none>) with current time: 2010  6  1  0  0  0   0
20230319 041549.944 INFO             PET0   esm: InitializeIPDv02p1 extro.
20230319 041549.944 INFO             PET0   esm: InitializeIPDv02p3 intro.
20230319 041549.944 INFO             PET0     >>>esm: entered Initialize (phase=<none>) with current time: 2010  6  1  0  0  0   0
20230319 041549.944 INFO             PET0     esm: IInitCheck intro.
20230319 041549.944 INFO             PET0     esm: IInitCheck extro.
20230319 041549.944 INFO             PET0     atmB: InitializeIPDvXp04 intro.
20230319 041549.947 INFO             PET0     atmB: InitializeIPDvXp04 extro.
20230319 041549.947 INFO             PET0     ocnA: InitializeIPDvXp04 intro.
20230319 041549.949 INFO             PET0     ocnA: InitializeIPDvXp04 extro.
20230319 041549.950 INFO             PET0     ATM-TO-OCN: InitializeIPDv05p4 intro.
20230319 041549.952 INFO             PET0     ATM-TO-OCN: InitializeIPDv05p4 extro.
20230319 041549.952 INFO             PET0     OCN-TO-ATM: InitializeIPDv05p4 intro.
20230319 041549.953 INFO             PET0     OCN-TO-ATM: InitializeIPDv05p4 extro.
20230319 041549.953 INFO             PET0     ATM-TO-OCN: InitializeIPDv05p5 intro.
20230319 041549.955 INFO             PET0     ATM-TO-OCN: InitializeIPDv05p5 extro.
20230319 041549.955 INFO             PET0     OCN-TO-ATM: InitializeIPDv05p5 intro.
20230319 041549.957 INFO             PET0     OCN-TO-ATM: InitializeIPDv05p5 extro.
20230319 041549.957 INFO             PET0     esm: IInitRealize intro.
20230319 041549.957 INFO             PET0     esm: IInitRealize extro.
20230319 041549.957 INFO             PET0     ATM-TO-OCN: InitializeIPDv05p6a intro.
20230319 041549.959 INFO             PET0     ATM-TO-OCN: InitializeIPDv05p6a extro.
20230319 041611.573 INFO             PET0 !!!!!!!!!!!!!!!!!!!!!!!!!!!!!!!!!!!!!!!!!!!!!!!!!!!!!!
20230319 041611.575 INFO             PET0 !!! THE ESMF_LOG IS SET TO OUTPUT ALL LOG MESSAGES !!!
20230319 041611.575 INFO             PET0 !!!     THIS MAY CAUSE SLOWDOWN IN PERFORMANCE     !!!
20230319 041611.575 INFO             PET0 !!! FOR PRODUCTION RUNS, USE:                      !!!
20230319 041611.575 INFO             PET0 !!!                   ESMF_LOGKIND_Multi_On_Error  !!!
20230319 041611.575 INFO             PET0 !!!!!!!!!!!!!!!!!!!!!!!!!!!!!!!!!!!!!!!!!!!!!!!!!!!!!!
20230319 041611.575 INFO             PET0 Running with ESMF Version   : v8.5.0b18-5-ge74a33b
20230319 041611.575 INFO             PET0 ESMF library build date/time: "Mar 19 2023" "02:51:57"
20230319 041611.575 INFO             PET0 ESMF library build location : /work/noaa/da/mpotts/sandbox/pgi_2019_openmpi_O_develop/esmf
20230319 041611.575 INFO             PET0 ESMF_COMM                   : openmpi
20230319 041611.575 INFO             PET0 ESMF_MOAB                   : enabled
20230319 041611.575 INFO             PET0 ESMF_LAPACK                 : enabled
20230319 041611.575 INFO             PET0 ESMF_NETCDF                 : enabled
20230319 041611.575 INFO             PET0 ESMF_PNETCDF                : disabled
20230319 041611.575 INFO             PET0 ESMF_PIO                    : enabled
20230319 041611.575 INFO             PET0 ESMF_YAMLCPP                : enabled
20230319 041611.576 INFO             PET0 esmApp STARTING
20230319 041611.578 INFO             PET0 esm: InitializeGeneric intro.
20230319 041611.578 INFO             PET0   esm: InitializeP0 intro.
20230319 041611.578 INFO             PET0   esm: InitializeP0 extro.
20230319 041611.578 INFO             PET0   esm: InitializeIPDv02p1 intro.
20230319 041611.578 INFO             PET0     >>>esm: entered Initialize (phase=<none>) without valid internal Clock.
20230319 041611.580 INFO             PET0     esm - Creating model component ATM without petList.
20230319 041611.581 INFO             PET0     esm - Creating model component OCN without petList.
20230319 041611.582 INFO             PET0     esm - Creating connector component ATM-TO-OCN without petList.
20230319 041611.585 INFO             PET0     esm - Creating connector component OCN-TO-ATM without petList.
20230319 041611.587 INFO             PET0     esm - Creating state: modelComp 1 Import State
20230319 041611.587 INFO             PET0     esm - Creating state: modelComp 1 Export State
20230319 041611.587 INFO             PET0     esm - Creating state: modelComp 2 Import State
20230319 041611.587 INFO             PET0     esm - Creating state: modelComp 2 Export State
20230319 041611.588 INFO             PET0     ATM: InitializeP0 intro.
20230319 041611.588 INFO             PET0     ATM: InitializeP0 extro.
20230319 041611.588 INFO             PET0     OCN: InitializeP0 intro.
20230319 041611.589 INFO             PET0     OCN: InitializeP0 extro.
20230319 041611.589 INFO             PET0     ATM-TO-OCN: InitializeP0 intro.
20230319 041611.589 INFO             PET0     ATM-TO-OCN: InitializeP0 extro.
20230319 041611.590 INFO             PET0     OCN-TO-ATM: InitializeP0 intro.
20230319 041611.590 INFO             PET0     OCN-TO-ATM: InitializeP0 extro.
20230319 041611.591 INFO             PET0     esm: IInitAdvertise intro.
20230319 041611.591 INFO             PET0     esm: IInitAdvertise extro.
20230319 041611.591 INFO             PET0     ATM: InitializeIPDvXp01 intro.
20230319 041611.592 INFO             PET0     ATM: InitializeIPDvXp01 extro.
20230319 041611.592 INFO             PET0     OCN: InitializeIPDvXp01 intro.
20230319 041611.593 INFO             PET0     OCN: InitializeIPDvXp01 extro.
20230319 041611.594 INFO             PET0     ATM-TO-OCN: InitializeIPDv05p1 intro.
20230319 041611.595 INFO             PET0     ATM-TO-OCN: InitializeIPDv05p1 extro.
20230319 041611.595 INFO             PET0     OCN-TO-ATM: InitializeIPDv05p1 intro.
20230319 041611.596 INFO             PET0     OCN-TO-ATM: InitializeIPDv05p1 extro.
20230319 041611.597 INFO             PET0     esm: IInitAdvertiseFinish intro.
20230319 041611.597 INFO             PET0     esm: IInitAdvertiseFinish extro.
20230319 041611.597 INFO             PET0     ATM-TO-OCN: InitializeIPDv05p2a intro.
20230319 041611.598 INFO             PET0     ATM-TO-OCN: InitializeIPDv05p2a extro.
20230319 041611.598 INFO             PET0     OCN-TO-ATM: InitializeIPDv05p2a intro.
20230319 041611.599 INFO             PET0     OCN-TO-ATM: InitializeIPDv05p2a extro.
20230319 041611.599 INFO             PET0     ATM-TO-OCN: InitializeIPDv05p2b intro.
20230319 041611.600 INFO             PET0     ATM-TO-OCN: InitializeIPDv05p2b extro.
20230319 041611.600 INFO             PET0     OCN-TO-ATM: InitializeIPDv05p2b intro.
20230319 041611.601 INFO             PET0     OCN-TO-ATM: InitializeIPDv05p2b extro.
20230319 041611.602 INFO             PET0     esm: IInitModifyCplLists intro.
20230319 041611.602 INFO             PET0     esm: IInitModifyCplLists extro.
20230319 041611.602 INFO             PET0     ATM-TO-OCN: InitializeIPDv05p3 intro.
20230319 041611.603 INFO             PET0     ATM-TO-OCN: InitializeIPDv05p3 extro.
20230319 041611.603 INFO             PET0     OCN-TO-ATM: InitializeIPDv05p3 intro.
20230319 041611.604 INFO             PET0     OCN-TO-ATM: InitializeIPDv05p3 extro.
20230319 041611.604 INFO             PET0     <<<esm: leaving Initialize (phase=<none>) with current time: 2010  6  1  0  0  0   0
20230319 041611.604 INFO             PET0   esm: InitializeIPDv02p1 extro.
20230319 041611.605 INFO             PET0   esm: InitializeIPDv02p3 intro.
20230319 041611.605 INFO             PET0     >>>esm: entered Initialize (phase=<none>) with current time: 2010  6  1  0  0  0   0
20230319 041611.605 INFO             PET0     esm: IInitCheck intro.
20230319 041611.605 INFO             PET0     esm: IInitCheck extro.
20230319 041611.605 INFO             PET0     atmA: InitializeIPDvXp04 intro.
20230319 041611.607 INFO             PET0     atmA: InitializeIPDvXp04 extro.
20230319 041611.607 INFO             PET0     ocnB: InitializeIPDvXp04 intro.
20230319 041611.609 INFO             PET0     ocnB: InitializeIPDvXp04 extro.
20230319 041611.610 INFO             PET0     ATM-TO-OCN: InitializeIPDv05p4 intro.
20230319 041611.612 INFO             PET0     ATM-TO-OCN: InitializeIPDv05p4 extro.
20230319 041611.612 INFO             PET0     OCN-TO-ATM: InitializeIPDv05p4 intro.
20230319 041611.614 INFO             PET0     OCN-TO-ATM: InitializeIPDv05p4 extro.
20230319 041611.614 INFO             PET0     ATM-TO-OCN: InitializeIPDv05p5 intro.
20230319 041611.616 INFO             PET0     ATM-TO-OCN: InitializeIPDv05p5 extro.
20230319 041611.616 INFO             PET0     OCN-TO-ATM: InitializeIPDv05p5 intro.
20230319 041611.617 INFO             PET0     OCN-TO-ATM: InitializeIPDv05p5 extro.
20230319 041611.617 INFO             PET0     esm: IInitRealize intro.
20230319 041611.617 INFO             PET0     esm: IInitRealize extro.
20230319 041611.617 INFO             PET0     ATM-TO-OCN: InitializeIPDv05p6a intro.
20230319 041611.619 INFO             PET0     ATM-TO-OCN: InitializeIPDv05p6a extro.
20230319 041453.255 INFO             PET1 !!!!!!!!!!!!!!!!!!!!!!!!!!!!!!!!!!!!!!!!!!!!!!!!!!!!!!
20230319 041453.257 INFO             PET1 !!! THE ESMF_LOG IS SET TO OUTPUT ALL LOG MESSAGES !!!
20230319 041453.257 INFO             PET1 !!!     THIS MAY CAUSE SLOWDOWN IN PERFORMANCE     !!!
20230319 041453.257 INFO             PET1 !!! FOR PRODUCTION RUNS, USE:                      !!!
20230319 041453.257 INFO             PET1 !!!                   ESMF_LOGKIND_Multi_On_Error  !!!
20230319 041453.257 INFO             PET1 !!!!!!!!!!!!!!!!!!!!!!!!!!!!!!!!!!!!!!!!!!!!!!!!!!!!!!
20230319 041453.257 INFO             PET1 Running with ESMF Version   : v8.5.0b18-5-ge74a33b
20230319 041453.257 INFO             PET1 ESMF library build date/time: "Mar 19 2023" "02:51:57"
20230319 041453.257 INFO             PET1 ESMF library build location : /work/noaa/da/mpotts/sandbox/pgi_2019_openmpi_O_develop/esmf
20230319 041453.257 INFO             PET1 ESMF_COMM                   : openmpi
20230319 041453.257 INFO             PET1 ESMF_MOAB                   : enabled
20230319 041453.257 INFO             PET1 ESMF_LAPACK                 : enabled
20230319 041453.257 INFO             PET1 ESMF_NETCDF                 : enabled
20230319 041453.257 INFO             PET1 ESMF_PNETCDF                : disabled
20230319 041453.257 INFO             PET1 ESMF_PIO                    : enabled
20230319 041453.257 INFO             PET1 ESMF_YAMLCPP                : enabled
20230319 041453.388 INFO             PET1 esmApp STARTING
20230319 041453.390 INFO             PET1 esm: InitializeGeneric intro.
20230319 041453.390 INFO             PET1   esm: InitializeP0 intro.
20230319 041453.390 INFO             PET1   esm: InitializeP0 extro.
20230319 041453.390 INFO             PET1   esm: InitializeIPDv02p1 intro.
20230319 041453.390 INFO             PET1     >>>esm: entered Initialize (phase=<none>) without valid internal Clock.
20230319 041453.391 INFO             PET1     esm - Creating model component ATM without petList.
20230319 041453.393 INFO             PET1     esm - Creating model component OCN without petList.
20230319 041453.394 INFO             PET1     esm - Creating connector component ATM-TO-OCN without petList.
20230319 041453.396 INFO             PET1     esm - Creating connector component OCN-TO-ATM without petList.
20230319 041453.399 INFO             PET1     esm - Creating state: modelComp 1 Import State
20230319 041453.399 INFO             PET1     esm - Creating state: modelComp 1 Export State
20230319 041453.399 INFO             PET1     esm - Creating state: modelComp 2 Import State
20230319 041453.399 INFO             PET1     esm - Creating state: modelComp 2 Export State
20230319 041453.399 INFO             PET1     ATM: InitializeP0 intro.
20230319 041453.400 INFO             PET1     ATM: InitializeP0 extro.
20230319 041453.400 INFO             PET1     OCN: InitializeP0 intro.
20230319 041453.400 INFO             PET1     OCN: InitializeP0 extro.
20230319 041453.401 INFO             PET1     ATM-TO-OCN: InitializeP0 intro.
20230319 041453.401 INFO             PET1     ATM-TO-OCN: InitializeP0 extro.
20230319 041453.402 INFO             PET1     OCN-TO-ATM: InitializeP0 intro.
20230319 041453.402 INFO             PET1     OCN-TO-ATM: InitializeP0 extro.
20230319 041453.402 INFO             PET1     esm: IInitAdvertise intro.
20230319 041453.402 INFO             PET1     esm: IInitAdvertise extro.
20230319 041453.402 INFO             PET1     ATM: InitializeIPDvXp01 intro.
20230319 041453.404 INFO             PET1     ATM: InitializeIPDvXp01 extro.
20230319 041453.404 INFO             PET1     OCN: InitializeIPDvXp01 intro.
20230319 041453.405 INFO             PET1     OCN: InitializeIPDvXp01 extro.
20230319 041453.405 INFO             PET1     ATM-TO-OCN: InitializeIPDv05p1 intro.
20230319 041453.407 INFO             PET1     ATM-TO-OCN: InitializeIPDv05p1 extro.
20230319 041453.407 INFO             PET1     OCN-TO-ATM: InitializeIPDv05p1 intro.
20230319 041453.408 INFO             PET1     OCN-TO-ATM: InitializeIPDv05p1 extro.
20230319 041453.408 INFO             PET1     esm: IInitAdvertiseFinish intro.
20230319 041453.408 INFO             PET1     esm: IInitAdvertiseFinish extro.
20230319 041453.408 INFO             PET1     ATM-TO-OCN: InitializeIPDv05p2a intro.
20230319 041453.410 INFO             PET1     ATM-TO-OCN: InitializeIPDv05p2a extro.
20230319 041453.410 INFO             PET1     OCN-TO-ATM: InitializeIPDv05p2a intro.
20230319 041453.411 INFO             PET1     OCN-TO-ATM: InitializeIPDv05p2a extro.
20230319 041453.411 INFO             PET1     ATM-TO-OCN: InitializeIPDv05p2b intro.
20230319 041453.412 INFO             PET1     ATM-TO-OCN: InitializeIPDv05p2b extro.
20230319 041453.412 INFO             PET1     OCN-TO-ATM: InitializeIPDv05p2b intro.
20230319 041453.413 INFO             PET1     OCN-TO-ATM: InitializeIPDv05p2b extro.
20230319 041453.413 INFO             PET1     esm: IInitModifyCplLists intro.
20230319 041453.414 INFO             PET1     esm: IInitModifyCplLists extro.
20230319 041453.414 INFO             PET1     ATM-TO-OCN: InitializeIPDv05p3 intro.
20230319 041453.415 INFO             PET1     ATM-TO-OCN: InitializeIPDv05p3 extro.
20230319 041453.415 INFO             PET1     OCN-TO-ATM: InitializeIPDv05p3 intro.
20230319 041453.416 INFO             PET1     OCN-TO-ATM: InitializeIPDv05p3 extro.
20230319 041453.416 INFO             PET1     <<<esm: leaving Initialize (phase=<none>) with current time: 2010  6  1  0  0  0   0
20230319 041453.416 INFO             PET1   esm: InitializeIPDv02p1 extro.
20230319 041453.416 INFO             PET1   esm: InitializeIPDv02p3 intro.
20230319 041453.417 INFO             PET1     >>>esm: entered Initialize (phase=<none>) with current time: 2010  6  1  0  0  0   0
20230319 041453.417 INFO             PET1     esm: IInitCheck intro.
20230319 041453.417 INFO             PET1     esm: IInitCheck extro.
20230319 041453.417 INFO             PET1     atmA: InitializeIPDvXp04 intro.
20230319 041453.419 INFO             PET1     atmA: InitializeIPDvXp04 extro.
20230319 041453.419 INFO             PET1     ocnA: InitializeIPDvXp04 intro.
20230319 041453.421 INFO             PET1     ocnA: InitializeIPDvXp04 extro.
20230319 041453.422 INFO             PET1     ATM-TO-OCN: InitializeIPDv05p4 intro.
20230319 041453.424 INFO             PET1     ATM-TO-OCN: InitializeIPDv05p4 extro.
20230319 041453.424 INFO             PET1     OCN-TO-ATM: InitializeIPDv05p4 intro.
20230319 041453.425 INFO             PET1     OCN-TO-ATM: InitializeIPDv05p4 extro.
20230319 041453.425 INFO             PET1     ATM-TO-OCN: InitializeIPDv05p5 intro.
20230319 041453.428 INFO             PET1     ATM-TO-OCN: InitializeIPDv05p5 extro.
20230319 041453.428 INFO             PET1     OCN-TO-ATM: InitializeIPDv05p5 intro.
20230319 041453.429 INFO             PET1     OCN-TO-ATM: InitializeIPDv05p5 extro.
20230319 041453.429 INFO             PET1     esm: IInitRealize intro.
20230319 041453.429 INFO             PET1     esm: IInitRealize extro.
20230319 041453.429 INFO             PET1     ATM-TO-OCN: InitializeIPDv05p6a intro.
20230319 041453.431 INFO             PET1     ATM-TO-OCN: InitializeIPDv05p6a extro.
20230319 041549.912 INFO             PET1 !!!!!!!!!!!!!!!!!!!!!!!!!!!!!!!!!!!!!!!!!!!!!!!!!!!!!!
20230319 041549.914 INFO             PET1 !!! THE ESMF_LOG IS SET TO OUTPUT ALL LOG MESSAGES !!!
20230319 041549.914 INFO             PET1 !!!     THIS MAY CAUSE SLOWDOWN IN PERFORMANCE     !!!
20230319 041549.914 INFO             PET1 !!! FOR PRODUCTION RUNS, USE:                      !!!
20230319 041549.914 INFO             PET1 !!!                   ESMF_LOGKIND_Multi_On_Error  !!!
20230319 041549.914 INFO             PET1 !!!!!!!!!!!!!!!!!!!!!!!!!!!!!!!!!!!!!!!!!!!!!!!!!!!!!!
20230319 041549.914 INFO             PET1 Running with ESMF Version   : v8.5.0b18-5-ge74a33b
20230319 041549.914 INFO             PET1 ESMF library build date/time: "Mar 19 2023" "02:51:57"
20230319 041549.914 INFO             PET1 ESMF library build location : /work/noaa/da/mpotts/sandbox/pgi_2019_openmpi_O_develop/esmf
20230319 041549.914 INFO             PET1 ESMF_COMM                   : openmpi
20230319 041549.914 INFO             PET1 ESMF_MOAB                   : enabled
20230319 041549.914 INFO             PET1 ESMF_LAPACK                 : enabled
20230319 041549.914 INFO             PET1 ESMF_NETCDF                 : enabled
20230319 041549.914 INFO             PET1 ESMF_PNETCDF                : disabled
20230319 041549.914 INFO             PET1 ESMF_PIO                    : enabled
20230319 041549.914 INFO             PET1 ESMF_YAMLCPP                : enabled
20230319 041549.915 INFO             PET1 esmApp STARTING
20230319 041549.917 INFO             PET1 esm: InitializeGeneric intro.
20230319 041549.917 INFO             PET1   esm: InitializeP0 intro.
20230319 041549.917 INFO             PET1   esm: InitializeP0 extro.
20230319 041549.917 INFO             PET1   esm: InitializeIPDv02p1 intro.
20230319 041549.917 INFO             PET1     >>>esm: entered Initialize (phase=<none>) without valid internal Clock.
20230319 041549.919 INFO             PET1     esm - Creating model component ATM without petList.
20230319 041549.920 INFO             PET1     esm - Creating model component OCN without petList.
20230319 041549.921 INFO             PET1     esm - Creating connector component ATM-TO-OCN without petList.
20230319 041549.924 INFO             PET1     esm - Creating connector component OCN-TO-ATM without petList.
20230319 041549.926 INFO             PET1     esm - Creating state: modelComp 1 Import State
20230319 041549.926 INFO             PET1     esm - Creating state: modelComp 1 Export State
20230319 041549.926 INFO             PET1     esm - Creating state: modelComp 2 Import State
20230319 041549.926 INFO             PET1     esm - Creating state: modelComp 2 Export State
20230319 041549.927 INFO             PET1     ATM: InitializeP0 intro.
20230319 041549.927 INFO             PET1     ATM: InitializeP0 extro.
20230319 041549.927 INFO             PET1     OCN: InitializeP0 intro.
20230319 041549.928 INFO             PET1     OCN: InitializeP0 extro.
20230319 041549.929 INFO             PET1     ATM-TO-OCN: InitializeP0 intro.
20230319 041549.929 INFO             PET1     ATM-TO-OCN: InitializeP0 extro.
20230319 041549.929 INFO             PET1     OCN-TO-ATM: InitializeP0 intro.
20230319 041549.929 INFO             PET1     OCN-TO-ATM: InitializeP0 extro.
20230319 041549.930 INFO             PET1     esm: IInitAdvertise intro.
20230319 041549.930 INFO             PET1     esm: IInitAdvertise extro.
20230319 041549.930 INFO             PET1     ATM: InitializeIPDvXp01 intro.
20230319 041549.931 INFO             PET1     ATM: InitializeIPDvXp01 extro.
20230319 041549.931 INFO             PET1     OCN: InitializeIPDvXp01 intro.
20230319 041549.933 INFO             PET1     OCN: InitializeIPDvXp01 extro.
20230319 041549.933 INFO             PET1     ATM-TO-OCN: InitializeIPDv05p1 intro.
20230319 041549.935 INFO             PET1     ATM-TO-OCN: InitializeIPDv05p1 extro.
20230319 041549.935 INFO             PET1     OCN-TO-ATM: InitializeIPDv05p1 intro.
20230319 041549.936 INFO             PET1     OCN-TO-ATM: InitializeIPDv05p1 extro.
20230319 041549.936 INFO             PET1     esm: IInitAdvertiseFinish intro.
20230319 041549.936 INFO             PET1     esm: IInitAdvertiseFinish extro.
20230319 041549.936 INFO             PET1     ATM-TO-OCN: InitializeIPDv05p2a intro.
20230319 041549.938 INFO             PET1     ATM-TO-OCN: InitializeIPDv05p2a extro.
20230319 041549.938 INFO             PET1     OCN-TO-ATM: InitializeIPDv05p2a intro.
20230319 041549.939 INFO             PET1     OCN-TO-ATM: InitializeIPDv05p2a extro.
20230319 041549.939 INFO             PET1     ATM-TO-OCN: InitializeIPDv05p2b intro.
20230319 041549.940 INFO             PET1     ATM-TO-OCN: InitializeIPDv05p2b extro.
20230319 041549.940 INFO             PET1     OCN-TO-ATM: InitializeIPDv05p2b intro.
20230319 041549.941 INFO             PET1     OCN-TO-ATM: InitializeIPDv05p2b extro.
20230319 041549.941 INFO             PET1     esm: IInitModifyCplLists intro.
20230319 041549.941 INFO             PET1     esm: IInitModifyCplLists extro.
20230319 041549.941 INFO             PET1     ATM-TO-OCN: InitializeIPDv05p3 intro.
20230319 041549.943 INFO             PET1     ATM-TO-OCN: InitializeIPDv05p3 extro.
20230319 041549.943 INFO             PET1     OCN-TO-ATM: InitializeIPDv05p3 intro.
20230319 041549.944 INFO             PET1     OCN-TO-ATM: InitializeIPDv05p3 extro.
20230319 041549.944 INFO             PET1     <<<esm: leaving Initialize (phase=<none>) with current time: 2010  6  1  0  0  0   0
20230319 041549.944 INFO             PET1   esm: InitializeIPDv02p1 extro.
20230319 041549.944 INFO             PET1   esm: InitializeIPDv02p3 intro.
20230319 041549.944 INFO             PET1     >>>esm: entered Initialize (phase=<none>) with current time: 2010  6  1  0  0  0   0
20230319 041549.944 INFO             PET1     esm: IInitCheck intro.
20230319 041549.944 INFO             PET1     esm: IInitCheck extro.
20230319 041549.944 INFO             PET1     atmB: InitializeIPDvXp04 intro.
20230319 041549.947 INFO             PET1     atmB: InitializeIPDvXp04 extro.
20230319 041549.947 INFO             PET1     ocnA: InitializeIPDvXp04 intro.
20230319 041549.949 INFO             PET1     ocnA: InitializeIPDvXp04 extro.
20230319 041549.950 INFO             PET1     ATM-TO-OCN: InitializeIPDv05p4 intro.
20230319 041549.952 INFO             PET1     ATM-TO-OCN: InitializeIPDv05p4 extro.
20230319 041549.952 INFO             PET1     OCN-TO-ATM: InitializeIPDv05p4 intro.
20230319 041549.953 INFO             PET1     OCN-TO-ATM: InitializeIPDv05p4 extro.
20230319 041549.953 INFO             PET1     ATM-TO-OCN: InitializeIPDv05p5 intro.
20230319 041549.955 INFO             PET1     ATM-TO-OCN: InitializeIPDv05p5 extro.
20230319 041549.955 INFO             PET1     OCN-TO-ATM: InitializeIPDv05p5 intro.
20230319 041549.957 INFO             PET1     OCN-TO-ATM: InitializeIPDv05p5 extro.
20230319 041549.957 INFO             PET1     esm: IInitRealize intro.
20230319 041549.957 INFO             PET1     esm: IInitRealize extro.
20230319 041549.957 INFO             PET1     ATM-TO-OCN: InitializeIPDv05p6a intro.
20230319 041549.959 INFO             PET1     ATM-TO-OCN: InitializeIPDv05p6a extro.
20230319 041611.573 INFO             PET1 !!!!!!!!!!!!!!!!!!!!!!!!!!!!!!!!!!!!!!!!!!!!!!!!!!!!!!
20230319 041611.576 INFO             PET1 !!! THE ESMF_LOG IS SET TO OUTPUT ALL LOG MESSAGES !!!
20230319 041611.576 INFO             PET1 !!!     THIS MAY CAUSE SLOWDOWN IN PERFORMANCE     !!!
20230319 041611.576 INFO             PET1 !!! FOR PRODUCTION RUNS, USE:                      !!!
20230319 041611.576 INFO             PET1 !!!                   ESMF_LOGKIND_Multi_On_Error  !!!
20230319 041611.576 INFO             PET1 !!!!!!!!!!!!!!!!!!!!!!!!!!!!!!!!!!!!!!!!!!!!!!!!!!!!!!
20230319 041611.576 INFO             PET1 Running with ESMF Version   : v8.5.0b18-5-ge74a33b
20230319 041611.576 INFO             PET1 ESMF library build date/time: "Mar 19 2023" "02:51:57"
20230319 041611.576 INFO             PET1 ESMF library build location : /work/noaa/da/mpotts/sandbox/pgi_2019_openmpi_O_develop/esmf
20230319 041611.576 INFO             PET1 ESMF_COMM                   : openmpi
20230319 041611.576 INFO             PET1 ESMF_MOAB                   : enabled
20230319 041611.576 INFO             PET1 ESMF_LAPACK                 : enabled
20230319 041611.576 INFO             PET1 ESMF_NETCDF                 : enabled
20230319 041611.576 INFO             PET1 ESMF_PNETCDF                : disabled
20230319 041611.576 INFO             PET1 ESMF_PIO                    : enabled
20230319 041611.576 INFO             PET1 ESMF_YAMLCPP                : enabled
20230319 041611.576 INFO             PET1 esmApp STARTING
20230319 041611.578 INFO             PET1 esm: InitializeGeneric intro.
20230319 041611.578 INFO             PET1   esm: InitializeP0 intro.
20230319 041611.578 INFO             PET1   esm: InitializeP0 extro.
20230319 041611.578 INFO             PET1   esm: InitializeIPDv02p1 intro.
20230319 041611.579 INFO             PET1     >>>esm: entered Initialize (phase=<none>) without valid internal Clock.
20230319 041611.580 INFO             PET1     esm - Creating model component ATM without petList.
20230319 041611.581 INFO             PET1     esm - Creating model component OCN without petList.
20230319 041611.583 INFO             PET1     esm - Creating connector component ATM-TO-OCN without petList.
20230319 041611.585 INFO             PET1     esm - Creating connector component OCN-TO-ATM without petList.
20230319 041611.587 INFO             PET1     esm - Creating state: modelComp 1 Import State
20230319 041611.587 INFO             PET1     esm - Creating state: modelComp 1 Export State
20230319 041611.587 INFO             PET1     esm - Creating state: modelComp 2 Import State
20230319 041611.587 INFO             PET1     esm - Creating state: modelComp 2 Export State
20230319 041611.588 INFO             PET1     ATM: InitializeP0 intro.
20230319 041611.588 INFO             PET1     ATM: InitializeP0 extro.
20230319 041611.588 INFO             PET1     OCN: InitializeP0 intro.
20230319 041611.589 INFO             PET1     OCN: InitializeP0 extro.
20230319 041611.589 INFO             PET1     ATM-TO-OCN: InitializeP0 intro.
20230319 041611.589 INFO             PET1     ATM-TO-OCN: InitializeP0 extro.
20230319 041611.590 INFO             PET1     OCN-TO-ATM: InitializeP0 intro.
20230319 041611.590 INFO             PET1     OCN-TO-ATM: InitializeP0 extro.
20230319 041611.591 INFO             PET1     esm: IInitAdvertise intro.
20230319 041611.591 INFO             PET1     esm: IInitAdvertise extro.
20230319 041611.591 INFO             PET1     ATM: InitializeIPDvXp01 intro.
20230319 041611.592 INFO             PET1     ATM: InitializeIPDvXp01 extro.
20230319 041611.592 INFO             PET1     OCN: InitializeIPDvXp01 intro.
20230319 041611.593 INFO             PET1     OCN: InitializeIPDvXp01 extro.
20230319 041611.594 INFO             PET1     ATM-TO-OCN: InitializeIPDv05p1 intro.
20230319 041611.595 INFO             PET1     ATM-TO-OCN: InitializeIPDv05p1 extro.
20230319 041611.595 INFO             PET1     OCN-TO-ATM: InitializeIPDv05p1 intro.
20230319 041611.596 INFO             PET1     OCN-TO-ATM: InitializeIPDv05p1 extro.
20230319 041611.597 INFO             PET1     esm: IInitAdvertiseFinish intro.
20230319 041611.597 INFO             PET1     esm: IInitAdvertiseFinish extro.
20230319 041611.597 INFO             PET1     ATM-TO-OCN: InitializeIPDv05p2a intro.
20230319 041611.598 INFO             PET1     ATM-TO-OCN: InitializeIPDv05p2a extro.
20230319 041611.598 INFO             PET1     OCN-TO-ATM: InitializeIPDv05p2a intro.
20230319 041611.599 INFO             PET1     OCN-TO-ATM: InitializeIPDv05p2a extro.
20230319 041611.599 INFO             PET1     ATM-TO-OCN: InitializeIPDv05p2b intro.
20230319 041611.600 INFO             PET1     ATM-TO-OCN: InitializeIPDv05p2b extro.
20230319 041611.601 INFO             PET1     OCN-TO-ATM: InitializeIPDv05p2b intro.
20230319 041611.601 INFO             PET1     OCN-TO-ATM: InitializeIPDv05p2b extro.
20230319 041611.602 INFO             PET1     esm: IInitModifyCplLists intro.
20230319 041611.602 INFO             PET1     esm: IInitModifyCplLists extro.
20230319 041611.602 INFO             PET1     ATM-TO-OCN: InitializeIPDv05p3 intro.
20230319 041611.603 INFO             PET1     ATM-TO-OCN: InitializeIPDv05p3 extro.
20230319 041611.603 INFO             PET1     OCN-TO-ATM: InitializeIPDv05p3 intro.
20230319 041611.604 INFO             PET1     OCN-TO-ATM: InitializeIPDv05p3 extro.
20230319 041611.604 INFO             PET1     <<<esm: leaving Initialize (phase=<none>) with current time: 2010  6  1  0  0  0   0
20230319 041611.604 INFO             PET1   esm: InitializeIPDv02p1 extro.
20230319 041611.605 INFO             PET1   esm: InitializeIPDv02p3 intro.
20230319 041611.605 INFO             PET1     >>>esm: entered Initialize (phase=<none>) with current time: 2010  6  1  0  0  0   0
20230319 041611.605 INFO             PET1     esm: IInitCheck intro.
20230319 041611.605 INFO             PET1     esm: IInitCheck extro.
20230319 041611.605 INFO             PET1     atmA: InitializeIPDvXp04 intro.
20230319 041611.607 INFO             PET1     atmA: InitializeIPDvXp04 extro.
20230319 041611.607 INFO             PET1     ocnB: InitializeIPDvXp04 intro.
20230319 041611.609 INFO             PET1     ocnB: InitializeIPDvXp04 extro.
20230319 041611.610 INFO             PET1     ATM-TO-OCN: InitializeIPDv05p4 intro.
20230319 041611.612 INFO             PET1     ATM-TO-OCN: InitializeIPDv05p4 extro.
20230319 041611.612 INFO             PET1     OCN-TO-ATM: InitializeIPDv05p4 intro.
20230319 041611.614 INFO             PET1     OCN-TO-ATM: InitializeIPDv05p4 extro.
20230319 041611.614 INFO             PET1     ATM-TO-OCN: InitializeIPDv05p5 intro.
20230319 041611.616 INFO             PET1     ATM-TO-OCN: InitializeIPDv05p5 extro.
20230319 041611.616 INFO             PET1     OCN-TO-ATM: InitializeIPDv05p5 intro.
20230319 041611.617 INFO             PET1     OCN-TO-ATM: InitializeIPDv05p5 extro.
20230319 041611.617 INFO             PET1     esm: IInitRealize intro.
20230319 041611.617 INFO             PET1     esm: IInitRealize extro.
20230319 041611.617 INFO             PET1     ATM-TO-OCN: InitializeIPDv05p6a intro.
20230319 041611.619 INFO             PET1     ATM-TO-OCN: InitializeIPDv05p6a extro.
20230319 041453.254 INFO             PET2 !!!!!!!!!!!!!!!!!!!!!!!!!!!!!!!!!!!!!!!!!!!!!!!!!!!!!!
20230319 041453.256 INFO             PET2 !!! THE ESMF_LOG IS SET TO OUTPUT ALL LOG MESSAGES !!!
20230319 041453.256 INFO             PET2 !!!     THIS MAY CAUSE SLOWDOWN IN PERFORMANCE     !!!
20230319 041453.256 INFO             PET2 !!! FOR PRODUCTION RUNS, USE:                      !!!
20230319 041453.256 INFO             PET2 !!!                   ESMF_LOGKIND_Multi_On_Error  !!!
20230319 041453.256 INFO             PET2 !!!!!!!!!!!!!!!!!!!!!!!!!!!!!!!!!!!!!!!!!!!!!!!!!!!!!!
20230319 041453.256 INFO             PET2 Running with ESMF Version   : v8.5.0b18-5-ge74a33b
20230319 041453.256 INFO             PET2 ESMF library build date/time: "Mar 19 2023" "02:51:57"
20230319 041453.256 INFO             PET2 ESMF library build location : /work/noaa/da/mpotts/sandbox/pgi_2019_openmpi_O_develop/esmf
20230319 041453.256 INFO             PET2 ESMF_COMM                   : openmpi
20230319 041453.257 INFO             PET2 ESMF_MOAB                   : enabled
20230319 041453.257 INFO             PET2 ESMF_LAPACK                 : enabled
20230319 041453.257 INFO             PET2 ESMF_NETCDF                 : enabled
20230319 041453.257 INFO             PET2 ESMF_PNETCDF                : disabled
20230319 041453.257 INFO             PET2 ESMF_PIO                    : enabled
20230319 041453.257 INFO             PET2 ESMF_YAMLCPP                : enabled
20230319 041453.388 INFO             PET2 esmApp STARTING
20230319 041453.390 INFO             PET2 esm: InitializeGeneric intro.
20230319 041453.390 INFO             PET2   esm: InitializeP0 intro.
20230319 041453.390 INFO             PET2   esm: InitializeP0 extro.
20230319 041453.390 INFO             PET2   esm: InitializeIPDv02p1 intro.
20230319 041453.390 INFO             PET2     >>>esm: entered Initialize (phase=<none>) without valid internal Clock.
20230319 041453.391 INFO             PET2     esm - Creating model component ATM without petList.
20230319 041453.393 INFO             PET2     esm - Creating model component OCN without petList.
20230319 041453.394 INFO             PET2     esm - Creating connector component ATM-TO-OCN without petList.
20230319 041453.396 INFO             PET2     esm - Creating connector component OCN-TO-ATM without petList.
20230319 041453.399 INFO             PET2     esm - Creating state: modelComp 1 Import State
20230319 041453.399 INFO             PET2     esm - Creating state: modelComp 1 Export State
20230319 041453.399 INFO             PET2     esm - Creating state: modelComp 2 Import State
20230319 041453.399 INFO             PET2     esm - Creating state: modelComp 2 Export State
20230319 041453.399 INFO             PET2     ATM: InitializeP0 intro.
20230319 041453.400 INFO             PET2     ATM: InitializeP0 extro.
20230319 041453.400 INFO             PET2     OCN: InitializeP0 intro.
20230319 041453.400 INFO             PET2     OCN: InitializeP0 extro.
20230319 041453.401 INFO             PET2     ATM-TO-OCN: InitializeP0 intro.
20230319 041453.401 INFO             PET2     ATM-TO-OCN: InitializeP0 extro.
20230319 041453.401 INFO             PET2     OCN-TO-ATM: InitializeP0 intro.
20230319 041453.402 INFO             PET2     OCN-TO-ATM: InitializeP0 extro.
20230319 041453.402 INFO             PET2     esm: IInitAdvertise intro.
20230319 041453.402 INFO             PET2     esm: IInitAdvertise extro.
20230319 041453.402 INFO             PET2     ATM: InitializeIPDvXp01 intro.
20230319 041453.404 INFO             PET2     ATM: InitializeIPDvXp01 extro.
20230319 041453.404 INFO             PET2     OCN: InitializeIPDvXp01 intro.
20230319 041453.405 INFO             PET2     OCN: InitializeIPDvXp01 extro.
20230319 041453.405 INFO             PET2     ATM-TO-OCN: InitializeIPDv05p1 intro.
20230319 041453.407 INFO             PET2     ATM-TO-OCN: InitializeIPDv05p1 extro.
20230319 041453.407 INFO             PET2     OCN-TO-ATM: InitializeIPDv05p1 intro.
20230319 041453.408 INFO             PET2     OCN-TO-ATM: InitializeIPDv05p1 extro.
20230319 041453.408 INFO             PET2     esm: IInitAdvertiseFinish intro.
20230319 041453.408 INFO             PET2     esm: IInitAdvertiseFinish extro.
20230319 041453.408 INFO             PET2     ATM-TO-OCN: InitializeIPDv05p2a intro.
20230319 041453.410 INFO             PET2     ATM-TO-OCN: InitializeIPDv05p2a extro.
20230319 041453.410 INFO             PET2     OCN-TO-ATM: InitializeIPDv05p2a intro.
20230319 041453.411 INFO             PET2     OCN-TO-ATM: InitializeIPDv05p2a extro.
20230319 041453.411 INFO             PET2     ATM-TO-OCN: InitializeIPDv05p2b intro.
20230319 041453.412 INFO             PET2     ATM-TO-OCN: InitializeIPDv05p2b extro.
20230319 041453.412 INFO             PET2     OCN-TO-ATM: InitializeIPDv05p2b intro.
20230319 041453.413 INFO             PET2     OCN-TO-ATM: InitializeIPDv05p2b extro.
20230319 041453.413 INFO             PET2     esm: IInitModifyCplLists intro.
20230319 041453.414 INFO             PET2     esm: IInitModifyCplLists extro.
20230319 041453.414 INFO             PET2     ATM-TO-OCN: InitializeIPDv05p3 intro.
20230319 041453.415 INFO             PET2     ATM-TO-OCN: InitializeIPDv05p3 extro.
20230319 041453.415 INFO             PET2     OCN-TO-ATM: InitializeIPDv05p3 intro.
20230319 041453.416 INFO             PET2     OCN-TO-ATM: InitializeIPDv05p3 extro.
20230319 041453.416 INFO             PET2     <<<esm: leaving Initialize (phase=<none>) with current time: 2010  6  1  0  0  0   0
20230319 041453.416 INFO             PET2   esm: InitializeIPDv02p1 extro.
20230319 041453.416 INFO             PET2   esm: InitializeIPDv02p3 intro.
20230319 041453.416 INFO             PET2     >>>esm: entered Initialize (phase=<none>) with current time: 2010  6  1  0  0  0   0
20230319 041453.417 INFO             PET2     esm: IInitCheck intro.
20230319 041453.417 INFO             PET2     esm: IInitCheck extro.
20230319 041453.417 INFO             PET2     atmA: InitializeIPDvXp04 intro.
20230319 041453.419 INFO             PET2     atmA: InitializeIPDvXp04 extro.
20230319 041453.419 INFO             PET2     ocnA: InitializeIPDvXp04 intro.
20230319 041453.421 INFO             PET2     ocnA: InitializeIPDvXp04 extro.
20230319 041453.422 INFO             PET2     ATM-TO-OCN: InitializeIPDv05p4 intro.
20230319 041453.424 INFO             PET2     ATM-TO-OCN: InitializeIPDv05p4 extro.
20230319 041453.424 INFO             PET2     OCN-TO-ATM: InitializeIPDv05p4 intro.
20230319 041453.425 INFO             PET2     OCN-TO-ATM: InitializeIPDv05p4 extro.
20230319 041453.425 INFO             PET2     ATM-TO-OCN: InitializeIPDv05p5 intro.
20230319 041453.428 INFO             PET2     ATM-TO-OCN: InitializeIPDv05p5 extro.
20230319 041453.428 INFO             PET2     OCN-TO-ATM: InitializeIPDv05p5 intro.
20230319 041453.429 INFO             PET2     OCN-TO-ATM: InitializeIPDv05p5 extro.
20230319 041453.429 INFO             PET2     esm: IInitRealize intro.
20230319 041453.429 INFO             PET2     esm: IInitRealize extro.
20230319 041453.429 INFO             PET2     ATM-TO-OCN: InitializeIPDv05p6a intro.
20230319 041453.431 INFO             PET2     ATM-TO-OCN: InitializeIPDv05p6a extro.
20230319 041549.912 INFO             PET2 !!!!!!!!!!!!!!!!!!!!!!!!!!!!!!!!!!!!!!!!!!!!!!!!!!!!!!
20230319 041549.913 INFO             PET2 !!! THE ESMF_LOG IS SET TO OUTPUT ALL LOG MESSAGES !!!
20230319 041549.913 INFO             PET2 !!!     THIS MAY CAUSE SLOWDOWN IN PERFORMANCE     !!!
20230319 041549.913 INFO             PET2 !!! FOR PRODUCTION RUNS, USE:                      !!!
20230319 041549.913 INFO             PET2 !!!                   ESMF_LOGKIND_Multi_On_Error  !!!
20230319 041549.913 INFO             PET2 !!!!!!!!!!!!!!!!!!!!!!!!!!!!!!!!!!!!!!!!!!!!!!!!!!!!!!
20230319 041549.913 INFO             PET2 Running with ESMF Version   : v8.5.0b18-5-ge74a33b
20230319 041549.913 INFO             PET2 ESMF library build date/time: "Mar 19 2023" "02:51:57"
20230319 041549.913 INFO             PET2 ESMF library build location : /work/noaa/da/mpotts/sandbox/pgi_2019_openmpi_O_develop/esmf
20230319 041549.913 INFO             PET2 ESMF_COMM                   : openmpi
20230319 041549.914 INFO             PET2 ESMF_MOAB                   : enabled
20230319 041549.914 INFO             PET2 ESMF_LAPACK                 : enabled
20230319 041549.914 INFO             PET2 ESMF_NETCDF                 : enabled
20230319 041549.914 INFO             PET2 ESMF_PNETCDF                : disabled
20230319 041549.914 INFO             PET2 ESMF_PIO                    : enabled
20230319 041549.914 INFO             PET2 ESMF_YAMLCPP                : enabled
20230319 041549.915 INFO             PET2 esmApp STARTING
20230319 041549.917 INFO             PET2 esm: InitializeGeneric intro.
20230319 041549.917 INFO             PET2   esm: InitializeP0 intro.
20230319 041549.917 INFO             PET2   esm: InitializeP0 extro.
20230319 041549.917 INFO             PET2   esm: InitializeIPDv02p1 intro.
20230319 041549.917 INFO             PET2     >>>esm: entered Initialize (phase=<none>) without valid internal Clock.
20230319 041549.919 INFO             PET2     esm - Creating model component ATM without petList.
20230319 041549.920 INFO             PET2     esm - Creating model component OCN without petList.
20230319 041549.921 INFO             PET2     esm - Creating connector component ATM-TO-OCN without petList.
20230319 041549.924 INFO             PET2     esm - Creating connector component OCN-TO-ATM without petList.
20230319 041549.926 INFO             PET2     esm - Creating state: modelComp 1 Import State
20230319 041549.926 INFO             PET2     esm - Creating state: modelComp 1 Export State
20230319 041549.926 INFO             PET2     esm - Creating state: modelComp 2 Import State
20230319 041549.926 INFO             PET2     esm - Creating state: modelComp 2 Export State
20230319 041549.927 INFO             PET2     ATM: InitializeP0 intro.
20230319 041549.927 INFO             PET2     ATM: InitializeP0 extro.
20230319 041549.927 INFO             PET2     OCN: InitializeP0 intro.
20230319 041549.928 INFO             PET2     OCN: InitializeP0 extro.
20230319 041549.928 INFO             PET2     ATM-TO-OCN: InitializeP0 intro.
20230319 041549.929 INFO             PET2     ATM-TO-OCN: InitializeP0 extro.
20230319 041549.929 INFO             PET2     OCN-TO-ATM: InitializeP0 intro.
20230319 041549.929 INFO             PET2     OCN-TO-ATM: InitializeP0 extro.
20230319 041549.930 INFO             PET2     esm: IInitAdvertise intro.
20230319 041549.930 INFO             PET2     esm: IInitAdvertise extro.
20230319 041549.930 INFO             PET2     ATM: InitializeIPDvXp01 intro.
20230319 041549.931 INFO             PET2     ATM: InitializeIPDvXp01 extro.
20230319 041549.931 INFO             PET2     OCN: InitializeIPDvXp01 intro.
20230319 041549.932 INFO             PET2     OCN: InitializeIPDvXp01 extro.
20230319 041549.933 INFO             PET2     ATM-TO-OCN: InitializeIPDv05p1 intro.
20230319 041549.935 INFO             PET2     ATM-TO-OCN: InitializeIPDv05p1 extro.
20230319 041549.935 INFO             PET2     OCN-TO-ATM: InitializeIPDv05p1 intro.
20230319 041549.936 INFO             PET2     OCN-TO-ATM: InitializeIPDv05p1 extro.
20230319 041549.936 INFO             PET2     esm: IInitAdvertiseFinish intro.
20230319 041549.936 INFO             PET2     esm: IInitAdvertiseFinish extro.
20230319 041549.936 INFO             PET2     ATM-TO-OCN: InitializeIPDv05p2a intro.
20230319 041549.938 INFO             PET2     ATM-TO-OCN: InitializeIPDv05p2a extro.
20230319 041549.938 INFO             PET2     OCN-TO-ATM: InitializeIPDv05p2a intro.
20230319 041549.939 INFO             PET2     OCN-TO-ATM: InitializeIPDv05p2a extro.
20230319 041549.939 INFO             PET2     ATM-TO-OCN: InitializeIPDv05p2b intro.
20230319 041549.940 INFO             PET2     ATM-TO-OCN: InitializeIPDv05p2b extro.
20230319 041549.940 INFO             PET2     OCN-TO-ATM: InitializeIPDv05p2b intro.
20230319 041549.941 INFO             PET2     OCN-TO-ATM: InitializeIPDv05p2b extro.
20230319 041549.941 INFO             PET2     esm: IInitModifyCplLists intro.
20230319 041549.941 INFO             PET2     esm: IInitModifyCplLists extro.
20230319 041549.941 INFO             PET2     ATM-TO-OCN: InitializeIPDv05p3 intro.
20230319 041549.943 INFO             PET2     ATM-TO-OCN: InitializeIPDv05p3 extro.
20230319 041549.943 INFO             PET2     OCN-TO-ATM: InitializeIPDv05p3 intro.
20230319 041549.944 INFO             PET2     OCN-TO-ATM: InitializeIPDv05p3 extro.
20230319 041549.944 INFO             PET2     <<<esm: leaving Initialize (phase=<none>) with current time: 2010  6  1  0  0  0   0
20230319 041549.944 INFO             PET2   esm: InitializeIPDv02p1 extro.
20230319 041549.944 INFO             PET2   esm: InitializeIPDv02p3 intro.
20230319 041549.944 INFO             PET2     >>>esm: entered Initialize (phase=<none>) with current time: 2010  6  1  0  0  0   0
20230319 041549.944 INFO             PET2     esm: IInitCheck intro.
20230319 041549.944 INFO             PET2     esm: IInitCheck extro.
20230319 041549.944 INFO             PET2     atmB: InitializeIPDvXp04 intro.
20230319 041549.947 INFO             PET2     atmB: InitializeIPDvXp04 extro.
20230319 041549.947 INFO             PET2     ocnA: InitializeIPDvXp04 intro.
20230319 041549.949 INFO             PET2     ocnA: InitializeIPDvXp04 extro.
20230319 041549.950 INFO             PET2     ATM-TO-OCN: InitializeIPDv05p4 intro.
20230319 041549.952 INFO             PET2     ATM-TO-OCN: InitializeIPDv05p4 extro.
20230319 041549.952 INFO             PET2     OCN-TO-ATM: InitializeIPDv05p4 intro.
20230319 041549.953 INFO             PET2     OCN-TO-ATM: InitializeIPDv05p4 extro.
20230319 041549.953 INFO             PET2     ATM-TO-OCN: InitializeIPDv05p5 intro.
20230319 041549.955 INFO             PET2     ATM-TO-OCN: InitializeIPDv05p5 extro.
20230319 041549.955 INFO             PET2     OCN-TO-ATM: InitializeIPDv05p5 intro.
20230319 041549.957 INFO             PET2     OCN-TO-ATM: InitializeIPDv05p5 extro.
20230319 041549.957 INFO             PET2     esm: IInitRealize intro.
20230319 041549.957 INFO             PET2     esm: IInitRealize extro.
20230319 041549.957 INFO             PET2     ATM-TO-OCN: InitializeIPDv05p6a intro.
20230319 041549.959 INFO             PET2     ATM-TO-OCN: InitializeIPDv05p6a extro.
20230319 041611.573 INFO             PET2 !!!!!!!!!!!!!!!!!!!!!!!!!!!!!!!!!!!!!!!!!!!!!!!!!!!!!!
20230319 041611.575 INFO             PET2 !!! THE ESMF_LOG IS SET TO OUTPUT ALL LOG MESSAGES !!!
20230319 041611.575 INFO             PET2 !!!     THIS MAY CAUSE SLOWDOWN IN PERFORMANCE     !!!
20230319 041611.575 INFO             PET2 !!! FOR PRODUCTION RUNS, USE:                      !!!
20230319 041611.575 INFO             PET2 !!!                   ESMF_LOGKIND_Multi_On_Error  !!!
20230319 041611.575 INFO             PET2 !!!!!!!!!!!!!!!!!!!!!!!!!!!!!!!!!!!!!!!!!!!!!!!!!!!!!!
20230319 041611.575 INFO             PET2 Running with ESMF Version   : v8.5.0b18-5-ge74a33b
20230319 041611.575 INFO             PET2 ESMF library build date/time: "Mar 19 2023" "02:51:57"
20230319 041611.575 INFO             PET2 ESMF library build location : /work/noaa/da/mpotts/sandbox/pgi_2019_openmpi_O_develop/esmf
20230319 041611.575 INFO             PET2 ESMF_COMM                   : openmpi
20230319 041611.575 INFO             PET2 ESMF_MOAB                   : enabled
20230319 041611.575 INFO             PET2 ESMF_LAPACK                 : enabled
20230319 041611.575 INFO             PET2 ESMF_NETCDF                 : enabled
20230319 041611.575 INFO             PET2 ESMF_PNETCDF                : disabled
20230319 041611.575 INFO             PET2 ESMF_PIO                    : enabled
20230319 041611.575 INFO             PET2 ESMF_YAMLCPP                : enabled
20230319 041611.576 INFO             PET2 esmApp STARTING
20230319 041611.578 INFO             PET2 esm: InitializeGeneric intro.
20230319 041611.578 INFO             PET2   esm: InitializeP0 intro.
20230319 041611.578 INFO             PET2   esm: InitializeP0 extro.
20230319 041611.578 INFO             PET2   esm: InitializeIPDv02p1 intro.
20230319 041611.578 INFO             PET2     >>>esm: entered Initialize (phase=<none>) without valid internal Clock.
20230319 041611.580 INFO             PET2     esm - Creating model component ATM without petList.
20230319 041611.581 INFO             PET2     esm - Creating model component OCN without petList.
20230319 041611.582 INFO             PET2     esm - Creating connector component ATM-TO-OCN without petList.
20230319 041611.585 INFO             PET2     esm - Creating connector component OCN-TO-ATM without petList.
20230319 041611.587 INFO             PET2     esm - Creating state: modelComp 1 Import State
20230319 041611.587 INFO             PET2     esm - Creating state: modelComp 1 Export State
20230319 041611.587 INFO             PET2     esm - Creating state: modelComp 2 Import State
20230319 041611.587 INFO             PET2     esm - Creating state: modelComp 2 Export State
20230319 041611.588 INFO             PET2     ATM: InitializeP0 intro.
20230319 041611.588 INFO             PET2     ATM: InitializeP0 extro.
20230319 041611.588 INFO             PET2     OCN: InitializeP0 intro.
20230319 041611.589 INFO             PET2     OCN: InitializeP0 extro.
20230319 041611.589 INFO             PET2     ATM-TO-OCN: InitializeP0 intro.
20230319 041611.589 INFO             PET2     ATM-TO-OCN: InitializeP0 extro.
20230319 041611.590 INFO             PET2     OCN-TO-ATM: InitializeP0 intro.
20230319 041611.590 INFO             PET2     OCN-TO-ATM: InitializeP0 extro.
20230319 041611.590 INFO             PET2     esm: IInitAdvertise intro.
20230319 041611.591 INFO             PET2     esm: IInitAdvertise extro.
20230319 041611.591 INFO             PET2     ATM: InitializeIPDvXp01 intro.
20230319 041611.592 INFO             PET2     ATM: InitializeIPDvXp01 extro.
20230319 041611.592 INFO             PET2     OCN: InitializeIPDvXp01 intro.
20230319 041611.593 INFO             PET2     OCN: InitializeIPDvXp01 extro.
20230319 041611.594 INFO             PET2     ATM-TO-OCN: InitializeIPDv05p1 intro.
20230319 041611.595 INFO             PET2     ATM-TO-OCN: InitializeIPDv05p1 extro.
20230319 041611.595 INFO             PET2     OCN-TO-ATM: InitializeIPDv05p1 intro.
20230319 041611.596 INFO             PET2     OCN-TO-ATM: InitializeIPDv05p1 extro.
20230319 041611.596 INFO             PET2     esm: IInitAdvertiseFinish intro.
20230319 041611.597 INFO             PET2     esm: IInitAdvertiseFinish extro.
20230319 041611.597 INFO             PET2     ATM-TO-OCN: InitializeIPDv05p2a intro.
20230319 041611.598 INFO             PET2     ATM-TO-OCN: InitializeIPDv05p2a extro.
20230319 041611.598 INFO             PET2     OCN-TO-ATM: InitializeIPDv05p2a intro.
20230319 041611.599 INFO             PET2     OCN-TO-ATM: InitializeIPDv05p2a extro.
20230319 041611.599 INFO             PET2     ATM-TO-OCN: InitializeIPDv05p2b intro.
20230319 041611.600 INFO             PET2     ATM-TO-OCN: InitializeIPDv05p2b extro.
20230319 041611.600 INFO             PET2     OCN-TO-ATM: InitializeIPDv05p2b intro.
20230319 041611.601 INFO             PET2     OCN-TO-ATM: InitializeIPDv05p2b extro.
20230319 041611.602 INFO             PET2     esm: IInitModifyCplLists intro.
20230319 041611.602 INFO             PET2     esm: IInitModifyCplLists extro.
20230319 041611.602 INFO             PET2     ATM-TO-OCN: InitializeIPDv05p3 intro.
20230319 041611.603 INFO             PET2     ATM-TO-OCN: InitializeIPDv05p3 extro.
20230319 041611.603 INFO             PET2     OCN-TO-ATM: InitializeIPDv05p3 intro.
20230319 041611.604 INFO             PET2     OCN-TO-ATM: InitializeIPDv05p3 extro.
20230319 041611.604 INFO             PET2     <<<esm: leaving Initialize (phase=<none>) with current time: 2010  6  1  0  0  0   0
20230319 041611.604 INFO             PET2   esm: InitializeIPDv02p1 extro.
20230319 041611.605 INFO             PET2   esm: InitializeIPDv02p3 intro.
20230319 041611.605 INFO             PET2     >>>esm: entered Initialize (phase=<none>) with current time: 2010  6  1  0  0  0   0
20230319 041611.605 INFO             PET2     esm: IInitCheck intro.
20230319 041611.605 INFO             PET2     esm: IInitCheck extro.
20230319 041611.605 INFO             PET2     atmA: InitializeIPDvXp04 intro.
20230319 041611.607 INFO             PET2     atmA: InitializeIPDvXp04 extro.
20230319 041611.607 INFO             PET2     ocnB: InitializeIPDvXp04 intro.
20230319 041611.609 INFO             PET2     ocnB: InitializeIPDvXp04 extro.
20230319 041611.610 INFO             PET2     ATM-TO-OCN: InitializeIPDv05p4 intro.
20230319 041611.612 INFO             PET2     ATM-TO-OCN: InitializeIPDv05p4 extro.
20230319 041611.612 INFO             PET2     OCN-TO-ATM: InitializeIPDv05p4 intro.
20230319 041611.614 INFO             PET2     OCN-TO-ATM: InitializeIPDv05p4 extro.
20230319 041611.614 INFO             PET2     ATM-TO-OCN: InitializeIPDv05p5 intro.
20230319 041611.616 INFO             PET2     ATM-TO-OCN: InitializeIPDv05p5 extro.
20230319 041611.616 INFO             PET2     OCN-TO-ATM: InitializeIPDv05p5 intro.
20230319 041611.617 INFO             PET2     OCN-TO-ATM: InitializeIPDv05p5 extro.
20230319 041611.617 INFO             PET2     esm: IInitRealize intro.
20230319 041611.617 INFO             PET2     esm: IInitRealize extro.
20230319 041611.617 INFO             PET2     ATM-TO-OCN: InitializeIPDv05p6a intro.
20230319 041611.619 INFO             PET2     ATM-TO-OCN: InitializeIPDv05p6a extro.
20230319 041453.292 INFO             PET3 !!!!!!!!!!!!!!!!!!!!!!!!!!!!!!!!!!!!!!!!!!!!!!!!!!!!!!
20230319 041453.293 INFO             PET3 !!! THE ESMF_LOG IS SET TO OUTPUT ALL LOG MESSAGES !!!
20230319 041453.293 INFO             PET3 !!!     THIS MAY CAUSE SLOWDOWN IN PERFORMANCE     !!!
20230319 041453.293 INFO             PET3 !!! FOR PRODUCTION RUNS, USE:                      !!!
20230319 041453.293 INFO             PET3 !!!                   ESMF_LOGKIND_Multi_On_Error  !!!
20230319 041453.293 INFO             PET3 !!!!!!!!!!!!!!!!!!!!!!!!!!!!!!!!!!!!!!!!!!!!!!!!!!!!!!
20230319 041453.293 INFO             PET3 Running with ESMF Version   : v8.5.0b18-5-ge74a33b
20230319 041453.293 INFO             PET3 ESMF library build date/time: "Mar 19 2023" "02:51:57"
20230319 041453.293 INFO             PET3 ESMF library build location : /work/noaa/da/mpotts/sandbox/pgi_2019_openmpi_O_develop/esmf
20230319 041453.293 INFO             PET3 ESMF_COMM                   : openmpi
20230319 041453.388 INFO             PET3 ESMF_MOAB                   : enabled
20230319 041453.388 INFO             PET3 ESMF_LAPACK                 : enabled
20230319 041453.388 INFO             PET3 ESMF_NETCDF                 : enabled
20230319 041453.388 INFO             PET3 ESMF_PNETCDF                : disabled
20230319 041453.388 INFO             PET3 ESMF_PIO                    : enabled
20230319 041453.388 INFO             PET3 ESMF_YAMLCPP                : enabled
20230319 041453.388 INFO             PET3 esmApp STARTING
20230319 041453.390 INFO             PET3 esm: InitializeGeneric intro.
20230319 041453.390 INFO             PET3   esm: InitializeP0 intro.
20230319 041453.390 INFO             PET3   esm: InitializeP0 extro.
20230319 041453.390 INFO             PET3   esm: InitializeIPDv02p1 intro.
20230319 041453.390 INFO             PET3     >>>esm: entered Initialize (phase=<none>) without valid internal Clock.
20230319 041453.391 INFO             PET3     esm - Creating model component ATM without petList.
20230319 041453.393 INFO             PET3     esm - Creating model component OCN without petList.
20230319 041453.394 INFO             PET3     esm - Creating connector component ATM-TO-OCN without petList.
20230319 041453.396 INFO             PET3     esm - Creating connector component OCN-TO-ATM without petList.
20230319 041453.399 INFO             PET3     esm - Creating state: modelComp 1 Import State
20230319 041453.399 INFO             PET3     esm - Creating state: modelComp 1 Export State
20230319 041453.399 INFO             PET3     esm - Creating state: modelComp 2 Import State
20230319 041453.399 INFO             PET3     esm - Creating state: modelComp 2 Export State
20230319 041453.399 INFO             PET3     ATM: InitializeP0 intro.
20230319 041453.400 INFO             PET3     ATM: InitializeP0 extro.
20230319 041453.400 INFO             PET3     OCN: InitializeP0 intro.
20230319 041453.400 INFO             PET3     OCN: InitializeP0 extro.
20230319 041453.401 INFO             PET3     ATM-TO-OCN: InitializeP0 intro.
20230319 041453.401 INFO             PET3     ATM-TO-OCN: InitializeP0 extro.
20230319 041453.401 INFO             PET3     OCN-TO-ATM: InitializeP0 intro.
20230319 041453.402 INFO             PET3     OCN-TO-ATM: InitializeP0 extro.
20230319 041453.402 INFO             PET3     esm: IInitAdvertise intro.
20230319 041453.402 INFO             PET3     esm: IInitAdvertise extro.
20230319 041453.402 INFO             PET3     ATM: InitializeIPDvXp01 intro.
20230319 041453.404 INFO             PET3     ATM: InitializeIPDvXp01 extro.
20230319 041453.404 INFO             PET3     OCN: InitializeIPDvXp01 intro.
20230319 041453.405 INFO             PET3     OCN: InitializeIPDvXp01 extro.
20230319 041453.405 INFO             PET3     ATM-TO-OCN: InitializeIPDv05p1 intro.
20230319 041453.407 INFO             PET3     ATM-TO-OCN: InitializeIPDv05p1 extro.
20230319 041453.407 INFO             PET3     OCN-TO-ATM: InitializeIPDv05p1 intro.
20230319 041453.408 INFO             PET3     OCN-TO-ATM: InitializeIPDv05p1 extro.
20230319 041453.408 INFO             PET3     esm: IInitAdvertiseFinish intro.
20230319 041453.408 INFO             PET3     esm: IInitAdvertiseFinish extro.
20230319 041453.408 INFO             PET3     ATM-TO-OCN: InitializeIPDv05p2a intro.
20230319 041453.410 INFO             PET3     ATM-TO-OCN: InitializeIPDv05p2a extro.
20230319 041453.410 INFO             PET3     OCN-TO-ATM: InitializeIPDv05p2a intro.
20230319 041453.411 INFO             PET3     OCN-TO-ATM: InitializeIPDv05p2a extro.
20230319 041453.411 INFO             PET3     ATM-TO-OCN: InitializeIPDv05p2b intro.
20230319 041453.412 INFO             PET3     ATM-TO-OCN: InitializeIPDv05p2b extro.
20230319 041453.412 INFO             PET3     OCN-TO-ATM: InitializeIPDv05p2b intro.
20230319 041453.413 INFO             PET3     OCN-TO-ATM: InitializeIPDv05p2b extro.
20230319 041453.413 INFO             PET3     esm: IInitModifyCplLists intro.
20230319 041453.414 INFO             PET3     esm: IInitModifyCplLists extro.
20230319 041453.414 INFO             PET3     ATM-TO-OCN: InitializeIPDv05p3 intro.
20230319 041453.415 INFO             PET3     ATM-TO-OCN: InitializeIPDv05p3 extro.
20230319 041453.415 INFO             PET3     OCN-TO-ATM: InitializeIPDv05p3 intro.
20230319 041453.416 INFO             PET3     OCN-TO-ATM: InitializeIPDv05p3 extro.
20230319 041453.416 INFO             PET3     <<<esm: leaving Initialize (phase=<none>) with current time: 2010  6  1  0  0  0   0
20230319 041453.416 INFO             PET3   esm: InitializeIPDv02p1 extro.
20230319 041453.416 INFO             PET3   esm: InitializeIPDv02p3 intro.
20230319 041453.416 INFO             PET3     >>>esm: entered Initialize (phase=<none>) with current time: 2010  6  1  0  0  0   0
20230319 041453.417 INFO             PET3     esm: IInitCheck intro.
20230319 041453.417 INFO             PET3     esm: IInitCheck extro.
20230319 041453.417 INFO             PET3     atmA: InitializeIPDvXp04 intro.
20230319 041453.419 INFO             PET3     atmA: InitializeIPDvXp04 extro.
20230319 041453.419 INFO             PET3     ocnA: InitializeIPDvXp04 intro.
20230319 041453.421 INFO             PET3     ocnA: InitializeIPDvXp04 extro.
20230319 041453.422 INFO             PET3     ATM-TO-OCN: InitializeIPDv05p4 intro.
20230319 041453.424 INFO             PET3     ATM-TO-OCN: InitializeIPDv05p4 extro.
20230319 041453.424 INFO             PET3     OCN-TO-ATM: InitializeIPDv05p4 intro.
20230319 041453.425 INFO             PET3     OCN-TO-ATM: InitializeIPDv05p4 extro.
20230319 041453.425 INFO             PET3     ATM-TO-OCN: InitializeIPDv05p5 intro.
20230319 041453.428 INFO             PET3     ATM-TO-OCN: InitializeIPDv05p5 extro.
20230319 041453.428 INFO             PET3     OCN-TO-ATM: InitializeIPDv05p5 intro.
20230319 041453.429 INFO             PET3     OCN-TO-ATM: InitializeIPDv05p5 extro.
20230319 041453.429 INFO             PET3     esm: IInitRealize intro.
20230319 041453.429 INFO             PET3     esm: IInitRealize extro.
20230319 041453.429 INFO             PET3     ATM-TO-OCN: InitializeIPDv05p6a intro.
20230319 041453.431 INFO             PET3     ATM-TO-OCN: InitializeIPDv05p6a extro.
20230319 041549.912 INFO             PET3 !!!!!!!!!!!!!!!!!!!!!!!!!!!!!!!!!!!!!!!!!!!!!!!!!!!!!!
20230319 041549.915 INFO             PET3 !!! THE ESMF_LOG IS SET TO OUTPUT ALL LOG MESSAGES !!!
20230319 041549.915 INFO             PET3 !!!     THIS MAY CAUSE SLOWDOWN IN PERFORMANCE     !!!
20230319 041549.915 INFO             PET3 !!! FOR PRODUCTION RUNS, USE:                      !!!
20230319 041549.915 INFO             PET3 !!!                   ESMF_LOGKIND_Multi_On_Error  !!!
20230319 041549.915 INFO             PET3 !!!!!!!!!!!!!!!!!!!!!!!!!!!!!!!!!!!!!!!!!!!!!!!!!!!!!!
20230319 041549.915 INFO             PET3 Running with ESMF Version   : v8.5.0b18-5-ge74a33b
20230319 041549.915 INFO             PET3 ESMF library build date/time: "Mar 19 2023" "02:51:57"
20230319 041549.915 INFO             PET3 ESMF library build location : /work/noaa/da/mpotts/sandbox/pgi_2019_openmpi_O_develop/esmf
20230319 041549.915 INFO             PET3 ESMF_COMM                   : openmpi
20230319 041549.915 INFO             PET3 ESMF_MOAB                   : enabled
20230319 041549.915 INFO             PET3 ESMF_LAPACK                 : enabled
20230319 041549.915 INFO             PET3 ESMF_NETCDF                 : enabled
20230319 041549.915 INFO             PET3 ESMF_PNETCDF                : disabled
20230319 041549.915 INFO             PET3 ESMF_PIO                    : enabled
20230319 041549.915 INFO             PET3 ESMF_YAMLCPP                : enabled
20230319 041549.915 INFO             PET3 esmApp STARTING
20230319 041549.917 INFO             PET3 esm: InitializeGeneric intro.
20230319 041549.917 INFO             PET3   esm: InitializeP0 intro.
20230319 041549.917 INFO             PET3   esm: InitializeP0 extro.
20230319 041549.917 INFO             PET3   esm: InitializeIPDv02p1 intro.
20230319 041549.917 INFO             PET3     >>>esm: entered Initialize (phase=<none>) without valid internal Clock.
20230319 041549.919 INFO             PET3     esm - Creating model component ATM without petList.
20230319 041549.920 INFO             PET3     esm - Creating model component OCN without petList.
20230319 041549.921 INFO             PET3     esm - Creating connector component ATM-TO-OCN without petList.
20230319 041549.924 INFO             PET3     esm - Creating connector component OCN-TO-ATM without petList.
20230319 041549.926 INFO             PET3     esm - Creating state: modelComp 1 Import State
20230319 041549.926 INFO             PET3     esm - Creating state: modelComp 1 Export State
20230319 041549.926 INFO             PET3     esm - Creating state: modelComp 2 Import State
20230319 041549.926 INFO             PET3     esm - Creating state: modelComp 2 Export State
20230319 041549.927 INFO             PET3     ATM: InitializeP0 intro.
20230319 041549.927 INFO             PET3     ATM: InitializeP0 extro.
20230319 041549.927 INFO             PET3     OCN: InitializeP0 intro.
20230319 041549.928 INFO             PET3     OCN: InitializeP0 extro.
20230319 041549.928 INFO             PET3     ATM-TO-OCN: InitializeP0 intro.
20230319 041549.929 INFO             PET3     ATM-TO-OCN: InitializeP0 extro.
20230319 041549.929 INFO             PET3     OCN-TO-ATM: InitializeP0 intro.
20230319 041549.929 INFO             PET3     OCN-TO-ATM: InitializeP0 extro.
20230319 041549.930 INFO             PET3     esm: IInitAdvertise intro.
20230319 041549.930 INFO             PET3     esm: IInitAdvertise extro.
20230319 041549.930 INFO             PET3     ATM: InitializeIPDvXp01 intro.
20230319 041549.931 INFO             PET3     ATM: InitializeIPDvXp01 extro.
20230319 041549.931 INFO             PET3     OCN: InitializeIPDvXp01 intro.
20230319 041549.933 INFO             PET3     OCN: InitializeIPDvXp01 extro.
20230319 041549.933 INFO             PET3     ATM-TO-OCN: InitializeIPDv05p1 intro.
20230319 041549.935 INFO             PET3     ATM-TO-OCN: InitializeIPDv05p1 extro.
20230319 041549.935 INFO             PET3     OCN-TO-ATM: InitializeIPDv05p1 intro.
20230319 041549.936 INFO             PET3     OCN-TO-ATM: InitializeIPDv05p1 extro.
20230319 041549.936 INFO             PET3     esm: IInitAdvertiseFinish intro.
20230319 041549.936 INFO             PET3     esm: IInitAdvertiseFinish extro.
20230319 041549.936 INFO             PET3     ATM-TO-OCN: InitializeIPDv05p2a intro.
20230319 041549.938 INFO             PET3     ATM-TO-OCN: InitializeIPDv05p2a extro.
20230319 041549.938 INFO             PET3     OCN-TO-ATM: InitializeIPDv05p2a intro.
20230319 041549.939 INFO             PET3     OCN-TO-ATM: InitializeIPDv05p2a extro.
20230319 041549.939 INFO             PET3     ATM-TO-OCN: InitializeIPDv05p2b intro.
20230319 041549.940 INFO             PET3     ATM-TO-OCN: InitializeIPDv05p2b extro.
20230319 041549.940 INFO             PET3     OCN-TO-ATM: InitializeIPDv05p2b intro.
20230319 041549.941 INFO             PET3     OCN-TO-ATM: InitializeIPDv05p2b extro.
20230319 041549.941 INFO             PET3     esm: IInitModifyCplLists intro.
20230319 041549.941 INFO             PET3     esm: IInitModifyCplLists extro.
20230319 041549.941 INFO             PET3     ATM-TO-OCN: InitializeIPDv05p3 intro.
20230319 041549.943 INFO             PET3     ATM-TO-OCN: InitializeIPDv05p3 extro.
20230319 041549.943 INFO             PET3     OCN-TO-ATM: InitializeIPDv05p3 intro.
20230319 041549.944 INFO             PET3     OCN-TO-ATM: InitializeIPDv05p3 extro.
20230319 041549.944 INFO             PET3     <<<esm: leaving Initialize (phase=<none>) with current time: 2010  6  1  0  0  0   0
20230319 041549.944 INFO             PET3   esm: InitializeIPDv02p1 extro.
20230319 041549.944 INFO             PET3   esm: InitializeIPDv02p3 intro.
20230319 041549.944 INFO             PET3     >>>esm: entered Initialize (phase=<none>) with current time: 2010  6  1  0  0  0   0
20230319 041549.944 INFO             PET3     esm: IInitCheck intro.
20230319 041549.944 INFO             PET3     esm: IInitCheck extro.
20230319 041549.944 INFO             PET3     atmB: InitializeIPDvXp04 intro.
20230319 041549.947 INFO             PET3     atmB: InitializeIPDvXp04 extro.
20230319 041549.947 INFO             PET3     ocnA: InitializeIPDvXp04 intro.
20230319 041549.949 INFO             PET3     ocnA: InitializeIPDvXp04 extro.
20230319 041549.950 INFO             PET3     ATM-TO-OCN: InitializeIPDv05p4 intro.
20230319 041549.952 INFO             PET3     ATM-TO-OCN: InitializeIPDv05p4 extro.
20230319 041549.952 INFO             PET3     OCN-TO-ATM: InitializeIPDv05p4 intro.
20230319 041549.953 INFO             PET3     OCN-TO-ATM: InitializeIPDv05p4 extro.
20230319 041549.953 INFO             PET3     ATM-TO-OCN: InitializeIPDv05p5 intro.
20230319 041549.955 INFO             PET3     ATM-TO-OCN: InitializeIPDv05p5 extro.
20230319 041549.955 INFO             PET3     OCN-TO-ATM: InitializeIPDv05p5 intro.
20230319 041549.957 INFO             PET3     OCN-TO-ATM: InitializeIPDv05p5 extro.
20230319 041549.957 INFO             PET3     esm: IInitRealize intro.
20230319 041549.957 INFO             PET3     esm: IInitRealize extro.
20230319 041549.957 INFO             PET3     ATM-TO-OCN: InitializeIPDv05p6a intro.
20230319 041549.959 INFO             PET3     ATM-TO-OCN: InitializeIPDv05p6a extro.
20230319 041611.573 INFO             PET3 !!!!!!!!!!!!!!!!!!!!!!!!!!!!!!!!!!!!!!!!!!!!!!!!!!!!!!
20230319 041611.576 INFO             PET3 !!! THE ESMF_LOG IS SET TO OUTPUT ALL LOG MESSAGES !!!
20230319 041611.576 INFO             PET3 !!!     THIS MAY CAUSE SLOWDOWN IN PERFORMANCE     !!!
20230319 041611.576 INFO             PET3 !!! FOR PRODUCTION RUNS, USE:                      !!!
20230319 041611.576 INFO             PET3 !!!                   ESMF_LOGKIND_Multi_On_Error  !!!
20230319 041611.576 INFO             PET3 !!!!!!!!!!!!!!!!!!!!!!!!!!!!!!!!!!!!!!!!!!!!!!!!!!!!!!
20230319 041611.576 INFO             PET3 Running with ESMF Version   : v8.5.0b18-5-ge74a33b
20230319 041611.576 INFO             PET3 ESMF library build date/time: "Mar 19 2023" "02:51:57"
20230319 041611.576 INFO             PET3 ESMF library build location : /work/noaa/da/mpotts/sandbox/pgi_2019_openmpi_O_develop/esmf
20230319 041611.576 INFO             PET3 ESMF_COMM                   : openmpi
20230319 041611.576 INFO             PET3 ESMF_MOAB                   : enabled
20230319 041611.576 INFO             PET3 ESMF_LAPACK                 : enabled
20230319 041611.576 INFO             PET3 ESMF_NETCDF                 : enabled
20230319 041611.576 INFO             PET3 ESMF_PNETCDF                : disabled
20230319 041611.576 INFO             PET3 ESMF_PIO                    : enabled
20230319 041611.576 INFO             PET3 ESMF_YAMLCPP                : enabled
20230319 041611.576 INFO             PET3 esmApp STARTING
20230319 041611.578 INFO             PET3 esm: InitializeGeneric intro.
20230319 041611.578 INFO             PET3   esm: InitializeP0 intro.
20230319 041611.578 INFO             PET3   esm: InitializeP0 extro.
20230319 041611.578 INFO             PET3   esm: InitializeIPDv02p1 intro.
20230319 041611.578 INFO             PET3     >>>esm: entered Initialize (phase=<none>) without valid internal Clock.
20230319 041611.580 INFO             PET3     esm - Creating model component ATM without petList.
20230319 041611.581 INFO             PET3     esm - Creating model component OCN without petList.
20230319 041611.582 INFO             PET3     esm - Creating connector component ATM-TO-OCN without petList.
20230319 041611.585 INFO             PET3     esm - Creating connector component OCN-TO-ATM without petList.
20230319 041611.587 INFO             PET3     esm - Creating state: modelComp 1 Import State
20230319 041611.587 INFO             PET3     esm - Creating state: modelComp 1 Export State
20230319 041611.587 INFO             PET3     esm - Creating state: modelComp 2 Import State
20230319 041611.587 INFO             PET3     esm - Creating state: modelComp 2 Export State
20230319 041611.588 INFO             PET3     ATM: InitializeP0 intro.
20230319 041611.588 INFO             PET3     ATM: InitializeP0 extro.
20230319 041611.588 INFO             PET3     OCN: InitializeP0 intro.
20230319 041611.589 INFO             PET3     OCN: InitializeP0 extro.
20230319 041611.589 INFO             PET3     ATM-TO-OCN: InitializeP0 intro.
20230319 041611.589 INFO             PET3     ATM-TO-OCN: InitializeP0 extro.
20230319 041611.590 INFO             PET3     OCN-TO-ATM: InitializeP0 intro.
20230319 041611.590 INFO             PET3     OCN-TO-ATM: InitializeP0 extro.
20230319 041611.590 INFO             PET3     esm: IInitAdvertise intro.
20230319 041611.591 INFO             PET3     esm: IInitAdvertise extro.
20230319 041611.591 INFO             PET3     ATM: InitializeIPDvXp01 intro.
20230319 041611.592 INFO             PET3     ATM: InitializeIPDvXp01 extro.
20230319 041611.592 INFO             PET3     OCN: InitializeIPDvXp01 intro.
20230319 041611.593 INFO             PET3     OCN: InitializeIPDvXp01 extro.
20230319 041611.594 INFO             PET3     ATM-TO-OCN: InitializeIPDv05p1 intro.
20230319 041611.595 INFO             PET3     ATM-TO-OCN: InitializeIPDv05p1 extro.
20230319 041611.595 INFO             PET3     OCN-TO-ATM: InitializeIPDv05p1 intro.
20230319 041611.596 INFO             PET3     OCN-TO-ATM: InitializeIPDv05p1 extro.
20230319 041611.597 INFO             PET3     esm: IInitAdvertiseFinish intro.
20230319 041611.597 INFO             PET3     esm: IInitAdvertiseFinish extro.
20230319 041611.597 INFO             PET3     ATM-TO-OCN: InitializeIPDv05p2a intro.
20230319 041611.598 INFO             PET3     ATM-TO-OCN: InitializeIPDv05p2a extro.
20230319 041611.598 INFO             PET3     OCN-TO-ATM: InitializeIPDv05p2a intro.
20230319 041611.599 INFO             PET3     OCN-TO-ATM: InitializeIPDv05p2a extro.
20230319 041611.599 INFO             PET3     ATM-TO-OCN: InitializeIPDv05p2b intro.
20230319 041611.600 INFO             PET3     ATM-TO-OCN: InitializeIPDv05p2b extro.
20230319 041611.600 INFO             PET3     OCN-TO-ATM: InitializeIPDv05p2b intro.
20230319 041611.601 INFO             PET3     OCN-TO-ATM: InitializeIPDv05p2b extro.
20230319 041611.602 INFO             PET3     esm: IInitModifyCplLists intro.
20230319 041611.602 INFO             PET3     esm: IInitModifyCplLists extro.
20230319 041611.602 INFO             PET3     ATM-TO-OCN: InitializeIPDv05p3 intro.
20230319 041611.603 INFO             PET3     ATM-TO-OCN: InitializeIPDv05p3 extro.
20230319 041611.603 INFO             PET3     OCN-TO-ATM: InitializeIPDv05p3 intro.
20230319 041611.604 INFO             PET3     OCN-TO-ATM: InitializeIPDv05p3 extro.
20230319 041611.604 INFO             PET3     <<<esm: leaving Initialize (phase=<none>) with current time: 2010  6  1  0  0  0   0
20230319 041611.604 INFO             PET3   esm: InitializeIPDv02p1 extro.
20230319 041611.605 INFO             PET3   esm: InitializeIPDv02p3 intro.
20230319 041611.605 INFO             PET3     >>>esm: entered Initialize (phase=<none>) with current time: 2010  6  1  0  0  0   0
20230319 041611.605 INFO             PET3     esm: IInitCheck intro.
20230319 041611.605 INFO             PET3     esm: IInitCheck extro.
20230319 041611.605 INFO             PET3     atmA: InitializeIPDvXp04 intro.
20230319 041611.607 INFO             PET3     atmA: InitializeIPDvXp04 extro.
20230319 041611.607 INFO             PET3     ocnB: InitializeIPDvXp04 intro.
20230319 041611.609 INFO             PET3     ocnB: InitializeIPDvXp04 extro.
20230319 041611.610 INFO             PET3     ATM-TO-OCN: InitializeIPDv05p4 intro.
20230319 041611.612 INFO             PET3     ATM-TO-OCN: InitializeIPDv05p4 extro.
20230319 041611.612 INFO             PET3     OCN-TO-ATM: InitializeIPDv05p4 intro.
20230319 041611.614 INFO             PET3     OCN-TO-ATM: InitializeIPDv05p4 extro.
20230319 041611.614 INFO             PET3     ATM-TO-OCN: InitializeIPDv05p5 intro.
20230319 041611.616 INFO             PET3     ATM-TO-OCN: InitializeIPDv05p5 extro.
20230319 041611.616 INFO             PET3     OCN-TO-ATM: InitializeIPDv05p5 intro.
20230319 041611.617 INFO             PET3     OCN-TO-ATM: InitializeIPDv05p5 extro.
20230319 041611.617 INFO             PET3     esm: IInitRealize intro.
20230319 041611.617 INFO             PET3     esm: IInitRealize extro.
20230319 041611.617 INFO             PET3     ATM-TO-OCN: InitializeIPDv05p6a intro.
20230319 041611.619 INFO             PET3     ATM-TO-OCN: InitializeIPDv05p6a extro.
