2023-03-10 03:08:09
20230310 044244.678 INFO             PET0 !!!!!!!!!!!!!!!!!!!!!!!!!!!!!!!!!!!!!!!!!!!!!!!!!!!!!!
20230310 044244.679 INFO             PET0 !!! THE ESMF_LOG IS SET TO OUTPUT ALL LOG MESSAGES !!!
20230310 044244.679 INFO             PET0 !!!     THIS MAY CAUSE SLOWDOWN IN PERFORMANCE     !!!
20230310 044244.679 INFO             PET0 !!! FOR PRODUCTION RUNS, USE:                      !!!
20230310 044244.679 INFO             PET0 !!!                   ESMF_LOGKIND_Multi_On_Error  !!!
20230310 044244.679 INFO             PET0 !!!!!!!!!!!!!!!!!!!!!!!!!!!!!!!!!!!!!!!!!!!!!!!!!!!!!!
20230310 044244.679 INFO             PET0 Running with ESMF Version   : v8.5.0b18-2-g3a4fb96
20230310 044244.679 INFO             PET0 ESMF library build date/time: "Mar 10 2023" "02:59:48"
20230310 044244.679 INFO             PET0 ESMF library build location : /work/noaa/da/mpotts/sandbox/pgi_2019_openmpi_O_develop/esmf
20230310 044244.679 INFO             PET0 ESMF_COMM                   : openmpi
20230310 044244.680 INFO             PET0 ESMF_MOAB                   : enabled
20230310 044244.680 INFO             PET0 ESMF_LAPACK                 : enabled
20230310 044244.680 INFO             PET0 ESMF_NETCDF                 : enabled
20230310 044244.680 INFO             PET0 ESMF_PNETCDF                : disabled
20230310 044244.680 INFO             PET0 ESMF_PIO                    : enabled
20230310 044244.680 INFO             PET0 ESMF_YAMLCPP                : enabled
20230310 044244.689 INFO             PET0 esmApp STARTING
20230310 044244.692 INFO             PET0 esm: InitializeGeneric intro.
20230310 044244.692 INFO             PET0   esm: InitializeP0 intro.
20230310 044244.692 INFO             PET0   esm: InitializeP0 extro.
20230310 044244.692 INFO             PET0   esm: InitializeIPDv02p1 intro.
20230310 044244.692 INFO             PET0     >>>esm: entered Initialize (phase=<none>) without valid internal Clock.
20230310 044244.696 INFO             PET0     esm - Creating model component ATM without petList.
20230310 044244.698 INFO             PET0     esm - Creating model component OCN without petList.
20230310 044244.699 INFO             PET0     esm - Creating connector component ATM-TO-OCN without petList.
20230310 044244.702 INFO             PET0     esm - Creating connector component OCN-TO-ATM without petList.
20230310 044244.706 INFO             PET0     esm - Creating state: modelComp 1 Import State
20230310 044244.706 INFO             PET0     esm - Creating state: modelComp 1 Export State
20230310 044244.706 INFO             PET0     esm - Creating state: modelComp 2 Import State
20230310 044244.706 INFO             PET0     esm - Creating state: modelComp 2 Export State
20230310 044244.706 INFO             PET0     ATM: InitializeP0 intro.
20230310 044244.706 INFO             PET0       >>>ATM: entered Initialize (phase=<none>) without valid internal Clock.
20230310 044244.707 INFO             PET0       <<<ATM: leaving Initialize (phase=<none>) without valid internal Clock.
20230310 044244.707 INFO             PET0     ATM: InitializeP0 extro.
20230310 044244.707 INFO             PET0     OCN: InitializeP0 intro.
20230310 044244.707 INFO             PET0       >>>OCN: entered Initialize (phase=<none>) without valid internal Clock.
20230310 044244.708 INFO             PET0       <<<OCN: leaving Initialize (phase=<none>) without valid internal Clock.
20230310 044244.708 INFO             PET0     OCN: InitializeP0 extro.
20230310 044244.709 INFO             PET0     ATM-TO-OCN: InitializeP0 intro.
20230310 044244.709 INFO             PET0     ATM-TO-OCN: InitializeP0 extro.
20230310 044244.709 INFO             PET0     OCN-TO-ATM: InitializeP0 intro.
20230310 044244.709 INFO             PET0     OCN-TO-ATM: InitializeP0 extro.
20230310 044244.710 INFO             PET0     esm: IInitAdvertise intro.
20230310 044244.710 INFO             PET0     esm: IInitAdvertise extro.
20230310 044244.710 INFO             PET0     ATM: InitializeIPDvXp01 intro.
20230310 044244.710 INFO             PET0       >>>ATM: entered Initialize (phase=IPDvXp01) without valid internal Clock.
20230310 044244.712 INFO             PET0       <<<ATM: leaving Initialize (phase=IPDvXp01) without valid internal Clock.
20230310 044244.712 INFO             PET0     ATM: InitializeIPDvXp01 extro.
20230310 044244.712 INFO             PET0     OCN: InitializeIPDvXp01 intro.
20230310 044244.712 INFO             PET0       >>>OCN: entered Initialize (phase=IPDvXp01) without valid internal Clock.
20230310 044244.713 INFO             PET0       <<<OCN: leaving Initialize (phase=IPDvXp01) without valid internal Clock.
20230310 044244.713 INFO             PET0     OCN: InitializeIPDvXp01 extro.
20230310 044244.714 INFO             PET0     ATM-TO-OCN: InitializeIPDv05p1 intro.
20230310 044244.715 INFO             PET0       ATM-TO-OCN: importState FieldTransferPolicy = transferNone
20230310 044244.715 INFO             PET0       ATM-TO-OCN: exportState FieldTransferPolicy = transferNone
20230310 044244.715 INFO             PET0     ATM-TO-OCN: InitializeIPDv05p1 extro.
20230310 044244.716 INFO             PET0     OCN-TO-ATM: InitializeIPDv05p1 intro.
20230310 044244.717 INFO             PET0       OCN-TO-ATM: importState FieldTransferPolicy = transferNone
20230310 044244.717 INFO             PET0       OCN-TO-ATM: exportState FieldTransferPolicy = transferNone
20230310 044244.717 INFO             PET0     OCN-TO-ATM: InitializeIPDv05p1 extro.
20230310 044244.717 INFO             PET0     esm: IInitAdvertiseFinish intro.
20230310 044244.717 INFO             PET0     esm: IInitAdvertiseFinish extro.
20230310 044244.717 INFO             PET0     ATM-TO-OCN: InitializeIPDv05p2a intro.
20230310 044244.718 INFO             PET0       ATM-TO-OCN:      importStandardNameList(i=  1): air_pressure_at_sea_level
20230310 044244.718 INFO             PET0       ATM-TO-OCN:         importNamespaceList(i=  1): ATM
20230310 044244.718 INFO             PET0       ATM-TO-OCN:            importCplSetList(i=  1): __UNSPECIFIED__
20230310 044244.718 INFO             PET0       ATM-TO-OCN:      exportStandardNameList(j=  1): air_pressure_at_sea_level
20230310 044244.718 INFO             PET0       ATM-TO-OCN:         exportNamespaceList(j=  1): OCN
20230310 044244.718 INFO             PET0       ATM-TO-OCN:            exportCplSetList(j=  1): __UNSPECIFIED__
20230310 044244.718 INFO             PET0       ATM-TO-OCN: bondLevel= 1
20230310 044244.718 INFO             PET0       ATM-TO-OCN: ProducerConnection (bondLevelMax):         1
20230310 044244.718 INFO             PET0       ATM-TO-OCN:      importStandardNameList(i=  2): surface_net_downward_shortwave_flux
20230310 044244.718 INFO             PET0       ATM-TO-OCN:         importNamespaceList(i=  2): ATM
20230310 044244.718 INFO             PET0       ATM-TO-OCN:            importCplSetList(i=  2): __UNSPECIFIED__
20230310 044244.718 INFO             PET0       ATM-TO-OCN:      exportStandardNameList(j=  2): surface_net_downward_shortwave_flux
20230310 044244.718 INFO             PET0       ATM-TO-OCN:         exportNamespaceList(j=  2): OCN
20230310 044244.718 INFO             PET0       ATM-TO-OCN:            exportCplSetList(j=  2): __UNSPECIFIED__
20230310 044244.718 INFO             PET0       ATM-TO-OCN: bondLevel= 1
20230310 044244.718 INFO             PET0       ATM-TO-OCN: ProducerConnection (bondLevelMax):         1
20230310 044244.718 INFO             PET0     ATM-TO-OCN: InitializeIPDv05p2a extro.
20230310 044244.718 INFO             PET0     OCN-TO-ATM: InitializeIPDv05p2a intro.
20230310 044244.719 INFO             PET0       OCN-TO-ATM:      importStandardNameList(i=  1): sea_surface_temperature
20230310 044244.719 INFO             PET0       OCN-TO-ATM:         importNamespaceList(i=  1): OCN
20230310 044244.719 INFO             PET0       OCN-TO-ATM:            importCplSetList(i=  1): __UNSPECIFIED__
20230310 044244.719 INFO             PET0       OCN-TO-ATM:      exportStandardNameList(j=  1): sea_surface_temperature
20230310 044244.719 INFO             PET0       OCN-TO-ATM:         exportNamespaceList(j=  1): ATM
20230310 044244.719 INFO             PET0       OCN-TO-ATM:            exportCplSetList(j=  1): __UNSPECIFIED__
20230310 044244.719 INFO             PET0       OCN-TO-ATM: bondLevel= 1
20230310 044244.719 INFO             PET0       OCN-TO-ATM: ProducerConnection (bondLevelMax):         1
20230310 044244.719 INFO             PET0     OCN-TO-ATM: InitializeIPDv05p2a extro.
20230310 044244.720 INFO             PET0     ATM-TO-OCN: InitializeIPDv05p2b intro.
20230310 044244.721 INFO             PET0       ATM-TO-OCN:      importStandardNameList(i=  1): air_pressure_at_sea_level
20230310 044244.721 INFO             PET0       ATM-TO-OCN:         importNamespaceList(i=  1): ATM
20230310 044244.721 INFO             PET0       ATM-TO-OCN:            importCplSetList(i=  1): __UNSPECIFIED__
20230310 044244.721 INFO             PET0       ATM-TO-OCN:      exportStandardNameList(j=  1): air_pressure_at_sea_level
20230310 044244.721 INFO             PET0       ATM-TO-OCN:         exportNamespaceList(j=  1): OCN
20230310 044244.721 INFO             PET0       ATM-TO-OCN:            exportCplSetList(j=  1): __UNSPECIFIED__
20230310 044244.721 INFO             PET0       ATM-TO-OCN: bondLevel= 1
20230310 044244.721 INFO             PET0       ATM-TO-OCN: => added cplList(  1)=air_pressure_at_sea_level, cplSetList(  1)=__UNSPECIFIED__
20230310 044244.721 INFO             PET0       ATM-TO-OCN:      importStandardNameList(i=  2): surface_net_downward_shortwave_flux
20230310 044244.721 INFO             PET0       ATM-TO-OCN:         importNamespaceList(i=  2): ATM
20230310 044244.721 INFO             PET0       ATM-TO-OCN:            importCplSetList(i=  2): __UNSPECIFIED__
20230310 044244.721 INFO             PET0       ATM-TO-OCN:      exportStandardNameList(j=  2): surface_net_downward_shortwave_flux
20230310 044244.721 INFO             PET0       ATM-TO-OCN:         exportNamespaceList(j=  2): OCN
20230310 044244.721 INFO             PET0       ATM-TO-OCN:            exportCplSetList(j=  2): __UNSPECIFIED__
20230310 044244.721 INFO             PET0       ATM-TO-OCN: bondLevel= 1
20230310 044244.721 INFO             PET0       ATM-TO-OCN: => added cplList(  2)=surface_net_downward_shortwave_flux, cplSetList(  2)=__UNSPECIFIED__
20230310 044244.721 INFO             PET0     ATM-TO-OCN: InitializeIPDv05p2b extro.
20230310 044244.721 INFO             PET0     OCN-TO-ATM: InitializeIPDv05p2b intro.
20230310 044244.722 INFO             PET0       OCN-TO-ATM:      importStandardNameList(i=  1): sea_surface_temperature
20230310 044244.722 INFO             PET0       OCN-TO-ATM:         importNamespaceList(i=  1): OCN
20230310 044244.722 INFO             PET0       OCN-TO-ATM:            importCplSetList(i=  1): __UNSPECIFIED__
20230310 044244.722 INFO             PET0       OCN-TO-ATM:      exportStandardNameList(j=  1): sea_surface_temperature
20230310 044244.722 INFO             PET0       OCN-TO-ATM:         exportNamespaceList(j=  1): ATM
20230310 044244.722 INFO             PET0       OCN-TO-ATM:            exportCplSetList(j=  1): __UNSPECIFIED__
20230310 044244.722 INFO             PET0       OCN-TO-ATM: bondLevel= 1
20230310 044244.722 INFO             PET0       OCN-TO-ATM: => added cplList(  1)=sea_surface_temperature, cplSetList(  1)=__UNSPECIFIED__
20230310 044244.722 INFO             PET0     OCN-TO-ATM: InitializeIPDv05p2b extro.
20230310 044244.722 INFO             PET0     esm: IInitModifyCplLists intro.
20230310 044244.722 INFO             PET0     esm: IInitModifyCplLists extro.
20230310 044244.723 INFO             PET0     ATM-TO-OCN: InitializeIPDv05p3 intro.
20230310 044244.724 INFO             PET0       ATM-TO-OCN: handle cplList(1): air_pressure_at_sea_level, cplSetList(1): __UNSPECIFIED__
20230310 044244.724 INFO             PET0       ATM-TO-OCN: - connected.
20230310 044244.724 INFO             PET0       ATM-TO-OCN: - both sides must provide the Field/GeomObject.
20230310 044244.724 INFO             PET0       ATM-TO-OCN: handle cplList(2): surface_net_downward_shortwave_flux, cplSetList(2): __UNSPECIFIED__
20230310 044244.724 INFO             PET0       ATM-TO-OCN: - connected.
20230310 044244.724 INFO             PET0       ATM-TO-OCN: - both sides must provide the Field/GeomObject.
20230310 044244.724 INFO             PET0     ATM-TO-OCN: InitializeIPDv05p3 extro.
20230310 044244.724 INFO             PET0     OCN-TO-ATM: InitializeIPDv05p3 intro.
20230310 044244.725 INFO             PET0       OCN-TO-ATM: handle cplList(1): sea_surface_temperature, cplSetList(1): __UNSPECIFIED__
20230310 044244.725 INFO             PET0       OCN-TO-ATM: - connected.
20230310 044244.725 INFO             PET0       OCN-TO-ATM: - both sides must provide the Field/GeomObject.
20230310 044244.725 INFO             PET0     OCN-TO-ATM: InitializeIPDv05p3 extro.
20230310 044244.725 INFO             PET0     <<<esm: leaving Initialize (phase=<none>) with current time: 2010  6  1  0  0  0   0
20230310 044244.725 INFO             PET0   esm: InitializeIPDv02p1 extro.
20230310 044244.726 INFO             PET0   esm: InitializeIPDv02p3 intro.
20230310 044244.726 INFO             PET0     >>>esm: entered Initialize (phase=<none>) with current time: 2010  6  1  0  0  0   0
20230310 044244.726 INFO             PET0     esm: IInitCheck intro.
20230310 044244.726 INFO             PET0     esm: IInitCheck extro.
20230310 044244.726 INFO             PET0     ATM: InitializeIPDvXp04 intro.
20230310 044244.726 INFO             PET0       >>>ATM: entered Initialize (phase=IPDvXp04) without valid internal Clock.
20230310 044244.728 INFO             PET0       <<<ATM: leaving Initialize (phase=IPDvXp04) without valid internal Clock.
20230310 044244.728 INFO             PET0     ATM: InitializeIPDvXp04 extro.
20230310 044244.728 INFO             PET0     OCN: InitializeIPDvXp04 intro.
20230310 044244.728 INFO             PET0       >>>OCN: entered Initialize (phase=IPDvXp04) without valid internal Clock.
20230310 044244.730 INFO             PET0       <<<OCN: leaving Initialize (phase=IPDvXp04) without valid internal Clock.
20230310 044244.730 INFO             PET0     OCN: InitializeIPDvXp04 extro.
20230310 044244.731 INFO             PET0     ATM-TO-OCN: InitializeIPDv05p4 intro.
20230310 044244.733 INFO             PET0       ATM-TO-OCN: handle cplList(1): air_pressure_at_sea_level, cplSetList(1): __UNSPECIFIED__
20230310 044244.733 INFO             PET0       ATM-TO-OCN: - nothing shared or transferred
20230310 044244.733 INFO             PET0       ATM-TO-OCN: handle cplList(2): surface_net_downward_shortwave_flux, cplSetList(2): __UNSPECIFIED__
20230310 044244.733 INFO             PET0       ATM-TO-OCN: - nothing shared or transferred
20230310 044244.733 INFO             PET0     ATM-TO-OCN: InitializeIPDv05p4 extro.
20230310 044244.733 INFO             PET0     OCN-TO-ATM: InitializeIPDv05p4 intro.
20230310 044244.735 INFO             PET0       OCN-TO-ATM: handle cplList(1): sea_surface_temperature, cplSetList(1): __UNSPECIFIED__
20230310 044244.735 INFO             PET0       OCN-TO-ATM: - nothing shared or transferred
20230310 044244.735 INFO             PET0     OCN-TO-ATM: InitializeIPDv05p4 extro.
20230310 044244.735 INFO             PET0     ATM-TO-OCN: InitializeIPDv05p5 intro.
20230310 044244.737 INFO             PET0       ATM-TO-OCN: handle cplList(1): air_pressure_at_sea_level, cplSetList(1): __UNSPECIFIED__
20230310 044244.737 INFO             PET0       ATM-TO-OCN: - nothing shared or transferred, or may already be handled
20230310 044244.737 INFO             PET0       ATM-TO-OCN: handle cplList(2): surface_net_downward_shortwave_flux, cplSetList(2): __UNSPECIFIED__
20230310 044244.737 INFO             PET0       ATM-TO-OCN: - nothing shared or transferred, or may already be handled
20230310 044244.737 INFO             PET0     ATM-TO-OCN: InitializeIPDv05p5 extro.
20230310 044244.737 INFO             PET0     OCN-TO-ATM: InitializeIPDv05p5 intro.
20230310 044244.738 INFO             PET0       OCN-TO-ATM: handle cplList(1): sea_surface_temperature, cplSetList(1): __UNSPECIFIED__
20230310 044244.738 INFO             PET0       OCN-TO-ATM: - nothing shared or transferred, or may already be handled
20230310 044244.738 INFO             PET0     OCN-TO-ATM: InitializeIPDv05p5 extro.
20230310 044244.739 INFO             PET0     esm: IInitRealize intro.
20230310 044244.739 INFO             PET0     esm: IInitRealize extro.
20230310 044244.739 INFO             PET0     ATM-TO-OCN: InitializeIPDv05p6a intro.
20230310 044244.741 INFO             PET0     ATM-TO-OCN: InitializeIPDv05p6a extro.
20230310 044244.741 INFO             PET0     OCN-TO-ATM: InitializeIPDv05p6a intro.
20230310 044244.742 INFO             PET0     OCN-TO-ATM: InitializeIPDv05p6a extro.
20230310 044244.742 INFO             PET0     ATM-TO-OCN: InitializeIPDv05p6b intro.
20230310 044244.742 INFO             PET0       ATM-TO-OCN: handle cplList(1): air_pressure_at_sea_level, cplSetList(1): __UNSPECIFIED__
20230310 044244.742 INFO             PET0       ATM-TO-OCN: - no Field sharing between import and export side: remap.
20230310 044244.686 INFO             PET1 !!!!!!!!!!!!!!!!!!!!!!!!!!!!!!!!!!!!!!!!!!!!!!!!!!!!!!
20230310 044244.688 INFO             PET1 !!! THE ESMF_LOG IS SET TO OUTPUT ALL LOG MESSAGES !!!
20230310 044244.688 INFO             PET1 !!!     THIS MAY CAUSE SLOWDOWN IN PERFORMANCE     !!!
20230310 044244.688 INFO             PET1 !!! FOR PRODUCTION RUNS, USE:                      !!!
20230310 044244.688 INFO             PET1 !!!                   ESMF_LOGKIND_Multi_On_Error  !!!
20230310 044244.688 INFO             PET1 !!!!!!!!!!!!!!!!!!!!!!!!!!!!!!!!!!!!!!!!!!!!!!!!!!!!!!
20230310 044244.688 INFO             PET1 Running with ESMF Version   : v8.5.0b18-2-g3a4fb96
20230310 044244.688 INFO             PET1 ESMF library build date/time: "Mar 10 2023" "02:59:48"
20230310 044244.688 INFO             PET1 ESMF library build location : /work/noaa/da/mpotts/sandbox/pgi_2019_openmpi_O_develop/esmf
20230310 044244.688 INFO             PET1 ESMF_COMM                   : openmpi
20230310 044244.689 INFO             PET1 ESMF_MOAB                   : enabled
20230310 044244.689 INFO             PET1 ESMF_LAPACK                 : enabled
20230310 044244.689 INFO             PET1 ESMF_NETCDF                 : enabled
20230310 044244.689 INFO             PET1 ESMF_PNETCDF                : disabled
20230310 044244.689 INFO             PET1 ESMF_PIO                    : enabled
20230310 044244.689 INFO             PET1 ESMF_YAMLCPP                : enabled
20230310 044244.689 INFO             PET1 esmApp STARTING
20230310 044244.695 INFO             PET1 esm: InitializeGeneric intro.
20230310 044244.695 INFO             PET1   esm: InitializeP0 intro.
20230310 044244.695 INFO             PET1   esm: InitializeP0 extro.
20230310 044244.695 INFO             PET1   esm: InitializeIPDv02p1 intro.
20230310 044244.695 INFO             PET1     >>>esm: entered Initialize (phase=<none>) without valid internal Clock.
20230310 044244.696 INFO             PET1     esm - Creating model component ATM without petList.
20230310 044244.698 INFO             PET1     esm - Creating model component OCN without petList.
20230310 044244.700 INFO             PET1     esm - Creating connector component ATM-TO-OCN without petList.
20230310 044244.703 INFO             PET1     esm - Creating connector component OCN-TO-ATM without petList.
20230310 044244.706 INFO             PET1     esm - Creating state: modelComp 1 Import State
20230310 044244.706 INFO             PET1     esm - Creating state: modelComp 1 Export State
20230310 044244.706 INFO             PET1     esm - Creating state: modelComp 2 Import State
20230310 044244.706 INFO             PET1     esm - Creating state: modelComp 2 Export State
20230310 044244.707 INFO             PET1     ATM: InitializeP0 intro.
20230310 044244.707 INFO             PET1       >>>ATM: entered Initialize (phase=<none>) without valid internal Clock.
20230310 044244.707 INFO             PET1       <<<ATM: leaving Initialize (phase=<none>) without valid internal Clock.
20230310 044244.707 INFO             PET1     ATM: InitializeP0 extro.
20230310 044244.707 INFO             PET1     OCN: InitializeP0 intro.
20230310 044244.708 INFO             PET1       >>>OCN: entered Initialize (phase=<none>) without valid internal Clock.
20230310 044244.708 INFO             PET1       <<<OCN: leaving Initialize (phase=<none>) without valid internal Clock.
20230310 044244.708 INFO             PET1     OCN: InitializeP0 extro.
20230310 044244.709 INFO             PET1     ATM-TO-OCN: InitializeP0 intro.
20230310 044244.709 INFO             PET1     ATM-TO-OCN: InitializeP0 extro.
20230310 044244.709 INFO             PET1     OCN-TO-ATM: InitializeP0 intro.
20230310 044244.709 INFO             PET1     OCN-TO-ATM: InitializeP0 extro.
20230310 044244.710 INFO             PET1     esm: IInitAdvertise intro.
20230310 044244.710 INFO             PET1     esm: IInitAdvertise extro.
20230310 044244.710 INFO             PET1     ATM: InitializeIPDvXp01 intro.
20230310 044244.710 INFO             PET1       >>>ATM: entered Initialize (phase=IPDvXp01) without valid internal Clock.
20230310 044244.712 INFO             PET1       <<<ATM: leaving Initialize (phase=IPDvXp01) without valid internal Clock.
20230310 044244.712 INFO             PET1     ATM: InitializeIPDvXp01 extro.
20230310 044244.712 INFO             PET1     OCN: InitializeIPDvXp01 intro.
20230310 044244.712 INFO             PET1       >>>OCN: entered Initialize (phase=IPDvXp01) without valid internal Clock.
20230310 044244.713 INFO             PET1       <<<OCN: leaving Initialize (phase=IPDvXp01) without valid internal Clock.
20230310 044244.713 INFO             PET1     OCN: InitializeIPDvXp01 extro.
20230310 044244.714 INFO             PET1     ATM-TO-OCN: InitializeIPDv05p1 intro.
20230310 044244.715 INFO             PET1       ATM-TO-OCN: importState FieldTransferPolicy = transferNone
20230310 044244.715 INFO             PET1       ATM-TO-OCN: exportState FieldTransferPolicy = transferNone
20230310 044244.715 INFO             PET1     ATM-TO-OCN: InitializeIPDv05p1 extro.
20230310 044244.716 INFO             PET1     OCN-TO-ATM: InitializeIPDv05p1 intro.
20230310 044244.716 INFO             PET1       OCN-TO-ATM: importState FieldTransferPolicy = transferNone
20230310 044244.717 INFO             PET1       OCN-TO-ATM: exportState FieldTransferPolicy = transferNone
20230310 044244.717 INFO             PET1     OCN-TO-ATM: InitializeIPDv05p1 extro.
20230310 044244.717 INFO             PET1     esm: IInitAdvertiseFinish intro.
20230310 044244.717 INFO             PET1     esm: IInitAdvertiseFinish extro.
20230310 044244.717 INFO             PET1     ATM-TO-OCN: InitializeIPDv05p2a intro.
20230310 044244.718 INFO             PET1       ATM-TO-OCN:      importStandardNameList(i=  1): air_pressure_at_sea_level
20230310 044244.718 INFO             PET1       ATM-TO-OCN:         importNamespaceList(i=  1): ATM
20230310 044244.718 INFO             PET1       ATM-TO-OCN:            importCplSetList(i=  1): __UNSPECIFIED__
20230310 044244.718 INFO             PET1       ATM-TO-OCN:      exportStandardNameList(j=  1): air_pressure_at_sea_level
20230310 044244.718 INFO             PET1       ATM-TO-OCN:         exportNamespaceList(j=  1): OCN
20230310 044244.718 INFO             PET1       ATM-TO-OCN:            exportCplSetList(j=  1): __UNSPECIFIED__
20230310 044244.718 INFO             PET1       ATM-TO-OCN: bondLevel= 1
20230310 044244.718 INFO             PET1       ATM-TO-OCN: ProducerConnection (bondLevelMax):         1
20230310 044244.718 INFO             PET1       ATM-TO-OCN:      importStandardNameList(i=  2): surface_net_downward_shortwave_flux
20230310 044244.718 INFO             PET1       ATM-TO-OCN:         importNamespaceList(i=  2): ATM
20230310 044244.718 INFO             PET1       ATM-TO-OCN:            importCplSetList(i=  2): __UNSPECIFIED__
20230310 044244.718 INFO             PET1       ATM-TO-OCN:      exportStandardNameList(j=  2): surface_net_downward_shortwave_flux
20230310 044244.718 INFO             PET1       ATM-TO-OCN:         exportNamespaceList(j=  2): OCN
20230310 044244.718 INFO             PET1       ATM-TO-OCN:            exportCplSetList(j=  2): __UNSPECIFIED__
20230310 044244.718 INFO             PET1       ATM-TO-OCN: bondLevel= 1
20230310 044244.718 INFO             PET1       ATM-TO-OCN: ProducerConnection (bondLevelMax):         1
20230310 044244.718 INFO             PET1     ATM-TO-OCN: InitializeIPDv05p2a extro.
20230310 044244.718 INFO             PET1     OCN-TO-ATM: InitializeIPDv05p2a intro.
20230310 044244.719 INFO             PET1       OCN-TO-ATM:      importStandardNameList(i=  1): sea_surface_temperature
20230310 044244.719 INFO             PET1       OCN-TO-ATM:         importNamespaceList(i=  1): OCN
20230310 044244.719 INFO             PET1       OCN-TO-ATM:            importCplSetList(i=  1): __UNSPECIFIED__
20230310 044244.719 INFO             PET1       OCN-TO-ATM:      exportStandardNameList(j=  1): sea_surface_temperature
20230310 044244.719 INFO             PET1       OCN-TO-ATM:         exportNamespaceList(j=  1): ATM
20230310 044244.719 INFO             PET1       OCN-TO-ATM:            exportCplSetList(j=  1): __UNSPECIFIED__
20230310 044244.719 INFO             PET1       OCN-TO-ATM: bondLevel= 1
20230310 044244.719 INFO             PET1       OCN-TO-ATM: ProducerConnection (bondLevelMax):         1
20230310 044244.719 INFO             PET1     OCN-TO-ATM: InitializeIPDv05p2a extro.
20230310 044244.719 INFO             PET1     ATM-TO-OCN: InitializeIPDv05p2b intro.
20230310 044244.721 INFO             PET1       ATM-TO-OCN:      importStandardNameList(i=  1): air_pressure_at_sea_level
20230310 044244.721 INFO             PET1       ATM-TO-OCN:         importNamespaceList(i=  1): ATM
20230310 044244.721 INFO             PET1       ATM-TO-OCN:            importCplSetList(i=  1): __UNSPECIFIED__
20230310 044244.721 INFO             PET1       ATM-TO-OCN:      exportStandardNameList(j=  1): air_pressure_at_sea_level
20230310 044244.721 INFO             PET1       ATM-TO-OCN:         exportNamespaceList(j=  1): OCN
20230310 044244.721 INFO             PET1       ATM-TO-OCN:            exportCplSetList(j=  1): __UNSPECIFIED__
20230310 044244.721 INFO             PET1       ATM-TO-OCN: bondLevel= 1
20230310 044244.721 INFO             PET1       ATM-TO-OCN: => added cplList(  1)=air_pressure_at_sea_level, cplSetList(  1)=__UNSPECIFIED__
20230310 044244.721 INFO             PET1       ATM-TO-OCN:      importStandardNameList(i=  2): surface_net_downward_shortwave_flux
20230310 044244.721 INFO             PET1       ATM-TO-OCN:         importNamespaceList(i=  2): ATM
20230310 044244.721 INFO             PET1       ATM-TO-OCN:            importCplSetList(i=  2): __UNSPECIFIED__
20230310 044244.721 INFO             PET1       ATM-TO-OCN:      exportStandardNameList(j=  2): surface_net_downward_shortwave_flux
20230310 044244.721 INFO             PET1       ATM-TO-OCN:         exportNamespaceList(j=  2): OCN
20230310 044244.721 INFO             PET1       ATM-TO-OCN:            exportCplSetList(j=  2): __UNSPECIFIED__
20230310 044244.721 INFO             PET1       ATM-TO-OCN: bondLevel= 1
20230310 044244.721 INFO             PET1       ATM-TO-OCN: => added cplList(  2)=surface_net_downward_shortwave_flux, cplSetList(  2)=__UNSPECIFIED__
20230310 044244.721 INFO             PET1     ATM-TO-OCN: InitializeIPDv05p2b extro.
20230310 044244.721 INFO             PET1     OCN-TO-ATM: InitializeIPDv05p2b intro.
20230310 044244.722 INFO             PET1       OCN-TO-ATM:      importStandardNameList(i=  1): sea_surface_temperature
20230310 044244.722 INFO             PET1       OCN-TO-ATM:         importNamespaceList(i=  1): OCN
20230310 044244.722 INFO             PET1       OCN-TO-ATM:            importCplSetList(i=  1): __UNSPECIFIED__
20230310 044244.722 INFO             PET1       OCN-TO-ATM:      exportStandardNameList(j=  1): sea_surface_temperature
20230310 044244.722 INFO             PET1       OCN-TO-ATM:         exportNamespaceList(j=  1): ATM
20230310 044244.722 INFO             PET1       OCN-TO-ATM:            exportCplSetList(j=  1): __UNSPECIFIED__
20230310 044244.722 INFO             PET1       OCN-TO-ATM: bondLevel= 1
20230310 044244.722 INFO             PET1       OCN-TO-ATM: => added cplList(  1)=sea_surface_temperature, cplSetList(  1)=__UNSPECIFIED__
20230310 044244.722 INFO             PET1     OCN-TO-ATM: InitializeIPDv05p2b extro.
20230310 044244.722 INFO             PET1     esm: IInitModifyCplLists intro.
20230310 044244.722 INFO             PET1     esm: IInitModifyCplLists extro.
20230310 044244.723 INFO             PET1     ATM-TO-OCN: InitializeIPDv05p3 intro.
20230310 044244.724 INFO             PET1       ATM-TO-OCN: handle cplList(1): air_pressure_at_sea_level, cplSetList(1): __UNSPECIFIED__
20230310 044244.724 INFO             PET1       ATM-TO-OCN: - connected.
20230310 044244.724 INFO             PET1       ATM-TO-OCN: - both sides must provide the Field/GeomObject.
20230310 044244.724 INFO             PET1       ATM-TO-OCN: handle cplList(2): surface_net_downward_shortwave_flux, cplSetList(2): __UNSPECIFIED__
20230310 044244.724 INFO             PET1       ATM-TO-OCN: - connected.
20230310 044244.724 INFO             PET1       ATM-TO-OCN: - both sides must provide the Field/GeomObject.
20230310 044244.724 INFO             PET1     ATM-TO-OCN: InitializeIPDv05p3 extro.
20230310 044244.724 INFO             PET1     OCN-TO-ATM: InitializeIPDv05p3 intro.
20230310 044244.725 INFO             PET1       OCN-TO-ATM: handle cplList(1): sea_surface_temperature, cplSetList(1): __UNSPECIFIED__
20230310 044244.725 INFO             PET1       OCN-TO-ATM: - connected.
20230310 044244.725 INFO             PET1       OCN-TO-ATM: - both sides must provide the Field/GeomObject.
20230310 044244.725 INFO             PET1     OCN-TO-ATM: InitializeIPDv05p3 extro.
20230310 044244.725 INFO             PET1     <<<esm: leaving Initialize (phase=<none>) with current time: 2010  6  1  0  0  0   0
20230310 044244.725 INFO             PET1   esm: InitializeIPDv02p1 extro.
20230310 044244.726 INFO             PET1   esm: InitializeIPDv02p3 intro.
20230310 044244.726 INFO             PET1     >>>esm: entered Initialize (phase=<none>) with current time: 2010  6  1  0  0  0   0
20230310 044244.726 INFO             PET1     esm: IInitCheck intro.
20230310 044244.726 INFO             PET1     esm: IInitCheck extro.
20230310 044244.726 INFO             PET1     ATM: InitializeIPDvXp04 intro.
20230310 044244.726 INFO             PET1       >>>ATM: entered Initialize (phase=IPDvXp04) without valid internal Clock.
20230310 044244.728 INFO             PET1       <<<ATM: leaving Initialize (phase=IPDvXp04) without valid internal Clock.
20230310 044244.728 INFO             PET1     ATM: InitializeIPDvXp04 extro.
20230310 044244.728 INFO             PET1     OCN: InitializeIPDvXp04 intro.
20230310 044244.728 INFO             PET1       >>>OCN: entered Initialize (phase=IPDvXp04) without valid internal Clock.
20230310 044244.730 INFO             PET1       <<<OCN: leaving Initialize (phase=IPDvXp04) without valid internal Clock.
20230310 044244.730 INFO             PET1     OCN: InitializeIPDvXp04 extro.
20230310 044244.731 INFO             PET1     ATM-TO-OCN: InitializeIPDv05p4 intro.
20230310 044244.733 INFO             PET1       ATM-TO-OCN: handle cplList(1): air_pressure_at_sea_level, cplSetList(1): __UNSPECIFIED__
20230310 044244.733 INFO             PET1       ATM-TO-OCN: - nothing shared or transferred
20230310 044244.733 INFO             PET1       ATM-TO-OCN: handle cplList(2): surface_net_downward_shortwave_flux, cplSetList(2): __UNSPECIFIED__
20230310 044244.733 INFO             PET1       ATM-TO-OCN: - nothing shared or transferred
20230310 044244.733 INFO             PET1     ATM-TO-OCN: InitializeIPDv05p4 extro.
20230310 044244.733 INFO             PET1     OCN-TO-ATM: InitializeIPDv05p4 intro.
20230310 044244.735 INFO             PET1       OCN-TO-ATM: handle cplList(1): sea_surface_temperature, cplSetList(1): __UNSPECIFIED__
20230310 044244.735 INFO             PET1       OCN-TO-ATM: - nothing shared or transferred
20230310 044244.735 INFO             PET1     OCN-TO-ATM: InitializeIPDv05p4 extro.
20230310 044244.735 INFO             PET1     ATM-TO-OCN: InitializeIPDv05p5 intro.
20230310 044244.737 INFO             PET1       ATM-TO-OCN: handle cplList(1): air_pressure_at_sea_level, cplSetList(1): __UNSPECIFIED__
20230310 044244.737 INFO             PET1       ATM-TO-OCN: - nothing shared or transferred, or may already be handled
20230310 044244.737 INFO             PET1       ATM-TO-OCN: handle cplList(2): surface_net_downward_shortwave_flux, cplSetList(2): __UNSPECIFIED__
20230310 044244.737 INFO             PET1       ATM-TO-OCN: - nothing shared or transferred, or may already be handled
20230310 044244.737 INFO             PET1     ATM-TO-OCN: InitializeIPDv05p5 extro.
20230310 044244.737 INFO             PET1     OCN-TO-ATM: InitializeIPDv05p5 intro.
20230310 044244.738 INFO             PET1       OCN-TO-ATM: handle cplList(1): sea_surface_temperature, cplSetList(1): __UNSPECIFIED__
20230310 044244.738 INFO             PET1       OCN-TO-ATM: - nothing shared or transferred, or may already be handled
20230310 044244.738 INFO             PET1     OCN-TO-ATM: InitializeIPDv05p5 extro.
20230310 044244.739 INFO             PET1     esm: IInitRealize intro.
20230310 044244.739 INFO             PET1     esm: IInitRealize extro.
20230310 044244.739 INFO             PET1     ATM-TO-OCN: InitializeIPDv05p6a intro.
20230310 044244.741 INFO             PET1     ATM-TO-OCN: InitializeIPDv05p6a extro.
20230310 044244.741 INFO             PET1     OCN-TO-ATM: InitializeIPDv05p6a intro.
20230310 044244.742 INFO             PET1     OCN-TO-ATM: InitializeIPDv05p6a extro.
20230310 044244.742 INFO             PET1     ATM-TO-OCN: InitializeIPDv05p6b intro.
20230310 044244.742 INFO             PET1       ATM-TO-OCN: handle cplList(1): air_pressure_at_sea_level, cplSetList(1): __UNSPECIFIED__
20230310 044244.742 INFO             PET1       ATM-TO-OCN: - no Field sharing between import and export side: remap.
20230310 044244.678 INFO             PET2 !!!!!!!!!!!!!!!!!!!!!!!!!!!!!!!!!!!!!!!!!!!!!!!!!!!!!!
20230310 044244.679 INFO             PET2 !!! THE ESMF_LOG IS SET TO OUTPUT ALL LOG MESSAGES !!!
20230310 044244.679 INFO             PET2 !!!     THIS MAY CAUSE SLOWDOWN IN PERFORMANCE     !!!
20230310 044244.679 INFO             PET2 !!! FOR PRODUCTION RUNS, USE:                      !!!
20230310 044244.679 INFO             PET2 !!!                   ESMF_LOGKIND_Multi_On_Error  !!!
20230310 044244.679 INFO             PET2 !!!!!!!!!!!!!!!!!!!!!!!!!!!!!!!!!!!!!!!!!!!!!!!!!!!!!!
20230310 044244.679 INFO             PET2 Running with ESMF Version   : v8.5.0b18-2-g3a4fb96
20230310 044244.679 INFO             PET2 ESMF library build date/time: "Mar 10 2023" "02:59:48"
20230310 044244.679 INFO             PET2 ESMF library build location : /work/noaa/da/mpotts/sandbox/pgi_2019_openmpi_O_develop/esmf
20230310 044244.679 INFO             PET2 ESMF_COMM                   : openmpi
20230310 044244.679 INFO             PET2 ESMF_MOAB                   : enabled
20230310 044244.679 INFO             PET2 ESMF_LAPACK                 : enabled
20230310 044244.679 INFO             PET2 ESMF_NETCDF                 : enabled
20230310 044244.679 INFO             PET2 ESMF_PNETCDF                : disabled
20230310 044244.679 INFO             PET2 ESMF_PIO                    : enabled
20230310 044244.679 INFO             PET2 ESMF_YAMLCPP                : enabled
20230310 044244.689 INFO             PET2 esmApp STARTING
20230310 044244.692 INFO             PET2 esm: InitializeGeneric intro.
20230310 044244.692 INFO             PET2   esm: InitializeP0 intro.
20230310 044244.692 INFO             PET2   esm: InitializeP0 extro.
20230310 044244.692 INFO             PET2   esm: InitializeIPDv02p1 intro.
20230310 044244.692 INFO             PET2     >>>esm: entered Initialize (phase=<none>) without valid internal Clock.
20230310 044244.696 INFO             PET2     esm - Creating model component ATM without petList.
20230310 044244.698 INFO             PET2     esm - Creating model component OCN without petList.
20230310 044244.699 INFO             PET2     esm - Creating connector component ATM-TO-OCN without petList.
20230310 044244.702 INFO             PET2     esm - Creating connector component OCN-TO-ATM without petList.
20230310 044244.706 INFO             PET2     esm - Creating state: modelComp 1 Import State
20230310 044244.706 INFO             PET2     esm - Creating state: modelComp 1 Export State
20230310 044244.706 INFO             PET2     esm - Creating state: modelComp 2 Import State
20230310 044244.706 INFO             PET2     esm - Creating state: modelComp 2 Export State
20230310 044244.706 INFO             PET2     ATM: InitializeP0 intro.
20230310 044244.706 INFO             PET2       >>>ATM: entered Initialize (phase=<none>) without valid internal Clock.
20230310 044244.707 INFO             PET2       <<<ATM: leaving Initialize (phase=<none>) without valid internal Clock.
20230310 044244.707 INFO             PET2     ATM: InitializeP0 extro.
20230310 044244.707 INFO             PET2     OCN: InitializeP0 intro.
20230310 044244.707 INFO             PET2       >>>OCN: entered Initialize (phase=<none>) without valid internal Clock.
20230310 044244.707 INFO             PET2       <<<OCN: leaving Initialize (phase=<none>) without valid internal Clock.
20230310 044244.707 INFO             PET2     OCN: InitializeP0 extro.
20230310 044244.709 INFO             PET2     ATM-TO-OCN: InitializeP0 intro.
20230310 044244.709 INFO             PET2     ATM-TO-OCN: InitializeP0 extro.
20230310 044244.709 INFO             PET2     OCN-TO-ATM: InitializeP0 intro.
20230310 044244.709 INFO             PET2     OCN-TO-ATM: InitializeP0 extro.
20230310 044244.710 INFO             PET2     esm: IInitAdvertise intro.
20230310 044244.710 INFO             PET2     esm: IInitAdvertise extro.
20230310 044244.710 INFO             PET2     ATM: InitializeIPDvXp01 intro.
20230310 044244.710 INFO             PET2       >>>ATM: entered Initialize (phase=IPDvXp01) without valid internal Clock.
20230310 044244.712 INFO             PET2       <<<ATM: leaving Initialize (phase=IPDvXp01) without valid internal Clock.
20230310 044244.712 INFO             PET2     ATM: InitializeIPDvXp01 extro.
20230310 044244.712 INFO             PET2     OCN: InitializeIPDvXp01 intro.
20230310 044244.712 INFO             PET2       >>>OCN: entered Initialize (phase=IPDvXp01) without valid internal Clock.
20230310 044244.713 INFO             PET2       <<<OCN: leaving Initialize (phase=IPDvXp01) without valid internal Clock.
20230310 044244.713 INFO             PET2     OCN: InitializeIPDvXp01 extro.
20230310 044244.714 INFO             PET2     ATM-TO-OCN: InitializeIPDv05p1 intro.
20230310 044244.715 INFO             PET2       ATM-TO-OCN: importState FieldTransferPolicy = transferNone
20230310 044244.715 INFO             PET2       ATM-TO-OCN: exportState FieldTransferPolicy = transferNone
20230310 044244.715 INFO             PET2     ATM-TO-OCN: InitializeIPDv05p1 extro.
20230310 044244.716 INFO             PET2     OCN-TO-ATM: InitializeIPDv05p1 intro.
20230310 044244.716 INFO             PET2       OCN-TO-ATM: importState FieldTransferPolicy = transferNone
20230310 044244.716 INFO             PET2       OCN-TO-ATM: exportState FieldTransferPolicy = transferNone
20230310 044244.717 INFO             PET2     OCN-TO-ATM: InitializeIPDv05p1 extro.
20230310 044244.717 INFO             PET2     esm: IInitAdvertiseFinish intro.
20230310 044244.717 INFO             PET2     esm: IInitAdvertiseFinish extro.
20230310 044244.717 INFO             PET2     ATM-TO-OCN: InitializeIPDv05p2a intro.
20230310 044244.718 INFO             PET2       ATM-TO-OCN:      importStandardNameList(i=  1): air_pressure_at_sea_level
20230310 044244.718 INFO             PET2       ATM-TO-OCN:         importNamespaceList(i=  1): ATM
20230310 044244.718 INFO             PET2       ATM-TO-OCN:            importCplSetList(i=  1): __UNSPECIFIED__
20230310 044244.718 INFO             PET2       ATM-TO-OCN:      exportStandardNameList(j=  1): air_pressure_at_sea_level
20230310 044244.718 INFO             PET2       ATM-TO-OCN:         exportNamespaceList(j=  1): OCN
20230310 044244.718 INFO             PET2       ATM-TO-OCN:            exportCplSetList(j=  1): __UNSPECIFIED__
20230310 044244.718 INFO             PET2       ATM-TO-OCN: bondLevel= 1
20230310 044244.718 INFO             PET2       ATM-TO-OCN: ProducerConnection (bondLevelMax):         1
20230310 044244.718 INFO             PET2       ATM-TO-OCN:      importStandardNameList(i=  2): surface_net_downward_shortwave_flux
20230310 044244.718 INFO             PET2       ATM-TO-OCN:         importNamespaceList(i=  2): ATM
20230310 044244.718 INFO             PET2       ATM-TO-OCN:            importCplSetList(i=  2): __UNSPECIFIED__
20230310 044244.718 INFO             PET2       ATM-TO-OCN:      exportStandardNameList(j=  2): surface_net_downward_shortwave_flux
20230310 044244.718 INFO             PET2       ATM-TO-OCN:         exportNamespaceList(j=  2): OCN
20230310 044244.718 INFO             PET2       ATM-TO-OCN:            exportCplSetList(j=  2): __UNSPECIFIED__
20230310 044244.718 INFO             PET2       ATM-TO-OCN: bondLevel= 1
20230310 044244.718 INFO             PET2       ATM-TO-OCN: ProducerConnection (bondLevelMax):         1
20230310 044244.718 INFO             PET2     ATM-TO-OCN: InitializeIPDv05p2a extro.
20230310 044244.718 INFO             PET2     OCN-TO-ATM: InitializeIPDv05p2a intro.
20230310 044244.719 INFO             PET2       OCN-TO-ATM:      importStandardNameList(i=  1): sea_surface_temperature
20230310 044244.719 INFO             PET2       OCN-TO-ATM:         importNamespaceList(i=  1): OCN
20230310 044244.719 INFO             PET2       OCN-TO-ATM:            importCplSetList(i=  1): __UNSPECIFIED__
20230310 044244.719 INFO             PET2       OCN-TO-ATM:      exportStandardNameList(j=  1): sea_surface_temperature
20230310 044244.719 INFO             PET2       OCN-TO-ATM:         exportNamespaceList(j=  1): ATM
20230310 044244.719 INFO             PET2       OCN-TO-ATM:            exportCplSetList(j=  1): __UNSPECIFIED__
20230310 044244.719 INFO             PET2       OCN-TO-ATM: bondLevel= 1
20230310 044244.719 INFO             PET2       OCN-TO-ATM: ProducerConnection (bondLevelMax):         1
20230310 044244.719 INFO             PET2     OCN-TO-ATM: InitializeIPDv05p2a extro.
20230310 044244.719 INFO             PET2     ATM-TO-OCN: InitializeIPDv05p2b intro.
20230310 044244.721 INFO             PET2       ATM-TO-OCN:      importStandardNameList(i=  1): air_pressure_at_sea_level
20230310 044244.721 INFO             PET2       ATM-TO-OCN:         importNamespaceList(i=  1): ATM
20230310 044244.721 INFO             PET2       ATM-TO-OCN:            importCplSetList(i=  1): __UNSPECIFIED__
20230310 044244.721 INFO             PET2       ATM-TO-OCN:      exportStandardNameList(j=  1): air_pressure_at_sea_level
20230310 044244.721 INFO             PET2       ATM-TO-OCN:         exportNamespaceList(j=  1): OCN
20230310 044244.721 INFO             PET2       ATM-TO-OCN:            exportCplSetList(j=  1): __UNSPECIFIED__
20230310 044244.721 INFO             PET2       ATM-TO-OCN: bondLevel= 1
20230310 044244.721 INFO             PET2       ATM-TO-OCN: => added cplList(  1)=air_pressure_at_sea_level, cplSetList(  1)=__UNSPECIFIED__
20230310 044244.721 INFO             PET2       ATM-TO-OCN:      importStandardNameList(i=  2): surface_net_downward_shortwave_flux
20230310 044244.721 INFO             PET2       ATM-TO-OCN:         importNamespaceList(i=  2): ATM
20230310 044244.721 INFO             PET2       ATM-TO-OCN:            importCplSetList(i=  2): __UNSPECIFIED__
20230310 044244.721 INFO             PET2       ATM-TO-OCN:      exportStandardNameList(j=  2): surface_net_downward_shortwave_flux
20230310 044244.721 INFO             PET2       ATM-TO-OCN:         exportNamespaceList(j=  2): OCN
20230310 044244.721 INFO             PET2       ATM-TO-OCN:            exportCplSetList(j=  2): __UNSPECIFIED__
20230310 044244.721 INFO             PET2       ATM-TO-OCN: bondLevel= 1
20230310 044244.721 INFO             PET2       ATM-TO-OCN: => added cplList(  2)=surface_net_downward_shortwave_flux, cplSetList(  2)=__UNSPECIFIED__
20230310 044244.721 INFO             PET2     ATM-TO-OCN: InitializeIPDv05p2b extro.
20230310 044244.721 INFO             PET2     OCN-TO-ATM: InitializeIPDv05p2b intro.
20230310 044244.722 INFO             PET2       OCN-TO-ATM:      importStandardNameList(i=  1): sea_surface_temperature
20230310 044244.722 INFO             PET2       OCN-TO-ATM:         importNamespaceList(i=  1): OCN
20230310 044244.722 INFO             PET2       OCN-TO-ATM:            importCplSetList(i=  1): __UNSPECIFIED__
20230310 044244.722 INFO             PET2       OCN-TO-ATM:      exportStandardNameList(j=  1): sea_surface_temperature
20230310 044244.722 INFO             PET2       OCN-TO-ATM:         exportNamespaceList(j=  1): ATM
20230310 044244.722 INFO             PET2       OCN-TO-ATM:            exportCplSetList(j=  1): __UNSPECIFIED__
20230310 044244.722 INFO             PET2       OCN-TO-ATM: bondLevel= 1
20230310 044244.722 INFO             PET2       OCN-TO-ATM: => added cplList(  1)=sea_surface_temperature, cplSetList(  1)=__UNSPECIFIED__
20230310 044244.722 INFO             PET2     OCN-TO-ATM: InitializeIPDv05p2b extro.
20230310 044244.722 INFO             PET2     esm: IInitModifyCplLists intro.
20230310 044244.722 INFO             PET2     esm: IInitModifyCplLists extro.
20230310 044244.723 INFO             PET2     ATM-TO-OCN: InitializeIPDv05p3 intro.
20230310 044244.724 INFO             PET2       ATM-TO-OCN: handle cplList(1): air_pressure_at_sea_level, cplSetList(1): __UNSPECIFIED__
20230310 044244.724 INFO             PET2       ATM-TO-OCN: - connected.
20230310 044244.724 INFO             PET2       ATM-TO-OCN: - both sides must provide the Field/GeomObject.
20230310 044244.724 INFO             PET2       ATM-TO-OCN: handle cplList(2): surface_net_downward_shortwave_flux, cplSetList(2): __UNSPECIFIED__
20230310 044244.724 INFO             PET2       ATM-TO-OCN: - connected.
20230310 044244.724 INFO             PET2       ATM-TO-OCN: - both sides must provide the Field/GeomObject.
20230310 044244.724 INFO             PET2     ATM-TO-OCN: InitializeIPDv05p3 extro.
20230310 044244.724 INFO             PET2     OCN-TO-ATM: InitializeIPDv05p3 intro.
20230310 044244.725 INFO             PET2       OCN-TO-ATM: handle cplList(1): sea_surface_temperature, cplSetList(1): __UNSPECIFIED__
20230310 044244.725 INFO             PET2       OCN-TO-ATM: - connected.
20230310 044244.725 INFO             PET2       OCN-TO-ATM: - both sides must provide the Field/GeomObject.
20230310 044244.725 INFO             PET2     OCN-TO-ATM: InitializeIPDv05p3 extro.
20230310 044244.725 INFO             PET2     <<<esm: leaving Initialize (phase=<none>) with current time: 2010  6  1  0  0  0   0
20230310 044244.725 INFO             PET2   esm: InitializeIPDv02p1 extro.
20230310 044244.726 INFO             PET2   esm: InitializeIPDv02p3 intro.
20230310 044244.726 INFO             PET2     >>>esm: entered Initialize (phase=<none>) with current time: 2010  6  1  0  0  0   0
20230310 044244.726 INFO             PET2     esm: IInitCheck intro.
20230310 044244.726 INFO             PET2     esm: IInitCheck extro.
20230310 044244.726 INFO             PET2     ATM: InitializeIPDvXp04 intro.
20230310 044244.726 INFO             PET2       >>>ATM: entered Initialize (phase=IPDvXp04) without valid internal Clock.
20230310 044244.728 INFO             PET2       <<<ATM: leaving Initialize (phase=IPDvXp04) without valid internal Clock.
20230310 044244.728 INFO             PET2     ATM: InitializeIPDvXp04 extro.
20230310 044244.728 INFO             PET2     OCN: InitializeIPDvXp04 intro.
20230310 044244.728 INFO             PET2       >>>OCN: entered Initialize (phase=IPDvXp04) without valid internal Clock.
20230310 044244.730 INFO             PET2       <<<OCN: leaving Initialize (phase=IPDvXp04) without valid internal Clock.
20230310 044244.730 INFO             PET2     OCN: InitializeIPDvXp04 extro.
20230310 044244.731 INFO             PET2     ATM-TO-OCN: InitializeIPDv05p4 intro.
20230310 044244.733 INFO             PET2       ATM-TO-OCN: handle cplList(1): air_pressure_at_sea_level, cplSetList(1): __UNSPECIFIED__
20230310 044244.733 INFO             PET2       ATM-TO-OCN: - nothing shared or transferred
20230310 044244.733 INFO             PET2       ATM-TO-OCN: handle cplList(2): surface_net_downward_shortwave_flux, cplSetList(2): __UNSPECIFIED__
20230310 044244.733 INFO             PET2       ATM-TO-OCN: - nothing shared or transferred
20230310 044244.733 INFO             PET2     ATM-TO-OCN: InitializeIPDv05p4 extro.
20230310 044244.733 INFO             PET2     OCN-TO-ATM: InitializeIPDv05p4 intro.
20230310 044244.735 INFO             PET2       OCN-TO-ATM: handle cplList(1): sea_surface_temperature, cplSetList(1): __UNSPECIFIED__
20230310 044244.735 INFO             PET2       OCN-TO-ATM: - nothing shared or transferred
20230310 044244.735 INFO             PET2     OCN-TO-ATM: InitializeIPDv05p4 extro.
20230310 044244.735 INFO             PET2     ATM-TO-OCN: InitializeIPDv05p5 intro.
20230310 044244.737 INFO             PET2       ATM-TO-OCN: handle cplList(1): air_pressure_at_sea_level, cplSetList(1): __UNSPECIFIED__
20230310 044244.737 INFO             PET2       ATM-TO-OCN: - nothing shared or transferred, or may already be handled
20230310 044244.737 INFO             PET2       ATM-TO-OCN: handle cplList(2): surface_net_downward_shortwave_flux, cplSetList(2): __UNSPECIFIED__
20230310 044244.737 INFO             PET2       ATM-TO-OCN: - nothing shared or transferred, or may already be handled
20230310 044244.737 INFO             PET2     ATM-TO-OCN: InitializeIPDv05p5 extro.
20230310 044244.737 INFO             PET2     OCN-TO-ATM: InitializeIPDv05p5 intro.
20230310 044244.738 INFO             PET2       OCN-TO-ATM: handle cplList(1): sea_surface_temperature, cplSetList(1): __UNSPECIFIED__
20230310 044244.738 INFO             PET2       OCN-TO-ATM: - nothing shared or transferred, or may already be handled
20230310 044244.738 INFO             PET2     OCN-TO-ATM: InitializeIPDv05p5 extro.
20230310 044244.739 INFO             PET2     esm: IInitRealize intro.
20230310 044244.739 INFO             PET2     esm: IInitRealize extro.
20230310 044244.739 INFO             PET2     ATM-TO-OCN: InitializeIPDv05p6a intro.
20230310 044244.741 INFO             PET2     ATM-TO-OCN: InitializeIPDv05p6a extro.
20230310 044244.741 INFO             PET2     OCN-TO-ATM: InitializeIPDv05p6a intro.
20230310 044244.742 INFO             PET2     OCN-TO-ATM: InitializeIPDv05p6a extro.
20230310 044244.742 INFO             PET2     ATM-TO-OCN: InitializeIPDv05p6b intro.
20230310 044244.742 INFO             PET2       ATM-TO-OCN: handle cplList(1): air_pressure_at_sea_level, cplSetList(1): __UNSPECIFIED__
20230310 044244.742 INFO             PET2       ATM-TO-OCN: - no Field sharing between import and export side: remap.
20230310 044244.685 INFO             PET3 !!!!!!!!!!!!!!!!!!!!!!!!!!!!!!!!!!!!!!!!!!!!!!!!!!!!!!
20230310 044244.687 INFO             PET3 !!! THE ESMF_LOG IS SET TO OUTPUT ALL LOG MESSAGES !!!
20230310 044244.687 INFO             PET3 !!!     THIS MAY CAUSE SLOWDOWN IN PERFORMANCE     !!!
20230310 044244.687 INFO             PET3 !!! FOR PRODUCTION RUNS, USE:                      !!!
20230310 044244.687 INFO             PET3 !!!                   ESMF_LOGKIND_Multi_On_Error  !!!
20230310 044244.687 INFO             PET3 !!!!!!!!!!!!!!!!!!!!!!!!!!!!!!!!!!!!!!!!!!!!!!!!!!!!!!
20230310 044244.687 INFO             PET3 Running with ESMF Version   : v8.5.0b18-2-g3a4fb96
20230310 044244.687 INFO             PET3 ESMF library build date/time: "Mar 10 2023" "02:59:48"
20230310 044244.687 INFO             PET3 ESMF library build location : /work/noaa/da/mpotts/sandbox/pgi_2019_openmpi_O_develop/esmf
20230310 044244.687 INFO             PET3 ESMF_COMM                   : openmpi
20230310 044244.688 INFO             PET3 ESMF_MOAB                   : enabled
20230310 044244.689 INFO             PET3 ESMF_LAPACK                 : enabled
20230310 044244.689 INFO             PET3 ESMF_NETCDF                 : enabled
20230310 044244.689 INFO             PET3 ESMF_PNETCDF                : disabled
20230310 044244.689 INFO             PET3 ESMF_PIO                    : enabled
20230310 044244.689 INFO             PET3 ESMF_YAMLCPP                : enabled
20230310 044244.689 INFO             PET3 esmApp STARTING
20230310 044244.695 INFO             PET3 esm: InitializeGeneric intro.
20230310 044244.695 INFO             PET3   esm: InitializeP0 intro.
20230310 044244.695 INFO             PET3   esm: InitializeP0 extro.
20230310 044244.695 INFO             PET3   esm: InitializeIPDv02p1 intro.
20230310 044244.695 INFO             PET3     >>>esm: entered Initialize (phase=<none>) without valid internal Clock.
20230310 044244.696 INFO             PET3     esm - Creating model component ATM without petList.
20230310 044244.698 INFO             PET3     esm - Creating model component OCN without petList.
20230310 044244.700 INFO             PET3     esm - Creating connector component ATM-TO-OCN without petList.
20230310 044244.703 INFO             PET3     esm - Creating connector component OCN-TO-ATM without petList.
20230310 044244.706 INFO             PET3     esm - Creating state: modelComp 1 Import State
20230310 044244.706 INFO             PET3     esm - Creating state: modelComp 1 Export State
20230310 044244.706 INFO             PET3     esm - Creating state: modelComp 2 Import State
20230310 044244.706 INFO             PET3     esm - Creating state: modelComp 2 Export State
20230310 044244.707 INFO             PET3     ATM: InitializeP0 intro.
20230310 044244.707 INFO             PET3       >>>ATM: entered Initialize (phase=<none>) without valid internal Clock.
20230310 044244.707 INFO             PET3       <<<ATM: leaving Initialize (phase=<none>) without valid internal Clock.
20230310 044244.707 INFO             PET3     ATM: InitializeP0 extro.
20230310 044244.707 INFO             PET3     OCN: InitializeP0 intro.
20230310 044244.707 INFO             PET3       >>>OCN: entered Initialize (phase=<none>) without valid internal Clock.
20230310 044244.708 INFO             PET3       <<<OCN: leaving Initialize (phase=<none>) without valid internal Clock.
20230310 044244.708 INFO             PET3     OCN: InitializeP0 extro.
20230310 044244.709 INFO             PET3     ATM-TO-OCN: InitializeP0 intro.
20230310 044244.709 INFO             PET3     ATM-TO-OCN: InitializeP0 extro.
20230310 044244.709 INFO             PET3     OCN-TO-ATM: InitializeP0 intro.
20230310 044244.709 INFO             PET3     OCN-TO-ATM: InitializeP0 extro.
20230310 044244.710 INFO             PET3     esm: IInitAdvertise intro.
20230310 044244.710 INFO             PET3     esm: IInitAdvertise extro.
20230310 044244.710 INFO             PET3     ATM: InitializeIPDvXp01 intro.
20230310 044244.710 INFO             PET3       >>>ATM: entered Initialize (phase=IPDvXp01) without valid internal Clock.
20230310 044244.712 INFO             PET3       <<<ATM: leaving Initialize (phase=IPDvXp01) without valid internal Clock.
20230310 044244.712 INFO             PET3     ATM: InitializeIPDvXp01 extro.
20230310 044244.712 INFO             PET3     OCN: InitializeIPDvXp01 intro.
20230310 044244.712 INFO             PET3       >>>OCN: entered Initialize (phase=IPDvXp01) without valid internal Clock.
20230310 044244.713 INFO             PET3       <<<OCN: leaving Initialize (phase=IPDvXp01) without valid internal Clock.
20230310 044244.713 INFO             PET3     OCN: InitializeIPDvXp01 extro.
20230310 044244.714 INFO             PET3     ATM-TO-OCN: InitializeIPDv05p1 intro.
20230310 044244.715 INFO             PET3       ATM-TO-OCN: importState FieldTransferPolicy = transferNone
20230310 044244.715 INFO             PET3       ATM-TO-OCN: exportState FieldTransferPolicy = transferNone
20230310 044244.715 INFO             PET3     ATM-TO-OCN: InitializeIPDv05p1 extro.
20230310 044244.716 INFO             PET3     OCN-TO-ATM: InitializeIPDv05p1 intro.
20230310 044244.716 INFO             PET3       OCN-TO-ATM: importState FieldTransferPolicy = transferNone
20230310 044244.716 INFO             PET3       OCN-TO-ATM: exportState FieldTransferPolicy = transferNone
20230310 044244.717 INFO             PET3     OCN-TO-ATM: InitializeIPDv05p1 extro.
20230310 044244.717 INFO             PET3     esm: IInitAdvertiseFinish intro.
20230310 044244.717 INFO             PET3     esm: IInitAdvertiseFinish extro.
20230310 044244.717 INFO             PET3     ATM-TO-OCN: InitializeIPDv05p2a intro.
20230310 044244.718 INFO             PET3       ATM-TO-OCN:      importStandardNameList(i=  1): air_pressure_at_sea_level
20230310 044244.718 INFO             PET3       ATM-TO-OCN:         importNamespaceList(i=  1): ATM
20230310 044244.718 INFO             PET3       ATM-TO-OCN:            importCplSetList(i=  1): __UNSPECIFIED__
20230310 044244.718 INFO             PET3       ATM-TO-OCN:      exportStandardNameList(j=  1): air_pressure_at_sea_level
20230310 044244.718 INFO             PET3       ATM-TO-OCN:         exportNamespaceList(j=  1): OCN
20230310 044244.718 INFO             PET3       ATM-TO-OCN:            exportCplSetList(j=  1): __UNSPECIFIED__
20230310 044244.718 INFO             PET3       ATM-TO-OCN: bondLevel= 1
20230310 044244.718 INFO             PET3       ATM-TO-OCN: ProducerConnection (bondLevelMax):         1
20230310 044244.718 INFO             PET3       ATM-TO-OCN:      importStandardNameList(i=  2): surface_net_downward_shortwave_flux
20230310 044244.718 INFO             PET3       ATM-TO-OCN:         importNamespaceList(i=  2): ATM
20230310 044244.718 INFO             PET3       ATM-TO-OCN:            importCplSetList(i=  2): __UNSPECIFIED__
20230310 044244.718 INFO             PET3       ATM-TO-OCN:      exportStandardNameList(j=  2): surface_net_downward_shortwave_flux
20230310 044244.718 INFO             PET3       ATM-TO-OCN:         exportNamespaceList(j=  2): OCN
20230310 044244.718 INFO             PET3       ATM-TO-OCN:            exportCplSetList(j=  2): __UNSPECIFIED__
20230310 044244.718 INFO             PET3       ATM-TO-OCN: bondLevel= 1
20230310 044244.718 INFO             PET3       ATM-TO-OCN: ProducerConnection (bondLevelMax):         1
20230310 044244.718 INFO             PET3     ATM-TO-OCN: InitializeIPDv05p2a extro.
20230310 044244.718 INFO             PET3     OCN-TO-ATM: InitializeIPDv05p2a intro.
20230310 044244.719 INFO             PET3       OCN-TO-ATM:      importStandardNameList(i=  1): sea_surface_temperature
20230310 044244.719 INFO             PET3       OCN-TO-ATM:         importNamespaceList(i=  1): OCN
20230310 044244.719 INFO             PET3       OCN-TO-ATM:            importCplSetList(i=  1): __UNSPECIFIED__
20230310 044244.719 INFO             PET3       OCN-TO-ATM:      exportStandardNameList(j=  1): sea_surface_temperature
20230310 044244.719 INFO             PET3       OCN-TO-ATM:         exportNamespaceList(j=  1): ATM
20230310 044244.719 INFO             PET3       OCN-TO-ATM:            exportCplSetList(j=  1): __UNSPECIFIED__
20230310 044244.719 INFO             PET3       OCN-TO-ATM: bondLevel= 1
20230310 044244.719 INFO             PET3       OCN-TO-ATM: ProducerConnection (bondLevelMax):         1
20230310 044244.719 INFO             PET3     OCN-TO-ATM: InitializeIPDv05p2a extro.
20230310 044244.719 INFO             PET3     ATM-TO-OCN: InitializeIPDv05p2b intro.
20230310 044244.721 INFO             PET3       ATM-TO-OCN:      importStandardNameList(i=  1): air_pressure_at_sea_level
20230310 044244.721 INFO             PET3       ATM-TO-OCN:         importNamespaceList(i=  1): ATM
20230310 044244.721 INFO             PET3       ATM-TO-OCN:            importCplSetList(i=  1): __UNSPECIFIED__
20230310 044244.721 INFO             PET3       ATM-TO-OCN:      exportStandardNameList(j=  1): air_pressure_at_sea_level
20230310 044244.721 INFO             PET3       ATM-TO-OCN:         exportNamespaceList(j=  1): OCN
20230310 044244.721 INFO             PET3       ATM-TO-OCN:            exportCplSetList(j=  1): __UNSPECIFIED__
20230310 044244.721 INFO             PET3       ATM-TO-OCN: bondLevel= 1
20230310 044244.721 INFO             PET3       ATM-TO-OCN: => added cplList(  1)=air_pressure_at_sea_level, cplSetList(  1)=__UNSPECIFIED__
20230310 044244.721 INFO             PET3       ATM-TO-OCN:      importStandardNameList(i=  2): surface_net_downward_shortwave_flux
20230310 044244.721 INFO             PET3       ATM-TO-OCN:         importNamespaceList(i=  2): ATM
20230310 044244.721 INFO             PET3       ATM-TO-OCN:            importCplSetList(i=  2): __UNSPECIFIED__
20230310 044244.721 INFO             PET3       ATM-TO-OCN:      exportStandardNameList(j=  2): surface_net_downward_shortwave_flux
20230310 044244.721 INFO             PET3       ATM-TO-OCN:         exportNamespaceList(j=  2): OCN
20230310 044244.721 INFO             PET3       ATM-TO-OCN:            exportCplSetList(j=  2): __UNSPECIFIED__
20230310 044244.721 INFO             PET3       ATM-TO-OCN: bondLevel= 1
20230310 044244.721 INFO             PET3       ATM-TO-OCN: => added cplList(  2)=surface_net_downward_shortwave_flux, cplSetList(  2)=__UNSPECIFIED__
20230310 044244.721 INFO             PET3     ATM-TO-OCN: InitializeIPDv05p2b extro.
20230310 044244.721 INFO             PET3     OCN-TO-ATM: InitializeIPDv05p2b intro.
20230310 044244.722 INFO             PET3       OCN-TO-ATM:      importStandardNameList(i=  1): sea_surface_temperature
20230310 044244.722 INFO             PET3       OCN-TO-ATM:         importNamespaceList(i=  1): OCN
20230310 044244.722 INFO             PET3       OCN-TO-ATM:            importCplSetList(i=  1): __UNSPECIFIED__
20230310 044244.722 INFO             PET3       OCN-TO-ATM:      exportStandardNameList(j=  1): sea_surface_temperature
20230310 044244.722 INFO             PET3       OCN-TO-ATM:         exportNamespaceList(j=  1): ATM
20230310 044244.722 INFO             PET3       OCN-TO-ATM:            exportCplSetList(j=  1): __UNSPECIFIED__
20230310 044244.722 INFO             PET3       OCN-TO-ATM: bondLevel= 1
20230310 044244.722 INFO             PET3       OCN-TO-ATM: => added cplList(  1)=sea_surface_temperature, cplSetList(  1)=__UNSPECIFIED__
20230310 044244.722 INFO             PET3     OCN-TO-ATM: InitializeIPDv05p2b extro.
20230310 044244.722 INFO             PET3     esm: IInitModifyCplLists intro.
20230310 044244.722 INFO             PET3     esm: IInitModifyCplLists extro.
20230310 044244.723 INFO             PET3     ATM-TO-OCN: InitializeIPDv05p3 intro.
20230310 044244.724 INFO             PET3       ATM-TO-OCN: handle cplList(1): air_pressure_at_sea_level, cplSetList(1): __UNSPECIFIED__
20230310 044244.724 INFO             PET3       ATM-TO-OCN: - connected.
20230310 044244.724 INFO             PET3       ATM-TO-OCN: - both sides must provide the Field/GeomObject.
20230310 044244.724 INFO             PET3       ATM-TO-OCN: handle cplList(2): surface_net_downward_shortwave_flux, cplSetList(2): __UNSPECIFIED__
20230310 044244.724 INFO             PET3       ATM-TO-OCN: - connected.
20230310 044244.724 INFO             PET3       ATM-TO-OCN: - both sides must provide the Field/GeomObject.
20230310 044244.724 INFO             PET3     ATM-TO-OCN: InitializeIPDv05p3 extro.
20230310 044244.724 INFO             PET3     OCN-TO-ATM: InitializeIPDv05p3 intro.
20230310 044244.725 INFO             PET3       OCN-TO-ATM: handle cplList(1): sea_surface_temperature, cplSetList(1): __UNSPECIFIED__
20230310 044244.725 INFO             PET3       OCN-TO-ATM: - connected.
20230310 044244.725 INFO             PET3       OCN-TO-ATM: - both sides must provide the Field/GeomObject.
20230310 044244.725 INFO             PET3     OCN-TO-ATM: InitializeIPDv05p3 extro.
20230310 044244.725 INFO             PET3     <<<esm: leaving Initialize (phase=<none>) with current time: 2010  6  1  0  0  0   0
20230310 044244.725 INFO             PET3   esm: InitializeIPDv02p1 extro.
20230310 044244.726 INFO             PET3   esm: InitializeIPDv02p3 intro.
20230310 044244.726 INFO             PET3     >>>esm: entered Initialize (phase=<none>) with current time: 2010  6  1  0  0  0   0
20230310 044244.726 INFO             PET3     esm: IInitCheck intro.
20230310 044244.726 INFO             PET3     esm: IInitCheck extro.
20230310 044244.726 INFO             PET3     ATM: InitializeIPDvXp04 intro.
20230310 044244.726 INFO             PET3       >>>ATM: entered Initialize (phase=IPDvXp04) without valid internal Clock.
20230310 044244.728 INFO             PET3       <<<ATM: leaving Initialize (phase=IPDvXp04) without valid internal Clock.
20230310 044244.728 INFO             PET3     ATM: InitializeIPDvXp04 extro.
20230310 044244.728 INFO             PET3     OCN: InitializeIPDvXp04 intro.
20230310 044244.728 INFO             PET3       >>>OCN: entered Initialize (phase=IPDvXp04) without valid internal Clock.
20230310 044244.730 INFO             PET3       <<<OCN: leaving Initialize (phase=IPDvXp04) without valid internal Clock.
20230310 044244.730 INFO             PET3     OCN: InitializeIPDvXp04 extro.
20230310 044244.731 INFO             PET3     ATM-TO-OCN: InitializeIPDv05p4 intro.
20230310 044244.733 INFO             PET3       ATM-TO-OCN: handle cplList(1): air_pressure_at_sea_level, cplSetList(1): __UNSPECIFIED__
20230310 044244.733 INFO             PET3       ATM-TO-OCN: - nothing shared or transferred
20230310 044244.733 INFO             PET3       ATM-TO-OCN: handle cplList(2): surface_net_downward_shortwave_flux, cplSetList(2): __UNSPECIFIED__
20230310 044244.733 INFO             PET3       ATM-TO-OCN: - nothing shared or transferred
20230310 044244.733 INFO             PET3     ATM-TO-OCN: InitializeIPDv05p4 extro.
20230310 044244.733 INFO             PET3     OCN-TO-ATM: InitializeIPDv05p4 intro.
20230310 044244.735 INFO             PET3       OCN-TO-ATM: handle cplList(1): sea_surface_temperature, cplSetList(1): __UNSPECIFIED__
20230310 044244.735 INFO             PET3       OCN-TO-ATM: - nothing shared or transferred
20230310 044244.735 INFO             PET3     OCN-TO-ATM: InitializeIPDv05p4 extro.
20230310 044244.735 INFO             PET3     ATM-TO-OCN: InitializeIPDv05p5 intro.
20230310 044244.737 INFO             PET3       ATM-TO-OCN: handle cplList(1): air_pressure_at_sea_level, cplSetList(1): __UNSPECIFIED__
20230310 044244.737 INFO             PET3       ATM-TO-OCN: - nothing shared or transferred, or may already be handled
20230310 044244.737 INFO             PET3       ATM-TO-OCN: handle cplList(2): surface_net_downward_shortwave_flux, cplSetList(2): __UNSPECIFIED__
20230310 044244.737 INFO             PET3       ATM-TO-OCN: - nothing shared or transferred, or may already be handled
20230310 044244.737 INFO             PET3     ATM-TO-OCN: InitializeIPDv05p5 extro.
20230310 044244.737 INFO             PET3     OCN-TO-ATM: InitializeIPDv05p5 intro.
20230310 044244.738 INFO             PET3       OCN-TO-ATM: handle cplList(1): sea_surface_temperature, cplSetList(1): __UNSPECIFIED__
20230310 044244.738 INFO             PET3       OCN-TO-ATM: - nothing shared or transferred, or may already be handled
20230310 044244.738 INFO             PET3     OCN-TO-ATM: InitializeIPDv05p5 extro.
20230310 044244.739 INFO             PET3     esm: IInitRealize intro.
20230310 044244.739 INFO             PET3     esm: IInitRealize extro.
20230310 044244.739 INFO             PET3     ATM-TO-OCN: InitializeIPDv05p6a intro.
20230310 044244.741 INFO             PET3     ATM-TO-OCN: InitializeIPDv05p6a extro.
20230310 044244.741 INFO             PET3     OCN-TO-ATM: InitializeIPDv05p6a intro.
20230310 044244.742 INFO             PET3     OCN-TO-ATM: InitializeIPDv05p6a extro.
20230310 044244.742 INFO             PET3     ATM-TO-OCN: InitializeIPDv05p6b intro.
20230310 044244.742 INFO             PET3       ATM-TO-OCN: handle cplList(1): air_pressure_at_sea_level, cplSetList(1): __UNSPECIFIED__
20230310 044244.742 INFO             PET3       ATM-TO-OCN: - no Field sharing between import and export side: remap.
