2023-03-23 03:01:49
[Orion-02-67:289917:0:289917] Caught signal 11 (Segmentation fault: address not mapped to object at address 0x4f1b591)
[Orion-02-67:289918:0:289918] Caught signal 11 (Segmentation fault: address not mapped to object at address 0x4f1b591)
[Orion-02-67:289919:0:289919] Caught signal 11 (Segmentation fault: address not mapped to object at address 0x4f1b591)
[Orion-02-67:289920:0:289920] Caught signal 11 (Segmentation fault: address not mapped to object at address 0x4f1b591)

/work/noaa/da/mpotts/sandbox/pgi_2019_openmpi_O_develop/esmf/src/Infrastructure/LogErr/src/ESMCI_LogErr.C: [ ESMCI::LogErr::MsgFoundError() ]
      ...
      583 {
      584     bool result=false;
      585 #ifdef ESMC_SUCCESSDEFAULT_ON
==>   586     if (rcToReturn != ESMC_NULL_POINTER) *rcToReturn=ESMF_SUCCESS;
      587 #endif
      588     if (trace) {
      589         Write(ESMC_METHOD,ESMC_LOGMSG_TRACE,


/work/noaa/da/mpotts/sandbox/pgi_2019_openmpi_O_develop/esmf/src/Infrastructure/LogErr/src/ESMCI_LogErr.C: [ ESMCI::LogErr::MsgFoundError() ]
      ...
      583 {
      584     bool result=false;
      585 #ifdef ESMC_SUCCESSDEFAULT_ON
==>   586     if (rcToReturn != ESMC_NULL_POINTER) *rcToReturn=ESMF_SUCCESS;
      587 #endif
      588     if (trace) {
      589         Write(ESMC_METHOD,ESMC_LOGMSG_TRACE,


/work/noaa/da/mpotts/sandbox/pgi_2019_openmpi_O_develop/esmf/src/Infrastructure/LogErr/src/ESMCI_LogErr.C: [ ESMCI::LogErr::MsgFoundError() ]
      ...

/work/noaa/da/mpotts/sandbox/pgi_2019_openmpi_O_develop/esmf/src/Infrastructure/LogErr/src/ESMCI_LogErr.C: [ ESMCI::LogErr::MsgFoundError() ]
      ...
      583 {
      584     bool result=false;
      585 #ifdef ESMC_SUCCESSDEFAULT_ON
==>   586     if (rcToReturn != ESMC_NULL_POINTER) *rcToReturn=ESMF_SUCCESS;
      587 #endif
      588     if (trace) {
      589         Write(ESMC_METHOD,ESMC_LOGMSG_TRACE,
      583 {
      584     bool result=false;
      585 #ifdef ESMC_SUCCESSDEFAULT_ON
==>   586     if (rcToReturn != ESMC_NULL_POINTER) *rcToReturn=ESMF_SUCCESS;
      587 #endif
      588     if (trace) {
      589         Write(ESMC_METHOD,ESMC_LOGMSG_TRACE,


==== backtrace (tid: 289919) ====
 0 0x0000000000737c03 ESMCI::LogErr::MsgFoundError()  /work/noaa/da/mpotts/sandbox/pgi_2019_openmpi_O_develop/esmf/src/Infrastructure/LogErr/src/ESMCI_LogErr.C:586
 1 0x000000000088ff01 c_esmc_meshcreatenodedistgrid_()  /work/noaa/da/mpotts/sandbox/pgi_2019_openmpi_O_develop/esmf/src/Infrastructure/Mesh/interface/ESMCI_Mesh_F.C:248
 2 0x0000000000fa7a4c esmf_meshmod_esmf_meshcreatefrompointer_()  /work/noaa/da/mpotts/sandbox/pgi_2019_openmpi_O_develop/esmf/src/Infrastructure/Mesh/interface/ESMF_Mesh.F90:3091
 3 0x0000000000e88bc2 esmf_gridutilmod_esmf_gridtomesh_()  /work/noaa/da/mpotts/sandbox/pgi_2019_openmpi_O_develop/esmf/src/Infrastructure/GridUtil/interface/ESMF_GridUtil.F90:453
 4 0x0000000000dacc06 esmf_fieldregridmod_b_or_p_gridtomesh_()  /work/noaa/da/mpotts/sandbox/pgi_2019_openmpi_O_develop/esmf/src/Infrastructure/Field/src/ESMF_FieldRegrid.F90:3228
 5 0x0000000000daa0c4 esmf_fieldregridmod_getmeshwithnodesonfieldloc_()  /work/noaa/da/mpotts/sandbox/pgi_2019_openmpi_O_develop/esmf/src/Infrastructure/Field/src/ESMF_FieldRegrid.F90:1346
 6 0x0000000000da85ff esmf_fieldregridmod_esmf_fieldregridstorenx_()  /work/noaa/da/mpotts/sandbox/pgi_2019_openmpi_O_develop/esmf/src/Infrastructure/Field/src/ESMF_FieldRegrid.F90:971
 7 0x0000000000c8399a esmf_fieldbundlemod_esmf_fieldbundleregridstorepair_()  /work/noaa/da/mpotts/sandbox/pgi_2019_openmpi_O_develop/esmf/src/Infrastructure/FieldBundle/src/ESMF_FieldBundle.F90:16211
 8 0x0000000001235d62 nuopc_connector_fieldbundlecplstore_()  /work/noaa/da/mpotts/sandbox/pgi_2019_openmpi_O_develop/esmf/src/addon/NUOPC/src/NUOPC_Connector.F90:7714
==== backtrace (tid: 289917) ====
 0 0x0000000000737c03 ESMCI::LogErr::MsgFoundError()  /work/noaa/da/mpotts/sandbox/pgi_2019_openmpi_O_develop/esmf/src/Infrastructure/LogErr/src/ESMCI_LogErr.C:586
 1 0x000000000088ff01 c_esmc_meshcreatenodedistgrid_()  /work/noaa/da/mpotts/sandbox/pgi_2019_openmpi_O_develop/esmf/src/Infrastructure/Mesh/interface/ESMCI_Mesh_F.C:248
 2 0x0000000000fa7a4c esmf_meshmod_esmf_meshcreatefrompointer_()  /work/noaa/da/mpotts/sandbox/pgi_2019_openmpi_O_develop/esmf/src/Infrastructure/Mesh/interface/ESMF_Mesh.F90:3091
 3 0x0000000000e88bc2 esmf_gridutilmod_esmf_gridtomesh_()  /work/noaa/da/mpotts/sandbox/pgi_2019_openmpi_O_develop/esmf/src/Infrastructure/GridUtil/interface/ESMF_GridUtil.F90:453
 4 0x0000000000dacc06 esmf_fieldregridmod_b_or_p_gridtomesh_()  /work/noaa/da/mpotts/sandbox/pgi_2019_openmpi_O_develop/esmf/src/Infrastructure/Field/src/ESMF_FieldRegrid.F90:3228
 5 0x0000000000daa0c4 esmf_fieldregridmod_getmeshwithnodesonfieldloc_()  /work/noaa/da/mpotts/sandbox/pgi_2019_openmpi_O_develop/esmf/src/Infrastructure/Field/src/ESMF_FieldRegrid.F90:1346
 6 0x0000000000da85ff esmf_fieldregridmod_esmf_fieldregridstorenx_()  /work/noaa/da/mpotts/sandbox/pgi_2019_openmpi_O_develop/esmf/src/Infrastructure/Field/src/ESMF_FieldRegrid.F90:971
 7 0x0000000000c8399a esmf_fieldbundlemod_esmf_fieldbundleregridstorepair_()  /work/noaa/da/mpotts/sandbox/pgi_2019_openmpi_O_develop/esmf/src/Infrastructure/FieldBundle/src/ESMF_FieldBundle.F90:16211
 8 0x0000000001235d62 nuopc_connector_fieldbundlecplstore_()  /work/noaa/da/mpotts/sandbox/pgi_2019_openmpi_O_develop/esmf/src/addon/NUOPC/src/NUOPC_Connector.F90:7714
 9 0x000000000121fd76 nuopc_connector_initializeipdv05p6b_()  /work/noaa/da/mpotts/sandbox/pgi_2019_openmpi_O_develop/esmf/src/addon/NUOPC/src/NUOPC_Connector.F90:5386
10 0x0000000000657207 ESMCI::FTable::callVFuncPtr()  /work/noaa/da/mpotts/sandbox/pgi_2019_openmpi_O_develop/esmf/src/Superstructure/Component/src/ESMCI_FTable.C:2167
11 0x000000000065540a ESMCI_FTableCallEntryPointVMHop()  /work/noaa/da/mpotts/sandbox/pgi_2019_openmpi_O_develop/esmf/src/Superstructure/Component/src/ESMCI_FTable.C:824
12 0x0000000000a42368 ESMCI::VM::enter()  /work/noaa/da/mpotts/sandbox/pgi_2019_openmpi_O_develop/esmf/src/Infrastructure/VM/src/ESMCI_VM.C:1216
13 0x00000000006557e7 c_esmc_ftablecallentrypointvm_()  /work/noaa/da/mpotts/sandbox/pgi_2019_openmpi_O_develop/esmf/src/Superstructure/Component/src/ESMCI_FTable.C:981
14 0x0000000000c15ddd esmf_compmod_esmf_compexecute_()  /work/noaa/da/mpotts/sandbox/pgi_2019_openmpi_O_develop/esmf/src/Superstructure/Component/src/ESMF_Comp.F90:1223
15 0x0000000000c28021 esmf_cplcompmod_esmf_cplcompinitialize_()  /work/noaa/da/mpotts/sandbox/pgi_2019_openmpi_O_develop/esmf/src/Superstructure/Component/src/ESMF_CplComp.F90:1165
16 0x0000000001255984 nuopc_driver_loopconnectorcompss_()  /work/noaa/da/mpotts/sandbox/pgi_2019_openmpi_O_develop/esmf/src/addon/NUOPC/src/NUOPC_Driver.F90:3023
 9 0x000000000121fd76 nuopc_connector_initializeipdv05p6b_()  /work/noaa/da/mpotts/sandbox/pgi_2019_openmpi_O_develop/esmf/src/addon/NUOPC/src/NUOPC_Connector.F90:5386
10 0x0000000000657207 ESMCI::FTable::callVFuncPtr()  /work/noaa/da/mpotts/sandbox/pgi_2019_openmpi_O_develop/esmf/src/Superstructure/Component/src/ESMCI_FTable.C:2167
11 0x000000000065540a ESMCI_FTableCallEntryPointVMHop()  /work/noaa/da/mpotts/sandbox/pgi_2019_openmpi_O_develop/esmf/src/Superstructure/Component/src/ESMCI_FTable.C:824
12 0x0000000000a42368 ESMCI::VM::enter()  /work/noaa/da/mpotts/sandbox/pgi_2019_openmpi_O_develop/esmf/src/Infrastructure/VM/src/ESMCI_VM.C:1216
13 0x00000000006557e7 c_esmc_ftablecallentrypointvm_()  /work/noaa/da/mpotts/sandbox/pgi_2019_openmpi_O_develop/esmf/src/Superstructure/Component/src/ESMCI_FTable.C:981
14 0x0000000000c15ddd esmf_compmod_esmf_compexecute_()  /work/noaa/da/mpotts/sandbox/pgi_2019_openmpi_O_develop/esmf/src/Superstructure/Component/src/ESMF_Comp.F90:1223
15 0x0000000000c28021 esmf_cplcompmod_esmf_cplcompinitialize_()  /work/noaa/da/mpotts/sandbox/pgi_2019_openmpi_O_develop/esmf/src/Superstructure/Component/src/ESMF_CplComp.F90:1165
16 0x0000000001255984 nuopc_driver_loopconnectorcompss_()  /work/noaa/da/mpotts/sandbox/pgi_2019_openmpi_O_develop/esmf/src/addon/NUOPC/src/NUOPC_Driver.F90:3023
17 0x000000000124ced7 nuopc_driver_initializeipdv02p3_()  /work/noaa/da/mpotts/sandbox/pgi_2019_openmpi_O_develop/esmf/src/addon/NUOPC/src/NUOPC_Driver.F90:2110
18 0x000000000123b52a nuopc_driver_initializegeneric_()  /work/noaa/da/mpotts/sandbox/pgi_2019_openmpi_O_develop/esmf/src/addon/NUOPC/src/NUOPC_Driver.F90:479
19 0x0000000000657207 ESMCI::FTable::callVFuncPtr()  /work/noaa/da/mpotts/sandbox/pgi_2019_openmpi_O_develop/esmf/src/Superstructure/Component/src/ESMCI_FTable.C:2167
20 0x000000000065540a ESMCI_FTableCallEntryPointVMHop()  /work/noaa/da/mpotts/sandbox/pgi_2019_openmpi_O_develop/esmf/src/Superstructure/Component/src/ESMCI_FTable.C:824
21 0x0000000000a42368 ESMCI::VM::enter()  /work/noaa/da/mpotts/sandbox/pgi_2019_openmpi_O_develop/esmf/src/Infrastructure/VM/src/ESMCI_VM.C:1216
22 0x00000000006557e7 c_esmc_ftablecallentrypointvm_()  /work/noaa/da/mpotts/sandbox/pgi_2019_openmpi_O_develop/esmf/src/Superstructure/Component/src/ESMCI_FTable.C:981
23 0x0000000000c15ddd esmf_compmod_esmf_compexecute_()  /work/noaa/da/mpotts/sandbox/pgi_2019_openmpi_O_develop/esmf/src/Superstructure/Component/src/ESMF_Comp.F90:1223
24 0x0000000000deee01 esmf_gridcompmod_esmf_gridcompinitialize_()  /work/noaa/da/mpotts/sandbox/pgi_2019_openmpi_O_develop/esmf/src/Superstructure/Component/src/ESMF_GridComp.F90:1412
25 0x00000000004065fa MAIN_()  /work/noaa/da/mpotts/sandbox/pgi_2019_openmpi_O_develop/nuopc-app-prototypes/AtmOcnScalarProto/esmApp.F90:70
26 0x00000000004061f3 main()  ???:0
27 0x0000000000022495 __libc_start_main()  ???:0
28 0x00000000004060f9 _start()  ???:0
=================================
[Orion-02-67:289919] *** Process received signal ***
17 0x000000000124ced7 nuopc_driver_initializeipdv02p3_()  /work/noaa/da/mpotts/sandbox/pgi_2019_openmpi_O_develop/esmf/src/addon/NUOPC/src/NUOPC_Driver.F90:2110
18 0x000000000123b52a nuopc_driver_initializegeneric_()  /work/noaa/da/mpotts/sandbox/pgi_2019_openmpi_O_develop/esmf/src/addon/NUOPC/src/NUOPC_Driver.F90:479
19 0x0000000000657207 ESMCI::FTable::callVFuncPtr()  /work/noaa/da/mpotts/sandbox/pgi_2019_openmpi_O_develop/esmf/src/Superstructure/Component/src/ESMCI_FTable.C:2167
20 0x000000000065540a ESMCI_FTableCallEntryPointVMHop()  /work/noaa/da/mpotts/sandbox/pgi_2019_openmpi_O_develop/esmf/src/Superstructure/Component/src/ESMCI_FTable.C:824
21 0x0000000000a42368 ESMCI::VM::enter()  /work/noaa/da/mpotts/sandbox/pgi_2019_openmpi_O_develop/esmf/src/Infrastructure/VM/src/ESMCI_VM.C:1216
22 0x00000000006557e7 c_esmc_ftablecallentrypointvm_()  /work/noaa/da/mpotts/sandbox/pgi_2019_openmpi_O_develop/esmf/src/Superstructure/Component/src/ESMCI_FTable.C:981
23 0x0000000000c15ddd esmf_compmod_esmf_compexecute_()  /work/noaa/da/mpotts/sandbox/pgi_2019_openmpi_O_develop/esmf/src/Superstructure/Component/src/ESMF_Comp.F90:1223
24 0x0000000000deee01 esmf_gridcompmod_esmf_gridcompinitialize_()  /work/noaa/da/mpotts/sandbox/pgi_2019_openmpi_O_develop/esmf/src/Superstructure/Component/src/ESMF_GridComp.F90:1412
25 0x00000000004065fa MAIN_()  /work/noaa/da/mpotts/sandbox/pgi_2019_openmpi_O_develop/nuopc-app-prototypes/AtmOcnScalarProto/esmApp.F90:70
26 0x00000000004061f3 main()  ???:0
27 0x0000000000022495 __libc_start_main()  ???:0
28 0x00000000004060f9 _start()  ???:0
=================================
[Orion-02-67:289917] *** Process received signal ***
[Orion-02-67:289917] Signal: Segmentation fault (11)
[Orion-02-67:289917] Signal code:  (-6)
[Orion-02-67:289917] Failing at address: 0x20e500046c7d
[Orion-02-67:289919] Signal: Segmentation fault (11)
[Orion-02-67:289919] Signal code:  (-6)
[Orion-02-67:289919] Failing at address: 0x20e500046c7f
[Orion-02-67:289917] [ 0] /lib64/libpthread.so.0(+0xf5d0)[0x7fb9c1ccc5d0]
[Orion-02-67:289919] [ 0] /lib64/libpthread.so.0(+0xf5d0)[0x7fa09bfe15d0]
==== backtrace (tid: 289920) ====
 0 0x0000000000737c03 ESMCI::LogErr::MsgFoundError()  /work/noaa/da/mpotts/sandbox/pgi_2019_openmpi_O_develop/esmf/src/Infrastructure/LogErr/src/ESMCI_LogErr.C:586
 1 0x000000000088ff01 c_esmc_meshcreatenodedistgrid_()  /work/noaa/da/mpotts/sandbox/pgi_2019_openmpi_O_develop/esmf/src/Infrastructure/Mesh/interface/ESMCI_Mesh_F.C:248
 2 0x0000000000fa7a4c esmf_meshmod_esmf_meshcreatefrompointer_()  /work/noaa/da/mpotts/sandbox/pgi_2019_openmpi_O_develop/esmf/src/Infrastructure/Mesh/interface/ESMF_Mesh.F90:3091
 3 0x0000000000e88bc2 esmf_gridutilmod_esmf_gridtomesh_()  /work/noaa/da/mpotts/sandbox/pgi_2019_openmpi_O_develop/esmf/src/Infrastructure/GridUtil/interface/ESMF_GridUtil.F90:453
 4 0x0000000000dacc06 esmf_fieldregridmod_b_or_p_gridtomesh_()  /work/noaa/da/mpotts/sandbox/pgi_2019_openmpi_O_develop/esmf/src/Infrastructure/Field/src/ESMF_FieldRegrid.F90:3228
 5 0x0000000000daa0c4 esmf_fieldregridmod_getmeshwithnodesonfieldloc_()  /work/noaa/da/mpotts/sandbox/pgi_2019_openmpi_O_develop/esmf/src/Infrastructure/Field/src/ESMF_FieldRegrid.F90:1346
 6 0x0000000000da85ff esmf_fieldregridmod_esmf_fieldregridstorenx_()  /work/noaa/da/mpotts/sandbox/pgi_2019_openmpi_O_develop/esmf/src/Infrastructure/Field/src/ESMF_FieldRegrid.F90:971
 7 0x0000000000c8399a esmf_fieldbundlemod_esmf_fieldbundleregridstorepair_()  /work/noaa/da/mpotts/sandbox/pgi_2019_openmpi_O_develop/esmf/src/Infrastructure/FieldBundle/src/ESMF_FieldBundle.F90:16211
 8 0x0000000001235d62 nuopc_connector_fieldbundlecplstore_()  /work/noaa/da/mpotts/sandbox/pgi_2019_openmpi_O_develop/esmf/src/addon/NUOPC/src/NUOPC_Connector.F90:7714
 9 0x000000000121fd76 nuopc_connector_initializeipdv05p6b_()  /work/noaa/da/mpotts/sandbox/pgi_2019_openmpi_O_develop/esmf/src/addon/NUOPC/src/NUOPC_Connector.F90:5386
10 0x0000000000657207 ESMCI::FTable::callVFuncPtr()  /work/noaa/da/mpotts/sandbox/pgi_2019_openmpi_O_develop/esmf/src/Superstructure/Component/src/ESMCI_FTable.C:2167
11 0x000000000065540a ESMCI_FTableCallEntryPointVMHop()  /work/noaa/da/mpotts/sandbox/pgi_2019_openmpi_O_develop/esmf/src/Superstructure/Component/src/ESMCI_FTable.C:824
12 0x0000000000a42368 ESMCI::VM::enter()  /work/noaa/da/mpotts/sandbox/pgi_2019_openmpi_O_develop/esmf/src/Infrastructure/VM/src/ESMCI_VM.C:1216
13 0x00000000006557e7 c_esmc_ftablecallentrypointvm_()  /work/noaa/da/mpotts/sandbox/pgi_2019_openmpi_O_develop/esmf/src/Superstructure/Component/src/ESMCI_FTable.C:981
14 0x0000000000c15ddd esmf_compmod_esmf_compexecute_()  /work/noaa/da/mpotts/sandbox/pgi_2019_openmpi_O_develop/esmf/src/Superstructure/Component/src/ESMF_Comp.F90:1223
15 0x0000000000c28021 esmf_cplcompmod_esmf_cplcompinitialize_()  /work/noaa/da/mpotts/sandbox/pgi_2019_openmpi_O_develop/esmf/src/Superstructure/Component/src/ESMF_CplComp.F90:1165
16 0x0000000001255984 nuopc_driver_loopconnectorcompss_()  /work/noaa/da/mpotts/sandbox/pgi_2019_openmpi_O_develop/esmf/src/addon/NUOPC/src/NUOPC_Driver.F90:3023
17 0x000000000124ced7 nuopc_driver_initializeipdv02p3_()  /work/noaa/da/mpotts/sandbox/pgi_2019_openmpi_O_develop/esmf/src/addon/NUOPC/src/NUOPC_Driver.F90:2110
18 0x000000000123b52a nuopc_driver_initializegeneric_()  /work/noaa/da/mpotts/sandbox/pgi_2019_openmpi_O_develop/esmf/src/addon/NUOPC/src/NUOPC_Driver.F90:479
19 0x0000000000657207 ESMCI::FTable::callVFuncPtr()  /work/noaa/da/mpotts/sandbox/pgi_2019_openmpi_O_develop/esmf/src/Superstructure/Component/src/ESMCI_FTable.C:2167
20 0x000000000065540a ESMCI_FTableCallEntryPointVMHop()  /work/noaa/da/mpotts/sandbox/pgi_2019_openmpi_O_develop/esmf/src/Superstructure/Component/src/ESMCI_FTable.C:824
21 0x0000000000a42368 ESMCI::VM::enter()  /work/noaa/da/mpotts/sandbox/pgi_2019_openmpi_O_develop/esmf/src/Infrastructure/VM/src/ESMCI_VM.C:1216
22 0x00000000006557e7 c_esmc_ftablecallentrypointvm_()  /work/noaa/da/mpotts/sandbox/pgi_2019_openmpi_O_develop/esmf/src/Superstructure/Component/src/ESMCI_FTable.C:981
[Orion-02-67:289917] [ 1] /work/noaa/da/mpotts/sandbox/pgi_2019_openmpi_O_develop/esmf/DEFAULTINSTALLDIR/lib/libO/Linux.pgi.64.openmpi.default/libesmf.so(_ZN5ESMCI6LogErr13MsgFoundErrorEiPKciS2_S2_Pi+0x33)[0x7fb9c0465c03]
[Orion-02-67:289919] [ 1] /work/noaa/da/mpotts/sandbox/pgi_2019_openmpi_O_develop/esmf/DEFAULTINSTALLDIR/lib/libO/Linux.pgi.64.openmpi.default/libesmf.so(_ZN5ESMCI6LogErr13MsgFoundErrorEiPKciS2_S2_Pi+0x33)[0x7fa09a77ac03]
23 0x0000000000c15ddd esmf_compmod_esmf_compexecute_()  /work/noaa/da/mpotts/sandbox/pgi_2019_openmpi_O_develop/esmf/src/Superstructure/Component/src/ESMF_Comp.F90:1223
24 0x0000000000deee01 esmf_gridcompmod_esmf_gridcompinitialize_()  /work/noaa/da/mpotts/sandbox/pgi_2019_openmpi_O_develop/esmf/src/Superstructure/Component/src/ESMF_GridComp.F90:1412
25 0x00000000004065fa MAIN_()  /work/noaa/da/mpotts/sandbox/pgi_2019_openmpi_O_develop/nuopc-app-prototypes/AtmOcnScalarProto/esmApp.F90:70
26 0x00000000004061f3 main()  ???:0
27 0x0000000000022495 __libc_start_main()  ???:0
28 0x00000000004060f9 _start()  ???:0
=================================
[Orion-02-67:289920] *** Process received signal ***
[Orion-02-67:289920] Signal: Segmentation fault (11)
[Orion-02-67:289920] Signal code:  (-6)
[Orion-02-67:289920] Failing at address: 0x20e500046c80
[Orion-02-67:289919] [ 2] /work/noaa/da/mpotts/sandbox/pgi_2019_openmpi_O_develop/esmf/DEFAULTINSTALLDIR/lib/libO/Linux.pgi.64.openmpi.default/libesmf.so(c_esmc_meshcreatenodedistgrid_+0xa1)[0x7fa09a8d2f01]
[Orion-02-67:289917] [ 2] /work/noaa/da/mpotts/sandbox/pgi_2019_openmpi_O_develop/esmf/DEFAULTINSTALLDIR/lib/libO/Linux.pgi.64.openmpi.default/libesmf.so(c_esmc_meshcreatenodedistgrid_+0xa1)[0x7fb9c05bdf01]
[Orion-02-67:289920] [ 0] /lib64/libpthread.so.0(+0xf5d0)[0x7fe42d7165d0]
[Orion-02-67:289919] [ 3] /work/noaa/da/mpotts/sandbox/pgi_2019_openmpi_O_develop/esmf/DEFAULTINSTALLDIR/lib/libO/Linux.pgi.64.openmpi.default/libesmf.so(esmf_meshmod_esmf_meshcreatefrompointer_+0x4c)[0x7fa09afeaa4c]
[Orion-02-67:289917] [ 3] /work/noaa/da/mpotts/sandbox/pgi_2019_openmpi_O_develop/esmf/DEFAULTINSTALLDIR/lib/libO/Linux.pgi.64.openmpi.default/libesmf.so(esmf_meshmod_esmf_meshcreatefrompointer_+0x4c)[0x7fb9c0cd5a4c]
[Orion-02-67:289920] [ 1] /work/noaa/da/mpotts/sandbox/pgi_2019_openmpi_O_develop/esmf/DEFAULTINSTALLDIR/lib/libO/Linux.pgi.64.openmpi.default/libesmf.so(_ZN5ESMCI6LogErr13MsgFoundErrorEiPKciS2_S2_Pi+0x33)[0x7fe42beafc03]
[Orion-02-67:289919] [ 4] /work/noaa/da/mpotts/sandbox/pgi_2019_openmpi_O_develop/esmf/DEFAULTINSTALLDIR/lib/libO/Linux.pgi.64.openmpi.default/libesmf.so(esmf_gridutilmod_esmf_gridtomesh_+0x352)[0x7fa09aecbbc2]
[Orion-02-67:289920] [ 2] /work/noaa/da/mpotts/sandbox/pgi_2019_openmpi_O_develop/esmf/DEFAULTINSTALLDIR/lib/libO/Linux.pgi.64.openmpi.default/libesmf.so(c_esmc_meshcreatenodedistgrid_+0xa1)[0x7fe42c007f01]
[Orion-02-67:289917] [ 4] /work/noaa/da/mpotts/sandbox/pgi_2019_openmpi_O_develop/esmf/DEFAULTINSTALLDIR/lib/libO/Linux.pgi.64.openmpi.default/libesmf.so(esmf_gridutilmod_esmf_gridtomesh_+0x352)[0x7fb9c0bb6bc2]
[Orion-02-67:289920] [ 3] /work/noaa/da/mpotts/sandbox/pgi_2019_openmpi_O_develop/esmf/DEFAULTINSTALLDIR/lib/libO/Linux.pgi.64.openmpi.default/libesmf.so(esmf_meshmod_esmf_meshcreatefrompointer_+0x4c)[0x7fe42c71fa4c]
[Orion-02-67:289919] [ 5] /work/noaa/da/mpotts/sandbox/pgi_2019_openmpi_O_develop/esmf/DEFAULTINSTALLDIR/lib/libO/Linux.pgi.64.openmpi.default/libesmf.so(esmf_fieldregridmod_b_or_p_gridtomesh_+0x156)[0x7fa09adefc06]
[Orion-02-67:289917] [ 5] /work/noaa/da/mpotts/sandbox/pgi_2019_openmpi_O_develop/esmf/DEFAULTINSTALLDIR/lib/libO/Linux.pgi.64.openmpi.default/libesmf.so(esmf_fieldregridmod_b_or_p_gridtomesh_+0x156)[0x7fb9c0adac06]
[Orion-02-67:289919] [ 6] /work/noaa/da/mpotts/sandbox/pgi_2019_openmpi_O_develop/esmf/DEFAULTINSTALLDIR/lib/libO/Linux.pgi.64.openmpi.default/libesmf.so(esmf_fieldregridmod_getmeshwithnodesonfieldloc_+0x394)[0x7fa09aded0c4]
[Orion-02-67:289920] [ 4] /work/noaa/da/mpotts/sandbox/pgi_2019_openmpi_O_develop/esmf/DEFAULTINSTALLDIR/lib/libO/Linux.pgi.64.openmpi.default/libesmf.so(esmf_gridutilmod_esmf_gridtomesh_+0x352)[0x7fe42c600bc2]
[Orion-02-67:289917] [ 6] /work/noaa/da/mpotts/sandbox/pgi_2019_openmpi_O_develop/esmf/DEFAULTINSTALLDIR/lib/libO/Linux.pgi.64.openmpi.default/libesmf.so(esmf_fieldregridmod_getmeshwithnodesonfieldloc_+0x394)[0x7fb9c0ad80c4]
[Orion-02-67:289919] [ 7] /work/noaa/da/mpotts/sandbox/pgi_2019_openmpi_O_develop/esmf/DEFAULTINSTALLDIR/lib/libO/Linux.pgi.64.openmpi.default/libesmf.so(esmf_fieldregridmod_esmf_fieldregridstorenx_+0x9cf)[0x7fa09adeb5ff]
[Orion-02-67:289920] [ 5] /work/noaa/da/mpotts/sandbox/pgi_2019_openmpi_O_develop/esmf/DEFAULTINSTALLDIR/lib/libO/Linux.pgi.64.openmpi.default/libesmf.so(esmf_fieldregridmod_b_or_p_gridtomesh_+0x156)[0x7fe42c524c06]
[Orion-02-67:289917] [ 7] /work/noaa/da/mpotts/sandbox/pgi_2019_openmpi_O_develop/esmf/DEFAULTINSTALLDIR/lib/libO/Linux.pgi.64.openmpi.default/libesmf.so(esmf_fieldregridmod_esmf_fieldregridstorenx_+0x9cf)[0x7fb9c0ad65ff]
[Orion-02-67:289919] [ 8] /work/noaa/da/mpotts/sandbox/pgi_2019_openmpi_O_develop/esmf/DEFAULTINSTALLDIR/lib/libO/Linux.pgi.64.openmpi.default/libesmf.so(esmf_fieldbundlemod_esmf_fieldbundleregridstorepair_+0x3a1a)[0x7fa09acc699a]
[Orion-02-67:289920] [ 6] /work/noaa/da/mpotts/sandbox/pgi_2019_openmpi_O_develop/esmf/DEFAULTINSTALLDIR/lib/libO/Linux.pgi.64.openmpi.default/libesmf.so(esmf_fieldregridmod_getmeshwithnodesonfieldloc_+0x394)[0x7fe42c5220c4]
[Orion-02-67:289917] [ 8] /work/noaa/da/mpotts/sandbox/pgi_2019_openmpi_O_develop/esmf/DEFAULTINSTALLDIR/lib/libO/Linux.pgi.64.openmpi.default/libesmf.so(esmf_fieldbundlemod_esmf_fieldbundleregridstorepair_+0x3a1a)[0x7fb9c09b199a]
[Orion-02-67:289917] [ 9] /work/noaa/da/mpotts/sandbox/pgi_2019_openmpi_O_develop/esmf/DEFAULTINSTALLDIR/lib/libO/Linux.pgi.64.openmpi.default/libesmf.so(nuopc_connector_fieldbundlecplstore_+0x90d2)[0x7fb9c0f63d62]
[Orion-02-67:289919] [ 9] /work/noaa/da/mpotts/sandbox/pgi_2019_openmpi_O_develop/esmf/DEFAULTINSTALLDIR/lib/libO/Linux.pgi.64.openmpi.default/libesmf.so(nuopc_connector_fieldbundlecplstore_+0x90d2)[0x7fa09b278d62]
[Orion-02-67:289920] [ 7] /work/noaa/da/mpotts/sandbox/pgi_2019_openmpi_O_develop/esmf/DEFAULTINSTALLDIR/lib/libO/Linux.pgi.64.openmpi.default/libesmf.so(esmf_fieldregridmod_esmf_fieldregridstorenx_+0x9cf)[0x7fe42c5205ff]
[Orion-02-67:289919] [10] /work/noaa/da/mpotts/sandbox/pgi_2019_openmpi_O_develop/esmf/DEFAULTINSTALLDIR/lib/libO/Linux.pgi.64.openmpi.default/libesmf.so(nuopc_connector_initializeipdv05p6b_+0x4f76)[0x7fa09b262d76]
[Orion-02-67:289917] [10] /work/noaa/da/mpotts/sandbox/pgi_2019_openmpi_O_develop/esmf/DEFAULTINSTALLDIR/lib/libO/Linux.pgi.64.openmpi.default/libesmf.so(nuopc_connector_initializeipdv05p6b_+0x4f76)[0x7fb9c0f4dd76]
==== backtrace (tid: 289918) ====
 0 0x0000000000737c03 ESMCI::LogErr::MsgFoundError()  /work/noaa/da/mpotts/sandbox/pgi_2019_openmpi_O_develop/esmf/src/Infrastructure/LogErr/src/ESMCI_LogErr.C:586
 1 0x000000000088ff01 c_esmc_meshcreatenodedistgrid_()  /work/noaa/da/mpotts/sandbox/pgi_2019_openmpi_O_develop/esmf/src/Infrastructure/Mesh/interface/ESMCI_Mesh_F.C:248
 2 0x0000000000fa7a4c esmf_meshmod_esmf_meshcreatefrompointer_()  /work/noaa/da/mpotts/sandbox/pgi_2019_openmpi_O_develop/esmf/src/Infrastructure/Mesh/interface/ESMF_Mesh.F90:3091
 3 0x0000000000e88bc2 esmf_gridutilmod_esmf_gridtomesh_()  /work/noaa/da/mpotts/sandbox/pgi_2019_openmpi_O_develop/esmf/src/Infrastructure/GridUtil/interface/ESMF_GridUtil.F90:453
 4 0x0000000000dacc06 esmf_fieldregridmod_b_or_p_gridtomesh_()  /work/noaa/da/mpotts/sandbox/pgi_2019_openmpi_O_develop/esmf/src/Infrastructure/Field/src/ESMF_FieldRegrid.F90:3228
 5 0x0000000000daa0c4 esmf_fieldregridmod_getmeshwithnodesonfieldloc_()  /work/noaa/da/mpotts/sandbox/pgi_2019_openmpi_O_develop/esmf/src/Infrastructure/Field/src/ESMF_FieldRegrid.F90:1346
 6 0x0000000000da85ff esmf_fieldregridmod_esmf_fieldregridstorenx_()  /work/noaa/da/mpotts/sandbox/pgi_2019_openmpi_O_develop/esmf/src/Infrastructure/Field/src/ESMF_FieldRegrid.F90:971
 7 0x0000000000c8399a esmf_fieldbundlemod_esmf_fieldbundleregridstorepair_()  /work/noaa/da/mpotts/sandbox/pgi_2019_openmpi_O_develop/esmf/src/Infrastructure/FieldBundle/src/ESMF_FieldBundle.F90:16211
 8 0x0000000001235d62 nuopc_connector_fieldbundlecplstore_()  /work/noaa/da/mpotts/sandbox/pgi_2019_openmpi_O_develop/esmf/src/addon/NUOPC/src/NUOPC_Connector.F90:7714
 9 0x000000000121fd76 nuopc_connector_initializeipdv05p6b_()  /work/noaa/da/mpotts/sandbox/pgi_2019_openmpi_O_develop/esmf/src/addon/NUOPC/src/NUOPC_Connector.F90:5386
10 0x0000000000657207 ESMCI::FTable::callVFuncPtr()  /work/noaa/da/mpotts/sandbox/pgi_2019_openmpi_O_develop/esmf/src/Superstructure/Component/src/ESMCI_FTable.C:2167
11 0x000000000065540a ESMCI_FTableCallEntryPointVMHop()  /work/noaa/da/mpotts/sandbox/pgi_2019_openmpi_O_develop/esmf/src/Superstructure/Component/src/ESMCI_FTable.C:824
12 0x0000000000a42368 ESMCI::VM::enter()  /work/noaa/da/mpotts/sandbox/pgi_2019_openmpi_O_develop/esmf/src/Infrastructure/VM/src/ESMCI_VM.C:1216
13 0x00000000006557e7 c_esmc_ftablecallentrypointvm_()  /work/noaa/da/mpotts/sandbox/pgi_2019_openmpi_O_develop/esmf/src/Superstructure/Component/src/ESMCI_FTable.C:981
14 0x0000000000c15ddd esmf_compmod_esmf_compexecute_()  /work/noaa/da/mpotts/sandbox/pgi_2019_openmpi_O_develop/esmf/src/Superstructure/Component/src/ESMF_Comp.F90:1223
15 0x0000000000c28021 esmf_cplcompmod_esmf_cplcompinitialize_()  /work/noaa/da/mpotts/sandbox/pgi_2019_openmpi_O_develop/esmf/src/Superstructure/Component/src/ESMF_CplComp.F90:1165
16 0x0000000001255984 nuopc_driver_loopconnectorcompss_()  /work/noaa/da/mpotts/sandbox/pgi_2019_openmpi_O_develop/esmf/src/addon/NUOPC/src/NUOPC_Driver.F90:3023
17 0x000000000124ced7 nuopc_driver_initializeipdv02p3_()  /work/noaa/da/mpotts/sandbox/pgi_2019_openmpi_O_develop/esmf/src/addon/NUOPC/src/NUOPC_Driver.F90:2110
18 0x000000000123b52a nuopc_driver_initializegeneric_()  /work/noaa/da/mpotts/sandbox/pgi_2019_openmpi_O_develop/esmf/src/addon/NUOPC/src/NUOPC_Driver.F90:479
[Orion-02-67:289920] [ 8] /work/noaa/da/mpotts/sandbox/pgi_2019_openmpi_O_develop/esmf/DEFAULTINSTALLDIR/lib/libO/Linux.pgi.64.openmpi.default/libesmf.so(esmf_fieldbundlemod_esmf_fieldbundleregridstorepair_+0x3a1a)[0x7fe42c3fb99a]
[Orion-02-67:289917] [11] /work/noaa/da/mpotts/sandbox/pgi_2019_openmpi_O_develop/esmf/DEFAULTINSTALLDIR/lib/libO/Linux.pgi.64.openmpi.default/libesmf.so(_ZN5ESMCI6FTable12callVFuncPtrEPKcPNS_2VMEPi+0x417)[0x7fb9c0385207]
19 0x0000000000657207 ESMCI::FTable::callVFuncPtr()  /work/noaa/da/mpotts/sandbox/pgi_2019_openmpi_O_develop/esmf/src/Superstructure/Component/src/ESMCI_FTable.C:2167
20 0x000000000065540a ESMCI_FTableCallEntryPointVMHop()  /work/noaa/da/mpotts/sandbox/pgi_2019_openmpi_O_develop/esmf/src/Superstructure/Component/src/ESMCI_FTable.C:824
21 0x0000000000a42368 ESMCI::VM::enter()  /work/noaa/da/mpotts/sandbox/pgi_2019_openmpi_O_develop/esmf/src/Infrastructure/VM/src/ESMCI_VM.C:1216
22 0x00000000006557e7 c_esmc_ftablecallentrypointvm_()  /work/noaa/da/mpotts/sandbox/pgi_2019_openmpi_O_develop/esmf/src/Superstructure/Component/src/ESMCI_FTable.C:981
23 0x0000000000c15ddd esmf_compmod_esmf_compexecute_()  /work/noaa/da/mpotts/sandbox/pgi_2019_openmpi_O_develop/esmf/src/Superstructure/Component/src/ESMF_Comp.F90:1223
24 0x0000000000deee01 esmf_gridcompmod_esmf_gridcompinitialize_()  /work/noaa/da/mpotts/sandbox/pgi_2019_openmpi_O_develop/esmf/src/Superstructure/Component/src/ESMF_GridComp.F90:1412
25 0x00000000004065fa MAIN_()  /work/noaa/da/mpotts/sandbox/pgi_2019_openmpi_O_develop/nuopc-app-prototypes/AtmOcnScalarProto/esmApp.F90:70
26 0x00000000004061f3 main()  ???:0
27 0x0000000000022495 __libc_start_main()  ???:0
28 0x00000000004060f9 _start()  ???:0
=================================
[Orion-02-67:289918] *** Process received signal ***
[Orion-02-67:289919] [11] /work/noaa/da/mpotts/sandbox/pgi_2019_openmpi_O_develop/esmf/DEFAULTINSTALLDIR/lib/libO/Linux.pgi.64.openmpi.default/libesmf.so(_ZN5ESMCI6FTable12callVFuncPtrEPKcPNS_2VMEPi+0x417)[0x7fa09a69a207]
[Orion-02-67:289919] [12] /work/noaa/da/mpotts/sandbox/pgi_2019_openmpi_O_develop/esmf/DEFAULTINSTALLDIR/lib/libO/Linux.pgi.64.openmpi.default/libesmf.so(ESMCI_FTableCallEntryPointVMHop+0x1ea)[0x7fa09a69840a]
[Orion-02-67:289917] [12] /work/noaa/da/mpotts/sandbox/pgi_2019_openmpi_O_develop/esmf/DEFAULTINSTALLDIR/lib/libO/Linux.pgi.64.openmpi.default/libesmf.so(ESMCI_FTableCallEntryPointVMHop+0x1ea)[0x7fb9c038340a]
[Orion-02-67:289918] Signal: Segmentation fault (11)
[Orion-02-67:289918] Signal code:  (-6)
[Orion-02-67:289918] Failing at address: 0x20e500046c7e
[Orion-02-67:289920] [ 9] /work/noaa/da/mpotts/sandbox/pgi_2019_openmpi_O_develop/esmf/DEFAULTINSTALLDIR/lib/libO/Linux.pgi.64.openmpi.default/libesmf.so(nuopc_connector_fieldbundlecplstore_+0x90d2)[0x7fe42c9add62]
[Orion-02-67:289918] [ 0] /lib64/libpthread.so.0(+0xf5d0)[0x7f79197fe5d0]
[Orion-02-67:289920] [10] /work/noaa/da/mpotts/sandbox/pgi_2019_openmpi_O_develop/esmf/DEFAULTINSTALLDIR/lib/libO/Linux.pgi.64.openmpi.default/libesmf.so(nuopc_connector_initializeipdv05p6b_+0x4f76)[0x7fe42c997d76]
[Orion-02-67:289917] [13] /work/noaa/da/mpotts/sandbox/pgi_2019_openmpi_O_develop/esmf/DEFAULTINSTALLDIR/lib/libO/Linux.pgi.64.openmpi.default/libesmf.so(_ZN5ESMCI2VM5enterEPNS_6VMPlanEPvS3_+0x18)[0x7fb9c0770368]
[Orion-02-67:289919] [13] /work/noaa/da/mpotts/sandbox/pgi_2019_openmpi_O_develop/esmf/DEFAULTINSTALLDIR/lib/libO/Linux.pgi.64.openmpi.default/libesmf.so(_ZN5ESMCI2VM5enterEPNS_6VMPlanEPvS3_+0x18)[0x7fa09aa85368]
[Orion-02-67:289918] [ 1] /work/noaa/da/mpotts/sandbox/pgi_2019_openmpi_O_develop/esmf/DEFAULTINSTALLDIR/lib/libO/Linux.pgi.64.openmpi.default/libesmf.so(_ZN5ESMCI6LogErr13MsgFoundErrorEiPKciS2_S2_Pi+0x33)[0x7f7917f97c03]
[Orion-02-67:289920] [11] /work/noaa/da/mpotts/sandbox/pgi_2019_openmpi_O_develop/esmf/DEFAULTINSTALLDIR/lib/libO/Linux.pgi.64.openmpi.default/libesmf.so(_ZN5ESMCI6FTable12callVFuncPtrEPKcPNS_2VMEPi+0x417)[0x7fe42bdcf207]
[Orion-02-67:289917] [14] /work/noaa/da/mpotts/sandbox/pgi_2019_openmpi_O_develop/esmf/DEFAULTINSTALLDIR/lib/libO/Linux.pgi.64.openmpi.default/libesmf.so(c_esmc_ftablecallentrypointvm_+0x337)[0x7fb9c03837e7]
[Orion-02-67:289919] [14] /work/noaa/da/mpotts/sandbox/pgi_2019_openmpi_O_develop/esmf/DEFAULTINSTALLDIR/lib/libO/Linux.pgi.64.openmpi.default/libesmf.so(c_esmc_ftablecallentrypointvm_+0x337)[0x7fa09a6987e7]
[Orion-02-67:289920] [12] /work/noaa/da/mpotts/sandbox/pgi_2019_openmpi_O_develop/esmf/DEFAULTINSTALLDIR/lib/libO/Linux.pgi.64.openmpi.default/libesmf.so(ESMCI_FTableCallEntryPointVMHop+0x1ea)[0x7fe42bdcd40a]
[Orion-02-67:289918] [ 2] /work/noaa/da/mpotts/sandbox/pgi_2019_openmpi_O_develop/esmf/DEFAULTINSTALLDIR/lib/libO/Linux.pgi.64.openmpi.default/libesmf.so(c_esmc_meshcreatenodedistgrid_+0xa1)[0x7f79180eff01]
[Orion-02-67:289917] [15] /work/noaa/da/mpotts/sandbox/pgi_2019_openmpi_O_develop/esmf/DEFAULTINSTALLDIR/lib/libO/Linux.pgi.64.openmpi.default/libesmf.so(esmf_compmod_esmf_compexecute_+0x7ed)[0x7fb9c0943ddd]
[Orion-02-67:289919] [15] /work/noaa/da/mpotts/sandbox/pgi_2019_openmpi_O_develop/esmf/DEFAULTINSTALLDIR/lib/libO/Linux.pgi.64.openmpi.default/libesmf.so(esmf_compmod_esmf_compexecute_+0x7ed)[0x7fa09ac58ddd]
[Orion-02-67:289920] [13] /work/noaa/da/mpotts/sandbox/pgi_2019_openmpi_O_develop/esmf/DEFAULTINSTALLDIR/lib/libO/Linux.pgi.64.openmpi.default/libesmf.so(_ZN5ESMCI2VM5enterEPNS_6VMPlanEPvS3_+0x18)[0x7fe42c1ba368]
[Orion-02-67:289918] [ 3] /work/noaa/da/mpotts/sandbox/pgi_2019_openmpi_O_develop/esmf/DEFAULTINSTALLDIR/lib/libO/Linux.pgi.64.openmpi.default/libesmf.so(esmf_meshmod_esmf_meshcreatefrompointer_+0x4c)[0x7f7918807a4c]
[Orion-02-67:289917] [16] /work/noaa/da/mpotts/sandbox/pgi_2019_openmpi_O_develop/esmf/DEFAULTINSTALLDIR/lib/libO/Linux.pgi.64.openmpi.default/libesmf.so(esmf_cplcompmod_esmf_cplcompinitialize_+0x161)[0x7fb9c0956021]
[Orion-02-67:289919] [16] /work/noaa/da/mpotts/sandbox/pgi_2019_openmpi_O_develop/esmf/DEFAULTINSTALLDIR/lib/libO/Linux.pgi.64.openmpi.default/libesmf.so(esmf_cplcompmod_esmf_cplcompinitialize_+0x161)[0x7fa09ac6b021]
[Orion-02-67:289920] [14] /work/noaa/da/mpotts/sandbox/pgi_2019_openmpi_O_develop/esmf/DEFAULTINSTALLDIR/lib/libO/Linux.pgi.64.openmpi.default/libesmf.so(c_esmc_ftablecallentrypointvm_+0x337)[0x7fe42bdcd7e7]
[Orion-02-67:289918] [ 4] /work/noaa/da/mpotts/sandbox/pgi_2019_openmpi_O_develop/esmf/DEFAULTINSTALLDIR/lib/libO/Linux.pgi.64.openmpi.default/libesmf.so(esmf_gridutilmod_esmf_gridtomesh_+0x352)[0x7f79186e8bc2]
[Orion-02-67:289917] [17] /work/noaa/da/mpotts/sandbox/pgi_2019_openmpi_O_develop/esmf/DEFAULTINSTALLDIR/lib/libO/Linux.pgi.64.openmpi.default/libesmf.so(nuopc_driver_loopconnectorcompss_+0xeb4)[0x7fb9c0f83984]
[Orion-02-67:289919] [17] /work/noaa/da/mpotts/sandbox/pgi_2019_openmpi_O_develop/esmf/DEFAULTINSTALLDIR/lib/libO/Linux.pgi.64.openmpi.default/libesmf.so(nuopc_driver_loopconnectorcompss_+0xeb4)[0x7fa09b298984]
[Orion-02-67:289920] [15] /work/noaa/da/mpotts/sandbox/pgi_2019_openmpi_O_develop/esmf/DEFAULTINSTALLDIR/lib/libO/Linux.pgi.64.openmpi.default/libesmf.so(esmf_compmod_esmf_compexecute_+0x7ed)[0x7fe42c38dddd]
[Orion-02-67:289918] [ 5] /work/noaa/da/mpotts/sandbox/pgi_2019_openmpi_O_develop/esmf/DEFAULTINSTALLDIR/lib/libO/Linux.pgi.64.openmpi.default/libesmf.so(esmf_fieldregridmod_b_or_p_gridtomesh_+0x156)[0x7f791860cc06]
[Orion-02-67:289917] [18] /work/noaa/da/mpotts/sandbox/pgi_2019_openmpi_O_develop/esmf/DEFAULTINSTALLDIR/lib/libO/Linux.pgi.64.openmpi.default/libesmf.so(nuopc_driver_initializeipdv02p3_+0x2f77)[0x7fb9c0f7aed7]
[Orion-02-67:289919] [18] /work/noaa/da/mpotts/sandbox/pgi_2019_openmpi_O_develop/esmf/DEFAULTINSTALLDIR/lib/libO/Linux.pgi.64.openmpi.default/libesmf.so(nuopc_driver_initializeipdv02p3_+0x2f77)[0x7fa09b28fed7]
[Orion-02-67:289920] [16] /work/noaa/da/mpotts/sandbox/pgi_2019_openmpi_O_develop/esmf/DEFAULTINSTALLDIR/lib/libO/Linux.pgi.64.openmpi.default/libesmf.so(esmf_cplcompmod_esmf_cplcompinitialize_+0x161)[0x7fe42c3a0021]
[Orion-02-67:289917] [19] /work/noaa/da/mpotts/sandbox/pgi_2019_openmpi_O_develop/esmf/DEFAULTINSTALLDIR/lib/libO/Linux.pgi.64.openmpi.default/libesmf.so(nuopc_driver_initializegeneric_+0x62a)[0x7fb9c0f6952a]
[Orion-02-67:289919] [19] /work/noaa/da/mpotts/sandbox/pgi_2019_openmpi_O_develop/esmf/DEFAULTINSTALLDIR/lib/libO/Linux.pgi.64.openmpi.default/libesmf.so(nuopc_driver_initializegeneric_+0x62a)[0x7fa09b27e52a]
[Orion-02-67:289918] [ 6] /work/noaa/da/mpotts/sandbox/pgi_2019_openmpi_O_develop/esmf/DEFAULTINSTALLDIR/lib/libO/Linux.pgi.64.openmpi.default/libesmf.so(esmf_fieldregridmod_getmeshwithnodesonfieldloc_+0x394)[0x7f791860a0c4]
[Orion-02-67:289920] [17] /work/noaa/da/mpotts/sandbox/pgi_2019_openmpi_O_develop/esmf/DEFAULTINSTALLDIR/lib/libO/Linux.pgi.64.openmpi.default/libesmf.so(nuopc_driver_loopconnectorcompss_+0xeb4)[0x7fe42c9cd984]
[Orion-02-67:289917] [20] /work/noaa/da/mpotts/sandbox/pgi_2019_openmpi_O_develop/esmf/DEFAULTINSTALLDIR/lib/libO/Linux.pgi.64.openmpi.default/libesmf.so(_ZN5ESMCI6FTable12callVFuncPtrEPKcPNS_2VMEPi+0x417)[0x7fb9c0385207]
[Orion-02-67:289919] [20] /work/noaa/da/mpotts/sandbox/pgi_2019_openmpi_O_develop/esmf/DEFAULTINSTALLDIR/lib/libO/Linux.pgi.64.openmpi.default/libesmf.so(_ZN5ESMCI6FTable12callVFuncPtrEPKcPNS_2VMEPi+0x417)[0x7fa09a69a207]
[Orion-02-67:289918] [ 7] /work/noaa/da/mpotts/sandbox/pgi_2019_openmpi_O_develop/esmf/DEFAULTINSTALLDIR/lib/libO/Linux.pgi.64.openmpi.default/libesmf.so(esmf_fieldregridmod_esmf_fieldregridstorenx_+0x9cf)[0x7f79186085ff]
[Orion-02-67:289917] [21] /work/noaa/da/mpotts/sandbox/pgi_2019_openmpi_O_develop/esmf/DEFAULTINSTALLDIR/lib/libO/Linux.pgi.64.openmpi.default/libesmf.so(ESMCI_FTableCallEntryPointVMHop+0x1ea)[0x7fb9c038340a]
[Orion-02-67:289919] [21] /work/noaa/da/mpotts/sandbox/pgi_2019_openmpi_O_develop/esmf/DEFAULTINSTALLDIR/lib/libO/Linux.pgi.64.openmpi.default/libesmf.so(ESMCI_FTableCallEntryPointVMHop+0x1ea)[0x7fa09a69840a]
[Orion-02-67:289920] [18] /work/noaa/da/mpotts/sandbox/pgi_2019_openmpi_O_develop/esmf/DEFAULTINSTALLDIR/lib/libO/Linux.pgi.64.openmpi.default/libesmf.so(nuopc_driver_initializeipdv02p3_+0x2f77)[0x7fe42c9c4ed7]
[Orion-02-67:289918] [ 8] /work/noaa/da/mpotts/sandbox/pgi_2019_openmpi_O_develop/esmf/DEFAULTINSTALLDIR/lib/libO/Linux.pgi.64.openmpi.default/libesmf.so(esmf_fieldbundlemod_esmf_fieldbundleregridstorepair_+0x3a1a)[0x7f79184e399a]
[Orion-02-67:289920] [19] /work/noaa/da/mpotts/sandbox/pgi_2019_openmpi_O_develop/esmf/DEFAULTINSTALLDIR/lib/libO/Linux.pgi.64.openmpi.default/libesmf.so(nuopc_driver_initializegeneric_+0x62a)[0x7fe42c9b352a]
[Orion-02-67:289917] [22] /work/noaa/da/mpotts/sandbox/pgi_2019_openmpi_O_develop/esmf/DEFAULTINSTALLDIR/lib/libO/Linux.pgi.64.openmpi.default/libesmf.so(_ZN5ESMCI2VM5enterEPNS_6VMPlanEPvS3_+0x18)[0x7fb9c0770368]
[Orion-02-67:289919] [22] /work/noaa/da/mpotts/sandbox/pgi_2019_openmpi_O_develop/esmf/DEFAULTINSTALLDIR/lib/libO/Linux.pgi.64.openmpi.default/libesmf.so(_ZN5ESMCI2VM5enterEPNS_6VMPlanEPvS3_+0x18)[0x7fa09aa85368]
[Orion-02-67:289920] [20] /work/noaa/da/mpotts/sandbox/pgi_2019_openmpi_O_develop/esmf/DEFAULTINSTALLDIR/lib/libO/Linux.pgi.64.openmpi.default/libesmf.so(_ZN5ESMCI6FTable12callVFuncPtrEPKcPNS_2VMEPi+0x417)[0x7fe42bdcf207]
[Orion-02-67:289917] [23] /work/noaa/da/mpotts/sandbox/pgi_2019_openmpi_O_develop/esmf/DEFAULTINSTALLDIR/lib/libO/Linux.pgi.64.openmpi.default/libesmf.so(c_esmc_ftablecallentrypointvm_+0x337)[0x7fb9c03837e7]
[Orion-02-67:289919] [23] /work/noaa/da/mpotts/sandbox/pgi_2019_openmpi_O_develop/esmf/DEFAULTINSTALLDIR/lib/libO/Linux.pgi.64.openmpi.default/libesmf.so(c_esmc_ftablecallentrypointvm_+0x337)[0x7fa09a6987e7]
[Orion-02-67:289918] [ 9] /work/noaa/da/mpotts/sandbox/pgi_2019_openmpi_O_develop/esmf/DEFAULTINSTALLDIR/lib/libO/Linux.pgi.64.openmpi.default/libesmf.so(nuopc_connector_fieldbundlecplstore_+0x90d2)[0x7f7918a95d62]
[Orion-02-67:289920] [21] /work/noaa/da/mpotts/sandbox/pgi_2019_openmpi_O_develop/esmf/DEFAULTINSTALLDIR/lib/libO/Linux.pgi.64.openmpi.default/libesmf.so(ESMCI_FTableCallEntryPointVMHop+0x1ea)[0x7fe42bdcd40a]
[Orion-02-67:289918] [10] /work/noaa/da/mpotts/sandbox/pgi_2019_openmpi_O_develop/esmf/DEFAULTINSTALLDIR/lib/libO/Linux.pgi.64.openmpi.default/libesmf.so(nuopc_connector_initializeipdv05p6b_+0x4f76)[0x7f7918a7fd76]
[Orion-02-67:289917] [24] /work/noaa/da/mpotts/sandbox/pgi_2019_openmpi_O_develop/esmf/DEFAULTINSTALLDIR/lib/libO/Linux.pgi.64.openmpi.default/libesmf.so(esmf_compmod_esmf_compexecute_+0x7ed)[0x7fb9c0943ddd]
[Orion-02-67:289919] [24] /work/noaa/da/mpotts/sandbox/pgi_2019_openmpi_O_develop/esmf/DEFAULTINSTALLDIR/lib/libO/Linux.pgi.64.openmpi.default/libesmf.so(esmf_compmod_esmf_compexecute_+0x7ed)[0x7fa09ac58ddd]
[Orion-02-67:289918] [11] /work/noaa/da/mpotts/sandbox/pgi_2019_openmpi_O_develop/esmf/DEFAULTINSTALLDIR/lib/libO/Linux.pgi.64.openmpi.default/libesmf.so(_ZN5ESMCI6FTable12callVFuncPtrEPKcPNS_2VMEPi+0x417)[0x7f7917eb7207]
[Orion-02-67:289920] [22] /work/noaa/da/mpotts/sandbox/pgi_2019_openmpi_O_develop/esmf/DEFAULTINSTALLDIR/lib/libO/Linux.pgi.64.openmpi.default/libesmf.so(_ZN5ESMCI2VM5enterEPNS_6VMPlanEPvS3_+0x18)[0x7fe42c1ba368]
[Orion-02-67:289917] [25] /work/noaa/da/mpotts/sandbox/pgi_2019_openmpi_O_develop/esmf/DEFAULTINSTALLDIR/lib/libO/Linux.pgi.64.openmpi.default/libesmf.so(esmf_gridcompmod_esmf_gridcompinitialize_+0x161)[0x7fb9c0b1ce01]
[Orion-02-67:289917] [26] /work/noaa/da/mpotts/sandbox/pgi_2019_openmpi_O_develop/nuopc-app-prototypes/AtmOcnScalarProto/./esmApp[0x4065fa]
[Orion-02-67:289917] [27] /work/noaa/da/mpotts/sandbox/pgi_2019_openmpi_O_develop/nuopc-app-prototypes/AtmOcnScalarProto/./esmApp[0x4061f3]
[Orion-02-67:289919] [25] /work/noaa/da/mpotts/sandbox/pgi_2019_openmpi_O_develop/esmf/DEFAULTINSTALLDIR/lib/libO/Linux.pgi.64.openmpi.default/libesmf.so(esmf_gridcompmod_esmf_gridcompinitialize_+0x161)[0x7fa09ae31e01]
[Orion-02-67:289919] [26] /work/noaa/da/mpotts/sandbox/pgi_2019_openmpi_O_develop/nuopc-app-prototypes/AtmOcnScalarProto/./esmApp[0x4065fa]
[Orion-02-67:289919] [27] /work/noaa/da/mpotts/sandbox/pgi_2019_openmpi_O_develop/nuopc-app-prototypes/AtmOcnScalarProto/./esmApp[0x4061f3]
[Orion-02-67:289919] [28] /lib64/libc.so.6(__libc_start_main+0xf5)[0x7fa096490495]
[Orion-02-67:289919] [29] /work/noaa/da/mpotts/sandbox/pgi_2019_openmpi_O_develop/nuopc-app-prototypes/AtmOcnScalarProto/./esmApp[0x4060f9]
[Orion-02-67:289919] *** End of error message ***
[Orion-02-67:289917] [28] /lib64/libc.so.6(__libc_start_main+0xf5)[0x7fb9bc17b495]
[Orion-02-67:289917] [29] /work/noaa/da/mpotts/sandbox/pgi_2019_openmpi_O_develop/nuopc-app-prototypes/AtmOcnScalarProto/./esmApp[0x4060f9]
[Orion-02-67:289917] *** End of error message ***
[Orion-02-67:289918] [12] /work/noaa/da/mpotts/sandbox/pgi_2019_openmpi_O_develop/esmf/DEFAULTINSTALLDIR/lib/libO/Linux.pgi.64.openmpi.default/libesmf.so(ESMCI_FTableCallEntryPointVMHop+0x1ea)[0x7f7917eb540a]
[Orion-02-67:289920] [23] /work/noaa/da/mpotts/sandbox/pgi_2019_openmpi_O_develop/esmf/DEFAULTINSTALLDIR/lib/libO/Linux.pgi.64.openmpi.default/libesmf.so(c_esmc_ftablecallentrypointvm_+0x337)[0x7fe42bdcd7e7]
[Orion-02-67:289918] [13] /work/noaa/da/mpotts/sandbox/pgi_2019_openmpi_O_develop/esmf/DEFAULTINSTALLDIR/lib/libO/Linux.pgi.64.openmpi.default/libesmf.so(_ZN5ESMCI2VM5enterEPNS_6VMPlanEPvS3_+0x18)[0x7f79182a2368]
[Orion-02-67:289920] [24] /work/noaa/da/mpotts/sandbox/pgi_2019_openmpi_O_develop/esmf/DEFAULTINSTALLDIR/lib/libO/Linux.pgi.64.openmpi.default/libesmf.so(esmf_compmod_esmf_compexecute_+0x7ed)[0x7fe42c38dddd]
[Orion-02-67:289918] [14] /work/noaa/da/mpotts/sandbox/pgi_2019_openmpi_O_develop/esmf/DEFAULTINSTALLDIR/lib/libO/Linux.pgi.64.openmpi.default/libesmf.so(c_esmc_ftablecallentrypointvm_+0x337)[0x7f7917eb57e7]
[Orion-02-67:289920] [25] /work/noaa/da/mpotts/sandbox/pgi_2019_openmpi_O_develop/esmf/DEFAULTINSTALLDIR/lib/libO/Linux.pgi.64.openmpi.default/libesmf.so(esmf_gridcompmod_esmf_gridcompinitialize_+0x161)[0x7fe42c566e01]
[Orion-02-67:289920] [26] /work/noaa/da/mpotts/sandbox/pgi_2019_openmpi_O_develop/nuopc-app-prototypes/AtmOcnScalarProto/./esmApp[0x4065fa]
[Orion-02-67:289920] [27] /work/noaa/da/mpotts/sandbox/pgi_2019_openmpi_O_develop/nuopc-app-prototypes/AtmOcnScalarProto/./esmApp[0x4061f3]
[Orion-02-67:289920] [28] /lib64/libc.so.6(__libc_start_main+0xf5)[0x7fe427bc5495]
[Orion-02-67:289920] [29] /work/noaa/da/mpotts/sandbox/pgi_2019_openmpi_O_develop/nuopc-app-prototypes/AtmOcnScalarProto/./esmApp[0x4060f9]
[Orion-02-67:289920] *** End of error message ***
[Orion-02-67:289918] [15] /work/noaa/da/mpotts/sandbox/pgi_2019_openmpi_O_develop/esmf/DEFAULTINSTALLDIR/lib/libO/Linux.pgi.64.openmpi.default/libesmf.so(esmf_compmod_esmf_compexecute_+0x7ed)[0x7f7918475ddd]
[Orion-02-67:289918] [16] /work/noaa/da/mpotts/sandbox/pgi_2019_openmpi_O_develop/esmf/DEFAULTINSTALLDIR/lib/libO/Linux.pgi.64.openmpi.default/libesmf.so(esmf_cplcompmod_esmf_cplcompinitialize_+0x161)[0x7f7918488021]
[Orion-02-67:289918] [17] /work/noaa/da/mpotts/sandbox/pgi_2019_openmpi_O_develop/esmf/DEFAULTINSTALLDIR/lib/libO/Linux.pgi.64.openmpi.default/libesmf.so(nuopc_driver_loopconnectorcompss_+0xeb4)[0x7f7918ab5984]
[Orion-02-67:289918] [18] /work/noaa/da/mpotts/sandbox/pgi_2019_openmpi_O_develop/esmf/DEFAULTINSTALLDIR/lib/libO/Linux.pgi.64.openmpi.default/libesmf.so(nuopc_driver_initializeipdv02p3_+0x2f77)[0x7f7918aaced7]
[Orion-02-67:289918] [19] /work/noaa/da/mpotts/sandbox/pgi_2019_openmpi_O_develop/esmf/DEFAULTINSTALLDIR/lib/libO/Linux.pgi.64.openmpi.default/libesmf.so(nuopc_driver_initializegeneric_+0x62a)[0x7f7918a9b52a]
[Orion-02-67:289918] [20] /work/noaa/da/mpotts/sandbox/pgi_2019_openmpi_O_develop/esmf/DEFAULTINSTALLDIR/lib/libO/Linux.pgi.64.openmpi.default/libesmf.so(_ZN5ESMCI6FTable12callVFuncPtrEPKcPNS_2VMEPi+0x417)[0x7f7917eb7207]
[Orion-02-67:289918] [21] /work/noaa/da/mpotts/sandbox/pgi_2019_openmpi_O_develop/esmf/DEFAULTINSTALLDIR/lib/libO/Linux.pgi.64.openmpi.default/libesmf.so(ESMCI_FTableCallEntryPointVMHop+0x1ea)[0x7f7917eb540a]
[Orion-02-67:289918] [22] /work/noaa/da/mpotts/sandbox/pgi_2019_openmpi_O_develop/esmf/DEFAULTINSTALLDIR/lib/libO/Linux.pgi.64.openmpi.default/libesmf.so(_ZN5ESMCI2VM5enterEPNS_6VMPlanEPvS3_+0x18)[0x7f79182a2368]
[Orion-02-67:289918] [23] /work/noaa/da/mpotts/sandbox/pgi_2019_openmpi_O_develop/esmf/DEFAULTINSTALLDIR/lib/libO/Linux.pgi.64.openmpi.default/libesmf.so(c_esmc_ftablecallentrypointvm_+0x337)[0x7f7917eb57e7]
[Orion-02-67:289918] [24] /work/noaa/da/mpotts/sandbox/pgi_2019_openmpi_O_develop/esmf/DEFAULTINSTALLDIR/lib/libO/Linux.pgi.64.openmpi.default/libesmf.so(esmf_compmod_esmf_compexecute_+0x7ed)[0x7f7918475ddd]
[Orion-02-67:289918] [25] /work/noaa/da/mpotts/sandbox/pgi_2019_openmpi_O_develop/esmf/DEFAULTINSTALLDIR/lib/libO/Linux.pgi.64.openmpi.default/libesmf.so(esmf_gridcompmod_esmf_gridcompinitialize_+0x161)[0x7f791864ee01]
[Orion-02-67:289918] [26] /work/noaa/da/mpotts/sandbox/pgi_2019_openmpi_O_develop/nuopc-app-prototypes/AtmOcnScalarProto/./esmApp[0x4065fa]
[Orion-02-67:289918] [27] /work/noaa/da/mpotts/sandbox/pgi_2019_openmpi_O_develop/nuopc-app-prototypes/AtmOcnScalarProto/./esmApp[0x4061f3]
[Orion-02-67:289918] [28] /lib64/libc.so.6(__libc_start_main+0xf5)[0x7f7913cad495]
[Orion-02-67:289918] [29] /work/noaa/da/mpotts/sandbox/pgi_2019_openmpi_O_develop/nuopc-app-prototypes/AtmOcnScalarProto/./esmApp[0x4060f9]
[Orion-02-67:289918] *** End of error message ***
srun: error: Orion-02-67: tasks 0-3: Segmentation fault
srun: launch/slurm: _step_signal: Terminating StepId=9525826.363
