2023-03-20 02:54:49
[Orion-02-47:172248:0:172248] Caught signal 11 (Segmentation fault: address not mapped to object at address 0x4f1b591)
[Orion-02-47:172249:0:172249] Caught signal 11 (Segmentation fault: address not mapped to object at address 0x4f1b591)
[Orion-02-47:172250:0:172250] Caught signal 11 (Segmentation fault: address not mapped to object at address 0x4f1b591)
[Orion-02-47:172251:0:172251] Caught signal 11 (Segmentation fault: address not mapped to object at address 0x4f1b591)

/work/noaa/da/mpotts/sandbox/pgi_2019_openmpi_O_develop/esmf/src/Infrastructure/LogErr/src/ESMCI_LogErr.C: [ ESMCI::LogErr::MsgFoundError() ]
      ...
      583 {
      584     bool result=false;
      585 #ifdef ESMC_SUCCESSDEFAULT_ON
==>   586     if (rcToReturn != ESMC_NULL_POINTER) *rcToReturn=ESMF_SUCCESS;
      587 #endif
      588     if (trace) {
      589         Write(ESMC_METHOD,ESMC_LOGMSG_TRACE,


/work/noaa/da/mpotts/sandbox/pgi_2019_openmpi_O_develop/esmf/src/Infrastructure/LogErr/src/ESMCI_LogErr.C: [ ESMCI::LogErr::MsgFoundError() ]
      ...
      583 {
      584     bool result=false;
      585 #ifdef ESMC_SUCCESSDEFAULT_ON
==>   586     if (rcToReturn != ESMC_NULL_POINTER) *rcToReturn=ESMF_SUCCESS;
      587 #endif
      588     if (trace) {
      589         Write(ESMC_METHOD,ESMC_LOGMSG_TRACE,


/work/noaa/da/mpotts/sandbox/pgi_2019_openmpi_O_develop/esmf/src/Infrastructure/LogErr/src/ESMCI_LogErr.C: [ ESMCI::LogErr::MsgFoundError() ]
      ...

/work/noaa/da/mpotts/sandbox/pgi_2019_openmpi_O_develop/esmf/src/Infrastructure/LogErr/src/ESMCI_LogErr.C: [ ESMCI::LogErr::MsgFoundError() ]
      ...
      583 {
      584     bool result=false;
      585 #ifdef ESMC_SUCCESSDEFAULT_ON
==>   586     if (rcToReturn != ESMC_NULL_POINTER) *rcToReturn=ESMF_SUCCESS;
      587 #endif
      588     if (trace) {
      589         Write(ESMC_METHOD,ESMC_LOGMSG_TRACE,
      583 {
      584     bool result=false;
      585 #ifdef ESMC_SUCCESSDEFAULT_ON
==>   586     if (rcToReturn != ESMC_NULL_POINTER) *rcToReturn=ESMF_SUCCESS;
      587 #endif
      588     if (trace) {
      589         Write(ESMC_METHOD,ESMC_LOGMSG_TRACE,


==== backtrace (tid: 172250) ====
 0 0x0000000000737c03 ESMCI::LogErr::MsgFoundError()  /work/noaa/da/mpotts/sandbox/pgi_2019_openmpi_O_develop/esmf/src/Infrastructure/LogErr/src/ESMCI_LogErr.C:586
 1 0x000000000088ff01 c_esmc_meshcreatenodedistgrid_()  /work/noaa/da/mpotts/sandbox/pgi_2019_openmpi_O_develop/esmf/src/Infrastructure/Mesh/interface/ESMCI_Mesh_F.C:248
 2 0x0000000000fa7a4c esmf_meshmod_esmf_meshcreatefrompointer_()  /work/noaa/da/mpotts/sandbox/pgi_2019_openmpi_O_develop/esmf/src/Infrastructure/Mesh/interface/ESMF_Mesh.F90:3091
 3 0x0000000000e88bc2 esmf_gridutilmod_esmf_gridtomesh_()  /work/noaa/da/mpotts/sandbox/pgi_2019_openmpi_O_develop/esmf/src/Infrastructure/GridUtil/interface/ESMF_GridUtil.F90:453
 4 0x0000000000dacc06 esmf_fieldregridmod_b_or_p_gridtomesh_()  /work/noaa/da/mpotts/sandbox/pgi_2019_openmpi_O_develop/esmf/src/Infrastructure/Field/src/ESMF_FieldRegrid.F90:3228
 5 0x0000000000daa0c4 esmf_fieldregridmod_getmeshwithnodesonfieldloc_()  /work/noaa/da/mpotts/sandbox/pgi_2019_openmpi_O_develop/esmf/src/Infrastructure/Field/src/ESMF_FieldRegrid.F90:1346
 6 0x0000000000da85ff esmf_fieldregridmod_esmf_fieldregridstorenx_()  /work/noaa/da/mpotts/sandbox/pgi_2019_openmpi_O_develop/esmf/src/Infrastructure/Field/src/ESMF_FieldRegrid.F90:971
 7 0x0000000000c8399a esmf_fieldbundlemod_esmf_fieldbundleregridstorepair_()  /work/noaa/da/mpotts/sandbox/pgi_2019_openmpi_O_develop/esmf/src/Infrastructure/FieldBundle/src/ESMF_FieldBundle.F90:16211
 8 0x0000000000c7fbe4 esmf_fieldbundlemod_esmf_fieldbundleregridstore_()  /work/noaa/da/mpotts/sandbox/pgi_2019_openmpi_O_develop/esmf/src/Infrastructure/FieldBundle/src/ESMF_FieldBundle.F90:15819
 9 0x000000000040aae8 con_computerh_()  /work/noaa/da/mpotts/sandbox/pgi_2019_openmpi_O_develop/nuopc-app-prototypes/AtmOcnConProto/conn.F90:160
10 0x000000000092e96c ESMCI::MethodElement::execute()  /work/noaa/da/mpotts/sandbox/pgi_2019_openmpi_O_develop/esmf/src/Superstructure/Component/src/ESMCI_MethodTable.C:377
11 0x000000000092e96c ESMCI::MethodTable::execute()  /work/noaa/da/mpotts/sandbox/pgi_2019_openmpi_O_develop/esmf/src/Superstructure/Component/src/ESMCI_MethodTable.C:563
12 0x000000000092b9e1 c_esmc_methodtableexecuteef_()  /work/noaa/da/mpotts/sandbox/pgi_2019_openmpi_O_develop/esmf/src/Superstructure/Component/src/ESMCI_MethodTable.C:347
13 0x0000000000b03380 esmf_attachmethodsmod_esmf_methodcplcompexecute_()  /work/noaa/da/mpotts/sandbox/pgi_2019_openmpi_O_develop/esmf/src/Superstructure/AttachMethods/src/ESMF_AttachMethods.F90:1197
14 0x000000000121fa3d nuopc_connector_initializeipdv05p6b_()  /work/noaa/da/mpotts/sandbox/pgi_2019_openmpi_O_develop/esmf/src/addon/NUOPC/src/NUOPC_Connector.F90:5359
15 0x0000000000657207 ESMCI::FTable::callVFuncPtr()  /work/noaa/da/mpotts/sandbox/pgi_2019_openmpi_O_develop/esmf/src/Superstructure/Component/src/ESMCI_FTable.C:2167
16 0x000000000065540a ESMCI_FTableCallEntryPointVMHop()  /work/noaa/da/mpotts/sandbox/pgi_2019_openmpi_O_develop/esmf/src/Superstructure/Component/src/ESMCI_FTable.C:824
17 0x0000000000a42368 ESMCI::VM::enter()  /work/noaa/da/mpotts/sandbox/pgi_2019_openmpi_O_develop/esmf/src/Infrastructure/VM/src/ESMCI_VM.C:1216
18 0x00000000006557e7 c_esmc_ftablecallentrypointvm_()  /work/noaa/da/mpotts/sandbox/pgi_2019_openmpi_O_develop/esmf/src/Superstructure/Component/src/ESMCI_FTable.C:981
19 0x0000000000c15ddd esmf_compmod_esmf_compexecute_()  /work/noaa/da/mpotts/sandbox/pgi_2019_openmpi_O_develop/esmf/src/Superstructure/Component/src/ESMF_Comp.F90:1223
20 0x0000000000c28021 esmf_cplcompmod_esmf_cplcompinitialize_()  /work/noaa/da/mpotts/sandbox/pgi_2019_openmpi_O_develop/esmf/src/Superstructure/Component/src/ESMF_CplComp.F90:1165
21 0x0000000001255984 nuopc_driver_loopconnectorcompss_()  /work/noaa/da/mpotts/sandbox/pgi_2019_openmpi_O_develop/esmf/src/addon/NUOPC/src/NUOPC_Driver.F90:3023
22 0x000000000124ced7 nuopc_driver_initializeipdv02p3_()  /work/noaa/da/mpotts/sandbox/pgi_2019_openmpi_O_develop/esmf/src/addon/NUOPC/src/NUOPC_Driver.F90:2110
23 0x000000000123b52a nuopc_driver_initializegeneric_()  /work/noaa/da/mpotts/sandbox/pgi_2019_openmpi_O_develop/esmf/src/addon/NUOPC/src/NUOPC_Driver.F90:479
24 0x0000000000657207 ESMCI::FTable::callVFuncPtr()  /work/noaa/da/mpotts/sandbox/pgi_2019_openmpi_O_develop/esmf/src/Superstructure/Component/src/ESMCI_FTable.C:2167
25 0x000000000065540a ESMCI_FTableCallEntryPointVMHop()  /work/noaa/da/mpotts/sandbox/pgi_2019_openmpi_O_develop/esmf/src/Superstructure/Component/src/ESMCI_FTable.C:824
26 0x0000000000a42368 ESMCI::VM::enter()  /work/noaa/da/mpotts/sandbox/pgi_2019_openmpi_O_develop/esmf/src/Infrastructure/VM/src/ESMCI_VM.C:1216
27 0x00000000006557e7 c_esmc_ftablecallentrypointvm_()  /work/noaa/da/mpotts/sandbox/pgi_2019_openmpi_O_develop/esmf/src/Superstructure/Component/src/ESMCI_FTable.C:981
28 0x0000000000c15ddd esmf_compmod_esmf_compexecute_()  /work/noaa/da/mpotts/sandbox/pgi_2019_openmpi_O_develop/esmf/src/Superstructure/Component/src/ESMF_Comp.F90:1223
29 0x0000000000deee01 esmf_gridcompmod_esmf_gridcompinitialize_()  /work/noaa/da/mpotts/sandbox/pgi_2019_openmpi_O_develop/esmf/src/Superstructure/Component/src/ESMF_GridComp.F90:1412
30 0x0000000000406868 MAIN_()  /work/noaa/da/mpotts/sandbox/pgi_2019_openmpi_O_develop/nuopc-app-prototypes/AtmOcnConProto/esmApp.F90:57
31 0x00000000004064e3 main()  ???:0
32 0x0000000000022495 __libc_start_main()  ???:0
33 0x00000000004063e9 _start()  ???:0
=================================
[Orion-02-47:172250] *** Process received signal ***
==== backtrace (tid: 172248) ====
 0 0x0000000000737c03 ESMCI::LogErr::MsgFoundError()  /work/noaa/da/mpotts/sandbox/pgi_2019_openmpi_O_develop/esmf/src/Infrastructure/LogErr/src/ESMCI_LogErr.C:586
 1 0x000000000088ff01 c_esmc_meshcreatenodedistgrid_()  /work/noaa/da/mpotts/sandbox/pgi_2019_openmpi_O_develop/esmf/src/Infrastructure/Mesh/interface/ESMCI_Mesh_F.C:248
 2 0x0000000000fa7a4c esmf_meshmod_esmf_meshcreatefrompointer_()  /work/noaa/da/mpotts/sandbox/pgi_2019_openmpi_O_develop/esmf/src/Infrastructure/Mesh/interface/ESMF_Mesh.F90:3091
[Orion-02-47:172250] Signal: Segmentation fault (11)
[Orion-02-47:172250] Signal code:  (-6)
[Orion-02-47:172250] Failing at address: 0x20e50002a0da
 3 0x0000000000e88bc2 esmf_gridutilmod_esmf_gridtomesh_()  /work/noaa/da/mpotts/sandbox/pgi_2019_openmpi_O_develop/esmf/src/Infrastructure/GridUtil/interface/ESMF_GridUtil.F90:453
 4 0x0000000000dacc06 esmf_fieldregridmod_b_or_p_gridtomesh_()  /work/noaa/da/mpotts/sandbox/pgi_2019_openmpi_O_develop/esmf/src/Infrastructure/Field/src/ESMF_FieldRegrid.F90:3228
 5 0x0000000000daa0c4 esmf_fieldregridmod_getmeshwithnodesonfieldloc_()  /work/noaa/da/mpotts/sandbox/pgi_2019_openmpi_O_develop/esmf/src/Infrastructure/Field/src/ESMF_FieldRegrid.F90:1346
 6 0x0000000000da85ff esmf_fieldregridmod_esmf_fieldregridstorenx_()  /work/noaa/da/mpotts/sandbox/pgi_2019_openmpi_O_develop/esmf/src/Infrastructure/Field/src/ESMF_FieldRegrid.F90:971
 7 0x0000000000c8399a esmf_fieldbundlemod_esmf_fieldbundleregridstorepair_()  /work/noaa/da/mpotts/sandbox/pgi_2019_openmpi_O_develop/esmf/src/Infrastructure/FieldBundle/src/ESMF_FieldBundle.F90:16211
 8 0x0000000000c7fbe4 esmf_fieldbundlemod_esmf_fieldbundleregridstore_()  /work/noaa/da/mpotts/sandbox/pgi_2019_openmpi_O_develop/esmf/src/Infrastructure/FieldBundle/src/ESMF_FieldBundle.F90:15819
 9 0x000000000040aae8 con_computerh_()  /work/noaa/da/mpotts/sandbox/pgi_2019_openmpi_O_develop/nuopc-app-prototypes/AtmOcnConProto/conn.F90:160
10 0x000000000092e96c ESMCI::MethodElement::execute()  /work/noaa/da/mpotts/sandbox/pgi_2019_openmpi_O_develop/esmf/src/Superstructure/Component/src/ESMCI_MethodTable.C:377
11 0x000000000092e96c ESMCI::MethodTable::execute()  /work/noaa/da/mpotts/sandbox/pgi_2019_openmpi_O_develop/esmf/src/Superstructure/Component/src/ESMCI_MethodTable.C:563
12 0x000000000092b9e1 c_esmc_methodtableexecuteef_()  /work/noaa/da/mpotts/sandbox/pgi_2019_openmpi_O_develop/esmf/src/Superstructure/Component/src/ESMCI_MethodTable.C:347
13 0x0000000000b03380 esmf_attachmethodsmod_esmf_methodcplcompexecute_()  /work/noaa/da/mpotts/sandbox/pgi_2019_openmpi_O_develop/esmf/src/Superstructure/AttachMethods/src/ESMF_AttachMethods.F90:1197
14 0x000000000121fa3d nuopc_connector_initializeipdv05p6b_()  /work/noaa/da/mpotts/sandbox/pgi_2019_openmpi_O_develop/esmf/src/addon/NUOPC/src/NUOPC_Connector.F90:5359
15 0x0000000000657207 ESMCI::FTable::callVFuncPtr()  /work/noaa/da/mpotts/sandbox/pgi_2019_openmpi_O_develop/esmf/src/Superstructure/Component/src/ESMCI_FTable.C:2167
16 0x000000000065540a ESMCI_FTableCallEntryPointVMHop()  /work/noaa/da/mpotts/sandbox/pgi_2019_openmpi_O_develop/esmf/src/Superstructure/Component/src/ESMCI_FTable.C:824
17 0x0000000000a42368 ESMCI::VM::enter()  /work/noaa/da/mpotts/sandbox/pgi_2019_openmpi_O_develop/esmf/src/Infrastructure/VM/src/ESMCI_VM.C:1216
18 0x00000000006557e7 c_esmc_ftablecallentrypointvm_()  /work/noaa/da/mpotts/sandbox/pgi_2019_openmpi_O_develop/esmf/src/Superstructure/Component/src/ESMCI_FTable.C:981
19 0x0000000000c15ddd esmf_compmod_esmf_compexecute_()  /work/noaa/da/mpotts/sandbox/pgi_2019_openmpi_O_develop/esmf/src/Superstructure/Component/src/ESMF_Comp.F90:1223
20 0x0000000000c28021 esmf_cplcompmod_esmf_cplcompinitialize_()  /work/noaa/da/mpotts/sandbox/pgi_2019_openmpi_O_develop/esmf/src/Superstructure/Component/src/ESMF_CplComp.F90:1165
21 0x0000000001255984 nuopc_driver_loopconnectorcompss_()  /work/noaa/da/mpotts/sandbox/pgi_2019_openmpi_O_develop/esmf/src/addon/NUOPC/src/NUOPC_Driver.F90:3023
22 0x000000000124ced7 nuopc_driver_initializeipdv02p3_()  /work/noaa/da/mpotts/sandbox/pgi_2019_openmpi_O_develop/esmf/src/addon/NUOPC/src/NUOPC_Driver.F90:2110
23 0x000000000123b52a nuopc_driver_initializegeneric_()  /work/noaa/da/mpotts/sandbox/pgi_2019_openmpi_O_develop/esmf/src/addon/NUOPC/src/NUOPC_Driver.F90:479
24 0x0000000000657207 ESMCI::FTable::callVFuncPtr()  /work/noaa/da/mpotts/sandbox/pgi_2019_openmpi_O_develop/esmf/src/Superstructure/Component/src/ESMCI_FTable.C:2167
25 0x000000000065540a ESMCI_FTableCallEntryPointVMHop()  /work/noaa/da/mpotts/sandbox/pgi_2019_openmpi_O_develop/esmf/src/Superstructure/Component/src/ESMCI_FTable.C:824
26 0x0000000000a42368 ESMCI::VM::enter()  /work/noaa/da/mpotts/sandbox/pgi_2019_openmpi_O_develop/esmf/src/Infrastructure/VM/src/ESMCI_VM.C:1216
27 0x00000000006557e7 c_esmc_ftablecallentrypointvm_()  /work/noaa/da/mpotts/sandbox/pgi_2019_openmpi_O_develop/esmf/src/Superstructure/Component/src/ESMCI_FTable.C:981
28 0x0000000000c15ddd esmf_compmod_esmf_compexecute_()  /work/noaa/da/mpotts/sandbox/pgi_2019_openmpi_O_develop/esmf/src/Superstructure/Component/src/ESMF_Comp.F90:1223
29 0x0000000000deee01 esmf_gridcompmod_esmf_gridcompinitialize_()  /work/noaa/da/mpotts/sandbox/pgi_2019_openmpi_O_develop/esmf/src/Superstructure/Component/src/ESMF_GridComp.F90:1412
30 0x0000000000406868 MAIN_()  /work/noaa/da/mpotts/sandbox/pgi_2019_openmpi_O_develop/nuopc-app-prototypes/AtmOcnConProto/esmApp.F90:57
31 0x00000000004064e3 main()  ???:0
32 0x0000000000022495 __libc_start_main()  ???:0
33 0x00000000004063e9 _start()  ???:0
=================================
[Orion-02-47:172250] [ 0] /lib64/libpthread.so.0(+0xf5d0)[0x7f82d6e2e5d0]
[Orion-02-47:172248] *** Process received signal ***
[Orion-02-47:172248] Signal: Segmentation fault (11)
[Orion-02-47:172248] Signal code:  (-6)
[Orion-02-47:172248] Failing at address: 0x20e50002a0d8
[Orion-02-47:172250] [ 1] /work/noaa/da/mpotts/sandbox/pgi_2019_openmpi_O_develop/esmf/DEFAULTINSTALLDIR/lib/libO/Linux.pgi.64.openmpi.default/libesmf.so(_ZN5ESMCI6LogErr13MsgFoundErrorEiPKciS2_S2_Pi+0x33)[0x7f82d55c7c03]
[Orion-02-47:172248] [ 0] /lib64/libpthread.so.0(+0xf5d0)[0x7f9b262c85d0]
[Orion-02-47:172250] [ 2] /work/noaa/da/mpotts/sandbox/pgi_2019_openmpi_O_develop/esmf/DEFAULTINSTALLDIR/lib/libO/Linux.pgi.64.openmpi.default/libesmf.so(c_esmc_meshcreatenodedistgrid_+0xa1)[0x7f82d571ff01]
[Orion-02-47:172248] [ 1] /work/noaa/da/mpotts/sandbox/pgi_2019_openmpi_O_develop/esmf/DEFAULTINSTALLDIR/lib/libO/Linux.pgi.64.openmpi.default/libesmf.so(_ZN5ESMCI6LogErr13MsgFoundErrorEiPKciS2_S2_Pi+0x33)[0x7f9b24a61c03]
[Orion-02-47:172250] [ 3] /work/noaa/da/mpotts/sandbox/pgi_2019_openmpi_O_develop/esmf/DEFAULTINSTALLDIR/lib/libO/Linux.pgi.64.openmpi.default/libesmf.so(esmf_meshmod_esmf_meshcreatefrompointer_+0x4c)[0x7f82d5e37a4c]
[Orion-02-47:172248] [ 2] /work/noaa/da/mpotts/sandbox/pgi_2019_openmpi_O_develop/esmf/DEFAULTINSTALLDIR/lib/libO/Linux.pgi.64.openmpi.default/libesmf.so(c_esmc_meshcreatenodedistgrid_+0xa1)[0x7f9b24bb9f01]
[Orion-02-47:172250] [ 4] /work/noaa/da/mpotts/sandbox/pgi_2019_openmpi_O_develop/esmf/DEFAULTINSTALLDIR/lib/libO/Linux.pgi.64.openmpi.default/libesmf.so(esmf_gridutilmod_esmf_gridtomesh_+0x352)[0x7f82d5d18bc2]
[Orion-02-47:172248] [ 3] /work/noaa/da/mpotts/sandbox/pgi_2019_openmpi_O_develop/esmf/DEFAULTINSTALLDIR/lib/libO/Linux.pgi.64.openmpi.default/libesmf.so(esmf_meshmod_esmf_meshcreatefrompointer_+0x4c)[0x7f9b252d1a4c]
[Orion-02-47:172250] [ 5] /work/noaa/da/mpotts/sandbox/pgi_2019_openmpi_O_develop/esmf/DEFAULTINSTALLDIR/lib/libO/Linux.pgi.64.openmpi.default/libesmf.so(esmf_fieldregridmod_b_or_p_gridtomesh_+0x156)[0x7f82d5c3cc06]
[Orion-02-47:172248] [ 4] /work/noaa/da/mpotts/sandbox/pgi_2019_openmpi_O_develop/esmf/DEFAULTINSTALLDIR/lib/libO/Linux.pgi.64.openmpi.default/libesmf.so(esmf_gridutilmod_esmf_gridtomesh_+0x352)[0x7f9b251b2bc2]
[Orion-02-47:172248] [ 5] /work/noaa/da/mpotts/sandbox/pgi_2019_openmpi_O_develop/esmf/DEFAULTINSTALLDIR/lib/libO/Linux.pgi.64.openmpi.default/libesmf.so(esmf_fieldregridmod_b_or_p_gridtomesh_+0x156)[0x7f9b250d6c06]
[Orion-02-47:172250] [ 6] /work/noaa/da/mpotts/sandbox/pgi_2019_openmpi_O_develop/esmf/DEFAULTINSTALLDIR/lib/libO/Linux.pgi.64.openmpi.default/libesmf.so(esmf_fieldregridmod_getmeshwithnodesonfieldloc_+0x394)[0x7f82d5c3a0c4]
[Orion-02-47:172248] [ 6] /work/noaa/da/mpotts/sandbox/pgi_2019_openmpi_O_develop/esmf/DEFAULTINSTALLDIR/lib/libO/Linux.pgi.64.openmpi.default/libesmf.so(esmf_fieldregridmod_getmeshwithnodesonfieldloc_+0x394)[0x7f9b250d40c4]
[Orion-02-47:172250] [ 7] /work/noaa/da/mpotts/sandbox/pgi_2019_openmpi_O_develop/esmf/DEFAULTINSTALLDIR/lib/libO/Linux.pgi.64.openmpi.default/libesmf.so(esmf_fieldregridmod_esmf_fieldregridstorenx_+0x9cf)[0x7f82d5c385ff]
[Orion-02-47:172248] [ 7] /work/noaa/da/mpotts/sandbox/pgi_2019_openmpi_O_develop/esmf/DEFAULTINSTALLDIR/lib/libO/Linux.pgi.64.openmpi.default/libesmf.so(esmf_fieldregridmod_esmf_fieldregridstorenx_+0x9cf)[0x7f9b250d25ff]
[Orion-02-47:172250] [ 8] /work/noaa/da/mpotts/sandbox/pgi_2019_openmpi_O_develop/esmf/DEFAULTINSTALLDIR/lib/libO/Linux.pgi.64.openmpi.default/libesmf.so(esmf_fieldbundlemod_esmf_fieldbundleregridstorepair_+0x3a1a)[0x7f82d5b1399a]
[Orion-02-47:172248] [ 8] /work/noaa/da/mpotts/sandbox/pgi_2019_openmpi_O_develop/esmf/DEFAULTINSTALLDIR/lib/libO/Linux.pgi.64.openmpi.default/libesmf.so(esmf_fieldbundlemod_esmf_fieldbundleregridstorepair_+0x3a1a)[0x7f9b24fad99a]
[Orion-02-47:172250] [ 9] /work/noaa/da/mpotts/sandbox/pgi_2019_openmpi_O_develop/esmf/DEFAULTINSTALLDIR/lib/libO/Linux.pgi.64.openmpi.default/libesmf.so(esmf_fieldbundlemod_esmf_fieldbundleregridstore_+0x13c4)[0x7f82d5b0fbe4]
[Orion-02-47:172250] [10] /work/noaa/da/mpotts/sandbox/pgi_2019_openmpi_O_develop/nuopc-app-prototypes/AtmOcnConProto/./esmApp[0x40aae8]
[Orion-02-47:172250] [11] /work/noaa/da/mpotts/sandbox/pgi_2019_openmpi_O_develop/esmf/DEFAULTINSTALLDIR/lib/libO/Linux.pgi.64.openmpi.default/libesmf.so(_ZN5ESMCI11MethodTable7executeESsPvPiPb+0x25c)[0x7f82d57be96c]
[Orion-02-47:172248] [ 9] /work/noaa/da/mpotts/sandbox/pgi_2019_openmpi_O_develop/esmf/DEFAULTINSTALLDIR/lib/libO/Linux.pgi.64.openmpi.default/libesmf.so(esmf_fieldbundlemod_esmf_fieldbundleregridstore_+0x13c4)[0x7f9b24fa9be4]
[Orion-02-47:172248] [10] /work/noaa/da/mpotts/sandbox/pgi_2019_openmpi_O_develop/nuopc-app-prototypes/AtmOcnConProto/./esmApp[0x40aae8]
[Orion-02-47:172250] [12] /work/noaa/da/mpotts/sandbox/pgi_2019_openmpi_O_develop/esmf/DEFAULTINSTALLDIR/lib/libO/Linux.pgi.64.openmpi.default/libesmf.so(c_esmc_methodtableexecuteef_+0x1a1)[0x7f82d57bb9e1]
[Orion-02-47:172248] [11] /work/noaa/da/mpotts/sandbox/pgi_2019_openmpi_O_develop/esmf/DEFAULTINSTALLDIR/lib/libO/Linux.pgi.64.openmpi.default/libesmf.so(_ZN5ESMCI11MethodTable7executeESsPvPiPb+0x25c)[0x7f9b24c5896c]
[Orion-02-47:172248] [12] /work/noaa/da/mpotts/sandbox/pgi_2019_openmpi_O_develop/esmf/DEFAULTINSTALLDIR/lib/libO/Linux.pgi.64.openmpi.default/libesmf.so(c_esmc_methodtableexecuteef_+0x1a1)[0x7f9b24c559e1]
[Orion-02-47:172250] [13] /work/noaa/da/mpotts/sandbox/pgi_2019_openmpi_O_develop/esmf/DEFAULTINSTALLDIR/lib/libO/Linux.pgi.64.openmpi.default/libesmf.so(esmf_attachmethodsmod_esmf_methodcplcompexecute_+0xd0)[0x7f82d5993380]
[Orion-02-47:172250] [14] /work/noaa/da/mpotts/sandbox/pgi_2019_openmpi_O_develop/esmf/DEFAULTINSTALLDIR/lib/libO/Linux.pgi.64.openmpi.default/libesmf.so(nuopc_connector_initializeipdv05p6b_+0x4c3d)[0x7f82d60afa3d]
[Orion-02-47:172248] [13] /work/noaa/da/mpotts/sandbox/pgi_2019_openmpi_O_develop/esmf/DEFAULTINSTALLDIR/lib/libO/Linux.pgi.64.openmpi.default/libesmf.so(esmf_attachmethodsmod_esmf_methodcplcompexecute_+0xd0)[0x7f9b24e2d380]
[Orion-02-47:172250] [15] /work/noaa/da/mpotts/sandbox/pgi_2019_openmpi_O_develop/esmf/DEFAULTINSTALLDIR/lib/libO/Linux.pgi.64.openmpi.default/libesmf.so(_ZN5ESMCI6FTable12callVFuncPtrEPKcPNS_2VMEPi+0x417)[0x7f82d54e7207]
[Orion-02-47:172248] [14] /work/noaa/da/mpotts/sandbox/pgi_2019_openmpi_O_develop/esmf/DEFAULTINSTALLDIR/lib/libO/Linux.pgi.64.openmpi.default/libesmf.so(nuopc_connector_initializeipdv05p6b_+0x4c3d)[0x7f9b25549a3d]
[Orion-02-47:172250] [16] /work/noaa/da/mpotts/sandbox/pgi_2019_openmpi_O_develop/esmf/DEFAULTINSTALLDIR/lib/libO/Linux.pgi.64.openmpi.default/libesmf.so(ESMCI_FTableCallEntryPointVMHop+0x1ea)[0x7f82d54e540a]
[Orion-02-47:172248] [15] /work/noaa/da/mpotts/sandbox/pgi_2019_openmpi_O_develop/esmf/DEFAULTINSTALLDIR/lib/libO/Linux.pgi.64.openmpi.default/libesmf.so(_ZN5ESMCI6FTable12callVFuncPtrEPKcPNS_2VMEPi+0x417)[0x7f9b24981207]
[Orion-02-47:172248] [16] /work/noaa/da/mpotts/sandbox/pgi_2019_openmpi_O_develop/esmf/DEFAULTINSTALLDIR/lib/libO/Linux.pgi.64.openmpi.default/libesmf.so(ESMCI_FTableCallEntryPointVMHop+0x1ea)[0x7f9b2497f40a]
[Orion-02-47:172250] [17] /work/noaa/da/mpotts/sandbox/pgi_2019_openmpi_O_develop/esmf/DEFAULTINSTALLDIR/lib/libO/Linux.pgi.64.openmpi.default/libesmf.so(_ZN5ESMCI2VM5enterEPNS_6VMPlanEPvS3_+0x18)[0x7f82d58d2368]
[Orion-02-47:172250] [18] /work/noaa/da/mpotts/sandbox/pgi_2019_openmpi_O_develop/esmf/DEFAULTINSTALLDIR/lib/libO/Linux.pgi.64.openmpi.default/libesmf.so(c_esmc_ftablecallentrypointvm_+0x337)[0x7f82d54e57e7]
[Orion-02-47:172248] [17] /work/noaa/da/mpotts/sandbox/pgi_2019_openmpi_O_develop/esmf/DEFAULTINSTALLDIR/lib/libO/Linux.pgi.64.openmpi.default/libesmf.so(_ZN5ESMCI2VM5enterEPNS_6VMPlanEPvS3_+0x18)[0x7f9b24d6c368]
[Orion-02-47:172248] [18] /work/noaa/da/mpotts/sandbox/pgi_2019_openmpi_O_develop/esmf/DEFAULTINSTALLDIR/lib/libO/Linux.pgi.64.openmpi.default/libesmf.so(c_esmc_ftablecallentrypointvm_+0x337)[0x7f9b2497f7e7]
[Orion-02-47:172250] [19] /work/noaa/da/mpotts/sandbox/pgi_2019_openmpi_O_develop/esmf/DEFAULTINSTALLDIR/lib/libO/Linux.pgi.64.openmpi.default/libesmf.so(esmf_compmod_esmf_compexecute_+0x7ed)[0x7f82d5aa5ddd]
[Orion-02-47:172248] [19] /work/noaa/da/mpotts/sandbox/pgi_2019_openmpi_O_develop/esmf/DEFAULTINSTALLDIR/lib/libO/Linux.pgi.64.openmpi.default/libesmf.so(esmf_compmod_esmf_compexecute_+0x7ed)[0x7f9b24f3fddd]
[Orion-02-47:172250] [20] /work/noaa/da/mpotts/sandbox/pgi_2019_openmpi_O_develop/esmf/DEFAULTINSTALLDIR/lib/libO/Linux.pgi.64.openmpi.default/libesmf.so(esmf_cplcompmod_esmf_cplcompinitialize_+0x161)[0x7f82d5ab8021]
[Orion-02-47:172250] [21] /work/noaa/da/mpotts/sandbox/pgi_2019_openmpi_O_develop/esmf/DEFAULTINSTALLDIR/lib/libO/Linux.pgi.64.openmpi.default/libesmf.so(nuopc_driver_loopconnectorcompss_+0xeb4)[0x7f82d60e5984]
[Orion-02-47:172248] [20] /work/noaa/da/mpotts/sandbox/pgi_2019_openmpi_O_develop/esmf/DEFAULTINSTALLDIR/lib/libO/Linux.pgi.64.openmpi.default/libesmf.so(esmf_cplcompmod_esmf_cplcompinitialize_+0x161)[0x7f9b24f52021]
[Orion-02-47:172250] [22] /work/noaa/da/mpotts/sandbox/pgi_2019_openmpi_O_develop/esmf/DEFAULTINSTALLDIR/lib/libO/Linux.pgi.64.openmpi.default/libesmf.so(nuopc_driver_initializeipdv02p3_+0x2f77)[0x7f82d60dced7]
[Orion-02-47:172248] [21] /work/noaa/da/mpotts/sandbox/pgi_2019_openmpi_O_develop/esmf/DEFAULTINSTALLDIR/lib/libO/Linux.pgi.64.openmpi.default/libesmf.so(nuopc_driver_loopconnectorcompss_+0xeb4)[0x7f9b2557f984]
[Orion-02-47:172248] [22] /work/noaa/da/mpotts/sandbox/pgi_2019_openmpi_O_develop/esmf/DEFAULTINSTALLDIR/lib/libO/Linux.pgi.64.openmpi.default/libesmf.so(nuopc_driver_initializeipdv02p3_+0x2f77)[0x7f9b25576ed7]
[Orion-02-47:172250] [23] /work/noaa/da/mpotts/sandbox/pgi_2019_openmpi_O_develop/esmf/DEFAULTINSTALLDIR/lib/libO/Linux.pgi.64.openmpi.default/libesmf.so(nuopc_driver_initializegeneric_+0x62a)[0x7f82d60cb52a]
[Orion-02-47:172250] [24] /work/noaa/da/mpotts/sandbox/pgi_2019_openmpi_O_develop/esmf/DEFAULTINSTALLDIR/lib/libO/Linux.pgi.64.openmpi.default/libesmf.so(_ZN5ESMCI6FTable12callVFuncPtrEPKcPNS_2VMEPi+0x417)[0x7f82d54e7207]
[Orion-02-47:172248] [23] /work/noaa/da/mpotts/sandbox/pgi_2019_openmpi_O_develop/esmf/DEFAULTINSTALLDIR/lib/libO/Linux.pgi.64.openmpi.default/libesmf.so(nuopc_driver_initializegeneric_+0x62a)[0x7f9b2556552a]
[Orion-02-47:172250] [25] /work/noaa/da/mpotts/sandbox/pgi_2019_openmpi_O_develop/esmf/DEFAULTINSTALLDIR/lib/libO/Linux.pgi.64.openmpi.default/libesmf.so(ESMCI_FTableCallEntryPointVMHop+0x1ea)[0x7f82d54e540a]
[Orion-02-47:172248] [24] /work/noaa/da/mpotts/sandbox/pgi_2019_openmpi_O_develop/esmf/DEFAULTINSTALLDIR/lib/libO/Linux.pgi.64.openmpi.default/libesmf.so(_ZN5ESMCI6FTable12callVFuncPtrEPKcPNS_2VMEPi+0x417)[0x7f9b24981207]
[Orion-02-47:172248] [25] /work/noaa/da/mpotts/sandbox/pgi_2019_openmpi_O_develop/esmf/DEFAULTINSTALLDIR/lib/libO/Linux.pgi.64.openmpi.default/libesmf.so(ESMCI_FTableCallEntryPointVMHop+0x1ea)[0x7f9b2497f40a]
[Orion-02-47:172250] [26] /work/noaa/da/mpotts/sandbox/pgi_2019_openmpi_O_develop/esmf/DEFAULTINSTALLDIR/lib/libO/Linux.pgi.64.openmpi.default/libesmf.so(_ZN5ESMCI2VM5enterEPNS_6VMPlanEPvS3_+0x18)[0x7f82d58d2368]
[Orion-02-47:172250] [27] /work/noaa/da/mpotts/sandbox/pgi_2019_openmpi_O_develop/esmf/DEFAULTINSTALLDIR/lib/libO/Linux.pgi.64.openmpi.default/libesmf.so(c_esmc_ftablecallentrypointvm_+0x337)[0x7f82d54e57e7]
[Orion-02-47:172248] [26] /work/noaa/da/mpotts/sandbox/pgi_2019_openmpi_O_develop/esmf/DEFAULTINSTALLDIR/lib/libO/Linux.pgi.64.openmpi.default/libesmf.so(_ZN5ESMCI2VM5enterEPNS_6VMPlanEPvS3_+0x18)[0x7f9b24d6c368]
[Orion-02-47:172248] [27] /work/noaa/da/mpotts/sandbox/pgi_2019_openmpi_O_develop/esmf/DEFAULTINSTALLDIR/lib/libO/Linux.pgi.64.openmpi.default/libesmf.so(c_esmc_ftablecallentrypointvm_+0x337)[0x7f9b2497f7e7]
[Orion-02-47:172250] [28] /work/noaa/da/mpotts/sandbox/pgi_2019_openmpi_O_develop/esmf/DEFAULTINSTALLDIR/lib/libO/Linux.pgi.64.openmpi.default/libesmf.so(esmf_compmod_esmf_compexecute_+0x7ed)[0x7f82d5aa5ddd]
[Orion-02-47:172248] [28] /work/noaa/da/mpotts/sandbox/pgi_2019_openmpi_O_develop/esmf/DEFAULTINSTALLDIR/lib/libO/Linux.pgi.64.openmpi.default/libesmf.so(esmf_compmod_esmf_compexecute_+0x7ed)[0x7f9b24f3fddd]
[Orion-02-47:172250] [29] /work/noaa/da/mpotts/sandbox/pgi_2019_openmpi_O_develop/esmf/DEFAULTINSTALLDIR/lib/libO/Linux.pgi.64.openmpi.default/libesmf.so(esmf_gridcompmod_esmf_gridcompinitialize_+0x161)[0x7f82d5c7ee01]
[Orion-02-47:172250] *** End of error message ***
[Orion-02-47:172248] [29] /work/noaa/da/mpotts/sandbox/pgi_2019_openmpi_O_develop/esmf/DEFAULTINSTALLDIR/lib/libO/Linux.pgi.64.openmpi.default/libesmf.so(esmf_gridcompmod_esmf_gridcompinitialize_+0x161)[0x7f9b25118e01]
[Orion-02-47:172248] *** End of error message ***
==== backtrace (tid: 172251) ====
 0 0x0000000000737c03 ESMCI::LogErr::MsgFoundError()  /work/noaa/da/mpotts/sandbox/pgi_2019_openmpi_O_develop/esmf/src/Infrastructure/LogErr/src/ESMCI_LogErr.C:586
 1 0x000000000088ff01 c_esmc_meshcreatenodedistgrid_()  /work/noaa/da/mpotts/sandbox/pgi_2019_openmpi_O_develop/esmf/src/Infrastructure/Mesh/interface/ESMCI_Mesh_F.C:248
 2 0x0000000000fa7a4c esmf_meshmod_esmf_meshcreatefrompointer_()  /work/noaa/da/mpotts/sandbox/pgi_2019_openmpi_O_develop/esmf/src/Infrastructure/Mesh/interface/ESMF_Mesh.F90:3091
 3 0x0000000000e88bc2 esmf_gridutilmod_esmf_gridtomesh_()  /work/noaa/da/mpotts/sandbox/pgi_2019_openmpi_O_develop/esmf/src/Infrastructure/GridUtil/interface/ESMF_GridUtil.F90:453
 4 0x0000000000dacc06 esmf_fieldregridmod_b_or_p_gridtomesh_()  /work/noaa/da/mpotts/sandbox/pgi_2019_openmpi_O_develop/esmf/src/Infrastructure/Field/src/ESMF_FieldRegrid.F90:3228
 5 0x0000000000daa0c4 esmf_fieldregridmod_getmeshwithnodesonfieldloc_()  /work/noaa/da/mpotts/sandbox/pgi_2019_openmpi_O_develop/esmf/src/Infrastructure/Field/src/ESMF_FieldRegrid.F90:1346
 6 0x0000000000da85ff esmf_fieldregridmod_esmf_fieldregridstorenx_()  /work/noaa/da/mpotts/sandbox/pgi_2019_openmpi_O_develop/esmf/src/Infrastructure/Field/src/ESMF_FieldRegrid.F90:971
 7 0x0000000000c8399a esmf_fieldbundlemod_esmf_fieldbundleregridstorepair_()  /work/noaa/da/mpotts/sandbox/pgi_2019_openmpi_O_develop/esmf/src/Infrastructure/FieldBundle/src/ESMF_FieldBundle.F90:16211
 8 0x0000000000c7fbe4 esmf_fieldbundlemod_esmf_fieldbundleregridstore_()  /work/noaa/da/mpotts/sandbox/pgi_2019_openmpi_O_develop/esmf/src/Infrastructure/FieldBundle/src/ESMF_FieldBundle.F90:15819
 9 0x000000000040aae8 con_computerh_()  /work/noaa/da/mpotts/sandbox/pgi_2019_openmpi_O_develop/nuopc-app-prototypes/AtmOcnConProto/conn.F90:160
10 0x000000000092e96c ESMCI::MethodElement::execute()  /work/noaa/da/mpotts/sandbox/pgi_2019_openmpi_O_develop/esmf/src/Superstructure/Component/src/ESMCI_MethodTable.C:377
11 0x000000000092e96c ESMCI::MethodTable::execute()  /work/noaa/da/mpotts/sandbox/pgi_2019_openmpi_O_develop/esmf/src/Superstructure/Component/src/ESMCI_MethodTable.C:563
12 0x000000000092b9e1 c_esmc_methodtableexecuteef_()  /work/noaa/da/mpotts/sandbox/pgi_2019_openmpi_O_develop/esmf/src/Superstructure/Component/src/ESMCI_MethodTable.C:347
13 0x0000000000b03380 esmf_attachmethodsmod_esmf_methodcplcompexecute_()  /work/noaa/da/mpotts/sandbox/pgi_2019_openmpi_O_develop/esmf/src/Superstructure/AttachMethods/src/ESMF_AttachMethods.F90:1197
14 0x000000000121fa3d nuopc_connector_initializeipdv05p6b_()  /work/noaa/da/mpotts/sandbox/pgi_2019_openmpi_O_develop/esmf/src/addon/NUOPC/src/NUOPC_Connector.F90:5359
15 0x0000000000657207 ESMCI::FTable::callVFuncPtr()  /work/noaa/da/mpotts/sandbox/pgi_2019_openmpi_O_develop/esmf/src/Superstructure/Component/src/ESMCI_FTable.C:2167
16 0x000000000065540a ESMCI_FTableCallEntryPointVMHop()  /work/noaa/da/mpotts/sandbox/pgi_2019_openmpi_O_develop/esmf/src/Superstructure/Component/src/ESMCI_FTable.C:824
17 0x0000000000a42368 ESMCI::VM::enter()  /work/noaa/da/mpotts/sandbox/pgi_2019_openmpi_O_develop/esmf/src/Infrastructure/VM/src/ESMCI_VM.C:1216
18 0x00000000006557e7 c_esmc_ftablecallentrypointvm_()  /work/noaa/da/mpotts/sandbox/pgi_2019_openmpi_O_develop/esmf/src/Superstructure/Component/src/ESMCI_FTable.C:981
19 0x0000000000c15ddd esmf_compmod_esmf_compexecute_()  /work/noaa/da/mpotts/sandbox/pgi_2019_openmpi_O_develop/esmf/src/Superstructure/Component/src/ESMF_Comp.F90:1223
20 0x0000000000c28021 esmf_cplcompmod_esmf_cplcompinitialize_()  /work/noaa/da/mpotts/sandbox/pgi_2019_openmpi_O_develop/esmf/src/Superstructure/Component/src/ESMF_CplComp.F90:1165
21 0x0000000001255984 nuopc_driver_loopconnectorcompss_()  /work/noaa/da/mpotts/sandbox/pgi_2019_openmpi_O_develop/esmf/src/addon/NUOPC/src/NUOPC_Driver.F90:3023
22 0x000000000124ced7 nuopc_driver_initializeipdv02p3_()  /work/noaa/da/mpotts/sandbox/pgi_2019_openmpi_O_develop/esmf/src/addon/NUOPC/src/NUOPC_Driver.F90:2110
==== backtrace (tid: 172249) ====
 0 0x0000000000737c03 ESMCI::LogErr::MsgFoundError()  /work/noaa/da/mpotts/sandbox/pgi_2019_openmpi_O_develop/esmf/src/Infrastructure/LogErr/src/ESMCI_LogErr.C:586
 1 0x000000000088ff01 c_esmc_meshcreatenodedistgrid_()  /work/noaa/da/mpotts/sandbox/pgi_2019_openmpi_O_develop/esmf/src/Infrastructure/Mesh/interface/ESMCI_Mesh_F.C:248
 2 0x0000000000fa7a4c esmf_meshmod_esmf_meshcreatefrompointer_()  /work/noaa/da/mpotts/sandbox/pgi_2019_openmpi_O_develop/esmf/src/Infrastructure/Mesh/interface/ESMF_Mesh.F90:3091
23 0x000000000123b52a nuopc_driver_initializegeneric_()  /work/noaa/da/mpotts/sandbox/pgi_2019_openmpi_O_develop/esmf/src/addon/NUOPC/src/NUOPC_Driver.F90:479
24 0x0000000000657207 ESMCI::FTable::callVFuncPtr()  /work/noaa/da/mpotts/sandbox/pgi_2019_openmpi_O_develop/esmf/src/Superstructure/Component/src/ESMCI_FTable.C:2167
25 0x000000000065540a ESMCI_FTableCallEntryPointVMHop()  /work/noaa/da/mpotts/sandbox/pgi_2019_openmpi_O_develop/esmf/src/Superstructure/Component/src/ESMCI_FTable.C:824
26 0x0000000000a42368 ESMCI::VM::enter()  /work/noaa/da/mpotts/sandbox/pgi_2019_openmpi_O_develop/esmf/src/Infrastructure/VM/src/ESMCI_VM.C:1216
27 0x00000000006557e7 c_esmc_ftablecallentrypointvm_()  /work/noaa/da/mpotts/sandbox/pgi_2019_openmpi_O_develop/esmf/src/Superstructure/Component/src/ESMCI_FTable.C:981
28 0x0000000000c15ddd esmf_compmod_esmf_compexecute_()  /work/noaa/da/mpotts/sandbox/pgi_2019_openmpi_O_develop/esmf/src/Superstructure/Component/src/ESMF_Comp.F90:1223
29 0x0000000000deee01 esmf_gridcompmod_esmf_gridcompinitialize_()  /work/noaa/da/mpotts/sandbox/pgi_2019_openmpi_O_develop/esmf/src/Superstructure/Component/src/ESMF_GridComp.F90:1412
30 0x0000000000406868 MAIN_()  /work/noaa/da/mpotts/sandbox/pgi_2019_openmpi_O_develop/nuopc-app-prototypes/AtmOcnConProto/esmApp.F90:57
31 0x00000000004064e3 main()  ???:0
32 0x0000000000022495 __libc_start_main()  ???:0
33 0x00000000004063e9 _start()  ???:0
=================================
[Orion-02-47:172251] *** Process received signal ***
 3 0x0000000000e88bc2 esmf_gridutilmod_esmf_gridtomesh_()  /work/noaa/da/mpotts/sandbox/pgi_2019_openmpi_O_develop/esmf/src/Infrastructure/GridUtil/interface/ESMF_GridUtil.F90:453
 4 0x0000000000dacc06 esmf_fieldregridmod_b_or_p_gridtomesh_()  /work/noaa/da/mpotts/sandbox/pgi_2019_openmpi_O_develop/esmf/src/Infrastructure/Field/src/ESMF_FieldRegrid.F90:3228
 5 0x0000000000daa0c4 esmf_fieldregridmod_getmeshwithnodesonfieldloc_()  /work/noaa/da/mpotts/sandbox/pgi_2019_openmpi_O_develop/esmf/src/Infrastructure/Field/src/ESMF_FieldRegrid.F90:1346
 6 0x0000000000da85ff esmf_fieldregridmod_esmf_fieldregridstorenx_()  /work/noaa/da/mpotts/sandbox/pgi_2019_openmpi_O_develop/esmf/src/Infrastructure/Field/src/ESMF_FieldRegrid.F90:971
 7 0x0000000000c8399a esmf_fieldbundlemod_esmf_fieldbundleregridstorepair_()  /work/noaa/da/mpotts/sandbox/pgi_2019_openmpi_O_develop/esmf/src/Infrastructure/FieldBundle/src/ESMF_FieldBundle.F90:16211
 8 0x0000000000c7fbe4 esmf_fieldbundlemod_esmf_fieldbundleregridstore_()  /work/noaa/da/mpotts/sandbox/pgi_2019_openmpi_O_develop/esmf/src/Infrastructure/FieldBundle/src/ESMF_FieldBundle.F90:15819
 9 0x000000000040aae8 con_computerh_()  /work/noaa/da/mpotts/sandbox/pgi_2019_openmpi_O_develop/nuopc-app-prototypes/AtmOcnConProto/conn.F90:160
10 0x000000000092e96c ESMCI::MethodElement::execute()  /work/noaa/da/mpotts/sandbox/pgi_2019_openmpi_O_develop/esmf/src/Superstructure/Component/src/ESMCI_MethodTable.C:377
11 0x000000000092e96c ESMCI::MethodTable::execute()  /work/noaa/da/mpotts/sandbox/pgi_2019_openmpi_O_develop/esmf/src/Superstructure/Component/src/ESMCI_MethodTable.C:563
12 0x000000000092b9e1 c_esmc_methodtableexecuteef_()  /work/noaa/da/mpotts/sandbox/pgi_2019_openmpi_O_develop/esmf/src/Superstructure/Component/src/ESMCI_MethodTable.C:347
13 0x0000000000b03380 esmf_attachmethodsmod_esmf_methodcplcompexecute_()  /work/noaa/da/mpotts/sandbox/pgi_2019_openmpi_O_develop/esmf/src/Superstructure/AttachMethods/src/ESMF_AttachMethods.F90:1197
14 0x000000000121fa3d nuopc_connector_initializeipdv05p6b_()  /work/noaa/da/mpotts/sandbox/pgi_2019_openmpi_O_develop/esmf/src/addon/NUOPC/src/NUOPC_Connector.F90:5359
15 0x0000000000657207 ESMCI::FTable::callVFuncPtr()  /work/noaa/da/mpotts/sandbox/pgi_2019_openmpi_O_develop/esmf/src/Superstructure/Component/src/ESMCI_FTable.C:2167
16 0x000000000065540a ESMCI_FTableCallEntryPointVMHop()  /work/noaa/da/mpotts/sandbox/pgi_2019_openmpi_O_develop/esmf/src/Superstructure/Component/src/ESMCI_FTable.C:824
17 0x0000000000a42368 ESMCI::VM::enter()  /work/noaa/da/mpotts/sandbox/pgi_2019_openmpi_O_develop/esmf/src/Infrastructure/VM/src/ESMCI_VM.C:1216
18 0x00000000006557e7 c_esmc_ftablecallentrypointvm_()  /work/noaa/da/mpotts/sandbox/pgi_2019_openmpi_O_develop/esmf/src/Superstructure/Component/src/ESMCI_FTable.C:981
19 0x0000000000c15ddd esmf_compmod_esmf_compexecute_()  /work/noaa/da/mpotts/sandbox/pgi_2019_openmpi_O_develop/esmf/src/Superstructure/Component/src/ESMF_Comp.F90:1223
20 0x0000000000c28021 esmf_cplcompmod_esmf_cplcompinitialize_()  /work/noaa/da/mpotts/sandbox/pgi_2019_openmpi_O_develop/esmf/src/Superstructure/Component/src/ESMF_CplComp.F90:1165
21 0x0000000001255984 nuopc_driver_loopconnectorcompss_()  /work/noaa/da/mpotts/sandbox/pgi_2019_openmpi_O_develop/esmf/src/addon/NUOPC/src/NUOPC_Driver.F90:3023
22 0x000000000124ced7 nuopc_driver_initializeipdv02p3_()  /work/noaa/da/mpotts/sandbox/pgi_2019_openmpi_O_develop/esmf/src/addon/NUOPC/src/NUOPC_Driver.F90:2110
23 0x000000000123b52a nuopc_driver_initializegeneric_()  /work/noaa/da/mpotts/sandbox/pgi_2019_openmpi_O_develop/esmf/src/addon/NUOPC/src/NUOPC_Driver.F90:479
24 0x0000000000657207 ESMCI::FTable::callVFuncPtr()  /work/noaa/da/mpotts/sandbox/pgi_2019_openmpi_O_develop/esmf/src/Superstructure/Component/src/ESMCI_FTable.C:2167
25 0x000000000065540a ESMCI_FTableCallEntryPointVMHop()  /work/noaa/da/mpotts/sandbox/pgi_2019_openmpi_O_develop/esmf/src/Superstructure/Component/src/ESMCI_FTable.C:824
[Orion-02-47:172251] Signal: Segmentation fault (11)
[Orion-02-47:172251] Signal code:  (-6)
[Orion-02-47:172251] Failing at address: 0x20e50002a0db
[Orion-02-47:172251] [ 0] /lib64/libpthread.so.0(+0xf5d0)[0x7f61ff8e65d0]
26 0x0000000000a42368 ESMCI::VM::enter()  /work/noaa/da/mpotts/sandbox/pgi_2019_openmpi_O_develop/esmf/src/Infrastructure/VM/src/ESMCI_VM.C:1216
27 0x00000000006557e7 c_esmc_ftablecallentrypointvm_()  /work/noaa/da/mpotts/sandbox/pgi_2019_openmpi_O_develop/esmf/src/Superstructure/Component/src/ESMCI_FTable.C:981
28 0x0000000000c15ddd esmf_compmod_esmf_compexecute_()  /work/noaa/da/mpotts/sandbox/pgi_2019_openmpi_O_develop/esmf/src/Superstructure/Component/src/ESMF_Comp.F90:1223
29 0x0000000000deee01 esmf_gridcompmod_esmf_gridcompinitialize_()  /work/noaa/da/mpotts/sandbox/pgi_2019_openmpi_O_develop/esmf/src/Superstructure/Component/src/ESMF_GridComp.F90:1412
30 0x0000000000406868 MAIN_()  /work/noaa/da/mpotts/sandbox/pgi_2019_openmpi_O_develop/nuopc-app-prototypes/AtmOcnConProto/esmApp.F90:57
31 0x00000000004064e3 main()  ???:0
32 0x0000000000022495 __libc_start_main()  ???:0
33 0x00000000004063e9 _start()  ???:0
=================================
[Orion-02-47:172249] *** Process received signal ***
[Orion-02-47:172249] Signal: Segmentation fault (11)
[Orion-02-47:172249] Signal code:  (-6)
[Orion-02-47:172249] Failing at address: 0x20e50002a0d9
[Orion-02-47:172251] [ 1] /work/noaa/da/mpotts/sandbox/pgi_2019_openmpi_O_develop/esmf/DEFAULTINSTALLDIR/lib/libO/Linux.pgi.64.openmpi.default/libesmf.so(_ZN5ESMCI6LogErr13MsgFoundErrorEiPKciS2_S2_Pi+0x33)[0x7f61fe07fc03]
[Orion-02-47:172249] [ 0] /lib64/libpthread.so.0(+0xf5d0)[0x7fdee397d5d0]
[Orion-02-47:172251] [ 2] /work/noaa/da/mpotts/sandbox/pgi_2019_openmpi_O_develop/esmf/DEFAULTINSTALLDIR/lib/libO/Linux.pgi.64.openmpi.default/libesmf.so(c_esmc_meshcreatenodedistgrid_+0xa1)[0x7f61fe1d7f01]
[Orion-02-47:172249] [ 1] /work/noaa/da/mpotts/sandbox/pgi_2019_openmpi_O_develop/esmf/DEFAULTINSTALLDIR/lib/libO/Linux.pgi.64.openmpi.default/libesmf.so(_ZN5ESMCI6LogErr13MsgFoundErrorEiPKciS2_S2_Pi+0x33)[0x7fdee2116c03]
[Orion-02-47:172249] [ 2] /work/noaa/da/mpotts/sandbox/pgi_2019_openmpi_O_develop/esmf/DEFAULTINSTALLDIR/lib/libO/Linux.pgi.64.openmpi.default/libesmf.so(c_esmc_meshcreatenodedistgrid_+0xa1)[0x7fdee226ef01]
[Orion-02-47:172251] [ 3] /work/noaa/da/mpotts/sandbox/pgi_2019_openmpi_O_develop/esmf/DEFAULTINSTALLDIR/lib/libO/Linux.pgi.64.openmpi.default/libesmf.so(esmf_meshmod_esmf_meshcreatefrompointer_+0x4c)[0x7f61fe8efa4c]
[Orion-02-47:172249] [ 3] /work/noaa/da/mpotts/sandbox/pgi_2019_openmpi_O_develop/esmf/DEFAULTINSTALLDIR/lib/libO/Linux.pgi.64.openmpi.default/libesmf.so(esmf_meshmod_esmf_meshcreatefrompointer_+0x4c)[0x7fdee2986a4c]
[Orion-02-47:172251] [ 4] /work/noaa/da/mpotts/sandbox/pgi_2019_openmpi_O_develop/esmf/DEFAULTINSTALLDIR/lib/libO/Linux.pgi.64.openmpi.default/libesmf.so(esmf_gridutilmod_esmf_gridtomesh_+0x352)[0x7f61fe7d0bc2]
[Orion-02-47:172249] [ 4] /work/noaa/da/mpotts/sandbox/pgi_2019_openmpi_O_develop/esmf/DEFAULTINSTALLDIR/lib/libO/Linux.pgi.64.openmpi.default/libesmf.so(esmf_gridutilmod_esmf_gridtomesh_+0x352)[0x7fdee2867bc2]
[Orion-02-47:172251] [ 5] /work/noaa/da/mpotts/sandbox/pgi_2019_openmpi_O_develop/esmf/DEFAULTINSTALLDIR/lib/libO/Linux.pgi.64.openmpi.default/libesmf.so(esmf_fieldregridmod_b_or_p_gridtomesh_+0x156)[0x7f61fe6f4c06]
[Orion-02-47:172249] [ 5] /work/noaa/da/mpotts/sandbox/pgi_2019_openmpi_O_develop/esmf/DEFAULTINSTALLDIR/lib/libO/Linux.pgi.64.openmpi.default/libesmf.so(esmf_fieldregridmod_b_or_p_gridtomesh_+0x156)[0x7fdee278bc06]
[Orion-02-47:172251] [ 6] /work/noaa/da/mpotts/sandbox/pgi_2019_openmpi_O_develop/esmf/DEFAULTINSTALLDIR/lib/libO/Linux.pgi.64.openmpi.default/libesmf.so(esmf_fieldregridmod_getmeshwithnodesonfieldloc_+0x394)[0x7f61fe6f20c4]
[Orion-02-47:172249] [ 6] /work/noaa/da/mpotts/sandbox/pgi_2019_openmpi_O_develop/esmf/DEFAULTINSTALLDIR/lib/libO/Linux.pgi.64.openmpi.default/libesmf.so(esmf_fieldregridmod_getmeshwithnodesonfieldloc_+0x394)[0x7fdee27890c4]
[Orion-02-47:172251] [ 7] /work/noaa/da/mpotts/sandbox/pgi_2019_openmpi_O_develop/esmf/DEFAULTINSTALLDIR/lib/libO/Linux.pgi.64.openmpi.default/libesmf.so(esmf_fieldregridmod_esmf_fieldregridstorenx_+0x9cf)[0x7f61fe6f05ff]
[Orion-02-47:172249] [ 7] /work/noaa/da/mpotts/sandbox/pgi_2019_openmpi_O_develop/esmf/DEFAULTINSTALLDIR/lib/libO/Linux.pgi.64.openmpi.default/libesmf.so(esmf_fieldregridmod_esmf_fieldregridstorenx_+0x9cf)[0x7fdee27875ff]
[Orion-02-47:172251] [ 8] /work/noaa/da/mpotts/sandbox/pgi_2019_openmpi_O_develop/esmf/DEFAULTINSTALLDIR/lib/libO/Linux.pgi.64.openmpi.default/libesmf.so(esmf_fieldbundlemod_esmf_fieldbundleregridstorepair_+0x3a1a)[0x7f61fe5cb99a]
[Orion-02-47:172249] [ 8] /work/noaa/da/mpotts/sandbox/pgi_2019_openmpi_O_develop/esmf/DEFAULTINSTALLDIR/lib/libO/Linux.pgi.64.openmpi.default/libesmf.so(esmf_fieldbundlemod_esmf_fieldbundleregridstorepair_+0x3a1a)[0x7fdee266299a]
[Orion-02-47:172251] [ 9] /work/noaa/da/mpotts/sandbox/pgi_2019_openmpi_O_develop/esmf/DEFAULTINSTALLDIR/lib/libO/Linux.pgi.64.openmpi.default/libesmf.so(esmf_fieldbundlemod_esmf_fieldbundleregridstore_+0x13c4)[0x7f61fe5c7be4]
[Orion-02-47:172251] [10] /work/noaa/da/mpotts/sandbox/pgi_2019_openmpi_O_develop/nuopc-app-prototypes/AtmOcnConProto/./esmApp[0x40aae8]
[Orion-02-47:172251] [11] /work/noaa/da/mpotts/sandbox/pgi_2019_openmpi_O_develop/esmf/DEFAULTINSTALLDIR/lib/libO/Linux.pgi.64.openmpi.default/libesmf.so(_ZN5ESMCI11MethodTable7executeESsPvPiPb+0x25c)[0x7f61fe27696c]
[Orion-02-47:172249] [ 9] /work/noaa/da/mpotts/sandbox/pgi_2019_openmpi_O_develop/esmf/DEFAULTINSTALLDIR/lib/libO/Linux.pgi.64.openmpi.default/libesmf.so(esmf_fieldbundlemod_esmf_fieldbundleregridstore_+0x13c4)[0x7fdee265ebe4]
[Orion-02-47:172249] [10] /work/noaa/da/mpotts/sandbox/pgi_2019_openmpi_O_develop/nuopc-app-prototypes/AtmOcnConProto/./esmApp[0x40aae8]
[Orion-02-47:172251] [12] /work/noaa/da/mpotts/sandbox/pgi_2019_openmpi_O_develop/esmf/DEFAULTINSTALLDIR/lib/libO/Linux.pgi.64.openmpi.default/libesmf.so(c_esmc_methodtableexecuteef_+0x1a1)[0x7f61fe2739e1]
[Orion-02-47:172249] [11] /work/noaa/da/mpotts/sandbox/pgi_2019_openmpi_O_develop/esmf/DEFAULTINSTALLDIR/lib/libO/Linux.pgi.64.openmpi.default/libesmf.so(_ZN5ESMCI11MethodTable7executeESsPvPiPb+0x25c)[0x7fdee230d96c]
[Orion-02-47:172249] [12] /work/noaa/da/mpotts/sandbox/pgi_2019_openmpi_O_develop/esmf/DEFAULTINSTALLDIR/lib/libO/Linux.pgi.64.openmpi.default/libesmf.so(c_esmc_methodtableexecuteef_+0x1a1)[0x7fdee230a9e1]
[Orion-02-47:172251] [13] /work/noaa/da/mpotts/sandbox/pgi_2019_openmpi_O_develop/esmf/DEFAULTINSTALLDIR/lib/libO/Linux.pgi.64.openmpi.default/libesmf.so(esmf_attachmethodsmod_esmf_methodcplcompexecute_+0xd0)[0x7f61fe44b380]
[Orion-02-47:172251] [14] /work/noaa/da/mpotts/sandbox/pgi_2019_openmpi_O_develop/esmf/DEFAULTINSTALLDIR/lib/libO/Linux.pgi.64.openmpi.default/libesmf.so(nuopc_connector_initializeipdv05p6b_+0x4c3d)[0x7f61feb67a3d]
[Orion-02-47:172249] [13] /work/noaa/da/mpotts/sandbox/pgi_2019_openmpi_O_develop/esmf/DEFAULTINSTALLDIR/lib/libO/Linux.pgi.64.openmpi.default/libesmf.so(esmf_attachmethodsmod_esmf_methodcplcompexecute_+0xd0)[0x7fdee24e2380]
[Orion-02-47:172251] [15] /work/noaa/da/mpotts/sandbox/pgi_2019_openmpi_O_develop/esmf/DEFAULTINSTALLDIR/lib/libO/Linux.pgi.64.openmpi.default/libesmf.so(_ZN5ESMCI6FTable12callVFuncPtrEPKcPNS_2VMEPi+0x417)[0x7f61fdf9f207]
[Orion-02-47:172249] [14] /work/noaa/da/mpotts/sandbox/pgi_2019_openmpi_O_develop/esmf/DEFAULTINSTALLDIR/lib/libO/Linux.pgi.64.openmpi.default/libesmf.so(nuopc_connector_initializeipdv05p6b_+0x4c3d)[0x7fdee2bfea3d]
[Orion-02-47:172251] [16] /work/noaa/da/mpotts/sandbox/pgi_2019_openmpi_O_develop/esmf/DEFAULTINSTALLDIR/lib/libO/Linux.pgi.64.openmpi.default/libesmf.so(ESMCI_FTableCallEntryPointVMHop+0x1ea)[0x7f61fdf9d40a]
[Orion-02-47:172249] [15] /work/noaa/da/mpotts/sandbox/pgi_2019_openmpi_O_develop/esmf/DEFAULTINSTALLDIR/lib/libO/Linux.pgi.64.openmpi.default/libesmf.so(_ZN5ESMCI6FTable12callVFuncPtrEPKcPNS_2VMEPi+0x417)[0x7fdee2036207]
[Orion-02-47:172249] [16] /work/noaa/da/mpotts/sandbox/pgi_2019_openmpi_O_develop/esmf/DEFAULTINSTALLDIR/lib/libO/Linux.pgi.64.openmpi.default/libesmf.so(ESMCI_FTableCallEntryPointVMHop+0x1ea)[0x7fdee203440a]
[Orion-02-47:172251] [17] /work/noaa/da/mpotts/sandbox/pgi_2019_openmpi_O_develop/esmf/DEFAULTINSTALLDIR/lib/libO/Linux.pgi.64.openmpi.default/libesmf.so(_ZN5ESMCI2VM5enterEPNS_6VMPlanEPvS3_+0x18)[0x7f61fe38a368]
[Orion-02-47:172251] [18] /work/noaa/da/mpotts/sandbox/pgi_2019_openmpi_O_develop/esmf/DEFAULTINSTALLDIR/lib/libO/Linux.pgi.64.openmpi.default/libesmf.so(c_esmc_ftablecallentrypointvm_+0x337)[0x7f61fdf9d7e7]
[Orion-02-47:172249] [17] /work/noaa/da/mpotts/sandbox/pgi_2019_openmpi_O_develop/esmf/DEFAULTINSTALLDIR/lib/libO/Linux.pgi.64.openmpi.default/libesmf.so(_ZN5ESMCI2VM5enterEPNS_6VMPlanEPvS3_+0x18)[0x7fdee2421368]
[Orion-02-47:172249] [18] /work/noaa/da/mpotts/sandbox/pgi_2019_openmpi_O_develop/esmf/DEFAULTINSTALLDIR/lib/libO/Linux.pgi.64.openmpi.default/libesmf.so(c_esmc_ftablecallentrypointvm_+0x337)[0x7fdee20347e7]
[Orion-02-47:172251] [19] /work/noaa/da/mpotts/sandbox/pgi_2019_openmpi_O_develop/esmf/DEFAULTINSTALLDIR/lib/libO/Linux.pgi.64.openmpi.default/libesmf.so(esmf_compmod_esmf_compexecute_+0x7ed)[0x7f61fe55dddd]
[Orion-02-47:172249] [19] /work/noaa/da/mpotts/sandbox/pgi_2019_openmpi_O_develop/esmf/DEFAULTINSTALLDIR/lib/libO/Linux.pgi.64.openmpi.default/libesmf.so(esmf_compmod_esmf_compexecute_+0x7ed)[0x7fdee25f4ddd]
[Orion-02-47:172251] [20] /work/noaa/da/mpotts/sandbox/pgi_2019_openmpi_O_develop/esmf/DEFAULTINSTALLDIR/lib/libO/Linux.pgi.64.openmpi.default/libesmf.so(esmf_cplcompmod_esmf_cplcompinitialize_+0x161)[0x7f61fe570021]
[Orion-02-47:172251] [21] /work/noaa/da/mpotts/sandbox/pgi_2019_openmpi_O_develop/esmf/DEFAULTINSTALLDIR/lib/libO/Linux.pgi.64.openmpi.default/libesmf.so(nuopc_driver_loopconnectorcompss_+0xeb4)[0x7f61feb9d984]
[Orion-02-47:172249] [20] /work/noaa/da/mpotts/sandbox/pgi_2019_openmpi_O_develop/esmf/DEFAULTINSTALLDIR/lib/libO/Linux.pgi.64.openmpi.default/libesmf.so(esmf_cplcompmod_esmf_cplcompinitialize_+0x161)[0x7fdee2607021]
[Orion-02-47:172251] [22] /work/noaa/da/mpotts/sandbox/pgi_2019_openmpi_O_develop/esmf/DEFAULTINSTALLDIR/lib/libO/Linux.pgi.64.openmpi.default/libesmf.so(nuopc_driver_initializeipdv02p3_+0x2f77)[0x7f61feb94ed7]
[Orion-02-47:172249] [21] /work/noaa/da/mpotts/sandbox/pgi_2019_openmpi_O_develop/esmf/DEFAULTINSTALLDIR/lib/libO/Linux.pgi.64.openmpi.default/libesmf.so(nuopc_driver_loopconnectorcompss_+0xeb4)[0x7fdee2c34984]
[Orion-02-47:172251] [23] /work/noaa/da/mpotts/sandbox/pgi_2019_openmpi_O_develop/esmf/DEFAULTINSTALLDIR/lib/libO/Linux.pgi.64.openmpi.default/libesmf.so(nuopc_driver_initializegeneric_+0x62a)[0x7f61feb8352a]
[Orion-02-47:172249] [22] /work/noaa/da/mpotts/sandbox/pgi_2019_openmpi_O_develop/esmf/DEFAULTINSTALLDIR/lib/libO/Linux.pgi.64.openmpi.default/libesmf.so(nuopc_driver_initializeipdv02p3_+0x2f77)[0x7fdee2c2bed7]
[Orion-02-47:172251] [24] /work/noaa/da/mpotts/sandbox/pgi_2019_openmpi_O_develop/esmf/DEFAULTINSTALLDIR/lib/libO/Linux.pgi.64.openmpi.default/libesmf.so(_ZN5ESMCI6FTable12callVFuncPtrEPKcPNS_2VMEPi+0x417)[0x7f61fdf9f207]
[Orion-02-47:172249] [23] /work/noaa/da/mpotts/sandbox/pgi_2019_openmpi_O_develop/esmf/DEFAULTINSTALLDIR/lib/libO/Linux.pgi.64.openmpi.default/libesmf.so(nuopc_driver_initializegeneric_+0x62a)[0x7fdee2c1a52a]
[Orion-02-47:172251] [25] /work/noaa/da/mpotts/sandbox/pgi_2019_openmpi_O_develop/esmf/DEFAULTINSTALLDIR/lib/libO/Linux.pgi.64.openmpi.default/libesmf.so(ESMCI_FTableCallEntryPointVMHop+0x1ea)[0x7f61fdf9d40a]
[Orion-02-47:172249] [24] /work/noaa/da/mpotts/sandbox/pgi_2019_openmpi_O_develop/esmf/DEFAULTINSTALLDIR/lib/libO/Linux.pgi.64.openmpi.default/libesmf.so(_ZN5ESMCI6FTable12callVFuncPtrEPKcPNS_2VMEPi+0x417)[0x7fdee2036207]
[Orion-02-47:172249] [25] /work/noaa/da/mpotts/sandbox/pgi_2019_openmpi_O_develop/esmf/DEFAULTINSTALLDIR/lib/libO/Linux.pgi.64.openmpi.default/libesmf.so(ESMCI_FTableCallEntryPointVMHop+0x1ea)[0x7fdee203440a]
[Orion-02-47:172251] [26] /work/noaa/da/mpotts/sandbox/pgi_2019_openmpi_O_develop/esmf/DEFAULTINSTALLDIR/lib/libO/Linux.pgi.64.openmpi.default/libesmf.so(_ZN5ESMCI2VM5enterEPNS_6VMPlanEPvS3_+0x18)[0x7f61fe38a368]
[Orion-02-47:172251] [27] /work/noaa/da/mpotts/sandbox/pgi_2019_openmpi_O_develop/esmf/DEFAULTINSTALLDIR/lib/libO/Linux.pgi.64.openmpi.default/libesmf.so(c_esmc_ftablecallentrypointvm_+0x337)[0x7f61fdf9d7e7]
[Orion-02-47:172249] [26] /work/noaa/da/mpotts/sandbox/pgi_2019_openmpi_O_develop/esmf/DEFAULTINSTALLDIR/lib/libO/Linux.pgi.64.openmpi.default/libesmf.so(_ZN5ESMCI2VM5enterEPNS_6VMPlanEPvS3_+0x18)[0x7fdee2421368]
[Orion-02-47:172249] [27] /work/noaa/da/mpotts/sandbox/pgi_2019_openmpi_O_develop/esmf/DEFAULTINSTALLDIR/lib/libO/Linux.pgi.64.openmpi.default/libesmf.so(c_esmc_ftablecallentrypointvm_+0x337)[0x7fdee20347e7]
[Orion-02-47:172251] [28] /work/noaa/da/mpotts/sandbox/pgi_2019_openmpi_O_develop/esmf/DEFAULTINSTALLDIR/lib/libO/Linux.pgi.64.openmpi.default/libesmf.so(esmf_compmod_esmf_compexecute_+0x7ed)[0x7f61fe55dddd]
[Orion-02-47:172249] [28] /work/noaa/da/mpotts/sandbox/pgi_2019_openmpi_O_develop/esmf/DEFAULTINSTALLDIR/lib/libO/Linux.pgi.64.openmpi.default/libesmf.so(esmf_compmod_esmf_compexecute_+0x7ed)[0x7fdee25f4ddd]
[Orion-02-47:172251] [29] /work/noaa/da/mpotts/sandbox/pgi_2019_openmpi_O_develop/esmf/DEFAULTINSTALLDIR/lib/libO/Linux.pgi.64.openmpi.default/libesmf.so(esmf_gridcompmod_esmf_gridcompinitialize_+0x161)[0x7f61fe736e01]
[Orion-02-47:172251] *** End of error message ***
[Orion-02-47:172249] [29] /work/noaa/da/mpotts/sandbox/pgi_2019_openmpi_O_develop/esmf/DEFAULTINSTALLDIR/lib/libO/Linux.pgi.64.openmpi.default/libesmf.so(esmf_gridcompmod_esmf_gridcompinitialize_+0x161)[0x7fdee27cde01]
[Orion-02-47:172249] *** End of error message ***
srun: error: Orion-02-47: tasks 0-3: Segmentation fault
srun: launch/slurm: _step_signal: Terminating StepId=9436110.345
