2023-03-21 03:04:25
[Orion-04-70:387672:0:387672] Caught signal 11 (Segmentation fault: address not mapped to object at address 0x4f1b591)
[Orion-04-70:387673:0:387673] Caught signal 11 (Segmentation fault: address not mapped to object at address 0x4f1b591)
[Orion-04-70:387675:0:387675] Caught signal 11 (Segmentation fault: address not mapped to object at address 0x4f1b591)

/work/noaa/da/mpotts/sandbox/pgi_2019_openmpi_O_develop/esmf/src/Infrastructure/LogErr/src/ESMCI_LogErr.C: [ ESMCI::LogErr::MsgFoundError() ]
      ...
      583 {
      584     bool result=false;
      585 #ifdef ESMC_SUCCESSDEFAULT_ON
==>   586     if (rcToReturn != ESMC_NULL_POINTER) *rcToReturn=ESMF_SUCCESS;
      587 #endif
      588     if (trace) {
      589         Write(ESMC_METHOD,ESMC_LOGMSG_TRACE,


/work/noaa/da/mpotts/sandbox/pgi_2019_openmpi_O_develop/esmf/src/Infrastructure/LogErr/src/ESMCI_LogErr.C: [ ESMCI::LogErr::MsgFoundError() ]
      ...
      583 {
      584     bool result=false;
      585 #ifdef ESMC_SUCCESSDEFAULT_ON
==>   586     if (rcToReturn != ESMC_NULL_POINTER) *rcToReturn=ESMF_SUCCESS;
      587 #endif
      588     if (trace) {
      589         Write(ESMC_METHOD,ESMC_LOGMSG_TRACE,


/work/noaa/da/mpotts/sandbox/pgi_2019_openmpi_O_develop/esmf/src/Infrastructure/LogErr/src/ESMCI_LogErr.C: [ ESMCI::LogErr::MsgFoundError() ]
      ...
      583 {
      584     bool result=false;
      585 #ifdef ESMC_SUCCESSDEFAULT_ON
==>   586     if (rcToReturn != ESMC_NULL_POINTER) *rcToReturn=ESMF_SUCCESS;
      587 #endif
      588     if (trace) {
      589         Write(ESMC_METHOD,ESMC_LOGMSG_TRACE,

==== backtrace (tid: 387672) ====
 0 0x0000000000737c03 ESMCI::LogErr::MsgFoundError()  /work/noaa/da/mpotts/sandbox/pgi_2019_openmpi_O_develop/esmf/src/Infrastructure/LogErr/src/ESMCI_LogErr.C:586
 1 0x000000000088ff01 c_esmc_meshcreatenodedistgrid_()  /work/noaa/da/mpotts/sandbox/pgi_2019_openmpi_O_develop/esmf/src/Infrastructure/Mesh/interface/ESMCI_Mesh_F.C:248
 2 0x0000000000fa7a4c esmf_meshmod_esmf_meshcreatefrompointer_()  /work/noaa/da/mpotts/sandbox/pgi_2019_openmpi_O_develop/esmf/src/Infrastructure/Mesh/interface/ESMF_Mesh.F90:3091
 3 0x0000000000e88bc2 esmf_gridutilmod_esmf_gridtomesh_()  /work/noaa/da/mpotts/sandbox/pgi_2019_openmpi_O_develop/esmf/src/Infrastructure/GridUtil/interface/ESMF_GridUtil.F90:453
 4 0x0000000000dacc06 esmf_fieldregridmod_b_or_p_gridtomesh_()  /work/noaa/da/mpotts/sandbox/pgi_2019_openmpi_O_develop/esmf/src/Infrastructure/Field/src/ESMF_FieldRegrid.F90:3228
 5 0x0000000000daa0c4 esmf_fieldregridmod_getmeshwithnodesonfieldloc_()  /work/noaa/da/mpotts/sandbox/pgi_2019_openmpi_O_develop/esmf/src/Infrastructure/Field/src/ESMF_FieldRegrid.F90:1346
 6 0x0000000000da85ff esmf_fieldregridmod_esmf_fieldregridstorenx_()  /work/noaa/da/mpotts/sandbox/pgi_2019_openmpi_O_develop/esmf/src/Infrastructure/Field/src/ESMF_FieldRegrid.F90:971
 7 0x0000000000c8399a esmf_fieldbundlemod_esmf_fieldbundleregridstorepair_()  /work/noaa/da/mpotts/sandbox/pgi_2019_openmpi_O_develop/esmf/src/Infrastructure/FieldBundle/src/ESMF_FieldBundle.F90:16211
 8 0x0000000001235d62 nuopc_connector_fieldbundlecplstore_()  /work/noaa/da/mpotts/sandbox/pgi_2019_openmpi_O_develop/esmf/src/addon/NUOPC/src/NUOPC_Connector.F90:7714
 9 0x000000000121fd76 nuopc_connector_initializeipdv05p6b_()  /work/noaa/da/mpotts/sandbox/pgi_2019_openmpi_O_develop/esmf/src/addon/NUOPC/src/NUOPC_Connector.F90:5386
10 0x0000000000657207 ESMCI::FTable::callVFuncPtr()  /work/noaa/da/mpotts/sandbox/pgi_2019_openmpi_O_develop/esmf/src/Superstructure/Component/src/ESMCI_FTable.C:2167
11 0x000000000065540a ESMCI_FTableCallEntryPointVMHop()  /work/noaa/da/mpotts/sandbox/pgi_2019_openmpi_O_develop/esmf/src/Superstructure/Component/src/ESMCI_FTable.C:824
12 0x0000000000a42368 ESMCI::VM::enter()  /work/noaa/da/mpotts/sandbox/pgi_2019_openmpi_O_develop/esmf/src/Infrastructure/VM/src/ESMCI_VM.C:1216
13 0x00000000006557e7 c_esmc_ftablecallentrypointvm_()  /work/noaa/da/mpotts/sandbox/pgi_2019_openmpi_O_develop/esmf/src/Superstructure/Component/src/ESMCI_FTable.C:981
14 0x0000000000c15ddd esmf_compmod_esmf_compexecute_()  /work/noaa/da/mpotts/sandbox/pgi_2019_openmpi_O_develop/esmf/src/Superstructure/Component/src/ESMF_Comp.F90:1223
15 0x0000000000c28021 esmf_cplcompmod_esmf_cplcompinitialize_()  /work/noaa/da/mpotts/sandbox/pgi_2019_openmpi_O_develop/esmf/src/Superstructure/Component/src/ESMF_CplComp.F90:1165
16 0x0000000001255984 nuopc_driver_loopconnectorcompss_()  /work/noaa/da/mpotts/sandbox/pgi_2019_openmpi_O_develop/esmf/src/addon/NUOPC/src/NUOPC_Driver.F90:3023
17 0x000000000124ced7 nuopc_driver_initializeipdv02p3_()  /work/noaa/da/mpotts/sandbox/pgi_2019_openmpi_O_develop/esmf/src/addon/NUOPC/src/NUOPC_Driver.F90:2110
18 0x000000000123b52a nuopc_driver_initializegeneric_()  /work/noaa/da/mpotts/sandbox/pgi_2019_openmpi_O_develop/esmf/src/addon/NUOPC/src/NUOPC_Driver.F90:479
19 0x0000000000657207 ESMCI::FTable::callVFuncPtr()  /work/noaa/da/mpotts/sandbox/pgi_2019_openmpi_O_develop/esmf/src/Superstructure/Component/src/ESMCI_FTable.C:2167
20 0x000000000065540a ESMCI_FTableCallEntryPointVMHop()  /work/noaa/da/mpotts/sandbox/pgi_2019_openmpi_O_develop/esmf/src/Superstructure/Component/src/ESMCI_FTable.C:824
21 0x0000000000a42368 ESMCI::VM::enter()  /work/noaa/da/mpotts/sandbox/pgi_2019_openmpi_O_develop/esmf/src/Infrastructure/VM/src/ESMCI_VM.C:1216
22 0x00000000006557e7 c_esmc_ftablecallentrypointvm_()  /work/noaa/da/mpotts/sandbox/pgi_2019_openmpi_O_develop/esmf/src/Superstructure/Component/src/ESMCI_FTable.C:981
23 0x0000000000c15ddd esmf_compmod_esmf_compexecute_()  /work/noaa/da/mpotts/sandbox/pgi_2019_openmpi_O_develop/esmf/src/Superstructure/Component/src/ESMF_Comp.F90:1223
24 0x0000000000deee01 esmf_gridcompmod_esmf_gridcompinitialize_()  /work/noaa/da/mpotts/sandbox/pgi_2019_openmpi_O_develop/esmf/src/Superstructure/Component/src/ESMF_GridComp.F90:1412
25 0x000000000040600d MAIN_()  /work/noaa/da/mpotts/sandbox/pgi_2019_openmpi_O_develop/nuopc-app-prototypes/AtmOcnIceSimpleImplicitProto/esmApp.F90:58
26 0x0000000000405c83 main()  ???:0
27 0x0000000000022495 __libc_start_main()  ???:0
28 0x0000000000405b89 _start()  ???:0
=================================
[Orion-04-70:387672] *** Process received signal ***
[Orion-04-70:387672] Signal: Segmentation fault (11)
[Orion-04-70:387672] Signal code:  (-6)
[Orion-04-70:387672] Failing at address: 0x20e50005ea58
[Orion-04-70:387672] [ 0] /lib64/libpthread.so.0(+0xf5d0)[0x7fe4807385d0]
[Orion-04-70:387672] [ 1] /work/noaa/da/mpotts/sandbox/pgi_2019_openmpi_O_develop/esmf/DEFAULTINSTALLDIR/lib/libO/Linux.pgi.64.openmpi.default/libesmf.so(_ZN5ESMCI6LogErr13MsgFoundErrorEiPKciS2_S2_Pi+0x33)[0x7fe47eed1c03]
[Orion-04-70:387672] [ 2] /work/noaa/da/mpotts/sandbox/pgi_2019_openmpi_O_develop/esmf/DEFAULTINSTALLDIR/lib/libO/Linux.pgi.64.openmpi.default/libesmf.so(c_esmc_meshcreatenodedistgrid_+0xa1)[0x7fe47f029f01]
[Orion-04-70:387672] [ 3] /work/noaa/da/mpotts/sandbox/pgi_2019_openmpi_O_develop/esmf/DEFAULTINSTALLDIR/lib/libO/Linux.pgi.64.openmpi.default/libesmf.so(esmf_meshmod_esmf_meshcreatefrompointer_+0x4c)[0x7fe47f741a4c]
[Orion-04-70:387672] [ 4] /work/noaa/da/mpotts/sandbox/pgi_2019_openmpi_O_develop/esmf/DEFAULTINSTALLDIR/lib/libO/Linux.pgi.64.openmpi.default/libesmf.so(esmf_gridutilmod_esmf_gridtomesh_+0x352)[0x7fe47f622bc2]
[Orion-04-70:387672] [ 5] /work/noaa/da/mpotts/sandbox/pgi_2019_openmpi_O_develop/esmf/DEFAULTINSTALLDIR/lib/libO/Linux.pgi.64.openmpi.default/libesmf.so(esmf_fieldregridmod_b_or_p_gridtomesh_+0x156)[0x7fe47f546c06]
[Orion-04-70:387672] [ 6] /work/noaa/da/mpotts/sandbox/pgi_2019_openmpi_O_develop/esmf/DEFAULTINSTALLDIR/lib/libO/Linux.pgi.64.openmpi.default/libesmf.so(esmf_fieldregridmod_getmeshwithnodesonfieldloc_+0x394)[0x7fe47f5440c4]
[Orion-04-70:387672] [ 7] /work/noaa/da/mpotts/sandbox/pgi_2019_openmpi_O_develop/esmf/DEFAULTINSTALLDIR/lib/libO/Linux.pgi.64.openmpi.default/libesmf.so(esmf_fieldregridmod_esmf_fieldregridstorenx_+0x9cf)[0x7fe47f5425ff]
[Orion-04-70:387672] [ 8] /work/noaa/da/mpotts/sandbox/pgi_2019_openmpi_O_develop/esmf/DEFAULTINSTALLDIR/lib/libO/Linux.pgi.64.openmpi.default/libesmf.so(esmf_fieldbundlemod_esmf_fieldbundleregridstorepair_+0x3a1a)[0x7fe47f41d99a]
[Orion-04-70:387672] [ 9] /work/noaa/da/mpotts/sandbox/pgi_2019_openmpi_O_develop/esmf/DEFAULTINSTALLDIR/lib/libO/Linux.pgi.64.openmpi.default/libesmf.so(nuopc_connector_fieldbundlecplstore_+0x90d2)[0x7fe47f9cfd62]
[Orion-04-70:387672] [10] /work/noaa/da/mpotts/sandbox/pgi_2019_openmpi_O_develop/esmf/DEFAULTINSTALLDIR/lib/libO/Linux.pgi.64.openmpi.default/libesmf.so(nuopc_connector_initializeipdv05p6b_+0x4f76)[0x7fe47f9b9d76]
[Orion-04-70:387672] [11] /work/noaa/da/mpotts/sandbox/pgi_2019_openmpi_O_develop/esmf/DEFAULTINSTALLDIR/lib/libO/Linux.pgi.64.openmpi.default/libesmf.so(_ZN5ESMCI6FTable12callVFuncPtrEPKcPNS_2VMEPi+0x417)[0x7fe47edf1207]
[Orion-04-70:387672] [12] /work/noaa/da/mpotts/sandbox/pgi_2019_openmpi_O_develop/esmf/DEFAULTINSTALLDIR/lib/libO/Linux.pgi.64.openmpi.default/libesmf.so(ESMCI_FTableCallEntryPointVMHop+0x1ea)[0x7fe47edef40a]
[Orion-04-70:387672] [13] /work/noaa/da/mpotts/sandbox/pgi_2019_openmpi_O_develop/esmf/DEFAULTINSTALLDIR/lib/libO/Linux.pgi.64.openmpi.default/libesmf.so(_ZN5ESMCI2VM5enterEPNS_6VMPlanEPvS3_+0x18)[0x7fe47f1dc368]
[Orion-04-70:387672] [14] /work/noaa/da/mpotts/sandbox/pgi_2019_openmpi_O_develop/esmf/DEFAULTINSTALLDIR/lib/libO/Linux.pgi.64.openmpi.default/libesmf.so(c_esmc_ftablecallentrypointvm_+0x337)[0x7fe47edef7e7]
[Orion-04-70:387672] [15] /work/noaa/da/mpotts/sandbox/pgi_2019_openmpi_O_develop/esmf/DEFAULTINSTALLDIR/lib/libO/Linux.pgi.64.openmpi.default/libesmf.so(esmf_compmod_esmf_compexecute_+0x7ed)[0x7fe47f3afddd]
[Orion-04-70:387672] [16] /work/noaa/da/mpotts/sandbox/pgi_2019_openmpi_O_develop/esmf/DEFAULTINSTALLDIR/lib/libO/Linux.pgi.64.openmpi.default/libesmf.so(esmf_cplcompmod_esmf_cplcompinitialize_+0x161)[0x7fe47f3c2021]
[Orion-04-70:387672] [17] /work/noaa/da/mpotts/sandbox/pgi_2019_openmpi_O_develop/esmf/DEFAULTINSTALLDIR/lib/libO/Linux.pgi.64.openmpi.default/libesmf.so(nuopc_driver_loopconnectorcompss_+0xeb4)[0x7fe47f9ef984]
[Orion-04-70:387672] [18] /work/noaa/da/mpotts/sandbox/pgi_2019_openmpi_O_develop/esmf/DEFAULTINSTALLDIR/lib/libO/Linux.pgi.64.openmpi.default/libesmf.so(nuopc_driver_initializeipdv02p3_+0x2f77)[0x7fe47f9e6ed7]
[Orion-04-70:387672] [19] /work/noaa/da/mpotts/sandbox/pgi_2019_openmpi_O_develop/esmf/DEFAULTINSTALLDIR/lib/libO/Linux.pgi.64.openmpi.default/libesmf.so(nuopc_driver_initializegeneric_+0x62a)[0x7fe47f9d552a]
[Orion-04-70:387672] [20] /work/noaa/da/mpotts/sandbox/pgi_2019_openmpi_O_develop/esmf/DEFAULTINSTALLDIR/lib/libO/Linux.pgi.64.openmpi.default/libesmf.so(_ZN5ESMCI6FTable12callVFuncPtrEPKcPNS_2VMEPi+0x417)[0x7fe47edf1207]
[Orion-04-70:387672] [21] /work/noaa/da/mpotts/sandbox/pgi_2019_openmpi_O_develop/esmf/DEFAULTINSTALLDIR/lib/libO/Linux.pgi.64.openmpi.default/libesmf.so(ESMCI_FTableCallEntryPointVMHop+0x1ea)[0x7fe47edef40a]
[Orion-04-70:387672] [22] /work/noaa/da/mpotts/sandbox/pgi_2019_openmpi_O_develop/esmf/DEFAULTINSTALLDIR/lib/libO/Linux.pgi.64.openmpi.default/libesmf.so(_ZN5ESMCI2VM5enterEPNS_6VMPlanEPvS3_+0x18)[0x7fe47f1dc368]
[Orion-04-70:387672] [23] /work/noaa/da/mpotts/sandbox/pgi_2019_openmpi_O_develop/esmf/DEFAULTINSTALLDIR/lib/libO/Linux.pgi.64.openmpi.default/libesmf.so(c_esmc_ftablecallentrypointvm_+0x337)[0x7fe47edef7e7]
[Orion-04-70:387672] [24] /work/noaa/da/mpotts/sandbox/pgi_2019_openmpi_O_develop/esmf/DEFAULTINSTALLDIR/lib/libO/Linux.pgi.64.openmpi.default/libesmf.so(esmf_compmod_esmf_compexecute_+0x7ed)[0x7fe47f3afddd]
[Orion-04-70:387672] [25] /work/noaa/da/mpotts/sandbox/pgi_2019_openmpi_O_develop/esmf/DEFAULTINSTALLDIR/lib/libO/Linux.pgi.64.openmpi.default/libesmf.so(esmf_gridcompmod_esmf_gridcompinitialize_+0x161)[0x7fe47f588e01]
[Orion-04-70:387672] [26] /work/noaa/da/mpotts/sandbox/pgi_2019_openmpi_O_develop/nuopc-app-prototypes/AtmOcnIceSimpleImplicitProto/./esmApp[0x40600d]
[Orion-04-70:387672] [27] /work/noaa/da/mpotts/sandbox/pgi_2019_openmpi_O_develop/nuopc-app-prototypes/AtmOcnIceSimpleImplicitProto/./esmApp[0x405c83]
[Orion-04-70:387672] [28] /lib64/libc.so.6(__libc_start_main+0xf5)[0x7fe47abe7495]
[Orion-04-70:387672] [29] /work/noaa/da/mpotts/sandbox/pgi_2019_openmpi_O_develop/nuopc-app-prototypes/AtmOcnIceSimpleImplicitProto/./esmApp[0x405b89]
[Orion-04-70:387672] *** End of error message ***
==== backtrace (tid: 387673) ====
 0 0x0000000000737c03 ESMCI::LogErr::MsgFoundError()  /work/noaa/da/mpotts/sandbox/pgi_2019_openmpi_O_develop/esmf/src/Infrastructure/LogErr/src/ESMCI_LogErr.C:586
 1 0x000000000088ff01 c_esmc_meshcreatenodedistgrid_()  /work/noaa/da/mpotts/sandbox/pgi_2019_openmpi_O_develop/esmf/src/Infrastructure/Mesh/interface/ESMCI_Mesh_F.C:248
 2 0x0000000000fa7a4c esmf_meshmod_esmf_meshcreatefrompointer_()  /work/noaa/da/mpotts/sandbox/pgi_2019_openmpi_O_develop/esmf/src/Infrastructure/Mesh/interface/ESMF_Mesh.F90:3091
 3 0x0000000000e88bc2 esmf_gridutilmod_esmf_gridtomesh_()  /work/noaa/da/mpotts/sandbox/pgi_2019_openmpi_O_develop/esmf/src/Infrastructure/GridUtil/interface/ESMF_GridUtil.F90:453
 4 0x0000000000dacc06 esmf_fieldregridmod_b_or_p_gridtomesh_()  /work/noaa/da/mpotts/sandbox/pgi_2019_openmpi_O_develop/esmf/src/Infrastructure/Field/src/ESMF_FieldRegrid.F90:3228
 5 0x0000000000daa0c4 esmf_fieldregridmod_getmeshwithnodesonfieldloc_()  /work/noaa/da/mpotts/sandbox/pgi_2019_openmpi_O_develop/esmf/src/Infrastructure/Field/src/ESMF_FieldRegrid.F90:1346
 6 0x0000000000da85ff esmf_fieldregridmod_esmf_fieldregridstorenx_()  /work/noaa/da/mpotts/sandbox/pgi_2019_openmpi_O_develop/esmf/src/Infrastructure/Field/src/ESMF_FieldRegrid.F90:971
 7 0x0000000000c8399a esmf_fieldbundlemod_esmf_fieldbundleregridstorepair_()  /work/noaa/da/mpotts/sandbox/pgi_2019_openmpi_O_develop/esmf/src/Infrastructure/FieldBundle/src/ESMF_FieldBundle.F90:16211
 8 0x0000000001235d62 nuopc_connector_fieldbundlecplstore_()  /work/noaa/da/mpotts/sandbox/pgi_2019_openmpi_O_develop/esmf/src/addon/NUOPC/src/NUOPC_Connector.F90:7714
 9 0x000000000121fd76 nuopc_connector_initializeipdv05p6b_()  /work/noaa/da/mpotts/sandbox/pgi_2019_openmpi_O_develop/esmf/src/addon/NUOPC/src/NUOPC_Connector.F90:5386
10 0x0000000000657207 ESMCI::FTable::callVFuncPtr()  /work/noaa/da/mpotts/sandbox/pgi_2019_openmpi_O_develop/esmf/src/Superstructure/Component/src/ESMCI_FTable.C:2167
11 0x000000000065540a ESMCI_FTableCallEntryPointVMHop()  /work/noaa/da/mpotts/sandbox/pgi_2019_openmpi_O_develop/esmf/src/Superstructure/Component/src/ESMCI_FTable.C:824
12 0x0000000000a42368 ESMCI::VM::enter()  /work/noaa/da/mpotts/sandbox/pgi_2019_openmpi_O_develop/esmf/src/Infrastructure/VM/src/ESMCI_VM.C:1216
13 0x00000000006557e7 c_esmc_ftablecallentrypointvm_()  /work/noaa/da/mpotts/sandbox/pgi_2019_openmpi_O_develop/esmf/src/Superstructure/Component/src/ESMCI_FTable.C:981
14 0x0000000000c15ddd esmf_compmod_esmf_compexecute_()  /work/noaa/da/mpotts/sandbox/pgi_2019_openmpi_O_develop/esmf/src/Superstructure/Component/src/ESMF_Comp.F90:1223
15 0x0000000000c28021 esmf_cplcompmod_esmf_cplcompinitialize_()  /work/noaa/da/mpotts/sandbox/pgi_2019_openmpi_O_develop/esmf/src/Superstructure/Component/src/ESMF_CplComp.F90:1165
16 0x0000000001255984 nuopc_driver_loopconnectorcompss_()  /work/noaa/da/mpotts/sandbox/pgi_2019_openmpi_O_develop/esmf/src/addon/NUOPC/src/NUOPC_Driver.F90:3023
17 0x000000000124ced7 nuopc_driver_initializeipdv02p3_()  /work/noaa/da/mpotts/sandbox/pgi_2019_openmpi_O_develop/esmf/src/addon/NUOPC/src/NUOPC_Driver.F90:2110
18 0x000000000123b52a nuopc_driver_initializegeneric_()  /work/noaa/da/mpotts/sandbox/pgi_2019_openmpi_O_develop/esmf/src/addon/NUOPC/src/NUOPC_Driver.F90:479
19 0x0000000000657207 ESMCI::FTable::callVFuncPtr()  /work/noaa/da/mpotts/sandbox/pgi_2019_openmpi_O_develop/esmf/src/Superstructure/Component/src/ESMCI_FTable.C:2167
20 0x000000000065540a ESMCI_FTableCallEntryPointVMHop()  /work/noaa/da/mpotts/sandbox/pgi_2019_openmpi_O_develop/esmf/src/Superstructure/Component/src/ESMCI_FTable.C:824
21 0x0000000000a42368 ESMCI::VM::enter()  /work/noaa/da/mpotts/sandbox/pgi_2019_openmpi_O_develop/esmf/src/Infrastructure/VM/src/ESMCI_VM.C:1216
22 0x00000000006557e7 c_esmc_ftablecallentrypointvm_()  /work/noaa/da/mpotts/sandbox/pgi_2019_openmpi_O_develop/esmf/src/Superstructure/Component/src/ESMCI_FTable.C:981
23 0x0000000000c15ddd esmf_compmod_esmf_compexecute_()  /work/noaa/da/mpotts/sandbox/pgi_2019_openmpi_O_develop/esmf/src/Superstructure/Component/src/ESMF_Comp.F90:1223
24 0x0000000000deee01 esmf_gridcompmod_esmf_gridcompinitialize_()  /work/noaa/da/mpotts/sandbox/pgi_2019_openmpi_O_develop/esmf/src/Superstructure/Component/src/ESMF_GridComp.F90:1412
25 0x000000000040600d MAIN_()  /work/noaa/da/mpotts/sandbox/pgi_2019_openmpi_O_develop/nuopc-app-prototypes/AtmOcnIceSimpleImplicitProto/esmApp.F90:58
26 0x0000000000405c83 main()  ???:0
27 0x0000000000022495 __libc_start_main()  ???:0
28 0x0000000000405b89 _start()  ???:0
=================================
[Orion-04-70:387673] *** Process received signal ***
[Orion-04-70:387673] Signal: Segmentation fault (11)
[Orion-04-70:387673] Signal code:  (-6)
[Orion-04-70:387673] Failing at address: 0x20e50005ea59
[Orion-04-70:387673] [ 0] /lib64/libpthread.so.0(+0xf5d0)[0x7f303bc165d0]
[Orion-04-70:387673] [ 1] /work/noaa/da/mpotts/sandbox/pgi_2019_openmpi_O_develop/esmf/DEFAULTINSTALLDIR/lib/libO/Linux.pgi.64.openmpi.default/libesmf.so(_ZN5ESMCI6LogErr13MsgFoundErrorEiPKciS2_S2_Pi+0x33)[0x7f303a3afc03]
[Orion-04-70:387673] [ 2] /work/noaa/da/mpotts/sandbox/pgi_2019_openmpi_O_develop/esmf/DEFAULTINSTALLDIR/lib/libO/Linux.pgi.64.openmpi.default/libesmf.so(c_esmc_meshcreatenodedistgrid_+0xa1)[0x7f303a507f01]
[Orion-04-70:387673] [ 3] /work/noaa/da/mpotts/sandbox/pgi_2019_openmpi_O_develop/esmf/DEFAULTINSTALLDIR/lib/libO/Linux.pgi.64.openmpi.default/libesmf.so(esmf_meshmod_esmf_meshcreatefrompointer_+0x4c)[0x7f303ac1fa4c]
[Orion-04-70:387673] [ 4] /work/noaa/da/mpotts/sandbox/pgi_2019_openmpi_O_develop/esmf/DEFAULTINSTALLDIR/lib/libO/Linux.pgi.64.openmpi.default/libesmf.so(esmf_gridutilmod_esmf_gridtomesh_+0x352)[0x7f303ab00bc2]
[Orion-04-70:387673] [ 5] /work/noaa/da/mpotts/sandbox/pgi_2019_openmpi_O_develop/esmf/DEFAULTINSTALLDIR/lib/libO/Linux.pgi.64.openmpi.default/libesmf.so(esmf_fieldregridmod_b_or_p_gridtomesh_+0x156)[0x7f303aa24c06]
[Orion-04-70:387673] [ 6] /work/noaa/da/mpotts/sandbox/pgi_2019_openmpi_O_develop/esmf/DEFAULTINSTALLDIR/lib/libO/Linux.pgi.64.openmpi.default/libesmf.so(esmf_fieldregridmod_getmeshwithnodesonfieldloc_+0x394)[0x7f303aa220c4]
[Orion-04-70:387673] [ 7] /work/noaa/da/mpotts/sandbox/pgi_2019_openmpi_O_develop/esmf/DEFAULTINSTALLDIR/lib/libO/Linux.pgi.64.openmpi.default/libesmf.so(esmf_fieldregridmod_esmf_fieldregridstorenx_+0x9cf)[0x7f303aa205ff]
[Orion-04-70:387673] [ 8] /work/noaa/da/mpotts/sandbox/pgi_2019_openmpi_O_develop/esmf/DEFAULTINSTALLDIR/lib/libO/Linux.pgi.64.openmpi.default/libesmf.so(esmf_fieldbundlemod_esmf_fieldbundleregridstorepair_+0x3a1a)[0x7f303a8fb99a]
[Orion-04-70:387673] [ 9] /work/noaa/da/mpotts/sandbox/pgi_2019_openmpi_O_develop/esmf/DEFAULTINSTALLDIR/lib/libO/Linux.pgi.64.openmpi.default/libesmf.so(nuopc_connector_fieldbundlecplstore_+0x90d2)[0x7f303aeadd62]
[Orion-04-70:387673] [10] /work/noaa/da/mpotts/sandbox/pgi_2019_openmpi_O_develop/esmf/DEFAULTINSTALLDIR/lib/libO/Linux.pgi.64.openmpi.default/libesmf.so(nuopc_connector_initializeipdv05p6b_+0x4f76)[0x7f303ae97d76]
[Orion-04-70:387673] [11] /work/noaa/da/mpotts/sandbox/pgi_2019_openmpi_O_develop/esmf/DEFAULTINSTALLDIR/lib/libO/Linux.pgi.64.openmpi.default/libesmf.so(_ZN5ESMCI6FTable12callVFuncPtrEPKcPNS_2VMEPi+0x417)[0x7f303a2cf207]
[Orion-04-70:387673] [12] /work/noaa/da/mpotts/sandbox/pgi_2019_openmpi_O_develop/esmf/DEFAULTINSTALLDIR/lib/libO/Linux.pgi.64.openmpi.default/libesmf.so(ESMCI_FTableCallEntryPointVMHop+0x1ea)[0x7f303a2cd40a]
[Orion-04-70:387673] [13] /work/noaa/da/mpotts/sandbox/pgi_2019_openmpi_O_develop/esmf/DEFAULTINSTALLDIR/lib/libO/Linux.pgi.64.openmpi.default/libesmf.so(_ZN5ESMCI2VM5enterEPNS_6VMPlanEPvS3_+0x18)[0x7f303a6ba368]
[Orion-04-70:387673] [14] /work/noaa/da/mpotts/sandbox/pgi_2019_openmpi_O_develop/esmf/DEFAULTINSTALLDIR/lib/libO/Linux.pgi.64.openmpi.default/libesmf.so(c_esmc_ftablecallentrypointvm_+0x337)[0x7f303a2cd7e7]
[Orion-04-70:387673] [15] /work/noaa/da/mpotts/sandbox/pgi_2019_openmpi_O_develop/esmf/DEFAULTINSTALLDIR/lib/libO/Linux.pgi.64.openmpi.default/libesmf.so(esmf_compmod_esmf_compexecute_+0x7ed)[0x7f303a88dddd]
[Orion-04-70:387673] [16] /work/noaa/da/mpotts/sandbox/pgi_2019_openmpi_O_develop/esmf/DEFAULTINSTALLDIR/lib/libO/Linux.pgi.64.openmpi.default/libesmf.so(esmf_cplcompmod_esmf_cplcompinitialize_+0x161)[0x7f303a8a0021]
[Orion-04-70:387673] [17] /work/noaa/da/mpotts/sandbox/pgi_2019_openmpi_O_develop/esmf/DEFAULTINSTALLDIR/lib/libO/Linux.pgi.64.openmpi.default/libesmf.so(nuopc_driver_loopconnectorcompss_+0xeb4)[0x7f303aecd984]
[Orion-04-70:387673] [18] /work/noaa/da/mpotts/sandbox/pgi_2019_openmpi_O_develop/esmf/DEFAULTINSTALLDIR/lib/libO/Linux.pgi.64.openmpi.default/libesmf.so(nuopc_driver_initializeipdv02p3_+0x2f77)[0x7f303aec4ed7]
[Orion-04-70:387673] [19] /work/noaa/da/mpotts/sandbox/pgi_2019_openmpi_O_develop/esmf/DEFAULTINSTALLDIR/lib/libO/Linux.pgi.64.openmpi.default/libesmf.so(nuopc_driver_initializegeneric_+0x62a)[0x7f303aeb352a]
[Orion-04-70:387673] [20] /work/noaa/da/mpotts/sandbox/pgi_2019_openmpi_O_develop/esmf/DEFAULTINSTALLDIR/lib/libO/Linux.pgi.64.openmpi.default/libesmf.so(_ZN5ESMCI6FTable12callVFuncPtrEPKcPNS_2VMEPi+0x417)[0x7f303a2cf207]
[Orion-04-70:387673] [21] /work/noaa/da/mpotts/sandbox/pgi_2019_openmpi_O_develop/esmf/DEFAULTINSTALLDIR/lib/libO/Linux.pgi.64.openmpi.default/libesmf.so(ESMCI_FTableCallEntryPointVMHop+0x1ea)[0x7f303a2cd40a]
[Orion-04-70:387673] [22] /work/noaa/da/mpotts/sandbox/pgi_2019_openmpi_O_develop/esmf/DEFAULTINSTALLDIR/lib/libO/Linux.pgi.64.openmpi.default/libesmf.so(_ZN5ESMCI2VM5enterEPNS_6VMPlanEPvS3_+0x18)[0x7f303a6ba368]
[Orion-04-70:387673] [23] /work/noaa/da/mpotts/sandbox/pgi_2019_openmpi_O_develop/esmf/DEFAULTINSTALLDIR/lib/libO/Linux.pgi.64.openmpi.default/libesmf.so(c_esmc_ftablecallentrypointvm_+0x337)[0x7f303a2cd7e7]
[Orion-04-70:387673] [24] /work/noaa/da/mpotts/sandbox/pgi_2019_openmpi_O_develop/esmf/DEFAULTINSTALLDIR/lib/libO/Linux.pgi.64.openmpi.default/libesmf.so(esmf_compmod_esmf_compexecute_+0x7ed)[0x7f303a88dddd]
[Orion-04-70:387673] [25] /work/noaa/da/mpotts/sandbox/pgi_2019_openmpi_O_develop/esmf/DEFAULTINSTALLDIR/lib/libO/Linux.pgi.64.openmpi.default/libesmf.so(esmf_gridcompmod_esmf_gridcompinitialize_+0x161)[0x7f303aa66e01]
[Orion-04-70:387673] [26] /work/noaa/da/mpotts/sandbox/pgi_2019_openmpi_O_develop/nuopc-app-prototypes/AtmOcnIceSimpleImplicitProto/./esmApp[0x40600d]
[Orion-04-70:387673] [27] /work/noaa/da/mpotts/sandbox/pgi_2019_openmpi_O_develop/nuopc-app-prototypes/AtmOcnIceSimpleImplicitProto/./esmApp[0x405c83]
[Orion-04-70:387673] [28] /lib64/libc.so.6(__libc_start_main+0xf5)[0x7f30360c5495]
[Orion-04-70:387673] [29] /work/noaa/da/mpotts/sandbox/pgi_2019_openmpi_O_develop/nuopc-app-prototypes/AtmOcnIceSimpleImplicitProto/./esmApp[0x405b89]
[Orion-04-70:387673] *** End of error message ***
==== backtrace (tid: 387675) ====
 0 0x0000000000737c03 ESMCI::LogErr::MsgFoundError()  /work/noaa/da/mpotts/sandbox/pgi_2019_openmpi_O_develop/esmf/src/Infrastructure/LogErr/src/ESMCI_LogErr.C:586
 1 0x000000000088ff01 c_esmc_meshcreatenodedistgrid_()  /work/noaa/da/mpotts/sandbox/pgi_2019_openmpi_O_develop/esmf/src/Infrastructure/Mesh/interface/ESMCI_Mesh_F.C:248
 2 0x0000000000fa7a4c esmf_meshmod_esmf_meshcreatefrompointer_()  /work/noaa/da/mpotts/sandbox/pgi_2019_openmpi_O_develop/esmf/src/Infrastructure/Mesh/interface/ESMF_Mesh.F90:3091
 3 0x0000000000e88bc2 esmf_gridutilmod_esmf_gridtomesh_()  /work/noaa/da/mpotts/sandbox/pgi_2019_openmpi_O_develop/esmf/src/Infrastructure/GridUtil/interface/ESMF_GridUtil.F90:453
 4 0x0000000000dacc06 esmf_fieldregridmod_b_or_p_gridtomesh_()  /work/noaa/da/mpotts/sandbox/pgi_2019_openmpi_O_develop/esmf/src/Infrastructure/Field/src/ESMF_FieldRegrid.F90:3228
 5 0x0000000000daa0c4 esmf_fieldregridmod_getmeshwithnodesonfieldloc_()  /work/noaa/da/mpotts/sandbox/pgi_2019_openmpi_O_develop/esmf/src/Infrastructure/Field/src/ESMF_FieldRegrid.F90:1346
 6 0x0000000000da85ff esmf_fieldregridmod_esmf_fieldregridstorenx_()  /work/noaa/da/mpotts/sandbox/pgi_2019_openmpi_O_develop/esmf/src/Infrastructure/Field/src/ESMF_FieldRegrid.F90:971
 7 0x0000000000c8399a esmf_fieldbundlemod_esmf_fieldbundleregridstorepair_()  /work/noaa/da/mpotts/sandbox/pgi_2019_openmpi_O_develop/esmf/src/Infrastructure/FieldBundle/src/ESMF_FieldBundle.F90:16211
 8 0x0000000001235d62 nuopc_connector_fieldbundlecplstore_()  /work/noaa/da/mpotts/sandbox/pgi_2019_openmpi_O_develop/esmf/src/addon/NUOPC/src/NUOPC_Connector.F90:7714
 9 0x000000000121fd76 nuopc_connector_initializeipdv05p6b_()  /work/noaa/da/mpotts/sandbox/pgi_2019_openmpi_O_develop/esmf/src/addon/NUOPC/src/NUOPC_Connector.F90:5386
10 0x0000000000657207 ESMCI::FTable::callVFuncPtr()  /work/noaa/da/mpotts/sandbox/pgi_2019_openmpi_O_develop/esmf/src/Superstructure/Component/src/ESMCI_FTable.C:2167
11 0x000000000065540a ESMCI_FTableCallEntryPointVMHop()  /work/noaa/da/mpotts/sandbox/pgi_2019_openmpi_O_develop/esmf/src/Superstructure/Component/src/ESMCI_FTable.C:824
12 0x0000000000a42368 ESMCI::VM::enter()  /work/noaa/da/mpotts/sandbox/pgi_2019_openmpi_O_develop/esmf/src/Infrastructure/VM/src/ESMCI_VM.C:1216
13 0x00000000006557e7 c_esmc_ftablecallentrypointvm_()  /work/noaa/da/mpotts/sandbox/pgi_2019_openmpi_O_develop/esmf/src/Superstructure/Component/src/ESMCI_FTable.C:981
14 0x0000000000c15ddd esmf_compmod_esmf_compexecute_()  /work/noaa/da/mpotts/sandbox/pgi_2019_openmpi_O_develop/esmf/src/Superstructure/Component/src/ESMF_Comp.F90:1223
15 0x0000000000c28021 esmf_cplcompmod_esmf_cplcompinitialize_()  /work/noaa/da/mpotts/sandbox/pgi_2019_openmpi_O_develop/esmf/src/Superstructure/Component/src/ESMF_CplComp.F90:1165
16 0x0000000001255984 nuopc_driver_loopconnectorcompss_()  /work/noaa/da/mpotts/sandbox/pgi_2019_openmpi_O_develop/esmf/src/addon/NUOPC/src/NUOPC_Driver.F90:3023
17 0x000000000124ced7 nuopc_driver_initializeipdv02p3_()  /work/noaa/da/mpotts/sandbox/pgi_2019_openmpi_O_develop/esmf/src/addon/NUOPC/src/NUOPC_Driver.F90:2110
18 0x000000000123b52a nuopc_driver_initializegeneric_()  /work/noaa/da/mpotts/sandbox/pgi_2019_openmpi_O_develop/esmf/src/addon/NUOPC/src/NUOPC_Driver.F90:479
19 0x0000000000657207 ESMCI::FTable::callVFuncPtr()  /work/noaa/da/mpotts/sandbox/pgi_2019_openmpi_O_develop/esmf/src/Superstructure/Component/src/ESMCI_FTable.C:2167
20 0x000000000065540a ESMCI_FTableCallEntryPointVMHop()  /work/noaa/da/mpotts/sandbox/pgi_2019_openmpi_O_develop/esmf/src/Superstructure/Component/src/ESMCI_FTable.C:824
21 0x0000000000a42368 ESMCI::VM::enter()  /work/noaa/da/mpotts/sandbox/pgi_2019_openmpi_O_develop/esmf/src/Infrastructure/VM/src/ESMCI_VM.C:1216
22 0x00000000006557e7 c_esmc_ftablecallentrypointvm_()  /work/noaa/da/mpotts/sandbox/pgi_2019_openmpi_O_develop/esmf/src/Superstructure/Component/src/ESMCI_FTable.C:981
23 0x0000000000c15ddd esmf_compmod_esmf_compexecute_()  /work/noaa/da/mpotts/sandbox/pgi_2019_openmpi_O_develop/esmf/src/Superstructure/Component/src/ESMF_Comp.F90:1223
24 0x0000000000deee01 esmf_gridcompmod_esmf_gridcompinitialize_()  /work/noaa/da/mpotts/sandbox/pgi_2019_openmpi_O_develop/esmf/src/Superstructure/Component/src/ESMF_GridComp.F90:1412
25 0x000000000040600d MAIN_()  /work/noaa/da/mpotts/sandbox/pgi_2019_openmpi_O_develop/nuopc-app-prototypes/AtmOcnIceSimpleImplicitProto/esmApp.F90:58
26 0x0000000000405c83 main()  ???:0
27 0x0000000000022495 __libc_start_main()  ???:0
28 0x0000000000405b89 _start()  ???:0
=================================
[Orion-04-70:387675] *** Process received signal ***
[Orion-04-70:387675] Signal: Segmentation fault (11)
[Orion-04-70:387675] Signal code:  (-6)
[Orion-04-70:387675] Failing at address: 0x20e50005ea5b
[Orion-04-70:387675] [ 0] /lib64/libpthread.so.0(+0xf5d0)[0x7ffa34f875d0]
[Orion-04-70:387675] [ 1] /work/noaa/da/mpotts/sandbox/pgi_2019_openmpi_O_develop/esmf/DEFAULTINSTALLDIR/lib/libO/Linux.pgi.64.openmpi.default/libesmf.so(_ZN5ESMCI6LogErr13MsgFoundErrorEiPKciS2_S2_Pi+0x33)[0x7ffa33720c03]
[Orion-04-70:387675] [ 2] /work/noaa/da/mpotts/sandbox/pgi_2019_openmpi_O_develop/esmf/DEFAULTINSTALLDIR/lib/libO/Linux.pgi.64.openmpi.default/libesmf.so(c_esmc_meshcreatenodedistgrid_+0xa1)[0x7ffa33878f01]
[Orion-04-70:387675] [ 3] /work/noaa/da/mpotts/sandbox/pgi_2019_openmpi_O_develop/esmf/DEFAULTINSTALLDIR/lib/libO/Linux.pgi.64.openmpi.default/libesmf.so(esmf_meshmod_esmf_meshcreatefrompointer_+0x4c)[0x7ffa33f90a4c]
[Orion-04-70:387675] [ 4] /work/noaa/da/mpotts/sandbox/pgi_2019_openmpi_O_develop/esmf/DEFAULTINSTALLDIR/lib/libO/Linux.pgi.64.openmpi.default/libesmf.so(esmf_gridutilmod_esmf_gridtomesh_+0x352)[0x7ffa33e71bc2]
[Orion-04-70:387675] [ 5] /work/noaa/da/mpotts/sandbox/pgi_2019_openmpi_O_develop/esmf/DEFAULTINSTALLDIR/lib/libO/Linux.pgi.64.openmpi.default/libesmf.so(esmf_fieldregridmod_b_or_p_gridtomesh_+0x156)[0x7ffa33d95c06]
[Orion-04-70:387675] [ 6] /work/noaa/da/mpotts/sandbox/pgi_2019_openmpi_O_develop/esmf/DEFAULTINSTALLDIR/lib/libO/Linux.pgi.64.openmpi.default/libesmf.so(esmf_fieldregridmod_getmeshwithnodesonfieldloc_+0x394)[0x7ffa33d930c4]
[Orion-04-70:387675] [ 7] /work/noaa/da/mpotts/sandbox/pgi_2019_openmpi_O_develop/esmf/DEFAULTINSTALLDIR/lib/libO/Linux.pgi.64.openmpi.default/libesmf.so(esmf_fieldregridmod_esmf_fieldregridstorenx_+0x9cf)[0x7ffa33d915ff]
[Orion-04-70:387675] [ 8] /work/noaa/da/mpotts/sandbox/pgi_2019_openmpi_O_develop/esmf/DEFAULTINSTALLDIR/lib/libO/Linux.pgi.64.openmpi.default/libesmf.so(esmf_fieldbundlemod_esmf_fieldbundleregridstorepair_+0x3a1a)[0x7ffa33c6c99a]
[Orion-04-70:387675] [ 9] /work/noaa/da/mpotts/sandbox/pgi_2019_openmpi_O_develop/esmf/DEFAULTINSTALLDIR/lib/libO/Linux.pgi.64.openmpi.default/libesmf.so(nuopc_connector_fieldbundlecplstore_+0x90d2)[0x7ffa3421ed62]
[Orion-04-70:387675] [10] /work/noaa/da/mpotts/sandbox/pgi_2019_openmpi_O_develop/esmf/DEFAULTINSTALLDIR/lib/libO/Linux.pgi.64.openmpi.default/libesmf.so(nuopc_connector_initializeipdv05p6b_+0x4f76)[0x7ffa34208d76]
[Orion-04-70:387675] [11] /work/noaa/da/mpotts/sandbox/pgi_2019_openmpi_O_develop/esmf/DEFAULTINSTALLDIR/lib/libO/Linux.pgi.64.openmpi.default/libesmf.so(_ZN5ESMCI6FTable12callVFuncPtrEPKcPNS_2VMEPi+0x417)[0x7ffa33640207]
[Orion-04-70:387675] [12] /work/noaa/da/mpotts/sandbox/pgi_2019_openmpi_O_develop/esmf/DEFAULTINSTALLDIR/lib/libO/Linux.pgi.64.openmpi.default/libesmf.so(ESMCI_FTableCallEntryPointVMHop+0x1ea)[0x7ffa3363e40a]
[Orion-04-70:387675] [13] /work/noaa/da/mpotts/sandbox/pgi_2019_openmpi_O_develop/esmf/DEFAULTINSTALLDIR/lib/libO/Linux.pgi.64.openmpi.default/libesmf.so(_ZN5ESMCI2VM5enterEPNS_6VMPlanEPvS3_+0x18)[0x7ffa33a2b368]
[Orion-04-70:387675] [14] /work/noaa/da/mpotts/sandbox/pgi_2019_openmpi_O_develop/esmf/DEFAULTINSTALLDIR/lib/libO/Linux.pgi.64.openmpi.default/libesmf.so(c_esmc_ftablecallentrypointvm_+0x337)[0x7ffa3363e7e7]
[Orion-04-70:387675] [15] /work/noaa/da/mpotts/sandbox/pgi_2019_openmpi_O_develop/esmf/DEFAULTINSTALLDIR/lib/libO/Linux.pgi.64.openmpi.default/libesmf.so(esmf_compmod_esmf_compexecute_+0x7ed)[0x7ffa33bfeddd]
[Orion-04-70:387675] [16] /work/noaa/da/mpotts/sandbox/pgi_2019_openmpi_O_develop/esmf/DEFAULTINSTALLDIR/lib/libO/Linux.pgi.64.openmpi.default/libesmf.so(esmf_cplcompmod_esmf_cplcompinitialize_+0x161)[0x7ffa33c11021]
[Orion-04-70:387675] [17] /work/noaa/da/mpotts/sandbox/pgi_2019_openmpi_O_develop/esmf/DEFAULTINSTALLDIR/lib/libO/Linux.pgi.64.openmpi.default/libesmf.so(nuopc_driver_loopconnectorcompss_+0xeb4)[0x7ffa3423e984]
[Orion-04-70:387675] [18] /work/noaa/da/mpotts/sandbox/pgi_2019_openmpi_O_develop/esmf/DEFAULTINSTALLDIR/lib/libO/Linux.pgi.64.openmpi.default/libesmf.so(nuopc_driver_initializeipdv02p3_+0x2f77)[0x7ffa34235ed7]
[Orion-04-70:387675] [19] /work/noaa/da/mpotts/sandbox/pgi_2019_openmpi_O_develop/esmf/DEFAULTINSTALLDIR/lib/libO/Linux.pgi.64.openmpi.default/libesmf.so(nuopc_driver_initializegeneric_+0x62a)[0x7ffa3422452a]
[Orion-04-70:387675] [20] /work/noaa/da/mpotts/sandbox/pgi_2019_openmpi_O_develop/esmf/DEFAULTINSTALLDIR/lib/libO/Linux.pgi.64.openmpi.default/libesmf.so(_ZN5ESMCI6FTable12callVFuncPtrEPKcPNS_2VMEPi+0x417)[0x7ffa33640207]
[Orion-04-70:387675] [21] /work/noaa/da/mpotts/sandbox/pgi_2019_openmpi_O_develop/esmf/DEFAULTINSTALLDIR/lib/libO/Linux.pgi.64.openmpi.default/libesmf.so(ESMCI_FTableCallEntryPointVMHop+0x1ea)[0x7ffa3363e40a]
[Orion-04-70:387675] [22] /work/noaa/da/mpotts/sandbox/pgi_2019_openmpi_O_develop/esmf/DEFAULTINSTALLDIR/lib/libO/Linux.pgi.64.openmpi.default/libesmf.so(_ZN5ESMCI2VM5enterEPNS_6VMPlanEPvS3_+0x18)[0x7ffa33a2b368]
[Orion-04-70:387675] [23] /work/noaa/da/mpotts/sandbox/pgi_2019_openmpi_O_develop/esmf/DEFAULTINSTALLDIR/lib/libO/Linux.pgi.64.openmpi.default/libesmf.so(c_esmc_ftablecallentrypointvm_+0x337)[0x7ffa3363e7e7]
[Orion-04-70:387675] [24] /work/noaa/da/mpotts/sandbox/pgi_2019_openmpi_O_develop/esmf/DEFAULTINSTALLDIR/lib/libO/Linux.pgi.64.openmpi.default/libesmf.so(esmf_compmod_esmf_compexecute_+0x7ed)[0x7ffa33bfeddd]
[Orion-04-70:387675] [25] /work/noaa/da/mpotts/sandbox/pgi_2019_openmpi_O_develop/esmf/DEFAULTINSTALLDIR/lib/libO/Linux.pgi.64.openmpi.default/libesmf.so(esmf_gridcompmod_esmf_gridcompinitialize_+0x161)[0x7ffa33dd7e01]
[Orion-04-70:387675] [26] /work/noaa/da/mpotts/sandbox/pgi_2019_openmpi_O_develop/nuopc-app-prototypes/AtmOcnIceSimpleImplicitProto/./esmApp[0x40600d]
[Orion-04-70:387675] [27] /work/noaa/da/mpotts/sandbox/pgi_2019_openmpi_O_develop/nuopc-app-prototypes/AtmOcnIceSimpleImplicitProto/./esmApp[0x405c83]
[Orion-04-70:387675] [28] /lib64/libc.so.6(__libc_start_main+0xf5)[0x7ffa2f436495]
[Orion-04-70:387675] [29] /work/noaa/da/mpotts/sandbox/pgi_2019_openmpi_O_develop/nuopc-app-prototypes/AtmOcnIceSimpleImplicitProto/./esmApp[0x405b89]
[Orion-04-70:387675] *** End of error message ***
srun: error: Orion-04-70: tasks 0-1,3: Segmentation fault
srun: launch/slurm: _step_signal: Terminating StepId=9487145.349
slurmstepd: error: *** STEP 9487145.349 ON Orion-04-70 CANCELLED AT 2023-03-21T04:39:55 ***
srun: error: Orion-04-70: task 2: Terminated
srun: Force Terminated StepId=9487145.349
