2023-03-22 02:57:45
[Orion-01-56:204823:0:204823] Caught signal 11 (Segmentation fault: address not mapped to object at address 0x4f1b591)
[Orion-01-56:204825:0:204825] Caught signal 11 (Segmentation fault: address not mapped to object at address 0x4f1b591)
[Orion-01-56:204822:0:204822] Caught signal 11 (Segmentation fault: address not mapped to object at address 0x4f1b591)
[Orion-01-56:204824:0:204824] Caught signal 11 (Segmentation fault: address not mapped to object at address 0x4f1b591)

/work/noaa/da/mpotts/sandbox/pgi_2019_openmpi_O_develop/esmf/src/Infrastructure/LogErr/src/ESMCI_LogErr.C: [ ESMCI::LogErr::MsgFoundError() ]
      ...

/work/noaa/da/mpotts/sandbox/pgi_2019_openmpi_O_develop/esmf/src/Infrastructure/LogErr/src/ESMCI_LogErr.C: [ ESMCI::LogErr::MsgFoundError() ]
      ...
      583 {
      584     bool result=false;
      585 #ifdef ESMC_SUCCESSDEFAULT_ON
      583 {
      584     bool result=false;
      585 #ifdef ESMC_SUCCESSDEFAULT_ON
==>   586     if (rcToReturn != ESMC_NULL_POINTER) *rcToReturn=ESMF_SUCCESS;
      587 #endif
      588     if (trace) {
      589         Write(ESMC_METHOD,ESMC_LOGMSG_TRACE,
==>   586     if (rcToReturn != ESMC_NULL_POINTER) *rcToReturn=ESMF_SUCCESS;
      587 #endif
      588     if (trace) {
      589         Write(ESMC_METHOD,ESMC_LOGMSG_TRACE,



/work/noaa/da/mpotts/sandbox/pgi_2019_openmpi_O_develop/esmf/src/Infrastructure/LogErr/src/ESMCI_LogErr.C: [ ESMCI::LogErr::MsgFoundError() ]
      ...
      583 {
      584     bool result=false;
      585 #ifdef ESMC_SUCCESSDEFAULT_ON
==>   586     if (rcToReturn != ESMC_NULL_POINTER) *rcToReturn=ESMF_SUCCESS;
      587 #endif
      588     if (trace) {
      589         Write(ESMC_METHOD,ESMC_LOGMSG_TRACE,

/work/noaa/da/mpotts/sandbox/pgi_2019_openmpi_O_develop/esmf/src/Infrastructure/LogErr/src/ESMCI_LogErr.C: [ ESMCI::LogErr::MsgFoundError() ]
      ...

      583 {
      584     bool result=false;
      585 #ifdef ESMC_SUCCESSDEFAULT_ON
==>   586     if (rcToReturn != ESMC_NULL_POINTER) *rcToReturn=ESMF_SUCCESS;
      587 #endif
      588     if (trace) {
      589         Write(ESMC_METHOD,ESMC_LOGMSG_TRACE,

==== backtrace (tid: 204824) ====
 0 0x0000000000737c03 ESMCI::LogErr::MsgFoundError()  /work/noaa/da/mpotts/sandbox/pgi_2019_openmpi_O_develop/esmf/src/Infrastructure/LogErr/src/ESMCI_LogErr.C:586
 1 0x000000000088ff01 c_esmc_meshcreatenodedistgrid_()  /work/noaa/da/mpotts/sandbox/pgi_2019_openmpi_O_develop/esmf/src/Infrastructure/Mesh/interface/ESMCI_Mesh_F.C:248
 2 0x0000000000fa7a4c esmf_meshmod_esmf_meshcreatefrompointer_()  /work/noaa/da/mpotts/sandbox/pgi_2019_openmpi_O_develop/esmf/src/Infrastructure/Mesh/interface/ESMF_Mesh.F90:3091
 3 0x0000000000e88bc2 esmf_gridutilmod_esmf_gridtomesh_()  /work/noaa/da/mpotts/sandbox/pgi_2019_openmpi_O_develop/esmf/src/Infrastructure/GridUtil/interface/ESMF_GridUtil.F90:453
 4 0x0000000000dacc06 esmf_fieldregridmod_b_or_p_gridtomesh_()  /work/noaa/da/mpotts/sandbox/pgi_2019_openmpi_O_develop/esmf/src/Infrastructure/Field/src/ESMF_FieldRegrid.F90:3228
 5 0x0000000000daa0c4 esmf_fieldregridmod_getmeshwithnodesonfieldloc_()  /work/noaa/da/mpotts/sandbox/pgi_2019_openmpi_O_develop/esmf/src/Infrastructure/Field/src/ESMF_FieldRegrid.F90:1346
 6 0x0000000000da85ff esmf_fieldregridmod_esmf_fieldregridstorenx_()  /work/noaa/da/mpotts/sandbox/pgi_2019_openmpi_O_develop/esmf/src/Infrastructure/Field/src/ESMF_FieldRegrid.F90:971
 7 0x0000000000c8399a esmf_fieldbundlemod_esmf_fieldbundleregridstorepair_()  /work/noaa/da/mpotts/sandbox/pgi_2019_openmpi_O_develop/esmf/src/Infrastructure/FieldBundle/src/ESMF_FieldBundle.F90:16211
 8 0x0000000001235d62 nuopc_connector_fieldbundlecplstore_()  /work/noaa/da/mpotts/sandbox/pgi_2019_openmpi_O_develop/esmf/src/addon/NUOPC/src/NUOPC_Connector.F90:7714
 9 0x000000000121fd76 nuopc_connector_initializeipdv05p6b_()  /work/noaa/da/mpotts/sandbox/pgi_2019_openmpi_O_develop/esmf/src/addon/NUOPC/src/NUOPC_Connector.F90:5386
10 0x0000000000657207 ESMCI::FTable::callVFuncPtr()  /work/noaa/da/mpotts/sandbox/pgi_2019_openmpi_O_develop/esmf/src/Superstructure/Component/src/ESMCI_FTable.C:2167
11 0x000000000065540a ESMCI_FTableCallEntryPointVMHop()  /work/noaa/da/mpotts/sandbox/pgi_2019_openmpi_O_develop/esmf/src/Superstructure/Component/src/ESMCI_FTable.C:824
12 0x0000000000a42368 ESMCI::VM::enter()  /work/noaa/da/mpotts/sandbox/pgi_2019_openmpi_O_develop/esmf/src/Infrastructure/VM/src/ESMCI_VM.C:1216
13 0x00000000006557e7 c_esmc_ftablecallentrypointvm_()  /work/noaa/da/mpotts/sandbox/pgi_2019_openmpi_O_develop/esmf/src/Superstructure/Component/src/ESMCI_FTable.C:981
14 0x0000000000c15ddd esmf_compmod_esmf_compexecute_()  /work/noaa/da/mpotts/sandbox/pgi_2019_openmpi_O_develop/esmf/src/Superstructure/Component/src/ESMF_Comp.F90:1223
15 0x0000000000c28021 esmf_cplcompmod_esmf_cplcompinitialize_()  /work/noaa/da/mpotts/sandbox/pgi_2019_openmpi_O_develop/esmf/src/Superstructure/Component/src/ESMF_CplComp.F90:1165
16 0x0000000001255984 nuopc_driver_loopconnectorcompss_()  /work/noaa/da/mpotts/sandbox/pgi_2019_openmpi_O_develop/esmf/src/addon/NUOPC/src/NUOPC_Driver.F90:3023
17 0x000000000124ced7 nuopc_driver_initializeipdv02p3_()  /work/noaa/da/mpotts/sandbox/pgi_2019_openmpi_O_develop/esmf/src/addon/NUOPC/src/NUOPC_Driver.F90:2110
18 0x000000000123b52a nuopc_driver_initializegeneric_()  /work/noaa/da/mpotts/sandbox/pgi_2019_openmpi_O_develop/esmf/src/addon/NUOPC/src/NUOPC_Driver.F90:479
19 0x0000000000657207 ESMCI::FTable::callVFuncPtr()  /work/noaa/da/mpotts/sandbox/pgi_2019_openmpi_O_develop/esmf/src/Superstructure/Component/src/ESMCI_FTable.C:2167
20 0x000000000065540a ESMCI_FTableCallEntryPointVMHop()  /work/noaa/da/mpotts/sandbox/pgi_2019_openmpi_O_develop/esmf/src/Superstructure/Component/src/ESMCI_FTable.C:824
21 0x0000000000a42368 ESMCI::VM::enter()  /work/noaa/da/mpotts/sandbox/pgi_2019_openmpi_O_develop/esmf/src/Infrastructure/VM/src/ESMCI_VM.C:1216
22 0x00000000006557e7 c_esmc_ftablecallentrypointvm_()  /work/noaa/da/mpotts/sandbox/pgi_2019_openmpi_O_develop/esmf/src/Superstructure/Component/src/ESMCI_FTable.C:981
23 0x0000000000c15ddd esmf_compmod_esmf_compexecute_()  /work/noaa/da/mpotts/sandbox/pgi_2019_openmpi_O_develop/esmf/src/Superstructure/Component/src/ESMF_Comp.F90:1223
24 0x0000000000deee01 esmf_gridcompmod_esmf_gridcompinitialize_()  /work/noaa/da/mpotts/sandbox/pgi_2019_openmpi_O_develop/esmf/src/Superstructure/Component/src/ESMF_GridComp.F90:1412
25 0x0000000000405ce0 MAIN_()  /work/noaa/da/mpotts/sandbox/pgi_2019_openmpi_O_develop/nuopc-app-prototypes/NamespaceProto/mainApp.F90:61
26 0x0000000000405973 main()  ???:0
27 0x0000000000022495 __libc_start_main()  ???:0
28 0x0000000000405879 _start()  ???:0
=================================
[Orion-01-56:204824] *** Process received signal ***
==== backtrace (tid: 204822) ====
 0 0x0000000000737c03 ESMCI::LogErr::MsgFoundError()  /work/noaa/da/mpotts/sandbox/pgi_2019_openmpi_O_develop/esmf/src/Infrastructure/LogErr/src/ESMCI_LogErr.C:586
 1 0x000000000088ff01 c_esmc_meshcreatenodedistgrid_()  /work/noaa/da/mpotts/sandbox/pgi_2019_openmpi_O_develop/esmf/src/Infrastructure/Mesh/interface/ESMCI_Mesh_F.C:248
 2 0x0000000000fa7a4c esmf_meshmod_esmf_meshcreatefrompointer_()  /work/noaa/da/mpotts/sandbox/pgi_2019_openmpi_O_develop/esmf/src/Infrastructure/Mesh/interface/ESMF_Mesh.F90:3091
 3 0x0000000000e88bc2 esmf_gridutilmod_esmf_gridtomesh_()  /work/noaa/da/mpotts/sandbox/pgi_2019_openmpi_O_develop/esmf/src/Infrastructure/GridUtil/interface/ESMF_GridUtil.F90:453
 4 0x0000000000dacc06 esmf_fieldregridmod_b_or_p_gridtomesh_()  /work/noaa/da/mpotts/sandbox/pgi_2019_openmpi_O_develop/esmf/src/Infrastructure/Field/src/ESMF_FieldRegrid.F90:3228
 5 0x0000000000daa0c4 esmf_fieldregridmod_getmeshwithnodesonfieldloc_()  /work/noaa/da/mpotts/sandbox/pgi_2019_openmpi_O_develop/esmf/src/Infrastructure/Field/src/ESMF_FieldRegrid.F90:1346
 6 0x0000000000da85ff esmf_fieldregridmod_esmf_fieldregridstorenx_()  /work/noaa/da/mpotts/sandbox/pgi_2019_openmpi_O_develop/esmf/src/Infrastructure/Field/src/ESMF_FieldRegrid.F90:971
 7 0x0000000000c8399a esmf_fieldbundlemod_esmf_fieldbundleregridstorepair_()  /work/noaa/da/mpotts/sandbox/pgi_2019_openmpi_O_develop/esmf/src/Infrastructure/FieldBundle/src/ESMF_FieldBundle.F90:16211
 8 0x0000000001235d62 nuopc_connector_fieldbundlecplstore_()  /work/noaa/da/mpotts/sandbox/pgi_2019_openmpi_O_develop/esmf/src/addon/NUOPC/src/NUOPC_Connector.F90:7714
 9 0x000000000121fd76 nuopc_connector_initializeipdv05p6b_()  /work/noaa/da/mpotts/sandbox/pgi_2019_openmpi_O_develop/esmf/src/addon/NUOPC/src/NUOPC_Connector.F90:5386
[Orion-01-56:204824] Signal: Segmentation fault (11)
[Orion-01-56:204824] Signal code:  (-6)
[Orion-01-56:204824] Failing at address: 0x20e500032018
10 0x0000000000657207 ESMCI::FTable::callVFuncPtr()  /work/noaa/da/mpotts/sandbox/pgi_2019_openmpi_O_develop/esmf/src/Superstructure/Component/src/ESMCI_FTable.C:2167
11 0x000000000065540a ESMCI_FTableCallEntryPointVMHop()  /work/noaa/da/mpotts/sandbox/pgi_2019_openmpi_O_develop/esmf/src/Superstructure/Component/src/ESMCI_FTable.C:824
12 0x0000000000a42368 ESMCI::VM::enter()  /work/noaa/da/mpotts/sandbox/pgi_2019_openmpi_O_develop/esmf/src/Infrastructure/VM/src/ESMCI_VM.C:1216
13 0x00000000006557e7 c_esmc_ftablecallentrypointvm_()  /work/noaa/da/mpotts/sandbox/pgi_2019_openmpi_O_develop/esmf/src/Superstructure/Component/src/ESMCI_FTable.C:981
14 0x0000000000c15ddd esmf_compmod_esmf_compexecute_()  /work/noaa/da/mpotts/sandbox/pgi_2019_openmpi_O_develop/esmf/src/Superstructure/Component/src/ESMF_Comp.F90:1223
15 0x0000000000c28021 esmf_cplcompmod_esmf_cplcompinitialize_()  /work/noaa/da/mpotts/sandbox/pgi_2019_openmpi_O_develop/esmf/src/Superstructure/Component/src/ESMF_CplComp.F90:1165
16 0x0000000001255984 nuopc_driver_loopconnectorcompss_()  /work/noaa/da/mpotts/sandbox/pgi_2019_openmpi_O_develop/esmf/src/addon/NUOPC/src/NUOPC_Driver.F90:3023
17 0x000000000124ced7 nuopc_driver_initializeipdv02p3_()  /work/noaa/da/mpotts/sandbox/pgi_2019_openmpi_O_develop/esmf/src/addon/NUOPC/src/NUOPC_Driver.F90:2110
18 0x000000000123b52a nuopc_driver_initializegeneric_()  /work/noaa/da/mpotts/sandbox/pgi_2019_openmpi_O_develop/esmf/src/addon/NUOPC/src/NUOPC_Driver.F90:479
19 0x0000000000657207 ESMCI::FTable::callVFuncPtr()  /work/noaa/da/mpotts/sandbox/pgi_2019_openmpi_O_develop/esmf/src/Superstructure/Component/src/ESMCI_FTable.C:2167
20 0x000000000065540a ESMCI_FTableCallEntryPointVMHop()  /work/noaa/da/mpotts/sandbox/pgi_2019_openmpi_O_develop/esmf/src/Superstructure/Component/src/ESMCI_FTable.C:824
21 0x0000000000a42368 ESMCI::VM::enter()  /work/noaa/da/mpotts/sandbox/pgi_2019_openmpi_O_develop/esmf/src/Infrastructure/VM/src/ESMCI_VM.C:1216
22 0x00000000006557e7 c_esmc_ftablecallentrypointvm_()  /work/noaa/da/mpotts/sandbox/pgi_2019_openmpi_O_develop/esmf/src/Superstructure/Component/src/ESMCI_FTable.C:981
23 0x0000000000c15ddd esmf_compmod_esmf_compexecute_()  /work/noaa/da/mpotts/sandbox/pgi_2019_openmpi_O_develop/esmf/src/Superstructure/Component/src/ESMF_Comp.F90:1223
24 0x0000000000deee01 esmf_gridcompmod_esmf_gridcompinitialize_()  /work/noaa/da/mpotts/sandbox/pgi_2019_openmpi_O_develop/esmf/src/Superstructure/Component/src/ESMF_GridComp.F90:1412
25 0x0000000000405ce0 MAIN_()  /work/noaa/da/mpotts/sandbox/pgi_2019_openmpi_O_develop/nuopc-app-prototypes/NamespaceProto/mainApp.F90:61
26 0x0000000000405973 main()  ???:0
27 0x0000000000022495 __libc_start_main()  ???:0
28 0x0000000000405879 _start()  ???:0
=================================
[Orion-01-56:204824] [ 0] /lib64/libpthread.so.0(+0xf5d0)[0x7fac89a375d0]
[Orion-01-56:204822] *** Process received signal ***
[Orion-01-56:204822] Signal: Segmentation fault (11)
[Orion-01-56:204822] Signal code:  (-6)
[Orion-01-56:204822] Failing at address: 0x20e500032016
[Orion-01-56:204822] [ 0] /lib64/libpthread.so.0(+0xf5d0)[0x7fb800bd55d0]
[Orion-01-56:204824] [ 1] /work/noaa/da/mpotts/sandbox/pgi_2019_openmpi_O_develop/esmf/DEFAULTINSTALLDIR/lib/libO/Linux.pgi.64.openmpi.default/libesmf.so(_ZN5ESMCI6LogErr13MsgFoundErrorEiPKciS2_S2_Pi+0x33)[0x7fac881d0c03]
[Orion-01-56:204822] [ 1] /work/noaa/da/mpotts/sandbox/pgi_2019_openmpi_O_develop/esmf/DEFAULTINSTALLDIR/lib/libO/Linux.pgi.64.openmpi.default/libesmf.so(_ZN5ESMCI6LogErr13MsgFoundErrorEiPKciS2_S2_Pi+0x33)[0x7fb7ff36ec03]
[Orion-01-56:204824] [ 2] /work/noaa/da/mpotts/sandbox/pgi_2019_openmpi_O_develop/esmf/DEFAULTINSTALLDIR/lib/libO/Linux.pgi.64.openmpi.default/libesmf.so(c_esmc_meshcreatenodedistgrid_+0xa1)[0x7fac88328f01]
[Orion-01-56:204822] [ 2] /work/noaa/da/mpotts/sandbox/pgi_2019_openmpi_O_develop/esmf/DEFAULTINSTALLDIR/lib/libO/Linux.pgi.64.openmpi.default/libesmf.so(c_esmc_meshcreatenodedistgrid_+0xa1)[0x7fb7ff4c6f01]
[Orion-01-56:204824] [ 3] /work/noaa/da/mpotts/sandbox/pgi_2019_openmpi_O_develop/esmf/DEFAULTINSTALLDIR/lib/libO/Linux.pgi.64.openmpi.default/libesmf.so(esmf_meshmod_esmf_meshcreatefrompointer_+0x4c)[0x7fac88a40a4c]
[Orion-01-56:204822] [ 3] /work/noaa/da/mpotts/sandbox/pgi_2019_openmpi_O_develop/esmf/DEFAULTINSTALLDIR/lib/libO/Linux.pgi.64.openmpi.default/libesmf.so(esmf_meshmod_esmf_meshcreatefrompointer_+0x4c)[0x7fb7ffbdea4c]
[Orion-01-56:204824] [ 4] /work/noaa/da/mpotts/sandbox/pgi_2019_openmpi_O_develop/esmf/DEFAULTINSTALLDIR/lib/libO/Linux.pgi.64.openmpi.default/libesmf.so(esmf_gridutilmod_esmf_gridtomesh_+0x352)[0x7fac88921bc2]
[Orion-01-56:204822] [ 4] /work/noaa/da/mpotts/sandbox/pgi_2019_openmpi_O_develop/esmf/DEFAULTINSTALLDIR/lib/libO/Linux.pgi.64.openmpi.default/libesmf.so(esmf_gridutilmod_esmf_gridtomesh_+0x352)[0x7fb7ffabfbc2]
[Orion-01-56:204824] [ 5] /work/noaa/da/mpotts/sandbox/pgi_2019_openmpi_O_develop/esmf/DEFAULTINSTALLDIR/lib/libO/Linux.pgi.64.openmpi.default/libesmf.so(esmf_fieldregridmod_b_or_p_gridtomesh_+0x156)[0x7fac88845c06]
[Orion-01-56:204822] [ 5] /work/noaa/da/mpotts/sandbox/pgi_2019_openmpi_O_develop/esmf/DEFAULTINSTALLDIR/lib/libO/Linux.pgi.64.openmpi.default/libesmf.so(esmf_fieldregridmod_b_or_p_gridtomesh_+0x156)[0x7fb7ff9e3c06]
[Orion-01-56:204824] [ 6] /work/noaa/da/mpotts/sandbox/pgi_2019_openmpi_O_develop/esmf/DEFAULTINSTALLDIR/lib/libO/Linux.pgi.64.openmpi.default/libesmf.so(esmf_fieldregridmod_getmeshwithnodesonfieldloc_+0x394)[0x7fac888430c4]
[Orion-01-56:204822] [ 6] /work/noaa/da/mpotts/sandbox/pgi_2019_openmpi_O_develop/esmf/DEFAULTINSTALLDIR/lib/libO/Linux.pgi.64.openmpi.default/libesmf.so(esmf_fieldregridmod_getmeshwithnodesonfieldloc_+0x394)[0x7fb7ff9e10c4]
[Orion-01-56:204824] [ 7] /work/noaa/da/mpotts/sandbox/pgi_2019_openmpi_O_develop/esmf/DEFAULTINSTALLDIR/lib/libO/Linux.pgi.64.openmpi.default/libesmf.so(esmf_fieldregridmod_esmf_fieldregridstorenx_+0x9cf)[0x7fac888415ff]
[Orion-01-56:204822] [ 7] /work/noaa/da/mpotts/sandbox/pgi_2019_openmpi_O_develop/esmf/DEFAULTINSTALLDIR/lib/libO/Linux.pgi.64.openmpi.default/libesmf.so(esmf_fieldregridmod_esmf_fieldregridstorenx_+0x9cf)[0x7fb7ff9df5ff]
[Orion-01-56:204824] [ 8] /work/noaa/da/mpotts/sandbox/pgi_2019_openmpi_O_develop/esmf/DEFAULTINSTALLDIR/lib/libO/Linux.pgi.64.openmpi.default/libesmf.so(esmf_fieldbundlemod_esmf_fieldbundleregridstorepair_+0x3a1a)[0x7fac8871c99a]
[Orion-01-56:204822] [ 8] /work/noaa/da/mpotts/sandbox/pgi_2019_openmpi_O_develop/esmf/DEFAULTINSTALLDIR/lib/libO/Linux.pgi.64.openmpi.default/libesmf.so(esmf_fieldbundlemod_esmf_fieldbundleregridstorepair_+0x3a1a)[0x7fb7ff8ba99a]
[Orion-01-56:204824] [ 9] /work/noaa/da/mpotts/sandbox/pgi_2019_openmpi_O_develop/esmf/DEFAULTINSTALLDIR/lib/libO/Linux.pgi.64.openmpi.default/libesmf.so(nuopc_connector_fieldbundlecplstore_+0x90d2)[0x7fac88cced62]
[Orion-01-56:204822] [ 9] /work/noaa/da/mpotts/sandbox/pgi_2019_openmpi_O_develop/esmf/DEFAULTINSTALLDIR/lib/libO/Linux.pgi.64.openmpi.default/libesmf.so(nuopc_connector_fieldbundlecplstore_+0x90d2)[0x7fb7ffe6cd62]
[Orion-01-56:204824] [10] /work/noaa/da/mpotts/sandbox/pgi_2019_openmpi_O_develop/esmf/DEFAULTINSTALLDIR/lib/libO/Linux.pgi.64.openmpi.default/libesmf.so(nuopc_connector_initializeipdv05p6b_+0x4f76)[0x7fac88cb8d76]
[Orion-01-56:204824] [11] /work/noaa/da/mpotts/sandbox/pgi_2019_openmpi_O_develop/esmf/DEFAULTINSTALLDIR/lib/libO/Linux.pgi.64.openmpi.default/libesmf.so(_ZN5ESMCI6FTable12callVFuncPtrEPKcPNS_2VMEPi+0x417)[0x7fac880f0207]
[Orion-01-56:204822] [10] /work/noaa/da/mpotts/sandbox/pgi_2019_openmpi_O_develop/esmf/DEFAULTINSTALLDIR/lib/libO/Linux.pgi.64.openmpi.default/libesmf.so(nuopc_connector_initializeipdv05p6b_+0x4f76)[0x7fb7ffe56d76]
[Orion-01-56:204824] [12] /work/noaa/da/mpotts/sandbox/pgi_2019_openmpi_O_develop/esmf/DEFAULTINSTALLDIR/lib/libO/Linux.pgi.64.openmpi.default/libesmf.so(ESMCI_FTableCallEntryPointVMHop+0x1ea)[0x7fac880ee40a]
[Orion-01-56:204822] [11] /work/noaa/da/mpotts/sandbox/pgi_2019_openmpi_O_develop/esmf/DEFAULTINSTALLDIR/lib/libO/Linux.pgi.64.openmpi.default/libesmf.so(_ZN5ESMCI6FTable12callVFuncPtrEPKcPNS_2VMEPi+0x417)[0x7fb7ff28e207]
[Orion-01-56:204822] [12] /work/noaa/da/mpotts/sandbox/pgi_2019_openmpi_O_develop/esmf/DEFAULTINSTALLDIR/lib/libO/Linux.pgi.64.openmpi.default/libesmf.so(ESMCI_FTableCallEntryPointVMHop+0x1ea)[0x7fb7ff28c40a]
[Orion-01-56:204824] [13] /work/noaa/da/mpotts/sandbox/pgi_2019_openmpi_O_develop/esmf/DEFAULTINSTALLDIR/lib/libO/Linux.pgi.64.openmpi.default/libesmf.so(_ZN5ESMCI2VM5enterEPNS_6VMPlanEPvS3_+0x18)[0x7fac884db368]
[Orion-01-56:204824] [14] /work/noaa/da/mpotts/sandbox/pgi_2019_openmpi_O_develop/esmf/DEFAULTINSTALLDIR/lib/libO/Linux.pgi.64.openmpi.default/libesmf.so(c_esmc_ftablecallentrypointvm_+0x337)[0x7fac880ee7e7]
[Orion-01-56:204822] [13] /work/noaa/da/mpotts/sandbox/pgi_2019_openmpi_O_develop/esmf/DEFAULTINSTALLDIR/lib/libO/Linux.pgi.64.openmpi.default/libesmf.so(_ZN5ESMCI2VM5enterEPNS_6VMPlanEPvS3_+0x18)[0x7fb7ff679368]
[Orion-01-56:204822] [14] /work/noaa/da/mpotts/sandbox/pgi_2019_openmpi_O_develop/esmf/DEFAULTINSTALLDIR/lib/libO/Linux.pgi.64.openmpi.default/libesmf.so(c_esmc_ftablecallentrypointvm_+0x337)[0x7fb7ff28c7e7]
[Orion-01-56:204824] [15] /work/noaa/da/mpotts/sandbox/pgi_2019_openmpi_O_develop/esmf/DEFAULTINSTALLDIR/lib/libO/Linux.pgi.64.openmpi.default/libesmf.so(esmf_compmod_esmf_compexecute_+0x7ed)[0x7fac886aeddd]
[Orion-01-56:204822] [15] /work/noaa/da/mpotts/sandbox/pgi_2019_openmpi_O_develop/esmf/DEFAULTINSTALLDIR/lib/libO/Linux.pgi.64.openmpi.default/libesmf.so(esmf_compmod_esmf_compexecute_+0x7ed)[0x7fb7ff84cddd]
[Orion-01-56:204824] [16] /work/noaa/da/mpotts/sandbox/pgi_2019_openmpi_O_develop/esmf/DEFAULTINSTALLDIR/lib/libO/Linux.pgi.64.openmpi.default/libesmf.so(esmf_cplcompmod_esmf_cplcompinitialize_+0x161)[0x7fac886c1021]
[Orion-01-56:204822] [16] /work/noaa/da/mpotts/sandbox/pgi_2019_openmpi_O_develop/esmf/DEFAULTINSTALLDIR/lib/libO/Linux.pgi.64.openmpi.default/libesmf.so(esmf_cplcompmod_esmf_cplcompinitialize_+0x161)[0x7fb7ff85f021]
[Orion-01-56:204824] [17] /work/noaa/da/mpotts/sandbox/pgi_2019_openmpi_O_develop/esmf/DEFAULTINSTALLDIR/lib/libO/Linux.pgi.64.openmpi.default/libesmf.so(nuopc_driver_loopconnectorcompss_+0xeb4)[0x7fac88cee984]
[Orion-01-56:204822] [17] /work/noaa/da/mpotts/sandbox/pgi_2019_openmpi_O_develop/esmf/DEFAULTINSTALLDIR/lib/libO/Linux.pgi.64.openmpi.default/libesmf.so(nuopc_driver_loopconnectorcompss_+0xeb4)[0x7fb7ffe8c984]
[Orion-01-56:204824] [18] /work/noaa/da/mpotts/sandbox/pgi_2019_openmpi_O_develop/esmf/DEFAULTINSTALLDIR/lib/libO/Linux.pgi.64.openmpi.default/libesmf.so(nuopc_driver_initializeipdv02p3_+0x2f77)[0x7fac88ce5ed7]
[Orion-01-56:204822] [18] /work/noaa/da/mpotts/sandbox/pgi_2019_openmpi_O_develop/esmf/DEFAULTINSTALLDIR/lib/libO/Linux.pgi.64.openmpi.default/libesmf.so(nuopc_driver_initializeipdv02p3_+0x2f77)[0x7fb7ffe83ed7]
[Orion-01-56:204824] [19] /work/noaa/da/mpotts/sandbox/pgi_2019_openmpi_O_develop/esmf/DEFAULTINSTALLDIR/lib/libO/Linux.pgi.64.openmpi.default/libesmf.so(nuopc_driver_initializegeneric_+0x62a)[0x7fac88cd452a]
[Orion-01-56:204824] [20] /work/noaa/da/mpotts/sandbox/pgi_2019_openmpi_O_develop/esmf/DEFAULTINSTALLDIR/lib/libO/Linux.pgi.64.openmpi.default/libesmf.so(_ZN5ESMCI6FTable12callVFuncPtrEPKcPNS_2VMEPi+0x417)[0x7fac880f0207]
[Orion-01-56:204822] [19] /work/noaa/da/mpotts/sandbox/pgi_2019_openmpi_O_develop/esmf/DEFAULTINSTALLDIR/lib/libO/Linux.pgi.64.openmpi.default/libesmf.so(nuopc_driver_initializegeneric_+0x62a)[0x7fb7ffe7252a]
[Orion-01-56:204824] [21] /work/noaa/da/mpotts/sandbox/pgi_2019_openmpi_O_develop/esmf/DEFAULTINSTALLDIR/lib/libO/Linux.pgi.64.openmpi.default/libesmf.so(ESMCI_FTableCallEntryPointVMHop+0x1ea)[0x7fac880ee40a]
[Orion-01-56:204822] [20] /work/noaa/da/mpotts/sandbox/pgi_2019_openmpi_O_develop/esmf/DEFAULTINSTALLDIR/lib/libO/Linux.pgi.64.openmpi.default/libesmf.so(_ZN5ESMCI6FTable12callVFuncPtrEPKcPNS_2VMEPi+0x417)[0x7fb7ff28e207]
[Orion-01-56:204822] [21] /work/noaa/da/mpotts/sandbox/pgi_2019_openmpi_O_develop/esmf/DEFAULTINSTALLDIR/lib/libO/Linux.pgi.64.openmpi.default/libesmf.so(ESMCI_FTableCallEntryPointVMHop+0x1ea)[0x7fb7ff28c40a]
[Orion-01-56:204824] [22] /work/noaa/da/mpotts/sandbox/pgi_2019_openmpi_O_develop/esmf/DEFAULTINSTALLDIR/lib/libO/Linux.pgi.64.openmpi.default/libesmf.so(_ZN5ESMCI2VM5enterEPNS_6VMPlanEPvS3_+0x18)[0x7fac884db368]
[Orion-01-56:204824] [23] /work/noaa/da/mpotts/sandbox/pgi_2019_openmpi_O_develop/esmf/DEFAULTINSTALLDIR/lib/libO/Linux.pgi.64.openmpi.default/libesmf.so(c_esmc_ftablecallentrypointvm_+0x337)[0x7fac880ee7e7]
[Orion-01-56:204822] [22] /work/noaa/da/mpotts/sandbox/pgi_2019_openmpi_O_develop/esmf/DEFAULTINSTALLDIR/lib/libO/Linux.pgi.64.openmpi.default/libesmf.so(_ZN5ESMCI2VM5enterEPNS_6VMPlanEPvS3_+0x18)[0x7fb7ff679368]
[Orion-01-56:204822] [23] /work/noaa/da/mpotts/sandbox/pgi_2019_openmpi_O_develop/esmf/DEFAULTINSTALLDIR/lib/libO/Linux.pgi.64.openmpi.default/libesmf.so(c_esmc_ftablecallentrypointvm_+0x337)[0x7fb7ff28c7e7]
[Orion-01-56:204824] [24] /work/noaa/da/mpotts/sandbox/pgi_2019_openmpi_O_develop/esmf/DEFAULTINSTALLDIR/lib/libO/Linux.pgi.64.openmpi.default/libesmf.so(esmf_compmod_esmf_compexecute_+0x7ed)[0x7fac886aeddd]
[Orion-01-56:204822] [24] /work/noaa/da/mpotts/sandbox/pgi_2019_openmpi_O_develop/esmf/DEFAULTINSTALLDIR/lib/libO/Linux.pgi.64.openmpi.default/libesmf.so(esmf_compmod_esmf_compexecute_+0x7ed)[0x7fb7ff84cddd]
[Orion-01-56:204824] [25] /work/noaa/da/mpotts/sandbox/pgi_2019_openmpi_O_develop/esmf/DEFAULTINSTALLDIR/lib/libO/Linux.pgi.64.openmpi.default/libesmf.so(esmf_gridcompmod_esmf_gridcompinitialize_+0x161)[0x7fac88887e01]
[Orion-01-56:204824] [26] /work/noaa/da/mpotts/sandbox/pgi_2019_openmpi_O_develop/nuopc-app-prototypes/NamespaceProto/./mainApp[0x405ce0]
[Orion-01-56:204824] [27] /work/noaa/da/mpotts/sandbox/pgi_2019_openmpi_O_develop/nuopc-app-prototypes/NamespaceProto/./mainApp[0x405973]
[Orion-01-56:204824] [28] /lib64/libc.so.6(__libc_start_main+0xf5)[0x7fac83ee6495]
[Orion-01-56:204824] [29] /work/noaa/da/mpotts/sandbox/pgi_2019_openmpi_O_develop/nuopc-app-prototypes/NamespaceProto/./mainApp[0x405879]
[Orion-01-56:204824] *** End of error message ***
[Orion-01-56:204822] [25] /work/noaa/da/mpotts/sandbox/pgi_2019_openmpi_O_develop/esmf/DEFAULTINSTALLDIR/lib/libO/Linux.pgi.64.openmpi.default/libesmf.so(esmf_gridcompmod_esmf_gridcompinitialize_+0x161)[0x7fb7ffa25e01]
[Orion-01-56:204822] [26] /work/noaa/da/mpotts/sandbox/pgi_2019_openmpi_O_develop/nuopc-app-prototypes/NamespaceProto/./mainApp[0x405ce0]
[Orion-01-56:204822] [27] /work/noaa/da/mpotts/sandbox/pgi_2019_openmpi_O_develop/nuopc-app-prototypes/NamespaceProto/./mainApp[0x405973]
[Orion-01-56:204822] [28] /lib64/libc.so.6(__libc_start_main+0xf5)[0x7fb7fb084495]
[Orion-01-56:204822] [29] /work/noaa/da/mpotts/sandbox/pgi_2019_openmpi_O_develop/nuopc-app-prototypes/NamespaceProto/./mainApp[0x405879]
[Orion-01-56:204822] *** End of error message ***
==== backtrace (tid: 204825) ====
 0 0x0000000000737c03 ESMCI::LogErr::MsgFoundError()  /work/noaa/da/mpotts/sandbox/pgi_2019_openmpi_O_develop/esmf/src/Infrastructure/LogErr/src/ESMCI_LogErr.C:586
 1 0x000000000088ff01 c_esmc_meshcreatenodedistgrid_()  /work/noaa/da/mpotts/sandbox/pgi_2019_openmpi_O_develop/esmf/src/Infrastructure/Mesh/interface/ESMCI_Mesh_F.C:248
 2 0x0000000000fa7a4c esmf_meshmod_esmf_meshcreatefrompointer_()  /work/noaa/da/mpotts/sandbox/pgi_2019_openmpi_O_develop/esmf/src/Infrastructure/Mesh/interface/ESMF_Mesh.F90:3091
 3 0x0000000000e88bc2 esmf_gridutilmod_esmf_gridtomesh_()  /work/noaa/da/mpotts/sandbox/pgi_2019_openmpi_O_develop/esmf/src/Infrastructure/GridUtil/interface/ESMF_GridUtil.F90:453
 4 0x0000000000dacc06 esmf_fieldregridmod_b_or_p_gridtomesh_()  /work/noaa/da/mpotts/sandbox/pgi_2019_openmpi_O_develop/esmf/src/Infrastructure/Field/src/ESMF_FieldRegrid.F90:3228
 5 0x0000000000daa0c4 esmf_fieldregridmod_getmeshwithnodesonfieldloc_()  /work/noaa/da/mpotts/sandbox/pgi_2019_openmpi_O_develop/esmf/src/Infrastructure/Field/src/ESMF_FieldRegrid.F90:1346
 6 0x0000000000da85ff esmf_fieldregridmod_esmf_fieldregridstorenx_()  /work/noaa/da/mpotts/sandbox/pgi_2019_openmpi_O_develop/esmf/src/Infrastructure/Field/src/ESMF_FieldRegrid.F90:971
 7 0x0000000000c8399a esmf_fieldbundlemod_esmf_fieldbundleregridstorepair_()  /work/noaa/da/mpotts/sandbox/pgi_2019_openmpi_O_develop/esmf/src/Infrastructure/FieldBundle/src/ESMF_FieldBundle.F90:16211
 8 0x0000000001235d62 nuopc_connector_fieldbundlecplstore_()  /work/noaa/da/mpotts/sandbox/pgi_2019_openmpi_O_develop/esmf/src/addon/NUOPC/src/NUOPC_Connector.F90:7714
 9 0x000000000121fd76 nuopc_connector_initializeipdv05p6b_()  /work/noaa/da/mpotts/sandbox/pgi_2019_openmpi_O_develop/esmf/src/addon/NUOPC/src/NUOPC_Connector.F90:5386
10 0x0000000000657207 ESMCI::FTable::callVFuncPtr()  /work/noaa/da/mpotts/sandbox/pgi_2019_openmpi_O_develop/esmf/src/Superstructure/Component/src/ESMCI_FTable.C:2167
11 0x000000000065540a ESMCI_FTableCallEntryPointVMHop()  /work/noaa/da/mpotts/sandbox/pgi_2019_openmpi_O_develop/esmf/src/Superstructure/Component/src/ESMCI_FTable.C:824
12 0x0000000000a42368 ESMCI::VM::enter()  /work/noaa/da/mpotts/sandbox/pgi_2019_openmpi_O_develop/esmf/src/Infrastructure/VM/src/ESMCI_VM.C:1216
13 0x00000000006557e7 c_esmc_ftablecallentrypointvm_()  /work/noaa/da/mpotts/sandbox/pgi_2019_openmpi_O_develop/esmf/src/Superstructure/Component/src/ESMCI_FTable.C:981
14 0x0000000000c15ddd esmf_compmod_esmf_compexecute_()  /work/noaa/da/mpotts/sandbox/pgi_2019_openmpi_O_develop/esmf/src/Superstructure/Component/src/ESMF_Comp.F90:1223
15 0x0000000000c28021 esmf_cplcompmod_esmf_cplcompinitialize_()  /work/noaa/da/mpotts/sandbox/pgi_2019_openmpi_O_develop/esmf/src/Superstructure/Component/src/ESMF_CplComp.F90:1165
16 0x0000000001255984 nuopc_driver_loopconnectorcompss_()  /work/noaa/da/mpotts/sandbox/pgi_2019_openmpi_O_develop/esmf/src/addon/NUOPC/src/NUOPC_Driver.F90:3023
17 0x000000000124ced7 nuopc_driver_initializeipdv02p3_()  /work/noaa/da/mpotts/sandbox/pgi_2019_openmpi_O_develop/esmf/src/addon/NUOPC/src/NUOPC_Driver.F90:2110
18 0x000000000123b52a nuopc_driver_initializegeneric_()  /work/noaa/da/mpotts/sandbox/pgi_2019_openmpi_O_develop/esmf/src/addon/NUOPC/src/NUOPC_Driver.F90:479
19 0x0000000000657207 ESMCI::FTable::callVFuncPtr()  /work/noaa/da/mpotts/sandbox/pgi_2019_openmpi_O_develop/esmf/src/Superstructure/Component/src/ESMCI_FTable.C:2167
20 0x000000000065540a ESMCI_FTableCallEntryPointVMHop()  /work/noaa/da/mpotts/sandbox/pgi_2019_openmpi_O_develop/esmf/src/Superstructure/Component/src/ESMCI_FTable.C:824
21 0x0000000000a42368 ESMCI::VM::enter()  /work/noaa/da/mpotts/sandbox/pgi_2019_openmpi_O_develop/esmf/src/Infrastructure/VM/src/ESMCI_VM.C:1216
22 0x00000000006557e7 c_esmc_ftablecallentrypointvm_()  /work/noaa/da/mpotts/sandbox/pgi_2019_openmpi_O_develop/esmf/src/Superstructure/Component/src/ESMCI_FTable.C:981
23 0x0000000000c15ddd esmf_compmod_esmf_compexecute_()  /work/noaa/da/mpotts/sandbox/pgi_2019_openmpi_O_develop/esmf/src/Superstructure/Component/src/ESMF_Comp.F90:1223
24 0x0000000000deee01 esmf_gridcompmod_esmf_gridcompinitialize_()  /work/noaa/da/mpotts/sandbox/pgi_2019_openmpi_O_develop/esmf/src/Superstructure/Component/src/ESMF_GridComp.F90:1412
25 0x0000000000405ce0 MAIN_()  /work/noaa/da/mpotts/sandbox/pgi_2019_openmpi_O_develop/nuopc-app-prototypes/NamespaceProto/mainApp.F90:61
26 0x0000000000405973 main()  ???:0
27 0x0000000000022495 __libc_start_main()  ???:0
28 0x0000000000405879 _start()  ???:0
=================================
[Orion-01-56:204825] *** Process received signal ***
[Orion-01-56:204825] Signal: Segmentation fault (11)
[Orion-01-56:204825] Signal code:  (-6)
[Orion-01-56:204825] Failing at address: 0x20e500032019
==== backtrace (tid: 204823) ====
 0 0x0000000000737c03 ESMCI::LogErr::MsgFoundError()  /work/noaa/da/mpotts/sandbox/pgi_2019_openmpi_O_develop/esmf/src/Infrastructure/LogErr/src/ESMCI_LogErr.C:586
 1 0x000000000088ff01 c_esmc_meshcreatenodedistgrid_()  /work/noaa/da/mpotts/sandbox/pgi_2019_openmpi_O_develop/esmf/src/Infrastructure/Mesh/interface/ESMCI_Mesh_F.C:248
 2 0x0000000000fa7a4c esmf_meshmod_esmf_meshcreatefrompointer_()  /work/noaa/da/mpotts/sandbox/pgi_2019_openmpi_O_develop/esmf/src/Infrastructure/Mesh/interface/ESMF_Mesh.F90:3091
 3 0x0000000000e88bc2 esmf_gridutilmod_esmf_gridtomesh_()  /work/noaa/da/mpotts/sandbox/pgi_2019_openmpi_O_develop/esmf/src/Infrastructure/GridUtil/interface/ESMF_GridUtil.F90:453
 4 0x0000000000dacc06 esmf_fieldregridmod_b_or_p_gridtomesh_()  /work/noaa/da/mpotts/sandbox/pgi_2019_openmpi_O_develop/esmf/src/Infrastructure/Field/src/ESMF_FieldRegrid.F90:3228
 5 0x0000000000daa0c4 esmf_fieldregridmod_getmeshwithnodesonfieldloc_()  /work/noaa/da/mpotts/sandbox/pgi_2019_openmpi_O_develop/esmf/src/Infrastructure/Field/src/ESMF_FieldRegrid.F90:1346
 6 0x0000000000da85ff esmf_fieldregridmod_esmf_fieldregridstorenx_()  /work/noaa/da/mpotts/sandbox/pgi_2019_openmpi_O_develop/esmf/src/Infrastructure/Field/src/ESMF_FieldRegrid.F90:971
 7 0x0000000000c8399a esmf_fieldbundlemod_esmf_fieldbundleregridstorepair_()  /work/noaa/da/mpotts/sandbox/pgi_2019_openmpi_O_develop/esmf/src/Infrastructure/FieldBundle/src/ESMF_FieldBundle.F90:16211
 8 0x0000000001235d62 nuopc_connector_fieldbundlecplstore_()  /work/noaa/da/mpotts/sandbox/pgi_2019_openmpi_O_develop/esmf/src/addon/NUOPC/src/NUOPC_Connector.F90:7714
 9 0x000000000121fd76 nuopc_connector_initializeipdv05p6b_()  /work/noaa/da/mpotts/sandbox/pgi_2019_openmpi_O_develop/esmf/src/addon/NUOPC/src/NUOPC_Connector.F90:5386
10 0x0000000000657207 ESMCI::FTable::callVFuncPtr()  /work/noaa/da/mpotts/sandbox/pgi_2019_openmpi_O_develop/esmf/src/Superstructure/Component/src/ESMCI_FTable.C:2167
11 0x000000000065540a ESMCI_FTableCallEntryPointVMHop()  /work/noaa/da/mpotts/sandbox/pgi_2019_openmpi_O_develop/esmf/src/Superstructure/Component/src/ESMCI_FTable.C:824
12 0x0000000000a42368 ESMCI::VM::enter()  /work/noaa/da/mpotts/sandbox/pgi_2019_openmpi_O_develop/esmf/src/Infrastructure/VM/src/ESMCI_VM.C:1216
13 0x00000000006557e7 c_esmc_ftablecallentrypointvm_()  /work/noaa/da/mpotts/sandbox/pgi_2019_openmpi_O_develop/esmf/src/Superstructure/Component/src/ESMCI_FTable.C:981
14 0x0000000000c15ddd esmf_compmod_esmf_compexecute_()  /work/noaa/da/mpotts/sandbox/pgi_2019_openmpi_O_develop/esmf/src/Superstructure/Component/src/ESMF_Comp.F90:1223
15 0x0000000000c28021 esmf_cplcompmod_esmf_cplcompinitialize_()  /work/noaa/da/mpotts/sandbox/pgi_2019_openmpi_O_develop/esmf/src/Superstructure/Component/src/ESMF_CplComp.F90:1165
16 0x0000000001255984 nuopc_driver_loopconnectorcompss_()  /work/noaa/da/mpotts/sandbox/pgi_2019_openmpi_O_develop/esmf/src/addon/NUOPC/src/NUOPC_Driver.F90:3023
17 0x000000000124ced7 nuopc_driver_initializeipdv02p3_()  /work/noaa/da/mpotts/sandbox/pgi_2019_openmpi_O_develop/esmf/src/addon/NUOPC/src/NUOPC_Driver.F90:2110
18 0x000000000123b52a nuopc_driver_initializegeneric_()  /work/noaa/da/mpotts/sandbox/pgi_2019_openmpi_O_develop/esmf/src/addon/NUOPC/src/NUOPC_Driver.F90:479
19 0x0000000000657207 ESMCI::FTable::callVFuncPtr()  /work/noaa/da/mpotts/sandbox/pgi_2019_openmpi_O_develop/esmf/src/Superstructure/Component/src/ESMCI_FTable.C:2167
20 0x000000000065540a ESMCI_FTableCallEntryPointVMHop()  /work/noaa/da/mpotts/sandbox/pgi_2019_openmpi_O_develop/esmf/src/Superstructure/Component/src/ESMCI_FTable.C:824
21 0x0000000000a42368 ESMCI::VM::enter()  /work/noaa/da/mpotts/sandbox/pgi_2019_openmpi_O_develop/esmf/src/Infrastructure/VM/src/ESMCI_VM.C:1216
22 0x00000000006557e7 c_esmc_ftablecallentrypointvm_()  /work/noaa/da/mpotts/sandbox/pgi_2019_openmpi_O_develop/esmf/src/Superstructure/Component/src/ESMCI_FTable.C:981
23 0x0000000000c15ddd esmf_compmod_esmf_compexecute_()  /work/noaa/da/mpotts/sandbox/pgi_2019_openmpi_O_develop/esmf/src/Superstructure/Component/src/ESMF_Comp.F90:1223
24 0x0000000000deee01 esmf_gridcompmod_esmf_gridcompinitialize_()  /work/noaa/da/mpotts/sandbox/pgi_2019_openmpi_O_develop/esmf/src/Superstructure/Component/src/ESMF_GridComp.F90:1412
25 0x0000000000405ce0 MAIN_()  /work/noaa/da/mpotts/sandbox/pgi_2019_openmpi_O_develop/nuopc-app-prototypes/NamespaceProto/mainApp.F90:61
26 0x0000000000405973 main()  ???:0
27 0x0000000000022495 __libc_start_main()  ???:0
28 0x0000000000405879 _start()  ???:0
=================================
[Orion-01-56:204825] [ 0] /lib64/libpthread.so.0(+0xf5d0)[0x7f2aa95ce5d0]
[Orion-01-56:204823] *** Process received signal ***
[Orion-01-56:204823] Signal: Segmentation fault (11)
[Orion-01-56:204823] Signal code:  (-6)
[Orion-01-56:204823] Failing at address: 0x20e500032017
[Orion-01-56:204825] [ 1] /work/noaa/da/mpotts/sandbox/pgi_2019_openmpi_O_develop/esmf/DEFAULTINSTALLDIR/lib/libO/Linux.pgi.64.openmpi.default/libesmf.so(_ZN5ESMCI6LogErr13MsgFoundErrorEiPKciS2_S2_Pi+0x33)[0x7f2aa7d67c03]
[Orion-01-56:204823] [ 0] /lib64/libpthread.so.0(+0xf5d0)[0x7fa85b2225d0]
[Orion-01-56:204825] [ 2] /work/noaa/da/mpotts/sandbox/pgi_2019_openmpi_O_develop/esmf/DEFAULTINSTALLDIR/lib/libO/Linux.pgi.64.openmpi.default/libesmf.so(c_esmc_meshcreatenodedistgrid_+0xa1)[0x7f2aa7ebff01]
[Orion-01-56:204823] [ 1] /work/noaa/da/mpotts/sandbox/pgi_2019_openmpi_O_develop/esmf/DEFAULTINSTALLDIR/lib/libO/Linux.pgi.64.openmpi.default/libesmf.so(_ZN5ESMCI6LogErr13MsgFoundErrorEiPKciS2_S2_Pi+0x33)[0x7fa8599bbc03]
[Orion-01-56:204825] [ 3] /work/noaa/da/mpotts/sandbox/pgi_2019_openmpi_O_develop/esmf/DEFAULTINSTALLDIR/lib/libO/Linux.pgi.64.openmpi.default/libesmf.so(esmf_meshmod_esmf_meshcreatefrompointer_+0x4c)[0x7f2aa85d7a4c]
[Orion-01-56:204823] [ 2] /work/noaa/da/mpotts/sandbox/pgi_2019_openmpi_O_develop/esmf/DEFAULTINSTALLDIR/lib/libO/Linux.pgi.64.openmpi.default/libesmf.so(c_esmc_meshcreatenodedistgrid_+0xa1)[0x7fa859b13f01]
[Orion-01-56:204825] [ 4] /work/noaa/da/mpotts/sandbox/pgi_2019_openmpi_O_develop/esmf/DEFAULTINSTALLDIR/lib/libO/Linux.pgi.64.openmpi.default/libesmf.so(esmf_gridutilmod_esmf_gridtomesh_+0x352)[0x7f2aa84b8bc2]
[Orion-01-56:204823] [ 3] /work/noaa/da/mpotts/sandbox/pgi_2019_openmpi_O_develop/esmf/DEFAULTINSTALLDIR/lib/libO/Linux.pgi.64.openmpi.default/libesmf.so(esmf_meshmod_esmf_meshcreatefrompointer_+0x4c)[0x7fa85a22ba4c]
[Orion-01-56:204825] [ 5] /work/noaa/da/mpotts/sandbox/pgi_2019_openmpi_O_develop/esmf/DEFAULTINSTALLDIR/lib/libO/Linux.pgi.64.openmpi.default/libesmf.so(esmf_fieldregridmod_b_or_p_gridtomesh_+0x156)[0x7f2aa83dcc06]
[Orion-01-56:204823] [ 4] /work/noaa/da/mpotts/sandbox/pgi_2019_openmpi_O_develop/esmf/DEFAULTINSTALLDIR/lib/libO/Linux.pgi.64.openmpi.default/libesmf.so(esmf_gridutilmod_esmf_gridtomesh_+0x352)[0x7fa85a10cbc2]
[Orion-01-56:204825] [ 6] /work/noaa/da/mpotts/sandbox/pgi_2019_openmpi_O_develop/esmf/DEFAULTINSTALLDIR/lib/libO/Linux.pgi.64.openmpi.default/libesmf.so(esmf_fieldregridmod_getmeshwithnodesonfieldloc_+0x394)[0x7f2aa83da0c4]
[Orion-01-56:204823] [ 5] /work/noaa/da/mpotts/sandbox/pgi_2019_openmpi_O_develop/esmf/DEFAULTINSTALLDIR/lib/libO/Linux.pgi.64.openmpi.default/libesmf.so(esmf_fieldregridmod_b_or_p_gridtomesh_+0x156)[0x7fa85a030c06]
[Orion-01-56:204825] [ 7] /work/noaa/da/mpotts/sandbox/pgi_2019_openmpi_O_develop/esmf/DEFAULTINSTALLDIR/lib/libO/Linux.pgi.64.openmpi.default/libesmf.so(esmf_fieldregridmod_esmf_fieldregridstorenx_+0x9cf)[0x7f2aa83d85ff]
[Orion-01-56:204823] [ 6] /work/noaa/da/mpotts/sandbox/pgi_2019_openmpi_O_develop/esmf/DEFAULTINSTALLDIR/lib/libO/Linux.pgi.64.openmpi.default/libesmf.so(esmf_fieldregridmod_getmeshwithnodesonfieldloc_+0x394)[0x7fa85a02e0c4]
[Orion-01-56:204825] [ 8] /work/noaa/da/mpotts/sandbox/pgi_2019_openmpi_O_develop/esmf/DEFAULTINSTALLDIR/lib/libO/Linux.pgi.64.openmpi.default/libesmf.so(esmf_fieldbundlemod_esmf_fieldbundleregridstorepair_+0x3a1a)[0x7f2aa82b399a]
[Orion-01-56:204823] [ 7] /work/noaa/da/mpotts/sandbox/pgi_2019_openmpi_O_develop/esmf/DEFAULTINSTALLDIR/lib/libO/Linux.pgi.64.openmpi.default/libesmf.so(esmf_fieldregridmod_esmf_fieldregridstorenx_+0x9cf)[0x7fa85a02c5ff]
[Orion-01-56:204825] [ 9] /work/noaa/da/mpotts/sandbox/pgi_2019_openmpi_O_develop/esmf/DEFAULTINSTALLDIR/lib/libO/Linux.pgi.64.openmpi.default/libesmf.so(nuopc_connector_fieldbundlecplstore_+0x90d2)[0x7f2aa8865d62]
[Orion-01-56:204823] [ 8] /work/noaa/da/mpotts/sandbox/pgi_2019_openmpi_O_develop/esmf/DEFAULTINSTALLDIR/lib/libO/Linux.pgi.64.openmpi.default/libesmf.so(esmf_fieldbundlemod_esmf_fieldbundleregridstorepair_+0x3a1a)[0x7fa859f0799a]
[Orion-01-56:204825] [10] /work/noaa/da/mpotts/sandbox/pgi_2019_openmpi_O_develop/esmf/DEFAULTINSTALLDIR/lib/libO/Linux.pgi.64.openmpi.default/libesmf.so(nuopc_connector_initializeipdv05p6b_+0x4f76)[0x7f2aa884fd76]
[Orion-01-56:204823] [ 9] /work/noaa/da/mpotts/sandbox/pgi_2019_openmpi_O_develop/esmf/DEFAULTINSTALLDIR/lib/libO/Linux.pgi.64.openmpi.default/libesmf.so(nuopc_connector_fieldbundlecplstore_+0x90d2)[0x7fa85a4b9d62]
[Orion-01-56:204825] [11] /work/noaa/da/mpotts/sandbox/pgi_2019_openmpi_O_develop/esmf/DEFAULTINSTALLDIR/lib/libO/Linux.pgi.64.openmpi.default/libesmf.so(_ZN5ESMCI6FTable12callVFuncPtrEPKcPNS_2VMEPi+0x417)[0x7f2aa7c87207]
[Orion-01-56:204823] [10] /work/noaa/da/mpotts/sandbox/pgi_2019_openmpi_O_develop/esmf/DEFAULTINSTALLDIR/lib/libO/Linux.pgi.64.openmpi.default/libesmf.so(nuopc_connector_initializeipdv05p6b_+0x4f76)[0x7fa85a4a3d76]
[Orion-01-56:204825] [12] /work/noaa/da/mpotts/sandbox/pgi_2019_openmpi_O_develop/esmf/DEFAULTINSTALLDIR/lib/libO/Linux.pgi.64.openmpi.default/libesmf.so(ESMCI_FTableCallEntryPointVMHop+0x1ea)[0x7f2aa7c8540a]
[Orion-01-56:204823] [11] /work/noaa/da/mpotts/sandbox/pgi_2019_openmpi_O_develop/esmf/DEFAULTINSTALLDIR/lib/libO/Linux.pgi.64.openmpi.default/libesmf.so(_ZN5ESMCI6FTable12callVFuncPtrEPKcPNS_2VMEPi+0x417)[0x7fa8598db207]
[Orion-01-56:204825] [13] /work/noaa/da/mpotts/sandbox/pgi_2019_openmpi_O_develop/esmf/DEFAULTINSTALLDIR/lib/libO/Linux.pgi.64.openmpi.default/libesmf.so(_ZN5ESMCI2VM5enterEPNS_6VMPlanEPvS3_+0x18)[0x7f2aa8072368]
[Orion-01-56:204823] [12] /work/noaa/da/mpotts/sandbox/pgi_2019_openmpi_O_develop/esmf/DEFAULTINSTALLDIR/lib/libO/Linux.pgi.64.openmpi.default/libesmf.so(ESMCI_FTableCallEntryPointVMHop+0x1ea)[0x7fa8598d940a]
[Orion-01-56:204825] [14] /work/noaa/da/mpotts/sandbox/pgi_2019_openmpi_O_develop/esmf/DEFAULTINSTALLDIR/lib/libO/Linux.pgi.64.openmpi.default/libesmf.so(c_esmc_ftablecallentrypointvm_+0x337)[0x7f2aa7c857e7]
[Orion-01-56:204823] [13] /work/noaa/da/mpotts/sandbox/pgi_2019_openmpi_O_develop/esmf/DEFAULTINSTALLDIR/lib/libO/Linux.pgi.64.openmpi.default/libesmf.so(_ZN5ESMCI2VM5enterEPNS_6VMPlanEPvS3_+0x18)[0x7fa859cc6368]
[Orion-01-56:204825] [15] /work/noaa/da/mpotts/sandbox/pgi_2019_openmpi_O_develop/esmf/DEFAULTINSTALLDIR/lib/libO/Linux.pgi.64.openmpi.default/libesmf.so(esmf_compmod_esmf_compexecute_+0x7ed)[0x7f2aa8245ddd]
[Orion-01-56:204823] [14] /work/noaa/da/mpotts/sandbox/pgi_2019_openmpi_O_develop/esmf/DEFAULTINSTALLDIR/lib/libO/Linux.pgi.64.openmpi.default/libesmf.so(c_esmc_ftablecallentrypointvm_+0x337)[0x7fa8598d97e7]
[Orion-01-56:204825] [16] /work/noaa/da/mpotts/sandbox/pgi_2019_openmpi_O_develop/esmf/DEFAULTINSTALLDIR/lib/libO/Linux.pgi.64.openmpi.default/libesmf.so(esmf_cplcompmod_esmf_cplcompinitialize_+0x161)[0x7f2aa8258021]
[Orion-01-56:204823] [15] /work/noaa/da/mpotts/sandbox/pgi_2019_openmpi_O_develop/esmf/DEFAULTINSTALLDIR/lib/libO/Linux.pgi.64.openmpi.default/libesmf.so(esmf_compmod_esmf_compexecute_+0x7ed)[0x7fa859e99ddd]
[Orion-01-56:204825] [17] /work/noaa/da/mpotts/sandbox/pgi_2019_openmpi_O_develop/esmf/DEFAULTINSTALLDIR/lib/libO/Linux.pgi.64.openmpi.default/libesmf.so(nuopc_driver_loopconnectorcompss_+0xeb4)[0x7f2aa8885984]
[Orion-01-56:204823] [16] /work/noaa/da/mpotts/sandbox/pgi_2019_openmpi_O_develop/esmf/DEFAULTINSTALLDIR/lib/libO/Linux.pgi.64.openmpi.default/libesmf.so(esmf_cplcompmod_esmf_cplcompinitialize_+0x161)[0x7fa859eac021]
[Orion-01-56:204825] [18] /work/noaa/da/mpotts/sandbox/pgi_2019_openmpi_O_develop/esmf/DEFAULTINSTALLDIR/lib/libO/Linux.pgi.64.openmpi.default/libesmf.so(nuopc_driver_initializeipdv02p3_+0x2f77)[0x7f2aa887ced7]
[Orion-01-56:204823] [17] /work/noaa/da/mpotts/sandbox/pgi_2019_openmpi_O_develop/esmf/DEFAULTINSTALLDIR/lib/libO/Linux.pgi.64.openmpi.default/libesmf.so(nuopc_driver_loopconnectorcompss_+0xeb4)[0x7fa85a4d9984]
[Orion-01-56:204825] [19] /work/noaa/da/mpotts/sandbox/pgi_2019_openmpi_O_develop/esmf/DEFAULTINSTALLDIR/lib/libO/Linux.pgi.64.openmpi.default/libesmf.so(nuopc_driver_initializegeneric_+0x62a)[0x7f2aa886b52a]
[Orion-01-56:204823] [18] /work/noaa/da/mpotts/sandbox/pgi_2019_openmpi_O_develop/esmf/DEFAULTINSTALLDIR/lib/libO/Linux.pgi.64.openmpi.default/libesmf.so(nuopc_driver_initializeipdv02p3_+0x2f77)[0x7fa85a4d0ed7]
[Orion-01-56:204825] [20] /work/noaa/da/mpotts/sandbox/pgi_2019_openmpi_O_develop/esmf/DEFAULTINSTALLDIR/lib/libO/Linux.pgi.64.openmpi.default/libesmf.so(_ZN5ESMCI6FTable12callVFuncPtrEPKcPNS_2VMEPi+0x417)[0x7f2aa7c87207]
[Orion-01-56:204823] [19] /work/noaa/da/mpotts/sandbox/pgi_2019_openmpi_O_develop/esmf/DEFAULTINSTALLDIR/lib/libO/Linux.pgi.64.openmpi.default/libesmf.so(nuopc_driver_initializegeneric_+0x62a)[0x7fa85a4bf52a]
[Orion-01-56:204825] [21] /work/noaa/da/mpotts/sandbox/pgi_2019_openmpi_O_develop/esmf/DEFAULTINSTALLDIR/lib/libO/Linux.pgi.64.openmpi.default/libesmf.so(ESMCI_FTableCallEntryPointVMHop+0x1ea)[0x7f2aa7c8540a]
[Orion-01-56:204823] [20] /work/noaa/da/mpotts/sandbox/pgi_2019_openmpi_O_develop/esmf/DEFAULTINSTALLDIR/lib/libO/Linux.pgi.64.openmpi.default/libesmf.so(_ZN5ESMCI6FTable12callVFuncPtrEPKcPNS_2VMEPi+0x417)[0x7fa8598db207]
[Orion-01-56:204825] [22] /work/noaa/da/mpotts/sandbox/pgi_2019_openmpi_O_develop/esmf/DEFAULTINSTALLDIR/lib/libO/Linux.pgi.64.openmpi.default/libesmf.so(_ZN5ESMCI2VM5enterEPNS_6VMPlanEPvS3_+0x18)[0x7f2aa8072368]
[Orion-01-56:204823] [21] /work/noaa/da/mpotts/sandbox/pgi_2019_openmpi_O_develop/esmf/DEFAULTINSTALLDIR/lib/libO/Linux.pgi.64.openmpi.default/libesmf.so(ESMCI_FTableCallEntryPointVMHop+0x1ea)[0x7fa8598d940a]
[Orion-01-56:204825] [23] /work/noaa/da/mpotts/sandbox/pgi_2019_openmpi_O_develop/esmf/DEFAULTINSTALLDIR/lib/libO/Linux.pgi.64.openmpi.default/libesmf.so(c_esmc_ftablecallentrypointvm_+0x337)[0x7f2aa7c857e7]
[Orion-01-56:204823] [22] /work/noaa/da/mpotts/sandbox/pgi_2019_openmpi_O_develop/esmf/DEFAULTINSTALLDIR/lib/libO/Linux.pgi.64.openmpi.default/libesmf.so(_ZN5ESMCI2VM5enterEPNS_6VMPlanEPvS3_+0x18)[0x7fa859cc6368]
[Orion-01-56:204825] [24] /work/noaa/da/mpotts/sandbox/pgi_2019_openmpi_O_develop/esmf/DEFAULTINSTALLDIR/lib/libO/Linux.pgi.64.openmpi.default/libesmf.so(esmf_compmod_esmf_compexecute_+0x7ed)[0x7f2aa8245ddd]
[Orion-01-56:204823] [23] /work/noaa/da/mpotts/sandbox/pgi_2019_openmpi_O_develop/esmf/DEFAULTINSTALLDIR/lib/libO/Linux.pgi.64.openmpi.default/libesmf.so(c_esmc_ftablecallentrypointvm_+0x337)[0x7fa8598d97e7]
[Orion-01-56:204825] [25] /work/noaa/da/mpotts/sandbox/pgi_2019_openmpi_O_develop/esmf/DEFAULTINSTALLDIR/lib/libO/Linux.pgi.64.openmpi.default/libesmf.so(esmf_gridcompmod_esmf_gridcompinitialize_+0x161)[0x7f2aa841ee01]
[Orion-01-56:204823] [24] /work/noaa/da/mpotts/sandbox/pgi_2019_openmpi_O_develop/esmf/DEFAULTINSTALLDIR/lib/libO/Linux.pgi.64.openmpi.default/libesmf.so(esmf_compmod_esmf_compexecute_+0x7ed)[0x7fa859e99ddd]
[Orion-01-56:204825] [26] /work/noaa/da/mpotts/sandbox/pgi_2019_openmpi_O_develop/nuopc-app-prototypes/NamespaceProto/./mainApp[0x405ce0]
[Orion-01-56:204825] [27] /work/noaa/da/mpotts/sandbox/pgi_2019_openmpi_O_develop/nuopc-app-prototypes/NamespaceProto/./mainApp[0x405973]
[Orion-01-56:204825] [28] /lib64/libc.so.6(__libc_start_main+0xf5)[0x7f2aa3a7d495]
[Orion-01-56:204825] [29] /work/noaa/da/mpotts/sandbox/pgi_2019_openmpi_O_develop/nuopc-app-prototypes/NamespaceProto/./mainApp[0x405879]
[Orion-01-56:204825] *** End of error message ***
[Orion-01-56:204823] [25] /work/noaa/da/mpotts/sandbox/pgi_2019_openmpi_O_develop/esmf/DEFAULTINSTALLDIR/lib/libO/Linux.pgi.64.openmpi.default/libesmf.so(esmf_gridcompmod_esmf_gridcompinitialize_+0x161)[0x7fa85a072e01]
[Orion-01-56:204823] [26] /work/noaa/da/mpotts/sandbox/pgi_2019_openmpi_O_develop/nuopc-app-prototypes/NamespaceProto/./mainApp[0x405ce0]
[Orion-01-56:204823] [27] /work/noaa/da/mpotts/sandbox/pgi_2019_openmpi_O_develop/nuopc-app-prototypes/NamespaceProto/./mainApp[0x405973]
[Orion-01-56:204823] [28] /lib64/libc.so.6(__libc_start_main+0xf5)[0x7fa8556d1495]
[Orion-01-56:204823] [29] /work/noaa/da/mpotts/sandbox/pgi_2019_openmpi_O_develop/nuopc-app-prototypes/NamespaceProto/./mainApp[0x405879]
[Orion-01-56:204823] *** End of error message ***
srun: error: Orion-01-56: tasks 0-3: Segmentation fault
srun: launch/slurm: _step_signal: Terminating StepId=9507321.385
