2023-03-25 07:21:23
[1679730303.494428] [h2c40:149780:0]         mxm.c:196  MXM  WARN  The 'ulimit -s' on the system is set to 'unlimited'. This may have negative performance implications. Please set the stack size to the default value (10240) 
[1679730303.499602] [h2c40:149780:0]         mxm.c:196  MXM  WARN  The 'ulimit -s' on the system is set to 'unlimited'. This may have negative performance implications. Please set the stack size to the default value (10240) 
[1679730303.481995] [h2c40:149779:0]         mxm.c:196  MXM  WARN  The 'ulimit -s' on the system is set to 'unlimited'. This may have negative performance implications. Please set the stack size to the default value (10240) 
[1679730303.486820] [h2c40:149779:0]         mxm.c:196  MXM  WARN  The 'ulimit -s' on the system is set to 'unlimited'. This may have negative performance implications. Please set the stack size to the default value (10240) 
[1679730303.487382] [h2c40:149781:0]         mxm.c:196  MXM  WARN  The 'ulimit -s' on the system is set to 'unlimited'. This may have negative performance implications. Please set the stack size to the default value (10240) 
[1679730303.492214] [h2c40:149781:0]         mxm.c:196  MXM  WARN  The 'ulimit -s' on the system is set to 'unlimited'. This may have negative performance implications. Please set the stack size to the default value (10240) 
[1679730303.494370] [h2c40:149782:0]         mxm.c:196  MXM  WARN  The 'ulimit -s' on the system is set to 'unlimited'. This may have negative performance implications. Please set the stack size to the default value (10240) 
[1679730303.499395] [h2c40:149782:0]         mxm.c:196  MXM  WARN  The 'ulimit -s' on the system is set to 'unlimited'. This may have negative performance implications. Please set the stack size to the default value (10240) 
 Somewhat of a SILLY @$^@_ label
 finalCalculation               
 Somewhat of a SILLY @$^@_ label
 finalCalculation               
 Somewhat of a SILLY @$^@_ label
 finalCalculation               
 Somewhat of a SILLY @$^@_ label
 finalCalculation               
 dummy output from attached method 
 dummy output from attached method 
 dummy output from attached method 
 dummy output from attached method 
  PASS  Example ESMF_AttachMethodsEx, ESMF_AttachMethodsEx.F90, line 292
  PASS  Example ESMF_AttachMethodsEx, ESMF_AttachMethodsEx.F90, line 292
  PASS  Example ESMF_AttachMethodsEx, ESMF_AttachMethodsEx.F90, line 292
  PASS  Example ESMF_AttachMethodsEx, ESMF_AttachMethodsEx.F90, line 292
 PASS: ESMF_AttachMethodsEx.F90
 PASS: ESMF_AttachMethodsEx.F90
 PASS: ESMF_AttachMethodsEx.F90
 PASS: ESMF_AttachMethodsEx.F90
