2023-03-20 04:16:14
20230320 053246.858 INFO             PET0 !!!!!!!!!!!!!!!!!!!!!!!!!!!!!!!!!!!!!!!!!!!!!!!!!!!!!!
20230320 053246.858 INFO             PET0 !!! THE ESMF_LOG IS SET TO OUTPUT ALL LOG MESSAGES !!!
20230320 053246.858 INFO             PET0 !!!     THIS MAY CAUSE SLOWDOWN IN PERFORMANCE     !!!
20230320 053246.858 INFO             PET0 !!! FOR PRODUCTION RUNS, USE:                      !!!
20230320 053246.858 INFO             PET0 !!!                   ESMF_LOGKIND_Multi_On_Error  !!!
20230320 053246.858 INFO             PET0 !!!!!!!!!!!!!!!!!!!!!!!!!!!!!!!!!!!!!!!!!!!!!!!!!!!!!!
20230320 053246.859 INFO             PET0 Running with ESMF Version   : v8.5.0b18-5-ge74a33b91d
20230320 053246.859 INFO             PET0 ESMF library build date/time: "Mar 20 2023" "04:13:30"
20230320 053246.859 INFO             PET0 ESMF library build location : /lfs4/HFIP/hfv3gfs/Mark.Potts/esmf-tests/nvhpc_22.2_intelmpi_O_develop/esmf
20230320 053246.859 INFO             PET0 ESMF_COMM                   : intelmpi
20230320 053246.859 INFO             PET0 ESMF_MOAB                   : enabled
20230320 053246.859 INFO             PET0 ESMF_LAPACK                 : enabled
20230320 053246.859 INFO             PET0 ESMF_NETCDF                 : disabled
20230320 053246.859 INFO             PET0 ESMF_PNETCDF                : disabled
20230320 053246.859 INFO             PET0 ESMF_PIO                    : disabled
20230320 053246.859 INFO             PET0 ESMF_YAMLCPP                : enabled
20230320 053246.860 INFO             PET0 esmApp STARTING
20230320 053246.863 INFO             PET0 esm: InitializeGeneric intro.
20230320 053246.863 INFO             PET0   esm: InitializeP0 intro.
20230320 053246.863 INFO             PET0   esm: InitializeP0 extro.
20230320 053246.863 INFO             PET0   esm: InitializeIPDv02p1 intro.
20230320 053246.863 INFO             PET0     >>>esm: entered Initialize (phase=<none>) without valid internal Clock.
20230320 053246.863 INFO             PET0     esm - Creating model component ATM with petList of size 2 :
20230320 053246.863 INFO             PET0           0      1
20230320 053246.865 INFO             PET0     esm - Creating model component OCN with petList of size 2 :
20230320 053246.865 INFO             PET0           2      3
20230320 053246.866 INFO             PET0     esm - Creating connector component ATM-TO-OCN with petList of size 4 :
20230320 053246.866 INFO             PET0           0      1      2      3
20230320 053246.871 INFO             PET0     esm - Creating connector component OCN-TO-ATM with petList of size 4 :
20230320 053246.871 INFO             PET0           2      3      0      1
20230320 053246.874 INFO             PET0     esm - Creating state: modelComp 1 Import State
20230320 053246.875 INFO             PET0     esm - Creating state: modelComp 1 Export State
20230320 053246.875 INFO             PET0     esm - Creating state: modelComp 2 Import State
20230320 053246.875 INFO             PET0     esm - Creating state: modelComp 2 Export State
20230320 053246.876 INFO             PET0     ATM: InitializeP0 intro.
20230320 053246.876 INFO             PET0     ATM: InitializeP0 extro.
20230320 053246.877 INFO             PET0     ATM-TO-OCN: InitializeP0 intro.
20230320 053246.878 INFO             PET0     ATM-TO-OCN: InitializeP0 extro.
20230320 053246.878 INFO             PET0     OCN-TO-ATM: InitializeP0 intro.
20230320 053246.878 INFO             PET0     OCN-TO-ATM: InitializeP0 extro.
20230320 053246.879 INFO             PET0     esm: IInitAdvertise intro.
20230320 053246.879 INFO             PET0     esm: IInitAdvertise extro.
20230320 053246.879 INFO             PET0     ATM: InitializeIPDvXp01 intro.
20230320 053246.882 INFO             PET0     ATM: InitializeIPDvXp01 extro.
20230320 053246.883 INFO             PET0     ATM-TO-OCN: InitializeIPDv05p1 intro.
20230320 053246.888 INFO             PET0     ATM-TO-OCN: InitializeIPDv05p1 extro.
20230320 053246.888 INFO             PET0     OCN-TO-ATM: InitializeIPDv05p1 intro.
20230320 053246.890 INFO             PET0     OCN-TO-ATM: InitializeIPDv05p1 extro.
20230320 053246.891 INFO             PET0     esm: IInitAdvertiseFinish intro.
20230320 053246.891 INFO             PET0     esm: IInitAdvertiseFinish extro.
20230320 053246.891 INFO             PET0     ATM-TO-OCN: InitializeIPDv05p2a intro.
20230320 053246.895 INFO             PET0     ATM-TO-OCN: InitializeIPDv05p2a extro.
20230320 053246.896 INFO             PET0     OCN-TO-ATM: InitializeIPDv05p2a intro.
20230320 053246.898 INFO             PET0     OCN-TO-ATM: InitializeIPDv05p2a extro.
20230320 053246.898 INFO             PET0     ATM-TO-OCN: InitializeIPDv05p2b intro.
20230320 053246.902 INFO             PET0     ATM-TO-OCN: InitializeIPDv05p2b extro.
20230320 053246.903 INFO             PET0     OCN-TO-ATM: InitializeIPDv05p2b intro.
20230320 053246.905 INFO             PET0     OCN-TO-ATM: InitializeIPDv05p2b extro.
20230320 053246.905 INFO             PET0     esm: IInitModifyCplLists intro.
20230320 053246.905 INFO             PET0       Driver is in ModifyCplLists()
20230320 053246.905 INFO             PET0        Found             2  Connectors. Modifying CplList Attribute....
20230320 053246.905 INFO             PET0        Modifying cplList Attribute on ATM-TO-OCN: air_pressure_at_sea_level
20230320 053246.905 INFO             PET0        Modified: air_pressure_at_sea_level:REMAPMETHOD=redist
20230320 053246.905 INFO             PET0        Modifying cplList Attribute on ATM-TO-OCN: surface_net_downward_longwave_flux
20230320 053246.905 INFO             PET0        Modified: surface_net_downward_longwave_flux:REMAPMETHOD=bilinear:SrcTermProcessing=1:TermOrder=SrcSeq
20230320 053246.905 INFO             PET0        Modifying cplList Attribute on ATM-TO-OCN: surface_net_downward_shortwave_flux
20230320 053246.906 INFO             PET0        Modified: surface_net_downward_shortwave_flux:REMAPMETHOD=redist
20230320 053246.906 INFO             PET0        Modifying cplList Attribute on ATM-TO-OCN: surface_downward_heat_flux_in_air
20230320 053246.906 INFO             PET0        Modified: surface_downward_heat_flux_in_air:REMAPMETHOD=bilinear:SrcTermProcessing=1:TermOrder=SrcSeq
20230320 053246.906 INFO             PET0        Modifying cplList Attribute on OCN-TO-ATM: sea_surface_temperature
20230320 053246.906 INFO             PET0        Modified: sea_surface_temperature:REMAPMETHOD=bilinear:SrcTermProcessing=1:TermOrder=SrcSeq
20230320 053246.906 INFO             PET0     esm: IInitModifyCplLists extro.
20230320 053246.906 INFO             PET0     ATM-TO-OCN: InitializeIPDv05p3 intro.
20230320 053246.911 INFO             PET0     ATM-TO-OCN: InitializeIPDv05p3 extro.
20230320 053246.911 INFO             PET0     OCN-TO-ATM: InitializeIPDv05p3 intro.
20230320 053246.913 INFO             PET0     OCN-TO-ATM: InitializeIPDv05p3 extro.
20230320 053246.913 INFO             PET0     <<<esm: leaving Initialize (phase=<none>) with current time: 2010  6  1  0  0  0   0
20230320 053246.913 INFO             PET0   esm: InitializeIPDv02p1 extro.
20230320 053246.913 INFO             PET0   esm: InitializeIPDv02p3 intro.
20230320 053246.913 INFO             PET0     >>>esm: entered Initialize (phase=<none>) with current time: 2010  6  1  0  0  0   0
20230320 053246.913 INFO             PET0     esm: IInitCheck intro.
20230320 053246.913 INFO             PET0     esm: IInitCheck extro.
20230320 053246.914 INFO             PET0     ATM: InitializeIPDvXp04 intro.
20230320 053246.919 INFO             PET0     ATM: InitializeIPDvXp04 extro.
20230320 053246.920 INFO             PET0     ATM-TO-OCN: InitializeIPDv05p4 intro.
20230320 053246.928 INFO             PET0     ATM-TO-OCN: InitializeIPDv05p4 extro.
20230320 053246.928 INFO             PET0     OCN-TO-ATM: InitializeIPDv05p4 intro.
20230320 053246.932 INFO             PET0     OCN-TO-ATM: InitializeIPDv05p4 extro.
20230320 053246.932 INFO             PET0     ATM-TO-OCN: InitializeIPDv05p5 intro.
20230320 053246.940 INFO             PET0     ATM-TO-OCN: InitializeIPDv05p5 extro.
20230320 053246.940 INFO             PET0     OCN-TO-ATM: InitializeIPDv05p5 intro.
20230320 053246.943 INFO             PET0     OCN-TO-ATM: InitializeIPDv05p5 extro.
20230320 053246.943 INFO             PET0     esm: IInitRealize intro.
20230320 053246.943 INFO             PET0     esm: IInitRealize extro.
20230320 053246.944 INFO             PET0     ATM-TO-OCN: InitializeIPDv05p6a intro.
20230320 053246.951 INFO             PET0     ATM-TO-OCN: InitializeIPDv05p6a extro.
20230320 053246.858 INFO             PET1 !!!!!!!!!!!!!!!!!!!!!!!!!!!!!!!!!!!!!!!!!!!!!!!!!!!!!!
20230320 053246.858 INFO             PET1 !!! THE ESMF_LOG IS SET TO OUTPUT ALL LOG MESSAGES !!!
20230320 053246.858 INFO             PET1 !!!     THIS MAY CAUSE SLOWDOWN IN PERFORMANCE     !!!
20230320 053246.858 INFO             PET1 !!! FOR PRODUCTION RUNS, USE:                      !!!
20230320 053246.858 INFO             PET1 !!!                   ESMF_LOGKIND_Multi_On_Error  !!!
20230320 053246.858 INFO             PET1 !!!!!!!!!!!!!!!!!!!!!!!!!!!!!!!!!!!!!!!!!!!!!!!!!!!!!!
20230320 053246.859 INFO             PET1 Running with ESMF Version   : v8.5.0b18-5-ge74a33b91d
20230320 053246.859 INFO             PET1 ESMF library build date/time: "Mar 20 2023" "04:13:30"
20230320 053246.859 INFO             PET1 ESMF library build location : /lfs4/HFIP/hfv3gfs/Mark.Potts/esmf-tests/nvhpc_22.2_intelmpi_O_develop/esmf
20230320 053246.859 INFO             PET1 ESMF_COMM                   : intelmpi
20230320 053246.859 INFO             PET1 ESMF_MOAB                   : enabled
20230320 053246.859 INFO             PET1 ESMF_LAPACK                 : enabled
20230320 053246.859 INFO             PET1 ESMF_NETCDF                 : disabled
20230320 053246.859 INFO             PET1 ESMF_PNETCDF                : disabled
20230320 053246.859 INFO             PET1 ESMF_PIO                    : disabled
20230320 053246.859 INFO             PET1 ESMF_YAMLCPP                : enabled
20230320 053246.860 INFO             PET1 esmApp STARTING
20230320 053246.863 INFO             PET1 esm: InitializeGeneric intro.
20230320 053246.863 INFO             PET1   esm: InitializeP0 intro.
20230320 053246.863 INFO             PET1   esm: InitializeP0 extro.
20230320 053246.863 INFO             PET1   esm: InitializeIPDv02p1 intro.
20230320 053246.863 INFO             PET1     >>>esm: entered Initialize (phase=<none>) without valid internal Clock.
20230320 053246.863 INFO             PET1     esm - Creating model component ATM with petList of size 2 :
20230320 053246.863 INFO             PET1           0      1
20230320 053246.865 INFO             PET1     esm - Creating model component OCN with petList of size 2 :
20230320 053246.865 INFO             PET1           2      3
20230320 053246.866 INFO             PET1     esm - Creating connector component ATM-TO-OCN with petList of size 4 :
20230320 053246.866 INFO             PET1           0      1      2      3
20230320 053246.871 INFO             PET1     esm - Creating connector component OCN-TO-ATM with petList of size 4 :
20230320 053246.871 INFO             PET1           2      3      0      1
20230320 053246.875 INFO             PET1     esm - Creating state: modelComp 1 Import State
20230320 053246.875 INFO             PET1     esm - Creating state: modelComp 1 Export State
20230320 053246.875 INFO             PET1     esm - Creating state: modelComp 2 Import State
20230320 053246.875 INFO             PET1     esm - Creating state: modelComp 2 Export State
20230320 053246.876 INFO             PET1     ATM: InitializeP0 intro.
20230320 053246.876 INFO             PET1     ATM: InitializeP0 extro.
20230320 053246.877 INFO             PET1     ATM-TO-OCN: InitializeP0 intro.
20230320 053246.878 INFO             PET1     ATM-TO-OCN: InitializeP0 extro.
20230320 053246.878 INFO             PET1     OCN-TO-ATM: InitializeP0 intro.
20230320 053246.878 INFO             PET1     OCN-TO-ATM: InitializeP0 extro.
20230320 053246.879 INFO             PET1     esm: IInitAdvertise intro.
20230320 053246.879 INFO             PET1     esm: IInitAdvertise extro.
20230320 053246.879 INFO             PET1     ATM: InitializeIPDvXp01 intro.
20230320 053246.882 INFO             PET1     ATM: InitializeIPDvXp01 extro.
20230320 053246.883 INFO             PET1     ATM-TO-OCN: InitializeIPDv05p1 intro.
20230320 053246.888 INFO             PET1     ATM-TO-OCN: InitializeIPDv05p1 extro.
20230320 053246.888 INFO             PET1     OCN-TO-ATM: InitializeIPDv05p1 intro.
20230320 053246.890 INFO             PET1     OCN-TO-ATM: InitializeIPDv05p1 extro.
20230320 053246.891 INFO             PET1     esm: IInitAdvertiseFinish intro.
20230320 053246.891 INFO             PET1     esm: IInitAdvertiseFinish extro.
20230320 053246.891 INFO             PET1     ATM-TO-OCN: InitializeIPDv05p2a intro.
20230320 053246.896 INFO             PET1     ATM-TO-OCN: InitializeIPDv05p2a extro.
20230320 053246.896 INFO             PET1     OCN-TO-ATM: InitializeIPDv05p2a intro.
20230320 053246.898 INFO             PET1     OCN-TO-ATM: InitializeIPDv05p2a extro.
20230320 053246.898 INFO             PET1     ATM-TO-OCN: InitializeIPDv05p2b intro.
20230320 053246.902 INFO             PET1     ATM-TO-OCN: InitializeIPDv05p2b extro.
20230320 053246.903 INFO             PET1     OCN-TO-ATM: InitializeIPDv05p2b intro.
20230320 053246.905 INFO             PET1     OCN-TO-ATM: InitializeIPDv05p2b extro.
20230320 053246.905 INFO             PET1     esm: IInitModifyCplLists intro.
20230320 053246.905 INFO             PET1       Driver is in ModifyCplLists()
20230320 053246.905 INFO             PET1        Found             2  Connectors. Modifying CplList Attribute....
20230320 053246.905 INFO             PET1        Modifying cplList Attribute on ATM-TO-OCN: air_pressure_at_sea_level
20230320 053246.905 INFO             PET1        Modified: air_pressure_at_sea_level:REMAPMETHOD=redist
20230320 053246.905 INFO             PET1        Modifying cplList Attribute on ATM-TO-OCN: surface_net_downward_longwave_flux
20230320 053246.905 INFO             PET1        Modified: surface_net_downward_longwave_flux:REMAPMETHOD=bilinear:SrcTermProcessing=1:TermOrder=SrcSeq
20230320 053246.905 INFO             PET1        Modifying cplList Attribute on ATM-TO-OCN: surface_net_downward_shortwave_flux
20230320 053246.906 INFO             PET1        Modified: surface_net_downward_shortwave_flux:REMAPMETHOD=redist
20230320 053246.906 INFO             PET1        Modifying cplList Attribute on ATM-TO-OCN: surface_downward_heat_flux_in_air
20230320 053246.906 INFO             PET1        Modified: surface_downward_heat_flux_in_air:REMAPMETHOD=bilinear:SrcTermProcessing=1:TermOrder=SrcSeq
20230320 053246.906 INFO             PET1        Modifying cplList Attribute on OCN-TO-ATM: sea_surface_temperature
20230320 053246.906 INFO             PET1        Modified: sea_surface_temperature:REMAPMETHOD=bilinear:SrcTermProcessing=1:TermOrder=SrcSeq
20230320 053246.906 INFO             PET1     esm: IInitModifyCplLists extro.
20230320 053246.906 INFO             PET1     ATM-TO-OCN: InitializeIPDv05p3 intro.
20230320 053246.911 INFO             PET1     ATM-TO-OCN: InitializeIPDv05p3 extro.
20230320 053246.911 INFO             PET1     OCN-TO-ATM: InitializeIPDv05p3 intro.
20230320 053246.913 INFO             PET1     OCN-TO-ATM: InitializeIPDv05p3 extro.
20230320 053246.913 INFO             PET1     <<<esm: leaving Initialize (phase=<none>) with current time: 2010  6  1  0  0  0   0
20230320 053246.913 INFO             PET1   esm: InitializeIPDv02p1 extro.
20230320 053246.913 INFO             PET1   esm: InitializeIPDv02p3 intro.
20230320 053246.913 INFO             PET1     >>>esm: entered Initialize (phase=<none>) with current time: 2010  6  1  0  0  0   0
20230320 053246.913 INFO             PET1     esm: IInitCheck intro.
20230320 053246.914 INFO             PET1     esm: IInitCheck extro.
20230320 053246.914 INFO             PET1     ATM: InitializeIPDvXp04 intro.
20230320 053246.919 INFO             PET1     ATM: InitializeIPDvXp04 extro.
20230320 053246.920 INFO             PET1     ATM-TO-OCN: InitializeIPDv05p4 intro.
20230320 053246.928 INFO             PET1     ATM-TO-OCN: InitializeIPDv05p4 extro.
20230320 053246.929 INFO             PET1     OCN-TO-ATM: InitializeIPDv05p4 intro.
20230320 053246.932 INFO             PET1     OCN-TO-ATM: InitializeIPDv05p4 extro.
20230320 053246.932 INFO             PET1     ATM-TO-OCN: InitializeIPDv05p5 intro.
20230320 053246.940 INFO             PET1     ATM-TO-OCN: InitializeIPDv05p5 extro.
20230320 053246.940 INFO             PET1     OCN-TO-ATM: InitializeIPDv05p5 intro.
20230320 053246.943 INFO             PET1     OCN-TO-ATM: InitializeIPDv05p5 extro.
20230320 053246.943 INFO             PET1     esm: IInitRealize intro.
20230320 053246.943 INFO             PET1     esm: IInitRealize extro.
20230320 053246.944 INFO             PET1     ATM-TO-OCN: InitializeIPDv05p6a intro.
20230320 053246.951 INFO             PET1     ATM-TO-OCN: InitializeIPDv05p6a extro.
20230320 053246.859 INFO             PET2 !!!!!!!!!!!!!!!!!!!!!!!!!!!!!!!!!!!!!!!!!!!!!!!!!!!!!!
20230320 053246.859 INFO             PET2 !!! THE ESMF_LOG IS SET TO OUTPUT ALL LOG MESSAGES !!!
20230320 053246.859 INFO             PET2 !!!     THIS MAY CAUSE SLOWDOWN IN PERFORMANCE     !!!
20230320 053246.859 INFO             PET2 !!! FOR PRODUCTION RUNS, USE:                      !!!
20230320 053246.859 INFO             PET2 !!!                   ESMF_LOGKIND_Multi_On_Error  !!!
20230320 053246.859 INFO             PET2 !!!!!!!!!!!!!!!!!!!!!!!!!!!!!!!!!!!!!!!!!!!!!!!!!!!!!!
20230320 053246.859 INFO             PET2 Running with ESMF Version   : v8.5.0b18-5-ge74a33b91d
20230320 053246.859 INFO             PET2 ESMF library build date/time: "Mar 20 2023" "04:13:30"
20230320 053246.859 INFO             PET2 ESMF library build location : /lfs4/HFIP/hfv3gfs/Mark.Potts/esmf-tests/nvhpc_22.2_intelmpi_O_develop/esmf
20230320 053246.859 INFO             PET2 ESMF_COMM                   : intelmpi
20230320 053246.860 INFO             PET2 ESMF_MOAB                   : enabled
20230320 053246.860 INFO             PET2 ESMF_LAPACK                 : enabled
20230320 053246.860 INFO             PET2 ESMF_NETCDF                 : disabled
20230320 053246.860 INFO             PET2 ESMF_PNETCDF                : disabled
20230320 053246.860 INFO             PET2 ESMF_PIO                    : disabled
20230320 053246.860 INFO             PET2 ESMF_YAMLCPP                : enabled
20230320 053246.860 INFO             PET2 esmApp STARTING
20230320 053246.863 INFO             PET2 esm: InitializeGeneric intro.
20230320 053246.863 INFO             PET2   esm: InitializeP0 intro.
20230320 053246.863 INFO             PET2   esm: InitializeP0 extro.
20230320 053246.863 INFO             PET2   esm: InitializeIPDv02p1 intro.
20230320 053246.863 INFO             PET2     >>>esm: entered Initialize (phase=<none>) without valid internal Clock.
20230320 053246.863 INFO             PET2     esm - Creating model component ATM with petList of size 2 :
20230320 053246.863 INFO             PET2           0      1
20230320 053246.865 INFO             PET2     esm - Creating model component OCN with petList of size 2 :
20230320 053246.865 INFO             PET2           2      3
20230320 053246.867 INFO             PET2     esm - Creating connector component ATM-TO-OCN with petList of size 4 :
20230320 053246.867 INFO             PET2           0      1      2      3
20230320 053246.871 INFO             PET2     esm - Creating connector component OCN-TO-ATM with petList of size 4 :
20230320 053246.871 INFO             PET2           2      3      0      1
20230320 053246.874 INFO             PET2     esm - Creating state: modelComp 1 Import State
20230320 053246.875 INFO             PET2     esm - Creating state: modelComp 1 Export State
20230320 053246.875 INFO             PET2     esm - Creating state: modelComp 2 Import State
20230320 053246.875 INFO             PET2     esm - Creating state: modelComp 2 Export State
20230320 053246.875 INFO             PET2     OCN: InitializeP0 intro.
20230320 053246.876 INFO             PET2     OCN: InitializeP0 extro.
20230320 053246.877 INFO             PET2     ATM-TO-OCN: InitializeP0 intro.
20230320 053246.878 INFO             PET2     ATM-TO-OCN: InitializeP0 extro.
20230320 053246.878 INFO             PET2     OCN-TO-ATM: InitializeP0 intro.
20230320 053246.878 INFO             PET2     OCN-TO-ATM: InitializeP0 extro.
20230320 053246.879 INFO             PET2     esm: IInitAdvertise intro.
20230320 053246.879 INFO             PET2     esm: IInitAdvertise extro.
20230320 053246.879 INFO             PET2     OCN: InitializeIPDvXp01 intro.
20230320 053246.882 INFO             PET2     OCN: InitializeIPDvXp01 extro.
20230320 053246.883 INFO             PET2     ATM-TO-OCN: InitializeIPDv05p1 intro.
20230320 053246.888 INFO             PET2     ATM-TO-OCN: InitializeIPDv05p1 extro.
20230320 053246.888 INFO             PET2     OCN-TO-ATM: InitializeIPDv05p1 intro.
20230320 053246.890 INFO             PET2     OCN-TO-ATM: InitializeIPDv05p1 extro.
20230320 053246.891 INFO             PET2     esm: IInitAdvertiseFinish intro.
20230320 053246.891 INFO             PET2     esm: IInitAdvertiseFinish extro.
20230320 053246.891 INFO             PET2     ATM-TO-OCN: InitializeIPDv05p2a intro.
20230320 053246.896 INFO             PET2     ATM-TO-OCN: InitializeIPDv05p2a extro.
20230320 053246.896 INFO             PET2     OCN-TO-ATM: InitializeIPDv05p2a intro.
20230320 053246.898 INFO             PET2     OCN-TO-ATM: InitializeIPDv05p2a extro.
20230320 053246.898 INFO             PET2     ATM-TO-OCN: InitializeIPDv05p2b intro.
20230320 053246.902 INFO             PET2     ATM-TO-OCN: InitializeIPDv05p2b extro.
20230320 053246.903 INFO             PET2     OCN-TO-ATM: InitializeIPDv05p2b intro.
20230320 053246.905 INFO             PET2     OCN-TO-ATM: InitializeIPDv05p2b extro.
20230320 053246.905 INFO             PET2     esm: IInitModifyCplLists intro.
20230320 053246.905 INFO             PET2       Driver is in ModifyCplLists()
20230320 053246.905 INFO             PET2        Found             2  Connectors. Modifying CplList Attribute....
20230320 053246.905 INFO             PET2        Modifying cplList Attribute on ATM-TO-OCN: air_pressure_at_sea_level
20230320 053246.905 INFO             PET2        Modified: air_pressure_at_sea_level:REMAPMETHOD=redist
20230320 053246.905 INFO             PET2        Modifying cplList Attribute on ATM-TO-OCN: surface_net_downward_longwave_flux
20230320 053246.905 INFO             PET2        Modified: surface_net_downward_longwave_flux:REMAPMETHOD=bilinear:SrcTermProcessing=1:TermOrder=SrcSeq
20230320 053246.905 INFO             PET2        Modifying cplList Attribute on ATM-TO-OCN: surface_net_downward_shortwave_flux
20230320 053246.906 INFO             PET2        Modified: surface_net_downward_shortwave_flux:REMAPMETHOD=redist
20230320 053246.906 INFO             PET2        Modifying cplList Attribute on ATM-TO-OCN: surface_downward_heat_flux_in_air
20230320 053246.906 INFO             PET2        Modified: surface_downward_heat_flux_in_air:REMAPMETHOD=bilinear:SrcTermProcessing=1:TermOrder=SrcSeq
20230320 053246.906 INFO             PET2        Modifying cplList Attribute on OCN-TO-ATM: sea_surface_temperature
20230320 053246.906 INFO             PET2        Modified: sea_surface_temperature:REMAPMETHOD=bilinear:SrcTermProcessing=1:TermOrder=SrcSeq
20230320 053246.906 INFO             PET2     esm: IInitModifyCplLists extro.
20230320 053246.906 INFO             PET2     ATM-TO-OCN: InitializeIPDv05p3 intro.
20230320 053246.911 INFO             PET2     ATM-TO-OCN: InitializeIPDv05p3 extro.
20230320 053246.911 INFO             PET2     OCN-TO-ATM: InitializeIPDv05p3 intro.
20230320 053246.913 INFO             PET2     OCN-TO-ATM: InitializeIPDv05p3 extro.
20230320 053246.913 INFO             PET2     <<<esm: leaving Initialize (phase=<none>) with current time: 2010  6  1  0  0  0   0
20230320 053246.913 INFO             PET2   esm: InitializeIPDv02p1 extro.
20230320 053246.913 INFO             PET2   esm: InitializeIPDv02p3 intro.
20230320 053246.913 INFO             PET2     >>>esm: entered Initialize (phase=<none>) with current time: 2010  6  1  0  0  0   0
20230320 053246.913 INFO             PET2     esm: IInitCheck intro.
20230320 053246.913 INFO             PET2     esm: IInitCheck extro.
20230320 053246.914 INFO             PET2     OCN: InitializeIPDvXp04 intro.
20230320 053246.919 INFO             PET2     OCN: InitializeIPDvXp04 extro.
20230320 053246.920 INFO             PET2     ATM-TO-OCN: InitializeIPDv05p4 intro.
20230320 053246.928 INFO             PET2     ATM-TO-OCN: InitializeIPDv05p4 extro.
20230320 053246.928 INFO             PET2     OCN-TO-ATM: InitializeIPDv05p4 intro.
20230320 053246.932 INFO             PET2     OCN-TO-ATM: InitializeIPDv05p4 extro.
20230320 053246.932 INFO             PET2     ATM-TO-OCN: InitializeIPDv05p5 intro.
20230320 053246.940 INFO             PET2     ATM-TO-OCN: InitializeIPDv05p5 extro.
20230320 053246.940 INFO             PET2     OCN-TO-ATM: InitializeIPDv05p5 intro.
20230320 053246.943 INFO             PET2     OCN-TO-ATM: InitializeIPDv05p5 extro.
20230320 053246.943 INFO             PET2     esm: IInitRealize intro.
20230320 053246.943 INFO             PET2     esm: IInitRealize extro.
20230320 053246.944 INFO             PET2     ATM-TO-OCN: InitializeIPDv05p6a intro.
20230320 053246.951 INFO             PET2     ATM-TO-OCN: InitializeIPDv05p6a extro.
20230320 053246.858 INFO             PET3 !!!!!!!!!!!!!!!!!!!!!!!!!!!!!!!!!!!!!!!!!!!!!!!!!!!!!!
20230320 053246.858 INFO             PET3 !!! THE ESMF_LOG IS SET TO OUTPUT ALL LOG MESSAGES !!!
20230320 053246.858 INFO             PET3 !!!     THIS MAY CAUSE SLOWDOWN IN PERFORMANCE     !!!
20230320 053246.858 INFO             PET3 !!! FOR PRODUCTION RUNS, USE:                      !!!
20230320 053246.858 INFO             PET3 !!!                   ESMF_LOGKIND_Multi_On_Error  !!!
20230320 053246.858 INFO             PET3 !!!!!!!!!!!!!!!!!!!!!!!!!!!!!!!!!!!!!!!!!!!!!!!!!!!!!!
20230320 053246.858 INFO             PET3 Running with ESMF Version   : v8.5.0b18-5-ge74a33b91d
20230320 053246.859 INFO             PET3 ESMF library build date/time: "Mar 20 2023" "04:13:30"
20230320 053246.859 INFO             PET3 ESMF library build location : /lfs4/HFIP/hfv3gfs/Mark.Potts/esmf-tests/nvhpc_22.2_intelmpi_O_develop/esmf
20230320 053246.859 INFO             PET3 ESMF_COMM                   : intelmpi
20230320 053246.859 INFO             PET3 ESMF_MOAB                   : enabled
20230320 053246.859 INFO             PET3 ESMF_LAPACK                 : enabled
20230320 053246.859 INFO             PET3 ESMF_NETCDF                 : disabled
20230320 053246.859 INFO             PET3 ESMF_PNETCDF                : disabled
20230320 053246.859 INFO             PET3 ESMF_PIO                    : disabled
20230320 053246.859 INFO             PET3 ESMF_YAMLCPP                : enabled
20230320 053246.860 INFO             PET3 esmApp STARTING
20230320 053246.863 INFO             PET3 esm: InitializeGeneric intro.
20230320 053246.863 INFO             PET3   esm: InitializeP0 intro.
20230320 053246.863 INFO             PET3   esm: InitializeP0 extro.
20230320 053246.863 INFO             PET3   esm: InitializeIPDv02p1 intro.
20230320 053246.863 INFO             PET3     >>>esm: entered Initialize (phase=<none>) without valid internal Clock.
20230320 053246.863 INFO             PET3     esm - Creating model component ATM with petList of size 2 :
20230320 053246.863 INFO             PET3           0      1
20230320 053246.865 INFO             PET3     esm - Creating model component OCN with petList of size 2 :
20230320 053246.865 INFO             PET3           2      3
20230320 053246.867 INFO             PET3     esm - Creating connector component ATM-TO-OCN with petList of size 4 :
20230320 053246.867 INFO             PET3           0      1      2      3
20230320 053246.871 INFO             PET3     esm - Creating connector component OCN-TO-ATM with petList of size 4 :
20230320 053246.871 INFO             PET3           2      3      0      1
20230320 053246.874 INFO             PET3     esm - Creating state: modelComp 1 Import State
20230320 053246.875 INFO             PET3     esm - Creating state: modelComp 1 Export State
20230320 053246.875 INFO             PET3     esm - Creating state: modelComp 2 Import State
20230320 053246.875 INFO             PET3     esm - Creating state: modelComp 2 Export State
20230320 053246.876 INFO             PET3     OCN: InitializeP0 intro.
20230320 053246.876 INFO             PET3     OCN: InitializeP0 extro.
20230320 053246.877 INFO             PET3     ATM-TO-OCN: InitializeP0 intro.
20230320 053246.878 INFO             PET3     ATM-TO-OCN: InitializeP0 extro.
20230320 053246.878 INFO             PET3     OCN-TO-ATM: InitializeP0 intro.
20230320 053246.878 INFO             PET3     OCN-TO-ATM: InitializeP0 extro.
20230320 053246.879 INFO             PET3     esm: IInitAdvertise intro.
20230320 053246.879 INFO             PET3     esm: IInitAdvertise extro.
20230320 053246.879 INFO             PET3     OCN: InitializeIPDvXp01 intro.
20230320 053246.882 INFO             PET3     OCN: InitializeIPDvXp01 extro.
20230320 053246.883 INFO             PET3     ATM-TO-OCN: InitializeIPDv05p1 intro.
20230320 053246.888 INFO             PET3     ATM-TO-OCN: InitializeIPDv05p1 extro.
20230320 053246.888 INFO             PET3     OCN-TO-ATM: InitializeIPDv05p1 intro.
20230320 053246.890 INFO             PET3     OCN-TO-ATM: InitializeIPDv05p1 extro.
20230320 053246.891 INFO             PET3     esm: IInitAdvertiseFinish intro.
20230320 053246.891 INFO             PET3     esm: IInitAdvertiseFinish extro.
20230320 053246.891 INFO             PET3     ATM-TO-OCN: InitializeIPDv05p2a intro.
20230320 053246.896 INFO             PET3     ATM-TO-OCN: InitializeIPDv05p2a extro.
20230320 053246.896 INFO             PET3     OCN-TO-ATM: InitializeIPDv05p2a intro.
20230320 053246.898 INFO             PET3     OCN-TO-ATM: InitializeIPDv05p2a extro.
20230320 053246.898 INFO             PET3     ATM-TO-OCN: InitializeIPDv05p2b intro.
20230320 053246.902 INFO             PET3     ATM-TO-OCN: InitializeIPDv05p2b extro.
20230320 053246.903 INFO             PET3     OCN-TO-ATM: InitializeIPDv05p2b intro.
20230320 053246.905 INFO             PET3     OCN-TO-ATM: InitializeIPDv05p2b extro.
20230320 053246.905 INFO             PET3     esm: IInitModifyCplLists intro.
20230320 053246.905 INFO             PET3       Driver is in ModifyCplLists()
20230320 053246.905 INFO             PET3        Found             2  Connectors. Modifying CplList Attribute....
20230320 053246.905 INFO             PET3        Modifying cplList Attribute on ATM-TO-OCN: air_pressure_at_sea_level
20230320 053246.905 INFO             PET3        Modified: air_pressure_at_sea_level:REMAPMETHOD=redist
20230320 053246.905 INFO             PET3        Modifying cplList Attribute on ATM-TO-OCN: surface_net_downward_longwave_flux
20230320 053246.905 INFO             PET3        Modified: surface_net_downward_longwave_flux:REMAPMETHOD=bilinear:SrcTermProcessing=1:TermOrder=SrcSeq
20230320 053246.905 INFO             PET3        Modifying cplList Attribute on ATM-TO-OCN: surface_net_downward_shortwave_flux
20230320 053246.906 INFO             PET3        Modified: surface_net_downward_shortwave_flux:REMAPMETHOD=redist
20230320 053246.906 INFO             PET3        Modifying cplList Attribute on ATM-TO-OCN: surface_downward_heat_flux_in_air
20230320 053246.906 INFO             PET3        Modified: surface_downward_heat_flux_in_air:REMAPMETHOD=bilinear:SrcTermProcessing=1:TermOrder=SrcSeq
20230320 053246.906 INFO             PET3        Modifying cplList Attribute on OCN-TO-ATM: sea_surface_temperature
20230320 053246.906 INFO             PET3        Modified: sea_surface_temperature:REMAPMETHOD=bilinear:SrcTermProcessing=1:TermOrder=SrcSeq
20230320 053246.906 INFO             PET3     esm: IInitModifyCplLists extro.
20230320 053246.906 INFO             PET3     ATM-TO-OCN: InitializeIPDv05p3 intro.
20230320 053246.911 INFO             PET3     ATM-TO-OCN: InitializeIPDv05p3 extro.
20230320 053246.911 INFO             PET3     OCN-TO-ATM: InitializeIPDv05p3 intro.
20230320 053246.913 INFO             PET3     OCN-TO-ATM: InitializeIPDv05p3 extro.
20230320 053246.913 INFO             PET3     <<<esm: leaving Initialize (phase=<none>) with current time: 2010  6  1  0  0  0   0
20230320 053246.913 INFO             PET3   esm: InitializeIPDv02p1 extro.
20230320 053246.913 INFO             PET3   esm: InitializeIPDv02p3 intro.
20230320 053246.913 INFO             PET3     >>>esm: entered Initialize (phase=<none>) with current time: 2010  6  1  0  0  0   0
20230320 053246.913 INFO             PET3     esm: IInitCheck intro.
20230320 053246.913 INFO             PET3     esm: IInitCheck extro.
20230320 053246.914 INFO             PET3     OCN: InitializeIPDvXp04 intro.
20230320 053246.919 INFO             PET3     OCN: InitializeIPDvXp04 extro.
20230320 053246.920 INFO             PET3     ATM-TO-OCN: InitializeIPDv05p4 intro.
20230320 053246.928 INFO             PET3     ATM-TO-OCN: InitializeIPDv05p4 extro.
20230320 053246.928 INFO             PET3     OCN-TO-ATM: InitializeIPDv05p4 intro.
20230320 053246.932 INFO             PET3     OCN-TO-ATM: InitializeIPDv05p4 extro.
20230320 053246.932 INFO             PET3     ATM-TO-OCN: InitializeIPDv05p5 intro.
20230320 053246.940 INFO             PET3     ATM-TO-OCN: InitializeIPDv05p5 extro.
20230320 053246.940 INFO             PET3     OCN-TO-ATM: InitializeIPDv05p5 intro.
20230320 053246.943 INFO             PET3     OCN-TO-ATM: InitializeIPDv05p5 extro.
20230320 053246.943 INFO             PET3     esm: IInitRealize intro.
20230320 053246.943 INFO             PET3     esm: IInitRealize extro.
20230320 053246.944 INFO             PET3     ATM-TO-OCN: InitializeIPDv05p6a intro.
20230320 053246.951 INFO             PET3     ATM-TO-OCN: InitializeIPDv05p6a extro.
