2023-04-12 08:03:11
20230412 085809.791 INFO             PET0 !!!!!!!!!!!!!!!!!!!!!!!!!!!!!!!!!!!!!!!!!!!!!!!!!!!!!!
20230412 085809.792 INFO             PET0 !!! THE ESMF_LOG IS SET TO OUTPUT ALL LOG MESSAGES !!!
20230412 085809.792 INFO             PET0 !!!     THIS MAY CAUSE SLOWDOWN IN PERFORMANCE     !!!
20230412 085809.792 INFO             PET0 !!! FOR PRODUCTION RUNS, USE:                      !!!
20230412 085809.792 INFO             PET0 !!!                   ESMF_LOGKIND_Multi_On_Error  !!!
20230412 085809.792 INFO             PET0 !!!!!!!!!!!!!!!!!!!!!!!!!!!!!!!!!!!!!!!!!!!!!!!!!!!!!!
20230412 085809.792 INFO             PET0 Running with ESMF Version   : v8.5.0b19-66-g6be63b4998
20230412 085809.792 INFO             PET0 ESMF library build date/time: "Apr 12 2023" "07:59:36"
20230412 085809.792 INFO             PET0 ESMF library build location : /scratch2/NCEPDEV/stmp1/Gerhard.Theurich/ESMF-Nightly-Testing/pgi_19.1_mpiuni_g_feature_hconfig/esmf
20230412 085809.792 INFO             PET0 ESMF_COMM                   : mpiuni
20230412 085809.793 INFO             PET0 ESMF_MOAB                   : enabled
20230412 085809.793 INFO             PET0 ESMF_LAPACK                 : enabled
20230412 085809.793 INFO             PET0 ESMF_NETCDF                 : disabled
20230412 085809.793 INFO             PET0 ESMF_PNETCDF                : disabled
20230412 085809.793 INFO             PET0 ESMF_PIO                    : disabled
20230412 085809.793 INFO             PET0 ESMF_YAMLCPP                : enabled
20230412 085809.796 INFO             PET0 AsString: 1
20230412 085809.796 INFO             PET0 asOkay:  T valueI4:          1
20230412 085809.796 INFO             PET0 asOkay:  T valueI8:          1
20230412 085809.796 INFO             PET0 asOkay:  T valueR4:   1.000000
20230412 085809.796 INFO             PET0 asOkay:  T valueR8:   1.000000
20230412 085809.796 INFO             PET0 asOkay:  F valueL:           F
20230412 085809.796 INFO             PET0 AsString: 2
20230412 085809.796 INFO             PET0 asOkay:  T valueI4:          2
20230412 085809.796 INFO             PET0 asOkay:  T valueI8:          2
20230412 085809.796 INFO             PET0 asOkay:  T valueR4:   2.000000
20230412 085809.796 INFO             PET0 asOkay:  T valueR8:   2.000000
20230412 085809.796 INFO             PET0 asOkay:  F valueL:           F
20230412 085809.796 INFO             PET0 AsString: 3
20230412 085809.796 INFO             PET0 asOkay:  T valueI4:          3
20230412 085809.796 INFO             PET0 asOkay:  T valueI8:          3
20230412 085809.796 INFO             PET0 asOkay:  T valueR4:   3.000000
20230412 085809.796 INFO             PET0 asOkay:  T valueR8:   3.000000
20230412 085809.796 INFO             PET0 asOkay:  F valueL:           F
20230412 085809.796 INFO             PET0 AsString: abc
20230412 085809.796 INFO             PET0 asOkay:  F valueI4:          0
20230412 085809.796 INFO             PET0 asOkay:  F valueI8:          0
20230412 085809.796 INFO             PET0 asOkay:  F valueR4:   0.000000
20230412 085809.796 INFO             PET0 asOkay:  F valueR8:   0.000000
20230412 085809.796 INFO             PET0 asOkay:  F valueL:           F
20230412 085809.796 INFO             PET0 AsString: b
20230412 085809.796 INFO             PET0 asOkay:  F valueI4:          0
20230412 085809.796 INFO             PET0 asOkay:  F valueI8:          0
20230412 085809.796 INFO             PET0 asOkay:  F valueR4:   0.000000
20230412 085809.796 INFO             PET0 asOkay:  F valueR8:   0.000000
20230412 085809.796 INFO             PET0 asOkay:  F valueL:           F
