2023-04-20 02:14:40
20230420 024349.553 INFO             PET0 !!!!!!!!!!!!!!!!!!!!!!!!!!!!!!!!!!!!!!!!!!!!!!!!!!!!!!
20230420 024349.553 INFO             PET0 !!! THE ESMF_LOG IS SET TO OUTPUT ALL LOG MESSAGES !!!
20230420 024349.553 INFO             PET0 !!!     THIS MAY CAUSE SLOWDOWN IN PERFORMANCE     !!!
20230420 024349.553 INFO             PET0 !!! FOR PRODUCTION RUNS, USE:                      !!!
20230420 024349.553 INFO             PET0 !!!                   ESMF_LOGKIND_Multi_On_Error  !!!
20230420 024349.553 INFO             PET0 !!!!!!!!!!!!!!!!!!!!!!!!!!!!!!!!!!!!!!!!!!!!!!!!!!!!!!
20230420 024349.553 INFO             PET0 Running with ESMF Version   : hconfig_b01-3-ge0b4092aab
20230420 024349.553 INFO             PET0 ESMF library build date/time: "Apr 20 2023" "02:13:04"
20230420 024349.553 INFO             PET0 ESMF library build location : /discover/nobackup/projects/sbu/mpotts/esmf-test/intel_19.1.3_intelmpi_O_feature_hconfig/esmf
20230420 024349.553 INFO             PET0 ESMF_COMM                   : intelmpi
20230420 024349.554 INFO             PET0 ESMF_MOAB                   : enabled
20230420 024349.554 INFO             PET0 ESMF_LAPACK                 : enabled
20230420 024349.554 INFO             PET0 ESMF_NETCDF                 : enabled
20230420 024349.554 INFO             PET0 ESMF_PNETCDF                : disabled
20230420 024349.554 INFO             PET0 ESMF_PIO                    : enabled
20230420 024349.554 INFO             PET0 ESMF_YAMLCPP                : enabled
20230420 024349.584 DEBUG            PET0 about to destroy Grid: 0x1cdc060
20230420 024349.587 DEBUG            PET0 about to destroy Grid: 0x1cdef50
20230420 024349.595 INFO             PET0  NUMBER_OF_PROCESSORS           4
20230420 024349.595 INFO             PET0  PASS  Example ESMF_NUOPCAtmModelEx, ESMF_NUOPCAtmModelEx.F90, line 806
20230420 024349.595 INFO             PET0 Finalizing ESMF
20230420 024349.553 INFO             PET1 !!!!!!!!!!!!!!!!!!!!!!!!!!!!!!!!!!!!!!!!!!!!!!!!!!!!!!
20230420 024349.553 INFO             PET1 !!! THE ESMF_LOG IS SET TO OUTPUT ALL LOG MESSAGES !!!
20230420 024349.553 INFO             PET1 !!!     THIS MAY CAUSE SLOWDOWN IN PERFORMANCE     !!!
20230420 024349.553 INFO             PET1 !!! FOR PRODUCTION RUNS, USE:                      !!!
20230420 024349.553 INFO             PET1 !!!                   ESMF_LOGKIND_Multi_On_Error  !!!
20230420 024349.553 INFO             PET1 !!!!!!!!!!!!!!!!!!!!!!!!!!!!!!!!!!!!!!!!!!!!!!!!!!!!!!
20230420 024349.553 INFO             PET1 Running with ESMF Version   : hconfig_b01-3-ge0b4092aab
20230420 024349.553 INFO             PET1 ESMF library build date/time: "Apr 20 2023" "02:13:04"
20230420 024349.553 INFO             PET1 ESMF library build location : /discover/nobackup/projects/sbu/mpotts/esmf-test/intel_19.1.3_intelmpi_O_feature_hconfig/esmf
20230420 024349.553 INFO             PET1 ESMF_COMM                   : intelmpi
20230420 024349.554 INFO             PET1 ESMF_MOAB                   : enabled
20230420 024349.554 INFO             PET1 ESMF_LAPACK                 : enabled
20230420 024349.554 INFO             PET1 ESMF_NETCDF                 : enabled
20230420 024349.554 INFO             PET1 ESMF_PNETCDF                : disabled
20230420 024349.554 INFO             PET1 ESMF_PIO                    : enabled
20230420 024349.554 INFO             PET1 ESMF_YAMLCPP                : enabled
20230420 024349.584 DEBUG            PET1 about to destroy Grid: 0x1830fd0
20230420 024349.587 DEBUG            PET1 about to destroy Grid: 0x1831cb0
20230420 024349.595 INFO             PET1  NUMBER_OF_PROCESSORS           4
20230420 024349.595 INFO             PET1  PASS  Example ESMF_NUOPCAtmModelEx, ESMF_NUOPCAtmModelEx.F90, line 806
20230420 024349.595 INFO             PET1 Finalizing ESMF
20230420 024349.553 INFO             PET2 !!!!!!!!!!!!!!!!!!!!!!!!!!!!!!!!!!!!!!!!!!!!!!!!!!!!!!
20230420 024349.553 INFO             PET2 !!! THE ESMF_LOG IS SET TO OUTPUT ALL LOG MESSAGES !!!
20230420 024349.553 INFO             PET2 !!!     THIS MAY CAUSE SLOWDOWN IN PERFORMANCE     !!!
20230420 024349.553 INFO             PET2 !!! FOR PRODUCTION RUNS, USE:                      !!!
20230420 024349.553 INFO             PET2 !!!                   ESMF_LOGKIND_Multi_On_Error  !!!
20230420 024349.553 INFO             PET2 !!!!!!!!!!!!!!!!!!!!!!!!!!!!!!!!!!!!!!!!!!!!!!!!!!!!!!
20230420 024349.553 INFO             PET2 Running with ESMF Version   : hconfig_b01-3-ge0b4092aab
20230420 024349.553 INFO             PET2 ESMF library build date/time: "Apr 20 2023" "02:13:04"
20230420 024349.553 INFO             PET2 ESMF library build location : /discover/nobackup/projects/sbu/mpotts/esmf-test/intel_19.1.3_intelmpi_O_feature_hconfig/esmf
20230420 024349.553 INFO             PET2 ESMF_COMM                   : intelmpi
20230420 024349.554 INFO             PET2 ESMF_MOAB                   : enabled
20230420 024349.554 INFO             PET2 ESMF_LAPACK                 : enabled
20230420 024349.554 INFO             PET2 ESMF_NETCDF                 : enabled
20230420 024349.554 INFO             PET2 ESMF_PNETCDF                : disabled
20230420 024349.554 INFO             PET2 ESMF_PIO                    : enabled
20230420 024349.554 INFO             PET2 ESMF_YAMLCPP                : enabled
20230420 024349.584 DEBUG            PET2 about to destroy Grid: 0x14e5030
20230420 024349.587 DEBUG            PET2 about to destroy Grid: 0x14e5d10
20230420 024349.595 INFO             PET2  NUMBER_OF_PROCESSORS           4
20230420 024349.595 INFO             PET2  PASS  Example ESMF_NUOPCAtmModelEx, ESMF_NUOPCAtmModelEx.F90, line 806
20230420 024349.595 INFO             PET2 Finalizing ESMF
20230420 024349.554 INFO             PET3 !!!!!!!!!!!!!!!!!!!!!!!!!!!!!!!!!!!!!!!!!!!!!!!!!!!!!!
20230420 024349.554 INFO             PET3 !!! THE ESMF_LOG IS SET TO OUTPUT ALL LOG MESSAGES !!!
20230420 024349.554 INFO             PET3 !!!     THIS MAY CAUSE SLOWDOWN IN PERFORMANCE     !!!
20230420 024349.554 INFO             PET3 !!! FOR PRODUCTION RUNS, USE:                      !!!
20230420 024349.554 INFO             PET3 !!!                   ESMF_LOGKIND_Multi_On_Error  !!!
20230420 024349.554 INFO             PET3 !!!!!!!!!!!!!!!!!!!!!!!!!!!!!!!!!!!!!!!!!!!!!!!!!!!!!!
20230420 024349.554 INFO             PET3 Running with ESMF Version   : hconfig_b01-3-ge0b4092aab
20230420 024349.554 INFO             PET3 ESMF library build date/time: "Apr 20 2023" "02:13:04"
20230420 024349.554 INFO             PET3 ESMF library build location : /discover/nobackup/projects/sbu/mpotts/esmf-test/intel_19.1.3_intelmpi_O_feature_hconfig/esmf
20230420 024349.554 INFO             PET3 ESMF_COMM                   : intelmpi
20230420 024349.555 INFO             PET3 ESMF_MOAB                   : enabled
20230420 024349.555 INFO             PET3 ESMF_LAPACK                 : enabled
20230420 024349.555 INFO             PET3 ESMF_NETCDF                 : enabled
20230420 024349.555 INFO             PET3 ESMF_PNETCDF                : disabled
20230420 024349.555 INFO             PET3 ESMF_PIO                    : enabled
20230420 024349.555 INFO             PET3 ESMF_YAMLCPP                : enabled
20230420 024349.584 DEBUG            PET3 about to destroy Grid: 0x1949f80
20230420 024349.587 DEBUG            PET3 about to destroy Grid: 0x194ac60
20230420 024349.595 INFO             PET3  NUMBER_OF_PROCESSORS           4
20230420 024349.595 INFO             PET3  PASS  Example ESMF_NUOPCAtmModelEx, ESMF_NUOPCAtmModelEx.F90, line 806
20230420 024349.595 INFO             PET3 Finalizing ESMF
