2023-03-20 03:18:57
20230320 044252.285 INFO             PET0 !!!!!!!!!!!!!!!!!!!!!!!!!!!!!!!!!!!!!!!!!!!!!!!!!!!!!!
20230320 044252.285 INFO             PET0 !!! THE ESMF_LOG IS SET TO OUTPUT ALL LOG MESSAGES !!!
20230320 044252.285 INFO             PET0 !!!     THIS MAY CAUSE SLOWDOWN IN PERFORMANCE     !!!
20230320 044252.285 INFO             PET0 !!! FOR PRODUCTION RUNS, USE:                      !!!
20230320 044252.285 INFO             PET0 !!!                   ESMF_LOGKIND_Multi_On_Error  !!!
20230320 044252.285 INFO             PET0 !!!!!!!!!!!!!!!!!!!!!!!!!!!!!!!!!!!!!!!!!!!!!!!!!!!!!!
20230320 044252.285 INFO             PET0 Running with ESMF Version   : v8.5.0b18-5-ge74a33b91d
20230320 044252.285 INFO             PET0 ESMF library build date/time: "Mar 20 2023" "03:12:34"
20230320 044252.285 INFO             PET0 ESMF library build location : /glade/scratch/theurich/ESMF-Nightly-Testing/intel_18.0.5_openmpi_g_develop/esmf
20230320 044252.285 INFO             PET0 ESMF_COMM                   : openmpi
20230320 044252.285 INFO             PET0 ESMF_MOAB                   : enabled
20230320 044252.285 INFO             PET0 ESMF_LAPACK                 : enabled
20230320 044252.285 INFO             PET0 ESMF_NETCDF                 : enabled
20230320 044252.285 INFO             PET0 ESMF_PNETCDF                : disabled
20230320 044252.285 INFO             PET0 ESMF_PIO                    : enabled
20230320 044252.285 INFO             PET0 ESMF_YAMLCPP                : enabled
20230320 044252.286 INFO             PET0 esmApp STARTING
20230320 044252.293 INFO             PET0 esm: InitializeGeneric intro.
20230320 044252.293 INFO             PET0   esm: InitializeP0 intro.
20230320 044252.293 INFO             PET0   esm: InitializeP0 extro.
20230320 044252.293 INFO             PET0   esm: InitializeIPDv02p1 intro.
20230320 044252.293 INFO             PET0     >>>esm: entered Initialize (phase=<none>) without valid internal Clock.
20230320 044252.294 INFO             PET0     esm - Creating model component ATM with petList of size 2 :
20230320 044252.294 INFO             PET0           0      1
20230320 044252.297 INFO             PET0     esm - Creating model component OCN with petList of size 2 :
20230320 044252.297 INFO             PET0           2      3
20230320 044252.297 INFO             PET0     esm - Creating connector component ATM-TO-OCN with petList of size 4 :
20230320 044252.297 INFO             PET0           0      1      2      3
20230320 044252.306 INFO             PET0     esm - Creating connector component OCN-TO-ATM with petList of size 4 :
20230320 044252.306 INFO             PET0           2      3      0      1
20230320 044252.313 INFO             PET0     esm - Creating state: modelComp 1 Import State
20230320 044252.313 INFO             PET0     esm - Creating state: modelComp 1 Export State
20230320 044252.313 INFO             PET0     esm - Creating state: modelComp 2 Import State
20230320 044252.313 INFO             PET0     esm - Creating state: modelComp 2 Export State
20230320 044252.314 INFO             PET0     ATM: InitializeP0 intro.
20230320 044252.316 INFO             PET0     ATM: InitializeP0 extro.
20230320 044252.319 INFO             PET0     ATM-TO-OCN: InitializeP0 intro.
20230320 044252.319 INFO             PET0     ATM-TO-OCN: InitializeP0 extro.
20230320 044252.320 INFO             PET0     OCN-TO-ATM: InitializeP0 intro.
20230320 044252.321 INFO             PET0     OCN-TO-ATM: InitializeP0 extro.
20230320 044252.323 INFO             PET0     esm: IInitAdvertise intro.
20230320 044252.323 INFO             PET0     esm: IInitAdvertise extro.
20230320 044252.323 INFO             PET0     ATM: InitializeIPDvXp01 intro.
20230320 044252.327 INFO             PET0     ATM: InitializeIPDvXp01 extro.
20230320 044252.329 INFO             PET0     ATM-TO-OCN: InitializeIPDv05p1 intro.
20230320 044252.340 INFO             PET0     ATM-TO-OCN: InitializeIPDv05p1 extro.
20230320 044252.340 INFO             PET0     OCN-TO-ATM: InitializeIPDv05p1 intro.
20230320 044252.345 INFO             PET0     OCN-TO-ATM: InitializeIPDv05p1 extro.
20230320 044252.345 INFO             PET0     esm: IInitAdvertiseFinish intro.
20230320 044252.345 INFO             PET0     esm: IInitAdvertiseFinish extro.
20230320 044252.346 INFO             PET0     ATM-TO-OCN: InitializeIPDv05p2a intro.
20230320 044252.356 INFO             PET0     ATM-TO-OCN: InitializeIPDv05p2a extro.
20230320 044252.356 INFO             PET0     OCN-TO-ATM: InitializeIPDv05p2a intro.
20230320 044252.361 INFO             PET0     OCN-TO-ATM: InitializeIPDv05p2a extro.
20230320 044252.361 INFO             PET0     ATM-TO-OCN: InitializeIPDv05p2b intro.
20230320 044252.371 INFO             PET0     ATM-TO-OCN: InitializeIPDv05p2b extro.
20230320 044252.374 INFO             PET0     OCN-TO-ATM: InitializeIPDv05p2b intro.
20230320 044252.380 INFO             PET0     OCN-TO-ATM: InitializeIPDv05p2b extro.
20230320 044252.380 INFO             PET0     esm: IInitModifyCplLists intro.
20230320 044252.380 INFO             PET0       Driver is in ModifyCplLists()
20230320 044252.380 INFO             PET0        Found            2  Connectors. Modifying CplList Attribute....
20230320 044252.380 INFO             PET0     esm: IInitModifyCplLists extro.
20230320 044252.381 INFO             PET0     ATM-TO-OCN: InitializeIPDv05p3 intro.
20230320 044252.391 INFO             PET0     ATM-TO-OCN: InitializeIPDv05p3 extro.
20230320 044252.391 INFO             PET0     OCN-TO-ATM: InitializeIPDv05p3 intro.
20230320 044252.397 INFO             PET0     OCN-TO-ATM: InitializeIPDv05p3 extro.
20230320 044252.397 INFO             PET0     <<<esm: leaving Initialize (phase=<none>) with current time: 2010  6  1  0  0  0   0
20230320 044252.397 INFO             PET0   esm: InitializeIPDv02p1 extro.
20230320 044252.397 INFO             PET0   esm: InitializeIPDv02p3 intro.
20230320 044252.398 INFO             PET0     >>>esm: entered Initialize (phase=<none>) with current time: 2010  6  1  0  0  0   0
20230320 044252.398 INFO             PET0     esm: IInitCheck intro.
20230320 044252.398 INFO             PET0     esm: IInitCheck extro.
20230320 044252.398 INFO             PET0     ATM: InitializeIPDvXp04 intro.
20230320 044252.407 INFO             PET0     ATM: InitializeIPDvXp04 extro.
20230320 044252.409 INFO             PET0     ATM-TO-OCN: InitializeIPDv05p4 intro.
20230320 044252.429 INFO             PET0     ATM-TO-OCN: InitializeIPDv05p4 extro.
20230320 044252.429 INFO             PET0     OCN-TO-ATM: InitializeIPDv05p4 intro.
20230320 044252.439 INFO             PET0     OCN-TO-ATM: InitializeIPDv05p4 extro.
20230320 044252.439 INFO             PET0     ATM-TO-OCN: InitializeIPDv05p5 intro.
20230320 044252.459 INFO             PET0     ATM-TO-OCN: InitializeIPDv05p5 extro.
20230320 044252.459 INFO             PET0     OCN-TO-ATM: InitializeIPDv05p5 intro.
20230320 044252.469 INFO             PET0     OCN-TO-ATM: InitializeIPDv05p5 extro.
20230320 044252.469 INFO             PET0     esm: IInitRealize intro.
20230320 044252.469 INFO             PET0     esm: IInitRealize extro.
20230320 044252.470 INFO             PET0     ATM-TO-OCN: InitializeIPDv05p6a intro.
20230320 044252.488 INFO             PET0     ATM-TO-OCN: InitializeIPDv05p6a extro.
20230320 044252.489 INFO             PET0     OCN-TO-ATM: InitializeIPDv05p6a intro.
20230320 044252.498 INFO             PET0     OCN-TO-ATM: InitializeIPDv05p6a extro.
20230320 044252.499 INFO             PET0     ATM-TO-OCN: InitializeIPDv05p6b intro.
20230320 044252.631 INFO             PET0     ATM-TO-OCN: InitializeIPDv05p6b extro.
20230320 044252.631 INFO             PET0     OCN-TO-ATM: InitializeIPDv05p6b intro.
20230320 044252.734 INFO             PET0     OCN-TO-ATM: InitializeIPDv05p6b extro.
20230320 044252.735 INFO             PET0     ATM: InitializeIPDvXp07 intro.
20230320 044252.735 INFO             PET0     ATM: InitializeIPDvXp07 extro.
20230320 044252.735 INFO             PET0     <<<esm: leaving Initialize (phase=<none>) with current time: 2010  6  1  0  0  0   0
20230320 044252.735 INFO             PET0   esm: InitializeIPDv02p3 extro.
20230320 044252.735 INFO             PET0   esm: InitializeIPDv02p5 intro.
20230320 044252.735 INFO             PET0     >>>esm: entered Initialize (phase=<none>) with current time: 2010  6  1  0  0  0   0
20230320 044252.735 INFO             PET0     esm: this is a top level driver, no 'Updated' and 'InitializeDataComplete' info on this level.
20230320 044252.735 INFO             PET0     esm: InitializeIPDv02p5Data intro.
20230320 044252.736 INFO             PET0       esm: InternalInitializeComplete intro.
20230320 044252.736 INFO             PET0         esm: InitializeDataComplete='true'
20230320 044252.736 INFO             PET0       esm: InternalInitializeComplete extro.
20230320 044252.736 INFO             PET0       ATM: InitializeIPDv01p5 intro.
20230320 044252.736 INFO             PET0       ATM: InitializeIPDv01p5 extro.
20230320 044252.738 INFO             PET0       esm: components present that trigger loopDataDependentInitialize().
20230320 044252.738 INFO             PET0       esm: loopDataDependentInitialize intro.
20230320 044252.738 INFO             PET0         esm: component    0=esm, dataComplete (local): true
20230320 044252.738 INFO             PET0         esm: component    0=esm, dataComplete (global):  T
20230320 044252.738 INFO             PET0         esm: component    1=ATM, dataComplete (local): true
20230320 044252.738 INFO             PET0         esm: component    1=ATM, dataComplete (global):  T
20230320 044252.739 INFO             PET0         esm: component    2=OCN, dataComplete (local): true
20230320 044252.739 INFO             PET0         esm: component    2=OCN, dataComplete (global):  T
20230320 044252.739 INFO             PET0         esm: someProgress= F, allComplete= T, present(dataDepAllComplete)= T
20230320 044252.739 INFO             PET0         esm: finished resolving initialize data dependencies on this level.
20230320 044252.739 INFO             PET0       esm: loopDataDependentInitialize extro.
20230320 044252.739 INFO             PET0       esm: loopDataDependentInitialize() returned with dataDepAllComplete:  T
20230320 044252.739 INFO             PET0     esm: InitializeIPDv02p5Data extro.
20230320 044252.739 INFO             PET0     <<<esm: leaving Initialize (phase=<none>) with current time: 2010  6  1  0  0  0   0
20230320 044252.739 INFO             PET0   esm: InitializeIPDv02p5 extro.
20230320 044252.739 INFO             PET0 esm: InitializeGeneric extro.
20230320 044252.739 INFO             PET0 esm: Run intro.
20230320 044252.739 INFO             PET0   >>>esm entered Run (phase=RunPhase1) with current time: 2010  6  1  0  0  0   0
20230320 044252.739 INFO             PET0   esm: after lable_SetRunClock, current time: 2010  6  1  0  0  0   0
20230320 044252.739 INFO             PET0   esm: begin -------> RunSequence.
20230320 044252.739 INFO             PET0     esm: RunSequence event loopLevel=   1  levelMember=   1  loopIteration=   1, current time: 2010  6  1  0  0  0   0
20230320 044252.739 INFO             PET0     ATM-TO-OCN: Run intro.
20230320 044252.740 INFO             PET0     ATM-TO-OCN: Run extro.
20230320 044252.740 INFO             PET0     OCN-TO-ATM: Run intro.
20230320 044252.740 INFO             PET0     OCN-TO-ATM: Run extro.
20230320 044252.741 INFO             PET0     ATM: Run intro.
20230320 044252.741 INFO             PET0       ------>Advancing ATM from: 2010  6  1  0  0  0   0
20230320 044252.741 INFO             PET0       ---------------------> to: 2010  6  1  0 15  0   0
20230320 044252.741 INFO             PET0     ATM: Run extro.
20230320 044252.741 INFO             PET0     esm: RunSequence event loopLevel=   1  levelMember=   1  loopIteration=   2, current time: 2010  6  1  0 15  0   0
20230320 044252.741 INFO             PET0     ATM-TO-OCN: Run intro.
20230320 044252.742 INFO             PET0     ATM-TO-OCN: Run extro.
20230320 044252.742 INFO             PET0     OCN-TO-ATM: Run intro.
20230320 044252.767 INFO             PET0     OCN-TO-ATM: Run extro.
20230320 044252.767 INFO             PET0     ATM: Run intro.
20230320 044252.767 INFO             PET0       ------>Advancing ATM from: 2010  6  1  0 15  0   0
20230320 044252.767 INFO             PET0       ---------------------> to: 2010  6  1  0 30  0   0
20230320 044252.767 INFO             PET0     ATM: Run extro.
20230320 044252.767 INFO             PET0     esm: RunSequence event loopLevel=   1  levelMember=   1  loopIteration=   3, current time: 2010  6  1  0 30  0   0
20230320 044252.767 INFO             PET0     ATM-TO-OCN: Run intro.
20230320 044252.768 INFO             PET0     ATM-TO-OCN: Run extro.
20230320 044252.768 INFO             PET0     OCN-TO-ATM: Run intro.
20230320 044252.778 INFO             PET0     OCN-TO-ATM: Run extro.
20230320 044252.778 INFO             PET0     ATM: Run intro.
20230320 044252.778 INFO             PET0       ------>Advancing ATM from: 2010  6  1  0 30  0   0
20230320 044252.778 INFO             PET0       ---------------------> to: 2010  6  1  0 45  0   0
20230320 044252.778 INFO             PET0     ATM: Run extro.
20230320 044252.779 INFO             PET0     esm: RunSequence event loopLevel=   1  levelMember=   1  loopIteration=   4, current time: 2010  6  1  0 45  0   0
20230320 044252.779 INFO             PET0     ATM-TO-OCN: Run intro.
20230320 044252.779 INFO             PET0     ATM-TO-OCN: Run extro.
20230320 044252.779 INFO             PET0     OCN-TO-ATM: Run intro.
20230320 044252.789 INFO             PET0     OCN-TO-ATM: Run extro.
20230320 044252.790 INFO             PET0     ATM: Run intro.
20230320 044252.790 INFO             PET0       ------>Advancing ATM from: 2010  6  1  0 45  0   0
20230320 044252.790 INFO             PET0       ---------------------> to: 2010  6  1  1  0  0   0
20230320 044252.790 INFO             PET0     ATM: Run extro.
20230320 044252.790 INFO             PET0   esm: end <--------- RunSequence
20230320 044252.790 INFO             PET0   <<<esm - leaving Run with current time: 2010  6  1  1  0  0   0
20230320 044252.790 INFO             PET0 esm: Run extro.
20230320 044252.790 INFO             PET0 esm: Finalize intro.
20230320 044252.790 INFO             PET0   Calling Finalize phase 1 for connectorComp: ATM-TO-OCN
20230320 044252.790 INFO             PET0   ATM-TO-OCN: Finalize intro.
20230320 044252.790 INFO             PET0   ATM-TO-OCN: Finalize extro.
20230320 044252.790 INFO             PET0   Calling Finalize phase 1 for connectorComp: OCN-TO-ATM
20230320 044252.790 INFO             PET0   OCN-TO-ATM: Finalize intro.
20230320 044252.791 INFO             PET0   OCN-TO-ATM: Finalize extro.
20230320 044252.791 INFO             PET0   Calling Finalize phase 1 for modelComp: ATM
20230320 044252.791 INFO             PET0   ATM: Finalize intro.
20230320 044252.791 INFO             PET0   ATM: Finalize extro.
20230320 044252.791 INFO             PET0   Calling Finalize phase 1 for modelComp: OCN
20230320 044252.791 INFO             PET0   Delete modelComp: ATM
20230320 044252.791 INFO             PET0   Delete Import-/Export State for modelComp: ATM
20230320 044252.791 INFO             PET0   Delete modelComp: OCN
20230320 044252.791 INFO             PET0   Delete Import-/Export State for modelComp: OCN
20230320 044252.791 INFO             PET0   Delete connectorComp: ATM-TO-OCN
20230320 044252.791 INFO             PET0   Delete connectorComp: OCN-TO-ATM
20230320 044252.791 INFO             PET0 esm: Finalize extro.
20230320 044252.791 INFO             PET0 esmApp FINISHED
20230320 044252.791 INFO             PET0 Finalizing ESMF
20230320 044252.285 INFO             PET1 !!!!!!!!!!!!!!!!!!!!!!!!!!!!!!!!!!!!!!!!!!!!!!!!!!!!!!
20230320 044252.285 INFO             PET1 !!! THE ESMF_LOG IS SET TO OUTPUT ALL LOG MESSAGES !!!
20230320 044252.285 INFO             PET1 !!!     THIS MAY CAUSE SLOWDOWN IN PERFORMANCE     !!!
20230320 044252.285 INFO             PET1 !!! FOR PRODUCTION RUNS, USE:                      !!!
20230320 044252.285 INFO             PET1 !!!                   ESMF_LOGKIND_Multi_On_Error  !!!
20230320 044252.285 INFO             PET1 !!!!!!!!!!!!!!!!!!!!!!!!!!!!!!!!!!!!!!!!!!!!!!!!!!!!!!
20230320 044252.285 INFO             PET1 Running with ESMF Version   : v8.5.0b18-5-ge74a33b91d
20230320 044252.285 INFO             PET1 ESMF library build date/time: "Mar 20 2023" "03:12:34"
20230320 044252.285 INFO             PET1 ESMF library build location : /glade/scratch/theurich/ESMF-Nightly-Testing/intel_18.0.5_openmpi_g_develop/esmf
20230320 044252.285 INFO             PET1 ESMF_COMM                   : openmpi
20230320 044252.285 INFO             PET1 ESMF_MOAB                   : enabled
20230320 044252.285 INFO             PET1 ESMF_LAPACK                 : enabled
20230320 044252.285 INFO             PET1 ESMF_NETCDF                 : enabled
20230320 044252.285 INFO             PET1 ESMF_PNETCDF                : disabled
20230320 044252.285 INFO             PET1 ESMF_PIO                    : enabled
20230320 044252.285 INFO             PET1 ESMF_YAMLCPP                : enabled
20230320 044252.286 INFO             PET1 esmApp STARTING
20230320 044252.293 INFO             PET1 esm: InitializeGeneric intro.
20230320 044252.293 INFO             PET1   esm: InitializeP0 intro.
20230320 044252.293 INFO             PET1   esm: InitializeP0 extro.
20230320 044252.293 INFO             PET1   esm: InitializeIPDv02p1 intro.
20230320 044252.293 INFO             PET1     >>>esm: entered Initialize (phase=<none>) without valid internal Clock.
20230320 044252.294 INFO             PET1     esm - Creating model component ATM with petList of size 2 :
20230320 044252.294 INFO             PET1           0      1
20230320 044252.297 INFO             PET1     esm - Creating model component OCN with petList of size 2 :
20230320 044252.297 INFO             PET1           2      3
20230320 044252.297 INFO             PET1     esm - Creating connector component ATM-TO-OCN with petList of size 4 :
20230320 044252.297 INFO             PET1           0      1      2      3
20230320 044252.306 INFO             PET1     esm - Creating connector component OCN-TO-ATM with petList of size 4 :
20230320 044252.306 INFO             PET1           2      3      0      1
20230320 044252.313 INFO             PET1     esm - Creating state: modelComp 1 Import State
20230320 044252.313 INFO             PET1     esm - Creating state: modelComp 1 Export State
20230320 044252.313 INFO             PET1     esm - Creating state: modelComp 2 Import State
20230320 044252.313 INFO             PET1     esm - Creating state: modelComp 2 Export State
20230320 044252.314 INFO             PET1     ATM: InitializeP0 intro.
20230320 044252.316 INFO             PET1     ATM: InitializeP0 extro.
20230320 044252.319 INFO             PET1     ATM-TO-OCN: InitializeP0 intro.
20230320 044252.319 INFO             PET1     ATM-TO-OCN: InitializeP0 extro.
20230320 044252.320 INFO             PET1     OCN-TO-ATM: InitializeP0 intro.
20230320 044252.321 INFO             PET1     OCN-TO-ATM: InitializeP0 extro.
20230320 044252.323 INFO             PET1     esm: IInitAdvertise intro.
20230320 044252.323 INFO             PET1     esm: IInitAdvertise extro.
20230320 044252.323 INFO             PET1     ATM: InitializeIPDvXp01 intro.
20230320 044252.327 INFO             PET1     ATM: InitializeIPDvXp01 extro.
20230320 044252.329 INFO             PET1     ATM-TO-OCN: InitializeIPDv05p1 intro.
20230320 044252.340 INFO             PET1     ATM-TO-OCN: InitializeIPDv05p1 extro.
20230320 044252.340 INFO             PET1     OCN-TO-ATM: InitializeIPDv05p1 intro.
20230320 044252.345 INFO             PET1     OCN-TO-ATM: InitializeIPDv05p1 extro.
20230320 044252.345 INFO             PET1     esm: IInitAdvertiseFinish intro.
20230320 044252.345 INFO             PET1     esm: IInitAdvertiseFinish extro.
20230320 044252.346 INFO             PET1     ATM-TO-OCN: InitializeIPDv05p2a intro.
20230320 044252.356 INFO             PET1     ATM-TO-OCN: InitializeIPDv05p2a extro.
20230320 044252.356 INFO             PET1     OCN-TO-ATM: InitializeIPDv05p2a intro.
20230320 044252.361 INFO             PET1     OCN-TO-ATM: InitializeIPDv05p2a extro.
20230320 044252.361 INFO             PET1     ATM-TO-OCN: InitializeIPDv05p2b intro.
20230320 044252.371 INFO             PET1     ATM-TO-OCN: InitializeIPDv05p2b extro.
20230320 044252.374 INFO             PET1     OCN-TO-ATM: InitializeIPDv05p2b intro.
20230320 044252.380 INFO             PET1     OCN-TO-ATM: InitializeIPDv05p2b extro.
20230320 044252.380 INFO             PET1     esm: IInitModifyCplLists intro.
20230320 044252.380 INFO             PET1       Driver is in ModifyCplLists()
20230320 044252.380 INFO             PET1        Found            2  Connectors. Modifying CplList Attribute....
20230320 044252.380 INFO             PET1     esm: IInitModifyCplLists extro.
20230320 044252.381 INFO             PET1     ATM-TO-OCN: InitializeIPDv05p3 intro.
20230320 044252.391 INFO             PET1     ATM-TO-OCN: InitializeIPDv05p3 extro.
20230320 044252.391 INFO             PET1     OCN-TO-ATM: InitializeIPDv05p3 intro.
20230320 044252.397 INFO             PET1     OCN-TO-ATM: InitializeIPDv05p3 extro.
20230320 044252.397 INFO             PET1     <<<esm: leaving Initialize (phase=<none>) with current time: 2010  6  1  0  0  0   0
20230320 044252.397 INFO             PET1   esm: InitializeIPDv02p1 extro.
20230320 044252.398 INFO             PET1   esm: InitializeIPDv02p3 intro.
20230320 044252.398 INFO             PET1     >>>esm: entered Initialize (phase=<none>) with current time: 2010  6  1  0  0  0   0
20230320 044252.398 INFO             PET1     esm: IInitCheck intro.
20230320 044252.398 INFO             PET1     esm: IInitCheck extro.
20230320 044252.398 INFO             PET1     ATM: InitializeIPDvXp04 intro.
20230320 044252.407 INFO             PET1     ATM: InitializeIPDvXp04 extro.
20230320 044252.409 INFO             PET1     ATM-TO-OCN: InitializeIPDv05p4 intro.
20230320 044252.429 INFO             PET1     ATM-TO-OCN: InitializeIPDv05p4 extro.
20230320 044252.429 INFO             PET1     OCN-TO-ATM: InitializeIPDv05p4 intro.
20230320 044252.439 INFO             PET1     OCN-TO-ATM: InitializeIPDv05p4 extro.
20230320 044252.439 INFO             PET1     ATM-TO-OCN: InitializeIPDv05p5 intro.
20230320 044252.459 INFO             PET1     ATM-TO-OCN: InitializeIPDv05p5 extro.
20230320 044252.459 INFO             PET1     OCN-TO-ATM: InitializeIPDv05p5 intro.
20230320 044252.469 INFO             PET1     OCN-TO-ATM: InitializeIPDv05p5 extro.
20230320 044252.469 INFO             PET1     esm: IInitRealize intro.
20230320 044252.469 INFO             PET1     esm: IInitRealize extro.
20230320 044252.470 INFO             PET1     ATM-TO-OCN: InitializeIPDv05p6a intro.
20230320 044252.489 INFO             PET1     ATM-TO-OCN: InitializeIPDv05p6a extro.
20230320 044252.489 INFO             PET1     OCN-TO-ATM: InitializeIPDv05p6a intro.
20230320 044252.498 INFO             PET1     OCN-TO-ATM: InitializeIPDv05p6a extro.
20230320 044252.499 INFO             PET1     ATM-TO-OCN: InitializeIPDv05p6b intro.
20230320 044252.631 INFO             PET1     ATM-TO-OCN: InitializeIPDv05p6b extro.
20230320 044252.631 INFO             PET1     OCN-TO-ATM: InitializeIPDv05p6b intro.
20230320 044252.734 INFO             PET1     OCN-TO-ATM: InitializeIPDv05p6b extro.
20230320 044252.735 INFO             PET1     ATM: InitializeIPDvXp07 intro.
20230320 044252.735 INFO             PET1     ATM: InitializeIPDvXp07 extro.
20230320 044252.735 INFO             PET1     <<<esm: leaving Initialize (phase=<none>) with current time: 2010  6  1  0  0  0   0
20230320 044252.735 INFO             PET1   esm: InitializeIPDv02p3 extro.
20230320 044252.735 INFO             PET1   esm: InitializeIPDv02p5 intro.
20230320 044252.735 INFO             PET1     >>>esm: entered Initialize (phase=<none>) with current time: 2010  6  1  0  0  0   0
20230320 044252.735 INFO             PET1     esm: this is a top level driver, no 'Updated' and 'InitializeDataComplete' info on this level.
20230320 044252.735 INFO             PET1     esm: InitializeIPDv02p5Data intro.
20230320 044252.736 INFO             PET1       esm: InternalInitializeComplete intro.
20230320 044252.736 INFO             PET1         esm: InitializeDataComplete='true'
20230320 044252.736 INFO             PET1       esm: InternalInitializeComplete extro.
20230320 044252.736 INFO             PET1       ATM: InitializeIPDv01p5 intro.
20230320 044252.736 INFO             PET1       ATM: InitializeIPDv01p5 extro.
20230320 044252.738 INFO             PET1       esm: components present that trigger loopDataDependentInitialize().
20230320 044252.738 INFO             PET1       esm: loopDataDependentInitialize intro.
20230320 044252.738 INFO             PET1         esm: component    0=esm, dataComplete (local): true
20230320 044252.738 INFO             PET1         esm: component    0=esm, dataComplete (global):  T
20230320 044252.738 INFO             PET1         esm: component    1=ATM, dataComplete (local): true
20230320 044252.738 INFO             PET1         esm: component    1=ATM, dataComplete (global):  T
20230320 044252.739 INFO             PET1         esm: component    2=OCN, dataComplete (local): true
20230320 044252.739 INFO             PET1         esm: component    2=OCN, dataComplete (global):  T
20230320 044252.739 INFO             PET1         esm: someProgress= F, allComplete= T, present(dataDepAllComplete)= T
20230320 044252.739 INFO             PET1         esm: finished resolving initialize data dependencies on this level.
20230320 044252.739 INFO             PET1       esm: loopDataDependentInitialize extro.
20230320 044252.739 INFO             PET1       esm: loopDataDependentInitialize() returned with dataDepAllComplete:  T
20230320 044252.739 INFO             PET1     esm: InitializeIPDv02p5Data extro.
20230320 044252.739 INFO             PET1     <<<esm: leaving Initialize (phase=<none>) with current time: 2010  6  1  0  0  0   0
20230320 044252.739 INFO             PET1   esm: InitializeIPDv02p5 extro.
20230320 044252.739 INFO             PET1 esm: InitializeGeneric extro.
20230320 044252.739 INFO             PET1 esm: Run intro.
20230320 044252.739 INFO             PET1   >>>esm entered Run (phase=RunPhase1) with current time: 2010  6  1  0  0  0   0
20230320 044252.739 INFO             PET1   esm: after lable_SetRunClock, current time: 2010  6  1  0  0  0   0
20230320 044252.739 INFO             PET1   esm: begin -------> RunSequence.
20230320 044252.739 INFO             PET1     esm: RunSequence event loopLevel=   1  levelMember=   1  loopIteration=   1, current time: 2010  6  1  0  0  0   0
20230320 044252.739 INFO             PET1     ATM-TO-OCN: Run intro.
20230320 044252.740 INFO             PET1     ATM-TO-OCN: Run extro.
20230320 044252.740 INFO             PET1     OCN-TO-ATM: Run intro.
20230320 044252.740 INFO             PET1     OCN-TO-ATM: Run extro.
20230320 044252.741 INFO             PET1     ATM: Run intro.
20230320 044252.741 INFO             PET1       ------>Advancing ATM from: 2010  6  1  0  0  0   0
20230320 044252.741 INFO             PET1       ---------------------> to: 2010  6  1  0 15  0   0
20230320 044252.741 INFO             PET1     ATM: Run extro.
20230320 044252.741 INFO             PET1     esm: RunSequence event loopLevel=   1  levelMember=   1  loopIteration=   2, current time: 2010  6  1  0 15  0   0
20230320 044252.741 INFO             PET1     ATM-TO-OCN: Run intro.
20230320 044252.742 INFO             PET1     ATM-TO-OCN: Run extro.
20230320 044252.742 INFO             PET1     OCN-TO-ATM: Run intro.
20230320 044252.767 INFO             PET1     OCN-TO-ATM: Run extro.
20230320 044252.767 INFO             PET1     ATM: Run intro.
20230320 044252.767 INFO             PET1       ------>Advancing ATM from: 2010  6  1  0 15  0   0
20230320 044252.767 INFO             PET1       ---------------------> to: 2010  6  1  0 30  0   0
20230320 044252.767 INFO             PET1     ATM: Run extro.
20230320 044252.767 INFO             PET1     esm: RunSequence event loopLevel=   1  levelMember=   1  loopIteration=   3, current time: 2010  6  1  0 30  0   0
20230320 044252.767 INFO             PET1     ATM-TO-OCN: Run intro.
20230320 044252.768 INFO             PET1     ATM-TO-OCN: Run extro.
20230320 044252.768 INFO             PET1     OCN-TO-ATM: Run intro.
20230320 044252.778 INFO             PET1     OCN-TO-ATM: Run extro.
20230320 044252.778 INFO             PET1     ATM: Run intro.
20230320 044252.778 INFO             PET1       ------>Advancing ATM from: 2010  6  1  0 30  0   0
20230320 044252.778 INFO             PET1       ---------------------> to: 2010  6  1  0 45  0   0
20230320 044252.778 INFO             PET1     ATM: Run extro.
20230320 044252.779 INFO             PET1     esm: RunSequence event loopLevel=   1  levelMember=   1  loopIteration=   4, current time: 2010  6  1  0 45  0   0
20230320 044252.779 INFO             PET1     ATM-TO-OCN: Run intro.
20230320 044252.779 INFO             PET1     ATM-TO-OCN: Run extro.
20230320 044252.779 INFO             PET1     OCN-TO-ATM: Run intro.
20230320 044252.789 INFO             PET1     OCN-TO-ATM: Run extro.
20230320 044252.789 INFO             PET1     ATM: Run intro.
20230320 044252.790 INFO             PET1       ------>Advancing ATM from: 2010  6  1  0 45  0   0
20230320 044252.790 INFO             PET1       ---------------------> to: 2010  6  1  1  0  0   0
20230320 044252.790 INFO             PET1     ATM: Run extro.
20230320 044252.790 INFO             PET1   esm: end <--------- RunSequence
20230320 044252.790 INFO             PET1   <<<esm - leaving Run with current time: 2010  6  1  1  0  0   0
20230320 044252.790 INFO             PET1 esm: Run extro.
20230320 044252.790 INFO             PET1 esm: Finalize intro.
20230320 044252.790 INFO             PET1   Calling Finalize phase 1 for connectorComp: ATM-TO-OCN
20230320 044252.790 INFO             PET1   ATM-TO-OCN: Finalize intro.
20230320 044252.790 INFO             PET1   ATM-TO-OCN: Finalize extro.
20230320 044252.790 INFO             PET1   Calling Finalize phase 1 for connectorComp: OCN-TO-ATM
20230320 044252.791 INFO             PET1   OCN-TO-ATM: Finalize intro.
20230320 044252.791 INFO             PET1   OCN-TO-ATM: Finalize extro.
20230320 044252.791 INFO             PET1   Calling Finalize phase 1 for modelComp: ATM
20230320 044252.791 INFO             PET1   ATM: Finalize intro.
20230320 044252.791 INFO             PET1   ATM: Finalize extro.
20230320 044252.791 INFO             PET1   Calling Finalize phase 1 for modelComp: OCN
20230320 044252.791 INFO             PET1   Delete modelComp: ATM
20230320 044252.791 INFO             PET1   Delete Import-/Export State for modelComp: ATM
20230320 044252.791 INFO             PET1   Delete modelComp: OCN
20230320 044252.791 INFO             PET1   Delete Import-/Export State for modelComp: OCN
20230320 044252.791 INFO             PET1   Delete connectorComp: ATM-TO-OCN
20230320 044252.791 INFO             PET1   Delete connectorComp: OCN-TO-ATM
20230320 044252.792 INFO             PET1 esm: Finalize extro.
20230320 044252.792 INFO             PET1 esmApp FINISHED
20230320 044252.792 INFO             PET1 Finalizing ESMF
20230320 044252.285 INFO             PET2 !!!!!!!!!!!!!!!!!!!!!!!!!!!!!!!!!!!!!!!!!!!!!!!!!!!!!!
20230320 044252.286 INFO             PET2 !!! THE ESMF_LOG IS SET TO OUTPUT ALL LOG MESSAGES !!!
20230320 044252.286 INFO             PET2 !!!     THIS MAY CAUSE SLOWDOWN IN PERFORMANCE     !!!
20230320 044252.286 INFO             PET2 !!! FOR PRODUCTION RUNS, USE:                      !!!
20230320 044252.286 INFO             PET2 !!!                   ESMF_LOGKIND_Multi_On_Error  !!!
20230320 044252.286 INFO             PET2 !!!!!!!!!!!!!!!!!!!!!!!!!!!!!!!!!!!!!!!!!!!!!!!!!!!!!!
20230320 044252.286 INFO             PET2 Running with ESMF Version   : v8.5.0b18-5-ge74a33b91d
20230320 044252.286 INFO             PET2 ESMF library build date/time: "Mar 20 2023" "03:12:34"
20230320 044252.286 INFO             PET2 ESMF library build location : /glade/scratch/theurich/ESMF-Nightly-Testing/intel_18.0.5_openmpi_g_develop/esmf
20230320 044252.286 INFO             PET2 ESMF_COMM                   : openmpi
20230320 044252.286 INFO             PET2 ESMF_MOAB                   : enabled
20230320 044252.286 INFO             PET2 ESMF_LAPACK                 : enabled
20230320 044252.286 INFO             PET2 ESMF_NETCDF                 : enabled
20230320 044252.286 INFO             PET2 ESMF_PNETCDF                : disabled
20230320 044252.286 INFO             PET2 ESMF_PIO                    : enabled
20230320 044252.286 INFO             PET2 ESMF_YAMLCPP                : enabled
20230320 044252.286 INFO             PET2 esmApp STARTING
20230320 044252.293 INFO             PET2 esm: InitializeGeneric intro.
20230320 044252.293 INFO             PET2   esm: InitializeP0 intro.
20230320 044252.293 INFO             PET2   esm: InitializeP0 extro.
20230320 044252.293 INFO             PET2   esm: InitializeIPDv02p1 intro.
20230320 044252.293 INFO             PET2     >>>esm: entered Initialize (phase=<none>) without valid internal Clock.
20230320 044252.294 INFO             PET2     esm - Creating model component ATM with petList of size 2 :
20230320 044252.294 INFO             PET2           0      1
20230320 044252.297 INFO             PET2     esm - Creating model component OCN with petList of size 2 :
20230320 044252.297 INFO             PET2           2      3
20230320 044252.300 INFO             PET2     esm - Creating connector component ATM-TO-OCN with petList of size 4 :
20230320 044252.300 INFO             PET2           0      1      2      3
20230320 044252.306 INFO             PET2     esm - Creating connector component OCN-TO-ATM with petList of size 4 :
20230320 044252.306 INFO             PET2           2      3      0      1
20230320 044252.313 INFO             PET2     esm - Creating state: modelComp 1 Import State
20230320 044252.313 INFO             PET2     esm - Creating state: modelComp 1 Export State
20230320 044252.313 INFO             PET2     esm - Creating state: modelComp 2 Import State
20230320 044252.313 INFO             PET2     esm - Creating state: modelComp 2 Export State
20230320 044252.315 INFO             PET2     OCN: InitializeP0 intro.
20230320 044252.316 INFO             PET2     OCN: InitializeP0 extro.
20230320 044252.319 INFO             PET2     ATM-TO-OCN: InitializeP0 intro.
20230320 044252.319 INFO             PET2     ATM-TO-OCN: InitializeP0 extro.
20230320 044252.320 INFO             PET2     OCN-TO-ATM: InitializeP0 intro.
20230320 044252.321 INFO             PET2     OCN-TO-ATM: InitializeP0 extro.
20230320 044252.323 INFO             PET2     esm: IInitAdvertise intro.
20230320 044252.323 INFO             PET2     esm: IInitAdvertise extro.
20230320 044252.323 INFO             PET2     OCN: InitializeIPDvXp01 intro.
20230320 044252.327 INFO             PET2     OCN: InitializeIPDvXp01 extro.
20230320 044252.329 INFO             PET2     ATM-TO-OCN: InitializeIPDv05p1 intro.
20230320 044252.340 INFO             PET2     ATM-TO-OCN: InitializeIPDv05p1 extro.
20230320 044252.340 INFO             PET2     OCN-TO-ATM: InitializeIPDv05p1 intro.
20230320 044252.345 INFO             PET2     OCN-TO-ATM: InitializeIPDv05p1 extro.
20230320 044252.345 INFO             PET2     esm: IInitAdvertiseFinish intro.
20230320 044252.345 INFO             PET2     esm: IInitAdvertiseFinish extro.
20230320 044252.346 INFO             PET2     ATM-TO-OCN: InitializeIPDv05p2a intro.
20230320 044252.356 INFO             PET2     ATM-TO-OCN: InitializeIPDv05p2a extro.
20230320 044252.356 INFO             PET2     OCN-TO-ATM: InitializeIPDv05p2a intro.
20230320 044252.361 INFO             PET2     OCN-TO-ATM: InitializeIPDv05p2a extro.
20230320 044252.361 INFO             PET2     ATM-TO-OCN: InitializeIPDv05p2b intro.
20230320 044252.371 INFO             PET2     ATM-TO-OCN: InitializeIPDv05p2b extro.
20230320 044252.374 INFO             PET2     OCN-TO-ATM: InitializeIPDv05p2b intro.
20230320 044252.380 INFO             PET2     OCN-TO-ATM: InitializeIPDv05p2b extro.
20230320 044252.380 INFO             PET2     esm: IInitModifyCplLists intro.
20230320 044252.380 INFO             PET2       Driver is in ModifyCplLists()
20230320 044252.380 INFO             PET2        Found            2  Connectors. Modifying CplList Attribute....
20230320 044252.380 INFO             PET2     esm: IInitModifyCplLists extro.
20230320 044252.381 INFO             PET2     ATM-TO-OCN: InitializeIPDv05p3 intro.
20230320 044252.391 INFO             PET2     ATM-TO-OCN: InitializeIPDv05p3 extro.
20230320 044252.391 INFO             PET2     OCN-TO-ATM: InitializeIPDv05p3 intro.
20230320 044252.397 INFO             PET2     OCN-TO-ATM: InitializeIPDv05p3 extro.
20230320 044252.397 INFO             PET2     <<<esm: leaving Initialize (phase=<none>) with current time: 2010  6  1  0  0  0   0
20230320 044252.397 INFO             PET2   esm: InitializeIPDv02p1 extro.
20230320 044252.397 INFO             PET2   esm: InitializeIPDv02p3 intro.
20230320 044252.398 INFO             PET2     >>>esm: entered Initialize (phase=<none>) with current time: 2010  6  1  0  0  0   0
20230320 044252.398 INFO             PET2     esm: IInitCheck intro.
20230320 044252.398 INFO             PET2     esm: IInitCheck extro.
20230320 044252.398 INFO             PET2     OCN: InitializeIPDvXp04 intro.
20230320 044252.407 INFO             PET2     OCN: InitializeIPDvXp04 extro.
20230320 044252.409 INFO             PET2     ATM-TO-OCN: InitializeIPDv05p4 intro.
20230320 044252.429 INFO             PET2     ATM-TO-OCN: InitializeIPDv05p4 extro.
20230320 044252.429 INFO             PET2     OCN-TO-ATM: InitializeIPDv05p4 intro.
20230320 044252.439 INFO             PET2     OCN-TO-ATM: InitializeIPDv05p4 extro.
20230320 044252.439 INFO             PET2     ATM-TO-OCN: InitializeIPDv05p5 intro.
20230320 044252.459 INFO             PET2     ATM-TO-OCN: InitializeIPDv05p5 extro.
20230320 044252.459 INFO             PET2     OCN-TO-ATM: InitializeIPDv05p5 intro.
20230320 044252.469 INFO             PET2     OCN-TO-ATM: InitializeIPDv05p5 extro.
20230320 044252.469 INFO             PET2     esm: IInitRealize intro.
20230320 044252.469 INFO             PET2     esm: IInitRealize extro.
20230320 044252.470 INFO             PET2     ATM-TO-OCN: InitializeIPDv05p6a intro.
20230320 044252.489 INFO             PET2     ATM-TO-OCN: InitializeIPDv05p6a extro.
20230320 044252.489 INFO             PET2     OCN-TO-ATM: InitializeIPDv05p6a intro.
20230320 044252.498 INFO             PET2     OCN-TO-ATM: InitializeIPDv05p6a extro.
20230320 044252.499 INFO             PET2     ATM-TO-OCN: InitializeIPDv05p6b intro.
20230320 044252.631 INFO             PET2     ATM-TO-OCN: InitializeIPDv05p6b extro.
20230320 044252.631 INFO             PET2     OCN-TO-ATM: InitializeIPDv05p6b intro.
20230320 044252.734 INFO             PET2     OCN-TO-ATM: InitializeIPDv05p6b extro.
20230320 044252.735 INFO             PET2     OCN: InitializeIPDvXp07 intro.
20230320 044252.735 INFO             PET2     OCN: InitializeIPDvXp07 extro.
20230320 044252.735 INFO             PET2     <<<esm: leaving Initialize (phase=<none>) with current time: 2010  6  1  0  0  0   0
20230320 044252.735 INFO             PET2   esm: InitializeIPDv02p3 extro.
20230320 044252.735 INFO             PET2   esm: InitializeIPDv02p5 intro.
20230320 044252.735 INFO             PET2     >>>esm: entered Initialize (phase=<none>) with current time: 2010  6  1  0  0  0   0
20230320 044252.735 INFO             PET2     esm: this is a top level driver, no 'Updated' and 'InitializeDataComplete' info on this level.
20230320 044252.735 INFO             PET2     esm: InitializeIPDv02p5Data intro.
20230320 044252.736 INFO             PET2       esm: InternalInitializeComplete intro.
20230320 044252.736 INFO             PET2         esm: InitializeDataComplete='true'
20230320 044252.736 INFO             PET2       esm: InternalInitializeComplete extro.
20230320 044252.736 INFO             PET2       OCN: InitializeIPDv01p5 intro.
20230320 044252.736 INFO             PET2       OCN: InitializeIPDv01p5 extro.
20230320 044252.738 INFO             PET2       esm: components present that trigger loopDataDependentInitialize().
20230320 044252.738 INFO             PET2       esm: loopDataDependentInitialize intro.
20230320 044252.738 INFO             PET2         esm: component    0=esm, dataComplete (local): true
20230320 044252.738 INFO             PET2         esm: component    0=esm, dataComplete (global):  T
20230320 044252.738 INFO             PET2         esm: component    1=ATM, dataComplete (local): true
20230320 044252.738 INFO             PET2         esm: component    1=ATM, dataComplete (global):  T
20230320 044252.739 INFO             PET2         esm: component    2=OCN, dataComplete (local): true
20230320 044252.739 INFO             PET2         esm: component    2=OCN, dataComplete (global):  T
20230320 044252.739 INFO             PET2         esm: someProgress= F, allComplete= T, present(dataDepAllComplete)= T
20230320 044252.739 INFO             PET2         esm: finished resolving initialize data dependencies on this level.
20230320 044252.739 INFO             PET2       esm: loopDataDependentInitialize extro.
20230320 044252.739 INFO             PET2       esm: loopDataDependentInitialize() returned with dataDepAllComplete:  T
20230320 044252.739 INFO             PET2     esm: InitializeIPDv02p5Data extro.
20230320 044252.739 INFO             PET2     <<<esm: leaving Initialize (phase=<none>) with current time: 2010  6  1  0  0  0   0
20230320 044252.739 INFO             PET2   esm: InitializeIPDv02p5 extro.
20230320 044252.739 INFO             PET2 esm: InitializeGeneric extro.
20230320 044252.739 INFO             PET2 esm: Run intro.
20230320 044252.739 INFO             PET2   >>>esm entered Run (phase=RunPhase1) with current time: 2010  6  1  0  0  0   0
20230320 044252.739 INFO             PET2   esm: after lable_SetRunClock, current time: 2010  6  1  0  0  0   0
20230320 044252.739 INFO             PET2   esm: begin -------> RunSequence.
20230320 044252.739 INFO             PET2     esm: RunSequence event loopLevel=   1  levelMember=   1  loopIteration=   1, current time: 2010  6  1  0  0  0   0
20230320 044252.739 INFO             PET2     ATM-TO-OCN: Run intro.
20230320 044252.740 INFO             PET2     ATM-TO-OCN: Run extro.
20230320 044252.740 INFO             PET2     OCN-TO-ATM: Run intro.
20230320 044252.740 INFO             PET2     OCN-TO-ATM: Run extro.
20230320 044252.741 INFO             PET2     OCN: Run intro.
20230320 044252.741 INFO             PET2       ------>Advancing OCN from: 2010  6  1  0  0  0   0
20230320 044252.741 INFO             PET2       ---------------------> to: 2010  6  1  0  5  0   0
20230320 044252.756 INFO             PET2       ------>Advancing OCN from: 2010  6  1  0  5  0   0
20230320 044252.756 INFO             PET2       ---------------------> to: 2010  6  1  0 10  0   0
20230320 044252.762 INFO             PET2       ------>Advancing OCN from: 2010  6  1  0 10  0   0
20230320 044252.762 INFO             PET2       ---------------------> to: 2010  6  1  0 15  0   0
20230320 044252.766 INFO             PET2     OCN: Run extro.
20230320 044252.766 INFO             PET2     esm: RunSequence event loopLevel=   1  levelMember=   1  loopIteration=   2, current time: 2010  6  1  0 15  0   0
20230320 044252.766 INFO             PET2     ATM-TO-OCN: Run intro.
20230320 044252.766 INFO             PET2     ATM-TO-OCN: Run extro.
20230320 044252.766 INFO             PET2     OCN-TO-ATM: Run intro.
20230320 044252.767 INFO             PET2     OCN-TO-ATM: Run extro.
20230320 044252.767 INFO             PET2     OCN: Run intro.
20230320 044252.767 INFO             PET2       ------>Advancing OCN from: 2010  6  1  0 15  0   0
20230320 044252.767 INFO             PET2       ---------------------> to: 2010  6  1  0 20  0   0
20230320 044252.771 INFO             PET2       ------>Advancing OCN from: 2010  6  1  0 20  0   0
20230320 044252.771 INFO             PET2       ---------------------> to: 2010  6  1  0 25  0   0
20230320 044252.775 INFO             PET2       ------>Advancing OCN from: 2010  6  1  0 25  0   0
20230320 044252.775 INFO             PET2       ---------------------> to: 2010  6  1  0 30  0   0
20230320 044252.777 INFO             PET2     OCN: Run extro.
20230320 044252.777 INFO             PET2     esm: RunSequence event loopLevel=   1  levelMember=   1  loopIteration=   3, current time: 2010  6  1  0 30  0   0
20230320 044252.777 INFO             PET2     ATM-TO-OCN: Run intro.
20230320 044252.778 INFO             PET2     ATM-TO-OCN: Run extro.
20230320 044252.778 INFO             PET2     OCN-TO-ATM: Run intro.
20230320 044252.778 INFO             PET2     OCN-TO-ATM: Run extro.
20230320 044252.778 INFO             PET2     OCN: Run intro.
20230320 044252.779 INFO             PET2       ------>Advancing OCN from: 2010  6  1  0 30  0   0
20230320 044252.779 INFO             PET2       ---------------------> to: 2010  6  1  0 35  0   0
20230320 044252.782 INFO             PET2       ------>Advancing OCN from: 2010  6  1  0 35  0   0
20230320 044252.782 INFO             PET2       ---------------------> to: 2010  6  1  0 40  0   0
20230320 044252.785 INFO             PET2       ------>Advancing OCN from: 2010  6  1  0 40  0   0
20230320 044252.785 INFO             PET2       ---------------------> to: 2010  6  1  0 45  0   0
20230320 044252.788 INFO             PET2     OCN: Run extro.
20230320 044252.788 INFO             PET2     esm: RunSequence event loopLevel=   1  levelMember=   1  loopIteration=   4, current time: 2010  6  1  0 45  0   0
20230320 044252.789 INFO             PET2     ATM-TO-OCN: Run intro.
20230320 044252.789 INFO             PET2     ATM-TO-OCN: Run extro.
20230320 044252.789 INFO             PET2     OCN-TO-ATM: Run intro.
20230320 044252.789 INFO             PET2     OCN-TO-ATM: Run extro.
20230320 044252.790 INFO             PET2     OCN: Run intro.
20230320 044252.790 INFO             PET2       ------>Advancing OCN from: 2010  6  1  0 45  0   0
20230320 044252.790 INFO             PET2       ---------------------> to: 2010  6  1  0 50  0   0
20230320 044252.792 INFO             PET2       ------>Advancing OCN from: 2010  6  1  0 50  0   0
20230320 044252.792 INFO             PET2       ---------------------> to: 2010  6  1  0 55  0   0
20230320 044252.796 INFO             PET2       ------>Advancing OCN from: 2010  6  1  0 55  0   0
20230320 044252.796 INFO             PET2       ---------------------> to: 2010  6  1  1  0  0   0
20230320 044252.799 INFO             PET2     OCN: Run extro.
20230320 044252.799 INFO             PET2   esm: end <--------- RunSequence
20230320 044252.799 INFO             PET2   <<<esm - leaving Run with current time: 2010  6  1  1  0  0   0
20230320 044252.799 INFO             PET2 esm: Run extro.
20230320 044252.799 INFO             PET2 esm: Finalize intro.
20230320 044252.799 INFO             PET2   Calling Finalize phase 1 for connectorComp: ATM-TO-OCN
20230320 044252.799 INFO             PET2   ATM-TO-OCN: Finalize intro.
20230320 044252.799 INFO             PET2   ATM-TO-OCN: Finalize extro.
20230320 044252.799 INFO             PET2   Calling Finalize phase 1 for connectorComp: OCN-TO-ATM
20230320 044252.799 INFO             PET2   OCN-TO-ATM: Finalize intro.
20230320 044252.800 INFO             PET2   OCN-TO-ATM: Finalize extro.
20230320 044252.800 INFO             PET2   Calling Finalize phase 1 for modelComp: ATM
20230320 044252.800 INFO             PET2   Calling Finalize phase 1 for modelComp: OCN
20230320 044252.800 INFO             PET2   OCN: Finalize intro.
20230320 044252.800 INFO             PET2   OCN: Finalize extro.
20230320 044252.800 INFO             PET2   Delete modelComp: ATM
20230320 044252.800 INFO             PET2   Delete Import-/Export State for modelComp: ATM
20230320 044252.800 INFO             PET2   Delete modelComp: OCN
20230320 044252.800 INFO             PET2   Delete Import-/Export State for modelComp: OCN
20230320 044252.800 INFO             PET2   Delete connectorComp: ATM-TO-OCN
20230320 044252.800 INFO             PET2   Delete connectorComp: OCN-TO-ATM
20230320 044252.800 INFO             PET2 esm: Finalize extro.
20230320 044252.800 INFO             PET2 esmApp FINISHED
20230320 044252.800 INFO             PET2 Finalizing ESMF
20230320 044252.286 INFO             PET3 !!!!!!!!!!!!!!!!!!!!!!!!!!!!!!!!!!!!!!!!!!!!!!!!!!!!!!
20230320 044252.286 INFO             PET3 !!! THE ESMF_LOG IS SET TO OUTPUT ALL LOG MESSAGES !!!
20230320 044252.286 INFO             PET3 !!!     THIS MAY CAUSE SLOWDOWN IN PERFORMANCE     !!!
20230320 044252.286 INFO             PET3 !!! FOR PRODUCTION RUNS, USE:                      !!!
20230320 044252.286 INFO             PET3 !!!                   ESMF_LOGKIND_Multi_On_Error  !!!
20230320 044252.286 INFO             PET3 !!!!!!!!!!!!!!!!!!!!!!!!!!!!!!!!!!!!!!!!!!!!!!!!!!!!!!
20230320 044252.286 INFO             PET3 Running with ESMF Version   : v8.5.0b18-5-ge74a33b91d
20230320 044252.286 INFO             PET3 ESMF library build date/time: "Mar 20 2023" "03:12:34"
20230320 044252.286 INFO             PET3 ESMF library build location : /glade/scratch/theurich/ESMF-Nightly-Testing/intel_18.0.5_openmpi_g_develop/esmf
20230320 044252.286 INFO             PET3 ESMF_COMM                   : openmpi
20230320 044252.286 INFO             PET3 ESMF_MOAB                   : enabled
20230320 044252.286 INFO             PET3 ESMF_LAPACK                 : enabled
20230320 044252.286 INFO             PET3 ESMF_NETCDF                 : enabled
20230320 044252.286 INFO             PET3 ESMF_PNETCDF                : disabled
20230320 044252.286 INFO             PET3 ESMF_PIO                    : enabled
20230320 044252.286 INFO             PET3 ESMF_YAMLCPP                : enabled
20230320 044252.286 INFO             PET3 esmApp STARTING
20230320 044252.293 INFO             PET3 esm: InitializeGeneric intro.
20230320 044252.293 INFO             PET3   esm: InitializeP0 intro.
20230320 044252.293 INFO             PET3   esm: InitializeP0 extro.
20230320 044252.293 INFO             PET3   esm: InitializeIPDv02p1 intro.
20230320 044252.293 INFO             PET3     >>>esm: entered Initialize (phase=<none>) without valid internal Clock.
20230320 044252.294 INFO             PET3     esm - Creating model component ATM with petList of size 2 :
20230320 044252.294 INFO             PET3           0      1
20230320 044252.297 INFO             PET3     esm - Creating model component OCN with petList of size 2 :
20230320 044252.297 INFO             PET3           2      3
20230320 044252.300 INFO             PET3     esm - Creating connector component ATM-TO-OCN with petList of size 4 :
20230320 044252.300 INFO             PET3           0      1      2      3
20230320 044252.306 INFO             PET3     esm - Creating connector component OCN-TO-ATM with petList of size 4 :
20230320 044252.306 INFO             PET3           2      3      0      1
20230320 044252.313 INFO             PET3     esm - Creating state: modelComp 1 Import State
20230320 044252.313 INFO             PET3     esm - Creating state: modelComp 1 Export State
20230320 044252.313 INFO             PET3     esm - Creating state: modelComp 2 Import State
20230320 044252.313 INFO             PET3     esm - Creating state: modelComp 2 Export State
20230320 044252.315 INFO             PET3     OCN: InitializeP0 intro.
20230320 044252.316 INFO             PET3     OCN: InitializeP0 extro.
20230320 044252.319 INFO             PET3     ATM-TO-OCN: InitializeP0 intro.
20230320 044252.320 INFO             PET3     ATM-TO-OCN: InitializeP0 extro.
20230320 044252.320 INFO             PET3     OCN-TO-ATM: InitializeP0 intro.
20230320 044252.321 INFO             PET3     OCN-TO-ATM: InitializeP0 extro.
20230320 044252.323 INFO             PET3     esm: IInitAdvertise intro.
20230320 044252.323 INFO             PET3     esm: IInitAdvertise extro.
20230320 044252.323 INFO             PET3     OCN: InitializeIPDvXp01 intro.
20230320 044252.327 INFO             PET3     OCN: InitializeIPDvXp01 extro.
20230320 044252.329 INFO             PET3     ATM-TO-OCN: InitializeIPDv05p1 intro.
20230320 044252.340 INFO             PET3     ATM-TO-OCN: InitializeIPDv05p1 extro.
20230320 044252.340 INFO             PET3     OCN-TO-ATM: InitializeIPDv05p1 intro.
20230320 044252.345 INFO             PET3     OCN-TO-ATM: InitializeIPDv05p1 extro.
20230320 044252.345 INFO             PET3     esm: IInitAdvertiseFinish intro.
20230320 044252.345 INFO             PET3     esm: IInitAdvertiseFinish extro.
20230320 044252.346 INFO             PET3     ATM-TO-OCN: InitializeIPDv05p2a intro.
20230320 044252.356 INFO             PET3     ATM-TO-OCN: InitializeIPDv05p2a extro.
20230320 044252.356 INFO             PET3     OCN-TO-ATM: InitializeIPDv05p2a intro.
20230320 044252.361 INFO             PET3     OCN-TO-ATM: InitializeIPDv05p2a extro.
20230320 044252.361 INFO             PET3     ATM-TO-OCN: InitializeIPDv05p2b intro.
20230320 044252.371 INFO             PET3     ATM-TO-OCN: InitializeIPDv05p2b extro.
20230320 044252.374 INFO             PET3     OCN-TO-ATM: InitializeIPDv05p2b intro.
20230320 044252.380 INFO             PET3     OCN-TO-ATM: InitializeIPDv05p2b extro.
20230320 044252.380 INFO             PET3     esm: IInitModifyCplLists intro.
20230320 044252.380 INFO             PET3       Driver is in ModifyCplLists()
20230320 044252.380 INFO             PET3        Found            2  Connectors. Modifying CplList Attribute....
20230320 044252.380 INFO             PET3     esm: IInitModifyCplLists extro.
20230320 044252.381 INFO             PET3     ATM-TO-OCN: InitializeIPDv05p3 intro.
20230320 044252.391 INFO             PET3     ATM-TO-OCN: InitializeIPDv05p3 extro.
20230320 044252.391 INFO             PET3     OCN-TO-ATM: InitializeIPDv05p3 intro.
20230320 044252.397 INFO             PET3     OCN-TO-ATM: InitializeIPDv05p3 extro.
20230320 044252.397 INFO             PET3     <<<esm: leaving Initialize (phase=<none>) with current time: 2010  6  1  0  0  0   0
20230320 044252.397 INFO             PET3   esm: InitializeIPDv02p1 extro.
20230320 044252.397 INFO             PET3   esm: InitializeIPDv02p3 intro.
20230320 044252.398 INFO             PET3     >>>esm: entered Initialize (phase=<none>) with current time: 2010  6  1  0  0  0   0
20230320 044252.398 INFO             PET3     esm: IInitCheck intro.
20230320 044252.398 INFO             PET3     esm: IInitCheck extro.
20230320 044252.398 INFO             PET3     OCN: InitializeIPDvXp04 intro.
20230320 044252.407 INFO             PET3     OCN: InitializeIPDvXp04 extro.
20230320 044252.409 INFO             PET3     ATM-TO-OCN: InitializeIPDv05p4 intro.
20230320 044252.429 INFO             PET3     ATM-TO-OCN: InitializeIPDv05p4 extro.
20230320 044252.429 INFO             PET3     OCN-TO-ATM: InitializeIPDv05p4 intro.
20230320 044252.439 INFO             PET3     OCN-TO-ATM: InitializeIPDv05p4 extro.
20230320 044252.439 INFO             PET3     ATM-TO-OCN: InitializeIPDv05p5 intro.
20230320 044252.459 INFO             PET3     ATM-TO-OCN: InitializeIPDv05p5 extro.
20230320 044252.459 INFO             PET3     OCN-TO-ATM: InitializeIPDv05p5 intro.
20230320 044252.469 INFO             PET3     OCN-TO-ATM: InitializeIPDv05p5 extro.
20230320 044252.469 INFO             PET3     esm: IInitRealize intro.
20230320 044252.469 INFO             PET3     esm: IInitRealize extro.
20230320 044252.470 INFO             PET3     ATM-TO-OCN: InitializeIPDv05p6a intro.
20230320 044252.489 INFO             PET3     ATM-TO-OCN: InitializeIPDv05p6a extro.
20230320 044252.489 INFO             PET3     OCN-TO-ATM: InitializeIPDv05p6a intro.
20230320 044252.498 INFO             PET3     OCN-TO-ATM: InitializeIPDv05p6a extro.
20230320 044252.499 INFO             PET3     ATM-TO-OCN: InitializeIPDv05p6b intro.
20230320 044252.631 INFO             PET3     ATM-TO-OCN: InitializeIPDv05p6b extro.
20230320 044252.631 INFO             PET3     OCN-TO-ATM: InitializeIPDv05p6b intro.
20230320 044252.734 INFO             PET3     OCN-TO-ATM: InitializeIPDv05p6b extro.
20230320 044252.735 INFO             PET3     OCN: InitializeIPDvXp07 intro.
20230320 044252.735 INFO             PET3     OCN: InitializeIPDvXp07 extro.
20230320 044252.735 INFO             PET3     <<<esm: leaving Initialize (phase=<none>) with current time: 2010  6  1  0  0  0   0
20230320 044252.735 INFO             PET3   esm: InitializeIPDv02p3 extro.
20230320 044252.735 INFO             PET3   esm: InitializeIPDv02p5 intro.
20230320 044252.735 INFO             PET3     >>>esm: entered Initialize (phase=<none>) with current time: 2010  6  1  0  0  0   0
20230320 044252.735 INFO             PET3     esm: this is a top level driver, no 'Updated' and 'InitializeDataComplete' info on this level.
20230320 044252.735 INFO             PET3     esm: InitializeIPDv02p5Data intro.
20230320 044252.736 INFO             PET3       esm: InternalInitializeComplete intro.
20230320 044252.736 INFO             PET3         esm: InitializeDataComplete='true'
20230320 044252.736 INFO             PET3       esm: InternalInitializeComplete extro.
20230320 044252.736 INFO             PET3       OCN: InitializeIPDv01p5 intro.
20230320 044252.736 INFO             PET3       OCN: InitializeIPDv01p5 extro.
20230320 044252.738 INFO             PET3       esm: components present that trigger loopDataDependentInitialize().
20230320 044252.738 INFO             PET3       esm: loopDataDependentInitialize intro.
20230320 044252.738 INFO             PET3         esm: component    0=esm, dataComplete (local): true
20230320 044252.738 INFO             PET3         esm: component    0=esm, dataComplete (global):  T
20230320 044252.738 INFO             PET3         esm: component    1=ATM, dataComplete (local): true
20230320 044252.738 INFO             PET3         esm: component    1=ATM, dataComplete (global):  T
20230320 044252.739 INFO             PET3         esm: component    2=OCN, dataComplete (local): true
20230320 044252.739 INFO             PET3         esm: component    2=OCN, dataComplete (global):  T
20230320 044252.739 INFO             PET3         esm: someProgress= F, allComplete= T, present(dataDepAllComplete)= T
20230320 044252.739 INFO             PET3         esm: finished resolving initialize data dependencies on this level.
20230320 044252.739 INFO             PET3       esm: loopDataDependentInitialize extro.
20230320 044252.739 INFO             PET3       esm: loopDataDependentInitialize() returned with dataDepAllComplete:  T
20230320 044252.739 INFO             PET3     esm: InitializeIPDv02p5Data extro.
20230320 044252.739 INFO             PET3     <<<esm: leaving Initialize (phase=<none>) with current time: 2010  6  1  0  0  0   0
20230320 044252.739 INFO             PET3   esm: InitializeIPDv02p5 extro.
20230320 044252.739 INFO             PET3 esm: InitializeGeneric extro.
20230320 044252.739 INFO             PET3 esm: Run intro.
20230320 044252.739 INFO             PET3   >>>esm entered Run (phase=RunPhase1) with current time: 2010  6  1  0  0  0   0
20230320 044252.739 INFO             PET3   esm: after lable_SetRunClock, current time: 2010  6  1  0  0  0   0
20230320 044252.739 INFO             PET3   esm: begin -------> RunSequence.
20230320 044252.739 INFO             PET3     esm: RunSequence event loopLevel=   1  levelMember=   1  loopIteration=   1, current time: 2010  6  1  0  0  0   0
20230320 044252.739 INFO             PET3     ATM-TO-OCN: Run intro.
20230320 044252.740 INFO             PET3     ATM-TO-OCN: Run extro.
20230320 044252.740 INFO             PET3     OCN-TO-ATM: Run intro.
20230320 044252.740 INFO             PET3     OCN-TO-ATM: Run extro.
20230320 044252.741 INFO             PET3     OCN: Run intro.
20230320 044252.741 INFO             PET3       ------>Advancing OCN from: 2010  6  1  0  0  0   0
20230320 044252.741 INFO             PET3       ---------------------> to: 2010  6  1  0  5  0   0
20230320 044252.756 INFO             PET3       ------>Advancing OCN from: 2010  6  1  0  5  0   0
20230320 044252.756 INFO             PET3       ---------------------> to: 2010  6  1  0 10  0   0
20230320 044252.762 INFO             PET3       ------>Advancing OCN from: 2010  6  1  0 10  0   0
20230320 044252.762 INFO             PET3       ---------------------> to: 2010  6  1  0 15  0   0
20230320 044252.766 INFO             PET3     OCN: Run extro.
20230320 044252.766 INFO             PET3     esm: RunSequence event loopLevel=   1  levelMember=   1  loopIteration=   2, current time: 2010  6  1  0 15  0   0
20230320 044252.766 INFO             PET3     ATM-TO-OCN: Run intro.
20230320 044252.766 INFO             PET3     ATM-TO-OCN: Run extro.
20230320 044252.766 INFO             PET3     OCN-TO-ATM: Run intro.
20230320 044252.767 INFO             PET3     OCN-TO-ATM: Run extro.
20230320 044252.767 INFO             PET3     OCN: Run intro.
20230320 044252.767 INFO             PET3       ------>Advancing OCN from: 2010  6  1  0 15  0   0
20230320 044252.767 INFO             PET3       ---------------------> to: 2010  6  1  0 20  0   0
20230320 044252.771 INFO             PET3       ------>Advancing OCN from: 2010  6  1  0 20  0   0
20230320 044252.771 INFO             PET3       ---------------------> to: 2010  6  1  0 25  0   0
20230320 044252.775 INFO             PET3       ------>Advancing OCN from: 2010  6  1  0 25  0   0
20230320 044252.775 INFO             PET3       ---------------------> to: 2010  6  1  0 30  0   0
20230320 044252.777 INFO             PET3     OCN: Run extro.
20230320 044252.777 INFO             PET3     esm: RunSequence event loopLevel=   1  levelMember=   1  loopIteration=   3, current time: 2010  6  1  0 30  0   0
20230320 044252.777 INFO             PET3     ATM-TO-OCN: Run intro.
20230320 044252.778 INFO             PET3     ATM-TO-OCN: Run extro.
20230320 044252.778 INFO             PET3     OCN-TO-ATM: Run intro.
20230320 044252.778 INFO             PET3     OCN-TO-ATM: Run extro.
20230320 044252.778 INFO             PET3     OCN: Run intro.
20230320 044252.779 INFO             PET3       ------>Advancing OCN from: 2010  6  1  0 30  0   0
20230320 044252.779 INFO             PET3       ---------------------> to: 2010  6  1  0 35  0   0
20230320 044252.782 INFO             PET3       ------>Advancing OCN from: 2010  6  1  0 35  0   0
20230320 044252.782 INFO             PET3       ---------------------> to: 2010  6  1  0 40  0   0
20230320 044252.785 INFO             PET3       ------>Advancing OCN from: 2010  6  1  0 40  0   0
20230320 044252.785 INFO             PET3       ---------------------> to: 2010  6  1  0 45  0   0
20230320 044252.788 INFO             PET3     OCN: Run extro.
20230320 044252.788 INFO             PET3     esm: RunSequence event loopLevel=   1  levelMember=   1  loopIteration=   4, current time: 2010  6  1  0 45  0   0
20230320 044252.789 INFO             PET3     ATM-TO-OCN: Run intro.
20230320 044252.789 INFO             PET3     ATM-TO-OCN: Run extro.
20230320 044252.789 INFO             PET3     OCN-TO-ATM: Run intro.
20230320 044252.789 INFO             PET3     OCN-TO-ATM: Run extro.
20230320 044252.789 INFO             PET3     OCN: Run intro.
20230320 044252.790 INFO             PET3       ------>Advancing OCN from: 2010  6  1  0 45  0   0
20230320 044252.790 INFO             PET3       ---------------------> to: 2010  6  1  0 50  0   0
20230320 044252.792 INFO             PET3       ------>Advancing OCN from: 2010  6  1  0 50  0   0
20230320 044252.792 INFO             PET3       ---------------------> to: 2010  6  1  0 55  0   0
20230320 044252.796 INFO             PET3       ------>Advancing OCN from: 2010  6  1  0 55  0   0
20230320 044252.796 INFO             PET3       ---------------------> to: 2010  6  1  1  0  0   0
20230320 044252.799 INFO             PET3     OCN: Run extro.
20230320 044252.799 INFO             PET3   esm: end <--------- RunSequence
20230320 044252.799 INFO             PET3   <<<esm - leaving Run with current time: 2010  6  1  1  0  0   0
20230320 044252.799 INFO             PET3 esm: Run extro.
20230320 044252.799 INFO             PET3 esm: Finalize intro.
20230320 044252.799 INFO             PET3   Calling Finalize phase 1 for connectorComp: ATM-TO-OCN
20230320 044252.799 INFO             PET3   ATM-TO-OCN: Finalize intro.
20230320 044252.799 INFO             PET3   ATM-TO-OCN: Finalize extro.
20230320 044252.799 INFO             PET3   Calling Finalize phase 1 for connectorComp: OCN-TO-ATM
20230320 044252.799 INFO             PET3   OCN-TO-ATM: Finalize intro.
20230320 044252.800 INFO             PET3   OCN-TO-ATM: Finalize extro.
20230320 044252.800 INFO             PET3   Calling Finalize phase 1 for modelComp: ATM
20230320 044252.800 INFO             PET3   Calling Finalize phase 1 for modelComp: OCN
20230320 044252.800 INFO             PET3   OCN: Finalize intro.
20230320 044252.800 INFO             PET3   OCN: Finalize extro.
20230320 044252.800 INFO             PET3   Delete modelComp: ATM
20230320 044252.800 INFO             PET3   Delete Import-/Export State for modelComp: ATM
20230320 044252.800 INFO             PET3   Delete modelComp: OCN
20230320 044252.800 INFO             PET3   Delete Import-/Export State for modelComp: OCN
20230320 044252.800 INFO             PET3   Delete connectorComp: ATM-TO-OCN
20230320 044252.800 INFO             PET3   Delete connectorComp: OCN-TO-ATM
20230320 044252.800 INFO             PET3 esm: Finalize extro.
20230320 044252.800 INFO             PET3 esmApp FINISHED
20230320 044252.800 INFO             PET3 Finalizing ESMF
