2023-03-20 07:28:48
20230320 075434.823 INFO             PET0 !!!!!!!!!!!!!!!!!!!!!!!!!!!!!!!!!!!!!!!!!!!!!!!!!!!!!!
20230320 075434.823 INFO             PET0 !!! THE ESMF_LOG IS SET TO OUTPUT ALL LOG MESSAGES !!!
20230320 075434.823 INFO             PET0 !!!     THIS MAY CAUSE SLOWDOWN IN PERFORMANCE     !!!
20230320 075434.823 INFO             PET0 !!! FOR PRODUCTION RUNS, USE:                      !!!
20230320 075434.823 INFO             PET0 !!!                   ESMF_LOGKIND_Multi_On_Error  !!!
20230320 075434.823 INFO             PET0 !!!!!!!!!!!!!!!!!!!!!!!!!!!!!!!!!!!!!!!!!!!!!!!!!!!!!!
20230320 075434.823 INFO             PET0 Running with ESMF Version   : v8.5.0b18-5-ge74a33b91d
20230320 075434.823 INFO             PET0 ESMF library build date/time: "Mar 20 2023" "07:27:00"
20230320 075434.823 INFO             PET0 ESMF library build location : /scratch2/NCEPDEV/stmp1/Gerhard.Theurich/ESMF-Nightly-Testing/intel_18.0.5b_intelmpi_O_develop/esmf
20230320 075434.823 INFO             PET0 ESMF_COMM                   : intelmpi
20230320 075434.824 INFO             PET0 ESMF_MOAB                   : enabled
20230320 075434.824 INFO             PET0 ESMF_LAPACK                 : enabled
20230320 075434.824 INFO             PET0 ESMF_NETCDF                 : enabled
20230320 075434.824 INFO             PET0 ESMF_PNETCDF                : disabled
20230320 075434.824 INFO             PET0 ESMF_PIO                    : enabled
20230320 075434.824 INFO             PET0 ESMF_YAMLCPP                : enabled
20230320 075434.825 INFO             PET0  NUMBER_OF_PROCESSORS           1
20230320 075434.825 INFO             PET0  PASS  Example ESMF_TimeEx, ESMF_TimeEx.F90, line 141
20230320 075434.825 INFO             PET0 Finalizing ESMF
