2023-03-21 07:31:09
20230321 075727.370 INFO             PET0 !!!!!!!!!!!!!!!!!!!!!!!!!!!!!!!!!!!!!!!!!!!!!!!!!!!!!!
20230321 075727.370 INFO             PET0 !!! THE ESMF_LOG IS SET TO OUTPUT ALL LOG MESSAGES !!!
20230321 075727.370 INFO             PET0 !!!     THIS MAY CAUSE SLOWDOWN IN PERFORMANCE     !!!
20230321 075727.370 INFO             PET0 !!! FOR PRODUCTION RUNS, USE:                      !!!
20230321 075727.370 INFO             PET0 !!!                   ESMF_LOGKIND_Multi_On_Error  !!!
20230321 075727.370 INFO             PET0 !!!!!!!!!!!!!!!!!!!!!!!!!!!!!!!!!!!!!!!!!!!!!!!!!!!!!!
20230321 075727.370 INFO             PET0 Running with ESMF Version   : v8.5.0b18-5-ge74a33b91d
20230321 075727.370 INFO             PET0 ESMF library build date/time: "Mar 21 2023" "07:29:14"
20230321 075727.370 INFO             PET0 ESMF library build location : /scratch2/NCEPDEV/stmp1/Gerhard.Theurich/ESMF-Nightly-Testing/intel_18.0.5b_intelmpi_O_develop/esmf
20230321 075727.370 INFO             PET0 ESMF_COMM                   : intelmpi
20230321 075727.371 INFO             PET0 ESMF_MOAB                   : enabled
20230321 075727.371 INFO             PET0 ESMF_LAPACK                 : enabled
20230321 075727.371 INFO             PET0 ESMF_NETCDF                 : enabled
20230321 075727.371 INFO             PET0 ESMF_PNETCDF                : disabled
20230321 075727.371 INFO             PET0 ESMF_PIO                    : enabled
20230321 075727.371 INFO             PET0 ESMF_YAMLCPP                : enabled
20230321 075727.372 INFO             PET0  NUMBER_OF_PROCESSORS           1
20230321 075727.372 INFO             PET0  PASS  Example CalendarEx, ESMF_CalendarEx.F90, line 217
20230321 075727.372 INFO             PET0 Finalizing ESMF
