2023-04-10 07:22:52
[1681112948.312929] [h16c16:131141:0]         mxm.c:196  MXM  WARN  The 'ulimit -s' on the system is set to 'unlimited'. This may have negative performance implications. Please set the stack size to the default value (10240) 
[1681112948.317836] [h16c16:131141:0]         mxm.c:196  MXM  WARN  The 'ulimit -s' on the system is set to 'unlimited'. This may have negative performance implications. Please set the stack size to the default value (10240) 
[1681112948.312993] [h16c16:131139:0]         mxm.c:196  MXM  WARN  The 'ulimit -s' on the system is set to 'unlimited'. This may have negative performance implications. Please set the stack size to the default value (10240) 
[1681112948.317909] [h16c16:131139:0]         mxm.c:196  MXM  WARN  The 'ulimit -s' on the system is set to 'unlimited'. This may have negative performance implications. Please set the stack size to the default value (10240) 
[1681112948.302505] [h16c16:131140:0]         mxm.c:196  MXM  WARN  The 'ulimit -s' on the system is set to 'unlimited'. This may have negative performance implications. Please set the stack size to the default value (10240) 
[1681112948.307246] [h16c16:131140:0]         mxm.c:196  MXM  WARN  The 'ulimit -s' on the system is set to 'unlimited'. This may have negative performance implications. Please set the stack size to the default value (10240) 
[1681112948.305257] [h16c16:131138:0]         mxm.c:196  MXM  WARN  The 'ulimit -s' on the system is set to 'unlimited'. This may have negative performance implications. Please set the stack size to the default value (10240) 
[1681112948.310042] [h16c16:131138:0]         mxm.c:196  MXM  WARN  The 'ulimit -s' on the system is set to 'unlimited'. This may have negative performance implications. Please set the stack size to the default value (10240) 

 NUOPC Component Explorer App executing on            4 PETs
 ------------------------------------------------------------
 Accessing start, stop, and step time info from 'explorer.config':
   start_year:           2009
   start_month:            12
   start_day:               1
   start_hour:              0
   start_minute:            0
   start_second:            0
   - 
   stop_year:            2009
   stop_month:             12
   stop_day:                3
   stop_hour:               0
   stop_minute:             0
   stop_second:             0
   - 
   step_seconds:        21600
 Calling into Initialize()...
 Exploring a component with Fortran module or C header front...
 @*
 atmA
 atmA -> explorerDriver
 explorerDriver RunTimestampImportState
 explorerDriver -> atmA
 @
 Model component # 1 // name = atmA
   atmA: <LongName>    : Attribute is NOT present!
   atmA: <ShortName>   : Attribute is NOT present!
   atmA: <Description> : Attribute is NOT present!
   atmA: <Kind> = Model
   atmA: <CompLabel> = atmA
   atmA: <InitializePhaseMap>(           1 ) = IPDvDummy=-999
   atmA: <InitializePhaseMap>(           2 ) = IPDvXp01=6
   atmA: <InitializePhaseMap>(           3 ) = IPDvXp04=7
   atmA: <InitializePhaseMap>(           4 ) = IPDvXp07=8
   atmA: <InitializePhaseMap>(           5 ) = IPDvXp08=9
   atmA: <RunPhaseMap>(           1 ) = RunPhase1=1
   atmA: <FinalizePhaseMap>(           1 ) = FinalizePhase1=1
      --------
   atmA: importState // itemCount = 1
   atmA: importState // item # 001 // [FIELD] name = sst
               <StandardName> = sea_surface_temperature
                      <Units> = K
                   <LongName> = sea_surface_temperature
                  <ShortName> = sea_surface_temperature
      --------
   atmA: exportState // itemCount = 2
   atmA: exportState // item # 001 // [FIELD] name = pmsl
               <StandardName> = air_pressure_at_sea_level
                      <Units> = Pa
                   <LongName> = air_pressure_at_sea_level
                  <ShortName> = air_pressure_at_sea_level
   atmA: exportState // item # 002 // [FIELD] name = rsns
               <StandardName> = surface_net_downward_shortwave_flux
                      <Units> = W m-2
                   <LongName> = surface_net_downward_shortwave_flux
                  <ShortName> = surface_net_downward_shortwave_flux
 Calling into Run()...
 Calling into Finalize()...
 NUOPC Component Explorer App done.
 See PET*.ESMF_LogFile's for additional information.
 ------------------------------------------------------------
