2023-04-11 07:21:49
20230411 075006.753 INFO             PET0 !!!!!!!!!!!!!!!!!!!!!!!!!!!!!!!!!!!!!!!!!!!!!!!!!!!!!!
20230411 075006.753 INFO             PET0 !!! THE ESMF_LOG IS SET TO OUTPUT ALL LOG MESSAGES !!!
20230411 075006.753 INFO             PET0 !!!     THIS MAY CAUSE SLOWDOWN IN PERFORMANCE     !!!
20230411 075006.753 INFO             PET0 !!! FOR PRODUCTION RUNS, USE:                      !!!
20230411 075006.753 INFO             PET0 !!!                   ESMF_LOGKIND_Multi_On_Error  !!!
20230411 075006.753 INFO             PET0 !!!!!!!!!!!!!!!!!!!!!!!!!!!!!!!!!!!!!!!!!!!!!!!!!!!!!!
20230411 075006.753 INFO             PET0 Running with ESMF Version   : v8.5.0b19-2-g1c496381f5
20230411 075006.753 INFO             PET0 ESMF library build date/time: "Apr 11 2023" "07:20:33"
20230411 075006.753 INFO             PET0 ESMF library build location : /scratch2/NCEPDEV/stmp1/Gerhard.Theurich/ESMF-Nightly-Testing/gfortran_9.2.0b_openmpi_g_develop/esmf
20230411 075006.753 INFO             PET0 ESMF_COMM                   : openmpi
20230411 075006.754 INFO             PET0 ESMF_MOAB                   : enabled
20230411 075006.754 INFO             PET0 ESMF_LAPACK                 : enabled
20230411 075006.754 INFO             PET0 ESMF_NETCDF                 : disabled
20230411 075006.754 INFO             PET0 ESMF_PNETCDF                : disabled
20230411 075006.754 INFO             PET0 ESMF_PIO                    : disabled
20230411 075006.754 INFO             PET0 ESMF_YAMLCPP                : enabled
20230411 075006.754 INFO             PET0 mainApp STARTING
20230411 075006.759 INFO             PET0 driver: InitializeGeneric intro.
20230411 075006.759 INFO             PET0   driver: InitializeP0 intro.
20230411 075006.759 INFO             PET0   driver: InitializeP0 extro.
20230411 075006.759 INFO             PET0   driver: InitializeIPDv02p1 intro.
20230411 075006.759 INFO             PET0     >>>driver: entered Initialize (phase=<none>) without valid internal Clock.
20230411 075006.760 INFO             PET0     driver - Creating model component MODEL without petList.
20230411 075006.760 DEBUG            PET0     Generic SetVM() is executing for: MODEL
20230411 075006.760 DEBUG            PET0     Generic SetVM() is calling ESMF_GridCompSetVMMaxPEs() for: MODEL with:
20230411 075006.760 DEBUG            PET0      -             MaxCount =          2
20230411 075006.760 DEBUG            PET0      -       OpenMpHandling =
20230411 075006.760 DEBUG            PET0      -     OpenMpNumThreads =         -1
20230411 075006.760 DEBUG            PET0      -   ForceChildPthreads =          F
20230411 075006.760 DEBUG            PET0      -  PthreadMinStackSize =         -1
20230411 075006.763 INFO             PET0      GridCompIsPetLocal:  T
20230411 075006.763 INFO             PET0      VmIsCreated:  T
20230411 075006.763 INFO             PET0      valid MPI_COMM with size=           2
20230411 075006.764 INFO             PET0     driver - Creating state: modelComp 1 Import State
20230411 075006.764 INFO             PET0     driver - Creating state: modelComp 1 Export State
20230411 075006.765 INFO             PET0     MODEL: InitializeP0 intro.
20230411 075006.765 INFO             PET0       >>>MODEL: entered Initialize (phase=<none>) without valid internal Clock.
20230411 075006.766 INFO             PET0       <<<MODEL: leaving Initialize (phase=<none>) without valid internal Clock.
20230411 075006.766 INFO             PET0     MODEL: InitializeP0 extro.
20230411 075006.768 INFO             PET0     driver: IInitAdvertise intro.
20230411 075006.768 INFO             PET0     driver: IInitAdvertise extro.
20230411 075006.769 INFO             PET0     MODEL: InitializeIPDvXp01 intro.
20230411 075006.769 INFO             PET0       >>>MODEL: entered Initialize (phase=IPDvXp01) without valid internal Clock.
20230411 075006.770 INFO             PET0       <<<MODEL: leaving Initialize (phase=IPDvXp01) without valid internal Clock.
20230411 075006.770 INFO             PET0     MODEL: InitializeIPDvXp01 extro.
20230411 075006.771 INFO             PET0     driver: IInitAdvertiseFinish intro.
20230411 075006.771 INFO             PET0     driver: IInitAdvertiseFinish extro.
20230411 075006.771 INFO             PET0     driver: IInitModifyCplLists intro.
20230411 075006.771 INFO             PET0     driver: IInitModifyCplLists extro.
20230411 075006.771 INFO             PET0     <<<driver: leaving Initialize (phase=<none>) with current time:    0  1  1  0  0  0   0
20230411 075006.771 INFO             PET0   driver: InitializeIPDv02p1 extro.
20230411 075006.771 INFO             PET0   driver: InitializeIPDv02p3 intro.
20230411 075006.771 INFO             PET0     >>>driver: entered Initialize (phase=<none>) with current time:    0  1  1  0  0  0   0
20230411 075006.772 INFO             PET0     driver: IInitCheck intro.
20230411 075006.772 INFO             PET0     driver: IInitCheck extro.
20230411 075006.772 INFO             PET0     MODEL: InitializeIPDvXp04 intro.
20230411 075006.772 INFO             PET0       >>>MODEL: entered Initialize (phase=IPDvXp04) without valid internal Clock.
20230411 075006.775 INFO             PET0       After Realize: - MemInfo: [/proc/meminfo - SSI]	MemTotal:       97470528 kB
20230411 075006.775 INFO             PET0       After Realize: - MemInfo: [/proc/meminfo - SSI]	MemFree:        87328148 kB
20230411 075006.775 INFO             PET0       After Realize: - MemInfo: [/proc/meminfo - SSI]	MemAvailable:   91184908 kB
20230411 075006.775 INFO             PET0       After Realize: - MemInfo: [/proc/meminfo - SSI]	Committed_AS:     941608 kB
20230411 075006.775 INFO             PET0       After Realize: - MemInfo: [/proc/meminfo - SSI]	CommittedPercent: 0.966044 %
20230411 075006.775 INFO             PET0       After Realize: - MemInfo: [/proc/self/status]	VmPeak:	  398120 kB
20230411 075006.775 INFO             PET0       After Realize: - MemInfo: [/proc/self/status]	VmSize:	  358972 kB
20230411 075006.775 INFO             PET0       After Realize: - MemInfo: [/proc/self/status]	VmLck:	       0 kB
20230411 075006.775 INFO             PET0       After Realize: - MemInfo: [/proc/self/status]	VmPin:	   68020 kB
20230411 075006.775 INFO             PET0       After Realize: - MemInfo: [/proc/self/status]	VmHWM:	  113340 kB
20230411 075006.775 INFO             PET0       After Realize: - MemInfo: [/proc/self/status]	VmRSS:	   74740 kB
20230411 075006.775 INFO             PET0       After Realize: - MemInfo: [/proc/self/status]	VmData:	  149328 kB
20230411 075006.775 INFO             PET0       After Realize: - MemInfo: [/proc/self/status]	VmStk:	     140 kB
20230411 075006.775 INFO             PET0       After Realize: - MemInfo: [/proc/self/status]	VmExe:	      24 kB
20230411 075006.775 INFO             PET0       After Realize: - MemInfo: [/proc/self/status]	VmLib:	   70724 kB
20230411 075006.775 INFO             PET0       After Realize: - MemInfo: [/proc/self/status]	VmPTE:	     436 kB
20230411 075006.775 INFO             PET0       After Realize: - MemInfo: [/proc/self/status]	VmSwap:	       0 kB
20230411 075006.775 INFO             PET0       After Realize: - MemInfo: [/proc/self/status]	VmRSSPercent: 0.0766796 %
20230411 075006.775 INFO             PET0       After Realize: - MemInfo: [malloc] Non-mmapped space allocated:                 5087232 Byte
20230411 075006.776 INFO             PET0       After Realize: - MemInfo: [malloc] Space allocated in mmapped regions:          5914624 Byte
20230411 075006.776 INFO             PET0       After Realize: - MemInfo: [malloc] Maximum total allocated space:                     0 Byte
20230411 075006.776 INFO             PET0       After Realize: - MemInfo: [malloc] Space in freed fastbin blocks:                  2512 Byte
20230411 075006.776 INFO             PET0       After Realize: - MemInfo: [malloc] Total allocated space:                       4720592 Byte
20230411 075006.776 INFO             PET0       After Realize: - MemInfo: [malloc] Total free space:                             366640 Byte
20230411 075006.776 INFO             PET0       After Realize: - MemInfo: [malloc] Top-most, releasable space:                   106160 Byte
20230411 075006.776 INFO             PET0       After Realize: - MemInfo: [malloc] Total space in use, mmap + non-mmap:        10635216 Byte
20230411 075006.776 INFO             PET0       After Realize: - MemInfo: [malloc] Total space held (mmap + non-mmap):         11001856 Byte
20230411 075006.776 INFO             PET0       After Realize: - MemInfo: [malloc] Total space used (mmap + non-mmap):         10644608 Byte
20230411 075006.776 INFO             PET0       After Realize: - MemInfo: Wall-clock time since execution start:              0.0290833 seconds
20230411 075006.776 INFO             PET0       <<<MODEL: leaving Initialize (phase=IPDvXp04) without valid internal Clock.
20230411 075006.776 INFO             PET0     MODEL: InitializeIPDvXp04 extro.
20230411 075006.776 INFO             PET0     driver: IInitRealize intro.
20230411 075006.776 INFO             PET0     driver: IInitRealize extro.
20230411 075006.777 INFO             PET0     MODEL: InitializeIPDvXp07 intro.
20230411 075006.777 INFO             PET0       >>>MODEL: entered Initialize (phase=IPDvXp07) without valid internal Clock.
20230411 075006.777 INFO             PET0       <<<MODEL: leaving Initialize (phase=IPDvXp07) with current time:    0  1  1  0  0  0   0
20230411 075006.777 INFO             PET0     MODEL: InitializeIPDvXp07 extro.
20230411 075006.777 INFO             PET0     <<<driver: leaving Initialize (phase=<none>) with current time:    0  1  1  0  0  0   0
20230411 075006.777 INFO             PET0   driver: InitializeIPDv02p3 extro.
20230411 075006.777 INFO             PET0   driver: InitializeIPDv02p5 intro.
20230411 075006.777 INFO             PET0     >>>driver: entered Initialize (phase=<none>) with current time:    0  1  1  0  0  0   0
20230411 075006.777 INFO             PET0     driver: this is a top level driver, no 'Updated' and 'InitializeDataComplete' info on this level.
20230411 075006.777 INFO             PET0     driver: InitializeIPDv02p5Data intro.
20230411 075006.778 INFO             PET0       driver: InternalInitializeComplete intro.
20230411 075006.778 INFO             PET0         driver: InitializeDataComplete='true'
20230411 075006.778 INFO             PET0       driver: InternalInitializeComplete extro.
20230411 075006.778 INFO             PET0       MODEL: InitializeIPDvXp08 intro.
20230411 075006.778 INFO             PET0         >>>MODEL: entered Initialize (phase=IPDv05p8) with current time:    0  1  1  0  0  0   0
20230411 075006.778 INFO             PET0         MODEL: InitializeDataProgress='false', InitializeDataComplete='false'
20230411 075006.778 INFO             PET0         <<<MODEL: leaving Initialize (phase=IPDv05p8) with current time:    0  1  1  0  0  0   0
20230411 075006.778 INFO             PET0       MODEL: InitializeIPDvXp08 extro.
20230411 075006.784 INFO             PET0       driver: components present that trigger loopDataDependentInitialize().
20230411 075006.785 INFO             PET0       driver: loopDataDependentInitialize intro.
20230411 075006.785 INFO             PET0         driver: component    0=driver, dataComplete (local): true
20230411 075006.785 INFO             PET0         driver: component    0=driver, dataComplete (global): T
20230411 075006.785 INFO             PET0         driver: component    1=MODEL, dataComplete (local): false
20230411 075006.785 INFO             PET0         driver: component    1=MODEL, dataComplete (global): F
20230411 075006.785 INFO             PET0         MODEL: InitializeIPDvXp08 intro.
20230411 075006.785 INFO             PET0           >>>MODEL: entered Initialize (phase=IPDv05p8) with current time:    0  1  1  0  0  0   0
20230411 075006.785 INFO             PET0           MODEL: InitializeDataProgress='true', InitializeDataComplete='true'
20230411 075006.785 INFO             PET0           <<<MODEL: leaving Initialize (phase=IPDv05p8) with current time:    0  1  1  0  0  0   0
20230411 075006.785 INFO             PET0         MODEL: InitializeIPDvXp08 extro.
20230411 075006.786 INFO             PET0         driver: component    1=MODEL, someProgress (local): true
20230411 075006.788 INFO             PET0         driver: component    1=MODEL, someProgress (global): T
20230411 075006.788 INFO             PET0         driver: someProgress=T, allComplete=F, present(dataDepAllComplete)=T
20230411 075006.788 INFO             PET0         driver: component    0=driver, dataComplete (local): true
20230411 075006.788 INFO             PET0         driver: component    0=driver, dataComplete (global): T
20230411 075006.788 INFO             PET0         driver: component    1=MODEL, dataComplete (local): true
20230411 075006.788 INFO             PET0         driver: component    1=MODEL, dataComplete (global): T
20230411 075006.789 INFO             PET0         driver: someProgress=F, allComplete=T, present(dataDepAllComplete)=T
20230411 075006.789 INFO             PET0         driver: finished resolving initialize data dependencies on this level.
20230411 075006.789 INFO             PET0       driver: loopDataDependentInitialize extro.
20230411 075006.789 INFO             PET0       driver: loopDataDependentInitialize() returned with dataDepAllComplete: T
20230411 075006.789 INFO             PET0     driver: InitializeIPDv02p5Data extro.
20230411 075006.789 INFO             PET0     <<<driver: leaving Initialize (phase=<none>) with current time:    0  1  1  0  0  0   0
20230411 075006.789 INFO             PET0   driver: InitializeIPDv02p5 extro.
20230411 075006.789 INFO             PET0 driver: InitializeGeneric extro.
20230411 075006.789 INFO             PET0 driver: Run intro.
20230411 075006.789 INFO             PET0   >>>driver entered Run (phase=RunPhase1) with current time:    0  1  1  0  0  0   0
20230411 075006.789 INFO             PET0   driver: after lable_SetRunClock, current time:    0  1  1  0  0  0   0
20230411 075006.789 INFO             PET0   driver: begin -------> RunSequence.
20230411 075006.789 INFO             PET0     driver: RunSequence event loopLevel=   1  levelMember=   1  loopIteration=   1, current time:    0  1  1  0  0  0   0
20230411 075006.789 INFO             PET0     MODEL: Run intro.
20230411 075006.789 INFO             PET0       >>>MODEL: entered Run (phase=RunPhase1) with current time:    0  1  1  0  0  0   0
20230411 075006.789 INFO             PET0       MODEL: time step-loop starting, current time:    0  1  1  0  0  0   0
20230411 075006.789 INFO             PET0       thread_num=   0   currentSsiPe=   0   num_threads=   2   max_threads=   2   num_procs=   1
20230411 075006.789 INFO             PET0       thread_num=   1   currentSsiPe=   1   num_threads=   2   max_threads=   2   num_procs=   1
20230411 075006.789 INFO             PET0       ---->Advancing Model from:    0  1  1  0  0  0   0
20230411 075006.789 INFO             PET0       ---------------------> to:    0  1  1  0  0 30   0
20230411 075006.789 INFO             PET0       MODEL: time step-loop ending,   current time:    0  1  1  0  0 30   0
20230411 075006.789 INFO             PET0       <<<MODEL: leaving Run (phase=RunPhase1) with current time:    0  1  1  0  0 30   0
20230411 075006.789 INFO             PET0     MODEL: Run extro.
20230411 075006.789 INFO             PET0     driver: RunSequence event loopLevel=   1  levelMember=   1  loopIteration=   2, current time:    0  1  1  0  0 30   0
20230411 075006.790 INFO             PET0     MODEL: Run intro.
20230411 075006.790 INFO             PET0       >>>MODEL: entered Run (phase=RunPhase1) with current time:    0  1  1  0  0 30   0
20230411 075006.790 INFO             PET0       MODEL: time step-loop starting, current time:    0  1  1  0  0 30   0
20230411 075006.790 INFO             PET0       thread_num=   1   currentSsiPe=   1   num_threads=   2   max_threads=   2   num_procs=   1
20230411 075006.790 INFO             PET0       thread_num=   0   currentSsiPe=   0   num_threads=   2   max_threads=   2   num_procs=   1
20230411 075006.790 INFO             PET0       ---->Advancing Model from:    0  1  1  0  0 30   0
20230411 075006.790 INFO             PET0       ---------------------> to:    0  1  1  0  1  0   0
20230411 075006.790 INFO             PET0       MODEL: time step-loop ending,   current time:    0  1  1  0  1  0   0
20230411 075006.790 INFO             PET0       <<<MODEL: leaving Run (phase=RunPhase1) with current time:    0  1  1  0  1  0   0
20230411 075006.790 INFO             PET0     MODEL: Run extro.
20230411 075006.790 INFO             PET0     driver: RunSequence event loopLevel=   1  levelMember=   1  loopIteration=   3, current time:    0  1  1  0  1  0   0
20230411 075006.790 INFO             PET0     MODEL: Run intro.
20230411 075006.790 INFO             PET0       >>>MODEL: entered Run (phase=RunPhase1) with current time:    0  1  1  0  1  0   0
20230411 075006.790 INFO             PET0       MODEL: time step-loop starting, current time:    0  1  1  0  1  0   0
20230411 075006.790 INFO             PET0       thread_num=   1   currentSsiPe=   1   num_threads=   2   max_threads=   2   num_procs=   1
20230411 075006.790 INFO             PET0       thread_num=   0   currentSsiPe=   0   num_threads=   2   max_threads=   2   num_procs=   1
20230411 075006.790 INFO             PET0       ---->Advancing Model from:    0  1  1  0  1  0   0
20230411 075006.790 INFO             PET0       ---------------------> to:    0  1  1  0  1 30   0
20230411 075006.790 INFO             PET0       MODEL: time step-loop ending,   current time:    0  1  1  0  1 30   0
20230411 075006.790 INFO             PET0       <<<MODEL: leaving Run (phase=RunPhase1) with current time:    0  1  1  0  1 30   0
20230411 075006.790 INFO             PET0     MODEL: Run extro.
20230411 075006.790 INFO             PET0     driver: RunSequence event loopLevel=   1  levelMember=   1  loopIteration=   4, current time:    0  1  1  0  1 30   0
20230411 075006.791 INFO             PET0     MODEL: Run intro.
20230411 075006.791 INFO             PET0       >>>MODEL: entered Run (phase=RunPhase1) with current time:    0  1  1  0  1 30   0
20230411 075006.791 INFO             PET0       MODEL: time step-loop starting, current time:    0  1  1  0  1 30   0
20230411 075006.791 INFO             PET0       thread_num=   1   currentSsiPe=   1   num_threads=   2   max_threads=   2   num_procs=   1
20230411 075006.791 INFO             PET0       thread_num=   0   currentSsiPe=   0   num_threads=   2   max_threads=   2   num_procs=   1
20230411 075006.791 INFO             PET0       ---->Advancing Model from:    0  1  1  0  1 30   0
20230411 075006.791 INFO             PET0       ---------------------> to:    0  1  1  0  2  0   0
20230411 075006.791 INFO             PET0       MODEL: time step-loop ending,   current time:    0  1  1  0  2  0   0
20230411 075006.791 INFO             PET0       <<<MODEL: leaving Run (phase=RunPhase1) with current time:    0  1  1  0  2  0   0
20230411 075006.791 INFO             PET0     MODEL: Run extro.
20230411 075006.791 INFO             PET0     driver: RunSequence event loopLevel=   1  levelMember=   1  loopIteration=   5, current time:    0  1  1  0  2  0   0
20230411 075006.791 INFO             PET0     MODEL: Run intro.
20230411 075006.791 INFO             PET0       >>>MODEL: entered Run (phase=RunPhase1) with current time:    0  1  1  0  2  0   0
20230411 075006.791 INFO             PET0       MODEL: time step-loop starting, current time:    0  1  1  0  2  0   0
20230411 075006.791 INFO             PET0       thread_num=   1   currentSsiPe=   1   num_threads=   2   max_threads=   2   num_procs=   1
20230411 075006.791 INFO             PET0       thread_num=   0   currentSsiPe=   0   num_threads=   2   max_threads=   2   num_procs=   1
20230411 075006.791 INFO             PET0       ---->Advancing Model from:    0  1  1  0  2  0   0
20230411 075006.791 INFO             PET0       ---------------------> to:    0  1  1  0  2 30   0
20230411 075006.791 INFO             PET0       MODEL: time step-loop ending,   current time:    0  1  1  0  2 30   0
20230411 075006.791 INFO             PET0       <<<MODEL: leaving Run (phase=RunPhase1) with current time:    0  1  1  0  2 30   0
20230411 075006.791 INFO             PET0     MODEL: Run extro.
20230411 075006.791 INFO             PET0   driver: end <--------- RunSequence
20230411 075006.791 INFO             PET0   <<<driver - leaving Run with current time:    0  1  1  0  2 30   0
20230411 075006.791 INFO             PET0 driver: Run extro.
20230411 075006.791 INFO             PET0 driver: Finalize intro.
20230411 075006.791 INFO             PET0   Calling Finalize phase 1 for modelComp: MODEL
20230411 075006.792 INFO             PET0   MODEL: Finalize intro.
20230411 075006.792 INFO             PET0     >>>MODEL: entered Finalize (phase=FinalizePhase1) with current time:    0  1  1  0  2 30   0
20230411 075006.792 INFO             PET0     <<<MODEL: leaving Finalize (phase=FinalizePhase1) with current time:    0  1  1  0  2 30   0
20230411 075006.792 INFO             PET0   MODEL: Finalize extro.
20230411 075006.792 INFO             PET0   Delete modelComp: MODEL
20230411 075006.792 INFO             PET0   Delete Import-/Export State for modelComp: MODEL
20230411 075006.792 INFO             PET0 driver: Finalize extro.
20230411 075006.792 INFO             PET0 mainApp FINISHED
20230411 075006.792 INFO             PET0 Finalizing ESMF
20230411 075006.753 INFO             PET1 !!!!!!!!!!!!!!!!!!!!!!!!!!!!!!!!!!!!!!!!!!!!!!!!!!!!!!
20230411 075006.753 INFO             PET1 !!! THE ESMF_LOG IS SET TO OUTPUT ALL LOG MESSAGES !!!
20230411 075006.753 INFO             PET1 !!!     THIS MAY CAUSE SLOWDOWN IN PERFORMANCE     !!!
20230411 075006.753 INFO             PET1 !!! FOR PRODUCTION RUNS, USE:                      !!!
20230411 075006.753 INFO             PET1 !!!                   ESMF_LOGKIND_Multi_On_Error  !!!
20230411 075006.753 INFO             PET1 !!!!!!!!!!!!!!!!!!!!!!!!!!!!!!!!!!!!!!!!!!!!!!!!!!!!!!
20230411 075006.753 INFO             PET1 Running with ESMF Version   : v8.5.0b19-2-g1c496381f5
20230411 075006.753 INFO             PET1 ESMF library build date/time: "Apr 11 2023" "07:20:33"
20230411 075006.753 INFO             PET1 ESMF library build location : /scratch2/NCEPDEV/stmp1/Gerhard.Theurich/ESMF-Nightly-Testing/gfortran_9.2.0b_openmpi_g_develop/esmf
20230411 075006.753 INFO             PET1 ESMF_COMM                   : openmpi
20230411 075006.753 INFO             PET1 ESMF_MOAB                   : enabled
20230411 075006.753 INFO             PET1 ESMF_LAPACK                 : enabled
20230411 075006.753 INFO             PET1 ESMF_NETCDF                 : disabled
20230411 075006.753 INFO             PET1 ESMF_PNETCDF                : disabled
20230411 075006.753 INFO             PET1 ESMF_PIO                    : disabled
20230411 075006.753 INFO             PET1 ESMF_YAMLCPP                : enabled
20230411 075006.754 INFO             PET1 mainApp STARTING
20230411 075006.760 INFO             PET1 driver: InitializeGeneric intro.
20230411 075006.760 INFO             PET1   driver: InitializeP0 intro.
20230411 075006.760 INFO             PET1   driver: InitializeP0 extro.
20230411 075006.760 INFO             PET1   driver: InitializeIPDv02p1 intro.
20230411 075006.760 INFO             PET1     >>>driver: entered Initialize (phase=<none>) without valid internal Clock.
20230411 075006.760 INFO             PET1     driver - Creating model component MODEL without petList.
20230411 075006.760 DEBUG            PET1     Generic SetVM() is executing for: MODEL
20230411 075006.760 DEBUG            PET1     Generic SetVM() is calling ESMF_GridCompSetVMMaxPEs() for: MODEL with:
20230411 075006.761 DEBUG            PET1      -             MaxCount =          2
20230411 075006.761 DEBUG            PET1      -       OpenMpHandling =
20230411 075006.761 DEBUG            PET1      -     OpenMpNumThreads =         -1
20230411 075006.761 DEBUG            PET1      -   ForceChildPthreads =          F
20230411 075006.761 DEBUG            PET1      -  PthreadMinStackSize =         -1
20230411 075006.761 DEBUG            PET1     vmkt_create()#201 Pthread: service=1 (0: actual PET, 1: service thread) - PTHREAD_STACK_MIN: 16384 bytes stack_size: 4194304 bytes
20230411 075006.761 DEBUG            PET1     vmkt_create()#201 Pthread: service=1 (0: actual PET, 1: service thread) - PTHREAD_STACK_MIN: 16384 bytes stack_size: 4194304 bytes
20230411 075006.764 INFO             PET1      GridCompIsPetLocal:  T
20230411 075006.764 INFO             PET1      VmIsCreated:  T
20230411 075006.764 INFO             PET1      MPI_COMM_NULL
20230411 075006.764 INFO             PET1     driver - Creating state: modelComp 1 Import State
20230411 075006.764 INFO             PET1     driver - Creating state: modelComp 1 Export State
20230411 075006.769 INFO             PET1     driver: IInitAdvertise intro.
20230411 075006.769 INFO             PET1     driver: IInitAdvertise extro.
20230411 075006.771 INFO             PET1     driver: IInitAdvertiseFinish intro.
20230411 075006.771 INFO             PET1     driver: IInitAdvertiseFinish extro.
20230411 075006.771 INFO             PET1     driver: IInitModifyCplLists intro.
20230411 075006.772 INFO             PET1     driver: IInitModifyCplLists extro.
20230411 075006.772 INFO             PET1     <<<driver: leaving Initialize (phase=<none>) with current time:    0  1  1  0  0  0   0
20230411 075006.772 INFO             PET1   driver: InitializeIPDv02p1 extro.
20230411 075006.772 INFO             PET1   driver: InitializeIPDv02p3 intro.
20230411 075006.772 INFO             PET1     >>>driver: entered Initialize (phase=<none>) with current time:    0  1  1  0  0  0   0
20230411 075006.772 INFO             PET1     driver: IInitCheck intro.
20230411 075006.772 INFO             PET1     driver: IInitCheck extro.
20230411 075006.777 INFO             PET1     driver: IInitRealize intro.
20230411 075006.777 INFO             PET1     driver: IInitRealize extro.
20230411 075006.777 INFO             PET1     <<<driver: leaving Initialize (phase=<none>) with current time:    0  1  1  0  0  0   0
20230411 075006.777 INFO             PET1   driver: InitializeIPDv02p3 extro.
20230411 075006.777 INFO             PET1   driver: InitializeIPDv02p5 intro.
20230411 075006.777 INFO             PET1     >>>driver: entered Initialize (phase=<none>) with current time:    0  1  1  0  0  0   0
20230411 075006.777 INFO             PET1     driver: this is a top level driver, no 'Updated' and 'InitializeDataComplete' info on this level.
20230411 075006.778 INFO             PET1     driver: InitializeIPDv02p5Data intro.
20230411 075006.778 INFO             PET1       driver: InternalInitializeComplete intro.
20230411 075006.778 INFO             PET1         driver: InitializeDataComplete='true'
20230411 075006.778 INFO             PET1       driver: InternalInitializeComplete extro.
20230411 075006.784 INFO             PET1       driver: components present that trigger loopDataDependentInitialize().
20230411 075006.785 INFO             PET1       driver: loopDataDependentInitialize intro.
20230411 075006.785 INFO             PET1         driver: component    0=driver, dataComplete (local): true
20230411 075006.785 INFO             PET1         driver: component    0=driver, dataComplete (global): T
20230411 075006.785 INFO             PET1         driver: component    1=MODEL, dataComplete (local): false
20230411 075006.785 INFO             PET1         driver: component    1=MODEL, dataComplete (global): F
20230411 075006.787 INFO             PET1         driver: component    1=MODEL, someProgress (local): true
20230411 075006.788 INFO             PET1         driver: component    1=MODEL, someProgress (global): T
20230411 075006.788 INFO             PET1         driver: someProgress=T, allComplete=F, present(dataDepAllComplete)=T
20230411 075006.788 INFO             PET1         driver: component    0=driver, dataComplete (local): true
20230411 075006.788 INFO             PET1         driver: component    0=driver, dataComplete (global): T
20230411 075006.788 INFO             PET1         driver: component    1=MODEL, dataComplete (local): true
20230411 075006.788 INFO             PET1         driver: component    1=MODEL, dataComplete (global): T
20230411 075006.788 INFO             PET1         driver: someProgress=F, allComplete=T, present(dataDepAllComplete)=T
20230411 075006.788 INFO             PET1         driver: finished resolving initialize data dependencies on this level.
20230411 075006.788 INFO             PET1       driver: loopDataDependentInitialize extro.
20230411 075006.788 INFO             PET1       driver: loopDataDependentInitialize() returned with dataDepAllComplete: T
20230411 075006.789 INFO             PET1     driver: InitializeIPDv02p5Data extro.
20230411 075006.789 INFO             PET1     <<<driver: leaving Initialize (phase=<none>) with current time:    0  1  1  0  0  0   0
20230411 075006.789 INFO             PET1   driver: InitializeIPDv02p5 extro.
20230411 075006.789 INFO             PET1 driver: InitializeGeneric extro.
20230411 075006.789 INFO             PET1 driver: Run intro.
20230411 075006.789 INFO             PET1   >>>driver entered Run (phase=RunPhase1) with current time:    0  1  1  0  0  0   0
20230411 075006.789 INFO             PET1   driver: after lable_SetRunClock, current time:    0  1  1  0  0  0   0
20230411 075006.789 INFO             PET1   driver: begin -------> RunSequence.
20230411 075006.789 INFO             PET1     driver: RunSequence event loopLevel=   1  levelMember=   1  loopIteration=   1, current time:    0  1  1  0  0  0   0
20230411 075006.789 INFO             PET1     driver: RunSequence event loopLevel=   1  levelMember=   1  loopIteration=   2, current time:    0  1  1  0  0 30   0
20230411 075006.790 INFO             PET1     driver: RunSequence event loopLevel=   1  levelMember=   1  loopIteration=   3, current time:    0  1  1  0  1  0   0
20230411 075006.790 INFO             PET1     driver: RunSequence event loopLevel=   1  levelMember=   1  loopIteration=   4, current time:    0  1  1  0  1 30   0
20230411 075006.791 INFO             PET1     driver: RunSequence event loopLevel=   1  levelMember=   1  loopIteration=   5, current time:    0  1  1  0  2  0   0
20230411 075006.791 INFO             PET1   driver: end <--------- RunSequence
20230411 075006.791 INFO             PET1   <<<driver - leaving Run with current time:    0  1  1  0  2 30   0
20230411 075006.791 INFO             PET1 driver: Run extro.
20230411 075006.792 INFO             PET1 driver: Finalize intro.
20230411 075006.792 INFO             PET1   Calling Finalize phase 1 for modelComp: MODEL
20230411 075006.792 INFO             PET1   Delete modelComp: MODEL
20230411 075006.792 INFO             PET1   Delete Import-/Export State for modelComp: MODEL
20230411 075006.793 INFO             PET1 driver: Finalize extro.
20230411 075006.793 INFO             PET1 mainApp FINISHED
20230411 075006.793 INFO             PET1 Finalizing ESMF
20230411 075006.753 INFO             PET2 !!!!!!!!!!!!!!!!!!!!!!!!!!!!!!!!!!!!!!!!!!!!!!!!!!!!!!
20230411 075006.753 INFO             PET2 !!! THE ESMF_LOG IS SET TO OUTPUT ALL LOG MESSAGES !!!
20230411 075006.753 INFO             PET2 !!!     THIS MAY CAUSE SLOWDOWN IN PERFORMANCE     !!!
20230411 075006.753 INFO             PET2 !!! FOR PRODUCTION RUNS, USE:                      !!!
20230411 075006.753 INFO             PET2 !!!                   ESMF_LOGKIND_Multi_On_Error  !!!
20230411 075006.753 INFO             PET2 !!!!!!!!!!!!!!!!!!!!!!!!!!!!!!!!!!!!!!!!!!!!!!!!!!!!!!
20230411 075006.753 INFO             PET2 Running with ESMF Version   : v8.5.0b19-2-g1c496381f5
20230411 075006.753 INFO             PET2 ESMF library build date/time: "Apr 11 2023" "07:20:33"
20230411 075006.753 INFO             PET2 ESMF library build location : /scratch2/NCEPDEV/stmp1/Gerhard.Theurich/ESMF-Nightly-Testing/gfortran_9.2.0b_openmpi_g_develop/esmf
20230411 075006.753 INFO             PET2 ESMF_COMM                   : openmpi
20230411 075006.754 INFO             PET2 ESMF_MOAB                   : enabled
20230411 075006.754 INFO             PET2 ESMF_LAPACK                 : enabled
20230411 075006.754 INFO             PET2 ESMF_NETCDF                 : disabled
20230411 075006.754 INFO             PET2 ESMF_PNETCDF                : disabled
20230411 075006.754 INFO             PET2 ESMF_PIO                    : disabled
20230411 075006.754 INFO             PET2 ESMF_YAMLCPP                : enabled
20230411 075006.754 INFO             PET2 mainApp STARTING
20230411 075006.759 INFO             PET2 driver: InitializeGeneric intro.
20230411 075006.759 INFO             PET2   driver: InitializeP0 intro.
20230411 075006.759 INFO             PET2   driver: InitializeP0 extro.
20230411 075006.759 INFO             PET2   driver: InitializeIPDv02p1 intro.
20230411 075006.759 INFO             PET2     >>>driver: entered Initialize (phase=<none>) without valid internal Clock.
20230411 075006.760 INFO             PET2     driver - Creating model component MODEL without petList.
20230411 075006.760 DEBUG            PET2     Generic SetVM() is executing for: MODEL
20230411 075006.760 DEBUG            PET2     Generic SetVM() is calling ESMF_GridCompSetVMMaxPEs() for: MODEL with:
20230411 075006.760 DEBUG            PET2      -             MaxCount =          2
20230411 075006.760 DEBUG            PET2      -       OpenMpHandling =
20230411 075006.760 DEBUG            PET2      -     OpenMpNumThreads =         -1
20230411 075006.760 DEBUG            PET2      -   ForceChildPthreads =          F
20230411 075006.760 DEBUG            PET2      -  PthreadMinStackSize =         -1
20230411 075006.767 INFO             PET2      GridCompIsPetLocal:  T
20230411 075006.767 INFO             PET2      VmIsCreated:  T
20230411 075006.767 INFO             PET2      valid MPI_COMM with size=           2
20230411 075006.767 INFO             PET2     driver - Creating state: modelComp 1 Import State
20230411 075006.767 INFO             PET2     driver - Creating state: modelComp 1 Export State
20230411 075006.768 INFO             PET2     MODEL: InitializeP0 intro.
20230411 075006.768 INFO             PET2       >>>MODEL: entered Initialize (phase=<none>) without valid internal Clock.
20230411 075006.769 INFO             PET2       <<<MODEL: leaving Initialize (phase=<none>) without valid internal Clock.
20230411 075006.769 INFO             PET2     MODEL: InitializeP0 extro.
20230411 075006.771 INFO             PET2     driver: IInitAdvertise intro.
20230411 075006.771 INFO             PET2     driver: IInitAdvertise extro.
20230411 075006.772 INFO             PET2     MODEL: InitializeIPDvXp01 intro.
20230411 075006.772 INFO             PET2       >>>MODEL: entered Initialize (phase=IPDvXp01) without valid internal Clock.
20230411 075006.773 INFO             PET2       <<<MODEL: leaving Initialize (phase=IPDvXp01) without valid internal Clock.
20230411 075006.773 INFO             PET2     MODEL: InitializeIPDvXp01 extro.
20230411 075006.776 INFO             PET2     driver: IInitAdvertiseFinish intro.
20230411 075006.777 INFO             PET2     driver: IInitAdvertiseFinish extro.
20230411 075006.777 INFO             PET2     driver: IInitModifyCplLists intro.
20230411 075006.777 INFO             PET2     driver: IInitModifyCplLists extro.
20230411 075006.777 INFO             PET2     <<<driver: leaving Initialize (phase=<none>) with current time:    0  1  1  0  0  0   0
20230411 075006.777 INFO             PET2   driver: InitializeIPDv02p1 extro.
20230411 075006.777 INFO             PET2   driver: InitializeIPDv02p3 intro.
20230411 075006.777 INFO             PET2     >>>driver: entered Initialize (phase=<none>) with current time:    0  1  1  0  0  0   0
20230411 075006.777 INFO             PET2     driver: IInitCheck intro.
20230411 075006.777 INFO             PET2     driver: IInitCheck extro.
20230411 075006.777 INFO             PET2     MODEL: InitializeIPDvXp04 intro.
20230411 075006.777 INFO             PET2       >>>MODEL: entered Initialize (phase=IPDvXp04) without valid internal Clock.
20230411 075006.780 INFO             PET2       After Realize: - MemInfo: [/proc/meminfo - SSI]	MemTotal:       97470528 kB
20230411 075006.780 INFO             PET2       After Realize: - MemInfo: [/proc/meminfo - SSI]	MemFree:        87328148 kB
20230411 075006.780 INFO             PET2       After Realize: - MemInfo: [/proc/meminfo - SSI]	MemAvailable:   91184908 kB
20230411 075006.780 INFO             PET2       After Realize: - MemInfo: [/proc/meminfo - SSI]	Committed_AS:     941608 kB
20230411 075006.780 INFO             PET2       After Realize: - MemInfo: [/proc/meminfo - SSI]	CommittedPercent: 0.966044 %
20230411 075006.780 INFO             PET2       After Realize: - MemInfo: [/proc/self/status]	VmPeak:	  410536 kB
20230411 075006.780 INFO             PET2       After Realize: - MemInfo: [/proc/self/status]	VmSize:	  358972 kB
20230411 075006.780 INFO             PET2       After Realize: - MemInfo: [/proc/self/status]	VmLck:	       0 kB
20230411 075006.780 INFO             PET2       After Realize: - MemInfo: [/proc/self/status]	VmPin:	   68020 kB
20230411 075006.780 INFO             PET2       After Realize: - MemInfo: [/proc/self/status]	VmHWM:	  113336 kB
20230411 075006.780 INFO             PET2       After Realize: - MemInfo: [/proc/self/status]	VmRSS:	   74724 kB
20230411 075006.780 INFO             PET2       After Realize: - MemInfo: [/proc/self/status]	VmData:	  149328 kB
20230411 075006.780 INFO             PET2       After Realize: - MemInfo: [/proc/self/status]	VmStk:	     140 kB
20230411 075006.780 INFO             PET2       After Realize: - MemInfo: [/proc/self/status]	VmExe:	      24 kB
20230411 075006.780 INFO             PET2       After Realize: - MemInfo: [/proc/self/status]	VmLib:	   70724 kB
20230411 075006.780 INFO             PET2       After Realize: - MemInfo: [/proc/self/status]	VmPTE:	     432 kB
20230411 075006.780 INFO             PET2       After Realize: - MemInfo: [/proc/self/status]	VmSwap:	       0 kB
20230411 075006.780 INFO             PET2       After Realize: - MemInfo: [/proc/self/status]	VmRSSPercent: 0.0766632 %
20230411 075006.780 INFO             PET2       After Realize: - MemInfo: [malloc] Non-mmapped space allocated:                 5087232 Byte
20230411 075006.780 INFO             PET2       After Realize: - MemInfo: [malloc] Space allocated in mmapped regions:          5914624 Byte
20230411 075006.780 INFO             PET2       After Realize: - MemInfo: [malloc] Maximum total allocated space:                     0 Byte
20230411 075006.780 INFO             PET2       After Realize: - MemInfo: [malloc] Space in freed fastbin blocks:                  2304 Byte
20230411 075006.780 INFO             PET2       After Realize: - MemInfo: [malloc] Total allocated space:                       4720208 Byte
20230411 075006.780 INFO             PET2       After Realize: - MemInfo: [malloc] Total free space:                             367024 Byte
20230411 075006.780 INFO             PET2       After Realize: - MemInfo: [malloc] Top-most, releasable space:                   105456 Byte
20230411 075006.780 INFO             PET2       After Realize: - MemInfo: [malloc] Total space in use, mmap + non-mmap:        10634832 Byte
20230411 075006.780 INFO             PET2       After Realize: - MemInfo: [malloc] Total space held (mmap + non-mmap):         11001856 Byte
20230411 075006.780 INFO             PET2       After Realize: - MemInfo: [malloc] Total space used (mmap + non-mmap):         10644224 Byte
20230411 075006.780 INFO             PET2       After Realize: - MemInfo: Wall-clock time since execution start:               0.033886 seconds
20230411 075006.781 INFO             PET2       <<<MODEL: leaving Initialize (phase=IPDvXp04) without valid internal Clock.
20230411 075006.781 INFO             PET2     MODEL: InitializeIPDvXp04 extro.
20230411 075006.781 INFO             PET2     driver: IInitRealize intro.
20230411 075006.781 INFO             PET2     driver: IInitRealize extro.
20230411 075006.782 INFO             PET2     MODEL: InitializeIPDvXp07 intro.
20230411 075006.782 INFO             PET2       >>>MODEL: entered Initialize (phase=IPDvXp07) without valid internal Clock.
20230411 075006.782 INFO             PET2       <<<MODEL: leaving Initialize (phase=IPDvXp07) with current time:    0  1  1  0  0  0   0
20230411 075006.782 INFO             PET2     MODEL: InitializeIPDvXp07 extro.
20230411 075006.783 INFO             PET2     <<<driver: leaving Initialize (phase=<none>) with current time:    0  1  1  0  0  0   0
20230411 075006.783 INFO             PET2   driver: InitializeIPDv02p3 extro.
20230411 075006.783 INFO             PET2   driver: InitializeIPDv02p5 intro.
20230411 075006.783 INFO             PET2     >>>driver: entered Initialize (phase=<none>) with current time:    0  1  1  0  0  0   0
20230411 075006.783 INFO             PET2     driver: this is a top level driver, no 'Updated' and 'InitializeDataComplete' info on this level.
20230411 075006.783 INFO             PET2     driver: InitializeIPDv02p5Data intro.
20230411 075006.783 INFO             PET2       driver: InternalInitializeComplete intro.
20230411 075006.783 INFO             PET2         driver: InitializeDataComplete='true'
20230411 075006.783 INFO             PET2       driver: InternalInitializeComplete extro.
20230411 075006.783 INFO             PET2       MODEL: InitializeIPDvXp08 intro.
20230411 075006.783 INFO             PET2         >>>MODEL: entered Initialize (phase=IPDv05p8) with current time:    0  1  1  0  0  0   0
20230411 075006.784 INFO             PET2         MODEL: InitializeDataProgress='false', InitializeDataComplete='false'
20230411 075006.784 INFO             PET2         <<<MODEL: leaving Initialize (phase=IPDv05p8) with current time:    0  1  1  0  0  0   0
20230411 075006.784 INFO             PET2       MODEL: InitializeIPDvXp08 extro.
20230411 075006.784 INFO             PET2       driver: components present that trigger loopDataDependentInitialize().
20230411 075006.785 INFO             PET2       driver: loopDataDependentInitialize intro.
20230411 075006.785 INFO             PET2         driver: component    0=driver, dataComplete (local): true
20230411 075006.785 INFO             PET2         driver: component    0=driver, dataComplete (global): T
20230411 075006.785 INFO             PET2         driver: component    1=MODEL, dataComplete (local): false
20230411 075006.785 INFO             PET2         driver: component    1=MODEL, dataComplete (global): F
20230411 075006.785 INFO             PET2         MODEL: InitializeIPDvXp08 intro.
20230411 075006.785 INFO             PET2           >>>MODEL: entered Initialize (phase=IPDv05p8) with current time:    0  1  1  0  0  0   0
20230411 075006.785 INFO             PET2           MODEL: InitializeDataProgress='true', InitializeDataComplete='true'
20230411 075006.785 INFO             PET2           <<<MODEL: leaving Initialize (phase=IPDv05p8) with current time:    0  1  1  0  0  0   0
20230411 075006.785 INFO             PET2         MODEL: InitializeIPDvXp08 extro.
20230411 075006.788 INFO             PET2         driver: component    1=MODEL, someProgress (local): true
20230411 075006.788 INFO             PET2         driver: component    1=MODEL, someProgress (global): T
20230411 075006.788 INFO             PET2         driver: someProgress=T, allComplete=F, present(dataDepAllComplete)=T
20230411 075006.788 INFO             PET2         driver: component    0=driver, dataComplete (local): true
20230411 075006.788 INFO             PET2         driver: component    0=driver, dataComplete (global): T
20230411 075006.788 INFO             PET2         driver: component    1=MODEL, dataComplete (local): true
20230411 075006.788 INFO             PET2         driver: component    1=MODEL, dataComplete (global): T
20230411 075006.789 INFO             PET2         driver: someProgress=F, allComplete=T, present(dataDepAllComplete)=T
20230411 075006.789 INFO             PET2         driver: finished resolving initialize data dependencies on this level.
20230411 075006.789 INFO             PET2       driver: loopDataDependentInitialize extro.
20230411 075006.789 INFO             PET2       driver: loopDataDependentInitialize() returned with dataDepAllComplete: T
20230411 075006.789 INFO             PET2     driver: InitializeIPDv02p5Data extro.
20230411 075006.789 INFO             PET2     <<<driver: leaving Initialize (phase=<none>) with current time:    0  1  1  0  0  0   0
20230411 075006.789 INFO             PET2   driver: InitializeIPDv02p5 extro.
20230411 075006.789 INFO             PET2 driver: InitializeGeneric extro.
20230411 075006.789 INFO             PET2 driver: Run intro.
20230411 075006.789 INFO             PET2   >>>driver entered Run (phase=RunPhase1) with current time:    0  1  1  0  0  0   0
20230411 075006.789 INFO             PET2   driver: after lable_SetRunClock, current time:    0  1  1  0  0  0   0
20230411 075006.789 INFO             PET2   driver: begin -------> RunSequence.
20230411 075006.789 INFO             PET2     driver: RunSequence event loopLevel=   1  levelMember=   1  loopIteration=   1, current time:    0  1  1  0  0  0   0
20230411 075006.789 INFO             PET2     MODEL: Run intro.
20230411 075006.789 INFO             PET2       >>>MODEL: entered Run (phase=RunPhase1) with current time:    0  1  1  0  0  0   0
20230411 075006.789 INFO             PET2       MODEL: time step-loop starting, current time:    0  1  1  0  0  0   0
20230411 075006.789 INFO             PET2       thread_num=   0   currentSsiPe=   2   num_threads=   2   max_threads=   2   num_procs=   1
20230411 075006.789 INFO             PET2       thread_num=   1   currentSsiPe=   3   num_threads=   2   max_threads=   2   num_procs=   1
20230411 075006.789 INFO             PET2       ---->Advancing Model from:    0  1  1  0  0  0   0
20230411 075006.789 INFO             PET2       ---------------------> to:    0  1  1  0  0 30   0
20230411 075006.789 INFO             PET2       MODEL: time step-loop ending,   current time:    0  1  1  0  0 30   0
20230411 075006.789 INFO             PET2       <<<MODEL: leaving Run (phase=RunPhase1) with current time:    0  1  1  0  0 30   0
20230411 075006.789 INFO             PET2     MODEL: Run extro.
20230411 075006.789 INFO             PET2     driver: RunSequence event loopLevel=   1  levelMember=   1  loopIteration=   2, current time:    0  1  1  0  0 30   0
20230411 075006.793 INFO             PET2     MODEL: Run intro.
20230411 075006.793 INFO             PET2       >>>MODEL: entered Run (phase=RunPhase1) with current time:    0  1  1  0  0 30   0
20230411 075006.793 INFO             PET2       MODEL: time step-loop starting, current time:    0  1  1  0  0 30   0
20230411 075006.793 INFO             PET2       thread_num=   1   currentSsiPe=   3   num_threads=   2   max_threads=   2   num_procs=   1
20230411 075006.793 INFO             PET2       thread_num=   0   currentSsiPe=   2   num_threads=   2   max_threads=   2   num_procs=   1
20230411 075006.793 INFO             PET2       ---->Advancing Model from:    0  1  1  0  0 30   0
20230411 075006.793 INFO             PET2       ---------------------> to:    0  1  1  0  1  0   0
20230411 075006.793 INFO             PET2       MODEL: time step-loop ending,   current time:    0  1  1  0  1  0   0
20230411 075006.793 INFO             PET2       <<<MODEL: leaving Run (phase=RunPhase1) with current time:    0  1  1  0  1  0   0
20230411 075006.793 INFO             PET2     MODEL: Run extro.
20230411 075006.793 INFO             PET2     driver: RunSequence event loopLevel=   1  levelMember=   1  loopIteration=   3, current time:    0  1  1  0  1  0   0
20230411 075006.795 INFO             PET2     MODEL: Run intro.
20230411 075006.795 INFO             PET2       >>>MODEL: entered Run (phase=RunPhase1) with current time:    0  1  1  0  1  0   0
20230411 075006.795 INFO             PET2       MODEL: time step-loop starting, current time:    0  1  1  0  1  0   0
20230411 075006.795 INFO             PET2       thread_num=   1   currentSsiPe=   3   num_threads=   2   max_threads=   2   num_procs=   1
20230411 075006.795 INFO             PET2       thread_num=   0   currentSsiPe=   2   num_threads=   2   max_threads=   2   num_procs=   1
20230411 075006.795 INFO             PET2       ---->Advancing Model from:    0  1  1  0  1  0   0
20230411 075006.795 INFO             PET2       ---------------------> to:    0  1  1  0  1 30   0
20230411 075006.795 INFO             PET2       MODEL: time step-loop ending,   current time:    0  1  1  0  1 30   0
20230411 075006.795 INFO             PET2       <<<MODEL: leaving Run (phase=RunPhase1) with current time:    0  1  1  0  1 30   0
20230411 075006.795 INFO             PET2     MODEL: Run extro.
20230411 075006.795 INFO             PET2     driver: RunSequence event loopLevel=   1  levelMember=   1  loopIteration=   4, current time:    0  1  1  0  1 30   0
20230411 075006.795 INFO             PET2     MODEL: Run intro.
20230411 075006.795 INFO             PET2       >>>MODEL: entered Run (phase=RunPhase1) with current time:    0  1  1  0  1 30   0
20230411 075006.795 INFO             PET2       MODEL: time step-loop starting, current time:    0  1  1  0  1 30   0
20230411 075006.795 INFO             PET2       thread_num=   1   currentSsiPe=   3   num_threads=   2   max_threads=   2   num_procs=   1
20230411 075006.795 INFO             PET2       thread_num=   0   currentSsiPe=   2   num_threads=   2   max_threads=   2   num_procs=   1
20230411 075006.795 INFO             PET2       ---->Advancing Model from:    0  1  1  0  1 30   0
20230411 075006.795 INFO             PET2       ---------------------> to:    0  1  1  0  2  0   0
20230411 075006.795 INFO             PET2       MODEL: time step-loop ending,   current time:    0  1  1  0  2  0   0
20230411 075006.795 INFO             PET2       <<<MODEL: leaving Run (phase=RunPhase1) with current time:    0  1  1  0  2  0   0
20230411 075006.795 INFO             PET2     MODEL: Run extro.
20230411 075006.796 INFO             PET2     driver: RunSequence event loopLevel=   1  levelMember=   1  loopIteration=   5, current time:    0  1  1  0  2  0   0
20230411 075006.797 INFO             PET2     MODEL: Run intro.
20230411 075006.797 INFO             PET2       >>>MODEL: entered Run (phase=RunPhase1) with current time:    0  1  1  0  2  0   0
20230411 075006.797 INFO             PET2       MODEL: time step-loop starting, current time:    0  1  1  0  2  0   0
20230411 075006.797 INFO             PET2       thread_num=   1   currentSsiPe=   3   num_threads=   2   max_threads=   2   num_procs=   1
20230411 075006.797 INFO             PET2       thread_num=   0   currentSsiPe=   2   num_threads=   2   max_threads=   2   num_procs=   1
20230411 075006.797 INFO             PET2       ---->Advancing Model from:    0  1  1  0  2  0   0
20230411 075006.797 INFO             PET2       ---------------------> to:    0  1  1  0  2 30   0
20230411 075006.797 INFO             PET2       MODEL: time step-loop ending,   current time:    0  1  1  0  2 30   0
20230411 075006.797 INFO             PET2       <<<MODEL: leaving Run (phase=RunPhase1) with current time:    0  1  1  0  2 30   0
20230411 075006.797 INFO             PET2     MODEL: Run extro.
20230411 075006.797 INFO             PET2   driver: end <--------- RunSequence
20230411 075006.797 INFO             PET2   <<<driver - leaving Run with current time:    0  1  1  0  2 30   0
20230411 075006.797 INFO             PET2 driver: Run extro.
20230411 075006.797 INFO             PET2 driver: Finalize intro.
20230411 075006.797 INFO             PET2   Calling Finalize phase 1 for modelComp: MODEL
20230411 075006.800 INFO             PET2   MODEL: Finalize intro.
20230411 075006.800 INFO             PET2     >>>MODEL: entered Finalize (phase=FinalizePhase1) with current time:    0  1  1  0  2 30   0
20230411 075006.800 INFO             PET2     <<<MODEL: leaving Finalize (phase=FinalizePhase1) with current time:    0  1  1  0  2 30   0
20230411 075006.800 INFO             PET2   MODEL: Finalize extro.
20230411 075006.800 INFO             PET2   Delete modelComp: MODEL
20230411 075006.800 INFO             PET2   Delete Import-/Export State for modelComp: MODEL
20230411 075006.800 INFO             PET2 driver: Finalize extro.
20230411 075006.800 INFO             PET2 mainApp FINISHED
20230411 075006.800 INFO             PET2 Finalizing ESMF
20230411 075006.752 INFO             PET3 !!!!!!!!!!!!!!!!!!!!!!!!!!!!!!!!!!!!!!!!!!!!!!!!!!!!!!
20230411 075006.752 INFO             PET3 !!! THE ESMF_LOG IS SET TO OUTPUT ALL LOG MESSAGES !!!
20230411 075006.752 INFO             PET3 !!!     THIS MAY CAUSE SLOWDOWN IN PERFORMANCE     !!!
20230411 075006.752 INFO             PET3 !!! FOR PRODUCTION RUNS, USE:                      !!!
20230411 075006.752 INFO             PET3 !!!                   ESMF_LOGKIND_Multi_On_Error  !!!
20230411 075006.752 INFO             PET3 !!!!!!!!!!!!!!!!!!!!!!!!!!!!!!!!!!!!!!!!!!!!!!!!!!!!!!
20230411 075006.752 INFO             PET3 Running with ESMF Version   : v8.5.0b19-2-g1c496381f5
20230411 075006.752 INFO             PET3 ESMF library build date/time: "Apr 11 2023" "07:20:33"
20230411 075006.752 INFO             PET3 ESMF library build location : /scratch2/NCEPDEV/stmp1/Gerhard.Theurich/ESMF-Nightly-Testing/gfortran_9.2.0b_openmpi_g_develop/esmf
20230411 075006.752 INFO             PET3 ESMF_COMM                   : openmpi
20230411 075006.753 INFO             PET3 ESMF_MOAB                   : enabled
20230411 075006.753 INFO             PET3 ESMF_LAPACK                 : enabled
20230411 075006.753 INFO             PET3 ESMF_NETCDF                 : disabled
20230411 075006.753 INFO             PET3 ESMF_PNETCDF                : disabled
20230411 075006.753 INFO             PET3 ESMF_PIO                    : disabled
20230411 075006.753 INFO             PET3 ESMF_YAMLCPP                : enabled
20230411 075006.754 INFO             PET3 mainApp STARTING
20230411 075006.759 INFO             PET3 driver: InitializeGeneric intro.
20230411 075006.759 INFO             PET3   driver: InitializeP0 intro.
20230411 075006.759 INFO             PET3   driver: InitializeP0 extro.
20230411 075006.759 INFO             PET3   driver: InitializeIPDv02p1 intro.
20230411 075006.759 INFO             PET3     >>>driver: entered Initialize (phase=<none>) without valid internal Clock.
20230411 075006.760 INFO             PET3     driver - Creating model component MODEL without petList.
20230411 075006.760 DEBUG            PET3     Generic SetVM() is executing for: MODEL
20230411 075006.760 DEBUG            PET3     Generic SetVM() is calling ESMF_GridCompSetVMMaxPEs() for: MODEL with:
20230411 075006.760 DEBUG            PET3      -             MaxCount =          2
20230411 075006.760 DEBUG            PET3      -       OpenMpHandling =
20230411 075006.760 DEBUG            PET3      -     OpenMpNumThreads =         -1
20230411 075006.760 DEBUG            PET3      -   ForceChildPthreads =          F
20230411 075006.760 DEBUG            PET3      -  PthreadMinStackSize =         -1
20230411 075006.761 DEBUG            PET3     vmkt_create()#201 Pthread: service=1 (0: actual PET, 1: service thread) - PTHREAD_STACK_MIN: 16384 bytes stack_size: 4194304 bytes
20230411 075006.761 DEBUG            PET3     vmkt_create()#201 Pthread: service=1 (0: actual PET, 1: service thread) - PTHREAD_STACK_MIN: 16384 bytes stack_size: 4194304 bytes
20230411 075006.764 INFO             PET3      GridCompIsPetLocal:  T
20230411 075006.764 INFO             PET3      VmIsCreated:  T
20230411 075006.764 INFO             PET3      MPI_COMM_NULL
20230411 075006.764 INFO             PET3     driver - Creating state: modelComp 1 Import State
20230411 075006.764 INFO             PET3     driver - Creating state: modelComp 1 Export State
20230411 075006.770 INFO             PET3     driver: IInitAdvertise intro.
20230411 075006.770 INFO             PET3     driver: IInitAdvertise extro.
20230411 075006.775 INFO             PET3     driver: IInitAdvertiseFinish intro.
20230411 075006.775 INFO             PET3     driver: IInitAdvertiseFinish extro.
20230411 075006.775 INFO             PET3     driver: IInitModifyCplLists intro.
20230411 075006.775 INFO             PET3     driver: IInitModifyCplLists extro.
20230411 075006.775 INFO             PET3     <<<driver: leaving Initialize (phase=<none>) with current time:    0  1  1  0  0  0   0
20230411 075006.775 INFO             PET3   driver: InitializeIPDv02p1 extro.
20230411 075006.775 INFO             PET3   driver: InitializeIPDv02p3 intro.
20230411 075006.775 INFO             PET3     >>>driver: entered Initialize (phase=<none>) with current time:    0  1  1  0  0  0   0
20230411 075006.775 INFO             PET3     driver: IInitCheck intro.
20230411 075006.775 INFO             PET3     driver: IInitCheck extro.
20230411 075006.781 INFO             PET3     driver: IInitRealize intro.
20230411 075006.781 INFO             PET3     driver: IInitRealize extro.
20230411 075006.782 INFO             PET3     <<<driver: leaving Initialize (phase=<none>) with current time:    0  1  1  0  0  0   0
20230411 075006.782 INFO             PET3   driver: InitializeIPDv02p3 extro.
20230411 075006.782 INFO             PET3   driver: InitializeIPDv02p5 intro.
20230411 075006.782 INFO             PET3     >>>driver: entered Initialize (phase=<none>) with current time:    0  1  1  0  0  0   0
20230411 075006.782 INFO             PET3     driver: this is a top level driver, no 'Updated' and 'InitializeDataComplete' info on this level.
20230411 075006.782 INFO             PET3     driver: InitializeIPDv02p5Data intro.
20230411 075006.782 INFO             PET3       driver: InternalInitializeComplete intro.
20230411 075006.782 INFO             PET3         driver: InitializeDataComplete='true'
20230411 075006.782 INFO             PET3       driver: InternalInitializeComplete extro.
20230411 075006.784 INFO             PET3       driver: components present that trigger loopDataDependentInitialize().
20230411 075006.784 INFO             PET3       driver: loopDataDependentInitialize intro.
20230411 075006.785 INFO             PET3         driver: component    0=driver, dataComplete (local): true
20230411 075006.785 INFO             PET3         driver: component    0=driver, dataComplete (global): T
20230411 075006.785 INFO             PET3         driver: component    1=MODEL, dataComplete (local): false
20230411 075006.785 INFO             PET3         driver: component    1=MODEL, dataComplete (global): F
20230411 075006.786 INFO             PET3         driver: component    1=MODEL, someProgress (local): true
20230411 075006.788 INFO             PET3         driver: component    1=MODEL, someProgress (global): T
20230411 075006.788 INFO             PET3         driver: someProgress=T, allComplete=F, present(dataDepAllComplete)=T
20230411 075006.788 INFO             PET3         driver: component    0=driver, dataComplete (local): true
20230411 075006.788 INFO             PET3         driver: component    0=driver, dataComplete (global): T
20230411 075006.788 INFO             PET3         driver: component    1=MODEL, dataComplete (local): true
20230411 075006.788 INFO             PET3         driver: component    1=MODEL, dataComplete (global): T
20230411 075006.788 INFO             PET3         driver: someProgress=F, allComplete=T, present(dataDepAllComplete)=T
20230411 075006.788 INFO             PET3         driver: finished resolving initialize data dependencies on this level.
20230411 075006.788 INFO             PET3       driver: loopDataDependentInitialize extro.
20230411 075006.788 INFO             PET3       driver: loopDataDependentInitialize() returned with dataDepAllComplete: T
20230411 075006.789 INFO             PET3     driver: InitializeIPDv02p5Data extro.
20230411 075006.789 INFO             PET3     <<<driver: leaving Initialize (phase=<none>) with current time:    0  1  1  0  0  0   0
20230411 075006.789 INFO             PET3   driver: InitializeIPDv02p5 extro.
20230411 075006.789 INFO             PET3 driver: InitializeGeneric extro.
20230411 075006.789 INFO             PET3 driver: Run intro.
20230411 075006.789 INFO             PET3   >>>driver entered Run (phase=RunPhase1) with current time:    0  1  1  0  0  0   0
20230411 075006.789 INFO             PET3   driver: after lable_SetRunClock, current time:    0  1  1  0  0  0   0
20230411 075006.789 INFO             PET3   driver: begin -------> RunSequence.
20230411 075006.789 INFO             PET3     driver: RunSequence event loopLevel=   1  levelMember=   1  loopIteration=   1, current time:    0  1  1  0  0  0   0
20230411 075006.789 INFO             PET3     driver: RunSequence event loopLevel=   1  levelMember=   1  loopIteration=   2, current time:    0  1  1  0  0 30   0
20230411 075006.793 INFO             PET3     driver: RunSequence event loopLevel=   1  levelMember=   1  loopIteration=   3, current time:    0  1  1  0  1  0   0
20230411 075006.795 INFO             PET3     driver: RunSequence event loopLevel=   1  levelMember=   1  loopIteration=   4, current time:    0  1  1  0  1 30   0
20230411 075006.796 INFO             PET3     driver: RunSequence event loopLevel=   1  levelMember=   1  loopIteration=   5, current time:    0  1  1  0  2  0   0
20230411 075006.797 INFO             PET3   driver: end <--------- RunSequence
20230411 075006.797 INFO             PET3   <<<driver - leaving Run with current time:    0  1  1  0  2 30   0
20230411 075006.797 INFO             PET3 driver: Run extro.
20230411 075006.797 INFO             PET3 driver: Finalize intro.
20230411 075006.797 INFO             PET3   Calling Finalize phase 1 for modelComp: MODEL
20230411 075006.800 INFO             PET3   Delete modelComp: MODEL
20230411 075006.800 INFO             PET3   Delete Import-/Export State for modelComp: MODEL
20230411 075006.800 INFO             PET3 driver: Finalize extro.
20230411 075006.800 INFO             PET3 mainApp FINISHED
20230411 075006.800 INFO             PET3 Finalizing ESMF
