2023-03-21 01:41:28
20230321 020659.876 INFO             PET0 !!!!!!!!!!!!!!!!!!!!!!!!!!!!!!!!!!!!!!!!!!!!!!!!!!!!!!
20230321 020659.876 INFO             PET0 !!! THE ESMF_LOG IS SET TO OUTPUT ALL LOG MESSAGES !!!
20230321 020659.876 INFO             PET0 !!!     THIS MAY CAUSE SLOWDOWN IN PERFORMANCE     !!!
20230321 020659.876 INFO             PET0 !!! FOR PRODUCTION RUNS, USE:                      !!!
20230321 020659.876 INFO             PET0 !!!                   ESMF_LOGKIND_Multi_On_Error  !!!
20230321 020659.876 INFO             PET0 !!!!!!!!!!!!!!!!!!!!!!!!!!!!!!!!!!!!!!!!!!!!!!!!!!!!!!
20230321 020659.876 INFO             PET0 Running with ESMF Version   : v8.5.0b18-5-ge74a33b91d
20230321 020659.876 INFO             PET0 ESMF library build date/time: "Mar 21 2023" "01:39:58"
20230321 020659.876 INFO             PET0 ESMF library build location : /glade/gust/scratch/theurich/ESMF-Nightly-Testing/intel_2023.0-oneAPI_mpi_O_develop/esmf
20230321 020659.876 INFO             PET0 ESMF_COMM                   : mpi
20230321 020659.877 INFO             PET0 ESMF_MOAB                   : enabled
20230321 020659.877 INFO             PET0 ESMF_LAPACK                 : enabled
20230321 020659.877 INFO             PET0 ESMF_NETCDF                 : enabled
20230321 020659.877 INFO             PET0 ESMF_PNETCDF                : disabled
20230321 020659.877 INFO             PET0 ESMF_PIO                    : enabled
20230321 020659.877 INFO             PET0 ESMF_YAMLCPP                : enabled
20230321 020659.901 DEBUG            PET0 about to destroy Grid: 0x91b7d0
20230321 020659.904 DEBUG            PET0 about to destroy Grid: 0x91cdb0
20230321 020659.910 INFO             PET0  NUMBER_OF_PROCESSORS           4
20230321 020659.910 INFO             PET0  PASS  Example ESMF_NUOPCAtmModelEx, ESMF_NUOPCAtmModelEx.F90, line 806
20230321 020659.910 INFO             PET0 Finalizing ESMF
20230321 020659.877 INFO             PET1 !!!!!!!!!!!!!!!!!!!!!!!!!!!!!!!!!!!!!!!!!!!!!!!!!!!!!!
20230321 020659.877 INFO             PET1 !!! THE ESMF_LOG IS SET TO OUTPUT ALL LOG MESSAGES !!!
20230321 020659.877 INFO             PET1 !!!     THIS MAY CAUSE SLOWDOWN IN PERFORMANCE     !!!
20230321 020659.877 INFO             PET1 !!! FOR PRODUCTION RUNS, USE:                      !!!
20230321 020659.877 INFO             PET1 !!!                   ESMF_LOGKIND_Multi_On_Error  !!!
20230321 020659.877 INFO             PET1 !!!!!!!!!!!!!!!!!!!!!!!!!!!!!!!!!!!!!!!!!!!!!!!!!!!!!!
20230321 020659.877 INFO             PET1 Running with ESMF Version   : v8.5.0b18-5-ge74a33b91d
20230321 020659.877 INFO             PET1 ESMF library build date/time: "Mar 21 2023" "01:39:58"
20230321 020659.877 INFO             PET1 ESMF library build location : /glade/gust/scratch/theurich/ESMF-Nightly-Testing/intel_2023.0-oneAPI_mpi_O_develop/esmf
20230321 020659.877 INFO             PET1 ESMF_COMM                   : mpi
20230321 020659.878 INFO             PET1 ESMF_MOAB                   : enabled
20230321 020659.878 INFO             PET1 ESMF_LAPACK                 : enabled
20230321 020659.878 INFO             PET1 ESMF_NETCDF                 : enabled
20230321 020659.878 INFO             PET1 ESMF_PNETCDF                : disabled
20230321 020659.878 INFO             PET1 ESMF_PIO                    : enabled
20230321 020659.878 INFO             PET1 ESMF_YAMLCPP                : enabled
20230321 020659.901 DEBUG            PET1 about to destroy Grid: 0x919b80
20230321 020659.904 DEBUG            PET1 about to destroy Grid: 0x91ab60
20230321 020659.910 INFO             PET1  NUMBER_OF_PROCESSORS           4
20230321 020659.910 INFO             PET1  PASS  Example ESMF_NUOPCAtmModelEx, ESMF_NUOPCAtmModelEx.F90, line 806
20230321 020659.910 INFO             PET1 Finalizing ESMF
20230321 020659.876 INFO             PET2 !!!!!!!!!!!!!!!!!!!!!!!!!!!!!!!!!!!!!!!!!!!!!!!!!!!!!!
20230321 020659.876 INFO             PET2 !!! THE ESMF_LOG IS SET TO OUTPUT ALL LOG MESSAGES !!!
20230321 020659.876 INFO             PET2 !!!     THIS MAY CAUSE SLOWDOWN IN PERFORMANCE     !!!
20230321 020659.876 INFO             PET2 !!! FOR PRODUCTION RUNS, USE:                      !!!
20230321 020659.876 INFO             PET2 !!!                   ESMF_LOGKIND_Multi_On_Error  !!!
20230321 020659.876 INFO             PET2 !!!!!!!!!!!!!!!!!!!!!!!!!!!!!!!!!!!!!!!!!!!!!!!!!!!!!!
20230321 020659.876 INFO             PET2 Running with ESMF Version   : v8.5.0b18-5-ge74a33b91d
20230321 020659.876 INFO             PET2 ESMF library build date/time: "Mar 21 2023" "01:39:58"
20230321 020659.876 INFO             PET2 ESMF library build location : /glade/gust/scratch/theurich/ESMF-Nightly-Testing/intel_2023.0-oneAPI_mpi_O_develop/esmf
20230321 020659.876 INFO             PET2 ESMF_COMM                   : mpi
20230321 020659.877 INFO             PET2 ESMF_MOAB                   : enabled
20230321 020659.877 INFO             PET2 ESMF_LAPACK                 : enabled
20230321 020659.877 INFO             PET2 ESMF_NETCDF                 : enabled
20230321 020659.877 INFO             PET2 ESMF_PNETCDF                : disabled
20230321 020659.877 INFO             PET2 ESMF_PIO                    : enabled
20230321 020659.877 INFO             PET2 ESMF_YAMLCPP                : enabled
20230321 020659.901 DEBUG            PET2 about to destroy Grid: 0x91a0a0
20230321 020659.904 DEBUG            PET2 about to destroy Grid: 0x91b080
20230321 020659.910 INFO             PET2  NUMBER_OF_PROCESSORS           4
20230321 020659.910 INFO             PET2  PASS  Example ESMF_NUOPCAtmModelEx, ESMF_NUOPCAtmModelEx.F90, line 806
20230321 020659.910 INFO             PET2 Finalizing ESMF
20230321 020659.876 INFO             PET3 !!!!!!!!!!!!!!!!!!!!!!!!!!!!!!!!!!!!!!!!!!!!!!!!!!!!!!
20230321 020659.876 INFO             PET3 !!! THE ESMF_LOG IS SET TO OUTPUT ALL LOG MESSAGES !!!
20230321 020659.876 INFO             PET3 !!!     THIS MAY CAUSE SLOWDOWN IN PERFORMANCE     !!!
20230321 020659.876 INFO             PET3 !!! FOR PRODUCTION RUNS, USE:                      !!!
20230321 020659.877 INFO             PET3 !!!                   ESMF_LOGKIND_Multi_On_Error  !!!
20230321 020659.877 INFO             PET3 !!!!!!!!!!!!!!!!!!!!!!!!!!!!!!!!!!!!!!!!!!!!!!!!!!!!!!
20230321 020659.877 INFO             PET3 Running with ESMF Version   : v8.5.0b18-5-ge74a33b91d
20230321 020659.877 INFO             PET3 ESMF library build date/time: "Mar 21 2023" "01:39:58"
20230321 020659.877 INFO             PET3 ESMF library build location : /glade/gust/scratch/theurich/ESMF-Nightly-Testing/intel_2023.0-oneAPI_mpi_O_develop/esmf
20230321 020659.877 INFO             PET3 ESMF_COMM                   : mpi
20230321 020659.877 INFO             PET3 ESMF_MOAB                   : enabled
20230321 020659.877 INFO             PET3 ESMF_LAPACK                 : enabled
20230321 020659.877 INFO             PET3 ESMF_NETCDF                 : enabled
20230321 020659.877 INFO             PET3 ESMF_PNETCDF                : disabled
20230321 020659.877 INFO             PET3 ESMF_PIO                    : enabled
20230321 020659.877 INFO             PET3 ESMF_YAMLCPP                : enabled
20230321 020659.901 DEBUG            PET3 about to destroy Grid: 0x919d30
20230321 020659.904 DEBUG            PET3 about to destroy Grid: 0x91ace0
20230321 020659.910 INFO             PET3  NUMBER_OF_PROCESSORS           4
20230321 020659.910 INFO             PET3  PASS  Example ESMF_NUOPCAtmModelEx, ESMF_NUOPCAtmModelEx.F90, line 806
20230321 020659.910 INFO             PET3 Finalizing ESMF
