2023-04-18 00:41:08
20230418 020609.535 INFO             PET0 !!!!!!!!!!!!!!!!!!!!!!!!!!!!!!!!!!!!!!!!!!!!!!!!!!!!!!
20230418 020609.535 INFO             PET0 !!! THE ESMF_LOG IS SET TO OUTPUT ALL LOG MESSAGES !!!
20230418 020609.535 INFO             PET0 !!!     THIS MAY CAUSE SLOWDOWN IN PERFORMANCE     !!!
20230418 020609.535 INFO             PET0 !!! FOR PRODUCTION RUNS, USE:                      !!!
20230418 020609.535 INFO             PET0 !!!                   ESMF_LOGKIND_Multi_On_Error  !!!
20230418 020609.535 INFO             PET0 !!!!!!!!!!!!!!!!!!!!!!!!!!!!!!!!!!!!!!!!!!!!!!!!!!!!!!
20230418 020609.535 INFO             PET0 Running with ESMF Version   : v8.5.0b19-5-gc2c4406dae
20230418 020609.535 INFO             PET0 ESMF library build date/time: "Apr 18 2023" "00:39:16"
20230418 020609.535 INFO             PET0 ESMF library build location : /lustre/f2/dev/Mark.Potts/esmf-test/intel_2019.5_mpiuni_O_develop/esmf
20230418 020609.535 INFO             PET0 ESMF_COMM                   : mpiuni
20230418 020609.536 INFO             PET0 ESMF_MOAB                   : enabled
20230418 020609.536 INFO             PET0 ESMF_LAPACK                 : enabled
20230418 020609.536 INFO             PET0 ESMF_NETCDF                 : enabled
20230418 020609.536 INFO             PET0 ESMF_PNETCDF                : disabled
20230418 020609.536 INFO             PET0 ESMF_PIO                    : disabled
20230418 020609.536 INFO             PET0 ESMF_YAMLCPP                : enabled
20230418 020609.536 INFO             PET0 ESMF Tracing Enabled
20230418 020609.536 INFO             PET0 ESMF Profiling Enabled
20230418 020609.536 INFO             PET0 ESMF Trace/Profile clock: REALTIME
20230418 020609.540 INFO             PET0  NUMBER_OF_PROCESSORS           1
20230418 020609.540 INFO             PET0  PASS  Example ESMF_TraceUserEx, ESMF_TraceUserEx.F90, line 125
20230418 020609.540 INFO             PET0 Finalizing ESMF
20230418 020609.540 INFO             PET0 **************** Region Timings *******************
20230418 020609.540 INFO             PET0 Region                Count  Total (s)   Self (s)    Mean (s)    Min (s)     Max (s)
20230418 020609.540 INFO             PET0   [ESMF]              1      0.0012      0.0012      0.0012      0.0012      0.0012
20230418 020609.540 INFO             PET0     outer_region      1      0.0000      0.0000      0.0000      0.0000      0.0000
20230418 020609.540 INFO             PET0       inner_region_1  10     0.0000      0.0000      0.0000      0.0000      0.0000
20230418 020609.540 INFO             PET0       inner_region_2  10     0.0000      0.0000      0.0000      0.0000      0.0000
