2023-03-13 01:17:58
20230313 015633.738 INFO             PET0 !!!!!!!!!!!!!!!!!!!!!!!!!!!!!!!!!!!!!!!!!!!!!!!!!!!!!!
20230313 015633.738 INFO             PET0 !!! THE ESMF_LOG IS SET TO OUTPUT ALL LOG MESSAGES !!!
20230313 015633.738 INFO             PET0 !!!     THIS MAY CAUSE SLOWDOWN IN PERFORMANCE     !!!
20230313 015633.738 INFO             PET0 !!! FOR PRODUCTION RUNS, USE:                      !!!
20230313 015633.738 INFO             PET0 !!!                   ESMF_LOGKIND_Multi_On_Error  !!!
20230313 015633.738 INFO             PET0 !!!!!!!!!!!!!!!!!!!!!!!!!!!!!!!!!!!!!!!!!!!!!!!!!!!!!!
20230313 015633.738 INFO             PET0 Running with ESMF Version   : v8.5.0b18-2-g3a4fb969bb
20230313 015633.738 INFO             PET0 ESMF library build date/time: "Mar 13 2023" "01:15:44"
20230313 015633.738 INFO             PET0 ESMF library build location : /lustre/f2/dev/Mark.Potts/esmf-test/intel_2019.5_mpiuni_O_develop/esmf
20230313 015633.738 INFO             PET0 ESMF_COMM                   : mpiuni
20230313 015633.739 INFO             PET0 ESMF_MOAB                   : enabled
20230313 015633.739 INFO             PET0 ESMF_LAPACK                 : enabled
20230313 015633.739 INFO             PET0 ESMF_NETCDF                 : enabled
20230313 015633.739 INFO             PET0 ESMF_PNETCDF                : disabled
20230313 015633.739 INFO             PET0 ESMF_PIO                    : disabled
20230313 015633.739 INFO             PET0 ESMF_YAMLCPP                : enabled
20230313 015633.754 INFO             PET0  NUMBER_OF_PROCESSORS           1
20230313 015633.755 INFO             PET0  PASS  Example ESMF_RHandleReusabilityEx, ESMF_RHandleReusabilityEx.F90, line 582
20230313 015633.755 INFO             PET0 Finalizing ESMF
