2023-03-29 05:07:06
20230329 065218.966 INFO             PET0 !!!!!!!!!!!!!!!!!!!!!!!!!!!!!!!!!!!!!!!!!!!!!!!!!!!!!!
20230329 065218.966 INFO             PET0 !!! THE ESMF_LOG IS SET TO OUTPUT ALL LOG MESSAGES !!!
20230329 065218.966 INFO             PET0 !!!     THIS MAY CAUSE SLOWDOWN IN PERFORMANCE     !!!
20230329 065218.966 INFO             PET0 !!! FOR PRODUCTION RUNS, USE:                      !!!
20230329 065218.966 INFO             PET0 !!!                   ESMF_LOGKIND_Multi_On_Error  !!!
20230329 065218.966 INFO             PET0 !!!!!!!!!!!!!!!!!!!!!!!!!!!!!!!!!!!!!!!!!!!!!!!!!!!!!!
20230329 065218.966 INFO             PET0 Running with ESMF Version   : v8.5.0b19
20230329 065218.966 INFO             PET0 ESMF library build date/time: "Mar 29 2023" "05:05:24"
20230329 065218.966 INFO             PET0 ESMF library build location : /lustre/f2/dev/Mark.Potts/esmf-test/intel_2019.5_mpiuni_O_develop/esmf
20230329 065218.966 INFO             PET0 ESMF_COMM                   : mpiuni
20230329 065218.967 INFO             PET0 ESMF_MOAB                   : enabled
20230329 065218.967 INFO             PET0 ESMF_LAPACK                 : enabled
20230329 065218.967 INFO             PET0 ESMF_NETCDF                 : enabled
20230329 065218.967 INFO             PET0 ESMF_PNETCDF                : disabled
20230329 065218.967 INFO             PET0 ESMF_PIO                    : disabled
20230329 065218.967 INFO             PET0 ESMF_YAMLCPP                : enabled
20230329 065218.968 INFO             PET0  NUMBER_OF_PROCESSORS           1
20230329 065218.968 INFO             PET0  PASS  Example ESMF_DELayoutEx, ESMF_DELayoutEx.F90, line 394
20230329 065218.968 INFO             PET0 Finalizing ESMF
