2023-04-13 05:11:16
20230413 061628.712 INFO             PET0 !!!!!!!!!!!!!!!!!!!!!!!!!!!!!!!!!!!!!!!!!!!!!!!!!!!!!!
20230413 061628.712 INFO             PET0 !!! THE ESMF_LOG IS SET TO OUTPUT ALL LOG MESSAGES !!!
20230413 061628.712 INFO             PET0 !!!     THIS MAY CAUSE SLOWDOWN IN PERFORMANCE     !!!
20230413 061628.712 INFO             PET0 !!! FOR PRODUCTION RUNS, USE:                      !!!
20230413 061628.712 INFO             PET0 !!!                   ESMF_LOGKIND_Multi_On_Error  !!!
20230413 061628.712 INFO             PET0 !!!!!!!!!!!!!!!!!!!!!!!!!!!!!!!!!!!!!!!!!!!!!!!!!!!!!!
20230413 061628.713 INFO             PET0 Running with ESMF Version   : hconfig_b01
20230413 061628.713 INFO             PET0 ESMF library build date/time: "Apr 13 2023" "05:08:03"
20230413 061628.713 INFO             PET0 ESMF library build location : /discover/nobackup/projects/sbu/mpotts/esmf-test/pgi_20.4_mpiuni_g_feature_hconfig/esmf
20230413 061628.713 INFO             PET0 ESMF_COMM                   : mpiuni
20230413 061628.713 INFO             PET0 ESMF_MOAB                   : enabled
20230413 061628.713 INFO             PET0 ESMF_LAPACK                 : enabled
20230413 061628.713 INFO             PET0 ESMF_NETCDF                 : disabled
20230413 061628.713 INFO             PET0 ESMF_PNETCDF                : disabled
20230413 061628.713 INFO             PET0 ESMF_PIO                    : disabled
20230413 061628.713 INFO             PET0 ESMF_YAMLCPP                : enabled
20230413 061628.714 INFO             PET0  NUMBER_OF_PROCESSORS            1
20230413 061628.714 INFO             PET0  PASS  Example ESMF_GridCreateRegFromDGEx, ESMF_GridCreateRegFromDGEx.F90, line 112
20230413 061628.714 INFO             PET0 Finalizing ESMF
