2023-03-21 07:22:16
[1679384746.950804] [h23c07:133011:0]         mxm.c:196  MXM  WARN  The 'ulimit -s' on the system is set to 'unlimited'. This may have negative performance implications. Please set the stack size to the default value (10240) 
[1679384746.956052] [h23c07:133011:0]         mxm.c:196  MXM  WARN  The 'ulimit -s' on the system is set to 'unlimited'. This may have negative performance implications. Please set the stack size to the default value (10240) 
[1679384746.950810] [h23c07:133013:0]         mxm.c:196  MXM  WARN  The 'ulimit -s' on the system is set to 'unlimited'. This may have negative performance implications. Please set the stack size to the default value (10240) 
[1679384746.956101] [h23c07:133013:0]         mxm.c:196  MXM  WARN  The 'ulimit -s' on the system is set to 'unlimited'. This may have negative performance implications. Please set the stack size to the default value (10240) 
[1679384746.947130] [h23c07:133010:0]         mxm.c:196  MXM  WARN  The 'ulimit -s' on the system is set to 'unlimited'. This may have negative performance implications. Please set the stack size to the default value (10240) 
[1679384746.951994] [h23c07:133010:0]         mxm.c:196  MXM  WARN  The 'ulimit -s' on the system is set to 'unlimited'. This may have negative performance implications. Please set the stack size to the default value (10240) 
[1679384746.946138] [h23c07:133012:0]         mxm.c:196  MXM  WARN  The 'ulimit -s' on the system is set to 'unlimited'. This may have negative performance implications. Please set the stack size to the default value (10240) 
[1679384746.951084] [h23c07:133012:0]         mxm.c:196  MXM  WARN  The 'ulimit -s' on the system is set to 'unlimited'. This may have negative performance implications. Please set the stack size to the default value (10240) 
 Executing procedure_f77style2()
 Executing procedure_f77style2()
 Executing procedure_f77style2()
 Executing procedure_f77style2()
 Executing procedure_ocnCommon()
 Executing procedure_subModule1()
 Executing procedure_ocnCommon()
 Executing procedure_ocnCommon()
 Executing procedure_subModule1()
 Executing procedure_subModule2()
 Executing procedure_subModule1()
 Executing procedure_subModule2()
 Executing procedure_subModule2()
 Executing procedure_ocnCommon()
 Executing procedure_subModule1()
 Executing procedure_subModule2()
