2023-03-25 05:03:36
 localPET=            0  localDE=            0 : array(            1 , 
            1 )=    0.000000000000000     
 localPET=            0  localDE=            0 : array(            1 , 
            2 )=    0.000000000000000     
 localPET=            2  localDE=            0 : array(            1 , 
            1 )=    0.000000000000000     
 localPET=            2  localDE=            0 : array(            1 , 
            2 )=    0.000000000000000     
 localPET=            2  localDE=            0 : array(            2 , 
            1 )=    0.000000000000000     
 localPET=            2  localDE=            0 : array(            2 , 
            2 )=    0.000000000000000     
 localPET=            2  localDE=            0 : array(            3 , 
 localPET=            0  localDE=            0 : array(            2 , 
            1 )=    0.000000000000000     
 localPET=            0  localDE=            0 : array(            2 , 
            2 )=    0.000000000000000     
 localPET=            0  localDE=            0 : array(            3 , 
            1 )=    0.000000000000000     
 localPET=            0  localDE=            0 : array(            3 , 
            2 )=    0.000000000000000     
 localPET=            0  localDE=            1 : array(            1 , 
            1 )=    0.000000000000000     
 localPET=            0  localDE=            1 : array(            2 , 
            1 )=    0.000000000000000     
 localPET=            0  localDE=            1 : array(            3 , 
            1 )=    0.000000000000000     
 localPET=            2  localDE=            0 : array(            3 , 
            2 )=    0.000000000000000     
 localPET=            1  localDE=            0 : array(            1 , 
            1 )=    0.000000000000000     
 localPET=            1  localDE=            0 : array(            1 , 
            2 )=    0.000000000000000     
            1 )=    0.000000000000000     
 localPET=            3  localDE=            0 : array(            1 , 
            1 )=    0.000000000000000     
 localPET=            3  localDE=            0 : array(            1 , 
            2 )=    0.000000000000000     
 localPET=            3  localDE=            0 : array(            2 , 
            1 )=    0.000000000000000     
 localPET=            1  localDE=            0 : array(            2 , 
            1 )=    0.000000000000000     
 localPET=            1  localDE=            0 : array(            2 , 
            2 )=    0.000000000000000     
 localPET=            1  localDE=            1 : array(            1 , 
            1 )=    0.000000000000000     
 localPET=            1  localDE=            1 : array(            2 , 
            1 )=    0.000000000000000     
 localPET=            3  localDE=            0 : array(            2 , 
            2 )=    0.000000000000000     
 localPet:             2 DE             2  [            1            3 ]
 localPet:             3 DE             3  [            1            2 ]
 localPet:             0 DE             0  [            1            3 ]
 localPet:             0 DE             4  [            1            3 ]
 localPet:             1 DE             1  [            1            2 ]
 localPet:             1 DE             5  [            1            2 ]
[r3i4n21:36067:0:36067] Caught signal 11 (Segmentation fault: address not mapped to object at address (nil))
[r3i4n21:36069:0:36069] Caught signal 11 (Segmentation fault: address not mapped to object at address (nil))
==== backtrace (tid:  36067) ====
 0  /glade/u/apps/ch/opt/ucx/1.11.0/lib/libucs.so.0(ucs_handle_error+0xe4) [0x2aed5eb551b4]
 1  /glade/u/apps/ch/opt/ucx/1.11.0/lib/libucs.so.0(+0x2a4dc) [0x2aed5eb554dc]
 2  /glade/u/apps/ch/opt/ucx/1.11.0/lib/libucs.so.0(+0x2a74b) [0x2aed5eb5574b]
 3  ./ESMF_ArrayEx() [0x41134e]
 4  ./ESMF_ArrayEx() [0x406d33]
==== backtrace (tid:  36069) ====
 0  /glade/u/apps/ch/opt/ucx/1.11.0/lib/libucs.so.0(ucs_handle_error+0xe4) [0x2b900825f1b4]
 1  /glade/u/apps/ch/opt/ucx/1.11.0/lib/libucs.so.0(+0x2a4dc) [0x2b900825f4dc]
 2  /glade/u/apps/ch/opt/ucx/1.11.0/lib/libucs.so.0(+0x2a74b) [0x2b900825f74b]
 3  ./ESMF_ArrayEx() [0x411486]
 4  ./ESMF_ArrayEx() [0x406d33]
 5  /glade/u/apps/ch/os/lib64/libc.so.6(__libc_start_main+0xf5) [0x2aed4b7a1a35]
 6  ./ESMF_ArrayEx() [0x406c29]
=================================
 5  /glade/u/apps/ch/os/lib64/libc.so.6(__libc_start_main+0xf5) [0x2b8ff4f40a35]
 6  ./ESMF_ArrayEx() [0x406c29]
=================================
[r3i4n21:36067] *** Process received signal ***
[r3i4n21:36067] Signal: Segmentation fault (11)
[r3i4n21:36067] Signal code:  (-6)
[r3i4n21:36067] Failing at address: 0xb5100008ce3
[r3i4n21:36067] [ 0] /glade/u/apps/ch/os/lib64/libpthread.so.0(+0x11c00)[0x2aed4aed0c00]
[r3i4n21:36067] [ 1] ./ESMF_ArrayEx[0x41134e]
[r3i4n21:36067] [ 2] ./ESMF_ArrayEx[0x406d33]
[r3i4n21:36067] [ 3] /glade/u/apps/ch/os/lib64/libc.so.6(__libc_start_main+0xf5)[0x2aed4b7a1a35]
[r3i4n21:36067] [ 4] ./ESMF_ArrayEx[0x406c29]
[r3i4n21:36067] *** End of error message ***
[r3i4n21:36069] *** Process received signal ***
[r3i4n21:36069] Signal: Segmentation fault (11)
[r3i4n21:36069] Signal code:  (-6)
[r3i4n21:36069] Failing at address: 0xb5100008ce5
[r3i4n21:36069] [ 0] /glade/u/apps/ch/os/lib64/libpthread.so.0(+0x11c00)[0x2b8ff466fc00]
[r3i4n21:36069] [ 1] ./ESMF_ArrayEx[0x411486]
[r3i4n21:36069] [ 2] ./ESMF_ArrayEx[0x406d33]
[r3i4n21:36069] [ 3] /glade/u/apps/ch/os/lib64/libc.so.6(__libc_start_main+0xf5)[0x2b8ff4f40a35]
[r3i4n21:36069] [ 4] ./ESMF_ArrayEx[0x406c29]
[r3i4n21:36069] *** End of error message ***
--------------------------------------------------------------------------
Primary job  terminated normally, but 1 process returned
a non-zero exit code. Per user-direction, the job has been aborted.
--------------------------------------------------------------------------
--------------------------------------------------------------------------
mpirun noticed that process rank 2 with PID 0 on node r3i4n21 exited on signal 11 (Segmentation fault).
--------------------------------------------------------------------------
