2023-03-20 05:33:32
[r10i5n2:59224:0:59224] Caught signal 11 (Segmentation fault: address not mapped to object at address 0x4f1b591)
[r10i5n2:59225:0:59225] Caught signal 11 (Segmentation fault: address not mapped to object at address 0x4f1b591)
[r10i5n2:59226:0:59226] Caught signal 11 (Segmentation fault: address not mapped to object at address 0x4f1b591)
[r10i5n2:59227:0:59227] Caught signal 11 (Segmentation fault: address not mapped to object at address 0x4f1b591)
==== backtrace (tid:  59226) ====
 0  /glade/u/apps/ch/opt/ucx/1.11.0/lib/libucs.so.0(ucs_handle_error+0xe4) [0x2b953e5521b4]
 1  /glade/u/apps/ch/opt/ucx/1.11.0/lib/libucs.so.0(+0x2a4dc) [0x2b953e5524dc]
 2  /glade/u/apps/ch/opt/ucx/1.11.0/lib/libucs.so.0(+0x2a74b) [0x2b953e55274b]
 3  /glade/scratch/theurich/ESMF-Nightly-Testing/nvhpc_21.11_openmpi_g_develop/esmf/lib/libg/Linux.nvhpc.64.openmpi.default/libesmf.so(_ZN5ESMCI6LogErr13MsgFoundErrorEiPKciS2_S2_Pi+0x34) [0x2b95246ad674]
 4  /glade/scratch/theurich/ESMF-Nightly-Testing/nvhpc_21.11_openmpi_g_develop/esmf/lib/libg/Linux.nvhpc.64.openmpi.default/libesmf.so(_ZN5ESMCI7MeshCap22meshcreatenodedistgridEPi+0x7f) [0x2b95248c9ebf]
 5  /glade/scratch/theurich/ESMF-Nightly-Testing/nvhpc_21.11_openmpi_g_develop/esmf/lib/libg/Linux.nvhpc.64.openmpi.default/libesmf.so(c_esmc_meshcreatenodedistgrid_+0xc1) [0x2b952491c281]
 6  /glade/scratch/theurich/ESMF-Nightly-Testing/nvhpc_21.11_openmpi_g_develop/esmf/lib/libg/Linux.nvhpc.64.openmpi.default/libesmf.so(esmf_meshmod_esmf_meshcreatefrompointer_+0x6d) [0x2b95255f2dad]
 7  /glade/scratch/theurich/ESMF-Nightly-Testing/nvhpc_21.11_openmpi_g_develop/esmf/lib/libg/Linux.nvhpc.64.openmpi.default/libesmf.so(esmf_gridutilmod_esmf_gridtomesh_+0x52d) [0x2b952544dfad]
 8  /glade/scratch/theurich/ESMF-Nightly-Testing/nvhpc_21.11_openmpi_g_develop/esmf/lib/libg/Linux.nvhpc.64.openmpi.default/libesmf.so(esmf_xgridcreatemod_esmf_xgridcreate_+0x3af1) [0x2b95256d8371]
 9  ./ESMF_XGridEx() [0x4084b9]
10  ./ESMF_XGridEx() [0x4068b3]
11  /glade/u/apps/ch/os/lib64/libc.so.6(__libc_start_main+0xf5) [0x2b952b2bea35]
12  ./ESMF_XGridEx() [0x4067a9]
=================================
==== backtrace (tid:  59224) ====
 0  /glade/u/apps/ch/opt/ucx/1.11.0/lib/libucs.so.0(ucs_handle_error+0xe4) [0x2b8a08d041b4]
 1  /glade/u/apps/ch/opt/ucx/1.11.0/lib/libucs.so.0(+0x2a4dc) [0x2b8a08d044dc]
 2  /glade/u/apps/ch/opt/ucx/1.11.0/lib/libucs.so.0(+0x2a74b) [0x2b8a08d0474b]
 3  /glade/scratch/theurich/ESMF-Nightly-Testing/nvhpc_21.11_openmpi_g_develop/esmf/lib/libg/Linux.nvhpc.64.openmpi.default/libesmf.so(_ZN5ESMCI6LogErr13MsgFoundErrorEiPKciS2_S2_Pi+0x34) [0x2b89eed5b674]
 4  /glade/scratch/theurich/ESMF-Nightly-Testing/nvhpc_21.11_openmpi_g_develop/esmf/lib/libg/Linux.nvhpc.64.openmpi.default/libesmf.so(_ZN5ESMCI7MeshCap22meshcreatenodedistgridEPi+0x7f) [0x2b89eef77ebf]
 5  /glade/scratch/theurich/ESMF-Nightly-Testing/nvhpc_21.11_openmpi_g_develop/esmf/lib/libg/Linux.nvhpc.64.openmpi.default/libesmf.so(c_esmc_meshcreatenodedistgrid_+0xc1) [0x2b89eefca281]
 6  /glade/scratch/theurich/ESMF-Nightly-Testing/nvhpc_21.11_openmpi_g_develop/esmf/lib/libg/Linux.nvhpc.64.openmpi.default/libesmf.so(esmf_meshmod_esmf_meshcreatefrompointer_+0x6d) [0x2b89efca0dad]
 7  /glade/scratch/theurich/ESMF-Nightly-Testing/nvhpc_21.11_openmpi_g_develop/esmf/lib/libg/Linux.nvhpc.64.openmpi.default/libesmf.so(esmf_gridutilmod_esmf_gridtomesh_+0x52d) [0x2b89efafbfad]
 8  /glade/scratch/theurich/ESMF-Nightly-Testing/nvhpc_21.11_openmpi_g_develop/esmf/lib/libg/Linux.nvhpc.64.openmpi.default/libesmf.so(esmf_xgridcreatemod_esmf_xgridcreate_+0x3af1) [0x2b89efd86371]
 9  ./ESMF_XGridEx() [0x4084b9]
10  ./ESMF_XGridEx() [0x4068b3]
11  /glade/u/apps/ch/os/lib64/libc.so.6(__libc_start_main+0xf5) [0x2b89f596ca35]
12  ./ESMF_XGridEx() [0x4067a9]
=================================
==== backtrace (tid:  59225) ====
 0  /glade/u/apps/ch/opt/ucx/1.11.0/lib/libucs.so.0(ucs_handle_error+0xe4) [0x2b5ffc25f1b4]
 1  /glade/u/apps/ch/opt/ucx/1.11.0/lib/libucs.so.0(+0x2a4dc) [0x2b5ffc25f4dc]
 2  /glade/u/apps/ch/opt/ucx/1.11.0/lib/libucs.so.0(+0x2a74b) [0x2b5ffc25f74b]
 3  /glade/scratch/theurich/ESMF-Nightly-Testing/nvhpc_21.11_openmpi_g_develop/esmf/lib/libg/Linux.nvhpc.64.openmpi.default/libesmf.so(_ZN5ESMCI6LogErr13MsgFoundErrorEiPKciS2_S2_Pi+0x34) [0x2b5fe2250674]
 4  /glade/scratch/theurich/ESMF-Nightly-Testing/nvhpc_21.11_openmpi_g_develop/esmf/lib/libg/Linux.nvhpc.64.openmpi.default/libesmf.so(_ZN5ESMCI7MeshCap22meshcreatenodedistgridEPi+0x7f) [0x2b5fe246cebf]
 5  /glade/scratch/theurich/ESMF-Nightly-Testing/nvhpc_21.11_openmpi_g_develop/esmf/lib/libg/Linux.nvhpc.64.openmpi.default/libesmf.so(c_esmc_meshcreatenodedistgrid_+0xc1) [0x2b5fe24bf281]
 6  /glade/scratch/theurich/ESMF-Nightly-Testing/nvhpc_21.11_openmpi_g_develop/esmf/lib/libg/Linux.nvhpc.64.openmpi.default/libesmf.so(esmf_meshmod_esmf_meshcreatefrompointer_+0x6d) [0x2b5fe3195dad]
 7  /glade/scratch/theurich/ESMF-Nightly-Testing/nvhpc_21.11_openmpi_g_develop/esmf/lib/libg/Linux.nvhpc.64.openmpi.default/libesmf.so(esmf_gridutilmod_esmf_gridtomesh_+0x52d) [0x2b5fe2ff0fad]
 8  /glade/scratch/theurich/ESMF-Nightly-Testing/nvhpc_21.11_openmpi_g_develop/esmf/lib/libg/Linux.nvhpc.64.openmpi.default/libesmf.so(esmf_xgridcreatemod_esmf_xgridcreate_+0x3af1) [0x2b5fe327b371]
 9  ./ESMF_XGridEx() [0x4084b9]
10  ./ESMF_XGridEx() [0x4068b3]
11  /glade/u/apps/ch/os/lib64/libc.so.6(__libc_start_main+0xf5) [0x2b5fe8e61a35]
12  ./ESMF_XGridEx() [0x4067a9]
=================================
==== backtrace (tid:  59227) ====
 0  /glade/u/apps/ch/opt/ucx/1.11.0/lib/libucs.so.0(ucs_handle_error+0xe4) [0x2ab65bd6c1b4]
 1  /glade/u/apps/ch/opt/ucx/1.11.0/lib/libucs.so.0(+0x2a4dc) [0x2ab65bd6c4dc]
 2  /glade/u/apps/ch/opt/ucx/1.11.0/lib/libucs.so.0(+0x2a74b) [0x2ab65bd6c74b]
 3  /glade/scratch/theurich/ESMF-Nightly-Testing/nvhpc_21.11_openmpi_g_develop/esmf/lib/libg/Linux.nvhpc.64.openmpi.default/libesmf.so(_ZN5ESMCI6LogErr13MsgFoundErrorEiPKciS2_S2_Pi+0x34) [0x2ab645dd4674]
 4  /glade/scratch/theurich/ESMF-Nightly-Testing/nvhpc_21.11_openmpi_g_develop/esmf/lib/libg/Linux.nvhpc.64.openmpi.default/libesmf.so(_ZN5ESMCI7MeshCap22meshcreatenodedistgridEPi+0x7f) [0x2ab645ff0ebf]
 5  /glade/scratch/theurich/ESMF-Nightly-Testing/nvhpc_21.11_openmpi_g_develop/esmf/lib/libg/Linux.nvhpc.64.openmpi.default/libesmf.so(c_esmc_meshcreatenodedistgrid_+0xc1) [0x2ab646043281]
 6  /glade/scratch/theurich/ESMF-Nightly-Testing/nvhpc_21.11_openmpi_g_develop/esmf/lib/libg/Linux.nvhpc.64.openmpi.default/libesmf.so(esmf_meshmod_esmf_meshcreatefrompointer_+0x6d) [0x2ab646d19dad]
 7  /glade/scratch/theurich/ESMF-Nightly-Testing/nvhpc_21.11_openmpi_g_develop/esmf/lib/libg/Linux.nvhpc.64.openmpi.default/libesmf.so(esmf_gridutilmod_esmf_gridtomesh_+0x52d) [0x2ab646b74fad]
 8  /glade/scratch/theurich/ESMF-Nightly-Testing/nvhpc_21.11_openmpi_g_develop/esmf/lib/libg/Linux.nvhpc.64.openmpi.default/libesmf.so(esmf_xgridcreatemod_esmf_xgridcreate_+0x3af1) [0x2ab646dff371]
 9  ./ESMF_XGridEx() [0x4084b9]
10  ./ESMF_XGridEx() [0x4068b3]
11  /glade/u/apps/ch/os/lib64/libc.so.6(__libc_start_main+0xf5) [0x2ab64c9e5a35]
12  ./ESMF_XGridEx() [0x4067a9]
=================================
[r10i5n2:59226] *** Process received signal ***
[r10i5n2:59226] Signal: Segmentation fault (11)
[r10i5n2:59226] Signal code:  (-6)
[r10i5n2:59226] Failing at address: 0xb510000e75a
[r10i5n2:59224] *** Process received signal ***
[r10i5n2:59224] Signal: Segmentation fault (11)
[r10i5n2:59224] Signal code:  (-6)
[r10i5n2:59224] Failing at address: 0xb510000e758
[r10i5n2:59225] *** Process received signal ***
[r10i5n2:59225] Signal: Segmentation fault (11)
[r10i5n2:59225] Signal code:  (-6)
[r10i5n2:59225] Failing at address: 0xb510000e759
[r10i5n2:59227] *** Process received signal ***
[r10i5n2:59227] Signal: Segmentation fault (11)
[r10i5n2:59227] Signal code:  (-6)
[r10i5n2:59227] Failing at address: 0xb510000e75b
[r10i5n2:59224] [ 0] /glade/u/apps/ch/os/lib64/libpthread.so.0(+0x11c00)[0x2b89f509bc00]
[r10i5n2:59224] [r10i5n2:59225] [ 0] [r10i5n2:59226] [ 0] /glade/u/apps/ch/os/lib64/libpthread.so.0(+0x11c00)[0x2b952a9edc00]
[r10i5n2:59226] [ 1] [r10i5n2:59227] [ 0] /glade/u/apps/ch/os/lib64/libpthread.so.0(+0x11c00)[0x2ab64c114c00]
[r10i5n2:59227] [ 1] /glade/scratch/theurich/ESMF-Nightly-Testing/nvhpc_21.11_openmpi_g_develop/esmf/lib/libg/Linux.nvhpc.64.openmpi.default/libesmf.so(_ZN5ESMCI6LogErr13MsgFoundErrorEiPKciS2_S2_Pi+0x34)[0x2b95246ad674]
[r10i5n2:59226] [ 2] /glade/scratch/theurich/ESMF-Nightly-Testing/nvhpc_21.11_openmpi_g_develop/esmf/lib/libg/Linux.nvhpc.64.openmpi.default/libesmf.so(_ZN5ESMCI7MeshCap22meshcreatenodedistgridEPi+0x7f)[0x2b95248c9ebf]
[r10i5n2:59226] [ 3] [ 1] /glade/scratch/theurich/ESMF-Nightly-Testing/nvhpc_21.11_openmpi_g_develop/esmf/lib/libg/Linux.nvhpc.64.openmpi.default/libesmf.so(_ZN5ESMCI6LogErr13MsgFoundErrorEiPKciS2_S2_Pi+0x34)[0x2b89eed5b674]
[r10i5n2:59224] [ 2] /glade/scratch/theurich/ESMF-Nightly-Testing/nvhpc_21.11_openmpi_g_develop/esmf/lib/libg/Linux.nvhpc.64.openmpi.default/libesmf.so(_ZN5ESMCI7MeshCap22meshcreatenodedistgridEPi+0x7f)[0x2b89eef77ebf]
[r10i5n2:59224] [ 3] /glade/u/apps/ch/os/lib64/libpthread.so.0(+0x11c00)[0x2b5fe8590c00]
[r10i5n2:59225] [ 1] /glade/scratch/theurich/ESMF-Nightly-Testing/nvhpc_21.11_openmpi_g_develop/esmf/lib/libg/Linux.nvhpc.64.openmpi.default/libesmf.so(_ZN5ESMCI6LogErr13MsgFoundErrorEiPKciS2_S2_Pi+0x34)[0x2b5fe2250674]
[r10i5n2:59225] [ 2] /glade/scratch/theurich/ESMF-Nightly-Testing/nvhpc_21.11_openmpi_g_develop/esmf/lib/libg/Linux.nvhpc.64.openmpi.default/libesmf.so(_ZN5ESMCI7MeshCap22meshcreatenodedistgridEPi+0x7f)[0x2b5fe246cebf]
[r10i5n2:59225] [ 3] /glade/scratch/theurich/ESMF-Nightly-Testing/nvhpc_21.11_openmpi_g_develop/esmf/lib/libg/Linux.nvhpc.64.openmpi.default/libesmf.so(_ZN5ESMCI6LogErr13MsgFoundErrorEiPKciS2_S2_Pi+0x34)[0x2ab645dd4674]
[r10i5n2:59227] [ 2] /glade/scratch/theurich/ESMF-Nightly-Testing/nvhpc_21.11_openmpi_g_develop/esmf/lib/libg/Linux.nvhpc.64.openmpi.default/libesmf.so(_ZN5ESMCI7MeshCap22meshcreatenodedistgridEPi+0x7f)[0x2ab645ff0ebf]
[r10i5n2:59227] [ 3] /glade/scratch/theurich/ESMF-Nightly-Testing/nvhpc_21.11_openmpi_g_develop/esmf/lib/libg/Linux.nvhpc.64.openmpi.default/libesmf.so(c_esmc_meshcreatenodedistgrid_+0xc1)[0x2b952491c281]
[r10i5n2:59226] [ 4] /glade/scratch/theurich/ESMF-Nightly-Testing/nvhpc_21.11_openmpi_g_develop/esmf/lib/libg/Linux.nvhpc.64.openmpi.default/libesmf.so(c_esmc_meshcreatenodedistgrid_+0xc1)[0x2ab646043281]
[r10i5n2:59227] [ 4] /glade/scratch/theurich/ESMF-Nightly-Testing/nvhpc_21.11_openmpi_g_develop/esmf/lib/libg/Linux.nvhpc.64.openmpi.default/libesmf.so(c_esmc_meshcreatenodedistgrid_+0xc1)[0x2b89eefca281]
[r10i5n2:59224] [ 4] /glade/scratch/theurich/ESMF-Nightly-Testing/nvhpc_21.11_openmpi_g_develop/esmf/lib/libg/Linux.nvhpc.64.openmpi.default/libesmf.so(c_esmc_meshcreatenodedistgrid_+0xc1)[0x2b5fe24bf281]
[r10i5n2:59225] [ 4] /glade/scratch/theurich/ESMF-Nightly-Testing/nvhpc_21.11_openmpi_g_develop/esmf/lib/libg/Linux.nvhpc.64.openmpi.default/libesmf.so(esmf_meshmod_esmf_meshcreatefrompointer_+0x6d)[0x2b95255f2dad]
[r10i5n2:59226] [ 5] /glade/scratch/theurich/ESMF-Nightly-Testing/nvhpc_21.11_openmpi_g_develop/esmf/lib/libg/Linux.nvhpc.64.openmpi.default/libesmf.so(esmf_meshmod_esmf_meshcreatefrompointer_+0x6d)[0x2ab646d19dad]
[r10i5n2:59227] [ 5] /glade/scratch/theurich/ESMF-Nightly-Testing/nvhpc_21.11_openmpi_g_develop/esmf/lib/libg/Linux.nvhpc.64.openmpi.default/libesmf.so(esmf_meshmod_esmf_meshcreatefrompointer_+0x6d)[0x2b89efca0dad]
[r10i5n2:59224] [ 5] /glade/scratch/theurich/ESMF-Nightly-Testing/nvhpc_21.11_openmpi_g_develop/esmf/lib/libg/Linux.nvhpc.64.openmpi.default/libesmf.so(esmf_meshmod_esmf_meshcreatefrompointer_+0x6d)[0x2b5fe3195dad]
[r10i5n2:59225] [ 5] /glade/scratch/theurich/ESMF-Nightly-Testing/nvhpc_21.11_openmpi_g_develop/esmf/lib/libg/Linux.nvhpc.64.openmpi.default/libesmf.so(esmf_gridutilmod_esmf_gridtomesh_+0x52d)[0x2b952544dfad]
[r10i5n2:59226] [ 6] /glade/scratch/theurich/ESMF-Nightly-Testing/nvhpc_21.11_openmpi_g_develop/esmf/lib/libg/Linux.nvhpc.64.openmpi.default/libesmf.so(esmf_gridutilmod_esmf_gridtomesh_+0x52d)[0x2ab646b74fad]
[r10i5n2:59227] [ 6] /glade/scratch/theurich/ESMF-Nightly-Testing/nvhpc_21.11_openmpi_g_develop/esmf/lib/libg/Linux.nvhpc.64.openmpi.default/libesmf.so(esmf_gridutilmod_esmf_gridtomesh_+0x52d)[0x2b89efafbfad]
[r10i5n2:59224] [ 6] /glade/scratch/theurich/ESMF-Nightly-Testing/nvhpc_21.11_openmpi_g_develop/esmf/lib/libg/Linux.nvhpc.64.openmpi.default/libesmf.so(esmf_gridutilmod_esmf_gridtomesh_+0x52d)[0x2b5fe2ff0fad]
[r10i5n2:59225] [ 6] /glade/scratch/theurich/ESMF-Nightly-Testing/nvhpc_21.11_openmpi_g_develop/esmf/lib/libg/Linux.nvhpc.64.openmpi.default/libesmf.so(esmf_xgridcreatemod_esmf_xgridcreate_+0x3af1)[0x2b89efd86371]
[r10i5n2:59224] [ 7] ./ESMF_XGridEx[0x4084b9]
[r10i5n2:59224] [ 8] ./ESMF_XGridEx[0x4068b3]
[r10i5n2:59224] [ 9] /glade/scratch/theurich/ESMF-Nightly-Testing/nvhpc_21.11_openmpi_g_develop/esmf/lib/libg/Linux.nvhpc.64.openmpi.default/libesmf.so(esmf_xgridcreatemod_esmf_xgridcreate_+0x3af1)[0x2ab646dff371]
[r10i5n2:59227] [ 7] ./ESMF_XGridEx[0x4084b9]
[r10i5n2:59227] [ 8] ./ESMF_XGridEx[0x4068b3]
[r10i5n2:59227] [ 9] /glade/u/apps/ch/os/lib64/libc.so.6(__libc_start_main+0xf5)[0x2b89f596ca35]
[r10i5n2:59224] [10] ./ESMF_XGridEx[0x4067a9]
[r10i5n2:59224] *** End of error message ***
/glade/scratch/theurich/ESMF-Nightly-Testing/nvhpc_21.11_openmpi_g_develop/esmf/lib/libg/Linux.nvhpc.64.openmpi.default/libesmf.so(esmf_xgridcreatemod_esmf_xgridcreate_+0x3af1)[0x2b5fe327b371]
[r10i5n2:59225] [ 7] ./ESMF_XGridEx[0x4084b9]
[r10i5n2:59225] [ 8] /glade/scratch/theurich/ESMF-Nightly-Testing/nvhpc_21.11_openmpi_g_develop/esmf/lib/libg/Linux.nvhpc.64.openmpi.default/libesmf.so(esmf_xgridcreatemod_esmf_xgridcreate_+0x3af1)[0x2b95256d8371]
[r10i5n2:59226] [ 7] ./ESMF_XGridEx[0x4084b9]
[r10i5n2:59226] [ 8] ./ESMF_XGridEx[0x4068b3]
[r10i5n2:59226] [ 9] /glade/u/apps/ch/os/lib64/libc.so.6(__libc_start_main+0xf5)[0x2ab64c9e5a35]
[r10i5n2:59227] [10] ./ESMF_XGridEx[0x4067a9]
[r10i5n2:59227] *** End of error message ***
./ESMF_XGridEx[0x4068b3]
[r10i5n2:59225] [ 9] /glade/u/apps/ch/os/lib64/libc.so.6(__libc_start_main+0xf5)[0x2b5fe8e61a35]
[r10i5n2:59225] [10] /glade/u/apps/ch/os/lib64/libc.so.6(__libc_start_main+0xf5)[0x2b952b2bea35]
[r10i5n2:59226] [10] ./ESMF_XGridEx[0x4067a9]
[r10i5n2:59226] *** End of error message ***
./ESMF_XGridEx[0x4067a9]
[r10i5n2:59225] *** End of error message ***
--------------------------------------------------------------------------
Primary job  terminated normally, but 1 process returned
a non-zero exit code. Per user-direction, the job has been aborted.
--------------------------------------------------------------------------
--------------------------------------------------------------------------
mpirun noticed that process rank 1 with PID 0 on node r10i5n2 exited on signal 11 (Segmentation fault).
--------------------------------------------------------------------------
