2023-03-19 05:29:09
[r10i5n21:18149:0:18149] Caught signal 11 (Segmentation fault: address not mapped to object at address 0x4f1b591)
[r10i5n21:18150:0:18150] Caught signal 11 (Segmentation fault: address not mapped to object at address 0x4f1b591)
[r10i5n21:18151:0:18151] Caught signal 11 (Segmentation fault: address not mapped to object at address 0x4f1b591)
[r10i5n21:18152:0:18152] Caught signal 11 (Segmentation fault: address not mapped to object at address 0x4f1b591)
==== backtrace (tid:  18151) ====
 0  /glade/u/apps/ch/opt/ucx/1.11.0/lib/libucs.so.0(ucs_handle_error+0xe4) [0x2b8fc825f1b4]
==== backtrace (tid:  18149) ====
 0  /glade/u/apps/ch/opt/ucx/1.11.0/lib/libucs.so.0(ucs_handle_error+0xe4) [0x2b08c825f1b4]
 1  /glade/u/apps/ch/opt/ucx/1.11.0/lib/libucs.so.0(+0x2a4dc) [0x2b08c825f4dc]
 2  /glade/u/apps/ch/opt/ucx/1.11.0/lib/libucs.so.0(+0x2a74b) [0x2b08c825f74b]
 1  /glade/u/apps/ch/opt/ucx/1.11.0/lib/libucs.so.0(+0x2a4dc) [0x2b8fc825f4dc]
 2  /glade/u/apps/ch/opt/ucx/1.11.0/lib/libucs.so.0(+0x2a74b) [0x2b8fc825f74b]
 3  /glade/scratch/theurich/ESMF-Nightly-Testing/nvhpc_21.11_openmpi_g_develop/esmf/lib/libg/Linux.nvhpc.64.openmpi.default/libesmf.so(_ZN5ESMCI6LogErr13MsgFoundErrorEiPKciS2_S2_Pi+0x34) [0x2b8fae275674]
 4  /glade/scratch/theurich/ESMF-Nightly-Testing/nvhpc_21.11_openmpi_g_develop/esmf/lib/libg/Linux.nvhpc.64.openmpi.default/libesmf.so(_ZN5ESMCI7MeshCap22meshcreatenodedistgridEPi+0x7f) [0x2b8fae491ebf]
 5  /glade/scratch/theurich/ESMF-Nightly-Testing/nvhpc_21.11_openmpi_g_develop/esmf/lib/libg/Linux.nvhpc.64.openmpi.default/libesmf.so(c_esmc_meshcreatenodedistgrid_+0xc1) [0x2b8fae4e4281]
 3  /glade/scratch/theurich/ESMF-Nightly-Testing/nvhpc_21.11_openmpi_g_develop/esmf/lib/libg/Linux.nvhpc.64.openmpi.default/libesmf.so(_ZN5ESMCI6LogErr13MsgFoundErrorEiPKciS2_S2_Pi+0x34) [0x2b08ae2c8674]
 4  /glade/scratch/theurich/ESMF-Nightly-Testing/nvhpc_21.11_openmpi_g_develop/esmf/lib/libg/Linux.nvhpc.64.openmpi.default/libesmf.so(_ZN5ESMCI7MeshCap22meshcreatenodedistgridEPi+0x7f) [0x2b08ae4e4ebf]
 5  /glade/scratch/theurich/ESMF-Nightly-Testing/nvhpc_21.11_openmpi_g_develop/esmf/lib/libg/Linux.nvhpc.64.openmpi.default/libesmf.so(c_esmc_meshcreatenodedistgrid_+0xc1) [0x2b08ae537281]
 6  /glade/scratch/theurich/ESMF-Nightly-Testing/nvhpc_21.11_openmpi_g_develop/esmf/lib/libg/Linux.nvhpc.64.openmpi.default/libesmf.so(esmf_meshmod_esmf_meshcreate1part_+0x126c) [0x2b08af2055ec]
 6  /glade/scratch/theurich/ESMF-Nightly-Testing/nvhpc_21.11_openmpi_g_develop/esmf/lib/libg/Linux.nvhpc.64.openmpi.default/libesmf.so(esmf_meshmod_esmf_meshcreate1part_+0x126c) [0x2b8faf1b25ec]
 7  ./ESMF_FieldRedistEx() [0x40b2a0]
 8  ./ESMF_FieldRedistEx() [0x4068f3]
 9  /glade/u/apps/ch/os/lib64/libc.so.6(__libc_start_main+0xf5) [0x2b8fb4e86a35]
10  ./ESMF_FieldRedistEx() [0x4067e9]
=================================
==== backtrace (tid:  18150) ====
 7  ./ESMF_FieldRedistEx() [0x40b2a0]
 8  ./ESMF_FieldRedistEx() [0x4068f3]
 9  /glade/u/apps/ch/os/lib64/libc.so.6(__libc_start_main+0xf5) [0x2b08b4ed9a35]
10  ./ESMF_FieldRedistEx() [0x4067e9]
=================================
 0  /glade/u/apps/ch/opt/ucx/1.11.0/lib/libucs.so.0(ucs_handle_error+0xe4) [0x2b2f993201b4]
 1  /glade/u/apps/ch/opt/ucx/1.11.0/lib/libucs.so.0(+0x2a4dc) [0x2b2f993204dc]
 2  /glade/u/apps/ch/opt/ucx/1.11.0/lib/libucs.so.0(+0x2a74b) [0x2b2f9932074b]
 3  /glade/scratch/theurich/ESMF-Nightly-Testing/nvhpc_21.11_openmpi_g_develop/esmf/lib/libg/Linux.nvhpc.64.openmpi.default/libesmf.so(_ZN5ESMCI6LogErr13MsgFoundErrorEiPKciS2_S2_Pi+0x34) [0x2b2f7f3c2674]
 4  /glade/scratch/theurich/ESMF-Nightly-Testing/nvhpc_21.11_openmpi_g_develop/esmf/lib/libg/Linux.nvhpc.64.openmpi.default/libesmf.so(_ZN5ESMCI7MeshCap22meshcreatenodedistgridEPi+0x7f) [0x2b2f7f5deebf]
 5  /glade/scratch/theurich/ESMF-Nightly-Testing/nvhpc_21.11_openmpi_g_develop/esmf/lib/libg/Linux.nvhpc.64.openmpi.default/libesmf.so(c_esmc_meshcreatenodedistgrid_+0xc1) [0x2b2f7f631281]
 6  /glade/scratch/theurich/ESMF-Nightly-Testing/nvhpc_21.11_openmpi_g_develop/esmf/lib/libg/Linux.nvhpc.64.openmpi.default/libesmf.so(esmf_meshmod_esmf_meshcreate1part_+0x126c) [0x2b2f802ff5ec]
 7  ./ESMF_FieldRedistEx() [0x40b2a0]
[r10i5n21:18151] *** Process received signal ***
[r10i5n21:18149] *** Process received signal ***
[r10i5n21:18149] Signal: Segmentation fault (11)
[r10i5n21:18149] Signal code:  (-6)
[r10i5n21:18149] Failing at address: 0xb51000046e5
==== backtrace (tid:  18152) ====
 0  /glade/u/apps/ch/opt/ucx/1.11.0/lib/libucs.so.0(ucs_handle_error+0xe4) [0x2ac019f451b4]
 1  /glade/u/apps/ch/opt/ucx/1.11.0/lib/libucs.so.0(+0x2a4dc) [0x2ac019f454dc]
 2  /glade/u/apps/ch/opt/ucx/1.11.0/lib/libucs.so.0(+0x2a74b) [0x2ac019f4574b]
 3  /glade/scratch/theurich/ESMF-Nightly-Testing/nvhpc_21.11_openmpi_g_develop/esmf/lib/libg/Linux.nvhpc.64.openmpi.default/libesmf.so(_ZN5ESMCI6LogErr13MsgFoundErrorEiPKciS2_S2_Pi+0x34) [0x2abfffe5d674]
 4  /glade/scratch/theurich/ESMF-Nightly-Testing/nvhpc_21.11_openmpi_g_develop/esmf/lib/libg/Linux.nvhpc.64.openmpi.default/libesmf.so(_ZN5ESMCI7MeshCap22meshcreatenodedistgridEPi+0x7f) [0x2ac000079ebf]
 5  /glade/scratch/theurich/ESMF-Nightly-Testing/nvhpc_21.11_openmpi_g_develop/esmf/lib/libg/Linux.nvhpc.64.openmpi.default/libesmf.so(c_esmc_meshcreatenodedistgrid_+0xc1) [0x2ac0000cc281]
 6  /glade/scratch/theurich/ESMF-Nightly-Testing/nvhpc_21.11_openmpi_g_develop/esmf/lib/libg/Linux.nvhpc.64.openmpi.default/libesmf.so(esmf_meshmod_esmf_meshcreate1part_+0x126c) [0x2ac000d9a5ec]
 7  ./ESMF_FieldRedistEx() [0x40b2a0]
 8  ./ESMF_FieldRedistEx() [0x4068f3]
 9  /glade/u/apps/ch/os/lib64/libc.so.6(__libc_start_main+0xf5) [0x2ac006a6ea35]
10  ./ESMF_FieldRedistEx() [0x4067e9]
=================================
[r10i5n21:18152] *** Process received signal ***
[r10i5n21:18152] Signal: Segmentation fault (11)
[r10i5n21:18152] Signal code:  (-6)
[r10i5n21:18152] Failing at address: 0xb51000046e8
[r10i5n21:18152] [ 0] /glade/u/apps/ch/os/lib64/libpthread.so.0(+0x11c00)[0x2ac00619dc00]
[r10i5n21:18152] [ 1] /glade/scratch/theurich/ESMF-Nightly-Testing/nvhpc_21.11_openmpi_g_develop/esmf/lib/libg/Linux.nvhpc.64.openmpi.default/libesmf.so(_ZN5ESMCI6LogErr13MsgFoundErrorEiPKciS2_S2_Pi+0x34)[0x2abfffe5d674]
[r10i5n21:18152] [ 2] /glade/scratch/theurich/ESMF-Nightly-Testing/nvhpc_21.11_openmpi_g_develop/esmf/lib/libg/Linux.nvhpc.64.openmpi.default/libesmf.so(_ZN5ESMCI7MeshCap22meshcreatenodedistgridEPi+0x7f)[0x2ac000079ebf]
[r10i5n21:18152] [ 3] [r10i5n21:18151] Signal: Segmentation fault (11)
[r10i5n21:18151] Signal code:  (-6)
[r10i5n21:18151] Failing at address: 0xb51000046e7
[r10i5n21:18151] [ 0] /glade/u/apps/ch/os/lib64/libpthread.so.0(+0x11c00)[0x2b8fb45b5c00]
[r10i5n21:18151] [ 1] /glade/scratch/theurich/ESMF-Nightly-Testing/nvhpc_21.11_openmpi_g_develop/esmf/lib/libg/Linux.nvhpc.64.openmpi.default/libesmf.so(_ZN5ESMCI6LogErr13MsgFoundErrorEiPKciS2_S2_Pi+0x34)[0x2b8fae275674]
[r10i5n21:18151] [ 2] /glade/scratch/theurich/ESMF-Nightly-Testing/nvhpc_21.11_openmpi_g_develop/esmf/lib/libg/Linux.nvhpc.64.openmpi.default/libesmf.so(_ZN5ESMCI7MeshCap22meshcreatenodedistgridEPi+0x7f)[0x2b8fae491ebf]
[r10i5n21:18151] [ 3]  8  ./ESMF_FieldRedistEx() [0x4068f3]
 9  /glade/u/apps/ch/os/lib64/libc.so.6(__libc_start_main+0xf5) [0x2b2f85fd3a35]
10  ./ESMF_FieldRedistEx() [0x4067e9]
=================================
[r10i5n21:18150] *** Process received signal ***
[r10i5n21:18150] Signal: Segmentation fault (11)
[r10i5n21:18150] Signal code:  (-6)
[r10i5n21:18150] Failing at address: 0xb51000046e6
[r10i5n21:18150] [ 0] /glade/u/apps/ch/os/lib64/libpthread.so.0(+0x11c00)[0x2b2f85702c00]
[r10i5n21:18150] [ 1] /glade/scratch/theurich/ESMF-Nightly-Testing/nvhpc_21.11_openmpi_g_develop/esmf/lib/libg/Linux.nvhpc.64.openmpi.default/libesmf.so(_ZN5ESMCI6LogErr13MsgFoundErrorEiPKciS2_S2_Pi+0x34)[0x2b2f7f3c2674]
[r10i5n21:18150] [ 2] /glade/scratch/theurich/ESMF-Nightly-Testing/nvhpc_21.11_openmpi_g_develop/esmf/lib/libg/Linux.nvhpc.64.openmpi.default/libesmf.so(_ZN5ESMCI7MeshCap22meshcreatenodedistgridEPi+0x7f)[0x2b2f7f5deebf]
[r10i5n21:18150] [ 3] [r10i5n21:18149] [ 0] /glade/u/apps/ch/os/lib64/libpthread.so.0(+0x11c00)[0x2b08b4608c00]
[r10i5n21:18149] [ 1] /glade/scratch/theurich/ESMF-Nightly-Testing/nvhpc_21.11_openmpi_g_develop/esmf/lib/libg/Linux.nvhpc.64.openmpi.default/libesmf.so(_ZN5ESMCI6LogErr13MsgFoundErrorEiPKciS2_S2_Pi+0x34)[0x2b08ae2c8674]
[r10i5n21:18149] [ 2] /glade/scratch/theurich/ESMF-Nightly-Testing/nvhpc_21.11_openmpi_g_develop/esmf/lib/libg/Linux.nvhpc.64.openmpi.default/libesmf.so(_ZN5ESMCI7MeshCap22meshcreatenodedistgridEPi+0x7f)[0x2b08ae4e4ebf]
[r10i5n21:18149] [ 3] /glade/scratch/theurich/ESMF-Nightly-Testing/nvhpc_21.11_openmpi_g_develop/esmf/lib/libg/Linux.nvhpc.64.openmpi.default/libesmf.so(c_esmc_meshcreatenodedistgrid_+0xc1)[0x2b8fae4e4281]
[r10i5n21:18151] [ 4] /glade/scratch/theurich/ESMF-Nightly-Testing/nvhpc_21.11_openmpi_g_develop/esmf/lib/libg/Linux.nvhpc.64.openmpi.default/libesmf.so(c_esmc_meshcreatenodedistgrid_+0xc1)[0x2b08ae537281]
[r10i5n21:18149] [ 4] /glade/scratch/theurich/ESMF-Nightly-Testing/nvhpc_21.11_openmpi_g_develop/esmf/lib/libg/Linux.nvhpc.64.openmpi.default/libesmf.so(c_esmc_meshcreatenodedistgrid_+0xc1)[0x2b2f7f631281]
[r10i5n21:18150] [ 4] /glade/scratch/theurich/ESMF-Nightly-Testing/nvhpc_21.11_openmpi_g_develop/esmf/lib/libg/Linux.nvhpc.64.openmpi.default/libesmf.so(c_esmc_meshcreatenodedistgrid_+0xc1)[0x2ac0000cc281]
[r10i5n21:18152] [ 4] /glade/scratch/theurich/ESMF-Nightly-Testing/nvhpc_21.11_openmpi_g_develop/esmf/lib/libg/Linux.nvhpc.64.openmpi.default/libesmf.so(esmf_meshmod_esmf_meshcreate1part_+0x126c)[0x2b08af2055ec]
[r10i5n21:18149] [ 5] ./ESMF_FieldRedistEx[0x40b2a0]
[r10i5n21:18149] [ 6] ./ESMF_FieldRedistEx[0x4068f3]
[r10i5n21:18149] [ 7] /glade/scratch/theurich/ESMF-Nightly-Testing/nvhpc_21.11_openmpi_g_develop/esmf/lib/libg/Linux.nvhpc.64.openmpi.default/libesmf.so(esmf_meshmod_esmf_meshcreate1part_+0x126c)[0x2b8faf1b25ec]
[r10i5n21:18151] [ 5] ./ESMF_FieldRedistEx[0x40b2a0]
[r10i5n21:18151] [ 6] ./ESMF_FieldRedistEx[0x4068f3]
[r10i5n21:18151] [ 7] /glade/scratch/theurich/ESMF-Nightly-Testing/nvhpc_21.11_openmpi_g_develop/esmf/lib/libg/Linux.nvhpc.64.openmpi.default/libesmf.so(esmf_meshmod_esmf_meshcreate1part_+0x126c)[0x2b2f802ff5ec]
[r10i5n21:18150] [ 5] ./ESMF_FieldRedistEx[0x40b2a0]
[r10i5n21:18150] [ 6] ./ESMF_FieldRedistEx[0x4068f3]
[r10i5n21:18150] [ 7] /glade/u/apps/ch/os/lib64/libc.so.6(__libc_start_main+0xf5)[0x2b08b4ed9a35]
[r10i5n21:18149] [ 8] ./ESMF_FieldRedistEx[0x4067e9]
[r10i5n21:18149] *** End of error message ***
/glade/u/apps/ch/os/lib64/libc.so.6(__libc_start_main+0xf5)[0x2b8fb4e86a35]
[r10i5n21:18151] [ 8] ./ESMF_FieldRedistEx[0x4067e9]
[r10i5n21:18151] *** End of error message ***
/glade/u/apps/ch/os/lib64/libc.so.6(__libc_start_main+0xf5)[0x2b2f85fd3a35]
[r10i5n21:18150] [ 8] ./ESMF_FieldRedistEx[0x4067e9]
[r10i5n21:18150] *** End of error message ***
/glade/scratch/theurich/ESMF-Nightly-Testing/nvhpc_21.11_openmpi_g_develop/esmf/lib/libg/Linux.nvhpc.64.openmpi.default/libesmf.so(esmf_meshmod_esmf_meshcreate1part_+0x126c)[0x2ac000d9a5ec]
[r10i5n21:18152] [ 5] ./ESMF_FieldRedistEx[0x40b2a0]
[r10i5n21:18152] [ 6] ./ESMF_FieldRedistEx[0x4068f3]
[r10i5n21:18152] [ 7] /glade/u/apps/ch/os/lib64/libc.so.6(__libc_start_main+0xf5)[0x2ac006a6ea35]
[r10i5n21:18152] [ 8] ./ESMF_FieldRedistEx[0x4067e9]
[r10i5n21:18152] *** End of error message ***
--------------------------------------------------------------------------
Primary job  terminated normally, but 1 process returned
a non-zero exit code. Per user-direction, the job has been aborted.
--------------------------------------------------------------------------
--------------------------------------------------------------------------
mpirun noticed that process rank 3 with PID 0 on node r10i5n21 exited on signal 11 (Segmentation fault).
--------------------------------------------------------------------------
