2023-03-24 05:09:33
[r14i0n21:65604:0:65604] Caught signal 11 (Segmentation fault: address not mapped to object at address 0x4f1b591)
[r14i0n21:65605:0:65605] Caught signal 11 (Segmentation fault: address not mapped to object at address 0x4f1b591)
[r14i0n21:65606:0:65606] Caught signal 11 (Segmentation fault: address not mapped to object at address 0x4f1b591)
[r14i0n21:65607:0:65607] Caught signal 11 (Segmentation fault: address not mapped to object at address 0x4f1b591)
==== backtrace (tid:  65604) ====
 0  /glade/u/apps/ch/opt/ucx/1.11.0/lib/libucs.so.0(ucs_handle_error+0xe4) [0x2b0ce09031b4]
 1  /glade/u/apps/ch/opt/ucx/1.11.0/lib/libucs.so.0(+0x2a4dc) [0x2b0ce09034dc]
 2  /glade/u/apps/ch/opt/ucx/1.11.0/lib/libucs.so.0(+0x2a74b) [0x2b0ce090374b]
 3  /glade/scratch/theurich/ESMF-Nightly-Testing/nvhpc_21.11_openmpi_g_develop/esmf/lib/libg/Linux.nvhpc.64.openmpi.default/libesmf.so(_ZN5ESMCI6LogErr13MsgFoundErrorEiPKciS2_S2_Pi+0x34) [0x2b0cc690f674]
 4  /glade/scratch/theurich/ESMF-Nightly-Testing/nvhpc_21.11_openmpi_g_develop/esmf/lib/libg/Linux.nvhpc.64.openmpi.default/libesmf.so(_ZN5ESMCI7MeshCap22meshcreatenodedistgridEPi+0x7f) [0x2b0cc6b2bebf]
 5  /glade/scratch/theurich/ESMF-Nightly-Testing/nvhpc_21.11_openmpi_g_develop/esmf/lib/libg/Linux.nvhpc.64.openmpi.default/libesmf.so(c_esmc_meshcreatenodedistgrid_+0xc1) [0x2b0cc6b7e281]
 6  /glade/scratch/theurich/ESMF-Nightly-Testing/nvhpc_21.11_openmpi_g_develop/esmf/lib/libg/Linux.nvhpc.64.openmpi.default/libesmf.so(esmf_meshmod_esmf_meshcreatefrompointer_+0x6d) [0x2b0cc7854dad]
 7  /glade/scratch/theurich/ESMF-Nightly-Testing/nvhpc_21.11_openmpi_g_develop/esmf/lib/libg/Linux.nvhpc.64.openmpi.default/libesmf.so(esmf_gridutilmod_esmf_gridtomesh_+0x52d) [0x2b0cc76affad]
 8  /glade/scratch/theurich/ESMF-Nightly-Testing/nvhpc_21.11_openmpi_g_develop/esmf/lib/libg/Linux.nvhpc.64.openmpi.default/libesmf.so(esmf_fieldregridmod_b_or_p_gridtomesh_+0x5a8) [0x2b0cc756f4a8]
 9  /glade/scratch/theurich/ESMF-Nightly-Testing/nvhpc_21.11_openmpi_g_develop/esmf/lib/libg/Linux.nvhpc.64.openmpi.default/libesmf.so(esmf_fieldregridmod_getmeshwithnodesonfieldloc_+0x574) [0x2b0cc756a8f4]
10  /glade/scratch/theurich/ESMF-Nightly-Testing/nvhpc_21.11_openmpi_g_develop/esmf/lib/libg/Linux.nvhpc.64.openmpi.default/libesmf.so(esmf_fieldregridmod_esmf_fieldregridstorenx_+0xf8c) [0x2b0cc75683cc]
11  ./ESMF_RHandleDynamicMaskingEx() [0x40880b]
12  ./ESMF_RHandleDynamicMaskingEx() [0x4067b3]
13  /glade/u/apps/ch/os/lib64/libc.so.6(__libc_start_main+0xf5) [0x2b0ccd520a35]
==== backtrace (tid:  65605) ====
 0  /glade/u/apps/ch/opt/ucx/1.11.0/lib/libucs.so.0(ucs_handle_error+0xe4) [0x2af232d521b4]
 1  /glade/u/apps/ch/opt/ucx/1.11.0/lib/libucs.so.0(+0x2a4dc) [0x2af232d524dc]
 2  /glade/u/apps/ch/opt/ucx/1.11.0/lib/libucs.so.0(+0x2a74b) [0x2af232d5274b]
 3  /glade/scratch/theurich/ESMF-Nightly-Testing/nvhpc_21.11_openmpi_g_develop/esmf/lib/libg/Linux.nvhpc.64.openmpi.default/libesmf.so(_ZN5ESMCI6LogErr13MsgFoundErrorEiPKciS2_S2_Pi+0x34) [0x2af218ef5674]
 4  /glade/scratch/theurich/ESMF-Nightly-Testing/nvhpc_21.11_openmpi_g_develop/esmf/lib/libg/Linux.nvhpc.64.openmpi.default/libesmf.so(_ZN5ESMCI7MeshCap22meshcreatenodedistgridEPi+0x7f) [0x2af219111ebf]
 5  /glade/scratch/theurich/ESMF-Nightly-Testing/nvhpc_21.11_openmpi_g_develop/esmf/lib/libg/Linux.nvhpc.64.openmpi.default/libesmf.so(c_esmc_meshcreatenodedistgrid_+0xc1) [0x2af219164281]
 6  /glade/scratch/theurich/ESMF-Nightly-Testing/nvhpc_21.11_openmpi_g_develop/esmf/lib/libg/Linux.nvhpc.64.openmpi.default/libesmf.so(esmf_meshmod_esmf_meshcreatefrompointer_+0x6d) [0x2af219e3adad]
 7  /glade/scratch/theurich/ESMF-Nightly-Testing/nvhpc_21.11_openmpi_g_develop/esmf/lib/libg/Linux.nvhpc.64.openmpi.default/libesmf.so(esmf_gridutilmod_esmf_gridtomesh_+0x52d) [0x2af219c95fad]
 8  /glade/scratch/theurich/ESMF-Nightly-Testing/nvhpc_21.11_openmpi_g_develop/esmf/lib/libg/Linux.nvhpc.64.openmpi.default/libesmf.so(esmf_fieldregridmod_b_or_p_gridtomesh_+0x5a8) [0x2af219b554a8]
 9  /glade/scratch/theurich/ESMF-Nightly-Testing/nvhpc_21.11_openmpi_g_develop/esmf/lib/libg/Linux.nvhpc.64.openmpi.default/libesmf.so(esmf_fieldregridmod_getmeshwithnodesonfieldloc_+0x574) [0x2af219b508f4]
10  /glade/scratch/theurich/ESMF-Nightly-Testing/nvhpc_21.11_openmpi_g_develop/esmf/lib/libg/Linux.nvhpc.64.openmpi.default/libesmf.so(esmf_fieldregridmod_esmf_fieldregridstorenx_+0xf8c) [0x2af219b4e3cc]
11  ./ESMF_RHandleDynamicMaskingEx() [0x40880b]
12  ./ESMF_RHandleDynamicMaskingEx() [0x4067b3]
13  /glade/u/apps/ch/os/lib64/libc.so.6(__libc_start_main+0xf5) [0x2af21fb06a35]
14  ./ESMF_RHandleDynamicMaskingEx() [0x4066a9]
=================================
==== backtrace (tid:  65606) ====
 0  /glade/u/apps/ch/opt/ucx/1.11.0/lib/libucs.so.0(ucs_handle_error+0xe4) [0x2b3f729521b4]
 1  /glade/u/apps/ch/opt/ucx/1.11.0/lib/libucs.so.0(+0x2a4dc) [0x2b3f729524dc]
 2  /glade/u/apps/ch/opt/ucx/1.11.0/lib/libucs.so.0(+0x2a74b) [0x2b3f7295274b]
 3  /glade/scratch/theurich/ESMF-Nightly-Testing/nvhpc_21.11_openmpi_g_develop/esmf/lib/libg/Linux.nvhpc.64.openmpi.default/libesmf.so(_ZN5ESMCI6LogErr13MsgFoundErrorEiPKciS2_S2_Pi+0x34) [0x2b3f58b4f674]
 4  /glade/scratch/theurich/ESMF-Nightly-Testing/nvhpc_21.11_openmpi_g_develop/esmf/lib/libg/Linux.nvhpc.64.openmpi.default/libesmf.so(_ZN5ESMCI7MeshCap22meshcreatenodedistgridEPi+0x7f) [0x2b3f58d6bebf]
 5  /glade/scratch/theurich/ESMF-Nightly-Testing/nvhpc_21.11_openmpi_g_develop/esmf/lib/libg/Linux.nvhpc.64.openmpi.default/libesmf.so(c_esmc_meshcreatenodedistgrid_+0xc1) [0x2b3f58dbe281]
 6  /glade/scratch/theurich/ESMF-Nightly-Testing/nvhpc_21.11_openmpi_g_develop/esmf/lib/libg/Linux.nvhpc.64.openmpi.default/libesmf.so(esmf_meshmod_esmf_meshcreatefrompointer_+0x6d) [0x2b3f59a94dad]
 7  /glade/scratch/theurich/ESMF-Nightly-Testing/nvhpc_21.11_openmpi_g_develop/esmf/lib/libg/Linux.nvhpc.64.openmpi.default/libesmf.so(esmf_gridutilmod_esmf_gridtomesh_+0x52d) [0x2b3f598effad]
 8  /glade/scratch/theurich/ESMF-Nightly-Testing/nvhpc_21.11_openmpi_g_develop/esmf/lib/libg/Linux.nvhpc.64.openmpi.default/libesmf.so(esmf_fieldregridmod_b_or_p_gridtomesh_+0x5a8) [0x2b3f597af4a8]
 9  /glade/scratch/theurich/ESMF-Nightly-Testing/nvhpc_21.11_openmpi_g_develop/esmf/lib/libg/Linux.nvhpc.64.openmpi.default/libesmf.so(esmf_fieldregridmod_getmeshwithnodesonfieldloc_+0x574) [0x2b3f597aa8f4]
10  /glade/scratch/theurich/ESMF-Nightly-Testing/nvhpc_21.11_openmpi_g_develop/esmf/lib/libg/Linux.nvhpc.64.openmpi.default/libesmf.so(esmf_fieldregridmod_esmf_fieldregridstorenx_+0xf8c) [0x2b3f597a83cc]
11  ./ESMF_RHandleDynamicMaskingEx() [0x40880b]
12  ./ESMF_RHandleDynamicMaskingEx() [0x4067b3]
13  /glade/u/apps/ch/os/lib64/libc.so.6(__libc_start_main+0xf5) [0x2b3f5f760a35]
14  ./ESMF_RHandleDynamicMaskingEx() [0x4066a9]
=================================
==== backtrace (tid:  65607) ====
 0  /glade/u/apps/ch/opt/ucx/1.11.0/lib/libucs.so.0(ucs_handle_error+0xe4) [0x2ad4d3d6c1b4]
 1  /glade/u/apps/ch/opt/ucx/1.11.0/lib/libucs.so.0(+0x2a4dc) [0x2ad4d3d6c4dc]
 2  /glade/u/apps/ch/opt/ucx/1.11.0/lib/libucs.so.0(+0x2a74b) [0x2ad4d3d6c74b]
 3  /glade/scratch/theurich/ESMF-Nightly-Testing/nvhpc_21.11_openmpi_g_develop/esmf/lib/libg/Linux.nvhpc.64.openmpi.default/libesmf.so(_ZN5ESMCI6LogErr13MsgFoundErrorEiPKciS2_S2_Pi+0x34) [0x2ad4bde6a674]
 4  /glade/scratch/theurich/ESMF-Nightly-Testing/nvhpc_21.11_openmpi_g_develop/esmf/lib/libg/Linux.nvhpc.64.openmpi.default/libesmf.so(_ZN5ESMCI7MeshCap22meshcreatenodedistgridEPi+0x7f) [0x2ad4be086ebf]
 5  /glade/scratch/theurich/ESMF-Nightly-Testing/nvhpc_21.11_openmpi_g_develop/esmf/lib/libg/Linux.nvhpc.64.openmpi.default/libesmf.so(c_esmc_meshcreatenodedistgrid_+0xc1) [0x2ad4be0d9281]
 6  /glade/scratch/theurich/ESMF-Nightly-Testing/nvhpc_21.11_openmpi_g_develop/esmf/lib/libg/Linux.nvhpc.64.openmpi.default/libesmf.so(esmf_meshmod_esmf_meshcreatefrompointer_+0x6d) [0x2ad4bedafdad]
 7  /glade/scratch/theurich/ESMF-Nightly-Testing/nvhpc_21.11_openmpi_g_develop/esmf/lib/libg/Linux.nvhpc.64.openmpi.default/libesmf.so(esmf_gridutilmod_esmf_gridtomesh_+0x52d) [0x2ad4bec0afad]
 8  /glade/scratch/theurich/ESMF-Nightly-Testing/nvhpc_21.11_openmpi_g_develop/esmf/lib/libg/Linux.nvhpc.64.openmpi.default/libesmf.so(esmf_fieldregridmod_b_or_p_gridtomesh_+0x5a8) [0x2ad4beaca4a8]
 9  /glade/scratch/theurich/ESMF-Nightly-Testing/nvhpc_21.11_openmpi_g_develop/esmf/lib/libg/Linux.nvhpc.64.openmpi.default/libesmf.so(esmf_fieldregridmod_getmeshwithnodesonfieldloc_+0x574) [0x2ad4beac58f4]
10  /glade/scratch/theurich/ESMF-Nightly-Testing/nvhpc_21.11_openmpi_g_develop/esmf/lib/libg/Linux.nvhpc.64.openmpi.default/libesmf.so(esmf_fieldregridmod_esmf_fieldregridstorenx_+0xf8c) [0x2ad4beac33cc]
11  ./ESMF_RHandleDynamicMaskingEx() [0x40880b]
12  ./ESMF_RHandleDynamicMaskingEx() [0x4067b3]
13  /glade/u/apps/ch/os/lib64/libc.so.6(__libc_start_main+0xf5) [0x2ad4c4a7ba35]
14  ./ESMF_RHandleDynamicMaskingEx() [0x4066a9]
=================================
14  ./ESMF_RHandleDynamicMaskingEx() [0x4066a9]
=================================
[r14i0n21:65605] *** Process received signal ***
[r14i0n21:65605] Signal: Segmentation fault (11)
[r14i0n21:65605] Signal code:  (-6)
[r14i0n21:65605] Failing at address: 0xb5100010045
[r14i0n21:65606] *** Process received signal ***
[r14i0n21:65606] Signal: Segmentation fault (11)
[r14i0n21:65606] Signal code:  (-6)
[r14i0n21:65606] Failing at address: 0xb5100010046
[r14i0n21:65607] *** Process received signal ***
[r14i0n21:65607] Signal: Segmentation fault (11)
[r14i0n21:65607] Signal code:  (-6)
[r14i0n21:65607] Failing at address: 0xb5100010047
[r14i0n21:65604] *** Process received signal ***
[r14i0n21:65604] Signal: Segmentation fault (11)
[r14i0n21:65604] Signal code:  (-6)
[r14i0n21:65604] Failing at address: 0xb5100010044
[r14i0n21:65607] [ 0] /glade/u/apps/ch/os/lib64/libpthread.so.0(+0x11c00)[0x2ad4c41aac00]
[r14i0n21:65607] [ 1] /glade/scratch/theurich/ESMF-Nightly-Testing/nvhpc_21.11_openmpi_g_develop/esmf/lib/libg/Linux.nvhpc.64.openmpi.default/libesmf.so(_ZN5ESMCI6LogErr13MsgFoundErrorEiPKciS2_S2_Pi+0x34)[0x2ad4bde6a674]
[r14i0n21:65607] [ 2] /glade/scratch/theurich/ESMF-Nightly-Testing/nvhpc_21.11_openmpi_g_develop/esmf/lib/libg/Linux.nvhpc.64.openmpi.default/libesmf.so(_ZN5ESMCI7MeshCap22meshcreatenodedistgridEPi+0x7f)[0x2ad4be086ebf]
[r14i0n21:65607] [ 3] /glade/scratch/theurich/ESMF-Nightly-Testing/nvhpc_21.11_openmpi_g_develop/esmf/lib/libg/Linux.nvhpc.64.openmpi.default/libesmf.so(c_esmc_meshcreatenodedistgrid_+0xc1)[0x2ad4be0d9281]
[r14i0n21:65607] [ 4] [r14i0n21:65605] [ 0] /glade/u/apps/ch/os/lib64/libpthread.so.0(+0x11c00)[0x2af21f235c00]
[r14i0n21:65605] [ 1] /glade/scratch/theurich/ESMF-Nightly-Testing/nvhpc_21.11_openmpi_g_develop/esmf/lib/libg/Linux.nvhpc.64.openmpi.default/libesmf.so(_ZN5ESMCI6LogErr13MsgFoundErrorEiPKciS2_S2_Pi+0x34)[0x2af218ef5674]
[r14i0n21:65605] [ 2] /glade/scratch/theurich/ESMF-Nightly-Testing/nvhpc_21.11_openmpi_g_develop/esmf/lib/libg/Linux.nvhpc.64.openmpi.default/libesmf.so(_ZN5ESMCI7MeshCap22meshcreatenodedistgridEPi+0x7f)[0x2af219111ebf]
[r14i0n21:65605] [ 3] /glade/scratch/theurich/ESMF-Nightly-Testing/nvhpc_21.11_openmpi_g_develop/esmf/lib/libg/Linux.nvhpc.64.openmpi.default/libesmf.so(c_esmc_meshcreatenodedistgrid_+0xc1)[0x2af219164281]
[r14i0n21:65605] [ 4] [r14i0n21:65606] [ 0] /glade/u/apps/ch/os/lib64/libpthread.so.0(+0x11c00)[0x2b3f5ee8fc00]
[r14i0n21:65606] [ 1] /glade/scratch/theurich/ESMF-Nightly-Testing/nvhpc_21.11_openmpi_g_develop/esmf/lib/libg/Linux.nvhpc.64.openmpi.default/libesmf.so(_ZN5ESMCI6LogErr13MsgFoundErrorEiPKciS2_S2_Pi+0x34)[0x2b3f58b4f674]
[r14i0n21:65606] [ 2] /glade/scratch/theurich/ESMF-Nightly-Testing/nvhpc_21.11_openmpi_g_develop/esmf/lib/libg/Linux.nvhpc.64.openmpi.default/libesmf.so(_ZN5ESMCI7MeshCap22meshcreatenodedistgridEPi+0x7f)[0x2b3f58d6bebf]
[r14i0n21:65606] [ 3] /glade/scratch/theurich/ESMF-Nightly-Testing/nvhpc_21.11_openmpi_g_develop/esmf/lib/libg/Linux.nvhpc.64.openmpi.default/libesmf.so(c_esmc_meshcreatenodedistgrid_+0xc1)[0x2b3f58dbe281]
[r14i0n21:65606] [ 4] [r14i0n21:65604] [ 0] /glade/u/apps/ch/os/lib64/libpthread.so.0(+0x11c00)[0x2b0cccc4fc00]
[r14i0n21:65604] [ 1] /glade/scratch/theurich/ESMF-Nightly-Testing/nvhpc_21.11_openmpi_g_develop/esmf/lib/libg/Linux.nvhpc.64.openmpi.default/libesmf.so(_ZN5ESMCI6LogErr13MsgFoundErrorEiPKciS2_S2_Pi+0x34)[0x2b0cc690f674]
[r14i0n21:65604] [ 2] /glade/scratch/theurich/ESMF-Nightly-Testing/nvhpc_21.11_openmpi_g_develop/esmf/lib/libg/Linux.nvhpc.64.openmpi.default/libesmf.so(_ZN5ESMCI7MeshCap22meshcreatenodedistgridEPi+0x7f)[0x2b0cc6b2bebf]
[r14i0n21:65604] [ 3] /glade/scratch/theurich/ESMF-Nightly-Testing/nvhpc_21.11_openmpi_g_develop/esmf/lib/libg/Linux.nvhpc.64.openmpi.default/libesmf.so(c_esmc_meshcreatenodedistgrid_+0xc1)[0x2b0cc6b7e281]
[r14i0n21:65604] [ 4] /glade/scratch/theurich/ESMF-Nightly-Testing/nvhpc_21.11_openmpi_g_develop/esmf/lib/libg/Linux.nvhpc.64.openmpi.default/libesmf.so(esmf_meshmod_esmf_meshcreatefrompointer_+0x6d)[0x2b3f59a94dad]
[r14i0n21:65606] [ 5] /glade/scratch/theurich/ESMF-Nightly-Testing/nvhpc_21.11_openmpi_g_develop/esmf/lib/libg/Linux.nvhpc.64.openmpi.default/libesmf.so(esmf_meshmod_esmf_meshcreatefrompointer_+0x6d)[0x2ad4bedafdad]
[r14i0n21:65607] [ 5] /glade/scratch/theurich/ESMF-Nightly-Testing/nvhpc_21.11_openmpi_g_develop/esmf/lib/libg/Linux.nvhpc.64.openmpi.default/libesmf.so(esmf_meshmod_esmf_meshcreatefrompointer_+0x6d)[0x2af219e3adad]
[r14i0n21:65605] [ 5] /glade/scratch/theurich/ESMF-Nightly-Testing/nvhpc_21.11_openmpi_g_develop/esmf/lib/libg/Linux.nvhpc.64.openmpi.default/libesmf.so(esmf_meshmod_esmf_meshcreatefrompointer_+0x6d)[0x2b0cc7854dad]
[r14i0n21:65604] [ 5] /glade/scratch/theurich/ESMF-Nightly-Testing/nvhpc_21.11_openmpi_g_develop/esmf/lib/libg/Linux.nvhpc.64.openmpi.default/libesmf.so(esmf_gridutilmod_esmf_gridtomesh_+0x52d)[0x2af219c95fad]
[r14i0n21:65605] [ 6] /glade/scratch/theurich/ESMF-Nightly-Testing/nvhpc_21.11_openmpi_g_develop/esmf/lib/libg/Linux.nvhpc.64.openmpi.default/libesmf.so(esmf_gridutilmod_esmf_gridtomesh_+0x52d)[0x2ad4bec0afad]
[r14i0n21:65607] [ 6] /glade/scratch/theurich/ESMF-Nightly-Testing/nvhpc_21.11_openmpi_g_develop/esmf/lib/libg/Linux.nvhpc.64.openmpi.default/libesmf.so(esmf_gridutilmod_esmf_gridtomesh_+0x52d)[0x2b0cc76affad]
[r14i0n21:65604] [ 6] /glade/scratch/theurich/ESMF-Nightly-Testing/nvhpc_21.11_openmpi_g_develop/esmf/lib/libg/Linux.nvhpc.64.openmpi.default/libesmf.so(esmf_gridutilmod_esmf_gridtomesh_+0x52d)[0x2b3f598effad]
[r14i0n21:65606] [ 6] /glade/scratch/theurich/ESMF-Nightly-Testing/nvhpc_21.11_openmpi_g_develop/esmf/lib/libg/Linux.nvhpc.64.openmpi.default/libesmf.so(esmf_fieldregridmod_b_or_p_gridtomesh_+0x5a8)[0x2af219b554a8]
[r14i0n21:65605] [ 7] /glade/scratch/theurich/ESMF-Nightly-Testing/nvhpc_21.11_openmpi_g_develop/esmf/lib/libg/Linux.nvhpc.64.openmpi.default/libesmf.so(esmf_fieldregridmod_b_or_p_gridtomesh_+0x5a8)[0x2ad4beaca4a8]
[r14i0n21:65607] [ 7] /glade/scratch/theurich/ESMF-Nightly-Testing/nvhpc_21.11_openmpi_g_develop/esmf/lib/libg/Linux.nvhpc.64.openmpi.default/libesmf.so(esmf_fieldregridmod_b_or_p_gridtomesh_+0x5a8)[0x2b3f597af4a8]
[r14i0n21:65606] [ 7] /glade/scratch/theurich/ESMF-Nightly-Testing/nvhpc_21.11_openmpi_g_develop/esmf/lib/libg/Linux.nvhpc.64.openmpi.default/libesmf.so(esmf_fieldregridmod_b_or_p_gridtomesh_+0x5a8)[0x2b0cc756f4a8]
[r14i0n21:65604] [ 7] /glade/scratch/theurich/ESMF-Nightly-Testing/nvhpc_21.11_openmpi_g_develop/esmf/lib/libg/Linux.nvhpc.64.openmpi.default/libesmf.so(esmf_fieldregridmod_getmeshwithnodesonfieldloc_+0x574)[0x2af219b508f4]
[r14i0n21:65605] [ 8] /glade/scratch/theurich/ESMF-Nightly-Testing/nvhpc_21.11_openmpi_g_develop/esmf/lib/libg/Linux.nvhpc.64.openmpi.default/libesmf.so(esmf_fieldregridmod_getmeshwithnodesonfieldloc_+0x574)[0x2ad4beac58f4]
[r14i0n21:65607] [ 8] /glade/scratch/theurich/ESMF-Nightly-Testing/nvhpc_21.11_openmpi_g_develop/esmf/lib/libg/Linux.nvhpc.64.openmpi.default/libesmf.so(esmf_fieldregridmod_getmeshwithnodesonfieldloc_+0x574)[0x2b0cc756a8f4]
[r14i0n21:65604] [ 8] /glade/scratch/theurich/ESMF-Nightly-Testing/nvhpc_21.11_openmpi_g_develop/esmf/lib/libg/Linux.nvhpc.64.openmpi.default/libesmf.so(esmf_fieldregridmod_getmeshwithnodesonfieldloc_+0x574)[0x2b3f597aa8f4]
[r14i0n21:65606] [ 8] /glade/scratch/theurich/ESMF-Nightly-Testing/nvhpc_21.11_openmpi_g_develop/esmf/lib/libg/Linux.nvhpc.64.openmpi.default/libesmf.so(esmf_fieldregridmod_esmf_fieldregridstorenx_+0xf8c)[0x2af219b4e3cc]
[r14i0n21:65605] [ 9] ./ESMF_RHandleDynamicMaskingEx[0x40880b]
[r14i0n21:65605] [10] ./ESMF_RHandleDynamicMaskingEx[0x4067b3]
[r14i0n21:65605] [11] /glade/scratch/theurich/ESMF-Nightly-Testing/nvhpc_21.11_openmpi_g_develop/esmf/lib/libg/Linux.nvhpc.64.openmpi.default/libesmf.so(esmf_fieldregridmod_esmf_fieldregridstorenx_+0xf8c)[0x2ad4beac33cc]
[r14i0n21:65607] [ 9] ./ESMF_RHandleDynamicMaskingEx[0x40880b]
[r14i0n21:65607] [10] ./ESMF_RHandleDynamicMaskingEx[0x4067b3]
[r14i0n21:65607] [11] /glade/u/apps/ch/os/lib64/libc.so.6(__libc_start_main+0xf5)[0x2af21fb06a35]
[r14i0n21:65605] [12] ./ESMF_RHandleDynamicMaskingEx[0x4066a9]
[r14i0n21:65605] *** End of error message ***
/glade/scratch/theurich/ESMF-Nightly-Testing/nvhpc_21.11_openmpi_g_develop/esmf/lib/libg/Linux.nvhpc.64.openmpi.default/libesmf.so(esmf_fieldregridmod_esmf_fieldregridstorenx_+0xf8c)[0x2b3f597a83cc]
[r14i0n21:65606] [ 9] ./ESMF_RHandleDynamicMaskingEx[0x40880b]
[r14i0n21:65606] [10] ./ESMF_RHandleDynamicMaskingEx[0x4067b3]
/glade/u/apps/ch/os/lib64/libc.so.6(__libc_start_main+0xf5)[0x2ad4c4a7ba35]
[r14i0n21:65607] [12] ./ESMF_RHandleDynamicMaskingEx[0x4066a9]
[r14i0n21:65607] *** End of error message ***
/glade/scratch/theurich/ESMF-Nightly-Testing/nvhpc_21.11_openmpi_g_develop/esmf/lib/libg/Linux.nvhpc.64.openmpi.default/libesmf.so(esmf_fieldregridmod_esmf_fieldregridstorenx_+0xf8c)[0x2b0cc75683cc]
[r14i0n21:65604] [ 9] ./ESMF_RHandleDynamicMaskingEx[0x40880b]
[r14i0n21:65604] [10] ./ESMF_RHandleDynamicMaskingEx[0x4067b3]
[r14i0n21:65604] [11] [r14i0n21:65606] [11] /glade/u/apps/ch/os/lib64/libc.so.6(__libc_start_main+0xf5)[0x2b0ccd520a35]
[r14i0n21:65604] [12] ./ESMF_RHandleDynamicMaskingEx[0x4066a9]
/glade/u/apps/ch/os/lib64/libc.so.6(__libc_start_main+0xf5)[0x2b3f5f760a35]
[r14i0n21:65606] [12] ./ESMF_RHandleDynamicMaskingEx[0x4066a9]
[r14i0n21:65606] *** End of error message ***
[r14i0n21:65604] *** End of error message ***
--------------------------------------------------------------------------
Primary job  terminated normally, but 1 process returned
a non-zero exit code. Per user-direction, the job has been aborted.
--------------------------------------------------------------------------
--------------------------------------------------------------------------
mpirun noticed that process rank 1 with PID 0 on node r14i0n21 exited on signal 11 (Segmentation fault).
--------------------------------------------------------------------------
