2023-03-28 04:16:53
20230328 050422.024 INFO             PET0 !!!!!!!!!!!!!!!!!!!!!!!!!!!!!!!!!!!!!!!!!!!!!!!!!!!!!!
20230328 050422.025 INFO             PET0 !!! THE ESMF_LOG IS SET TO OUTPUT ALL LOG MESSAGES !!!
20230328 050422.025 INFO             PET0 !!!     THIS MAY CAUSE SLOWDOWN IN PERFORMANCE     !!!
20230328 050422.025 INFO             PET0 !!! FOR PRODUCTION RUNS, USE:                      !!!
20230328 050422.025 INFO             PET0 !!!                   ESMF_LOGKIND_Multi_On_Error  !!!
20230328 050422.025 INFO             PET0 !!!!!!!!!!!!!!!!!!!!!!!!!!!!!!!!!!!!!!!!!!!!!!!!!!!!!!
20230328 050422.025 INFO             PET0 Running with ESMF Version   : v8.5.0b18-6-g77bb22d9e2
20230328 050422.025 INFO             PET0 ESMF library build date/time: "Mar 28 2023" "04:13:52"
20230328 050422.025 INFO             PET0 ESMF library build location : /glade/scratch/theurich/ESMF-Nightly-Testing/nvhpc_22.2_mpiuni_O_develop/esmf
20230328 050422.025 INFO             PET0 ESMF_COMM                   : mpiuni
20230328 050422.025 INFO             PET0 ESMF_MOAB                   : enabled
20230328 050422.025 INFO             PET0 ESMF_LAPACK                 : enabled
20230328 050422.025 INFO             PET0 ESMF_NETCDF                 : enabled
20230328 050422.025 INFO             PET0 ESMF_PNETCDF                : disabled
20230328 050422.025 INFO             PET0 ESMF_PIO                    : disabled
20230328 050422.025 INFO             PET0 ESMF_YAMLCPP                : enabled
20230328 050422.025 INFO             PET0 ESMF Tracing Enabled
20230328 050422.025 INFO             PET0 ESMF Profiling Enabled
20230328 050422.025 INFO             PET0 ESMF Trace/Profile clock: REALTIME
20230328 050422.027 INFO             PET0  NUMBER_OF_PROCESSORS            1
20230328 050422.027 INFO             PET0  PASS  Example ESMF_TraceEx, ESMF_TraceEx.F90, line 178
20230328 050422.027 INFO             PET0 Finalizing ESMF
20230328 050422.027 INFO             PET0 **************** Region Timings *******************
20230328 050422.027 INFO             PET0 Region              Count  Total (s)   Self (s)    Mean (s)    Min (s)     Max (s)
20230328 050422.027 INFO             PET0   [ESMF]            1      0.0005      0.0005      0.0005      0.0005      0.0005
20230328 050422.027 INFO             PET0     [test] Run 1    5      0.0000      0.0000      0.0000      0.0000      0.0000
20230328 050422.027 INFO             PET0     [test] Init 1   1      0.0000      0.0000      0.0000      0.0000      0.0000
20230328 050422.027 INFO             PET0     [test] Final 1  1      0.0000      0.0000      0.0000      0.0000      0.0000
