2023-03-31 07:26:26
20230331 074715.851 INFO             PET0 !!!!!!!!!!!!!!!!!!!!!!!!!!!!!!!!!!!!!!!!!!!!!!!!!!!!!!
20230331 074715.851 INFO             PET0 !!! THE ESMF_LOG IS SET TO OUTPUT ALL LOG MESSAGES !!!
20230331 074715.851 INFO             PET0 !!!     THIS MAY CAUSE SLOWDOWN IN PERFORMANCE     !!!
20230331 074715.851 INFO             PET0 !!! FOR PRODUCTION RUNS, USE:                      !!!
20230331 074715.851 INFO             PET0 !!!                   ESMF_LOGKIND_Multi_On_Error  !!!
20230331 074715.851 INFO             PET0 !!!!!!!!!!!!!!!!!!!!!!!!!!!!!!!!!!!!!!!!!!!!!!!!!!!!!!
20230331 074715.851 INFO             PET0 Running with ESMF Version   : v8.5.0b19
20230331 074715.851 INFO             PET0 ESMF library build date/time: "Mar 31 2023" "07:24:44"
20230331 074715.851 INFO             PET0 ESMF library build location : /scratch2/NCEPDEV/stmp1/Gerhard.Theurich/ESMF-Nightly-Testing/intel_18.0.5a_mpiuni_O_develop/esmf
20230331 074715.851 INFO             PET0 ESMF_COMM                   : mpiuni
20230331 074715.852 INFO             PET0 ESMF_MOAB                   : enabled
20230331 074715.852 INFO             PET0 ESMF_LAPACK                 : enabled
20230331 074715.852 INFO             PET0 ESMF_NETCDF                 : enabled
20230331 074715.852 INFO             PET0 ESMF_PNETCDF                : disabled
20230331 074715.852 INFO             PET0 ESMF_PIO                    : disabled
20230331 074715.852 INFO             PET0 ESMF_YAMLCPP                : enabled
20230331 074715.888 INFO             PET0  NUMBER_OF_PROCESSORS           1
20230331 074715.889 INFO             PET0  PASS  Example ESMF_RHandleDynamicMaskingEx, ESMF_RHandleDynamicMaskingEx.F90, line 1116
20230331 074715.889 INFO             PET0 Finalizing ESMF
