2023-03-30 01:24:34
20230330 020102.072 INFO             PET0 !!!!!!!!!!!!!!!!!!!!!!!!!!!!!!!!!!!!!!!!!!!!!!!!!!!!!!
20230330 020102.072 INFO             PET0 !!! THE ESMF_LOG IS SET TO OUTPUT ALL LOG MESSAGES !!!
20230330 020102.072 INFO             PET0 !!!     THIS MAY CAUSE SLOWDOWN IN PERFORMANCE     !!!
20230330 020102.072 INFO             PET0 !!! FOR PRODUCTION RUNS, USE:                      !!!
20230330 020102.072 INFO             PET0 !!!                   ESMF_LOGKIND_Multi_On_Error  !!!
20230330 020102.072 INFO             PET0 !!!!!!!!!!!!!!!!!!!!!!!!!!!!!!!!!!!!!!!!!!!!!!!!!!!!!!
20230330 020102.072 INFO             PET0 Running with ESMF Version   : v8.5.0b19
20230330 020102.072 INFO             PET0 ESMF library build date/time: "Mar 30 2023" "01:23:44"
20230330 020102.072 INFO             PET0 ESMF library build location : /global/cfs/cdirs/e3sm/theurich/ESMF-Nightly-Testing/gfortran_11.2.0_mpi_O_develop/esmf
20230330 020102.072 INFO             PET0 ESMF_COMM                   : mpi
20230330 020102.072 INFO             PET0 ESMF_MOAB                   : enabled
20230330 020102.072 INFO             PET0 ESMF_LAPACK                 : enabled
20230330 020102.072 INFO             PET0 ESMF_NETCDF                 : enabled
20230330 020102.072 INFO             PET0 ESMF_PNETCDF                : disabled
20230330 020102.072 INFO             PET0 ESMF_PIO                    : enabled
20230330 020102.072 INFO             PET0 ESMF_YAMLCPP                : enabled
20230330 020102.072 INFO             PET0  NUMBER_OF_PROCESSORS           4
20230330 020102.072 INFO             PET0  PASS  Example ESMF_VMUserMpiCommMultiEx, ESMF_VMUserMpiCommMultiEx.F90, line 126
20230330 020102.072 INFO             PET0 Finalizing ESMF
20230330 020102.071 INFO             PET0 !!!!!!!!!!!!!!!!!!!!!!!!!!!!!!!!!!!!!!!!!!!!!!!!!!!!!!
20230330 020102.071 INFO             PET0 !!! THE ESMF_LOG IS SET TO OUTPUT ALL LOG MESSAGES !!!
20230330 020102.071 INFO             PET0 !!!     THIS MAY CAUSE SLOWDOWN IN PERFORMANCE     !!!
20230330 020102.071 INFO             PET0 !!! FOR PRODUCTION RUNS, USE:                      !!!
20230330 020102.071 INFO             PET0 !!!                   ESMF_LOGKIND_Multi_On_Error  !!!
20230330 020102.071 INFO             PET0 !!!!!!!!!!!!!!!!!!!!!!!!!!!!!!!!!!!!!!!!!!!!!!!!!!!!!!
20230330 020102.071 INFO             PET0 Running with ESMF Version   : v8.5.0b19
20230330 020102.071 INFO             PET0 ESMF library build date/time: "Mar 30 2023" "01:23:44"
20230330 020102.071 INFO             PET0 ESMF library build location : /global/cfs/cdirs/e3sm/theurich/ESMF-Nightly-Testing/gfortran_11.2.0_mpi_O_develop/esmf
20230330 020102.071 INFO             PET0 ESMF_COMM                   : mpi
20230330 020102.071 INFO             PET0 ESMF_MOAB                   : enabled
20230330 020102.071 INFO             PET0 ESMF_LAPACK                 : enabled
20230330 020102.071 INFO             PET0 ESMF_NETCDF                 : enabled
20230330 020102.071 INFO             PET0 ESMF_PNETCDF                : disabled
20230330 020102.071 INFO             PET0 ESMF_PIO                    : enabled
20230330 020102.071 INFO             PET0 ESMF_YAMLCPP                : enabled
20230330 020102.071 INFO             PET0  NUMBER_OF_PROCESSORS           4
20230330 020102.071 INFO             PET0  PASS  Example ESMF_VMUserMpiCommMultiEx, ESMF_VMUserMpiCommMultiEx.F90, line 154
20230330 020102.071 INFO             PET0 Finalizing ESMF
20230330 020102.072 INFO             PET1 !!!!!!!!!!!!!!!!!!!!!!!!!!!!!!!!!!!!!!!!!!!!!!!!!!!!!!
20230330 020102.072 INFO             PET1 !!! THE ESMF_LOG IS SET TO OUTPUT ALL LOG MESSAGES !!!
20230330 020102.072 INFO             PET1 !!!     THIS MAY CAUSE SLOWDOWN IN PERFORMANCE     !!!
20230330 020102.072 INFO             PET1 !!! FOR PRODUCTION RUNS, USE:                      !!!
20230330 020102.072 INFO             PET1 !!!                   ESMF_LOGKIND_Multi_On_Error  !!!
20230330 020102.072 INFO             PET1 !!!!!!!!!!!!!!!!!!!!!!!!!!!!!!!!!!!!!!!!!!!!!!!!!!!!!!
20230330 020102.072 INFO             PET1 Running with ESMF Version   : v8.5.0b19
20230330 020102.072 INFO             PET1 ESMF library build date/time: "Mar 30 2023" "01:23:44"
20230330 020102.072 INFO             PET1 ESMF library build location : /global/cfs/cdirs/e3sm/theurich/ESMF-Nightly-Testing/gfortran_11.2.0_mpi_O_develop/esmf
20230330 020102.072 INFO             PET1 ESMF_COMM                   : mpi
20230330 020102.072 INFO             PET1 ESMF_MOAB                   : enabled
20230330 020102.072 INFO             PET1 ESMF_LAPACK                 : enabled
20230330 020102.072 INFO             PET1 ESMF_NETCDF                 : enabled
20230330 020102.072 INFO             PET1 ESMF_PNETCDF                : disabled
20230330 020102.072 INFO             PET1 ESMF_PIO                    : enabled
20230330 020102.072 INFO             PET1 ESMF_YAMLCPP                : enabled
20230330 020102.072 INFO             PET1  NUMBER_OF_PROCESSORS           4
20230330 020102.072 INFO             PET1  PASS  Example ESMF_VMUserMpiCommMultiEx, ESMF_VMUserMpiCommMultiEx.F90, line 126
20230330 020102.072 INFO             PET1 Finalizing ESMF
20230330 020102.071 INFO             PET1 !!!!!!!!!!!!!!!!!!!!!!!!!!!!!!!!!!!!!!!!!!!!!!!!!!!!!!
20230330 020102.071 INFO             PET1 !!! THE ESMF_LOG IS SET TO OUTPUT ALL LOG MESSAGES !!!
20230330 020102.071 INFO             PET1 !!!     THIS MAY CAUSE SLOWDOWN IN PERFORMANCE     !!!
20230330 020102.071 INFO             PET1 !!! FOR PRODUCTION RUNS, USE:                      !!!
20230330 020102.071 INFO             PET1 !!!                   ESMF_LOGKIND_Multi_On_Error  !!!
20230330 020102.071 INFO             PET1 !!!!!!!!!!!!!!!!!!!!!!!!!!!!!!!!!!!!!!!!!!!!!!!!!!!!!!
20230330 020102.071 INFO             PET1 Running with ESMF Version   : v8.5.0b19
20230330 020102.071 INFO             PET1 ESMF library build date/time: "Mar 30 2023" "01:23:44"
20230330 020102.071 INFO             PET1 ESMF library build location : /global/cfs/cdirs/e3sm/theurich/ESMF-Nightly-Testing/gfortran_11.2.0_mpi_O_develop/esmf
20230330 020102.071 INFO             PET1 ESMF_COMM                   : mpi
20230330 020102.071 INFO             PET1 ESMF_MOAB                   : enabled
20230330 020102.071 INFO             PET1 ESMF_LAPACK                 : enabled
20230330 020102.071 INFO             PET1 ESMF_NETCDF                 : enabled
20230330 020102.071 INFO             PET1 ESMF_PNETCDF                : disabled
20230330 020102.071 INFO             PET1 ESMF_PIO                    : enabled
20230330 020102.071 INFO             PET1 ESMF_YAMLCPP                : enabled
20230330 020102.071 INFO             PET1  NUMBER_OF_PROCESSORS           4
20230330 020102.071 INFO             PET1  PASS  Example ESMF_VMUserMpiCommMultiEx, ESMF_VMUserMpiCommMultiEx.F90, line 154
20230330 020102.071 INFO             PET1 Finalizing ESMF
