2023-04-18 03:09:04
20230418 033201.860 INFO             PET0 !!!!!!!!!!!!!!!!!!!!!!!!!!!!!!!!!!!!!!!!!!!!!!!!!!!!!!
20230418 033201.860 INFO             PET0 !!! THE ESMF_LOG IS SET TO OUTPUT ALL LOG MESSAGES !!!
20230418 033201.860 INFO             PET0 !!!     THIS MAY CAUSE SLOWDOWN IN PERFORMANCE     !!!
20230418 033201.860 INFO             PET0 !!! FOR PRODUCTION RUNS, USE:                      !!!
20230418 033201.860 INFO             PET0 !!!                   ESMF_LOGKIND_Multi_On_Error  !!!
20230418 033201.860 INFO             PET0 !!!!!!!!!!!!!!!!!!!!!!!!!!!!!!!!!!!!!!!!!!!!!!!!!!!!!!
20230418 033201.860 INFO             PET0 Running with ESMF Version   : hconfig_b01-2-g61a65240c2
20230418 033201.860 INFO             PET0 ESMF library build date/time: "Apr 18 2023" "03:07:39"
20230418 033201.860 INFO             PET0 ESMF library build location : /glade/gust/scratch/theurich/ESMF-Nightly-Testing/intel_2023.0.0-oneAPI_mpiuni_g_feature_hconfig/esmf
20230418 033201.860 INFO             PET0 ESMF_COMM                   : mpiuni
20230418 033201.861 INFO             PET0 ESMF_MOAB                   : enabled
20230418 033201.861 INFO             PET0 ESMF_LAPACK                 : enabled
20230418 033201.861 INFO             PET0 ESMF_NETCDF                 : enabled
20230418 033201.861 INFO             PET0 ESMF_PNETCDF                : disabled
20230418 033201.861 INFO             PET0 ESMF_PIO                    : disabled
20230418 033201.861 INFO             PET0 ESMF_YAMLCPP                : enabled
20230418 033201.861 INFO             PET0  NUMBER_OF_PROCESSORS           1
20230418 033201.862 INFO             PET0  PASS  Example ESMF_VMGetMPICommunicatorEx, ESMF_VMGetMPICommunicatorEx.F90, line 94
20230418 033201.862 INFO             PET0 Finalizing ESMF
