2023-04-12 01:22:24
20230412 020241.639 INFO             PET0 !!!!!!!!!!!!!!!!!!!!!!!!!!!!!!!!!!!!!!!!!!!!!!!!!!!!!!
20230412 020241.639 INFO             PET0 !!! THE ESMF_LOG IS SET TO OUTPUT ALL LOG MESSAGES !!!
20230412 020241.639 INFO             PET0 !!!     THIS MAY CAUSE SLOWDOWN IN PERFORMANCE     !!!
20230412 020241.639 INFO             PET0 !!! FOR PRODUCTION RUNS, USE:                      !!!
20230412 020241.639 INFO             PET0 !!!                   ESMF_LOGKIND_Multi_On_Error  !!!
20230412 020241.639 INFO             PET0 !!!!!!!!!!!!!!!!!!!!!!!!!!!!!!!!!!!!!!!!!!!!!!!!!!!!!!
20230412 020241.639 INFO             PET0 Running with ESMF Version   : v8.5.0b19-66-g6be63b4998
20230412 020241.639 INFO             PET0 ESMF library build date/time: "Apr 12 2023" "01:19:38"
20230412 020241.639 INFO             PET0 ESMF library build location : /discover/nobackup/projects/sbu/mpotts/esmf-test/intel_19.1.3_intelmpi_g_feature_hconfig/esmf
20230412 020241.639 INFO             PET0 ESMF_COMM                   : intelmpi
20230412 020241.641 INFO             PET0 ESMF_MOAB                   : enabled
20230412 020241.641 INFO             PET0 ESMF_LAPACK                 : enabled
20230412 020241.641 INFO             PET0 ESMF_NETCDF                 : enabled
20230412 020241.641 INFO             PET0 ESMF_PNETCDF                : disabled
20230412 020241.641 INFO             PET0 ESMF_PIO                    : enabled
20230412 020241.641 INFO             PET0 ESMF_YAMLCPP                : enabled
20230412 020241.659 INFO             PET0 ESMF Tracing Enabled
20230412 020241.659 INFO             PET0 ESMF Profiling Enabled
20230412 020241.659 INFO             PET0 ESMF Trace/Profile clock: REALTIME
20230412 020241.669 INFO             PET0  NUMBER_OF_PROCESSORS           4
20230412 020241.669 INFO             PET0  PASS  Example ESMF_TraceEx, ESMF_TraceEx.F90, line 178
20230412 020241.669 INFO             PET0 Finalizing ESMF
20230412 020241.669 INFO             PET0 **************** Region Timings *******************
20230412 020241.669 INFO             PET0 Region              Count  Total (s)   Self (s)    Mean (s)    Min (s)     Max (s)
20230412 020241.669 INFO             PET0   [ESMF]            1      0.0021      0.0020      0.0021      0.0021      0.0021
20230412 020241.669 INFO             PET0     [test] Init 1   1      0.0000      0.0000      0.0000      0.0000      0.0000
20230412 020241.669 INFO             PET0     [test] Run 1    5      0.0000      0.0000      0.0000      0.0000      0.0000
20230412 020241.669 INFO             PET0     [test] Final 1  1      0.0000      0.0000      0.0000      0.0000      0.0000
20230412 020241.640 INFO             PET1 !!!!!!!!!!!!!!!!!!!!!!!!!!!!!!!!!!!!!!!!!!!!!!!!!!!!!!
20230412 020241.640 INFO             PET1 !!! THE ESMF_LOG IS SET TO OUTPUT ALL LOG MESSAGES !!!
20230412 020241.640 INFO             PET1 !!!     THIS MAY CAUSE SLOWDOWN IN PERFORMANCE     !!!
20230412 020241.640 INFO             PET1 !!! FOR PRODUCTION RUNS, USE:                      !!!
20230412 020241.640 INFO             PET1 !!!                   ESMF_LOGKIND_Multi_On_Error  !!!
20230412 020241.640 INFO             PET1 !!!!!!!!!!!!!!!!!!!!!!!!!!!!!!!!!!!!!!!!!!!!!!!!!!!!!!
20230412 020241.640 INFO             PET1 Running with ESMF Version   : v8.5.0b19-66-g6be63b4998
20230412 020241.640 INFO             PET1 ESMF library build date/time: "Apr 12 2023" "01:19:38"
20230412 020241.640 INFO             PET1 ESMF library build location : /discover/nobackup/projects/sbu/mpotts/esmf-test/intel_19.1.3_intelmpi_g_feature_hconfig/esmf
20230412 020241.640 INFO             PET1 ESMF_COMM                   : intelmpi
20230412 020241.641 INFO             PET1 ESMF_MOAB                   : enabled
20230412 020241.641 INFO             PET1 ESMF_LAPACK                 : enabled
20230412 020241.641 INFO             PET1 ESMF_NETCDF                 : enabled
20230412 020241.641 INFO             PET1 ESMF_PNETCDF                : disabled
20230412 020241.641 INFO             PET1 ESMF_PIO                    : enabled
20230412 020241.641 INFO             PET1 ESMF_YAMLCPP                : enabled
20230412 020241.658 INFO             PET1 ESMF Tracing Enabled
20230412 020241.659 INFO             PET1 ESMF Profiling Enabled
20230412 020241.659 INFO             PET1 ESMF Trace/Profile clock: REALTIME
20230412 020241.669 INFO             PET1  NUMBER_OF_PROCESSORS           4
20230412 020241.669 INFO             PET1  PASS  Example ESMF_TraceEx, ESMF_TraceEx.F90, line 178
20230412 020241.669 INFO             PET1 Finalizing ESMF
20230412 020241.670 INFO             PET1 **************** Region Timings *******************
20230412 020241.670 INFO             PET1 Region              Count  Total (s)   Self (s)    Mean (s)    Min (s)     Max (s)
20230412 020241.670 INFO             PET1   [ESMF]            1      0.0081      0.0077      0.0081      0.0081      0.0081
20230412 020241.670 INFO             PET1     [test] Init 1   1      0.0003      0.0003      0.0003      0.0003      0.0003
20230412 020241.670 INFO             PET1     [test] Run 1    5      0.0001      0.0001      0.0000      0.0000      0.0000
20230412 020241.670 INFO             PET1     [test] Final 1  1      0.0000      0.0000      0.0000      0.0000      0.0000
20230412 020241.640 INFO             PET2 !!!!!!!!!!!!!!!!!!!!!!!!!!!!!!!!!!!!!!!!!!!!!!!!!!!!!!
20230412 020241.640 INFO             PET2 !!! THE ESMF_LOG IS SET TO OUTPUT ALL LOG MESSAGES !!!
20230412 020241.640 INFO             PET2 !!!     THIS MAY CAUSE SLOWDOWN IN PERFORMANCE     !!!
20230412 020241.640 INFO             PET2 !!! FOR PRODUCTION RUNS, USE:                      !!!
20230412 020241.640 INFO             PET2 !!!                   ESMF_LOGKIND_Multi_On_Error  !!!
20230412 020241.640 INFO             PET2 !!!!!!!!!!!!!!!!!!!!!!!!!!!!!!!!!!!!!!!!!!!!!!!!!!!!!!
20230412 020241.640 INFO             PET2 Running with ESMF Version   : v8.5.0b19-66-g6be63b4998
20230412 020241.640 INFO             PET2 ESMF library build date/time: "Apr 12 2023" "01:19:38"
20230412 020241.640 INFO             PET2 ESMF library build location : /discover/nobackup/projects/sbu/mpotts/esmf-test/intel_19.1.3_intelmpi_g_feature_hconfig/esmf
20230412 020241.640 INFO             PET2 ESMF_COMM                   : intelmpi
20230412 020241.641 INFO             PET2 ESMF_MOAB                   : enabled
20230412 020241.641 INFO             PET2 ESMF_LAPACK                 : enabled
20230412 020241.641 INFO             PET2 ESMF_NETCDF                 : enabled
20230412 020241.641 INFO             PET2 ESMF_PNETCDF                : disabled
20230412 020241.641 INFO             PET2 ESMF_PIO                    : enabled
20230412 020241.641 INFO             PET2 ESMF_YAMLCPP                : enabled
20230412 020241.659 INFO             PET2 ESMF Tracing Enabled
20230412 020241.659 INFO             PET2 ESMF Profiling Enabled
20230412 020241.659 INFO             PET2 ESMF Trace/Profile clock: REALTIME
20230412 020241.669 INFO             PET2  NUMBER_OF_PROCESSORS           4
20230412 020241.669 INFO             PET2  PASS  Example ESMF_TraceEx, ESMF_TraceEx.F90, line 178
20230412 020241.669 INFO             PET2 Finalizing ESMF
20230412 020241.669 INFO             PET2 **************** Region Timings *******************
20230412 020241.669 INFO             PET2 Region              Count  Total (s)   Self (s)    Mean (s)    Min (s)     Max (s)
20230412 020241.669 INFO             PET2   [ESMF]            1      0.0067      0.0065      0.0067      0.0067      0.0067
20230412 020241.669 INFO             PET2     [test] Init 1   1      0.0001      0.0001      0.0001      0.0001      0.0001
20230412 020241.670 INFO             PET2     [test] Final 1  1      0.0001      0.0001      0.0001      0.0001      0.0001
20230412 020241.670 INFO             PET2     [test] Run 1    5      0.0000      0.0000      0.0000      0.0000      0.0000
20230412 020241.639 INFO             PET3 !!!!!!!!!!!!!!!!!!!!!!!!!!!!!!!!!!!!!!!!!!!!!!!!!!!!!!
20230412 020241.639 INFO             PET3 !!! THE ESMF_LOG IS SET TO OUTPUT ALL LOG MESSAGES !!!
20230412 020241.639 INFO             PET3 !!!     THIS MAY CAUSE SLOWDOWN IN PERFORMANCE     !!!
20230412 020241.639 INFO             PET3 !!! FOR PRODUCTION RUNS, USE:                      !!!
20230412 020241.639 INFO             PET3 !!!                   ESMF_LOGKIND_Multi_On_Error  !!!
20230412 020241.639 INFO             PET3 !!!!!!!!!!!!!!!!!!!!!!!!!!!!!!!!!!!!!!!!!!!!!!!!!!!!!!
20230412 020241.639 INFO             PET3 Running with ESMF Version   : v8.5.0b19-66-g6be63b4998
20230412 020241.639 INFO             PET3 ESMF library build date/time: "Apr 12 2023" "01:19:38"
20230412 020241.639 INFO             PET3 ESMF library build location : /discover/nobackup/projects/sbu/mpotts/esmf-test/intel_19.1.3_intelmpi_g_feature_hconfig/esmf
20230412 020241.639 INFO             PET3 ESMF_COMM                   : intelmpi
20230412 020241.640 INFO             PET3 ESMF_MOAB                   : enabled
20230412 020241.640 INFO             PET3 ESMF_LAPACK                 : enabled
20230412 020241.640 INFO             PET3 ESMF_NETCDF                 : enabled
20230412 020241.640 INFO             PET3 ESMF_PNETCDF                : disabled
20230412 020241.640 INFO             PET3 ESMF_PIO                    : enabled
20230412 020241.640 INFO             PET3 ESMF_YAMLCPP                : enabled
20230412 020241.658 INFO             PET3 ESMF Tracing Enabled
20230412 020241.659 INFO             PET3 ESMF Profiling Enabled
20230412 020241.659 INFO             PET3 ESMF Trace/Profile clock: REALTIME
20230412 020241.669 INFO             PET3  NUMBER_OF_PROCESSORS           4
20230412 020241.669 INFO             PET3  PASS  Example ESMF_TraceEx, ESMF_TraceEx.F90, line 178
20230412 020241.669 INFO             PET3 Finalizing ESMF
20230412 020241.669 INFO             PET3 **************** Region Timings *******************
20230412 020241.669 INFO             PET3 Region              Count  Total (s)   Self (s)    Mean (s)    Min (s)     Max (s)
20230412 020241.669 INFO             PET3   [ESMF]            1      0.0070      0.0069      0.0070      0.0070      0.0070
20230412 020241.669 INFO             PET3     [test] Init 1   1      0.0001      0.0001      0.0001      0.0001      0.0001
20230412 020241.670 INFO             PET3     [test] Run 1    5      0.0000      0.0000      0.0000      0.0000      0.0000
20230412 020241.670 INFO             PET3     [test] Final 1  1      0.0000      0.0000      0.0000      0.0000      0.0000
