2023-04-15 03:22:21
 NUOPC_DriverPrint for PET:           0
   Model, Mediator, and Driver components, in the order
   that they were added to the Driver:
           1 :  advectDiff_Parent
           2 :  advectDiff_Gen1Nestling0
           3 :  advectDiff_Gen1Nestling1
           4 :  advectDiff_Gen2Nestling0
   Connector components, in the order
   that they were added to the Driver:
           1 :  advectDiff_Parent-TO-advectDiff_Gen1Nestling0
           2 :  advectDiff_Parent-TO-advectDiff_Gen1Nestling1
           3 :  advectDiff_Gen1Nestling0-TO-advectDiff_Gen2Nestling0
NUOPC_RunSequenceArrayPrint: element     1 out of      2
runSeq::
 runElementPrint:      1     2     1 F T
 runElementPrint:      1     3     1 F T
 runElementPrint:      1    -1     1 F T
 runElementPrint:     -2     0     0 F T
 runElementPrint:      3    -1     1 F T
 runElementPrint:     -1    -1     0 F F
::
NUOPC_RunSequenceArrayPrint: element     2 out of      2
runSeq::
 runElementPrint:      2     4     1 F T
 runElementPrint:      2    -1     1 F T
 runElementPrint:      4    -1     1 F T
 runElementPrint:     -2    -1     0 F F
::
 NUOPC_DriverPrint for PET:           1
   Model, Mediator, and Driver components, in the order
   that they were added to the Driver:
           1 :  advectDiff_Parent
           2 :  advectDiff_Gen1Nestling0
           3 :  advectDiff_Gen1Nestling1
           4 :  advectDiff_Gen2Nestling0
   Connector components, in the order
   that they were added to the Driver:
           1 :  advectDiff_Parent-TO-advectDiff_Gen1Nestling0
           2 :  advectDiff_Parent-TO-advectDiff_Gen1Nestling1
           3 :  advectDiff_Gen1Nestling0-TO-advectDiff_Gen2Nestling0
NUOPC_RunSequenceArrayPrint: element     1 out of      2
runSeq::
 runElementPrint:      1     2     1 F T
 runElementPrint:      1     3     1 F T
 runElementPrint:      1    -1     1 F T
 runElementPrint:     -2     0     0 F T
 runElementPrint:      3    -1     1 F T
 runElementPrint:     -1    -1     0 F F
::
NUOPC_RunSequenceArrayPrint: element     2 out of      2
runSeq::
 runElementPrint:      2     4     1 F T
 runElementPrint:      2    -1     1 F T
 runElementPrint:      4    -1     1 F T
 runElementPrint:     -2    -1     0 F F
::
 NUOPC_DriverPrint for PET:           2
   Model, Mediator, and Driver components, in the order
   that they were added to the Driver:
           1 :  advectDiff_Parent
           2 :  advectDiff_Gen1Nestling0
           3 :  advectDiff_Gen1Nestling1
           4 :  advectDiff_Gen2Nestling0
   Connector components, in the order
   that they were added to the Driver:
           1 :  advectDiff_Parent-TO-advectDiff_Gen1Nestling0
           2 :  advectDiff_Parent-TO-advectDiff_Gen1Nestling1
           3 :  advectDiff_Gen1Nestling0-TO-advectDiff_Gen2Nestling0
NUOPC_RunSequenceArrayPrint: element     1 out of      2
runSeq::
 runElementPrint:      1     2     1 F T
 runElementPrint:      1     3     1 F T
 runElementPrint:      1    -1     1 F T
 runElementPrint:     -2     0     0 F T
 runElementPrint:      3    -1     1 F T
 runElementPrint:     -1    -1     0 F F
::
NUOPC_RunSequenceArrayPrint: element     2 out of      2
runSeq::
 runElementPrint:      2     4     1 F T
 runElementPrint:      2    -1     1 F T
 runElementPrint:      4    -1     1 F T
 runElementPrint:     -2    -1     0 F F
::
 NUOPC_DriverPrint for PET:           3
   Model, Mediator, and Driver components, in the order
   that they were added to the Driver:
           1 :  advectDiff_Parent
           2 :  advectDiff_Gen1Nestling0
           3 :  advectDiff_Gen1Nestling1
           4 :  advectDiff_Gen2Nestling0
   Connector components, in the order
   that they were added to the Driver:
           1 :  advectDiff_Parent-TO-advectDiff_Gen1Nestling0
           2 :  advectDiff_Parent-TO-advectDiff_Gen1Nestling1
           3 :  advectDiff_Gen1Nestling0-TO-advectDiff_Gen2Nestling0
NUOPC_RunSequenceArrayPrint: element     1 out of      2
runSeq::
 runElementPrint:      1     2     1 F T
 runElementPrint:      1     3     1 F T
 runElementPrint:      1    -1     1 F T
 runElementPrint:     -2     0     0 F T
 runElementPrint:      3    -1     1 F T
 runElementPrint:     -1    -1     0 F F
::
NUOPC_RunSequenceArrayPrint: element     2 out of      2
runSeq::
 runElementPrint:      2     4     1 F T
 runElementPrint:      2    -1     1 F T
 runElementPrint:      4    -1     1 F T
 runElementPrint:     -2    -1     0 F F
::
forrtl: severe (174): SIGSEGV, segmentation fault occurred
Image              PC                Routine            Line        Source             
libpthread-2.31.s  0000150A18D098C0  Unknown               Unknown  Unknown
mainApp            0000000000451A83  Unknown               Unknown  Unknown
mainApp            00000000004523A0  Unknown               Unknown  Unknown
mainApp            0000000000451C34  Unknown               Unknown  Unknown
libesmf.so         0000150A1C642EAF  f_esmf_compcollec         516  ESMF_Comp_C.F90
libesmf.so         0000150A1C1E77E2  finalize                 3478  ESMCI_VM.C
libesmf.so         0000150A1C1B5D57  c_esmc_vmfinalize        1179  ESMCI_VM_F.C
libesmf.so         0000150A1D1B1B3B  c_esmc_vmfinalize           0  ESMF_VM.F90
libesmf.so         0000150A1D1A9972  esmf_vmfinalize          9384  ESMF_VM.F90
libesmf.so         0000150A1CD58AC6  esmf_finalize            1235  ESMF_Init.F90
mainApp            00000000004119E2  mainapp                   112  mainApp.F90
mainApp            0000000000410F4D  Unknown               Unknown  Unknown
libc-2.31.so       0000150A14E7F2BD  __libc_start_main     Unknown  Unknown
mainApp            0000000000410E7A  Unknown               Unknown  Unknown
forrtl: severe (174): SIGSEGV, segmentation fault occurred
Image              PC                Routine            Line        Source             
libpthread-2.31.s  000014C2539A48C0  Unknown               Unknown  Unknown
mainApp            0000000000451A50  Unknown               Unknown  Unknown
mainApp            00000000004523A0  Unknown               Unknown  Unknown
mainApp            0000000000451C34  Unknown               Unknown  Unknown
libesmf.so         000014C2572DDEAF  f_esmf_compcollec         516  ESMF_Comp_C.F90
libesmf.so         000014C256E827E2  finalize                 3478  ESMCI_VM.C
libesmf.so         000014C256E50D57  c_esmc_vmfinalize        1179  ESMCI_VM_F.C
libesmf.so         000014C257E4CB3B  c_esmc_vmfinalize           0  ESMF_VM.F90
libesmf.so         000014C257E44972  esmf_vmfinalize          9384  ESMF_VM.F90
libesmf.so         000014C2579F3AC6  esmf_finalize            1235  ESMF_Init.F90
mainApp            00000000004119E2  mainapp                   112  mainApp.F90
mainApp            0000000000410F4D  Unknown               Unknown  Unknown
libc-2.31.so       000014C24FB1A2BD  __libc_start_main     Unknown  Unknown
mainApp            0000000000410E7A  Unknown               Unknown  Unknown
forrtl: severe (174): SIGSEGV, segmentation fault occurred
Image              PC                Routine            Line        Source             
libpthread-2.31.s  0000146E079318C0  Unknown               Unknown  Unknown
mainApp            0000000000451AA3  Unknown               Unknown  Unknown
mainApp            00000000004523A0  Unknown               Unknown  Unknown
mainApp            0000000000451C34  Unknown               Unknown  Unknown
libesmf.so         0000146E0B26AEAF  f_esmf_compcollec         516  ESMF_Comp_C.F90
libesmf.so         0000146E0AE0F7E2  finalize                 3478  ESMCI_VM.C
libesmf.so         0000146E0ADDDD57  c_esmc_vmfinalize        1179  ESMCI_VM_F.C
libesmf.so         0000146E0BDD9B3B  c_esmc_vmfinalize           0  ESMF_VM.F90
libesmf.so         0000146E0BDD1972  esmf_vmfinalize          9384  ESMF_VM.F90
libesmf.so         0000146E0B980AC6  esmf_finalize            1235  ESMF_Init.F90
mainApp            00000000004119E2  mainapp                   112  mainApp.F90
mainApp            0000000000410F4D  Unknown               Unknown  Unknown
libc-2.31.so       0000146E03AA72BD  __libc_start_main     Unknown  Unknown
mainApp            0000000000410E7A  Unknown               Unknown  Unknown
gu0007.hsn.gu.hpc.ucar.edu: rank 0 exited with code 174
gu0007.hsn.gu.hpc.ucar.edu: rank 3 died from signal 7 and dumped core
