2023-04-16 03:22:40
forrtl: severe (174): SIGSEGV, segmentation fault occurred
Image              PC                Routine            Line        Source             
libpthread-2.31.s  000014C83860D8C0  Unknown               Unknown  Unknown
mainApp            0000000000445612  Unknown               Unknown  Unknown
mainApp            0000000000445F60  Unknown               Unknown  Unknown
mainApp            00000000004457F4  Unknown               Unknown  Unknown
libesmf.so         000014C83BF46EAF  f_esmf_compcollec         516  ESMF_Comp_C.F90
libesmf.so         000014C83BAEB7E2  finalize                 3478  ESMCI_VM.C
libesmf.so         000014C83BAB9D57  c_esmc_vmfinalize        1179  ESMCI_VM_F.C
libesmf.so         000014C83CAB5B3B  c_esmc_vmfinalize           0  ESMF_VM.F90
libesmf.so         000014C83CAAD972  esmf_vmfinalize          9384  ESMF_VM.F90
libesmf.so         000014C83C65CAC6  esmf_finalize            1235  ESMF_Init.F90
mainApp            0000000000411427  mainapp                   118  mainApp.F90
mainApp            000000000041098D  Unknown               Unknown  Unknown
libc-2.31.so       000014C8347832BD  __libc_start_main     Unknown  Unknown
mainApp            00000000004108BA  Unknown               Unknown  Unknown
forrtl: severe (174): SIGSEGV, segmentation fault occurred
Image              PC                Routine            Line        Source             
libpthread-2.31.s  0000148BEB4EC8C0  Unknown               Unknown  Unknown
mainApp            0000000000445610  Unknown               Unknown  Unknown
mainApp            0000000000445F60  Unknown               Unknown  Unknown
mainApp            00000000004457F4  Unknown               Unknown  Unknown
libesmf.so         0000148BEEE25EAF  f_esmf_compcollec         516  ESMF_Comp_C.F90
libesmf.so         0000148BEE9CA7E2  finalize                 3478  ESMCI_VM.C
libesmf.so         0000148BEE998D57  c_esmc_vmfinalize        1179  ESMCI_VM_F.C
libesmf.so         0000148BEF994B3B  c_esmc_vmfinalize           0  ESMF_VM.F90
libesmf.so         0000148BEF98C972  esmf_vmfinalize          9384  ESMF_VM.F90
libesmf.so         0000148BEF53BAC6  esmf_finalize            1235  ESMF_Init.F90
mainApp            0000000000411427  mainapp                   118  mainApp.F90
mainApp            000000000041098D  Unknown               Unknown  Unknown
libc-2.31.so       0000148BE76622BD  __libc_start_main     Unknown  Unknown
mainApp            00000000004108BA  Unknown               Unknown  Unknown
gu0007.hsn.gu.hpc.ucar.edu: rank 0 exited with code 174
forrtl: error (78): process killed (SIGTERM)
Image              PC                Routine            Line        Source             
libpthread-2.31.s  0000153B9AC7F8C0  Unknown               Unknown  Unknown
libc-2.31.so       0000153B96EBC547  __sched_yield         Unknown  Unknown
libmpi_intel.so.1  0000153B98B33ADE  Unknown               Unknown  Unknown
libmpi_intel.so.1  0000153B998CFA16  Unknown               Unknown  Unknown
libmpi_intel.so.1  0000153B998E2169  Unknown               Unknown  Unknown
libmpi_intel.so.1  0000153B997F1C82  Unknown               Unknown  Unknown
libmpi_intel.so.1  0000153B97EC3011  Unknown               Unknown  Unknown
libmpi_intel.so.1  0000153B97EC3138  Unknown               Unknown  Unknown
libmpi_intel.so.1  0000153B99AD04CB  Unknown               Unknown  Unknown
libmpi_intel.so.1  0000153B97EC3200  Unknown               Unknown  Unknown
libmpi_intel.so.1  0000153B99FDEE96  Unknown               Unknown  Unknown
libmpi_intel.so.1  0000153B9A07C766  Unknown               Unknown  Unknown
libmpi_intel.so.1  0000153B99C59E80  Unknown               Unknown  Unknown
libmpi_intel.so.1  0000153B983655BC  MPI_Finalize          Unknown  Unknown
libesmf.so         0000153B9E133803  finalize                  695  ESMCI_VMKernel.C
libesmf.so         0000153B9E15D95E  finalize                 3555  ESMCI_VM.C
libesmf.so         0000153B9E12BD57  c_esmc_vmfinalize        1179  ESMCI_VM_F.C
libesmf.so         0000153B9F127B3B  c_esmc_vmfinalize           0  ESMF_VM.F90
libesmf.so         0000153B9F11F972  esmf_vmfinalize          9384  ESMF_VM.F90
libesmf.so         0000153B9ECCEAC6  esmf_finalize            1235  ESMF_Init.F90
mainApp            0000000000411427  mainapp                   118  mainApp.F90
mainApp            000000000041098D  Unknown               Unknown  Unknown
libc-2.31.so       0000153B96DF52BD  __libc_start_main     Unknown  Unknown
mainApp            00000000004108BA  Unknown               Unknown  Unknown
forrtl: error (78): process killed (SIGTERM)
Image              PC                Routine            Line        Source             
libpthread-2.31.s  0000152EBE5E98C0  Unknown               Unknown  Unknown
libc-2.31.so       0000152EBA826547  __sched_yield         Unknown  Unknown
libmpi_intel.so.1  0000152EBC49DADE  Unknown               Unknown  Unknown
libmpi_intel.so.1  0000152EBD239A16  Unknown               Unknown  Unknown
libmpi_intel.so.1  0000152EBD24C169  Unknown               Unknown  Unknown
libmpi_intel.so.1  0000152EBD15BC82  Unknown               Unknown  Unknown
libmpi_intel.so.1  0000152EBB82D011  Unknown               Unknown  Unknown
libmpi_intel.so.1  0000152EBB82D138  Unknown               Unknown  Unknown
libmpi_intel.so.1  0000152EBD43A4CB  Unknown               Unknown  Unknown
libmpi_intel.so.1  0000152EBB82D200  Unknown               Unknown  Unknown
libmpi_intel.so.1  0000152EBD948E96  Unknown               Unknown  Unknown
libmpi_intel.so.1  0000152EBD9E6766  Unknown               Unknown  Unknown
libmpi_intel.so.1  0000152EBD5C3E80  Unknown               Unknown  Unknown
libmpi_intel.so.1  0000152EBBCCF5BC  MPI_Finalize          Unknown  Unknown
libesmf.so         0000152EC1A9D803  finalize                  695  ESMCI_VMKernel.C
libesmf.so         0000152EC1AC795E  finalize                 3555  ESMCI_VM.C
libesmf.so         0000152EC1A95D57  c_esmc_vmfinalize        1179  ESMCI_VM_F.C
libesmf.so         0000152EC2A91B3B  c_esmc_vmfinalize           0  ESMF_VM.F90
libesmf.so         0000152EC2A89972  esmf_vmfinalize          9384  ESMF_VM.F90
libesmf.so         0000152EC2638AC6  esmf_finalize            1235  ESMF_Init.F90
mainApp            0000000000411427  mainapp                   118  mainApp.F90
mainApp            000000000041098D  Unknown               Unknown  Unknown
libc-2.31.so       0000152EBA75F2BD  __libc_start_main     Unknown  Unknown
mainApp            00000000004108BA  Unknown               Unknown  Unknown
gu0007.hsn.gu.hpc.ucar.edu: rank 1 exited with code 1
