2023-04-05 07:40:22
20230405 083250.998 INFO             PET0 !!!!!!!!!!!!!!!!!!!!!!!!!!!!!!!!!!!!!!!!!!!!!!!!!!!!!!
20230405 083250.999 INFO             PET0 !!! THE ESMF_LOG IS SET TO OUTPUT ALL LOG MESSAGES !!!
20230405 083250.999 INFO             PET0 !!!     THIS MAY CAUSE SLOWDOWN IN PERFORMANCE     !!!
20230405 083250.999 INFO             PET0 !!! FOR PRODUCTION RUNS, USE:                      !!!
20230405 083250.999 INFO             PET0 !!!                   ESMF_LOGKIND_Multi_On_Error  !!!
20230405 083250.999 INFO             PET0 !!!!!!!!!!!!!!!!!!!!!!!!!!!!!!!!!!!!!!!!!!!!!!!!!!!!!!
20230405 083250.999 INFO             PET0 Running with ESMF Version   : v8.5.0b19
20230405 083250.999 INFO             PET0 ESMF library build date/time: "Apr  5 2023" "07:37:12"
20230405 083250.999 INFO             PET0 ESMF library build location : /scratch2/NCEPDEV/stmp1/Gerhard.Theurich/ESMF-Nightly-Testing/pgi_19.1_mpiuni_O_develop/esmf
20230405 083250.999 INFO             PET0 ESMF_COMM                   : mpiuni
20230405 083250.999 INFO             PET0 ESMF_MOAB                   : enabled
20230405 083251.000 INFO             PET0 ESMF_LAPACK                 : enabled
20230405 083251.000 INFO             PET0 ESMF_NETCDF                 : disabled
20230405 083251.000 INFO             PET0 ESMF_PNETCDF                : disabled
20230405 083251.000 INFO             PET0 ESMF_PIO                    : disabled
20230405 083251.000 INFO             PET0 ESMF_YAMLCPP                : enabled
20230405 083251.000 ERROR            PET0 ESMCI_State.C:982 ESMCI::State::read() Library needed by ESMF not present  - Internal subroutine call returned Error
20230405 083251.000 ERROR            PET0 ESMF_StateAPI.cppF90:3203 ESMF_StateRead Library needed by ESMF not present  - Internal subroutine call returned Error
20230405 083251.000 INFO             PET0  NUMBER_OF_PROCESSORS            1
20230405 083251.001 INFO             PET0  PASS  Example ESMF_StateReadWriteEx, ESMF_StateReadWriteEx.F90, line 185
20230405 083251.001 INFO             PET0 Finalizing ESMF
