2023-04-16 04:21:00
20230416 055055.773 INFO             PET0 !!!!!!!!!!!!!!!!!!!!!!!!!!!!!!!!!!!!!!!!!!!!!!!!!!!!!!
20230416 055055.773 INFO             PET0 !!! THE ESMF_LOG IS SET TO OUTPUT ALL LOG MESSAGES !!!
20230416 055055.773 INFO             PET0 !!!     THIS MAY CAUSE SLOWDOWN IN PERFORMANCE     !!!
20230416 055055.773 INFO             PET0 !!! FOR PRODUCTION RUNS, USE:                      !!!
20230416 055055.773 INFO             PET0 !!!                   ESMF_LOGKIND_Multi_On_Error  !!!
20230416 055055.773 INFO             PET0 !!!!!!!!!!!!!!!!!!!!!!!!!!!!!!!!!!!!!!!!!!!!!!!!!!!!!!
20230416 055055.773 INFO             PET0 Running with ESMF Version   : v8.5.0b19-5-gc2c4406dae
20230416 055055.773 INFO             PET0 ESMF library build date/time: "Apr 16 2023" "04:17:31"
20230416 055055.774 INFO             PET0 ESMF library build location : /lfs4/HFIP/hfv3gfs/Mark.Potts/esmf-tests/nvhpc_22.2_intelmpi_g_develop/esmf
20230416 055055.774 INFO             PET0 ESMF_COMM                   : intelmpi
20230416 055055.774 INFO             PET0 ESMF_MOAB                   : enabled
20230416 055055.774 INFO             PET0 ESMF_LAPACK                 : enabled
20230416 055055.774 INFO             PET0 ESMF_NETCDF                 : disabled
20230416 055055.774 INFO             PET0 ESMF_PNETCDF                : disabled
20230416 055055.774 INFO             PET0 ESMF_PIO                    : disabled
20230416 055055.774 INFO             PET0 ESMF_YAMLCPP                : enabled
20230416 055055.777 INFO             PET0 esmApp STARTING
20230416 055055.785 INFO             PET0 esm: InitializeGeneric intro.
20230416 055055.785 INFO             PET0   esm: InitializeP0 intro.
20230416 055055.785 INFO             PET0   esm: InitializeP0 extro.
20230416 055055.785 INFO             PET0   esm: InitializeIPDv02p1 intro.
20230416 055055.786 INFO             PET0     >>>esm: entered Initialize (phase=<none>) without valid internal Clock.
20230416 055055.787 INFO             PET0     esm - Creating model component ATM with petList of size 2 :
20230416 055055.787 INFO             PET0           0      1
20230416 055055.794 INFO             PET0     esm - Creating model component OCN with petList of size 1 :
20230416 055055.794 INFO             PET0           2
20230416 055055.799 INFO             PET0     esm - Creating model component RTM with petList of size 1 :
20230416 055055.799 INFO             PET0           3
20230416 055055.799 INFO             PET0     esm - Creating state: modelComp 1 Import State
20230416 055055.799 INFO             PET0     esm - Creating state: modelComp 1 Export State
20230416 055055.800 INFO             PET0     esm - Creating state: modelComp 2 Import State
20230416 055055.800 INFO             PET0     esm - Creating state: modelComp 2 Export State
20230416 055055.800 INFO             PET0     esm - Creating state: modelComp 3 Import State
20230416 055055.800 INFO             PET0     esm - Creating state: modelComp 3 Export State
20230416 055055.803 INFO             PET0     ATM: InitializeP0 intro.
20230416 055055.805 INFO             PET0     ATM: InitializeP0 extro.
20230416 055055.814 INFO             PET0     esm - Creating connector component ATM-TO-RTM with petList of size 3 :
20230416 055055.814 INFO             PET0           0      1      3
20230416 055055.829 INFO             PET0     esm - Setting Verbosity on created component to: high
20230416 055055.829 INFO             PET0     esm - Setting Profiling on created component to:          0
20230416 055055.829 INFO             PET0     esm - Creating connector component RTM-TO-OCN with petList of size 2 :
20230416 055055.829 INFO             PET0           3      2
20230416 055055.841 INFO             PET0     esm - Setting Verbosity on created component to: high
20230416 055055.841 INFO             PET0     esm - Setting Profiling on created component to:          0
20230416 055055.841 INFO             PET0     esm - Creating connector component ATM-TO-OCN with petList of size 3 :
20230416 055055.841 INFO             PET0           0      1      2
20230416 055055.856 INFO             PET0     esm - Setting Verbosity on created component to: high
20230416 055055.856 INFO             PET0     esm - Setting Profiling on created component to:          0
20230416 055055.856 INFO             PET0     esm - Creating connector component OCN-TO-ATM with petList of size 3 :
20230416 055055.856 INFO             PET0           2      0      1
20230416 055055.871 INFO             PET0     esm - Setting Verbosity on created component to: high
20230416 055055.871 INFO             PET0     esm - Setting Profiling on created component to:          0
20230416 055055.878 INFO             PET0     esm: IInitAdvertise intro.
20230416 055055.878 INFO             PET0     esm: IInitAdvertise extro.
20230416 055055.878 INFO             PET0     ATM: InitializeIPDvXp01 intro.
20230416 055055.883 INFO             PET0     ATM: InitializeIPDvXp01 extro.
20230416 055055.890 INFO             PET0     ATM-TO-OCN: InitializeIPDv05p1 intro.
20230416 055055.902 INFO             PET0       ATM-TO-OCN: importState FieldTransferPolicy = transferNone
20230416 055055.902 INFO             PET0       ATM-TO-OCN: exportState FieldTransferPolicy = transferNone
20230416 055055.902 INFO             PET0     ATM-TO-OCN: InitializeIPDv05p1 extro.
20230416 055055.902 INFO             PET0     ATM-TO-RTM: InitializeIPDv05p1 intro.
20230416 055055.912 INFO             PET0       ATM-TO-RTM: importState FieldTransferPolicy = transferNone
20230416 055055.912 INFO             PET0       ATM-TO-RTM: exportState FieldTransferPolicy = transferNone
20230416 055055.912 INFO             PET0     ATM-TO-RTM: InitializeIPDv05p1 extro.
20230416 055055.912 INFO             PET0     OCN-TO-ATM: InitializeIPDv05p1 intro.
20230416 055055.918 INFO             PET0       OCN-TO-ATM: importState FieldTransferPolicy = transferNone
20230416 055055.918 INFO             PET0       OCN-TO-ATM: exportState FieldTransferPolicy = transferNone
20230416 055055.918 INFO             PET0     OCN-TO-ATM: InitializeIPDv05p1 extro.
20230416 055055.919 INFO             PET0     esm: IInitAdvertiseFinish intro.
20230416 055055.919 INFO             PET0     esm: IInitAdvertiseFinish extro.
20230416 055055.919 INFO             PET0     ATM-TO-OCN: InitializeIPDv05p2a intro.
20230416 055055.939 INFO             PET0       ATM-TO-OCN:      importStandardNameList(i=  2): air_pressure_at_sea_level
20230416 055055.939 INFO             PET0       ATM-TO-OCN:         importNamespaceList(i=  2): ATM
20230416 055055.939 INFO             PET0       ATM-TO-OCN:            importCplSetList(i=  2): __UNSPECIFIED__
20230416 055055.939 INFO             PET0       ATM-TO-OCN:      exportStandardNameList(j=  2): air_pressure_at_sea_level
20230416 055055.939 INFO             PET0       ATM-TO-OCN:         exportNamespaceList(j=  2): OCN
20230416 055055.939 INFO             PET0       ATM-TO-OCN:            exportCplSetList(j=  2): __UNSPECIFIED__
20230416 055055.939 INFO             PET0       ATM-TO-OCN: bondLevel= 1
20230416 055055.939 INFO             PET0       ATM-TO-OCN: ProducerConnection (bondLevelMax):         1
20230416 055055.940 INFO             PET0       ATM-TO-OCN:      importStandardNameList(i=  3): surface_net_downward_shortwave_flux
20230416 055055.940 INFO             PET0       ATM-TO-OCN:         importNamespaceList(i=  3): ATM
20230416 055055.940 INFO             PET0       ATM-TO-OCN:            importCplSetList(i=  3): __UNSPECIFIED__
20230416 055055.940 INFO             PET0       ATM-TO-OCN:      exportStandardNameList(j=  3): surface_net_downward_shortwave_flux
20230416 055055.940 INFO             PET0       ATM-TO-OCN:         exportNamespaceList(j=  3): OCN
20230416 055055.940 INFO             PET0       ATM-TO-OCN:            exportCplSetList(j=  3): __UNSPECIFIED__
20230416 055055.940 INFO             PET0       ATM-TO-OCN: bondLevel= 1
20230416 055055.940 INFO             PET0       ATM-TO-OCN: ProducerConnection (bondLevelMax):         1
20230416 055055.940 INFO             PET0     ATM-TO-OCN: InitializeIPDv05p2a extro.
20230416 055055.940 INFO             PET0     ATM-TO-RTM: InitializeIPDv05p2a intro.
20230416 055055.949 INFO             PET0       ATM-TO-RTM:      importStandardNameList(i=  1): field_to_rtm
20230416 055055.949 INFO             PET0       ATM-TO-RTM:         importNamespaceList(i=  1): ATM
20230416 055055.949 INFO             PET0       ATM-TO-RTM:            importCplSetList(i=  1): __UNSPECIFIED__
20230416 055055.949 INFO             PET0       ATM-TO-RTM:      exportStandardNameList(j=  1): field_to_rtm
20230416 055055.949 INFO             PET0       ATM-TO-RTM:         exportNamespaceList(j=  1): RTM
20230416 055055.949 INFO             PET0       ATM-TO-RTM:            exportCplSetList(j=  1): __UNSPECIFIED__
20230416 055055.949 INFO             PET0       ATM-TO-RTM: bondLevel= 1
20230416 055055.950 INFO             PET0       ATM-TO-RTM: ProducerConnection (bondLevelMax):         1
20230416 055055.950 INFO             PET0     ATM-TO-RTM: InitializeIPDv05p2a extro.
20230416 055055.950 INFO             PET0     OCN-TO-ATM: InitializeIPDv05p2a intro.
20230416 055055.957 INFO             PET0       OCN-TO-ATM:      importStandardNameList(i=  1): sea_surface_temperature
20230416 055055.957 INFO             PET0       OCN-TO-ATM:         importNamespaceList(i=  1): OCN
20230416 055055.957 INFO             PET0       OCN-TO-ATM:            importCplSetList(i=  1): __UNSPECIFIED__
20230416 055055.957 INFO             PET0       OCN-TO-ATM:      exportStandardNameList(j=  1): sea_surface_temperature
20230416 055055.957 INFO             PET0       OCN-TO-ATM:         exportNamespaceList(j=  1): ATM
20230416 055055.957 INFO             PET0       OCN-TO-ATM:            exportCplSetList(j=  1): __UNSPECIFIED__
20230416 055055.957 INFO             PET0       OCN-TO-ATM: bondLevel= 1
20230416 055055.957 INFO             PET0       OCN-TO-ATM: ProducerConnection (bondLevelMax):         1
20230416 055055.957 INFO             PET0     OCN-TO-ATM: InitializeIPDv05p2a extro.
20230416 055055.957 INFO             PET0     ATM-TO-OCN: InitializeIPDv05p2b intro.
20230416 055055.977 INFO             PET0       ATM-TO-OCN:      importStandardNameList(i=  2): air_pressure_at_sea_level
20230416 055055.978 INFO             PET0       ATM-TO-OCN:         importNamespaceList(i=  2): ATM
20230416 055055.978 INFO             PET0       ATM-TO-OCN:            importCplSetList(i=  2): __UNSPECIFIED__
20230416 055055.978 INFO             PET0       ATM-TO-OCN:      exportStandardNameList(j=  2): air_pressure_at_sea_level
20230416 055055.978 INFO             PET0       ATM-TO-OCN:         exportNamespaceList(j=  2): OCN
20230416 055055.978 INFO             PET0       ATM-TO-OCN:            exportCplSetList(j=  2): __UNSPECIFIED__
20230416 055055.978 INFO             PET0       ATM-TO-OCN: bondLevel= 1
20230416 055055.978 INFO             PET0       ATM-TO-OCN: => added cplList(  1)=air_pressure_at_sea_level, cplSetList(  1)=__UNSPECIFIED__
20230416 055055.978 INFO             PET0       ATM-TO-OCN:      importStandardNameList(i=  3): surface_net_downward_shortwave_flux
20230416 055055.978 INFO             PET0       ATM-TO-OCN:         importNamespaceList(i=  3): ATM
20230416 055055.978 INFO             PET0       ATM-TO-OCN:            importCplSetList(i=  3): __UNSPECIFIED__
20230416 055055.978 INFO             PET0       ATM-TO-OCN:      exportStandardNameList(j=  3): surface_net_downward_shortwave_flux
20230416 055055.978 INFO             PET0       ATM-TO-OCN:         exportNamespaceList(j=  3): OCN
20230416 055055.978 INFO             PET0       ATM-TO-OCN:            exportCplSetList(j=  3): __UNSPECIFIED__
20230416 055055.978 INFO             PET0       ATM-TO-OCN: bondLevel= 1
20230416 055055.978 INFO             PET0       ATM-TO-OCN: => added cplList(  2)=surface_net_downward_shortwave_flux, cplSetList(  2)=__UNSPECIFIED__
20230416 055055.978 INFO             PET0     ATM-TO-OCN: InitializeIPDv05p2b extro.
20230416 055055.978 INFO             PET0     ATM-TO-RTM: InitializeIPDv05p2b intro.
20230416 055055.988 INFO             PET0       ATM-TO-RTM:      importStandardNameList(i=  1): field_to_rtm
20230416 055055.988 INFO             PET0       ATM-TO-RTM:         importNamespaceList(i=  1): ATM
20230416 055055.988 INFO             PET0       ATM-TO-RTM:            importCplSetList(i=  1): __UNSPECIFIED__
20230416 055055.988 INFO             PET0       ATM-TO-RTM:      exportStandardNameList(j=  1): field_to_rtm
20230416 055055.988 INFO             PET0       ATM-TO-RTM:         exportNamespaceList(j=  1): RTM
20230416 055055.988 INFO             PET0       ATM-TO-RTM:            exportCplSetList(j=  1): __UNSPECIFIED__
20230416 055055.988 INFO             PET0       ATM-TO-RTM: bondLevel= 1
20230416 055055.988 INFO             PET0       ATM-TO-RTM: => added cplList(  1)=field_to_rtm, cplSetList(  1)=__UNSPECIFIED__
20230416 055055.988 INFO             PET0     ATM-TO-RTM: InitializeIPDv05p2b extro.
20230416 055055.989 INFO             PET0     OCN-TO-ATM: InitializeIPDv05p2b intro.
20230416 055055.995 INFO             PET0       OCN-TO-ATM:      importStandardNameList(i=  1): sea_surface_temperature
20230416 055055.995 INFO             PET0       OCN-TO-ATM:         importNamespaceList(i=  1): OCN
20230416 055055.995 INFO             PET0       OCN-TO-ATM:            importCplSetList(i=  1): __UNSPECIFIED__
20230416 055055.995 INFO             PET0       OCN-TO-ATM:      exportStandardNameList(j=  1): sea_surface_temperature
20230416 055055.995 INFO             PET0       OCN-TO-ATM:         exportNamespaceList(j=  1): ATM
20230416 055055.995 INFO             PET0       OCN-TO-ATM:            exportCplSetList(j=  1): __UNSPECIFIED__
20230416 055055.995 INFO             PET0       OCN-TO-ATM: bondLevel= 1
20230416 055055.995 INFO             PET0       OCN-TO-ATM: => added cplList(  1)=sea_surface_temperature, cplSetList(  1)=__UNSPECIFIED__
20230416 055055.995 INFO             PET0     OCN-TO-ATM: InitializeIPDv05p2b extro.
20230416 055055.996 INFO             PET0     esm: IInitModifyCplLists intro.
20230416 055055.996 INFO             PET0     esm: IInitModifyCplLists extro.
20230416 055055.997 INFO             PET0     ATM-TO-OCN: InitializeIPDv05p3 intro.
20230416 055056.017 INFO             PET0       ATM-TO-OCN: handle cplList(1): air_pressure_at_sea_level, cplSetList(1): __UNSPECIFIED__
20230416 055056.017 INFO             PET0       ATM-TO-OCN: - connected.
20230416 055056.018 INFO             PET0       ATM-TO-OCN: - both sides must provide the Field/GeomObject.
20230416 055056.018 INFO             PET0       ATM-TO-OCN: handle cplList(2): surface_net_downward_shortwave_flux, cplSetList(2): __UNSPECIFIED__
20230416 055056.018 INFO             PET0       ATM-TO-OCN: - connected.
20230416 055056.018 INFO             PET0       ATM-TO-OCN: - both sides must provide the Field/GeomObject.
20230416 055056.018 INFO             PET0     ATM-TO-OCN: InitializeIPDv05p3 extro.
20230416 055056.018 INFO             PET0     ATM-TO-RTM: InitializeIPDv05p3 intro.
20230416 055056.028 INFO             PET0       ATM-TO-RTM: handle cplList(1): field_to_rtm, cplSetList(1): __UNSPECIFIED__
20230416 055056.028 INFO             PET0       ATM-TO-RTM: - connected.
20230416 055056.028 INFO             PET0       ATM-TO-RTM: - both sides must provide the Field/GeomObject.
20230416 055056.028 INFO             PET0     ATM-TO-RTM: InitializeIPDv05p3 extro.
20230416 055056.029 INFO             PET0     OCN-TO-ATM: InitializeIPDv05p3 intro.
20230416 055056.036 INFO             PET0       OCN-TO-ATM: handle cplList(1): sea_surface_temperature, cplSetList(1): __UNSPECIFIED__
20230416 055056.036 INFO             PET0       OCN-TO-ATM: - connected.
20230416 055056.036 INFO             PET0       OCN-TO-ATM: - both sides must provide the Field/GeomObject.
20230416 055056.036 INFO             PET0     OCN-TO-ATM: InitializeIPDv05p3 extro.
20230416 055056.036 INFO             PET0     <<<esm: leaving Initialize (phase=<none>) with current time: 2010  6  1  0  0  0   0
20230416 055056.036 INFO             PET0   esm: InitializeIPDv02p1 extro.
20230416 055056.036 INFO             PET0   esm: InitializeIPDv02p3 intro.
20230416 055056.037 INFO             PET0     >>>esm: entered Initialize (phase=<none>) with current time: 2010  6  1  0  0  0   0
20230416 055056.037 INFO             PET0     esm: IInitCheck intro.
20230416 055056.037 INFO             PET0     esm: IInitCheck extro.
20230416 055056.037 INFO             PET0     ATM: InitializeIPDvXp04 intro.
20230416 055056.047 INFO             PET0     ATM: InitializeIPDvXp04 extro.
20230416 055056.060 INFO             PET0     ATM-TO-OCN: InitializeIPDv05p4 intro.
20230416 055056.080 INFO             PET0       ATM-TO-OCN: handle cplList(1): air_pressure_at_sea_level, cplSetList(1): __UNSPECIFIED__
20230416 055056.081 INFO             PET0       ATM-TO-OCN: - nothing shared or transferred
20230416 055056.081 INFO             PET0       ATM-TO-OCN: handle cplList(2): surface_net_downward_shortwave_flux, cplSetList(2): __UNSPECIFIED__
20230416 055056.081 INFO             PET0       ATM-TO-OCN: - nothing shared or transferred
20230416 055056.081 INFO             PET0     ATM-TO-OCN: InitializeIPDv05p4 extro.
20230416 055056.081 INFO             PET0     ATM-TO-RTM: InitializeIPDv05p4 intro.
20230416 055056.097 INFO             PET0       ATM-TO-RTM: handle cplList(1): field_to_rtm, cplSetList(1): __UNSPECIFIED__
20230416 055056.097 INFO             PET0       ATM-TO-RTM: - nothing shared or transferred
20230416 055056.097 INFO             PET0     ATM-TO-RTM: InitializeIPDv05p4 extro.
20230416 055056.097 INFO             PET0     OCN-TO-ATM: InitializeIPDv05p4 intro.
20230416 055056.107 INFO             PET0       OCN-TO-ATM: handle cplList(1): sea_surface_temperature, cplSetList(1): __UNSPECIFIED__
20230416 055056.107 INFO             PET0       OCN-TO-ATM: - nothing shared or transferred
20230416 055056.107 INFO             PET0     OCN-TO-ATM: InitializeIPDv05p4 extro.
20230416 055056.108 INFO             PET0     ATM-TO-OCN: InitializeIPDv05p5 intro.
20230416 055056.141 INFO             PET0       ATM-TO-OCN: handle cplList(1): air_pressure_at_sea_level, cplSetList(1): __UNSPECIFIED__
20230416 055056.141 INFO             PET0       ATM-TO-OCN: - nothing shared or transferred, or may already be handled
20230416 055056.141 INFO             PET0       ATM-TO-OCN: handle cplList(2): surface_net_downward_shortwave_flux, cplSetList(2): __UNSPECIFIED__
20230416 055056.141 INFO             PET0       ATM-TO-OCN: - nothing shared or transferred, or may already be handled
20230416 055056.141 INFO             PET0     ATM-TO-OCN: InitializeIPDv05p5 extro.
20230416 055056.142 INFO             PET0     ATM-TO-RTM: InitializeIPDv05p5 intro.
20230416 055056.157 INFO             PET0       ATM-TO-RTM: handle cplList(1): field_to_rtm, cplSetList(1): __UNSPECIFIED__
20230416 055056.157 INFO             PET0       ATM-TO-RTM: - nothing shared or transferred, or may already be handled
20230416 055056.157 INFO             PET0     ATM-TO-RTM: InitializeIPDv05p5 extro.
20230416 055056.158 INFO             PET0     OCN-TO-ATM: InitializeIPDv05p5 intro.
20230416 055056.168 INFO             PET0       OCN-TO-ATM: handle cplList(1): sea_surface_temperature, cplSetList(1): __UNSPECIFIED__
20230416 055056.168 INFO             PET0       OCN-TO-ATM: - nothing shared or transferred, or may already be handled
20230416 055056.168 INFO             PET0     OCN-TO-ATM: InitializeIPDv05p5 extro.
20230416 055056.168 INFO             PET0     esm: IInitRealize intro.
20230416 055056.168 INFO             PET0     esm: IInitRealize extro.
20230416 055056.169 INFO             PET0     ATM-TO-OCN: InitializeIPDv05p6a intro.
20230416 055056.201 INFO             PET0     ATM-TO-OCN: InitializeIPDv05p6a extro.
20230416 055056.202 INFO             PET0     ATM-TO-RTM: InitializeIPDv05p6a intro.
20230416 055056.217 INFO             PET0     ATM-TO-RTM: InitializeIPDv05p6a extro.
20230416 055056.217 INFO             PET0     OCN-TO-ATM: InitializeIPDv05p6a intro.
20230416 055056.226 INFO             PET0     OCN-TO-ATM: InitializeIPDv05p6a extro.
20230416 055056.227 INFO             PET0     ATM-TO-OCN: InitializeIPDv05p6b intro.
20230416 055056.227 INFO             PET0       ATM-TO-OCN: handle cplList(1): air_pressure_at_sea_level, cplSetList(1): __UNSPECIFIED__
20230416 055056.227 INFO             PET0       ATM-TO-OCN: - no Field sharing between import and export side: remap.
20230416 055056.228 INFO             PET0       ATM-TO-OCN: handle cplList(2): surface_net_downward_shortwave_flux, cplSetList(2): __UNSPECIFIED__
20230416 055056.228 INFO             PET0       ATM-TO-OCN: - no Field sharing between import and export side: remap.
20230416 055056.228 DEBUG            PET0       ESMF_FieldBundleRegridStorePair(): Inside 'rhReuse' branch!
20230416 055055.776 INFO             PET1 !!!!!!!!!!!!!!!!!!!!!!!!!!!!!!!!!!!!!!!!!!!!!!!!!!!!!!
20230416 055055.776 INFO             PET1 !!! THE ESMF_LOG IS SET TO OUTPUT ALL LOG MESSAGES !!!
20230416 055055.776 INFO             PET1 !!!     THIS MAY CAUSE SLOWDOWN IN PERFORMANCE     !!!
20230416 055055.776 INFO             PET1 !!! FOR PRODUCTION RUNS, USE:                      !!!
20230416 055055.776 INFO             PET1 !!!                   ESMF_LOGKIND_Multi_On_Error  !!!
20230416 055055.776 INFO             PET1 !!!!!!!!!!!!!!!!!!!!!!!!!!!!!!!!!!!!!!!!!!!!!!!!!!!!!!
20230416 055055.776 INFO             PET1 Running with ESMF Version   : v8.5.0b19-5-gc2c4406dae
20230416 055055.776 INFO             PET1 ESMF library build date/time: "Apr 16 2023" "04:17:31"
20230416 055055.776 INFO             PET1 ESMF library build location : /lfs4/HFIP/hfv3gfs/Mark.Potts/esmf-tests/nvhpc_22.2_intelmpi_g_develop/esmf
20230416 055055.776 INFO             PET1 ESMF_COMM                   : intelmpi
20230416 055055.777 INFO             PET1 ESMF_MOAB                   : enabled
20230416 055055.777 INFO             PET1 ESMF_LAPACK                 : enabled
20230416 055055.777 INFO             PET1 ESMF_NETCDF                 : disabled
20230416 055055.777 INFO             PET1 ESMF_PNETCDF                : disabled
20230416 055055.777 INFO             PET1 ESMF_PIO                    : disabled
20230416 055055.777 INFO             PET1 ESMF_YAMLCPP                : enabled
20230416 055055.777 INFO             PET1 esmApp STARTING
20230416 055055.786 INFO             PET1 esm: InitializeGeneric intro.
20230416 055055.787 INFO             PET1   esm: InitializeP0 intro.
20230416 055055.787 INFO             PET1   esm: InitializeP0 extro.
20230416 055055.787 INFO             PET1   esm: InitializeIPDv02p1 intro.
20230416 055055.787 INFO             PET1     >>>esm: entered Initialize (phase=<none>) without valid internal Clock.
20230416 055055.787 INFO             PET1     esm - Creating model component ATM with petList of size 2 :
20230416 055055.787 INFO             PET1           0      1
20230416 055055.794 INFO             PET1     esm - Creating model component OCN with petList of size 1 :
20230416 055055.794 INFO             PET1           2
20230416 055055.799 INFO             PET1     esm - Creating model component RTM with petList of size 1 :
20230416 055055.799 INFO             PET1           3
20230416 055055.799 INFO             PET1     esm - Creating state: modelComp 1 Import State
20230416 055055.799 INFO             PET1     esm - Creating state: modelComp 1 Export State
20230416 055055.800 INFO             PET1     esm - Creating state: modelComp 2 Import State
20230416 055055.800 INFO             PET1     esm - Creating state: modelComp 2 Export State
20230416 055055.801 INFO             PET1     esm - Creating state: modelComp 3 Import State
20230416 055055.801 INFO             PET1     esm - Creating state: modelComp 3 Export State
20230416 055055.804 INFO             PET1     ATM: InitializeP0 intro.
20230416 055055.807 INFO             PET1     ATM: InitializeP0 extro.
20230416 055055.814 INFO             PET1     esm - Creating connector component ATM-TO-RTM with petList of size 3 :
20230416 055055.814 INFO             PET1           0      1      3
20230416 055055.829 INFO             PET1     esm - Setting Verbosity on created component to: high
20230416 055055.829 INFO             PET1     esm - Setting Profiling on created component to:          0
20230416 055055.829 INFO             PET1     esm - Creating connector component RTM-TO-OCN with petList of size 2 :
20230416 055055.829 INFO             PET1           3      2
20230416 055055.841 INFO             PET1     esm - Setting Verbosity on created component to: high
20230416 055055.841 INFO             PET1     esm - Setting Profiling on created component to:          0
20230416 055055.841 INFO             PET1     esm - Creating connector component ATM-TO-OCN with petList of size 3 :
20230416 055055.841 INFO             PET1           0      1      2
20230416 055055.856 INFO             PET1     esm - Setting Verbosity on created component to: high
20230416 055055.856 INFO             PET1     esm - Setting Profiling on created component to:          0
20230416 055055.857 INFO             PET1     esm - Creating connector component OCN-TO-ATM with petList of size 3 :
20230416 055055.857 INFO             PET1           2      0      1
20230416 055055.871 INFO             PET1     esm - Setting Verbosity on created component to: high
20230416 055055.871 INFO             PET1     esm - Setting Profiling on created component to:          0
20230416 055055.878 INFO             PET1     esm: IInitAdvertise intro.
20230416 055055.878 INFO             PET1     esm: IInitAdvertise extro.
20230416 055055.879 INFO             PET1     ATM: InitializeIPDvXp01 intro.
20230416 055055.885 INFO             PET1     ATM: InitializeIPDvXp01 extro.
20230416 055055.890 INFO             PET1     ATM-TO-OCN: InitializeIPDv05p1 intro.
20230416 055055.902 INFO             PET1       ATM-TO-OCN: importState FieldTransferPolicy = transferNone
20230416 055055.902 INFO             PET1       ATM-TO-OCN: exportState FieldTransferPolicy = transferNone
20230416 055055.902 INFO             PET1     ATM-TO-OCN: InitializeIPDv05p1 extro.
20230416 055055.903 INFO             PET1     ATM-TO-RTM: InitializeIPDv05p1 intro.
20230416 055055.912 INFO             PET1       ATM-TO-RTM: importState FieldTransferPolicy = transferNone
20230416 055055.912 INFO             PET1       ATM-TO-RTM: exportState FieldTransferPolicy = transferNone
20230416 055055.912 INFO             PET1     ATM-TO-RTM: InitializeIPDv05p1 extro.
20230416 055055.912 INFO             PET1     OCN-TO-ATM: InitializeIPDv05p1 intro.
20230416 055055.918 INFO             PET1       OCN-TO-ATM: importState FieldTransferPolicy = transferNone
20230416 055055.918 INFO             PET1       OCN-TO-ATM: exportState FieldTransferPolicy = transferNone
20230416 055055.919 INFO             PET1     OCN-TO-ATM: InitializeIPDv05p1 extro.
20230416 055055.919 INFO             PET1     esm: IInitAdvertiseFinish intro.
20230416 055055.919 INFO             PET1     esm: IInitAdvertiseFinish extro.
20230416 055055.920 INFO             PET1     ATM-TO-OCN: InitializeIPDv05p2a intro.
20230416 055055.939 INFO             PET1       ATM-TO-OCN:      importStandardNameList(i=  2): air_pressure_at_sea_level
20230416 055055.939 INFO             PET1       ATM-TO-OCN:         importNamespaceList(i=  2): ATM
20230416 055055.940 INFO             PET1       ATM-TO-OCN:            importCplSetList(i=  2): __UNSPECIFIED__
20230416 055055.940 INFO             PET1       ATM-TO-OCN:      exportStandardNameList(j=  2): air_pressure_at_sea_level
20230416 055055.940 INFO             PET1       ATM-TO-OCN:         exportNamespaceList(j=  2): OCN
20230416 055055.940 INFO             PET1       ATM-TO-OCN:            exportCplSetList(j=  2): __UNSPECIFIED__
20230416 055055.940 INFO             PET1       ATM-TO-OCN: bondLevel= 1
20230416 055055.940 INFO             PET1       ATM-TO-OCN: ProducerConnection (bondLevelMax):         1
20230416 055055.940 INFO             PET1       ATM-TO-OCN:      importStandardNameList(i=  3): surface_net_downward_shortwave_flux
20230416 055055.940 INFO             PET1       ATM-TO-OCN:         importNamespaceList(i=  3): ATM
20230416 055055.940 INFO             PET1       ATM-TO-OCN:            importCplSetList(i=  3): __UNSPECIFIED__
20230416 055055.940 INFO             PET1       ATM-TO-OCN:      exportStandardNameList(j=  3): surface_net_downward_shortwave_flux
20230416 055055.940 INFO             PET1       ATM-TO-OCN:         exportNamespaceList(j=  3): OCN
20230416 055055.940 INFO             PET1       ATM-TO-OCN:            exportCplSetList(j=  3): __UNSPECIFIED__
20230416 055055.940 INFO             PET1       ATM-TO-OCN: bondLevel= 1
20230416 055055.940 INFO             PET1       ATM-TO-OCN: ProducerConnection (bondLevelMax):         1
20230416 055055.940 INFO             PET1     ATM-TO-OCN: InitializeIPDv05p2a extro.
20230416 055055.940 INFO             PET1     ATM-TO-RTM: InitializeIPDv05p2a intro.
20230416 055055.950 INFO             PET1       ATM-TO-RTM:      importStandardNameList(i=  1): field_to_rtm
20230416 055055.950 INFO             PET1       ATM-TO-RTM:         importNamespaceList(i=  1): ATM
20230416 055055.950 INFO             PET1       ATM-TO-RTM:            importCplSetList(i=  1): __UNSPECIFIED__
20230416 055055.950 INFO             PET1       ATM-TO-RTM:      exportStandardNameList(j=  1): field_to_rtm
20230416 055055.950 INFO             PET1       ATM-TO-RTM:         exportNamespaceList(j=  1): RTM
20230416 055055.950 INFO             PET1       ATM-TO-RTM:            exportCplSetList(j=  1): __UNSPECIFIED__
20230416 055055.950 INFO             PET1       ATM-TO-RTM: bondLevel= 1
20230416 055055.950 INFO             PET1       ATM-TO-RTM: ProducerConnection (bondLevelMax):         1
20230416 055055.950 INFO             PET1     ATM-TO-RTM: InitializeIPDv05p2a extro.
20230416 055055.950 INFO             PET1     OCN-TO-ATM: InitializeIPDv05p2a intro.
20230416 055055.957 INFO             PET1       OCN-TO-ATM:      importStandardNameList(i=  1): sea_surface_temperature
20230416 055055.957 INFO             PET1       OCN-TO-ATM:         importNamespaceList(i=  1): OCN
20230416 055055.957 INFO             PET1       OCN-TO-ATM:            importCplSetList(i=  1): __UNSPECIFIED__
20230416 055055.957 INFO             PET1       OCN-TO-ATM:      exportStandardNameList(j=  1): sea_surface_temperature
20230416 055055.957 INFO             PET1       OCN-TO-ATM:         exportNamespaceList(j=  1): ATM
20230416 055055.957 INFO             PET1       OCN-TO-ATM:            exportCplSetList(j=  1): __UNSPECIFIED__
20230416 055055.957 INFO             PET1       OCN-TO-ATM: bondLevel= 1
20230416 055055.957 INFO             PET1       OCN-TO-ATM: ProducerConnection (bondLevelMax):         1
20230416 055055.957 INFO             PET1     OCN-TO-ATM: InitializeIPDv05p2a extro.
20230416 055055.958 INFO             PET1     ATM-TO-OCN: InitializeIPDv05p2b intro.
20230416 055055.978 INFO             PET1       ATM-TO-OCN:      importStandardNameList(i=  2): air_pressure_at_sea_level
20230416 055055.978 INFO             PET1       ATM-TO-OCN:         importNamespaceList(i=  2): ATM
20230416 055055.978 INFO             PET1       ATM-TO-OCN:            importCplSetList(i=  2): __UNSPECIFIED__
20230416 055055.978 INFO             PET1       ATM-TO-OCN:      exportStandardNameList(j=  2): air_pressure_at_sea_level
20230416 055055.978 INFO             PET1       ATM-TO-OCN:         exportNamespaceList(j=  2): OCN
20230416 055055.978 INFO             PET1       ATM-TO-OCN:            exportCplSetList(j=  2): __UNSPECIFIED__
20230416 055055.978 INFO             PET1       ATM-TO-OCN: bondLevel= 1
20230416 055055.978 INFO             PET1       ATM-TO-OCN: => added cplList(  1)=air_pressure_at_sea_level, cplSetList(  1)=__UNSPECIFIED__
20230416 055055.978 INFO             PET1       ATM-TO-OCN:      importStandardNameList(i=  3): surface_net_downward_shortwave_flux
20230416 055055.978 INFO             PET1       ATM-TO-OCN:         importNamespaceList(i=  3): ATM
20230416 055055.978 INFO             PET1       ATM-TO-OCN:            importCplSetList(i=  3): __UNSPECIFIED__
20230416 055055.978 INFO             PET1       ATM-TO-OCN:      exportStandardNameList(j=  3): surface_net_downward_shortwave_flux
20230416 055055.978 INFO             PET1       ATM-TO-OCN:         exportNamespaceList(j=  3): OCN
20230416 055055.978 INFO             PET1       ATM-TO-OCN:            exportCplSetList(j=  3): __UNSPECIFIED__
20230416 055055.978 INFO             PET1       ATM-TO-OCN: bondLevel= 1
20230416 055055.978 INFO             PET1       ATM-TO-OCN: => added cplList(  2)=surface_net_downward_shortwave_flux, cplSetList(  2)=__UNSPECIFIED__
20230416 055055.978 INFO             PET1     ATM-TO-OCN: InitializeIPDv05p2b extro.
20230416 055055.979 INFO             PET1     ATM-TO-RTM: InitializeIPDv05p2b intro.
20230416 055055.988 INFO             PET1       ATM-TO-RTM:      importStandardNameList(i=  1): field_to_rtm
20230416 055055.988 INFO             PET1       ATM-TO-RTM:         importNamespaceList(i=  1): ATM
20230416 055055.988 INFO             PET1       ATM-TO-RTM:            importCplSetList(i=  1): __UNSPECIFIED__
20230416 055055.988 INFO             PET1       ATM-TO-RTM:      exportStandardNameList(j=  1): field_to_rtm
20230416 055055.988 INFO             PET1       ATM-TO-RTM:         exportNamespaceList(j=  1): RTM
20230416 055055.988 INFO             PET1       ATM-TO-RTM:            exportCplSetList(j=  1): __UNSPECIFIED__
20230416 055055.988 INFO             PET1       ATM-TO-RTM: bondLevel= 1
20230416 055055.988 INFO             PET1       ATM-TO-RTM: => added cplList(  1)=field_to_rtm, cplSetList(  1)=__UNSPECIFIED__
20230416 055055.988 INFO             PET1     ATM-TO-RTM: InitializeIPDv05p2b extro.
20230416 055055.989 INFO             PET1     OCN-TO-ATM: InitializeIPDv05p2b intro.
20230416 055055.995 INFO             PET1       OCN-TO-ATM:      importStandardNameList(i=  1): sea_surface_temperature
20230416 055055.995 INFO             PET1       OCN-TO-ATM:         importNamespaceList(i=  1): OCN
20230416 055055.995 INFO             PET1       OCN-TO-ATM:            importCplSetList(i=  1): __UNSPECIFIED__
20230416 055055.995 INFO             PET1       OCN-TO-ATM:      exportStandardNameList(j=  1): sea_surface_temperature
20230416 055055.995 INFO             PET1       OCN-TO-ATM:         exportNamespaceList(j=  1): ATM
20230416 055055.995 INFO             PET1       OCN-TO-ATM:            exportCplSetList(j=  1): __UNSPECIFIED__
20230416 055055.995 INFO             PET1       OCN-TO-ATM: bondLevel= 1
20230416 055055.995 INFO             PET1       OCN-TO-ATM: => added cplList(  1)=sea_surface_temperature, cplSetList(  1)=__UNSPECIFIED__
20230416 055055.996 INFO             PET1     OCN-TO-ATM: InitializeIPDv05p2b extro.
20230416 055055.996 INFO             PET1     esm: IInitModifyCplLists intro.
20230416 055055.997 INFO             PET1     esm: IInitModifyCplLists extro.
20230416 055055.997 INFO             PET1     ATM-TO-OCN: InitializeIPDv05p3 intro.
20230416 055056.018 INFO             PET1       ATM-TO-OCN: handle cplList(1): air_pressure_at_sea_level, cplSetList(1): __UNSPECIFIED__
20230416 055056.018 INFO             PET1       ATM-TO-OCN: - connected.
20230416 055056.018 INFO             PET1       ATM-TO-OCN: - both sides must provide the Field/GeomObject.
20230416 055056.018 INFO             PET1       ATM-TO-OCN: handle cplList(2): surface_net_downward_shortwave_flux, cplSetList(2): __UNSPECIFIED__
20230416 055056.018 INFO             PET1       ATM-TO-OCN: - connected.
20230416 055056.018 INFO             PET1       ATM-TO-OCN: - both sides must provide the Field/GeomObject.
20230416 055056.018 INFO             PET1     ATM-TO-OCN: InitializeIPDv05p3 extro.
20230416 055056.019 INFO             PET1     ATM-TO-RTM: InitializeIPDv05p3 intro.
20230416 055056.028 INFO             PET1       ATM-TO-RTM: handle cplList(1): field_to_rtm, cplSetList(1): __UNSPECIFIED__
20230416 055056.029 INFO             PET1       ATM-TO-RTM: - connected.
20230416 055056.029 INFO             PET1       ATM-TO-RTM: - both sides must provide the Field/GeomObject.
20230416 055056.029 INFO             PET1     ATM-TO-RTM: InitializeIPDv05p3 extro.
20230416 055056.029 INFO             PET1     OCN-TO-ATM: InitializeIPDv05p3 intro.
20230416 055056.036 INFO             PET1       OCN-TO-ATM: handle cplList(1): sea_surface_temperature, cplSetList(1): __UNSPECIFIED__
20230416 055056.036 INFO             PET1       OCN-TO-ATM: - connected.
20230416 055056.036 INFO             PET1       OCN-TO-ATM: - both sides must provide the Field/GeomObject.
20230416 055056.036 INFO             PET1     OCN-TO-ATM: InitializeIPDv05p3 extro.
20230416 055056.037 INFO             PET1     <<<esm: leaving Initialize (phase=<none>) with current time: 2010  6  1  0  0  0   0
20230416 055056.037 INFO             PET1   esm: InitializeIPDv02p1 extro.
20230416 055056.037 INFO             PET1   esm: InitializeIPDv02p3 intro.
20230416 055056.037 INFO             PET1     >>>esm: entered Initialize (phase=<none>) with current time: 2010  6  1  0  0  0   0
20230416 055056.037 INFO             PET1     esm: IInitCheck intro.
20230416 055056.038 INFO             PET1     esm: IInitCheck extro.
20230416 055056.038 INFO             PET1     ATM: InitializeIPDvXp04 intro.
20230416 055056.049 INFO             PET1     ATM: InitializeIPDvXp04 extro.
20230416 055056.060 INFO             PET1     ATM-TO-OCN: InitializeIPDv05p4 intro.
20230416 055056.081 INFO             PET1       ATM-TO-OCN: handle cplList(1): air_pressure_at_sea_level, cplSetList(1): __UNSPECIFIED__
20230416 055056.081 INFO             PET1       ATM-TO-OCN: - nothing shared or transferred
20230416 055056.081 INFO             PET1       ATM-TO-OCN: handle cplList(2): surface_net_downward_shortwave_flux, cplSetList(2): __UNSPECIFIED__
20230416 055056.081 INFO             PET1       ATM-TO-OCN: - nothing shared or transferred
20230416 055056.081 INFO             PET1     ATM-TO-OCN: InitializeIPDv05p4 extro.
20230416 055056.082 INFO             PET1     ATM-TO-RTM: InitializeIPDv05p4 intro.
20230416 055056.097 INFO             PET1       ATM-TO-RTM: handle cplList(1): field_to_rtm, cplSetList(1): __UNSPECIFIED__
20230416 055056.097 INFO             PET1       ATM-TO-RTM: - nothing shared or transferred
20230416 055056.097 INFO             PET1     ATM-TO-RTM: InitializeIPDv05p4 extro.
20230416 055056.097 INFO             PET1     OCN-TO-ATM: InitializeIPDv05p4 intro.
20230416 055056.107 INFO             PET1       OCN-TO-ATM: handle cplList(1): sea_surface_temperature, cplSetList(1): __UNSPECIFIED__
20230416 055056.107 INFO             PET1       OCN-TO-ATM: - nothing shared or transferred
20230416 055056.107 INFO             PET1     OCN-TO-ATM: InitializeIPDv05p4 extro.
20230416 055056.108 INFO             PET1     ATM-TO-OCN: InitializeIPDv05p5 intro.
20230416 055056.141 INFO             PET1       ATM-TO-OCN: handle cplList(1): air_pressure_at_sea_level, cplSetList(1): __UNSPECIFIED__
20230416 055056.142 INFO             PET1       ATM-TO-OCN: - nothing shared or transferred, or may already be handled
20230416 055056.142 INFO             PET1       ATM-TO-OCN: handle cplList(2): surface_net_downward_shortwave_flux, cplSetList(2): __UNSPECIFIED__
20230416 055056.142 INFO             PET1       ATM-TO-OCN: - nothing shared or transferred, or may already be handled
20230416 055056.142 INFO             PET1     ATM-TO-OCN: InitializeIPDv05p5 extro.
20230416 055056.142 INFO             PET1     ATM-TO-RTM: InitializeIPDv05p5 intro.
20230416 055056.157 INFO             PET1       ATM-TO-RTM: handle cplList(1): field_to_rtm, cplSetList(1): __UNSPECIFIED__
20230416 055056.158 INFO             PET1       ATM-TO-RTM: - nothing shared or transferred, or may already be handled
20230416 055056.158 INFO             PET1     ATM-TO-RTM: InitializeIPDv05p5 extro.
20230416 055056.158 INFO             PET1     OCN-TO-ATM: InitializeIPDv05p5 intro.
20230416 055056.168 INFO             PET1       OCN-TO-ATM: handle cplList(1): sea_surface_temperature, cplSetList(1): __UNSPECIFIED__
20230416 055056.168 INFO             PET1       OCN-TO-ATM: - nothing shared or transferred, or may already be handled
20230416 055056.168 INFO             PET1     OCN-TO-ATM: InitializeIPDv05p5 extro.
20230416 055056.169 INFO             PET1     esm: IInitRealize intro.
20230416 055056.169 INFO             PET1     esm: IInitRealize extro.
20230416 055056.169 INFO             PET1     ATM-TO-OCN: InitializeIPDv05p6a intro.
20230416 055056.202 INFO             PET1     ATM-TO-OCN: InitializeIPDv05p6a extro.
20230416 055056.202 INFO             PET1     ATM-TO-RTM: InitializeIPDv05p6a intro.
20230416 055056.217 INFO             PET1     ATM-TO-RTM: InitializeIPDv05p6a extro.
20230416 055056.217 INFO             PET1     OCN-TO-ATM: InitializeIPDv05p6a intro.
20230416 055056.226 INFO             PET1     OCN-TO-ATM: InitializeIPDv05p6a extro.
20230416 055056.227 INFO             PET1     ATM-TO-OCN: InitializeIPDv05p6b intro.
20230416 055056.228 INFO             PET1       ATM-TO-OCN: handle cplList(1): air_pressure_at_sea_level, cplSetList(1): __UNSPECIFIED__
20230416 055056.228 INFO             PET1       ATM-TO-OCN: - no Field sharing between import and export side: remap.
20230416 055056.228 INFO             PET1       ATM-TO-OCN: handle cplList(2): surface_net_downward_shortwave_flux, cplSetList(2): __UNSPECIFIED__
20230416 055056.228 INFO             PET1       ATM-TO-OCN: - no Field sharing between import and export side: remap.
20230416 055056.229 DEBUG            PET1       ESMF_FieldBundleRegridStorePair(): Inside 'rhReuse' branch!
20230416 055055.773 INFO             PET2 !!!!!!!!!!!!!!!!!!!!!!!!!!!!!!!!!!!!!!!!!!!!!!!!!!!!!!
20230416 055055.774 INFO             PET2 !!! THE ESMF_LOG IS SET TO OUTPUT ALL LOG MESSAGES !!!
20230416 055055.774 INFO             PET2 !!!     THIS MAY CAUSE SLOWDOWN IN PERFORMANCE     !!!
20230416 055055.774 INFO             PET2 !!! FOR PRODUCTION RUNS, USE:                      !!!
20230416 055055.774 INFO             PET2 !!!                   ESMF_LOGKIND_Multi_On_Error  !!!
20230416 055055.774 INFO             PET2 !!!!!!!!!!!!!!!!!!!!!!!!!!!!!!!!!!!!!!!!!!!!!!!!!!!!!!
20230416 055055.774 INFO             PET2 Running with ESMF Version   : v8.5.0b19-5-gc2c4406dae
20230416 055055.774 INFO             PET2 ESMF library build date/time: "Apr 16 2023" "04:17:31"
20230416 055055.774 INFO             PET2 ESMF library build location : /lfs4/HFIP/hfv3gfs/Mark.Potts/esmf-tests/nvhpc_22.2_intelmpi_g_develop/esmf
20230416 055055.774 INFO             PET2 ESMF_COMM                   : intelmpi
20230416 055055.775 INFO             PET2 ESMF_MOAB                   : enabled
20230416 055055.775 INFO             PET2 ESMF_LAPACK                 : enabled
20230416 055055.775 INFO             PET2 ESMF_NETCDF                 : disabled
20230416 055055.775 INFO             PET2 ESMF_PNETCDF                : disabled
20230416 055055.775 INFO             PET2 ESMF_PIO                    : disabled
20230416 055055.775 INFO             PET2 ESMF_YAMLCPP                : enabled
20230416 055055.777 INFO             PET2 esmApp STARTING
20230416 055055.785 INFO             PET2 esm: InitializeGeneric intro.
20230416 055055.785 INFO             PET2   esm: InitializeP0 intro.
20230416 055055.785 INFO             PET2   esm: InitializeP0 extro.
20230416 055055.785 INFO             PET2   esm: InitializeIPDv02p1 intro.
20230416 055055.785 INFO             PET2     >>>esm: entered Initialize (phase=<none>) without valid internal Clock.
20230416 055055.787 INFO             PET2     esm - Creating model component ATM with petList of size 2 :
20230416 055055.787 INFO             PET2           0      1
20230416 055055.794 INFO             PET2     esm - Creating model component OCN with petList of size 1 :
20230416 055055.794 INFO             PET2           2
20230416 055055.799 INFO             PET2     esm - Creating model component RTM with petList of size 1 :
20230416 055055.799 INFO             PET2           3
20230416 055055.799 INFO             PET2     esm - Creating state: modelComp 1 Import State
20230416 055055.799 INFO             PET2     esm - Creating state: modelComp 1 Export State
20230416 055055.800 INFO             PET2     esm - Creating state: modelComp 2 Import State
20230416 055055.800 INFO             PET2     esm - Creating state: modelComp 2 Export State
20230416 055055.800 INFO             PET2     esm - Creating state: modelComp 3 Import State
20230416 055055.800 INFO             PET2     esm - Creating state: modelComp 3 Export State
20230416 055055.803 INFO             PET2     OCN: InitializeP0 intro.
20230416 055055.805 INFO             PET2     OCN: InitializeP0 extro.
20230416 055055.814 INFO             PET2     esm - Creating connector component ATM-TO-RTM with petList of size 3 :
20230416 055055.814 INFO             PET2           0      1      3
20230416 055055.829 INFO             PET2     esm - Setting Verbosity on created component to: high
20230416 055055.829 INFO             PET2     esm - Setting Profiling on created component to:          0
20230416 055055.829 INFO             PET2     esm - Creating connector component RTM-TO-OCN with petList of size 2 :
20230416 055055.829 INFO             PET2           3      2
20230416 055055.841 INFO             PET2     esm - Setting Verbosity on created component to: high
20230416 055055.841 INFO             PET2     esm - Setting Profiling on created component to:          0
20230416 055055.841 INFO             PET2     esm - Creating connector component ATM-TO-OCN with petList of size 3 :
20230416 055055.841 INFO             PET2           0      1      2
20230416 055055.856 INFO             PET2     esm - Setting Verbosity on created component to: high
20230416 055055.856 INFO             PET2     esm - Setting Profiling on created component to:          0
20230416 055055.856 INFO             PET2     esm - Creating connector component OCN-TO-ATM with petList of size 3 :
20230416 055055.856 INFO             PET2           2      0      1
20230416 055055.871 INFO             PET2     esm - Setting Verbosity on created component to: high
20230416 055055.871 INFO             PET2     esm - Setting Profiling on created component to:          0
20230416 055055.877 INFO             PET2     esm: IInitAdvertise intro.
20230416 055055.877 INFO             PET2     esm: IInitAdvertise extro.
20230416 055055.878 INFO             PET2     OCN: InitializeIPDvXp01 intro.
20230416 055055.883 INFO             PET2     OCN: InitializeIPDvXp01 extro.
20230416 055055.890 INFO             PET2     ATM-TO-OCN: InitializeIPDv05p1 intro.
20230416 055055.902 INFO             PET2       ATM-TO-OCN: importState FieldTransferPolicy = transferNone
20230416 055055.902 INFO             PET2       ATM-TO-OCN: exportState FieldTransferPolicy = transferNone
20230416 055055.902 INFO             PET2     ATM-TO-OCN: InitializeIPDv05p1 extro.
20230416 055055.902 INFO             PET2     OCN-TO-ATM: InitializeIPDv05p1 intro.
20230416 055055.918 INFO             PET2       OCN-TO-ATM: importState FieldTransferPolicy = transferNone
20230416 055055.918 INFO             PET2       OCN-TO-ATM: exportState FieldTransferPolicy = transferNone
20230416 055055.918 INFO             PET2     OCN-TO-ATM: InitializeIPDv05p1 extro.
20230416 055055.919 INFO             PET2     RTM-TO-OCN: InitializeIPDv05p1 intro.
20230416 055055.926 INFO             PET2       RTM-TO-OCN: importState FieldTransferPolicy = transferNone
20230416 055055.926 INFO             PET2       RTM-TO-OCN: exportState FieldTransferPolicy = transferNone
20230416 055055.926 INFO             PET2     RTM-TO-OCN: InitializeIPDv05p1 extro.
20230416 055055.927 INFO             PET2     esm: IInitAdvertiseFinish intro.
20230416 055055.927 INFO             PET2     esm: IInitAdvertiseFinish extro.
20230416 055055.927 INFO             PET2     ATM-TO-OCN: InitializeIPDv05p2a intro.
20230416 055055.939 INFO             PET2       ATM-TO-OCN:      importStandardNameList(i=  2): air_pressure_at_sea_level
20230416 055055.939 INFO             PET2       ATM-TO-OCN:         importNamespaceList(i=  2): ATM
20230416 055055.939 INFO             PET2       ATM-TO-OCN:            importCplSetList(i=  2): __UNSPECIFIED__
20230416 055055.939 INFO             PET2       ATM-TO-OCN:      exportStandardNameList(j=  2): air_pressure_at_sea_level
20230416 055055.939 INFO             PET2       ATM-TO-OCN:         exportNamespaceList(j=  2): OCN
20230416 055055.939 INFO             PET2       ATM-TO-OCN:            exportCplSetList(j=  2): __UNSPECIFIED__
20230416 055055.939 INFO             PET2       ATM-TO-OCN: bondLevel= 1
20230416 055055.939 INFO             PET2       ATM-TO-OCN: ProducerConnection (bondLevelMax):         1
20230416 055055.939 INFO             PET2       ATM-TO-OCN:      importStandardNameList(i=  3): surface_net_downward_shortwave_flux
20230416 055055.940 INFO             PET2       ATM-TO-OCN:         importNamespaceList(i=  3): ATM
20230416 055055.940 INFO             PET2       ATM-TO-OCN:            importCplSetList(i=  3): __UNSPECIFIED__
20230416 055055.940 INFO             PET2       ATM-TO-OCN:      exportStandardNameList(j=  3): surface_net_downward_shortwave_flux
20230416 055055.940 INFO             PET2       ATM-TO-OCN:         exportNamespaceList(j=  3): OCN
20230416 055055.940 INFO             PET2       ATM-TO-OCN:            exportCplSetList(j=  3): __UNSPECIFIED__
20230416 055055.940 INFO             PET2       ATM-TO-OCN: bondLevel= 1
20230416 055055.940 INFO             PET2       ATM-TO-OCN: ProducerConnection (bondLevelMax):         1
20230416 055055.940 INFO             PET2     ATM-TO-OCN: InitializeIPDv05p2a extro.
20230416 055055.940 INFO             PET2     OCN-TO-ATM: InitializeIPDv05p2a intro.
20230416 055055.957 INFO             PET2       OCN-TO-ATM:      importStandardNameList(i=  1): sea_surface_temperature
20230416 055055.957 INFO             PET2       OCN-TO-ATM:         importNamespaceList(i=  1): OCN
20230416 055055.957 INFO             PET2       OCN-TO-ATM:            importCplSetList(i=  1): __UNSPECIFIED__
20230416 055055.957 INFO             PET2       OCN-TO-ATM:      exportStandardNameList(j=  1): sea_surface_temperature
20230416 055055.957 INFO             PET2       OCN-TO-ATM:         exportNamespaceList(j=  1): ATM
20230416 055055.957 INFO             PET2       OCN-TO-ATM:            exportCplSetList(j=  1): __UNSPECIFIED__
20230416 055055.957 INFO             PET2       OCN-TO-ATM: bondLevel= 1
20230416 055055.957 INFO             PET2       OCN-TO-ATM: ProducerConnection (bondLevelMax):         1
20230416 055055.957 INFO             PET2     OCN-TO-ATM: InitializeIPDv05p2a extro.
20230416 055055.957 INFO             PET2     RTM-TO-OCN: InitializeIPDv05p2a intro.
20230416 055055.965 INFO             PET2       RTM-TO-OCN:      importStandardNameList(i=  1): field_from_rtm
20230416 055055.965 INFO             PET2       RTM-TO-OCN:         importNamespaceList(i=  1): RTM
20230416 055055.965 INFO             PET2       RTM-TO-OCN:            importCplSetList(i=  1): __UNSPECIFIED__
20230416 055055.965 INFO             PET2       RTM-TO-OCN:      exportStandardNameList(j=  1): field_from_rtm
20230416 055055.965 INFO             PET2       RTM-TO-OCN:         exportNamespaceList(j=  1): OCN
20230416 055055.965 INFO             PET2       RTM-TO-OCN:            exportCplSetList(j=  1): __UNSPECIFIED__
20230416 055055.965 INFO             PET2       RTM-TO-OCN: bondLevel= 1
20230416 055055.965 INFO             PET2       RTM-TO-OCN: ProducerConnection (bondLevelMax):         1
20230416 055055.965 INFO             PET2     RTM-TO-OCN: InitializeIPDv05p2a extro.
20230416 055055.965 INFO             PET2     ATM-TO-OCN: InitializeIPDv05p2b intro.
20230416 055055.977 INFO             PET2       ATM-TO-OCN:      importStandardNameList(i=  2): air_pressure_at_sea_level
20230416 055055.977 INFO             PET2       ATM-TO-OCN:         importNamespaceList(i=  2): ATM
20230416 055055.978 INFO             PET2       ATM-TO-OCN:            importCplSetList(i=  2): __UNSPECIFIED__
20230416 055055.978 INFO             PET2       ATM-TO-OCN:      exportStandardNameList(j=  2): air_pressure_at_sea_level
20230416 055055.978 INFO             PET2       ATM-TO-OCN:         exportNamespaceList(j=  2): OCN
20230416 055055.978 INFO             PET2       ATM-TO-OCN:            exportCplSetList(j=  2): __UNSPECIFIED__
20230416 055055.978 INFO             PET2       ATM-TO-OCN: bondLevel= 1
20230416 055055.978 INFO             PET2       ATM-TO-OCN: => added cplList(  1)=air_pressure_at_sea_level, cplSetList(  1)=__UNSPECIFIED__
20230416 055055.978 INFO             PET2       ATM-TO-OCN:      importStandardNameList(i=  3): surface_net_downward_shortwave_flux
20230416 055055.978 INFO             PET2       ATM-TO-OCN:         importNamespaceList(i=  3): ATM
20230416 055055.978 INFO             PET2       ATM-TO-OCN:            importCplSetList(i=  3): __UNSPECIFIED__
20230416 055055.978 INFO             PET2       ATM-TO-OCN:      exportStandardNameList(j=  3): surface_net_downward_shortwave_flux
20230416 055055.978 INFO             PET2       ATM-TO-OCN:         exportNamespaceList(j=  3): OCN
20230416 055055.978 INFO             PET2       ATM-TO-OCN:            exportCplSetList(j=  3): __UNSPECIFIED__
20230416 055055.978 INFO             PET2       ATM-TO-OCN: bondLevel= 1
20230416 055055.978 INFO             PET2       ATM-TO-OCN: => added cplList(  2)=surface_net_downward_shortwave_flux, cplSetList(  2)=__UNSPECIFIED__
20230416 055055.978 INFO             PET2     ATM-TO-OCN: InitializeIPDv05p2b extro.
20230416 055055.979 INFO             PET2     OCN-TO-ATM: InitializeIPDv05p2b intro.
20230416 055055.995 INFO             PET2       OCN-TO-ATM:      importStandardNameList(i=  1): sea_surface_temperature
20230416 055055.995 INFO             PET2       OCN-TO-ATM:         importNamespaceList(i=  1): OCN
20230416 055055.995 INFO             PET2       OCN-TO-ATM:            importCplSetList(i=  1): __UNSPECIFIED__
20230416 055055.995 INFO             PET2       OCN-TO-ATM:      exportStandardNameList(j=  1): sea_surface_temperature
20230416 055055.995 INFO             PET2       OCN-TO-ATM:         exportNamespaceList(j=  1): ATM
20230416 055055.995 INFO             PET2       OCN-TO-ATM:            exportCplSetList(j=  1): __UNSPECIFIED__
20230416 055055.995 INFO             PET2       OCN-TO-ATM: bondLevel= 1
20230416 055055.995 INFO             PET2       OCN-TO-ATM: => added cplList(  1)=sea_surface_temperature, cplSetList(  1)=__UNSPECIFIED__
20230416 055055.995 INFO             PET2     OCN-TO-ATM: InitializeIPDv05p2b extro.
20230416 055055.996 INFO             PET2     RTM-TO-OCN: InitializeIPDv05p2b intro.
20230416 055056.004 INFO             PET2       RTM-TO-OCN:      importStandardNameList(i=  1): field_from_rtm
20230416 055056.004 INFO             PET2       RTM-TO-OCN:         importNamespaceList(i=  1): RTM
20230416 055056.004 INFO             PET2       RTM-TO-OCN:            importCplSetList(i=  1): __UNSPECIFIED__
20230416 055056.004 INFO             PET2       RTM-TO-OCN:      exportStandardNameList(j=  1): field_from_rtm
20230416 055056.004 INFO             PET2       RTM-TO-OCN:         exportNamespaceList(j=  1): OCN
20230416 055056.004 INFO             PET2       RTM-TO-OCN:            exportCplSetList(j=  1): __UNSPECIFIED__
20230416 055056.004 INFO             PET2       RTM-TO-OCN: bondLevel= 1
20230416 055056.004 INFO             PET2       RTM-TO-OCN: => added cplList(  1)=field_from_rtm, cplSetList(  1)=__UNSPECIFIED__
20230416 055056.004 INFO             PET2     RTM-TO-OCN: InitializeIPDv05p2b extro.
20230416 055056.004 INFO             PET2     esm: IInitModifyCplLists intro.
20230416 055056.005 INFO             PET2     esm: IInitModifyCplLists extro.
20230416 055056.005 INFO             PET2     ATM-TO-OCN: InitializeIPDv05p3 intro.
20230416 055056.017 INFO             PET2       ATM-TO-OCN: handle cplList(1): air_pressure_at_sea_level, cplSetList(1): __UNSPECIFIED__
20230416 055056.017 INFO             PET2       ATM-TO-OCN: - connected.
20230416 055056.018 INFO             PET2       ATM-TO-OCN: - both sides must provide the Field/GeomObject.
20230416 055056.018 INFO             PET2       ATM-TO-OCN: handle cplList(2): surface_net_downward_shortwave_flux, cplSetList(2): __UNSPECIFIED__
20230416 055056.018 INFO             PET2       ATM-TO-OCN: - connected.
20230416 055056.018 INFO             PET2       ATM-TO-OCN: - both sides must provide the Field/GeomObject.
20230416 055056.018 INFO             PET2     ATM-TO-OCN: InitializeIPDv05p3 extro.
20230416 055056.018 INFO             PET2     OCN-TO-ATM: InitializeIPDv05p3 intro.
20230416 055056.036 INFO             PET2       OCN-TO-ATM: handle cplList(1): sea_surface_temperature, cplSetList(1): __UNSPECIFIED__
20230416 055056.036 INFO             PET2       OCN-TO-ATM: - connected.
20230416 055056.036 INFO             PET2       OCN-TO-ATM: - both sides must provide the Field/GeomObject.
20230416 055056.036 INFO             PET2     OCN-TO-ATM: InitializeIPDv05p3 extro.
20230416 055056.036 INFO             PET2     RTM-TO-OCN: InitializeIPDv05p3 intro.
20230416 055056.044 INFO             PET2       RTM-TO-OCN: handle cplList(1): field_from_rtm, cplSetList(1): __UNSPECIFIED__
20230416 055056.045 INFO             PET2       RTM-TO-OCN: - connected.
20230416 055056.045 INFO             PET2       RTM-TO-OCN: - both sides must provide the Field/GeomObject.
20230416 055056.045 INFO             PET2     RTM-TO-OCN: InitializeIPDv05p3 extro.
20230416 055056.045 INFO             PET2     <<<esm: leaving Initialize (phase=<none>) with current time: 2010  6  1  0  0  0   0
20230416 055056.045 INFO             PET2   esm: InitializeIPDv02p1 extro.
20230416 055056.045 INFO             PET2   esm: InitializeIPDv02p3 intro.
20230416 055056.045 INFO             PET2     >>>esm: entered Initialize (phase=<none>) with current time: 2010  6  1  0  0  0   0
20230416 055056.046 INFO             PET2     esm: IInitCheck intro.
20230416 055056.046 INFO             PET2     esm: IInitCheck extro.
20230416 055056.046 INFO             PET2     OCN: InitializeIPDvXp04 intro.
20230416 055056.055 INFO             PET2     OCN: InitializeIPDvXp04 extro.
20230416 055056.060 INFO             PET2     ATM-TO-OCN: InitializeIPDv05p4 intro.
20230416 055056.080 INFO             PET2       ATM-TO-OCN: handle cplList(1): air_pressure_at_sea_level, cplSetList(1): __UNSPECIFIED__
20230416 055056.081 INFO             PET2       ATM-TO-OCN: - nothing shared or transferred
20230416 055056.081 INFO             PET2       ATM-TO-OCN: handle cplList(2): surface_net_downward_shortwave_flux, cplSetList(2): __UNSPECIFIED__
20230416 055056.081 INFO             PET2       ATM-TO-OCN: - nothing shared or transferred
20230416 055056.081 INFO             PET2     ATM-TO-OCN: InitializeIPDv05p4 extro.
20230416 055056.081 INFO             PET2     OCN-TO-ATM: InitializeIPDv05p4 intro.
20230416 055056.107 INFO             PET2       OCN-TO-ATM: handle cplList(1): sea_surface_temperature, cplSetList(1): __UNSPECIFIED__
20230416 055056.107 INFO             PET2       OCN-TO-ATM: - nothing shared or transferred
20230416 055056.107 INFO             PET2     OCN-TO-ATM: InitializeIPDv05p4 extro.
20230416 055056.107 INFO             PET2     RTM-TO-OCN: InitializeIPDv05p4 intro.
20230416 055056.120 INFO             PET2       RTM-TO-OCN: handle cplList(1): field_from_rtm, cplSetList(1): __UNSPECIFIED__
20230416 055056.120 INFO             PET2       RTM-TO-OCN: - nothing shared or transferred
20230416 055056.120 INFO             PET2     RTM-TO-OCN: InitializeIPDv05p4 extro.
20230416 055056.121 INFO             PET2     ATM-TO-OCN: InitializeIPDv05p5 intro.
20230416 055056.141 INFO             PET2       ATM-TO-OCN: handle cplList(1): air_pressure_at_sea_level, cplSetList(1): __UNSPECIFIED__
20230416 055056.141 INFO             PET2       ATM-TO-OCN: - nothing shared or transferred, or may already be handled
20230416 055056.141 INFO             PET2       ATM-TO-OCN: handle cplList(2): surface_net_downward_shortwave_flux, cplSetList(2): __UNSPECIFIED__
20230416 055056.141 INFO             PET2       ATM-TO-OCN: - nothing shared or transferred, or may already be handled
20230416 055056.141 INFO             PET2     ATM-TO-OCN: InitializeIPDv05p5 extro.
20230416 055056.142 INFO             PET2     OCN-TO-ATM: InitializeIPDv05p5 intro.
20230416 055056.168 INFO             PET2       OCN-TO-ATM: handle cplList(1): sea_surface_temperature, cplSetList(1): __UNSPECIFIED__
20230416 055056.168 INFO             PET2       OCN-TO-ATM: - nothing shared or transferred, or may already be handled
20230416 055056.168 INFO             PET2     OCN-TO-ATM: InitializeIPDv05p5 extro.
20230416 055056.168 INFO             PET2     RTM-TO-OCN: InitializeIPDv05p5 intro.
20230416 055056.181 INFO             PET2       RTM-TO-OCN: handle cplList(1): field_from_rtm, cplSetList(1): __UNSPECIFIED__
20230416 055056.181 INFO             PET2       RTM-TO-OCN: - nothing shared or transferred, or may already be handled
20230416 055056.181 INFO             PET2     RTM-TO-OCN: InitializeIPDv05p5 extro.
20230416 055056.181 INFO             PET2     esm: IInitRealize intro.
20230416 055056.181 INFO             PET2     esm: IInitRealize extro.
20230416 055056.182 INFO             PET2     ATM-TO-OCN: InitializeIPDv05p6a intro.
20230416 055056.201 INFO             PET2     ATM-TO-OCN: InitializeIPDv05p6a extro.
20230416 055056.202 INFO             PET2     OCN-TO-ATM: InitializeIPDv05p6a intro.
20230416 055056.226 INFO             PET2     OCN-TO-ATM: InitializeIPDv05p6a extro.
20230416 055056.226 INFO             PET2     RTM-TO-OCN: InitializeIPDv05p6a intro.
20230416 055056.239 INFO             PET2     RTM-TO-OCN: InitializeIPDv05p6a extro.
20230416 055056.239 INFO             PET2     ATM-TO-OCN: InitializeIPDv05p6b intro.
20230416 055056.240 INFO             PET2       ATM-TO-OCN: handle cplList(1): air_pressure_at_sea_level, cplSetList(1): __UNSPECIFIED__
20230416 055056.240 INFO             PET2       ATM-TO-OCN: - no Field sharing between import and export side: remap.
20230416 055056.240 INFO             PET2       ATM-TO-OCN: handle cplList(2): surface_net_downward_shortwave_flux, cplSetList(2): __UNSPECIFIED__
20230416 055056.240 INFO             PET2       ATM-TO-OCN: - no Field sharing between import and export side: remap.
20230416 055056.241 DEBUG            PET2       ESMF_FieldBundleRegridStorePair(): Inside 'rhReuse' branch!
20230416 055055.774 INFO             PET3 !!!!!!!!!!!!!!!!!!!!!!!!!!!!!!!!!!!!!!!!!!!!!!!!!!!!!!
20230416 055055.774 INFO             PET3 !!! THE ESMF_LOG IS SET TO OUTPUT ALL LOG MESSAGES !!!
20230416 055055.774 INFO             PET3 !!!     THIS MAY CAUSE SLOWDOWN IN PERFORMANCE     !!!
20230416 055055.774 INFO             PET3 !!! FOR PRODUCTION RUNS, USE:                      !!!
20230416 055055.774 INFO             PET3 !!!                   ESMF_LOGKIND_Multi_On_Error  !!!
20230416 055055.774 INFO             PET3 !!!!!!!!!!!!!!!!!!!!!!!!!!!!!!!!!!!!!!!!!!!!!!!!!!!!!!
20230416 055055.774 INFO             PET3 Running with ESMF Version   : v8.5.0b19-5-gc2c4406dae
20230416 055055.774 INFO             PET3 ESMF library build date/time: "Apr 16 2023" "04:17:31"
20230416 055055.774 INFO             PET3 ESMF library build location : /lfs4/HFIP/hfv3gfs/Mark.Potts/esmf-tests/nvhpc_22.2_intelmpi_g_develop/esmf
20230416 055055.774 INFO             PET3 ESMF_COMM                   : intelmpi
20230416 055055.775 INFO             PET3 ESMF_MOAB                   : enabled
20230416 055055.775 INFO             PET3 ESMF_LAPACK                 : enabled
20230416 055055.775 INFO             PET3 ESMF_NETCDF                 : disabled
20230416 055055.775 INFO             PET3 ESMF_PNETCDF                : disabled
20230416 055055.775 INFO             PET3 ESMF_PIO                    : disabled
20230416 055055.775 INFO             PET3 ESMF_YAMLCPP                : enabled
20230416 055055.777 INFO             PET3 esmApp STARTING
20230416 055055.785 INFO             PET3 esm: InitializeGeneric intro.
20230416 055055.785 INFO             PET3   esm: InitializeP0 intro.
20230416 055055.785 INFO             PET3   esm: InitializeP0 extro.
20230416 055055.785 INFO             PET3   esm: InitializeIPDv02p1 intro.
20230416 055055.785 INFO             PET3     >>>esm: entered Initialize (phase=<none>) without valid internal Clock.
20230416 055055.787 INFO             PET3     esm - Creating model component ATM with petList of size 2 :
20230416 055055.787 INFO             PET3           0      1
20230416 055055.794 INFO             PET3     esm - Creating model component OCN with petList of size 1 :
20230416 055055.794 INFO             PET3           2
20230416 055055.799 INFO             PET3     esm - Creating model component RTM with petList of size 1 :
20230416 055055.799 INFO             PET3           3
20230416 055055.804 INFO             PET3     esm - Creating state: modelComp 1 Import State
20230416 055055.804 INFO             PET3     esm - Creating state: modelComp 1 Export State
20230416 055055.804 INFO             PET3     esm - Creating state: modelComp 2 Import State
20230416 055055.804 INFO             PET3     esm - Creating state: modelComp 2 Export State
20230416 055055.805 INFO             PET3     esm - Creating state: modelComp 3 Import State
20230416 055055.805 INFO             PET3     esm - Creating state: modelComp 3 Export State
20230416 055055.807 INFO             PET3     RTM: InitializeP0 intro.
20230416 055055.810 INFO             PET3     RTM: InitializeP0 extro.
20230416 055055.814 INFO             PET3     esm - Creating connector component ATM-TO-RTM with petList of size 3 :
20230416 055055.814 INFO             PET3           0      1      3
20230416 055055.829 INFO             PET3     esm - Setting Verbosity on created component to: high
20230416 055055.829 INFO             PET3     esm - Setting Profiling on created component to:          0
20230416 055055.829 INFO             PET3     esm - Creating connector component RTM-TO-OCN with petList of size 2 :
20230416 055055.829 INFO             PET3           3      2
20230416 055055.841 INFO             PET3     esm - Setting Verbosity on created component to: high
20230416 055055.841 INFO             PET3     esm - Setting Profiling on created component to:          0
20230416 055055.841 INFO             PET3     esm - Creating connector component ATM-TO-OCN with petList of size 3 :
20230416 055055.841 INFO             PET3           0      1      2
20230416 055055.856 INFO             PET3     esm - Setting Verbosity on created component to: high
20230416 055055.856 INFO             PET3     esm - Setting Profiling on created component to:          0
20230416 055055.856 INFO             PET3     esm - Creating connector component OCN-TO-ATM with petList of size 3 :
20230416 055055.856 INFO             PET3           2      0      1
20230416 055055.871 INFO             PET3     esm - Setting Verbosity on created component to: high
20230416 055055.871 INFO             PET3     esm - Setting Profiling on created component to:          0
20230416 055055.877 INFO             PET3     esm: IInitAdvertise intro.
20230416 055055.878 INFO             PET3     esm: IInitAdvertise extro.
20230416 055055.878 INFO             PET3     RTM: InitializeIPDvXp01 intro.
20230416 055055.881 INFO             PET3     RTM: InitializeIPDvXp01 extro.
20230416 055055.890 INFO             PET3     ATM-TO-RTM: InitializeIPDv05p1 intro.
20230416 055055.912 INFO             PET3       ATM-TO-RTM: importState FieldTransferPolicy = transferNone
20230416 055055.912 INFO             PET3       ATM-TO-RTM: exportState FieldTransferPolicy = transferNone
20230416 055055.912 INFO             PET3     ATM-TO-RTM: InitializeIPDv05p1 extro.
20230416 055055.912 INFO             PET3     RTM-TO-OCN: InitializeIPDv05p1 intro.
20230416 055055.926 INFO             PET3       RTM-TO-OCN: importState FieldTransferPolicy = transferNone
20230416 055055.926 INFO             PET3       RTM-TO-OCN: exportState FieldTransferPolicy = transferNone
20230416 055055.926 INFO             PET3     RTM-TO-OCN: InitializeIPDv05p1 extro.
20230416 055055.926 INFO             PET3     esm: IInitAdvertiseFinish intro.
20230416 055055.926 INFO             PET3     esm: IInitAdvertiseFinish extro.
20230416 055055.927 INFO             PET3     ATM-TO-RTM: InitializeIPDv05p2a intro.
20230416 055055.949 INFO             PET3       ATM-TO-RTM:      importStandardNameList(i=  1): field_to_rtm
20230416 055055.949 INFO             PET3       ATM-TO-RTM:         importNamespaceList(i=  1): ATM
20230416 055055.949 INFO             PET3       ATM-TO-RTM:            importCplSetList(i=  1): __UNSPECIFIED__
20230416 055055.949 INFO             PET3       ATM-TO-RTM:      exportStandardNameList(j=  1): field_to_rtm
20230416 055055.949 INFO             PET3       ATM-TO-RTM:         exportNamespaceList(j=  1): RTM
20230416 055055.949 INFO             PET3       ATM-TO-RTM:            exportCplSetList(j=  1): __UNSPECIFIED__
20230416 055055.950 INFO             PET3       ATM-TO-RTM: bondLevel= 1
20230416 055055.950 INFO             PET3       ATM-TO-RTM: ProducerConnection (bondLevelMax):         1
20230416 055055.950 INFO             PET3     ATM-TO-RTM: InitializeIPDv05p2a extro.
20230416 055055.950 INFO             PET3     RTM-TO-OCN: InitializeIPDv05p2a intro.
20230416 055055.965 INFO             PET3       RTM-TO-OCN:      importStandardNameList(i=  1): field_from_rtm
20230416 055055.965 INFO             PET3       RTM-TO-OCN:         importNamespaceList(i=  1): RTM
20230416 055055.965 INFO             PET3       RTM-TO-OCN:            importCplSetList(i=  1): __UNSPECIFIED__
20230416 055055.965 INFO             PET3       RTM-TO-OCN:      exportStandardNameList(j=  1): field_from_rtm
20230416 055055.965 INFO             PET3       RTM-TO-OCN:         exportNamespaceList(j=  1): OCN
20230416 055055.965 INFO             PET3       RTM-TO-OCN:            exportCplSetList(j=  1): __UNSPECIFIED__
20230416 055055.965 INFO             PET3       RTM-TO-OCN: bondLevel= 1
20230416 055055.965 INFO             PET3       RTM-TO-OCN: ProducerConnection (bondLevelMax):         1
20230416 055055.965 INFO             PET3     RTM-TO-OCN: InitializeIPDv05p2a extro.
20230416 055055.966 INFO             PET3     ATM-TO-RTM: InitializeIPDv05p2b intro.
20230416 055055.988 INFO             PET3       ATM-TO-RTM:      importStandardNameList(i=  1): field_to_rtm
20230416 055055.988 INFO             PET3       ATM-TO-RTM:         importNamespaceList(i=  1): ATM
20230416 055055.988 INFO             PET3       ATM-TO-RTM:            importCplSetList(i=  1): __UNSPECIFIED__
20230416 055055.988 INFO             PET3       ATM-TO-RTM:      exportStandardNameList(j=  1): field_to_rtm
20230416 055055.988 INFO             PET3       ATM-TO-RTM:         exportNamespaceList(j=  1): RTM
20230416 055055.988 INFO             PET3       ATM-TO-RTM:            exportCplSetList(j=  1): __UNSPECIFIED__
20230416 055055.988 INFO             PET3       ATM-TO-RTM: bondLevel= 1
20230416 055055.988 INFO             PET3       ATM-TO-RTM: => added cplList(  1)=field_to_rtm, cplSetList(  1)=__UNSPECIFIED__
20230416 055055.988 INFO             PET3     ATM-TO-RTM: InitializeIPDv05p2b extro.
20230416 055055.989 INFO             PET3     RTM-TO-OCN: InitializeIPDv05p2b intro.
20230416 055056.004 INFO             PET3       RTM-TO-OCN:      importStandardNameList(i=  1): field_from_rtm
20230416 055056.004 INFO             PET3       RTM-TO-OCN:         importNamespaceList(i=  1): RTM
20230416 055056.004 INFO             PET3       RTM-TO-OCN:            importCplSetList(i=  1): __UNSPECIFIED__
20230416 055056.004 INFO             PET3       RTM-TO-OCN:      exportStandardNameList(j=  1): field_from_rtm
20230416 055056.004 INFO             PET3       RTM-TO-OCN:         exportNamespaceList(j=  1): OCN
20230416 055056.004 INFO             PET3       RTM-TO-OCN:            exportCplSetList(j=  1): __UNSPECIFIED__
20230416 055056.004 INFO             PET3       RTM-TO-OCN: bondLevel= 1
20230416 055056.004 INFO             PET3       RTM-TO-OCN: => added cplList(  1)=field_from_rtm, cplSetList(  1)=__UNSPECIFIED__
20230416 055056.004 INFO             PET3     RTM-TO-OCN: InitializeIPDv05p2b extro.
20230416 055056.004 INFO             PET3     esm: IInitModifyCplLists intro.
20230416 055056.005 INFO             PET3     esm: IInitModifyCplLists extro.
20230416 055056.005 INFO             PET3     ATM-TO-RTM: InitializeIPDv05p3 intro.
20230416 055056.028 INFO             PET3       ATM-TO-RTM: handle cplList(1): field_to_rtm, cplSetList(1): __UNSPECIFIED__
20230416 055056.028 INFO             PET3       ATM-TO-RTM: - connected.
20230416 055056.028 INFO             PET3       ATM-TO-RTM: - both sides must provide the Field/GeomObject.
20230416 055056.028 INFO             PET3     ATM-TO-RTM: InitializeIPDv05p3 extro.
20230416 055056.029 INFO             PET3     RTM-TO-OCN: InitializeIPDv05p3 intro.
20230416 055056.044 INFO             PET3       RTM-TO-OCN: handle cplList(1): field_from_rtm, cplSetList(1): __UNSPECIFIED__
20230416 055056.045 INFO             PET3       RTM-TO-OCN: - connected.
20230416 055056.045 INFO             PET3       RTM-TO-OCN: - both sides must provide the Field/GeomObject.
20230416 055056.045 INFO             PET3     RTM-TO-OCN: InitializeIPDv05p3 extro.
20230416 055056.045 INFO             PET3     <<<esm: leaving Initialize (phase=<none>) with current time: 2010  6  1  0  0  0   0
20230416 055056.045 INFO             PET3   esm: InitializeIPDv02p1 extro.
20230416 055056.045 INFO             PET3   esm: InitializeIPDv02p3 intro.
20230416 055056.045 INFO             PET3     >>>esm: entered Initialize (phase=<none>) with current time: 2010  6  1  0  0  0   0
20230416 055056.046 INFO             PET3     esm: IInitCheck intro.
20230416 055056.046 INFO             PET3     esm: IInitCheck extro.
20230416 055056.046 INFO             PET3     RTM: InitializeIPDvXp04 intro.
20230416 055056.052 INFO             PET3     RTM: InitializeIPDvXp04 extro.
20230416 055056.059 INFO             PET3     ATM-TO-RTM: InitializeIPDv05p4 intro.
20230416 055056.097 INFO             PET3       ATM-TO-RTM: handle cplList(1): field_to_rtm, cplSetList(1): __UNSPECIFIED__
20230416 055056.097 INFO             PET3       ATM-TO-RTM: - nothing shared or transferred
20230416 055056.097 INFO             PET3     ATM-TO-RTM: InitializeIPDv05p4 extro.
20230416 055056.097 INFO             PET3     RTM-TO-OCN: InitializeIPDv05p4 intro.
20230416 055056.120 INFO             PET3       RTM-TO-OCN: handle cplList(1): field_from_rtm, cplSetList(1): __UNSPECIFIED__
20230416 055056.120 INFO             PET3       RTM-TO-OCN: - nothing shared or transferred
20230416 055056.120 INFO             PET3     RTM-TO-OCN: InitializeIPDv05p4 extro.
20230416 055056.121 INFO             PET3     ATM-TO-RTM: InitializeIPDv05p5 intro.
20230416 055056.157 INFO             PET3       ATM-TO-RTM: handle cplList(1): field_to_rtm, cplSetList(1): __UNSPECIFIED__
20230416 055056.157 INFO             PET3       ATM-TO-RTM: - nothing shared or transferred, or may already be handled
20230416 055056.157 INFO             PET3     ATM-TO-RTM: InitializeIPDv05p5 extro.
20230416 055056.158 INFO             PET3     RTM-TO-OCN: InitializeIPDv05p5 intro.
20230416 055056.181 INFO             PET3       RTM-TO-OCN: handle cplList(1): field_from_rtm, cplSetList(1): __UNSPECIFIED__
20230416 055056.181 INFO             PET3       RTM-TO-OCN: - nothing shared or transferred, or may already be handled
20230416 055056.181 INFO             PET3     RTM-TO-OCN: InitializeIPDv05p5 extro.
20230416 055056.181 INFO             PET3     esm: IInitRealize intro.
20230416 055056.181 INFO             PET3     esm: IInitRealize extro.
20230416 055056.182 INFO             PET3     ATM-TO-RTM: InitializeIPDv05p6a intro.
20230416 055056.217 INFO             PET3     ATM-TO-RTM: InitializeIPDv05p6a extro.
20230416 055056.217 INFO             PET3     RTM-TO-OCN: InitializeIPDv05p6a intro.
20230416 055056.239 INFO             PET3     RTM-TO-OCN: InitializeIPDv05p6a extro.
20230416 055056.239 INFO             PET3     ATM-TO-RTM: InitializeIPDv05p6b intro.
20230416 055056.240 INFO             PET3       ATM-TO-RTM: handle cplList(1): field_to_rtm, cplSetList(1): __UNSPECIFIED__
20230416 055056.240 INFO             PET3       ATM-TO-RTM: - no Field sharing between import and export side: remap.
20230416 055056.240 DEBUG            PET3       ESMF_FieldBundleRegridStorePair(): Inside 'rhReuse' branch!
20230416 055056.240 DEBUG            PET3       ESMF_FieldBundleRegridStorePair(): srcGeomtype==ESMF_GEOMTYPE_GRID
20230416 055056.240 DEBUG            PET3       ESMF_FieldBundleRegridStorePair(): dstGeomtype==ESMF_GEOMTYPE_GRID
20230416 055056.240 DEBUG            PET3       ESMF_FieldBundleRegridStorePair(): no rhListMatch -> pre-compute new remapping!
20230416 055056.240 DEBUG            PET3       ESMF_FieldBundleRegridStorePair(): must precompute full regridding!
