2023-04-01 03:01:53
20230401 032542.607 INFO             PET0 !!!!!!!!!!!!!!!!!!!!!!!!!!!!!!!!!!!!!!!!!!!!!!!!!!!!!!
20230401 032542.607 INFO             PET0 !!! THE ESMF_LOG IS SET TO OUTPUT ALL LOG MESSAGES !!!
20230401 032542.607 INFO             PET0 !!!     THIS MAY CAUSE SLOWDOWN IN PERFORMANCE     !!!
20230401 032542.607 INFO             PET0 !!! FOR PRODUCTION RUNS, USE:                      !!!
20230401 032542.607 INFO             PET0 !!!                   ESMF_LOGKIND_Multi_On_Error  !!!
20230401 032542.607 INFO             PET0 !!!!!!!!!!!!!!!!!!!!!!!!!!!!!!!!!!!!!!!!!!!!!!!!!!!!!!
20230401 032542.607 INFO             PET0 Running with ESMF Version   : v8.5.0b19
20230401 032542.607 INFO             PET0 ESMF library build date/time: "Apr  1 2023" "03:00:46"
20230401 032542.607 INFO             PET0 ESMF library build location : /home/gerhard/ESMF-Nightly-Testing/gfortran_7.4.0_mpich_g_develop/esmf
20230401 032542.607 INFO             PET0 ESMF_COMM                   : mpich
20230401 032542.607 INFO             PET0 ESMF_MOAB                   : enabled
20230401 032542.607 INFO             PET0 ESMF_LAPACK                 : enabled
20230401 032542.607 INFO             PET0 ESMF_NETCDF                 : enabled
20230401 032542.607 INFO             PET0 ESMF_PNETCDF                : disabled
20230401 032542.607 INFO             PET0 ESMF_PIO                    : enabled
20230401 032542.607 INFO             PET0 ESMF_YAMLCPP                : enabled
20230401 032542.607 INFO             PET0 esmApp STARTING
20230401 032542.614 INFO             PET0 esm: InitializeGeneric intro.
20230401 032542.614 INFO             PET0   esm: InitializeP0 intro.
20230401 032542.614 INFO             PET0   esm: InitializeP0 extro.
20230401 032542.614 INFO             PET0   esm: InitializeIPDv02p1 intro.
20230401 032542.614 INFO             PET0     >>>esm: entered Initialize (phase=<none>) without valid internal Clock.
20230401 032542.615 INFO             PET0     esm - Creating model component ATM with petList of size 2 :
20230401 032542.615 INFO             PET0           0      1
20230401 032542.618 INFO             PET0     esm - Creating model component OCN with petList of size 2 :
20230401 032542.618 INFO             PET0           2      3
20230401 032542.619 INFO             PET0     esm - Creating connector component ATM-TO-OCN with petList of size 4 :
20230401 032542.619 INFO             PET0           0      1      2      3
20230401 032542.629 INFO             PET0     esm - Creating connector component OCN-TO-ATM with petList of size 4 :
20230401 032542.629 INFO             PET0           2      3      0      1
20230401 032542.635 INFO             PET0     esm - Creating state: modelComp 1 Import State
20230401 032542.635 INFO             PET0     esm - Creating state: modelComp 1 Export State
20230401 032542.635 INFO             PET0     esm - Creating state: modelComp 2 Import State
20230401 032542.635 INFO             PET0     esm - Creating state: modelComp 2 Export State
20230401 032542.637 INFO             PET0     ATM: InitializeP0 intro.
20230401 032542.638 INFO             PET0     ATM: InitializeP0 extro.
20230401 032542.640 INFO             PET0     ATM-TO-OCN: InitializeP0 intro.
20230401 032542.641 INFO             PET0     ATM-TO-OCN: InitializeP0 extro.
20230401 032542.641 INFO             PET0     OCN-TO-ATM: InitializeP0 intro.
20230401 032542.642 INFO             PET0     OCN-TO-ATM: InitializeP0 extro.
20230401 032542.644 INFO             PET0     esm: IInitAdvertise intro.
20230401 032542.644 INFO             PET0     esm: IInitAdvertise extro.
20230401 032542.644 INFO             PET0     ATM: InitializeIPDvXp01 intro.
20230401 032542.648 INFO             PET0     ATM: InitializeIPDvXp01 extro.
20230401 032542.649 INFO             PET0     ATM-TO-OCN: InitializeIPDv05p1 intro.
20230401 032542.657 INFO             PET0     ATM-TO-OCN: InitializeIPDv05p1 extro.
20230401 032542.657 INFO             PET0     OCN-TO-ATM: InitializeIPDv05p1 intro.
20230401 032542.661 INFO             PET0     OCN-TO-ATM: InitializeIPDv05p1 extro.
20230401 032542.661 INFO             PET0     esm: IInitAdvertiseFinish intro.
20230401 032542.661 INFO             PET0     esm: IInitAdvertiseFinish extro.
20230401 032542.662 INFO             PET0     ATM-TO-OCN: InitializeIPDv05p2a intro.
20230401 032542.669 INFO             PET0     ATM-TO-OCN: InitializeIPDv05p2a extro.
20230401 032542.669 INFO             PET0     OCN-TO-ATM: InitializeIPDv05p2a intro.
20230401 032542.673 INFO             PET0     OCN-TO-ATM: InitializeIPDv05p2a extro.
20230401 032542.674 INFO             PET0     ATM-TO-OCN: InitializeIPDv05p2b intro.
20230401 032542.681 INFO             PET0     ATM-TO-OCN: InitializeIPDv05p2b extro.
20230401 032542.681 INFO             PET0     OCN-TO-ATM: InitializeIPDv05p2b intro.
20230401 032542.686 INFO             PET0     OCN-TO-ATM: InitializeIPDv05p2b extro.
20230401 032542.686 INFO             PET0     esm: IInitModifyCplLists intro.
20230401 032542.686 INFO             PET0       Driver is in ModifyCplLists()
20230401 032542.686 INFO             PET0        Found            2  Connectors. Modifying CplList Attribute....
20230401 032542.687 INFO             PET0     esm: IInitModifyCplLists extro.
20230401 032542.687 INFO             PET0     ATM-TO-OCN: InitializeIPDv05p3 intro.
20230401 032542.695 INFO             PET0     ATM-TO-OCN: InitializeIPDv05p3 extro.
20230401 032542.695 INFO             PET0     OCN-TO-ATM: InitializeIPDv05p3 intro.
20230401 032542.700 INFO             PET0     OCN-TO-ATM: InitializeIPDv05p3 extro.
20230401 032542.700 INFO             PET0     <<<esm: leaving Initialize (phase=<none>) with current time: 2010  6  1  0  0  0   0
20230401 032542.700 INFO             PET0   esm: InitializeIPDv02p1 extro.
20230401 032542.700 INFO             PET0   esm: InitializeIPDv02p3 intro.
20230401 032542.700 INFO             PET0     >>>esm: entered Initialize (phase=<none>) with current time: 2010  6  1  0  0  0   0
20230401 032542.700 INFO             PET0     esm: IInitCheck intro.
20230401 032542.700 INFO             PET0     esm: IInitCheck extro.
20230401 032542.701 INFO             PET0     ATM: InitializeIPDvXp04 intro.
20230401 032542.707 INFO             PET0     ATM: InitializeIPDvXp04 extro.
20230401 032542.708 INFO             PET0     ATM-TO-OCN: InitializeIPDv05p4 intro.
20230401 032542.717 INFO             PET0     ATM-TO-OCN: InitializeIPDv05p4 extro.
20230401 032542.717 INFO             PET0     OCN-TO-ATM: InitializeIPDv05p4 intro.
20230401 032542.721 INFO             PET0     OCN-TO-ATM: InitializeIPDv05p4 extro.
20230401 032542.721 INFO             PET0     ATM-TO-OCN: InitializeIPDv05p5 intro.
20230401 032542.730 INFO             PET0     ATM-TO-OCN: InitializeIPDv05p5 extro.
20230401 032542.730 INFO             PET0     OCN-TO-ATM: InitializeIPDv05p5 intro.
20230401 032542.734 INFO             PET0     OCN-TO-ATM: InitializeIPDv05p5 extro.
20230401 032542.734 INFO             PET0     esm: IInitRealize intro.
20230401 032542.734 INFO             PET0     esm: IInitRealize extro.
20230401 032542.735 INFO             PET0     ATM-TO-OCN: InitializeIPDv05p6a intro.
20230401 032542.743 INFO             PET0     ATM-TO-OCN: InitializeIPDv05p6a extro.
20230401 032542.743 INFO             PET0     OCN-TO-ATM: InitializeIPDv05p6a intro.
20230401 032542.747 INFO             PET0     OCN-TO-ATM: InitializeIPDv05p6a extro.
20230401 032542.747 INFO             PET0     ATM-TO-OCN: InitializeIPDv05p6b intro.
20230401 032542.839 INFO             PET0     ATM-TO-OCN: InitializeIPDv05p6b extro.
20230401 032542.840 INFO             PET0     OCN-TO-ATM: InitializeIPDv05p6b intro.
20230401 032542.923 INFO             PET0     OCN-TO-ATM: InitializeIPDv05p6b extro.
20230401 032542.924 INFO             PET0     ATM: InitializeIPDvXp07 intro.
20230401 032542.924 INFO             PET0     ATM: InitializeIPDvXp07 extro.
20230401 032542.924 INFO             PET0     <<<esm: leaving Initialize (phase=<none>) with current time: 2010  6  1  0  0  0   0
20230401 032542.924 INFO             PET0   esm: InitializeIPDv02p3 extro.
20230401 032542.924 INFO             PET0   esm: InitializeIPDv02p5 intro.
20230401 032542.924 INFO             PET0     >>>esm: entered Initialize (phase=<none>) with current time: 2010  6  1  0  0  0   0
20230401 032542.924 INFO             PET0     esm: this is a top level driver, no 'Updated' and 'InitializeDataComplete' info on this level.
20230401 032542.924 INFO             PET0     esm: InitializeIPDv02p5Data intro.
20230401 032542.924 INFO             PET0       esm: InternalInitializeComplete intro.
20230401 032542.924 INFO             PET0         esm: InitializeDataComplete='true'
20230401 032542.924 INFO             PET0       esm: InternalInitializeComplete extro.
20230401 032542.924 INFO             PET0       ATM: InitializeIPDv01p5 intro.
20230401 032542.924 INFO             PET0       ATM: InitializeIPDv01p5 extro.
20230401 032542.926 INFO             PET0       esm: components present that trigger loopDataDependentInitialize().
20230401 032542.926 INFO             PET0       esm: loopDataDependentInitialize intro.
20230401 032542.926 INFO             PET0         esm: component    0=esm, dataComplete (local): true
20230401 032542.926 INFO             PET0         esm: component    0=esm, dataComplete (global): T
20230401 032542.926 INFO             PET0         esm: component    1=ATM, dataComplete (local): true
20230401 032542.926 INFO             PET0         esm: component    1=ATM, dataComplete (global): T
20230401 032542.926 INFO             PET0         esm: component    2=OCN, dataComplete (local): true
20230401 032542.926 INFO             PET0         esm: component    2=OCN, dataComplete (global): T
20230401 032542.926 INFO             PET0         esm: someProgress=F, allComplete=T, present(dataDepAllComplete)=T
20230401 032542.926 INFO             PET0         esm: finished resolving initialize data dependencies on this level.
20230401 032542.926 INFO             PET0       esm: loopDataDependentInitialize extro.
20230401 032542.926 INFO             PET0       esm: loopDataDependentInitialize() returned with dataDepAllComplete: T
20230401 032542.927 INFO             PET0     esm: InitializeIPDv02p5Data extro.
20230401 032542.927 INFO             PET0     <<<esm: leaving Initialize (phase=<none>) with current time: 2010  6  1  0  0  0   0
20230401 032542.927 INFO             PET0   esm: InitializeIPDv02p5 extro.
20230401 032542.927 INFO             PET0 esm: InitializeGeneric extro.
20230401 032542.927 INFO             PET0 esm: Run intro.
20230401 032542.927 INFO             PET0   >>>esm entered Run (phase=RunPhase1) with current time: 2010  6  1  0  0  0   0
20230401 032542.927 INFO             PET0   esm: after lable_SetRunClock, current time: 2010  6  1  0  0  0   0
20230401 032542.927 INFO             PET0   esm: begin -------> RunSequence.
20230401 032542.927 INFO             PET0     esm: RunSequence event loopLevel=   1  levelMember=   1  loopIteration=   1, current time: 2010  6  1  0  0  0   0
20230401 032542.927 INFO             PET0     ATM-TO-OCN: Run intro.
20230401 032542.927 INFO             PET0     ATM-TO-OCN: Run extro.
20230401 032542.927 INFO             PET0     OCN-TO-ATM: Run intro.
20230401 032542.928 INFO             PET0     OCN-TO-ATM: Run extro.
20230401 032542.928 INFO             PET0     ATM: Run intro.
20230401 032542.928 INFO             PET0       ------>Advancing ATM from: 2010  6  1  0  0  0   0
20230401 032542.928 INFO             PET0       ---------------------> to: 2010  6  1  0 15  0   0
20230401 032542.928 INFO             PET0     ATM: Run extro.
20230401 032542.928 INFO             PET0     esm: RunSequence event loopLevel=   1  levelMember=   1  loopIteration=   2, current time: 2010  6  1  0 15  0   0
20230401 032542.928 INFO             PET0     ATM-TO-OCN: Run intro.
20230401 032542.928 INFO             PET0     ATM-TO-OCN: Run extro.
20230401 032542.928 INFO             PET0     OCN-TO-ATM: Run intro.
20230401 032542.932 INFO             PET0     OCN-TO-ATM: Run extro.
20230401 032542.932 INFO             PET0     ATM: Run intro.
20230401 032542.933 INFO             PET0       ------>Advancing ATM from: 2010  6  1  0 15  0   0
20230401 032542.933 INFO             PET0       ---------------------> to: 2010  6  1  0 30  0   0
20230401 032542.933 INFO             PET0     ATM: Run extro.
20230401 032542.933 INFO             PET0     esm: RunSequence event loopLevel=   1  levelMember=   1  loopIteration=   3, current time: 2010  6  1  0 30  0   0
20230401 032542.933 INFO             PET0     ATM-TO-OCN: Run intro.
20230401 032542.933 INFO             PET0     ATM-TO-OCN: Run extro.
20230401 032542.933 INFO             PET0     OCN-TO-ATM: Run intro.
20230401 032542.936 INFO             PET0     OCN-TO-ATM: Run extro.
20230401 032542.936 INFO             PET0     ATM: Run intro.
20230401 032542.936 INFO             PET0       ------>Advancing ATM from: 2010  6  1  0 30  0   0
20230401 032542.936 INFO             PET0       ---------------------> to: 2010  6  1  0 45  0   0
20230401 032542.936 INFO             PET0     ATM: Run extro.
20230401 032542.936 INFO             PET0     esm: RunSequence event loopLevel=   1  levelMember=   1  loopIteration=   4, current time: 2010  6  1  0 45  0   0
20230401 032542.936 INFO             PET0     ATM-TO-OCN: Run intro.
20230401 032542.936 INFO             PET0     ATM-TO-OCN: Run extro.
20230401 032542.936 INFO             PET0     OCN-TO-ATM: Run intro.
20230401 032542.939 INFO             PET0     OCN-TO-ATM: Run extro.
20230401 032542.939 INFO             PET0     ATM: Run intro.
20230401 032542.939 INFO             PET0       ------>Advancing ATM from: 2010  6  1  0 45  0   0
20230401 032542.939 INFO             PET0       ---------------------> to: 2010  6  1  1  0  0   0
20230401 032542.939 INFO             PET0     ATM: Run extro.
20230401 032542.939 INFO             PET0   esm: end <--------- RunSequence
20230401 032542.939 INFO             PET0   <<<esm - leaving Run with current time: 2010  6  1  1  0  0   0
20230401 032542.939 INFO             PET0 esm: Run extro.
20230401 032542.939 INFO             PET0 esm: Finalize intro.
20230401 032542.939 INFO             PET0   Calling Finalize phase 1 for connectorComp: ATM-TO-OCN
20230401 032542.939 INFO             PET0   ATM-TO-OCN: Finalize intro.
20230401 032542.940 INFO             PET0   ATM-TO-OCN: Finalize extro.
20230401 032542.940 INFO             PET0   Calling Finalize phase 1 for connectorComp: OCN-TO-ATM
20230401 032542.940 INFO             PET0   OCN-TO-ATM: Finalize intro.
20230401 032542.940 INFO             PET0   OCN-TO-ATM: Finalize extro.
20230401 032542.940 INFO             PET0   Calling Finalize phase 1 for modelComp: ATM
20230401 032542.940 INFO             PET0   ATM: Finalize intro.
20230401 032542.940 INFO             PET0   ATM: Finalize extro.
20230401 032542.940 INFO             PET0   Calling Finalize phase 1 for modelComp: OCN
20230401 032542.940 INFO             PET0   Delete modelComp: ATM
20230401 032542.940 INFO             PET0   Delete Import-/Export State for modelComp: ATM
20230401 032542.940 INFO             PET0   Delete modelComp: OCN
20230401 032542.940 INFO             PET0   Delete Import-/Export State for modelComp: OCN
20230401 032542.940 INFO             PET0   Delete connectorComp: ATM-TO-OCN
20230401 032542.940 INFO             PET0   Delete connectorComp: OCN-TO-ATM
20230401 032542.940 INFO             PET0 esm: Finalize extro.
20230401 032542.940 INFO             PET0 esmApp FINISHED
20230401 032542.940 INFO             PET0 Finalizing ESMF
20230401 032542.607 INFO             PET1 !!!!!!!!!!!!!!!!!!!!!!!!!!!!!!!!!!!!!!!!!!!!!!!!!!!!!!
20230401 032542.607 INFO             PET1 !!! THE ESMF_LOG IS SET TO OUTPUT ALL LOG MESSAGES !!!
20230401 032542.607 INFO             PET1 !!!     THIS MAY CAUSE SLOWDOWN IN PERFORMANCE     !!!
20230401 032542.607 INFO             PET1 !!! FOR PRODUCTION RUNS, USE:                      !!!
20230401 032542.607 INFO             PET1 !!!                   ESMF_LOGKIND_Multi_On_Error  !!!
20230401 032542.607 INFO             PET1 !!!!!!!!!!!!!!!!!!!!!!!!!!!!!!!!!!!!!!!!!!!!!!!!!!!!!!
20230401 032542.607 INFO             PET1 Running with ESMF Version   : v8.5.0b19
20230401 032542.607 INFO             PET1 ESMF library build date/time: "Apr  1 2023" "03:00:46"
20230401 032542.607 INFO             PET1 ESMF library build location : /home/gerhard/ESMF-Nightly-Testing/gfortran_7.4.0_mpich_g_develop/esmf
20230401 032542.607 INFO             PET1 ESMF_COMM                   : mpich
20230401 032542.607 INFO             PET1 ESMF_MOAB                   : enabled
20230401 032542.607 INFO             PET1 ESMF_LAPACK                 : enabled
20230401 032542.607 INFO             PET1 ESMF_NETCDF                 : enabled
20230401 032542.607 INFO             PET1 ESMF_PNETCDF                : disabled
20230401 032542.607 INFO             PET1 ESMF_PIO                    : enabled
20230401 032542.607 INFO             PET1 ESMF_YAMLCPP                : enabled
20230401 032542.607 INFO             PET1 esmApp STARTING
20230401 032542.612 INFO             PET1 esm: InitializeGeneric intro.
20230401 032542.612 INFO             PET1   esm: InitializeP0 intro.
20230401 032542.612 INFO             PET1   esm: InitializeP0 extro.
20230401 032542.612 INFO             PET1   esm: InitializeIPDv02p1 intro.
20230401 032542.612 INFO             PET1     >>>esm: entered Initialize (phase=<none>) without valid internal Clock.
20230401 032542.615 INFO             PET1     esm - Creating model component ATM with petList of size 2 :
20230401 032542.615 INFO             PET1           0      1
20230401 032542.618 INFO             PET1     esm - Creating model component OCN with petList of size 2 :
20230401 032542.618 INFO             PET1           2      3
20230401 032542.619 INFO             PET1     esm - Creating connector component ATM-TO-OCN with petList of size 4 :
20230401 032542.619 INFO             PET1           0      1      2      3
20230401 032542.626 INFO             PET1     esm - Creating connector component OCN-TO-ATM with petList of size 4 :
20230401 032542.626 INFO             PET1           2      3      0      1
20230401 032542.632 INFO             PET1     esm - Creating state: modelComp 1 Import State
20230401 032542.632 INFO             PET1     esm - Creating state: modelComp 1 Export State
20230401 032542.632 INFO             PET1     esm - Creating state: modelComp 2 Import State
20230401 032542.632 INFO             PET1     esm - Creating state: modelComp 2 Export State
20230401 032542.633 INFO             PET1     ATM: InitializeP0 intro.
20230401 032542.634 INFO             PET1     ATM: InitializeP0 extro.
20230401 032542.640 INFO             PET1     ATM-TO-OCN: InitializeP0 intro.
20230401 032542.640 INFO             PET1     ATM-TO-OCN: InitializeP0 extro.
20230401 032542.641 INFO             PET1     OCN-TO-ATM: InitializeP0 intro.
20230401 032542.641 INFO             PET1     OCN-TO-ATM: InitializeP0 extro.
20230401 032542.643 INFO             PET1     esm: IInitAdvertise intro.
20230401 032542.643 INFO             PET1     esm: IInitAdvertise extro.
20230401 032542.643 INFO             PET1     ATM: InitializeIPDvXp01 intro.
20230401 032542.645 INFO             PET1     ATM: InitializeIPDvXp01 extro.
20230401 032542.649 INFO             PET1     ATM-TO-OCN: InitializeIPDv05p1 intro.
20230401 032542.657 INFO             PET1     ATM-TO-OCN: InitializeIPDv05p1 extro.
20230401 032542.657 INFO             PET1     OCN-TO-ATM: InitializeIPDv05p1 intro.
20230401 032542.661 INFO             PET1     OCN-TO-ATM: InitializeIPDv05p1 extro.
20230401 032542.661 INFO             PET1     esm: IInitAdvertiseFinish intro.
20230401 032542.661 INFO             PET1     esm: IInitAdvertiseFinish extro.
20230401 032542.661 INFO             PET1     ATM-TO-OCN: InitializeIPDv05p2a intro.
20230401 032542.669 INFO             PET1     ATM-TO-OCN: InitializeIPDv05p2a extro.
20230401 032542.669 INFO             PET1     OCN-TO-ATM: InitializeIPDv05p2a intro.
20230401 032542.673 INFO             PET1     OCN-TO-ATM: InitializeIPDv05p2a extro.
20230401 032542.673 INFO             PET1     ATM-TO-OCN: InitializeIPDv05p2b intro.
20230401 032542.681 INFO             PET1     ATM-TO-OCN: InitializeIPDv05p2b extro.
20230401 032542.681 INFO             PET1     OCN-TO-ATM: InitializeIPDv05p2b intro.
20230401 032542.685 INFO             PET1     OCN-TO-ATM: InitializeIPDv05p2b extro.
20230401 032542.686 INFO             PET1     esm: IInitModifyCplLists intro.
20230401 032542.686 INFO             PET1       Driver is in ModifyCplLists()
20230401 032542.686 INFO             PET1        Found            2  Connectors. Modifying CplList Attribute....
20230401 032542.686 INFO             PET1     esm: IInitModifyCplLists extro.
20230401 032542.686 INFO             PET1     ATM-TO-OCN: InitializeIPDv05p3 intro.
20230401 032542.694 INFO             PET1     ATM-TO-OCN: InitializeIPDv05p3 extro.
20230401 032542.694 INFO             PET1     OCN-TO-ATM: InitializeIPDv05p3 intro.
20230401 032542.699 INFO             PET1     OCN-TO-ATM: InitializeIPDv05p3 extro.
20230401 032542.700 INFO             PET1     <<<esm: leaving Initialize (phase=<none>) with current time: 2010  6  1  0  0  0   0
20230401 032542.700 INFO             PET1   esm: InitializeIPDv02p1 extro.
20230401 032542.700 INFO             PET1   esm: InitializeIPDv02p3 intro.
20230401 032542.700 INFO             PET1     >>>esm: entered Initialize (phase=<none>) with current time: 2010  6  1  0  0  0   0
20230401 032542.700 INFO             PET1     esm: IInitCheck intro.
20230401 032542.700 INFO             PET1     esm: IInitCheck extro.
20230401 032542.700 INFO             PET1     ATM: InitializeIPDvXp04 intro.
20230401 032542.704 INFO             PET1     ATM: InitializeIPDvXp04 extro.
20230401 032542.708 INFO             PET1     ATM-TO-OCN: InitializeIPDv05p4 intro.
20230401 032542.717 INFO             PET1     ATM-TO-OCN: InitializeIPDv05p4 extro.
20230401 032542.717 INFO             PET1     OCN-TO-ATM: InitializeIPDv05p4 intro.
20230401 032542.721 INFO             PET1     OCN-TO-ATM: InitializeIPDv05p4 extro.
20230401 032542.721 INFO             PET1     ATM-TO-OCN: InitializeIPDv05p5 intro.
20230401 032542.730 INFO             PET1     ATM-TO-OCN: InitializeIPDv05p5 extro.
20230401 032542.730 INFO             PET1     OCN-TO-ATM: InitializeIPDv05p5 intro.
20230401 032542.734 INFO             PET1     OCN-TO-ATM: InitializeIPDv05p5 extro.
20230401 032542.734 INFO             PET1     esm: IInitRealize intro.
20230401 032542.734 INFO             PET1     esm: IInitRealize extro.
20230401 032542.735 INFO             PET1     ATM-TO-OCN: InitializeIPDv05p6a intro.
20230401 032542.743 INFO             PET1     ATM-TO-OCN: InitializeIPDv05p6a extro.
20230401 032542.743 INFO             PET1     OCN-TO-ATM: InitializeIPDv05p6a intro.
20230401 032542.747 INFO             PET1     OCN-TO-ATM: InitializeIPDv05p6a extro.
20230401 032542.747 INFO             PET1     ATM-TO-OCN: InitializeIPDv05p6b intro.
20230401 032542.839 INFO             PET1     ATM-TO-OCN: InitializeIPDv05p6b extro.
20230401 032542.840 INFO             PET1     OCN-TO-ATM: InitializeIPDv05p6b intro.
20230401 032542.923 INFO             PET1     OCN-TO-ATM: InitializeIPDv05p6b extro.
20230401 032542.924 INFO             PET1     ATM: InitializeIPDvXp07 intro.
20230401 032542.924 INFO             PET1     ATM: InitializeIPDvXp07 extro.
20230401 032542.924 INFO             PET1     <<<esm: leaving Initialize (phase=<none>) with current time: 2010  6  1  0  0  0   0
20230401 032542.924 INFO             PET1   esm: InitializeIPDv02p3 extro.
20230401 032542.924 INFO             PET1   esm: InitializeIPDv02p5 intro.
20230401 032542.924 INFO             PET1     >>>esm: entered Initialize (phase=<none>) with current time: 2010  6  1  0  0  0   0
20230401 032542.924 INFO             PET1     esm: this is a top level driver, no 'Updated' and 'InitializeDataComplete' info on this level.
20230401 032542.924 INFO             PET1     esm: InitializeIPDv02p5Data intro.
20230401 032542.924 INFO             PET1       esm: InternalInitializeComplete intro.
20230401 032542.924 INFO             PET1         esm: InitializeDataComplete='true'
20230401 032542.924 INFO             PET1       esm: InternalInitializeComplete extro.
20230401 032542.924 INFO             PET1       ATM: InitializeIPDv01p5 intro.
20230401 032542.924 INFO             PET1       ATM: InitializeIPDv01p5 extro.
20230401 032542.926 INFO             PET1       esm: components present that trigger loopDataDependentInitialize().
20230401 032542.926 INFO             PET1       esm: loopDataDependentInitialize intro.
20230401 032542.926 INFO             PET1         esm: component    0=esm, dataComplete (local): true
20230401 032542.926 INFO             PET1         esm: component    0=esm, dataComplete (global): T
20230401 032542.926 INFO             PET1         esm: component    1=ATM, dataComplete (local): true
20230401 032542.926 INFO             PET1         esm: component    1=ATM, dataComplete (global): T
20230401 032542.926 INFO             PET1         esm: component    2=OCN, dataComplete (local): true
20230401 032542.926 INFO             PET1         esm: component    2=OCN, dataComplete (global): T
20230401 032542.926 INFO             PET1         esm: someProgress=F, allComplete=T, present(dataDepAllComplete)=T
20230401 032542.926 INFO             PET1         esm: finished resolving initialize data dependencies on this level.
20230401 032542.926 INFO             PET1       esm: loopDataDependentInitialize extro.
20230401 032542.926 INFO             PET1       esm: loopDataDependentInitialize() returned with dataDepAllComplete: T
20230401 032542.927 INFO             PET1     esm: InitializeIPDv02p5Data extro.
20230401 032542.927 INFO             PET1     <<<esm: leaving Initialize (phase=<none>) with current time: 2010  6  1  0  0  0   0
20230401 032542.927 INFO             PET1   esm: InitializeIPDv02p5 extro.
20230401 032542.927 INFO             PET1 esm: InitializeGeneric extro.
20230401 032542.927 INFO             PET1 esm: Run intro.
20230401 032542.927 INFO             PET1   >>>esm entered Run (phase=RunPhase1) with current time: 2010  6  1  0  0  0   0
20230401 032542.927 INFO             PET1   esm: after lable_SetRunClock, current time: 2010  6  1  0  0  0   0
20230401 032542.927 INFO             PET1   esm: begin -------> RunSequence.
20230401 032542.927 INFO             PET1     esm: RunSequence event loopLevel=   1  levelMember=   1  loopIteration=   1, current time: 2010  6  1  0  0  0   0
20230401 032542.927 INFO             PET1     ATM-TO-OCN: Run intro.
20230401 032542.927 INFO             PET1     ATM-TO-OCN: Run extro.
20230401 032542.927 INFO             PET1     OCN-TO-ATM: Run intro.
20230401 032542.928 INFO             PET1     OCN-TO-ATM: Run extro.
20230401 032542.928 INFO             PET1     ATM: Run intro.
20230401 032542.928 INFO             PET1       ------>Advancing ATM from: 2010  6  1  0  0  0   0
20230401 032542.928 INFO             PET1       ---------------------> to: 2010  6  1  0 15  0   0
20230401 032542.928 INFO             PET1     ATM: Run extro.
20230401 032542.928 INFO             PET1     esm: RunSequence event loopLevel=   1  levelMember=   1  loopIteration=   2, current time: 2010  6  1  0 15  0   0
20230401 032542.928 INFO             PET1     ATM-TO-OCN: Run intro.
20230401 032542.928 INFO             PET1     ATM-TO-OCN: Run extro.
20230401 032542.928 INFO             PET1     OCN-TO-ATM: Run intro.
20230401 032542.932 INFO             PET1     OCN-TO-ATM: Run extro.
20230401 032542.932 INFO             PET1     ATM: Run intro.
20230401 032542.933 INFO             PET1       ------>Advancing ATM from: 2010  6  1  0 15  0   0
20230401 032542.933 INFO             PET1       ---------------------> to: 2010  6  1  0 30  0   0
20230401 032542.933 INFO             PET1     ATM: Run extro.
20230401 032542.933 INFO             PET1     esm: RunSequence event loopLevel=   1  levelMember=   1  loopIteration=   3, current time: 2010  6  1  0 30  0   0
20230401 032542.933 INFO             PET1     ATM-TO-OCN: Run intro.
20230401 032542.933 INFO             PET1     ATM-TO-OCN: Run extro.
20230401 032542.933 INFO             PET1     OCN-TO-ATM: Run intro.
20230401 032542.936 INFO             PET1     OCN-TO-ATM: Run extro.
20230401 032542.936 INFO             PET1     ATM: Run intro.
20230401 032542.936 INFO             PET1       ------>Advancing ATM from: 2010  6  1  0 30  0   0
20230401 032542.936 INFO             PET1       ---------------------> to: 2010  6  1  0 45  0   0
20230401 032542.936 INFO             PET1     ATM: Run extro.
20230401 032542.936 INFO             PET1     esm: RunSequence event loopLevel=   1  levelMember=   1  loopIteration=   4, current time: 2010  6  1  0 45  0   0
20230401 032542.936 INFO             PET1     ATM-TO-OCN: Run intro.
20230401 032542.936 INFO             PET1     ATM-TO-OCN: Run extro.
20230401 032542.936 INFO             PET1     OCN-TO-ATM: Run intro.
20230401 032542.939 INFO             PET1     OCN-TO-ATM: Run extro.
20230401 032542.939 INFO             PET1     ATM: Run intro.
20230401 032542.939 INFO             PET1       ------>Advancing ATM from: 2010  6  1  0 45  0   0
20230401 032542.939 INFO             PET1       ---------------------> to: 2010  6  1  1  0  0   0
20230401 032542.939 INFO             PET1     ATM: Run extro.
20230401 032542.939 INFO             PET1   esm: end <--------- RunSequence
20230401 032542.939 INFO             PET1   <<<esm - leaving Run with current time: 2010  6  1  1  0  0   0
20230401 032542.939 INFO             PET1 esm: Run extro.
20230401 032542.939 INFO             PET1 esm: Finalize intro.
20230401 032542.939 INFO             PET1   Calling Finalize phase 1 for connectorComp: ATM-TO-OCN
20230401 032542.939 INFO             PET1   ATM-TO-OCN: Finalize intro.
20230401 032542.940 INFO             PET1   ATM-TO-OCN: Finalize extro.
20230401 032542.940 INFO             PET1   Calling Finalize phase 1 for connectorComp: OCN-TO-ATM
20230401 032542.940 INFO             PET1   OCN-TO-ATM: Finalize intro.
20230401 032542.940 INFO             PET1   OCN-TO-ATM: Finalize extro.
20230401 032542.940 INFO             PET1   Calling Finalize phase 1 for modelComp: ATM
20230401 032542.940 INFO             PET1   ATM: Finalize intro.
20230401 032542.940 INFO             PET1   ATM: Finalize extro.
20230401 032542.940 INFO             PET1   Calling Finalize phase 1 for modelComp: OCN
20230401 032542.940 INFO             PET1   Delete modelComp: ATM
20230401 032542.940 INFO             PET1   Delete Import-/Export State for modelComp: ATM
20230401 032542.940 INFO             PET1   Delete modelComp: OCN
20230401 032542.940 INFO             PET1   Delete Import-/Export State for modelComp: OCN
20230401 032542.940 INFO             PET1   Delete connectorComp: ATM-TO-OCN
20230401 032542.940 INFO             PET1   Delete connectorComp: OCN-TO-ATM
20230401 032542.940 INFO             PET1 esm: Finalize extro.
20230401 032542.940 INFO             PET1 esmApp FINISHED
20230401 032542.940 INFO             PET1 Finalizing ESMF
20230401 032542.607 INFO             PET2 !!!!!!!!!!!!!!!!!!!!!!!!!!!!!!!!!!!!!!!!!!!!!!!!!!!!!!
20230401 032542.607 INFO             PET2 !!! THE ESMF_LOG IS SET TO OUTPUT ALL LOG MESSAGES !!!
20230401 032542.607 INFO             PET2 !!!     THIS MAY CAUSE SLOWDOWN IN PERFORMANCE     !!!
20230401 032542.607 INFO             PET2 !!! FOR PRODUCTION RUNS, USE:                      !!!
20230401 032542.607 INFO             PET2 !!!                   ESMF_LOGKIND_Multi_On_Error  !!!
20230401 032542.607 INFO             PET2 !!!!!!!!!!!!!!!!!!!!!!!!!!!!!!!!!!!!!!!!!!!!!!!!!!!!!!
20230401 032542.607 INFO             PET2 Running with ESMF Version   : v8.5.0b19
20230401 032542.607 INFO             PET2 ESMF library build date/time: "Apr  1 2023" "03:00:46"
20230401 032542.607 INFO             PET2 ESMF library build location : /home/gerhard/ESMF-Nightly-Testing/gfortran_7.4.0_mpich_g_develop/esmf
20230401 032542.607 INFO             PET2 ESMF_COMM                   : mpich
20230401 032542.607 INFO             PET2 ESMF_MOAB                   : enabled
20230401 032542.607 INFO             PET2 ESMF_LAPACK                 : enabled
20230401 032542.607 INFO             PET2 ESMF_NETCDF                 : enabled
20230401 032542.607 INFO             PET2 ESMF_PNETCDF                : disabled
20230401 032542.607 INFO             PET2 ESMF_PIO                    : enabled
20230401 032542.607 INFO             PET2 ESMF_YAMLCPP                : enabled
20230401 032542.607 INFO             PET2 esmApp STARTING
20230401 032542.612 INFO             PET2 esm: InitializeGeneric intro.
20230401 032542.612 INFO             PET2   esm: InitializeP0 intro.
20230401 032542.612 INFO             PET2   esm: InitializeP0 extro.
20230401 032542.612 INFO             PET2   esm: InitializeIPDv02p1 intro.
20230401 032542.612 INFO             PET2     >>>esm: entered Initialize (phase=<none>) without valid internal Clock.
20230401 032542.615 INFO             PET2     esm - Creating model component ATM with petList of size 2 :
20230401 032542.615 INFO             PET2           0      1
20230401 032542.618 INFO             PET2     esm - Creating model component OCN with petList of size 2 :
20230401 032542.618 INFO             PET2           2      3
20230401 032542.621 INFO             PET2     esm - Creating connector component ATM-TO-OCN with petList of size 4 :
20230401 032542.621 INFO             PET2           0      1      2      3
20230401 032542.626 INFO             PET2     esm - Creating connector component OCN-TO-ATM with petList of size 4 :
20230401 032542.626 INFO             PET2           2      3      0      1
20230401 032542.632 INFO             PET2     esm - Creating state: modelComp 1 Import State
20230401 032542.632 INFO             PET2     esm - Creating state: modelComp 1 Export State
20230401 032542.632 INFO             PET2     esm - Creating state: modelComp 2 Import State
20230401 032542.632 INFO             PET2     esm - Creating state: modelComp 2 Export State
20230401 032542.633 INFO             PET2     OCN: InitializeP0 intro.
20230401 032542.634 INFO             PET2     OCN: InitializeP0 extro.
20230401 032542.640 INFO             PET2     ATM-TO-OCN: InitializeP0 intro.
20230401 032542.640 INFO             PET2     ATM-TO-OCN: InitializeP0 extro.
20230401 032542.641 INFO             PET2     OCN-TO-ATM: InitializeP0 intro.
20230401 032542.641 INFO             PET2     OCN-TO-ATM: InitializeP0 extro.
20230401 032542.643 INFO             PET2     esm: IInitAdvertise intro.
20230401 032542.643 INFO             PET2     esm: IInitAdvertise extro.
20230401 032542.643 INFO             PET2     OCN: InitializeIPDvXp01 intro.
20230401 032542.645 INFO             PET2     OCN: InitializeIPDvXp01 extro.
20230401 032542.649 INFO             PET2     ATM-TO-OCN: InitializeIPDv05p1 intro.
20230401 032542.657 INFO             PET2     ATM-TO-OCN: InitializeIPDv05p1 extro.
20230401 032542.657 INFO             PET2     OCN-TO-ATM: InitializeIPDv05p1 intro.
20230401 032542.661 INFO             PET2     OCN-TO-ATM: InitializeIPDv05p1 extro.
20230401 032542.661 INFO             PET2     esm: IInitAdvertiseFinish intro.
20230401 032542.661 INFO             PET2     esm: IInitAdvertiseFinish extro.
20230401 032542.661 INFO             PET2     ATM-TO-OCN: InitializeIPDv05p2a intro.
20230401 032542.669 INFO             PET2     ATM-TO-OCN: InitializeIPDv05p2a extro.
20230401 032542.669 INFO             PET2     OCN-TO-ATM: InitializeIPDv05p2a intro.
20230401 032542.673 INFO             PET2     OCN-TO-ATM: InitializeIPDv05p2a extro.
20230401 032542.673 INFO             PET2     ATM-TO-OCN: InitializeIPDv05p2b intro.
20230401 032542.681 INFO             PET2     ATM-TO-OCN: InitializeIPDv05p2b extro.
20230401 032542.681 INFO             PET2     OCN-TO-ATM: InitializeIPDv05p2b intro.
20230401 032542.685 INFO             PET2     OCN-TO-ATM: InitializeIPDv05p2b extro.
20230401 032542.686 INFO             PET2     esm: IInitModifyCplLists intro.
20230401 032542.686 INFO             PET2       Driver is in ModifyCplLists()
20230401 032542.686 INFO             PET2        Found            2  Connectors. Modifying CplList Attribute....
20230401 032542.686 INFO             PET2     esm: IInitModifyCplLists extro.
20230401 032542.686 INFO             PET2     ATM-TO-OCN: InitializeIPDv05p3 intro.
20230401 032542.694 INFO             PET2     ATM-TO-OCN: InitializeIPDv05p3 extro.
20230401 032542.694 INFO             PET2     OCN-TO-ATM: InitializeIPDv05p3 intro.
20230401 032542.699 INFO             PET2     OCN-TO-ATM: InitializeIPDv05p3 extro.
20230401 032542.700 INFO             PET2     <<<esm: leaving Initialize (phase=<none>) with current time: 2010  6  1  0  0  0   0
20230401 032542.700 INFO             PET2   esm: InitializeIPDv02p1 extro.
20230401 032542.700 INFO             PET2   esm: InitializeIPDv02p3 intro.
20230401 032542.700 INFO             PET2     >>>esm: entered Initialize (phase=<none>) with current time: 2010  6  1  0  0  0   0
20230401 032542.700 INFO             PET2     esm: IInitCheck intro.
20230401 032542.700 INFO             PET2     esm: IInitCheck extro.
20230401 032542.700 INFO             PET2     OCN: InitializeIPDvXp04 intro.
20230401 032542.704 INFO             PET2     OCN: InitializeIPDvXp04 extro.
20230401 032542.708 INFO             PET2     ATM-TO-OCN: InitializeIPDv05p4 intro.
20230401 032542.717 INFO             PET2     ATM-TO-OCN: InitializeIPDv05p4 extro.
20230401 032542.717 INFO             PET2     OCN-TO-ATM: InitializeIPDv05p4 intro.
20230401 032542.721 INFO             PET2     OCN-TO-ATM: InitializeIPDv05p4 extro.
20230401 032542.721 INFO             PET2     ATM-TO-OCN: InitializeIPDv05p5 intro.
20230401 032542.730 INFO             PET2     ATM-TO-OCN: InitializeIPDv05p5 extro.
20230401 032542.730 INFO             PET2     OCN-TO-ATM: InitializeIPDv05p5 intro.
20230401 032542.734 INFO             PET2     OCN-TO-ATM: InitializeIPDv05p5 extro.
20230401 032542.734 INFO             PET2     esm: IInitRealize intro.
20230401 032542.734 INFO             PET2     esm: IInitRealize extro.
20230401 032542.735 INFO             PET2     ATM-TO-OCN: InitializeIPDv05p6a intro.
20230401 032542.743 INFO             PET2     ATM-TO-OCN: InitializeIPDv05p6a extro.
20230401 032542.743 INFO             PET2     OCN-TO-ATM: InitializeIPDv05p6a intro.
20230401 032542.747 INFO             PET2     OCN-TO-ATM: InitializeIPDv05p6a extro.
20230401 032542.747 INFO             PET2     ATM-TO-OCN: InitializeIPDv05p6b intro.
20230401 032542.839 INFO             PET2     ATM-TO-OCN: InitializeIPDv05p6b extro.
20230401 032542.840 INFO             PET2     OCN-TO-ATM: InitializeIPDv05p6b intro.
20230401 032542.923 INFO             PET2     OCN-TO-ATM: InitializeIPDv05p6b extro.
20230401 032542.924 INFO             PET2     OCN: InitializeIPDvXp07 intro.
20230401 032542.924 INFO             PET2     OCN: InitializeIPDvXp07 extro.
20230401 032542.924 INFO             PET2     <<<esm: leaving Initialize (phase=<none>) with current time: 2010  6  1  0  0  0   0
20230401 032542.924 INFO             PET2   esm: InitializeIPDv02p3 extro.
20230401 032542.924 INFO             PET2   esm: InitializeIPDv02p5 intro.
20230401 032542.924 INFO             PET2     >>>esm: entered Initialize (phase=<none>) with current time: 2010  6  1  0  0  0   0
20230401 032542.924 INFO             PET2     esm: this is a top level driver, no 'Updated' and 'InitializeDataComplete' info on this level.
20230401 032542.924 INFO             PET2     esm: InitializeIPDv02p5Data intro.
20230401 032542.924 INFO             PET2       esm: InternalInitializeComplete intro.
20230401 032542.924 INFO             PET2         esm: InitializeDataComplete='true'
20230401 032542.924 INFO             PET2       esm: InternalInitializeComplete extro.
20230401 032542.924 INFO             PET2       OCN: InitializeIPDv01p5 intro.
20230401 032542.925 INFO             PET2       OCN: InitializeIPDv01p5 extro.
20230401 032542.926 INFO             PET2       esm: components present that trigger loopDataDependentInitialize().
20230401 032542.926 INFO             PET2       esm: loopDataDependentInitialize intro.
20230401 032542.926 INFO             PET2         esm: component    0=esm, dataComplete (local): true
20230401 032542.926 INFO             PET2         esm: component    0=esm, dataComplete (global): T
20230401 032542.926 INFO             PET2         esm: component    1=ATM, dataComplete (local): true
20230401 032542.926 INFO             PET2         esm: component    1=ATM, dataComplete (global): T
20230401 032542.926 INFO             PET2         esm: component    2=OCN, dataComplete (local): true
20230401 032542.926 INFO             PET2         esm: component    2=OCN, dataComplete (global): T
20230401 032542.926 INFO             PET2         esm: someProgress=F, allComplete=T, present(dataDepAllComplete)=T
20230401 032542.926 INFO             PET2         esm: finished resolving initialize data dependencies on this level.
20230401 032542.926 INFO             PET2       esm: loopDataDependentInitialize extro.
20230401 032542.926 INFO             PET2       esm: loopDataDependentInitialize() returned with dataDepAllComplete: T
20230401 032542.927 INFO             PET2     esm: InitializeIPDv02p5Data extro.
20230401 032542.927 INFO             PET2     <<<esm: leaving Initialize (phase=<none>) with current time: 2010  6  1  0  0  0   0
20230401 032542.927 INFO             PET2   esm: InitializeIPDv02p5 extro.
20230401 032542.927 INFO             PET2 esm: InitializeGeneric extro.
20230401 032542.927 INFO             PET2 esm: Run intro.
20230401 032542.927 INFO             PET2   >>>esm entered Run (phase=RunPhase1) with current time: 2010  6  1  0  0  0   0
20230401 032542.927 INFO             PET2   esm: after lable_SetRunClock, current time: 2010  6  1  0  0  0   0
20230401 032542.927 INFO             PET2   esm: begin -------> RunSequence.
20230401 032542.927 INFO             PET2     esm: RunSequence event loopLevel=   1  levelMember=   1  loopIteration=   1, current time: 2010  6  1  0  0  0   0
20230401 032542.927 INFO             PET2     ATM-TO-OCN: Run intro.
20230401 032542.927 INFO             PET2     ATM-TO-OCN: Run extro.
20230401 032542.927 INFO             PET2     OCN-TO-ATM: Run intro.
20230401 032542.928 INFO             PET2     OCN-TO-ATM: Run extro.
20230401 032542.928 INFO             PET2     OCN: Run intro.
20230401 032542.928 INFO             PET2       ------>Advancing OCN from: 2010  6  1  0  0  0   0
20230401 032542.928 INFO             PET2       ---------------------> to: 2010  6  1  0  5  0   0
20230401 032542.930 INFO             PET2       ------>Advancing OCN from: 2010  6  1  0  5  0   0
20230401 032542.930 INFO             PET2       ---------------------> to: 2010  6  1  0 10  0   0
20230401 032542.931 INFO             PET2       ------>Advancing OCN from: 2010  6  1  0 10  0   0
20230401 032542.931 INFO             PET2       ---------------------> to: 2010  6  1  0 15  0   0
20230401 032542.932 INFO             PET2     OCN: Run extro.
20230401 032542.932 INFO             PET2     esm: RunSequence event loopLevel=   1  levelMember=   1  loopIteration=   2, current time: 2010  6  1  0 15  0   0
20230401 032542.932 INFO             PET2     ATM-TO-OCN: Run intro.
20230401 032542.932 INFO             PET2     ATM-TO-OCN: Run extro.
20230401 032542.932 INFO             PET2     OCN-TO-ATM: Run intro.
20230401 032542.932 INFO             PET2     OCN-TO-ATM: Run extro.
20230401 032542.932 INFO             PET2     OCN: Run intro.
20230401 032542.933 INFO             PET2       ------>Advancing OCN from: 2010  6  1  0 15  0   0
20230401 032542.933 INFO             PET2       ---------------------> to: 2010  6  1  0 20  0   0
20230401 032542.933 INFO             PET2       ------>Advancing OCN from: 2010  6  1  0 20  0   0
20230401 032542.933 INFO             PET2       ---------------------> to: 2010  6  1  0 25  0   0
20230401 032542.934 INFO             PET2       ------>Advancing OCN from: 2010  6  1  0 25  0   0
20230401 032542.934 INFO             PET2       ---------------------> to: 2010  6  1  0 30  0   0
20230401 032542.935 INFO             PET2     OCN: Run extro.
20230401 032542.935 INFO             PET2     esm: RunSequence event loopLevel=   1  levelMember=   1  loopIteration=   3, current time: 2010  6  1  0 30  0   0
20230401 032542.935 INFO             PET2     ATM-TO-OCN: Run intro.
20230401 032542.935 INFO             PET2     ATM-TO-OCN: Run extro.
20230401 032542.935 INFO             PET2     OCN-TO-ATM: Run intro.
20230401 032542.936 INFO             PET2     OCN-TO-ATM: Run extro.
20230401 032542.936 INFO             PET2     OCN: Run intro.
20230401 032542.936 INFO             PET2       ------>Advancing OCN from: 2010  6  1  0 30  0   0
20230401 032542.936 INFO             PET2       ---------------------> to: 2010  6  1  0 35  0   0
20230401 032542.937 INFO             PET2       ------>Advancing OCN from: 2010  6  1  0 35  0   0
20230401 032542.937 INFO             PET2       ---------------------> to: 2010  6  1  0 40  0   0
20230401 032542.938 INFO             PET2       ------>Advancing OCN from: 2010  6  1  0 40  0   0
20230401 032542.938 INFO             PET2       ---------------------> to: 2010  6  1  0 45  0   0
20230401 032542.938 INFO             PET2     OCN: Run extro.
20230401 032542.938 INFO             PET2     esm: RunSequence event loopLevel=   1  levelMember=   1  loopIteration=   4, current time: 2010  6  1  0 45  0   0
20230401 032542.939 INFO             PET2     ATM-TO-OCN: Run intro.
20230401 032542.939 INFO             PET2     ATM-TO-OCN: Run extro.
20230401 032542.939 INFO             PET2     OCN-TO-ATM: Run intro.
20230401 032542.939 INFO             PET2     OCN-TO-ATM: Run extro.
20230401 032542.939 INFO             PET2     OCN: Run intro.
20230401 032542.939 INFO             PET2       ------>Advancing OCN from: 2010  6  1  0 45  0   0
20230401 032542.939 INFO             PET2       ---------------------> to: 2010  6  1  0 50  0   0
20230401 032542.940 INFO             PET2       ------>Advancing OCN from: 2010  6  1  0 50  0   0
20230401 032542.940 INFO             PET2       ---------------------> to: 2010  6  1  0 55  0   0
20230401 032542.941 INFO             PET2       ------>Advancing OCN from: 2010  6  1  0 55  0   0
20230401 032542.941 INFO             PET2       ---------------------> to: 2010  6  1  1  0  0   0
20230401 032542.942 INFO             PET2     OCN: Run extro.
20230401 032542.942 INFO             PET2   esm: end <--------- RunSequence
20230401 032542.942 INFO             PET2   <<<esm - leaving Run with current time: 2010  6  1  1  0  0   0
20230401 032542.942 INFO             PET2 esm: Run extro.
20230401 032542.942 INFO             PET2 esm: Finalize intro.
20230401 032542.942 INFO             PET2   Calling Finalize phase 1 for connectorComp: ATM-TO-OCN
20230401 032542.942 INFO             PET2   ATM-TO-OCN: Finalize intro.
20230401 032542.942 INFO             PET2   ATM-TO-OCN: Finalize extro.
20230401 032542.942 INFO             PET2   Calling Finalize phase 1 for connectorComp: OCN-TO-ATM
20230401 032542.942 INFO             PET2   OCN-TO-ATM: Finalize intro.
20230401 032542.942 INFO             PET2   OCN-TO-ATM: Finalize extro.
20230401 032542.942 INFO             PET2   Calling Finalize phase 1 for modelComp: ATM
20230401 032542.942 INFO             PET2   Calling Finalize phase 1 for modelComp: OCN
20230401 032542.942 INFO             PET2   OCN: Finalize intro.
20230401 032542.942 INFO             PET2   OCN: Finalize extro.
20230401 032542.942 INFO             PET2   Delete modelComp: ATM
20230401 032542.942 INFO             PET2   Delete Import-/Export State for modelComp: ATM
20230401 032542.942 INFO             PET2   Delete modelComp: OCN
20230401 032542.942 INFO             PET2   Delete Import-/Export State for modelComp: OCN
20230401 032542.942 INFO             PET2   Delete connectorComp: ATM-TO-OCN
20230401 032542.942 INFO             PET2   Delete connectorComp: OCN-TO-ATM
20230401 032542.942 INFO             PET2 esm: Finalize extro.
20230401 032542.942 INFO             PET2 esmApp FINISHED
20230401 032542.942 INFO             PET2 Finalizing ESMF
20230401 032542.607 INFO             PET3 !!!!!!!!!!!!!!!!!!!!!!!!!!!!!!!!!!!!!!!!!!!!!!!!!!!!!!
20230401 032542.607 INFO             PET3 !!! THE ESMF_LOG IS SET TO OUTPUT ALL LOG MESSAGES !!!
20230401 032542.607 INFO             PET3 !!!     THIS MAY CAUSE SLOWDOWN IN PERFORMANCE     !!!
20230401 032542.607 INFO             PET3 !!! FOR PRODUCTION RUNS, USE:                      !!!
20230401 032542.607 INFO             PET3 !!!                   ESMF_LOGKIND_Multi_On_Error  !!!
20230401 032542.607 INFO             PET3 !!!!!!!!!!!!!!!!!!!!!!!!!!!!!!!!!!!!!!!!!!!!!!!!!!!!!!
20230401 032542.607 INFO             PET3 Running with ESMF Version   : v8.5.0b19
20230401 032542.607 INFO             PET3 ESMF library build date/time: "Apr  1 2023" "03:00:46"
20230401 032542.607 INFO             PET3 ESMF library build location : /home/gerhard/ESMF-Nightly-Testing/gfortran_7.4.0_mpich_g_develop/esmf
20230401 032542.607 INFO             PET3 ESMF_COMM                   : mpich
20230401 032542.607 INFO             PET3 ESMF_MOAB                   : enabled
20230401 032542.607 INFO             PET3 ESMF_LAPACK                 : enabled
20230401 032542.607 INFO             PET3 ESMF_NETCDF                 : enabled
20230401 032542.607 INFO             PET3 ESMF_PNETCDF                : disabled
20230401 032542.607 INFO             PET3 ESMF_PIO                    : enabled
20230401 032542.607 INFO             PET3 ESMF_YAMLCPP                : enabled
20230401 032542.607 INFO             PET3 esmApp STARTING
20230401 032542.614 INFO             PET3 esm: InitializeGeneric intro.
20230401 032542.614 INFO             PET3   esm: InitializeP0 intro.
20230401 032542.614 INFO             PET3   esm: InitializeP0 extro.
20230401 032542.614 INFO             PET3   esm: InitializeIPDv02p1 intro.
20230401 032542.614 INFO             PET3     >>>esm: entered Initialize (phase=<none>) without valid internal Clock.
20230401 032542.615 INFO             PET3     esm - Creating model component ATM with petList of size 2 :
20230401 032542.615 INFO             PET3           0      1
20230401 032542.618 INFO             PET3     esm - Creating model component OCN with petList of size 2 :
20230401 032542.618 INFO             PET3           2      3
20230401 032542.622 INFO             PET3     esm - Creating connector component ATM-TO-OCN with petList of size 4 :
20230401 032542.622 INFO             PET3           0      1      2      3
20230401 032542.629 INFO             PET3     esm - Creating connector component OCN-TO-ATM with petList of size 4 :
20230401 032542.629 INFO             PET3           2      3      0      1
20230401 032542.635 INFO             PET3     esm - Creating state: modelComp 1 Import State
20230401 032542.635 INFO             PET3     esm - Creating state: modelComp 1 Export State
20230401 032542.635 INFO             PET3     esm - Creating state: modelComp 2 Import State
20230401 032542.635 INFO             PET3     esm - Creating state: modelComp 2 Export State
20230401 032542.637 INFO             PET3     OCN: InitializeP0 intro.
20230401 032542.638 INFO             PET3     OCN: InitializeP0 extro.
20230401 032542.640 INFO             PET3     ATM-TO-OCN: InitializeP0 intro.
20230401 032542.641 INFO             PET3     ATM-TO-OCN: InitializeP0 extro.
20230401 032542.641 INFO             PET3     OCN-TO-ATM: InitializeP0 intro.
20230401 032542.642 INFO             PET3     OCN-TO-ATM: InitializeP0 extro.
20230401 032542.644 INFO             PET3     esm: IInitAdvertise intro.
20230401 032542.644 INFO             PET3     esm: IInitAdvertise extro.
20230401 032542.644 INFO             PET3     OCN: InitializeIPDvXp01 intro.
20230401 032542.648 INFO             PET3     OCN: InitializeIPDvXp01 extro.
20230401 032542.649 INFO             PET3     ATM-TO-OCN: InitializeIPDv05p1 intro.
20230401 032542.657 INFO             PET3     ATM-TO-OCN: InitializeIPDv05p1 extro.
20230401 032542.657 INFO             PET3     OCN-TO-ATM: InitializeIPDv05p1 intro.
20230401 032542.661 INFO             PET3     OCN-TO-ATM: InitializeIPDv05p1 extro.
20230401 032542.661 INFO             PET3     esm: IInitAdvertiseFinish intro.
20230401 032542.661 INFO             PET3     esm: IInitAdvertiseFinish extro.
20230401 032542.662 INFO             PET3     ATM-TO-OCN: InitializeIPDv05p2a intro.
20230401 032542.669 INFO             PET3     ATM-TO-OCN: InitializeIPDv05p2a extro.
20230401 032542.669 INFO             PET3     OCN-TO-ATM: InitializeIPDv05p2a intro.
20230401 032542.673 INFO             PET3     OCN-TO-ATM: InitializeIPDv05p2a extro.
20230401 032542.674 INFO             PET3     ATM-TO-OCN: InitializeIPDv05p2b intro.
20230401 032542.681 INFO             PET3     ATM-TO-OCN: InitializeIPDv05p2b extro.
20230401 032542.681 INFO             PET3     OCN-TO-ATM: InitializeIPDv05p2b intro.
20230401 032542.686 INFO             PET3     OCN-TO-ATM: InitializeIPDv05p2b extro.
20230401 032542.686 INFO             PET3     esm: IInitModifyCplLists intro.
20230401 032542.686 INFO             PET3       Driver is in ModifyCplLists()
20230401 032542.686 INFO             PET3        Found            2  Connectors. Modifying CplList Attribute....
20230401 032542.687 INFO             PET3     esm: IInitModifyCplLists extro.
20230401 032542.687 INFO             PET3     ATM-TO-OCN: InitializeIPDv05p3 intro.
20230401 032542.695 INFO             PET3     ATM-TO-OCN: InitializeIPDv05p3 extro.
20230401 032542.695 INFO             PET3     OCN-TO-ATM: InitializeIPDv05p3 intro.
20230401 032542.700 INFO             PET3     OCN-TO-ATM: InitializeIPDv05p3 extro.
20230401 032542.700 INFO             PET3     <<<esm: leaving Initialize (phase=<none>) with current time: 2010  6  1  0  0  0   0
20230401 032542.700 INFO             PET3   esm: InitializeIPDv02p1 extro.
20230401 032542.700 INFO             PET3   esm: InitializeIPDv02p3 intro.
20230401 032542.700 INFO             PET3     >>>esm: entered Initialize (phase=<none>) with current time: 2010  6  1  0  0  0   0
20230401 032542.700 INFO             PET3     esm: IInitCheck intro.
20230401 032542.700 INFO             PET3     esm: IInitCheck extro.
20230401 032542.701 INFO             PET3     OCN: InitializeIPDvXp04 intro.
20230401 032542.707 INFO             PET3     OCN: InitializeIPDvXp04 extro.
20230401 032542.708 INFO             PET3     ATM-TO-OCN: InitializeIPDv05p4 intro.
20230401 032542.717 INFO             PET3     ATM-TO-OCN: InitializeIPDv05p4 extro.
20230401 032542.717 INFO             PET3     OCN-TO-ATM: InitializeIPDv05p4 intro.
20230401 032542.721 INFO             PET3     OCN-TO-ATM: InitializeIPDv05p4 extro.
20230401 032542.721 INFO             PET3     ATM-TO-OCN: InitializeIPDv05p5 intro.
20230401 032542.730 INFO             PET3     ATM-TO-OCN: InitializeIPDv05p5 extro.
20230401 032542.730 INFO             PET3     OCN-TO-ATM: InitializeIPDv05p5 intro.
20230401 032542.734 INFO             PET3     OCN-TO-ATM: InitializeIPDv05p5 extro.
20230401 032542.734 INFO             PET3     esm: IInitRealize intro.
20230401 032542.734 INFO             PET3     esm: IInitRealize extro.
20230401 032542.735 INFO             PET3     ATM-TO-OCN: InitializeIPDv05p6a intro.
20230401 032542.743 INFO             PET3     ATM-TO-OCN: InitializeIPDv05p6a extro.
20230401 032542.743 INFO             PET3     OCN-TO-ATM: InitializeIPDv05p6a intro.
20230401 032542.747 INFO             PET3     OCN-TO-ATM: InitializeIPDv05p6a extro.
20230401 032542.747 INFO             PET3     ATM-TO-OCN: InitializeIPDv05p6b intro.
20230401 032542.839 INFO             PET3     ATM-TO-OCN: InitializeIPDv05p6b extro.
20230401 032542.840 INFO             PET3     OCN-TO-ATM: InitializeIPDv05p6b intro.
20230401 032542.923 INFO             PET3     OCN-TO-ATM: InitializeIPDv05p6b extro.
20230401 032542.924 INFO             PET3     OCN: InitializeIPDvXp07 intro.
20230401 032542.924 INFO             PET3     OCN: InitializeIPDvXp07 extro.
20230401 032542.924 INFO             PET3     <<<esm: leaving Initialize (phase=<none>) with current time: 2010  6  1  0  0  0   0
20230401 032542.924 INFO             PET3   esm: InitializeIPDv02p3 extro.
20230401 032542.924 INFO             PET3   esm: InitializeIPDv02p5 intro.
20230401 032542.924 INFO             PET3     >>>esm: entered Initialize (phase=<none>) with current time: 2010  6  1  0  0  0   0
20230401 032542.924 INFO             PET3     esm: this is a top level driver, no 'Updated' and 'InitializeDataComplete' info on this level.
20230401 032542.924 INFO             PET3     esm: InitializeIPDv02p5Data intro.
20230401 032542.924 INFO             PET3       esm: InternalInitializeComplete intro.
20230401 032542.924 INFO             PET3         esm: InitializeDataComplete='true'
20230401 032542.924 INFO             PET3       esm: InternalInitializeComplete extro.
20230401 032542.924 INFO             PET3       OCN: InitializeIPDv01p5 intro.
20230401 032542.925 INFO             PET3       OCN: InitializeIPDv01p5 extro.
20230401 032542.926 INFO             PET3       esm: components present that trigger loopDataDependentInitialize().
20230401 032542.926 INFO             PET3       esm: loopDataDependentInitialize intro.
20230401 032542.926 INFO             PET3         esm: component    0=esm, dataComplete (local): true
20230401 032542.926 INFO             PET3         esm: component    0=esm, dataComplete (global): T
20230401 032542.926 INFO             PET3         esm: component    1=ATM, dataComplete (local): true
20230401 032542.926 INFO             PET3         esm: component    1=ATM, dataComplete (global): T
20230401 032542.926 INFO             PET3         esm: component    2=OCN, dataComplete (local): true
20230401 032542.926 INFO             PET3         esm: component    2=OCN, dataComplete (global): T
20230401 032542.926 INFO             PET3         esm: someProgress=F, allComplete=T, present(dataDepAllComplete)=T
20230401 032542.926 INFO             PET3         esm: finished resolving initialize data dependencies on this level.
20230401 032542.926 INFO             PET3       esm: loopDataDependentInitialize extro.
20230401 032542.926 INFO             PET3       esm: loopDataDependentInitialize() returned with dataDepAllComplete: T
20230401 032542.927 INFO             PET3     esm: InitializeIPDv02p5Data extro.
20230401 032542.927 INFO             PET3     <<<esm: leaving Initialize (phase=<none>) with current time: 2010  6  1  0  0  0   0
20230401 032542.927 INFO             PET3   esm: InitializeIPDv02p5 extro.
20230401 032542.927 INFO             PET3 esm: InitializeGeneric extro.
20230401 032542.927 INFO             PET3 esm: Run intro.
20230401 032542.927 INFO             PET3   >>>esm entered Run (phase=RunPhase1) with current time: 2010  6  1  0  0  0   0
20230401 032542.927 INFO             PET3   esm: after lable_SetRunClock, current time: 2010  6  1  0  0  0   0
20230401 032542.927 INFO             PET3   esm: begin -------> RunSequence.
20230401 032542.927 INFO             PET3     esm: RunSequence event loopLevel=   1  levelMember=   1  loopIteration=   1, current time: 2010  6  1  0  0  0   0
20230401 032542.927 INFO             PET3     ATM-TO-OCN: Run intro.
20230401 032542.927 INFO             PET3     ATM-TO-OCN: Run extro.
20230401 032542.927 INFO             PET3     OCN-TO-ATM: Run intro.
20230401 032542.928 INFO             PET3     OCN-TO-ATM: Run extro.
20230401 032542.928 INFO             PET3     OCN: Run intro.
20230401 032542.928 INFO             PET3       ------>Advancing OCN from: 2010  6  1  0  0  0   0
20230401 032542.928 INFO             PET3       ---------------------> to: 2010  6  1  0  5  0   0
20230401 032542.930 INFO             PET3       ------>Advancing OCN from: 2010  6  1  0  5  0   0
20230401 032542.930 INFO             PET3       ---------------------> to: 2010  6  1  0 10  0   0
20230401 032542.931 INFO             PET3       ------>Advancing OCN from: 2010  6  1  0 10  0   0
20230401 032542.931 INFO             PET3       ---------------------> to: 2010  6  1  0 15  0   0
20230401 032542.932 INFO             PET3     OCN: Run extro.
20230401 032542.932 INFO             PET3     esm: RunSequence event loopLevel=   1  levelMember=   1  loopIteration=   2, current time: 2010  6  1  0 15  0   0
20230401 032542.932 INFO             PET3     ATM-TO-OCN: Run intro.
20230401 032542.932 INFO             PET3     ATM-TO-OCN: Run extro.
20230401 032542.932 INFO             PET3     OCN-TO-ATM: Run intro.
20230401 032542.932 INFO             PET3     OCN-TO-ATM: Run extro.
20230401 032542.932 INFO             PET3     OCN: Run intro.
20230401 032542.933 INFO             PET3       ------>Advancing OCN from: 2010  6  1  0 15  0   0
20230401 032542.933 INFO             PET3       ---------------------> to: 2010  6  1  0 20  0   0
20230401 032542.933 INFO             PET3       ------>Advancing OCN from: 2010  6  1  0 20  0   0
20230401 032542.933 INFO             PET3       ---------------------> to: 2010  6  1  0 25  0   0
20230401 032542.934 INFO             PET3       ------>Advancing OCN from: 2010  6  1  0 25  0   0
20230401 032542.934 INFO             PET3       ---------------------> to: 2010  6  1  0 30  0   0
20230401 032542.935 INFO             PET3     OCN: Run extro.
20230401 032542.935 INFO             PET3     esm: RunSequence event loopLevel=   1  levelMember=   1  loopIteration=   3, current time: 2010  6  1  0 30  0   0
20230401 032542.935 INFO             PET3     ATM-TO-OCN: Run intro.
20230401 032542.935 INFO             PET3     ATM-TO-OCN: Run extro.
20230401 032542.935 INFO             PET3     OCN-TO-ATM: Run intro.
20230401 032542.936 INFO             PET3     OCN-TO-ATM: Run extro.
20230401 032542.936 INFO             PET3     OCN: Run intro.
20230401 032542.936 INFO             PET3       ------>Advancing OCN from: 2010  6  1  0 30  0   0
20230401 032542.936 INFO             PET3       ---------------------> to: 2010  6  1  0 35  0   0
20230401 032542.937 INFO             PET3       ------>Advancing OCN from: 2010  6  1  0 35  0   0
20230401 032542.937 INFO             PET3       ---------------------> to: 2010  6  1  0 40  0   0
20230401 032542.938 INFO             PET3       ------>Advancing OCN from: 2010  6  1  0 40  0   0
20230401 032542.938 INFO             PET3       ---------------------> to: 2010  6  1  0 45  0   0
20230401 032542.938 INFO             PET3     OCN: Run extro.
20230401 032542.938 INFO             PET3     esm: RunSequence event loopLevel=   1  levelMember=   1  loopIteration=   4, current time: 2010  6  1  0 45  0   0
20230401 032542.938 INFO             PET3     ATM-TO-OCN: Run intro.
20230401 032542.939 INFO             PET3     ATM-TO-OCN: Run extro.
20230401 032542.939 INFO             PET3     OCN-TO-ATM: Run intro.
20230401 032542.939 INFO             PET3     OCN-TO-ATM: Run extro.
20230401 032542.939 INFO             PET3     OCN: Run intro.
20230401 032542.939 INFO             PET3       ------>Advancing OCN from: 2010  6  1  0 45  0   0
20230401 032542.939 INFO             PET3       ---------------------> to: 2010  6  1  0 50  0   0
20230401 032542.940 INFO             PET3       ------>Advancing OCN from: 2010  6  1  0 50  0   0
20230401 032542.940 INFO             PET3       ---------------------> to: 2010  6  1  0 55  0   0
20230401 032542.941 INFO             PET3       ------>Advancing OCN from: 2010  6  1  0 55  0   0
20230401 032542.941 INFO             PET3       ---------------------> to: 2010  6  1  1  0  0   0
20230401 032542.942 INFO             PET3     OCN: Run extro.
20230401 032542.942 INFO             PET3   esm: end <--------- RunSequence
20230401 032542.942 INFO             PET3   <<<esm - leaving Run with current time: 2010  6  1  1  0  0   0
20230401 032542.942 INFO             PET3 esm: Run extro.
20230401 032542.942 INFO             PET3 esm: Finalize intro.
20230401 032542.942 INFO             PET3   Calling Finalize phase 1 for connectorComp: ATM-TO-OCN
20230401 032542.942 INFO             PET3   ATM-TO-OCN: Finalize intro.
20230401 032542.942 INFO             PET3   ATM-TO-OCN: Finalize extro.
20230401 032542.942 INFO             PET3   Calling Finalize phase 1 for connectorComp: OCN-TO-ATM
20230401 032542.942 INFO             PET3   OCN-TO-ATM: Finalize intro.
20230401 032542.942 INFO             PET3   OCN-TO-ATM: Finalize extro.
20230401 032542.942 INFO             PET3   Calling Finalize phase 1 for modelComp: ATM
20230401 032542.942 INFO             PET3   Calling Finalize phase 1 for modelComp: OCN
20230401 032542.942 INFO             PET3   OCN: Finalize intro.
20230401 032542.942 INFO             PET3   OCN: Finalize extro.
20230401 032542.942 INFO             PET3   Delete modelComp: ATM
20230401 032542.942 INFO             PET3   Delete Import-/Export State for modelComp: ATM
20230401 032542.942 INFO             PET3   Delete modelComp: OCN
20230401 032542.942 INFO             PET3   Delete Import-/Export State for modelComp: OCN
20230401 032542.942 INFO             PET3   Delete connectorComp: ATM-TO-OCN
20230401 032542.942 INFO             PET3   Delete connectorComp: OCN-TO-ATM
20230401 032542.942 INFO             PET3 esm: Finalize extro.
20230401 032542.943 INFO             PET3 esmApp FINISHED
20230401 032542.943 INFO             PET3 Finalizing ESMF
