2023-04-16 07:33:48
[1681631976.689759] [h23c28:211703:0]         mxm.c:196  MXM  WARN  The 'ulimit -s' on the system is set to 'unlimited'. This may have negative performance implications. Please set the stack size to the default value (10240) 
[1681631976.694948] [h23c28:211703:0]         mxm.c:196  MXM  WARN  The 'ulimit -s' on the system is set to 'unlimited'. This may have negative performance implications. Please set the stack size to the default value (10240) 
[1681631976.689735] [h23c28:211705:0]         mxm.c:196  MXM  WARN  The 'ulimit -s' on the system is set to 'unlimited'. This may have negative performance implications. Please set the stack size to the default value (10240) 
[1681631976.694908] [h23c28:211705:0]         mxm.c:196  MXM  WARN  The 'ulimit -s' on the system is set to 'unlimited'. This may have negative performance implications. Please set the stack size to the default value (10240) 
[1681631976.685577] [h23c28:211702:0]         mxm.c:196  MXM  WARN  The 'ulimit -s' on the system is set to 'unlimited'. This may have negative performance implications. Please set the stack size to the default value (10240) 
[1681631976.690552] [h23c28:211702:0]         mxm.c:196  MXM  WARN  The 'ulimit -s' on the system is set to 'unlimited'. This may have negative performance implications. Please set the stack size to the default value (10240) 
[1681631976.684722] [h23c28:211704:0]         mxm.c:196  MXM  WARN  The 'ulimit -s' on the system is set to 'unlimited'. This may have negative performance implications. Please set the stack size to the default value (10240) 
[1681631976.689938] [h23c28:211704:0]         mxm.c:196  MXM  WARN  The 'ulimit -s' on the system is set to 'unlimited'. This may have negative performance implications. Please set the stack size to the default value (10240) 
 NUOPC_DriverPrint for PET:           0
   Model, Mediator, and Driver components, in the order
   that they were added to the Driver:
           1 :  ATM
           2 :  OCN
           3 :  RTM
   Connector components, in the order
   that they were added to the Driver:
           1 :  ATM-TO-RTM
           2 :  RTM-TO-OCN
           3 :  ATM-TO-OCN
           4 :  OCN-TO-ATM
NUOPC_RunSequenceArrayPrint: element     1 out of      2
runSeq::
 runElementPrint:      1     3     1 F T
 runElementPrint:      3     2     1 F T
 runElementPrint:     -2     0     0 F T
 runElementPrint:      3    -1     1 F T
 runElementPrint:     -1    -1     0 F F
::
NUOPC_RunSequenceArrayPrint: element     2 out of      2
runSeq::
 runElementPrint:      1     2     1 F T
 runElementPrint:      2     1     1 F T
 runElementPrint:      1    -1     1 F T
 runElementPrint:      2    -1     1 F T
 runElementPrint:     -2    -1     0 F F
::
 NUOPC_DriverPrint for PET:           1
   Model, Mediator, and Driver components, in the order
   that they were added to the Driver:
           1 :  ATM
           2 :  OCN
           3 :  RTM
   Connector components, in the order
   that they were added to the Driver:
           1 :  ATM-TO-RTM
           2 :  RTM-TO-OCN
           3 :  ATM-TO-OCN
           4 :  OCN-TO-ATM
NUOPC_RunSequenceArrayPrint: element     1 out of      2
runSeq::
 runElementPrint:      1     3     1 F T
 runElementPrint:      3     2     1 F T
 runElementPrint:     -2     0     0 F T
 runElementPrint:      3    -1     1 F T
 runElementPrint:     -1    -1     0 F F
::
NUOPC_RunSequenceArrayPrint: element     2 out of      2
runSeq::
 runElementPrint:      1     2     1 F T
 runElementPrint:      2     1     1 F T
 runElementPrint:      1    -1     1 F T
 runElementPrint:      2    -1     1 F T
 runElementPrint:     -2    -1     0 F F
::
 NUOPC_DriverPrint for PET:           2
   Model, Mediator, and Driver components, in the order
   that they were added to the Driver:
           1 :  ATM
           2 :  OCN
           3 :  RTM
   Connector components, in the order
   that they were added to the Driver:
           1 :  ATM-TO-RTM
           2 :  RTM-TO-OCN
           3 :  ATM-TO-OCN
           4 :  OCN-TO-ATM
NUOPC_RunSequenceArrayPrint: element     1 out of      2
runSeq::
 runElementPrint:      1     3     1 F T
 runElementPrint:      3     2     1 F T
 runElementPrint:     -2     0     0 F T
 runElementPrint:      3    -1     1 F T
 runElementPrint:     -1    -1     0 F F
::
NUOPC_RunSequenceArrayPrint: element     2 out of      2
runSeq::
 runElementPrint:      1     2     1 F T
 runElementPrint:      2     1     1 F T
 runElementPrint:      1    -1     1 F T
 runElementPrint:      2    -1     1 F T
 runElementPrint:     -2    -1     0 F F
::
 NUOPC_DriverPrint for PET:           3
   Model, Mediator, and Driver components, in the order
   that they were added to the Driver:
           1 :  ATM
           2 :  OCN
           3 :  RTM
   Connector components, in the order
   that they were added to the Driver:
           1 :  ATM-TO-RTM
           2 :  RTM-TO-OCN
           3 :  ATM-TO-OCN
           4 :  OCN-TO-ATM
NUOPC_RunSequenceArrayPrint: element     1 out of      2
runSeq::
 runElementPrint:      1     3     1 F T
 runElementPrint:      3     2     1 F T
 runElementPrint:     -2     0     0 F T
 runElementPrint:      3    -1     1 F T
 runElementPrint:     -1    -1     0 F F
::
NUOPC_RunSequenceArrayPrint: element     2 out of      2
runSeq::
 runElementPrint:      1     2     1 F T
 runElementPrint:      2     1     1 F T
 runElementPrint:      1    -1     1 F T
 runElementPrint:      2    -1     1 F T
 runElementPrint:     -2    -1     0 F F
::
