2023-03-20 03:22:16
0:--- ESMCI::ArrayBundle::print start ---
0:ArrayBundle: MyArrayBundle
0:arrayCount = 3
1:--- ESMCI::ArrayBundle::print start ---
1:ArrayBundle: MyArrayBundle
1:arrayCount = 3
2:--- ESMCI::ArrayBundle::print start ---
2:ArrayBundle: MyArrayBundle
2:arrayCount = 3
3:--- ESMCI::ArrayBundle::print start ---
3:ArrayBundle: MyArrayBundle
3:arrayCount = 3
1:Container::print() multipmap:item=0 key=AonFly value=0x364a0b0
1:Container::print() multipmap:item=1 key=Array002 value=0x3645fb0
1:Container::print() multipmap:item=2 key=Array003 value=0x3646d70
2:Container::print() multipmap:item=0 key=AonFly value=0x3648f60
2:Container::print() multipmap:item=1 key=Array002 value=0x3645be0
2:Container::print() multipmap:item=2 key=Array003 value=0x3646670
0:Container::print() multipmap:item=0 key=AonFly value=0x364a030
0:Container::print() multipmap:item=1 key=Array002 value=0x3645f30
0:Container::print() multipmap:item=2 key=Array003 value=0x3646cf0
1:Container::print()      list:item=0 key=Array002 value=0x3645fb0
1:Container::print()      list:item=1 key=Array003 value=0x3646d70
1:Container::print()      list:item=2 key=AonFly value=0x364a0b0
1:--- ESMCI::ArrayBundle::print end ---
2:Container::print()      list:item=0 key=Array002 value=0x3645be0
2:Container::print()      list:item=1 key=Array003 value=0x3646670
2:Container::print()      list:item=2 key=AonFly value=0x3648f60
2:--- ESMCI::ArrayBundle::print end ---
3:Container::print() multipmap:item=0 key=AonFly value=0x3648fe0
3:Container::print() multipmap:item=1 key=Array002 value=0x3645c60
3:Container::print() multipmap:item=2 key=Array003 value=0x36466f0
3:Container::print()      list:item=0 key=Array002 value=0x3645c60
3:Container::print()      list:item=1 key=Array003 value=0x36466f0
3:Container::print()      list:item=2 key=AonFly value=0x3648fe0
3:--- ESMCI::ArrayBundle::print end ---
0:Container::print()      list:item=0 key=Array002 value=0x3645f30
0:Container::print()      list:item=1 key=Array003 value=0x3646cf0
0:Container::print()      list:item=2 key=AonFly value=0x364a030
0:--- ESMCI::ArrayBundle::print end ---
1:--- ESMCI::Array::print start ---
2:--- ESMCI::Array::print start ---
2: Base name    = AonFly
0:--- ESMCI::Array::print start ---
0: Base name    = AonFly
0: Status: Base = Ready,  object = Ready
1: Base name    = AonFly
1: Status: Base = Ready,  object = Ready
1: Proxy        = no
1: Root Info (Attributes):
2: Status: Base = Ready,  object = Ready
2: Proxy        = no
2: Root Info (Attributes):
3:--- ESMCI::Array::print start ---
3: Base name    = AonFly
3: Status: Base = Ready,  object = Ready
3: Proxy        = no
3: Root Info (Attributes):
0: Proxy        = no
0: Root Info (Attributes):
1:{}Array typekind/rank: Real*4 / 2 
0:{}Array typekind/rank: Real*4 / 2 
0:~ lower class' values ~
0:DistGrid dimCount = 2
0:deCount = 6
0:localDeCount = 2
0:~ local data in LocalArray for DE 0 ~
1:~ lower class' values ~
1:DistGrid dimCount = 2
1:deCount = 6
1:localDeCount = 2
1:~ local data in LocalArray for DE 1 ~
1:LocalArrayPrint: Array at address 0x3649a50:
1:            rank = 2, typekind = 5, base_addr = 0x2b68119d7ee0
2:{}Array typekind/rank: Real*4 / 2 
2:~ lower class' values ~
2:DistGrid dimCount = 2
2:deCount = 6
2:localDeCount = 1
2:~ local data in LocalArray for DE 2 ~
2:LocalArrayPrint: Array at address 0x3648c30:
2:            rank = 2, typekind = 5, base_addr = 0x2b68119d7fc0
2:            dim[0] = 3  dim[1] = 2  
2:  Real, *4, Dim 2, Data values:
3:{}Array typekind/rank: Real*4 / 2 
3:~ lower class' values ~
3:DistGrid dimCount = 2
3:deCount = 6
3:localDeCount = 1
3:~ local data in LocalArray for DE 3 ~
3:LocalArrayPrint: Array at address 0x3648cb0:
3:            rank = 2, typekind = 5, base_addr = 0x2b68119d7f60
3:            dim[0] = 2  dim[1] = 2  
3:  Real, *4, Dim 2, Data values:
0:LocalArrayPrint: Array at address 0x36499d0:
0:            rank = 2, typekind = 5, base_addr = 0x2b68119d7f40
0:            dim[0] = 3  dim[1] = 2  
0:  Real, *4, Dim 2, Data values:
1:            dim[0] = 2  dim[1] = 2  
1:  Real, *4, Dim 2, Data values:
1:( 1, 1) =  0
1:( 2, 1) =  0
0:( 1, 1) =  0
0:( 2, 1) =  0
0:( 3, 1) =  0
0:( 1, 2) =  0
0:( 2, 2) =  0
0:( 3, 2) =  0
0:dim 1: [0]: [1 [1 [1, 3] 3] 3]
1:( 1, 2) =  0
1:( 2, 2) =  0
1:dim 1: [0]: [1 [1 [1, 2] 2] 2]
1:dim 2: [1]: [1 [1 [1, 2] 2] 2]
1:~ local data in LocalArray for DE 5 ~
1:LocalArrayPrint: Array at address 0x3649d80:
1:            rank = 2, typekind = 5, base_addr = 0x2b68119d7ec0
2:( 1, 1) =  0
2:( 2, 1) =  0
2:( 3, 1) =  0
2:( 1, 2) =  0
2:( 2, 2) =  0
2:( 3, 2) =  0
2:dim 1: [0]: [1 [1 [1, 3] 3] 3]
2:dim 2: [1]: [1 [1 [1, 2] 2] 2]
2:--- ESMCI::Array::print end ---
2:--- ESMCI::Array::print start ---
2: Base name    = Array002
2: Status: Base = Ready,  object = Ready
3:( 1, 1) =  0
3:( 2, 1) =  0
3:( 1, 2) =  0
3:( 2, 2) =  0
3:dim 1: [0]: [1 [1 [1, 2] 2] 2]
3:dim 2: [1]: [1 [1 [1, 2] 2] 2]
3:--- ESMCI::Array::print end ---
3:--- ESMCI::Array::print start ---
3: Base name    = Array002
3: Status: Base = Ready,  object = Ready
3: Proxy        = no
3: Root Info (Attributes):
0:dim 2: [1]: [1 [1 [1, 2] 2] 2]
0:~ local data in LocalArray for DE 4 ~
0:LocalArrayPrint: Array at address 0x3649d00:
0:            rank = 2, typekind = 5, base_addr = 0x2b68119d7f20
0:            dim[0] = 3  dim[1] = 1  
0:  Real, *4, Dim 2, Data values:
0:( 1, 1) =  0
0:( 2, 1) =  0
0:( 3, 1) =  0
0:dim 1: [0]: [1 [1 [1, 3] 3] 3]
0:dim 2: [1]: [1 [1 [1, 1] 1] 1]
0:--- ESMCI::Array::print end ---
0:--- ESMCI::Array::print start ---
0: Base name    = Array002
1:            dim[0] = 2  dim[1] = 1  
1:  Real, *4, Dim 2, Data values:
1:( 1, 1) =  0
1:( 2, 1) =  0
1:dim 1: [0]: [1 [1 [1, 2] 2] 2]
1:dim 2: [1]: [1 [1 [1, 1] 1] 1]
1:--- ESMCI::Array::print end ---
1:--- ESMCI::Array::print start ---
1: Base name    = Array002
1: Status: Base = Ready,  object = Ready
1: Proxy        = no
1: Root Info (Attributes):
2: Proxy        = no
2: Root Info (Attributes):
2:{}Array typekind/rank: Real*8 / 2 
2:~ lower class' values ~
2:DistGrid dimCount = 2
2:deCount = 6
2:localDeCount = 1
2:~ local data in LocalArray for DE 2 ~
2:LocalArrayPrint: Array at address 0x36458b0:
2:            rank = 2, typekind = 6, base_addr = 0x2b68119ebd40
2:            dim[0] = 3  dim[1] = 2  
2:  Real, *8, Dim 2, Data values:
3:{}Array typekind/rank: Real*8 / 2 
3:~ lower class' values ~
3:DistGrid dimCount = 2
3:deCount = 6
3:localDeCount = 1
3:~ local data in LocalArray for DE 3 ~
3:LocalArrayPrint: Array at address 0x3645930:
3:            rank = 2, typekind = 6, base_addr = 0x2b68119d7fe0
3:            dim[0] = 2  dim[1] = 2  
3:  Real, *8, Dim 2, Data values:
3:( 1, 1) =  9.88131e-324
3:( 2, 1) =  0
3:( 1, 2) =  0
3:( 2, 2) =  0
3:dim 1: [0]: [1 [1 [1, 2] 2] 2]
3:dim 2: [1]: [1 [1 [1, 2] 2] 2]
0: Status: Base = Ready,  object = Ready
0: Proxy        = no
0: Root Info (Attributes):
0:{}Array typekind/rank: Real*8 / 2 
0:~ lower class' values ~
0:DistGrid dimCount = 2
0:deCount = 6
0:localDeCount = 2
0:~ local data in LocalArray for DE 0 ~
0:LocalArrayPrint: Array at address 0x36458d0:
0:            rank = 2, typekind = 6, base_addr = 0x2b68119ebd40
0:            dim[0] = 3  dim[1] = 2  
0:  Real, *8, Dim 2, Data values:
1:{}Array typekind/rank: Real*8 / 2 
1:~ lower class' values ~
1:DistGrid dimCount = 2
1:deCount = 6
1:localDeCount = 2
1:~ local data in LocalArray for DE 1 ~
1:LocalArrayPrint: Array at address 0x3645950:
1:            rank = 2, typekind = 6, base_addr = 0x2b68119d7fe0
1:            dim[0] = 2  dim[1] = 2  
1:  Real, *8, Dim 2, Data values:
1:( 1, 1) =  9.88131e-324
1:( 2, 1) =  0
1:( 1, 2) =  0
1:( 2, 2) =  0
1:dim 1: [0]: [1 [1 [1, 2] 2] 2]
1:dim 2: [1]: [1 [1 [1, 2] 2] 2]
1:~ local data in LocalArray for DE 5 ~
1:LocalArrayPrint: Array at address 0x3645c80:
1:            rank = 2, typekind = 6, base_addr = 0x2b68119d7fc0
2:( 1, 1) =  2.35798e-310
2:( 2, 1) =  6.01347e-154
2:( 3, 1) =  6.01347e-154
2:( 1, 2) =  6.10916e+223
2:( 2, 2) =  6.01386e-154
2:( 3, 2) =  6.01347e-154
2:dim 1: [0]: [1 [1 [1, 3] 3] 3]
2:dim 2: [1]: [1 [1 [1, 2] 2] 2]
2:--- ESMCI::Array::print end ---
2:--- ESMCI::Array::print start ---
2: Base name    = Array003
2: Status: Base = Ready,  object = Ready
2: Proxy        = no
2: Root Info (Attributes):
3:--- ESMCI::Array::print end ---
3:--- ESMCI::Array::print start ---
3: Base name    = Array003
3: Status: Base = Ready,  object = Ready
3: Proxy        = no
3: Root Info (Attributes):
3:{}Array typekind/rank: Real*8 / 2 
3:~ lower class' values ~
3:DistGrid dimCount = 2
3:deCount = 6
3:localDeCount = 1
3:~ local data in LocalArray for DE 3 ~
3:LocalArrayPrint: Array at address 0x36463c0:
3:            rank = 2, typekind = 6, base_addr = 0x2b68119d7fc0
0:( 1, 1) =  2.35798e-310
0:( 2, 1) =  6.01347e-154
0:( 3, 1) =  6.01347e-154
0:( 1, 2) =  6.10916e+223
0:( 2, 2) =  6.01386e-154
0:( 3, 2) =  6.01347e-154
0:dim 1: [0]: [1 [1 [1, 3] 3] 3]
0:dim 2: [1]: [1 [1 [1, 2] 2] 2]
0:~ local data in LocalArray for DE 4 ~
0:LocalArrayPrint: Array at address 0x3645c00:
0:            rank = 2, typekind = 6, base_addr = 0x2b68119d7fe0
0:            dim[0] = 3  dim[1] = 1  
0:  Real, *8, Dim 2, Data values:
0:( 1, 1) =  9.88131e-324
1:            dim[0] = 2  dim[1] = 1  
1:  Real, *8, Dim 2, Data values:
1:( 1, 1) =  0
1:( 2, 1) =  0
1:dim 1: [0]: [1 [1 [1, 2] 2] 2]
1:dim 2: [1]: [1 [1 [1, 1] 1] 1]
1:--- ESMCI::Array::print end ---
1:--- ESMCI::Array::print start ---
1: Base name    = Array003
1: Status: Base = Ready,  object = Ready
1: Proxy        = no
1: Root Info (Attributes):
1:{}Array typekind/rank: Real*8 / 2 
1:~ lower class' values ~
1:DistGrid dimCount = 2
1:deCount = 6
1:localDeCount = 2
1:~ local data in LocalArray for DE 1 ~
2:{}Array typekind/rank: Real*8 / 2 
2:~ lower class' values ~
2:DistGrid dimCount = 2
2:deCount = 6
2:localDeCount = 1
2:~ local data in LocalArray for DE 2 ~
2:LocalArrayPrint: Array at address 0x3646340:
2:            rank = 2, typekind = 6, base_addr = 0x2b68119ebd00
2:            dim[0] = 3  dim[1] = 2  
2:  Real, *8, Dim 2, Data values:
2:( 1, 1) =  2.35798e-310
2:( 2, 1) =  6.01347e-154
2:( 3, 1) =  6.01347e-154
2:( 1, 2) =  6.10916e+223
2:( 2, 2) =  9.77069e+199
2:( 3, 2) =  6.99178e+228
2:dim 1: [0]: [1 [1 [1, 3] 3] 3]
2:dim 2: [1]: [1 [1 [1, 2] 2] 2]
3:            dim[0] = 2  dim[1] = 2  
3:  Real, *8, Dim 2, Data values:
3:( 1, 1) =  0
3:( 2, 1) =  0
3:( 1, 2) =  0
3:( 2, 2) =  0
3:dim 1: [0]: [1 [1 [1, 2] 2] 2]
3:dim 2: [1]: [1 [1 [1, 2] 2] 2]
3:--- ESMCI::Array::print end ---
0:( 2, 1) =  0
0:( 3, 1) =  0
0:dim 1: [0]: [1 [1 [1, 3] 3] 3]
0:dim 2: [1]: [1 [1 [1, 1] 1] 1]
0:--- ESMCI::Array::print end ---
0:--- ESMCI::Array::print start ---
0: Base name    = Array003
0: Status: Base = Ready,  object = Ready
0: Proxy        = no
0: Root Info (Attributes):
0:{}Array typekind/rank: Real*8 / 2 
0:~ lower class' values ~
0:DistGrid dimCount = 2
0:deCount = 6
0:localDeCount = 2
0:~ local data in LocalArray for DE 0 ~
0:LocalArrayPrint: Array at address 0x3646690:
0:            rank = 2, typekind = 6, base_addr = 0x2b68119ebd00
1:LocalArrayPrint: Array at address 0x3646710:
1:            rank = 2, typekind = 6, base_addr = 0x2b68119d7fa0
1:            dim[0] = 2  dim[1] = 2  
1:  Real, *8, Dim 2, Data values:
1:( 1, 1) =  0
1:( 2, 1) =  0
1:( 1, 2) =  0
1:( 2, 2) =  0
1:dim 1: [0]: [1 [1 [1, 2] 2] 2]
1:dim 2: [1]: [1 [1 [1, 2] 2] 2]
1:~ local data in LocalArray for DE 5 ~
1:LocalArrayPrint: Array at address 0x3646a40:
1:            rank = 2, typekind = 6, base_addr = 0x2b68119d7f80
1:            dim[0] = 2  dim[1] = 1  
1:  Real, *8, Dim 2, Data values:
1:( 1, 1) =  0
1:( 2, 1) =  0
1:dim 1: [0]: [1 [1 [1, 2] 2] 2]
1:dim 2: [1]: [1 [1 [1, 1] 1] 1]
1:--- ESMCI::Array::print end ---
2:--- ESMCI::Array::print end ---
0:            dim[0] = 3  dim[1] = 2  
0:  Real, *8, Dim 2, Data values:
0:( 1, 1) =  2.35798e-310
0:( 2, 1) =  6.01347e-154
0:( 3, 1) =  6.01347e-154
0:( 1, 2) =  6.10916e+223
0:( 2, 2) =  9.77069e+199
0:( 3, 2) =  6.99178e+228
0:dim 1: [0]: [1 [1 [1, 3] 3] 3]
0:dim 2: [1]: [1 [1 [1, 2] 2] 2]
0:~ local data in LocalArray for DE 4 ~
0:LocalArrayPrint: Array at address 0x36469c0:
0:            rank = 2, typekind = 6, base_addr = 0x2b68119d7fc0
0:            dim[0] = 3  dim[1] = 1  
0:  Real, *8, Dim 2, Data values:
0:( 1, 1) =  0
0:( 2, 1) =  0
0:( 3, 1) =  0
0:dim 1: [0]: [1 [1 [1, 3] 3] 3]
0:dim 2: [1]: [1 [1 [1, 1] 1] 1]
0:--- ESMCI::Array::print end ---
2:  PASS  Example ESMF_ArrayBundleEx, ESMF_ArrayBundleEx.F90, line 267
1:  PASS  Example ESMF_ArrayBundleEx, ESMF_ArrayBundleEx.F90, line 267
3:  PASS  Example ESMF_ArrayBundleEx, ESMF_ArrayBundleEx.F90, line 267
0:  PASS  Example ESMF_ArrayBundleEx, ESMF_ArrayBundleEx.F90, line 267
0: PASS: ESMF_ArrayBundleEx.F90
1: PASS: ESMF_ArrayBundleEx.F90
3: PASS: ESMF_ArrayBundleEx.F90
2: PASS: ESMF_ArrayBundleEx.F90
