2023-03-08 04:54:31
20230308 070443.230 INFO             PET0 !!!!!!!!!!!!!!!!!!!!!!!!!!!!!!!!!!!!!!!!!!!!!!!!!!!!!!
20230308 070443.230 INFO             PET0 !!! THE ESMF_LOG IS SET TO OUTPUT ALL LOG MESSAGES !!!
20230308 070443.230 INFO             PET0 !!!     THIS MAY CAUSE SLOWDOWN IN PERFORMANCE     !!!
20230308 070443.230 INFO             PET0 !!! FOR PRODUCTION RUNS, USE:                      !!!
20230308 070443.230 INFO             PET0 !!!                   ESMF_LOGKIND_Multi_On_Error  !!!
20230308 070443.230 INFO             PET0 !!!!!!!!!!!!!!!!!!!!!!!!!!!!!!!!!!!!!!!!!!!!!!!!!!!!!!
20230308 070443.230 INFO             PET0 Running with ESMF Version   : v8.5.0b18
20230308 070443.230 INFO             PET0 ESMF library build date/time: "Mar  8 2023" "04:51:30"
20230308 070443.230 INFO             PET0 ESMF library build location : /glade/scratch/theurich/ESMF-Nightly-Testing/nvhpc_22.2_mpt_O_develop/esmf
20230308 070443.230 INFO             PET0 ESMF_COMM                   : mpt
20230308 070443.231 INFO             PET0 ESMF_MOAB                   : enabled
20230308 070443.231 INFO             PET0 ESMF_LAPACK                 : enabled
20230308 070443.231 INFO             PET0 ESMF_NETCDF                 : enabled
20230308 070443.231 INFO             PET0 ESMF_PNETCDF                : disabled
20230308 070443.231 INFO             PET0 ESMF_PIO                    : enabled
20230308 070443.231 INFO             PET0 ESMF_YAMLCPP                : enabled
20230308 070443.270 DEBUG            PET0 about to destroy Grid: 0x2b049e0
20230308 070443.274 DEBUG            PET0 about to destroy Grid: 0x2b05d40
20230308 070443.285 INFO             PET0  NUMBER_OF_PROCESSORS            4
20230308 070443.285 INFO             PET0  PASS  Example ESMF_NUOPCAtmModelEx, ESMF_NUOPCAtmModelEx.F90, line 806
20230308 070443.285 INFO             PET0 Finalizing ESMF
20230308 070443.230 INFO             PET1 !!!!!!!!!!!!!!!!!!!!!!!!!!!!!!!!!!!!!!!!!!!!!!!!!!!!!!
20230308 070443.230 INFO             PET1 !!! THE ESMF_LOG IS SET TO OUTPUT ALL LOG MESSAGES !!!
20230308 070443.230 INFO             PET1 !!!     THIS MAY CAUSE SLOWDOWN IN PERFORMANCE     !!!
20230308 070443.230 INFO             PET1 !!! FOR PRODUCTION RUNS, USE:                      !!!
20230308 070443.230 INFO             PET1 !!!                   ESMF_LOGKIND_Multi_On_Error  !!!
20230308 070443.230 INFO             PET1 !!!!!!!!!!!!!!!!!!!!!!!!!!!!!!!!!!!!!!!!!!!!!!!!!!!!!!
20230308 070443.230 INFO             PET1 Running with ESMF Version   : v8.5.0b18
20230308 070443.230 INFO             PET1 ESMF library build date/time: "Mar  8 2023" "04:51:30"
20230308 070443.230 INFO             PET1 ESMF library build location : /glade/scratch/theurich/ESMF-Nightly-Testing/nvhpc_22.2_mpt_O_develop/esmf
20230308 070443.230 INFO             PET1 ESMF_COMM                   : mpt
20230308 070443.231 INFO             PET1 ESMF_MOAB                   : enabled
20230308 070443.231 INFO             PET1 ESMF_LAPACK                 : enabled
20230308 070443.231 INFO             PET1 ESMF_NETCDF                 : enabled
20230308 070443.231 INFO             PET1 ESMF_PNETCDF                : disabled
20230308 070443.231 INFO             PET1 ESMF_PIO                    : enabled
20230308 070443.231 INFO             PET1 ESMF_YAMLCPP                : enabled
20230308 070443.270 DEBUG            PET1 about to destroy Grid: 0x2b067d0
20230308 070443.274 DEBUG            PET1 about to destroy Grid: 0x2b07070
20230308 070443.285 INFO             PET1  NUMBER_OF_PROCESSORS            4
20230308 070443.285 INFO             PET1  PASS  Example ESMF_NUOPCAtmModelEx, ESMF_NUOPCAtmModelEx.F90, line 806
20230308 070443.285 INFO             PET1 Finalizing ESMF
20230308 070443.231 INFO             PET2 !!!!!!!!!!!!!!!!!!!!!!!!!!!!!!!!!!!!!!!!!!!!!!!!!!!!!!
20230308 070443.231 INFO             PET2 !!! THE ESMF_LOG IS SET TO OUTPUT ALL LOG MESSAGES !!!
20230308 070443.231 INFO             PET2 !!!     THIS MAY CAUSE SLOWDOWN IN PERFORMANCE     !!!
20230308 070443.231 INFO             PET2 !!! FOR PRODUCTION RUNS, USE:                      !!!
20230308 070443.231 INFO             PET2 !!!                   ESMF_LOGKIND_Multi_On_Error  !!!
20230308 070443.231 INFO             PET2 !!!!!!!!!!!!!!!!!!!!!!!!!!!!!!!!!!!!!!!!!!!!!!!!!!!!!!
20230308 070443.231 INFO             PET2 Running with ESMF Version   : v8.5.0b18
20230308 070443.231 INFO             PET2 ESMF library build date/time: "Mar  8 2023" "04:51:30"
20230308 070443.231 INFO             PET2 ESMF library build location : /glade/scratch/theurich/ESMF-Nightly-Testing/nvhpc_22.2_mpt_O_develop/esmf
20230308 070443.231 INFO             PET2 ESMF_COMM                   : mpt
20230308 070443.231 INFO             PET2 ESMF_MOAB                   : enabled
20230308 070443.231 INFO             PET2 ESMF_LAPACK                 : enabled
20230308 070443.231 INFO             PET2 ESMF_NETCDF                 : enabled
20230308 070443.231 INFO             PET2 ESMF_PNETCDF                : disabled
20230308 070443.231 INFO             PET2 ESMF_PIO                    : enabled
20230308 070443.231 INFO             PET2 ESMF_YAMLCPP                : enabled
20230308 070443.270 DEBUG            PET2 about to destroy Grid: 0x2b05fe0
20230308 070443.274 DEBUG            PET2 about to destroy Grid: 0x2b06490
20230308 070443.285 INFO             PET2  NUMBER_OF_PROCESSORS            4
20230308 070443.285 INFO             PET2  PASS  Example ESMF_NUOPCAtmModelEx, ESMF_NUOPCAtmModelEx.F90, line 806
20230308 070443.285 INFO             PET2 Finalizing ESMF
20230308 070443.230 INFO             PET3 !!!!!!!!!!!!!!!!!!!!!!!!!!!!!!!!!!!!!!!!!!!!!!!!!!!!!!
20230308 070443.231 INFO             PET3 !!! THE ESMF_LOG IS SET TO OUTPUT ALL LOG MESSAGES !!!
20230308 070443.231 INFO             PET3 !!!     THIS MAY CAUSE SLOWDOWN IN PERFORMANCE     !!!
20230308 070443.231 INFO             PET3 !!! FOR PRODUCTION RUNS, USE:                      !!!
20230308 070443.231 INFO             PET3 !!!                   ESMF_LOGKIND_Multi_On_Error  !!!
20230308 070443.231 INFO             PET3 !!!!!!!!!!!!!!!!!!!!!!!!!!!!!!!!!!!!!!!!!!!!!!!!!!!!!!
20230308 070443.231 INFO             PET3 Running with ESMF Version   : v8.5.0b18
20230308 070443.231 INFO             PET3 ESMF library build date/time: "Mar  8 2023" "04:51:30"
20230308 070443.231 INFO             PET3 ESMF library build location : /glade/scratch/theurich/ESMF-Nightly-Testing/nvhpc_22.2_mpt_O_develop/esmf
20230308 070443.231 INFO             PET3 ESMF_COMM                   : mpt
20230308 070443.231 INFO             PET3 ESMF_MOAB                   : enabled
20230308 070443.231 INFO             PET3 ESMF_LAPACK                 : enabled
20230308 070443.231 INFO             PET3 ESMF_NETCDF                 : enabled
20230308 070443.231 INFO             PET3 ESMF_PNETCDF                : disabled
20230308 070443.231 INFO             PET3 ESMF_PIO                    : enabled
20230308 070443.231 INFO             PET3 ESMF_YAMLCPP                : enabled
20230308 070443.270 DEBUG            PET3 about to destroy Grid: 0x2b05f50
20230308 070443.274 DEBUG            PET3 about to destroy Grid: 0x2b06840
20230308 070443.285 INFO             PET3  NUMBER_OF_PROCESSORS            4
20230308 070443.285 INFO             PET3  PASS  Example ESMF_NUOPCAtmModelEx, ESMF_NUOPCAtmModelEx.F90, line 806
20230308 070443.285 INFO             PET3 Finalizing ESMF
