2023-04-13 07:52:03
[1681373654.607720] [h25c05:252262:0]         mxm.c:196  MXM  WARN  The 'ulimit -s' on the system is set to 'unlimited'. This may have negative performance implications. Please set the stack size to the default value (10240) 
[1681373654.612484] [h25c05:252262:0]         mxm.c:196  MXM  WARN  The 'ulimit -s' on the system is set to 'unlimited'. This may have negative performance implications. Please set the stack size to the default value (10240) 
[1681373654.611561] [h25c05:252260:0]         mxm.c:196  MXM  WARN  The 'ulimit -s' on the system is set to 'unlimited'. This may have negative performance implications. Please set the stack size to the default value (10240) 
[1681373654.616341] [h25c05:252260:0]         mxm.c:196  MXM  WARN  The 'ulimit -s' on the system is set to 'unlimited'. This may have negative performance implications. Please set the stack size to the default value (10240) 
[1681373654.623586] [h25c05:252259:0]         mxm.c:196  MXM  WARN  The 'ulimit -s' on the system is set to 'unlimited'. This may have negative performance implications. Please set the stack size to the default value (10240) 
[1681373654.628584] [h25c05:252259:0]         mxm.c:196  MXM  WARN  The 'ulimit -s' on the system is set to 'unlimited'. This may have negative performance implications. Please set the stack size to the default value (10240) 
[1681373654.623608] [h25c05:252261:0]         mxm.c:196  MXM  WARN  The 'ulimit -s' on the system is set to 'unlimited'. This may have negative performance implications. Please set the stack size to the default value (10240) 
[1681373654.628632] [h25c05:252261:0]         mxm.c:196  MXM  WARN  The 'ulimit -s' on the system is set to 'unlimited'. This may have negative performance implications. Please set the stack size to the default value (10240) 
  @1800
    MED
    MED -> ATM
    MED -> OCN
    @@3600
     ATM
     OCN
     @1800
     ATM -> MED
     @
    @@
    @@3600
    OCN -> MED
    @@
  @1800
    MED
    MED -> ATM
    MED -> OCN
    @@3600
     ATM
    MED
  @
     OCN
     @1800
     ATM -> MED
     @
    @@
    @@3600
    OCN -> MED
    @@
    MED
  @
  @1800
    MED
    MED -> ATM
    MED -> OCN
    @@3600
     ATM
     OCN
     @1800
     ATM -> MED
     @
  @1800
    MED
    MED -> ATM
    MED -> OCN
    @@3600
     ATM
     OCN
     @1800
     ATM -> MED
     @
    @@
    @@3600
    OCN -> MED
    @@
    MED
  @
    @@
    @@3600
    OCN -> MED
    @@
    MED
  @
 NUOPC_DriverPrint for PET:           0
   Model, Mediator, and Driver components, in the order
   that they were added to the Driver:
           1 :  ATM
           2 :  OCN
           3 :  MED
   Connector components, in the order
   that they were added to the Driver:
           1 :  MED-TO-ATM
           2 :  MED-TO-OCN
           3 :  ATM-TO-MED
           4 :  OCN-TO-MED
NUOPC_RunSequenceArrayPrint: element     1 out of      4
runSeq::
 runElementPrint:      3    -1     1 F T
 runElementPrint:      3     1     1 F T
 runElementPrint:      3     2     1 F T
 runElementPrint:     -2     0     0 F T
 runElementPrint:     -4     0     0 F T
 runElementPrint:      3    -1     1 F T
 runElementPrint:     -1    -1     0 F F
::
NUOPC_RunSequenceArrayPrint: element     2 out of      4
runSeq::
 runElementPrint:      1    -1     1 T T
 runElementPrint:      2    -1     1 T T
 runElementPrint:     -3     0     0 T T
 runElementPrint:     -2    -1     0 T F
::
NUOPC_RunSequenceArrayPrint: element     3 out of      4
runSeq::
 runElementPrint:      1     3     1 F T
 runElementPrint:     -3    -1     0 F F
::
NUOPC_RunSequenceArrayPrint: element     4 out of      4
runSeq::
 runElementPrint:      2     3     1 T T
 runElementPrint:     -4    -1     0 T F
::
 NUOPC_DriverPrint for PET:           1
   Model, Mediator, and Driver components, in the order
   that they were added to the Driver:
           1 :  ATM
           2 :  OCN
           3 :  MED
   Connector components, in the order
   that they were added to the Driver:
           1 :  MED-TO-ATM
           2 :  MED-TO-OCN
           3 :  ATM-TO-MED
           4 :  OCN-TO-MED
NUOPC_RunSequenceArrayPrint: element     1 out of      4
runSeq::
 runElementPrint:      3    -1     1 F T
 runElementPrint:      3     1     1 F T
 runElementPrint:      3     2     1 F T
 runElementPrint:     -2     0     0 F T
 runElementPrint:     -4     0     0 F T
 runElementPrint:      3    -1     1 F T
 runElementPrint:     -1    -1     0 F F
::
NUOPC_RunSequenceArrayPrint: element     2 out of      4
runSeq::
 runElementPrint:      1    -1     1 T T
 runElementPrint:      2    -1     1 T T
 runElementPrint:     -3     0     0 T T
 runElementPrint:     -2    -1     0 T F
::
NUOPC_RunSequenceArrayPrint: element     3 out of      4
runSeq::
 runElementPrint:      1     3     1 F T
 runElementPrint:     -3    -1     0 F F
::
NUOPC_RunSequenceArrayPrint: element     4 out of      4
runSeq::
 runElementPrint:      2     3     1 T T
 runElementPrint:     -4    -1     0 T F
::
 NUOPC_DriverPrint for PET:           2
   Model, Mediator, and Driver components, in the order
   that they were added to the Driver:
           1 :  ATM
           2 :  OCN
           3 :  MED
   Connector components, in the order
   that they were added to the Driver:
           1 :  MED-TO-ATM
           2 :  MED-TO-OCN
           3 :  ATM-TO-MED
           4 :  OCN-TO-MED
NUOPC_RunSequenceArrayPrint: element     1 out of      4
runSeq::
 runElementPrint:      3    -1     1 F T
 runElementPrint:      3     1     1 F T
 runElementPrint:      3     2     1 F T
 runElementPrint:     -2     0     0 F T
 runElementPrint:     -4     0     0 F T
 runElementPrint:      3    -1     1 F T
 runElementPrint:     -1    -1     0 F F
::
NUOPC_RunSequenceArrayPrint: element     2 out of      4
runSeq::
 runElementPrint:      1    -1     1 T T
 runElementPrint:      2    -1     1 T T
 runElementPrint:     -3     0     0 T T
 runElementPrint:     -2    -1     0 T F
::
NUOPC_RunSequenceArrayPrint: element     3 out of      4
runSeq::
 runElementPrint:      1     3     1 F T
 runElementPrint:     -3    -1     0 F F
::
NUOPC_RunSequenceArrayPrint: element     4 out of      4
runSeq::
 runElementPrint:      2     3     1 T T
 runElementPrint:     -4    -1     0 T F
::
 NUOPC_DriverPrint for PET:           3
   Model, Mediator, and Driver components, in the order
   that they were added to the Driver:
           1 :  ATM
           2 :  OCN
           3 :  MED
   Connector components, in the order
   that they were added to the Driver:
           1 :  MED-TO-ATM
           2 :  MED-TO-OCN
           3 :  ATM-TO-MED
           4 :  OCN-TO-MED
NUOPC_RunSequenceArrayPrint: element     1 out of      4
runSeq::
 runElementPrint:      3    -1     1 F T
 runElementPrint:      3     1     1 F T
 runElementPrint:      3     2     1 F T
 runElementPrint:     -2     0     0 F T
 runElementPrint:     -4     0     0 F T
 runElementPrint:      3    -1     1 F T
 runElementPrint:     -1    -1     0 F F
::
NUOPC_RunSequenceArrayPrint: element     2 out of      4
runSeq::
 runElementPrint:      1    -1     1 T T
 runElementPrint:      2    -1     1 T T
 runElementPrint:     -3     0     0 T T
 runElementPrint:     -2    -1     0 T F
::
NUOPC_RunSequenceArrayPrint: element     3 out of      4
runSeq::
 runElementPrint:      1     3     1 F T
 runElementPrint:     -3    -1     0 F F
::
NUOPC_RunSequenceArrayPrint: element     4 out of      4
runSeq::
 runElementPrint:      2     3     1 T T
 runElementPrint:     -4    -1     0 T F
::
