2023-03-31 02:20:46
forrtl: severe (174): SIGSEGV, segmentation fault occurred
Image              PC                Routine            Line        Source             
libpthread-2.31.s  0000154A26DE98C0  Unknown               Unknown  Unknown
mainApp            000000000043A7C3  Unknown               Unknown  Unknown
mainApp            000000000043B0E0  Unknown               Unknown  Unknown
mainApp            000000000043A974  Unknown               Unknown  Unknown
libesmf.so         0000154A2930FFB2  f_esmf_compcollec     Unknown  Unknown
libesmf.so         0000154A29168E8D  _ZN5ESMCI2VM8fina     Unknown  Unknown
libesmf.so         0000154A2914A765  c_esmc_vmfinalize     Unknown  Unknown
libesmf.so         0000154A29822AAC  esmf_vmmod_mp_esm     Unknown  Unknown
libesmf.so         0000154A29641436  esmf_initmod_mp_e     Unknown  Unknown
mainApp            0000000000410F42  Unknown               Unknown  Unknown
mainApp            00000000004108CD  Unknown               Unknown  Unknown
libc-2.31.so       0000154A22F9F2BD  __libc_start_main     Unknown  Unknown
mainApp            00000000004107FA  Unknown               Unknown  Unknown
forrtl: severe (174): SIGSEGV, segmentation fault occurred
Image              PC                Routine            Line        Source             
libpthread-2.31.s  000014F3AD1D68C0  Unknown               Unknown  Unknown
mainApp            000000000043A7E3  Unknown               Unknown  Unknown
mainApp            000000000043B0E0  Unknown               Unknown  Unknown
mainApp            000000000043A974  Unknown               Unknown  Unknown
libesmf.so         000014F3AF6FCFB2  f_esmf_compcollec     Unknown  Unknown
libesmf.so         000014F3AF555E8D  _ZN5ESMCI2VM8fina     Unknown  Unknown
libesmf.so         000014F3AF537765  c_esmc_vmfinalize     Unknown  Unknown
libesmf.so         000014F3AFC0FAAC  esmf_vmmod_mp_esm     Unknown  Unknown
libesmf.so         000014F3AFA2E436  esmf_initmod_mp_e     Unknown  Unknown
mainApp            0000000000410F42  Unknown               Unknown  Unknown
mainApp            00000000004108CD  Unknown               Unknown  Unknown
libc-2.31.so       000014F3A938C2BD  __libc_start_main     Unknown  Unknown
mainApp            00000000004107FA  Unknown               Unknown  Unknown
forrtl: severe (174): SIGSEGV, segmentation fault occurred
Image              PC                Routine            Line        Source             
libpthread-2.31.s  0000153A3E7EB8C0  Unknown               Unknown  Unknown
mainApp            000000000043A7F0  Unknown               Unknown  Unknown
mainApp            000000000043B0E0  Unknown               Unknown  Unknown
mainApp            000000000043A974  Unknown               Unknown  Unknown
libesmf.so         0000153A40D11FB2  f_esmf_compcollec     Unknown  Unknown
libesmf.so         0000153A40B6AE8D  _ZN5ESMCI2VM8fina     Unknown  Unknown
libesmf.so         0000153A40B4C765  c_esmc_vmfinalize     Unknown  Unknown
libesmf.so         0000153A41224AAC  esmf_vmmod_mp_esm     Unknown  Unknown
libesmf.so         0000153A41043436  esmf_initmod_mp_e     Unknown  Unknown
mainApp            0000000000410F42  Unknown               Unknown  Unknown
mainApp            00000000004108CD  Unknown               Unknown  Unknown
libc-2.31.so       0000153A3A9A12BD  __libc_start_main     Unknown  Unknown
mainApp            00000000004107FA  Unknown               Unknown  Unknown
forrtl: severe (174): SIGSEGV, segmentation fault occurred
Image              PC                Routine            Line        Source             
libpthread-2.31.s  000014704AFD08C0  Unknown               Unknown  Unknown
mainApp            000000000043A7E3  Unknown               Unknown  Unknown
mainApp            000000000043B0E0  Unknown               Unknown  Unknown
mainApp            000000000043A974  Unknown               Unknown  Unknown
libesmf.so         000014704D4F6FB2  f_esmf_compcollec     Unknown  Unknown
libesmf.so         000014704D34FE8D  _ZN5ESMCI2VM8fina     Unknown  Unknown
libesmf.so         000014704D331765  c_esmc_vmfinalize     Unknown  Unknown
libesmf.so         000014704DA09AAC  esmf_vmmod_mp_esm     Unknown  Unknown
libesmf.so         000014704D828436  esmf_initmod_mp_e     Unknown  Unknown
mainApp            0000000000410F42  Unknown               Unknown  Unknown
mainApp            00000000004108CD  Unknown               Unknown  Unknown
libc-2.31.so       00001470471862BD  __libc_start_main     Unknown  Unknown
mainApp            00000000004107FA  Unknown               Unknown  Unknown
gu0012.hsn.gu.hpc.ucar.edu: rank 1 exited with code 174
