2023-03-21 04:14:39
20230321 052440.350 INFO             PET0 !!!!!!!!!!!!!!!!!!!!!!!!!!!!!!!!!!!!!!!!!!!!!!!!!!!!!!
20230321 052440.352 INFO             PET0 !!! THE ESMF_LOG IS SET TO OUTPUT ALL LOG MESSAGES !!!
20230321 052440.352 INFO             PET0 !!!     THIS MAY CAUSE SLOWDOWN IN PERFORMANCE     !!!
20230321 052440.352 INFO             PET0 !!! FOR PRODUCTION RUNS, USE:                      !!!
20230321 052440.352 INFO             PET0 !!!                   ESMF_LOGKIND_Multi_On_Error  !!!
20230321 052440.352 INFO             PET0 !!!!!!!!!!!!!!!!!!!!!!!!!!!!!!!!!!!!!!!!!!!!!!!!!!!!!!
20230321 052440.352 INFO             PET0 Running with ESMF Version   : v8.5.0b18-5-ge74a33b91d
20230321 052440.353 INFO             PET0 ESMF library build date/time: "Mar 21 2023" "04:11:56"
20230321 052440.353 INFO             PET0 ESMF library build location : /lfs4/HFIP/hfv3gfs/Mark.Potts/esmf-tests/nvhpc_22.2_intelmpi_O_develop/esmf
20230321 052440.353 INFO             PET0 ESMF_COMM                   : intelmpi
20230321 052440.354 INFO             PET0 ESMF_MOAB                   : enabled
20230321 052440.354 INFO             PET0 ESMF_LAPACK                 : enabled
20230321 052440.354 INFO             PET0 ESMF_NETCDF                 : disabled
20230321 052440.354 INFO             PET0 ESMF_PNETCDF                : disabled
20230321 052440.354 INFO             PET0 ESMF_PIO                    : disabled
20230321 052440.354 INFO             PET0 ESMF_YAMLCPP                : enabled
20230321 052440.598 INFO             PET0  NUMBER_OF_PROCESSORS            1
20230321 052440.598 INFO             PET0  PASS  Example ESMF_XGridSparseMatEx, ESMF_XGridSparseMatEx.F90, line 642
20230321 052440.598 INFO             PET0 Finalizing ESMF
