2023-04-08 04:20:18
20230408 053445.370 INFO             PET0 !!!!!!!!!!!!!!!!!!!!!!!!!!!!!!!!!!!!!!!!!!!!!!!!!!!!!!
20230408 053445.370 INFO             PET0 !!! THE ESMF_LOG IS SET TO OUTPUT ALL LOG MESSAGES !!!
20230408 053445.370 INFO             PET0 !!!     THIS MAY CAUSE SLOWDOWN IN PERFORMANCE     !!!
20230408 053445.370 INFO             PET0 !!! FOR PRODUCTION RUNS, USE:                      !!!
20230408 053445.370 INFO             PET0 !!!                   ESMF_LOGKIND_Multi_On_Error  !!!
20230408 053445.370 INFO             PET0 !!!!!!!!!!!!!!!!!!!!!!!!!!!!!!!!!!!!!!!!!!!!!!!!!!!!!!
20230408 053445.370 INFO             PET0 Running with ESMF Version   : v8.5.0b19-2-g1c496381f5
20230408 053445.370 INFO             PET0 ESMF library build date/time: "Apr  8 2023" "04:16:24"
20230408 053445.370 INFO             PET0 ESMF library build location : /lfs4/HFIP/hfv3gfs/Mark.Potts/esmf-tests/nvhpc_22.2_intelmpi_O_develop/esmf
20230408 053445.370 INFO             PET0 ESMF_COMM                   : intelmpi
20230408 053445.371 INFO             PET0 ESMF_MOAB                   : enabled
20230408 053445.371 INFO             PET0 ESMF_LAPACK                 : enabled
20230408 053445.371 INFO             PET0 ESMF_NETCDF                 : disabled
20230408 053445.371 INFO             PET0 ESMF_PNETCDF                : disabled
20230408 053445.371 INFO             PET0 ESMF_PIO                    : disabled
20230408 053445.371 INFO             PET0 ESMF_YAMLCPP                : enabled
20230408 053446.097 INFO             PET0  NUMBER_OF_PROCESSORS            4
20230408 053446.097 INFO             PET0  PASS  Example ESMF_ArrayRedistEx, ESMF_ArrayRedistEx.F90, line 515
20230408 053446.097 INFO             PET0 Finalizing ESMF
20230408 053445.370 INFO             PET1 !!!!!!!!!!!!!!!!!!!!!!!!!!!!!!!!!!!!!!!!!!!!!!!!!!!!!!
20230408 053445.371 INFO             PET1 !!! THE ESMF_LOG IS SET TO OUTPUT ALL LOG MESSAGES !!!
20230408 053445.371 INFO             PET1 !!!     THIS MAY CAUSE SLOWDOWN IN PERFORMANCE     !!!
20230408 053445.371 INFO             PET1 !!! FOR PRODUCTION RUNS, USE:                      !!!
20230408 053445.371 INFO             PET1 !!!                   ESMF_LOGKIND_Multi_On_Error  !!!
20230408 053445.371 INFO             PET1 !!!!!!!!!!!!!!!!!!!!!!!!!!!!!!!!!!!!!!!!!!!!!!!!!!!!!!
20230408 053445.371 INFO             PET1 Running with ESMF Version   : v8.5.0b19-2-g1c496381f5
20230408 053445.371 INFO             PET1 ESMF library build date/time: "Apr  8 2023" "04:16:24"
20230408 053445.371 INFO             PET1 ESMF library build location : /lfs4/HFIP/hfv3gfs/Mark.Potts/esmf-tests/nvhpc_22.2_intelmpi_O_develop/esmf
20230408 053445.371 INFO             PET1 ESMF_COMM                   : intelmpi
20230408 053445.372 INFO             PET1 ESMF_MOAB                   : enabled
20230408 053445.372 INFO             PET1 ESMF_LAPACK                 : enabled
20230408 053445.372 INFO             PET1 ESMF_NETCDF                 : disabled
20230408 053445.372 INFO             PET1 ESMF_PNETCDF                : disabled
20230408 053445.372 INFO             PET1 ESMF_PIO                    : disabled
20230408 053445.372 INFO             PET1 ESMF_YAMLCPP                : enabled
20230408 053446.097 INFO             PET1  NUMBER_OF_PROCESSORS            4
20230408 053446.097 INFO             PET1  PASS  Example ESMF_ArrayRedistEx, ESMF_ArrayRedistEx.F90, line 515
20230408 053446.097 INFO             PET1 Finalizing ESMF
20230408 053445.371 INFO             PET2 !!!!!!!!!!!!!!!!!!!!!!!!!!!!!!!!!!!!!!!!!!!!!!!!!!!!!!
20230408 053445.371 INFO             PET2 !!! THE ESMF_LOG IS SET TO OUTPUT ALL LOG MESSAGES !!!
20230408 053445.371 INFO             PET2 !!!     THIS MAY CAUSE SLOWDOWN IN PERFORMANCE     !!!
20230408 053445.371 INFO             PET2 !!! FOR PRODUCTION RUNS, USE:                      !!!
20230408 053445.371 INFO             PET2 !!!                   ESMF_LOGKIND_Multi_On_Error  !!!
20230408 053445.371 INFO             PET2 !!!!!!!!!!!!!!!!!!!!!!!!!!!!!!!!!!!!!!!!!!!!!!!!!!!!!!
20230408 053445.371 INFO             PET2 Running with ESMF Version   : v8.5.0b19-2-g1c496381f5
20230408 053445.371 INFO             PET2 ESMF library build date/time: "Apr  8 2023" "04:16:24"
20230408 053445.371 INFO             PET2 ESMF library build location : /lfs4/HFIP/hfv3gfs/Mark.Potts/esmf-tests/nvhpc_22.2_intelmpi_O_develop/esmf
20230408 053445.371 INFO             PET2 ESMF_COMM                   : intelmpi
20230408 053445.372 INFO             PET2 ESMF_MOAB                   : enabled
20230408 053445.372 INFO             PET2 ESMF_LAPACK                 : enabled
20230408 053445.372 INFO             PET2 ESMF_NETCDF                 : disabled
20230408 053445.372 INFO             PET2 ESMF_PNETCDF                : disabled
20230408 053445.372 INFO             PET2 ESMF_PIO                    : disabled
20230408 053445.372 INFO             PET2 ESMF_YAMLCPP                : enabled
20230408 053446.097 INFO             PET2  NUMBER_OF_PROCESSORS            4
20230408 053446.097 INFO             PET2  PASS  Example ESMF_ArrayRedistEx, ESMF_ArrayRedistEx.F90, line 515
20230408 053446.097 INFO             PET2 Finalizing ESMF
20230408 053445.371 INFO             PET3 !!!!!!!!!!!!!!!!!!!!!!!!!!!!!!!!!!!!!!!!!!!!!!!!!!!!!!
20230408 053445.371 INFO             PET3 !!! THE ESMF_LOG IS SET TO OUTPUT ALL LOG MESSAGES !!!
20230408 053445.371 INFO             PET3 !!!     THIS MAY CAUSE SLOWDOWN IN PERFORMANCE     !!!
20230408 053445.371 INFO             PET3 !!! FOR PRODUCTION RUNS, USE:                      !!!
20230408 053445.371 INFO             PET3 !!!                   ESMF_LOGKIND_Multi_On_Error  !!!
20230408 053445.371 INFO             PET3 !!!!!!!!!!!!!!!!!!!!!!!!!!!!!!!!!!!!!!!!!!!!!!!!!!!!!!
20230408 053445.371 INFO             PET3 Running with ESMF Version   : v8.5.0b19-2-g1c496381f5
20230408 053445.371 INFO             PET3 ESMF library build date/time: "Apr  8 2023" "04:16:24"
20230408 053445.371 INFO             PET3 ESMF library build location : /lfs4/HFIP/hfv3gfs/Mark.Potts/esmf-tests/nvhpc_22.2_intelmpi_O_develop/esmf
20230408 053445.371 INFO             PET3 ESMF_COMM                   : intelmpi
20230408 053445.371 INFO             PET3 ESMF_MOAB                   : enabled
20230408 053445.372 INFO             PET3 ESMF_LAPACK                 : enabled
20230408 053445.372 INFO             PET3 ESMF_NETCDF                 : disabled
20230408 053445.372 INFO             PET3 ESMF_PNETCDF                : disabled
20230408 053445.372 INFO             PET3 ESMF_PIO                    : disabled
20230408 053445.372 INFO             PET3 ESMF_YAMLCPP                : enabled
20230408 053446.097 INFO             PET3  NUMBER_OF_PROCESSORS            4
20230408 053446.097 INFO             PET3  PASS  Example ESMF_ArrayRedistEx, ESMF_ArrayRedistEx.F90, line 515
20230408 053446.097 INFO             PET3 Finalizing ESMF
