2023-03-19 04:15:39
20230319 052308.179 INFO             PET0 !!!!!!!!!!!!!!!!!!!!!!!!!!!!!!!!!!!!!!!!!!!!!!!!!!!!!!
20230319 052308.179 INFO             PET0 !!! THE ESMF_LOG IS SET TO OUTPUT ALL LOG MESSAGES !!!
20230319 052308.179 INFO             PET0 !!!     THIS MAY CAUSE SLOWDOWN IN PERFORMANCE     !!!
20230319 052308.179 INFO             PET0 !!! FOR PRODUCTION RUNS, USE:                      !!!
20230319 052308.179 INFO             PET0 !!!                   ESMF_LOGKIND_Multi_On_Error  !!!
20230319 052308.179 INFO             PET0 !!!!!!!!!!!!!!!!!!!!!!!!!!!!!!!!!!!!!!!!!!!!!!!!!!!!!!
20230319 052308.179 INFO             PET0 Running with ESMF Version   : v8.5.0b18-5-ge74a33b91d
20230319 052308.179 INFO             PET0 ESMF library build date/time: "Mar 19 2023" "04:12:50"
20230319 052308.179 INFO             PET0 ESMF library build location : /lfs4/HFIP/hfv3gfs/Mark.Potts/esmf-tests/nvhpc_22.2_intelmpi_O_develop/esmf
20230319 052308.179 INFO             PET0 ESMF_COMM                   : intelmpi
20230319 052308.185 INFO             PET0 ESMF_MOAB                   : enabled
20230319 052308.185 INFO             PET0 ESMF_LAPACK                 : enabled
20230319 052308.185 INFO             PET0 ESMF_NETCDF                 : disabled
20230319 052308.185 INFO             PET0 ESMF_PNETCDF                : disabled
20230319 052308.185 INFO             PET0 ESMF_PIO                    : disabled
20230319 052308.185 INFO             PET0 ESMF_YAMLCPP                : enabled
20230319 052308.226 INFO             PET0  NUMBER_OF_PROCESSORS            4
20230319 052308.226 INFO             PET0  PASS  Example ESMF_VMHigherRankDataEx, ESMF_VMHigherRankDataEx.F90, line 140
20230319 052308.226 INFO             PET0 Finalizing ESMF
20230319 052308.178 INFO             PET1 !!!!!!!!!!!!!!!!!!!!!!!!!!!!!!!!!!!!!!!!!!!!!!!!!!!!!!
20230319 052308.179 INFO             PET1 !!! THE ESMF_LOG IS SET TO OUTPUT ALL LOG MESSAGES !!!
20230319 052308.179 INFO             PET1 !!!     THIS MAY CAUSE SLOWDOWN IN PERFORMANCE     !!!
20230319 052308.179 INFO             PET1 !!! FOR PRODUCTION RUNS, USE:                      !!!
20230319 052308.179 INFO             PET1 !!!                   ESMF_LOGKIND_Multi_On_Error  !!!
20230319 052308.179 INFO             PET1 !!!!!!!!!!!!!!!!!!!!!!!!!!!!!!!!!!!!!!!!!!!!!!!!!!!!!!
20230319 052308.179 INFO             PET1 Running with ESMF Version   : v8.5.0b18-5-ge74a33b91d
20230319 052308.179 INFO             PET1 ESMF library build date/time: "Mar 19 2023" "04:12:50"
20230319 052308.179 INFO             PET1 ESMF library build location : /lfs4/HFIP/hfv3gfs/Mark.Potts/esmf-tests/nvhpc_22.2_intelmpi_O_develop/esmf
20230319 052308.179 INFO             PET1 ESMF_COMM                   : intelmpi
20230319 052308.184 INFO             PET1 ESMF_MOAB                   : enabled
20230319 052308.185 INFO             PET1 ESMF_LAPACK                 : enabled
20230319 052308.185 INFO             PET1 ESMF_NETCDF                 : disabled
20230319 052308.185 INFO             PET1 ESMF_PNETCDF                : disabled
20230319 052308.185 INFO             PET1 ESMF_PIO                    : disabled
20230319 052308.185 INFO             PET1 ESMF_YAMLCPP                : enabled
20230319 052308.226 INFO             PET1  NUMBER_OF_PROCESSORS            4
20230319 052308.226 INFO             PET1  PASS  Example ESMF_VMHigherRankDataEx, ESMF_VMHigherRankDataEx.F90, line 140
20230319 052308.226 INFO             PET1 Finalizing ESMF
20230319 052308.195 INFO             PET2 !!!!!!!!!!!!!!!!!!!!!!!!!!!!!!!!!!!!!!!!!!!!!!!!!!!!!!
20230319 052308.196 INFO             PET2 !!! THE ESMF_LOG IS SET TO OUTPUT ALL LOG MESSAGES !!!
20230319 052308.196 INFO             PET2 !!!     THIS MAY CAUSE SLOWDOWN IN PERFORMANCE     !!!
20230319 052308.196 INFO             PET2 !!! FOR PRODUCTION RUNS, USE:                      !!!
20230319 052308.196 INFO             PET2 !!!                   ESMF_LOGKIND_Multi_On_Error  !!!
20230319 052308.196 INFO             PET2 !!!!!!!!!!!!!!!!!!!!!!!!!!!!!!!!!!!!!!!!!!!!!!!!!!!!!!
20230319 052308.196 INFO             PET2 Running with ESMF Version   : v8.5.0b18-5-ge74a33b91d
20230319 052308.196 INFO             PET2 ESMF library build date/time: "Mar 19 2023" "04:12:50"
20230319 052308.196 INFO             PET2 ESMF library build location : /lfs4/HFIP/hfv3gfs/Mark.Potts/esmf-tests/nvhpc_22.2_intelmpi_O_develop/esmf
20230319 052308.196 INFO             PET2 ESMF_COMM                   : intelmpi
20230319 052308.226 INFO             PET2 ESMF_MOAB                   : enabled
20230319 052308.226 INFO             PET2 ESMF_LAPACK                 : enabled
20230319 052308.226 INFO             PET2 ESMF_NETCDF                 : disabled
20230319 052308.226 INFO             PET2 ESMF_PNETCDF                : disabled
20230319 052308.226 INFO             PET2 ESMF_PIO                    : disabled
20230319 052308.226 INFO             PET2 ESMF_YAMLCPP                : enabled
20230319 052308.226 INFO             PET2  NUMBER_OF_PROCESSORS            4
20230319 052308.226 INFO             PET2  PASS  Example ESMF_VMHigherRankDataEx, ESMF_VMHigherRankDataEx.F90, line 140
20230319 052308.226 INFO             PET2 Finalizing ESMF
20230319 052308.176 INFO             PET3 !!!!!!!!!!!!!!!!!!!!!!!!!!!!!!!!!!!!!!!!!!!!!!!!!!!!!!
20230319 052308.176 INFO             PET3 !!! THE ESMF_LOG IS SET TO OUTPUT ALL LOG MESSAGES !!!
20230319 052308.177 INFO             PET3 !!!     THIS MAY CAUSE SLOWDOWN IN PERFORMANCE     !!!
20230319 052308.177 INFO             PET3 !!! FOR PRODUCTION RUNS, USE:                      !!!
20230319 052308.177 INFO             PET3 !!!                   ESMF_LOGKIND_Multi_On_Error  !!!
20230319 052308.177 INFO             PET3 !!!!!!!!!!!!!!!!!!!!!!!!!!!!!!!!!!!!!!!!!!!!!!!!!!!!!!
20230319 052308.177 INFO             PET3 Running with ESMF Version   : v8.5.0b18-5-ge74a33b91d
20230319 052308.177 INFO             PET3 ESMF library build date/time: "Mar 19 2023" "04:12:50"
20230319 052308.177 INFO             PET3 ESMF library build location : /lfs4/HFIP/hfv3gfs/Mark.Potts/esmf-tests/nvhpc_22.2_intelmpi_O_develop/esmf
20230319 052308.177 INFO             PET3 ESMF_COMM                   : intelmpi
20230319 052308.177 INFO             PET3 ESMF_MOAB                   : enabled
20230319 052308.177 INFO             PET3 ESMF_LAPACK                 : enabled
20230319 052308.177 INFO             PET3 ESMF_NETCDF                 : disabled
20230319 052308.177 INFO             PET3 ESMF_PNETCDF                : disabled
20230319 052308.177 INFO             PET3 ESMF_PIO                    : disabled
20230319 052308.177 INFO             PET3 ESMF_YAMLCPP                : enabled
20230319 052308.226 INFO             PET3  NUMBER_OF_PROCESSORS            4
20230319 052308.226 INFO             PET3  PASS  Example ESMF_VMHigherRankDataEx, ESMF_VMHigherRankDataEx.F90, line 140
20230319 052308.226 INFO             PET3 Finalizing ESMF
