2023-03-14 02:29:18
20230314 030941.950 INFO             PET0 !!!!!!!!!!!!!!!!!!!!!!!!!!!!!!!!!!!!!!!!!!!!!!!!!!!!!!
20230314 030941.950 INFO             PET0 !!! THE ESMF_LOG IS SET TO OUTPUT ALL LOG MESSAGES !!!
20230314 030941.950 INFO             PET0 !!!     THIS MAY CAUSE SLOWDOWN IN PERFORMANCE     !!!
20230314 030941.950 INFO             PET0 !!! FOR PRODUCTION RUNS, USE:                      !!!
20230314 030941.950 INFO             PET0 !!!                   ESMF_LOGKIND_Multi_On_Error  !!!
20230314 030941.950 INFO             PET0 !!!!!!!!!!!!!!!!!!!!!!!!!!!!!!!!!!!!!!!!!!!!!!!!!!!!!!
20230314 030941.950 INFO             PET0 Running with ESMF Version   : v8.5.0b18-2-g3a4fb969bb
20230314 030941.950 INFO             PET0 ESMF library build date/time: "Mar 14 2023" "02:27:11"
20230314 030941.950 INFO             PET0 ESMF library build location : /glade/gust/scratch/theurich/ESMF-Nightly-Testing/nvhpc_23.1_mpi_g_develop/esmf
20230314 030941.950 INFO             PET0 ESMF_COMM                   : mpi
20230314 030941.951 INFO             PET0 ESMF_MOAB                   : enabled
20230314 030941.951 INFO             PET0 ESMF_LAPACK                 : enabled
20230314 030941.951 INFO             PET0 ESMF_NETCDF                 : enabled
20230314 030941.951 INFO             PET0 ESMF_PNETCDF                : disabled
20230314 030941.951 INFO             PET0 ESMF_PIO                    : enabled
20230314 030941.951 INFO             PET0 ESMF_YAMLCPP                : enabled
20230314 030941.952 INFO             PET0 esmApp STARTING
20230314 030941.957 INFO             PET0 esm: InitializeGeneric intro.
20230314 030941.957 INFO             PET0   esm: InitializeP0 intro.
20230314 030941.957 INFO             PET0   esm: InitializeP0 extro.
20230314 030941.957 INFO             PET0   esm: InitializeIPDv02p1 intro.
20230314 030941.957 INFO             PET0     >>>esm: entered Initialize (phase=<none>) without valid internal Clock.
20230314 030941.957 INFO             PET0     esm - Creating model component ATM with petList of size 1 :
20230314 030941.957 INFO             PET0           0
20230314 030941.960 INFO             PET0     esm - Creating model component OCN with petList of size 1 :
20230314 030941.960 INFO             PET0           2
20230314 030941.962 INFO             PET0     esm - Creating model component MED with petList of size 2 :
20230314 030941.962 INFO             PET0           1      3
20230314 030941.963 INFO             PET0     esm - Creating state: modelComp 1 Import State
20230314 030941.963 INFO             PET0     esm - Creating state: modelComp 1 Export State
20230314 030941.963 INFO             PET0     esm - Creating state: modelComp 2 Import State
20230314 030941.963 INFO             PET0     esm - Creating state: modelComp 2 Export State
20230314 030941.963 INFO             PET0     esm - Creating state: modelComp 3 Import State
20230314 030941.963 INFO             PET0     esm - Creating state: modelComp 3 Export State
20230314 030941.964 INFO             PET0     ATM: InitializeP0 intro.
20230314 030941.966 INFO             PET0     ATM: InitializeP0 extro.
20230314 030941.973 INFO             PET0     esm - Creating connector component OCN-TO-MED with petList of size 3 :
20230314 030941.973 INFO             PET0           2      1      3
20230314 030941.978 INFO             PET0     esm - Setting Verbosity on created component to: high
20230314 030941.978 INFO             PET0     esm - Setting Profiling on created component to:          0
20230314 030941.978 INFO             PET0     esm - Creating connector component MED-TO-OCN with petList of size 3 :
20230314 030941.978 INFO             PET0           1      3      2
20230314 030941.984 INFO             PET0     esm - Setting Verbosity on created component to: high
20230314 030941.984 INFO             PET0     esm - Setting Profiling on created component to:          0
20230314 030941.984 INFO             PET0     esm - Creating connector component MED-TO-ATM with petList of size 3 :
20230314 030941.984 INFO             PET0           1      3      0
20230314 030941.990 INFO             PET0     esm - Setting Verbosity on created component to: high
20230314 030941.990 INFO             PET0     esm - Setting Profiling on created component to:          0
20230314 030941.990 INFO             PET0     esm - Creating connector component ATM-TO-MED with petList of size 3 :
20230314 030941.990 INFO             PET0           0      1      3
20230314 030941.995 INFO             PET0     esm - Setting Verbosity on created component to: high
20230314 030941.995 INFO             PET0     esm - Setting Profiling on created component to:          0
20230314 030941.998 INFO             PET0     esm: IInitAdvertise intro.
20230314 030941.998 INFO             PET0     esm: IInitAdvertise extro.
20230314 030941.998 INFO             PET0     ATM: InitializeIPDvXp01 intro.
20230314 030942.001 INFO             PET0     ATM: InitializeIPDvXp01 extro.
20230314 030942.005 INFO             PET0     ATM-TO-MED: InitializeIPDv05p1 intro.
20230314 030942.011 INFO             PET0       ATM-TO-MED: importState FieldTransferPolicy = transferNone
20230314 030942.011 INFO             PET0       ATM-TO-MED: exportState FieldTransferPolicy = transferNone
20230314 030942.011 INFO             PET0     ATM-TO-MED: InitializeIPDv05p1 extro.
20230314 030942.012 INFO             PET0     MED-TO-ATM: InitializeIPDv05p1 intro.
20230314 030942.021 INFO             PET0       MED-TO-ATM: importState FieldTransferPolicy = transferNone
20230314 030942.021 INFO             PET0       MED-TO-ATM: exportState FieldTransferPolicy = transferNone
20230314 030942.021 INFO             PET0     MED-TO-ATM: InitializeIPDv05p1 extro.
20230314 030942.022 INFO             PET0     esm: IInitAdvertiseFinish intro.
20230314 030942.022 INFO             PET0     esm: IInitAdvertiseFinish extro.
20230314 030942.022 INFO             PET0     ATM-TO-MED: InitializeIPDv05p2a intro.
20230314 030942.033 INFO             PET0       ATM-TO-MED:      importStandardNameList(i=  1): air_pressure_at_sea_level
20230314 030942.033 INFO             PET0       ATM-TO-MED:         importNamespaceList(i=  1): ATM
20230314 030942.033 INFO             PET0       ATM-TO-MED:            importCplSetList(i=  1): __UNSPECIFIED__
20230314 030942.033 INFO             PET0       ATM-TO-MED:      exportStandardNameList(j=  1): air_pressure_at_sea_level
20230314 030942.033 INFO             PET0       ATM-TO-MED:         exportNamespaceList(j=  1): MED
20230314 030942.033 INFO             PET0       ATM-TO-MED:            exportCplSetList(j=  1): __UNSPECIFIED__
20230314 030942.033 INFO             PET0       ATM-TO-MED: bondLevel= 1
20230314 030942.033 INFO             PET0       ATM-TO-MED: ProducerConnection (bondLevelMax):         1
20230314 030942.033 INFO             PET0       ATM-TO-MED:      importStandardNameList(i=  2): surface_net_downward_shortwave_flux
20230314 030942.033 INFO             PET0       ATM-TO-MED:         importNamespaceList(i=  2): ATM
20230314 030942.033 INFO             PET0       ATM-TO-MED:            importCplSetList(i=  2): __UNSPECIFIED__
20230314 030942.033 INFO             PET0       ATM-TO-MED:      exportStandardNameList(j=  2): surface_net_downward_shortwave_flux
20230314 030942.033 INFO             PET0       ATM-TO-MED:         exportNamespaceList(j=  2): MED
20230314 030942.033 INFO             PET0       ATM-TO-MED:            exportCplSetList(j=  2): __UNSPECIFIED__
20230314 030942.033 INFO             PET0       ATM-TO-MED: bondLevel= 1
20230314 030942.033 INFO             PET0       ATM-TO-MED: ProducerConnection (bondLevelMax):         1
20230314 030942.033 INFO             PET0     ATM-TO-MED: InitializeIPDv05p2a extro.
20230314 030942.033 INFO             PET0     MED-TO-ATM: InitializeIPDv05p2a intro.
20230314 030942.042 INFO             PET0       MED-TO-ATM:      importStandardNameList(i=  3): sea_surface_temperature
20230314 030942.042 INFO             PET0       MED-TO-ATM:         importNamespaceList(i=  3): MED
20230314 030942.042 INFO             PET0       MED-TO-ATM:            importCplSetList(i=  3): __UNSPECIFIED__
20230314 030942.042 INFO             PET0       MED-TO-ATM:      exportStandardNameList(j=  1): sea_surface_temperature
20230314 030942.042 INFO             PET0       MED-TO-ATM:         exportNamespaceList(j=  1): ATM
20230314 030942.042 INFO             PET0       MED-TO-ATM:            exportCplSetList(j=  1): __UNSPECIFIED__
20230314 030942.042 INFO             PET0       MED-TO-ATM: bondLevel= 1
20230314 030942.042 INFO             PET0       MED-TO-ATM: ProducerConnection (bondLevelMax):         1
20230314 030942.042 INFO             PET0     MED-TO-ATM: InitializeIPDv05p2a extro.
20230314 030942.043 INFO             PET0     ATM-TO-MED: InitializeIPDv05p2b intro.
20230314 030942.054 INFO             PET0       ATM-TO-MED:      importStandardNameList(i=  1): air_pressure_at_sea_level
20230314 030942.054 INFO             PET0       ATM-TO-MED:         importNamespaceList(i=  1): ATM
20230314 030942.054 INFO             PET0       ATM-TO-MED:            importCplSetList(i=  1): __UNSPECIFIED__
20230314 030942.054 INFO             PET0       ATM-TO-MED:      exportStandardNameList(j=  1): air_pressure_at_sea_level
20230314 030942.054 INFO             PET0       ATM-TO-MED:         exportNamespaceList(j=  1): MED
20230314 030942.054 INFO             PET0       ATM-TO-MED:            exportCplSetList(j=  1): __UNSPECIFIED__
20230314 030942.054 INFO             PET0       ATM-TO-MED: bondLevel= 1
20230314 030942.054 INFO             PET0       ATM-TO-MED: => added cplList(  1)=air_pressure_at_sea_level, cplSetList(  1)=__UNSPECIFIED__
20230314 030942.054 INFO             PET0       ATM-TO-MED:      importStandardNameList(i=  2): surface_net_downward_shortwave_flux
20230314 030942.054 INFO             PET0       ATM-TO-MED:         importNamespaceList(i=  2): ATM
20230314 030942.054 INFO             PET0       ATM-TO-MED:            importCplSetList(i=  2): __UNSPECIFIED__
20230314 030942.054 INFO             PET0       ATM-TO-MED:      exportStandardNameList(j=  2): surface_net_downward_shortwave_flux
20230314 030942.054 INFO             PET0       ATM-TO-MED:         exportNamespaceList(j=  2): MED
20230314 030942.054 INFO             PET0       ATM-TO-MED:            exportCplSetList(j=  2): __UNSPECIFIED__
20230314 030942.054 INFO             PET0       ATM-TO-MED: bondLevel= 1
20230314 030942.054 INFO             PET0       ATM-TO-MED: => added cplList(  2)=surface_net_downward_shortwave_flux, cplSetList(  2)=__UNSPECIFIED__
20230314 030942.054 INFO             PET0     ATM-TO-MED: InitializeIPDv05p2b extro.
20230314 030942.054 INFO             PET0     MED-TO-ATM: InitializeIPDv05p2b intro.
20230314 030942.063 INFO             PET0       MED-TO-ATM:      importStandardNameList(i=  3): sea_surface_temperature
20230314 030942.063 INFO             PET0       MED-TO-ATM:         importNamespaceList(i=  3): MED
20230314 030942.063 INFO             PET0       MED-TO-ATM:            importCplSetList(i=  3): __UNSPECIFIED__
20230314 030942.063 INFO             PET0       MED-TO-ATM:      exportStandardNameList(j=  1): sea_surface_temperature
20230314 030942.063 INFO             PET0       MED-TO-ATM:         exportNamespaceList(j=  1): ATM
20230314 030942.063 INFO             PET0       MED-TO-ATM:            exportCplSetList(j=  1): __UNSPECIFIED__
20230314 030942.063 INFO             PET0       MED-TO-ATM: bondLevel= 1
20230314 030942.063 INFO             PET0       MED-TO-ATM: => added cplList(  1)=sea_surface_temperature, cplSetList(  1)=__UNSPECIFIED__
20230314 030942.064 INFO             PET0     MED-TO-ATM: InitializeIPDv05p2b extro.
20230314 030942.064 INFO             PET0     esm: IInitModifyCplLists intro.
20230314 030942.064 INFO             PET0     esm: IInitModifyCplLists extro.
20230314 030942.064 INFO             PET0     ATM-TO-MED: InitializeIPDv05p3 intro.
20230314 030942.075 INFO             PET0       ATM-TO-MED: handle cplList(1): air_pressure_at_sea_level, cplSetList(1): __UNSPECIFIED__
20230314 030942.075 INFO             PET0       ATM-TO-MED: - connected.
20230314 030942.075 INFO             PET0       ATM-TO-MED: - both sides must provide the Field/GeomObject.
20230314 030942.075 INFO             PET0       ATM-TO-MED: handle cplList(2): surface_net_downward_shortwave_flux, cplSetList(2): __UNSPECIFIED__
20230314 030942.075 INFO             PET0       ATM-TO-MED: - connected.
20230314 030942.075 INFO             PET0       ATM-TO-MED: - both sides must provide the Field/GeomObject.
20230314 030942.075 INFO             PET0     ATM-TO-MED: InitializeIPDv05p3 extro.
20230314 030942.076 INFO             PET0     MED-TO-ATM: InitializeIPDv05p3 intro.
20230314 030942.085 INFO             PET0       MED-TO-ATM: handle cplList(1): sea_surface_temperature, cplSetList(1): __UNSPECIFIED__
20230314 030942.085 INFO             PET0       MED-TO-ATM: - connected.
20230314 030942.085 INFO             PET0       MED-TO-ATM: - both sides must provide the Field/GeomObject.
20230314 030942.086 INFO             PET0     MED-TO-ATM: InitializeIPDv05p3 extro.
20230314 030942.086 INFO             PET0     <<<esm: leaving Initialize (phase=<none>) with current time: 2010  6  1  0  0  0   0
20230314 030942.086 INFO             PET0   esm: InitializeIPDv02p1 extro.
20230314 030942.086 INFO             PET0   esm: InitializeIPDv02p3 intro.
20230314 030942.086 INFO             PET0     >>>esm: entered Initialize (phase=<none>) with current time: 2010  6  1  0  0  0   0
20230314 030942.086 INFO             PET0     esm: IInitCheck intro.
20230314 030942.086 INFO             PET0     esm: IInitCheck extro.
20230314 030942.086 INFO             PET0     ATM: InitializeIPDvXp04 intro.
20230314 030942.091 INFO             PET0     ATM: InitializeIPDvXp04 extro.
20230314 030942.101 INFO             PET0     ATM-TO-MED: InitializeIPDv05p4 intro.
20230314 030942.110 INFO             PET0       ATM-TO-MED: handle cplList(1): air_pressure_at_sea_level, cplSetList(1): __UNSPECIFIED__
20230314 030942.110 INFO             PET0       ATM-TO-MED: - nothing shared or transferred
20230314 030942.110 INFO             PET0       ATM-TO-MED: handle cplList(2): surface_net_downward_shortwave_flux, cplSetList(2): __UNSPECIFIED__
20230314 030942.111 INFO             PET0       ATM-TO-MED: - nothing shared or transferred
20230314 030942.111 INFO             PET0     ATM-TO-MED: InitializeIPDv05p4 extro.
20230314 030942.111 INFO             PET0     MED-TO-ATM: InitializeIPDv05p4 intro.
20230314 030942.126 INFO             PET0       MED-TO-ATM: handle cplList(1): sea_surface_temperature, cplSetList(1): __UNSPECIFIED__
20230314 030942.126 INFO             PET0       MED-TO-ATM: - nothing shared or transferred
20230314 030942.126 INFO             PET0     MED-TO-ATM: InitializeIPDv05p4 extro.
20230314 030942.126 INFO             PET0     ATM-TO-MED: InitializeIPDv05p5 intro.
20230314 030942.144 INFO             PET0       ATM-TO-MED: handle cplList(1): air_pressure_at_sea_level, cplSetList(1): __UNSPECIFIED__
20230314 030942.144 INFO             PET0       ATM-TO-MED: - nothing shared or transferred, or may already be handled
20230314 030942.144 INFO             PET0       ATM-TO-MED: handle cplList(2): surface_net_downward_shortwave_flux, cplSetList(2): __UNSPECIFIED__
20230314 030942.144 INFO             PET0       ATM-TO-MED: - nothing shared or transferred, or may already be handled
20230314 030942.144 INFO             PET0     ATM-TO-MED: InitializeIPDv05p5 extro.
20230314 030942.144 INFO             PET0     MED-TO-ATM: InitializeIPDv05p5 intro.
20230314 030942.159 INFO             PET0       MED-TO-ATM: handle cplList(1): sea_surface_temperature, cplSetList(1): __UNSPECIFIED__
20230314 030942.159 INFO             PET0       MED-TO-ATM: - nothing shared or transferred, or may already be handled
20230314 030942.159 INFO             PET0     MED-TO-ATM: InitializeIPDv05p5 extro.
20230314 030942.159 INFO             PET0     esm: IInitRealize intro.
20230314 030942.159 INFO             PET0     esm: IInitRealize extro.
20230314 030942.159 INFO             PET0     ATM-TO-MED: InitializeIPDv05p6a intro.
20230314 030942.177 INFO             PET0     ATM-TO-MED: InitializeIPDv05p6a extro.
20230314 030942.177 INFO             PET0     MED-TO-ATM: InitializeIPDv05p6a intro.
20230314 030942.192 INFO             PET0     MED-TO-ATM: InitializeIPDv05p6a extro.
20230314 030942.192 INFO             PET0     ATM-TO-MED: InitializeIPDv05p6b intro.
20230314 030942.192 INFO             PET0       ATM-TO-MED: handle cplList(1): air_pressure_at_sea_level, cplSetList(1): __UNSPECIFIED__
20230314 030942.193 INFO             PET0       ATM-TO-MED: - no Field sharing between import and export side: remap.
20230314 030942.193 INFO             PET0       ATM-TO-MED: handle cplList(2): surface_net_downward_shortwave_flux, cplSetList(2): __UNSPECIFIED__
20230314 030942.193 INFO             PET0       ATM-TO-MED: - no Field sharing between import and export side: remap.
20230314 030941.950 INFO             PET1 !!!!!!!!!!!!!!!!!!!!!!!!!!!!!!!!!!!!!!!!!!!!!!!!!!!!!!
20230314 030941.950 INFO             PET1 !!! THE ESMF_LOG IS SET TO OUTPUT ALL LOG MESSAGES !!!
20230314 030941.950 INFO             PET1 !!!     THIS MAY CAUSE SLOWDOWN IN PERFORMANCE     !!!
20230314 030941.950 INFO             PET1 !!! FOR PRODUCTION RUNS, USE:                      !!!
20230314 030941.950 INFO             PET1 !!!                   ESMF_LOGKIND_Multi_On_Error  !!!
20230314 030941.950 INFO             PET1 !!!!!!!!!!!!!!!!!!!!!!!!!!!!!!!!!!!!!!!!!!!!!!!!!!!!!!
20230314 030941.950 INFO             PET1 Running with ESMF Version   : v8.5.0b18-2-g3a4fb969bb
20230314 030941.950 INFO             PET1 ESMF library build date/time: "Mar 14 2023" "02:27:11"
20230314 030941.950 INFO             PET1 ESMF library build location : /glade/gust/scratch/theurich/ESMF-Nightly-Testing/nvhpc_23.1_mpi_g_develop/esmf
20230314 030941.950 INFO             PET1 ESMF_COMM                   : mpi
20230314 030941.951 INFO             PET1 ESMF_MOAB                   : enabled
20230314 030941.951 INFO             PET1 ESMF_LAPACK                 : enabled
20230314 030941.951 INFO             PET1 ESMF_NETCDF                 : enabled
20230314 030941.951 INFO             PET1 ESMF_PNETCDF                : disabled
20230314 030941.951 INFO             PET1 ESMF_PIO                    : enabled
20230314 030941.951 INFO             PET1 ESMF_YAMLCPP                : enabled
20230314 030941.952 INFO             PET1 esmApp STARTING
20230314 030941.957 INFO             PET1 esm: InitializeGeneric intro.
20230314 030941.957 INFO             PET1   esm: InitializeP0 intro.
20230314 030941.957 INFO             PET1   esm: InitializeP0 extro.
20230314 030941.957 INFO             PET1   esm: InitializeIPDv02p1 intro.
20230314 030941.957 INFO             PET1     >>>esm: entered Initialize (phase=<none>) without valid internal Clock.
20230314 030941.957 INFO             PET1     esm - Creating model component ATM with petList of size 1 :
20230314 030941.957 INFO             PET1           0
20230314 030941.960 INFO             PET1     esm - Creating model component OCN with petList of size 1 :
20230314 030941.960 INFO             PET1           2
20230314 030941.962 INFO             PET1     esm - Creating model component MED with petList of size 2 :
20230314 030941.962 INFO             PET1           1      3
20230314 030941.967 INFO             PET1     esm - Creating state: modelComp 1 Import State
20230314 030941.967 INFO             PET1     esm - Creating state: modelComp 1 Export State
20230314 030941.967 INFO             PET1     esm - Creating state: modelComp 2 Import State
20230314 030941.967 INFO             PET1     esm - Creating state: modelComp 2 Export State
20230314 030941.967 INFO             PET1     esm - Creating state: modelComp 3 Import State
20230314 030941.967 INFO             PET1     esm - Creating state: modelComp 3 Export State
20230314 030941.968 INFO             PET1     MED: InitializeP0 intro.
20230314 030941.969 INFO             PET1     MED: InitializeP0 extro.
20230314 030941.972 INFO             PET1     esm - Creating connector component OCN-TO-MED with petList of size 3 :
20230314 030941.972 INFO             PET1           2      1      3
20230314 030941.978 INFO             PET1     esm - Setting Verbosity on created component to: high
20230314 030941.978 INFO             PET1     esm - Setting Profiling on created component to:          0
20230314 030941.978 INFO             PET1     esm - Creating connector component MED-TO-OCN with petList of size 3 :
20230314 030941.978 INFO             PET1           1      3      2
20230314 030941.984 INFO             PET1     esm - Setting Verbosity on created component to: high
20230314 030941.984 INFO             PET1     esm - Setting Profiling on created component to:          0
20230314 030941.984 INFO             PET1     esm - Creating connector component MED-TO-ATM with petList of size 3 :
20230314 030941.984 INFO             PET1           1      3      0
20230314 030941.990 INFO             PET1     esm - Setting Verbosity on created component to: high
20230314 030941.990 INFO             PET1     esm - Setting Profiling on created component to:          0
20230314 030941.990 INFO             PET1     esm - Creating connector component ATM-TO-MED with petList of size 3 :
20230314 030941.990 INFO             PET1           0      1      3
20230314 030941.996 INFO             PET1     esm - Setting Verbosity on created component to: high
20230314 030941.996 INFO             PET1     esm - Setting Profiling on created component to:          0
20230314 030941.998 INFO             PET1     esm: IInitAdvertise intro.
20230314 030941.998 INFO             PET1     esm: IInitAdvertise extro.
20230314 030941.998 INFO             PET1     MED: InitializeIPDvXp01 intro.
20230314 030942.003 INFO             PET1     MED: InitializeIPDvXp01 extro.
20230314 030942.005 INFO             PET1     ATM-TO-MED: InitializeIPDv05p1 intro.
20230314 030942.011 INFO             PET1       ATM-TO-MED: importState FieldTransferPolicy = transferNone
20230314 030942.011 INFO             PET1       ATM-TO-MED: exportState FieldTransferPolicy = transferNone
20230314 030942.011 INFO             PET1     ATM-TO-MED: InitializeIPDv05p1 extro.
20230314 030942.012 INFO             PET1     OCN-TO-MED: InitializeIPDv05p1 intro.
20230314 030942.017 INFO             PET1       OCN-TO-MED: importState FieldTransferPolicy = transferNone
20230314 030942.017 INFO             PET1       OCN-TO-MED: exportState FieldTransferPolicy = transferNone
20230314 030942.017 INFO             PET1     OCN-TO-MED: InitializeIPDv05p1 extro.
20230314 030942.017 INFO             PET1     MED-TO-ATM: InitializeIPDv05p1 intro.
20230314 030942.021 INFO             PET1       MED-TO-ATM: importState FieldTransferPolicy = transferNone
20230314 030942.021 INFO             PET1       MED-TO-ATM: exportState FieldTransferPolicy = transferNone
20230314 030942.021 INFO             PET1     MED-TO-ATM: InitializeIPDv05p1 extro.
20230314 030942.021 INFO             PET1     MED-TO-OCN: InitializeIPDv05p1 intro.
20230314 030942.027 INFO             PET1       MED-TO-OCN: importState FieldTransferPolicy = transferNone
20230314 030942.027 INFO             PET1       MED-TO-OCN: exportState FieldTransferPolicy = transferNone
20230314 030942.027 INFO             PET1     MED-TO-OCN: InitializeIPDv05p1 extro.
20230314 030942.027 INFO             PET1     esm: IInitAdvertiseFinish intro.
20230314 030942.027 INFO             PET1     esm: IInitAdvertiseFinish extro.
20230314 030942.027 INFO             PET1     ATM-TO-MED: InitializeIPDv05p2a intro.
20230314 030942.033 INFO             PET1       ATM-TO-MED:      importStandardNameList(i=  1): air_pressure_at_sea_level
20230314 030942.033 INFO             PET1       ATM-TO-MED:         importNamespaceList(i=  1): ATM
20230314 030942.033 INFO             PET1       ATM-TO-MED:            importCplSetList(i=  1): __UNSPECIFIED__
20230314 030942.033 INFO             PET1       ATM-TO-MED:      exportStandardNameList(j=  1): air_pressure_at_sea_level
20230314 030942.033 INFO             PET1       ATM-TO-MED:         exportNamespaceList(j=  1): MED
20230314 030942.033 INFO             PET1       ATM-TO-MED:            exportCplSetList(j=  1): __UNSPECIFIED__
20230314 030942.033 INFO             PET1       ATM-TO-MED: bondLevel= 1
20230314 030942.033 INFO             PET1       ATM-TO-MED: ProducerConnection (bondLevelMax):         1
20230314 030942.033 INFO             PET1       ATM-TO-MED:      importStandardNameList(i=  2): surface_net_downward_shortwave_flux
20230314 030942.033 INFO             PET1       ATM-TO-MED:         importNamespaceList(i=  2): ATM
20230314 030942.033 INFO             PET1       ATM-TO-MED:            importCplSetList(i=  2): __UNSPECIFIED__
20230314 030942.033 INFO             PET1       ATM-TO-MED:      exportStandardNameList(j=  2): surface_net_downward_shortwave_flux
20230314 030942.033 INFO             PET1       ATM-TO-MED:         exportNamespaceList(j=  2): MED
20230314 030942.033 INFO             PET1       ATM-TO-MED:            exportCplSetList(j=  2): __UNSPECIFIED__
20230314 030942.033 INFO             PET1       ATM-TO-MED: bondLevel= 1
20230314 030942.033 INFO             PET1       ATM-TO-MED: ProducerConnection (bondLevelMax):         1
20230314 030942.033 INFO             PET1     ATM-TO-MED: InitializeIPDv05p2a extro.
20230314 030942.033 INFO             PET1     OCN-TO-MED: InitializeIPDv05p2a intro.
20230314 030942.038 INFO             PET1       OCN-TO-MED:      importStandardNameList(i=  1): sea_surface_temperature
20230314 030942.038 INFO             PET1       OCN-TO-MED:         importNamespaceList(i=  1): OCN
20230314 030942.038 INFO             PET1       OCN-TO-MED:            importCplSetList(i=  1): __UNSPECIFIED__
20230314 030942.038 INFO             PET1       OCN-TO-MED:      exportStandardNameList(j=  3): sea_surface_temperature
20230314 030942.038 INFO             PET1       OCN-TO-MED:         exportNamespaceList(j=  3): MED
20230314 030942.038 INFO             PET1       OCN-TO-MED:            exportCplSetList(j=  3): __UNSPECIFIED__
20230314 030942.038 INFO             PET1       OCN-TO-MED: bondLevel= 1
20230314 030942.038 INFO             PET1       OCN-TO-MED: ProducerConnection (bondLevelMax):         1
20230314 030942.038 INFO             PET1     OCN-TO-MED: InitializeIPDv05p2a extro.
20230314 030942.038 INFO             PET1     MED-TO-ATM: InitializeIPDv05p2a intro.
20230314 030942.042 INFO             PET1       MED-TO-ATM:      importStandardNameList(i=  3): sea_surface_temperature
20230314 030942.042 INFO             PET1       MED-TO-ATM:         importNamespaceList(i=  3): MED
20230314 030942.042 INFO             PET1       MED-TO-ATM:            importCplSetList(i=  3): __UNSPECIFIED__
20230314 030942.042 INFO             PET1       MED-TO-ATM:      exportStandardNameList(j=  1): sea_surface_temperature
20230314 030942.042 INFO             PET1       MED-TO-ATM:         exportNamespaceList(j=  1): ATM
20230314 030942.042 INFO             PET1       MED-TO-ATM:            exportCplSetList(j=  1): __UNSPECIFIED__
20230314 030942.042 INFO             PET1       MED-TO-ATM: bondLevel= 1
20230314 030942.042 INFO             PET1       MED-TO-ATM: ProducerConnection (bondLevelMax):         1
20230314 030942.043 INFO             PET1     MED-TO-ATM: InitializeIPDv05p2a extro.
20230314 030942.043 INFO             PET1     MED-TO-OCN: InitializeIPDv05p2a intro.
20230314 030942.048 INFO             PET1       MED-TO-OCN:      importStandardNameList(i=  1): air_pressure_at_sea_level
20230314 030942.048 INFO             PET1       MED-TO-OCN:         importNamespaceList(i=  1): MED
20230314 030942.048 INFO             PET1       MED-TO-OCN:            importCplSetList(i=  1): __UNSPECIFIED__
20230314 030942.048 INFO             PET1       MED-TO-OCN:      exportStandardNameList(j=  1): air_pressure_at_sea_level
20230314 030942.048 INFO             PET1       MED-TO-OCN:         exportNamespaceList(j=  1): OCN
20230314 030942.048 INFO             PET1       MED-TO-OCN:            exportCplSetList(j=  1): __UNSPECIFIED__
20230314 030942.048 INFO             PET1       MED-TO-OCN: bondLevel= 1
20230314 030942.048 INFO             PET1       MED-TO-OCN: ProducerConnection (bondLevelMax):         1
20230314 030942.048 INFO             PET1       MED-TO-OCN:      importStandardNameList(i=  2): surface_net_downward_shortwave_flux
20230314 030942.048 INFO             PET1       MED-TO-OCN:         importNamespaceList(i=  2): MED
20230314 030942.048 INFO             PET1       MED-TO-OCN:            importCplSetList(i=  2): __UNSPECIFIED__
20230314 030942.048 INFO             PET1       MED-TO-OCN:      exportStandardNameList(j=  2): surface_net_downward_shortwave_flux
20230314 030942.048 INFO             PET1       MED-TO-OCN:         exportNamespaceList(j=  2): OCN
20230314 030942.048 INFO             PET1       MED-TO-OCN:            exportCplSetList(j=  2): __UNSPECIFIED__
20230314 030942.048 INFO             PET1       MED-TO-OCN: bondLevel= 1
20230314 030942.048 INFO             PET1       MED-TO-OCN: ProducerConnection (bondLevelMax):         1
20230314 030942.048 INFO             PET1     MED-TO-OCN: InitializeIPDv05p2a extro.
20230314 030942.048 INFO             PET1     ATM-TO-MED: InitializeIPDv05p2b intro.
20230314 030942.054 INFO             PET1       ATM-TO-MED:      importStandardNameList(i=  1): air_pressure_at_sea_level
20230314 030942.054 INFO             PET1       ATM-TO-MED:         importNamespaceList(i=  1): ATM
20230314 030942.054 INFO             PET1       ATM-TO-MED:            importCplSetList(i=  1): __UNSPECIFIED__
20230314 030942.054 INFO             PET1       ATM-TO-MED:      exportStandardNameList(j=  1): air_pressure_at_sea_level
20230314 030942.054 INFO             PET1       ATM-TO-MED:         exportNamespaceList(j=  1): MED
20230314 030942.054 INFO             PET1       ATM-TO-MED:            exportCplSetList(j=  1): __UNSPECIFIED__
20230314 030942.054 INFO             PET1       ATM-TO-MED: bondLevel= 1
20230314 030942.054 INFO             PET1       ATM-TO-MED: => added cplList(  1)=air_pressure_at_sea_level, cplSetList(  1)=__UNSPECIFIED__
20230314 030942.054 INFO             PET1       ATM-TO-MED:      importStandardNameList(i=  2): surface_net_downward_shortwave_flux
20230314 030942.054 INFO             PET1       ATM-TO-MED:         importNamespaceList(i=  2): ATM
20230314 030942.054 INFO             PET1       ATM-TO-MED:            importCplSetList(i=  2): __UNSPECIFIED__
20230314 030942.054 INFO             PET1       ATM-TO-MED:      exportStandardNameList(j=  2): surface_net_downward_shortwave_flux
20230314 030942.054 INFO             PET1       ATM-TO-MED:         exportNamespaceList(j=  2): MED
20230314 030942.054 INFO             PET1       ATM-TO-MED:            exportCplSetList(j=  2): __UNSPECIFIED__
20230314 030942.054 INFO             PET1       ATM-TO-MED: bondLevel= 1
20230314 030942.054 INFO             PET1       ATM-TO-MED: => added cplList(  2)=surface_net_downward_shortwave_flux, cplSetList(  2)=__UNSPECIFIED__
20230314 030942.054 INFO             PET1     ATM-TO-MED: InitializeIPDv05p2b extro.
20230314 030942.054 INFO             PET1     OCN-TO-MED: InitializeIPDv05p2b intro.
20230314 030942.059 INFO             PET1       OCN-TO-MED:      importStandardNameList(i=  1): sea_surface_temperature
20230314 030942.059 INFO             PET1       OCN-TO-MED:         importNamespaceList(i=  1): OCN
20230314 030942.059 INFO             PET1       OCN-TO-MED:            importCplSetList(i=  1): __UNSPECIFIED__
20230314 030942.059 INFO             PET1       OCN-TO-MED:      exportStandardNameList(j=  3): sea_surface_temperature
20230314 030942.059 INFO             PET1       OCN-TO-MED:         exportNamespaceList(j=  3): MED
20230314 030942.059 INFO             PET1       OCN-TO-MED:            exportCplSetList(j=  3): __UNSPECIFIED__
20230314 030942.059 INFO             PET1       OCN-TO-MED: bondLevel= 1
20230314 030942.059 INFO             PET1       OCN-TO-MED: => added cplList(  1)=sea_surface_temperature, cplSetList(  1)=__UNSPECIFIED__
20230314 030942.059 INFO             PET1     OCN-TO-MED: InitializeIPDv05p2b extro.
20230314 030942.059 INFO             PET1     MED-TO-ATM: InitializeIPDv05p2b intro.
20230314 030942.063 INFO             PET1       MED-TO-ATM:      importStandardNameList(i=  3): sea_surface_temperature
20230314 030942.063 INFO             PET1       MED-TO-ATM:         importNamespaceList(i=  3): MED
20230314 030942.063 INFO             PET1       MED-TO-ATM:            importCplSetList(i=  3): __UNSPECIFIED__
20230314 030942.063 INFO             PET1       MED-TO-ATM:      exportStandardNameList(j=  1): sea_surface_temperature
20230314 030942.063 INFO             PET1       MED-TO-ATM:         exportNamespaceList(j=  1): ATM
20230314 030942.063 INFO             PET1       MED-TO-ATM:            exportCplSetList(j=  1): __UNSPECIFIED__
20230314 030942.063 INFO             PET1       MED-TO-ATM: bondLevel= 1
20230314 030942.063 INFO             PET1       MED-TO-ATM: => added cplList(  1)=sea_surface_temperature, cplSetList(  1)=__UNSPECIFIED__
20230314 030942.064 INFO             PET1     MED-TO-ATM: InitializeIPDv05p2b extro.
20230314 030942.064 INFO             PET1     MED-TO-OCN: InitializeIPDv05p2b intro.
20230314 030942.069 INFO             PET1       MED-TO-OCN:      importStandardNameList(i=  1): air_pressure_at_sea_level
20230314 030942.069 INFO             PET1       MED-TO-OCN:         importNamespaceList(i=  1): MED
20230314 030942.069 INFO             PET1       MED-TO-OCN:            importCplSetList(i=  1): __UNSPECIFIED__
20230314 030942.069 INFO             PET1       MED-TO-OCN:      exportStandardNameList(j=  1): air_pressure_at_sea_level
20230314 030942.069 INFO             PET1       MED-TO-OCN:         exportNamespaceList(j=  1): OCN
20230314 030942.069 INFO             PET1       MED-TO-OCN:            exportCplSetList(j=  1): __UNSPECIFIED__
20230314 030942.069 INFO             PET1       MED-TO-OCN: bondLevel= 1
20230314 030942.069 INFO             PET1       MED-TO-OCN: => added cplList(  1)=air_pressure_at_sea_level, cplSetList(  1)=__UNSPECIFIED__
20230314 030942.069 INFO             PET1       MED-TO-OCN:      importStandardNameList(i=  2): surface_net_downward_shortwave_flux
20230314 030942.069 INFO             PET1       MED-TO-OCN:         importNamespaceList(i=  2): MED
20230314 030942.069 INFO             PET1       MED-TO-OCN:            importCplSetList(i=  2): __UNSPECIFIED__
20230314 030942.069 INFO             PET1       MED-TO-OCN:      exportStandardNameList(j=  2): surface_net_downward_shortwave_flux
20230314 030942.069 INFO             PET1       MED-TO-OCN:         exportNamespaceList(j=  2): OCN
20230314 030942.069 INFO             PET1       MED-TO-OCN:            exportCplSetList(j=  2): __UNSPECIFIED__
20230314 030942.069 INFO             PET1       MED-TO-OCN: bondLevel= 1
20230314 030942.069 INFO             PET1       MED-TO-OCN: => added cplList(  2)=surface_net_downward_shortwave_flux, cplSetList(  2)=__UNSPECIFIED__
20230314 030942.069 INFO             PET1     MED-TO-OCN: InitializeIPDv05p2b extro.
20230314 030942.069 INFO             PET1     esm: IInitModifyCplLists intro.
20230314 030942.070 INFO             PET1     esm: IInitModifyCplLists extro.
20230314 030942.070 INFO             PET1     ATM-TO-MED: InitializeIPDv05p3 intro.
20230314 030942.075 INFO             PET1       ATM-TO-MED: handle cplList(1): air_pressure_at_sea_level, cplSetList(1): __UNSPECIFIED__
20230314 030942.075 INFO             PET1       ATM-TO-MED: - connected.
20230314 030942.075 INFO             PET1       ATM-TO-MED: - both sides must provide the Field/GeomObject.
20230314 030942.075 INFO             PET1       ATM-TO-MED: handle cplList(2): surface_net_downward_shortwave_flux, cplSetList(2): __UNSPECIFIED__
20230314 030942.075 INFO             PET1       ATM-TO-MED: - connected.
20230314 030942.075 INFO             PET1       ATM-TO-MED: - both sides must provide the Field/GeomObject.
20230314 030942.075 INFO             PET1     ATM-TO-MED: InitializeIPDv05p3 extro.
20230314 030942.076 INFO             PET1     OCN-TO-MED: InitializeIPDv05p3 intro.
20230314 030942.080 INFO             PET1       OCN-TO-MED: handle cplList(1): sea_surface_temperature, cplSetList(1): __UNSPECIFIED__
20230314 030942.080 INFO             PET1       OCN-TO-MED: - connected.
20230314 030942.080 INFO             PET1       OCN-TO-MED: - both sides must provide the Field/GeomObject.
20230314 030942.080 INFO             PET1     OCN-TO-MED: InitializeIPDv05p3 extro.
20230314 030942.081 INFO             PET1     MED-TO-ATM: InitializeIPDv05p3 intro.
20230314 030942.085 INFO             PET1       MED-TO-ATM: handle cplList(1): sea_surface_temperature, cplSetList(1): __UNSPECIFIED__
20230314 030942.085 INFO             PET1       MED-TO-ATM: - connected.
20230314 030942.085 INFO             PET1       MED-TO-ATM: - both sides must provide the Field/GeomObject.
20230314 030942.085 INFO             PET1     MED-TO-ATM: InitializeIPDv05p3 extro.
20230314 030942.086 INFO             PET1     MED-TO-OCN: InitializeIPDv05p3 intro.
20230314 030942.091 INFO             PET1       MED-TO-OCN: handle cplList(1): air_pressure_at_sea_level, cplSetList(1): __UNSPECIFIED__
20230314 030942.091 INFO             PET1       MED-TO-OCN: - connected.
20230314 030942.091 INFO             PET1       MED-TO-OCN: - both sides must provide the Field/GeomObject.
20230314 030942.091 INFO             PET1       MED-TO-OCN: handle cplList(2): surface_net_downward_shortwave_flux, cplSetList(2): __UNSPECIFIED__
20230314 030942.091 INFO             PET1       MED-TO-OCN: - connected.
20230314 030942.091 INFO             PET1       MED-TO-OCN: - both sides must provide the Field/GeomObject.
20230314 030942.091 INFO             PET1     MED-TO-OCN: InitializeIPDv05p3 extro.
20230314 030942.091 INFO             PET1     <<<esm: leaving Initialize (phase=<none>) with current time: 2010  6  1  0  0  0   0
20230314 030942.091 INFO             PET1   esm: InitializeIPDv02p1 extro.
20230314 030942.091 INFO             PET1   esm: InitializeIPDv02p3 intro.
20230314 030942.091 INFO             PET1     >>>esm: entered Initialize (phase=<none>) with current time: 2010  6  1  0  0  0   0
20230314 030942.092 INFO             PET1     esm: IInitCheck intro.
20230314 030942.092 INFO             PET1     esm: IInitCheck extro.
20230314 030942.092 INFO             PET1     MED: InitializeIPDvXp04 intro.
20230314 030942.099 INFO             PET1     MED: InitializeIPDvXp04 extro.
20230314 030942.101 INFO             PET1     ATM-TO-MED: InitializeIPDv05p4 intro.
20230314 030942.110 INFO             PET1       ATM-TO-MED: handle cplList(1): air_pressure_at_sea_level, cplSetList(1): __UNSPECIFIED__
20230314 030942.110 INFO             PET1       ATM-TO-MED: - nothing shared or transferred
20230314 030942.110 INFO             PET1       ATM-TO-MED: handle cplList(2): surface_net_downward_shortwave_flux, cplSetList(2): __UNSPECIFIED__
20230314 030942.111 INFO             PET1       ATM-TO-MED: - nothing shared or transferred
20230314 030942.111 INFO             PET1     ATM-TO-MED: InitializeIPDv05p4 extro.
20230314 030942.111 INFO             PET1     OCN-TO-MED: InitializeIPDv05p4 intro.
20230314 030942.118 INFO             PET1       OCN-TO-MED: handle cplList(1): sea_surface_temperature, cplSetList(1): __UNSPECIFIED__
20230314 030942.118 INFO             PET1       OCN-TO-MED: - nothing shared or transferred
20230314 030942.118 INFO             PET1     OCN-TO-MED: InitializeIPDv05p4 extro.
20230314 030942.118 INFO             PET1     MED-TO-ATM: InitializeIPDv05p4 intro.
20230314 030942.126 INFO             PET1       MED-TO-ATM: handle cplList(1): sea_surface_temperature, cplSetList(1): __UNSPECIFIED__
20230314 030942.126 INFO             PET1       MED-TO-ATM: - nothing shared or transferred
20230314 030942.126 INFO             PET1     MED-TO-ATM: InitializeIPDv05p4 extro.
20230314 030942.126 INFO             PET1     MED-TO-OCN: InitializeIPDv05p4 intro.
20230314 030942.134 INFO             PET1       MED-TO-OCN: handle cplList(1): air_pressure_at_sea_level, cplSetList(1): __UNSPECIFIED__
20230314 030942.135 INFO             PET1       MED-TO-OCN: - nothing shared or transferred
20230314 030942.135 INFO             PET1       MED-TO-OCN: handle cplList(2): surface_net_downward_shortwave_flux, cplSetList(2): __UNSPECIFIED__
20230314 030942.135 INFO             PET1       MED-TO-OCN: - nothing shared or transferred
20230314 030942.135 INFO             PET1     MED-TO-OCN: InitializeIPDv05p4 extro.
20230314 030942.135 INFO             PET1     ATM-TO-MED: InitializeIPDv05p5 intro.
20230314 030942.144 INFO             PET1       ATM-TO-MED: handle cplList(1): air_pressure_at_sea_level, cplSetList(1): __UNSPECIFIED__
20230314 030942.144 INFO             PET1       ATM-TO-MED: - nothing shared or transferred, or may already be handled
20230314 030942.144 INFO             PET1       ATM-TO-MED: handle cplList(2): surface_net_downward_shortwave_flux, cplSetList(2): __UNSPECIFIED__
20230314 030942.144 INFO             PET1       ATM-TO-MED: - nothing shared or transferred, or may already be handled
20230314 030942.144 INFO             PET1     ATM-TO-MED: InitializeIPDv05p5 extro.
20230314 030942.144 INFO             PET1     OCN-TO-MED: InitializeIPDv05p5 intro.
20230314 030942.151 INFO             PET1       OCN-TO-MED: handle cplList(1): sea_surface_temperature, cplSetList(1): __UNSPECIFIED__
20230314 030942.151 INFO             PET1       OCN-TO-MED: - nothing shared or transferred, or may already be handled
20230314 030942.151 INFO             PET1     OCN-TO-MED: InitializeIPDv05p5 extro.
20230314 030942.151 INFO             PET1     MED-TO-ATM: InitializeIPDv05p5 intro.
20230314 030942.159 INFO             PET1       MED-TO-ATM: handle cplList(1): sea_surface_temperature, cplSetList(1): __UNSPECIFIED__
20230314 030942.159 INFO             PET1       MED-TO-ATM: - nothing shared or transferred, or may already be handled
20230314 030942.159 INFO             PET1     MED-TO-ATM: InitializeIPDv05p5 extro.
20230314 030942.159 INFO             PET1     MED-TO-OCN: InitializeIPDv05p5 intro.
20230314 030942.168 INFO             PET1       MED-TO-OCN: handle cplList(1): air_pressure_at_sea_level, cplSetList(1): __UNSPECIFIED__
20230314 030942.168 INFO             PET1       MED-TO-OCN: - nothing shared or transferred, or may already be handled
20230314 030942.168 INFO             PET1       MED-TO-OCN: handle cplList(2): surface_net_downward_shortwave_flux, cplSetList(2): __UNSPECIFIED__
20230314 030942.168 INFO             PET1       MED-TO-OCN: - nothing shared or transferred, or may already be handled
20230314 030942.168 INFO             PET1     MED-TO-OCN: InitializeIPDv05p5 extro.
20230314 030942.168 INFO             PET1     esm: IInitRealize intro.
20230314 030942.168 INFO             PET1     esm: IInitRealize extro.
20230314 030942.168 INFO             PET1     ATM-TO-MED: InitializeIPDv05p6a intro.
20230314 030942.177 INFO             PET1     ATM-TO-MED: InitializeIPDv05p6a extro.
20230314 030942.177 INFO             PET1     OCN-TO-MED: InitializeIPDv05p6a intro.
20230314 030942.184 INFO             PET1     OCN-TO-MED: InitializeIPDv05p6a extro.
20230314 030942.185 INFO             PET1     MED-TO-ATM: InitializeIPDv05p6a intro.
20230314 030942.192 INFO             PET1     MED-TO-ATM: InitializeIPDv05p6a extro.
20230314 030942.192 INFO             PET1     MED-TO-OCN: InitializeIPDv05p6a intro.
20230314 030942.201 INFO             PET1     MED-TO-OCN: InitializeIPDv05p6a extro.
20230314 030942.201 INFO             PET1     ATM-TO-MED: InitializeIPDv05p6b intro.
20230314 030942.201 INFO             PET1       ATM-TO-MED: handle cplList(1): air_pressure_at_sea_level, cplSetList(1): __UNSPECIFIED__
20230314 030942.201 INFO             PET1       ATM-TO-MED: - no Field sharing between import and export side: remap.
20230314 030942.201 INFO             PET1       ATM-TO-MED: handle cplList(2): surface_net_downward_shortwave_flux, cplSetList(2): __UNSPECIFIED__
20230314 030941.950 INFO             PET2 !!!!!!!!!!!!!!!!!!!!!!!!!!!!!!!!!!!!!!!!!!!!!!!!!!!!!!
20230314 030941.950 INFO             PET2 !!! THE ESMF_LOG IS SET TO OUTPUT ALL LOG MESSAGES !!!
20230314 030941.950 INFO             PET2 !!!     THIS MAY CAUSE SLOWDOWN IN PERFORMANCE     !!!
20230314 030941.950 INFO             PET2 !!! FOR PRODUCTION RUNS, USE:                      !!!
20230314 030941.950 INFO             PET2 !!!                   ESMF_LOGKIND_Multi_On_Error  !!!
20230314 030941.950 INFO             PET2 !!!!!!!!!!!!!!!!!!!!!!!!!!!!!!!!!!!!!!!!!!!!!!!!!!!!!!
20230314 030941.950 INFO             PET2 Running with ESMF Version   : v8.5.0b18-2-g3a4fb969bb
20230314 030941.950 INFO             PET2 ESMF library build date/time: "Mar 14 2023" "02:27:11"
20230314 030941.950 INFO             PET2 ESMF library build location : /glade/gust/scratch/theurich/ESMF-Nightly-Testing/nvhpc_23.1_mpi_g_develop/esmf
20230314 030941.950 INFO             PET2 ESMF_COMM                   : mpi
20230314 030941.951 INFO             PET2 ESMF_MOAB                   : enabled
20230314 030941.951 INFO             PET2 ESMF_LAPACK                 : enabled
20230314 030941.951 INFO             PET2 ESMF_NETCDF                 : enabled
20230314 030941.951 INFO             PET2 ESMF_PNETCDF                : disabled
20230314 030941.951 INFO             PET2 ESMF_PIO                    : enabled
20230314 030941.951 INFO             PET2 ESMF_YAMLCPP                : enabled
20230314 030941.952 INFO             PET2 esmApp STARTING
20230314 030941.957 INFO             PET2 esm: InitializeGeneric intro.
20230314 030941.957 INFO             PET2   esm: InitializeP0 intro.
20230314 030941.957 INFO             PET2   esm: InitializeP0 extro.
20230314 030941.957 INFO             PET2   esm: InitializeIPDv02p1 intro.
20230314 030941.957 INFO             PET2     >>>esm: entered Initialize (phase=<none>) without valid internal Clock.
20230314 030941.957 INFO             PET2     esm - Creating model component ATM with petList of size 1 :
20230314 030941.957 INFO             PET2           0
20230314 030941.960 INFO             PET2     esm - Creating model component OCN with petList of size 1 :
20230314 030941.960 INFO             PET2           2
20230314 030941.962 INFO             PET2     esm - Creating model component MED with petList of size 2 :
20230314 030941.962 INFO             PET2           1      3
20230314 030941.963 INFO             PET2     esm - Creating state: modelComp 1 Import State
20230314 030941.963 INFO             PET2     esm - Creating state: modelComp 1 Export State
20230314 030941.963 INFO             PET2     esm - Creating state: modelComp 2 Import State
20230314 030941.963 INFO             PET2     esm - Creating state: modelComp 2 Export State
20230314 030941.963 INFO             PET2     esm - Creating state: modelComp 3 Import State
20230314 030941.963 INFO             PET2     esm - Creating state: modelComp 3 Export State
20230314 030941.964 INFO             PET2     OCN: InitializeP0 intro.
20230314 030941.965 INFO             PET2     OCN: InitializeP0 extro.
20230314 030941.973 INFO             PET2     esm - Creating connector component OCN-TO-MED with petList of size 3 :
20230314 030941.973 INFO             PET2           2      1      3
20230314 030941.978 INFO             PET2     esm - Setting Verbosity on created component to: high
20230314 030941.978 INFO             PET2     esm - Setting Profiling on created component to:          0
20230314 030941.978 INFO             PET2     esm - Creating connector component MED-TO-OCN with petList of size 3 :
20230314 030941.978 INFO             PET2           1      3      2
20230314 030941.984 INFO             PET2     esm - Setting Verbosity on created component to: high
20230314 030941.984 INFO             PET2     esm - Setting Profiling on created component to:          0
20230314 030941.984 INFO             PET2     esm - Creating connector component MED-TO-ATM with petList of size 3 :
20230314 030941.984 INFO             PET2           1      3      0
20230314 030941.990 INFO             PET2     esm - Setting Verbosity on created component to: high
20230314 030941.990 INFO             PET2     esm - Setting Profiling on created component to:          0
20230314 030941.990 INFO             PET2     esm - Creating connector component ATM-TO-MED with petList of size 3 :
20230314 030941.990 INFO             PET2           0      1      3
20230314 030941.996 INFO             PET2     esm - Setting Verbosity on created component to: high
20230314 030941.996 INFO             PET2     esm - Setting Profiling on created component to:          0
20230314 030941.998 INFO             PET2     esm: IInitAdvertise intro.
20230314 030941.998 INFO             PET2     esm: IInitAdvertise extro.
20230314 030941.998 INFO             PET2     OCN: InitializeIPDvXp01 intro.
20230314 030942.001 INFO             PET2     OCN: InitializeIPDvXp01 extro.
20230314 030942.005 INFO             PET2     OCN-TO-MED: InitializeIPDv05p1 intro.
20230314 030942.017 INFO             PET2       OCN-TO-MED: importState FieldTransferPolicy = transferNone
20230314 030942.017 INFO             PET2       OCN-TO-MED: exportState FieldTransferPolicy = transferNone
20230314 030942.017 INFO             PET2     OCN-TO-MED: InitializeIPDv05p1 extro.
20230314 030942.017 INFO             PET2     MED-TO-OCN: InitializeIPDv05p1 intro.
20230314 030942.027 INFO             PET2       MED-TO-OCN: importState FieldTransferPolicy = transferNone
20230314 030942.027 INFO             PET2       MED-TO-OCN: exportState FieldTransferPolicy = transferNone
20230314 030942.027 INFO             PET2     MED-TO-OCN: InitializeIPDv05p1 extro.
20230314 030942.027 INFO             PET2     esm: IInitAdvertiseFinish intro.
20230314 030942.027 INFO             PET2     esm: IInitAdvertiseFinish extro.
20230314 030942.027 INFO             PET2     OCN-TO-MED: InitializeIPDv05p2a intro.
20230314 030942.038 INFO             PET2       OCN-TO-MED:      importStandardNameList(i=  1): sea_surface_temperature
20230314 030942.038 INFO             PET2       OCN-TO-MED:         importNamespaceList(i=  1): OCN
20230314 030942.038 INFO             PET2       OCN-TO-MED:            importCplSetList(i=  1): __UNSPECIFIED__
20230314 030942.038 INFO             PET2       OCN-TO-MED:      exportStandardNameList(j=  3): sea_surface_temperature
20230314 030942.038 INFO             PET2       OCN-TO-MED:         exportNamespaceList(j=  3): MED
20230314 030942.038 INFO             PET2       OCN-TO-MED:            exportCplSetList(j=  3): __UNSPECIFIED__
20230314 030942.038 INFO             PET2       OCN-TO-MED: bondLevel= 1
20230314 030942.038 INFO             PET2       OCN-TO-MED: ProducerConnection (bondLevelMax):         1
20230314 030942.038 INFO             PET2     OCN-TO-MED: InitializeIPDv05p2a extro.
20230314 030942.038 INFO             PET2     MED-TO-OCN: InitializeIPDv05p2a intro.
20230314 030942.048 INFO             PET2       MED-TO-OCN:      importStandardNameList(i=  1): air_pressure_at_sea_level
20230314 030942.048 INFO             PET2       MED-TO-OCN:         importNamespaceList(i=  1): MED
20230314 030942.048 INFO             PET2       MED-TO-OCN:            importCplSetList(i=  1): __UNSPECIFIED__
20230314 030942.048 INFO             PET2       MED-TO-OCN:      exportStandardNameList(j=  1): air_pressure_at_sea_level
20230314 030942.048 INFO             PET2       MED-TO-OCN:         exportNamespaceList(j=  1): OCN
20230314 030942.048 INFO             PET2       MED-TO-OCN:            exportCplSetList(j=  1): __UNSPECIFIED__
20230314 030942.048 INFO             PET2       MED-TO-OCN: bondLevel= 1
20230314 030942.048 INFO             PET2       MED-TO-OCN: ProducerConnection (bondLevelMax):         1
20230314 030942.048 INFO             PET2       MED-TO-OCN:      importStandardNameList(i=  2): surface_net_downward_shortwave_flux
20230314 030942.048 INFO             PET2       MED-TO-OCN:         importNamespaceList(i=  2): MED
20230314 030942.048 INFO             PET2       MED-TO-OCN:            importCplSetList(i=  2): __UNSPECIFIED__
20230314 030942.048 INFO             PET2       MED-TO-OCN:      exportStandardNameList(j=  2): surface_net_downward_shortwave_flux
20230314 030942.048 INFO             PET2       MED-TO-OCN:         exportNamespaceList(j=  2): OCN
20230314 030942.048 INFO             PET2       MED-TO-OCN:            exportCplSetList(j=  2): __UNSPECIFIED__
20230314 030942.048 INFO             PET2       MED-TO-OCN: bondLevel= 1
20230314 030942.048 INFO             PET2       MED-TO-OCN: ProducerConnection (bondLevelMax):         1
20230314 030942.048 INFO             PET2     MED-TO-OCN: InitializeIPDv05p2a extro.
20230314 030942.048 INFO             PET2     OCN-TO-MED: InitializeIPDv05p2b intro.
20230314 030942.059 INFO             PET2       OCN-TO-MED:      importStandardNameList(i=  1): sea_surface_temperature
20230314 030942.059 INFO             PET2       OCN-TO-MED:         importNamespaceList(i=  1): OCN
20230314 030942.059 INFO             PET2       OCN-TO-MED:            importCplSetList(i=  1): __UNSPECIFIED__
20230314 030942.059 INFO             PET2       OCN-TO-MED:      exportStandardNameList(j=  3): sea_surface_temperature
20230314 030942.059 INFO             PET2       OCN-TO-MED:         exportNamespaceList(j=  3): MED
20230314 030942.059 INFO             PET2       OCN-TO-MED:            exportCplSetList(j=  3): __UNSPECIFIED__
20230314 030942.059 INFO             PET2       OCN-TO-MED: bondLevel= 1
20230314 030942.059 INFO             PET2       OCN-TO-MED: => added cplList(  1)=sea_surface_temperature, cplSetList(  1)=__UNSPECIFIED__
20230314 030942.059 INFO             PET2     OCN-TO-MED: InitializeIPDv05p2b extro.
20230314 030942.059 INFO             PET2     MED-TO-OCN: InitializeIPDv05p2b intro.
20230314 030942.069 INFO             PET2       MED-TO-OCN:      importStandardNameList(i=  1): air_pressure_at_sea_level
20230314 030942.069 INFO             PET2       MED-TO-OCN:         importNamespaceList(i=  1): MED
20230314 030942.069 INFO             PET2       MED-TO-OCN:            importCplSetList(i=  1): __UNSPECIFIED__
20230314 030942.069 INFO             PET2       MED-TO-OCN:      exportStandardNameList(j=  1): air_pressure_at_sea_level
20230314 030942.069 INFO             PET2       MED-TO-OCN:         exportNamespaceList(j=  1): OCN
20230314 030942.069 INFO             PET2       MED-TO-OCN:            exportCplSetList(j=  1): __UNSPECIFIED__
20230314 030942.069 INFO             PET2       MED-TO-OCN: bondLevel= 1
20230314 030942.069 INFO             PET2       MED-TO-OCN: => added cplList(  1)=air_pressure_at_sea_level, cplSetList(  1)=__UNSPECIFIED__
20230314 030942.069 INFO             PET2       MED-TO-OCN:      importStandardNameList(i=  2): surface_net_downward_shortwave_flux
20230314 030942.069 INFO             PET2       MED-TO-OCN:         importNamespaceList(i=  2): MED
20230314 030942.069 INFO             PET2       MED-TO-OCN:            importCplSetList(i=  2): __UNSPECIFIED__
20230314 030942.069 INFO             PET2       MED-TO-OCN:      exportStandardNameList(j=  2): surface_net_downward_shortwave_flux
20230314 030942.069 INFO             PET2       MED-TO-OCN:         exportNamespaceList(j=  2): OCN
20230314 030942.069 INFO             PET2       MED-TO-OCN:            exportCplSetList(j=  2): __UNSPECIFIED__
20230314 030942.069 INFO             PET2       MED-TO-OCN: bondLevel= 1
20230314 030942.069 INFO             PET2       MED-TO-OCN: => added cplList(  2)=surface_net_downward_shortwave_flux, cplSetList(  2)=__UNSPECIFIED__
20230314 030942.069 INFO             PET2     MED-TO-OCN: InitializeIPDv05p2b extro.
20230314 030942.069 INFO             PET2     esm: IInitModifyCplLists intro.
20230314 030942.069 INFO             PET2     esm: IInitModifyCplLists extro.
20230314 030942.070 INFO             PET2     OCN-TO-MED: InitializeIPDv05p3 intro.
20230314 030942.080 INFO             PET2       OCN-TO-MED: handle cplList(1): sea_surface_temperature, cplSetList(1): __UNSPECIFIED__
20230314 030942.080 INFO             PET2       OCN-TO-MED: - connected.
20230314 030942.081 INFO             PET2       OCN-TO-MED: - both sides must provide the Field/GeomObject.
20230314 030942.081 INFO             PET2     OCN-TO-MED: InitializeIPDv05p3 extro.
20230314 030942.081 INFO             PET2     MED-TO-OCN: InitializeIPDv05p3 intro.
20230314 030942.091 INFO             PET2       MED-TO-OCN: handle cplList(1): air_pressure_at_sea_level, cplSetList(1): __UNSPECIFIED__
20230314 030942.091 INFO             PET2       MED-TO-OCN: - connected.
20230314 030942.091 INFO             PET2       MED-TO-OCN: - both sides must provide the Field/GeomObject.
20230314 030942.091 INFO             PET2       MED-TO-OCN: handle cplList(2): surface_net_downward_shortwave_flux, cplSetList(2): __UNSPECIFIED__
20230314 030942.091 INFO             PET2       MED-TO-OCN: - connected.
20230314 030942.091 INFO             PET2       MED-TO-OCN: - both sides must provide the Field/GeomObject.
20230314 030942.091 INFO             PET2     MED-TO-OCN: InitializeIPDv05p3 extro.
20230314 030942.091 INFO             PET2     <<<esm: leaving Initialize (phase=<none>) with current time: 2010  6  1  0  0  0   0
20230314 030942.091 INFO             PET2   esm: InitializeIPDv02p1 extro.
20230314 030942.091 INFO             PET2   esm: InitializeIPDv02p3 intro.
20230314 030942.091 INFO             PET2     >>>esm: entered Initialize (phase=<none>) with current time: 2010  6  1  0  0  0   0
20230314 030942.092 INFO             PET2     esm: IInitCheck intro.
20230314 030942.092 INFO             PET2     esm: IInitCheck extro.
20230314 030942.092 INFO             PET2     OCN: InitializeIPDvXp04 intro.
20230314 030942.096 INFO             PET2     OCN: InitializeIPDvXp04 extro.
20230314 030942.102 INFO             PET2     OCN-TO-MED: InitializeIPDv05p4 intro.
20230314 030942.118 INFO             PET2       OCN-TO-MED: handle cplList(1): sea_surface_temperature, cplSetList(1): __UNSPECIFIED__
20230314 030942.118 INFO             PET2       OCN-TO-MED: - nothing shared or transferred
20230314 030942.118 INFO             PET2     OCN-TO-MED: InitializeIPDv05p4 extro.
20230314 030942.118 INFO             PET2     MED-TO-OCN: InitializeIPDv05p4 intro.
20230314 030942.134 INFO             PET2       MED-TO-OCN: handle cplList(1): air_pressure_at_sea_level, cplSetList(1): __UNSPECIFIED__
20230314 030942.135 INFO             PET2       MED-TO-OCN: - nothing shared or transferred
20230314 030942.135 INFO             PET2       MED-TO-OCN: handle cplList(2): surface_net_downward_shortwave_flux, cplSetList(2): __UNSPECIFIED__
20230314 030942.135 INFO             PET2       MED-TO-OCN: - nothing shared or transferred
20230314 030942.135 INFO             PET2     MED-TO-OCN: InitializeIPDv05p4 extro.
20230314 030942.135 INFO             PET2     OCN-TO-MED: InitializeIPDv05p5 intro.
20230314 030942.151 INFO             PET2       OCN-TO-MED: handle cplList(1): sea_surface_temperature, cplSetList(1): __UNSPECIFIED__
20230314 030942.151 INFO             PET2       OCN-TO-MED: - nothing shared or transferred, or may already be handled
20230314 030942.151 INFO             PET2     OCN-TO-MED: InitializeIPDv05p5 extro.
20230314 030942.151 INFO             PET2     MED-TO-OCN: InitializeIPDv05p5 intro.
20230314 030942.168 INFO             PET2       MED-TO-OCN: handle cplList(1): air_pressure_at_sea_level, cplSetList(1): __UNSPECIFIED__
20230314 030942.168 INFO             PET2       MED-TO-OCN: - nothing shared or transferred, or may already be handled
20230314 030942.168 INFO             PET2       MED-TO-OCN: handle cplList(2): surface_net_downward_shortwave_flux, cplSetList(2): __UNSPECIFIED__
20230314 030942.168 INFO             PET2       MED-TO-OCN: - nothing shared or transferred, or may already be handled
20230314 030942.168 INFO             PET2     MED-TO-OCN: InitializeIPDv05p5 extro.
20230314 030942.168 INFO             PET2     esm: IInitRealize intro.
20230314 030942.168 INFO             PET2     esm: IInitRealize extro.
20230314 030942.168 INFO             PET2     OCN-TO-MED: InitializeIPDv05p6a intro.
20230314 030942.184 INFO             PET2     OCN-TO-MED: InitializeIPDv05p6a extro.
20230314 030942.185 INFO             PET2     MED-TO-OCN: InitializeIPDv05p6a intro.
20230314 030942.201 INFO             PET2     MED-TO-OCN: InitializeIPDv05p6a extro.
20230314 030942.201 INFO             PET2     OCN-TO-MED: InitializeIPDv05p6b intro.
20230314 030942.201 INFO             PET2       OCN-TO-MED: handle cplList(1): sea_surface_temperature, cplSetList(1): __UNSPECIFIED__
20230314 030942.201 INFO             PET2       OCN-TO-MED: - no Field sharing between import and export side: remap.
20230314 030942.202 DEBUG            PET2       ESMF_FieldBundleRegridStorePair(): Inside 'rhReuse' branch!
20230314 030942.202 DEBUG            PET2       ESMF_FieldBundleRegridStorePair(): srcGeomtype==ESMF_GEOMTYPE_GRID
20230314 030941.950 INFO             PET3 !!!!!!!!!!!!!!!!!!!!!!!!!!!!!!!!!!!!!!!!!!!!!!!!!!!!!!
20230314 030941.951 INFO             PET3 !!! THE ESMF_LOG IS SET TO OUTPUT ALL LOG MESSAGES !!!
20230314 030941.951 INFO             PET3 !!!     THIS MAY CAUSE SLOWDOWN IN PERFORMANCE     !!!
20230314 030941.951 INFO             PET3 !!! FOR PRODUCTION RUNS, USE:                      !!!
20230314 030941.951 INFO             PET3 !!!                   ESMF_LOGKIND_Multi_On_Error  !!!
20230314 030941.951 INFO             PET3 !!!!!!!!!!!!!!!!!!!!!!!!!!!!!!!!!!!!!!!!!!!!!!!!!!!!!!
20230314 030941.951 INFO             PET3 Running with ESMF Version   : v8.5.0b18-2-g3a4fb969bb
20230314 030941.951 INFO             PET3 ESMF library build date/time: "Mar 14 2023" "02:27:11"
20230314 030941.951 INFO             PET3 ESMF library build location : /glade/gust/scratch/theurich/ESMF-Nightly-Testing/nvhpc_23.1_mpi_g_develop/esmf
20230314 030941.951 INFO             PET3 ESMF_COMM                   : mpi
20230314 030941.951 INFO             PET3 ESMF_MOAB                   : enabled
20230314 030941.951 INFO             PET3 ESMF_LAPACK                 : enabled
20230314 030941.951 INFO             PET3 ESMF_NETCDF                 : enabled
20230314 030941.952 INFO             PET3 ESMF_PNETCDF                : disabled
20230314 030941.952 INFO             PET3 ESMF_PIO                    : enabled
20230314 030941.952 INFO             PET3 ESMF_YAMLCPP                : enabled
20230314 030941.952 INFO             PET3 esmApp STARTING
20230314 030941.957 INFO             PET3 esm: InitializeGeneric intro.
20230314 030941.957 INFO             PET3   esm: InitializeP0 intro.
20230314 030941.957 INFO             PET3   esm: InitializeP0 extro.
20230314 030941.957 INFO             PET3   esm: InitializeIPDv02p1 intro.
20230314 030941.957 INFO             PET3     >>>esm: entered Initialize (phase=<none>) without valid internal Clock.
20230314 030941.957 INFO             PET3     esm - Creating model component ATM with petList of size 1 :
20230314 030941.957 INFO             PET3           0
20230314 030941.960 INFO             PET3     esm - Creating model component OCN with petList of size 1 :
20230314 030941.960 INFO             PET3           2
20230314 030941.962 INFO             PET3     esm - Creating model component MED with petList of size 2 :
20230314 030941.962 INFO             PET3           1      3
20230314 030941.967 INFO             PET3     esm - Creating state: modelComp 1 Import State
20230314 030941.967 INFO             PET3     esm - Creating state: modelComp 1 Export State
20230314 030941.967 INFO             PET3     esm - Creating state: modelComp 2 Import State
20230314 030941.967 INFO             PET3     esm - Creating state: modelComp 2 Export State
20230314 030941.967 INFO             PET3     esm - Creating state: modelComp 3 Import State
20230314 030941.967 INFO             PET3     esm - Creating state: modelComp 3 Export State
20230314 030941.968 INFO             PET3     MED: InitializeP0 intro.
20230314 030941.969 INFO             PET3     MED: InitializeP0 extro.
20230314 030941.973 INFO             PET3     esm - Creating connector component OCN-TO-MED with petList of size 3 :
20230314 030941.973 INFO             PET3           2      1      3
20230314 030941.978 INFO             PET3     esm - Setting Verbosity on created component to: high
20230314 030941.978 INFO             PET3     esm - Setting Profiling on created component to:          0
20230314 030941.978 INFO             PET3     esm - Creating connector component MED-TO-OCN with petList of size 3 :
20230314 030941.978 INFO             PET3           1      3      2
20230314 030941.984 INFO             PET3     esm - Setting Verbosity on created component to: high
20230314 030941.984 INFO             PET3     esm - Setting Profiling on created component to:          0
20230314 030941.984 INFO             PET3     esm - Creating connector component MED-TO-ATM with petList of size 3 :
20230314 030941.984 INFO             PET3           1      3      0
20230314 030941.990 INFO             PET3     esm - Setting Verbosity on created component to: high
20230314 030941.990 INFO             PET3     esm - Setting Profiling on created component to:          0
20230314 030941.990 INFO             PET3     esm - Creating connector component ATM-TO-MED with petList of size 3 :
20230314 030941.990 INFO             PET3           0      1      3
20230314 030941.996 INFO             PET3     esm - Setting Verbosity on created component to: high
20230314 030941.996 INFO             PET3     esm - Setting Profiling on created component to:          0
20230314 030941.998 INFO             PET3     esm: IInitAdvertise intro.
20230314 030941.998 INFO             PET3     esm: IInitAdvertise extro.
20230314 030941.998 INFO             PET3     MED: InitializeIPDvXp01 intro.
20230314 030942.003 INFO             PET3     MED: InitializeIPDvXp01 extro.
20230314 030942.005 INFO             PET3     ATM-TO-MED: InitializeIPDv05p1 intro.
20230314 030942.011 INFO             PET3       ATM-TO-MED: importState FieldTransferPolicy = transferNone
20230314 030942.011 INFO             PET3       ATM-TO-MED: exportState FieldTransferPolicy = transferNone
20230314 030942.011 INFO             PET3     ATM-TO-MED: InitializeIPDv05p1 extro.
20230314 030942.012 INFO             PET3     OCN-TO-MED: InitializeIPDv05p1 intro.
20230314 030942.017 INFO             PET3       OCN-TO-MED: importState FieldTransferPolicy = transferNone
20230314 030942.017 INFO             PET3       OCN-TO-MED: exportState FieldTransferPolicy = transferNone
20230314 030942.017 INFO             PET3     OCN-TO-MED: InitializeIPDv05p1 extro.
20230314 030942.017 INFO             PET3     MED-TO-ATM: InitializeIPDv05p1 intro.
20230314 030942.021 INFO             PET3       MED-TO-ATM: importState FieldTransferPolicy = transferNone
20230314 030942.021 INFO             PET3       MED-TO-ATM: exportState FieldTransferPolicy = transferNone
20230314 030942.021 INFO             PET3     MED-TO-ATM: InitializeIPDv05p1 extro.
20230314 030942.021 INFO             PET3     MED-TO-OCN: InitializeIPDv05p1 intro.
20230314 030942.027 INFO             PET3       MED-TO-OCN: importState FieldTransferPolicy = transferNone
20230314 030942.027 INFO             PET3       MED-TO-OCN: exportState FieldTransferPolicy = transferNone
20230314 030942.027 INFO             PET3     MED-TO-OCN: InitializeIPDv05p1 extro.
20230314 030942.027 INFO             PET3     esm: IInitAdvertiseFinish intro.
20230314 030942.027 INFO             PET3     esm: IInitAdvertiseFinish extro.
20230314 030942.027 INFO             PET3     ATM-TO-MED: InitializeIPDv05p2a intro.
20230314 030942.033 INFO             PET3       ATM-TO-MED:      importStandardNameList(i=  1): air_pressure_at_sea_level
20230314 030942.033 INFO             PET3       ATM-TO-MED:         importNamespaceList(i=  1): ATM
20230314 030942.033 INFO             PET3       ATM-TO-MED:            importCplSetList(i=  1): __UNSPECIFIED__
20230314 030942.033 INFO             PET3       ATM-TO-MED:      exportStandardNameList(j=  1): air_pressure_at_sea_level
20230314 030942.033 INFO             PET3       ATM-TO-MED:         exportNamespaceList(j=  1): MED
20230314 030942.033 INFO             PET3       ATM-TO-MED:            exportCplSetList(j=  1): __UNSPECIFIED__
20230314 030942.033 INFO             PET3       ATM-TO-MED: bondLevel= 1
20230314 030942.033 INFO             PET3       ATM-TO-MED: ProducerConnection (bondLevelMax):         1
20230314 030942.033 INFO             PET3       ATM-TO-MED:      importStandardNameList(i=  2): surface_net_downward_shortwave_flux
20230314 030942.033 INFO             PET3       ATM-TO-MED:         importNamespaceList(i=  2): ATM
20230314 030942.033 INFO             PET3       ATM-TO-MED:            importCplSetList(i=  2): __UNSPECIFIED__
20230314 030942.033 INFO             PET3       ATM-TO-MED:      exportStandardNameList(j=  2): surface_net_downward_shortwave_flux
20230314 030942.033 INFO             PET3       ATM-TO-MED:         exportNamespaceList(j=  2): MED
20230314 030942.033 INFO             PET3       ATM-TO-MED:            exportCplSetList(j=  2): __UNSPECIFIED__
20230314 030942.033 INFO             PET3       ATM-TO-MED: bondLevel= 1
20230314 030942.033 INFO             PET3       ATM-TO-MED: ProducerConnection (bondLevelMax):         1
20230314 030942.033 INFO             PET3     ATM-TO-MED: InitializeIPDv05p2a extro.
20230314 030942.033 INFO             PET3     OCN-TO-MED: InitializeIPDv05p2a intro.
20230314 030942.038 INFO             PET3       OCN-TO-MED:      importStandardNameList(i=  1): sea_surface_temperature
20230314 030942.038 INFO             PET3       OCN-TO-MED:         importNamespaceList(i=  1): OCN
20230314 030942.038 INFO             PET3       OCN-TO-MED:            importCplSetList(i=  1): __UNSPECIFIED__
20230314 030942.038 INFO             PET3       OCN-TO-MED:      exportStandardNameList(j=  3): sea_surface_temperature
20230314 030942.038 INFO             PET3       OCN-TO-MED:         exportNamespaceList(j=  3): MED
20230314 030942.038 INFO             PET3       OCN-TO-MED:            exportCplSetList(j=  3): __UNSPECIFIED__
20230314 030942.038 INFO             PET3       OCN-TO-MED: bondLevel= 1
20230314 030942.038 INFO             PET3       OCN-TO-MED: ProducerConnection (bondLevelMax):         1
20230314 030942.038 INFO             PET3     OCN-TO-MED: InitializeIPDv05p2a extro.
20230314 030942.038 INFO             PET3     MED-TO-ATM: InitializeIPDv05p2a intro.
20230314 030942.042 INFO             PET3       MED-TO-ATM:      importStandardNameList(i=  3): sea_surface_temperature
20230314 030942.042 INFO             PET3       MED-TO-ATM:         importNamespaceList(i=  3): MED
20230314 030942.042 INFO             PET3       MED-TO-ATM:            importCplSetList(i=  3): __UNSPECIFIED__
20230314 030942.042 INFO             PET3       MED-TO-ATM:      exportStandardNameList(j=  1): sea_surface_temperature
20230314 030942.042 INFO             PET3       MED-TO-ATM:         exportNamespaceList(j=  1): ATM
20230314 030942.042 INFO             PET3       MED-TO-ATM:            exportCplSetList(j=  1): __UNSPECIFIED__
20230314 030942.042 INFO             PET3       MED-TO-ATM: bondLevel= 1
20230314 030942.042 INFO             PET3       MED-TO-ATM: ProducerConnection (bondLevelMax):         1
20230314 030942.042 INFO             PET3     MED-TO-ATM: InitializeIPDv05p2a extro.
20230314 030942.043 INFO             PET3     MED-TO-OCN: InitializeIPDv05p2a intro.
20230314 030942.048 INFO             PET3       MED-TO-OCN:      importStandardNameList(i=  1): air_pressure_at_sea_level
20230314 030942.048 INFO             PET3       MED-TO-OCN:         importNamespaceList(i=  1): MED
20230314 030942.048 INFO             PET3       MED-TO-OCN:            importCplSetList(i=  1): __UNSPECIFIED__
20230314 030942.048 INFO             PET3       MED-TO-OCN:      exportStandardNameList(j=  1): air_pressure_at_sea_level
20230314 030942.048 INFO             PET3       MED-TO-OCN:         exportNamespaceList(j=  1): OCN
20230314 030942.048 INFO             PET3       MED-TO-OCN:            exportCplSetList(j=  1): __UNSPECIFIED__
20230314 030942.048 INFO             PET3       MED-TO-OCN: bondLevel= 1
20230314 030942.048 INFO             PET3       MED-TO-OCN: ProducerConnection (bondLevelMax):         1
20230314 030942.048 INFO             PET3       MED-TO-OCN:      importStandardNameList(i=  2): surface_net_downward_shortwave_flux
20230314 030942.048 INFO             PET3       MED-TO-OCN:         importNamespaceList(i=  2): MED
20230314 030942.048 INFO             PET3       MED-TO-OCN:            importCplSetList(i=  2): __UNSPECIFIED__
20230314 030942.048 INFO             PET3       MED-TO-OCN:      exportStandardNameList(j=  2): surface_net_downward_shortwave_flux
20230314 030942.048 INFO             PET3       MED-TO-OCN:         exportNamespaceList(j=  2): OCN
20230314 030942.048 INFO             PET3       MED-TO-OCN:            exportCplSetList(j=  2): __UNSPECIFIED__
20230314 030942.048 INFO             PET3       MED-TO-OCN: bondLevel= 1
20230314 030942.048 INFO             PET3       MED-TO-OCN: ProducerConnection (bondLevelMax):         1
20230314 030942.048 INFO             PET3     MED-TO-OCN: InitializeIPDv05p2a extro.
20230314 030942.048 INFO             PET3     ATM-TO-MED: InitializeIPDv05p2b intro.
20230314 030942.054 INFO             PET3       ATM-TO-MED:      importStandardNameList(i=  1): air_pressure_at_sea_level
20230314 030942.054 INFO             PET3       ATM-TO-MED:         importNamespaceList(i=  1): ATM
20230314 030942.054 INFO             PET3       ATM-TO-MED:            importCplSetList(i=  1): __UNSPECIFIED__
20230314 030942.054 INFO             PET3       ATM-TO-MED:      exportStandardNameList(j=  1): air_pressure_at_sea_level
20230314 030942.054 INFO             PET3       ATM-TO-MED:         exportNamespaceList(j=  1): MED
20230314 030942.054 INFO             PET3       ATM-TO-MED:            exportCplSetList(j=  1): __UNSPECIFIED__
20230314 030942.054 INFO             PET3       ATM-TO-MED: bondLevel= 1
20230314 030942.054 INFO             PET3       ATM-TO-MED: => added cplList(  1)=air_pressure_at_sea_level, cplSetList(  1)=__UNSPECIFIED__
20230314 030942.054 INFO             PET3       ATM-TO-MED:      importStandardNameList(i=  2): surface_net_downward_shortwave_flux
20230314 030942.054 INFO             PET3       ATM-TO-MED:         importNamespaceList(i=  2): ATM
20230314 030942.054 INFO             PET3       ATM-TO-MED:            importCplSetList(i=  2): __UNSPECIFIED__
20230314 030942.054 INFO             PET3       ATM-TO-MED:      exportStandardNameList(j=  2): surface_net_downward_shortwave_flux
20230314 030942.054 INFO             PET3       ATM-TO-MED:         exportNamespaceList(j=  2): MED
20230314 030942.054 INFO             PET3       ATM-TO-MED:            exportCplSetList(j=  2): __UNSPECIFIED__
20230314 030942.054 INFO             PET3       ATM-TO-MED: bondLevel= 1
20230314 030942.054 INFO             PET3       ATM-TO-MED: => added cplList(  2)=surface_net_downward_shortwave_flux, cplSetList(  2)=__UNSPECIFIED__
20230314 030942.054 INFO             PET3     ATM-TO-MED: InitializeIPDv05p2b extro.
20230314 030942.054 INFO             PET3     OCN-TO-MED: InitializeIPDv05p2b intro.
20230314 030942.059 INFO             PET3       OCN-TO-MED:      importStandardNameList(i=  1): sea_surface_temperature
20230314 030942.059 INFO             PET3       OCN-TO-MED:         importNamespaceList(i=  1): OCN
20230314 030942.059 INFO             PET3       OCN-TO-MED:            importCplSetList(i=  1): __UNSPECIFIED__
20230314 030942.059 INFO             PET3       OCN-TO-MED:      exportStandardNameList(j=  3): sea_surface_temperature
20230314 030942.059 INFO             PET3       OCN-TO-MED:         exportNamespaceList(j=  3): MED
20230314 030942.059 INFO             PET3       OCN-TO-MED:            exportCplSetList(j=  3): __UNSPECIFIED__
20230314 030942.059 INFO             PET3       OCN-TO-MED: bondLevel= 1
20230314 030942.059 INFO             PET3       OCN-TO-MED: => added cplList(  1)=sea_surface_temperature, cplSetList(  1)=__UNSPECIFIED__
20230314 030942.059 INFO             PET3     OCN-TO-MED: InitializeIPDv05p2b extro.
20230314 030942.059 INFO             PET3     MED-TO-ATM: InitializeIPDv05p2b intro.
20230314 030942.063 INFO             PET3       MED-TO-ATM:      importStandardNameList(i=  3): sea_surface_temperature
20230314 030942.063 INFO             PET3       MED-TO-ATM:         importNamespaceList(i=  3): MED
20230314 030942.063 INFO             PET3       MED-TO-ATM:            importCplSetList(i=  3): __UNSPECIFIED__
20230314 030942.063 INFO             PET3       MED-TO-ATM:      exportStandardNameList(j=  1): sea_surface_temperature
20230314 030942.063 INFO             PET3       MED-TO-ATM:         exportNamespaceList(j=  1): ATM
20230314 030942.063 INFO             PET3       MED-TO-ATM:            exportCplSetList(j=  1): __UNSPECIFIED__
20230314 030942.063 INFO             PET3       MED-TO-ATM: bondLevel= 1
20230314 030942.063 INFO             PET3       MED-TO-ATM: => added cplList(  1)=sea_surface_temperature, cplSetList(  1)=__UNSPECIFIED__
20230314 030942.064 INFO             PET3     MED-TO-ATM: InitializeIPDv05p2b extro.
20230314 030942.064 INFO             PET3     MED-TO-OCN: InitializeIPDv05p2b intro.
20230314 030942.069 INFO             PET3       MED-TO-OCN:      importStandardNameList(i=  1): air_pressure_at_sea_level
20230314 030942.069 INFO             PET3       MED-TO-OCN:         importNamespaceList(i=  1): MED
20230314 030942.069 INFO             PET3       MED-TO-OCN:            importCplSetList(i=  1): __UNSPECIFIED__
20230314 030942.069 INFO             PET3       MED-TO-OCN:      exportStandardNameList(j=  1): air_pressure_at_sea_level
20230314 030942.069 INFO             PET3       MED-TO-OCN:         exportNamespaceList(j=  1): OCN
20230314 030942.069 INFO             PET3       MED-TO-OCN:            exportCplSetList(j=  1): __UNSPECIFIED__
20230314 030942.069 INFO             PET3       MED-TO-OCN: bondLevel= 1
20230314 030942.069 INFO             PET3       MED-TO-OCN: => added cplList(  1)=air_pressure_at_sea_level, cplSetList(  1)=__UNSPECIFIED__
20230314 030942.069 INFO             PET3       MED-TO-OCN:      importStandardNameList(i=  2): surface_net_downward_shortwave_flux
20230314 030942.069 INFO             PET3       MED-TO-OCN:         importNamespaceList(i=  2): MED
20230314 030942.069 INFO             PET3       MED-TO-OCN:            importCplSetList(i=  2): __UNSPECIFIED__
20230314 030942.069 INFO             PET3       MED-TO-OCN:      exportStandardNameList(j=  2): surface_net_downward_shortwave_flux
20230314 030942.069 INFO             PET3       MED-TO-OCN:         exportNamespaceList(j=  2): OCN
20230314 030942.069 INFO             PET3       MED-TO-OCN:            exportCplSetList(j=  2): __UNSPECIFIED__
20230314 030942.069 INFO             PET3       MED-TO-OCN: bondLevel= 1
20230314 030942.069 INFO             PET3       MED-TO-OCN: => added cplList(  2)=surface_net_downward_shortwave_flux, cplSetList(  2)=__UNSPECIFIED__
20230314 030942.069 INFO             PET3     MED-TO-OCN: InitializeIPDv05p2b extro.
20230314 030942.069 INFO             PET3     esm: IInitModifyCplLists intro.
20230314 030942.069 INFO             PET3     esm: IInitModifyCplLists extro.
20230314 030942.070 INFO             PET3     ATM-TO-MED: InitializeIPDv05p3 intro.
20230314 030942.075 INFO             PET3       ATM-TO-MED: handle cplList(1): air_pressure_at_sea_level, cplSetList(1): __UNSPECIFIED__
20230314 030942.075 INFO             PET3       ATM-TO-MED: - connected.
20230314 030942.075 INFO             PET3       ATM-TO-MED: - both sides must provide the Field/GeomObject.
20230314 030942.075 INFO             PET3       ATM-TO-MED: handle cplList(2): surface_net_downward_shortwave_flux, cplSetList(2): __UNSPECIFIED__
20230314 030942.075 INFO             PET3       ATM-TO-MED: - connected.
20230314 030942.075 INFO             PET3       ATM-TO-MED: - both sides must provide the Field/GeomObject.
20230314 030942.075 INFO             PET3     ATM-TO-MED: InitializeIPDv05p3 extro.
20230314 030942.076 INFO             PET3     OCN-TO-MED: InitializeIPDv05p3 intro.
20230314 030942.080 INFO             PET3       OCN-TO-MED: handle cplList(1): sea_surface_temperature, cplSetList(1): __UNSPECIFIED__
20230314 030942.080 INFO             PET3       OCN-TO-MED: - connected.
20230314 030942.080 INFO             PET3       OCN-TO-MED: - both sides must provide the Field/GeomObject.
20230314 030942.080 INFO             PET3     OCN-TO-MED: InitializeIPDv05p3 extro.
20230314 030942.081 INFO             PET3     MED-TO-ATM: InitializeIPDv05p3 intro.
20230314 030942.085 INFO             PET3       MED-TO-ATM: handle cplList(1): sea_surface_temperature, cplSetList(1): __UNSPECIFIED__
20230314 030942.085 INFO             PET3       MED-TO-ATM: - connected.
20230314 030942.085 INFO             PET3       MED-TO-ATM: - both sides must provide the Field/GeomObject.
20230314 030942.085 INFO             PET3     MED-TO-ATM: InitializeIPDv05p3 extro.
20230314 030942.086 INFO             PET3     MED-TO-OCN: InitializeIPDv05p3 intro.
20230314 030942.091 INFO             PET3       MED-TO-OCN: handle cplList(1): air_pressure_at_sea_level, cplSetList(1): __UNSPECIFIED__
20230314 030942.091 INFO             PET3       MED-TO-OCN: - connected.
20230314 030942.091 INFO             PET3       MED-TO-OCN: - both sides must provide the Field/GeomObject.
20230314 030942.091 INFO             PET3       MED-TO-OCN: handle cplList(2): surface_net_downward_shortwave_flux, cplSetList(2): __UNSPECIFIED__
20230314 030942.091 INFO             PET3       MED-TO-OCN: - connected.
20230314 030942.091 INFO             PET3       MED-TO-OCN: - both sides must provide the Field/GeomObject.
20230314 030942.091 INFO             PET3     MED-TO-OCN: InitializeIPDv05p3 extro.
20230314 030942.091 INFO             PET3     <<<esm: leaving Initialize (phase=<none>) with current time: 2010  6  1  0  0  0   0
20230314 030942.091 INFO             PET3   esm: InitializeIPDv02p1 extro.
20230314 030942.091 INFO             PET3   esm: InitializeIPDv02p3 intro.
20230314 030942.091 INFO             PET3     >>>esm: entered Initialize (phase=<none>) with current time: 2010  6  1  0  0  0   0
20230314 030942.092 INFO             PET3     esm: IInitCheck intro.
20230314 030942.092 INFO             PET3     esm: IInitCheck extro.
20230314 030942.092 INFO             PET3     MED: InitializeIPDvXp04 intro.
20230314 030942.099 INFO             PET3     MED: InitializeIPDvXp04 extro.
20230314 030942.101 INFO             PET3     ATM-TO-MED: InitializeIPDv05p4 intro.
20230314 030942.110 INFO             PET3       ATM-TO-MED: handle cplList(1): air_pressure_at_sea_level, cplSetList(1): __UNSPECIFIED__
20230314 030942.110 INFO             PET3       ATM-TO-MED: - nothing shared or transferred
20230314 030942.110 INFO             PET3       ATM-TO-MED: handle cplList(2): surface_net_downward_shortwave_flux, cplSetList(2): __UNSPECIFIED__
20230314 030942.111 INFO             PET3       ATM-TO-MED: - nothing shared or transferred
20230314 030942.111 INFO             PET3     ATM-TO-MED: InitializeIPDv05p4 extro.
20230314 030942.111 INFO             PET3     OCN-TO-MED: InitializeIPDv05p4 intro.
20230314 030942.118 INFO             PET3       OCN-TO-MED: handle cplList(1): sea_surface_temperature, cplSetList(1): __UNSPECIFIED__
20230314 030942.118 INFO             PET3       OCN-TO-MED: - nothing shared or transferred
20230314 030942.118 INFO             PET3     OCN-TO-MED: InitializeIPDv05p4 extro.
20230314 030942.118 INFO             PET3     MED-TO-ATM: InitializeIPDv05p4 intro.
20230314 030942.126 INFO             PET3       MED-TO-ATM: handle cplList(1): sea_surface_temperature, cplSetList(1): __UNSPECIFIED__
20230314 030942.126 INFO             PET3       MED-TO-ATM: - nothing shared or transferred
20230314 030942.126 INFO             PET3     MED-TO-ATM: InitializeIPDv05p4 extro.
20230314 030942.126 INFO             PET3     MED-TO-OCN: InitializeIPDv05p4 intro.
20230314 030942.134 INFO             PET3       MED-TO-OCN: handle cplList(1): air_pressure_at_sea_level, cplSetList(1): __UNSPECIFIED__
20230314 030942.135 INFO             PET3       MED-TO-OCN: - nothing shared or transferred
20230314 030942.135 INFO             PET3       MED-TO-OCN: handle cplList(2): surface_net_downward_shortwave_flux, cplSetList(2): __UNSPECIFIED__
20230314 030942.135 INFO             PET3       MED-TO-OCN: - nothing shared or transferred
20230314 030942.135 INFO             PET3     MED-TO-OCN: InitializeIPDv05p4 extro.
20230314 030942.135 INFO             PET3     ATM-TO-MED: InitializeIPDv05p5 intro.
20230314 030942.144 INFO             PET3       ATM-TO-MED: handle cplList(1): air_pressure_at_sea_level, cplSetList(1): __UNSPECIFIED__
20230314 030942.144 INFO             PET3       ATM-TO-MED: - nothing shared or transferred, or may already be handled
20230314 030942.144 INFO             PET3       ATM-TO-MED: handle cplList(2): surface_net_downward_shortwave_flux, cplSetList(2): __UNSPECIFIED__
20230314 030942.144 INFO             PET3       ATM-TO-MED: - nothing shared or transferred, or may already be handled
20230314 030942.144 INFO             PET3     ATM-TO-MED: InitializeIPDv05p5 extro.
20230314 030942.144 INFO             PET3     OCN-TO-MED: InitializeIPDv05p5 intro.
20230314 030942.151 INFO             PET3       OCN-TO-MED: handle cplList(1): sea_surface_temperature, cplSetList(1): __UNSPECIFIED__
20230314 030942.151 INFO             PET3       OCN-TO-MED: - nothing shared or transferred, or may already be handled
20230314 030942.151 INFO             PET3     OCN-TO-MED: InitializeIPDv05p5 extro.
20230314 030942.151 INFO             PET3     MED-TO-ATM: InitializeIPDv05p5 intro.
20230314 030942.159 INFO             PET3       MED-TO-ATM: handle cplList(1): sea_surface_temperature, cplSetList(1): __UNSPECIFIED__
20230314 030942.159 INFO             PET3       MED-TO-ATM: - nothing shared or transferred, or may already be handled
20230314 030942.159 INFO             PET3     MED-TO-ATM: InitializeIPDv05p5 extro.
20230314 030942.159 INFO             PET3     MED-TO-OCN: InitializeIPDv05p5 intro.
20230314 030942.168 INFO             PET3       MED-TO-OCN: handle cplList(1): air_pressure_at_sea_level, cplSetList(1): __UNSPECIFIED__
20230314 030942.168 INFO             PET3       MED-TO-OCN: - nothing shared or transferred, or may already be handled
20230314 030942.168 INFO             PET3       MED-TO-OCN: handle cplList(2): surface_net_downward_shortwave_flux, cplSetList(2): __UNSPECIFIED__
20230314 030942.168 INFO             PET3       MED-TO-OCN: - nothing shared or transferred, or may already be handled
20230314 030942.168 INFO             PET3     MED-TO-OCN: InitializeIPDv05p5 extro.
20230314 030942.168 INFO             PET3     esm: IInitRealize intro.
20230314 030942.168 INFO             PET3     esm: IInitRealize extro.
20230314 030942.168 INFO             PET3     ATM-TO-MED: InitializeIPDv05p6a intro.
20230314 030942.177 INFO             PET3     ATM-TO-MED: InitializeIPDv05p6a extro.
20230314 030942.177 INFO             PET3     OCN-TO-MED: InitializeIPDv05p6a intro.
20230314 030942.184 INFO             PET3     OCN-TO-MED: InitializeIPDv05p6a extro.
20230314 030942.185 INFO             PET3     MED-TO-ATM: InitializeIPDv05p6a intro.
20230314 030942.192 INFO             PET3     MED-TO-ATM: InitializeIPDv05p6a extro.
20230314 030942.192 INFO             PET3     MED-TO-OCN: InitializeIPDv05p6a intro.
20230314 030942.201 INFO             PET3     MED-TO-OCN: InitializeIPDv05p6a extro.
20230314 030942.201 INFO             PET3     ATM-TO-MED: InitializeIPDv05p6b intro.
20230314 030942.201 INFO             PET3       ATM-TO-MED: handle cplList(1): air_pressure_at_sea_level, cplSetList(1): __UNSPECIFIED__
20230314 030942.201 INFO             PET3       ATM-TO-MED: - no Field sharing between import and export side: remap.
20230314 030942.201 INFO             PET3       ATM-TO-MED: handle cplList(2): surface_net_downward_shortwave_flux, cplSetList(2): __UNSPECIFIED__
