2023-03-22 02:26:31
20230322 030620.337 INFO             PET0 !!!!!!!!!!!!!!!!!!!!!!!!!!!!!!!!!!!!!!!!!!!!!!!!!!!!!!
20230322 030620.337 INFO             PET0 !!! THE ESMF_LOG IS SET TO OUTPUT ALL LOG MESSAGES !!!
20230322 030620.337 INFO             PET0 !!!     THIS MAY CAUSE SLOWDOWN IN PERFORMANCE     !!!
20230322 030620.337 INFO             PET0 !!! FOR PRODUCTION RUNS, USE:                      !!!
20230322 030620.337 INFO             PET0 !!!                   ESMF_LOGKIND_Multi_On_Error  !!!
20230322 030620.337 INFO             PET0 !!!!!!!!!!!!!!!!!!!!!!!!!!!!!!!!!!!!!!!!!!!!!!!!!!!!!!
20230322 030620.337 INFO             PET0 Running with ESMF Version   : v8.5.0b18-5-ge74a33b91d
20230322 030620.337 INFO             PET0 ESMF library build date/time: "Mar 22 2023" "02:24:32"
20230322 030620.337 INFO             PET0 ESMF library build location : /glade/gust/scratch/theurich/ESMF-Nightly-Testing/nvhpc_23.1_mpi_g_develop/esmf
20230322 030620.337 INFO             PET0 ESMF_COMM                   : mpi
20230322 030620.338 INFO             PET0 ESMF_MOAB                   : enabled
20230322 030620.338 INFO             PET0 ESMF_LAPACK                 : enabled
20230322 030620.338 INFO             PET0 ESMF_NETCDF                 : enabled
20230322 030620.338 INFO             PET0 ESMF_PNETCDF                : disabled
20230322 030620.338 INFO             PET0 ESMF_PIO                    : enabled
20230322 030620.338 INFO             PET0 ESMF_YAMLCPP                : enabled
20230322 030620.339 INFO             PET0 esmApp STARTING
20230322 030620.343 INFO             PET0 esm: InitializeGeneric intro.
20230322 030620.344 INFO             PET0   esm: InitializeP0 intro.
20230322 030620.344 INFO             PET0   esm: InitializeP0 extro.
20230322 030620.344 INFO             PET0   esm: InitializeIPDv02p1 intro.
20230322 030620.344 INFO             PET0     >>>esm: entered Initialize (phase=<none>) without valid internal Clock.
20230322 030620.344 INFO             PET0     esm - Creating model component ATM without petList.
20230322 030620.346 INFO             PET0     esm - Creating model component OCN without petList.
20230322 030620.349 INFO             PET0     esm - Creating connector component ATM-TO-OCN without petList.
20230322 030620.354 INFO             PET0     esm - Creating connector component OCN-TO-ATM without petList.
20230322 030620.359 INFO             PET0     esm - Creating state: modelComp 1 Import State
20230322 030620.359 INFO             PET0     esm - Creating state: modelComp 1 Export State
20230322 030620.359 INFO             PET0     esm - Creating state: modelComp 2 Import State
20230322 030620.359 INFO             PET0     esm - Creating state: modelComp 2 Export State
20230322 030620.360 INFO             PET0     ATM: InitializeP0 intro.
20230322 030620.360 INFO             PET0       >>>ATM: entered Initialize (phase=<none>) without valid internal Clock.
20230322 030620.361 INFO             PET0       <<<ATM: leaving Initialize (phase=<none>) without valid internal Clock.
20230322 030620.361 INFO             PET0     ATM: InitializeP0 extro.
20230322 030620.361 INFO             PET0     OCN: InitializeP0 intro.
20230322 030620.362 INFO             PET0       >>>OCN: entered Initialize (phase=<none>) without valid internal Clock.
20230322 030620.363 INFO             PET0       <<<OCN: leaving Initialize (phase=<none>) without valid internal Clock.
20230322 030620.363 INFO             PET0     OCN: InitializeP0 extro.
20230322 030620.365 INFO             PET0     ATM-TO-OCN: InitializeP0 intro.
20230322 030620.365 INFO             PET0     ATM-TO-OCN: InitializeP0 extro.
20230322 030620.366 INFO             PET0     OCN-TO-ATM: InitializeP0 intro.
20230322 030620.366 INFO             PET0     OCN-TO-ATM: InitializeP0 extro.
20230322 030620.368 INFO             PET0     esm: IInitAdvertise intro.
20230322 030620.368 INFO             PET0     esm: IInitAdvertise extro.
20230322 030620.368 INFO             PET0     ATM: InitializeIPDvXp01 intro.
20230322 030620.368 INFO             PET0       >>>ATM: entered Initialize (phase=IPDvXp01) without valid internal Clock.
20230322 030620.370 INFO             PET0       <<<ATM: leaving Initialize (phase=IPDvXp01) without valid internal Clock.
20230322 030620.370 INFO             PET0     ATM: InitializeIPDvXp01 extro.
20230322 030620.371 INFO             PET0     OCN: InitializeIPDvXp01 intro.
20230322 030620.371 INFO             PET0       >>>OCN: entered Initialize (phase=IPDvXp01) without valid internal Clock.
20230322 030620.373 INFO             PET0       <<<OCN: leaving Initialize (phase=IPDvXp01) without valid internal Clock.
20230322 030620.373 INFO             PET0     OCN: InitializeIPDvXp01 extro.
20230322 030620.374 INFO             PET0     ATM-TO-OCN: InitializeIPDv05p1 intro.
20230322 030620.378 INFO             PET0       ATM-TO-OCN: importState FieldTransferPolicy = transferNone
20230322 030620.378 INFO             PET0       ATM-TO-OCN: exportState FieldTransferPolicy = transferNone
20230322 030620.378 INFO             PET0     ATM-TO-OCN: InitializeIPDv05p1 extro.
20230322 030620.378 INFO             PET0     OCN-TO-ATM: InitializeIPDv05p1 intro.
20230322 030620.381 INFO             PET0       OCN-TO-ATM: importState FieldTransferPolicy = transferNone
20230322 030620.381 INFO             PET0       OCN-TO-ATM: exportState FieldTransferPolicy = transferNone
20230322 030620.381 INFO             PET0     OCN-TO-ATM: InitializeIPDv05p1 extro.
20230322 030620.381 INFO             PET0     esm: IInitAdvertiseFinish intro.
20230322 030620.381 INFO             PET0     esm: IInitAdvertiseFinish extro.
20230322 030620.382 INFO             PET0     ATM-TO-OCN: InitializeIPDv05p2a intro.
20230322 030620.384 INFO             PET0       ATM-TO-OCN:      importStandardNameList(i=  1): air_pressure_at_sea_level
20230322 030620.384 INFO             PET0       ATM-TO-OCN:         importNamespaceList(i=  1): ATM
20230322 030620.384 INFO             PET0       ATM-TO-OCN:            importCplSetList(i=  1): __UNSPECIFIED__
20230322 030620.385 INFO             PET0       ATM-TO-OCN:      exportStandardNameList(j=  1): air_pressure_at_sea_level
20230322 030620.385 INFO             PET0       ATM-TO-OCN:         exportNamespaceList(j=  1): OCN
20230322 030620.385 INFO             PET0       ATM-TO-OCN:            exportCplSetList(j=  1): __UNSPECIFIED__
20230322 030620.385 INFO             PET0       ATM-TO-OCN: bondLevel= 1
20230322 030620.385 INFO             PET0       ATM-TO-OCN: ProducerConnection (bondLevelMax):         1
20230322 030620.385 INFO             PET0       ATM-TO-OCN:      importStandardNameList(i=  2): surface_net_downward_shortwave_flux
20230322 030620.385 INFO             PET0       ATM-TO-OCN:         importNamespaceList(i=  2): ATM
20230322 030620.385 INFO             PET0       ATM-TO-OCN:            importCplSetList(i=  2): __UNSPECIFIED__
20230322 030620.385 INFO             PET0       ATM-TO-OCN:      exportStandardNameList(j=  2): surface_net_downward_shortwave_flux
20230322 030620.385 INFO             PET0       ATM-TO-OCN:         exportNamespaceList(j=  2): OCN
20230322 030620.396 INFO             PET0       ATM-TO-OCN:            exportCplSetList(j=  2): __UNSPECIFIED__
20230322 030620.396 INFO             PET0       ATM-TO-OCN: bondLevel= 1
20230322 030620.396 INFO             PET0       ATM-TO-OCN: ProducerConnection (bondLevelMax):         1
20230322 030620.396 INFO             PET0     ATM-TO-OCN: InitializeIPDv05p2a extro.
20230322 030620.396 INFO             PET0     OCN-TO-ATM: InitializeIPDv05p2a intro.
20230322 030620.399 INFO             PET0       OCN-TO-ATM:      importStandardNameList(i=  1): sea_surface_temperature
20230322 030620.399 INFO             PET0       OCN-TO-ATM:         importNamespaceList(i=  1): OCN
20230322 030620.399 INFO             PET0       OCN-TO-ATM:            importCplSetList(i=  1): __UNSPECIFIED__
20230322 030620.399 INFO             PET0       OCN-TO-ATM:      exportStandardNameList(j=  1): sea_surface_temperature
20230322 030620.399 INFO             PET0       OCN-TO-ATM:         exportNamespaceList(j=  1): ATM
20230322 030620.399 INFO             PET0       OCN-TO-ATM:            exportCplSetList(j=  1): __UNSPECIFIED__
20230322 030620.399 INFO             PET0       OCN-TO-ATM: bondLevel= 1
20230322 030620.399 INFO             PET0       OCN-TO-ATM: ProducerConnection (bondLevelMax):         1
20230322 030620.399 INFO             PET0     OCN-TO-ATM: InitializeIPDv05p2a extro.
20230322 030620.399 INFO             PET0     ATM-TO-OCN: InitializeIPDv05p2b intro.
20230322 030620.402 INFO             PET0       ATM-TO-OCN:      importStandardNameList(i=  1): air_pressure_at_sea_level
20230322 030620.402 INFO             PET0       ATM-TO-OCN:         importNamespaceList(i=  1): ATM
20230322 030620.402 INFO             PET0       ATM-TO-OCN:            importCplSetList(i=  1): __UNSPECIFIED__
20230322 030620.402 INFO             PET0       ATM-TO-OCN:      exportStandardNameList(j=  1): air_pressure_at_sea_level
20230322 030620.402 INFO             PET0       ATM-TO-OCN:         exportNamespaceList(j=  1): OCN
20230322 030620.402 INFO             PET0       ATM-TO-OCN:            exportCplSetList(j=  1): __UNSPECIFIED__
20230322 030620.402 INFO             PET0       ATM-TO-OCN: bondLevel= 1
20230322 030620.402 INFO             PET0       ATM-TO-OCN: => added cplList(  1)=air_pressure_at_sea_level, cplSetList(  1)=__UNSPECIFIED__
20230322 030620.402 INFO             PET0       ATM-TO-OCN:      importStandardNameList(i=  2): surface_net_downward_shortwave_flux
20230322 030620.402 INFO             PET0       ATM-TO-OCN:         importNamespaceList(i=  2): ATM
20230322 030620.402 INFO             PET0       ATM-TO-OCN:            importCplSetList(i=  2): __UNSPECIFIED__
20230322 030620.402 INFO             PET0       ATM-TO-OCN:      exportStandardNameList(j=  2): surface_net_downward_shortwave_flux
20230322 030620.402 INFO             PET0       ATM-TO-OCN:         exportNamespaceList(j=  2): OCN
20230322 030620.402 INFO             PET0       ATM-TO-OCN:            exportCplSetList(j=  2): __UNSPECIFIED__
20230322 030620.402 INFO             PET0       ATM-TO-OCN: bondLevel= 1
20230322 030620.402 INFO             PET0       ATM-TO-OCN: => added cplList(  2)=surface_net_downward_shortwave_flux, cplSetList(  2)=__UNSPECIFIED__
20230322 030620.402 INFO             PET0     ATM-TO-OCN: InitializeIPDv05p2b extro.
20230322 030620.402 INFO             PET0     OCN-TO-ATM: InitializeIPDv05p2b intro.
20230322 030620.405 INFO             PET0       OCN-TO-ATM:      importStandardNameList(i=  1): sea_surface_temperature
20230322 030620.405 INFO             PET0       OCN-TO-ATM:         importNamespaceList(i=  1): OCN
20230322 030620.405 INFO             PET0       OCN-TO-ATM:            importCplSetList(i=  1): __UNSPECIFIED__
20230322 030620.405 INFO             PET0       OCN-TO-ATM:      exportStandardNameList(j=  1): sea_surface_temperature
20230322 030620.405 INFO             PET0       OCN-TO-ATM:         exportNamespaceList(j=  1): ATM
20230322 030620.405 INFO             PET0       OCN-TO-ATM:            exportCplSetList(j=  1): __UNSPECIFIED__
20230322 030620.405 INFO             PET0       OCN-TO-ATM: bondLevel= 1
20230322 030620.405 INFO             PET0       OCN-TO-ATM: => added cplList(  1)=sea_surface_temperature, cplSetList(  1)=__UNSPECIFIED__
20230322 030620.405 INFO             PET0     OCN-TO-ATM: InitializeIPDv05p2b extro.
20230322 030620.405 INFO             PET0     esm: IInitModifyCplLists intro.
20230322 030620.405 INFO             PET0     esm: IInitModifyCplLists extro.
20230322 030620.405 INFO             PET0     ATM-TO-OCN: InitializeIPDv05p3 intro.
20230322 030620.408 INFO             PET0       ATM-TO-OCN: handle cplList(1): air_pressure_at_sea_level, cplSetList(1): __UNSPECIFIED__
20230322 030620.408 INFO             PET0       ATM-TO-OCN: - connected.
20230322 030620.408 INFO             PET0       ATM-TO-OCN: - both sides must provide the Field/GeomObject.
20230322 030620.408 INFO             PET0       ATM-TO-OCN: handle cplList(2): surface_net_downward_shortwave_flux, cplSetList(2): __UNSPECIFIED__
20230322 030620.409 INFO             PET0       ATM-TO-OCN: - connected.
20230322 030620.409 INFO             PET0       ATM-TO-OCN: - both sides must provide the Field/GeomObject.
20230322 030620.409 INFO             PET0     ATM-TO-OCN: InitializeIPDv05p3 extro.
20230322 030620.409 INFO             PET0     OCN-TO-ATM: InitializeIPDv05p3 intro.
20230322 030620.411 INFO             PET0       OCN-TO-ATM: handle cplList(1): sea_surface_temperature, cplSetList(1): __UNSPECIFIED__
20230322 030620.411 INFO             PET0       OCN-TO-ATM: - connected.
20230322 030620.411 INFO             PET0       OCN-TO-ATM: - both sides must provide the Field/GeomObject.
20230322 030620.411 INFO             PET0     OCN-TO-ATM: InitializeIPDv05p3 extro.
20230322 030620.411 INFO             PET0     <<<esm: leaving Initialize (phase=<none>) with current time: 2010  6  1  0  0  0   0
20230322 030620.411 INFO             PET0   esm: InitializeIPDv02p1 extro.
20230322 030620.412 INFO             PET0   esm: InitializeIPDv02p3 intro.
20230322 030620.412 INFO             PET0     >>>esm: entered Initialize (phase=<none>) with current time: 2010  6  1  0  0  0   0
20230322 030620.412 INFO             PET0     esm: IInitCheck intro.
20230322 030620.412 INFO             PET0     esm: IInitCheck extro.
20230322 030620.412 INFO             PET0     ATM: InitializeIPDvXp04 intro.
20230322 030620.412 INFO             PET0       >>>ATM: entered Initialize (phase=IPDvXp04) without valid internal Clock.
20230322 030620.415 INFO             PET0       <<<ATM: leaving Initialize (phase=IPDvXp04) without valid internal Clock.
20230322 030620.415 INFO             PET0     ATM: InitializeIPDvXp04 extro.
20230322 030620.415 INFO             PET0     OCN: InitializeIPDvXp04 intro.
20230322 030620.415 INFO             PET0       >>>OCN: entered Initialize (phase=IPDvXp04) without valid internal Clock.
20230322 030620.418 INFO             PET0       <<<OCN: leaving Initialize (phase=IPDvXp04) without valid internal Clock.
20230322 030620.418 INFO             PET0     OCN: InitializeIPDvXp04 extro.
20230322 030620.420 INFO             PET0     ATM-TO-OCN: InitializeIPDv05p4 intro.
20230322 030620.424 INFO             PET0       ATM-TO-OCN: handle cplList(1): air_pressure_at_sea_level, cplSetList(1): __UNSPECIFIED__
20230322 030620.424 INFO             PET0       ATM-TO-OCN: - nothing shared or transferred
20230322 030620.424 INFO             PET0       ATM-TO-OCN: handle cplList(2): surface_net_downward_shortwave_flux, cplSetList(2): __UNSPECIFIED__
20230322 030620.424 INFO             PET0       ATM-TO-OCN: - nothing shared or transferred
20230322 030620.424 INFO             PET0     ATM-TO-OCN: InitializeIPDv05p4 extro.
20230322 030620.424 INFO             PET0     OCN-TO-ATM: InitializeIPDv05p4 intro.
20230322 030620.427 INFO             PET0       OCN-TO-ATM: handle cplList(1): sea_surface_temperature, cplSetList(1): __UNSPECIFIED__
20230322 030620.427 INFO             PET0       OCN-TO-ATM: - nothing shared or transferred
20230322 030620.427 INFO             PET0     OCN-TO-ATM: InitializeIPDv05p4 extro.
20230322 030620.428 INFO             PET0     ATM-TO-OCN: InitializeIPDv05p5 intro.
20230322 030620.432 INFO             PET0       ATM-TO-OCN: handle cplList(1): air_pressure_at_sea_level, cplSetList(1): __UNSPECIFIED__
20230322 030620.432 INFO             PET0       ATM-TO-OCN: - nothing shared or transferred, or may already be handled
20230322 030620.432 INFO             PET0       ATM-TO-OCN: handle cplList(2): surface_net_downward_shortwave_flux, cplSetList(2): __UNSPECIFIED__
20230322 030620.432 INFO             PET0       ATM-TO-OCN: - nothing shared or transferred, or may already be handled
20230322 030620.432 INFO             PET0     ATM-TO-OCN: InitializeIPDv05p5 extro.
20230322 030620.432 INFO             PET0     OCN-TO-ATM: InitializeIPDv05p5 intro.
20230322 030620.435 INFO             PET0       OCN-TO-ATM: handle cplList(1): sea_surface_temperature, cplSetList(1): __UNSPECIFIED__
20230322 030620.435 INFO             PET0       OCN-TO-ATM: - nothing shared or transferred, or may already be handled
20230322 030620.435 INFO             PET0     OCN-TO-ATM: InitializeIPDv05p5 extro.
20230322 030620.435 INFO             PET0     esm: IInitRealize intro.
20230322 030620.435 INFO             PET0     esm: IInitRealize extro.
20230322 030620.436 INFO             PET0     ATM-TO-OCN: InitializeIPDv05p6a intro.
20230322 030620.439 INFO             PET0     ATM-TO-OCN: InitializeIPDv05p6a extro.
20230322 030620.440 INFO             PET0     OCN-TO-ATM: InitializeIPDv05p6a intro.
20230322 030620.442 INFO             PET0     OCN-TO-ATM: InitializeIPDv05p6a extro.
20230322 030620.443 INFO             PET0     ATM-TO-OCN: InitializeIPDv05p6b intro.
20230322 030620.443 INFO             PET0       ATM-TO-OCN: handle cplList(1): air_pressure_at_sea_level, cplSetList(1): __UNSPECIFIED__
20230322 030620.443 INFO             PET0       ATM-TO-OCN: - no Field sharing between import and export side: remap.
20230322 030620.337 INFO             PET1 !!!!!!!!!!!!!!!!!!!!!!!!!!!!!!!!!!!!!!!!!!!!!!!!!!!!!!
20230322 030620.337 INFO             PET1 !!! THE ESMF_LOG IS SET TO OUTPUT ALL LOG MESSAGES !!!
20230322 030620.337 INFO             PET1 !!!     THIS MAY CAUSE SLOWDOWN IN PERFORMANCE     !!!
20230322 030620.337 INFO             PET1 !!! FOR PRODUCTION RUNS, USE:                      !!!
20230322 030620.337 INFO             PET1 !!!                   ESMF_LOGKIND_Multi_On_Error  !!!
20230322 030620.337 INFO             PET1 !!!!!!!!!!!!!!!!!!!!!!!!!!!!!!!!!!!!!!!!!!!!!!!!!!!!!!
20230322 030620.337 INFO             PET1 Running with ESMF Version   : v8.5.0b18-5-ge74a33b91d
20230322 030620.337 INFO             PET1 ESMF library build date/time: "Mar 22 2023" "02:24:32"
20230322 030620.337 INFO             PET1 ESMF library build location : /glade/gust/scratch/theurich/ESMF-Nightly-Testing/nvhpc_23.1_mpi_g_develop/esmf
20230322 030620.337 INFO             PET1 ESMF_COMM                   : mpi
20230322 030620.338 INFO             PET1 ESMF_MOAB                   : enabled
20230322 030620.338 INFO             PET1 ESMF_LAPACK                 : enabled
20230322 030620.338 INFO             PET1 ESMF_NETCDF                 : enabled
20230322 030620.338 INFO             PET1 ESMF_PNETCDF                : disabled
20230322 030620.338 INFO             PET1 ESMF_PIO                    : enabled
20230322 030620.338 INFO             PET1 ESMF_YAMLCPP                : enabled
20230322 030620.339 INFO             PET1 esmApp STARTING
20230322 030620.343 INFO             PET1 esm: InitializeGeneric intro.
20230322 030620.344 INFO             PET1   esm: InitializeP0 intro.
20230322 030620.344 INFO             PET1   esm: InitializeP0 extro.
20230322 030620.344 INFO             PET1   esm: InitializeIPDv02p1 intro.
20230322 030620.344 INFO             PET1     >>>esm: entered Initialize (phase=<none>) without valid internal Clock.
20230322 030620.344 INFO             PET1     esm - Creating model component ATM without petList.
20230322 030620.346 INFO             PET1     esm - Creating model component OCN without petList.
20230322 030620.349 INFO             PET1     esm - Creating connector component ATM-TO-OCN without petList.
20230322 030620.354 INFO             PET1     esm - Creating connector component OCN-TO-ATM without petList.
20230322 030620.359 INFO             PET1     esm - Creating state: modelComp 1 Import State
20230322 030620.359 INFO             PET1     esm - Creating state: modelComp 1 Export State
20230322 030620.359 INFO             PET1     esm - Creating state: modelComp 2 Import State
20230322 030620.359 INFO             PET1     esm - Creating state: modelComp 2 Export State
20230322 030620.360 INFO             PET1     ATM: InitializeP0 intro.
20230322 030620.360 INFO             PET1       >>>ATM: entered Initialize (phase=<none>) without valid internal Clock.
20230322 030620.361 INFO             PET1       <<<ATM: leaving Initialize (phase=<none>) without valid internal Clock.
20230322 030620.361 INFO             PET1     ATM: InitializeP0 extro.
20230322 030620.361 INFO             PET1     OCN: InitializeP0 intro.
20230322 030620.362 INFO             PET1       >>>OCN: entered Initialize (phase=<none>) without valid internal Clock.
20230322 030620.363 INFO             PET1       <<<OCN: leaving Initialize (phase=<none>) without valid internal Clock.
20230322 030620.363 INFO             PET1     OCN: InitializeP0 extro.
20230322 030620.365 INFO             PET1     ATM-TO-OCN: InitializeP0 intro.
20230322 030620.366 INFO             PET1     ATM-TO-OCN: InitializeP0 extro.
20230322 030620.366 INFO             PET1     OCN-TO-ATM: InitializeP0 intro.
20230322 030620.367 INFO             PET1     OCN-TO-ATM: InitializeP0 extro.
20230322 030620.368 INFO             PET1     esm: IInitAdvertise intro.
20230322 030620.368 INFO             PET1     esm: IInitAdvertise extro.
20230322 030620.368 INFO             PET1     ATM: InitializeIPDvXp01 intro.
20230322 030620.368 INFO             PET1       >>>ATM: entered Initialize (phase=IPDvXp01) without valid internal Clock.
20230322 030620.371 INFO             PET1       <<<ATM: leaving Initialize (phase=IPDvXp01) without valid internal Clock.
20230322 030620.371 INFO             PET1     ATM: InitializeIPDvXp01 extro.
20230322 030620.371 INFO             PET1     OCN: InitializeIPDvXp01 intro.
20230322 030620.371 INFO             PET1       >>>OCN: entered Initialize (phase=IPDvXp01) without valid internal Clock.
20230322 030620.373 INFO             PET1       <<<OCN: leaving Initialize (phase=IPDvXp01) without valid internal Clock.
20230322 030620.373 INFO             PET1     OCN: InitializeIPDvXp01 extro.
20230322 030620.374 INFO             PET1     ATM-TO-OCN: InitializeIPDv05p1 intro.
20230322 030620.378 INFO             PET1       ATM-TO-OCN: importState FieldTransferPolicy = transferNone
20230322 030620.378 INFO             PET1       ATM-TO-OCN: exportState FieldTransferPolicy = transferNone
20230322 030620.378 INFO             PET1     ATM-TO-OCN: InitializeIPDv05p1 extro.
20230322 030620.378 INFO             PET1     OCN-TO-ATM: InitializeIPDv05p1 intro.
20230322 030620.381 INFO             PET1       OCN-TO-ATM: importState FieldTransferPolicy = transferNone
20230322 030620.381 INFO             PET1       OCN-TO-ATM: exportState FieldTransferPolicy = transferNone
20230322 030620.381 INFO             PET1     OCN-TO-ATM: InitializeIPDv05p1 extro.
20230322 030620.381 INFO             PET1     esm: IInitAdvertiseFinish intro.
20230322 030620.381 INFO             PET1     esm: IInitAdvertiseFinish extro.
20230322 030620.381 INFO             PET1     ATM-TO-OCN: InitializeIPDv05p2a intro.
20230322 030620.384 INFO             PET1       ATM-TO-OCN:      importStandardNameList(i=  1): air_pressure_at_sea_level
20230322 030620.384 INFO             PET1       ATM-TO-OCN:         importNamespaceList(i=  1): ATM
20230322 030620.384 INFO             PET1       ATM-TO-OCN:            importCplSetList(i=  1): __UNSPECIFIED__
20230322 030620.384 INFO             PET1       ATM-TO-OCN:      exportStandardNameList(j=  1): air_pressure_at_sea_level
20230322 030620.384 INFO             PET1       ATM-TO-OCN:         exportNamespaceList(j=  1): OCN
20230322 030620.384 INFO             PET1       ATM-TO-OCN:            exportCplSetList(j=  1): __UNSPECIFIED__
20230322 030620.385 INFO             PET1       ATM-TO-OCN: bondLevel= 1
20230322 030620.385 INFO             PET1       ATM-TO-OCN: ProducerConnection (bondLevelMax):         1
20230322 030620.385 INFO             PET1       ATM-TO-OCN:      importStandardNameList(i=  2): surface_net_downward_shortwave_flux
20230322 030620.385 INFO             PET1       ATM-TO-OCN:         importNamespaceList(i=  2): ATM
20230322 030620.385 INFO             PET1       ATM-TO-OCN:            importCplSetList(i=  2): __UNSPECIFIED__
20230322 030620.385 INFO             PET1       ATM-TO-OCN:      exportStandardNameList(j=  2): surface_net_downward_shortwave_flux
20230322 030620.385 INFO             PET1       ATM-TO-OCN:         exportNamespaceList(j=  2): OCN
20230322 030620.385 INFO             PET1       ATM-TO-OCN:            exportCplSetList(j=  2): __UNSPECIFIED__
20230322 030620.385 INFO             PET1       ATM-TO-OCN: bondLevel= 1
20230322 030620.385 INFO             PET1       ATM-TO-OCN: ProducerConnection (bondLevelMax):         1
20230322 030620.385 INFO             PET1     ATM-TO-OCN: InitializeIPDv05p2a extro.
20230322 030620.385 INFO             PET1     OCN-TO-ATM: InitializeIPDv05p2a intro.
20230322 030620.399 INFO             PET1       OCN-TO-ATM:      importStandardNameList(i=  1): sea_surface_temperature
20230322 030620.399 INFO             PET1       OCN-TO-ATM:         importNamespaceList(i=  1): OCN
20230322 030620.399 INFO             PET1       OCN-TO-ATM:            importCplSetList(i=  1): __UNSPECIFIED__
20230322 030620.399 INFO             PET1       OCN-TO-ATM:      exportStandardNameList(j=  1): sea_surface_temperature
20230322 030620.399 INFO             PET1       OCN-TO-ATM:         exportNamespaceList(j=  1): ATM
20230322 030620.399 INFO             PET1       OCN-TO-ATM:            exportCplSetList(j=  1): __UNSPECIFIED__
20230322 030620.399 INFO             PET1       OCN-TO-ATM: bondLevel= 1
20230322 030620.399 INFO             PET1       OCN-TO-ATM: ProducerConnection (bondLevelMax):         1
20230322 030620.399 INFO             PET1     OCN-TO-ATM: InitializeIPDv05p2a extro.
20230322 030620.399 INFO             PET1     ATM-TO-OCN: InitializeIPDv05p2b intro.
20230322 030620.402 INFO             PET1       ATM-TO-OCN:      importStandardNameList(i=  1): air_pressure_at_sea_level
20230322 030620.402 INFO             PET1       ATM-TO-OCN:         importNamespaceList(i=  1): ATM
20230322 030620.402 INFO             PET1       ATM-TO-OCN:            importCplSetList(i=  1): __UNSPECIFIED__
20230322 030620.402 INFO             PET1       ATM-TO-OCN:      exportStandardNameList(j=  1): air_pressure_at_sea_level
20230322 030620.402 INFO             PET1       ATM-TO-OCN:         exportNamespaceList(j=  1): OCN
20230322 030620.402 INFO             PET1       ATM-TO-OCN:            exportCplSetList(j=  1): __UNSPECIFIED__
20230322 030620.402 INFO             PET1       ATM-TO-OCN: bondLevel= 1
20230322 030620.402 INFO             PET1       ATM-TO-OCN: => added cplList(  1)=air_pressure_at_sea_level, cplSetList(  1)=__UNSPECIFIED__
20230322 030620.402 INFO             PET1       ATM-TO-OCN:      importStandardNameList(i=  2): surface_net_downward_shortwave_flux
20230322 030620.402 INFO             PET1       ATM-TO-OCN:         importNamespaceList(i=  2): ATM
20230322 030620.402 INFO             PET1       ATM-TO-OCN:            importCplSetList(i=  2): __UNSPECIFIED__
20230322 030620.402 INFO             PET1       ATM-TO-OCN:      exportStandardNameList(j=  2): surface_net_downward_shortwave_flux
20230322 030620.402 INFO             PET1       ATM-TO-OCN:         exportNamespaceList(j=  2): OCN
20230322 030620.402 INFO             PET1       ATM-TO-OCN:            exportCplSetList(j=  2): __UNSPECIFIED__
20230322 030620.402 INFO             PET1       ATM-TO-OCN: bondLevel= 1
20230322 030620.402 INFO             PET1       ATM-TO-OCN: => added cplList(  2)=surface_net_downward_shortwave_flux, cplSetList(  2)=__UNSPECIFIED__
20230322 030620.402 INFO             PET1     ATM-TO-OCN: InitializeIPDv05p2b extro.
20230322 030620.402 INFO             PET1     OCN-TO-ATM: InitializeIPDv05p2b intro.
20230322 030620.405 INFO             PET1       OCN-TO-ATM:      importStandardNameList(i=  1): sea_surface_temperature
20230322 030620.405 INFO             PET1       OCN-TO-ATM:         importNamespaceList(i=  1): OCN
20230322 030620.405 INFO             PET1       OCN-TO-ATM:            importCplSetList(i=  1): __UNSPECIFIED__
20230322 030620.405 INFO             PET1       OCN-TO-ATM:      exportStandardNameList(j=  1): sea_surface_temperature
20230322 030620.405 INFO             PET1       OCN-TO-ATM:         exportNamespaceList(j=  1): ATM
20230322 030620.405 INFO             PET1       OCN-TO-ATM:            exportCplSetList(j=  1): __UNSPECIFIED__
20230322 030620.405 INFO             PET1       OCN-TO-ATM: bondLevel= 1
20230322 030620.405 INFO             PET1       OCN-TO-ATM: => added cplList(  1)=sea_surface_temperature, cplSetList(  1)=__UNSPECIFIED__
20230322 030620.405 INFO             PET1     OCN-TO-ATM: InitializeIPDv05p2b extro.
20230322 030620.405 INFO             PET1     esm: IInitModifyCplLists intro.
20230322 030620.405 INFO             PET1     esm: IInitModifyCplLists extro.
20230322 030620.405 INFO             PET1     ATM-TO-OCN: InitializeIPDv05p3 intro.
20230322 030620.408 INFO             PET1       ATM-TO-OCN: handle cplList(1): air_pressure_at_sea_level, cplSetList(1): __UNSPECIFIED__
20230322 030620.408 INFO             PET1       ATM-TO-OCN: - connected.
20230322 030620.408 INFO             PET1       ATM-TO-OCN: - both sides must provide the Field/GeomObject.
20230322 030620.408 INFO             PET1       ATM-TO-OCN: handle cplList(2): surface_net_downward_shortwave_flux, cplSetList(2): __UNSPECIFIED__
20230322 030620.409 INFO             PET1       ATM-TO-OCN: - connected.
20230322 030620.409 INFO             PET1       ATM-TO-OCN: - both sides must provide the Field/GeomObject.
20230322 030620.409 INFO             PET1     ATM-TO-OCN: InitializeIPDv05p3 extro.
20230322 030620.409 INFO             PET1     OCN-TO-ATM: InitializeIPDv05p3 intro.
20230322 030620.411 INFO             PET1       OCN-TO-ATM: handle cplList(1): sea_surface_temperature, cplSetList(1): __UNSPECIFIED__
20230322 030620.411 INFO             PET1       OCN-TO-ATM: - connected.
20230322 030620.411 INFO             PET1       OCN-TO-ATM: - both sides must provide the Field/GeomObject.
20230322 030620.411 INFO             PET1     OCN-TO-ATM: InitializeIPDv05p3 extro.
20230322 030620.411 INFO             PET1     <<<esm: leaving Initialize (phase=<none>) with current time: 2010  6  1  0  0  0   0
20230322 030620.411 INFO             PET1   esm: InitializeIPDv02p1 extro.
20230322 030620.412 INFO             PET1   esm: InitializeIPDv02p3 intro.
20230322 030620.412 INFO             PET1     >>>esm: entered Initialize (phase=<none>) with current time: 2010  6  1  0  0  0   0
20230322 030620.412 INFO             PET1     esm: IInitCheck intro.
20230322 030620.412 INFO             PET1     esm: IInitCheck extro.
20230322 030620.412 INFO             PET1     ATM: InitializeIPDvXp04 intro.
20230322 030620.412 INFO             PET1       >>>ATM: entered Initialize (phase=IPDvXp04) without valid internal Clock.
20230322 030620.415 INFO             PET1       <<<ATM: leaving Initialize (phase=IPDvXp04) without valid internal Clock.
20230322 030620.415 INFO             PET1     ATM: InitializeIPDvXp04 extro.
20230322 030620.415 INFO             PET1     OCN: InitializeIPDvXp04 intro.
20230322 030620.415 INFO             PET1       >>>OCN: entered Initialize (phase=IPDvXp04) without valid internal Clock.
20230322 030620.418 INFO             PET1       <<<OCN: leaving Initialize (phase=IPDvXp04) without valid internal Clock.
20230322 030620.418 INFO             PET1     OCN: InitializeIPDvXp04 extro.
20230322 030620.420 INFO             PET1     ATM-TO-OCN: InitializeIPDv05p4 intro.
20230322 030620.424 INFO             PET1       ATM-TO-OCN: handle cplList(1): air_pressure_at_sea_level, cplSetList(1): __UNSPECIFIED__
20230322 030620.424 INFO             PET1       ATM-TO-OCN: - nothing shared or transferred
20230322 030620.424 INFO             PET1       ATM-TO-OCN: handle cplList(2): surface_net_downward_shortwave_flux, cplSetList(2): __UNSPECIFIED__
20230322 030620.424 INFO             PET1       ATM-TO-OCN: - nothing shared or transferred
20230322 030620.424 INFO             PET1     ATM-TO-OCN: InitializeIPDv05p4 extro.
20230322 030620.424 INFO             PET1     OCN-TO-ATM: InitializeIPDv05p4 intro.
20230322 030620.427 INFO             PET1       OCN-TO-ATM: handle cplList(1): sea_surface_temperature, cplSetList(1): __UNSPECIFIED__
20230322 030620.427 INFO             PET1       OCN-TO-ATM: - nothing shared or transferred
20230322 030620.427 INFO             PET1     OCN-TO-ATM: InitializeIPDv05p4 extro.
20230322 030620.428 INFO             PET1     ATM-TO-OCN: InitializeIPDv05p5 intro.
20230322 030620.432 INFO             PET1       ATM-TO-OCN: handle cplList(1): air_pressure_at_sea_level, cplSetList(1): __UNSPECIFIED__
20230322 030620.432 INFO             PET1       ATM-TO-OCN: - nothing shared or transferred, or may already be handled
20230322 030620.432 INFO             PET1       ATM-TO-OCN: handle cplList(2): surface_net_downward_shortwave_flux, cplSetList(2): __UNSPECIFIED__
20230322 030620.432 INFO             PET1       ATM-TO-OCN: - nothing shared or transferred, or may already be handled
20230322 030620.432 INFO             PET1     ATM-TO-OCN: InitializeIPDv05p5 extro.
20230322 030620.432 INFO             PET1     OCN-TO-ATM: InitializeIPDv05p5 intro.
20230322 030620.435 INFO             PET1       OCN-TO-ATM: handle cplList(1): sea_surface_temperature, cplSetList(1): __UNSPECIFIED__
20230322 030620.435 INFO             PET1       OCN-TO-ATM: - nothing shared or transferred, or may already be handled
20230322 030620.435 INFO             PET1     OCN-TO-ATM: InitializeIPDv05p5 extro.
20230322 030620.435 INFO             PET1     esm: IInitRealize intro.
20230322 030620.435 INFO             PET1     esm: IInitRealize extro.
20230322 030620.436 INFO             PET1     ATM-TO-OCN: InitializeIPDv05p6a intro.
20230322 030620.439 INFO             PET1     ATM-TO-OCN: InitializeIPDv05p6a extro.
20230322 030620.440 INFO             PET1     OCN-TO-ATM: InitializeIPDv05p6a intro.
20230322 030620.442 INFO             PET1     OCN-TO-ATM: InitializeIPDv05p6a extro.
20230322 030620.442 INFO             PET1     ATM-TO-OCN: InitializeIPDv05p6b intro.
20230322 030620.443 INFO             PET1       ATM-TO-OCN: handle cplList(1): air_pressure_at_sea_level, cplSetList(1): __UNSPECIFIED__
20230322 030620.443 INFO             PET1       ATM-TO-OCN: - no Field sharing between import and export side: remap.
20230322 030620.337 INFO             PET2 !!!!!!!!!!!!!!!!!!!!!!!!!!!!!!!!!!!!!!!!!!!!!!!!!!!!!!
20230322 030620.337 INFO             PET2 !!! THE ESMF_LOG IS SET TO OUTPUT ALL LOG MESSAGES !!!
20230322 030620.337 INFO             PET2 !!!     THIS MAY CAUSE SLOWDOWN IN PERFORMANCE     !!!
20230322 030620.337 INFO             PET2 !!! FOR PRODUCTION RUNS, USE:                      !!!
20230322 030620.337 INFO             PET2 !!!                   ESMF_LOGKIND_Multi_On_Error  !!!
20230322 030620.337 INFO             PET2 !!!!!!!!!!!!!!!!!!!!!!!!!!!!!!!!!!!!!!!!!!!!!!!!!!!!!!
20230322 030620.337 INFO             PET2 Running with ESMF Version   : v8.5.0b18-5-ge74a33b91d
20230322 030620.337 INFO             PET2 ESMF library build date/time: "Mar 22 2023" "02:24:32"
20230322 030620.337 INFO             PET2 ESMF library build location : /glade/gust/scratch/theurich/ESMF-Nightly-Testing/nvhpc_23.1_mpi_g_develop/esmf
20230322 030620.337 INFO             PET2 ESMF_COMM                   : mpi
20230322 030620.338 INFO             PET2 ESMF_MOAB                   : enabled
20230322 030620.338 INFO             PET2 ESMF_LAPACK                 : enabled
20230322 030620.338 INFO             PET2 ESMF_NETCDF                 : enabled
20230322 030620.338 INFO             PET2 ESMF_PNETCDF                : disabled
20230322 030620.338 INFO             PET2 ESMF_PIO                    : enabled
20230322 030620.338 INFO             PET2 ESMF_YAMLCPP                : enabled
20230322 030620.339 INFO             PET2 esmApp STARTING
20230322 030620.343 INFO             PET2 esm: InitializeGeneric intro.
20230322 030620.344 INFO             PET2   esm: InitializeP0 intro.
20230322 030620.344 INFO             PET2   esm: InitializeP0 extro.
20230322 030620.344 INFO             PET2   esm: InitializeIPDv02p1 intro.
20230322 030620.344 INFO             PET2     >>>esm: entered Initialize (phase=<none>) without valid internal Clock.
20230322 030620.344 INFO             PET2     esm - Creating model component ATM without petList.
20230322 030620.346 INFO             PET2     esm - Creating model component OCN without petList.
20230322 030620.349 INFO             PET2     esm - Creating connector component ATM-TO-OCN without petList.
20230322 030620.354 INFO             PET2     esm - Creating connector component OCN-TO-ATM without petList.
20230322 030620.359 INFO             PET2     esm - Creating state: modelComp 1 Import State
20230322 030620.359 INFO             PET2     esm - Creating state: modelComp 1 Export State
20230322 030620.359 INFO             PET2     esm - Creating state: modelComp 2 Import State
20230322 030620.359 INFO             PET2     esm - Creating state: modelComp 2 Export State
20230322 030620.360 INFO             PET2     ATM: InitializeP0 intro.
20230322 030620.360 INFO             PET2       >>>ATM: entered Initialize (phase=<none>) without valid internal Clock.
20230322 030620.361 INFO             PET2       <<<ATM: leaving Initialize (phase=<none>) without valid internal Clock.
20230322 030620.361 INFO             PET2     ATM: InitializeP0 extro.
20230322 030620.361 INFO             PET2     OCN: InitializeP0 intro.
20230322 030620.362 INFO             PET2       >>>OCN: entered Initialize (phase=<none>) without valid internal Clock.
20230322 030620.363 INFO             PET2       <<<OCN: leaving Initialize (phase=<none>) without valid internal Clock.
20230322 030620.363 INFO             PET2     OCN: InitializeP0 extro.
20230322 030620.365 INFO             PET2     ATM-TO-OCN: InitializeP0 intro.
20230322 030620.366 INFO             PET2     ATM-TO-OCN: InitializeP0 extro.
20230322 030620.366 INFO             PET2     OCN-TO-ATM: InitializeP0 intro.
20230322 030620.367 INFO             PET2     OCN-TO-ATM: InitializeP0 extro.
20230322 030620.368 INFO             PET2     esm: IInitAdvertise intro.
20230322 030620.368 INFO             PET2     esm: IInitAdvertise extro.
20230322 030620.368 INFO             PET2     ATM: InitializeIPDvXp01 intro.
20230322 030620.368 INFO             PET2       >>>ATM: entered Initialize (phase=IPDvXp01) without valid internal Clock.
20230322 030620.371 INFO             PET2       <<<ATM: leaving Initialize (phase=IPDvXp01) without valid internal Clock.
20230322 030620.371 INFO             PET2     ATM: InitializeIPDvXp01 extro.
20230322 030620.371 INFO             PET2     OCN: InitializeIPDvXp01 intro.
20230322 030620.371 INFO             PET2       >>>OCN: entered Initialize (phase=IPDvXp01) without valid internal Clock.
20230322 030620.373 INFO             PET2       <<<OCN: leaving Initialize (phase=IPDvXp01) without valid internal Clock.
20230322 030620.373 INFO             PET2     OCN: InitializeIPDvXp01 extro.
20230322 030620.374 INFO             PET2     ATM-TO-OCN: InitializeIPDv05p1 intro.
20230322 030620.378 INFO             PET2       ATM-TO-OCN: importState FieldTransferPolicy = transferNone
20230322 030620.378 INFO             PET2       ATM-TO-OCN: exportState FieldTransferPolicy = transferNone
20230322 030620.378 INFO             PET2     ATM-TO-OCN: InitializeIPDv05p1 extro.
20230322 030620.378 INFO             PET2     OCN-TO-ATM: InitializeIPDv05p1 intro.
20230322 030620.381 INFO             PET2       OCN-TO-ATM: importState FieldTransferPolicy = transferNone
20230322 030620.381 INFO             PET2       OCN-TO-ATM: exportState FieldTransferPolicy = transferNone
20230322 030620.381 INFO             PET2     OCN-TO-ATM: InitializeIPDv05p1 extro.
20230322 030620.381 INFO             PET2     esm: IInitAdvertiseFinish intro.
20230322 030620.381 INFO             PET2     esm: IInitAdvertiseFinish extro.
20230322 030620.382 INFO             PET2     ATM-TO-OCN: InitializeIPDv05p2a intro.
20230322 030620.384 INFO             PET2       ATM-TO-OCN:      importStandardNameList(i=  1): air_pressure_at_sea_level
20230322 030620.384 INFO             PET2       ATM-TO-OCN:         importNamespaceList(i=  1): ATM
20230322 030620.384 INFO             PET2       ATM-TO-OCN:            importCplSetList(i=  1): __UNSPECIFIED__
20230322 030620.385 INFO             PET2       ATM-TO-OCN:      exportStandardNameList(j=  1): air_pressure_at_sea_level
20230322 030620.385 INFO             PET2       ATM-TO-OCN:         exportNamespaceList(j=  1): OCN
20230322 030620.385 INFO             PET2       ATM-TO-OCN:            exportCplSetList(j=  1): __UNSPECIFIED__
20230322 030620.385 INFO             PET2       ATM-TO-OCN: bondLevel= 1
20230322 030620.385 INFO             PET2       ATM-TO-OCN: ProducerConnection (bondLevelMax):         1
20230322 030620.385 INFO             PET2       ATM-TO-OCN:      importStandardNameList(i=  2): surface_net_downward_shortwave_flux
20230322 030620.385 INFO             PET2       ATM-TO-OCN:         importNamespaceList(i=  2): ATM
20230322 030620.385 INFO             PET2       ATM-TO-OCN:            importCplSetList(i=  2): __UNSPECIFIED__
20230322 030620.385 INFO             PET2       ATM-TO-OCN:      exportStandardNameList(j=  2): surface_net_downward_shortwave_flux
20230322 030620.385 INFO             PET2       ATM-TO-OCN:         exportNamespaceList(j=  2): OCN
20230322 030620.385 INFO             PET2       ATM-TO-OCN:            exportCplSetList(j=  2): __UNSPECIFIED__
20230322 030620.385 INFO             PET2       ATM-TO-OCN: bondLevel= 1
20230322 030620.385 INFO             PET2       ATM-TO-OCN: ProducerConnection (bondLevelMax):         1
20230322 030620.385 INFO             PET2     ATM-TO-OCN: InitializeIPDv05p2a extro.
20230322 030620.385 INFO             PET2     OCN-TO-ATM: InitializeIPDv05p2a intro.
20230322 030620.399 INFO             PET2       OCN-TO-ATM:      importStandardNameList(i=  1): sea_surface_temperature
20230322 030620.399 INFO             PET2       OCN-TO-ATM:         importNamespaceList(i=  1): OCN
20230322 030620.399 INFO             PET2       OCN-TO-ATM:            importCplSetList(i=  1): __UNSPECIFIED__
20230322 030620.399 INFO             PET2       OCN-TO-ATM:      exportStandardNameList(j=  1): sea_surface_temperature
20230322 030620.399 INFO             PET2       OCN-TO-ATM:         exportNamespaceList(j=  1): ATM
20230322 030620.399 INFO             PET2       OCN-TO-ATM:            exportCplSetList(j=  1): __UNSPECIFIED__
20230322 030620.399 INFO             PET2       OCN-TO-ATM: bondLevel= 1
20230322 030620.399 INFO             PET2       OCN-TO-ATM: ProducerConnection (bondLevelMax):         1
20230322 030620.399 INFO             PET2     OCN-TO-ATM: InitializeIPDv05p2a extro.
20230322 030620.399 INFO             PET2     ATM-TO-OCN: InitializeIPDv05p2b intro.
20230322 030620.402 INFO             PET2       ATM-TO-OCN:      importStandardNameList(i=  1): air_pressure_at_sea_level
20230322 030620.402 INFO             PET2       ATM-TO-OCN:         importNamespaceList(i=  1): ATM
20230322 030620.402 INFO             PET2       ATM-TO-OCN:            importCplSetList(i=  1): __UNSPECIFIED__
20230322 030620.402 INFO             PET2       ATM-TO-OCN:      exportStandardNameList(j=  1): air_pressure_at_sea_level
20230322 030620.402 INFO             PET2       ATM-TO-OCN:         exportNamespaceList(j=  1): OCN
20230322 030620.402 INFO             PET2       ATM-TO-OCN:            exportCplSetList(j=  1): __UNSPECIFIED__
20230322 030620.402 INFO             PET2       ATM-TO-OCN: bondLevel= 1
20230322 030620.402 INFO             PET2       ATM-TO-OCN: => added cplList(  1)=air_pressure_at_sea_level, cplSetList(  1)=__UNSPECIFIED__
20230322 030620.402 INFO             PET2       ATM-TO-OCN:      importStandardNameList(i=  2): surface_net_downward_shortwave_flux
20230322 030620.402 INFO             PET2       ATM-TO-OCN:         importNamespaceList(i=  2): ATM
20230322 030620.402 INFO             PET2       ATM-TO-OCN:            importCplSetList(i=  2): __UNSPECIFIED__
20230322 030620.402 INFO             PET2       ATM-TO-OCN:      exportStandardNameList(j=  2): surface_net_downward_shortwave_flux
20230322 030620.402 INFO             PET2       ATM-TO-OCN:         exportNamespaceList(j=  2): OCN
20230322 030620.402 INFO             PET2       ATM-TO-OCN:            exportCplSetList(j=  2): __UNSPECIFIED__
20230322 030620.402 INFO             PET2       ATM-TO-OCN: bondLevel= 1
20230322 030620.402 INFO             PET2       ATM-TO-OCN: => added cplList(  2)=surface_net_downward_shortwave_flux, cplSetList(  2)=__UNSPECIFIED__
20230322 030620.402 INFO             PET2     ATM-TO-OCN: InitializeIPDv05p2b extro.
20230322 030620.402 INFO             PET2     OCN-TO-ATM: InitializeIPDv05p2b intro.
20230322 030620.405 INFO             PET2       OCN-TO-ATM:      importStandardNameList(i=  1): sea_surface_temperature
20230322 030620.405 INFO             PET2       OCN-TO-ATM:         importNamespaceList(i=  1): OCN
20230322 030620.405 INFO             PET2       OCN-TO-ATM:            importCplSetList(i=  1): __UNSPECIFIED__
20230322 030620.405 INFO             PET2       OCN-TO-ATM:      exportStandardNameList(j=  1): sea_surface_temperature
20230322 030620.405 INFO             PET2       OCN-TO-ATM:         exportNamespaceList(j=  1): ATM
20230322 030620.405 INFO             PET2       OCN-TO-ATM:            exportCplSetList(j=  1): __UNSPECIFIED__
20230322 030620.405 INFO             PET2       OCN-TO-ATM: bondLevel= 1
20230322 030620.405 INFO             PET2       OCN-TO-ATM: => added cplList(  1)=sea_surface_temperature, cplSetList(  1)=__UNSPECIFIED__
20230322 030620.405 INFO             PET2     OCN-TO-ATM: InitializeIPDv05p2b extro.
20230322 030620.405 INFO             PET2     esm: IInitModifyCplLists intro.
20230322 030620.405 INFO             PET2     esm: IInitModifyCplLists extro.
20230322 030620.405 INFO             PET2     ATM-TO-OCN: InitializeIPDv05p3 intro.
20230322 030620.408 INFO             PET2       ATM-TO-OCN: handle cplList(1): air_pressure_at_sea_level, cplSetList(1): __UNSPECIFIED__
20230322 030620.408 INFO             PET2       ATM-TO-OCN: - connected.
20230322 030620.408 INFO             PET2       ATM-TO-OCN: - both sides must provide the Field/GeomObject.
20230322 030620.408 INFO             PET2       ATM-TO-OCN: handle cplList(2): surface_net_downward_shortwave_flux, cplSetList(2): __UNSPECIFIED__
20230322 030620.409 INFO             PET2       ATM-TO-OCN: - connected.
20230322 030620.409 INFO             PET2       ATM-TO-OCN: - both sides must provide the Field/GeomObject.
20230322 030620.409 INFO             PET2     ATM-TO-OCN: InitializeIPDv05p3 extro.
20230322 030620.409 INFO             PET2     OCN-TO-ATM: InitializeIPDv05p3 intro.
20230322 030620.411 INFO             PET2       OCN-TO-ATM: handle cplList(1): sea_surface_temperature, cplSetList(1): __UNSPECIFIED__
20230322 030620.411 INFO             PET2       OCN-TO-ATM: - connected.
20230322 030620.411 INFO             PET2       OCN-TO-ATM: - both sides must provide the Field/GeomObject.
20230322 030620.411 INFO             PET2     OCN-TO-ATM: InitializeIPDv05p3 extro.
20230322 030620.411 INFO             PET2     <<<esm: leaving Initialize (phase=<none>) with current time: 2010  6  1  0  0  0   0
20230322 030620.411 INFO             PET2   esm: InitializeIPDv02p1 extro.
20230322 030620.412 INFO             PET2   esm: InitializeIPDv02p3 intro.
20230322 030620.412 INFO             PET2     >>>esm: entered Initialize (phase=<none>) with current time: 2010  6  1  0  0  0   0
20230322 030620.412 INFO             PET2     esm: IInitCheck intro.
20230322 030620.412 INFO             PET2     esm: IInitCheck extro.
20230322 030620.412 INFO             PET2     ATM: InitializeIPDvXp04 intro.
20230322 030620.412 INFO             PET2       >>>ATM: entered Initialize (phase=IPDvXp04) without valid internal Clock.
20230322 030620.415 INFO             PET2       <<<ATM: leaving Initialize (phase=IPDvXp04) without valid internal Clock.
20230322 030620.415 INFO             PET2     ATM: InitializeIPDvXp04 extro.
20230322 030620.415 INFO             PET2     OCN: InitializeIPDvXp04 intro.
20230322 030620.415 INFO             PET2       >>>OCN: entered Initialize (phase=IPDvXp04) without valid internal Clock.
20230322 030620.418 INFO             PET2       <<<OCN: leaving Initialize (phase=IPDvXp04) without valid internal Clock.
20230322 030620.418 INFO             PET2     OCN: InitializeIPDvXp04 extro.
20230322 030620.420 INFO             PET2     ATM-TO-OCN: InitializeIPDv05p4 intro.
20230322 030620.424 INFO             PET2       ATM-TO-OCN: handle cplList(1): air_pressure_at_sea_level, cplSetList(1): __UNSPECIFIED__
20230322 030620.424 INFO             PET2       ATM-TO-OCN: - nothing shared or transferred
20230322 030620.424 INFO             PET2       ATM-TO-OCN: handle cplList(2): surface_net_downward_shortwave_flux, cplSetList(2): __UNSPECIFIED__
20230322 030620.424 INFO             PET2       ATM-TO-OCN: - nothing shared or transferred
20230322 030620.424 INFO             PET2     ATM-TO-OCN: InitializeIPDv05p4 extro.
20230322 030620.424 INFO             PET2     OCN-TO-ATM: InitializeIPDv05p4 intro.
20230322 030620.427 INFO             PET2       OCN-TO-ATM: handle cplList(1): sea_surface_temperature, cplSetList(1): __UNSPECIFIED__
20230322 030620.427 INFO             PET2       OCN-TO-ATM: - nothing shared or transferred
20230322 030620.427 INFO             PET2     OCN-TO-ATM: InitializeIPDv05p4 extro.
20230322 030620.428 INFO             PET2     ATM-TO-OCN: InitializeIPDv05p5 intro.
20230322 030620.432 INFO             PET2       ATM-TO-OCN: handle cplList(1): air_pressure_at_sea_level, cplSetList(1): __UNSPECIFIED__
20230322 030620.432 INFO             PET2       ATM-TO-OCN: - nothing shared or transferred, or may already be handled
20230322 030620.432 INFO             PET2       ATM-TO-OCN: handle cplList(2): surface_net_downward_shortwave_flux, cplSetList(2): __UNSPECIFIED__
20230322 030620.432 INFO             PET2       ATM-TO-OCN: - nothing shared or transferred, or may already be handled
20230322 030620.432 INFO             PET2     ATM-TO-OCN: InitializeIPDv05p5 extro.
20230322 030620.432 INFO             PET2     OCN-TO-ATM: InitializeIPDv05p5 intro.
20230322 030620.435 INFO             PET2       OCN-TO-ATM: handle cplList(1): sea_surface_temperature, cplSetList(1): __UNSPECIFIED__
20230322 030620.435 INFO             PET2       OCN-TO-ATM: - nothing shared or transferred, or may already be handled
20230322 030620.435 INFO             PET2     OCN-TO-ATM: InitializeIPDv05p5 extro.
20230322 030620.435 INFO             PET2     esm: IInitRealize intro.
20230322 030620.435 INFO             PET2     esm: IInitRealize extro.
20230322 030620.436 INFO             PET2     ATM-TO-OCN: InitializeIPDv05p6a intro.
20230322 030620.439 INFO             PET2     ATM-TO-OCN: InitializeIPDv05p6a extro.
20230322 030620.440 INFO             PET2     OCN-TO-ATM: InitializeIPDv05p6a intro.
20230322 030620.442 INFO             PET2     OCN-TO-ATM: InitializeIPDv05p6a extro.
20230322 030620.442 INFO             PET2     ATM-TO-OCN: InitializeIPDv05p6b intro.
20230322 030620.443 INFO             PET2       ATM-TO-OCN: handle cplList(1): air_pressure_at_sea_level, cplSetList(1): __UNSPECIFIED__
20230322 030620.443 INFO             PET2       ATM-TO-OCN: - no Field sharing between import and export side: remap.
20230322 030620.337 INFO             PET3 !!!!!!!!!!!!!!!!!!!!!!!!!!!!!!!!!!!!!!!!!!!!!!!!!!!!!!
20230322 030620.338 INFO             PET3 !!! THE ESMF_LOG IS SET TO OUTPUT ALL LOG MESSAGES !!!
20230322 030620.338 INFO             PET3 !!!     THIS MAY CAUSE SLOWDOWN IN PERFORMANCE     !!!
20230322 030620.338 INFO             PET3 !!! FOR PRODUCTION RUNS, USE:                      !!!
20230322 030620.338 INFO             PET3 !!!                   ESMF_LOGKIND_Multi_On_Error  !!!
20230322 030620.338 INFO             PET3 !!!!!!!!!!!!!!!!!!!!!!!!!!!!!!!!!!!!!!!!!!!!!!!!!!!!!!
20230322 030620.338 INFO             PET3 Running with ESMF Version   : v8.5.0b18-5-ge74a33b91d
20230322 030620.338 INFO             PET3 ESMF library build date/time: "Mar 22 2023" "02:24:32"
20230322 030620.338 INFO             PET3 ESMF library build location : /glade/gust/scratch/theurich/ESMF-Nightly-Testing/nvhpc_23.1_mpi_g_develop/esmf
20230322 030620.338 INFO             PET3 ESMF_COMM                   : mpi
20230322 030620.338 INFO             PET3 ESMF_MOAB                   : enabled
20230322 030620.338 INFO             PET3 ESMF_LAPACK                 : enabled
20230322 030620.338 INFO             PET3 ESMF_NETCDF                 : enabled
20230322 030620.338 INFO             PET3 ESMF_PNETCDF                : disabled
20230322 030620.338 INFO             PET3 ESMF_PIO                    : enabled
20230322 030620.338 INFO             PET3 ESMF_YAMLCPP                : enabled
20230322 030620.339 INFO             PET3 esmApp STARTING
20230322 030620.343 INFO             PET3 esm: InitializeGeneric intro.
20230322 030620.344 INFO             PET3   esm: InitializeP0 intro.
20230322 030620.344 INFO             PET3   esm: InitializeP0 extro.
20230322 030620.344 INFO             PET3   esm: InitializeIPDv02p1 intro.
20230322 030620.344 INFO             PET3     >>>esm: entered Initialize (phase=<none>) without valid internal Clock.
20230322 030620.344 INFO             PET3     esm - Creating model component ATM without petList.
20230322 030620.346 INFO             PET3     esm - Creating model component OCN without petList.
20230322 030620.349 INFO             PET3     esm - Creating connector component ATM-TO-OCN without petList.
20230322 030620.354 INFO             PET3     esm - Creating connector component OCN-TO-ATM without petList.
20230322 030620.359 INFO             PET3     esm - Creating state: modelComp 1 Import State
20230322 030620.359 INFO             PET3     esm - Creating state: modelComp 1 Export State
20230322 030620.359 INFO             PET3     esm - Creating state: modelComp 2 Import State
20230322 030620.359 INFO             PET3     esm - Creating state: modelComp 2 Export State
20230322 030620.360 INFO             PET3     ATM: InitializeP0 intro.
20230322 030620.360 INFO             PET3       >>>ATM: entered Initialize (phase=<none>) without valid internal Clock.
20230322 030620.361 INFO             PET3       <<<ATM: leaving Initialize (phase=<none>) without valid internal Clock.
20230322 030620.361 INFO             PET3     ATM: InitializeP0 extro.
20230322 030620.361 INFO             PET3     OCN: InitializeP0 intro.
20230322 030620.362 INFO             PET3       >>>OCN: entered Initialize (phase=<none>) without valid internal Clock.
20230322 030620.363 INFO             PET3       <<<OCN: leaving Initialize (phase=<none>) without valid internal Clock.
20230322 030620.363 INFO             PET3     OCN: InitializeP0 extro.
20230322 030620.365 INFO             PET3     ATM-TO-OCN: InitializeP0 intro.
20230322 030620.366 INFO             PET3     ATM-TO-OCN: InitializeP0 extro.
20230322 030620.366 INFO             PET3     OCN-TO-ATM: InitializeP0 intro.
20230322 030620.367 INFO             PET3     OCN-TO-ATM: InitializeP0 extro.
20230322 030620.368 INFO             PET3     esm: IInitAdvertise intro.
20230322 030620.368 INFO             PET3     esm: IInitAdvertise extro.
20230322 030620.368 INFO             PET3     ATM: InitializeIPDvXp01 intro.
20230322 030620.368 INFO             PET3       >>>ATM: entered Initialize (phase=IPDvXp01) without valid internal Clock.
20230322 030620.371 INFO             PET3       <<<ATM: leaving Initialize (phase=IPDvXp01) without valid internal Clock.
20230322 030620.371 INFO             PET3     ATM: InitializeIPDvXp01 extro.
20230322 030620.371 INFO             PET3     OCN: InitializeIPDvXp01 intro.
20230322 030620.371 INFO             PET3       >>>OCN: entered Initialize (phase=IPDvXp01) without valid internal Clock.
20230322 030620.373 INFO             PET3       <<<OCN: leaving Initialize (phase=IPDvXp01) without valid internal Clock.
20230322 030620.373 INFO             PET3     OCN: InitializeIPDvXp01 extro.
20230322 030620.374 INFO             PET3     ATM-TO-OCN: InitializeIPDv05p1 intro.
20230322 030620.378 INFO             PET3       ATM-TO-OCN: importState FieldTransferPolicy = transferNone
20230322 030620.378 INFO             PET3       ATM-TO-OCN: exportState FieldTransferPolicy = transferNone
20230322 030620.378 INFO             PET3     ATM-TO-OCN: InitializeIPDv05p1 extro.
20230322 030620.378 INFO             PET3     OCN-TO-ATM: InitializeIPDv05p1 intro.
20230322 030620.381 INFO             PET3       OCN-TO-ATM: importState FieldTransferPolicy = transferNone
20230322 030620.381 INFO             PET3       OCN-TO-ATM: exportState FieldTransferPolicy = transferNone
20230322 030620.381 INFO             PET3     OCN-TO-ATM: InitializeIPDv05p1 extro.
20230322 030620.381 INFO             PET3     esm: IInitAdvertiseFinish intro.
20230322 030620.381 INFO             PET3     esm: IInitAdvertiseFinish extro.
20230322 030620.382 INFO             PET3     ATM-TO-OCN: InitializeIPDv05p2a intro.
20230322 030620.384 INFO             PET3       ATM-TO-OCN:      importStandardNameList(i=  1): air_pressure_at_sea_level
20230322 030620.384 INFO             PET3       ATM-TO-OCN:         importNamespaceList(i=  1): ATM
20230322 030620.384 INFO             PET3       ATM-TO-OCN:            importCplSetList(i=  1): __UNSPECIFIED__
20230322 030620.385 INFO             PET3       ATM-TO-OCN:      exportStandardNameList(j=  1): air_pressure_at_sea_level
20230322 030620.385 INFO             PET3       ATM-TO-OCN:         exportNamespaceList(j=  1): OCN
20230322 030620.385 INFO             PET3       ATM-TO-OCN:            exportCplSetList(j=  1): __UNSPECIFIED__
20230322 030620.385 INFO             PET3       ATM-TO-OCN: bondLevel= 1
20230322 030620.385 INFO             PET3       ATM-TO-OCN: ProducerConnection (bondLevelMax):         1
20230322 030620.385 INFO             PET3       ATM-TO-OCN:      importStandardNameList(i=  2): surface_net_downward_shortwave_flux
20230322 030620.385 INFO             PET3       ATM-TO-OCN:         importNamespaceList(i=  2): ATM
20230322 030620.385 INFO             PET3       ATM-TO-OCN:            importCplSetList(i=  2): __UNSPECIFIED__
20230322 030620.385 INFO             PET3       ATM-TO-OCN:      exportStandardNameList(j=  2): surface_net_downward_shortwave_flux
20230322 030620.385 INFO             PET3       ATM-TO-OCN:         exportNamespaceList(j=  2): OCN
20230322 030620.386 INFO             PET3       ATM-TO-OCN:            exportCplSetList(j=  2): __UNSPECIFIED__
20230322 030620.386 INFO             PET3       ATM-TO-OCN: bondLevel= 1
20230322 030620.386 INFO             PET3       ATM-TO-OCN: ProducerConnection (bondLevelMax):         1
20230322 030620.386 INFO             PET3     ATM-TO-OCN: InitializeIPDv05p2a extro.
20230322 030620.386 INFO             PET3     OCN-TO-ATM: InitializeIPDv05p2a intro.
20230322 030620.399 INFO             PET3       OCN-TO-ATM:      importStandardNameList(i=  1): sea_surface_temperature
20230322 030620.399 INFO             PET3       OCN-TO-ATM:         importNamespaceList(i=  1): OCN
20230322 030620.399 INFO             PET3       OCN-TO-ATM:            importCplSetList(i=  1): __UNSPECIFIED__
20230322 030620.399 INFO             PET3       OCN-TO-ATM:      exportStandardNameList(j=  1): sea_surface_temperature
20230322 030620.399 INFO             PET3       OCN-TO-ATM:         exportNamespaceList(j=  1): ATM
20230322 030620.399 INFO             PET3       OCN-TO-ATM:            exportCplSetList(j=  1): __UNSPECIFIED__
20230322 030620.399 INFO             PET3       OCN-TO-ATM: bondLevel= 1
20230322 030620.399 INFO             PET3       OCN-TO-ATM: ProducerConnection (bondLevelMax):         1
20230322 030620.399 INFO             PET3     OCN-TO-ATM: InitializeIPDv05p2a extro.
20230322 030620.399 INFO             PET3     ATM-TO-OCN: InitializeIPDv05p2b intro.
20230322 030620.402 INFO             PET3       ATM-TO-OCN:      importStandardNameList(i=  1): air_pressure_at_sea_level
20230322 030620.402 INFO             PET3       ATM-TO-OCN:         importNamespaceList(i=  1): ATM
20230322 030620.402 INFO             PET3       ATM-TO-OCN:            importCplSetList(i=  1): __UNSPECIFIED__
20230322 030620.402 INFO             PET3       ATM-TO-OCN:      exportStandardNameList(j=  1): air_pressure_at_sea_level
20230322 030620.402 INFO             PET3       ATM-TO-OCN:         exportNamespaceList(j=  1): OCN
20230322 030620.402 INFO             PET3       ATM-TO-OCN:            exportCplSetList(j=  1): __UNSPECIFIED__
20230322 030620.402 INFO             PET3       ATM-TO-OCN: bondLevel= 1
20230322 030620.402 INFO             PET3       ATM-TO-OCN: => added cplList(  1)=air_pressure_at_sea_level, cplSetList(  1)=__UNSPECIFIED__
20230322 030620.402 INFO             PET3       ATM-TO-OCN:      importStandardNameList(i=  2): surface_net_downward_shortwave_flux
20230322 030620.402 INFO             PET3       ATM-TO-OCN:         importNamespaceList(i=  2): ATM
20230322 030620.402 INFO             PET3       ATM-TO-OCN:            importCplSetList(i=  2): __UNSPECIFIED__
20230322 030620.402 INFO             PET3       ATM-TO-OCN:      exportStandardNameList(j=  2): surface_net_downward_shortwave_flux
20230322 030620.402 INFO             PET3       ATM-TO-OCN:         exportNamespaceList(j=  2): OCN
20230322 030620.402 INFO             PET3       ATM-TO-OCN:            exportCplSetList(j=  2): __UNSPECIFIED__
20230322 030620.402 INFO             PET3       ATM-TO-OCN: bondLevel= 1
20230322 030620.402 INFO             PET3       ATM-TO-OCN: => added cplList(  2)=surface_net_downward_shortwave_flux, cplSetList(  2)=__UNSPECIFIED__
20230322 030620.402 INFO             PET3     ATM-TO-OCN: InitializeIPDv05p2b extro.
20230322 030620.402 INFO             PET3     OCN-TO-ATM: InitializeIPDv05p2b intro.
20230322 030620.405 INFO             PET3       OCN-TO-ATM:      importStandardNameList(i=  1): sea_surface_temperature
20230322 030620.405 INFO             PET3       OCN-TO-ATM:         importNamespaceList(i=  1): OCN
20230322 030620.405 INFO             PET3       OCN-TO-ATM:            importCplSetList(i=  1): __UNSPECIFIED__
20230322 030620.405 INFO             PET3       OCN-TO-ATM:      exportStandardNameList(j=  1): sea_surface_temperature
20230322 030620.405 INFO             PET3       OCN-TO-ATM:         exportNamespaceList(j=  1): ATM
20230322 030620.405 INFO             PET3       OCN-TO-ATM:            exportCplSetList(j=  1): __UNSPECIFIED__
20230322 030620.405 INFO             PET3       OCN-TO-ATM: bondLevel= 1
20230322 030620.405 INFO             PET3       OCN-TO-ATM: => added cplList(  1)=sea_surface_temperature, cplSetList(  1)=__UNSPECIFIED__
20230322 030620.405 INFO             PET3     OCN-TO-ATM: InitializeIPDv05p2b extro.
20230322 030620.405 INFO             PET3     esm: IInitModifyCplLists intro.
20230322 030620.405 INFO             PET3     esm: IInitModifyCplLists extro.
20230322 030620.405 INFO             PET3     ATM-TO-OCN: InitializeIPDv05p3 intro.
20230322 030620.408 INFO             PET3       ATM-TO-OCN: handle cplList(1): air_pressure_at_sea_level, cplSetList(1): __UNSPECIFIED__
20230322 030620.408 INFO             PET3       ATM-TO-OCN: - connected.
20230322 030620.408 INFO             PET3       ATM-TO-OCN: - both sides must provide the Field/GeomObject.
20230322 030620.408 INFO             PET3       ATM-TO-OCN: handle cplList(2): surface_net_downward_shortwave_flux, cplSetList(2): __UNSPECIFIED__
20230322 030620.409 INFO             PET3       ATM-TO-OCN: - connected.
20230322 030620.409 INFO             PET3       ATM-TO-OCN: - both sides must provide the Field/GeomObject.
20230322 030620.409 INFO             PET3     ATM-TO-OCN: InitializeIPDv05p3 extro.
20230322 030620.409 INFO             PET3     OCN-TO-ATM: InitializeIPDv05p3 intro.
20230322 030620.411 INFO             PET3       OCN-TO-ATM: handle cplList(1): sea_surface_temperature, cplSetList(1): __UNSPECIFIED__
20230322 030620.411 INFO             PET3       OCN-TO-ATM: - connected.
20230322 030620.411 INFO             PET3       OCN-TO-ATM: - both sides must provide the Field/GeomObject.
20230322 030620.411 INFO             PET3     OCN-TO-ATM: InitializeIPDv05p3 extro.
20230322 030620.411 INFO             PET3     <<<esm: leaving Initialize (phase=<none>) with current time: 2010  6  1  0  0  0   0
20230322 030620.412 INFO             PET3   esm: InitializeIPDv02p1 extro.
20230322 030620.412 INFO             PET3   esm: InitializeIPDv02p3 intro.
20230322 030620.412 INFO             PET3     >>>esm: entered Initialize (phase=<none>) with current time: 2010  6  1  0  0  0   0
20230322 030620.412 INFO             PET3     esm: IInitCheck intro.
20230322 030620.412 INFO             PET3     esm: IInitCheck extro.
20230322 030620.412 INFO             PET3     ATM: InitializeIPDvXp04 intro.
20230322 030620.412 INFO             PET3       >>>ATM: entered Initialize (phase=IPDvXp04) without valid internal Clock.
20230322 030620.415 INFO             PET3       <<<ATM: leaving Initialize (phase=IPDvXp04) without valid internal Clock.
20230322 030620.415 INFO             PET3     ATM: InitializeIPDvXp04 extro.
20230322 030620.415 INFO             PET3     OCN: InitializeIPDvXp04 intro.
20230322 030620.415 INFO             PET3       >>>OCN: entered Initialize (phase=IPDvXp04) without valid internal Clock.
20230322 030620.418 INFO             PET3       <<<OCN: leaving Initialize (phase=IPDvXp04) without valid internal Clock.
20230322 030620.418 INFO             PET3     OCN: InitializeIPDvXp04 extro.
20230322 030620.420 INFO             PET3     ATM-TO-OCN: InitializeIPDv05p4 intro.
20230322 030620.424 INFO             PET3       ATM-TO-OCN: handle cplList(1): air_pressure_at_sea_level, cplSetList(1): __UNSPECIFIED__
20230322 030620.424 INFO             PET3       ATM-TO-OCN: - nothing shared or transferred
20230322 030620.424 INFO             PET3       ATM-TO-OCN: handle cplList(2): surface_net_downward_shortwave_flux, cplSetList(2): __UNSPECIFIED__
20230322 030620.424 INFO             PET3       ATM-TO-OCN: - nothing shared or transferred
20230322 030620.424 INFO             PET3     ATM-TO-OCN: InitializeIPDv05p4 extro.
20230322 030620.424 INFO             PET3     OCN-TO-ATM: InitializeIPDv05p4 intro.
20230322 030620.427 INFO             PET3       OCN-TO-ATM: handle cplList(1): sea_surface_temperature, cplSetList(1): __UNSPECIFIED__
20230322 030620.427 INFO             PET3       OCN-TO-ATM: - nothing shared or transferred
20230322 030620.427 INFO             PET3     OCN-TO-ATM: InitializeIPDv05p4 extro.
20230322 030620.428 INFO             PET3     ATM-TO-OCN: InitializeIPDv05p5 intro.
20230322 030620.432 INFO             PET3       ATM-TO-OCN: handle cplList(1): air_pressure_at_sea_level, cplSetList(1): __UNSPECIFIED__
20230322 030620.432 INFO             PET3       ATM-TO-OCN: - nothing shared or transferred, or may already be handled
20230322 030620.432 INFO             PET3       ATM-TO-OCN: handle cplList(2): surface_net_downward_shortwave_flux, cplSetList(2): __UNSPECIFIED__
20230322 030620.432 INFO             PET3       ATM-TO-OCN: - nothing shared or transferred, or may already be handled
20230322 030620.432 INFO             PET3     ATM-TO-OCN: InitializeIPDv05p5 extro.
20230322 030620.432 INFO             PET3     OCN-TO-ATM: InitializeIPDv05p5 intro.
20230322 030620.435 INFO             PET3       OCN-TO-ATM: handle cplList(1): sea_surface_temperature, cplSetList(1): __UNSPECIFIED__
20230322 030620.435 INFO             PET3       OCN-TO-ATM: - nothing shared or transferred, or may already be handled
20230322 030620.435 INFO             PET3     OCN-TO-ATM: InitializeIPDv05p5 extro.
20230322 030620.435 INFO             PET3     esm: IInitRealize intro.
20230322 030620.435 INFO             PET3     esm: IInitRealize extro.
20230322 030620.436 INFO             PET3     ATM-TO-OCN: InitializeIPDv05p6a intro.
20230322 030620.439 INFO             PET3     ATM-TO-OCN: InitializeIPDv05p6a extro.
20230322 030620.440 INFO             PET3     OCN-TO-ATM: InitializeIPDv05p6a intro.
20230322 030620.442 INFO             PET3     OCN-TO-ATM: InitializeIPDv05p6a extro.
20230322 030620.442 INFO             PET3     ATM-TO-OCN: InitializeIPDv05p6b intro.
20230322 030620.443 INFO             PET3       ATM-TO-OCN: handle cplList(1): air_pressure_at_sea_level, cplSetList(1): __UNSPECIFIED__
20230322 030620.443 INFO             PET3       ATM-TO-OCN: - no Field sharing between import and export side: remap.
