2023-03-27 02:26:51
20230327 031154.144 INFO             PET0 !!!!!!!!!!!!!!!!!!!!!!!!!!!!!!!!!!!!!!!!!!!!!!!!!!!!!!
20230327 031154.144 INFO             PET0 !!! THE ESMF_LOG IS SET TO OUTPUT ALL LOG MESSAGES !!!
20230327 031154.144 INFO             PET0 !!!     THIS MAY CAUSE SLOWDOWN IN PERFORMANCE     !!!
20230327 031154.144 INFO             PET0 !!! FOR PRODUCTION RUNS, USE:                      !!!
20230327 031154.144 INFO             PET0 !!!                   ESMF_LOGKIND_Multi_On_Error  !!!
20230327 031154.144 INFO             PET0 !!!!!!!!!!!!!!!!!!!!!!!!!!!!!!!!!!!!!!!!!!!!!!!!!!!!!!
20230327 031154.144 INFO             PET0 Running with ESMF Version   : v8.5.0b18-5-ge74a33b91d
20230327 031154.144 INFO             PET0 ESMF library build date/time: "Mar 27 2023" "02:24:52"
20230327 031154.144 INFO             PET0 ESMF library build location : /glade/gust/scratch/theurich/ESMF-Nightly-Testing/nvhpc_23.1_mpi_g_develop/esmf
20230327 031154.144 INFO             PET0 ESMF_COMM                   : mpi
20230327 031154.145 INFO             PET0 ESMF_MOAB                   : enabled
20230327 031154.145 INFO             PET0 ESMF_LAPACK                 : enabled
20230327 031154.145 INFO             PET0 ESMF_NETCDF                 : enabled
20230327 031154.145 INFO             PET0 ESMF_PNETCDF                : disabled
20230327 031154.145 INFO             PET0 ESMF_PIO                    : enabled
20230327 031154.145 INFO             PET0 ESMF_YAMLCPP                : enabled
20230327 031154.146 INFO             PET0 mainApp STARTING
20230327 031154.151 INFO             PET0 advection diffusion driver: InitializeGeneric intro.
20230327 031154.151 INFO             PET0   advection diffusion driver: InitializeP0 intro.
20230327 031154.151 INFO             PET0   advection diffusion driver: InitializeP0 extro.
20230327 031154.151 INFO             PET0   advection diffusion driver: InitializeIPDv02p1 intro.
20230327 031154.151 INFO             PET0     >>>advection diffusion driver: entered Initialize (phase=<none>) without valid internal Clock.
20230327 031154.151 INFO             PET0     advection diffusion driver - Creating model component advectDiff_Parent without petList.
20230327 031154.154 INFO             PET0     advection diffusion driver - Creating model component advectDiff_Gen1Nestling0 with petList of size 2 :
20230327 031154.154 INFO             PET0           0      1
20230327 031154.156 INFO             PET0     advection diffusion driver - Creating model component advectDiff_Gen1Nestling1 with petList of size 2 :
20230327 031154.156 INFO             PET0           2      3
20230327 031154.159 INFO             PET0     advection diffusion driver - Creating model component advectDiff_Gen2Nestling0 without petList.
20230327 031154.161 INFO             PET0     advection diffusion driver - Creating state: modelComp 1 Import State
20230327 031154.161 INFO             PET0     advection diffusion driver - Creating state: modelComp 1 Export State
20230327 031154.162 INFO             PET0     advection diffusion driver - Creating state: modelComp 2 Import State
20230327 031154.162 INFO             PET0     advection diffusion driver - Creating state: modelComp 2 Export State
20230327 031154.162 INFO             PET0     advection diffusion driver - Creating state: modelComp 3 Import State
20230327 031154.162 INFO             PET0     advection diffusion driver - Creating state: modelComp 3 Export State
20230327 031154.162 INFO             PET0     advection diffusion driver - Creating state: modelComp 4 Import State
20230327 031154.162 INFO             PET0     advection diffusion driver - Creating state: modelComp 4 Export State
20230327 031154.164 INFO             PET0     advectDiff_Parent: InitializeP0 intro.
20230327 031154.165 INFO             PET0     advectDiff_Parent: InitializeP0 extro.
20230327 031154.165 INFO             PET0     advectDiff_Gen1Nestling0: InitializeP0 intro.
20230327 031154.166 INFO             PET0     advectDiff_Gen1Nestling0: InitializeP0 extro.
20230327 031154.166 INFO             PET0     advectDiff_Gen2Nestling0: InitializeP0 intro.
20230327 031154.167 INFO             PET0     advectDiff_Gen2Nestling0: InitializeP0 extro.
20230327 031154.170 INFO             PET0     advection diffusion driver - Creating connector component advectDiff_Parent-TO-advectDiff_Gen1Nestling0 without petList.
20230327 031154.176 INFO             PET0     advection diffusion driver - Setting Verbosity on created component to: high
20230327 031154.176 INFO             PET0     advection diffusion driver - Setting Profiling on created component to:          0
20230327 031154.176 INFO             PET0     advection diffusion driver - Creating connector component advectDiff_Parent-TO-advectDiff_Gen1Nestling1 without petList.
20230327 031154.181 INFO             PET0     advection diffusion driver - Setting Verbosity on created component to: high
20230327 031154.181 INFO             PET0     advection diffusion driver - Setting Profiling on created component to:          0
20230327 031154.181 INFO             PET0     advection diffusion driver - Creating connector component advectDiff_Gen1Nestling0-TO-advectDiff_Gen2Nestling0 without petList.
20230327 031154.187 INFO             PET0     advection diffusion driver - Setting Verbosity on created component to: high
20230327 031154.187 INFO             PET0     advection diffusion driver - Setting Profiling on created component to:          0
20230327 031154.189 INFO             PET0     advection diffusion driver: IInitAdvertise intro.
20230327 031154.189 INFO             PET0     advection diffusion driver: IInitAdvertise extro.
20230327 031154.189 INFO             PET0     advectDiff_Parent: InitializeIPDvXp01 intro.
20230327 031154.190 INFO             PET0     advectDiff_Parent: InitializeIPDvXp01 extro.
20230327 031154.190 INFO             PET0     advectDiff_Gen1Nestling0: InitializeIPDvXp01 intro.
20230327 031154.191 INFO             PET0     advectDiff_Gen1Nestling0: InitializeIPDvXp01 extro.
20230327 031154.192 INFO             PET0     advectDiff_Gen2Nestling0: InitializeIPDvXp01 intro.
20230327 031154.193 INFO             PET0     advectDiff_Gen2Nestling0: InitializeIPDvXp01 extro.
20230327 031154.195 INFO             PET0     advectDiff_Parent-TO-advectDiff_Gen1Nestling0: InitializeIPDv05p1 intro.
20230327 031154.199 INFO             PET0       advectDiff_Parent-TO-advectDiff_Gen1Nestling0: importState FieldTransferPolicy = transferNone
20230327 031154.199 INFO             PET0       advectDiff_Parent-TO-advectDiff_Gen1Nestling0: exportState FieldTransferPolicy = transferNone
20230327 031154.199 INFO             PET0     advectDiff_Parent-TO-advectDiff_Gen1Nestling0: InitializeIPDv05p1 extro.
20230327 031154.200 INFO             PET0     advectDiff_Parent-TO-advectDiff_Gen1Nestling1: InitializeIPDv05p1 intro.
20230327 031154.203 INFO             PET0       advectDiff_Parent-TO-advectDiff_Gen1Nestling1: importState FieldTransferPolicy = transferNone
20230327 031154.203 INFO             PET0       advectDiff_Parent-TO-advectDiff_Gen1Nestling1: exportState FieldTransferPolicy = transferNone
20230327 031154.203 INFO             PET0     advectDiff_Parent-TO-advectDiff_Gen1Nestling1: InitializeIPDv05p1 extro.
20230327 031154.203 INFO             PET0     advectDiff_Gen1Nestling0-TO-advectDiff_Gen2Nestling0: InitializeIPDv05p1 intro.
20230327 031154.206 INFO             PET0       advectDiff_Gen1Nestling0-TO-advectDiff_Gen2Nestling0: importState FieldTransferPolicy = transferNone
20230327 031154.206 INFO             PET0       advectDiff_Gen1Nestling0-TO-advectDiff_Gen2Nestling0: exportState FieldTransferPolicy = transferNone
20230327 031154.206 INFO             PET0     advectDiff_Gen1Nestling0-TO-advectDiff_Gen2Nestling0: InitializeIPDv05p1 extro.
20230327 031154.206 INFO             PET0     advection diffusion driver: IInitAdvertiseFinish intro.
20230327 031154.206 INFO             PET0     advection diffusion driver: IInitAdvertiseFinish extro.
20230327 031154.206 INFO             PET0     advectDiff_Parent-TO-advectDiff_Gen1Nestling0: InitializeIPDv05p2a intro.
20230327 031154.209 INFO             PET0       advectDiff_Parent-TO-advectDiff_Gen1Nestling0:      importStandardNameList(i=  1): density
20230327 031154.209 INFO             PET0       advectDiff_Parent-TO-advectDiff_Gen1Nestling0:         importNamespaceList(i=  1): advectDiff_Parent
20230327 031154.209 INFO             PET0       advectDiff_Parent-TO-advectDiff_Gen1Nestling0:            importCplSetList(i=  1): __UNSPECIFIED__
20230327 031154.209 INFO             PET0       advectDiff_Parent-TO-advectDiff_Gen1Nestling0:      exportStandardNameList(j=  1): density
20230327 031154.209 INFO             PET0       advectDiff_Parent-TO-advectDiff_Gen1Nestling0:         exportNamespaceList(j=  1): advectDiff_Gen1Nestling0
20230327 031154.209 INFO             PET0       advectDiff_Parent-TO-advectDiff_Gen1Nestling0:            exportCplSetList(j=  1): __UNSPECIFIED__
20230327 031154.209 INFO             PET0       advectDiff_Parent-TO-advectDiff_Gen1Nestling0: bondLevel= 1
20230327 031154.209 INFO             PET0       advectDiff_Parent-TO-advectDiff_Gen1Nestling0: ProducerConnection (bondLevelMax):         1
20230327 031154.209 INFO             PET0     advectDiff_Parent-TO-advectDiff_Gen1Nestling0: InitializeIPDv05p2a extro.
20230327 031154.210 INFO             PET0     advectDiff_Parent-TO-advectDiff_Gen1Nestling1: InitializeIPDv05p2a intro.
20230327 031154.213 INFO             PET0       advectDiff_Parent-TO-advectDiff_Gen1Nestling1:      importStandardNameList(i=  1): density
20230327 031154.213 INFO             PET0       advectDiff_Parent-TO-advectDiff_Gen1Nestling1:         importNamespaceList(i=  1): advectDiff_Parent
20230327 031154.213 INFO             PET0       advectDiff_Parent-TO-advectDiff_Gen1Nestling1:            importCplSetList(i=  1): __UNSPECIFIED__
20230327 031154.213 INFO             PET0       advectDiff_Parent-TO-advectDiff_Gen1Nestling1:      exportStandardNameList(j=  1): density
20230327 031154.213 INFO             PET0       advectDiff_Parent-TO-advectDiff_Gen1Nestling1:         exportNamespaceList(j=  1): advectDiff_Gen1Nestling1
20230327 031154.213 INFO             PET0       advectDiff_Parent-TO-advectDiff_Gen1Nestling1:            exportCplSetList(j=  1): __UNSPECIFIED__
20230327 031154.213 INFO             PET0       advectDiff_Parent-TO-advectDiff_Gen1Nestling1: bondLevel= 1
20230327 031154.213 INFO             PET0       advectDiff_Parent-TO-advectDiff_Gen1Nestling1: ProducerConnection (bondLevelMax):         1
20230327 031154.213 INFO             PET0     advectDiff_Parent-TO-advectDiff_Gen1Nestling1: InitializeIPDv05p2a extro.
20230327 031154.213 INFO             PET0     advectDiff_Gen1Nestling0-TO-advectDiff_Gen2Nestling0: InitializeIPDv05p2a intro.
20230327 031154.216 INFO             PET0       advectDiff_Gen1Nestling0-TO-advectDiff_Gen2Nestling0:      importStandardNameList(i=  1): density
20230327 031154.216 INFO             PET0       advectDiff_Gen1Nestling0-TO-advectDiff_Gen2Nestling0:         importNamespaceList(i=  1): advectDiff_Gen1Nestling0
20230327 031154.216 INFO             PET0       advectDiff_Gen1Nestling0-TO-advectDiff_Gen2Nestling0:            importCplSetList(i=  1): __UNSPECIFIED__
20230327 031154.216 INFO             PET0       advectDiff_Gen1Nestling0-TO-advectDiff_Gen2Nestling0:      exportStandardNameList(j=  1): density
20230327 031154.216 INFO             PET0       advectDiff_Gen1Nestling0-TO-advectDiff_Gen2Nestling0:         exportNamespaceList(j=  1): advectDiff_Gen2Nestling0
20230327 031154.216 INFO             PET0       advectDiff_Gen1Nestling0-TO-advectDiff_Gen2Nestling0:            exportCplSetList(j=  1): __UNSPECIFIED__
20230327 031154.216 INFO             PET0       advectDiff_Gen1Nestling0-TO-advectDiff_Gen2Nestling0: bondLevel= 1
20230327 031154.216 INFO             PET0       advectDiff_Gen1Nestling0-TO-advectDiff_Gen2Nestling0: ProducerConnection (bondLevelMax):         1
20230327 031154.216 INFO             PET0     advectDiff_Gen1Nestling0-TO-advectDiff_Gen2Nestling0: InitializeIPDv05p2a extro.
20230327 031154.216 INFO             PET0     advectDiff_Parent-TO-advectDiff_Gen1Nestling0: InitializeIPDv05p2b intro.
20230327 031154.219 INFO             PET0       advectDiff_Parent-TO-advectDiff_Gen1Nestling0:      importStandardNameList(i=  1): density
20230327 031154.219 INFO             PET0       advectDiff_Parent-TO-advectDiff_Gen1Nestling0:         importNamespaceList(i=  1): advectDiff_Parent
20230327 031154.219 INFO             PET0       advectDiff_Parent-TO-advectDiff_Gen1Nestling0:            importCplSetList(i=  1): __UNSPECIFIED__
20230327 031154.219 INFO             PET0       advectDiff_Parent-TO-advectDiff_Gen1Nestling0:      exportStandardNameList(j=  1): density
20230327 031154.219 INFO             PET0       advectDiff_Parent-TO-advectDiff_Gen1Nestling0:         exportNamespaceList(j=  1): advectDiff_Gen1Nestling0
20230327 031154.219 INFO             PET0       advectDiff_Parent-TO-advectDiff_Gen1Nestling0:            exportCplSetList(j=  1): __UNSPECIFIED__
20230327 031154.219 INFO             PET0       advectDiff_Parent-TO-advectDiff_Gen1Nestling0: bondLevel= 1
20230327 031154.219 INFO             PET0       advectDiff_Parent-TO-advectDiff_Gen1Nestling0: => added cplList(  1)=density, cplSetList(  1)=__UNSPECIFIED__
20230327 031154.219 INFO             PET0     advectDiff_Parent-TO-advectDiff_Gen1Nestling0: InitializeIPDv05p2b extro.
20230327 031154.219 INFO             PET0     advectDiff_Parent-TO-advectDiff_Gen1Nestling1: InitializeIPDv05p2b intro.
20230327 031154.222 INFO             PET0       advectDiff_Parent-TO-advectDiff_Gen1Nestling1:      importStandardNameList(i=  1): density
20230327 031154.222 INFO             PET0       advectDiff_Parent-TO-advectDiff_Gen1Nestling1:         importNamespaceList(i=  1): advectDiff_Parent
20230327 031154.222 INFO             PET0       advectDiff_Parent-TO-advectDiff_Gen1Nestling1:            importCplSetList(i=  1): __UNSPECIFIED__
20230327 031154.222 INFO             PET0       advectDiff_Parent-TO-advectDiff_Gen1Nestling1:      exportStandardNameList(j=  1): density
20230327 031154.222 INFO             PET0       advectDiff_Parent-TO-advectDiff_Gen1Nestling1:         exportNamespaceList(j=  1): advectDiff_Gen1Nestling1
20230327 031154.222 INFO             PET0       advectDiff_Parent-TO-advectDiff_Gen1Nestling1:            exportCplSetList(j=  1): __UNSPECIFIED__
20230327 031154.222 INFO             PET0       advectDiff_Parent-TO-advectDiff_Gen1Nestling1: bondLevel= 1
20230327 031154.222 INFO             PET0       advectDiff_Parent-TO-advectDiff_Gen1Nestling1: => added cplList(  1)=density, cplSetList(  1)=__UNSPECIFIED__
20230327 031154.222 INFO             PET0     advectDiff_Parent-TO-advectDiff_Gen1Nestling1: InitializeIPDv05p2b extro.
20230327 031154.222 INFO             PET0     advectDiff_Gen1Nestling0-TO-advectDiff_Gen2Nestling0: InitializeIPDv05p2b intro.
20230327 031154.225 INFO             PET0       advectDiff_Gen1Nestling0-TO-advectDiff_Gen2Nestling0:      importStandardNameList(i=  1): density
20230327 031154.225 INFO             PET0       advectDiff_Gen1Nestling0-TO-advectDiff_Gen2Nestling0:         importNamespaceList(i=  1): advectDiff_Gen1Nestling0
20230327 031154.226 INFO             PET0       advectDiff_Gen1Nestling0-TO-advectDiff_Gen2Nestling0:            importCplSetList(i=  1): __UNSPECIFIED__
20230327 031154.226 INFO             PET0       advectDiff_Gen1Nestling0-TO-advectDiff_Gen2Nestling0:      exportStandardNameList(j=  1): density
20230327 031154.226 INFO             PET0       advectDiff_Gen1Nestling0-TO-advectDiff_Gen2Nestling0:         exportNamespaceList(j=  1): advectDiff_Gen2Nestling0
20230327 031154.226 INFO             PET0       advectDiff_Gen1Nestling0-TO-advectDiff_Gen2Nestling0:            exportCplSetList(j=  1): __UNSPECIFIED__
20230327 031154.226 INFO             PET0       advectDiff_Gen1Nestling0-TO-advectDiff_Gen2Nestling0: bondLevel= 1
20230327 031154.226 INFO             PET0       advectDiff_Gen1Nestling0-TO-advectDiff_Gen2Nestling0: => added cplList(  1)=density, cplSetList(  1)=__UNSPECIFIED__
20230327 031154.226 INFO             PET0     advectDiff_Gen1Nestling0-TO-advectDiff_Gen2Nestling0: InitializeIPDv05p2b extro.
20230327 031154.226 INFO             PET0     advection diffusion driver: IInitModifyCplLists intro.
20230327 031154.226 INFO             PET0     advection diffusion driver: IInitModifyCplLists extro.
20230327 031154.226 INFO             PET0     advectDiff_Parent-TO-advectDiff_Gen1Nestling0: InitializeIPDv05p3 intro.
20230327 031154.229 INFO             PET0       advectDiff_Parent-TO-advectDiff_Gen1Nestling0: handle cplList(1): density, cplSetList(1): __UNSPECIFIED__
20230327 031154.229 INFO             PET0       advectDiff_Parent-TO-advectDiff_Gen1Nestling0: - connected.
20230327 031154.229 INFO             PET0       advectDiff_Parent-TO-advectDiff_Gen1Nestling0: - both sides must provide the Field/GeomObject.
20230327 031154.229 INFO             PET0     advectDiff_Parent-TO-advectDiff_Gen1Nestling0: InitializeIPDv05p3 extro.
20230327 031154.230 INFO             PET0     advectDiff_Parent-TO-advectDiff_Gen1Nestling1: InitializeIPDv05p3 intro.
20230327 031154.233 INFO             PET0       advectDiff_Parent-TO-advectDiff_Gen1Nestling1: handle cplList(1): density, cplSetList(1): __UNSPECIFIED__
20230327 031154.233 INFO             PET0       advectDiff_Parent-TO-advectDiff_Gen1Nestling1: - connected.
20230327 031154.233 INFO             PET0       advectDiff_Parent-TO-advectDiff_Gen1Nestling1: - both sides must provide the Field/GeomObject.
20230327 031154.233 INFO             PET0     advectDiff_Parent-TO-advectDiff_Gen1Nestling1: InitializeIPDv05p3 extro.
20230327 031154.233 INFO             PET0     advectDiff_Gen1Nestling0-TO-advectDiff_Gen2Nestling0: InitializeIPDv05p3 intro.
20230327 031154.236 INFO             PET0       advectDiff_Gen1Nestling0-TO-advectDiff_Gen2Nestling0: handle cplList(1): density, cplSetList(1): __UNSPECIFIED__
20230327 031154.236 INFO             PET0       advectDiff_Gen1Nestling0-TO-advectDiff_Gen2Nestling0: - connected.
20230327 031154.236 INFO             PET0       advectDiff_Gen1Nestling0-TO-advectDiff_Gen2Nestling0: - both sides must provide the Field/GeomObject.
20230327 031154.236 INFO             PET0     advectDiff_Gen1Nestling0-TO-advectDiff_Gen2Nestling0: InitializeIPDv05p3 extro.
20230327 031154.236 INFO             PET0     <<<advection diffusion driver: leaving Initialize (phase=<none>) with current time:    0  1  1  0  0  0   0
20230327 031154.236 INFO             PET0   advection diffusion driver: InitializeIPDv02p1 extro.
20230327 031154.236 INFO             PET0   advection diffusion driver: InitializeIPDv02p3 intro.
20230327 031154.236 INFO             PET0     >>>advection diffusion driver: entered Initialize (phase=<none>) with current time:    0  1  1  0  0  0   0
20230327 031154.236 INFO             PET0     advection diffusion driver: IInitCheck intro.
20230327 031154.237 INFO             PET0     advection diffusion driver: IInitCheck extro.
20230327 031154.237 INFO             PET0     advectDiff_Parent: InitializeIPDvXp04 intro.
20230327 031154.242 INFO             PET0     advectDiff_Parent: InitializeIPDvXp04 extro.
20230327 031154.242 INFO             PET0     advectDiff_Gen1Nestling0: InitializeIPDvXp04 intro.
20230327 031154.251 INFO             PET0     advectDiff_Gen1Nestling0: InitializeIPDvXp04 extro.
20230327 031154.251 INFO             PET0     advectDiff_Gen2Nestling0: InitializeIPDvXp04 intro.
20230327 031154.257 INFO             PET0     advectDiff_Gen2Nestling0: InitializeIPDvXp04 extro.
20230327 031154.260 INFO             PET0     advectDiff_Parent-TO-advectDiff_Gen1Nestling0: InitializeIPDv05p4 intro.
20230327 031154.264 INFO             PET0       advectDiff_Parent-TO-advectDiff_Gen1Nestling0: handle cplList(1): density, cplSetList(1): __UNSPECIFIED__
20230327 031154.264 INFO             PET0       advectDiff_Parent-TO-advectDiff_Gen1Nestling0: - nothing shared or transferred
20230327 031154.264 INFO             PET0     advectDiff_Parent-TO-advectDiff_Gen1Nestling0: InitializeIPDv05p4 extro.
20230327 031154.264 INFO             PET0     advectDiff_Parent-TO-advectDiff_Gen1Nestling1: InitializeIPDv05p4 intro.
20230327 031154.268 INFO             PET0       advectDiff_Parent-TO-advectDiff_Gen1Nestling1: handle cplList(1): density, cplSetList(1): __UNSPECIFIED__
20230327 031154.268 INFO             PET0       advectDiff_Parent-TO-advectDiff_Gen1Nestling1: - nothing shared or transferred
20230327 031154.268 INFO             PET0     advectDiff_Parent-TO-advectDiff_Gen1Nestling1: InitializeIPDv05p4 extro.
20230327 031154.268 INFO             PET0     advectDiff_Gen1Nestling0-TO-advectDiff_Gen2Nestling0: InitializeIPDv05p4 intro.
20230327 031154.272 INFO             PET0       advectDiff_Gen1Nestling0-TO-advectDiff_Gen2Nestling0: handle cplList(1): density, cplSetList(1): __UNSPECIFIED__
20230327 031154.272 INFO             PET0       advectDiff_Gen1Nestling0-TO-advectDiff_Gen2Nestling0: - nothing shared or transferred
20230327 031154.272 INFO             PET0     advectDiff_Gen1Nestling0-TO-advectDiff_Gen2Nestling0: InitializeIPDv05p4 extro.
20230327 031154.272 INFO             PET0     advectDiff_Parent-TO-advectDiff_Gen1Nestling0: InitializeIPDv05p5 intro.
20230327 031154.276 INFO             PET0       advectDiff_Parent-TO-advectDiff_Gen1Nestling0: handle cplList(1): density, cplSetList(1): __UNSPECIFIED__
20230327 031154.277 INFO             PET0       advectDiff_Parent-TO-advectDiff_Gen1Nestling0: - nothing shared or transferred, or may already be handled
20230327 031154.277 INFO             PET0     advectDiff_Parent-TO-advectDiff_Gen1Nestling0: InitializeIPDv05p5 extro.
20230327 031154.277 INFO             PET0     advectDiff_Parent-TO-advectDiff_Gen1Nestling1: InitializeIPDv05p5 intro.
20230327 031154.281 INFO             PET0       advectDiff_Parent-TO-advectDiff_Gen1Nestling1: handle cplList(1): density, cplSetList(1): __UNSPECIFIED__
20230327 031154.281 INFO             PET0       advectDiff_Parent-TO-advectDiff_Gen1Nestling1: - nothing shared or transferred, or may already be handled
20230327 031154.281 INFO             PET0     advectDiff_Parent-TO-advectDiff_Gen1Nestling1: InitializeIPDv05p5 extro.
20230327 031154.281 INFO             PET0     advectDiff_Gen1Nestling0-TO-advectDiff_Gen2Nestling0: InitializeIPDv05p5 intro.
20230327 031154.285 INFO             PET0       advectDiff_Gen1Nestling0-TO-advectDiff_Gen2Nestling0: handle cplList(1): density, cplSetList(1): __UNSPECIFIED__
20230327 031154.285 INFO             PET0       advectDiff_Gen1Nestling0-TO-advectDiff_Gen2Nestling0: - nothing shared or transferred, or may already be handled
20230327 031154.285 INFO             PET0     advectDiff_Gen1Nestling0-TO-advectDiff_Gen2Nestling0: InitializeIPDv05p5 extro.
20230327 031154.285 INFO             PET0     advection diffusion driver: IInitRealize intro.
20230327 031154.285 INFO             PET0     advection diffusion driver: IInitRealize extro.
20230327 031154.285 INFO             PET0     advectDiff_Parent-TO-advectDiff_Gen1Nestling0: InitializeIPDv05p6a intro.
20230327 031154.289 INFO             PET0     advectDiff_Parent-TO-advectDiff_Gen1Nestling0: InitializeIPDv05p6a extro.
20230327 031154.289 INFO             PET0     advectDiff_Parent-TO-advectDiff_Gen1Nestling1: InitializeIPDv05p6a intro.
20230327 031154.292 INFO             PET0     advectDiff_Parent-TO-advectDiff_Gen1Nestling1: InitializeIPDv05p6a extro.
20230327 031154.292 INFO             PET0     advectDiff_Gen1Nestling0-TO-advectDiff_Gen2Nestling0: InitializeIPDv05p6a intro.
20230327 031154.296 INFO             PET0     advectDiff_Gen1Nestling0-TO-advectDiff_Gen2Nestling0: InitializeIPDv05p6a extro.
20230327 031154.296 INFO             PET0     advectDiff_Parent-TO-advectDiff_Gen1Nestling0: InitializeIPDv05p6b intro.
20230327 031154.297 INFO             PET0       advectDiff_Parent-TO-advectDiff_Gen1Nestling0: handle cplList(1): density, cplSetList(1): __UNSPECIFIED__
20230327 031154.145 INFO             PET1 !!!!!!!!!!!!!!!!!!!!!!!!!!!!!!!!!!!!!!!!!!!!!!!!!!!!!!
20230327 031154.145 INFO             PET1 !!! THE ESMF_LOG IS SET TO OUTPUT ALL LOG MESSAGES !!!
20230327 031154.145 INFO             PET1 !!!     THIS MAY CAUSE SLOWDOWN IN PERFORMANCE     !!!
20230327 031154.145 INFO             PET1 !!! FOR PRODUCTION RUNS, USE:                      !!!
20230327 031154.145 INFO             PET1 !!!                   ESMF_LOGKIND_Multi_On_Error  !!!
20230327 031154.145 INFO             PET1 !!!!!!!!!!!!!!!!!!!!!!!!!!!!!!!!!!!!!!!!!!!!!!!!!!!!!!
20230327 031154.145 INFO             PET1 Running with ESMF Version   : v8.5.0b18-5-ge74a33b91d
20230327 031154.145 INFO             PET1 ESMF library build date/time: "Mar 27 2023" "02:24:52"
20230327 031154.145 INFO             PET1 ESMF library build location : /glade/gust/scratch/theurich/ESMF-Nightly-Testing/nvhpc_23.1_mpi_g_develop/esmf
20230327 031154.145 INFO             PET1 ESMF_COMM                   : mpi
20230327 031154.146 INFO             PET1 ESMF_MOAB                   : enabled
20230327 031154.146 INFO             PET1 ESMF_LAPACK                 : enabled
20230327 031154.146 INFO             PET1 ESMF_NETCDF                 : enabled
20230327 031154.146 INFO             PET1 ESMF_PNETCDF                : disabled
20230327 031154.146 INFO             PET1 ESMF_PIO                    : enabled
20230327 031154.146 INFO             PET1 ESMF_YAMLCPP                : enabled
20230327 031154.146 INFO             PET1 mainApp STARTING
20230327 031154.151 INFO             PET1 advection diffusion driver: InitializeGeneric intro.
20230327 031154.151 INFO             PET1   advection diffusion driver: InitializeP0 intro.
20230327 031154.151 INFO             PET1   advection diffusion driver: InitializeP0 extro.
20230327 031154.151 INFO             PET1   advection diffusion driver: InitializeIPDv02p1 intro.
20230327 031154.151 INFO             PET1     >>>advection diffusion driver: entered Initialize (phase=<none>) without valid internal Clock.
20230327 031154.151 INFO             PET1     advection diffusion driver - Creating model component advectDiff_Parent without petList.
20230327 031154.154 INFO             PET1     advection diffusion driver - Creating model component advectDiff_Gen1Nestling0 with petList of size 2 :
20230327 031154.154 INFO             PET1           0      1
20230327 031154.156 INFO             PET1     advection diffusion driver - Creating model component advectDiff_Gen1Nestling1 with petList of size 2 :
20230327 031154.156 INFO             PET1           2      3
20230327 031154.159 INFO             PET1     advection diffusion driver - Creating model component advectDiff_Gen2Nestling0 without petList.
20230327 031154.161 INFO             PET1     advection diffusion driver - Creating state: modelComp 1 Import State
20230327 031154.161 INFO             PET1     advection diffusion driver - Creating state: modelComp 1 Export State
20230327 031154.162 INFO             PET1     advection diffusion driver - Creating state: modelComp 2 Import State
20230327 031154.162 INFO             PET1     advection diffusion driver - Creating state: modelComp 2 Export State
20230327 031154.162 INFO             PET1     advection diffusion driver - Creating state: modelComp 3 Import State
20230327 031154.162 INFO             PET1     advection diffusion driver - Creating state: modelComp 3 Export State
20230327 031154.162 INFO             PET1     advection diffusion driver - Creating state: modelComp 4 Import State
20230327 031154.162 INFO             PET1     advection diffusion driver - Creating state: modelComp 4 Export State
20230327 031154.164 INFO             PET1     advectDiff_Parent: InitializeP0 intro.
20230327 031154.165 INFO             PET1     advectDiff_Parent: InitializeP0 extro.
20230327 031154.165 INFO             PET1     advectDiff_Gen1Nestling0: InitializeP0 intro.
20230327 031154.166 INFO             PET1     advectDiff_Gen1Nestling0: InitializeP0 extro.
20230327 031154.166 INFO             PET1     advectDiff_Gen2Nestling0: InitializeP0 intro.
20230327 031154.167 INFO             PET1     advectDiff_Gen2Nestling0: InitializeP0 extro.
20230327 031154.170 INFO             PET1     advection diffusion driver - Creating connector component advectDiff_Parent-TO-advectDiff_Gen1Nestling0 without petList.
20230327 031154.176 INFO             PET1     advection diffusion driver - Setting Verbosity on created component to: high
20230327 031154.176 INFO             PET1     advection diffusion driver - Setting Profiling on created component to:          0
20230327 031154.176 INFO             PET1     advection diffusion driver - Creating connector component advectDiff_Parent-TO-advectDiff_Gen1Nestling1 without petList.
20230327 031154.181 INFO             PET1     advection diffusion driver - Setting Verbosity on created component to: high
20230327 031154.181 INFO             PET1     advection diffusion driver - Setting Profiling on created component to:          0
20230327 031154.181 INFO             PET1     advection diffusion driver - Creating connector component advectDiff_Gen1Nestling0-TO-advectDiff_Gen2Nestling0 without petList.
20230327 031154.187 INFO             PET1     advection diffusion driver - Setting Verbosity on created component to: high
20230327 031154.187 INFO             PET1     advection diffusion driver - Setting Profiling on created component to:          0
20230327 031154.189 INFO             PET1     advection diffusion driver: IInitAdvertise intro.
20230327 031154.189 INFO             PET1     advection diffusion driver: IInitAdvertise extro.
20230327 031154.189 INFO             PET1     advectDiff_Parent: InitializeIPDvXp01 intro.
20230327 031154.190 INFO             PET1     advectDiff_Parent: InitializeIPDvXp01 extro.
20230327 031154.190 INFO             PET1     advectDiff_Gen1Nestling0: InitializeIPDvXp01 intro.
20230327 031154.191 INFO             PET1     advectDiff_Gen1Nestling0: InitializeIPDvXp01 extro.
20230327 031154.191 INFO             PET1     advectDiff_Gen2Nestling0: InitializeIPDvXp01 intro.
20230327 031154.193 INFO             PET1     advectDiff_Gen2Nestling0: InitializeIPDvXp01 extro.
20230327 031154.196 INFO             PET1     advectDiff_Parent-TO-advectDiff_Gen1Nestling0: InitializeIPDv05p1 intro.
20230327 031154.199 INFO             PET1       advectDiff_Parent-TO-advectDiff_Gen1Nestling0: importState FieldTransferPolicy = transferNone
20230327 031154.199 INFO             PET1       advectDiff_Parent-TO-advectDiff_Gen1Nestling0: exportState FieldTransferPolicy = transferNone
20230327 031154.199 INFO             PET1     advectDiff_Parent-TO-advectDiff_Gen1Nestling0: InitializeIPDv05p1 extro.
20230327 031154.200 INFO             PET1     advectDiff_Parent-TO-advectDiff_Gen1Nestling1: InitializeIPDv05p1 intro.
20230327 031154.203 INFO             PET1       advectDiff_Parent-TO-advectDiff_Gen1Nestling1: importState FieldTransferPolicy = transferNone
20230327 031154.203 INFO             PET1       advectDiff_Parent-TO-advectDiff_Gen1Nestling1: exportState FieldTransferPolicy = transferNone
20230327 031154.203 INFO             PET1     advectDiff_Parent-TO-advectDiff_Gen1Nestling1: InitializeIPDv05p1 extro.
20230327 031154.203 INFO             PET1     advectDiff_Gen1Nestling0-TO-advectDiff_Gen2Nestling0: InitializeIPDv05p1 intro.
20230327 031154.206 INFO             PET1       advectDiff_Gen1Nestling0-TO-advectDiff_Gen2Nestling0: importState FieldTransferPolicy = transferNone
20230327 031154.206 INFO             PET1       advectDiff_Gen1Nestling0-TO-advectDiff_Gen2Nestling0: exportState FieldTransferPolicy = transferNone
20230327 031154.206 INFO             PET1     advectDiff_Gen1Nestling0-TO-advectDiff_Gen2Nestling0: InitializeIPDv05p1 extro.
20230327 031154.206 INFO             PET1     advection diffusion driver: IInitAdvertiseFinish intro.
20230327 031154.206 INFO             PET1     advection diffusion driver: IInitAdvertiseFinish extro.
20230327 031154.206 INFO             PET1     advectDiff_Parent-TO-advectDiff_Gen1Nestling0: InitializeIPDv05p2a intro.
20230327 031154.209 INFO             PET1       advectDiff_Parent-TO-advectDiff_Gen1Nestling0:      importStandardNameList(i=  1): density
20230327 031154.209 INFO             PET1       advectDiff_Parent-TO-advectDiff_Gen1Nestling0:         importNamespaceList(i=  1): advectDiff_Parent
20230327 031154.209 INFO             PET1       advectDiff_Parent-TO-advectDiff_Gen1Nestling0:            importCplSetList(i=  1): __UNSPECIFIED__
20230327 031154.209 INFO             PET1       advectDiff_Parent-TO-advectDiff_Gen1Nestling0:      exportStandardNameList(j=  1): density
20230327 031154.209 INFO             PET1       advectDiff_Parent-TO-advectDiff_Gen1Nestling0:         exportNamespaceList(j=  1): advectDiff_Gen1Nestling0
20230327 031154.209 INFO             PET1       advectDiff_Parent-TO-advectDiff_Gen1Nestling0:            exportCplSetList(j=  1): __UNSPECIFIED__
20230327 031154.209 INFO             PET1       advectDiff_Parent-TO-advectDiff_Gen1Nestling0: bondLevel= 1
20230327 031154.209 INFO             PET1       advectDiff_Parent-TO-advectDiff_Gen1Nestling0: ProducerConnection (bondLevelMax):         1
20230327 031154.209 INFO             PET1     advectDiff_Parent-TO-advectDiff_Gen1Nestling0: InitializeIPDv05p2a extro.
20230327 031154.210 INFO             PET1     advectDiff_Parent-TO-advectDiff_Gen1Nestling1: InitializeIPDv05p2a intro.
20230327 031154.213 INFO             PET1       advectDiff_Parent-TO-advectDiff_Gen1Nestling1:      importStandardNameList(i=  1): density
20230327 031154.213 INFO             PET1       advectDiff_Parent-TO-advectDiff_Gen1Nestling1:         importNamespaceList(i=  1): advectDiff_Parent
20230327 031154.213 INFO             PET1       advectDiff_Parent-TO-advectDiff_Gen1Nestling1:            importCplSetList(i=  1): __UNSPECIFIED__
20230327 031154.213 INFO             PET1       advectDiff_Parent-TO-advectDiff_Gen1Nestling1:      exportStandardNameList(j=  1): density
20230327 031154.213 INFO             PET1       advectDiff_Parent-TO-advectDiff_Gen1Nestling1:         exportNamespaceList(j=  1): advectDiff_Gen1Nestling1
20230327 031154.213 INFO             PET1       advectDiff_Parent-TO-advectDiff_Gen1Nestling1:            exportCplSetList(j=  1): __UNSPECIFIED__
20230327 031154.213 INFO             PET1       advectDiff_Parent-TO-advectDiff_Gen1Nestling1: bondLevel= 1
20230327 031154.213 INFO             PET1       advectDiff_Parent-TO-advectDiff_Gen1Nestling1: ProducerConnection (bondLevelMax):         1
20230327 031154.213 INFO             PET1     advectDiff_Parent-TO-advectDiff_Gen1Nestling1: InitializeIPDv05p2a extro.
20230327 031154.213 INFO             PET1     advectDiff_Gen1Nestling0-TO-advectDiff_Gen2Nestling0: InitializeIPDv05p2a intro.
20230327 031154.216 INFO             PET1       advectDiff_Gen1Nestling0-TO-advectDiff_Gen2Nestling0:      importStandardNameList(i=  1): density
20230327 031154.216 INFO             PET1       advectDiff_Gen1Nestling0-TO-advectDiff_Gen2Nestling0:         importNamespaceList(i=  1): advectDiff_Gen1Nestling0
20230327 031154.216 INFO             PET1       advectDiff_Gen1Nestling0-TO-advectDiff_Gen2Nestling0:            importCplSetList(i=  1): __UNSPECIFIED__
20230327 031154.216 INFO             PET1       advectDiff_Gen1Nestling0-TO-advectDiff_Gen2Nestling0:      exportStandardNameList(j=  1): density
20230327 031154.216 INFO             PET1       advectDiff_Gen1Nestling0-TO-advectDiff_Gen2Nestling0:         exportNamespaceList(j=  1): advectDiff_Gen2Nestling0
20230327 031154.216 INFO             PET1       advectDiff_Gen1Nestling0-TO-advectDiff_Gen2Nestling0:            exportCplSetList(j=  1): __UNSPECIFIED__
20230327 031154.216 INFO             PET1       advectDiff_Gen1Nestling0-TO-advectDiff_Gen2Nestling0: bondLevel= 1
20230327 031154.216 INFO             PET1       advectDiff_Gen1Nestling0-TO-advectDiff_Gen2Nestling0: ProducerConnection (bondLevelMax):         1
20230327 031154.216 INFO             PET1     advectDiff_Gen1Nestling0-TO-advectDiff_Gen2Nestling0: InitializeIPDv05p2a extro.
20230327 031154.216 INFO             PET1     advectDiff_Parent-TO-advectDiff_Gen1Nestling0: InitializeIPDv05p2b intro.
20230327 031154.219 INFO             PET1       advectDiff_Parent-TO-advectDiff_Gen1Nestling0:      importStandardNameList(i=  1): density
20230327 031154.219 INFO             PET1       advectDiff_Parent-TO-advectDiff_Gen1Nestling0:         importNamespaceList(i=  1): advectDiff_Parent
20230327 031154.219 INFO             PET1       advectDiff_Parent-TO-advectDiff_Gen1Nestling0:            importCplSetList(i=  1): __UNSPECIFIED__
20230327 031154.219 INFO             PET1       advectDiff_Parent-TO-advectDiff_Gen1Nestling0:      exportStandardNameList(j=  1): density
20230327 031154.219 INFO             PET1       advectDiff_Parent-TO-advectDiff_Gen1Nestling0:         exportNamespaceList(j=  1): advectDiff_Gen1Nestling0
20230327 031154.219 INFO             PET1       advectDiff_Parent-TO-advectDiff_Gen1Nestling0:            exportCplSetList(j=  1): __UNSPECIFIED__
20230327 031154.219 INFO             PET1       advectDiff_Parent-TO-advectDiff_Gen1Nestling0: bondLevel= 1
20230327 031154.219 INFO             PET1       advectDiff_Parent-TO-advectDiff_Gen1Nestling0: => added cplList(  1)=density, cplSetList(  1)=__UNSPECIFIED__
20230327 031154.219 INFO             PET1     advectDiff_Parent-TO-advectDiff_Gen1Nestling0: InitializeIPDv05p2b extro.
20230327 031154.219 INFO             PET1     advectDiff_Parent-TO-advectDiff_Gen1Nestling1: InitializeIPDv05p2b intro.
20230327 031154.222 INFO             PET1       advectDiff_Parent-TO-advectDiff_Gen1Nestling1:      importStandardNameList(i=  1): density
20230327 031154.222 INFO             PET1       advectDiff_Parent-TO-advectDiff_Gen1Nestling1:         importNamespaceList(i=  1): advectDiff_Parent
20230327 031154.222 INFO             PET1       advectDiff_Parent-TO-advectDiff_Gen1Nestling1:            importCplSetList(i=  1): __UNSPECIFIED__
20230327 031154.222 INFO             PET1       advectDiff_Parent-TO-advectDiff_Gen1Nestling1:      exportStandardNameList(j=  1): density
20230327 031154.222 INFO             PET1       advectDiff_Parent-TO-advectDiff_Gen1Nestling1:         exportNamespaceList(j=  1): advectDiff_Gen1Nestling1
20230327 031154.222 INFO             PET1       advectDiff_Parent-TO-advectDiff_Gen1Nestling1:            exportCplSetList(j=  1): __UNSPECIFIED__
20230327 031154.222 INFO             PET1       advectDiff_Parent-TO-advectDiff_Gen1Nestling1: bondLevel= 1
20230327 031154.222 INFO             PET1       advectDiff_Parent-TO-advectDiff_Gen1Nestling1: => added cplList(  1)=density, cplSetList(  1)=__UNSPECIFIED__
20230327 031154.222 INFO             PET1     advectDiff_Parent-TO-advectDiff_Gen1Nestling1: InitializeIPDv05p2b extro.
20230327 031154.222 INFO             PET1     advectDiff_Gen1Nestling0-TO-advectDiff_Gen2Nestling0: InitializeIPDv05p2b intro.
20230327 031154.225 INFO             PET1       advectDiff_Gen1Nestling0-TO-advectDiff_Gen2Nestling0:      importStandardNameList(i=  1): density
20230327 031154.225 INFO             PET1       advectDiff_Gen1Nestling0-TO-advectDiff_Gen2Nestling0:         importNamespaceList(i=  1): advectDiff_Gen1Nestling0
20230327 031154.226 INFO             PET1       advectDiff_Gen1Nestling0-TO-advectDiff_Gen2Nestling0:            importCplSetList(i=  1): __UNSPECIFIED__
20230327 031154.226 INFO             PET1       advectDiff_Gen1Nestling0-TO-advectDiff_Gen2Nestling0:      exportStandardNameList(j=  1): density
20230327 031154.226 INFO             PET1       advectDiff_Gen1Nestling0-TO-advectDiff_Gen2Nestling0:         exportNamespaceList(j=  1): advectDiff_Gen2Nestling0
20230327 031154.226 INFO             PET1       advectDiff_Gen1Nestling0-TO-advectDiff_Gen2Nestling0:            exportCplSetList(j=  1): __UNSPECIFIED__
20230327 031154.226 INFO             PET1       advectDiff_Gen1Nestling0-TO-advectDiff_Gen2Nestling0: bondLevel= 1
20230327 031154.226 INFO             PET1       advectDiff_Gen1Nestling0-TO-advectDiff_Gen2Nestling0: => added cplList(  1)=density, cplSetList(  1)=__UNSPECIFIED__
20230327 031154.226 INFO             PET1     advectDiff_Gen1Nestling0-TO-advectDiff_Gen2Nestling0: InitializeIPDv05p2b extro.
20230327 031154.226 INFO             PET1     advection diffusion driver: IInitModifyCplLists intro.
20230327 031154.226 INFO             PET1     advection diffusion driver: IInitModifyCplLists extro.
20230327 031154.226 INFO             PET1     advectDiff_Parent-TO-advectDiff_Gen1Nestling0: InitializeIPDv05p3 intro.
20230327 031154.229 INFO             PET1       advectDiff_Parent-TO-advectDiff_Gen1Nestling0: handle cplList(1): density, cplSetList(1): __UNSPECIFIED__
20230327 031154.229 INFO             PET1       advectDiff_Parent-TO-advectDiff_Gen1Nestling0: - connected.
20230327 031154.229 INFO             PET1       advectDiff_Parent-TO-advectDiff_Gen1Nestling0: - both sides must provide the Field/GeomObject.
20230327 031154.229 INFO             PET1     advectDiff_Parent-TO-advectDiff_Gen1Nestling0: InitializeIPDv05p3 extro.
20230327 031154.230 INFO             PET1     advectDiff_Parent-TO-advectDiff_Gen1Nestling1: InitializeIPDv05p3 intro.
20230327 031154.233 INFO             PET1       advectDiff_Parent-TO-advectDiff_Gen1Nestling1: handle cplList(1): density, cplSetList(1): __UNSPECIFIED__
20230327 031154.233 INFO             PET1       advectDiff_Parent-TO-advectDiff_Gen1Nestling1: - connected.
20230327 031154.233 INFO             PET1       advectDiff_Parent-TO-advectDiff_Gen1Nestling1: - both sides must provide the Field/GeomObject.
20230327 031154.233 INFO             PET1     advectDiff_Parent-TO-advectDiff_Gen1Nestling1: InitializeIPDv05p3 extro.
20230327 031154.233 INFO             PET1     advectDiff_Gen1Nestling0-TO-advectDiff_Gen2Nestling0: InitializeIPDv05p3 intro.
20230327 031154.236 INFO             PET1       advectDiff_Gen1Nestling0-TO-advectDiff_Gen2Nestling0: handle cplList(1): density, cplSetList(1): __UNSPECIFIED__
20230327 031154.236 INFO             PET1       advectDiff_Gen1Nestling0-TO-advectDiff_Gen2Nestling0: - connected.
20230327 031154.236 INFO             PET1       advectDiff_Gen1Nestling0-TO-advectDiff_Gen2Nestling0: - both sides must provide the Field/GeomObject.
20230327 031154.236 INFO             PET1     advectDiff_Gen1Nestling0-TO-advectDiff_Gen2Nestling0: InitializeIPDv05p3 extro.
20230327 031154.236 INFO             PET1     <<<advection diffusion driver: leaving Initialize (phase=<none>) with current time:    0  1  1  0  0  0   0
20230327 031154.236 INFO             PET1   advection diffusion driver: InitializeIPDv02p1 extro.
20230327 031154.236 INFO             PET1   advection diffusion driver: InitializeIPDv02p3 intro.
20230327 031154.236 INFO             PET1     >>>advection diffusion driver: entered Initialize (phase=<none>) with current time:    0  1  1  0  0  0   0
20230327 031154.236 INFO             PET1     advection diffusion driver: IInitCheck intro.
20230327 031154.237 INFO             PET1     advection diffusion driver: IInitCheck extro.
20230327 031154.237 INFO             PET1     advectDiff_Parent: InitializeIPDvXp04 intro.
20230327 031154.242 INFO             PET1     advectDiff_Parent: InitializeIPDvXp04 extro.
20230327 031154.242 INFO             PET1     advectDiff_Gen1Nestling0: InitializeIPDvXp04 intro.
20230327 031154.251 INFO             PET1     advectDiff_Gen1Nestling0: InitializeIPDvXp04 extro.
20230327 031154.251 INFO             PET1     advectDiff_Gen2Nestling0: InitializeIPDvXp04 intro.
20230327 031154.257 INFO             PET1     advectDiff_Gen2Nestling0: InitializeIPDvXp04 extro.
20230327 031154.260 INFO             PET1     advectDiff_Parent-TO-advectDiff_Gen1Nestling0: InitializeIPDv05p4 intro.
20230327 031154.264 INFO             PET1       advectDiff_Parent-TO-advectDiff_Gen1Nestling0: handle cplList(1): density, cplSetList(1): __UNSPECIFIED__
20230327 031154.264 INFO             PET1       advectDiff_Parent-TO-advectDiff_Gen1Nestling0: - nothing shared or transferred
20230327 031154.264 INFO             PET1     advectDiff_Parent-TO-advectDiff_Gen1Nestling0: InitializeIPDv05p4 extro.
20230327 031154.264 INFO             PET1     advectDiff_Parent-TO-advectDiff_Gen1Nestling1: InitializeIPDv05p4 intro.
20230327 031154.268 INFO             PET1       advectDiff_Parent-TO-advectDiff_Gen1Nestling1: handle cplList(1): density, cplSetList(1): __UNSPECIFIED__
20230327 031154.268 INFO             PET1       advectDiff_Parent-TO-advectDiff_Gen1Nestling1: - nothing shared or transferred
20230327 031154.268 INFO             PET1     advectDiff_Parent-TO-advectDiff_Gen1Nestling1: InitializeIPDv05p4 extro.
20230327 031154.268 INFO             PET1     advectDiff_Gen1Nestling0-TO-advectDiff_Gen2Nestling0: InitializeIPDv05p4 intro.
20230327 031154.272 INFO             PET1       advectDiff_Gen1Nestling0-TO-advectDiff_Gen2Nestling0: handle cplList(1): density, cplSetList(1): __UNSPECIFIED__
20230327 031154.272 INFO             PET1       advectDiff_Gen1Nestling0-TO-advectDiff_Gen2Nestling0: - nothing shared or transferred
20230327 031154.272 INFO             PET1     advectDiff_Gen1Nestling0-TO-advectDiff_Gen2Nestling0: InitializeIPDv05p4 extro.
20230327 031154.272 INFO             PET1     advectDiff_Parent-TO-advectDiff_Gen1Nestling0: InitializeIPDv05p5 intro.
20230327 031154.276 INFO             PET1       advectDiff_Parent-TO-advectDiff_Gen1Nestling0: handle cplList(1): density, cplSetList(1): __UNSPECIFIED__
20230327 031154.277 INFO             PET1       advectDiff_Parent-TO-advectDiff_Gen1Nestling0: - nothing shared or transferred, or may already be handled
20230327 031154.277 INFO             PET1     advectDiff_Parent-TO-advectDiff_Gen1Nestling0: InitializeIPDv05p5 extro.
20230327 031154.277 INFO             PET1     advectDiff_Parent-TO-advectDiff_Gen1Nestling1: InitializeIPDv05p5 intro.
20230327 031154.281 INFO             PET1       advectDiff_Parent-TO-advectDiff_Gen1Nestling1: handle cplList(1): density, cplSetList(1): __UNSPECIFIED__
20230327 031154.281 INFO             PET1       advectDiff_Parent-TO-advectDiff_Gen1Nestling1: - nothing shared or transferred, or may already be handled
20230327 031154.281 INFO             PET1     advectDiff_Parent-TO-advectDiff_Gen1Nestling1: InitializeIPDv05p5 extro.
20230327 031154.281 INFO             PET1     advectDiff_Gen1Nestling0-TO-advectDiff_Gen2Nestling0: InitializeIPDv05p5 intro.
20230327 031154.285 INFO             PET1       advectDiff_Gen1Nestling0-TO-advectDiff_Gen2Nestling0: handle cplList(1): density, cplSetList(1): __UNSPECIFIED__
20230327 031154.285 INFO             PET1       advectDiff_Gen1Nestling0-TO-advectDiff_Gen2Nestling0: - nothing shared or transferred, or may already be handled
20230327 031154.285 INFO             PET1     advectDiff_Gen1Nestling0-TO-advectDiff_Gen2Nestling0: InitializeIPDv05p5 extro.
20230327 031154.285 INFO             PET1     advection diffusion driver: IInitRealize intro.
20230327 031154.285 INFO             PET1     advection diffusion driver: IInitRealize extro.
20230327 031154.285 INFO             PET1     advectDiff_Parent-TO-advectDiff_Gen1Nestling0: InitializeIPDv05p6a intro.
20230327 031154.289 INFO             PET1     advectDiff_Parent-TO-advectDiff_Gen1Nestling0: InitializeIPDv05p6a extro.
20230327 031154.289 INFO             PET1     advectDiff_Parent-TO-advectDiff_Gen1Nestling1: InitializeIPDv05p6a intro.
20230327 031154.292 INFO             PET1     advectDiff_Parent-TO-advectDiff_Gen1Nestling1: InitializeIPDv05p6a extro.
20230327 031154.293 INFO             PET1     advectDiff_Gen1Nestling0-TO-advectDiff_Gen2Nestling0: InitializeIPDv05p6a intro.
20230327 031154.296 INFO             PET1     advectDiff_Gen1Nestling0-TO-advectDiff_Gen2Nestling0: InitializeIPDv05p6a extro.
20230327 031154.296 INFO             PET1     advectDiff_Parent-TO-advectDiff_Gen1Nestling0: InitializeIPDv05p6b intro.
20230327 031154.296 INFO             PET1       advectDiff_Parent-TO-advectDiff_Gen1Nestling0: handle cplList(1): density, cplSetList(1): __UNSPECIFIED__
20230327 031154.145 INFO             PET2 !!!!!!!!!!!!!!!!!!!!!!!!!!!!!!!!!!!!!!!!!!!!!!!!!!!!!!
20230327 031154.145 INFO             PET2 !!! THE ESMF_LOG IS SET TO OUTPUT ALL LOG MESSAGES !!!
20230327 031154.145 INFO             PET2 !!!     THIS MAY CAUSE SLOWDOWN IN PERFORMANCE     !!!
20230327 031154.145 INFO             PET2 !!! FOR PRODUCTION RUNS, USE:                      !!!
20230327 031154.145 INFO             PET2 !!!                   ESMF_LOGKIND_Multi_On_Error  !!!
20230327 031154.145 INFO             PET2 !!!!!!!!!!!!!!!!!!!!!!!!!!!!!!!!!!!!!!!!!!!!!!!!!!!!!!
20230327 031154.145 INFO             PET2 Running with ESMF Version   : v8.5.0b18-5-ge74a33b91d
20230327 031154.145 INFO             PET2 ESMF library build date/time: "Mar 27 2023" "02:24:52"
20230327 031154.145 INFO             PET2 ESMF library build location : /glade/gust/scratch/theurich/ESMF-Nightly-Testing/nvhpc_23.1_mpi_g_develop/esmf
20230327 031154.145 INFO             PET2 ESMF_COMM                   : mpi
20230327 031154.146 INFO             PET2 ESMF_MOAB                   : enabled
20230327 031154.146 INFO             PET2 ESMF_LAPACK                 : enabled
20230327 031154.146 INFO             PET2 ESMF_NETCDF                 : enabled
20230327 031154.146 INFO             PET2 ESMF_PNETCDF                : disabled
20230327 031154.146 INFO             PET2 ESMF_PIO                    : enabled
20230327 031154.146 INFO             PET2 ESMF_YAMLCPP                : enabled
20230327 031154.146 INFO             PET2 mainApp STARTING
20230327 031154.151 INFO             PET2 advection diffusion driver: InitializeGeneric intro.
20230327 031154.151 INFO             PET2   advection diffusion driver: InitializeP0 intro.
20230327 031154.151 INFO             PET2   advection diffusion driver: InitializeP0 extro.
20230327 031154.151 INFO             PET2   advection diffusion driver: InitializeIPDv02p1 intro.
20230327 031154.151 INFO             PET2     >>>advection diffusion driver: entered Initialize (phase=<none>) without valid internal Clock.
20230327 031154.151 INFO             PET2     advection diffusion driver - Creating model component advectDiff_Parent without petList.
20230327 031154.154 INFO             PET2     advection diffusion driver - Creating model component advectDiff_Gen1Nestling0 with petList of size 2 :
20230327 031154.154 INFO             PET2           0      1
20230327 031154.156 INFO             PET2     advection diffusion driver - Creating model component advectDiff_Gen1Nestling1 with petList of size 2 :
20230327 031154.156 INFO             PET2           2      3
20230327 031154.159 INFO             PET2     advection diffusion driver - Creating model component advectDiff_Gen2Nestling0 without petList.
20230327 031154.161 INFO             PET2     advection diffusion driver - Creating state: modelComp 1 Import State
20230327 031154.161 INFO             PET2     advection diffusion driver - Creating state: modelComp 1 Export State
20230327 031154.162 INFO             PET2     advection diffusion driver - Creating state: modelComp 2 Import State
20230327 031154.162 INFO             PET2     advection diffusion driver - Creating state: modelComp 2 Export State
20230327 031154.162 INFO             PET2     advection diffusion driver - Creating state: modelComp 3 Import State
20230327 031154.162 INFO             PET2     advection diffusion driver - Creating state: modelComp 3 Export State
20230327 031154.162 INFO             PET2     advection diffusion driver - Creating state: modelComp 4 Import State
20230327 031154.162 INFO             PET2     advection diffusion driver - Creating state: modelComp 4 Export State
20230327 031154.164 INFO             PET2     advectDiff_Parent: InitializeP0 intro.
20230327 031154.164 INFO             PET2     advectDiff_Parent: InitializeP0 extro.
20230327 031154.165 INFO             PET2     advectDiff_Gen1Nestling1: InitializeP0 intro.
20230327 031154.165 INFO             PET2     advectDiff_Gen1Nestling1: InitializeP0 extro.
20230327 031154.166 INFO             PET2     advectDiff_Gen2Nestling0: InitializeP0 intro.
20230327 031154.166 INFO             PET2     advectDiff_Gen2Nestling0: InitializeP0 extro.
20230327 031154.170 INFO             PET2     advection diffusion driver - Creating connector component advectDiff_Parent-TO-advectDiff_Gen1Nestling0 without petList.
20230327 031154.176 INFO             PET2     advection diffusion driver - Setting Verbosity on created component to: high
20230327 031154.176 INFO             PET2     advection diffusion driver - Setting Profiling on created component to:          0
20230327 031154.176 INFO             PET2     advection diffusion driver - Creating connector component advectDiff_Parent-TO-advectDiff_Gen1Nestling1 without petList.
20230327 031154.181 INFO             PET2     advection diffusion driver - Setting Verbosity on created component to: high
20230327 031154.181 INFO             PET2     advection diffusion driver - Setting Profiling on created component to:          0
20230327 031154.181 INFO             PET2     advection diffusion driver - Creating connector component advectDiff_Gen1Nestling0-TO-advectDiff_Gen2Nestling0 without petList.
20230327 031154.187 INFO             PET2     advection diffusion driver - Setting Verbosity on created component to: high
20230327 031154.187 INFO             PET2     advection diffusion driver - Setting Profiling on created component to:          0
20230327 031154.189 INFO             PET2     advection diffusion driver: IInitAdvertise intro.
20230327 031154.189 INFO             PET2     advection diffusion driver: IInitAdvertise extro.
20230327 031154.189 INFO             PET2     advectDiff_Parent: InitializeIPDvXp01 intro.
20230327 031154.190 INFO             PET2     advectDiff_Parent: InitializeIPDvXp01 extro.
20230327 031154.190 INFO             PET2     advectDiff_Gen1Nestling1: InitializeIPDvXp01 intro.
20230327 031154.191 INFO             PET2     advectDiff_Gen1Nestling1: InitializeIPDvXp01 extro.
20230327 031154.191 INFO             PET2     advectDiff_Gen2Nestling0: InitializeIPDvXp01 intro.
20230327 031154.193 INFO             PET2     advectDiff_Gen2Nestling0: InitializeIPDvXp01 extro.
20230327 031154.196 INFO             PET2     advectDiff_Parent-TO-advectDiff_Gen1Nestling0: InitializeIPDv05p1 intro.
20230327 031154.199 INFO             PET2       advectDiff_Parent-TO-advectDiff_Gen1Nestling0: importState FieldTransferPolicy = transferNone
20230327 031154.199 INFO             PET2       advectDiff_Parent-TO-advectDiff_Gen1Nestling0: exportState FieldTransferPolicy = transferNone
20230327 031154.199 INFO             PET2     advectDiff_Parent-TO-advectDiff_Gen1Nestling0: InitializeIPDv05p1 extro.
20230327 031154.200 INFO             PET2     advectDiff_Parent-TO-advectDiff_Gen1Nestling1: InitializeIPDv05p1 intro.
20230327 031154.203 INFO             PET2       advectDiff_Parent-TO-advectDiff_Gen1Nestling1: importState FieldTransferPolicy = transferNone
20230327 031154.203 INFO             PET2       advectDiff_Parent-TO-advectDiff_Gen1Nestling1: exportState FieldTransferPolicy = transferNone
20230327 031154.203 INFO             PET2     advectDiff_Parent-TO-advectDiff_Gen1Nestling1: InitializeIPDv05p1 extro.
20230327 031154.203 INFO             PET2     advectDiff_Gen1Nestling0-TO-advectDiff_Gen2Nestling0: InitializeIPDv05p1 intro.
20230327 031154.206 INFO             PET2       advectDiff_Gen1Nestling0-TO-advectDiff_Gen2Nestling0: importState FieldTransferPolicy = transferNone
20230327 031154.206 INFO             PET2       advectDiff_Gen1Nestling0-TO-advectDiff_Gen2Nestling0: exportState FieldTransferPolicy = transferNone
20230327 031154.206 INFO             PET2     advectDiff_Gen1Nestling0-TO-advectDiff_Gen2Nestling0: InitializeIPDv05p1 extro.
20230327 031154.206 INFO             PET2     advection diffusion driver: IInitAdvertiseFinish intro.
20230327 031154.206 INFO             PET2     advection diffusion driver: IInitAdvertiseFinish extro.
20230327 031154.206 INFO             PET2     advectDiff_Parent-TO-advectDiff_Gen1Nestling0: InitializeIPDv05p2a intro.
20230327 031154.209 INFO             PET2       advectDiff_Parent-TO-advectDiff_Gen1Nestling0:      importStandardNameList(i=  1): density
20230327 031154.209 INFO             PET2       advectDiff_Parent-TO-advectDiff_Gen1Nestling0:         importNamespaceList(i=  1): advectDiff_Parent
20230327 031154.209 INFO             PET2       advectDiff_Parent-TO-advectDiff_Gen1Nestling0:            importCplSetList(i=  1): __UNSPECIFIED__
20230327 031154.209 INFO             PET2       advectDiff_Parent-TO-advectDiff_Gen1Nestling0:      exportStandardNameList(j=  1): density
20230327 031154.209 INFO             PET2       advectDiff_Parent-TO-advectDiff_Gen1Nestling0:         exportNamespaceList(j=  1): advectDiff_Gen1Nestling0
20230327 031154.209 INFO             PET2       advectDiff_Parent-TO-advectDiff_Gen1Nestling0:            exportCplSetList(j=  1): __UNSPECIFIED__
20230327 031154.209 INFO             PET2       advectDiff_Parent-TO-advectDiff_Gen1Nestling0: bondLevel= 1
20230327 031154.209 INFO             PET2       advectDiff_Parent-TO-advectDiff_Gen1Nestling0: ProducerConnection (bondLevelMax):         1
20230327 031154.209 INFO             PET2     advectDiff_Parent-TO-advectDiff_Gen1Nestling0: InitializeIPDv05p2a extro.
20230327 031154.210 INFO             PET2     advectDiff_Parent-TO-advectDiff_Gen1Nestling1: InitializeIPDv05p2a intro.
20230327 031154.213 INFO             PET2       advectDiff_Parent-TO-advectDiff_Gen1Nestling1:      importStandardNameList(i=  1): density
20230327 031154.213 INFO             PET2       advectDiff_Parent-TO-advectDiff_Gen1Nestling1:         importNamespaceList(i=  1): advectDiff_Parent
20230327 031154.213 INFO             PET2       advectDiff_Parent-TO-advectDiff_Gen1Nestling1:            importCplSetList(i=  1): __UNSPECIFIED__
20230327 031154.213 INFO             PET2       advectDiff_Parent-TO-advectDiff_Gen1Nestling1:      exportStandardNameList(j=  1): density
20230327 031154.213 INFO             PET2       advectDiff_Parent-TO-advectDiff_Gen1Nestling1:         exportNamespaceList(j=  1): advectDiff_Gen1Nestling1
20230327 031154.213 INFO             PET2       advectDiff_Parent-TO-advectDiff_Gen1Nestling1:            exportCplSetList(j=  1): __UNSPECIFIED__
20230327 031154.213 INFO             PET2       advectDiff_Parent-TO-advectDiff_Gen1Nestling1: bondLevel= 1
20230327 031154.213 INFO             PET2       advectDiff_Parent-TO-advectDiff_Gen1Nestling1: ProducerConnection (bondLevelMax):         1
20230327 031154.213 INFO             PET2     advectDiff_Parent-TO-advectDiff_Gen1Nestling1: InitializeIPDv05p2a extro.
20230327 031154.213 INFO             PET2     advectDiff_Gen1Nestling0-TO-advectDiff_Gen2Nestling0: InitializeIPDv05p2a intro.
20230327 031154.216 INFO             PET2       advectDiff_Gen1Nestling0-TO-advectDiff_Gen2Nestling0:      importStandardNameList(i=  1): density
20230327 031154.216 INFO             PET2       advectDiff_Gen1Nestling0-TO-advectDiff_Gen2Nestling0:         importNamespaceList(i=  1): advectDiff_Gen1Nestling0
20230327 031154.216 INFO             PET2       advectDiff_Gen1Nestling0-TO-advectDiff_Gen2Nestling0:            importCplSetList(i=  1): __UNSPECIFIED__
20230327 031154.216 INFO             PET2       advectDiff_Gen1Nestling0-TO-advectDiff_Gen2Nestling0:      exportStandardNameList(j=  1): density
20230327 031154.216 INFO             PET2       advectDiff_Gen1Nestling0-TO-advectDiff_Gen2Nestling0:         exportNamespaceList(j=  1): advectDiff_Gen2Nestling0
20230327 031154.216 INFO             PET2       advectDiff_Gen1Nestling0-TO-advectDiff_Gen2Nestling0:            exportCplSetList(j=  1): __UNSPECIFIED__
20230327 031154.216 INFO             PET2       advectDiff_Gen1Nestling0-TO-advectDiff_Gen2Nestling0: bondLevel= 1
20230327 031154.216 INFO             PET2       advectDiff_Gen1Nestling0-TO-advectDiff_Gen2Nestling0: ProducerConnection (bondLevelMax):         1
20230327 031154.216 INFO             PET2     advectDiff_Gen1Nestling0-TO-advectDiff_Gen2Nestling0: InitializeIPDv05p2a extro.
20230327 031154.216 INFO             PET2     advectDiff_Parent-TO-advectDiff_Gen1Nestling0: InitializeIPDv05p2b intro.
20230327 031154.219 INFO             PET2       advectDiff_Parent-TO-advectDiff_Gen1Nestling0:      importStandardNameList(i=  1): density
20230327 031154.219 INFO             PET2       advectDiff_Parent-TO-advectDiff_Gen1Nestling0:         importNamespaceList(i=  1): advectDiff_Parent
20230327 031154.219 INFO             PET2       advectDiff_Parent-TO-advectDiff_Gen1Nestling0:            importCplSetList(i=  1): __UNSPECIFIED__
20230327 031154.219 INFO             PET2       advectDiff_Parent-TO-advectDiff_Gen1Nestling0:      exportStandardNameList(j=  1): density
20230327 031154.219 INFO             PET2       advectDiff_Parent-TO-advectDiff_Gen1Nestling0:         exportNamespaceList(j=  1): advectDiff_Gen1Nestling0
20230327 031154.219 INFO             PET2       advectDiff_Parent-TO-advectDiff_Gen1Nestling0:            exportCplSetList(j=  1): __UNSPECIFIED__
20230327 031154.219 INFO             PET2       advectDiff_Parent-TO-advectDiff_Gen1Nestling0: bondLevel= 1
20230327 031154.219 INFO             PET2       advectDiff_Parent-TO-advectDiff_Gen1Nestling0: => added cplList(  1)=density, cplSetList(  1)=__UNSPECIFIED__
20230327 031154.219 INFO             PET2     advectDiff_Parent-TO-advectDiff_Gen1Nestling0: InitializeIPDv05p2b extro.
20230327 031154.219 INFO             PET2     advectDiff_Parent-TO-advectDiff_Gen1Nestling1: InitializeIPDv05p2b intro.
20230327 031154.222 INFO             PET2       advectDiff_Parent-TO-advectDiff_Gen1Nestling1:      importStandardNameList(i=  1): density
20230327 031154.222 INFO             PET2       advectDiff_Parent-TO-advectDiff_Gen1Nestling1:         importNamespaceList(i=  1): advectDiff_Parent
20230327 031154.222 INFO             PET2       advectDiff_Parent-TO-advectDiff_Gen1Nestling1:            importCplSetList(i=  1): __UNSPECIFIED__
20230327 031154.222 INFO             PET2       advectDiff_Parent-TO-advectDiff_Gen1Nestling1:      exportStandardNameList(j=  1): density
20230327 031154.222 INFO             PET2       advectDiff_Parent-TO-advectDiff_Gen1Nestling1:         exportNamespaceList(j=  1): advectDiff_Gen1Nestling1
20230327 031154.222 INFO             PET2       advectDiff_Parent-TO-advectDiff_Gen1Nestling1:            exportCplSetList(j=  1): __UNSPECIFIED__
20230327 031154.222 INFO             PET2       advectDiff_Parent-TO-advectDiff_Gen1Nestling1: bondLevel= 1
20230327 031154.222 INFO             PET2       advectDiff_Parent-TO-advectDiff_Gen1Nestling1: => added cplList(  1)=density, cplSetList(  1)=__UNSPECIFIED__
20230327 031154.222 INFO             PET2     advectDiff_Parent-TO-advectDiff_Gen1Nestling1: InitializeIPDv05p2b extro.
20230327 031154.222 INFO             PET2     advectDiff_Gen1Nestling0-TO-advectDiff_Gen2Nestling0: InitializeIPDv05p2b intro.
20230327 031154.225 INFO             PET2       advectDiff_Gen1Nestling0-TO-advectDiff_Gen2Nestling0:      importStandardNameList(i=  1): density
20230327 031154.225 INFO             PET2       advectDiff_Gen1Nestling0-TO-advectDiff_Gen2Nestling0:         importNamespaceList(i=  1): advectDiff_Gen1Nestling0
20230327 031154.226 INFO             PET2       advectDiff_Gen1Nestling0-TO-advectDiff_Gen2Nestling0:            importCplSetList(i=  1): __UNSPECIFIED__
20230327 031154.226 INFO             PET2       advectDiff_Gen1Nestling0-TO-advectDiff_Gen2Nestling0:      exportStandardNameList(j=  1): density
20230327 031154.226 INFO             PET2       advectDiff_Gen1Nestling0-TO-advectDiff_Gen2Nestling0:         exportNamespaceList(j=  1): advectDiff_Gen2Nestling0
20230327 031154.226 INFO             PET2       advectDiff_Gen1Nestling0-TO-advectDiff_Gen2Nestling0:            exportCplSetList(j=  1): __UNSPECIFIED__
20230327 031154.226 INFO             PET2       advectDiff_Gen1Nestling0-TO-advectDiff_Gen2Nestling0: bondLevel= 1
20230327 031154.226 INFO             PET2       advectDiff_Gen1Nestling0-TO-advectDiff_Gen2Nestling0: => added cplList(  1)=density, cplSetList(  1)=__UNSPECIFIED__
20230327 031154.226 INFO             PET2     advectDiff_Gen1Nestling0-TO-advectDiff_Gen2Nestling0: InitializeIPDv05p2b extro.
20230327 031154.226 INFO             PET2     advection diffusion driver: IInitModifyCplLists intro.
20230327 031154.226 INFO             PET2     advection diffusion driver: IInitModifyCplLists extro.
20230327 031154.226 INFO             PET2     advectDiff_Parent-TO-advectDiff_Gen1Nestling0: InitializeIPDv05p3 intro.
20230327 031154.229 INFO             PET2       advectDiff_Parent-TO-advectDiff_Gen1Nestling0: handle cplList(1): density, cplSetList(1): __UNSPECIFIED__
20230327 031154.229 INFO             PET2       advectDiff_Parent-TO-advectDiff_Gen1Nestling0: - connected.
20230327 031154.229 INFO             PET2       advectDiff_Parent-TO-advectDiff_Gen1Nestling0: - both sides must provide the Field/GeomObject.
20230327 031154.229 INFO             PET2     advectDiff_Parent-TO-advectDiff_Gen1Nestling0: InitializeIPDv05p3 extro.
20230327 031154.230 INFO             PET2     advectDiff_Parent-TO-advectDiff_Gen1Nestling1: InitializeIPDv05p3 intro.
20230327 031154.233 INFO             PET2       advectDiff_Parent-TO-advectDiff_Gen1Nestling1: handle cplList(1): density, cplSetList(1): __UNSPECIFIED__
20230327 031154.233 INFO             PET2       advectDiff_Parent-TO-advectDiff_Gen1Nestling1: - connected.
20230327 031154.233 INFO             PET2       advectDiff_Parent-TO-advectDiff_Gen1Nestling1: - both sides must provide the Field/GeomObject.
20230327 031154.233 INFO             PET2     advectDiff_Parent-TO-advectDiff_Gen1Nestling1: InitializeIPDv05p3 extro.
20230327 031154.233 INFO             PET2     advectDiff_Gen1Nestling0-TO-advectDiff_Gen2Nestling0: InitializeIPDv05p3 intro.
20230327 031154.236 INFO             PET2       advectDiff_Gen1Nestling0-TO-advectDiff_Gen2Nestling0: handle cplList(1): density, cplSetList(1): __UNSPECIFIED__
20230327 031154.236 INFO             PET2       advectDiff_Gen1Nestling0-TO-advectDiff_Gen2Nestling0: - connected.
20230327 031154.236 INFO             PET2       advectDiff_Gen1Nestling0-TO-advectDiff_Gen2Nestling0: - both sides must provide the Field/GeomObject.
20230327 031154.236 INFO             PET2     advectDiff_Gen1Nestling0-TO-advectDiff_Gen2Nestling0: InitializeIPDv05p3 extro.
20230327 031154.236 INFO             PET2     <<<advection diffusion driver: leaving Initialize (phase=<none>) with current time:    0  1  1  0  0  0   0
20230327 031154.236 INFO             PET2   advection diffusion driver: InitializeIPDv02p1 extro.
20230327 031154.236 INFO             PET2   advection diffusion driver: InitializeIPDv02p3 intro.
20230327 031154.236 INFO             PET2     >>>advection diffusion driver: entered Initialize (phase=<none>) with current time:    0  1  1  0  0  0   0
20230327 031154.236 INFO             PET2     advection diffusion driver: IInitCheck intro.
20230327 031154.237 INFO             PET2     advection diffusion driver: IInitCheck extro.
20230327 031154.237 INFO             PET2     advectDiff_Parent: InitializeIPDvXp04 intro.
20230327 031154.242 INFO             PET2     advectDiff_Parent: InitializeIPDvXp04 extro.
20230327 031154.242 INFO             PET2     advectDiff_Gen1Nestling1: InitializeIPDvXp04 intro.
20230327 031154.251 INFO             PET2     advectDiff_Gen1Nestling1: InitializeIPDvXp04 extro.
20230327 031154.251 INFO             PET2     advectDiff_Gen2Nestling0: InitializeIPDvXp04 intro.
20230327 031154.257 INFO             PET2     advectDiff_Gen2Nestling0: InitializeIPDvXp04 extro.
20230327 031154.260 INFO             PET2     advectDiff_Parent-TO-advectDiff_Gen1Nestling0: InitializeIPDv05p4 intro.
20230327 031154.264 INFO             PET2       advectDiff_Parent-TO-advectDiff_Gen1Nestling0: handle cplList(1): density, cplSetList(1): __UNSPECIFIED__
20230327 031154.264 INFO             PET2       advectDiff_Parent-TO-advectDiff_Gen1Nestling0: - nothing shared or transferred
20230327 031154.264 INFO             PET2     advectDiff_Parent-TO-advectDiff_Gen1Nestling0: InitializeIPDv05p4 extro.
20230327 031154.264 INFO             PET2     advectDiff_Parent-TO-advectDiff_Gen1Nestling1: InitializeIPDv05p4 intro.
20230327 031154.268 INFO             PET2       advectDiff_Parent-TO-advectDiff_Gen1Nestling1: handle cplList(1): density, cplSetList(1): __UNSPECIFIED__
20230327 031154.268 INFO             PET2       advectDiff_Parent-TO-advectDiff_Gen1Nestling1: - nothing shared or transferred
20230327 031154.268 INFO             PET2     advectDiff_Parent-TO-advectDiff_Gen1Nestling1: InitializeIPDv05p4 extro.
20230327 031154.268 INFO             PET2     advectDiff_Gen1Nestling0-TO-advectDiff_Gen2Nestling0: InitializeIPDv05p4 intro.
20230327 031154.272 INFO             PET2       advectDiff_Gen1Nestling0-TO-advectDiff_Gen2Nestling0: handle cplList(1): density, cplSetList(1): __UNSPECIFIED__
20230327 031154.272 INFO             PET2       advectDiff_Gen1Nestling0-TO-advectDiff_Gen2Nestling0: - nothing shared or transferred
20230327 031154.272 INFO             PET2     advectDiff_Gen1Nestling0-TO-advectDiff_Gen2Nestling0: InitializeIPDv05p4 extro.
20230327 031154.272 INFO             PET2     advectDiff_Parent-TO-advectDiff_Gen1Nestling0: InitializeIPDv05p5 intro.
20230327 031154.276 INFO             PET2       advectDiff_Parent-TO-advectDiff_Gen1Nestling0: handle cplList(1): density, cplSetList(1): __UNSPECIFIED__
20230327 031154.277 INFO             PET2       advectDiff_Parent-TO-advectDiff_Gen1Nestling0: - nothing shared or transferred, or may already be handled
20230327 031154.277 INFO             PET2     advectDiff_Parent-TO-advectDiff_Gen1Nestling0: InitializeIPDv05p5 extro.
20230327 031154.277 INFO             PET2     advectDiff_Parent-TO-advectDiff_Gen1Nestling1: InitializeIPDv05p5 intro.
20230327 031154.281 INFO             PET2       advectDiff_Parent-TO-advectDiff_Gen1Nestling1: handle cplList(1): density, cplSetList(1): __UNSPECIFIED__
20230327 031154.281 INFO             PET2       advectDiff_Parent-TO-advectDiff_Gen1Nestling1: - nothing shared or transferred, or may already be handled
20230327 031154.281 INFO             PET2     advectDiff_Parent-TO-advectDiff_Gen1Nestling1: InitializeIPDv05p5 extro.
20230327 031154.281 INFO             PET2     advectDiff_Gen1Nestling0-TO-advectDiff_Gen2Nestling0: InitializeIPDv05p5 intro.
20230327 031154.285 INFO             PET2       advectDiff_Gen1Nestling0-TO-advectDiff_Gen2Nestling0: handle cplList(1): density, cplSetList(1): __UNSPECIFIED__
20230327 031154.285 INFO             PET2       advectDiff_Gen1Nestling0-TO-advectDiff_Gen2Nestling0: - nothing shared or transferred, or may already be handled
20230327 031154.285 INFO             PET2     advectDiff_Gen1Nestling0-TO-advectDiff_Gen2Nestling0: InitializeIPDv05p5 extro.
20230327 031154.285 INFO             PET2     advection diffusion driver: IInitRealize intro.
20230327 031154.285 INFO             PET2     advection diffusion driver: IInitRealize extro.
20230327 031154.285 INFO             PET2     advectDiff_Parent-TO-advectDiff_Gen1Nestling0: InitializeIPDv05p6a intro.
20230327 031154.289 INFO             PET2     advectDiff_Parent-TO-advectDiff_Gen1Nestling0: InitializeIPDv05p6a extro.
20230327 031154.289 INFO             PET2     advectDiff_Parent-TO-advectDiff_Gen1Nestling1: InitializeIPDv05p6a intro.
20230327 031154.292 INFO             PET2     advectDiff_Parent-TO-advectDiff_Gen1Nestling1: InitializeIPDv05p6a extro.
20230327 031154.292 INFO             PET2     advectDiff_Gen1Nestling0-TO-advectDiff_Gen2Nestling0: InitializeIPDv05p6a intro.
20230327 031154.296 INFO             PET2     advectDiff_Gen1Nestling0-TO-advectDiff_Gen2Nestling0: InitializeIPDv05p6a extro.
20230327 031154.296 INFO             PET2     advectDiff_Parent-TO-advectDiff_Gen1Nestling0: InitializeIPDv05p6b intro.
20230327 031154.296 INFO             PET2       advectDiff_Parent-TO-advectDiff_Gen1Nestling0: handle cplList(1): density, cplSetList(1): __UNSPECIFIED__
20230327 031154.145 INFO             PET3 !!!!!!!!!!!!!!!!!!!!!!!!!!!!!!!!!!!!!!!!!!!!!!!!!!!!!!
20230327 031154.145 INFO             PET3 !!! THE ESMF_LOG IS SET TO OUTPUT ALL LOG MESSAGES !!!
20230327 031154.145 INFO             PET3 !!!     THIS MAY CAUSE SLOWDOWN IN PERFORMANCE     !!!
20230327 031154.145 INFO             PET3 !!! FOR PRODUCTION RUNS, USE:                      !!!
20230327 031154.145 INFO             PET3 !!!                   ESMF_LOGKIND_Multi_On_Error  !!!
20230327 031154.145 INFO             PET3 !!!!!!!!!!!!!!!!!!!!!!!!!!!!!!!!!!!!!!!!!!!!!!!!!!!!!!
20230327 031154.145 INFO             PET3 Running with ESMF Version   : v8.5.0b18-5-ge74a33b91d
20230327 031154.145 INFO             PET3 ESMF library build date/time: "Mar 27 2023" "02:24:52"
20230327 031154.145 INFO             PET3 ESMF library build location : /glade/gust/scratch/theurich/ESMF-Nightly-Testing/nvhpc_23.1_mpi_g_develop/esmf
20230327 031154.145 INFO             PET3 ESMF_COMM                   : mpi
20230327 031154.146 INFO             PET3 ESMF_MOAB                   : enabled
20230327 031154.146 INFO             PET3 ESMF_LAPACK                 : enabled
20230327 031154.146 INFO             PET3 ESMF_NETCDF                 : enabled
20230327 031154.146 INFO             PET3 ESMF_PNETCDF                : disabled
20230327 031154.146 INFO             PET3 ESMF_PIO                    : enabled
20230327 031154.146 INFO             PET3 ESMF_YAMLCPP                : enabled
20230327 031154.146 INFO             PET3 mainApp STARTING
20230327 031154.151 INFO             PET3 advection diffusion driver: InitializeGeneric intro.
20230327 031154.151 INFO             PET3   advection diffusion driver: InitializeP0 intro.
20230327 031154.151 INFO             PET3   advection diffusion driver: InitializeP0 extro.
20230327 031154.151 INFO             PET3   advection diffusion driver: InitializeIPDv02p1 intro.
20230327 031154.151 INFO             PET3     >>>advection diffusion driver: entered Initialize (phase=<none>) without valid internal Clock.
20230327 031154.151 INFO             PET3     advection diffusion driver - Creating model component advectDiff_Parent without petList.
20230327 031154.154 INFO             PET3     advection diffusion driver - Creating model component advectDiff_Gen1Nestling0 with petList of size 2 :
20230327 031154.154 INFO             PET3           0      1
20230327 031154.156 INFO             PET3     advection diffusion driver - Creating model component advectDiff_Gen1Nestling1 with petList of size 2 :
20230327 031154.156 INFO             PET3           2      3
20230327 031154.159 INFO             PET3     advection diffusion driver - Creating model component advectDiff_Gen2Nestling0 without petList.
20230327 031154.161 INFO             PET3     advection diffusion driver - Creating state: modelComp 1 Import State
20230327 031154.161 INFO             PET3     advection diffusion driver - Creating state: modelComp 1 Export State
20230327 031154.162 INFO             PET3     advection diffusion driver - Creating state: modelComp 2 Import State
20230327 031154.162 INFO             PET3     advection diffusion driver - Creating state: modelComp 2 Export State
20230327 031154.162 INFO             PET3     advection diffusion driver - Creating state: modelComp 3 Import State
20230327 031154.162 INFO             PET3     advection diffusion driver - Creating state: modelComp 3 Export State
20230327 031154.162 INFO             PET3     advection diffusion driver - Creating state: modelComp 4 Import State
20230327 031154.162 INFO             PET3     advection diffusion driver - Creating state: modelComp 4 Export State
20230327 031154.164 INFO             PET3     advectDiff_Parent: InitializeP0 intro.
20230327 031154.165 INFO             PET3     advectDiff_Parent: InitializeP0 extro.
20230327 031154.165 INFO             PET3     advectDiff_Gen1Nestling1: InitializeP0 intro.
20230327 031154.165 INFO             PET3     advectDiff_Gen1Nestling1: InitializeP0 extro.
20230327 031154.166 INFO             PET3     advectDiff_Gen2Nestling0: InitializeP0 intro.
20230327 031154.166 INFO             PET3     advectDiff_Gen2Nestling0: InitializeP0 extro.
20230327 031154.170 INFO             PET3     advection diffusion driver - Creating connector component advectDiff_Parent-TO-advectDiff_Gen1Nestling0 without petList.
20230327 031154.176 INFO             PET3     advection diffusion driver - Setting Verbosity on created component to: high
20230327 031154.176 INFO             PET3     advection diffusion driver - Setting Profiling on created component to:          0
20230327 031154.176 INFO             PET3     advection diffusion driver - Creating connector component advectDiff_Parent-TO-advectDiff_Gen1Nestling1 without petList.
20230327 031154.181 INFO             PET3     advection diffusion driver - Setting Verbosity on created component to: high
20230327 031154.181 INFO             PET3     advection diffusion driver - Setting Profiling on created component to:          0
20230327 031154.181 INFO             PET3     advection diffusion driver - Creating connector component advectDiff_Gen1Nestling0-TO-advectDiff_Gen2Nestling0 without petList.
20230327 031154.187 INFO             PET3     advection diffusion driver - Setting Verbosity on created component to: high
20230327 031154.187 INFO             PET3     advection diffusion driver - Setting Profiling on created component to:          0
20230327 031154.189 INFO             PET3     advection diffusion driver: IInitAdvertise intro.
20230327 031154.189 INFO             PET3     advection diffusion driver: IInitAdvertise extro.
20230327 031154.189 INFO             PET3     advectDiff_Parent: InitializeIPDvXp01 intro.
20230327 031154.190 INFO             PET3     advectDiff_Parent: InitializeIPDvXp01 extro.
20230327 031154.190 INFO             PET3     advectDiff_Gen1Nestling1: InitializeIPDvXp01 intro.
20230327 031154.191 INFO             PET3     advectDiff_Gen1Nestling1: InitializeIPDvXp01 extro.
20230327 031154.191 INFO             PET3     advectDiff_Gen2Nestling0: InitializeIPDvXp01 intro.
20230327 031154.193 INFO             PET3     advectDiff_Gen2Nestling0: InitializeIPDvXp01 extro.
20230327 031154.196 INFO             PET3     advectDiff_Parent-TO-advectDiff_Gen1Nestling0: InitializeIPDv05p1 intro.
20230327 031154.199 INFO             PET3       advectDiff_Parent-TO-advectDiff_Gen1Nestling0: importState FieldTransferPolicy = transferNone
20230327 031154.199 INFO             PET3       advectDiff_Parent-TO-advectDiff_Gen1Nestling0: exportState FieldTransferPolicy = transferNone
20230327 031154.199 INFO             PET3     advectDiff_Parent-TO-advectDiff_Gen1Nestling0: InitializeIPDv05p1 extro.
20230327 031154.200 INFO             PET3     advectDiff_Parent-TO-advectDiff_Gen1Nestling1: InitializeIPDv05p1 intro.
20230327 031154.203 INFO             PET3       advectDiff_Parent-TO-advectDiff_Gen1Nestling1: importState FieldTransferPolicy = transferNone
20230327 031154.203 INFO             PET3       advectDiff_Parent-TO-advectDiff_Gen1Nestling1: exportState FieldTransferPolicy = transferNone
20230327 031154.203 INFO             PET3     advectDiff_Parent-TO-advectDiff_Gen1Nestling1: InitializeIPDv05p1 extro.
20230327 031154.203 INFO             PET3     advectDiff_Gen1Nestling0-TO-advectDiff_Gen2Nestling0: InitializeIPDv05p1 intro.
20230327 031154.206 INFO             PET3       advectDiff_Gen1Nestling0-TO-advectDiff_Gen2Nestling0: importState FieldTransferPolicy = transferNone
20230327 031154.206 INFO             PET3       advectDiff_Gen1Nestling0-TO-advectDiff_Gen2Nestling0: exportState FieldTransferPolicy = transferNone
20230327 031154.206 INFO             PET3     advectDiff_Gen1Nestling0-TO-advectDiff_Gen2Nestling0: InitializeIPDv05p1 extro.
20230327 031154.206 INFO             PET3     advection diffusion driver: IInitAdvertiseFinish intro.
20230327 031154.206 INFO             PET3     advection diffusion driver: IInitAdvertiseFinish extro.
20230327 031154.206 INFO             PET3     advectDiff_Parent-TO-advectDiff_Gen1Nestling0: InitializeIPDv05p2a intro.
20230327 031154.209 INFO             PET3       advectDiff_Parent-TO-advectDiff_Gen1Nestling0:      importStandardNameList(i=  1): density
20230327 031154.209 INFO             PET3       advectDiff_Parent-TO-advectDiff_Gen1Nestling0:         importNamespaceList(i=  1): advectDiff_Parent
20230327 031154.209 INFO             PET3       advectDiff_Parent-TO-advectDiff_Gen1Nestling0:            importCplSetList(i=  1): __UNSPECIFIED__
20230327 031154.209 INFO             PET3       advectDiff_Parent-TO-advectDiff_Gen1Nestling0:      exportStandardNameList(j=  1): density
20230327 031154.209 INFO             PET3       advectDiff_Parent-TO-advectDiff_Gen1Nestling0:         exportNamespaceList(j=  1): advectDiff_Gen1Nestling0
20230327 031154.209 INFO             PET3       advectDiff_Parent-TO-advectDiff_Gen1Nestling0:            exportCplSetList(j=  1): __UNSPECIFIED__
20230327 031154.209 INFO             PET3       advectDiff_Parent-TO-advectDiff_Gen1Nestling0: bondLevel= 1
20230327 031154.209 INFO             PET3       advectDiff_Parent-TO-advectDiff_Gen1Nestling0: ProducerConnection (bondLevelMax):         1
20230327 031154.209 INFO             PET3     advectDiff_Parent-TO-advectDiff_Gen1Nestling0: InitializeIPDv05p2a extro.
20230327 031154.210 INFO             PET3     advectDiff_Parent-TO-advectDiff_Gen1Nestling1: InitializeIPDv05p2a intro.
20230327 031154.213 INFO             PET3       advectDiff_Parent-TO-advectDiff_Gen1Nestling1:      importStandardNameList(i=  1): density
20230327 031154.213 INFO             PET3       advectDiff_Parent-TO-advectDiff_Gen1Nestling1:         importNamespaceList(i=  1): advectDiff_Parent
20230327 031154.213 INFO             PET3       advectDiff_Parent-TO-advectDiff_Gen1Nestling1:            importCplSetList(i=  1): __UNSPECIFIED__
20230327 031154.213 INFO             PET3       advectDiff_Parent-TO-advectDiff_Gen1Nestling1:      exportStandardNameList(j=  1): density
20230327 031154.213 INFO             PET3       advectDiff_Parent-TO-advectDiff_Gen1Nestling1:         exportNamespaceList(j=  1): advectDiff_Gen1Nestling1
20230327 031154.213 INFO             PET3       advectDiff_Parent-TO-advectDiff_Gen1Nestling1:            exportCplSetList(j=  1): __UNSPECIFIED__
20230327 031154.213 INFO             PET3       advectDiff_Parent-TO-advectDiff_Gen1Nestling1: bondLevel= 1
20230327 031154.213 INFO             PET3       advectDiff_Parent-TO-advectDiff_Gen1Nestling1: ProducerConnection (bondLevelMax):         1
20230327 031154.213 INFO             PET3     advectDiff_Parent-TO-advectDiff_Gen1Nestling1: InitializeIPDv05p2a extro.
20230327 031154.213 INFO             PET3     advectDiff_Gen1Nestling0-TO-advectDiff_Gen2Nestling0: InitializeIPDv05p2a intro.
20230327 031154.216 INFO             PET3       advectDiff_Gen1Nestling0-TO-advectDiff_Gen2Nestling0:      importStandardNameList(i=  1): density
20230327 031154.216 INFO             PET3       advectDiff_Gen1Nestling0-TO-advectDiff_Gen2Nestling0:         importNamespaceList(i=  1): advectDiff_Gen1Nestling0
20230327 031154.216 INFO             PET3       advectDiff_Gen1Nestling0-TO-advectDiff_Gen2Nestling0:            importCplSetList(i=  1): __UNSPECIFIED__
20230327 031154.216 INFO             PET3       advectDiff_Gen1Nestling0-TO-advectDiff_Gen2Nestling0:      exportStandardNameList(j=  1): density
20230327 031154.216 INFO             PET3       advectDiff_Gen1Nestling0-TO-advectDiff_Gen2Nestling0:         exportNamespaceList(j=  1): advectDiff_Gen2Nestling0
20230327 031154.216 INFO             PET3       advectDiff_Gen1Nestling0-TO-advectDiff_Gen2Nestling0:            exportCplSetList(j=  1): __UNSPECIFIED__
20230327 031154.216 INFO             PET3       advectDiff_Gen1Nestling0-TO-advectDiff_Gen2Nestling0: bondLevel= 1
20230327 031154.216 INFO             PET3       advectDiff_Gen1Nestling0-TO-advectDiff_Gen2Nestling0: ProducerConnection (bondLevelMax):         1
20230327 031154.216 INFO             PET3     advectDiff_Gen1Nestling0-TO-advectDiff_Gen2Nestling0: InitializeIPDv05p2a extro.
20230327 031154.216 INFO             PET3     advectDiff_Parent-TO-advectDiff_Gen1Nestling0: InitializeIPDv05p2b intro.
20230327 031154.219 INFO             PET3       advectDiff_Parent-TO-advectDiff_Gen1Nestling0:      importStandardNameList(i=  1): density
20230327 031154.219 INFO             PET3       advectDiff_Parent-TO-advectDiff_Gen1Nestling0:         importNamespaceList(i=  1): advectDiff_Parent
20230327 031154.219 INFO             PET3       advectDiff_Parent-TO-advectDiff_Gen1Nestling0:            importCplSetList(i=  1): __UNSPECIFIED__
20230327 031154.219 INFO             PET3       advectDiff_Parent-TO-advectDiff_Gen1Nestling0:      exportStandardNameList(j=  1): density
20230327 031154.219 INFO             PET3       advectDiff_Parent-TO-advectDiff_Gen1Nestling0:         exportNamespaceList(j=  1): advectDiff_Gen1Nestling0
20230327 031154.219 INFO             PET3       advectDiff_Parent-TO-advectDiff_Gen1Nestling0:            exportCplSetList(j=  1): __UNSPECIFIED__
20230327 031154.219 INFO             PET3       advectDiff_Parent-TO-advectDiff_Gen1Nestling0: bondLevel= 1
20230327 031154.219 INFO             PET3       advectDiff_Parent-TO-advectDiff_Gen1Nestling0: => added cplList(  1)=density, cplSetList(  1)=__UNSPECIFIED__
20230327 031154.219 INFO             PET3     advectDiff_Parent-TO-advectDiff_Gen1Nestling0: InitializeIPDv05p2b extro.
20230327 031154.219 INFO             PET3     advectDiff_Parent-TO-advectDiff_Gen1Nestling1: InitializeIPDv05p2b intro.
20230327 031154.222 INFO             PET3       advectDiff_Parent-TO-advectDiff_Gen1Nestling1:      importStandardNameList(i=  1): density
20230327 031154.222 INFO             PET3       advectDiff_Parent-TO-advectDiff_Gen1Nestling1:         importNamespaceList(i=  1): advectDiff_Parent
20230327 031154.222 INFO             PET3       advectDiff_Parent-TO-advectDiff_Gen1Nestling1:            importCplSetList(i=  1): __UNSPECIFIED__
20230327 031154.222 INFO             PET3       advectDiff_Parent-TO-advectDiff_Gen1Nestling1:      exportStandardNameList(j=  1): density
20230327 031154.222 INFO             PET3       advectDiff_Parent-TO-advectDiff_Gen1Nestling1:         exportNamespaceList(j=  1): advectDiff_Gen1Nestling1
20230327 031154.222 INFO             PET3       advectDiff_Parent-TO-advectDiff_Gen1Nestling1:            exportCplSetList(j=  1): __UNSPECIFIED__
20230327 031154.222 INFO             PET3       advectDiff_Parent-TO-advectDiff_Gen1Nestling1: bondLevel= 1
20230327 031154.222 INFO             PET3       advectDiff_Parent-TO-advectDiff_Gen1Nestling1: => added cplList(  1)=density, cplSetList(  1)=__UNSPECIFIED__
20230327 031154.222 INFO             PET3     advectDiff_Parent-TO-advectDiff_Gen1Nestling1: InitializeIPDv05p2b extro.
20230327 031154.222 INFO             PET3     advectDiff_Gen1Nestling0-TO-advectDiff_Gen2Nestling0: InitializeIPDv05p2b intro.
20230327 031154.225 INFO             PET3       advectDiff_Gen1Nestling0-TO-advectDiff_Gen2Nestling0:      importStandardNameList(i=  1): density
20230327 031154.225 INFO             PET3       advectDiff_Gen1Nestling0-TO-advectDiff_Gen2Nestling0:         importNamespaceList(i=  1): advectDiff_Gen1Nestling0
20230327 031154.225 INFO             PET3       advectDiff_Gen1Nestling0-TO-advectDiff_Gen2Nestling0:            importCplSetList(i=  1): __UNSPECIFIED__
20230327 031154.225 INFO             PET3       advectDiff_Gen1Nestling0-TO-advectDiff_Gen2Nestling0:      exportStandardNameList(j=  1): density
20230327 031154.226 INFO             PET3       advectDiff_Gen1Nestling0-TO-advectDiff_Gen2Nestling0:         exportNamespaceList(j=  1): advectDiff_Gen2Nestling0
20230327 031154.226 INFO             PET3       advectDiff_Gen1Nestling0-TO-advectDiff_Gen2Nestling0:            exportCplSetList(j=  1): __UNSPECIFIED__
20230327 031154.226 INFO             PET3       advectDiff_Gen1Nestling0-TO-advectDiff_Gen2Nestling0: bondLevel= 1
20230327 031154.226 INFO             PET3       advectDiff_Gen1Nestling0-TO-advectDiff_Gen2Nestling0: => added cplList(  1)=density, cplSetList(  1)=__UNSPECIFIED__
20230327 031154.226 INFO             PET3     advectDiff_Gen1Nestling0-TO-advectDiff_Gen2Nestling0: InitializeIPDv05p2b extro.
20230327 031154.226 INFO             PET3     advection diffusion driver: IInitModifyCplLists intro.
20230327 031154.226 INFO             PET3     advection diffusion driver: IInitModifyCplLists extro.
20230327 031154.226 INFO             PET3     advectDiff_Parent-TO-advectDiff_Gen1Nestling0: InitializeIPDv05p3 intro.
20230327 031154.229 INFO             PET3       advectDiff_Parent-TO-advectDiff_Gen1Nestling0: handle cplList(1): density, cplSetList(1): __UNSPECIFIED__
20230327 031154.229 INFO             PET3       advectDiff_Parent-TO-advectDiff_Gen1Nestling0: - connected.
20230327 031154.229 INFO             PET3       advectDiff_Parent-TO-advectDiff_Gen1Nestling0: - both sides must provide the Field/GeomObject.
20230327 031154.229 INFO             PET3     advectDiff_Parent-TO-advectDiff_Gen1Nestling0: InitializeIPDv05p3 extro.
20230327 031154.230 INFO             PET3     advectDiff_Parent-TO-advectDiff_Gen1Nestling1: InitializeIPDv05p3 intro.
20230327 031154.233 INFO             PET3       advectDiff_Parent-TO-advectDiff_Gen1Nestling1: handle cplList(1): density, cplSetList(1): __UNSPECIFIED__
20230327 031154.233 INFO             PET3       advectDiff_Parent-TO-advectDiff_Gen1Nestling1: - connected.
20230327 031154.233 INFO             PET3       advectDiff_Parent-TO-advectDiff_Gen1Nestling1: - both sides must provide the Field/GeomObject.
20230327 031154.233 INFO             PET3     advectDiff_Parent-TO-advectDiff_Gen1Nestling1: InitializeIPDv05p3 extro.
20230327 031154.233 INFO             PET3     advectDiff_Gen1Nestling0-TO-advectDiff_Gen2Nestling0: InitializeIPDv05p3 intro.
20230327 031154.236 INFO             PET3       advectDiff_Gen1Nestling0-TO-advectDiff_Gen2Nestling0: handle cplList(1): density, cplSetList(1): __UNSPECIFIED__
20230327 031154.236 INFO             PET3       advectDiff_Gen1Nestling0-TO-advectDiff_Gen2Nestling0: - connected.
20230327 031154.236 INFO             PET3       advectDiff_Gen1Nestling0-TO-advectDiff_Gen2Nestling0: - both sides must provide the Field/GeomObject.
20230327 031154.236 INFO             PET3     advectDiff_Gen1Nestling0-TO-advectDiff_Gen2Nestling0: InitializeIPDv05p3 extro.
20230327 031154.236 INFO             PET3     <<<advection diffusion driver: leaving Initialize (phase=<none>) with current time:    0  1  1  0  0  0   0
20230327 031154.236 INFO             PET3   advection diffusion driver: InitializeIPDv02p1 extro.
20230327 031154.236 INFO             PET3   advection diffusion driver: InitializeIPDv02p3 intro.
20230327 031154.236 INFO             PET3     >>>advection diffusion driver: entered Initialize (phase=<none>) with current time:    0  1  1  0  0  0   0
20230327 031154.236 INFO             PET3     advection diffusion driver: IInitCheck intro.
20230327 031154.237 INFO             PET3     advection diffusion driver: IInitCheck extro.
20230327 031154.237 INFO             PET3     advectDiff_Parent: InitializeIPDvXp04 intro.
20230327 031154.242 INFO             PET3     advectDiff_Parent: InitializeIPDvXp04 extro.
20230327 031154.242 INFO             PET3     advectDiff_Gen1Nestling1: InitializeIPDvXp04 intro.
20230327 031154.251 INFO             PET3     advectDiff_Gen1Nestling1: InitializeIPDvXp04 extro.
20230327 031154.251 INFO             PET3     advectDiff_Gen2Nestling0: InitializeIPDvXp04 intro.
20230327 031154.257 INFO             PET3     advectDiff_Gen2Nestling0: InitializeIPDvXp04 extro.
20230327 031154.260 INFO             PET3     advectDiff_Parent-TO-advectDiff_Gen1Nestling0: InitializeIPDv05p4 intro.
20230327 031154.264 INFO             PET3       advectDiff_Parent-TO-advectDiff_Gen1Nestling0: handle cplList(1): density, cplSetList(1): __UNSPECIFIED__
20230327 031154.264 INFO             PET3       advectDiff_Parent-TO-advectDiff_Gen1Nestling0: - nothing shared or transferred
20230327 031154.264 INFO             PET3     advectDiff_Parent-TO-advectDiff_Gen1Nestling0: InitializeIPDv05p4 extro.
20230327 031154.264 INFO             PET3     advectDiff_Parent-TO-advectDiff_Gen1Nestling1: InitializeIPDv05p4 intro.
20230327 031154.268 INFO             PET3       advectDiff_Parent-TO-advectDiff_Gen1Nestling1: handle cplList(1): density, cplSetList(1): __UNSPECIFIED__
20230327 031154.268 INFO             PET3       advectDiff_Parent-TO-advectDiff_Gen1Nestling1: - nothing shared or transferred
20230327 031154.268 INFO             PET3     advectDiff_Parent-TO-advectDiff_Gen1Nestling1: InitializeIPDv05p4 extro.
20230327 031154.268 INFO             PET3     advectDiff_Gen1Nestling0-TO-advectDiff_Gen2Nestling0: InitializeIPDv05p4 intro.
20230327 031154.272 INFO             PET3       advectDiff_Gen1Nestling0-TO-advectDiff_Gen2Nestling0: handle cplList(1): density, cplSetList(1): __UNSPECIFIED__
20230327 031154.272 INFO             PET3       advectDiff_Gen1Nestling0-TO-advectDiff_Gen2Nestling0: - nothing shared or transferred
20230327 031154.272 INFO             PET3     advectDiff_Gen1Nestling0-TO-advectDiff_Gen2Nestling0: InitializeIPDv05p4 extro.
20230327 031154.272 INFO             PET3     advectDiff_Parent-TO-advectDiff_Gen1Nestling0: InitializeIPDv05p5 intro.
20230327 031154.276 INFO             PET3       advectDiff_Parent-TO-advectDiff_Gen1Nestling0: handle cplList(1): density, cplSetList(1): __UNSPECIFIED__
20230327 031154.277 INFO             PET3       advectDiff_Parent-TO-advectDiff_Gen1Nestling0: - nothing shared or transferred, or may already be handled
20230327 031154.277 INFO             PET3     advectDiff_Parent-TO-advectDiff_Gen1Nestling0: InitializeIPDv05p5 extro.
20230327 031154.277 INFO             PET3     advectDiff_Parent-TO-advectDiff_Gen1Nestling1: InitializeIPDv05p5 intro.
20230327 031154.281 INFO             PET3       advectDiff_Parent-TO-advectDiff_Gen1Nestling1: handle cplList(1): density, cplSetList(1): __UNSPECIFIED__
20230327 031154.281 INFO             PET3       advectDiff_Parent-TO-advectDiff_Gen1Nestling1: - nothing shared or transferred, or may already be handled
20230327 031154.281 INFO             PET3     advectDiff_Parent-TO-advectDiff_Gen1Nestling1: InitializeIPDv05p5 extro.
20230327 031154.281 INFO             PET3     advectDiff_Gen1Nestling0-TO-advectDiff_Gen2Nestling0: InitializeIPDv05p5 intro.
20230327 031154.285 INFO             PET3       advectDiff_Gen1Nestling0-TO-advectDiff_Gen2Nestling0: handle cplList(1): density, cplSetList(1): __UNSPECIFIED__
20230327 031154.285 INFO             PET3       advectDiff_Gen1Nestling0-TO-advectDiff_Gen2Nestling0: - nothing shared or transferred, or may already be handled
20230327 031154.285 INFO             PET3     advectDiff_Gen1Nestling0-TO-advectDiff_Gen2Nestling0: InitializeIPDv05p5 extro.
20230327 031154.285 INFO             PET3     advection diffusion driver: IInitRealize intro.
20230327 031154.285 INFO             PET3     advection diffusion driver: IInitRealize extro.
20230327 031154.285 INFO             PET3     advectDiff_Parent-TO-advectDiff_Gen1Nestling0: InitializeIPDv05p6a intro.
20230327 031154.289 INFO             PET3     advectDiff_Parent-TO-advectDiff_Gen1Nestling0: InitializeIPDv05p6a extro.
20230327 031154.289 INFO             PET3     advectDiff_Parent-TO-advectDiff_Gen1Nestling1: InitializeIPDv05p6a intro.
20230327 031154.292 INFO             PET3     advectDiff_Parent-TO-advectDiff_Gen1Nestling1: InitializeIPDv05p6a extro.
20230327 031154.292 INFO             PET3     advectDiff_Gen1Nestling0-TO-advectDiff_Gen2Nestling0: InitializeIPDv05p6a intro.
20230327 031154.296 INFO             PET3     advectDiff_Gen1Nestling0-TO-advectDiff_Gen2Nestling0: InitializeIPDv05p6a extro.
20230327 031154.296 INFO             PET3     advectDiff_Parent-TO-advectDiff_Gen1Nestling0: InitializeIPDv05p6b intro.
20230327 031154.297 INFO             PET3       advectDiff_Parent-TO-advectDiff_Gen1Nestling0: handle cplList(1): density, cplSetList(1): __UNSPECIFIED__
