2023-04-12 04:12:31
20230412 045931.243 INFO             PET0 !!!!!!!!!!!!!!!!!!!!!!!!!!!!!!!!!!!!!!!!!!!!!!!!!!!!!!
20230412 045931.243 INFO             PET0 !!! THE ESMF_LOG IS SET TO OUTPUT ALL LOG MESSAGES !!!
20230412 045931.243 INFO             PET0 !!!     THIS MAY CAUSE SLOWDOWN IN PERFORMANCE     !!!
20230412 045931.243 INFO             PET0 !!! FOR PRODUCTION RUNS, USE:                      !!!
20230412 045931.243 INFO             PET0 !!!                   ESMF_LOGKIND_Multi_On_Error  !!!
20230412 045931.243 INFO             PET0 !!!!!!!!!!!!!!!!!!!!!!!!!!!!!!!!!!!!!!!!!!!!!!!!!!!!!!
20230412 045931.243 INFO             PET0 Running with ESMF Version   : v8.5.0b19-66-g6be63b4998
20230412 045931.243 INFO             PET0 ESMF library build date/time: "Apr 12 2023" "04:10:30"
20230412 045931.243 INFO             PET0 ESMF library build location : /glade/gust/scratch/theurich/ESMF-Nightly-Testing/nvhpc_23.1_mpi_O_feature_hconfig/esmf
20230412 045931.243 INFO             PET0 ESMF_COMM                   : mpi
20230412 045931.244 INFO             PET0 ESMF_MOAB                   : enabled
20230412 045931.244 INFO             PET0 ESMF_LAPACK                 : enabled
20230412 045931.244 INFO             PET0 ESMF_NETCDF                 : enabled
20230412 045931.244 INFO             PET0 ESMF_PNETCDF                : disabled
20230412 045931.244 INFO             PET0 ESMF_PIO                    : enabled
20230412 045931.244 INFO             PET0 ESMF_YAMLCPP                : enabled
20230412 045931.245 INFO             PET0 mainApp STARTING
20230412 045931.246 INFO             PET0 driver: InitializeGeneric intro.
20230412 045931.246 INFO             PET0   driver: InitializeP0 intro.
20230412 045931.246 INFO             PET0   driver: InitializeP0 extro.
20230412 045931.246 INFO             PET0   driver: InitializeIPDv02p1 intro.
20230412 045931.246 INFO             PET0     >>>driver: entered Initialize (phase=<none>) without valid internal Clock.
20230412 045931.246 INFO             PET0     driver - Creating model component MODEL without petList.
20230412 045931.247 INFO             PET0      GridCompIsPetLocal:   T
20230412 045931.247 INFO             PET0      VmIsCreated:   T
20230412 045931.247 INFO             PET0      valid MPI_COMM with size=            4
20230412 045931.247 INFO             PET0     driver - Creating state: modelComp 1 Import State
20230412 045931.247 INFO             PET0     driver - Creating state: modelComp 1 Export State
20230412 045931.248 INFO             PET0     MODEL: InitializeP0 intro.
20230412 045931.248 INFO             PET0       >>>MODEL: entered Initialize (phase=<none>) without valid internal Clock.
20230412 045931.248 INFO             PET0       <<<MODEL: leaving Initialize (phase=<none>) without valid internal Clock.
20230412 045931.248 INFO             PET0     MODEL: InitializeP0 extro.
20230412 045931.249 INFO             PET0     driver: IInitAdvertise intro.
20230412 045931.249 INFO             PET0     driver: IInitAdvertise extro.
20230412 045931.249 INFO             PET0     MODEL: InitializeIPDvXp01 intro.
20230412 045931.249 INFO             PET0       >>>MODEL: entered Initialize (phase=IPDvXp01) without valid internal Clock.
20230412 045931.249 INFO             PET0       <<<MODEL: leaving Initialize (phase=IPDvXp01) without valid internal Clock.
20230412 045931.249 INFO             PET0     MODEL: InitializeIPDvXp01 extro.
20230412 045931.250 INFO             PET0     driver: IInitAdvertiseFinish intro.
20230412 045931.250 INFO             PET0     driver: IInitAdvertiseFinish extro.
20230412 045931.250 INFO             PET0     driver: IInitModifyCplLists intro.
20230412 045931.250 INFO             PET0     driver: IInitModifyCplLists extro.
20230412 045931.250 INFO             PET0     <<<driver: leaving Initialize (phase=<none>) with current time:    0  1  1  0  0  0   0
20230412 045931.250 INFO             PET0   driver: InitializeIPDv02p1 extro.
20230412 045931.250 INFO             PET0   driver: InitializeIPDv02p3 intro.
20230412 045931.250 INFO             PET0     >>>driver: entered Initialize (phase=<none>) with current time:    0  1  1  0  0  0   0
20230412 045931.250 INFO             PET0     driver: IInitCheck intro.
20230412 045931.250 INFO             PET0     driver: IInitCheck extro.
20230412 045931.250 INFO             PET0     MODEL: InitializeIPDvXp04 intro.
20230412 045931.250 INFO             PET0       >>>MODEL: entered Initialize (phase=IPDvXp04) without valid internal Clock.
20230412 045931.251 INFO             PET0       After Realize: - MemInfo: [/proc/meminfo - SSI]	MemTotal:       263493964 kB
20230412 045931.251 INFO             PET0       After Realize: - MemInfo: [/proc/meminfo - SSI]	MemFree:        229445204 kB
20230412 045931.251 INFO             PET0       After Realize: - MemInfo: [/proc/meminfo - SSI]	MemAvailable:   235381240 kB
20230412 045931.251 INFO             PET0       After Realize: - MemInfo: [/proc/meminfo - SSI]	Committed_AS:   12169496 kB
20230412 045931.251 INFO             PET0       After Realize: - MemInfo: [/proc/meminfo - SSI]	CommittedPercent: 4.61851 %
20230412 045931.251 INFO             PET0       After Realize: - MemInfo: [/proc/self/status]	VmPeak:	  283488 kB
20230412 045931.251 INFO             PET0       After Realize: - MemInfo: [/proc/self/status]	VmSize:	  283488 kB
20230412 045931.251 INFO             PET0       After Realize: - MemInfo: [/proc/self/status]	VmLck:	       0 kB
20230412 045931.251 INFO             PET0       After Realize: - MemInfo: [/proc/self/status]	VmPin:	       0 kB
20230412 045931.251 INFO             PET0       After Realize: - MemInfo: [/proc/self/status]	VmHWM:	   77180 kB
20230412 045931.251 INFO             PET0       After Realize: - MemInfo: [/proc/self/status]	VmRSS:	   77180 kB
20230412 045931.251 INFO             PET0       After Realize: - MemInfo: [/proc/self/status]	VmData:	   82076 kB
20230412 045931.251 INFO             PET0       After Realize: - MemInfo: [/proc/self/status]	VmStk:	     208 kB
20230412 045931.251 INFO             PET0       After Realize: - MemInfo: [/proc/self/status]	VmExe:	     264 kB
20230412 045931.251 INFO             PET0       After Realize: - MemInfo: [/proc/self/status]	VmLib:	  101868 kB
20230412 045931.251 INFO             PET0       After Realize: - MemInfo: [/proc/self/status]	VmPTE:	     484 kB
20230412 045931.251 INFO             PET0       After Realize: - MemInfo: [/proc/self/status]	VmSwap:	       0 kB
20230412 045931.251 INFO             PET0       After Realize: - MemInfo: [/proc/self/status]	VmRSSPercent: 0.029291 %
20230412 045931.251 INFO             PET0       After Realize: - MemInfo: [malloc] Non-mmapped space allocated:                 1257472 Byte
20230412 045931.251 INFO             PET0       After Realize: - MemInfo: [malloc] Space allocated in mmapped regions:         51109888 Byte
20230412 045931.251 INFO             PET0       After Realize: - MemInfo: [malloc] Maximum total allocated space:                     0 Byte
20230412 045931.251 INFO             PET0       After Realize: - MemInfo: [malloc] Space in freed fastbin blocks:                   112 Byte
20230412 045931.251 INFO             PET0       After Realize: - MemInfo: [malloc] Total allocated space:                       1189744 Byte
20230412 045931.251 INFO             PET0       After Realize: - MemInfo: [malloc] Total free space:                              67728 Byte
20230412 045931.251 INFO             PET0       After Realize: - MemInfo: [malloc] Top-most, releasable space:                    66736 Byte
20230412 045931.251 INFO             PET0       After Realize: - MemInfo: [malloc] Total space in use, mmap + non-mmap:        52299632 Byte
20230412 045931.251 INFO             PET0       After Realize: - MemInfo: [malloc] Total space held (mmap + non-mmap):         52367360 Byte
20230412 045931.251 INFO             PET0       After Realize: - MemInfo: [malloc] Total space used (mmap + non-mmap):         52308272 Byte
20230412 045931.251 INFO             PET0       After Realize: - MemInfo: Wall-clock time since execution start:              0.0115258 seconds
20230412 045931.252 INFO             PET0       <<<MODEL: leaving Initialize (phase=IPDvXp04) without valid internal Clock.
20230412 045931.252 INFO             PET0     MODEL: InitializeIPDvXp04 extro.
20230412 045931.252 INFO             PET0     driver: IInitRealize intro.
20230412 045931.252 INFO             PET0     driver: IInitRealize extro.
20230412 045931.252 INFO             PET0     MODEL: InitializeIPDvXp07 intro.
20230412 045931.252 INFO             PET0       >>>MODEL: entered Initialize (phase=IPDvXp07) without valid internal Clock.
20230412 045931.252 INFO             PET0       <<<MODEL: leaving Initialize (phase=IPDvXp07) with current time:    0  1  1  0  0  0   0
20230412 045931.252 INFO             PET0     MODEL: InitializeIPDvXp07 extro.
20230412 045931.252 INFO             PET0     <<<driver: leaving Initialize (phase=<none>) with current time:    0  1  1  0  0  0   0
20230412 045931.252 INFO             PET0   driver: InitializeIPDv02p3 extro.
20230412 045931.252 INFO             PET0   driver: InitializeIPDv02p5 intro.
20230412 045931.252 INFO             PET0     >>>driver: entered Initialize (phase=<none>) with current time:    0  1  1  0  0  0   0
20230412 045931.252 INFO             PET0     driver: this is a top level driver, no 'Updated' and 'InitializeDataComplete' info on this level.
20230412 045931.252 INFO             PET0     driver: InitializeIPDv02p5Data intro.
20230412 045931.252 INFO             PET0       driver: InternalInitializeComplete intro.
20230412 045931.252 INFO             PET0         driver: InitializeDataComplete='true'
20230412 045931.252 INFO             PET0       driver: InternalInitializeComplete extro.
20230412 045931.252 INFO             PET0       MODEL: InitializeIPDvXp08 intro.
20230412 045931.252 INFO             PET0         >>>MODEL: entered Initialize (phase=IPDv05p8) with current time:    0  1  1  0  0  0   0
20230412 045931.252 INFO             PET0         MODEL: InitializeDataProgress='false', InitializeDataComplete='false'
20230412 045931.252 INFO             PET0         <<<MODEL: leaving Initialize (phase=IPDv05p8) with current time:    0  1  1  0  0  0   0
20230412 045931.252 INFO             PET0       MODEL: InitializeIPDvXp08 extro.
20230412 045931.252 INFO             PET0       driver: components present that trigger loopDataDependentInitialize().
20230412 045931.252 INFO             PET0       driver: loopDataDependentInitialize intro.
20230412 045931.253 INFO             PET0         driver: component    0=driver, dataComplete (local): true
20230412 045931.253 INFO             PET0         driver: component    0=driver, dataComplete (global):  T
20230412 045931.253 INFO             PET0         driver: component    1=MODEL, dataComplete (local): false
20230412 045931.253 INFO             PET0         driver: component    1=MODEL, dataComplete (global):  F
20230412 045931.253 INFO             PET0         MODEL: InitializeIPDvXp08 intro.
20230412 045931.253 INFO             PET0           >>>MODEL: entered Initialize (phase=IPDv05p8) with current time:    0  1  1  0  0  0   0
20230412 045931.253 INFO             PET0           MODEL: InitializeDataProgress='true', InitializeDataComplete='true'
20230412 045931.253 INFO             PET0           <<<MODEL: leaving Initialize (phase=IPDv05p8) with current time:    0  1  1  0  0  0   0
20230412 045931.253 INFO             PET0         MODEL: InitializeIPDvXp08 extro.
20230412 045931.253 INFO             PET0         driver: component    1=MODEL, someProgress (local): true
20230412 045931.253 INFO             PET0         driver: component    1=MODEL, someProgress (global):  T
20230412 045931.253 INFO             PET0         driver: someProgress= T, allComplete= F, present(dataDepAllComplete)= T
20230412 045931.253 INFO             PET0         driver: component    0=driver, dataComplete (local): true
20230412 045931.253 INFO             PET0         driver: component    0=driver, dataComplete (global):  T
20230412 045931.253 INFO             PET0         driver: component    1=MODEL, dataComplete (local): true
20230412 045931.253 INFO             PET0         driver: component    1=MODEL, dataComplete (global):  T
20230412 045931.253 INFO             PET0         driver: someProgress= F, allComplete= T, present(dataDepAllComplete)= T
20230412 045931.253 INFO             PET0         driver: finished resolving initialize data dependencies on this level.
20230412 045931.253 INFO             PET0       driver: loopDataDependentInitialize extro.
20230412 045931.253 INFO             PET0       driver: loopDataDependentInitialize() returned with dataDepAllComplete:  T
20230412 045931.253 INFO             PET0     driver: InitializeIPDv02p5Data extro.
20230412 045931.253 INFO             PET0     <<<driver: leaving Initialize (phase=<none>) with current time:    0  1  1  0  0  0   0
20230412 045931.253 INFO             PET0   driver: InitializeIPDv02p5 extro.
20230412 045931.253 INFO             PET0 driver: InitializeGeneric extro.
20230412 045931.253 INFO             PET0 driver: Run intro.
20230412 045931.253 INFO             PET0   >>>driver entered Run (phase=RunPhase1) with current time:    0  1  1  0  0  0   0
20230412 045931.253 INFO             PET0   driver: after lable_SetRunClock, current time:    0  1  1  0  0  0   0
20230412 045931.253 INFO             PET0   driver: begin -------> RunSequence.
20230412 045931.253 INFO             PET0     driver: RunSequence event loopLevel=   1  levelMember=   1  loopIteration=   1, current time:    0  1  1  0  0  0   0
20230412 045931.253 INFO             PET0     MODEL: Run intro.
20230412 045931.253 INFO             PET0       >>>MODEL: entered Run (phase=RunPhase1) with current time:    0  1  1  0  0  0   0
20230412 045931.253 INFO             PET0       MODEL: time step-loop starting, current time:    0  1  1  0  0  0   0
20230412 045931.256 INFO             PET0       thread_num=   0   currentSsiPe=   0   num_threads=   3   max_threads=   3   num_procs=   1
20230412 045931.256 INFO             PET0       thread_num=   2   currentSsiPe=   0   num_threads=   3   max_threads=   3   num_procs=   1
20230412 045931.256 INFO             PET0       thread_num=   1   currentSsiPe=   0   num_threads=   3   max_threads=   3   num_procs=   1
20230412 045931.256 INFO             PET0       ---->Advancing Model from:    0  1  1  0  0  0   0
20230412 045931.256 INFO             PET0       ---------------------> to:    0  1  1  0  0 30   0
20230412 045931.256 INFO             PET0       MODEL: time step-loop ending,   current time:    0  1  1  0  0 30   0
20230412 045931.256 INFO             PET0       <<<MODEL: leaving Run (phase=RunPhase1) with current time:    0  1  1  0  0 30   0
20230412 045931.256 INFO             PET0     MODEL: Run extro.
20230412 045931.256 INFO             PET0     driver: RunSequence event loopLevel=   1  levelMember=   1  loopIteration=   2, current time:    0  1  1  0  0 30   0
20230412 045931.256 INFO             PET0     MODEL: Run intro.
20230412 045931.256 INFO             PET0       >>>MODEL: entered Run (phase=RunPhase1) with current time:    0  1  1  0  0 30   0
20230412 045931.256 INFO             PET0       MODEL: time step-loop starting, current time:    0  1  1  0  0 30   0
20230412 045931.256 INFO             PET0       thread_num=   0   currentSsiPe=   0   num_threads=   3   max_threads=   3   num_procs=   1
20230412 045931.256 INFO             PET0       thread_num=   1   currentSsiPe=   0   num_threads=   3   max_threads=   3   num_procs=   1
20230412 045931.256 INFO             PET0       thread_num=   2   currentSsiPe=   0   num_threads=   3   max_threads=   3   num_procs=   1
20230412 045931.256 INFO             PET0       ---->Advancing Model from:    0  1  1  0  0 30   0
20230412 045931.256 INFO             PET0       ---------------------> to:    0  1  1  0  1  0   0
20230412 045931.256 INFO             PET0       MODEL: time step-loop ending,   current time:    0  1  1  0  1  0   0
20230412 045931.256 INFO             PET0       <<<MODEL: leaving Run (phase=RunPhase1) with current time:    0  1  1  0  1  0   0
20230412 045931.256 INFO             PET0     MODEL: Run extro.
20230412 045931.256 INFO             PET0     driver: RunSequence event loopLevel=   1  levelMember=   1  loopIteration=   3, current time:    0  1  1  0  1  0   0
20230412 045931.256 INFO             PET0     MODEL: Run intro.
20230412 045931.256 INFO             PET0       >>>MODEL: entered Run (phase=RunPhase1) with current time:    0  1  1  0  1  0   0
20230412 045931.256 INFO             PET0       MODEL: time step-loop starting, current time:    0  1  1  0  1  0   0
20230412 045931.256 INFO             PET0       thread_num=   0   currentSsiPe=   0   num_threads=   3   max_threads=   3   num_procs=   1
20230412 045931.256 INFO             PET0       thread_num=   1   currentSsiPe=   0   num_threads=   3   max_threads=   3   num_procs=   1
20230412 045931.256 INFO             PET0       thread_num=   2   currentSsiPe=   0   num_threads=   3   max_threads=   3   num_procs=   1
20230412 045931.256 INFO             PET0       ---->Advancing Model from:    0  1  1  0  1  0   0
20230412 045931.256 INFO             PET0       ---------------------> to:    0  1  1  0  1 30   0
20230412 045931.256 INFO             PET0       MODEL: time step-loop ending,   current time:    0  1  1  0  1 30   0
20230412 045931.256 INFO             PET0       <<<MODEL: leaving Run (phase=RunPhase1) with current time:    0  1  1  0  1 30   0
20230412 045931.256 INFO             PET0     MODEL: Run extro.
20230412 045931.256 INFO             PET0     driver: RunSequence event loopLevel=   1  levelMember=   1  loopIteration=   4, current time:    0  1  1  0  1 30   0
20230412 045931.256 INFO             PET0     MODEL: Run intro.
20230412 045931.256 INFO             PET0       >>>MODEL: entered Run (phase=RunPhase1) with current time:    0  1  1  0  1 30   0
20230412 045931.256 INFO             PET0       MODEL: time step-loop starting, current time:    0  1  1  0  1 30   0
20230412 045931.256 INFO             PET0       thread_num=   0   currentSsiPe=   0   num_threads=   3   max_threads=   3   num_procs=   1
20230412 045931.256 INFO             PET0       thread_num=   1   currentSsiPe=   0   num_threads=   3   max_threads=   3   num_procs=   1
20230412 045931.256 INFO             PET0       thread_num=   2   currentSsiPe=   0   num_threads=   3   max_threads=   3   num_procs=   1
20230412 045931.256 INFO             PET0       ---->Advancing Model from:    0  1  1  0  1 30   0
20230412 045931.256 INFO             PET0       ---------------------> to:    0  1  1  0  2  0   0
20230412 045931.256 INFO             PET0       MODEL: time step-loop ending,   current time:    0  1  1  0  2  0   0
20230412 045931.256 INFO             PET0       <<<MODEL: leaving Run (phase=RunPhase1) with current time:    0  1  1  0  2  0   0
20230412 045931.256 INFO             PET0     MODEL: Run extro.
20230412 045931.256 INFO             PET0     driver: RunSequence event loopLevel=   1  levelMember=   1  loopIteration=   5, current time:    0  1  1  0  2  0   0
20230412 045931.256 INFO             PET0     MODEL: Run intro.
20230412 045931.256 INFO             PET0       >>>MODEL: entered Run (phase=RunPhase1) with current time:    0  1  1  0  2  0   0
20230412 045931.256 INFO             PET0       MODEL: time step-loop starting, current time:    0  1  1  0  2  0   0
20230412 045931.256 INFO             PET0       thread_num=   0   currentSsiPe=   0   num_threads=   3   max_threads=   3   num_procs=   1
20230412 045931.256 INFO             PET0       thread_num=   1   currentSsiPe=   0   num_threads=   3   max_threads=   3   num_procs=   1
20230412 045931.256 INFO             PET0       thread_num=   2   currentSsiPe=   0   num_threads=   3   max_threads=   3   num_procs=   1
20230412 045931.256 INFO             PET0       ---->Advancing Model from:    0  1  1  0  2  0   0
20230412 045931.256 INFO             PET0       ---------------------> to:    0  1  1  0  2 30   0
20230412 045931.256 INFO             PET0       MODEL: time step-loop ending,   current time:    0  1  1  0  2 30   0
20230412 045931.256 INFO             PET0       <<<MODEL: leaving Run (phase=RunPhase1) with current time:    0  1  1  0  2 30   0
20230412 045931.256 INFO             PET0     MODEL: Run extro.
20230412 045931.256 INFO             PET0   driver: end <--------- RunSequence
20230412 045931.256 INFO             PET0   <<<driver - leaving Run with current time:    0  1  1  0  2 30   0
20230412 045931.256 INFO             PET0 driver: Run extro.
20230412 045931.256 INFO             PET0 driver: Finalize intro.
20230412 045931.256 INFO             PET0   Calling Finalize phase 1 for modelComp: MODEL
20230412 045931.256 INFO             PET0   MODEL: Finalize intro.
20230412 045931.256 INFO             PET0     >>>MODEL: entered Finalize (phase=FinalizePhase1) with current time:    0  1  1  0  2 30   0
20230412 045931.256 INFO             PET0     <<<MODEL: leaving Finalize (phase=FinalizePhase1) with current time:    0  1  1  0  2 30   0
20230412 045931.256 INFO             PET0   MODEL: Finalize extro.
20230412 045931.256 INFO             PET0   Delete modelComp: MODEL
20230412 045931.256 INFO             PET0   Delete Import-/Export State for modelComp: MODEL
20230412 045931.256 INFO             PET0 driver: Finalize extro.
20230412 045931.256 INFO             PET0 mainApp FINISHED
20230412 045931.256 INFO             PET0 Finalizing ESMF
20230412 045931.243 INFO             PET1 !!!!!!!!!!!!!!!!!!!!!!!!!!!!!!!!!!!!!!!!!!!!!!!!!!!!!!
20230412 045931.243 INFO             PET1 !!! THE ESMF_LOG IS SET TO OUTPUT ALL LOG MESSAGES !!!
20230412 045931.243 INFO             PET1 !!!     THIS MAY CAUSE SLOWDOWN IN PERFORMANCE     !!!
20230412 045931.243 INFO             PET1 !!! FOR PRODUCTION RUNS, USE:                      !!!
20230412 045931.243 INFO             PET1 !!!                   ESMF_LOGKIND_Multi_On_Error  !!!
20230412 045931.243 INFO             PET1 !!!!!!!!!!!!!!!!!!!!!!!!!!!!!!!!!!!!!!!!!!!!!!!!!!!!!!
20230412 045931.243 INFO             PET1 Running with ESMF Version   : v8.5.0b19-66-g6be63b4998
20230412 045931.243 INFO             PET1 ESMF library build date/time: "Apr 12 2023" "04:10:30"
20230412 045931.243 INFO             PET1 ESMF library build location : /glade/gust/scratch/theurich/ESMF-Nightly-Testing/nvhpc_23.1_mpi_O_feature_hconfig/esmf
20230412 045931.243 INFO             PET1 ESMF_COMM                   : mpi
20230412 045931.244 INFO             PET1 ESMF_MOAB                   : enabled
20230412 045931.244 INFO             PET1 ESMF_LAPACK                 : enabled
20230412 045931.244 INFO             PET1 ESMF_NETCDF                 : enabled
20230412 045931.244 INFO             PET1 ESMF_PNETCDF                : disabled
20230412 045931.244 INFO             PET1 ESMF_PIO                    : enabled
20230412 045931.244 INFO             PET1 ESMF_YAMLCPP                : enabled
20230412 045931.245 INFO             PET1 mainApp STARTING
20230412 045931.246 INFO             PET1 driver: InitializeGeneric intro.
20230412 045931.246 INFO             PET1   driver: InitializeP0 intro.
20230412 045931.246 INFO             PET1   driver: InitializeP0 extro.
20230412 045931.246 INFO             PET1   driver: InitializeIPDv02p1 intro.
20230412 045931.246 INFO             PET1     >>>driver: entered Initialize (phase=<none>) without valid internal Clock.
20230412 045931.246 INFO             PET1     driver - Creating model component MODEL without petList.
20230412 045931.247 INFO             PET1      GridCompIsPetLocal:   T
20230412 045931.247 INFO             PET1      VmIsCreated:   T
20230412 045931.247 INFO             PET1      valid MPI_COMM with size=            4
20230412 045931.247 INFO             PET1     driver - Creating state: modelComp 1 Import State
20230412 045931.247 INFO             PET1     driver - Creating state: modelComp 1 Export State
20230412 045931.248 INFO             PET1     MODEL: InitializeP0 intro.
20230412 045931.248 INFO             PET1       >>>MODEL: entered Initialize (phase=<none>) without valid internal Clock.
20230412 045931.248 INFO             PET1       <<<MODEL: leaving Initialize (phase=<none>) without valid internal Clock.
20230412 045931.248 INFO             PET1     MODEL: InitializeP0 extro.
20230412 045931.249 INFO             PET1     driver: IInitAdvertise intro.
20230412 045931.249 INFO             PET1     driver: IInitAdvertise extro.
20230412 045931.249 INFO             PET1     MODEL: InitializeIPDvXp01 intro.
20230412 045931.249 INFO             PET1       >>>MODEL: entered Initialize (phase=IPDvXp01) without valid internal Clock.
20230412 045931.249 INFO             PET1       <<<MODEL: leaving Initialize (phase=IPDvXp01) without valid internal Clock.
20230412 045931.249 INFO             PET1     MODEL: InitializeIPDvXp01 extro.
20230412 045931.250 INFO             PET1     driver: IInitAdvertiseFinish intro.
20230412 045931.250 INFO             PET1     driver: IInitAdvertiseFinish extro.
20230412 045931.250 INFO             PET1     driver: IInitModifyCplLists intro.
20230412 045931.250 INFO             PET1     driver: IInitModifyCplLists extro.
20230412 045931.250 INFO             PET1     <<<driver: leaving Initialize (phase=<none>) with current time:    0  1  1  0  0  0   0
20230412 045931.250 INFO             PET1   driver: InitializeIPDv02p1 extro.
20230412 045931.250 INFO             PET1   driver: InitializeIPDv02p3 intro.
20230412 045931.250 INFO             PET1     >>>driver: entered Initialize (phase=<none>) with current time:    0  1  1  0  0  0   0
20230412 045931.250 INFO             PET1     driver: IInitCheck intro.
20230412 045931.250 INFO             PET1     driver: IInitCheck extro.
20230412 045931.250 INFO             PET1     MODEL: InitializeIPDvXp04 intro.
20230412 045931.250 INFO             PET1       >>>MODEL: entered Initialize (phase=IPDvXp04) without valid internal Clock.
20230412 045931.251 INFO             PET1       After Realize: - MemInfo: [/proc/meminfo - SSI]	MemTotal:       263493964 kB
20230412 045931.251 INFO             PET1       After Realize: - MemInfo: [/proc/meminfo - SSI]	MemFree:        229445204 kB
20230412 045931.251 INFO             PET1       After Realize: - MemInfo: [/proc/meminfo - SSI]	MemAvailable:   235381240 kB
20230412 045931.251 INFO             PET1       After Realize: - MemInfo: [/proc/meminfo - SSI]	Committed_AS:   12169496 kB
20230412 045931.251 INFO             PET1       After Realize: - MemInfo: [/proc/meminfo - SSI]	CommittedPercent: 4.61851 %
20230412 045931.251 INFO             PET1       After Realize: - MemInfo: [/proc/self/status]	VmPeak:	  283468 kB
20230412 045931.251 INFO             PET1       After Realize: - MemInfo: [/proc/self/status]	VmSize:	  283468 kB
20230412 045931.251 INFO             PET1       After Realize: - MemInfo: [/proc/self/status]	VmLck:	       0 kB
20230412 045931.251 INFO             PET1       After Realize: - MemInfo: [/proc/self/status]	VmPin:	       0 kB
20230412 045931.251 INFO             PET1       After Realize: - MemInfo: [/proc/self/status]	VmHWM:	   77316 kB
20230412 045931.251 INFO             PET1       After Realize: - MemInfo: [/proc/self/status]	VmRSS:	   77316 kB
20230412 045931.251 INFO             PET1       After Realize: - MemInfo: [/proc/self/status]	VmData:	   82056 kB
20230412 045931.251 INFO             PET1       After Realize: - MemInfo: [/proc/self/status]	VmStk:	     208 kB
20230412 045931.251 INFO             PET1       After Realize: - MemInfo: [/proc/self/status]	VmExe:	     264 kB
20230412 045931.251 INFO             PET1       After Realize: - MemInfo: [/proc/self/status]	VmLib:	  101868 kB
20230412 045931.251 INFO             PET1       After Realize: - MemInfo: [/proc/self/status]	VmPTE:	     480 kB
20230412 045931.251 INFO             PET1       After Realize: - MemInfo: [/proc/self/status]	VmSwap:	       0 kB
20230412 045931.251 INFO             PET1       After Realize: - MemInfo: [/proc/self/status]	VmRSSPercent: 0.0293426 %
20230412 045931.251 INFO             PET1       After Realize: - MemInfo: [malloc] Non-mmapped space allocated:                 1236992 Byte
20230412 045931.251 INFO             PET1       After Realize: - MemInfo: [malloc] Space allocated in mmapped regions:         51109888 Byte
20230412 045931.251 INFO             PET1       After Realize: - MemInfo: [malloc] Maximum total allocated space:                     0 Byte
20230412 045931.251 INFO             PET1       After Realize: - MemInfo: [malloc] Space in freed fastbin blocks:                   112 Byte
20230412 045931.251 INFO             PET1       After Realize: - MemInfo: [malloc] Total allocated space:                       1171056 Byte
20230412 045931.251 INFO             PET1       After Realize: - MemInfo: [malloc] Total free space:                              65936 Byte
20230412 045931.251 INFO             PET1       After Realize: - MemInfo: [malloc] Top-most, releasable space:                    64944 Byte
20230412 045931.251 INFO             PET1       After Realize: - MemInfo: [malloc] Total space in use, mmap + non-mmap:        52280944 Byte
20230412 045931.251 INFO             PET1       After Realize: - MemInfo: [malloc] Total space held (mmap + non-mmap):         52346880 Byte
20230412 045931.251 INFO             PET1       After Realize: - MemInfo: [malloc] Total space used (mmap + non-mmap):         52289584 Byte
20230412 045931.251 INFO             PET1       After Realize: - MemInfo: Wall-clock time since execution start:              0.0115464 seconds
20230412 045931.252 INFO             PET1       <<<MODEL: leaving Initialize (phase=IPDvXp04) without valid internal Clock.
20230412 045931.252 INFO             PET1     MODEL: InitializeIPDvXp04 extro.
20230412 045931.252 INFO             PET1     driver: IInitRealize intro.
20230412 045931.252 INFO             PET1     driver: IInitRealize extro.
20230412 045931.252 INFO             PET1     MODEL: InitializeIPDvXp07 intro.
20230412 045931.252 INFO             PET1       >>>MODEL: entered Initialize (phase=IPDvXp07) without valid internal Clock.
20230412 045931.252 INFO             PET1       <<<MODEL: leaving Initialize (phase=IPDvXp07) with current time:    0  1  1  0  0  0   0
20230412 045931.252 INFO             PET1     MODEL: InitializeIPDvXp07 extro.
20230412 045931.252 INFO             PET1     <<<driver: leaving Initialize (phase=<none>) with current time:    0  1  1  0  0  0   0
20230412 045931.252 INFO             PET1   driver: InitializeIPDv02p3 extro.
20230412 045931.252 INFO             PET1   driver: InitializeIPDv02p5 intro.
20230412 045931.252 INFO             PET1     >>>driver: entered Initialize (phase=<none>) with current time:    0  1  1  0  0  0   0
20230412 045931.252 INFO             PET1     driver: this is a top level driver, no 'Updated' and 'InitializeDataComplete' info on this level.
20230412 045931.252 INFO             PET1     driver: InitializeIPDv02p5Data intro.
20230412 045931.252 INFO             PET1       driver: InternalInitializeComplete intro.
20230412 045931.252 INFO             PET1         driver: InitializeDataComplete='true'
20230412 045931.252 INFO             PET1       driver: InternalInitializeComplete extro.
20230412 045931.252 INFO             PET1       MODEL: InitializeIPDvXp08 intro.
20230412 045931.252 INFO             PET1         >>>MODEL: entered Initialize (phase=IPDv05p8) with current time:    0  1  1  0  0  0   0
20230412 045931.252 INFO             PET1         MODEL: InitializeDataProgress='false', InitializeDataComplete='false'
20230412 045931.252 INFO             PET1         <<<MODEL: leaving Initialize (phase=IPDv05p8) with current time:    0  1  1  0  0  0   0
20230412 045931.252 INFO             PET1       MODEL: InitializeIPDvXp08 extro.
20230412 045931.252 INFO             PET1       driver: components present that trigger loopDataDependentInitialize().
20230412 045931.252 INFO             PET1       driver: loopDataDependentInitialize intro.
20230412 045931.253 INFO             PET1         driver: component    0=driver, dataComplete (local): true
20230412 045931.253 INFO             PET1         driver: component    0=driver, dataComplete (global):  T
20230412 045931.253 INFO             PET1         driver: component    1=MODEL, dataComplete (local): false
20230412 045931.253 INFO             PET1         driver: component    1=MODEL, dataComplete (global):  F
20230412 045931.253 INFO             PET1         MODEL: InitializeIPDvXp08 intro.
20230412 045931.253 INFO             PET1           >>>MODEL: entered Initialize (phase=IPDv05p8) with current time:    0  1  1  0  0  0   0
20230412 045931.253 INFO             PET1           MODEL: InitializeDataProgress='true', InitializeDataComplete='true'
20230412 045931.253 INFO             PET1           <<<MODEL: leaving Initialize (phase=IPDv05p8) with current time:    0  1  1  0  0  0   0
20230412 045931.253 INFO             PET1         MODEL: InitializeIPDvXp08 extro.
20230412 045931.253 INFO             PET1         driver: component    1=MODEL, someProgress (local): true
20230412 045931.253 INFO             PET1         driver: component    1=MODEL, someProgress (global):  T
20230412 045931.253 INFO             PET1         driver: someProgress= T, allComplete= F, present(dataDepAllComplete)= T
20230412 045931.253 INFO             PET1         driver: component    0=driver, dataComplete (local): true
20230412 045931.253 INFO             PET1         driver: component    0=driver, dataComplete (global):  T
20230412 045931.253 INFO             PET1         driver: component    1=MODEL, dataComplete (local): true
20230412 045931.253 INFO             PET1         driver: component    1=MODEL, dataComplete (global):  T
20230412 045931.253 INFO             PET1         driver: someProgress= F, allComplete= T, present(dataDepAllComplete)= T
20230412 045931.253 INFO             PET1         driver: finished resolving initialize data dependencies on this level.
20230412 045931.253 INFO             PET1       driver: loopDataDependentInitialize extro.
20230412 045931.253 INFO             PET1       driver: loopDataDependentInitialize() returned with dataDepAllComplete:  T
20230412 045931.253 INFO             PET1     driver: InitializeIPDv02p5Data extro.
20230412 045931.253 INFO             PET1     <<<driver: leaving Initialize (phase=<none>) with current time:    0  1  1  0  0  0   0
20230412 045931.253 INFO             PET1   driver: InitializeIPDv02p5 extro.
20230412 045931.253 INFO             PET1 driver: InitializeGeneric extro.
20230412 045931.253 INFO             PET1 driver: Run intro.
20230412 045931.253 INFO             PET1   >>>driver entered Run (phase=RunPhase1) with current time:    0  1  1  0  0  0   0
20230412 045931.253 INFO             PET1   driver: after lable_SetRunClock, current time:    0  1  1  0  0  0   0
20230412 045931.253 INFO             PET1   driver: begin -------> RunSequence.
20230412 045931.253 INFO             PET1     driver: RunSequence event loopLevel=   1  levelMember=   1  loopIteration=   1, current time:    0  1  1  0  0  0   0
20230412 045931.253 INFO             PET1     MODEL: Run intro.
20230412 045931.253 INFO             PET1       >>>MODEL: entered Run (phase=RunPhase1) with current time:    0  1  1  0  0  0   0
20230412 045931.253 INFO             PET1       MODEL: time step-loop starting, current time:    0  1  1  0  0  0   0
20230412 045931.264 INFO             PET1       thread_num=   0   currentSsiPe=   1   num_threads=   3   max_threads=   3   num_procs=   1
20230412 045931.264 INFO             PET1       thread_num=   1   currentSsiPe=   1   num_threads=   3   max_threads=   3   num_procs=   1
20230412 045931.279 INFO             PET1       thread_num=   2   currentSsiPe=   1   num_threads=   3   max_threads=   3   num_procs=   1
20230412 045931.279 INFO             PET1       ---->Advancing Model from:    0  1  1  0  0  0   0
20230412 045931.279 INFO             PET1       ---------------------> to:    0  1  1  0  0 30   0
20230412 045931.279 INFO             PET1       MODEL: time step-loop ending,   current time:    0  1  1  0  0 30   0
20230412 045931.279 INFO             PET1       <<<MODEL: leaving Run (phase=RunPhase1) with current time:    0  1  1  0  0 30   0
20230412 045931.279 INFO             PET1     MODEL: Run extro.
20230412 045931.279 INFO             PET1     driver: RunSequence event loopLevel=   1  levelMember=   1  loopIteration=   2, current time:    0  1  1  0  0 30   0
20230412 045931.279 INFO             PET1     MODEL: Run intro.
20230412 045931.279 INFO             PET1       >>>MODEL: entered Run (phase=RunPhase1) with current time:    0  1  1  0  0 30   0
20230412 045931.279 INFO             PET1       MODEL: time step-loop starting, current time:    0  1  1  0  0 30   0
20230412 045931.279 INFO             PET1       thread_num=   0   currentSsiPe=   1   num_threads=   3   max_threads=   3   num_procs=   1
20230412 045931.279 INFO             PET1       thread_num=   1   currentSsiPe=   1   num_threads=   3   max_threads=   3   num_procs=   1
20230412 045931.279 INFO             PET1       thread_num=   2   currentSsiPe=   1   num_threads=   3   max_threads=   3   num_procs=   1
20230412 045931.279 INFO             PET1       ---->Advancing Model from:    0  1  1  0  0 30   0
20230412 045931.279 INFO             PET1       ---------------------> to:    0  1  1  0  1  0   0
20230412 045931.279 INFO             PET1       MODEL: time step-loop ending,   current time:    0  1  1  0  1  0   0
20230412 045931.279 INFO             PET1       <<<MODEL: leaving Run (phase=RunPhase1) with current time:    0  1  1  0  1  0   0
20230412 045931.279 INFO             PET1     MODEL: Run extro.
20230412 045931.279 INFO             PET1     driver: RunSequence event loopLevel=   1  levelMember=   1  loopIteration=   3, current time:    0  1  1  0  1  0   0
20230412 045931.279 INFO             PET1     MODEL: Run intro.
20230412 045931.279 INFO             PET1       >>>MODEL: entered Run (phase=RunPhase1) with current time:    0  1  1  0  1  0   0
20230412 045931.279 INFO             PET1       MODEL: time step-loop starting, current time:    0  1  1  0  1  0   0
20230412 045931.279 INFO             PET1       thread_num=   0   currentSsiPe=   1   num_threads=   3   max_threads=   3   num_procs=   1
20230412 045931.279 INFO             PET1       thread_num=   1   currentSsiPe=   1   num_threads=   3   max_threads=   3   num_procs=   1
20230412 045931.279 INFO             PET1       thread_num=   2   currentSsiPe=   1   num_threads=   3   max_threads=   3   num_procs=   1
20230412 045931.279 INFO             PET1       ---->Advancing Model from:    0  1  1  0  1  0   0
20230412 045931.279 INFO             PET1       ---------------------> to:    0  1  1  0  1 30   0
20230412 045931.279 INFO             PET1       MODEL: time step-loop ending,   current time:    0  1  1  0  1 30   0
20230412 045931.279 INFO             PET1       <<<MODEL: leaving Run (phase=RunPhase1) with current time:    0  1  1  0  1 30   0
20230412 045931.279 INFO             PET1     MODEL: Run extro.
20230412 045931.279 INFO             PET1     driver: RunSequence event loopLevel=   1  levelMember=   1  loopIteration=   4, current time:    0  1  1  0  1 30   0
20230412 045931.279 INFO             PET1     MODEL: Run intro.
20230412 045931.279 INFO             PET1       >>>MODEL: entered Run (phase=RunPhase1) with current time:    0  1  1  0  1 30   0
20230412 045931.279 INFO             PET1       MODEL: time step-loop starting, current time:    0  1  1  0  1 30   0
20230412 045931.279 INFO             PET1       thread_num=   0   currentSsiPe=   1   num_threads=   3   max_threads=   3   num_procs=   1
20230412 045931.279 INFO             PET1       thread_num=   1   currentSsiPe=   1   num_threads=   3   max_threads=   3   num_procs=   1
20230412 045931.279 INFO             PET1       thread_num=   2   currentSsiPe=   1   num_threads=   3   max_threads=   3   num_procs=   1
20230412 045931.279 INFO             PET1       ---->Advancing Model from:    0  1  1  0  1 30   0
20230412 045931.279 INFO             PET1       ---------------------> to:    0  1  1  0  2  0   0
20230412 045931.279 INFO             PET1       MODEL: time step-loop ending,   current time:    0  1  1  0  2  0   0
20230412 045931.279 INFO             PET1       <<<MODEL: leaving Run (phase=RunPhase1) with current time:    0  1  1  0  2  0   0
20230412 045931.279 INFO             PET1     MODEL: Run extro.
20230412 045931.279 INFO             PET1     driver: RunSequence event loopLevel=   1  levelMember=   1  loopIteration=   5, current time:    0  1  1  0  2  0   0
20230412 045931.279 INFO             PET1     MODEL: Run intro.
20230412 045931.279 INFO             PET1       >>>MODEL: entered Run (phase=RunPhase1) with current time:    0  1  1  0  2  0   0
20230412 045931.279 INFO             PET1       MODEL: time step-loop starting, current time:    0  1  1  0  2  0   0
20230412 045931.279 INFO             PET1       thread_num=   0   currentSsiPe=   1   num_threads=   3   max_threads=   3   num_procs=   1
20230412 045931.279 INFO             PET1       thread_num=   1   currentSsiPe=   1   num_threads=   3   max_threads=   3   num_procs=   1
20230412 045931.279 INFO             PET1       thread_num=   2   currentSsiPe=   1   num_threads=   3   max_threads=   3   num_procs=   1
20230412 045931.279 INFO             PET1       ---->Advancing Model from:    0  1  1  0  2  0   0
20230412 045931.279 INFO             PET1       ---------------------> to:    0  1  1  0  2 30   0
20230412 045931.279 INFO             PET1       MODEL: time step-loop ending,   current time:    0  1  1  0  2 30   0
20230412 045931.279 INFO             PET1       <<<MODEL: leaving Run (phase=RunPhase1) with current time:    0  1  1  0  2 30   0
20230412 045931.279 INFO             PET1     MODEL: Run extro.
20230412 045931.279 INFO             PET1   driver: end <--------- RunSequence
20230412 045931.279 INFO             PET1   <<<driver - leaving Run with current time:    0  1  1  0  2 30   0
20230412 045931.279 INFO             PET1 driver: Run extro.
20230412 045931.279 INFO             PET1 driver: Finalize intro.
20230412 045931.279 INFO             PET1   Calling Finalize phase 1 for modelComp: MODEL
20230412 045931.279 INFO             PET1   MODEL: Finalize intro.
20230412 045931.279 INFO             PET1     >>>MODEL: entered Finalize (phase=FinalizePhase1) with current time:    0  1  1  0  2 30   0
20230412 045931.279 INFO             PET1     <<<MODEL: leaving Finalize (phase=FinalizePhase1) with current time:    0  1  1  0  2 30   0
20230412 045931.279 INFO             PET1   MODEL: Finalize extro.
20230412 045931.279 INFO             PET1   Delete modelComp: MODEL
20230412 045931.279 INFO             PET1   Delete Import-/Export State for modelComp: MODEL
20230412 045931.280 INFO             PET1 driver: Finalize extro.
20230412 045931.280 INFO             PET1 mainApp FINISHED
20230412 045931.280 INFO             PET1 Finalizing ESMF
20230412 045931.243 INFO             PET2 !!!!!!!!!!!!!!!!!!!!!!!!!!!!!!!!!!!!!!!!!!!!!!!!!!!!!!
20230412 045931.243 INFO             PET2 !!! THE ESMF_LOG IS SET TO OUTPUT ALL LOG MESSAGES !!!
20230412 045931.243 INFO             PET2 !!!     THIS MAY CAUSE SLOWDOWN IN PERFORMANCE     !!!
20230412 045931.243 INFO             PET2 !!! FOR PRODUCTION RUNS, USE:                      !!!
20230412 045931.243 INFO             PET2 !!!                   ESMF_LOGKIND_Multi_On_Error  !!!
20230412 045931.243 INFO             PET2 !!!!!!!!!!!!!!!!!!!!!!!!!!!!!!!!!!!!!!!!!!!!!!!!!!!!!!
20230412 045931.243 INFO             PET2 Running with ESMF Version   : v8.5.0b19-66-g6be63b4998
20230412 045931.243 INFO             PET2 ESMF library build date/time: "Apr 12 2023" "04:10:30"
20230412 045931.243 INFO             PET2 ESMF library build location : /glade/gust/scratch/theurich/ESMF-Nightly-Testing/nvhpc_23.1_mpi_O_feature_hconfig/esmf
20230412 045931.243 INFO             PET2 ESMF_COMM                   : mpi
20230412 045931.244 INFO             PET2 ESMF_MOAB                   : enabled
20230412 045931.244 INFO             PET2 ESMF_LAPACK                 : enabled
20230412 045931.244 INFO             PET2 ESMF_NETCDF                 : enabled
20230412 045931.244 INFO             PET2 ESMF_PNETCDF                : disabled
20230412 045931.244 INFO             PET2 ESMF_PIO                    : enabled
20230412 045931.244 INFO             PET2 ESMF_YAMLCPP                : enabled
20230412 045931.245 INFO             PET2 mainApp STARTING
20230412 045931.246 INFO             PET2 driver: InitializeGeneric intro.
20230412 045931.246 INFO             PET2   driver: InitializeP0 intro.
20230412 045931.246 INFO             PET2   driver: InitializeP0 extro.
20230412 045931.246 INFO             PET2   driver: InitializeIPDv02p1 intro.
20230412 045931.246 INFO             PET2     >>>driver: entered Initialize (phase=<none>) without valid internal Clock.
20230412 045931.246 INFO             PET2     driver - Creating model component MODEL without petList.
20230412 045931.247 INFO             PET2      GridCompIsPetLocal:   T
20230412 045931.247 INFO             PET2      VmIsCreated:   T
20230412 045931.247 INFO             PET2      valid MPI_COMM with size=            4
20230412 045931.247 INFO             PET2     driver - Creating state: modelComp 1 Import State
20230412 045931.247 INFO             PET2     driver - Creating state: modelComp 1 Export State
20230412 045931.248 INFO             PET2     MODEL: InitializeP0 intro.
20230412 045931.248 INFO             PET2       >>>MODEL: entered Initialize (phase=<none>) without valid internal Clock.
20230412 045931.248 INFO             PET2       <<<MODEL: leaving Initialize (phase=<none>) without valid internal Clock.
20230412 045931.248 INFO             PET2     MODEL: InitializeP0 extro.
20230412 045931.249 INFO             PET2     driver: IInitAdvertise intro.
20230412 045931.249 INFO             PET2     driver: IInitAdvertise extro.
20230412 045931.249 INFO             PET2     MODEL: InitializeIPDvXp01 intro.
20230412 045931.249 INFO             PET2       >>>MODEL: entered Initialize (phase=IPDvXp01) without valid internal Clock.
20230412 045931.249 INFO             PET2       <<<MODEL: leaving Initialize (phase=IPDvXp01) without valid internal Clock.
20230412 045931.249 INFO             PET2     MODEL: InitializeIPDvXp01 extro.
20230412 045931.250 INFO             PET2     driver: IInitAdvertiseFinish intro.
20230412 045931.250 INFO             PET2     driver: IInitAdvertiseFinish extro.
20230412 045931.250 INFO             PET2     driver: IInitModifyCplLists intro.
20230412 045931.250 INFO             PET2     driver: IInitModifyCplLists extro.
20230412 045931.250 INFO             PET2     <<<driver: leaving Initialize (phase=<none>) with current time:    0  1  1  0  0  0   0
20230412 045931.250 INFO             PET2   driver: InitializeIPDv02p1 extro.
20230412 045931.250 INFO             PET2   driver: InitializeIPDv02p3 intro.
20230412 045931.250 INFO             PET2     >>>driver: entered Initialize (phase=<none>) with current time:    0  1  1  0  0  0   0
20230412 045931.250 INFO             PET2     driver: IInitCheck intro.
20230412 045931.250 INFO             PET2     driver: IInitCheck extro.
20230412 045931.250 INFO             PET2     MODEL: InitializeIPDvXp04 intro.
20230412 045931.250 INFO             PET2       >>>MODEL: entered Initialize (phase=IPDvXp04) without valid internal Clock.
20230412 045931.251 INFO             PET2       After Realize: - MemInfo: [/proc/meminfo - SSI]	MemTotal:       263493964 kB
20230412 045931.251 INFO             PET2       After Realize: - MemInfo: [/proc/meminfo - SSI]	MemFree:        229445204 kB
20230412 045931.251 INFO             PET2       After Realize: - MemInfo: [/proc/meminfo - SSI]	MemAvailable:   235381240 kB
20230412 045931.251 INFO             PET2       After Realize: - MemInfo: [/proc/meminfo - SSI]	Committed_AS:   12169496 kB
20230412 045931.251 INFO             PET2       After Realize: - MemInfo: [/proc/meminfo - SSI]	CommittedPercent: 4.61851 %
20230412 045931.251 INFO             PET2       After Realize: - MemInfo: [/proc/self/status]	VmPeak:	  283464 kB
20230412 045931.251 INFO             PET2       After Realize: - MemInfo: [/proc/self/status]	VmSize:	  283464 kB
20230412 045931.251 INFO             PET2       After Realize: - MemInfo: [/proc/self/status]	VmLck:	       0 kB
20230412 045931.251 INFO             PET2       After Realize: - MemInfo: [/proc/self/status]	VmPin:	       0 kB
20230412 045931.251 INFO             PET2       After Realize: - MemInfo: [/proc/self/status]	VmHWM:	   77192 kB
20230412 045931.251 INFO             PET2       After Realize: - MemInfo: [/proc/self/status]	VmRSS:	   77192 kB
20230412 045931.251 INFO             PET2       After Realize: - MemInfo: [/proc/self/status]	VmData:	   82056 kB
20230412 045931.251 INFO             PET2       After Realize: - MemInfo: [/proc/self/status]	VmStk:	     204 kB
20230412 045931.251 INFO             PET2       After Realize: - MemInfo: [/proc/self/status]	VmExe:	     264 kB
20230412 045931.251 INFO             PET2       After Realize: - MemInfo: [/proc/self/status]	VmLib:	  101868 kB
20230412 045931.251 INFO             PET2       After Realize: - MemInfo: [/proc/self/status]	VmPTE:	     484 kB
20230412 045931.251 INFO             PET2       After Realize: - MemInfo: [/proc/self/status]	VmSwap:	       0 kB
20230412 045931.251 INFO             PET2       After Realize: - MemInfo: [/proc/self/status]	VmRSSPercent: 0.0292955 %
20230412 045931.251 INFO             PET2       After Realize: - MemInfo: [malloc] Non-mmapped space allocated:                 1236992 Byte
20230412 045931.251 INFO             PET2       After Realize: - MemInfo: [malloc] Space allocated in mmapped regions:         51109888 Byte
20230412 045931.251 INFO             PET2       After Realize: - MemInfo: [malloc] Maximum total allocated space:                     0 Byte
20230412 045931.251 INFO             PET2       After Realize: - MemInfo: [malloc] Space in freed fastbin blocks:                   112 Byte
20230412 045931.251 INFO             PET2       After Realize: - MemInfo: [malloc] Total allocated space:                       1169728 Byte
20230412 045931.251 INFO             PET2       After Realize: - MemInfo: [malloc] Total free space:                              67264 Byte
20230412 045931.251 INFO             PET2       After Realize: - MemInfo: [malloc] Top-most, releasable space:                    66048 Byte
20230412 045931.251 INFO             PET2       After Realize: - MemInfo: [malloc] Total space in use, mmap + non-mmap:        52279616 Byte
20230412 045931.251 INFO             PET2       After Realize: - MemInfo: [malloc] Total space held (mmap + non-mmap):         52346880 Byte
20230412 045931.251 INFO             PET2       After Realize: - MemInfo: [malloc] Total space used (mmap + non-mmap):         52288256 Byte
20230412 045931.251 INFO             PET2       After Realize: - MemInfo: Wall-clock time since execution start:              0.0115384 seconds
20230412 045931.252 INFO             PET2       <<<MODEL: leaving Initialize (phase=IPDvXp04) without valid internal Clock.
20230412 045931.252 INFO             PET2     MODEL: InitializeIPDvXp04 extro.
20230412 045931.252 INFO             PET2     driver: IInitRealize intro.
20230412 045931.252 INFO             PET2     driver: IInitRealize extro.
20230412 045931.252 INFO             PET2     MODEL: InitializeIPDvXp07 intro.
20230412 045931.252 INFO             PET2       >>>MODEL: entered Initialize (phase=IPDvXp07) without valid internal Clock.
20230412 045931.252 INFO             PET2       <<<MODEL: leaving Initialize (phase=IPDvXp07) with current time:    0  1  1  0  0  0   0
20230412 045931.252 INFO             PET2     MODEL: InitializeIPDvXp07 extro.
20230412 045931.252 INFO             PET2     <<<driver: leaving Initialize (phase=<none>) with current time:    0  1  1  0  0  0   0
20230412 045931.252 INFO             PET2   driver: InitializeIPDv02p3 extro.
20230412 045931.252 INFO             PET2   driver: InitializeIPDv02p5 intro.
20230412 045931.252 INFO             PET2     >>>driver: entered Initialize (phase=<none>) with current time:    0  1  1  0  0  0   0
20230412 045931.252 INFO             PET2     driver: this is a top level driver, no 'Updated' and 'InitializeDataComplete' info on this level.
20230412 045931.252 INFO             PET2     driver: InitializeIPDv02p5Data intro.
20230412 045931.252 INFO             PET2       driver: InternalInitializeComplete intro.
20230412 045931.252 INFO             PET2         driver: InitializeDataComplete='true'
20230412 045931.252 INFO             PET2       driver: InternalInitializeComplete extro.
20230412 045931.252 INFO             PET2       MODEL: InitializeIPDvXp08 intro.
20230412 045931.252 INFO             PET2         >>>MODEL: entered Initialize (phase=IPDv05p8) with current time:    0  1  1  0  0  0   0
20230412 045931.252 INFO             PET2         MODEL: InitializeDataProgress='false', InitializeDataComplete='false'
20230412 045931.252 INFO             PET2         <<<MODEL: leaving Initialize (phase=IPDv05p8) with current time:    0  1  1  0  0  0   0
20230412 045931.252 INFO             PET2       MODEL: InitializeIPDvXp08 extro.
20230412 045931.252 INFO             PET2       driver: components present that trigger loopDataDependentInitialize().
20230412 045931.253 INFO             PET2       driver: loopDataDependentInitialize intro.
20230412 045931.253 INFO             PET2         driver: component    0=driver, dataComplete (local): true
20230412 045931.253 INFO             PET2         driver: component    0=driver, dataComplete (global):  T
20230412 045931.253 INFO             PET2         driver: component    1=MODEL, dataComplete (local): false
20230412 045931.253 INFO             PET2         driver: component    1=MODEL, dataComplete (global):  F
20230412 045931.253 INFO             PET2         MODEL: InitializeIPDvXp08 intro.
20230412 045931.253 INFO             PET2           >>>MODEL: entered Initialize (phase=IPDv05p8) with current time:    0  1  1  0  0  0   0
20230412 045931.253 INFO             PET2           MODEL: InitializeDataProgress='true', InitializeDataComplete='true'
20230412 045931.253 INFO             PET2           <<<MODEL: leaving Initialize (phase=IPDv05p8) with current time:    0  1  1  0  0  0   0
20230412 045931.253 INFO             PET2         MODEL: InitializeIPDvXp08 extro.
20230412 045931.253 INFO             PET2         driver: component    1=MODEL, someProgress (local): true
20230412 045931.253 INFO             PET2         driver: component    1=MODEL, someProgress (global):  T
20230412 045931.253 INFO             PET2         driver: someProgress= T, allComplete= F, present(dataDepAllComplete)= T
20230412 045931.253 INFO             PET2         driver: component    0=driver, dataComplete (local): true
20230412 045931.253 INFO             PET2         driver: component    0=driver, dataComplete (global):  T
20230412 045931.253 INFO             PET2         driver: component    1=MODEL, dataComplete (local): true
20230412 045931.253 INFO             PET2         driver: component    1=MODEL, dataComplete (global):  T
20230412 045931.253 INFO             PET2         driver: someProgress= F, allComplete= T, present(dataDepAllComplete)= T
20230412 045931.253 INFO             PET2         driver: finished resolving initialize data dependencies on this level.
20230412 045931.253 INFO             PET2       driver: loopDataDependentInitialize extro.
20230412 045931.253 INFO             PET2       driver: loopDataDependentInitialize() returned with dataDepAllComplete:  T
20230412 045931.253 INFO             PET2     driver: InitializeIPDv02p5Data extro.
20230412 045931.253 INFO             PET2     <<<driver: leaving Initialize (phase=<none>) with current time:    0  1  1  0  0  0   0
20230412 045931.253 INFO             PET2   driver: InitializeIPDv02p5 extro.
20230412 045931.253 INFO             PET2 driver: InitializeGeneric extro.
20230412 045931.253 INFO             PET2 driver: Run intro.
20230412 045931.253 INFO             PET2   >>>driver entered Run (phase=RunPhase1) with current time:    0  1  1  0  0  0   0
20230412 045931.253 INFO             PET2   driver: after lable_SetRunClock, current time:    0  1  1  0  0  0   0
20230412 045931.253 INFO             PET2   driver: begin -------> RunSequence.
20230412 045931.253 INFO             PET2     driver: RunSequence event loopLevel=   1  levelMember=   1  loopIteration=   1, current time:    0  1  1  0  0  0   0
20230412 045931.253 INFO             PET2     MODEL: Run intro.
20230412 045931.253 INFO             PET2       >>>MODEL: entered Run (phase=RunPhase1) with current time:    0  1  1  0  0  0   0
20230412 045931.253 INFO             PET2       MODEL: time step-loop starting, current time:    0  1  1  0  0  0   0
20230412 045931.265 INFO             PET2       thread_num=   0   currentSsiPe=   2   num_threads=   3   max_threads=   3   num_procs=   1
20230412 045931.265 INFO             PET2       thread_num=   2   currentSsiPe=   2   num_threads=   3   max_threads=   3   num_procs=   1
20230412 045931.284 INFO             PET2       thread_num=   1   currentSsiPe=   2   num_threads=   3   max_threads=   3   num_procs=   1
20230412 045931.284 INFO             PET2       ---->Advancing Model from:    0  1  1  0  0  0   0
20230412 045931.284 INFO             PET2       ---------------------> to:    0  1  1  0  0 30   0
20230412 045931.284 INFO             PET2       MODEL: time step-loop ending,   current time:    0  1  1  0  0 30   0
20230412 045931.284 INFO             PET2       <<<MODEL: leaving Run (phase=RunPhase1) with current time:    0  1  1  0  0 30   0
20230412 045931.284 INFO             PET2     MODEL: Run extro.
20230412 045931.284 INFO             PET2     driver: RunSequence event loopLevel=   1  levelMember=   1  loopIteration=   2, current time:    0  1  1  0  0 30   0
20230412 045931.284 INFO             PET2     MODEL: Run intro.
20230412 045931.284 INFO             PET2       >>>MODEL: entered Run (phase=RunPhase1) with current time:    0  1  1  0  0 30   0
20230412 045931.284 INFO             PET2       MODEL: time step-loop starting, current time:    0  1  1  0  0 30   0
20230412 045931.284 INFO             PET2       thread_num=   0   currentSsiPe=   2   num_threads=   3   max_threads=   3   num_procs=   1
20230412 045931.284 INFO             PET2       thread_num=   2   currentSsiPe=   2   num_threads=   3   max_threads=   3   num_procs=   1
20230412 045931.284 INFO             PET2       thread_num=   1   currentSsiPe=   2   num_threads=   3   max_threads=   3   num_procs=   1
20230412 045931.284 INFO             PET2       ---->Advancing Model from:    0  1  1  0  0 30   0
20230412 045931.284 INFO             PET2       ---------------------> to:    0  1  1  0  1  0   0
20230412 045931.284 INFO             PET2       MODEL: time step-loop ending,   current time:    0  1  1  0  1  0   0
20230412 045931.284 INFO             PET2       <<<MODEL: leaving Run (phase=RunPhase1) with current time:    0  1  1  0  1  0   0
20230412 045931.285 INFO             PET2     MODEL: Run extro.
20230412 045931.285 INFO             PET2     driver: RunSequence event loopLevel=   1  levelMember=   1  loopIteration=   3, current time:    0  1  1  0  1  0   0
20230412 045931.285 INFO             PET2     MODEL: Run intro.
20230412 045931.285 INFO             PET2       >>>MODEL: entered Run (phase=RunPhase1) with current time:    0  1  1  0  1  0   0
20230412 045931.285 INFO             PET2       MODEL: time step-loop starting, current time:    0  1  1  0  1  0   0
20230412 045931.285 INFO             PET2       thread_num=   0   currentSsiPe=   2   num_threads=   3   max_threads=   3   num_procs=   1
20230412 045931.285 INFO             PET2       thread_num=   2   currentSsiPe=   2   num_threads=   3   max_threads=   3   num_procs=   1
20230412 045931.285 INFO             PET2       thread_num=   1   currentSsiPe=   2   num_threads=   3   max_threads=   3   num_procs=   1
20230412 045931.285 INFO             PET2       ---->Advancing Model from:    0  1  1  0  1  0   0
20230412 045931.285 INFO             PET2       ---------------------> to:    0  1  1  0  1 30   0
20230412 045931.285 INFO             PET2       MODEL: time step-loop ending,   current time:    0  1  1  0  1 30   0
20230412 045931.285 INFO             PET2       <<<MODEL: leaving Run (phase=RunPhase1) with current time:    0  1  1  0  1 30   0
20230412 045931.285 INFO             PET2     MODEL: Run extro.
20230412 045931.285 INFO             PET2     driver: RunSequence event loopLevel=   1  levelMember=   1  loopIteration=   4, current time:    0  1  1  0  1 30   0
20230412 045931.285 INFO             PET2     MODEL: Run intro.
20230412 045931.285 INFO             PET2       >>>MODEL: entered Run (phase=RunPhase1) with current time:    0  1  1  0  1 30   0
20230412 045931.285 INFO             PET2       MODEL: time step-loop starting, current time:    0  1  1  0  1 30   0
20230412 045931.285 INFO             PET2       thread_num=   0   currentSsiPe=   2   num_threads=   3   max_threads=   3   num_procs=   1
20230412 045931.285 INFO             PET2       thread_num=   1   currentSsiPe=   2   num_threads=   3   max_threads=   3   num_procs=   1
20230412 045931.285 INFO             PET2       thread_num=   2   currentSsiPe=   2   num_threads=   3   max_threads=   3   num_procs=   1
20230412 045931.285 INFO             PET2       ---->Advancing Model from:    0  1  1  0  1 30   0
20230412 045931.285 INFO             PET2       ---------------------> to:    0  1  1  0  2  0   0
20230412 045931.285 INFO             PET2       MODEL: time step-loop ending,   current time:    0  1  1  0  2  0   0
20230412 045931.285 INFO             PET2       <<<MODEL: leaving Run (phase=RunPhase1) with current time:    0  1  1  0  2  0   0
20230412 045931.285 INFO             PET2     MODEL: Run extro.
20230412 045931.285 INFO             PET2     driver: RunSequence event loopLevel=   1  levelMember=   1  loopIteration=   5, current time:    0  1  1  0  2  0   0
20230412 045931.285 INFO             PET2     MODEL: Run intro.
20230412 045931.285 INFO             PET2       >>>MODEL: entered Run (phase=RunPhase1) with current time:    0  1  1  0  2  0   0
20230412 045931.285 INFO             PET2       MODEL: time step-loop starting, current time:    0  1  1  0  2  0   0
20230412 045931.285 INFO             PET2       thread_num=   0   currentSsiPe=   2   num_threads=   3   max_threads=   3   num_procs=   1
20230412 045931.285 INFO             PET2       thread_num=   2   currentSsiPe=   2   num_threads=   3   max_threads=   3   num_procs=   1
20230412 045931.285 INFO             PET2       thread_num=   1   currentSsiPe=   2   num_threads=   3   max_threads=   3   num_procs=   1
20230412 045931.285 INFO             PET2       ---->Advancing Model from:    0  1  1  0  2  0   0
20230412 045931.285 INFO             PET2       ---------------------> to:    0  1  1  0  2 30   0
20230412 045931.285 INFO             PET2       MODEL: time step-loop ending,   current time:    0  1  1  0  2 30   0
20230412 045931.285 INFO             PET2       <<<MODEL: leaving Run (phase=RunPhase1) with current time:    0  1  1  0  2 30   0
20230412 045931.285 INFO             PET2     MODEL: Run extro.
20230412 045931.285 INFO             PET2   driver: end <--------- RunSequence
20230412 045931.285 INFO             PET2   <<<driver - leaving Run with current time:    0  1  1  0  2 30   0
20230412 045931.285 INFO             PET2 driver: Run extro.
20230412 045931.285 INFO             PET2 driver: Finalize intro.
20230412 045931.285 INFO             PET2   Calling Finalize phase 1 for modelComp: MODEL
20230412 045931.285 INFO             PET2   MODEL: Finalize intro.
20230412 045931.285 INFO             PET2     >>>MODEL: entered Finalize (phase=FinalizePhase1) with current time:    0  1  1  0  2 30   0
20230412 045931.285 INFO             PET2     <<<MODEL: leaving Finalize (phase=FinalizePhase1) with current time:    0  1  1  0  2 30   0
20230412 045931.285 INFO             PET2   MODEL: Finalize extro.
20230412 045931.285 INFO             PET2   Delete modelComp: MODEL
20230412 045931.285 INFO             PET2   Delete Import-/Export State for modelComp: MODEL
20230412 045931.285 INFO             PET2 driver: Finalize extro.
20230412 045931.285 INFO             PET2 mainApp FINISHED
20230412 045931.285 INFO             PET2 Finalizing ESMF
20230412 045931.243 INFO             PET3 !!!!!!!!!!!!!!!!!!!!!!!!!!!!!!!!!!!!!!!!!!!!!!!!!!!!!!
20230412 045931.243 INFO             PET3 !!! THE ESMF_LOG IS SET TO OUTPUT ALL LOG MESSAGES !!!
20230412 045931.243 INFO             PET3 !!!     THIS MAY CAUSE SLOWDOWN IN PERFORMANCE     !!!
20230412 045931.243 INFO             PET3 !!! FOR PRODUCTION RUNS, USE:                      !!!
20230412 045931.243 INFO             PET3 !!!                   ESMF_LOGKIND_Multi_On_Error  !!!
20230412 045931.243 INFO             PET3 !!!!!!!!!!!!!!!!!!!!!!!!!!!!!!!!!!!!!!!!!!!!!!!!!!!!!!
20230412 045931.243 INFO             PET3 Running with ESMF Version   : v8.5.0b19-66-g6be63b4998
20230412 045931.243 INFO             PET3 ESMF library build date/time: "Apr 12 2023" "04:10:30"
20230412 045931.243 INFO             PET3 ESMF library build location : /glade/gust/scratch/theurich/ESMF-Nightly-Testing/nvhpc_23.1_mpi_O_feature_hconfig/esmf
20230412 045931.243 INFO             PET3 ESMF_COMM                   : mpi
20230412 045931.244 INFO             PET3 ESMF_MOAB                   : enabled
20230412 045931.244 INFO             PET3 ESMF_LAPACK                 : enabled
20230412 045931.244 INFO             PET3 ESMF_NETCDF                 : enabled
20230412 045931.244 INFO             PET3 ESMF_PNETCDF                : disabled
20230412 045931.244 INFO             PET3 ESMF_PIO                    : enabled
20230412 045931.244 INFO             PET3 ESMF_YAMLCPP                : enabled
20230412 045931.245 INFO             PET3 mainApp STARTING
20230412 045931.246 INFO             PET3 driver: InitializeGeneric intro.
20230412 045931.246 INFO             PET3   driver: InitializeP0 intro.
20230412 045931.246 INFO             PET3   driver: InitializeP0 extro.
20230412 045931.246 INFO             PET3   driver: InitializeIPDv02p1 intro.
20230412 045931.246 INFO             PET3     >>>driver: entered Initialize (phase=<none>) without valid internal Clock.
20230412 045931.246 INFO             PET3     driver - Creating model component MODEL without petList.
20230412 045931.247 INFO             PET3      GridCompIsPetLocal:   T
20230412 045931.247 INFO             PET3      VmIsCreated:   T
20230412 045931.247 INFO             PET3      valid MPI_COMM with size=            4
20230412 045931.247 INFO             PET3     driver - Creating state: modelComp 1 Import State
20230412 045931.247 INFO             PET3     driver - Creating state: modelComp 1 Export State
20230412 045931.248 INFO             PET3     MODEL: InitializeP0 intro.
20230412 045931.248 INFO             PET3       >>>MODEL: entered Initialize (phase=<none>) without valid internal Clock.
20230412 045931.248 INFO             PET3       <<<MODEL: leaving Initialize (phase=<none>) without valid internal Clock.
20230412 045931.248 INFO             PET3     MODEL: InitializeP0 extro.
20230412 045931.249 INFO             PET3     driver: IInitAdvertise intro.
20230412 045931.249 INFO             PET3     driver: IInitAdvertise extro.
20230412 045931.249 INFO             PET3     MODEL: InitializeIPDvXp01 intro.
20230412 045931.249 INFO             PET3       >>>MODEL: entered Initialize (phase=IPDvXp01) without valid internal Clock.
20230412 045931.249 INFO             PET3       <<<MODEL: leaving Initialize (phase=IPDvXp01) without valid internal Clock.
20230412 045931.249 INFO             PET3     MODEL: InitializeIPDvXp01 extro.
20230412 045931.250 INFO             PET3     driver: IInitAdvertiseFinish intro.
20230412 045931.250 INFO             PET3     driver: IInitAdvertiseFinish extro.
20230412 045931.250 INFO             PET3     driver: IInitModifyCplLists intro.
20230412 045931.250 INFO             PET3     driver: IInitModifyCplLists extro.
20230412 045931.250 INFO             PET3     <<<driver: leaving Initialize (phase=<none>) with current time:    0  1  1  0  0  0   0
20230412 045931.250 INFO             PET3   driver: InitializeIPDv02p1 extro.
20230412 045931.250 INFO             PET3   driver: InitializeIPDv02p3 intro.
20230412 045931.250 INFO             PET3     >>>driver: entered Initialize (phase=<none>) with current time:    0  1  1  0  0  0   0
20230412 045931.250 INFO             PET3     driver: IInitCheck intro.
20230412 045931.250 INFO             PET3     driver: IInitCheck extro.
20230412 045931.250 INFO             PET3     MODEL: InitializeIPDvXp04 intro.
20230412 045931.250 INFO             PET3       >>>MODEL: entered Initialize (phase=IPDvXp04) without valid internal Clock.
20230412 045931.251 INFO             PET3       After Realize: - MemInfo: [/proc/meminfo - SSI]	MemTotal:       263493964 kB
20230412 045931.251 INFO             PET3       After Realize: - MemInfo: [/proc/meminfo - SSI]	MemFree:        229445204 kB
20230412 045931.251 INFO             PET3       After Realize: - MemInfo: [/proc/meminfo - SSI]	MemAvailable:   235381240 kB
20230412 045931.251 INFO             PET3       After Realize: - MemInfo: [/proc/meminfo - SSI]	Committed_AS:   12169496 kB
20230412 045931.251 INFO             PET3       After Realize: - MemInfo: [/proc/meminfo - SSI]	CommittedPercent: 4.61851 %
20230412 045931.251 INFO             PET3       After Realize: - MemInfo: [/proc/self/status]	VmPeak:	  283464 kB
20230412 045931.251 INFO             PET3       After Realize: - MemInfo: [/proc/self/status]	VmSize:	  283464 kB
20230412 045931.251 INFO             PET3       After Realize: - MemInfo: [/proc/self/status]	VmLck:	       0 kB
20230412 045931.251 INFO             PET3       After Realize: - MemInfo: [/proc/self/status]	VmPin:	       0 kB
20230412 045931.251 INFO             PET3       After Realize: - MemInfo: [/proc/self/status]	VmHWM:	   77672 kB
20230412 045931.251 INFO             PET3       After Realize: - MemInfo: [/proc/self/status]	VmRSS:	   77672 kB
20230412 045931.251 INFO             PET3       After Realize: - MemInfo: [/proc/self/status]	VmData:	   82056 kB
20230412 045931.251 INFO             PET3       After Realize: - MemInfo: [/proc/self/status]	VmStk:	     204 kB
20230412 045931.251 INFO             PET3       After Realize: - MemInfo: [/proc/self/status]	VmExe:	     264 kB
20230412 045931.251 INFO             PET3       After Realize: - MemInfo: [/proc/self/status]	VmLib:	  101868 kB
20230412 045931.251 INFO             PET3       After Realize: - MemInfo: [/proc/self/status]	VmPTE:	     472 kB
20230412 045931.251 INFO             PET3       After Realize: - MemInfo: [/proc/self/status]	VmSwap:	       0 kB
20230412 045931.251 INFO             PET3       After Realize: - MemInfo: [/proc/self/status]	VmRSSPercent: 0.0294777 %
20230412 045931.251 INFO             PET3       After Realize: - MemInfo: [malloc] Non-mmapped space allocated:                 1236992 Byte
20230412 045931.251 INFO             PET3       After Realize: - MemInfo: [malloc] Space allocated in mmapped regions:         51109888 Byte
20230412 045931.251 INFO             PET3       After Realize: - MemInfo: [malloc] Maximum total allocated space:                     0 Byte
20230412 045931.251 INFO             PET3       After Realize: - MemInfo: [malloc] Space in freed fastbin blocks:                   112 Byte
20230412 045931.251 INFO             PET3       After Realize: - MemInfo: [malloc] Total allocated space:                       1169456 Byte
20230412 045931.251 INFO             PET3       After Realize: - MemInfo: [malloc] Total free space:                              67536 Byte
20230412 045931.251 INFO             PET3       After Realize: - MemInfo: [malloc] Top-most, releasable space:                    66544 Byte
20230412 045931.251 INFO             PET3       After Realize: - MemInfo: [malloc] Total space in use, mmap + non-mmap:        52279344 Byte
20230412 045931.251 INFO             PET3       After Realize: - MemInfo: [malloc] Total space held (mmap + non-mmap):         52346880 Byte
20230412 045931.251 INFO             PET3       After Realize: - MemInfo: [malloc] Total space used (mmap + non-mmap):         52287984 Byte
20230412 045931.251 INFO             PET3       After Realize: - MemInfo: Wall-clock time since execution start:              0.0115514 seconds
20230412 045931.252 INFO             PET3       <<<MODEL: leaving Initialize (phase=IPDvXp04) without valid internal Clock.
20230412 045931.252 INFO             PET3     MODEL: InitializeIPDvXp04 extro.
20230412 045931.252 INFO             PET3     driver: IInitRealize intro.
20230412 045931.252 INFO             PET3     driver: IInitRealize extro.
20230412 045931.252 INFO             PET3     MODEL: InitializeIPDvXp07 intro.
20230412 045931.252 INFO             PET3       >>>MODEL: entered Initialize (phase=IPDvXp07) without valid internal Clock.
20230412 045931.252 INFO             PET3       <<<MODEL: leaving Initialize (phase=IPDvXp07) with current time:    0  1  1  0  0  0   0
20230412 045931.252 INFO             PET3     MODEL: InitializeIPDvXp07 extro.
20230412 045931.252 INFO             PET3     <<<driver: leaving Initialize (phase=<none>) with current time:    0  1  1  0  0  0   0
20230412 045931.252 INFO             PET3   driver: InitializeIPDv02p3 extro.
20230412 045931.252 INFO             PET3   driver: InitializeIPDv02p5 intro.
20230412 045931.252 INFO             PET3     >>>driver: entered Initialize (phase=<none>) with current time:    0  1  1  0  0  0   0
20230412 045931.252 INFO             PET3     driver: this is a top level driver, no 'Updated' and 'InitializeDataComplete' info on this level.
20230412 045931.252 INFO             PET3     driver: InitializeIPDv02p5Data intro.
20230412 045931.252 INFO             PET3       driver: InternalInitializeComplete intro.
20230412 045931.252 INFO             PET3         driver: InitializeDataComplete='true'
20230412 045931.252 INFO             PET3       driver: InternalInitializeComplete extro.
20230412 045931.252 INFO             PET3       MODEL: InitializeIPDvXp08 intro.
20230412 045931.252 INFO             PET3         >>>MODEL: entered Initialize (phase=IPDv05p8) with current time:    0  1  1  0  0  0   0
20230412 045931.252 INFO             PET3         MODEL: InitializeDataProgress='false', InitializeDataComplete='false'
20230412 045931.252 INFO             PET3         <<<MODEL: leaving Initialize (phase=IPDv05p8) with current time:    0  1  1  0  0  0   0
20230412 045931.252 INFO             PET3       MODEL: InitializeIPDvXp08 extro.
20230412 045931.252 INFO             PET3       driver: components present that trigger loopDataDependentInitialize().
20230412 045931.253 INFO             PET3       driver: loopDataDependentInitialize intro.
20230412 045931.253 INFO             PET3         driver: component    0=driver, dataComplete (local): true
20230412 045931.253 INFO             PET3         driver: component    0=driver, dataComplete (global):  T
20230412 045931.253 INFO             PET3         driver: component    1=MODEL, dataComplete (local): false
20230412 045931.253 INFO             PET3         driver: component    1=MODEL, dataComplete (global):  F
20230412 045931.253 INFO             PET3         MODEL: InitializeIPDvXp08 intro.
20230412 045931.253 INFO             PET3           >>>MODEL: entered Initialize (phase=IPDv05p8) with current time:    0  1  1  0  0  0   0
20230412 045931.253 INFO             PET3           MODEL: InitializeDataProgress='true', InitializeDataComplete='true'
20230412 045931.253 INFO             PET3           <<<MODEL: leaving Initialize (phase=IPDv05p8) with current time:    0  1  1  0  0  0   0
20230412 045931.253 INFO             PET3         MODEL: InitializeIPDvXp08 extro.
20230412 045931.253 INFO             PET3         driver: component    1=MODEL, someProgress (local): true
20230412 045931.253 INFO             PET3         driver: component    1=MODEL, someProgress (global):  T
20230412 045931.253 INFO             PET3         driver: someProgress= T, allComplete= F, present(dataDepAllComplete)= T
20230412 045931.253 INFO             PET3         driver: component    0=driver, dataComplete (local): true
20230412 045931.253 INFO             PET3         driver: component    0=driver, dataComplete (global):  T
20230412 045931.253 INFO             PET3         driver: component    1=MODEL, dataComplete (local): true
20230412 045931.253 INFO             PET3         driver: component    1=MODEL, dataComplete (global):  T
20230412 045931.253 INFO             PET3         driver: someProgress= F, allComplete= T, present(dataDepAllComplete)= T
20230412 045931.253 INFO             PET3         driver: finished resolving initialize data dependencies on this level.
20230412 045931.253 INFO             PET3       driver: loopDataDependentInitialize extro.
20230412 045931.253 INFO             PET3       driver: loopDataDependentInitialize() returned with dataDepAllComplete:  T
20230412 045931.253 INFO             PET3     driver: InitializeIPDv02p5Data extro.
20230412 045931.253 INFO             PET3     <<<driver: leaving Initialize (phase=<none>) with current time:    0  1  1  0  0  0   0
20230412 045931.253 INFO             PET3   driver: InitializeIPDv02p5 extro.
20230412 045931.253 INFO             PET3 driver: InitializeGeneric extro.
20230412 045931.253 INFO             PET3 driver: Run intro.
20230412 045931.253 INFO             PET3   >>>driver entered Run (phase=RunPhase1) with current time:    0  1  1  0  0  0   0
20230412 045931.253 INFO             PET3   driver: after lable_SetRunClock, current time:    0  1  1  0  0  0   0
20230412 045931.253 INFO             PET3   driver: begin -------> RunSequence.
20230412 045931.253 INFO             PET3     driver: RunSequence event loopLevel=   1  levelMember=   1  loopIteration=   1, current time:    0  1  1  0  0  0   0
20230412 045931.253 INFO             PET3     MODEL: Run intro.
20230412 045931.253 INFO             PET3       >>>MODEL: entered Run (phase=RunPhase1) with current time:    0  1  1  0  0  0   0
20230412 045931.253 INFO             PET3       MODEL: time step-loop starting, current time:    0  1  1  0  0  0   0
20230412 045931.264 INFO             PET3       thread_num=   0   currentSsiPe=   3   num_threads=   3   max_threads=   3   num_procs=   1
20230412 045931.264 INFO             PET3       thread_num=   1   currentSsiPe=   3   num_threads=   3   max_threads=   3   num_procs=   1
20230412 045931.279 INFO             PET3       thread_num=   2   currentSsiPe=   3   num_threads=   3   max_threads=   3   num_procs=   1
20230412 045931.279 INFO             PET3       ---->Advancing Model from:    0  1  1  0  0  0   0
20230412 045931.279 INFO             PET3       ---------------------> to:    0  1  1  0  0 30   0
20230412 045931.279 INFO             PET3       MODEL: time step-loop ending,   current time:    0  1  1  0  0 30   0
20230412 045931.279 INFO             PET3       <<<MODEL: leaving Run (phase=RunPhase1) with current time:    0  1  1  0  0 30   0
20230412 045931.279 INFO             PET3     MODEL: Run extro.
20230412 045931.279 INFO             PET3     driver: RunSequence event loopLevel=   1  levelMember=   1  loopIteration=   2, current time:    0  1  1  0  0 30   0
20230412 045931.279 INFO             PET3     MODEL: Run intro.
20230412 045931.279 INFO             PET3       >>>MODEL: entered Run (phase=RunPhase1) with current time:    0  1  1  0  0 30   0
20230412 045931.279 INFO             PET3       MODEL: time step-loop starting, current time:    0  1  1  0  0 30   0
20230412 045931.279 INFO             PET3       thread_num=   0   currentSsiPe=   3   num_threads=   3   max_threads=   3   num_procs=   1
20230412 045931.279 INFO             PET3       thread_num=   1   currentSsiPe=   3   num_threads=   3   max_threads=   3   num_procs=   1
20230412 045931.279 INFO             PET3       thread_num=   2   currentSsiPe=   3   num_threads=   3   max_threads=   3   num_procs=   1
20230412 045931.279 INFO             PET3       ---->Advancing Model from:    0  1  1  0  0 30   0
20230412 045931.279 INFO             PET3       ---------------------> to:    0  1  1  0  1  0   0
20230412 045931.279 INFO             PET3       MODEL: time step-loop ending,   current time:    0  1  1  0  1  0   0
20230412 045931.279 INFO             PET3       <<<MODEL: leaving Run (phase=RunPhase1) with current time:    0  1  1  0  1  0   0
20230412 045931.279 INFO             PET3     MODEL: Run extro.
20230412 045931.279 INFO             PET3     driver: RunSequence event loopLevel=   1  levelMember=   1  loopIteration=   3, current time:    0  1  1  0  1  0   0
20230412 045931.279 INFO             PET3     MODEL: Run intro.
20230412 045931.279 INFO             PET3       >>>MODEL: entered Run (phase=RunPhase1) with current time:    0  1  1  0  1  0   0
20230412 045931.279 INFO             PET3       MODEL: time step-loop starting, current time:    0  1  1  0  1  0   0
20230412 045931.279 INFO             PET3       thread_num=   0   currentSsiPe=   3   num_threads=   3   max_threads=   3   num_procs=   1
20230412 045931.279 INFO             PET3       thread_num=   1   currentSsiPe=   3   num_threads=   3   max_threads=   3   num_procs=   1
20230412 045931.279 INFO             PET3       thread_num=   2   currentSsiPe=   3   num_threads=   3   max_threads=   3   num_procs=   1
20230412 045931.279 INFO             PET3       ---->Advancing Model from:    0  1  1  0  1  0   0
20230412 045931.279 INFO             PET3       ---------------------> to:    0  1  1  0  1 30   0
20230412 045931.279 INFO             PET3       MODEL: time step-loop ending,   current time:    0  1  1  0  1 30   0
20230412 045931.279 INFO             PET3       <<<MODEL: leaving Run (phase=RunPhase1) with current time:    0  1  1  0  1 30   0
20230412 045931.279 INFO             PET3     MODEL: Run extro.
20230412 045931.279 INFO             PET3     driver: RunSequence event loopLevel=   1  levelMember=   1  loopIteration=   4, current time:    0  1  1  0  1 30   0
20230412 045931.279 INFO             PET3     MODEL: Run intro.
20230412 045931.279 INFO             PET3       >>>MODEL: entered Run (phase=RunPhase1) with current time:    0  1  1  0  1 30   0
20230412 045931.279 INFO             PET3       MODEL: time step-loop starting, current time:    0  1  1  0  1 30   0
20230412 045931.279 INFO             PET3       thread_num=   0   currentSsiPe=   3   num_threads=   3   max_threads=   3   num_procs=   1
20230412 045931.279 INFO             PET3       thread_num=   1   currentSsiPe=   3   num_threads=   3   max_threads=   3   num_procs=   1
20230412 045931.279 INFO             PET3       thread_num=   2   currentSsiPe=   3   num_threads=   3   max_threads=   3   num_procs=   1
20230412 045931.279 INFO             PET3       ---->Advancing Model from:    0  1  1  0  1 30   0
20230412 045931.279 INFO             PET3       ---------------------> to:    0  1  1  0  2  0   0
20230412 045931.279 INFO             PET3       MODEL: time step-loop ending,   current time:    0  1  1  0  2  0   0
20230412 045931.279 INFO             PET3       <<<MODEL: leaving Run (phase=RunPhase1) with current time:    0  1  1  0  2  0   0
20230412 045931.279 INFO             PET3     MODEL: Run extro.
20230412 045931.279 INFO             PET3     driver: RunSequence event loopLevel=   1  levelMember=   1  loopIteration=   5, current time:    0  1  1  0  2  0   0
20230412 045931.279 INFO             PET3     MODEL: Run intro.
20230412 045931.279 INFO             PET3       >>>MODEL: entered Run (phase=RunPhase1) with current time:    0  1  1  0  2  0   0
20230412 045931.279 INFO             PET3       MODEL: time step-loop starting, current time:    0  1  1  0  2  0   0
20230412 045931.279 INFO             PET3       thread_num=   0   currentSsiPe=   3   num_threads=   3   max_threads=   3   num_procs=   1
20230412 045931.279 INFO             PET3       thread_num=   1   currentSsiPe=   3   num_threads=   3   max_threads=   3   num_procs=   1
20230412 045931.279 INFO             PET3       thread_num=   2   currentSsiPe=   3   num_threads=   3   max_threads=   3   num_procs=   1
20230412 045931.279 INFO             PET3       ---->Advancing Model from:    0  1  1  0  2  0   0
20230412 045931.279 INFO             PET3       ---------------------> to:    0  1  1  0  2 30   0
20230412 045931.279 INFO             PET3       MODEL: time step-loop ending,   current time:    0  1  1  0  2 30   0
20230412 045931.279 INFO             PET3       <<<MODEL: leaving Run (phase=RunPhase1) with current time:    0  1  1  0  2 30   0
20230412 045931.279 INFO             PET3     MODEL: Run extro.
20230412 045931.279 INFO             PET3   driver: end <--------- RunSequence
20230412 045931.279 INFO             PET3   <<<driver - leaving Run with current time:    0  1  1  0  2 30   0
20230412 045931.279 INFO             PET3 driver: Run extro.
20230412 045931.279 INFO             PET3 driver: Finalize intro.
20230412 045931.279 INFO             PET3   Calling Finalize phase 1 for modelComp: MODEL
20230412 045931.279 INFO             PET3   MODEL: Finalize intro.
20230412 045931.279 INFO             PET3     >>>MODEL: entered Finalize (phase=FinalizePhase1) with current time:    0  1  1  0  2 30   0
20230412 045931.279 INFO             PET3     <<<MODEL: leaving Finalize (phase=FinalizePhase1) with current time:    0  1  1  0  2 30   0
20230412 045931.279 INFO             PET3   MODEL: Finalize extro.
20230412 045931.280 INFO             PET3   Delete modelComp: MODEL
20230412 045931.280 INFO             PET3   Delete Import-/Export State for modelComp: MODEL
20230412 045931.280 INFO             PET3 driver: Finalize extro.
20230412 045931.280 INFO             PET3 mainApp FINISHED
20230412 045931.280 INFO             PET3 Finalizing ESMF
