2023-04-05 02:17:53
20230405 023919.291 INFO             PET0 !!!!!!!!!!!!!!!!!!!!!!!!!!!!!!!!!!!!!!!!!!!!!!!!!!!!!!
20230405 023919.292 INFO             PET0 !!! THE ESMF_LOG IS SET TO OUTPUT ALL LOG MESSAGES !!!
20230405 023919.292 INFO             PET0 !!!     THIS MAY CAUSE SLOWDOWN IN PERFORMANCE     !!!
20230405 023919.292 INFO             PET0 !!! FOR PRODUCTION RUNS, USE:                      !!!
20230405 023919.292 INFO             PET0 !!!                   ESMF_LOGKIND_Multi_On_Error  !!!
20230405 023919.292 INFO             PET0 !!!!!!!!!!!!!!!!!!!!!!!!!!!!!!!!!!!!!!!!!!!!!!!!!!!!!!
20230405 023919.292 INFO             PET0 Running with ESMF Version   : v8.5.0b19
20230405 023919.292 INFO             PET0 ESMF library build date/time: "Apr  5 2023" "02:16:27"
20230405 023919.292 INFO             PET0 ESMF library build location : /glade/gust/scratch/theurich/ESMF-Nightly-Testing/intel_2023.0.0-oneAPI_mpiuni_O_develop/esmf
20230405 023919.292 INFO             PET0 ESMF_COMM                   : mpiuni
20230405 023919.292 INFO             PET0 ESMF_MOAB                   : enabled
20230405 023919.292 INFO             PET0 ESMF_LAPACK                 : enabled
20230405 023919.292 INFO             PET0 ESMF_NETCDF                 : enabled
20230405 023919.292 INFO             PET0 ESMF_PNETCDF                : disabled
20230405 023919.292 INFO             PET0 ESMF_PIO                    : disabled
20230405 023919.292 INFO             PET0 ESMF_YAMLCPP                : enabled
20230405 023919.308 DEBUG            PET0 about to destroy Grid: 0x7c8e30
20230405 023919.310 DEBUG            PET0 about to destroy Grid: 0x7c9e00
20230405 023919.315 INFO             PET0  NUMBER_OF_PROCESSORS           1
20230405 023919.315 INFO             PET0  PASS  Example ESMF_NUOPCAtmModelEx, ESMF_NUOPCAtmModelEx.F90, line 806
20230405 023919.315 INFO             PET0 Finalizing ESMF
