2023-04-12 07:37:06
20230412 075841.078 INFO             PET0 !!!!!!!!!!!!!!!!!!!!!!!!!!!!!!!!!!!!!!!!!!!!!!!!!!!!!!
20230412 075841.078 INFO             PET0 !!! THE ESMF_LOG IS SET TO OUTPUT ALL LOG MESSAGES !!!
20230412 075841.078 INFO             PET0 !!!     THIS MAY CAUSE SLOWDOWN IN PERFORMANCE     !!!
20230412 075841.078 INFO             PET0 !!! FOR PRODUCTION RUNS, USE:                      !!!
20230412 075841.078 INFO             PET0 !!!                   ESMF_LOGKIND_Multi_On_Error  !!!
20230412 075841.078 INFO             PET0 !!!!!!!!!!!!!!!!!!!!!!!!!!!!!!!!!!!!!!!!!!!!!!!!!!!!!!
20230412 075841.078 INFO             PET0 Running with ESMF Version   : v8.5.0b19-4-ga3a49e1e49
20230412 075841.079 INFO             PET0 ESMF library build date/time: "Apr 12 2023" "07:35:54"
20230412 075841.079 INFO             PET0 ESMF library build location : /scratch2/NCEPDEV/stmp1/Gerhard.Theurich/ESMF-Nightly-Testing/gfortran_9.2.0a_mpiuni_g_develop/esmf
20230412 075841.079 INFO             PET0 ESMF_COMM                   : mpiuni
20230412 075841.079 INFO             PET0 ESMF_MOAB                   : enabled
20230412 075841.079 INFO             PET0 ESMF_LAPACK                 : enabled
20230412 075841.079 INFO             PET0 ESMF_NETCDF                 : enabled
20230412 075841.079 INFO             PET0 ESMF_PNETCDF                : disabled
20230412 075841.079 INFO             PET0 ESMF_PIO                    : disabled
20230412 075841.079 INFO             PET0 ESMF_YAMLCPP                : enabled
20230412 075841.079 INFO             PET0 Log Write 2
20230412 075841.079 ERROR            PET0 Invalid object  - Convergence failure
20230412 075841.079 ERROR            PET0 ESMCI_Fraction.C:1444 ESMCI::Fraction::validate() must have non-zero denominator.
20230412 075841.079 ERROR            PET0 ESMCI_Time.C:838 ESMCI::Time::syncToRealTime() Wrong argument specified  - ; calkindflag is JULIANDAY, MODJULIANDAY or NOCALENDAR.
20230412 075841.079 ERROR            PET0 ESMF_Time.F90:1485 ESMF_TimeSyncToRealTime() Wrong argument specified  - Internal subroutine call returned Error
20230412 075841.079 ERROR            PET0 Wrong argument specified  - getting wall clock time
20230412 075841.081 INFO             PET0  NUMBER_OF_PROCESSORS           1
20230412 075841.081 INFO             PET0  PASS  Example ESMF_LogErrEx, ESMF_LogErrEx.F90, line 186
20230412 075841.081 INFO             PET0 Finalizing ESMF
