2023-03-18 07:21:07
20230318 074238.627 INFO             PET0 !!!!!!!!!!!!!!!!!!!!!!!!!!!!!!!!!!!!!!!!!!!!!!!!!!!!!!
20230318 074238.627 INFO             PET0 !!! THE ESMF_LOG IS SET TO OUTPUT ALL LOG MESSAGES !!!
20230318 074238.627 INFO             PET0 !!!     THIS MAY CAUSE SLOWDOWN IN PERFORMANCE     !!!
20230318 074238.627 INFO             PET0 !!! FOR PRODUCTION RUNS, USE:                      !!!
20230318 074238.627 INFO             PET0 !!!                   ESMF_LOGKIND_Multi_On_Error  !!!
20230318 074238.627 INFO             PET0 !!!!!!!!!!!!!!!!!!!!!!!!!!!!!!!!!!!!!!!!!!!!!!!!!!!!!!
20230318 074238.627 INFO             PET0 Running with ESMF Version   : v8.5.0b18-5-ge74a33b91d
20230318 074238.627 INFO             PET0 ESMF library build date/time: "Mar 18 2023" "07:20:00"
20230318 074238.627 INFO             PET0 ESMF library build location : /scratch2/NCEPDEV/stmp1/Gerhard.Theurich/ESMF-Nightly-Testing/gfortran_9.2.0a_mpiuni_g_develop/esmf
20230318 074238.627 INFO             PET0 ESMF_COMM                   : mpiuni
20230318 074238.628 INFO             PET0 ESMF_MOAB                   : enabled
20230318 074238.628 INFO             PET0 ESMF_LAPACK                 : enabled
20230318 074238.628 INFO             PET0 ESMF_NETCDF                 : enabled
20230318 074238.628 INFO             PET0 ESMF_PNETCDF                : disabled
20230318 074238.628 INFO             PET0 ESMF_PIO                    : disabled
20230318 074238.628 INFO             PET0 ESMF_YAMLCPP                : enabled
20230318 074238.628 INFO             PET0  NUMBER_OF_PROCESSORS           1
20230318 074238.628 INFO             PET0  PASS  Example ESMF_ArraySpecEx, ESMF_ArraySpecEx.F90, line 96
20230318 074238.628 INFO             PET0 Finalizing ESMF
