2023-04-18 06:29:14
20230418 071426.938 INFO             PET0 !!!!!!!!!!!!!!!!!!!!!!!!!!!!!!!!!!!!!!!!!!!!!!!!!!!!!!
20230418 071426.939 INFO             PET0 !!! THE ESMF_LOG IS SET TO OUTPUT ALL LOG MESSAGES !!!
20230418 071426.939 INFO             PET0 !!!     THIS MAY CAUSE SLOWDOWN IN PERFORMANCE     !!!
20230418 071426.939 INFO             PET0 !!! FOR PRODUCTION RUNS, USE:                      !!!
20230418 071426.939 INFO             PET0 !!!                   ESMF_LOGKIND_Multi_On_Error  !!!
20230418 071426.939 INFO             PET0 !!!!!!!!!!!!!!!!!!!!!!!!!!!!!!!!!!!!!!!!!!!!!!!!!!!!!!
20230418 071426.939 INFO             PET0 Running with ESMF Version   : v8.5.0b19-5-gc2c4406dae
20230418 071426.939 INFO             PET0 ESMF library build date/time: "Apr 18 2023" "06:26:50"
20230418 071426.939 INFO             PET0 ESMF library build location : /project/esmf/theurich/ESMF-Nightly-Testing/intel_19.1.0_mpiuni_g_develop/esmf
20230418 071426.939 INFO             PET0 ESMF_COMM                   : mpiuni
20230418 071426.940 INFO             PET0 ESMF_MOAB                   : enabled
20230418 071426.940 INFO             PET0 ESMF_LAPACK                 : enabled
20230418 071426.940 INFO             PET0 ESMF_NETCDF                 : enabled
20230418 071426.940 INFO             PET0 ESMF_PNETCDF                : disabled
20230418 071426.940 INFO             PET0 ESMF_PIO                    : disabled
20230418 071426.940 INFO             PET0 ESMF_YAMLCPP                : enabled
20230418 071426.948 INFO             PET0  NUMBER_OF_PROCESSORS           1
20230418 071426.948 INFO             PET0  PASS  Example ESMF_GCompEx, ESMF_GCompEx.F90, line 465
20230418 071426.948 INFO             PET0 Finalizing ESMF
