2023-03-25 06:20:53
20230325 070430.587 INFO             PET0 !!!!!!!!!!!!!!!!!!!!!!!!!!!!!!!!!!!!!!!!!!!!!!!!!!!!!!
20230325 070430.587 INFO             PET0 !!! THE ESMF_LOG IS SET TO OUTPUT ALL LOG MESSAGES !!!
20230325 070430.587 INFO             PET0 !!!     THIS MAY CAUSE SLOWDOWN IN PERFORMANCE     !!!
20230325 070430.587 INFO             PET0 !!! FOR PRODUCTION RUNS, USE:                      !!!
20230325 070430.587 INFO             PET0 !!!                   ESMF_LOGKIND_Multi_On_Error  !!!
20230325 070430.587 INFO             PET0 !!!!!!!!!!!!!!!!!!!!!!!!!!!!!!!!!!!!!!!!!!!!!!!!!!!!!!
20230325 070430.587 INFO             PET0 Running with ESMF Version   : v8.5.0b18-5-ge74a33b91d
20230325 070430.587 INFO             PET0 ESMF library build date/time: "Mar 25 2023" "06:18:31"
20230325 070430.587 INFO             PET0 ESMF library build location : /project/esmf/theurich/ESMF-Nightly-Testing/intel_19.1.0_mpiuni_g_develop/esmf
20230325 070430.587 INFO             PET0 ESMF_COMM                   : mpiuni
20230325 070430.589 INFO             PET0 ESMF_MOAB                   : enabled
20230325 070430.589 INFO             PET0 ESMF_LAPACK                 : enabled
20230325 070430.589 INFO             PET0 ESMF_NETCDF                 : enabled
20230325 070430.589 INFO             PET0 ESMF_PNETCDF                : disabled
20230325 070430.589 INFO             PET0 ESMF_PIO                    : disabled
20230325 070430.589 INFO             PET0 ESMF_YAMLCPP                : enabled
20230325 070430.833 INFO             PET0  NUMBER_OF_PROCESSORS           1
20230325 070430.835 INFO             PET0  PASS  Example ESMF_RHandleReusabilityEx, ESMF_RHandleReusabilityEx.F90, line 582
20230325 070430.835 INFO             PET0 Finalizing ESMF
