2023-03-21 05:03:10
 NUOPC_DriverPrint for PET:            0
   Model, Mediator, and Driver components, in the order
   that they were added to the Driver:
            1 :  ATM
            2 :  OCN
            3 :  MED
   Connector components, in the order
   that they were added to the Driver:
            1 :  MED-TO-OCN
            2 :  MED-TO-ATM
            3 :  OCN-TO-MED
            4 :  ATM-TO-MED
NUOPC_RunSequenceArrayPrint: element     1 out of      5
runSeq::
 runElementPrint:     -2     0     0 F T
 runElementPrint:      3     1     1 F T
 runElementPrint:     -3     0     0 F T
 runElementPrint:      3     2     1 F T
 runElementPrint:     -1    -1     0 F F
::
NUOPC_RunSequenceArrayPrint: element     2 out of      5
runSeq::
 runElementPrint:      3    -1     1 F T
 runElementPrint:      3     2     1 F T
 runElementPrint:      3     1     1 F T
 runElementPrint:      1    -1     1 F T
 runElementPrint:      2    -1     1 F T
 runElementPrint:      2     3     1 F T
 runElementPrint:      1     3     1 F T
 runElementPrint:     -2    -1     0 F F
::
NUOPC_RunSequenceArrayPrint: element     3 out of      5
runSeq::
 runElementPrint:      3    -1     1 F T
 runElementPrint:      3     1     1 F T
 runElementPrint:      3     2     1 F T
 runElementPrint:      1    -1     1 F T
 runElementPrint:      2    -1     1 F T
 runElementPrint:      1     3     1 F T
 runElementPrint:      2     3     1 F T
 runElementPrint:     -3    -1     0 F F
::
NUOPC_RunSequenceArrayPrint: element     4 out of      5
runSeq::
 runElementPrint:     -4    -1     0 F F
::
NUOPC_RunSequenceArrayPrint: element     5 out of      5
runSeq::
 runElementPrint:     -5    -1     0 F F
::
 NUOPC_DriverPrint for PET:            1
   Model, Mediator, and Driver components, in the order
   that they were added to the Driver:
            1 :  ATM
            2 :  OCN
            3 :  MED
   Connector components, in the order
   that they were added to the Driver:
            1 :  MED-TO-OCN
            2 :  MED-TO-ATM
            3 :  OCN-TO-MED
            4 :  ATM-TO-MED
NUOPC_RunSequenceArrayPrint: element     1 out of      5
runSeq::
 runElementPrint:     -2     0     0 F T
 runElementPrint:      3     1     1 F T
 runElementPrint:     -3     0     0 F T
 runElementPrint:      3     2     1 F T
 runElementPrint:     -1    -1     0 F F
::
NUOPC_RunSequenceArrayPrint: element     2 out of      5
runSeq::
 runElementPrint:      3    -1     1 F T
 runElementPrint:      3     2     1 F T
 runElementPrint:      3     1     1 F T
 runElementPrint:      1    -1     1 F T
 runElementPrint:      2    -1     1 F T
 runElementPrint:      2     3     1 F T
 runElementPrint:      1     3     1 F T
 runElementPrint:     -2    -1     0 F F
::
NUOPC_RunSequenceArrayPrint: element     3 out of      5
runSeq::
 runElementPrint:      3    -1     1 F T
 runElementPrint:      3     1     1 F T
 runElementPrint:      3     2     1 F T
 runElementPrint:      1    -1     1 F T
 runElementPrint:      2    -1     1 F T
 runElementPrint:      1     3     1 F T
 runElementPrint:      2     3     1 F T
 runElementPrint:     -3    -1     0 F F
::
NUOPC_RunSequenceArrayPrint: element     4 out of      5
runSeq::
 runElementPrint:     -4    -1     0 F F
::
NUOPC_RunSequenceArrayPrint: element     5 out of      5
runSeq::
 runElementPrint:     -5    -1     0 F F
::
 NUOPC_DriverPrint for PET:            2
   Model, Mediator, and Driver components, in the order
   that they were added to the Driver:
            1 :  ATM
            2 :  OCN
            3 :  MED
   Connector components, in the order
   that they were added to the Driver:
            1 :  MED-TO-OCN
            2 :  MED-TO-ATM
            3 :  OCN-TO-MED
            4 :  ATM-TO-MED
NUOPC_RunSequenceArrayPrint: element     1 out of      5
runSeq::
 runElementPrint:     -2     0     0 F T
 runElementPrint:      3     1     1 F T
 runElementPrint:     -3     0     0 F T
 runElementPrint:      3     2     1 F T
 NUOPC_DriverPrint for PET:            3
   Model, Mediator, and Driver components, in the order
   that they were added to the Driver:
            1 :  ATM
            2 :  OCN
            3 :  MED
   Connector components, in the order
   that they were added to the Driver:
            1 :  MED-TO-OCN
            2 :  MED-TO-ATM
            3 :  OCN-TO-MED
            4 :  ATM-TO-MED
NUOPC_RunSequenceArrayPrint: element     1 out of      5
runSeq::
 runElementPrint:     -2     0     0 F T
 runElementPrint:      3     1     1 F T
 runElementPrint:     -3     0     0 F T
 runElementPrint:      3     2     1 F T
 runElementPrint:     -1    -1     0 F F
::
NUOPC_RunSequenceArrayPrint: element     2 out of      5
runSeq::
 runElementPrint:      3    -1     1 F T
 runElementPrint:      3     2     1 F T
 runElementPrint:      3     1     1 F T
 runElementPrint:      1    -1     1 F T
 runElementPrint:      2    -1     1 F T
 runElementPrint:      2     3     1 F T
 runElementPrint:      1     3     1 F T
 runElementPrint:     -2    -1     0 F F
::
NUOPC_RunSequenceArrayPrint: element     3 out of      5
runSeq::
 runElementPrint:      3    -1     1 F T
 runElementPrint:      3     1     1 F T
 runElementPrint:      3     2     1 F T
 runElementPrint:      1    -1     1 F T
 runElementPrint:      2    -1     1 F T
 runElementPrint:      1     3     1 F T
 runElementPrint:      2     3     1 F T
 runElementPrint:     -3    -1     0 F F
::
NUOPC_RunSequenceArrayPrint: element     4 out of      5
runSeq::
 runElementPrint:     -4    -1     0 F F
::
NUOPC_RunSequenceArrayPrint: element     5 out of      5
runSeq::
 runElementPrint:     -5    -1     0 F F
::
 runElementPrint:     -1    -1     0 F F
::
NUOPC_RunSequenceArrayPrint: element     2 out of      5
runSeq::
 runElementPrint:      3    -1     1 F T
 runElementPrint:      3     2     1 F T
 runElementPrint:      3     1     1 F T
 runElementPrint:      1    -1     1 F T
 runElementPrint:      2    -1     1 F T
 runElementPrint:      2     3     1 F T
 runElementPrint:      1     3     1 F T
 runElementPrint:     -2    -1     0 F F
::
NUOPC_RunSequenceArrayPrint: element     3 out of      5
runSeq::
 runElementPrint:      3    -1     1 F T
 runElementPrint:      3     1     1 F T
 runElementPrint:      3     2     1 F T
 runElementPrint:      1    -1     1 F T
 runElementPrint:      2    -1     1 F T
 runElementPrint:      1     3     1 F T
 runElementPrint:      2     3     1 F T
 runElementPrint:     -3    -1     0 F F
::
NUOPC_RunSequenceArrayPrint: element     4 out of      5
runSeq::
 runElementPrint:     -4    -1     0 F F
::
NUOPC_RunSequenceArrayPrint: element     5 out of      5
runSeq::
 runElementPrint:     -5    -1     0 F F
::
[r10i5n12:51970:0:51970] Caught signal 11 (Segmentation fault: address not mapped to object at address 0x4f1b591)
[r10i5n12:51967:0:51967] Caught signal 11 (Segmentation fault: address not mapped to object at address 0x4f1b591)
[r10i5n12:51968:0:51968] Caught signal 11 (Segmentation fault: address not mapped to object at address 0x4f1b591)
[r10i5n12:51969:0:51969] Caught signal 11 (Segmentation fault: address not mapped to object at address 0x4f1b591)
==== backtrace (tid:  51967) ====
 0  /glade/u/apps/ch/opt/ucx/1.11.0/lib/libucs.so.0(ucs_handle_error+0xe4) [0x2ad0953201b4]
 1  /glade/u/apps/ch/opt/ucx/1.11.0/lib/libucs.so.0(+0x2a4dc) [0x2ad0953204dc]
 2  /glade/u/apps/ch/opt/ucx/1.11.0/lib/libucs.so.0(+0x2a74b) [0x2ad09532074b]
 3  /glade/scratch/theurich/ESMF-Nightly-Testing/nvhpc_21.11_openmpi_O_develop/esmf/DEFAULTINSTALLDIR/lib/libO/Linux.nvhpc.64.openmpi.default/libesmf.so(_ZN5ESMCI6LogErr13MsgFoundErrorEiPKciS2_S2_Pi+0x34) [0x2ad07c9140b4]
==== backtrace (tid:  51968) ====
 0  /glade/u/apps/ch/opt/ucx/1.11.0/lib/libucs.so.0(ucs_handle_error+0xe4) [0x2b5aceb551b4]
 1  /glade/u/apps/ch/opt/ucx/1.11.0/lib/libucs.so.0(+0x2a4dc) [0x2b5aceb554dc]
 2  /glade/u/apps/ch/opt/ucx/1.11.0/lib/libucs.so.0(+0x2a74b) [0x2b5aceb5574b]
 3  /glade/scratch/theurich/ESMF-Nightly-Testing/nvhpc_21.11_openmpi_O_develop/esmf/DEFAULTINSTALLDIR/lib/libO/Linux.nvhpc.64.openmpi.default/libesmf.so(_ZN5ESMCI6LogErr13MsgFoundErrorEiPKciS2_S2_Pi+0x34) [0x2b5ab62b40b4]
 4  /glade/scratch/theurich/ESMF-Nightly-Testing/nvhpc_21.11_openmpi_O_develop/esmf/DEFAULTINSTALLDIR/lib/libO/Linux.nvhpc.64.openmpi.default/libesmf.so(c_esmc_meshcreatenodedistgrid_+0x5b) [0x2b5ab63f5f9b]
 5  /glade/scratch/theurich/ESMF-Nightly-Testing/nvhpc_21.11_openmpi_O_develop/esmf/DEFAULTINSTALLDIR/lib/libO/Linux.nvhpc.64.openmpi.default/libesmf.so(esmf_meshmod_esmf_meshcreatefrompointer_+0x4c) [0x2b5ab6b125cc]
 6  /glade/scratch/theurich/ESMF-Nightly-Testing/nvhpc_21.11_openmpi_O_develop/esmf/DEFAULTINSTALLDIR/lib/libO/Linux.nvhpc.64.openmpi.default/libesmf.so(esmf_gridutilmod_esmf_gridtomesh_+0x32a) [0x2b5ab69f24ea]
==== backtrace (tid:  51970) ====
 0  /glade/u/apps/ch/opt/ucx/1.11.0/lib/libucs.so.0(ucs_handle_error+0xe4) [0x2ab4e39661b4]
 4  /glade/scratch/theurich/ESMF-Nightly-Testing/nvhpc_21.11_openmpi_O_develop/esmf/DEFAULTINSTALLDIR/lib/libO/Linux.nvhpc.64.openmpi.default/libesmf.so(c_esmc_meshcreatenodedistgrid_+0x5b) [0x2ad07ca55f9b]
 5  /glade/scratch/theurich/ESMF-Nightly-Testing/nvhpc_21.11_openmpi_O_develop/esmf/DEFAULTINSTALLDIR/lib/libO/Linux.nvhpc.64.openmpi.default/libesmf.so(esmf_meshmod_esmf_meshcreatefrompointer_+0x4c) [0x2ad07d1725cc]
 6  /glade/scratch/theurich/ESMF-Nightly-Testing/nvhpc_21.11_openmpi_O_develop/esmf/DEFAULTINSTALLDIR/lib/libO/Linux.nvhpc.64.openmpi.default/libesmf.so(esmf_gridutilmod_esmf_gridtomesh_+0x32a) [0x2ad07d0524ea]
 7  /glade/scratch/theurich/ESMF-Nightly-Testing/nvhpc_21.11_openmpi_O_develop/esmf/DEFAULTINSTALLDIR/lib/libO/Linux.nvhpc.64.openmpi.default/libesmf.so(esmf_fieldregridmod_b_or_p_gridtomesh_+0x155) [0x2ad07cf77155]
 8  /glade/scratch/theurich/ESMF-Nightly-Testing/nvhpc_21.11_openmpi_O_develop/esmf/DEFAULTINSTALLDIR/lib/libO/Linux.nvhpc.64.openmpi.default/libesmf.so(esmf_fieldregridmod_getmeshwithnodesonfieldloc_+0x3b1) [0x2ad07cf744f1]
 9  /glade/scratch/theurich/ESMF-Nightly-Testing/nvhpc_21.11_openmpi_O_develop/esmf/DEFAULTINSTALLDIR/lib/libO/Linux.nvhpc.64.openmpi.default/libesmf.so(esmf_fieldregridmod_esmf_fieldregridstorenx_+0x9fc) [0x2ad07cf729bc]
10  /glade/scratch/theurich/ESMF-Nightly-Testing/nvhpc_21.11_openmpi_O_develop/esmf/DEFAULTINSTALLDIR/lib/libO/Linux.nvhpc.64.openmpi.default/libesmf.so(esmf_fieldbundlemod_esmf_fieldbundleregridstorepair_+0x1bd6) [0x2ad07ce533d6]
11  /glade/scratch/theurich/ESMF-Nightly-Testing/nvhpc_21.11_openmpi_O_develop/esmf/DEFAULTINSTALLDIR/lib/libO/Linux.nvhpc.64.openmpi.default/libesmf.so(nuopc_connector_fieldbundlecplstore_+0x8fbd) [0x2ad07d3d3ffd]
12  /glade/scratch/theurich/ESMF-Nightly-Testing/nvhpc_21.11_openmpi_O_develop/esmf/DEFAULTINSTALLDIR/lib/libO/Linux.nvhpc.64.openmpi.default/libesmf.so(nuopc_connector_initializeipdv05p6b_+0x4d7e) [0x2ad07d3be43e]
 7  /glade/scratch/theurich/ESMF-Nightly-Testing/nvhpc_21.11_openmpi_O_develop/esmf/DEFAULTINSTALLDIR/lib/libO/Linux.nvhpc.64.openmpi.default/libesmf.so(esmf_fieldregridmod_b_or_p_gridtomesh_+0x155) [0x2b5ab6917155]
 8  /glade/scratch/theurich/ESMF-Nightly-Testing/nvhpc_21.11_openmpi_O_develop/esmf/DEFAULTINSTALLDIR/lib/libO/Linux.nvhpc.64.openmpi.default/libesmf.so(esmf_fieldregridmod_getmeshwithnodesonfieldloc_+0x3b1) [0x2b5ab69144f1]
 9  /glade/scratch/theurich/ESMF-Nightly-Testing/nvhpc_21.11_openmpi_O_develop/esmf/DEFAULTINSTALLDIR/lib/libO/Linux.nvhpc.64.openmpi.default/libesmf.so(esmf_fieldregridmod_esmf_fieldregridstorenx_+0x9fc) [0x2b5ab69129bc]
10  /glade/scratch/theurich/ESMF-Nightly-Testing/nvhpc_21.11_openmpi_O_develop/esmf/DEFAULTINSTALLDIR/lib/libO/Linux.nvhpc.64.openmpi.default/libesmf.so(esmf_fieldbundlemod_esmf_fieldbundleregridstorepair_+0x1bd6) [0x2b5ab67f33d6]
11  /glade/scratch/theurich/ESMF-Nightly-Testing/nvhpc_21.11_openmpi_O_develop/esmf/DEFAULTINSTALLDIR/lib/libO/Linux.nvhpc.64.openmpi.default/libesmf.so(nuopc_connector_fieldbundlecplstore_+0x8fbd) [0x2b5ab6d73ffd]
12  /glade/scratch/theurich/ESMF-Nightly-Testing/nvhpc_21.11_openmpi_O_develop/esmf/DEFAULTINSTALLDIR/lib/libO/Linux.nvhpc.64.openmpi.default/libesmf.so(nuopc_connector_initializeipdv05p6b_+0x4d7e) [0x2b5ab6d5e43e]
13  /glade/scratch/theurich/ESMF-Nightly-Testing/nvhpc_21.11_openmpi_O_develop/esmf/DEFAULTINSTALLDIR/lib/libO/Linux.nvhpc.64.openmpi.default/libesmf.so(_ZN5ESMCI6FTable12callVFuncPtrEPKcPNS_2VMEPi+0x4d7) [0x2b5ab61de297]
13  /glade/scratch/theurich/ESMF-Nightly-Testing/nvhpc_21.11_openmpi_O_develop/esmf/DEFAULTINSTALLDIR/lib/libO/Linux.nvhpc.64.openmpi.default/libesmf.so(_ZN5ESMCI6FTable12callVFuncPtrEPKcPNS_2VMEPi+0x4d7) [0x2ad07c83e297]
14  /glade/scratch/theurich/ESMF-Nightly-Testing/nvhpc_21.11_openmpi_O_develop/esmf/DEFAULTINSTALLDIR/lib/libO/Linux.nvhpc.64.openmpi.default/libesmf.so(ESMCI_FTableCallEntryPointVMHop+0x1de) [0x2ad07c83c1de]
15  /glade/scratch/theurich/ESMF-Nightly-Testing/nvhpc_21.11_openmpi_O_develop/esmf/DEFAULTINSTALLDIR/lib/libO/Linux.nvhpc.64.openmpi.default/libesmf.so(_ZN5ESMCI2VM5enterEPNS_6VMPlanEPvS3_+0x18) [0x2ad07cc00d98]
16  /glade/scratch/theurich/ESMF-Nightly-Testing/nvhpc_21.11_openmpi_O_develop/esmf/DEFAULTINSTALLDIR/lib/libO/Linux.nvhpc.64.openmpi.default/libesmf.so(c_esmc_ftablecallentrypointvm_+0x35b) [0x2ad07c83c5db]
17  /glade/scratch/theurich/ESMF-Nightly-Testing/nvhpc_21.11_openmpi_O_develop/esmf/DEFAULTINSTALLDIR/lib/libO/Linux.nvhpc.64.openmpi.default/libesmf.so(esmf_compmod_esmf_compexecute_+0x7e1) [0x2ad07cde4321]
18  /glade/scratch/theurich/ESMF-Nightly-Testing/nvhpc_21.11_openmpi_O_develop/esmf/DEFAULTINSTALLDIR/lib/libO/Linux.nvhpc.64.openmpi.default/libesmf.so(esmf_cplcompmod_esmf_cplcompinitialize_+0x159) [0x2ad07cdf7019]
19  /glade/scratch/theurich/ESMF-Nightly-Testing/nvhpc_21.11_openmpi_O_develop/esmf/DEFAULTINSTALLDIR/lib/libO/Linux.nvhpc.64.openmpi.default/libesmf.so(nuopc_driver_loopconnectorcompss_+0xea9) [0x2ad07d3f3669]
20  /glade/scratch/theurich/ESMF-Nightly-Testing/nvhpc_21.11_openmpi_O_develop/esmf/DEFAULTINSTALLDIR/lib/libO/Linux.nvhpc.64.openmpi.default/libesmf.so(nuopc_driver_initializeipdv02p3_+0x2ee4) [0x2ad07d3eac64]
21  /glade/scratch/theurich/ESMF-Nightly-Testing/nvhpc_21.11_openmpi_O_develop/esmf/DEFAULTINSTALLDIR/lib/libO/Linux.nvhpc.64.openmpi.default/libesmf.so(nuopc_driver_initializegeneric_+0x5f4) [0x2ad07d3d9634]
22  /glade/scratch/theurich/ESMF-Nightly-Testing/nvhpc_21.11_openmpi_O_develop/esmf/DEFAULTINSTALLDIR/lib/libO/Linux.nvhpc.64.openmpi.default/libesmf.so(_ZN5ESMCI6FTable12callVFuncPtrEPKcPNS_2VMEPi+0x4d7) [0x2ad07c83e297]
23  /glade/scratch/theurich/ESMF-Nightly-Testing/nvhpc_21.11_openmpi_O_develop/esmf/DEFAULTINSTALLDIR/lib/libO/Linux.nvhpc.64.openmpi.default/libesmf.so(ESMCI_FTableCallEntryPointVMHop+0x1de) [0x2ad07c83c1de]
24  /glade/scratch/theurich/ESMF-Nightly-Testing/nvhpc_21.11_openmpi_O_develop/esmf/DEFAULTINSTALLDIR/lib/libO/Linux.nvhpc.64.openmpi.default/libesmf.so(_ZN5ESMCI2VM5enterEPNS_6VMPlanEPvS3_+0x18) [0x2ad07cc00d98]
25  /glade/scratch/theurich/ESMF-Nightly-Testing/nvhpc_21.11_openmpi_O_develop/esmf/DEFAULTINSTALLDIR/lib/libO/Linux.nvhpc.64.openmpi.default/libesmf.so(c_esmc_ftablecallentrypointvm_+0x35b) [0x2ad07c83c5db]
26  /glade/scratch/theurich/ESMF-Nightly-Testing/nvhpc_21.11_openmpi_O_develop/esmf/DEFAULTINSTALLDIR/lib/libO/Linux.nvhpc.64.openmpi.default/libesmf.so(esmf_compmod_esmf_compexecute_+0x7e1) [0x2ad07cde4321]
27  /glade/scratch/theurich/ESMF-Nightly-Testing/nvhpc_21.11_openmpi_O_develop/esmf/DEFAULTINSTALLDIR/lib/libO/Linux.nvhpc.64.openmpi.default/libesmf.so(esmf_gridcompmod_esmf_gridcompinitialize_+0x159) [0x2ad07cfb9719]
28  ./esmApp() [0x4067df]
29  ./esmApp() [0x406433]
30  /glade/u/apps/ch/os/lib64/libc.so.6(__libc_start_main+0xf5) [0x2ad081f67a35]
31  ./esmApp() [0x406329]
=================================
==== backtrace (tid:  51969) ====
 0  /glade/u/apps/ch/opt/ucx/1.11.0/lib/libucs.so.0(ucs_handle_error+0xe4) [0x2aeea2d521b4]
 1  /glade/u/apps/ch/opt/ucx/1.11.0/lib/libucs.so.0(+0x2a4dc) [0x2aeea2d524dc]
 2  /glade/u/apps/ch/opt/ucx/1.11.0/lib/libucs.so.0(+0x2a74b) [0x2aeea2d5274b]
 3  /glade/scratch/theurich/ESMF-Nightly-Testing/nvhpc_21.11_openmpi_O_develop/esmf/DEFAULTINSTALLDIR/lib/libO/Linux.nvhpc.64.openmpi.default/libesmf.so(_ZN5ESMCI6LogErr13MsgFoundErrorEiPKciS2_S2_Pi+0x34) [0x2aee8a4ca0b4]
 4  /glade/scratch/theurich/ESMF-Nightly-Testing/nvhpc_21.11_openmpi_O_develop/esmf/DEFAULTINSTALLDIR/lib/libO/Linux.nvhpc.64.openmpi.default/libesmf.so(c_esmc_meshcreatenodedistgrid_+0x5b) [0x2aee8a60bf9b]
 5  /glade/scratch/theurich/ESMF-Nightly-Testing/nvhpc_21.11_openmpi_O_develop/esmf/DEFAULTINSTALLDIR/lib/libO/Linux.nvhpc.64.openmpi.default/libesmf.so(esmf_meshmod_esmf_meshcreatefrompointer_+0x4c) [0x2aee8ad285cc]
 6  /glade/scratch/theurich/ESMF-Nightly-Testing/nvhpc_21.11_openmpi_O_develop/esmf/DEFAULTINSTALLDIR/lib/libO/Linux.nvhpc.64.openmpi.default/libesmf.so(esmf_gridutilmod_esmf_gridtomesh_+0x32a) [0x2aee8ac084ea]
 7  /glade/scratch/theurich/ESMF-Nightly-Testing/nvhpc_21.11_openmpi_O_develop/esmf/DEFAULTINSTALLDIR/lib/libO/Linux.nvhpc.64.openmpi.default/libesmf.so(esmf_fieldregridmod_b_or_p_gridtomesh_+0x155) [0x2aee8ab2d155]
 8  /glade/scratch/theurich/ESMF-Nightly-Testing/nvhpc_21.11_openmpi_O_develop/esmf/DEFAULTINSTALLDIR/lib/libO/Linux.nvhpc.64.openmpi.default/libesmf.so(esmf_fieldregridmod_getmeshwithnodesonfieldloc_+0x3b1) [0x2aee8ab2a4f1]
 9  /glade/scratch/theurich/ESMF-Nightly-Testing/nvhpc_21.11_openmpi_O_develop/esmf/DEFAULTINSTALLDIR/lib/libO/Linux.nvhpc.64.openmpi.default/libesmf.so(esmf_fieldregridmod_esmf_fieldregridstorenx_+0x9fc) [0x2aee8ab289bc]
10  /glade/scratch/theurich/ESMF-Nightly-Testing/nvhpc_21.11_openmpi_O_develop/esmf/DEFAULTINSTALLDIR/lib/libO/Linux.nvhpc.64.openmpi.default/libesmf.so(esmf_fieldbundlemod_esmf_fieldbundleregridstorepair_+0x1bd6) [0x2aee8aa093d6]
11  /glade/scratch/theurich/ESMF-Nightly-Testing/nvhpc_21.11_openmpi_O_develop/esmf/DEFAULTINSTALLDIR/lib/libO/Linux.nvhpc.64.openmpi.default/libesmf.so(nuopc_connector_fieldbundlecplstore_+0x8fbd) [0x2aee8af89ffd]
12  /glade/scratch/theurich/ESMF-Nightly-Testing/nvhpc_21.11_openmpi_O_develop/esmf/DEFAULTINSTALLDIR/lib/libO/Linux.nvhpc.64.openmpi.default/libesmf.so(nuopc_connector_initializeipdv05p6b_+0x4d7e) [0x2aee8af7443e]
13  /glade/scratch/theurich/ESMF-Nightly-Testing/nvhpc_21.11_openmpi_O_develop/esmf/DEFAULTINSTALLDIR/lib/libO/Linux.nvhpc.64.openmpi.default/libesmf.so(_ZN5ESMCI6FTable12callVFuncPtrEPKcPNS_2VMEPi+0x4d7) [0x2aee8a3f4297]
14  /glade/scratch/theurich/ESMF-Nightly-Testing/nvhpc_21.11_openmpi_O_develop/esmf/DEFAULTINSTALLDIR/lib/libO/Linux.nvhpc.64.openmpi.default/libesmf.so(ESMCI_FTableCallEntryPointVMHop+0x1de) [0x2aee8a3f21de]
 1  /glade/u/apps/ch/opt/ucx/1.11.0/lib/libucs.so.0(+0x2a4dc) [0x2ab4e39664dc]
 2  /glade/u/apps/ch/opt/ucx/1.11.0/lib/libucs.so.0(+0x2a74b) [0x2ab4e396674b]
 3  /glade/scratch/theurich/ESMF-Nightly-Testing/nvhpc_21.11_openmpi_O_develop/esmf/DEFAULTINSTALLDIR/lib/libO/Linux.nvhpc.64.openmpi.default/libesmf.so(_ZN5ESMCI6LogErr13MsgFoundErrorEiPKciS2_S2_Pi+0x34) [0x2ab4cf0fb0b4]
 4  /glade/scratch/theurich/ESMF-Nightly-Testing/nvhpc_21.11_openmpi_O_develop/esmf/DEFAULTINSTALLDIR/lib/libO/Linux.nvhpc.64.openmpi.default/libesmf.so(c_esmc_meshcreatenodedistgrid_+0x5b) [0x2ab4cf23cf9b]
 5  /glade/scratch/theurich/ESMF-Nightly-Testing/nvhpc_21.11_openmpi_O_develop/esmf/DEFAULTINSTALLDIR/lib/libO/Linux.nvhpc.64.openmpi.default/libesmf.so(esmf_meshmod_esmf_meshcreatefrompointer_+0x4c) [0x2ab4cf9595cc]
 6  /glade/scratch/theurich/ESMF-Nightly-Testing/nvhpc_21.11_openmpi_O_develop/esmf/DEFAULTINSTALLDIR/lib/libO/Linux.nvhpc.64.openmpi.default/libesmf.so(esmf_gridutilmod_esmf_gridtomesh_+0x32a) [0x2ab4cf8394ea]
 7  /glade/scratch/theurich/ESMF-Nightly-Testing/nvhpc_21.11_openmpi_O_develop/esmf/DEFAULTINSTALLDIR/lib/libO/Linux.nvhpc.64.openmpi.default/libesmf.so(esmf_fieldregridmod_b_or_p_gridtomesh_+0x155) [0x2ab4cf75e155]
 8  /glade/scratch/theurich/ESMF-Nightly-Testing/nvhpc_21.11_openmpi_O_develop/esmf/DEFAULTINSTALLDIR/lib/libO/Linux.nvhpc.64.openmpi.default/libesmf.so(esmf_fieldregridmod_getmeshwithnodesonfieldloc_+0x3b1) [0x2ab4cf75b4f1]
 9  /glade/scratch/theurich/ESMF-Nightly-Testing/nvhpc_21.11_openmpi_O_develop/esmf/DEFAULTINSTALLDIR/lib/libO/Linux.nvhpc.64.openmpi.default/libesmf.so(esmf_fieldregridmod_esmf_fieldregridstorenx_+0x9fc) [0x2ab4cf7599bc]
10  /glade/scratch/theurich/ESMF-Nightly-Testing/nvhpc_21.11_openmpi_O_develop/esmf/DEFAULTINSTALLDIR/lib/libO/Linux.nvhpc.64.openmpi.default/libesmf.so(esmf_fieldbundlemod_esmf_fieldbundleregridstorepair_+0x1bd6) [0x2ab4cf63a3d6]
11  /glade/scratch/theurich/ESMF-Nightly-Testing/nvhpc_21.11_openmpi_O_develop/esmf/DEFAULTINSTALLDIR/lib/libO/Linux.nvhpc.64.openmpi.default/libesmf.so(nuopc_connector_fieldbundlecplstore_+0x8fbd) [0x2ab4cfbbaffd]
12  /glade/scratch/theurich/ESMF-Nightly-Testing/nvhpc_21.11_openmpi_O_develop/esmf/DEFAULTINSTALLDIR/lib/libO/Linux.nvhpc.64.openmpi.default/libesmf.so(nuopc_connector_initializeipdv05p6b_+0x4d7e) [0x2ab4cfba543e]
13  /glade/scratch/theurich/ESMF-Nightly-Testing/nvhpc_21.11_openmpi_O_develop/esmf/DEFAULTINSTALLDIR/lib/libO/Linux.nvhpc.64.openmpi.default/libesmf.so(_ZN5ESMCI6FTable12callVFuncPtrEPKcPNS_2VMEPi+0x4d7) [0x2ab4cf025297]
14  /glade/scratch/theurich/ESMF-Nightly-Testing/nvhpc_21.11_openmpi_O_develop/esmf/DEFAULTINSTALLDIR/lib/libO/Linux.nvhpc.64.openmpi.default/libesmf.so(ESMCI_FTableCallEntryPointVMHop+0x1de) [0x2ab4cf0231de]
15  /glade/scratch/theurich/ESMF-Nightly-Testing/nvhpc_21.11_openmpi_O_develop/esmf/DEFAULTINSTALLDIR/lib/libO/Linux.nvhpc.64.openmpi.default/libesmf.so(_ZN5ESMCI2VM5enterEPNS_6VMPlanEPvS3_+0x18) [0x2ab4cf3e7d98]
16  /glade/scratch/theurich/ESMF-Nightly-Testing/nvhpc_21.11_openmpi_O_develop/esmf/DEFAULTINSTALLDIR/lib/libO/Linux.nvhpc.64.openmpi.default/libesmf.so(c_esmc_ftablecallentrypointvm_+0x35b) [0x2ab4cf0235db]
17  /glade/scratch/theurich/ESMF-Nightly-Testing/nvhpc_21.11_openmpi_O_develop/esmf/DEFAULTINSTALLDIR/lib/libO/Linux.nvhpc.64.openmpi.default/libesmf.so(esmf_compmod_esmf_compexecute_+0x7e1) [0x2ab4cf5cb321]
18  /glade/scratch/theurich/ESMF-Nightly-Testing/nvhpc_21.11_openmpi_O_develop/esmf/DEFAULTINSTALLDIR/lib/libO/Linux.nvhpc.64.openmpi.default/libesmf.so(esmf_cplcompmod_esmf_cplcompinitialize_+0x159) [0x2ab4cf5de019]
19  /glade/scratch/theurich/ESMF-Nightly-Testing/nvhpc_21.11_openmpi_O_develop/esmf/DEFAULTINSTALLDIR/lib/libO/Linux.nvhpc.64.openmpi.default/libesmf.so(nuopc_driver_loopconnectorcompss_+0xea9) [0x2ab4cfbda669]
20  /glade/scratch/theurich/ESMF-Nightly-Testing/nvhpc_21.11_openmpi_O_develop/esmf/DEFAULTINSTALLDIR/lib/libO/Linux.nvhpc.64.openmpi.default/libesmf.so(nuopc_driver_initializeipdv02p3_+0x2ee4) [0x2ab4cfbd1c64]
21  /glade/scratch/theurich/ESMF-Nightly-Testing/nvhpc_21.14  /glade/scratch/theurich/ESMF-Nightly-Testing/nvhpc_21.11_openmpi_O_develop/esmf/DEFAULTINSTALLDIR/lib/libO/Linux.nvhpc.64.openmpi.default/libesmf.so(ESMCI_FTableCallEntryPointVMHop+0x1de) [0x2b5ab61dc1de]
15  /glade/scratch/theurich/ESMF-Nightly-Testing/nvhpc_21.11_openmpi_O_develop/esmf/DEFAULTINSTALLDIR/lib/libO/Linux.nvhpc.64.openmpi.default/libesmf.so(_ZN5ESMCI2VM5enterEPNS_6VMPlanEPvS3_+0x18) [0x2b5ab65a0d98]
16  /glade/scratch/theurich/ESMF-Nightly-Testing/nvhpc_21.11_openmpi_O_develop/esmf/DEFAULTINSTALLDIR/lib/libO/Linux.nvhpc.64.openmpi.default/libesmf.so(c_esmc_ftablecallentrypointvm_+0x35b) [0x2b5ab61dc5db]
17  /glade/scratch/theurich/ESMF-Nightly-Testing/nvhpc_21.11_openmpi_O_develop/esmf/DEFAULTINSTALLDIR/lib/libO/Linux.nvhpc.64.openmpi.default/libesmf.so(esmf_compmod_esmf_compexecute_+0x7e1) [0x2b5ab6784321]
18  /glade/scratch/theurich/ESMF-Nightly-Testing/nvhpc_21.11_openmpi_O_develop/esmf/DEFAULTINSTALLDIR/lib/libO/Linux.nvhpc.64.openmpi.default/libesmf.so(esmf_cplcompmod_esmf_cplcompinitialize_+0x159) [0x2b5ab6797019]
19  /glade/scratch/theurich/ESMF-Nightly-Testing/nvhpc_21.11_openmpi_O_develop/esmf/DEFAULTINSTALLDIR/lib/libO/Linux.nvhpc.64.openmpi.default/libesmf.so(nuopc_driver_loopconnectorcompss_+0xea9) [0x2b5ab6d93669]
20  /glade/scratch/theurich/ESMF-Nightly-Testing/nvhpc_21.11_openmpi_O_develop/esmf/DEFAULTINSTALLDIR/lib/libO/Linux.nvhpc.64.openmpi.default/libesmf.so(nuopc_driver_initializeipdv02p3_+0x2ee4) [0x2b5ab6d8ac64]
21  /glade/scratch/theurich/ESMF-Nightly-Testing/nvhpc_21.11_openmpi_O_develop/esmf/DEFAULTINSTALLDIR/lib/libO/Linux.nvhpc.64.openmpi.default/libesmf.so(nuopc_driver_initializegeneric_+0x5f4) [0x2b5ab6d79634]
22  /glade/scratch/theurich/ESMF-Nightly-Testing/nvhpc_21.11_openmpi_O_develop/esmf/DEFAULTINSTALLDIR/lib/libO/Linux.nvhpc.64.openmpi.default/libesmf.so(_ZN5ESMCI6FTable12callVFuncPtrEPKcPNS_2VMEPi+0x4d7) [0x2b5ab61de297]
23  /glade/scratch/theurich/ESMF-Nightly-Testing/nvhpc_21.11_openmpi_O_develop/esmf/DEFAULTINSTALLDIR/lib/libO/Linux.nvhpc.64.openmpi.default/libesmf.so(ESMCI_FTableCallEntryPointVMHop+0x1de) [0x2b5ab61dc1de]
24  /glade/scratch/theurich/ESMF-Nightly-Testing/nvhpc_21.11_openmpi_O_develop/esmf/DEFAULTINSTALLDIR/lib/libO/Linux.nvhpc.64.openmpi.default/libesmf.so(_ZN5ESMCI2VM5enterEPNS_6VMPlanEPvS3_+0x18) [0x2b5ab65a0d98]
25  /glade/scratch/theurich/ESMF-Nightly-Testing/nvhpc_21.11_openmpi_O_develop/esmf/DEFAULTINSTALLDIR/lib/libO/Linux.nvhpc.64.openmpi.default/libesmf.so(c_esmc_ftablecallentrypointvm_+0x35b) [0x2b5ab61dc5db]
26  /glade/scratch/theurich/ESMF-Nightly-Testing/nvhpc_21.11_openmpi_O_develop/esmf/DEFAULTINSTALLDIR/lib/libO/Linux.nvhpc.64.openmpi.default/libesmf.so(esmf_compmod_esmf_compexecute_+0x7e1) [0x2b5ab6784321]
27  /glade/scratch/theurich/ESMF-Nightly-Testing/nvhpc_21.11_openmpi_O_develop/esmf/DEFAULTINSTALLDIR/lib/libO/Linux.nvhpc.64.openmpi.default/libesmf.so(esmf_gridcompmod_esmf_gridcompinitialize_+0x159) [0x2b5ab6959719]
28  ./esmApp() [0x4067df]
29  ./esmApp() [0x406433]
30  /glade/u/apps/ch/os/lib64/libc.so.6(__libc_start_main+0xf5) [0x2b5abb907a35]
31  ./esmApp() [0x406329]
=================================
11_openmpi_O_develop/esmf/DEFAULTINSTALLDIR/lib/libO/Linux.nvhpc.64.openmpi.default/libesmf.so(nuopc_driver_initializegeneric_+0x5f4) [0x2ab4cfbc0634]
22  /glade/scratch/theurich/ESMF-Nightly-Testing/nvhpc_21.11_openmpi_O_develop/esmf/DEFAULTINSTALLDIR/lib/libO/Linux.nvhpc.64.openmpi.default/libesmf.so(_ZN5ESMCI6FTable12callVFuncPtrEPKcPNS_2VMEPi+0x4d7) [0x2ab4cf025297]
23  /glade/scratch/theurich/ESMF-Nightly-Testing/nvhpc_21.11_openmpi_O_develop/esmf/DEFAULTINSTALLDIR/lib/libO/Linux.nvhpc.64.openmpi.default/libesmf.so(ESMCI_FTableCallEntryPointVMHop+0x1de) [0x2ab4cf0231de]
24  /glade/scratch/theurich/ESMF-Nightly-Testing/nvhpc_21.11_openmpi_O_develop/esmf/DEFAULTINSTALLDIR/lib/libO/Linux.nvhpc.64.openmpi.default/libesmf.so(_ZN5ESMCI2VM5enterEPNS_6VMPlanEPvS3_+0x18) [0x2ab4cf3e7d98]
25  /glade/scratch/theurich/ESMF-Nightly-Testing/nvhpc_21.11_openmpi_O_develop/esmf/DEFAULTINSTALLDIR/lib/libO/Linux.nvhpc.64.openmpi.default/libesmf.so(c_esmc_ftablecallentrypointvm_+0x35b) [0x2ab4cf0235db]
26  /glade/scratch/theurich/ESMF-Nightly-Testing/nvhpc_21.11_openmpi_O_develop/esmf/DEFAULTINSTALLDIR/lib/libO/Linux.nvhpc.64.openmpi.default/libesmf.so(esmf_compmod_esmf_compexecute_+0x7e1) [0x2ab4cf5cb321]
27  /glade/scratch/theurich/ESMF-Nightly-Testing/nvhpc_21.11_openmpi_O_develop/esmf/DEFAULTINSTALLDIR/lib/libO/Linux.nvhpc.64.openmpi.default/libesmf.so(esmf_gridcompmod_esmf_gridcompinitialize_+0x159) [0x2ab4cf7a0719]
28  ./esmApp() [0x4067df]
29  ./esmApp() [0x406433]
30  /glade/u/apps/ch/os/lib64/libc.so.6(__libc_start_main+0xf5) [0x2ab4d474ea35]
31  ./esmApp() [0x406329]
=================================
[r10i5n12:51970] *** Process received signal ***
[r10i5n12:51967] *** Process received signal ***
[r10i5n12:51967] Signal: Segmentation fault (11)
[r10i5n12:51967] Signal code:  (-6)
[r10i5n12:51967] Failing at address: 0xb510000caff
15  /glade/scratch/theurich/ESMF-Nightly-Testing/nvhpc_21.11_openmpi_O_develop/esmf/DEFAULTINSTALLDIR/lib/libO/Linux.nvhpc.64.openmpi.default/libesmf.so(_ZN5ESMCI2VM5enterEPNS_6VMPlanEPvS3_+0x18) [0x2aee8a7b6d98]
16  /glade/scratch/theurich/ESMF-Nightly-Testing/nvhpc_21.11_openmpi_O_develop/esmf/DEFAULTINSTALLDIR/lib/libO/Linux.nvhpc.64.openmpi.default/libesmf.so(c_esmc_ftablecallentrypointvm_+0x35b) [0x2aee8a3f25db]
17  /glade/scratch/theurich/ESMF-Nightly-Testing/nvhpc_21.11_openmpi_O_develop/esmf/DEFAULTINSTALLDIR/lib/libO/Linux.nvhpc.64.openmpi.default/libesmf.so(esmf_compmod_esmf_compexecute_+0x7e1) [0x2aee8a99a321]
18  /glade/scratch/theurich/ESMF-Nightly-Testing/nvhpc_21.11_openmpi_O_develop/esmf/DEFAULTINSTALLDIR/lib/libO/Linux.nvhpc.64.openmpi.default/libesmf.so(esmf_cplcompmod_esmf_cplcompinitialize_+0x159) [0x2aee8a9ad019]
19  /glade/scratch/theurich/ESMF-Nightly-Testing/nvhpc_21.11_openmpi_O_develop/esmf/DEFAULTINSTALLDIR/lib/libO/Linux.nvhpc.64.openmpi.default/libesmf.so(nuopc_driver_loopconnectorcompss_+0xea9) [0x2aee8afa9669]
20  /glade/scratch/theurich/ESMF-Nightly-Testing/nvhpc_21.11_openmpi_O_develop/esmf/DEFAULTINSTALLDIR/lib/libO/Linux.nvhpc.64.openmpi.default/libesmf.so(nuopc_driver_initializeipdv02p3_+0x2ee4) [0x2aee8afa0c64]
21  /glade/scratch/theurich/ESMF-Nightly-Testing/nvhpc_21.11_openmpi_O_develop/esmf/DEFAULTINSTALLDIR/lib/libO/Linux.nvhpc.64.openmpi.default/libesmf.so(nuopc_driver_initializegeneric_+0x5f4) [0x2aee8af8f634]
22  /glade/scratch/theurich/ESMF-Nightly-Testing/nvhpc_21.11_openmpi_O_develop/esmf/DEFAULTINSTALLDIR/lib/libO/Linux.nvhpc.64.openmpi.default/libesmf.so(_ZN5ESMCI6FTable12callVFuncPtrEPKcPNS_2VMEPi+0x4d7) [0x2aee8a3f4297]
23  /glade/scratch/theurich/ESMF-Nightly-Testing/nvhpc_21.11_openmpi_O_develop/esmf/DEFAULTINSTALLDIR/lib/libO/Linux.nvhpc.64.openmpi.default/libesmf.so(ESMCI_FTableCallEntryPointVMHop+0x1de) [0x2aee8a3f21de]
24  /glade/scratch/theurich/ESMF-Nightly-Testing/nvhpc_21.11_openmpi_O_develop/esmf/DEFAULTINSTALLDIR/lib/libO/Linux.nvhpc.64.openmpi.default/libesmf.so(_ZN5ESMCI2VM5enterEPNS_6VMPlanEPvS3_+0x18) [0x2aee8a7b6d98]
25  /glade/scratch/theurich/ESMF-Nightly-Testing/nvhpc_21.11_openmpi_O_develop/esmf/DEFAULTINSTALLDIR/lib/libO/Linux.nvhpc.64.openmpi.default/libesmf.so(c_esmc_ftablecallentrypointvm_+0x35b) [0x2aee8a3f25db]
26  /glade/scratch/theurich/ESMF-Nightly-Testing/nvhpc_21.11_openmpi_O_develop/esmf/DEFAULTINSTALLDIR/lib/libO/Linux.nvhpc.64.openmpi.default/libesmf.so(esmf_compmod_esmf_compexecute_+0x7e1) [0x2aee8a99a321]
27  /glade/scratch/theurich/ESMF-Nightly-Testing/nvhpc_21.11_openmpi_O_develop/esmf/DEFAULTINSTALLDIR/lib/libO/Linux.nvhpc.64.openmpi.default/libesmf.so(esmf_gridcompmod_esmf_gridcompinitialize_+0x159) [0x2aee8ab6f719]
28  ./esmApp() [0x4067df]
29  ./esmApp() [0x406433]
30  /glade/u/apps/ch/os/lib64/libc.so.6(__libc_start_main+0xf5) [0x2aee8fb1da35]
31  ./esmApp() [0x406329]
=================================
[r10i5n12:51968] *** Process received signal ***
[r10i5n12:51968] Signal: Segmentation fault (11)
[r10i5n12:51968] Signal code:  (-6)
[r10i5n12:51968] Failing at address: 0xb510000cb00
[r10i5n12:51970] Signal: Segmentation fault (11)
[r10i5n12:51970] Signal code:  (-6)
[r10i5n12:51970] Failing at address: 0xb510000cb02
[r10i5n12:51969] *** Process received signal ***
[r10i5n12:51969] Signal: Segmentation fault (11)
[r10i5n12:51969] Signal code:  (-6)
[r10i5n12:51969] Failing at address: 0xb510000cb01
[r10i5n12:51967] [ 0] /glade/u/apps/ch/os/lib64/libpthread.so.0(+0x11c00)[0x2ad081696c00]
[r10i5n12:51967] [ 1] [r10i5n12:51970] [ 0] [r10i5n12:51969] [ 0] /glade/u/apps/ch/os/lib64/libpthread.so.0(+0x11c00)[0x2ab4d3e7dc00]
[r10i5n12:51970] [ 1] [r10i5n12:51968] [ 0] /glade/u/apps/ch/os/lib64/libpthread.so.0(+0x11c00)[0x2aee8f24cc00]
[r10i5n12:51969] [ 1] /glade/u/apps/ch/os/lib64/libpthread.so.0(+0x11c00)[0x2b5abb036c00]
[r10i5n12:51968] [ 1] /glade/scratch/theurich/ESMF-Nightly-Testing/nvhpc_21.11_openmpi_O_develop/esmf/DEFAULTINSTALLDIR/lib/libO/Linux.nvhpc.64.openmpi.default/libesmf.so(_ZN5ESMCI6LogErr13MsgFoundErrorEiPKciS2_S2_Pi+0x34)[0x2ad07c9140b4]
[r10i5n12:51967] [ 2] /glade/scratch/theurich/ESMF-Nightly-Testing/nvhpc_21.11_openmpi_O_develop/esmf/DEFAULTINSTALLDIR/lib/libO/Linux.nvhpc.64.openmpi.default/libesmf.so(_ZN5ESMCI6LogErr13MsgFoundErrorEiPKciS2_S2_Pi+0x34)[0x2ab4cf0fb0b4]
[r10i5n12:51970] [ 2] /glade/scratch/theurich/ESMF-Nightly-Testing/nvhpc_21.11_openmpi_O_develop/esmf/DEFAULTINSTALLDIR/lib/libO/Linux.nvhpc.64.openmpi.default/libesmf.so(_ZN5ESMCI6LogErr13MsgFoundErrorEiPKciS2_S2_Pi+0x34)[0x2aee8a4ca0b4]
[r10i5n12:51969] [ 2] /glade/scratch/theurich/ESMF-Nightly-Testing/nvhpc_21.11_openmpi_O_develop/esmf/DEFAULTINSTALLDIR/lib/libO/Linux.nvhpc.64.openmpi.default/libesmf.so(_ZN5ESMCI6LogErr13MsgFoundErrorEiPKciS2_S2_Pi+0x34)[0x2b5ab62b40b4]
[r10i5n12:51968] [ 2] /glade/scratch/theurich/ESMF-Nightly-Testing/nvhpc_21.11_openmpi_O_develop/esmf/DEFAULTINSTALLDIR/lib/libO/Linux.nvhpc.64.openmpi.default/libesmf.so(c_esmc_meshcreatenodedistgrid_+0x5b)[0x2ad07ca55f9b]
[r10i5n12:51967] [ 3] /glade/scratch/theurich/ESMF-Nightly-Testing/nvhpc_21.11_openmpi_O_develop/esmf/DEFAULTINSTALLDIR/lib/libO/Linux.nvhpc.64.openmpi.default/libesmf.so(c_esmc_meshcreatenodedistgrid_+0x5b)[0x2ab4cf23cf9b]
[r10i5n12:51970] [ 3] /glade/scratch/theurich/ESMF-Nightly-Testing/nvhpc_21.11_openmpi_O_develop/esmf/DEFAULTINSTALLDIR/lib/libO/Linux.nvhpc.64.openmpi.default/libesmf.so(c_esmc_meshcreatenodedistgrid_+0x5b)[0x2aee8a60bf9b]
[r10i5n12:51969] [ 3] /glade/scratch/theurich/ESMF-Nightly-Testing/nvhpc_21.11_openmpi_O_develop/esmf/DEFAULTINSTALLDIR/lib/libO/Linux.nvhpc.64.openmpi.default/libesmf.so(c_esmc_meshcreatenodedistgrid_+0x5b)[0x2b5ab63f5f9b]
[r10i5n12:51968] [ 3] /glade/scratch/theurich/ESMF-Nightly-Testing/nvhpc_21.11_openmpi_O_develop/esmf/DEFAULTINSTALLDIR/lib/libO/Linux.nvhpc.64.openmpi.default/libesmf.so(esmf_meshmod_esmf_meshcreatefrompointer_+0x4c)[0x2ad07d1725cc]
[r10i5n12:51967] [ 4] /glade/scratch/theurich/ESMF-Nightly-Testing/nvhpc_21.11_openmpi_O_develop/esmf/DEFAULTINSTALLDIR/lib/libO/Linux.nvhpc.64.openmpi.default/libesmf.so(esmf_meshmod_esmf_meshcreatefrompointer_+0x4c)[0x2ab4cf9595cc]
[r10i5n12:51970] [ 4] /glade/scratch/theurich/ESMF-Nightly-Testing/nvhpc_21.11_openmpi_O_develop/esmf/DEFAULTINSTALLDIR/lib/libO/Linux.nvhpc.64.openmpi.default/libesmf.so(esmf_meshmod_esmf_meshcreatefrompointer_+0x4c)[0x2aee8ad285cc]
[r10i5n12:51969] [ 4] /glade/scratch/theurich/ESMF-Nightly-Testing/nvhpc_21.11_openmpi_O_develop/esmf/DEFAULTINSTALLDIR/lib/libO/Linux.nvhpc.64.openmpi.default/libesmf.so(esmf_meshmod_esmf_meshcreatefrompointer_+0x4c)[0x2b5ab6b125cc]
[r10i5n12:51968] [ 4] /glade/scratch/theurich/ESMF-Nightly-Testing/nvhpc_21.11_openmpi_O_develop/esmf/DEFAULTINSTALLDIR/lib/libO/Linux.nvhpc.64.openmpi.default/libesmf.so(esmf_gridutilmod_esmf_gridtomesh_+0x32a)[0x2ad07d0524ea]
[r10i5n12:51967] [ 5] /glade/scratch/theurich/ESMF-Nightly-Testing/nvhpc_21.11_openmpi_O_develop/esmf/DEFAULTINSTALLDIR/lib/libO/Linux.nvhpc.64.openmpi.default/libesmf.so(esmf_gridutilmod_esmf_gridtomesh_+0x32a)[0x2ab4cf8394ea]
[r10i5n12:51970] [ 5] /glade/scratch/theurich/ESMF-Nightly-Testing/nvhpc_21.11_openmpi_O_develop/esmf/DEFAULTINSTALLDIR/lib/libO/Linux.nvhpc.64.openmpi.default/libesmf.so(esmf_gridutilmod_esmf_gridtomesh_+0x32a)[0x2aee8ac084ea]
[r10i5n12:51969] [ 5] /glade/scratch/theurich/ESMF-Nightly-Testing/nvhpc_21.11_openmpi_O_develop/esmf/DEFAULTINSTALLDIR/lib/libO/Linux.nvhpc.64.openmpi.default/libesmf.so(esmf_gridutilmod_esmf_gridtomesh_+0x32a)[0x2b5ab69f24ea]
[r10i5n12:51968] [ 5] /glade/scratch/theurich/ESMF-Nightly-Testing/nvhpc_21.11_openmpi_O_develop/esmf/DEFAULTINSTALLDIR/lib/libO/Linux.nvhpc.64.openmpi.default/libesmf.so(esmf_fieldregridmod_b_or_p_gridtomesh_+0x155)[0x2ad07cf77155]
[r10i5n12:51967] [ 6] /glade/scratch/theurich/ESMF-Nightly-Testing/nvhpc_21.11_openmpi_O_develop/esmf/DEFAULTINSTALLDIR/lib/libO/Linux.nvhpc.64.openmpi.default/libesmf.so(esmf_fieldregridmod_b_or_p_gridtomesh_+0x155)[0x2ab4cf75e155]
[r10i5n12:51970] [ 6] /glade/scratch/theurich/ESMF-Nightly-Testing/nvhpc_21.11_openmpi_O_develop/esmf/DEFAULTINSTALLDIR/lib/libO/Linux.nvhpc.64.openmpi.default/libesmf.so(esmf_fieldregridmod_b_or_p_gridtomesh_+0x155)[0x2aee8ab2d155]
[r10i5n12:51969] [ 6] /glade/scratch/theurich/ESMF-Nightly-Testing/nvhpc_21.11_openmpi_O_develop/esmf/DEFAULTINSTALLDIR/lib/libO/Linux.nvhpc.64.openmpi.default/libesmf.so(esmf_fieldregridmod_b_or_p_gridtomesh_+0x155)[0x2b5ab6917155]
[r10i5n12:51968] [ 6] /glade/scratch/theurich/ESMF-Nightly-Testing/nvhpc_21.11_openmpi_O_develop/esmf/DEFAULTINSTALLDIR/lib/libO/Linux.nvhpc.64.openmpi.default/libesmf.so(esmf_fieldregridmod_getmeshwithnodesonfieldloc_+0x3b1)[0x2ad07cf744f1]
[r10i5n12:51967] [ 7] /glade/scratch/theurich/ESMF-Nightly-Testing/nvhpc_21.11_openmpi_O_develop/esmf/DEFAULTINSTALLDIR/lib/libO/Linux.nvhpc.64.openmpi.default/libesmf.so(esmf_fieldregridmod_getmeshwithnodesonfieldloc_+0x3b1)[0x2ab4cf75b4f1]
[r10i5n12:51970] [ 7] /glade/scratch/theurich/ESMF-Nightly-Testing/nvhpc_21.11_openmpi_O_develop/esmf/DEFAULTINSTALLDIR/lib/libO/Linux.nvhpc.64.openmpi.default/libesmf.so(esmf_fieldregridmod_getmeshwithnodesonfieldloc_+0x3b1)[0x2aee8ab2a4f1]
[r10i5n12:51969] [ 7] /glade/scratch/theurich/ESMF-Nightly-Testing/nvhpc_21.11_openmpi_O_develop/esmf/DEFAULTINSTALLDIR/lib/libO/Linux.nvhpc.64.openmpi.default/libesmf.so(esmf_fieldregridmod_getmeshwithnodesonfieldloc_+0x3b1)[0x2b5ab69144f1]
[r10i5n12:51968] [ 7] /glade/scratch/theurich/ESMF-Nightly-Testing/nvhpc_21.11_openmpi_O_develop/esmf/DEFAULTINSTALLDIR/lib/libO/Linux.nvhpc.64.openmpi.default/libesmf.so(esmf_fieldregridmod_esmf_fieldregridstorenx_+0x9fc)[0x2ad07cf729bc]
[r10i5n12:51967] [ 8] /glade/scratch/theurich/ESMF-Nightly-Testing/nvhpc_21.11_openmpi_O_develop/esmf/DEFAULTINSTALLDIR/lib/libO/Linux.nvhpc.64.openmpi.default/libesmf.so(esmf_fieldregridmod_esmf_fieldregridstorenx_+0x9fc)[0x2ab4cf7599bc]
[r10i5n12:51970] [ 8] /glade/scratch/theurich/ESMF-Nightly-Testing/nvhpc_21.11_openmpi_O_develop/esmf/DEFAULTINSTALLDIR/lib/libO/Linux.nvhpc.64.openmpi.default/libesmf.so(esmf_fieldregridmod_esmf_fieldregridstorenx_+0x9fc)[0x2aee8ab289bc]
[r10i5n12:51969] [ 8] /glade/scratch/theurich/ESMF-Nightly-Testing/nvhpc_21.11_openmpi_O_develop/esmf/DEFAULTINSTALLDIR/lib/libO/Linux.nvhpc.64.openmpi.default/libesmf.so(esmf_fieldregridmod_esmf_fieldregridstorenx_+0x9fc)[0x2b5ab69129bc]
[r10i5n12:51968] [ 8] /glade/scratch/theurich/ESMF-Nightly-Testing/nvhpc_21.11_openmpi_O_develop/esmf/DEFAULTINSTALLDIR/lib/libO/Linux.nvhpc.64.openmpi.default/libesmf.so(esmf_fieldbundlemod_esmf_fieldbundleregridstorepair_+0x1bd6)[0x2ad07ce533d6]
[r10i5n12:51967] [ 9] /glade/scratch/theurich/ESMF-Nightly-Testing/nvhpc_21.11_openmpi_O_develop/esmf/DEFAULTINSTALLDIR/lib/libO/Linux.nvhpc.64.openmpi.default/libesmf.so(esmf_fieldbundlemod_esmf_fieldbundleregridstorepair_+0x1bd6)[0x2ab4cf63a3d6]
[r10i5n12:51970] [ 9] /glade/scratch/theurich/ESMF-Nightly-Testing/nvhpc_21.11_openmpi_O_develop/esmf/DEFAULTINSTALLDIR/lib/libO/Linux.nvhpc.64.openmpi.default/libesmf.so(esmf_fieldbundlemod_esmf_fieldbundleregridstorepair_+0x1bd6)[0x2aee8aa093d6]
[r10i5n12:51969] [ 9] /glade/scratch/theurich/ESMF-Nightly-Testing/nvhpc_21.11_openmpi_O_develop/esmf/DEFAULTINSTALLDIR/lib/libO/Linux.nvhpc.64.openmpi.default/libesmf.so(esmf_fieldbundlemod_esmf_fieldbundleregridstorepair_+0x1bd6)[0x2b5ab67f33d6]
[r10i5n12:51968] [ 9] /glade/scratch/theurich/ESMF-Nightly-Testing/nvhpc_21.11_openmpi_O_develop/esmf/DEFAULTINSTALLDIR/lib/libO/Linux.nvhpc.64.openmpi.default/libesmf.so(nuopc_connector_fieldbundlecplstore_+0x8fbd)[0x2ad07d3d3ffd]
[r10i5n12:51967] [10] /glade/scratch/theurich/ESMF-Nightly-Testing/nvhpc_21.11_openmpi_O_develop/esmf/DEFAULTINSTALLDIR/lib/libO/Linux.nvhpc.64.openmpi.default/libesmf.so(nuopc_connector_fieldbundlecplstore_+0x8fbd)[0x2ab4cfbbaffd]
[r10i5n12:51970] [10] /glade/scratch/theurich/ESMF-Nightly-Testing/nvhpc_21.11_openmpi_O_develop/esmf/DEFAULTINSTALLDIR/lib/libO/Linux.nvhpc.64.openmpi.default/libesmf.so(nuopc_connector_fieldbundlecplstore_+0x8fbd)[0x2aee8af89ffd]
[r10i5n12:51969] [10] /glade/scratch/theurich/ESMF-Nightly-Testing/nvhpc_21.11_openmpi_O_develop/esmf/DEFAULTINSTALLDIR/lib/libO/Linux.nvhpc.64.openmpi.default/libesmf.so(nuopc_connector_fieldbundlecplstore_+0x8fbd)[0x2b5ab6d73ffd]
[r10i5n12:51968] [10] /glade/scratch/theurich/ESMF-Nightly-Testing/nvhpc_21.11_openmpi_O_develop/esmf/DEFAULTINSTALLDIR/lib/libO/Linux.nvhpc.64.openmpi.default/libesmf.so(nuopc_connector_initializeipdv05p6b_+0x4d7e)[0x2ad07d3be43e]
[r10i5n12:51967] [11] /glade/scratch/theurich/ESMF-Nightly-Testing/nvhpc_21.11_openmpi_O_develop/esmf/DEFAULTINSTALLDIR/lib/libO/Linux.nvhpc.64.openmpi.default/libesmf.so(nuopc_connector_initializeipdv05p6b_+0x4d7e)[0x2ab4cfba543e]
[r10i5n12:51970] [11] /glade/scratch/theurich/ESMF-Nightly-Testing/nvhpc_21.11_openmpi_O_develop/esmf/DEFAULTINSTALLDIR/lib/libO/Linux.nvhpc.64.openmpi.default/libesmf.so(nuopc_connector_initializeipdv05p6b_+0x4d7e)[0x2aee8af7443e]
[r10i5n12:51969] [11] /glade/scratch/theurich/ESMF-Nightly-Testing/nvhpc_21.11_openmpi_O_develop/esmf/DEFAULTINSTALLDIR/lib/libO/Linux.nvhpc.64.openmpi.default/libesmf.so(nuopc_connector_initializeipdv05p6b_+0x4d7e)[0x2b5ab6d5e43e]
[r10i5n12:51968] [11] /glade/scratch/theurich/ESMF-Nightly-Testing/nvhpc_21.11_openmpi_O_develop/esmf/DEFAULTINSTALLDIR/lib/libO/Linux.nvhpc.64.openmpi.default/libesmf.so(_ZN5ESMCI6FTable12callVFuncPtrEPKcPNS_2VMEPi+0x4d7)[0x2ad07c83e297]
[r10i5n12:51967] [12] /glade/scratch/theurich/ESMF-Nightly-Testing/nvhpc_21.11_openmpi_O_develop/esmf/DEFAULTINSTALLDIR/lib/libO/Linux.nvhpc.64.openmpi.default/libesmf.so(_ZN5ESMCI6FTable12callVFuncPtrEPKcPNS_2VMEPi+0x4d7)[0x2ab4cf025297]
[r10i5n12:51970] [12] /glade/scratch/theurich/ESMF-Nightly-Testing/nvhpc_21.11_openmpi_O_develop/esmf/DEFAULTINSTALLDIR/lib/libO/Linux.nvhpc.64.openmpi.default/libesmf.so(_ZN5ESMCI6FTable12callVFuncPtrEPKcPNS_2VMEPi+0x4d7)[0x2aee8a3f4297]
[r10i5n12:51969] [12] /glade/scratch/theurich/ESMF-Nightly-Testing/nvhpc_21.11_openmpi_O_develop/esmf/DEFAULTINSTALLDIR/lib/libO/Linux.nvhpc.64.openmpi.default/libesmf.so(_ZN5ESMCI6FTable12callVFuncPtrEPKcPNS_2VMEPi+0x4d7)[0x2b5ab61de297]
[r10i5n12:51968] [12] /glade/scratch/theurich/ESMF-Nightly-Testing/nvhpc_21.11_openmpi_O_develop/esmf/DEFAULTINSTALLDIR/lib/libO/Linux.nvhpc.64.openmpi.default/libesmf.so(ESMCI_FTableCallEntryPointVMHop+0x1de)[0x2ad07c83c1de]
[r10i5n12:51967] [13] /glade/scratch/theurich/ESMF-Nightly-Testing/nvhpc_21.11_openmpi_O_develop/esmf/DEFAULTINSTALLDIR/lib/libO/Linux.nvhpc.64.openmpi.default/libesmf.so(ESMCI_FTableCallEntryPointVMHop+0x1de)[0x2ab4cf0231de]
[r10i5n12:51970] [13] /glade/scratch/theurich/ESMF-Nightly-Testing/nvhpc_21.11_openmpi_O_develop/esmf/DEFAULTINSTALLDIR/lib/libO/Linux.nvhpc.64.openmpi.default/libesmf.so(ESMCI_FTableCallEntryPointVMHop+0x1de)[0x2aee8a3f21de]
[r10i5n12:51969] [13] /glade/scratch/theurich/ESMF-Nightly-Testing/nvhpc_21.11_openmpi_O_develop/esmf/DEFAULTINSTALLDIR/lib/libO/Linux.nvhpc.64.openmpi.default/libesmf.so(ESMCI_FTableCallEntryPointVMHop+0x1de)[0x2b5ab61dc1de]
[r10i5n12:51968] [13] /glade/scratch/theurich/ESMF-Nightly-Testing/nvhpc_21.11_openmpi_O_develop/esmf/DEFAULTINSTALLDIR/lib/libO/Linux.nvhpc.64.openmpi.default/libesmf.so(_ZN5ESMCI2VM5enterEPNS_6VMPlanEPvS3_+0x18)[0x2ad07cc00d98]
[r10i5n12:51967] [14] /glade/scratch/theurich/ESMF-Nightly-Testing/nvhpc_21.11_openmpi_O_develop/esmf/DEFAULTINSTALLDIR/lib/libO/Linux.nvhpc.64.openmpi.default/libesmf.so(_ZN5ESMCI2VM5enterEPNS_6VMPlanEPvS3_+0x18)[0x2ab4cf3e7d98]
[r10i5n12:51970] [14] /glade/scratch/theurich/ESMF-Nightly-Testing/nvhpc_21.11_openmpi_O_develop/esmf/DEFAULTINSTALLDIR/lib/libO/Linux.nvhpc.64.openmpi.default/libesmf.so(_ZN5ESMCI2VM5enterEPNS_6VMPlanEPvS3_+0x18)[0x2aee8a7b6d98]
[r10i5n12:51969] [14] /glade/scratch/theurich/ESMF-Nightly-Testing/nvhpc_21.11_openmpi_O_develop/esmf/DEFAULTINSTALLDIR/lib/libO/Linux.nvhpc.64.openmpi.default/libesmf.so(_ZN5ESMCI2VM5enterEPNS_6VMPlanEPvS3_+0x18)[0x2b5ab65a0d98]
[r10i5n12:51968] [14] /glade/scratch/theurich/ESMF-Nightly-Testing/nvhpc_21.11_openmpi_O_develop/esmf/DEFAULTINSTALLDIR/lib/libO/Linux.nvhpc.64.openmpi.default/libesmf.so(c_esmc_ftablecallentrypointvm_+0x35b)[0x2ad07c83c5db]
[r10i5n12:51967] [15] /glade/scratch/theurich/ESMF-Nightly-Testing/nvhpc_21.11_openmpi_O_develop/esmf/DEFAULTINSTALLDIR/lib/libO/Linux.nvhpc.64.openmpi.default/libesmf.so(c_esmc_ftablecallentrypointvm_+0x35b)[0x2ab4cf0235db]
[r10i5n12:51970] [15] /glade/scratch/theurich/ESMF-Nightly-Testing/nvhpc_21.11_openmpi_O_develop/esmf/DEFAULTINSTALLDIR/lib/libO/Linux.nvhpc.64.openmpi.default/libesmf.so(c_esmc_ftablecallentrypointvm_+0x35b)[0x2aee8a3f25db]
[r10i5n12:51969] [15] /glade/scratch/theurich/ESMF-Nightly-Testing/nvhpc_21.11_openmpi_O_develop/esmf/DEFAULTINSTALLDIR/lib/libO/Linux.nvhpc.64.openmpi.default/libesmf.so(c_esmc_ftablecallentrypointvm_+0x35b)[0x2b5ab61dc5db]
[r10i5n12:51968] [15] /glade/scratch/theurich/ESMF-Nightly-Testing/nvhpc_21.11_openmpi_O_develop/esmf/DEFAULTINSTALLDIR/lib/libO/Linux.nvhpc.64.openmpi.default/libesmf.so(esmf_compmod_esmf_compexecute_+0x7e1)[0x2ad07cde4321]
[r10i5n12:51967] [16] /glade/scratch/theurich/ESMF-Nightly-Testing/nvhpc_21.11_openmpi_O_develop/esmf/DEFAULTINSTALLDIR/lib/libO/Linux.nvhpc.64.openmpi.default/libesmf.so(esmf_compmod_esmf_compexecute_+0x7e1)[0x2ab4cf5cb321]
[r10i5n12:51970] [16] /glade/scratch/theurich/ESMF-Nightly-Testing/nvhpc_21.11_openmpi_O_develop/esmf/DEFAULTINSTALLDIR/lib/libO/Linux.nvhpc.64.openmpi.default/libesmf.so(esmf_compmod_esmf_compexecute_+0x7e1)[0x2aee8a99a321]
[r10i5n12:51969] [16] /glade/scratch/theurich/ESMF-Nightly-Testing/nvhpc_21.11_openmpi_O_develop/esmf/DEFAULTINSTALLDIR/lib/libO/Linux.nvhpc.64.openmpi.default/libesmf.so(esmf_compmod_esmf_compexecute_+0x7e1)[0x2b5ab6784321]
[r10i5n12:51968] [16] /glade/scratch/theurich/ESMF-Nightly-Testing/nvhpc_21.11_openmpi_O_develop/esmf/DEFAULTINSTALLDIR/lib/libO/Linux.nvhpc.64.openmpi.default/libesmf.so(esmf_cplcompmod_esmf_cplcompinitialize_+0x159)[0x2ad07cdf7019]
[r10i5n12:51967] [17] /glade/scratch/theurich/ESMF-Nightly-Testing/nvhpc_21.11_openmpi_O_develop/esmf/DEFAULTINSTALLDIR/lib/libO/Linux.nvhpc.64.openmpi.default/libesmf.so(esmf_cplcompmod_esmf_cplcompinitialize_+0x159)[0x2ab4cf5de019]
[r10i5n12:51970] [17] /glade/scratch/theurich/ESMF-Nightly-Testing/nvhpc_21.11_openmpi_O_develop/esmf/DEFAULTINSTALLDIR/lib/libO/Linux.nvhpc.64.openmpi.default/libesmf.so(esmf_cplcompmod_esmf_cplcompinitialize_+0x159)[0x2aee8a9ad019]
[r10i5n12:51969] [17] /glade/scratch/theurich/ESMF-Nightly-Testing/nvhpc_21.11_openmpi_O_develop/esmf/DEFAULTINSTALLDIR/lib/libO/Linux.nvhpc.64.openmpi.default/libesmf.so(esmf_cplcompmod_esmf_cplcompinitialize_+0x159)[0x2b5ab6797019]
[r10i5n12:51968] [17] /glade/scratch/theurich/ESMF-Nightly-Testing/nvhpc_21.11_openmpi_O_develop/esmf/DEFAULTINSTALLDIR/lib/libO/Linux.nvhpc.64.openmpi.default/libesmf.so(nuopc_driver_loopconnectorcompss_+0xea9)[0x2ad07d3f3669]
[r10i5n12:51967] [18] /glade/scratch/theurich/ESMF-Nightly-Testing/nvhpc_21.11_openmpi_O_develop/esmf/DEFAULTINSTALLDIR/lib/libO/Linux.nvhpc.64.openmpi.default/libesmf.so(nuopc_driver_loopconnectorcompss_+0xea9)[0x2ab4cfbda669]
[r10i5n12:51970] [18] /glade/scratch/theurich/ESMF-Nightly-Testing/nvhpc_21.11_openmpi_O_develop/esmf/DEFAULTINSTALLDIR/lib/libO/Linux.nvhpc.64.openmpi.default/libesmf.so(nuopc_driver_loopconnectorcompss_+0xea9)[0x2aee8afa9669]
[r10i5n12:51969] [18] /glade/scratch/theurich/ESMF-Nightly-Testing/nvhpc_21.11_openmpi_O_develop/esmf/DEFAULTINSTALLDIR/lib/libO/Linux.nvhpc.64.openmpi.default/libesmf.so(nuopc_driver_loopconnectorcompss_+0xea9)[0x2b5ab6d93669]
[r10i5n12:51968] [18] /glade/scratch/theurich/ESMF-Nightly-Testing/nvhpc_21.11_openmpi_O_develop/esmf/DEFAULTINSTALLDIR/lib/libO/Linux.nvhpc.64.openmpi.default/libesmf.so(nuopc_driver_initializeipdv02p3_+0x2ee4)[0x2ad07d3eac64]
[r10i5n12:51967] [19] /glade/scratch/theurich/ESMF-Nightly-Testing/nvhpc_21.11_openmpi_O_develop/esmf/DEFAULTINSTALLDIR/lib/libO/Linux.nvhpc.64.openmpi.default/libesmf.so(nuopc_driver_initializeipdv02p3_+0x2ee4)[0x2ab4cfbd1c64]
[r10i5n12:51970] [19] /glade/scratch/theurich/ESMF-Nightly-Testing/nvhpc_21.11_openmpi_O_develop/esmf/DEFAULTINSTALLDIR/lib/libO/Linux.nvhpc.64.openmpi.default/libesmf.so(nuopc_driver_initializeipdv02p3_+0x2ee4)[0x2aee8afa0c64]
[r10i5n12:51969] [19] /glade/scratch/theurich/ESMF-Nightly-Testing/nvhpc_21.11_openmpi_O_develop/esmf/DEFAULTINSTALLDIR/lib/libO/Linux.nvhpc.64.openmpi.default/libesmf.so(nuopc_driver_initializeipdv02p3_+0x2ee4)[0x2b5ab6d8ac64]
[r10i5n12:51968] [19] /glade/scratch/theurich/ESMF-Nightly-Testing/nvhpc_21.11_openmpi_O_develop/esmf/DEFAULTINSTALLDIR/lib/libO/Linux.nvhpc.64.openmpi.default/libesmf.so(nuopc_driver_initializegeneric_+0x5f4)[0x2ad07d3d9634]
[r10i5n12:51967] [20] /glade/scratch/theurich/ESMF-Nightly-Testing/nvhpc_21.11_openmpi_O_develop/esmf/DEFAULTINSTALLDIR/lib/libO/Linux.nvhpc.64.openmpi.default/libesmf.so(nuopc_driver_initializegeneric_+0x5f4)[0x2ab4cfbc0634]
[r10i5n12:51970] [20] /glade/scratch/theurich/ESMF-Nightly-Testing/nvhpc_21.11_openmpi_O_develop/esmf/DEFAULTINSTALLDIR/lib/libO/Linux.nvhpc.64.openmpi.default/libesmf.so(nuopc_driver_initializegeneric_+0x5f4)[0x2aee8af8f634]
[r10i5n12:51969] [20] /glade/scratch/theurich/ESMF-Nightly-Testing/nvhpc_21.11_openmpi_O_develop/esmf/DEFAULTINSTALLDIR/lib/libO/Linux.nvhpc.64.openmpi.default/libesmf.so(nuopc_driver_initializegeneric_+0x5f4)[0x2b5ab6d79634]
[r10i5n12:51968] [20] /glade/scratch/theurich/ESMF-Nightly-Testing/nvhpc_21.11_openmpi_O_develop/esmf/DEFAULTINSTALLDIR/lib/libO/Linux.nvhpc.64.openmpi.default/libesmf.so(_ZN5ESMCI6FTable12callVFuncPtrEPKcPNS_2VMEPi+0x4d7)[0x2ad07c83e297]
[r10i5n12:51967] [21] /glade/scratch/theurich/ESMF-Nightly-Testing/nvhpc_21.11_openmpi_O_develop/esmf/DEFAULTINSTALLDIR/lib/libO/Linux.nvhpc.64.openmpi.default/libesmf.so(_ZN5ESMCI6FTable12callVFuncPtrEPKcPNS_2VMEPi+0x4d7)[0x2ab4cf025297]
[r10i5n12:51970] [21] /glade/scratch/theurich/ESMF-Nightly-Testing/nvhpc_21.11_openmpi_O_develop/esmf/DEFAULTINSTALLDIR/lib/libO/Linux.nvhpc.64.openmpi.default/libesmf.so(_ZN5ESMCI6FTable12callVFuncPtrEPKcPNS_2VMEPi+0x4d7)[0x2aee8a3f4297]
[r10i5n12:51969] [21] /glade/scratch/theurich/ESMF-Nightly-Testing/nvhpc_21.11_openmpi_O_develop/esmf/DEFAULTINSTALLDIR/lib/libO/Linux.nvhpc.64.openmpi.default/libesmf.so(_ZN5ESMCI6FTable12callVFuncPtrEPKcPNS_2VMEPi+0x4d7)[0x2b5ab61de297]
[r10i5n12:51968] [21] /glade/scratch/theurich/ESMF-Nightly-Testing/nvhpc_21.11_openmpi_O_develop/esmf/DEFAULTINSTALLDIR/lib/libO/Linux.nvhpc.64.openmpi.default/libesmf.so(ESMCI_FTableCallEntryPointVMHop+0x1de)[0x2ad07c83c1de]
[r10i5n12:51967] [22] /glade/scratch/theurich/ESMF-Nightly-Testing/nvhpc_21.11_openmpi_O_develop/esmf/DEFAULTINSTALLDIR/lib/libO/Linux.nvhpc.64.openmpi.default/libesmf.so(ESMCI_FTableCallEntryPointVMHop+0x1de)[0x2ab4cf0231de]
[r10i5n12:51970] [22] /glade/scratch/theurich/ESMF-Nightly-Testing/nvhpc_21.11_openmpi_O_develop/esmf/DEFAULTINSTALLDIR/lib/libO/Linux.nvhpc.64.openmpi.default/libesmf.so(ESMCI_FTableCallEntryPointVMHop+0x1de)[0x2aee8a3f21de]
[r10i5n12:51969] [22] /glade/scratch/theurich/ESMF-Nightly-Testing/nvhpc_21.11_openmpi_O_develop/esmf/DEFAULTINSTALLDIR/lib/libO/Linux.nvhpc.64.openmpi.default/libesmf.so(ESMCI_FTableCallEntryPointVMHop+0x1de)[0x2b5ab61dc1de]
[r10i5n12:51968] [22] /glade/scratch/theurich/ESMF-Nightly-Testing/nvhpc_21.11_openmpi_O_develop/esmf/DEFAULTINSTALLDIR/lib/libO/Linux.nvhpc.64.openmpi.default/libesmf.so(_ZN5ESMCI2VM5enterEPNS_6VMPlanEPvS3_+0x18)[0x2ad07cc00d98]
[r10i5n12:51967] [23] /glade/scratch/theurich/ESMF-Nightly-Testing/nvhpc_21.11_openmpi_O_develop/esmf/DEFAULTINSTALLDIR/lib/libO/Linux.nvhpc.64.openmpi.default/libesmf.so(_ZN5ESMCI2VM5enterEPNS_6VMPlanEPvS3_+0x18)[0x2ab4cf3e7d98]
[r10i5n12:51970] [23] /glade/scratch/theurich/ESMF-Nightly-Testing/nvhpc_21.11_openmpi_O_develop/esmf/DEFAULTINSTALLDIR/lib/libO/Linux.nvhpc.64.openmpi.default/libesmf.so(_ZN5ESMCI2VM5enterEPNS_6VMPlanEPvS3_+0x18)[0x2aee8a7b6d98]
[r10i5n12:51969] [23] /glade/scratch/theurich/ESMF-Nightly-Testing/nvhpc_21.11_openmpi_O_develop/esmf/DEFAULTINSTALLDIR/lib/libO/Linux.nvhpc.64.openmpi.default/libesmf.so(_ZN5ESMCI2VM5enterEPNS_6VMPlanEPvS3_+0x18)[0x2b5ab65a0d98]
[r10i5n12:51968] [23] /glade/scratch/theurich/ESMF-Nightly-Testing/nvhpc_21.11_openmpi_O_develop/esmf/DEFAULTINSTALLDIR/lib/libO/Linux.nvhpc.64.openmpi.default/libesmf.so(c_esmc_ftablecallentrypointvm_+0x35b)[0x2ad07c83c5db]
[r10i5n12:51967] [24] /glade/scratch/theurich/ESMF-Nightly-Testing/nvhpc_21.11_openmpi_O_develop/esmf/DEFAULTINSTALLDIR/lib/libO/Linux.nvhpc.64.openmpi.default/libesmf.so(c_esmc_ftablecallentrypointvm_+0x35b)[0x2ab4cf0235db]
[r10i5n12:51970] [24] /glade/scratch/theurich/ESMF-Nightly-Testing/nvhpc_21.11_openmpi_O_develop/esmf/DEFAULTINSTALLDIR/lib/libO/Linux.nvhpc.64.openmpi.default/libesmf.so(c_esmc_ftablecallentrypointvm_+0x35b)[0x2aee8a3f25db]
[r10i5n12:51969] [24] /glade/scratch/theurich/ESMF-Nightly-Testing/nvhpc_21.11_openmpi_O_develop/esmf/DEFAULTINSTALLDIR/lib/libO/Linux.nvhpc.64.openmpi.default/libesmf.so(c_esmc_ftablecallentrypointvm_+0x35b)[0x2b5ab61dc5db]
[r10i5n12:51968] [24] /glade/scratch/theurich/ESMF-Nightly-Testing/nvhpc_21.11_openmpi_O_develop/esmf/DEFAULTINSTALLDIR/lib/libO/Linux.nvhpc.64.openmpi.default/libesmf.so(esmf_compmod_esmf_compexecute_+0x7e1)[0x2ab4cf5cb321]
[r10i5n12:51970] [25] /glade/scratch/theurich/ESMF-Nightly-Testing/nvhpc_21.11_openmpi_O_develop/esmf/DEFAULTINSTALLDIR/lib/libO/Linux.nvhpc.64.openmpi.default/libesmf.so(esmf_compmod_esmf_compexecute_+0x7e1)[0x2ad07cde4321]
[r10i5n12:51967] [25] /glade/scratch/theurich/ESMF-Nightly-Testing/nvhpc_21.11_openmpi_O_develop/esmf/DEFAULTINSTALLDIR/lib/libO/Linux.nvhpc.64.openmpi.default/libesmf.so(esmf_compmod_esmf_compexecute_+0x7e1)[0x2aee8a99a321]
[r10i5n12:51969] [25] /glade/scratch/theurich/ESMF-Nightly-Testing/nvhpc_21.11_openmpi_O_develop/esmf/DEFAULTINSTALLDIR/lib/libO/Linux.nvhpc.64.openmpi.default/libesmf.so(esmf_compmod_esmf_compexecute_+0x7e1)[0x2b5ab6784321]
[r10i5n12:51968] [25] /glade/scratch/theurich/ESMF-Nightly-Testing/nvhpc_21.11_openmpi_O_develop/esmf/DEFAULTINSTALLDIR/lib/libO/Linux.nvhpc.64.openmpi.default/libesmf.so(esmf_gridcompmod_esmf_gridcompinitialize_+0x159)[0x2ad07cfb9719]
[r10i5n12:51967] [26] ./esmApp[0x4067df]
[r10i5n12:51967] [27] ./esmApp[0x406433]
[r10i5n12:51967] [28] /glade/scratch/theurich/ESMF-Nightly-Testing/nvhpc_21.11_openmpi_O_develop/esmf/DEFAULTINSTALLDIR/lib/libO/Linux.nvhpc.64.openmpi.default/libesmf.so(esmf_gridcompmod_esmf_gridcompinitialize_+0x159)[0x2ab4cf7a0719]
[r10i5n12:51970] [26] ./esmApp[0x4067df]
[r10i5n12:51970] [27] ./esmApp[0x406433]
[r10i5n12:51970] [28] /glade/scratch/theurich/ESMF-Nightly-Testing/nvhpc_21.11_openmpi_O_develop/esmf/DEFAULTINSTALLDIR/lib/libO/Linux.nvhpc.64.openmpi.default/libesmf.so(esmf_gridcompmod_esmf_gridcompinitialize_+0x159)[0x2aee8ab6f719]
[r10i5n12:51969] [26] ./esmApp[0x4067df]
[r10i5n12:51969] [27] ./esmApp[0x406433]
[r10i5n12:51969] [28] /glade/u/apps/ch/os/lib64/libc.so.6(__libc_start_main+0xf5)[0x2ab4d474ea35]
[r10i5n12:51970] [29] ./esmApp[0x406329]
[r10i5n12:51970] *** End of error message ***
/glade/u/apps/ch/os/lib64/libc.so.6(__libc_start_main+0xf5)[0x2ad081f67a35]
[r10i5n12:51967] [29] ./esmApp[0x406329]
[r10i5n12:51967] *** End of error message ***
/glade/u/apps/ch/os/lib64/libc.so.6(__libc_start_main+0xf5)[0x2aee8fb1da35]
[r10i5n12:51969] [29] ./esmApp[0x406329]
[r10i5n12:51969] *** End of error message ***
/glade/scratch/theurich/ESMF-Nightly-Testing/nvhpc_21.11_openmpi_O_develop/esmf/DEFAULTINSTALLDIR/lib/libO/Linux.nvhpc.64.openmpi.default/libesmf.so(esmf_gridcompmod_esmf_gridcompinitialize_+0x159)[0x2b5ab6959719]
[r10i5n12:51968] [26] ./esmApp[0x4067df]
[r10i5n12:51968] [27] ./esmApp[0x406433]
[r10i5n12:51968] [28] /glade/u/apps/ch/os/lib64/libc.so.6(__libc_start_main+0xf5)[0x2b5abb907a35]
[r10i5n12:51968] [29] ./esmApp[0x406329]
[r10i5n12:51968] *** End of error message ***
--------------------------------------------------------------------------
Primary job  terminated normally, but 1 process returned
a non-zero exit code. Per user-direction, the job has been aborted.
--------------------------------------------------------------------------
--------------------------------------------------------------------------
mpirun noticed that process rank 0 with PID 0 on node r10i5n12 exited on signal 11 (Segmentation fault).
--------------------------------------------------------------------------
