2023-03-22 05:00:04
 NUOPC_DriverPrint for PET:            0
   Model, Mediator, and Driver components, in the order
   that they were added to the Driver:
            1 :  ATM
            2 :  OCN
            3 :  MED
   Connector components, in the order
   that they were added to the Driver:
            1 :  OCN-TO-MED
            2 :  MED-TO-OCN
            3 :  MED-TO-ATM
            4 :  ATM-TO-MED
NUOPC_RunSequenceArrayPrint: element     1 out of      2
runSeq::
 runElementPrint:      2     3     1 F T
 runElementPrint:      3    -1     1 F T
 runElementPrint:      3     2     1 F T
 runElementPrint:      2    -1     1 F T
 runElementPrint:     -2     0     0 F T
 runElementPrint:     -1    -1     0 F F
::
NUOPC_RunSequenceArrayPrint: element     2 out of      2
runSeq::
 runElementPrint:      3    -1     2 F T
 runElementPrint:      3     1     1 F T
 runElementPrint:      1    -1     1 F T
 runElementPrint:      1     3     1 F T
 runElementPrint:      3    -1     3 F T
 runElementPrint:     -2    -1     0 F F
::
 NUOPC_DriverPrint for PET:            1
   Model, Mediator, and Driver components, in the order
   that they were added to the Driver:
            1 :  ATM
            2 :  OCN
            3 :  MED
   Connector components, in the order
   that they were added to the Driver:
            1 :  OCN-TO-MED
            2 :  MED-TO-OCN
            3 :  MED-TO-ATM
            4 :  ATM-TO-MED
NUOPC_RunSequenceArrayPrint: element     1 out of      2
runSeq::
 runElementPrint:      2     3     1 F T
 runElementPrint:      3    -1     1 F T
 runElementPrint:      3     2     1 F T
 runElementPrint:      2    -1     1 F T
 runElementPrint:     -2     0     0 F T
 runElementPrint:     -1    -1     0 F F
::
NUOPC_RunSequenceArrayPrint: element     2 out of      2
runSeq::
 runElementPrint:      3    -1     2 F T
 runElementPrint:      3     1     1 F T
 runElementPrint:      1    -1     1 F T
 runElementPrint:      1     3     1 F T
 runElementPrint:      3    -1     3 F T
 runElementPrint:     -2    -1     0 F F
::
 NUOPC_DriverPrint for PET:            2
   Model, Mediator, and Driver components, in the order
   that they were added to the Driver:
            1 :  ATM
            2 :  OCN
            3 :  MED
   Connector components, in the order
   that they were added to the Driver:
            1 :  OCN-TO-MED
            2 :  MED-TO-OCN
            3 :  MED-TO-ATM
            4 :  ATM-TO-MED
NUOPC_RunSequenceArrayPrint: element     1 out of      2
runSeq::
 runElementPrint:      2     3     1 F T
 runElementPrint:      3    -1     1 F T
 runElementPrint:      3     2     1 F T
 runElementPrint:      2    -1     1 F T
 runElementPrint:     -2     0     0 F T
 runElementPrint:     -1    -1     0 F F
::
NUOPC_RunSequenceArrayPrint: element     2 out of      2
runSeq::
 runElementPrint:      3    -1     2 F T
 runElementPrint:      3     1     1 F T
 runElementPrint:      1    -1     1 F T
 runElementPrint:      1     3     1 F T
 runElementPrint:      3    -1     3 F T
 runElementPrint:     -2    -1     0 F F
::
 NUOPC_DriverPrint for PET:            3
   Model, Mediator, and Driver components, in the order
   that they were added to the Driver:
            1 :  ATM
            2 :  OCN
            3 :  MED
   Connector components, in the order
   that they were added to the Driver:
            1 :  OCN-TO-MED
            2 :  MED-TO-OCN
            3 :  MED-TO-ATM
            4 :  ATM-TO-MED
NUOPC_RunSequenceArrayPrint: element     1 out of      2
runSeq::
 runElementPrint:      2     3     1 F T
 runElementPrint:      3    -1     1 F T
 runElementPrint:      3     2     1 F T
 runElementPrint:      2    -1     1 F T
 runElementPrint:     -2     0     0 F T
 runElementPrint:     -1    -1     0 F F
::
NUOPC_RunSequenceArrayPrint: element     2 out of      2
runSeq::
 runElementPrint:      3    -1     2 F T
 runElementPrint:      3     1     1 F T
 runElementPrint:      1    -1     1 F T
 runElementPrint:      1     3     1 F T
 runElementPrint:      3    -1     3 F T
 runElementPrint:     -2    -1     0 F F
::
[r1i6n24:60499:0:60499] Caught signal 11 (Segmentation fault: address not mapped to object at address 0x4f1b591)
[r1i6n24:60496:0:60496] Caught signal 11 (Segmentation fault: address not mapped to object at address 0x4f1b591)
[r1i6n24:60497:0:60497] Caught signal 11 (Segmentation fault: address not mapped to object at address 0x4f1b591)
==== backtrace (tid:  60496) ====
 0  /glade/u/apps/ch/opt/ucx/1.11.0/lib/libucs.so.0(ucs_handle_error+0xe4) [0x2b0b937611b4]
 1  /glade/u/apps/ch/opt/ucx/1.11.0/lib/libucs.so.0(+0x2a4dc) [0x2b0b937614dc]
 2  /glade/u/apps/ch/opt/ucx/1.11.0/lib/libucs.so.0(+0x2a74b) [0x2b0b9376174b]
 3  /glade/scratch/theurich/ESMF-Nightly-Testing/nvhpc_21.11_openmpi_O_develop/esmf/DEFAULTINSTALLDIR/lib/libO/Linux.nvhpc.64.openmpi.default/libesmf.so(_ZN5ESMCI6LogErr13MsgFoundErrorEiPKciS2_S2_Pi+0x34) [0x2b0b7ee780b4]
 4  /glade/scratch/theurich/ESMF-Nightly-Testing/nvhpc_21.11_openmpi_O_develop/esmf/DEFAULTINSTALLDIR/lib/libO/Linux.nvhpc.64.openmpi.default/libesmf.so(c_esmc_meshcreatenodedistgrid_+0x5b) [0x2b0b7efb9f9b]
 5  /glade/scratch/theurich/ESMF-Nightly-Testing/nvhpc_21.11_openmpi_O_develop/esmf/DEFAULTINSTALLDIR/lib/libO/Linux.nvhpc.64.openmpi.default/libesmf.so(esmf_meshmod_esmf_meshcreatefrompointer_+0x4c) [0x2b0b7f6d65cc]
 6  /glade/scratch/theurich/ESMF-Nightly-Testing/nvhpc_21.11_openmpi_O_develop/esmf/DEFAULTINSTALLDIR/lib/libO/Linux.nvhpc.64.openmpi.default/libesmf.so(esmf_gridutilmod_esmf_gridtomesh_+0x32a) [0x2b0b7f5b64ea]
 7  /glade/scratch/theurich/ESMF-Nightly-Testing/nvhpc_21.11_openmpi_O_develop/esmf/DEFAULTINSTALLDIR/lib/libO/Linux.nvhpc.64.openmpi.default/libesmf.so(esmf_fieldregridmod_b_or_p_gridtomesh_+0x155) [0x2b0b7f4db155]
 8  /glade/scratch/theurich/ESMF-Nightly-Testing/nvhpc_21.11_openmpi_O_develop/esmf/DEFAULTINSTALLDIR/lib/libO/Linux.nvhpc.64.openmpi.default/libesmf.so(esmf_fieldregridmod_getmeshwithnodesonfieldloc_+0x3b1) [0x2b0b7f4d84f1]
 9  /glade/scratch/theurich/ESMF-Nightly-Testing/nvhpc_21.11_openmpi_O_develop/esmf/DEFAULTINSTALLDIR/lib/libO/Linux.nvhpc.64.openmpi.default/libesmf.so(esmf_fieldregridmod_esmf_fieldregridstorenx_+0x9fc) [0x2b0b7f4d69bc]
10  /glade/scratch/theurich/ESMF-Nightly-Testing/nvhpc_21.11_openmpi_O_develop/esmf/DEFAULTINSTALLDIR/lib/libO/Linux.nvhpc.64.openmpi.default/libesmf.so(esmf_fieldbundlemod_esmf_fieldbundleregridstorepair_+0x1bd6) [0x2b0b7f3b73d6]
11  /glade/scratch/theurich/ESMF-Nightly-Testing/nvhpc_21.11_openmpi_O_develop/esmf/DEFAULTINSTALLDIR/lib/libO/Linux.nvhpc.64.openmpi.default/libesmf.so(nuopc_connector_fieldbundlecplstore_+0x8fbd) [0x2b0b7f937ffd]
12  /glade/scratch/theurich/ESMF-Nightly-Testing/nvhpc_21.11_openmpi_O_develop/esmf/DEFAULTINSTALLDIR/lib/libO/Linux.nvhpc.64.openmpi.default/libesmf.so(nuopc_connector_initializeipdv05p6b_+0x4d7e) [0x2b0b7f92243e]
13  /glade/scratch/theurich/ESMF-Nightly-Testing/nvhpc_21.11_openmpi_O_develop/esmf/DEFAULTINSTALLDIR/lib/libO/Linux.nvhpc.64.openmpi.default/libesmf.so(_ZN5ESMCI6FTable12callVFuncPtrEPKcPNS_2VMEPi+0x4d7) [0x2b0b7eda2297]
14  /glade/scratch/theurich/ESMF-Nightly-Testing/nvhpc_21.11_openmpi_O_develop/esmf/DEFAULTINSTALLDIR/lib/libO/Linux.nvhpc.64.openmpi.default/libesmf.so(ESMCI_FTableCallEntryPointVMHop+0x1de) [0x2b0b7eda01de]
15  /glade/scratch/theurich/ESMF-Nightly-Testing/nvhpc_21.11_openmpi_O_develop/esmf/DEFAULTINSTALLDIR/lib/libO/Linux.nvhpc.64.openmpi.default/libesmf.so(_ZN5ESMCI2VM5enterEPNS_6VMPlanEPvS3_+0x18) [0x2b0b7f164d98]
==== backtrace (tid:  60497) ====
 0  /glade/u/apps/ch/opt/ucx/1.11.0/lib/libucs.so.0(ucs_handle_error+0xe4) [0x2ba4053201b4]
 1  /glade/u/apps/ch/opt/ucx/1.11.0/lib/libucs.so.0(+0x2a4dc) [0x2ba4053204dc]
 2  /glade/u/apps/ch/opt/ucx/1.11.0/lib/libucs.so.0(+0x2a74b) [0x2ba40532074b]
 3  /glade/scratch/theurich/ESMF-Nightly-Testing/nvhpc_21.11_openmpi_O_develop/esmf/DEFAULTINSTALLDIR/lib/libO/Linux.nvhpc.64.openmpi.default/libesmf.so(_ZN5ESMCI6LogErr13MsgFoundErrorEiPKciS2_S2_Pi+0x34) [0x2ba3ec8380b4]
 4  /glade/scratch/theurich/ESMF-Nightly-Testing/nvhpc_21.11_openmpi_O_develop/esmf/DEFAULTINSTALLDIR/lib/libO/Linux.nvhpc.64.openmpi.default/libesmf.so(c_esmc_meshcreatenodedistgrid_+0x5b) [0x2ba3ec979f9b]
 5  /glade/scratch/theurich/ESMF-Nightly-Testing/nvhpc_21.11_openmpi_O_develop/esmf/DEFAULTINSTALLDIR/lib/libO/Linux.nvhpc.64.openmpi.default/libesmf.so(esmf_meshmod_esmf_meshcreatefrompointer_+0x4c) [0x2ba3ed0965cc]
 6  /glade/scratch/theurich/ESMF-Nightly-Testing/nvhpc_21.11_openmpi_O_develop/esmf/DEFAULTINSTALLDIR/lib/libO/Linux.nvhpc.64.openmpi.default/libesmf.so(esmf_gridutilmod_esmf_gridtomesh_+0x32a) [0x2ba3ecf764ea]
 7  /glade/scratch/theurich/ESMF-Nightly-Testing/nvhpc_21.11_openmpi_O_develop/esmf/DEFAULTINSTALLDIR/lib/libO/Linux.nvhpc.64.openmpi.default/libesmf.so(esmf_fieldregridmod_b_or_p_gridtomesh_+0x155) [0x2ba3ece9b155]
 8  /glade/scratch/theurich/ESMF-Nightly-Testing/nvhpc_21.11_openmpi_O_develop/esmf/DEFAULTINSTALLDIR/lib/libO/Linux.nvhpc.64.openmpi.default/libesmf.so(esmf_fieldregridmod_getmeshwithnodesonfieldloc_+0x3b1) [0x2ba3ece984f1]
 9  /glade/scratch/theurich/ESMF-Nightly-Testing/nvhpc_21.11_openmpi_O_develop/esmf/DEFAULTINSTALLDIR/lib/libO/Linux.nvhpc.64.openmpi.default/libesmf.so(esmf_fieldregridmod_esmf_fieldregridstorenx_+0x9fc) [0x2ba3ece969bc]
10  /glade/scratch/theurich/ESMF-Nightly-Testing/nvhpc_21.11_openmpi_O_develop/esmf/DEFAULTINSTALLDIR/lib/libO/Linux.nvhpc.64.openmpi.default/libesmf.so(esmf_fieldbundlemod_esmf_fieldbundleregridstorepair_+0x1bd6) [0x2ba3ecd773d6]
11  /glade/scratch/theurich/ESMF-Nightly-Testing/nvhpc_21.11_openmpi_O_develop/esmf/DEFAULTINSTALLDIR/lib/libO/Linux.nvhpc.64.openmpi.default/libesmf.so(nuopc_connector_fieldbundlecplstore_+0x8fbd) [0x2ba3ed2f7ffd]
12  /glade/scratch/theurich/ESMF-Nightly-Testing/nvhpc_21.11_openmpi_O_develop/esmf/DEFAULTINSTALLDIR/lib/libO/Linux.nvhpc.64.openmpi.default/libesmf.so(nuopc_connector_initializeipdv05p6b_+0x4d7e) [0x2ba3ed2e243e]
13  /glade/scratch/theurich/ESMF-Nightly-Testing/nvhpc_21.11_openmpi_O_develop/esmf/DEFAULTINSTALLDIR/lib/libO/Linux.nvhpc.64.openmpi.default/libesmf.so(_ZN5ESMCI6FTable12callVFuncPtrEPKcPNS_2VMEPi+0x4d7) [0x2ba3ec762297]
14  /glade/scratch/theurich/ESMF-Nightly-Testing/nvhpc_21.11_openmpi_O_develop/esmf/DEFAULTINSTALLDIR/lib/libO/Linux.nvhpc.64.openmpi.default/libesmf.so(ESMCI_FTableCallEntryPointVMHop+0x1de) [0x2ba3ec7601de]
15  /glade/scratch/theurich/ESMF-Nightly-Testing/nvhpc_21.11_openmpi_O_develop/esmf/DEFAULTINSTALLDIR/lib/libO/Linux.nvhpc.64.openmpi.default/libesmf.so(_ZN5ESMCI2VM5enterEPNS_6VMPlanEPvS3_+0x18) [0x2ba3ecb24d98]
16  /glade/scratch/theurich/ESMF-Nightly-Testing/nvhpc_21.11_openmpi_O_develop/esmf/DEFAULTINSTALLDIR/lib/libO/Linux.nvhpc.64.openmpi.default/libesmf.so(c_esmc_ftablecallentrypointvm_+0x35b) [0x2ba3ec7605db]
17  /glade/scratch/theurich/ESMF-Nightly-Testing/nvhpc_21.11_openmpi_O_develop/esmf/DEFAULTINSTALLDIR/lib/libO/Linux.nvhpc.64.openmpi.default/libesmf.so(esmf_compmod_esmf_compexecute_+0x7e1) [0x2ba3ecd08321]
18  /glade/scratch/theurich/ESMF-Nightly-Testing/nvhpc_21.11_openmpi_O_develop/esmf/DEFAULTINSTALLDIR/lib/libO/Linux.nvhpc.64.openmpi.default/libesmf.so(esmf_cplcompmod_esmf_cplcompinitialize_+0x159) [0x2ba3ecd1b019]
19  /glade/scratch/theurich/ESMF-Nightly-Testing/nvhpc_21.11_openmpi_O_develop/esmf/DEFAULTINSTALLDIR/lib/libO/Linux.nvhpc.64.openmpi.default/libesmf.so(nuopc_driver_loopconnectorcompss_+0xea9) [0x2ba3ed317669]
20  /glade/scratch/theurich/ESMF-Nightly-Testing/nvhpc_21.11_openmpi_O_develop/esmf/DEFAULTINSTALLDIR/lib/libO/Linux.nvhpc.64.openmpi.default/l==== backtrace (tid:  60499) ====
 0  /glade/u/apps/ch/opt/ucx/1.11.0/lib/libucs.so.0(ucs_handle_error+0xe4) [0x2b0b0b55d1b4]
 1  /glade/u/apps/ch/opt/ucx/1.11.0/lib/libucs.so.0(+0x2a4dc) [0x2b0b0b55d4dc]
 2  /glade/u/apps/ch/opt/ucx/1.11.0/lib/libucs.so.0(+0x2a74b) [0x2b0b0b55d74b]
 3  /glade/scratch/theurich/ESMF-Nightly-Testing/nvhpc_21.11_openmpi_O_develop/esmf/DEFAULTINSTALLDIR/lib/libO/Linux.nvhpc.64.openmpi.default/libesmf.so(_ZN5ESMCI6LogErr13MsgFoundErrorEiPKciS2_S2_Pi+0x34) [0x2b0af6d300b4]
 4  /glade/scratch/theurich/ESMF-Nightly-Testing/nvhpc_21.11_openmpi_O_develop/esmf/DEFAULTINSTALLDIR/lib/libO/Linux.nvhpc.64.openmpi.default/libesmf.so(c_esmc_meshcreatenodedistgrid_+0x5b) [0x2b0af6e71f9b]
 5  /glade/scratch/theurich/ESMF-Nightly-Testing/nvhpc_21.11_openmpi_O_develop/esmf/DEFAULTINSTALLDIR/lib/libO/Linux.nvhpc.64.openmpi.default/libesmf.so(esmf_meshmod_esmf_meshcreatefrompointer_+0x4c) [0x2b0af758e5cc]
 6  /glade/scratch/theurich/ESMF-Nightly-Testing/nvhpc_21.11_openmpi_O_develop/esmf/DEFAULTINSTALLDIR/lib/libO/Linux.nvhpc.64.openmpi.default/libesmf.so(esmf_gridutilmod_esmf_gridtomesh_+0x32a) [0x2b0af746e4ea]
 7  /glade/scratch/theurich/ESMF-Nightly-Testing/nvhpc_21.11_openmpi_O_develop/esmf/DEFAULTINSTALLDIR/lib/libO/Linux.nvhpc.64.openmpi.default/libesmf.so(esmf_fieldregridmod_b_or_p_gridtomesh_+0x155) [0x2b0af7393155]
 8  /glade/scratch/theurich/ESMF-Nightly-Testing/nvhpc_21.11_openmpi_O_develop/esmf/DEFAULTINSTALLDIR/lib/libO/Linux.nvhpc.64.openmpi.default/libesmf.so(esmf_fieldregridmod_getmeshwithnodesonfieldloc_+0x3b1) [0x2b0af73904f1]
 9  /glade/scratch/theurich/ESMF-Nightly-Testing/nvhpc_21.11_openmpi_O_develop/esmf/DEFAULTINSTALLDIR/lib/libO/Linux.nvhpc.64.openmpi.default/libesmf.so(esmf_fieldregridmod_esmf_fieldregridstorenx_+0x9fc) [0x2b0af738e9bc]
10  /glade/scratch/theurich/ESMF-Nightly-Testing/nvhpc_21.11_openmpi_O_develop/esmf/DEFAULTINSTALLDIR/lib/libO/Linux.nvhpc.64.openmpi.default/libesmf.so(esmf_fieldbundlemod_esmf_fieldbundleregridstorepair_+0x1bd6) [0x2b0af726f3d6]
11  /glade/scratch/theurich/ESMF-Nightly-Testing/nvhpc_21.11_openmpi_O_develop/esmf/DEFAULTINSTALLDIR/lib/libO/Linux.nvhpc.64.openmpi.default/libesmf.so(nuopc_connector_fieldbundlecplstore_+0x8fbd) [0x2b0af77efffd]
12  /glade/scratch/theurich/ESMF-Nightly-Testing/nvhpc_21.11_openmpi_O_develop/esmf/DEFAULTINSTALLDIR/lib/libO/Linux.nvhpc.64.openmpi.default/libesmf.so(nuopc_connector_initializeipdv05p6b_+0x4d7e) [0x2b0af77da43e]
13  /glade/scratch/theurich/ESMF-Nightly-Testing/nvhpc_21.11_openmpi_O_develop/esmf/DEFAULTINSTALLDIR/lib/libO/Linux.nvhpc.64.openmpi.default/libesmf.so(_ZN5ESMCI6FTable12callVFuncPtrEPKcPNS_2VMEPi+0x4d7) [0x2b0af6c5a297]
14  /glade/scratch/theurich/ESMF-Nightly-Testing/nvhpc_21.11_openmpi_O_develop/esmf/DEFAULTINSTALLDIR/lib/libO/Linux.nvhpc.64.openmpi.default/libesmf.so(ESMCI_FTableCallEntryPointVMHop+0x1de) [0x2b0af6c581de]
15  /glade/scratch/theurich/ESMF-Nightly-Testing/nvhpc_21.11_openmpi_O_develop/esmf/DEFAULTINSTALLDIR/lib/libO/Linux.nvhpc.64.openmpi.default/libesmf.so(_ZN5ESMCI2VM5enterEPNS_6VMPlanEPvS3_+0x18) [0x2b0af701cd98]
16  /glade/scratch/theurich/ESMF-Nightly-Testing/nvhpc_21.11_openmpi_O_develop/esmf/DEFAULTINSTALLDIR/lib/libO/Linux.nvhpc.64.openmpi.default/libesmf.so(c_esmc_ftablecallentrypointvm_+0x35b) [0x2b0af6c585db]
17  /glade/scratch/theurich/ESMF-Nightly-Testing/nvhpc_21.11_openmpi_O_develop/esmf/DEFAULTINSTALLDIR/lib/libO/Linux.nvhpc.64.openmpi.default/libesmf.so(esmf_compmod_esmf_compexecute_+0x7e1) [0x2b0af7200321]
18  /glade/scratch/theurich/ESMF-Nightly-Testing/nvhpc_21.11_openmpi_O_develop/esmf/DEFAULTINSTALLDIR/lib/libO/Linux.nvhpc.64.openmpi.default/libesmf.so(esmf_cplcompmod_esmf_cplcompinitialize_+0x159) [0x2b0af7213019]
19  /glade/scratch/theurich/ESMF-Nightly-Testing/nvhpc_21.11_openmpi_O_develop/esmf/DEFAULTINSTALLDIR/lib/libO/Linux.nvhpc.64.openmpi.default/libesmf.so(nuopc_driver_loopconnectorcompss_+0xea9) [0x2b0af780f669]
20  /glade/scratch/theurich/ESMF-Nightly-Testing/nvhpc_21.11_openmpi_O_develop/esmf/DEFAULTINSTALLDIR/lib/libO/Linux.nvhpc.64.openmpi.default/l16  /glade/scratch/theurich/ESMF-Nightly-Testing/nvhpc_21.11_openmpi_O_develop/esmf/DEFAULTINSTALLDIR/lib/libO/Linux.nvhpc.64.openmpi.default/libesmf.so(c_esmc_ftablecallentrypointvm_+0x35b) [0x2b0b7eda05db]
17  /glade/scratch/theurich/ESMF-Nightly-Testing/nvhpc_21.11_openmpi_O_develop/esmf/DEFAULTINSTALLDIR/lib/libO/Linux.nvhpc.64.openmpi.default/libesmf.so(esmf_compmod_esmf_compexecute_+0x7e1) [0x2b0b7f348321]
18  /glade/scratch/theurich/ESMF-Nightly-Testing/nvhpc_21.11_openmpi_O_develop/esmf/DEFAULTINSTALLDIR/lib/libO/Linux.nvhpc.64.openmpi.default/libesmf.so(esmf_cplcompmod_esmf_cplcompinitialize_+0x159) [0x2b0b7f35b019]
19  /glade/scratch/theurich/ESMF-Nightly-Testing/nvhpc_21.11_openmpi_O_develop/esmf/DEFAULTINSTALLDIR/lib/libO/Linux.nvhpc.64.openmpi.default/libesmf.so(nuopc_driver_loopconnectorcompss_+0xea9) [0x2b0b7f957669]
20  /glade/scratch/theurich/ESMF-Nightly-Testing/nvhpc_21.11_openmpi_O_develop/esmf/DEFAULTINSTALLDIR/lib/libO/Linux.nvhpc.64.openmpi.default/libesmf.so(nuopc_driver_initializeipdv02p3_+0x2ee4) [0x2b0b7f94ec64]
21  /glade/scratch/theurich/ESMF-Nightly-Testing/nvhpc_21.11_openmpi_O_develop/esmf/DEFAULTINSTALLDIR/lib/libO/Linux.nvhpc.64.openmpi.default/libesmf.so(nuopc_driver_initializegeneric_+0x5f4) [0x2b0b7f93d634]
22  /glade/scratch/theurich/ESMF-Nightly-Testing/nvhpc_21.11_openmpi_O_develop/esmf/DEFAULTINSTALLDIR/lib/libO/Linux.nvhpc.64.openmpi.default/libesmf.so(_ZN5ESMCI6FTable12callVFuncPtrEPKcPNS_2VMEPi+0x4d7) [0x2b0b7eda2297]
23  /glade/scratch/theurich/ESMF-Nightly-Testing/nvhpc_21.11_openmpi_O_develop/esmf/DEFAULTINSTALLDIR/lib/libO/Linux.nvhpc.64.openmpi.default/libesmf.so(ESMCI_FTableCallEntryPointVMHop+0x1de) [0x2b0b7eda01de]
24  /glade/scratch/theurich/ESMF-Nightly-Testing/nvhpc_21.11_openmpi_O_develop/esmf/DEFAULTINSTALLDIR/lib/libO/Linux.nvhpc.64.openmpi.default/libesmf.so(_ZN5ESMCI2VM5enterEPNS_6VMPlanEPvS3_+0x18) [0x2b0b7f164d98]
25  /glade/scratch/theurich/ESMF-Nightly-Testing/nvhpc_21.11_openmpi_O_develop/esmf/DEFAULTINSTALLDIR/lib/libO/Linux.nvhpc.64.openmpi.default/libesmf.so(c_esmc_ftablecallentrypointvm_+0x35b) [0x2b0b7eda05db]
26  /glade/scratch/theurich/ESMF-Nightly-Testing/nvhpc_21.11_openmpi_O_develop/esmf/DEFAULTINSTALLDIR/lib/libO/Linux.nvhpc.64.openmpi.default/libesmf.so(esmf_compmod_esmf_compexecute_+0x7e1) [0x2b0b7f348321]
27  /glade/scratch/theurich/ESMF-Nightly-Testing/nvhpc_21.11_openmpi_O_develop/esmf/DEFAULTINSTALLDIR/lib/libO/Linux.nvhpc.64.openmpi.default/libesmf.so(esmf_gridcompmod_esmf_gridcompinitialize_+0x159) [0x2b0b7f51d719]
28  ./esmApp() [0x40675f]
29  ./esmApp() [0x4063b3]
30  /glade/u/apps/ch/os/lib64/libc.so.6(__libc_start_main+0xf5) [0x2b0b844cba35]
31  ./esmApp() [0x4062a9]
=================================
ibesmf.so(nuopc_driver_initializeipdv02p3_+0x2ee4) [0x2ba3ed30ec64]
21  /glade/scratch/theurich/ESMF-Nightly-Testing/nvhpc_21.11_openmpi_O_develop/esmf/DEFAULTINSTALLDIR/lib/libO/Linux.nvhpc.64.openmpi.default/libesmf.so(nuopc_driver_initializegeneric_+0x5f4) [0x2ba3ed2fd634]
22  /glade/scratch/theurich/ESMF-Nightly-Testing/nvhpc_21.11_openmpi_O_develop/esmf/DEFAULTINSTALLDIR/lib/libO/Linux.nvhpc.64.openmpi.default/libesmf.so(_ZN5ESMCI6FTable12callVFuncPtrEPKcPNS_2VMEPi+0x4d7) [0x2ba3ec762297]
23  /glade/scratch/theurich/ESMF-Nightly-Testing/nvhpc_21.11_openmpi_O_develop/esmf/DEFAULTINSTALLDIR/lib/libO/Linux.nvhpc.64.openmpi.default/libesmf.so(ESMCI_FTableCallEntryPointVMHop+0x1de) [0x2ba3ec7601de]
24  /glade/scratch/theurich/ESMF-Nightly-Testing/nvhpc_21.11_openmpi_O_develop/esmf/DEFAULTINSTALLDIR/lib/libO/Linux.nvhpc.64.openmpi.default/libesmf.so(_ZN5ESMCI2VM5enterEPNS_6VMPlanEPvS3_+0x18) [0x2ba3ecb24d98]
25  /glade/scratch/theurich/ESMF-Nightly-Testing/nvhpc_21.11_openmpi_O_develop/esmf/DEFAULTINSTALLDIR/lib/libO/Linux.nvhpc.64.openmpi.default/libesmf.so(c_esmc_ftablecallentrypointvm_+0x35b) [0x2ba3ec7605db]
26  /glade/scratch/theurich/ESMF-Nightly-Testing/nvhpc_21.11_openmpi_O_develop/esmf/DEFAULTINSTALLDIR/lib/libO/Linux.nvhpc.64.openmpi.default/libesmf.so(esmf_compmod_esmf_compexecute_+0x7e1) [0x2ba3ecd08321]
27  /glade/scratch/theurich/ESMF-Nightly-Testing/nvhpc_21.11_openmpi_O_develop/esmf/DEFAULTINSTALLDIR/lib/libO/Linux.nvhpc.64.openmpi.default/libesmf.so(esmf_gridcompmod_esmf_gridcompinitialize_+0x159) [0x2ba3ecedd719]
28  ./esmApp() [0x40675f]
29  ./esmApp() [0x4063b3]
30  /glade/u/apps/ch/os/lib64/libc.so.6(__libc_start_main+0xf5) [0x2ba3f1e8ba35]
31  ./esmApp() [0x4062a9]
=================================
[r1i6n24:60496] *** Process received signal ***
[r1i6n24:60496] Signal: Segmentation fault (11)
[r1i6n24:60496] Signal code:  (-6)
[r1i6n24:60496] Failing at address: 0xb510000ec50
ibesmf.so(nuopc_driver_initializeipdv02p3_+0x2ee4) [0x2b0af7806c64]
21  /glade/scratch/theurich/ESMF-Nightly-Testing/nvhpc_21.11_openmpi_O_develop/esmf/DEFAULTINSTALLDIR/lib/libO/Linux.nvhpc.64.openmpi.default/libesmf.so(nuopc_driver_initializegeneric_+0x5f4) [0x2b0af77f5634]
22  /glade/scratch/theurich/ESMF-Nightly-Testing/nvhpc_21.11_openmpi_O_develop/esmf/DEFAULTINSTALLDIR/lib/libO/Linux.nvhpc.64.openmpi.default/libesmf.so(_ZN5ESMCI6FTable12callVFuncPtrEPKcPNS_2VMEPi+0x4d7) [0x2b0af6c5a297]
23  /glade/scratch/theurich/ESMF-Nightly-Testing/nvhpc_21.11_openmpi_O_develop/esmf/DEFAULTINSTALLDIR/lib/libO/Linux.nvhpc.64.openmpi.default/libesmf.so(ESMCI_FTableCallEntryPointVMHop+0x1de) [0x2b0af6c581de]
24  /glade/scratch/theurich/ESMF-Nightly-Testing/nvhpc_21.11_openmpi_O_develop/esmf/DEFAULTINSTALLDIR/lib/libO/Linux.nvhpc.64.openmpi.default/libesmf.so(_ZN5ESMCI2VM5enterEPNS_6VMPlanEPvS3_+0x18) [0x2b0af701cd98]
25  /glade/scratch/theurich/ESMF-Nightly-Testing/nvhpc_21.11_openmpi_O_develop/esmf/DEFAULTINSTALLDIR/lib/libO/Linux.nvhpc.64.openmpi.default/libesmf.so(c_esmc_ftablecallentrypointvm_+0x35b) [0x2b0af6c585db]
26  /glade/scratch/theurich/ESMF-Nightly-Testing/nvhpc_21.11_openmpi_O_develop/esmf/DEFAULTINSTALLDIR/lib/libO/Linux.nvhpc.64.openmpi.default/libesmf.so(esmf_compmod_esmf_compexecute_+0x7e1) [0x2b0af7200321]
27  /glade/scratch/theurich/ESMF-Nightly-Testing/nvhpc_21.11_openmpi_O_develop/esmf/DEFAULTINSTALLDIR/lib/libO/Linux.nvhpc.64.openmpi.default/libesmf.so(esmf_gridcompmod_esmf_gridcompinitialize_+0x159) [0x2b0af73d5719]
28  ./esmApp() [0x40675f]
29  ./esmApp() [0x4063b3]
30  /glade/u/apps/ch/os/lib64/libc.so.6(__libc_start_main+0xf5) [0x2b0afc383a35]
31  ./esmApp() [0x4062a9]
=================================
[r1i6n24:60499] *** Process received signal ***
[r1i6n24:60499] Signal: Segmentation fault (11)
[r1i6n24:60499] Signal code:  (-6)
[r1i6n24:60499] Failing at address: 0xb510000ec53
[r1i6n24:60497] *** Process received signal ***
[r1i6n24:60497] Signal: Segmentation fault (11)
[r1i6n24:60497] Signal code:  (-6)
[r1i6n24:60497] Failing at address: 0xb510000ec51
[r1i6n24:60496] [ 0] [r1i6n24:60499] [ 0] [r1i6n24:60497] [ 0] /glade/u/apps/ch/os/lib64/libpthread.so.0(+0x11c00)[0x2ba3f15bac00]
[r1i6n24:60497] /glade/u/apps/ch/os/lib64/libpthread.so.0(+0x11c00)[0x2b0b83bfac00]
[r1i6n24:60496] [ 1] [ 1] /glade/u/apps/ch/os/lib64/libpthread.so.0(+0x11c00)[0x2b0afbab2c00]
[r1i6n24:60499] [ 1] /glade/scratch/theurich/ESMF-Nightly-Testing/nvhpc_21.11_openmpi_O_develop/esmf/DEFAULTINSTALLDIR/lib/libO/Linux.nvhpc.64.openmpi.default/libesmf.so(_ZN5ESMCI6LogErr13MsgFoundErrorEiPKciS2_S2_Pi+0x34)[0x2b0b7ee780b4]
[r1i6n24:60496] [ 2] /glade/scratch/theurich/ESMF-Nightly-Testing/nvhpc_21.11_openmpi_O_develop/esmf/DEFAULTINSTALLDIR/lib/libO/Linux.nvhpc.64.openmpi.default/libesmf.so(_ZN5ESMCI6LogErr13MsgFoundErrorEiPKciS2_S2_Pi+0x34)[0x2b0af6d300b4]
[r1i6n24:60499] [ 2] /glade/scratch/theurich/ESMF-Nightly-Testing/nvhpc_21.11_openmpi_O_develop/esmf/DEFAULTINSTALLDIR/lib/libO/Linux.nvhpc.64.openmpi.default/libesmf.so(_ZN5ESMCI6LogErr13MsgFoundErrorEiPKciS2_S2_Pi+0x34)[0x2ba3ec8380b4]
[r1i6n24:60497] [ 2] /glade/scratch/theurich/ESMF-Nightly-Testing/nvhpc_21.11_openmpi_O_develop/esmf/DEFAULTINSTALLDIR/lib/libO/Linux.nvhpc.64.openmpi.default/libesmf.so(c_esmc_meshcreatenodedistgrid_+0x5b)[0x2b0b7efb9f9b]
[r1i6n24:60496] [ 3] /glade/scratch/theurich/ESMF-Nightly-Testing/nvhpc_21.11_openmpi_O_develop/esmf/DEFAULTINSTALLDIR/lib/libO/Linux.nvhpc.64.openmpi.default/libesmf.so(c_esmc_meshcreatenodedistgrid_+0x5b)[0x2ba3ec979f9b]
[r1i6n24:60497] [ 3] /glade/scratch/theurich/ESMF-Nightly-Testing/nvhpc_21.11_openmpi_O_develop/esmf/DEFAULTINSTALLDIR/lib/libO/Linux.nvhpc.64.openmpi.default/libesmf.so(c_esmc_meshcreatenodedistgrid_+0x5b)[0x2b0af6e71f9b]
[r1i6n24:60499] [ 3] /glade/scratch/theurich/ESMF-Nightly-Testing/nvhpc_21.11_openmpi_O_develop/esmf/DEFAULTINSTALLDIR/lib/libO/Linux.nvhpc.64.openmpi.default/libesmf.so(esmf_meshmod_esmf_meshcreatefrompointer_+0x4c)[0x2b0b7f6d65cc]
[r1i6n24:60496] [ 4] /glade/scratch/theurich/ESMF-Nightly-Testing/nvhpc_21.11_openmpi_O_develop/esmf/DEFAULTINSTALLDIR/lib/libO/Linux.nvhpc.64.openmpi.default/libesmf.so(esmf_meshmod_esmf_meshcreatefrompointer_+0x4c)[0x2b0af758e5cc]
[r1i6n24:60499] [ 4] /glade/scratch/theurich/ESMF-Nightly-Testing/nvhpc_21.11_openmpi_O_develop/esmf/DEFAULTINSTALLDIR/lib/libO/Linux.nvhpc.64.openmpi.default/libesmf.so(esmf_meshmod_esmf_meshcreatefrompointer_+0x4c)[0x2ba3ed0965cc]
[r1i6n24:60497] [ 4] /glade/scratch/theurich/ESMF-Nightly-Testing/nvhpc_21.11_openmpi_O_develop/esmf/DEFAULTINSTALLDIR/lib/libO/Linux.nvhpc.64.openmpi.default/libesmf.so(esmf_gridutilmod_esmf_gridtomesh_+0x32a)[0x2b0b7f5b64ea]
[r1i6n24:60496] [ 5] /glade/scratch/theurich/ESMF-Nightly-Testing/nvhpc_21.11_openmpi_O_develop/esmf/DEFAULTINSTALLDIR/lib/libO/Linux.nvhpc.64.openmpi.default/libesmf.so(esmf_gridutilmod_esmf_gridtomesh_+0x32a)[0x2b0af746e4ea]
[r1i6n24:60499] [ 5] /glade/scratch/theurich/ESMF-Nightly-Testing/nvhpc_21.11_openmpi_O_develop/esmf/DEFAULTINSTALLDIR/lib/libO/Linux.nvhpc.64.openmpi.default/libesmf.so(esmf_gridutilmod_esmf_gridtomesh_+0x32a)[0x2ba3ecf764ea]
[r1i6n24:60497] [ 5] /glade/scratch/theurich/ESMF-Nightly-Testing/nvhpc_21.11_openmpi_O_develop/esmf/DEFAULTINSTALLDIR/lib/libO/Linux.nvhpc.64.openmpi.default/libesmf.so(esmf_fieldregridmod_b_or_p_gridtomesh_+0x155)[0x2b0af7393155]
[r1i6n24:60499] [ 6] /glade/scratch/theurich/ESMF-Nightly-Testing/nvhpc_21.11_openmpi_O_develop/esmf/DEFAULTINSTALLDIR/lib/libO/Linux.nvhpc.64.openmpi.default/libesmf.so(esmf_fieldregridmod_b_or_p_gridtomesh_+0x155)[0x2b0b7f4db155]
[r1i6n24:60496] [ 6] /glade/scratch/theurich/ESMF-Nightly-Testing/nvhpc_21.11_openmpi_O_develop/esmf/DEFAULTINSTALLDIR/lib/libO/Linux.nvhpc.64.openmpi.default/libesmf.so(esmf_fieldregridmod_b_or_p_gridtomesh_+0x155)[0x2ba3ece9b155]
[r1i6n24:60497] [ 6] /glade/scratch/theurich/ESMF-Nightly-Testing/nvhpc_21.11_openmpi_O_develop/esmf/DEFAULTINSTALLDIR/lib/libO/Linux.nvhpc.64.openmpi.default/libesmf.so(esmf_fieldregridmod_getmeshwithnodesonfieldloc_+0x3b1)[0x2b0b7f4d84f1]
[r1i6n24:60496] [ 7] /glade/scratch/theurich/ESMF-Nightly-Testing/nvhpc_21.11_openmpi_O_develop/esmf/DEFAULTINSTALLDIR/lib/libO/Linux.nvhpc.64.openmpi.default/libesmf.so(esmf_fieldregridmod_getmeshwithnodesonfieldloc_+0x3b1)[0x2b0af73904f1]
[r1i6n24:60499] [ 7] /glade/scratch/theurich/ESMF-Nightly-Testing/nvhpc_21.11_openmpi_O_develop/esmf/DEFAULTINSTALLDIR/lib/libO/Linux.nvhpc.64.openmpi.default/libesmf.so(esmf_fieldregridmod_getmeshwithnodesonfieldloc_+0x3b1)[0x2ba3ece984f1]
[r1i6n24:60497] [ 7] /glade/scratch/theurich/ESMF-Nightly-Testing/nvhpc_21.11_openmpi_O_develop/esmf/DEFAULTINSTALLDIR/lib/libO/Linux.nvhpc.64.openmpi.default/libesmf.so(esmf_fieldregridmod_esmf_fieldregridstorenx_+0x9fc)[0x2b0af738e9bc]
[r1i6n24:60499] [ 8] /glade/scratch/theurich/ESMF-Nightly-Testing/nvhpc_21.11_openmpi_O_develop/esmf/DEFAULTINSTALLDIR/lib/libO/Linux.nvhpc.64.openmpi.default/libesmf.so(esmf_fieldregridmod_esmf_fieldregridstorenx_+0x9fc)[0x2b0b7f4d69bc]
[r1i6n24:60496] [ 8] /glade/scratch/theurich/ESMF-Nightly-Testing/nvhpc_21.11_openmpi_O_develop/esmf/DEFAULTINSTALLDIR/lib/libO/Linux.nvhpc.64.openmpi.default/libesmf.so(esmf_fieldregridmod_esmf_fieldregridstorenx_+0x9fc)[0x2ba3ece969bc]
[r1i6n24:60497] [ 8] /glade/scratch/theurich/ESMF-Nightly-Testing/nvhpc_21.11_openmpi_O_develop/esmf/DEFAULTINSTALLDIR/lib/libO/Linux.nvhpc.64.openmpi.default/libesmf.so(esmf_fieldbundlemod_esmf_fieldbundleregridstorepair_+0x1bd6)[0x2b0b7f3b73d6]
[r1i6n24:60496] [ 9] /glade/scratch/theurich/ESMF-Nightly-Testing/nvhpc_21.11_openmpi_O_develop/esmf/DEFAULTINSTALLDIR/lib/libO/Linux.nvhpc.64.openmpi.default/libesmf.so(esmf_fieldbundlemod_esmf_fieldbundleregridstorepair_+0x1bd6)[0x2b0af726f3d6]
[r1i6n24:60499] [ 9] /glade/scratch/theurich/ESMF-Nightly-Testing/nvhpc_21.11_openmpi_O_develop/esmf/DEFAULTINSTALLDIR/lib/libO/Linux.nvhpc.64.openmpi.default/libesmf.so(esmf_fieldbundlemod_esmf_fieldbundleregridstorepair_+0x1bd6)[0x2ba3ecd773d6]
[r1i6n24:60497] [ 9] /glade/scratch/theurich/ESMF-Nightly-Testing/nvhpc_21.11_openmpi_O_develop/esmf/DEFAULTINSTALLDIR/lib/libO/Linux.nvhpc.64.openmpi.default/libesmf.so(nuopc_connector_fieldbundlecplstore_+0x8fbd)[0x2b0af77efffd]
[r1i6n24:60499] [10] /glade/scratch/theurich/ESMF-Nightly-Testing/nvhpc_21.11_openmpi_O_develop/esmf/DEFAULTINSTALLDIR/lib/libO/Linux.nvhpc.64.openmpi.default/libesmf.so(nuopc_connector_fieldbundlecplstore_+0x8fbd)[0x2b0b7f937ffd]
[r1i6n24:60496] [10] /glade/scratch/theurich/ESMF-Nightly-Testing/nvhpc_21.11_openmpi_O_develop/esmf/DEFAULTINSTALLDIR/lib/libO/Linux.nvhpc.64.openmpi.default/libesmf.so(nuopc_connector_fieldbundlecplstore_+0x8fbd)[0x2ba3ed2f7ffd]
[r1i6n24:60497] [10] /glade/scratch/theurich/ESMF-Nightly-Testing/nvhpc_21.11_openmpi_O_develop/esmf/DEFAULTINSTALLDIR/lib/libO/Linux.nvhpc.64.openmpi.default/libesmf.so(nuopc_connector_initializeipdv05p6b_+0x4d7e)[0x2b0b7f92243e]
[r1i6n24:60496] [11] /glade/scratch/theurich/ESMF-Nightly-Testing/nvhpc_21.11_openmpi_O_develop/esmf/DEFAULTINSTALLDIR/lib/libO/Linux.nvhpc.64.openmpi.default/libesmf.so(nuopc_connector_initializeipdv05p6b_+0x4d7e)[0x2b0af77da43e]
[r1i6n24:60499] [11] /glade/scratch/theurich/ESMF-Nightly-Testing/nvhpc_21.11_openmpi_O_develop/esmf/DEFAULTINSTALLDIR/lib/libO/Linux.nvhpc.64.openmpi.default/libesmf.so(nuopc_connector_initializeipdv05p6b_+0x4d7e)[0x2ba3ed2e243e]
[r1i6n24:60497] [11] /glade/scratch/theurich/ESMF-Nightly-Testing/nvhpc_21.11_openmpi_O_develop/esmf/DEFAULTINSTALLDIR/lib/libO/Linux.nvhpc.64.openmpi.default/libesmf.so(_ZN5ESMCI6FTable12callVFuncPtrEPKcPNS_2VMEPi+0x4d7)[0x2b0af6c5a297]
[r1i6n24:60499] [12] /glade/scratch/theurich/ESMF-Nightly-Testing/nvhpc_21.11_openmpi_O_develop/esmf/DEFAULTINSTALLDIR/lib/libO/Linux.nvhpc.64.openmpi.default/libesmf.so(_ZN5ESMCI6FTable12callVFuncPtrEPKcPNS_2VMEPi+0x4d7)[0x2b0b7eda2297]
[r1i6n24:60496] [12] /glade/scratch/theurich/ESMF-Nightly-Testing/nvhpc_21.11_openmpi_O_develop/esmf/DEFAULTINSTALLDIR/lib/libO/Linux.nvhpc.64.openmpi.default/libesmf.so(_ZN5ESMCI6FTable12callVFuncPtrEPKcPNS_2VMEPi+0x4d7)[0x2ba3ec762297]
[r1i6n24:60497] [12] /glade/scratch/theurich/ESMF-Nightly-Testing/nvhpc_21.11_openmpi_O_develop/esmf/DEFAULTINSTALLDIR/lib/libO/Linux.nvhpc.64.openmpi.default/libesmf.so(ESMCI_FTableCallEntryPointVMHop+0x1de)[0x2b0b7eda01de]
[r1i6n24:60496] [13] /glade/scratch/theurich/ESMF-Nightly-Testing/nvhpc_21.11_openmpi_O_develop/esmf/DEFAULTINSTALLDIR/lib/libO/Linux.nvhpc.64.openmpi.default/libesmf.so(ESMCI_FTableCallEntryPointVMHop+0x1de)[0x2b0af6c581de]
[r1i6n24:60499] [13] /glade/scratch/theurich/ESMF-Nightly-Testing/nvhpc_21.11_openmpi_O_develop/esmf/DEFAULTINSTALLDIR/lib/libO/Linux.nvhpc.64.openmpi.default/libesmf.so(ESMCI_FTableCallEntryPointVMHop+0x1de)[0x2ba3ec7601de]
[r1i6n24:60497] [13] /glade/scratch/theurich/ESMF-Nightly-Testing/nvhpc_21.11_openmpi_O_develop/esmf/DEFAULTINSTALLDIR/lib/libO/Linux.nvhpc.64.openmpi.default/libesmf.so(_ZN5ESMCI2VM5enterEPNS_6VMPlanEPvS3_+0x18)[0x2b0af701cd98]
[r1i6n24:60499] [14] /glade/scratch/theurich/ESMF-Nightly-Testing/nvhpc_21.11_openmpi_O_develop/esmf/DEFAULTINSTALLDIR/lib/libO/Linux.nvhpc.64.openmpi.default/libesmf.so(_ZN5ESMCI2VM5enterEPNS_6VMPlanEPvS3_+0x18)[0x2b0b7f164d98]
[r1i6n24:60496] [14] /glade/scratch/theurich/ESMF-Nightly-Testing/nvhpc_21.11_openmpi_O_develop/esmf/DEFAULTINSTALLDIR/lib/libO/Linux.nvhpc.64.openmpi.default/libesmf.so(_ZN5ESMCI2VM5enterEPNS_6VMPlanEPvS3_+0x18)[0x2ba3ecb24d98]
[r1i6n24:60497] [14] /glade/scratch/theurich/ESMF-Nightly-Testing/nvhpc_21.11_openmpi_O_develop/esmf/DEFAULTINSTALLDIR/lib/libO/Linux.nvhpc.64.openmpi.default/libesmf.so(c_esmc_ftablecallentrypointvm_+0x35b)[0x2b0b7eda05db]
[r1i6n24:60496] [15] /glade/scratch/theurich/ESMF-Nightly-Testing/nvhpc_21.11_openmpi_O_develop/esmf/DEFAULTINSTALLDIR/lib/libO/Linux.nvhpc.64.openmpi.default/libesmf.so(c_esmc_ftablecallentrypointvm_+0x35b)[0x2b0af6c585db]
[r1i6n24:60499] [15] /glade/scratch/theurich/ESMF-Nightly-Testing/nvhpc_21.11_openmpi_O_develop/esmf/DEFAULTINSTALLDIR/lib/libO/Linux.nvhpc.64.openmpi.default/libesmf.so(c_esmc_ftablecallentrypointvm_+0x35b)[0x2ba3ec7605db]
[r1i6n24:60497] [15] /glade/scratch/theurich/ESMF-Nightly-Testing/nvhpc_21.11_openmpi_O_develop/esmf/DEFAULTINSTALLDIR/lib/libO/Linux.nvhpc.64.openmpi.default/libesmf.so(esmf_compmod_esmf_compexecute_+0x7e1)[0x2b0af7200321]
[r1i6n24:60499] [16] /glade/scratch/theurich/ESMF-Nightly-Testing/nvhpc_21.11_openmpi_O_develop/esmf/DEFAULTINSTALLDIR/lib/libO/Linux.nvhpc.64.openmpi.default/libesmf.so(esmf_compmod_esmf_compexecute_+0x7e1)[0x2b0b7f348321]
[r1i6n24:60496] [16] /glade/scratch/theurich/ESMF-Nightly-Testing/nvhpc_21.11_openmpi_O_develop/esmf/DEFAULTINSTALLDIR/lib/libO/Linux.nvhpc.64.openmpi.default/libesmf.so(esmf_compmod_esmf_compexecute_+0x7e1)[0x2ba3ecd08321]
[r1i6n24:60497] [16] /glade/scratch/theurich/ESMF-Nightly-Testing/nvhpc_21.11_openmpi_O_develop/esmf/DEFAULTINSTALLDIR/lib/libO/Linux.nvhpc.64.openmpi.default/libesmf.so(esmf_cplcompmod_esmf_cplcompinitialize_+0x159)[0x2b0b7f35b019]
[r1i6n24:60496] [17] /glade/scratch/theurich/ESMF-Nightly-Testing/nvhpc_21.11_openmpi_O_develop/esmf/DEFAULTINSTALLDIR/lib/libO/Linux.nvhpc.64.openmpi.default/libesmf.so(esmf_cplcompmod_esmf_cplcompinitialize_+0x159)[0x2b0af7213019]
[r1i6n24:60499] [17] /glade/scratch/theurich/ESMF-Nightly-Testing/nvhpc_21.11_openmpi_O_develop/esmf/DEFAULTINSTALLDIR/lib/libO/Linux.nvhpc.64.openmpi.default/libesmf.so(esmf_cplcompmod_esmf_cplcompinitialize_+0x159)[0x2ba3ecd1b019]
[r1i6n24:60497] [17] /glade/scratch/theurich/ESMF-Nightly-Testing/nvhpc_21.11_openmpi_O_develop/esmf/DEFAULTINSTALLDIR/lib/libO/Linux.nvhpc.64.openmpi.default/libesmf.so(nuopc_driver_loopconnectorcompss_+0xea9)[0x2b0af780f669]
[r1i6n24:60499] [18] /glade/scratch/theurich/ESMF-Nightly-Testing/nvhpc_21.11_openmpi_O_develop/esmf/DEFAULTINSTALLDIR/lib/libO/Linux.nvhpc.64.openmpi.default/libesmf.so(nuopc_driver_loopconnectorcompss_+0xea9)[0x2b0b7f957669]
[r1i6n24:60496] [18] /glade/scratch/theurich/ESMF-Nightly-Testing/nvhpc_21.11_openmpi_O_develop/esmf/DEFAULTINSTALLDIR/lib/libO/Linux.nvhpc.64.openmpi.default/libesmf.so(nuopc_driver_loopconnectorcompss_+0xea9)[0x2ba3ed317669]
[r1i6n24:60497] [18] /glade/scratch/theurich/ESMF-Nightly-Testing/nvhpc_21.11_openmpi_O_develop/esmf/DEFAULTINSTALLDIR/lib/libO/Linux.nvhpc.64.openmpi.default/libesmf.so(nuopc_driver_initializeipdv02p3_+0x2ee4)[0x2b0b7f94ec64]
[r1i6n24:60496] [19] /glade/scratch/theurich/ESMF-Nightly-Testing/nvhpc_21.11_openmpi_O_develop/esmf/DEFAULTINSTALLDIR/lib/libO/Linux.nvhpc.64.openmpi.default/libesmf.so(nuopc_driver_initializeipdv02p3_+0x2ee4)[0x2b0af7806c64]
[r1i6n24:60499] [19] /glade/scratch/theurich/ESMF-Nightly-Testing/nvhpc_21.11_openmpi_O_develop/esmf/DEFAULTINSTALLDIR/lib/libO/Linux.nvhpc.64.openmpi.default/libesmf.so(nuopc_driver_initializeipdv02p3_+0x2ee4)[0x2ba3ed30ec64]
[r1i6n24:60497] [19] /glade/scratch/theurich/ESMF-Nightly-Testing/nvhpc_21.11_openmpi_O_develop/esmf/DEFAULTINSTALLDIR/lib/libO/Linux.nvhpc.64.openmpi.default/libesmf.so(nuopc_driver_initializegeneric_+0x5f4)[0x2b0af77f5634]
[r1i6n24:60499] [20] /glade/scratch/theurich/ESMF-Nightly-Testing/nvhpc_21.11_openmpi_O_develop/esmf/DEFAULTINSTALLDIR/lib/libO/Linux.nvhpc.64.openmpi.default/libesmf.so(nuopc_driver_initializegeneric_+0x5f4)[0x2b0b7f93d634]
[r1i6n24:60496] [20] /glade/scratch/theurich/ESMF-Nightly-Testing/nvhpc_21.11_openmpi_O_develop/esmf/DEFAULTINSTALLDIR/lib/libO/Linux.nvhpc.64.openmpi.default/libesmf.so(nuopc_driver_initializegeneric_+0x5f4)[0x2ba3ed2fd634]
[r1i6n24:60497] [20] /glade/scratch/theurich/ESMF-Nightly-Testing/nvhpc_21.11_openmpi_O_develop/esmf/DEFAULTINSTALLDIR/lib/libO/Linux.nvhpc.64.openmpi.default/libesmf.so(_ZN5ESMCI6FTable12callVFuncPtrEPKcPNS_2VMEPi+0x4d7)[0x2b0b7eda2297]
[r1i6n24:60496] [21] /glade/scratch/theurich/ESMF-Nightly-Testing/nvhpc_21.11_openmpi_O_develop/esmf/DEFAULTINSTALLDIR/lib/libO/Linux.nvhpc.64.openmpi.default/libesmf.so(_ZN5ESMCI6FTable12callVFuncPtrEPKcPNS_2VMEPi+0x4d7)[0x2b0af6c5a297]
[r1i6n24:60499] [21] /glade/scratch/theurich/ESMF-Nightly-Testing/nvhpc_21.11_openmpi_O_develop/esmf/DEFAULTINSTALLDIR/lib/libO/Linux.nvhpc.64.openmpi.default/libesmf.so(_ZN5ESMCI6FTable12callVFuncPtrEPKcPNS_2VMEPi+0x4d7)[0x2ba3ec762297]
[r1i6n24:60497] [21] /glade/scratch/theurich/ESMF-Nightly-Testing/nvhpc_21.11_openmpi_O_develop/esmf/DEFAULTINSTALLDIR/lib/libO/Linux.nvhpc.64.openmpi.default/libesmf.so(ESMCI_FTableCallEntryPointVMHop+0x1de)[0x2b0af6c581de]
[r1i6n24:60499] [22] /glade/scratch/theurich/ESMF-Nightly-Testing/nvhpc_21.11_openmpi_O_develop/esmf/DEFAULTINSTALLDIR/lib/libO/Linux.nvhpc.64.openmpi.default/libesmf.so(ESMCI_FTableCallEntryPointVMHop+0x1de)[0x2b0b7eda01de]
[r1i6n24:60496] [22] /glade/scratch/theurich/ESMF-Nightly-Testing/nvhpc_21.11_openmpi_O_develop/esmf/DEFAULTINSTALLDIR/lib/libO/Linux.nvhpc.64.openmpi.default/libesmf.so(ESMCI_FTableCallEntryPointVMHop+0x1de)[0x2ba3ec7601de]
[r1i6n24:60497] [22] /glade/scratch/theurich/ESMF-Nightly-Testing/nvhpc_21.11_openmpi_O_develop/esmf/DEFAULTINSTALLDIR/lib/libO/Linux.nvhpc.64.openmpi.default/libesmf.so(_ZN5ESMCI2VM5enterEPNS_6VMPlanEPvS3_+0x18)[0x2b0b7f164d98]
[r1i6n24:60496] [23] /glade/scratch/theurich/ESMF-Nightly-Testing/nvhpc_21.11_openmpi_O_develop/esmf/DEFAULTINSTALLDIR/lib/libO/Linux.nvhpc.64.openmpi.default/libesmf.so(_ZN5ESMCI2VM5enterEPNS_6VMPlanEPvS3_+0x18)[0x2b0af701cd98]
[r1i6n24:60499] [23] /glade/scratch/theurich/ESMF-Nightly-Testing/nvhpc_21.11_openmpi_O_develop/esmf/DEFAULTINSTALLDIR/lib/libO/Linux.nvhpc.64.openmpi.default/libesmf.so(_ZN5ESMCI2VM5enterEPNS_6VMPlanEPvS3_+0x18)[0x2ba3ecb24d98]
[r1i6n24:60497] [23] /glade/scratch/theurich/ESMF-Nightly-Testing/nvhpc_21.11_openmpi_O_develop/esmf/DEFAULTINSTALLDIR/lib/libO/Linux.nvhpc.64.openmpi.default/libesmf.so(c_esmc_ftablecallentrypointvm_+0x35b)[0x2b0af6c585db]
[r1i6n24:60499] [24] /glade/scratch/theurich/ESMF-Nightly-Testing/nvhpc_21.11_openmpi_O_develop/esmf/DEFAULTINSTALLDIR/lib/libO/Linux.nvhpc.64.openmpi.default/libesmf.so(c_esmc_ftablecallentrypointvm_+0x35b)[0x2b0b7eda05db]
[r1i6n24:60496] [24] /glade/scratch/theurich/ESMF-Nightly-Testing/nvhpc_21.11_openmpi_O_develop/esmf/DEFAULTINSTALLDIR/lib/libO/Linux.nvhpc.64.openmpi.default/libesmf.so(c_esmc_ftablecallentrypointvm_+0x35b)[0x2ba3ec7605db]
[r1i6n24:60497] [24] /glade/scratch/theurich/ESMF-Nightly-Testing/nvhpc_21.11_openmpi_O_develop/esmf/DEFAULTINSTALLDIR/lib/libO/Linux.nvhpc.64.openmpi.default/libesmf.so(esmf_compmod_esmf_compexecute_+0x7e1)[0x2b0b7f348321]
[r1i6n24:60496] [25] /glade/scratch/theurich/ESMF-Nightly-Testing/nvhpc_21.11_openmpi_O_develop/esmf/DEFAULTINSTALLDIR/lib/libO/Linux.nvhpc.64.openmpi.default/libesmf.so(esmf_compmod_esmf_compexecute_+0x7e1)[0x2b0af7200321]
[r1i6n24:60499] [25] /glade/scratch/theurich/ESMF-Nightly-Testing/nvhpc_21.11_openmpi_O_develop/esmf/DEFAULTINSTALLDIR/lib/libO/Linux.nvhpc.64.openmpi.default/libesmf.so(esmf_compmod_esmf_compexecute_+0x7e1)[0x2ba3ecd08321]
[r1i6n24:60497] [25] /glade/scratch/theurich/ESMF-Nightly-Testing/nvhpc_21.11_openmpi_O_develop/esmf/DEFAULTINSTALLDIR/lib/libO/Linux.nvhpc.64.openmpi.default/libesmf.so(esmf_gridcompmod_esmf_gridcompinitialize_+0x159)[0x2b0af73d5719]
[r1i6n24:60499] [26] ./esmApp[0x40675f]
[r1i6n24:60499] [27] /glade/scratch/theurich/ESMF-Nightly-Testing/nvhpc_21.11_openmpi_O_develop/esmf/DEFAULTINSTALLDIR/lib/libO/Linux.nvhpc.64.openmpi.default/libesmf.so(esmf_gridcompmod_esmf_gridcompinitialize_+0x159)[0x2b0b7f51d719]
[r1i6n24:60496] [26] ./esmApp[0x40675f]
[r1i6n24:60496] [27] ./esmApp[0x4063b3]
[r1i6n24:60496] [28] /glade/scratch/theurich/ESMF-Nightly-Testing/nvhpc_21.11_openmpi_O_develop/esmf/DEFAULTINSTALLDIR/lib/libO/Linux.nvhpc.64.openmpi.default/libesmf.so(esmf_gridcompmod_esmf_gridcompinitialize_+0x159)[0x2ba3ecedd719]
[r1i6n24:60497] [26] ./esmApp[0x40675f]
[r1i6n24:60497] [27] ./esmApp[0x4063b3]
[r1i6n24:60497] [28] ./esmApp[0x4063b3]
[r1i6n24:60499] [28] /glade/u/apps/ch/os/lib64/libc.so.6(__libc_start_main+0xf5)[0x2b0b844cba35]
[r1i6n24:60496] [29] ./esmApp[0x4062a9]
[r1i6n24:60496] *** End of error message ***
/glade/u/apps/ch/os/lib64/libc.so.6(__libc_start_main+0xf5)[0x2ba3f1e8ba35]
[r1i6n24:60497] [29] ./esmApp[0x4062a9]
[r1i6n24:60497] *** End of error message ***
/glade/u/apps/ch/os/lib64/libc.so.6(__libc_start_main+0xf5)[0x2b0afc383a35]
[r1i6n24:60499] [29] ./esmApp[0x4062a9]
[r1i6n24:60499] *** End of error message ***
--------------------------------------------------------------------------
Primary job  terminated normally, but 1 process returned
a non-zero exit code. Per user-direction, the job has been aborted.
--------------------------------------------------------------------------
--------------------------------------------------------------------------
mpirun noticed that process rank 3 with PID 0 on node r1i6n24 exited on signal 11 (Segmentation fault).
--------------------------------------------------------------------------
