2023-03-20 05:27:13
[r4i3n30:56648:0:56648] Caught signal 11 (Segmentation fault: address not mapped to object at address 0x4f1b591)
[r4i3n30:56649:0:56649] Caught signal 11 (Segmentation fault: address not mapped to object at address 0x4f1b591)
[r4i3n30:56650:0:56650] Caught signal 11 (Segmentation fault: address not mapped to object at address 0x4f1b591)
[r4i3n30:56651:0:56651] Caught signal 11 (Segmentation fault: address not mapped to object at address 0x4f1b591)
==== backtrace (tid:  56650) ====
 0  /glade/u/apps/ch/opt/ucx/1.11.0/lib/libucs.so.0(ucs_handle_error+0xe4) [0x2b0f39f451b4]
 1  /glade/u/apps/ch/opt/ucx/1.11.0/lib/libucs.so.0(+0x2a4dc) [0x2b0f39f454dc]
==== backtrace (tid:  56648) ====
 0  /glade/u/apps/ch/opt/ucx/1.11.0/lib/libucs.so.0(ucs_handle_error+0xe4) [0x2ab61e1491b4]
 1  /glade/u/apps/ch/opt/ucx/1.11.0/lib/libucs.so.0(+0x2a4dc) [0x2ab61e1494dc]
 2  /glade/u/apps/ch/opt/ucx/1.11.0/lib/libucs.so.0(+0x2a74b) [0x2ab61e14974b]
 3  /glade/scratch/theurich/ESMF-Nightly-Testing/nvhpc_21.11_openmpi_O_develop/esmf/DEFAULTINSTALLDIR/lib/libO/Linux.nvhpc.64.openmpi.default/libesmf.so(_ZN5ESMCI6LogErr13MsgFoundErrorEiPKciS2_S2_Pi+0x34) [0x2ab605a910b4]
==== backtrace (tid:  56651) ====
 0  /glade/u/apps/ch/opt/ucx/1.11.0/lib/libucs.so.0(ucs_handle_error+0xe4) [0x2aef617331b4]
 2  /glade/u/apps/ch/opt/ucx/1.11.0/lib/libucs.so.0(+0x2a74b) [0x2b0f39f4574b]
 3  /glade/scratch/theurich/ESMF-Nightly-Testing/nvhpc_21.11_openmpi_O_develop/esmf/DEFAULTINSTALLDIR/lib/libO/Linux.nvhpc.64.openmpi.default/libesmf.so(_ZN5ESMCI6LogErr13MsgFoundErrorEiPKciS2_S2_Pi+0x34) [0x2b0f213640b4]
 4  /glade/scratch/theurich/ESMF-Nightly-Testing/nvhpc_21.11_openmpi_O_develop/esmf/DEFAULTINSTALLDIR/lib/libO/Linux.nvhpc.64.openmpi.default/libesmf.so(c_esmc_meshcreatenodedistgrid_+0x5b) [0x2b0f214a5f9b]
 5  /glade/scratch/theurich/ESMF-Nightly-Testing/nvhpc_21.11_openmpi_O_develop/esmf/DEFAULTINSTALLDIR/lib/libO/Linux.nvhpc.64.openmpi.default/libesmf.so(esmf_meshmod_esmf_meshcreatefrompointer_+0x4c) [0x2b0f21bc25cc]
 6  /glade/scratch/theurich/ESMF-Nightly-Testing/nvhpc_21.11_openmpi_O_develop/esmf/DEFAULTINSTALLDIR/lib/libO/Linux.nvhpc.64.openmpi.default/libesmf.so(esmf_gridutilmod_esmf_gridtomesh_+0x32a) [0x2b0f21aa24ea]
 7  /glade/scratch/theurich/ESMF-Nightly-Testing/nvhpc_21.11_openmpi_O_develop/esmf/DEFAULTINSTALLDIR/lib/libO/Linux.nvhpc.64.openmpi.default/libesmf.so(esmf_fieldregridmod_b_or_p_gridtomesh_+0x155) [0x2b0f219c7155]
 8  /glade/scratch/theurich/ESMF-Nightly-Testing/nvhpc_21.11_openmpi_O_develop/esmf/DEFAULTINSTALLDIR/lib/libO/Linux.nvhpc.64.openmpi.default/libesmf.so(esmf_fieldregridmod_getmeshwithnodesonfieldloc_+0x3b1) [0x2b0f219c44f1]
 4  /glade/scratch/theurich/ESMF-Nightly-Testing/nvhpc_21.11_openmpi_O_develop/esmf/DEFAULTINSTALLDIR/lib/libO/Linux.nvhpc.64.openmpi.default/libesmf.so(c_esmc_meshcreatenodedistgrid_+0x5b) [0x2ab605bd2f9b]
 5  /glade/scratch/theurich/ESMF-Nightly-Testing/nvhpc_21.11_openmpi_O_develop/esmf/DEFAULTINSTALLDIR/lib/libO/Linux.nvhpc.64.openmpi.default/libesmf.so(esmf_meshmod_esmf_meshcreatefrompointer_+0x4c) [0x2ab6062ef5cc]
 6  /glade/scratch/theurich/ESMF-Nightly-Testing/nvhpc_21.11_openmpi_O_develop/esmf/DEFAULTINSTALLDIR/lib/libO/Linux.nvhpc.64.openmpi.default/libesmf.so(esmf_gridutilmod_esmf_gridtomesh_+0x32a) [0x2ab6061cf4ea]
 7  /glade/scratch/theurich/ESMF-Nightly-Testing/nvhpc_21.11_openmpi_O_develop/esmf/DEFAULTINSTALLDIR/lib/libO/Linux.nvhpc.64.openmpi.default/libesmf.so(esmf_fieldregridmod_b_or_p_gridtomesh_+0x155) [0x2ab6060f4155]
 8  /glade/scratch/theurich/ESMF-Nightly-Testing/nvhpc_21.11_openmpi_O_develop/esmf/DEFAULTINSTALLDIR/lib/libO/Linux.nvhpc.64.openmpi.default/libesmf.so(esmf_fieldregridmod_getmeshwithnodesonfieldloc_+0x3b1) [0x2ab6060f14f1]
 9  /glade/scratch/theurich/ESMF-Nightly-Testing/nvhpc_21.11_openmpi_O_develop/esmf/DEFAULTINSTALLDIR/lib/libO/Linux.nvhpc.64.openmpi.default/libesmf.so(esmf_fieldregridmod_esmf_fieldregridstorenx_+0x9fc) [0x2ab6060ef9bc]
10  /glade/scratch/theurich/ESMF-Nightly-Testing/nvhpc_21.11_openmpi_O_develop/esmf/DEFAULTINSTALLDIR/lib/libO/Linux.nvhpc.64.openmpi.default/libesmf.so(esmf_fieldbundlemod_esmf_fieldbundleregridstorepair_+0x1bd6) [0x2ab605fd03d6]
 9  /glade/scratch/theurich/ESMF-Nightly-Testing/nvhpc_21.11_openmpi_O_develop/esmf/DEFAULTINSTALLDIR/lib/libO/Linux.nvhpc.64.openmpi.default/libesmf.so(esmf_fieldregridmod_esmf_fieldregridstorenx_+0x9fc) [0x2b0f219c29bc]
10  /glade/scratch/theurich/ESMF-Nightly-Testing/nvhpc_21.11_openmpi_O_develop/esmf/DEFAULTINSTALLDIR/lib/libO/Linux.nvhpc.64.openmpi.default/libesmf.so(esmf_fieldbundlemod_esmf_fieldbundleregridstorepair_+0x1bd6) [0x2b0f218a33d6]
11  /glade/scratch/theurich/ESMF-Nightly-Testing/nvhpc_21.11_openmpi_O_develop/esmf/DEFAULTINSTALLDIR/lib/libO/Linux.nvhpc.64.openmpi.default/libesmf.so(esmf_fieldbundlemod_esmf_fieldbundleregridstore_+0x1367) [0x2b0f218a1427]
12  ./esmApp() [0x40ad88]
13  /glade/scratch/theurich/ESMF-Nightly-Testing/nvhpc_21.11_openmpi_O_develop/esmf/DEFAULTINSTALLDIR/lib/libO/Linux.nvhpc.64.openmpi.default/libesmf.so(_ZN5ESMCI11MethodTable7executeESsPvPiPb+0x215) [0x2b0f2153ff95]
14  /glade/scratch/theurich/ESMF-Nightly-Testing/nvhpc_21.11_openmpi_O_develop/esmf/DEFAULTINSTALLDIR/lib/libO/Linux.nvhpc.64.openmpi.default/libesmf.so(c_esmc_methodtableexecuteef_+0x20c) [0x2b0f2153d0cc]
15  /glade/scratch/theurich/ESMF-Nightly-Testing/nvhpc_21.11_openmpi_O_develop/esmf/DEFAULTINSTALLDIR/lib/libO/Linux.nvhpc.64.openmpi.default/libesmf.so(esmf_attachmethodsmod_esmf_methodcplcompexecute_+0xcc) [0x2b0f217149cc]
16  /glade/scratch/theurich/ESMF-Nightly-Testing/nvhpc_21.11_openmpi_O_develop/esmf/DEFAULTINSTALLDIR/lib/libO/Linux.nvhpc.64.openmpi.default/libesmf.so(nuopc_connector_initializeipdv05p6b_+0x4a5c) [0x2b0f21e0e11c]
17  /glade/scratch/theurich/ESMF-Nightly-Testing/nvhpc_21.11_openmpi_O_develop/esmf/DEFAULTINSTALLDIR/lib/libO/Linux.nvhpc.64.openmpi.default/libesmf.so(_ZN5ESMCI6FTable12callVFuncPtrEPKcPNS_2VMEPi+0x4d7) [0x2b0f2128e297]
18  /glade/scratch/theurich/ESMF-Nightly-Testing/nvhpc_21.11_openmpi_O_develop/esmf/DEFAULTINSTALLDIR/lib/libO/Linux.nvhpc.64.openmpi.default/libesmf.so(ESMCI_FTableCallEntryPointVMHop+0x1de) [0x2b0f2128c1de]
19  /glade/scratch/theurich/ESMF-Nightly-Testing/nvhpc_21.11_openmpi_O_develop/esmf/DEFAULTINSTALLDIR/lib/libO/Linux.nvhpc.64.openmpi.default/libesmf.so(_ZN5ESMCI2VM5enterEPNS_6VMPlanEPvS3_+0x18) [0x2b0f21650d98]
20  /glade/scratch/theurich/ESMF-Nightly-Testing/nvhpc_21.11_openmpi_O_develop/esmf/DEFAULTINSTALLDIR/lib/libO/Linux.nvhpc.64.openmpi.default/libesmf.so(c_esmc_ftablecallentrypointvm_+0x35b) [0x2b0f2128c5db]
21  /glade/scratch/theurich/ESMF-Nightly-Testing/nvhpc_21.11_openmpi_O_develop/esmf/DEFAULTINSTALLDIR/lib/libO/Linux.nvhpc.64.openmpi.default/libesmf.so(esmf_compmod_esmf_compexecute_+0x7e1) [0x2b0f21834321]
22  /glade/scratch/theurich/ESMF-Nightly-Testing/nvhpc_21.11_openmpi_O_develop/esmf/DEFAULTINSTALLDIR/lib/libO/Linux.nvhpc.64.openmpi.default/libesmf.so(esmf_cplcompmod_esmf_cplcompinitialize_+0x159) [0x2b0f21847019]
23  /glade/scratch/theurich/ESMF-Nightly-Testing/nvhpc_21.11_openmpi_O_develop/esmf/DEFAULTINSTALLDIR/lib/libO/Linux.nvhpc.64.openmpi.default/libesmf.so(nuopc_driver_loopconnectorcompss_+0xea9) [0x2b0f21e43669]
24  /glade/scratch/theurich/ESMF-Nightly-Testing/nvhpc_21.11_openmpi_O_develop/esmf/DEFAULTINSTALLDIR/lib/libO/Linux.nvhpc.64.openmpi.default/libesmf.so(nuopc_driver_initializeipdv02p3_+0x2ee4) [0x2b0f21e3ac64]
25  /glade/scratch/theurich/ESMF-Nightly-Testing/nvhpc_21.11_openmpi_O_develop/esmf/DEFAULTINSTALLDIR/lib/libO/Linux.nvhpc.64.openmpi.default/libesmf.so(nuopc_driver_initializegeneric_+0x5f4) [0x2b0f21e29634]
26  /glade/scratch/theurich/ESMF-Nightly-Testing/nvhpc_21.11_openmpi_O_develop/esmf/DEFAULTINSTALLDIR/lib/libO/Linux.nvhpc.64.openmpi.default/libesmf.so(_ZN5ESMCI6FTable12callVFuncPtrEPKcPNS_2VMEPi+0x4d7) [0x2b0f2128e297]
27  /glade/scratch/theurich/ESMF-Nightly-Testing/nvhpc_21.11_openmpi_O_develop/esmf/DEFAULTINSTALLDIR/lib/libO/Linux.nvhpc.64.openmpi.default/libesmf.so(ESMCI_FTableCallEntryPointVMHop+0x1de) [0x2b0f2128c1de]
 1  /glade/u/apps/ch/opt/ucx/1.11.0/lib/libucs.so.0(+0x2a4dc) [0x2aef617334dc]
 2  /glade/u/apps/ch/opt/ucx/1.11.0/lib/libucs.so.0(+0x2a74b) [0x2aef6173374b]
 3  /glade/scratch/theurich/ESMF-Nightly-Testing/nvhpc_21.11_openmpi_O_develop/esmf/DEFAULTINSTALLDIR/lib/libO/Linux.nvhpc.64.openmpi.default/libesmf.so(_ZN5ESMCI6LogErr13MsgFoundErrorEiPKciS2_S2_Pi+0x34) [0x2aef48dcc0b4]
 4  /glade/scratch/theurich/ESMF-Nightly-Testing/nvhpc_21.11_openmpi_O_develop/esmf/DEFAULTINSTALLDIR/lib/libO/Linux.nvhpc.64.openmpi.default/libesmf.so(c_esmc_meshcreatenodedistgrid_+0x5b) [0x2aef48f0df9b]
 5  /glade/scratch/theurich/ESMF-Nightly-Testing/nvhpc_21.11_openmpi_O_develop/esmf/DEFAULTINSTALLDIR/lib/libO/Linux.nvhpc.64.openmpi.default/libesmf.so(esmf_meshmod_esmf_meshcreatefrompointer_+0x4c) [0x2aef4962a5cc]
 6  /glade/scratch/theurich/ESMF-Nightly-Testing/nvhpc_21.11_openmpi_O_develop/esmf/DEFAULTINSTALLDIR/lib/libO/Linux.nvhpc.64.openmpi.default/libesmf.so(esmf_gridutilmod_esmf_gridtomesh_+0x32a) [0x2aef4950a4ea]
 7  /glade/scratch/theurich/ESMF-Nightly-Testing/nvhpc_21.11_openmpi_O_develop/esmf/DEFAULTINSTALLDIR/lib/libO/Linux.nvhpc.64.openmpi.default/libesmf.so(esmf_fieldregridmod_b_or_p_gridtomesh_+0x155) [0x2aef4942f155]
 8  /glade/scratch/theurich/ESMF-Nightly-Testing/nvhpc_21.11_openmpi_O_develop/esmf/DEFAULTINSTALLDIR/lib/libO/Linux.nvhpc.64.openmpi.default/libesmf.so(esmf_fieldregridmod_getmeshwithnodesonfieldloc_+0x3b1) [0x2aef4942c4f1]
 9  /glade/scratch/theurich/ESMF-Nightly-Testing/nvhpc_21.11_openmpi_O_develop/esmf/DEFAULTINSTALLDIR/lib/libO/Linux.nvhpc.64.openmpi.default/libesmf.so(esmf_fieldregridmod_esmf_fieldregridstorenx_+0x9fc) [0x2aef4942a9bc]
10  /glade/scratch/theurich/ESMF-Nightly-Testing/nvhpc_21.11_openmpi_O_develop/esmf/DEFAULTINSTALLDIR/lib/libO/Linux.nvhpc.64.openmpi.default/libesmf.so(esmf_fieldbundlemod_esmf_fieldbundleregridstorepair_+0x1bd6) [0x2aef4930b3d6]
11  /glade/scratch/theurich/ESMF-Nightly-Testing/nvhpc_21.11_openmpi_O_develop/esmf/DEFAULTINSTALLDIR/lib/libO/Linux.nvhpc.64.openmpi.default/libesmf.so(esmf_fieldbundlemod_esmf_fieldbundleregridstore_+0x1367) [0x2aef49309427]
12  ./esmApp() [0x40ad88]
13  /glade/scratch/theurich/ESMF-Nightly-Testing/nvhpc_21.11_openmpi_O_develop/esmf/DEFAULTINSTALLDIR/lib/libO/Linux.nvhpc.64.openmpi.default/libesmf.so(_ZN5ESMCI11MethodTable7executeESsPvPiPb+0x215) [0x2aef48fa7f95]
14  /glade/scratch/theurich/ESMF-Nightly-Testing/nvhpc_21.11_openmpi_O_develop/esmf/DEFAULTINSTALLDIR/lib/libO/Linux.nvhpc.64.openmpi.default/libesmf.so(c_esmc_methodtableexecuteef_+0x20c) [0x2aef48fa50cc]
15  /glade/scratch/theurich/ESMF-Nightly-Testing/nvhpc_21.11_openmpi_O_develop/esmf/DEFAULTINSTALLDIR/lib/libO/Linux.nvhpc.64.openmpi.default/libesmf.so(esmf_attachmethodsmod_esmf_methodcplcompexecute_+0xcc) [0x2aef4917c9cc]
16  /glade/scratch/theurich/ESMF-Nightly-Testing/nvhpc_21.11_openmpi_O_develop/esmf/DEFAULTINSTALLDIR/lib/libO/Linux.nvhpc.64.openmpi.default/libesmf.so(nuopc_connector_initializeipdv05p6b_+0x4a5c) [0x2aef4987611c]
17  /glade/scratch/theurich/ESMF-Nightly-Testing/nvhpc_21.11_openmpi_O_develop/esmf/DEFAULTINSTALLDIR/lib/libO/Linux.nvhpc.64.openmpi.default/libesmf.so(_ZN5ESMCI6FTable12callVFuncPtrEPKcPNS_2VMEPi+0x4d7) [0x2aef48cf6297]
18  /glade/scratch/theurich/ESMF-Nightly-Testing/nvhpc_21.11_openmpi_O_develop/esmf/DEFAULTINSTALLDIR/lib/libO/Linux.nvhpc.64.openmpi.default/libesmf.so(ESMCI_FTableCallEntryPointVMHop+0x1de) [0x2aef48cf41de]
19  /glade/scratch/theurich/ESMF-Nightly-Testing/nvhpc_21.11_openmpi_O_develop/esmf/DEFAULTINSTALLDIR/lib/libO/Linux.nvhpc.64.openmpi.default/libesmf.so(_ZN5ESMCI2VM5enterEPNS_6VMPlanEPvS3_+0x18) [0x2aef490b8d98]
20  /glade/scratch/theurich/ESMF-Nightly-Testing/nvhpc_21.11_openmpi_O_develop/esmf/DEFAULTINSTALLDIR/lib/libO/Linux.nvhpc.64.openmpi.default/libesmf.so(c_esmc_ftablecallentrypointvm_+0x35b) [0x2aef48cf45db]
21  /glade/scratch/theurich/ESMF-Nightly-Testing/nvhpc_21.11_openmpi_O_develop/esmf/DEFAULTINSTALLDIR/lib/libO/Linux.nvhpc.64.openmpi.default/libesmf.so(esmf_compmod_esmf_compexecute_+0x7e1) [0x2aef4929c321]
==== backtrace (tid:  56649) ====
 0  /glade/u/apps/ch/opt/ucx/1.11.0/lib/libucs.so.0(ucs_handle_error+0xe4) [0x2b077e5521b4]
 1  /glade/u/apps/ch/opt/ucx/1.11.0/lib/libucs.so.0(+0x2a4dc) [0x2b077e5524dc]
 2  /glade/u/apps/ch/opt/ucx/1.11.0/lib/libucs.so.0(+0x2a74b) [0x2b077e55274b]
 3  /glade/scratch/theurich/ESMF-Nightly-Testing/nvhpc_21.11_openmpi_O_develop/esmf/DEFAULTINSTALLDIR/lib/libO/Linux.nvhpc.64.openmpi.default/libesmf.so(_ZN5ESMCI6LogErr13MsgFoundErrorEiPKciS2_S2_Pi+0x34) [0x2b0765b4b0b4]
 4  /glade/scratch/theurich/ESMF-Nightly-Testing/nvhpc_21.11_openmpi_O_develop/esmf/DEFAULTINSTALLDIR/lib/libO/Linux.nvhpc.64.openmpi.default/libesmf.so(c_esmc_meshcreatenodedistgrid_+0x5b) [0x2b0765c8cf9b]
 5  /glade/scratch/theurich/ESMF-Nightly-Testing/nvhpc_21.11_openmpi_O_develop/esmf/DEFAULTINSTALLDIR/lib/libO/Linux.nvhpc.64.openmpi.default/libesmf.so(esmf_meshmod_esmf_meshcreatefrompointer_+0x4c) [0x2b07663a95cc]
 6  /glade/scratch/theurich/ESMF-Nightly-Testing/nvhpc_21.11_openmpi_O_develop/esmf/DEFAULTINSTALLDIR/lib/libO/Linux.nvhpc.64.openmpi.default/libesmf.so(esmf_gridutilmod_esmf_gridtomesh_+0x32a) [0x2b07662894ea]
 7  /glade/scratch/theurich/ESMF-Nightly-Testing/nvhpc_21.11_openmpi_O_develop/esmf/DEFAULTINSTALLDIR/lib/libO/Linux.nvhpc.64.openmpi.default/libesmf.so(esmf_fieldregridmod_b_or_p_gridtomesh_+0x155) [0x2b07661ae155]
 8  /glade/scratch/theurich/ESMF-Nightly-Testing/nvhpc_21.11_openmpi_O_develop/esmf/DEFAULTINSTALLDIR/lib/libO/Linux.nvhpc.64.openmpi.default/libesmf.so(esmf_fieldregridmod_getmeshwithnodesonfieldloc_+0x3b1) [0x2b07661ab4f1]
 9  /glade/scratch/theurich/ESMF-Nightly-Testing/nvhpc_21.11_openmpi_O_develop/esmf/DEFAULTINSTALLDIR/lib/libO/Linux.nvhpc.64.openmpi.default/libesmf.so(esmf_fieldregridmod_esmf_fieldregridstorenx_+0x9fc) [0x2b07661a99bc]
10  /glade/scratch/theurich/ESMF-Nightly-Testing/nvhpc_21.11_openmpi_O_develop/esmf/DEFAULTINSTALLDIR/lib/libO/Linux.nvhpc.64.openmpi.default/libesmf.so(esmf_fieldbundlemod_esmf_fieldbundleregridstorepair_+0x1bd6) [0x2b076608a3d6]
11  /glade/scratch/theurich/ESMF-Nightly-Testing/nvhpc_21.11_openmpi_O_develop/esmf/DEFAULTINSTALLDIR/lib/libO/Linux.nvhpc.64.openmpi.default/libesmf.so(esmf_fieldbundlemod_esmf_fieldbundleregridstore_+0x1367) [0x2b0766088427]
12  ./esmApp() [0x40ad88]
13  /glade/scratch/theurich/ESMF-Nightly-Testing/nvhpc_21.11_openmpi_O_develop/esmf/DEFAULTINSTALLDIR/lib/libO/Linux.nvhpc.64.openmpi.default/libesmf.so(_ZN5ESMCI11MethodTable7executeESsPvPiPb+0x215) [0x2b0765d26f95]
14  /glade/scratch/theurich/ESMF-Nightly-Testing/nvhpc_21.11_openmpi_O_develop/esmf/DEFAULTINSTALLDIR/lib/libO/Linux.nvhpc.64.openmpi.default/libesmf.so(c_esmc_methodtableexecuteef_+0x20c) [0x2b0765d240cc]
15  /glade/scratch/theurich/ESMF-Nightly-Testing/nvhpc_21.11_openmpi_O_develop/esmf/DEFAULTINSTALLDIR/lib/libO/Linux.nvhpc.64.openmpi.default/libesmf.so(esmf_attachmethodsmod_esmf_methodcplcompexecute_+0xcc) [0x2b0765efb9cc]
16  /glade/scratch/theurich/ESMF-Nightly-Testing/nvhpc_21.11_openmpi_O_develop/esmf/DEFAULTINSTALLDIR/lib/libO/Linux.nvhpc.64.openmpi.default/libesmf.so(nuopc_connector_initializeipdv05p6b_+0x4a5c) [0x2b07665f511c]
17  /glade/scratch/theurich/ESMF-Nightly-Testing/nvhpc_21.11_openmpi_O_develop/esmf/DEFAULTINSTALLDIR/lib/libO/Linux.nvhpc.64.openmpi.default/libesmf.so(_ZN5ESMCI6FTable12callVFuncPtrEPKcPNS_2VMEPi+0x4d7) [0x2b0765a75297]
18  /glade/scratch/theurich/ESMF-Nightly-Testing/nvhpc_21.11_openmpi_O_develop/esmf/DEFAULTINSTALLDIR/lib/libO/Linux.nvhpc.64.openmpi.default/libesmf.so(ESMCI_FTableCallEntryPointVMHop+0x1de) [0x2b0765a731de]
19  /glade/scratch/theurich/ESMF-Nightly-Testing/nvhpc_21.11_openmpi_O_develop/esmf/DEFAULTINSTALLDIR/lib/libO/Linux.nvhpc.64.openmpi.default/libesmf.so(_ZN5ESMCI2VM5enterEPNS_6VMPlanEPvS3_+0x18) [0x2b0765e37d98]
20  /glade/scratch/theurich/ESMF-Nightly-Testing/nvhpc_21.11_openmpi_O_develop/esmf/DEFAULTINSTALLDIR/lib/libO/Linux.nvhpc.64.openmpi.default/libesmf.so(c_esmc_ftablecallentrypointvm_+0x35b) [0x2b0765a735db]
21  /glade/scratch/theurich/ESMF-Nightly-Testing/nvhpc_21.11_openmpi_O_develop/esmf/DEFAULTIN11  /glade/scratch/theurich/ESMF-Nightly-Testing/nvhpc_21.11_openmpi_O_develop/esmf/DEFAULTINSTALLDIR/lib/libO/Linux.nvhpc.64.openmpi.default/libesmf.so(esmf_fieldbundlemod_esmf_fieldbundleregridstore_+0x1367) [0x2ab605fce427]
12  ./esmApp() [0x40ad88]
13  /glade/scratch/theurich/ESMF-Nightly-Testing/nvhpc_21.11_openmpi_O_develop/esmf/DEFAULTINSTALLDIR/lib/libO/Linux.nvhpc.64.openmpi.default/libesmf.so(_ZN5ESMCI11MethodTable7executeESsPvPiPb+0x215) [0x2ab605c6cf95]
14  /glade/scratch/theurich/ESMF-Nightly-Testing/nvhpc_21.11_openmpi_O_develop/esmf/DEFAULTINSTALLDIR/lib/libO/Linux.nvhpc.64.openmpi.default/libesmf.so(c_esmc_methodtableexecuteef_+0x20c) [0x2ab605c6a0cc]
15  /glade/scratch/theurich/ESMF-Nightly-Testing/nvhpc_21.11_openmpi_O_develop/esmf/DEFAULTINSTALLDIR/lib/libO/Linux.nvhpc.64.openmpi.default/libesmf.so(esmf_attachmethodsmod_esmf_methodcplcompexecute_+0xcc) [0x2ab605e419cc]
16  /glade/scratch/theurich/ESMF-Nightly-Testing/nvhpc_21.11_openmpi_O_develop/esmf/DEFAULTINSTALLDIR/lib/libO/Linux.nvhpc.64.openmpi.default/libesmf.so(nuopc_connector_initializeipdv05p6b_+0x4a5c) [0x2ab60653b11c]
17  /glade/scratch/theurich/ESMF-Nightly-Testing/nvhpc_21.11_openmpi_O_develop/esmf/DEFAULTINSTALLDIR/lib/libO/Linux.nvhpc.64.openmpi.default/libesmf.so(_ZN5ESMCI6FTable12callVFuncPtrEPKcPNS_2VMEPi+0x4d7) [0x2ab6059bb297]
18  /glade/scratch/theurich/ESMF-Nightly-Testing/nvhpc_21.11_openmpi_O_develop/esmf/DEFAULTINSTALLDIR/lib/libO/Linux.nvhpc.64.openmpi.default/libesmf.so(ESMCI_FTableCallEntryPointVMHop+0x1de) [0x2ab6059b91de]
19  /glade/scratch/theurich/ESMF-Nightly-Testing/nvhpc_21.11_openmpi_O_develop/esmf/DEFAULTINSTALLDIR/lib/libO/Linux.nvhpc.64.openmpi.default/libesmf.so(_ZN5ESMCI2VM5enterEPNS_6VMPlanEPvS3_+0x18) [0x2ab605d7dd98]
20  /glade/scratch/theurich/ESMF-Nightly-Testing/nvhpc_21.11_openmpi_O_develop/esmf/DEFAULTINSTALLDIR/lib/libO/Linux.nvhpc.64.openmpi.default/libesmf.so(c_esmc_ftablecallentrypointvm_+0x35b) [0x2ab6059b95db]
21  /glade/scratch/theurich/ESMF-Nightly-Testing/nvhpc_21.11_openmpi_O_develop/esmf/DEFAULTINSTALLDIR/lib/libO/Linux.nvhpc.64.openmpi.default/libesmf.so(esmf_compmod_esmf_compexecute_+0x7e1) [0x2ab605f61321]
22  /glade/scratch/theurich/ESMF-Nightly-Testing/nvhpc_21.11_openmpi_O_develop/esmf/DEFAULTINSTALLDIR/lib/libO/Linux.nvhpc.64.openmpi.default/libesmf.so(esmf_cplcompmod_esmf_cplcompinitialize_+0x159) [0x2ab605f74019]
23  /glade/scratch/theurich/ESMF-Nightly-Testing/nvhpc_21.11_openmpi_O_develop/esmf/DEFAULTINSTALLDIR/lib/libO/Linux.nvhpc.64.openmpi.default/libesmf.so(nuopc_driver_loopconnectorcompss_+0xea9) [0x2ab606570669]
24  /glade/scratch/theurich/ESMF-Nightly-Testing/nvhpc_21.11_openmpi_O_develop/esmf/DEFAULTINSTALLDIR/lib/libO/Linux.nvhpc.64.openmpi.default/libesmf.so(nuopc_driver_initializeipdv02p3_+0x2ee4) [0x2ab606567c64]
25  /glade/scratch/theurich/ESMF-Nightly-Testing/nvhpc_21.11_openmpi_O_develop/esmf/DEFAULTINSTALLDIR/lib/libO/Linux.nvhpc.64.openmpi.default/libesmf.so(nuopc_driver_initializegeneric_+0x5f4) [0x2ab606556634]
26  /glade/scratch/theurich/ESMF-Nightly-Testing/nvhpc_21.11_openmpi_O_develop/esmf/DEFAULTINSTALLDIR/lib/libO/Linux.nvhpc.64.openmpi.default/libesmf.so(_ZN5ESMCI6FTable12callVFuncPtrEPKcPNS_2VMEPi+0x4d7) [0x2ab6059bb297]
27  /glade/scratch/theurich/ESMF-Nightly-Testing/nvhpc_21.11_openmpi_O_develop/esmf/DEFAULTINSTALLDIR/lib/libO/Linux.nvhpc.64.openmpi.default/libesmf.so(ESMCI_FTableCallEntryPointVMHop+0x1de) [0x2ab6059b91de]
28  /glade/scratch/theurich/ESMF-Nightly-Testing/nvhpc_21.11_openmpi_O_develop/esmf/DEFAULTINSTALLDIR/lib/libO/Linux.nvhpc.64.openmpi.default/libesmf.so(_ZN5ESMCI2VM5enterEPNS_6VMPlanEPvS3_+0x18) [0x2ab605d7dd98]
29  /glade/scratch/theurich/ESMF-Nightly-Testing/nvhpc_21.11_openmpi_O_develop/esmf/DEFAULTINSTALLDIR/lib/libO/Linux.nvhpc.64.openmpi.default/libesmf.so(c_esmc_ftablecallentrypointvm_+0x35b) [0x2ab6059b95db]
30  /glade/scratch/theurich/ESMF-Nightly-Testing/nvhpc_21.11_openmpi_O_develop/esmf/DEFAULTINSTALLDIR/lib/libO/Linux.nvhpc.64.openmpi.default/libesmf.so(esmf_compmod_esmf_compexecute_+0x7e1) [0x2ab605f61321]
31  /glade/sSTALLDIR/lib/libO/Linux.nvhpc.64.openmpi.default/libesmf.so(esmf_compmod_esmf_compexecute_+0x7e1) [0x2b076601b321]
22  /glade/scratch/theurich/ESMF-Nightly-Testing/nvhpc_21.11_openmpi_O_develop/esmf/DEFAULTINSTALLDIR/lib/libO/Linux.nvhpc.64.openmpi.default/libesmf.so(esmf_cplcompmod_esmf_cplcompinitialize_+0x159) [0x2b076602e019]
23  /glade/scratch/theurich/ESMF-Nightly-Testing/nvhpc_21.11_openmpi_O_develop/esmf/DEFAULTINSTALLDIR/lib/libO/Linux.nvhpc.64.openmpi.default/libesmf.so(nuopc_driver_loopconnectorcompss_+0xea9) [0x2b076662a669]
24  /glade/scratch/theurich/ESMF-Nightly-Testing/nvhpc_21.11_openmpi_O_develop/esmf/DEFAULTINSTALLDIR/lib/libO/Linux.nvhpc.64.openmpi.default/libesmf.so(nuopc_driver_initializeipdv02p3_+0x2ee4) [0x2b0766621c64]
25  /glade/scratch/theurich/ESMF-Nightly-Testing/nvhpc_21.11_openmpi_O_develop/esmf/DEFAULTINSTALLDIR/lib/libO/Linux.nvhpc.64.openmpi.default/libesmf.so(nuopc_driver_initializegeneric_+0x5f4) [0x2b0766610634]
26  /glade/scratch/theurich/ESMF-Nightly-Testing/nvhpc_21.11_openmpi_O_develop/esmf/DEFAULTINSTALLDIR/lib/libO/Linux.nvhpc.64.openmpi.default/libesmf.so(_ZN5ESMCI6FTable12callVFuncPtrEPKcPNS_2VMEPi+0x4d7) [0x2b0765a75297]
27  /glade/scratch/theurich/ESMF-Nightly-Testing/nvhpc_21.11_openmpi_O_develop/esmf/DEFAULTINSTALLDIR/lib/libO/Linux.nvhpc.64.openmpi.default/libesmf.so(ESMCI_FTableCallEntryPointVMHop+0x1de) [0x2b0765a731de]
28  /glade/scratch/theurich/ESMF-Nightly-Testing/nvhpc_21.11_openmpi_O_develop/esmf/DEFAULTINSTALLDIR/lib/libO/Linux.nvhpc.64.openmpi.default/libesmf.so(_ZN5ESMCI2VM5enterEPNS_6VMPlanEPvS3_+0x18) [0x2b0765e37d98]
29  /glade/scratch/theurich/ESMF-Nightly-Testing/nvhpc_21.11_openmpi_O_develop/esmf/DEFAULTINSTALLDIR/lib/libO/Linux.nvhpc.64.openmpi.default/libesmf.so(c_esmc_ftablecallentrypointvm_+0x35b) [0x2b0765a735db]
30  /glade/scratch/theurich/ESMF-Nightly-Testing/nvhpc_21.11_openmpi_O_develop/esmf/DEFAULTINSTALLDIR/lib/libO/Linux.nvhpc.64.openmpi.default/libesmf.so(esmf_compmod_esmf_compexecute_+0x7e1) [0x2b076601b321]
31  /glade/scratch/theurich/ESMF-Nightly-Testing/nvhpc_21.11_openmpi_O_develop/esmf/DEFAULTINSTALLDIR/lib/libO/Linux.nvhpc.64.openmpi.default/libesmf.so(esmf_gridcompmod_esmf_gridcompinitialize_+0x159) [0x2b07661f0719]
32  ./esmApp() [0x406a9a]
33  ./esmApp() [0x4066f3]
34  /glade/u/apps/ch/os/lib64/libc.so.6(__libc_start_main+0xf5) [0x2b076b19ea35]
35  ./esmApp() [0x4065e9]
=================================
[r4i3n30:56649] *** Process received signal ***
[r4i3n30:56649] Signal: Segmentation fault (11)
[r4i3n30:56649] Signal code:  (-6)
[r4i3n30:56649] Failing at address: 0xb510000dd49
[r4i3n30:56649] [ 0] /glade/u/apps/ch/os/lib64/libpthread.so.0(+0x11c00)[0x2b076a8cdc00]
[r4i3n30:56649] [ 1] /glade/scratch/theurich/ESMF-Nightly-Testing/nvhpc_21.11_openmpi_O_develop/esmf/DEFAULTINSTALLDIR/lib/libO/Linux.nvhpc.64.openmpi.default/libesmf.so(_ZN5ESMCI6LogErr13MsgFoundErrorEiPKciS2_S2_Pi+0x34)[0x2b0765b4b0b4]
[r4i3n30:56649] [ 2] /glade/scratch/theurich/ESMF-Nightly-Testing/nvhpc_21.11_openmpi_O_develop/esmf/DEFAULTINSTALLDIR/lib/libO/Linux.nvhpc.64.openmpi.default/libesmf.so(c_esmc_meshcreatenodedistgrid_+0x5b)[0x2b0765c8cf9b]
[r4i3n30:56649] [ 3] /glade/scratch/theurich/ESMF-Nightly-Testing/nvhpc_21.11_openmpi_O_develop/esmf/DEFAULTINSTALLDIR/lib/libO/Linux.nvhpc.64.openmpi.default/libesmf.so(esmf_meshmod_esmf_meshcreatefrompointer_+0x4c)[0x2b07663a95cc]
[r4i3n30:56649] [ 4] /glade/scratch/theurich/ESMF-Nightly-Testing/nvhpc_21.11_openmpi_O_develop/esmf/DEFAULTINSTALLDIR/lib/libO/Linux.nvhpc.64.openmpi.default/libesmf.so(esmf_gridutilmod_esmf_gridtomesh_+0x32a)[0x2b07662894ea]
[r4i3n30:56649] [ 5] /glade/scratch/theurich/ESMF-Nightly-Testing/nvhpc_21.11_openmpi_O_develop/esmf/DEFAULTINSTALLDIR/lib/libO/Linux.nvhpc.64.openmpi.default/libesmf.so(esmf_fieldregridmod_b_or_p_gridtomesh_+0x155)[0x2b07661ae155]
[r4i3n30:56649] [ 6] 28  /glade/scratch/theurich/ESMF-Nightly-Testing/nvhpc_21.11_openmpi_O_develop/esmf/DEFAULTINSTALLDIR/lib/libO/Linux.nvhpc.64.openmpi.default/libesmf.so(_ZN5ESMCI2VM5enterEPNS_6VMPlanEPvS3_+0x18) [0x2b0f21650d98]
29  /glade/scratch/theurich/ESMF-Nightly-Testing/nvhpc_21.11_openmpi_O_develop/esmf/DEFAULTINSTALLDIR/lib/libO/Linux.nvhpc.64.openmpi.default/libesmf.so(c_esmc_ftablecallentrypointvm_+0x35b) [0x2b0f2128c5db]
30  /glade/scratch/theurich/ESMF-Nightly-Testing/nvhpc_21.11_openmpi_O_develop/esmf/DEFAULTINSTALLDIR/lib/libO/Linux.nvhpc.64.openmpi.default/libesmf.so(esmf_compmod_esmf_compexecute_+0x7e1) [0x2b0f21834321]
31  /glade/scratch/theurich/ESMF-Nightly-Testing/nvhpc_21.11_openmpi_O_develop/esmf/DEFAULTINSTALLDIR/lib/libO/Linux.nvhpc.64.openmpi.default/libesmf.so(esmf_gridcompmod_esmf_gridcompinitialize_+0x159) [0x2b0f21a09719]
32  ./esmApp() [0x406a9a]
33  ./esmApp() [0x4066f3]
34  /glade/u/apps/ch/os/lib64/libc.so.6(__libc_start_main+0xf5) [0x2b0f269b7a35]
35  ./esmApp() [0x4065e9]
=================================
[r4i3n30:56650] *** Process received signal ***
[r4i3n30:56650] Signal: Segmentation fault (11)
[r4i3n30:56650] Signal code:  (-6)
[r4i3n30:56650] Failing at address: 0xb510000dd4a
[r4i3n30:56650] [ 0] /glade/u/apps/ch/os/lib64/libpthread.so.0(+0x11c00)[0x2b0f260e6c00]
[r4i3n30:56650] [ 1] /glade/scratch/theurich/ESMF-Nightly-Testing/nvhpc_21.11_openmpi_O_develop/esmf/DEFAULTINSTALLDIR/lib/libO/Linux.nvhpc.64.openmpi.default/libesmf.so(_ZN5ESMCI6LogErr13MsgFoundErrorEiPKciS2_S2_Pi+0x34)[0x2b0f213640b4]
[r4i3n30:56650] [ 2] /glade/scratch/theurich/ESMF-Nightly-Testing/nvhpc_21.11_openmpi_O_develop/esmf/DEFAULTINSTALLDIR/lib/libO/Linux.nvhpc.64.openmpi.default/libesmf.so(c_esmc_meshcreatenodedistgrid_+0x5b)[0x2b0f214a5f9b]
[r4i3n30:56650] [ 3] /glade/scratch/theurich/ESMF-Nightly-Testing/nvhpc_21.11_openmpi_O_develop/esmf/DEFAULTINSTALLDIR/lib/libO/Linux.nvhpc.64.openmpi.default/libesmf.so(esmf_meshmod_esmf_meshcreatefrompointer_+0x4c)[0x2b0f21bc25cc]
[r4i3n30:56650] [ 4] /glade/scratch/theurich/ESMF-Nightly-Testing/nvhpc_21.11_openmpi_O_develop/esmf/DEFAULTINSTALLDIR/lib/libO/Linux.nvhpc.64.openmpi.default/libesmf.so(esmf_gridutilmod_esmf_gridtomesh_+0x32a)[0x2b0f21aa24ea]
[r4i3n30:56650] [ 5] /glade/scratch/theurich/ESMF-Nightly-Testing/nvhpc_21.11_openmpi_O_develop/esmf/DEFAULTINSTALLDIR/lib/libO/Linux.nvhpc.64.openmpi.default/libesmf.so(esmf_fieldregridmod_b_or_p_gridtomesh_+0x155)[0x2b0f219c7155]
[r4i3n30:56650] [ 6] 22  /glade/scratch/theurich/ESMF-Nightly-Testing/nvhpc_21.11_openmpi_O_develop/esmf/DEFAULTINSTALLDIR/lib/libO/Linux.nvhpc.64.openmpi.default/libesmf.so(esmf_cplcompmod_esmf_cplcompinitialize_+0x159) [0x2aef492af019]
23  /glade/scratch/theurich/ESMF-Nightly-Testing/nvhpc_21.11_openmpi_O_develop/esmf/DEFAULTINSTALLDIR/lib/libO/Linux.nvhpc.64.openmpi.default/libesmf.so(nuopc_driver_loopconnectorcompss_+0xea9) [0x2aef498ab669]
24  /glade/scratch/theurich/ESMF-Nightly-Testing/nvhpc_21.11_openmpi_O_develop/esmf/DEFAULTINSTALLDIR/lib/libO/Linux.nvhpc.64.openmpi.default/libesmf.so(nuopc_driver_initializeipdv02p3_+0x2ee4) [0x2aef498a2c64]
25  /glade/scratch/theurich/ESMF-Nightly-Testing/nvhpc_21.11_openmpi_O_develop/esmf/DEFAULTINSTALLDIR/lib/libO/Linux.nvhpc.64.openmpi.default/libesmf.so(nuopc_driver_initializegeneric_+0x5f4) [0x2aef49891634]
26  /glade/scratch/theurich/ESMF-Nightly-Testing/nvhpc_21.11_openmpi_O_develop/esmf/DEFAULTINSTALLDIR/lib/libO/Linux.nvhpc.64.openmpi.default/libesmf.so(_ZN5ESMCI6FTable12callVFuncPtrEPKcPNS_2VMEPi+0x4d7) [0x2aef48cf6297]
27  /glade/scratch/theurich/ESMF-Nightly-Testing/nvhpc_21.11_openmpi_O_develop/esmf/DEFAULTINSTALLDIR/lib/libO/Linux.nvhpc.64.openmpi.default/libesmf.so(ESMCI_FTableCallEntryPointVMHop+0x1de) [0x2aef48cf41de]
28  /glade/scratch/theurich/ESMF-Nightly-Testing/nvhpc_21.11_openmpi_O_develop/esmf/DEFAULTINSTALLDIR/lib/libO/Linux.nvhpc.64.openmpi.default/libesmf.so(_ZN5ESMCI2VM5enterEPNS_6VMPlanEPvS3_+0x18) [0x2aef490b8d98]
29  /glade/scratch/theurich/ESMF-Nightly-Testing/nvhpc_21.11_openmpi_O_develop/esmf/DEFAULTINSTALLDIR/lib/libO/Linux.nvhpc.64.openmpi.default/libesmf.so(c_esmc_ftablecallentrypointvm_+0x35b) [0x2aef48cf45db]
30  /glade/scratch/theurich/ESMF-Nightly-Testing/nvhpc_21.11_openmpi_O_develop/esmf/DEFAULTINSTALLDIR/lib/libO/Linux.nvhpc.64.openmpi.default/libesmf.so(esmf_compmod_esmf_compexecute_+0x7e1) [0x2aef4929c321]
31  /glade/scratch/theurich/ESMF-Nightly-Testing/nvhpc_21.11_openmpi_O_develop/esmf/DEFAULTINSTALLDIR/lib/libO/Linux.nvhpc.64.openmpi.default/libesmf.so(esmf_gridcompmod_esmf_gridcompinitialize_+0x159) [0x2aef49471719]
32  ./esmApp() [0x406a9a]
33  ./esmApp() [0x4066f3]
34  /glade/u/apps/ch/os/lib64/libc.so.6(__libc_start_main+0xf5) [0x2aef4e41fa35]
35  ./esmApp() [0x4065e9]
=================================
[r4i3n30:56651] *** Process received signal ***
[r4i3n30:56651] Signal: Segmentation fault (11)
[r4i3n30:56651] Signal code:  (-6)
[r4i3n30:56651] Failing at address: 0xb510000dd4b
[r4i3n30:56651] [ 0] /glade/u/apps/ch/os/lib64/libpthread.so.0(+0x11c00)[0x2aef4db4ec00]
[r4i3n30:56651] [ 1] /glade/scratch/theurich/ESMF-Nightly-Testing/nvhpc_21.11_openmpi_O_develop/esmf/DEFAULTINSTALLDIR/lib/libO/Linux.nvhpc.64.openmpi.default/libesmf.so(_ZN5ESMCI6LogErr13MsgFoundErrorEiPKciS2_S2_Pi+0x34)[0x2aef48dcc0b4]
[r4i3n30:56651] [ 2] /glade/scratch/theurich/ESMF-Nightly-Testing/nvhpc_21.11_openmpi_O_develop/esmf/DEFAULTINSTALLDIR/lib/libO/Linux.nvhpc.64.openmpi.default/libesmf.so(c_esmc_meshcreatenodedistgrid_+0x5b)[0x2aef48f0df9b]
[r4i3n30:56651] [ 3] /glade/scratch/theurich/ESMF-Nightly-Testing/nvhpc_21.11_openmpi_O_develop/esmf/DEFAULTINSTALLDIR/lib/libO/Linux.nvhpc.64.openmpi.default/libesmf.so(esmf_meshmod_esmf_meshcreatefrompointer_+0x4c)[0x2aef4962a5cc]
[r4i3n30:56651] [ 4] /glade/scratch/theurich/ESMF-Nightly-Testing/nvhpc_21.11_openmpi_O_develop/esmf/DEFAULTINSTALLDIR/lib/libO/Linux.nvhpc.64.openmpi.default/libesmf.so(esmf_gridutilmod_esmf_gridtomesh_+0x32a)[0x2aef4950a4ea]
[r4i3n30:56651] [ 5] /glade/scratch/theurich/ESMF-Nightly-Testing/nvhpc_21.11_openmpi_O_develop/esmf/DEFAULTINSTALLDIR/lib/libO/Linux.nvhpc.64.openmpi.default/libesmf.so(esmf_fieldregridmod_b_or_p_gridtomesh_+0x155)[0x2aef4942f155]
[r4i3n30:56651] [ 6] cratch/theurich/ESMF-Nightly-Testing/nvhpc_21.11_openmpi_O_develop/esmf/DEFAULTINSTALLDIR/lib/libO/Linux.nvhpc.64.openmpi.default/libesmf.so(esmf_gridcompmod_esmf_gridcompinitialize_+0x159) [0x2ab606136719]
32  ./esmApp() [0x406a9a]
33  ./esmApp() [0x4066f3]
34  /glade/u/apps/ch/os/lib64/libc.so.6(__libc_start_main+0xf5) [0x2ab60b0e4a35]
35  ./esmApp() [0x4065e9]
=================================
[r4i3n30:56648] *** Process received signal ***
[r4i3n30:56648] Signal: Segmentation fault (11)
[r4i3n30:56648] Signal code:  (-6)
[r4i3n30:56648] Failing at address: 0xb510000dd48
[r4i3n30:56648] [ 0] /glade/u/apps/ch/os/lib64/libpthread.so.0(+0x11c00)[0x2ab60a813c00]
[r4i3n30:56648] [ 1] /glade/scratch/theurich/ESMF-Nightly-Testing/nvhpc_21.11_openmpi_O_develop/esmf/DEFAULTINSTALLDIR/lib/libO/Linux.nvhpc.64.openmpi.default/libesmf.so(_ZN5ESMCI6LogErr13MsgFoundErrorEiPKciS2_S2_Pi+0x34)[0x2ab605a910b4]
[r4i3n30:56648] [ 2] /glade/scratch/theurich/ESMF-Nightly-Testing/nvhpc_21.11_openmpi_O_develop/esmf/DEFAULTINSTALLDIR/lib/libO/Linux.nvhpc.64.openmpi.default/libesmf.so(c_esmc_meshcreatenodedistgrid_+0x5b)[0x2ab605bd2f9b]
[r4i3n30:56648] [ 3] /glade/scratch/theurich/ESMF-Nightly-Testing/nvhpc_21.11_openmpi_O_develop/esmf/DEFAULTINSTALLDIR/lib/libO/Linux.nvhpc.64.openmpi.default/libesmf.so(esmf_meshmod_esmf_meshcreatefrompointer_+0x4c)[0x2ab6062ef5cc]
[r4i3n30:56648] [ 4] /glade/scratch/theurich/ESMF-Nightly-Testing/nvhpc_21.11_openmpi_O_develop/esmf/DEFAULTINSTALLDIR/lib/libO/Linux.nvhpc.64.openmpi.default/libesmf.so(esmf_gridutilmod_esmf_gridtomesh_+0x32a)[0x2ab6061cf4ea]
[r4i3n30:56648] [ 5] /glade/scratch/theurich/ESMF-Nightly-Testing/nvhpc_21.11_openmpi_O_develop/esmf/DEFAULTINSTALLDIR/lib/libO/Linux.nvhpc.64.openmpi.default/libesmf.so(esmf_fieldregridmod_b_or_p_gridtomesh_+0x155)[0x2ab6060f4155]
[r4i3n30:56648] [ 6] /glade/scratch/theurich/ESMF-Nightly-Testing/nvhpc_21.11_openmpi_O_develop/esmf/DEFAULTINSTALLDIR/lib/libO/Linux.nvhpc.64.openmpi.default/libesmf.so(esmf_fieldregridmod_getmeshwithnodesonfieldloc_+0x3b1)[0x2ab6060f14f1]
[r4i3n30:56648] [ 7] /glade/scratch/theurich/ESMF-Nightly-Testing/nvhpc_21.11_openmpi_O_develop/esmf/DEFAULTINSTALLDIR/lib/libO/Linux.nvhpc.64.openmpi.default/libesmf.so(esmf_fieldregridmod_getmeshwithnodesonfieldloc_+0x3b1)[0x2aef4942c4f1]
[r4i3n30:56651] [ 7] /glade/scratch/theurich/ESMF-Nightly-Testing/nvhpc_21.11_openmpi_O_develop/esmf/DEFAULTINSTALLDIR/lib/libO/Linux.nvhpc.64.openmpi.default/libesmf.so(esmf_fieldregridmod_getmeshwithnodesonfieldloc_+0x3b1)[0x2b07661ab4f1]
[r4i3n30:56649] [ 7] /glade/scratch/theurich/ESMF-Nightly-Testing/nvhpc_21.11_openmpi_O_develop/esmf/DEFAULTINSTALLDIR/lib/libO/Linux.nvhpc.64.openmpi.default/libesmf.so(esmf_fieldregridmod_getmeshwithnodesonfieldloc_+0x3b1)[0x2b0f219c44f1]
[r4i3n30:56650] [ 7] /glade/scratch/theurich/ESMF-Nightly-Testing/nvhpc_21.11_openmpi_O_develop/esmf/DEFAULTINSTALLDIR/lib/libO/Linux.nvhpc.64.openmpi.default/libesmf.so(esmf_fieldregridmod_esmf_fieldregridstorenx_+0x9fc)[0x2ab6060ef9bc]
[r4i3n30:56648] [ 8] /glade/scratch/theurich/ESMF-Nightly-Testing/nvhpc_21.11_openmpi_O_develop/esmf/DEFAULTINSTALLDIR/lib/libO/Linux.nvhpc.64.openmpi.default/libesmf.so(esmf_fieldregridmod_esmf_fieldregridstorenx_+0x9fc)[0x2aef4942a9bc]
[r4i3n30:56651] [ 8] /glade/scratch/theurich/ESMF-Nightly-Testing/nvhpc_21.11_openmpi_O_develop/esmf/DEFAULTINSTALLDIR/lib/libO/Linux.nvhpc.64.openmpi.default/libesmf.so(esmf_fieldregridmod_esmf_fieldregridstorenx_+0x9fc)[0x2b0f219c29bc]
[r4i3n30:56650] [ 8] /glade/scratch/theurich/ESMF-Nightly-Testing/nvhpc_21.11_openmpi_O_develop/esmf/DEFAULTINSTALLDIR/lib/libO/Linux.nvhpc.64.openmpi.default/libesmf.so(esmf_fieldregridmod_esmf_fieldregridstorenx_+0x9fc)[0x2b07661a99bc]
[r4i3n30:56649] [ 8] /glade/scratch/theurich/ESMF-Nightly-Testing/nvhpc_21.11_openmpi_O_develop/esmf/DEFAULTINSTALLDIR/lib/libO/Linux.nvhpc.64.openmpi.default/libesmf.so(esmf_fieldbundlemod_esmf_fieldbundleregridstorepair_+0x1bd6)[0x2ab605fd03d6]
[r4i3n30:56648] [ 9] /glade/scratch/theurich/ESMF-Nightly-Testing/nvhpc_21.11_openmpi_O_develop/esmf/DEFAULTINSTALLDIR/lib/libO/Linux.nvhpc.64.openmpi.default/libesmf.so(esmf_fieldbundlemod_esmf_fieldbundleregridstorepair_+0x1bd6)[0x2aef4930b3d6]
[r4i3n30:56651] [ 9] /glade/scratch/theurich/ESMF-Nightly-Testing/nvhpc_21.11_openmpi_O_develop/esmf/DEFAULTINSTALLDIR/lib/libO/Linux.nvhpc.64.openmpi.default/libesmf.so(esmf_fieldbundlemod_esmf_fieldbundleregridstorepair_+0x1bd6)[0x2b076608a3d6]
[r4i3n30:56649] [ 9] /glade/scratch/theurich/ESMF-Nightly-Testing/nvhpc_21.11_openmpi_O_develop/esmf/DEFAULTINSTALLDIR/lib/libO/Linux.nvhpc.64.openmpi.default/libesmf.so(esmf_fieldbundlemod_esmf_fieldbundleregridstorepair_+0x1bd6)[0x2b0f218a33d6]
[r4i3n30:56650] [ 9] /glade/scratch/theurich/ESMF-Nightly-Testing/nvhpc_21.11_openmpi_O_develop/esmf/DEFAULTINSTALLDIR/lib/libO/Linux.nvhpc.64.openmpi.default/libesmf.so(esmf_fieldbundlemod_esmf_fieldbundleregridstore_+0x1367)[0x2ab605fce427]
[r4i3n30:56648] [10] ./esmApp[0x40ad88]
[r4i3n30:56648] [11] /glade/scratch/theurich/ESMF-Nightly-Testing/nvhpc_21.11_openmpi_O_develop/esmf/DEFAULTINSTALLDIR/lib/libO/Linux.nvhpc.64.openmpi.default/libesmf.so(esmf_fieldbundlemod_esmf_fieldbundleregridstore_+0x1367)[0x2aef49309427]
[r4i3n30:56651] [10] ./esmApp[0x40ad88]
[r4i3n30:56651] [11] /glade/scratch/theurich/ESMF-Nightly-Testing/nvhpc_21.11_openmpi_O_develop/esmf/DEFAULTINSTALLDIR/lib/libO/Linux.nvhpc.64.openmpi.default/libesmf.so(esmf_fieldbundlemod_esmf_fieldbundleregridstore_+0x1367)[0x2b0766088427]
[r4i3n30:56649] [10] ./esmApp[0x40ad88]
[r4i3n30:56649] [11] /glade/scratch/theurich/ESMF-Nightly-Testing/nvhpc_21.11_openmpi_O_develop/esmf/DEFAULTINSTALLDIR/lib/libO/Linux.nvhpc.64.openmpi.default/libesmf.so(esmf_fieldbundlemod_esmf_fieldbundleregridstore_+0x1367)[0x2b0f218a1427]
[r4i3n30:56650] [10] ./esmApp[0x40ad88]
[r4i3n30:56650] [11] /glade/scratch/theurich/ESMF-Nightly-Testing/nvhpc_21.11_openmpi_O_develop/esmf/DEFAULTINSTALLDIR/lib/libO/Linux.nvhpc.64.openmpi.default/libesmf.so(_ZN5ESMCI11MethodTable7executeESsPvPiPb+0x215)[0x2ab605c6cf95]
[r4i3n30:56648] [12] /glade/scratch/theurich/ESMF-Nightly-Testing/nvhpc_21.11_openmpi_O_develop/esmf/DEFAULTINSTALLDIR/lib/libO/Linux.nvhpc.64.openmpi.default/libesmf.so(_ZN5ESMCI11MethodTable7executeESsPvPiPb+0x215)[0x2b0765d26f95]
[r4i3n30:56649] [12] /glade/scratch/theurich/ESMF-Nightly-Testing/nvhpc_21.11_openmpi_O_develop/esmf/DEFAULTINSTALLDIR/lib/libO/Linux.nvhpc.64.openmpi.default/libesmf.so(_ZN5ESMCI11MethodTable7executeESsPvPiPb+0x215)[0x2aef48fa7f95]
[r4i3n30:56651] [12] /glade/scratch/theurich/ESMF-Nightly-Testing/nvhpc_21.11_openmpi_O_develop/esmf/DEFAULTINSTALLDIR/lib/libO/Linux.nvhpc.64.openmpi.default/libesmf.so(_ZN5ESMCI11MethodTable7executeESsPvPiPb+0x215)[0x2b0f2153ff95]
[r4i3n30:56650] [12] /glade/scratch/theurich/ESMF-Nightly-Testing/nvhpc_21.11_openmpi_O_develop/esmf/DEFAULTINSTALLDIR/lib/libO/Linux.nvhpc.64.openmpi.default/libesmf.so(c_esmc_methodtableexecuteef_+0x20c)[0x2ab605c6a0cc]
[r4i3n30:56648] [13] /glade/scratch/theurich/ESMF-Nightly-Testing/nvhpc_21.11_openmpi_O_develop/esmf/DEFAULTINSTALLDIR/lib/libO/Linux.nvhpc.64.openmpi.default/libesmf.so(c_esmc_methodtableexecuteef_+0x20c)[0x2aef48fa50cc]
[r4i3n30:56651] [13] /glade/scratch/theurich/ESMF-Nightly-Testing/nvhpc_21.11_openmpi_O_develop/esmf/DEFAULTINSTALLDIR/lib/libO/Linux.nvhpc.64.openmpi.default/libesmf.so(c_esmc_methodtableexecuteef_+0x20c)[0x2b0765d240cc]
[r4i3n30:56649] [13] /glade/scratch/theurich/ESMF-Nightly-Testing/nvhpc_21.11_openmpi_O_develop/esmf/DEFAULTINSTALLDIR/lib/libO/Linux.nvhpc.64.openmpi.default/libesmf.so(c_esmc_methodtableexecuteef_+0x20c)[0x2b0f2153d0cc]
[r4i3n30:56650] [13] /glade/scratch/theurich/ESMF-Nightly-Testing/nvhpc_21.11_openmpi_O_develop/esmf/DEFAULTINSTALLDIR/lib/libO/Linux.nvhpc.64.openmpi.default/libesmf.so(esmf_attachmethodsmod_esmf_methodcplcompexecute_+0xcc)[0x2b0765efb9cc]
[r4i3n30:56649] [14] /glade/scratch/theurich/ESMF-Nightly-Testing/nvhpc_21.11_openmpi_O_develop/esmf/DEFAULTINSTALLDIR/lib/libO/Linux.nvhpc.64.openmpi.default/libesmf.so(esmf_attachmethodsmod_esmf_methodcplcompexecute_+0xcc)[0x2ab605e419cc]
[r4i3n30:56648] [14] /glade/scratch/theurich/ESMF-Nightly-Testing/nvhpc_21.11_openmpi_O_develop/esmf/DEFAULTINSTALLDIR/lib/libO/Linux.nvhpc.64.openmpi.default/libesmf.so(esmf_attachmethodsmod_esmf_methodcplcompexecute_+0xcc)[0x2b0f217149cc]
[r4i3n30:56650] [14] /glade/scratch/theurich/ESMF-Nightly-Testing/nvhpc_21.11_openmpi_O_develop/esmf/DEFAULTINSTALLDIR/lib/libO/Linux.nvhpc.64.openmpi.default/libesmf.so(esmf_attachmethodsmod_esmf_methodcplcompexecute_+0xcc)[0x2aef4917c9cc]
[r4i3n30:56651] [14] /glade/scratch/theurich/ESMF-Nightly-Testing/nvhpc_21.11_openmpi_O_develop/esmf/DEFAULTINSTALLDIR/lib/libO/Linux.nvhpc.64.openmpi.default/libesmf.so(nuopc_connector_initializeipdv05p6b_+0x4a5c)[0x2ab60653b11c]
[r4i3n30:56648] [15] /glade/scratch/theurich/ESMF-Nightly-Testing/nvhpc_21.11_openmpi_O_develop/esmf/DEFAULTINSTALLDIR/lib/libO/Linux.nvhpc.64.openmpi.default/libesmf.so(nuopc_connector_initializeipdv05p6b_+0x4a5c)[0x2aef4987611c]
[r4i3n30:56651] [15] /glade/scratch/theurich/ESMF-Nightly-Testing/nvhpc_21.11_openmpi_O_develop/esmf/DEFAULTINSTALLDIR/lib/libO/Linux.nvhpc.64.openmpi.default/libesmf.so(nuopc_connector_initializeipdv05p6b_+0x4a5c)[0x2b07665f511c]
[r4i3n30:56649] [15] /glade/scratch/theurich/ESMF-Nightly-Testing/nvhpc_21.11_openmpi_O_develop/esmf/DEFAULTINSTALLDIR/lib/libO/Linux.nvhpc.64.openmpi.default/libesmf.so(nuopc_connector_initializeipdv05p6b_+0x4a5c)[0x2b0f21e0e11c]
[r4i3n30:56650] [15] /glade/scratch/theurich/ESMF-Nightly-Testing/nvhpc_21.11_openmpi_O_develop/esmf/DEFAULTINSTALLDIR/lib/libO/Linux.nvhpc.64.openmpi.default/libesmf.so(_ZN5ESMCI6FTable12callVFuncPtrEPKcPNS_2VMEPi+0x4d7)[0x2ab6059bb297]
[r4i3n30:56648] [16] /glade/scratch/theurich/ESMF-Nightly-Testing/nvhpc_21.11_openmpi_O_develop/esmf/DEFAULTINSTALLDIR/lib/libO/Linux.nvhpc.64.openmpi.default/libesmf.so(_ZN5ESMCI6FTable12callVFuncPtrEPKcPNS_2VMEPi+0x4d7)[0x2b0f2128e297]
[r4i3n30:56650] [16] /glade/scratch/theurich/ESMF-Nightly-Testing/nvhpc_21.11_openmpi_O_develop/esmf/DEFAULTINSTALLDIR/lib/libO/Linux.nvhpc.64.openmpi.default/libesmf.so(_ZN5ESMCI6FTable12callVFuncPtrEPKcPNS_2VMEPi+0x4d7)[0x2aef48cf6297]
[r4i3n30:56651] [16] /glade/scratch/theurich/ESMF-Nightly-Testing/nvhpc_21.11_openmpi_O_develop/esmf/DEFAULTINSTALLDIR/lib/libO/Linux.nvhpc.64.openmpi.default/libesmf.so(_ZN5ESMCI6FTable12callVFuncPtrEPKcPNS_2VMEPi+0x4d7)[0x2b0765a75297]
[r4i3n30:56649] [16] /glade/scratch/theurich/ESMF-Nightly-Testing/nvhpc_21.11_openmpi_O_develop/esmf/DEFAULTINSTALLDIR/lib/libO/Linux.nvhpc.64.openmpi.default/libesmf.so(ESMCI_FTableCallEntryPointVMHop+0x1de)[0x2ab6059b91de]
[r4i3n30:56648] [17] /glade/scratch/theurich/ESMF-Nightly-Testing/nvhpc_21.11_openmpi_O_develop/esmf/DEFAULTINSTALLDIR/lib/libO/Linux.nvhpc.64.openmpi.default/libesmf.so(ESMCI_FTableCallEntryPointVMHop+0x1de)[0x2b0765a731de]
[r4i3n30:56649] [17] /glade/scratch/theurich/ESMF-Nightly-Testing/nvhpc_21.11_openmpi_O_develop/esmf/DEFAULTINSTALLDIR/lib/libO/Linux.nvhpc.64.openmpi.default/libesmf.so(ESMCI_FTableCallEntryPointVMHop+0x1de)[0x2b0f2128c1de]
[r4i3n30:56650] [17] /glade/scratch/theurich/ESMF-Nightly-Testing/nvhpc_21.11_openmpi_O_develop/esmf/DEFAULTINSTALLDIR/lib/libO/Linux.nvhpc.64.openmpi.default/libesmf.so(ESMCI_FTableCallEntryPointVMHop+0x1de)[0x2aef48cf41de]
[r4i3n30:56651] [17] /glade/scratch/theurich/ESMF-Nightly-Testing/nvhpc_21.11_openmpi_O_develop/esmf/DEFAULTINSTALLDIR/lib/libO/Linux.nvhpc.64.openmpi.default/libesmf.so(_ZN5ESMCI2VM5enterEPNS_6VMPlanEPvS3_+0x18)[0x2ab605d7dd98]
[r4i3n30:56648] [18] /glade/scratch/theurich/ESMF-Nightly-Testing/nvhpc_21.11_openmpi_O_develop/esmf/DEFAULTINSTALLDIR/lib/libO/Linux.nvhpc.64.openmpi.default/libesmf.so(_ZN5ESMCI2VM5enterEPNS_6VMPlanEPvS3_+0x18)[0x2b0765e37d98]
[r4i3n30:56649] [18] /glade/scratch/theurich/ESMF-Nightly-Testing/nvhpc_21.11_openmpi_O_develop/esmf/DEFAULTINSTALLDIR/lib/libO/Linux.nvhpc.64.openmpi.default/libesmf.so(_ZN5ESMCI2VM5enterEPNS_6VMPlanEPvS3_+0x18)[0x2aef490b8d98]
[r4i3n30:56651] [18] /glade/scratch/theurich/ESMF-Nightly-Testing/nvhpc_21.11_openmpi_O_develop/esmf/DEFAULTINSTALLDIR/lib/libO/Linux.nvhpc.64.openmpi.default/libesmf.so(_ZN5ESMCI2VM5enterEPNS_6VMPlanEPvS3_+0x18)[0x2b0f21650d98]
[r4i3n30:56650] [18] /glade/scratch/theurich/ESMF-Nightly-Testing/nvhpc_21.11_openmpi_O_develop/esmf/DEFAULTINSTALLDIR/lib/libO/Linux.nvhpc.64.openmpi.default/libesmf.so(c_esmc_ftablecallentrypointvm_+0x35b)[0x2b0765a735db]
[r4i3n30:56649] [19] /glade/scratch/theurich/ESMF-Nightly-Testing/nvhpc_21.11_openmpi_O_develop/esmf/DEFAULTINSTALLDIR/lib/libO/Linux.nvhpc.64.openmpi.default/libesmf.so(c_esmc_ftablecallentrypointvm_+0x35b)[0x2ab6059b95db]
[r4i3n30:56648] [19] /glade/scratch/theurich/ESMF-Nightly-Testing/nvhpc_21.11_openmpi_O_develop/esmf/DEFAULTINSTALLDIR/lib/libO/Linux.nvhpc.64.openmpi.default/libesmf.so(c_esmc_ftablecallentrypointvm_+0x35b)[0x2b0f2128c5db]
[r4i3n30:56650] [19] /glade/scratch/theurich/ESMF-Nightly-Testing/nvhpc_21.11_openmpi_O_develop/esmf/DEFAULTINSTALLDIR/lib/libO/Linux.nvhpc.64.openmpi.default/libesmf.so(c_esmc_ftablecallentrypointvm_+0x35b)[0x2aef48cf45db]
[r4i3n30:56651] [19] /glade/scratch/theurich/ESMF-Nightly-Testing/nvhpc_21.11_openmpi_O_develop/esmf/DEFAULTINSTALLDIR/lib/libO/Linux.nvhpc.64.openmpi.default/libesmf.so(esmf_compmod_esmf_compexecute_+0x7e1)[0x2ab605f61321]
[r4i3n30:56648] [20] /glade/scratch/theurich/ESMF-Nightly-Testing/nvhpc_21.11_openmpi_O_develop/esmf/DEFAULTINSTALLDIR/lib/libO/Linux.nvhpc.64.openmpi.default/libesmf.so(esmf_compmod_esmf_compexecute_+0x7e1)[0x2b076601b321]
[r4i3n30:56649] [20] /glade/scratch/theurich/ESMF-Nightly-Testing/nvhpc_21.11_openmpi_O_develop/esmf/DEFAULTINSTALLDIR/lib/libO/Linux.nvhpc.64.openmpi.default/libesmf.so(esmf_compmod_esmf_compexecute_+0x7e1)[0x2aef4929c321]
[r4i3n30:56651] [20] /glade/scratch/theurich/ESMF-Nightly-Testing/nvhpc_21.11_openmpi_O_develop/esmf/DEFAULTINSTALLDIR/lib/libO/Linux.nvhpc.64.openmpi.default/libesmf.so(esmf_compmod_esmf_compexecute_+0x7e1)[0x2b0f21834321]
[r4i3n30:56650] [20] /glade/scratch/theurich/ESMF-Nightly-Testing/nvhpc_21.11_openmpi_O_develop/esmf/DEFAULTINSTALLDIR/lib/libO/Linux.nvhpc.64.openmpi.default/libesmf.so(esmf_cplcompmod_esmf_cplcompinitialize_+0x159)[0x2b076602e019]
[r4i3n30:56649] [21] /glade/scratch/theurich/ESMF-Nightly-Testing/nvhpc_21.11_openmpi_O_develop/esmf/DEFAULTINSTALLDIR/lib/libO/Linux.nvhpc.64.openmpi.default/libesmf.so(esmf_cplcompmod_esmf_cplcompinitialize_+0x159)[0x2ab605f74019]
[r4i3n30:56648] [21] /glade/scratch/theurich/ESMF-Nightly-Testing/nvhpc_21.11_openmpi_O_develop/esmf/DEFAULTINSTALLDIR/lib/libO/Linux.nvhpc.64.openmpi.default/libesmf.so(esmf_cplcompmod_esmf_cplcompinitialize_+0x159)[0x2aef492af019]
[r4i3n30:56651] [21] /glade/scratch/theurich/ESMF-Nightly-Testing/nvhpc_21.11_openmpi_O_develop/esmf/DEFAULTINSTALLDIR/lib/libO/Linux.nvhpc.64.openmpi.default/libesmf.so(esmf_cplcompmod_esmf_cplcompinitialize_+0x159)[0x2b0f21847019]
[r4i3n30:56650] [21] /glade/scratch/theurich/ESMF-Nightly-Testing/nvhpc_21.11_openmpi_O_develop/esmf/DEFAULTINSTALLDIR/lib/libO/Linux.nvhpc.64.openmpi.default/libesmf.so(nuopc_driver_loopconnectorcompss_+0xea9)[0x2aef498ab669]
[r4i3n30:56651] [22] /glade/scratch/theurich/ESMF-Nightly-Testing/nvhpc_21.11_openmpi_O_develop/esmf/DEFAULTINSTALLDIR/lib/libO/Linux.nvhpc.64.openmpi.default/libesmf.so(nuopc_driver_loopconnectorcompss_+0xea9)[0x2b076662a669]
[r4i3n30:56649] [22] /glade/scratch/theurich/ESMF-Nightly-Testing/nvhpc_21.11_openmpi_O_develop/esmf/DEFAULTINSTALLDIR/lib/libO/Linux.nvhpc.64.openmpi.default/libesmf.so(nuopc_driver_loopconnectorcompss_+0xea9)[0x2ab606570669]
[r4i3n30:56648] [22] /glade/scratch/theurich/ESMF-Nightly-Testing/nvhpc_21.11_openmpi_O_develop/esmf/DEFAULTINSTALLDIR/lib/libO/Linux.nvhpc.64.openmpi.default/libesmf.so(nuopc_driver_loopconnectorcompss_+0xea9)[0x2b0f21e43669]
[r4i3n30:56650] [22] /glade/scratch/theurich/ESMF-Nightly-Testing/nvhpc_21.11_openmpi_O_develop/esmf/DEFAULTINSTALLDIR/lib/libO/Linux.nvhpc.64.openmpi.default/libesmf.so(nuopc_driver_initializeipdv02p3_+0x2ee4)[0x2ab606567c64]
[r4i3n30:56648] [23] /glade/scratch/theurich/ESMF-Nightly-Testing/nvhpc_21.11_openmpi_O_develop/esmf/DEFAULTINSTALLDIR/lib/libO/Linux.nvhpc.64.openmpi.default/libesmf.so(nuopc_driver_initializeipdv02p3_+0x2ee4)[0x2aef498a2c64]
[r4i3n30:56651] [23] /glade/scratch/theurich/ESMF-Nightly-Testing/nvhpc_21.11_openmpi_O_develop/esmf/DEFAULTINSTALLDIR/lib/libO/Linux.nvhpc.64.openmpi.default/libesmf.so(nuopc_driver_initializeipdv02p3_+0x2ee4)[0x2b0766621c64]
[r4i3n30:56649] [23] /glade/scratch/theurich/ESMF-Nightly-Testing/nvhpc_21.11_openmpi_O_develop/esmf/DEFAULTINSTALLDIR/lib/libO/Linux.nvhpc.64.openmpi.default/libesmf.so(nuopc_driver_initializeipdv02p3_+0x2ee4)[0x2b0f21e3ac64]
[r4i3n30:56650] [23] /glade/scratch/theurich/ESMF-Nightly-Testing/nvhpc_21.11_openmpi_O_develop/esmf/DEFAULTINSTALLDIR/lib/libO/Linux.nvhpc.64.openmpi.default/libesmf.so(nuopc_driver_initializegeneric_+0x5f4)[0x2ab606556634]
[r4i3n30:56648] [24] /glade/scratch/theurich/ESMF-Nightly-Testing/nvhpc_21.11_openmpi_O_develop/esmf/DEFAULTINSTALLDIR/lib/libO/Linux.nvhpc.64.openmpi.default/libesmf.so(nuopc_driver_initializegeneric_+0x5f4)[0x2aef49891634]
[r4i3n30:56651] [24] /glade/scratch/theurich/ESMF-Nightly-Testing/nvhpc_21.11_openmpi_O_develop/esmf/DEFAULTINSTALLDIR/lib/libO/Linux.nvhpc.64.openmpi.default/libesmf.so(nuopc_driver_initializegeneric_+0x5f4)[0x2b0f21e29634]
[r4i3n30:56650] [24] /glade/scratch/theurich/ESMF-Nightly-Testing/nvhpc_21.11_openmpi_O_develop/esmf/DEFAULTINSTALLDIR/lib/libO/Linux.nvhpc.64.openmpi.default/libesmf.so(nuopc_driver_initializegeneric_+0x5f4)[0x2b0766610634]
[r4i3n30:56649] [24] /glade/scratch/theurich/ESMF-Nightly-Testing/nvhpc_21.11_openmpi_O_develop/esmf/DEFAULTINSTALLDIR/lib/libO/Linux.nvhpc.64.openmpi.default/libesmf.so(_ZN5ESMCI6FTable12callVFuncPtrEPKcPNS_2VMEPi+0x4d7)[0x2b0f2128e297]
[r4i3n30:56650] [25] /glade/scratch/theurich/ESMF-Nightly-Testing/nvhpc_21.11_openmpi_O_develop/esmf/DEFAULTINSTALLDIR/lib/libO/Linux.nvhpc.64.openmpi.default/libesmf.so(_ZN5ESMCI6FTable12callVFuncPtrEPKcPNS_2VMEPi+0x4d7)[0x2aef48cf6297]
[r4i3n30:56651] [25] /glade/scratch/theurich/ESMF-Nightly-Testing/nvhpc_21.11_openmpi_O_develop/esmf/DEFAULTINSTALLDIR/lib/libO/Linux.nvhpc.64.openmpi.default/libesmf.so(_ZN5ESMCI6FTable12callVFuncPtrEPKcPNS_2VMEPi+0x4d7)[0x2ab6059bb297]
[r4i3n30:56648] [25] /glade/scratch/theurich/ESMF-Nightly-Testing/nvhpc_21.11_openmpi_O_develop/esmf/DEFAULTINSTALLDIR/lib/libO/Linux.nvhpc.64.openmpi.default/libesmf.so(_ZN5ESMCI6FTable12callVFuncPtrEPKcPNS_2VMEPi+0x4d7)[0x2b0765a75297]
[r4i3n30:56649] [25] /glade/scratch/theurich/ESMF-Nightly-Testing/nvhpc_21.11_openmpi_O_develop/esmf/DEFAULTINSTALLDIR/lib/libO/Linux.nvhpc.64.openmpi.default/libesmf.so(ESMCI_FTableCallEntryPointVMHop+0x1de)[0x2ab6059b91de]
[r4i3n30:56648] [26] /glade/scratch/theurich/ESMF-Nightly-Testing/nvhpc_21.11_openmpi_O_develop/esmf/DEFAULTINSTALLDIR/lib/libO/Linux.nvhpc.64.openmpi.default/libesmf.so(ESMCI_FTableCallEntryPointVMHop+0x1de)[0x2b0f2128c1de]
[r4i3n30:56650] [26] /glade/scratch/theurich/ESMF-Nightly-Testing/nvhpc_21.11_openmpi_O_develop/esmf/DEFAULTINSTALLDIR/lib/libO/Linux.nvhpc.64.openmpi.default/libesmf.so(ESMCI_FTableCallEntryPointVMHop+0x1de)[0x2aef48cf41de]
[r4i3n30:56651] [26] /glade/scratch/theurich/ESMF-Nightly-Testing/nvhpc_21.11_openmpi_O_develop/esmf/DEFAULTINSTALLDIR/lib/libO/Linux.nvhpc.64.openmpi.default/libesmf.so(ESMCI_FTableCallEntryPointVMHop+0x1de)[0x2b0765a731de]
[r4i3n30:56649] [26] /glade/scratch/theurich/ESMF-Nightly-Testing/nvhpc_21.11_openmpi_O_develop/esmf/DEFAULTINSTALLDIR/lib/libO/Linux.nvhpc.64.openmpi.default/libesmf.so(_ZN5ESMCI2VM5enterEPNS_6VMPlanEPvS3_+0x18)[0x2aef490b8d98]
[r4i3n30:56651] [27] /glade/scratch/theurich/ESMF-Nightly-Testing/nvhpc_21.11_openmpi_O_develop/esmf/DEFAULTINSTALLDIR/lib/libO/Linux.nvhpc.64.openmpi.default/libesmf.so(_ZN5ESMCI2VM5enterEPNS_6VMPlanEPvS3_+0x18)[0x2ab605d7dd98]
[r4i3n30:56648] [27] /glade/scratch/theurich/ESMF-Nightly-Testing/nvhpc_21.11_openmpi_O_develop/esmf/DEFAULTINSTALLDIR/lib/libO/Linux.nvhpc.64.openmpi.default/libesmf.so(_ZN5ESMCI2VM5enterEPNS_6VMPlanEPvS3_+0x18)[0x2b0f21650d98]
[r4i3n30:56650] [27] /glade/scratch/theurich/ESMF-Nightly-Testing/nvhpc_21.11_openmpi_O_develop/esmf/DEFAULTINSTALLDIR/lib/libO/Linux.nvhpc.64.openmpi.default/libesmf.so(_ZN5ESMCI2VM5enterEPNS_6VMPlanEPvS3_+0x18)[0x2b0765e37d98]
[r4i3n30:56649] [27] /glade/scratch/theurich/ESMF-Nightly-Testing/nvhpc_21.11_openmpi_O_develop/esmf/DEFAULTINSTALLDIR/lib/libO/Linux.nvhpc.64.openmpi.default/libesmf.so(c_esmc_ftablecallentrypointvm_+0x35b)[0x2b0f2128c5db]
[r4i3n30:56650] [28] /glade/scratch/theurich/ESMF-Nightly-Testing/nvhpc_21.11_openmpi_O_develop/esmf/DEFAULTINSTALLDIR/lib/libO/Linux.nvhpc.64.openmpi.default/libesmf.so(c_esmc_ftablecallentrypointvm_+0x35b)[0x2ab6059b95db]
[r4i3n30:56648] [28] /glade/scratch/theurich/ESMF-Nightly-Testing/nvhpc_21.11_openmpi_O_develop/esmf/DEFAULTINSTALLDIR/lib/libO/Linux.nvhpc.64.openmpi.default/libesmf.so(c_esmc_ftablecallentrypointvm_+0x35b)[0x2b0765a735db]
[r4i3n30:56649] [28] /glade/scratch/theurich/ESMF-Nightly-Testing/nvhpc_21.11_openmpi_O_develop/esmf/DEFAULTINSTALLDIR/lib/libO/Linux.nvhpc.64.openmpi.default/libesmf.so(c_esmc_ftablecallentrypointvm_+0x35b)[0x2aef48cf45db]
[r4i3n30:56651] [28] /glade/scratch/theurich/ESMF-Nightly-Testing/nvhpc_21.11_openmpi_O_develop/esmf/DEFAULTINSTALLDIR/lib/libO/Linux.nvhpc.64.openmpi.default/libesmf.so(esmf_compmod_esmf_compexecute_+0x7e1)[0x2ab605f61321]
[r4i3n30:56648] [29] /glade/scratch/theurich/ESMF-Nightly-Testing/nvhpc_21.11_openmpi_O_develop/esmf/DEFAULTINSTALLDIR/lib/libO/Linux.nvhpc.64.openmpi.default/libesmf.so(esmf_compmod_esmf_compexecute_+0x7e1)[0x2b076601b321]
[r4i3n30:56649] [29] /glade/scratch/theurich/ESMF-Nightly-Testing/nvhpc_21.11_openmpi_O_develop/esmf/DEFAULTINSTALLDIR/lib/libO/Linux.nvhpc.64.openmpi.default/libesmf.so(esmf_compmod_esmf_compexecute_+0x7e1)[0x2b0f21834321]
[r4i3n30:56650] [29] /glade/scratch/theurich/ESMF-Nightly-Testing/nvhpc_21.11_openmpi_O_develop/esmf/DEFAULTINSTALLDIR/lib/libO/Linux.nvhpc.64.openmpi.default/libesmf.so(esmf_compmod_esmf_compexecute_+0x7e1)[0x2aef4929c321]
[r4i3n30:56651] [29] /glade/scratch/theurich/ESMF-Nightly-Testing/nvhpc_21.11_openmpi_O_develop/esmf/DEFAULTINSTALLDIR/lib/libO/Linux.nvhpc.64.openmpi.default/libesmf.so(esmf_gridcompmod_esmf_gridcompinitialize_+0x159)[0x2b0f21a09719]
[r4i3n30:56650] *** End of error message ***
/glade/scratch/theurich/ESMF-Nightly-Testing/nvhpc_21.11_openmpi_O_develop/esmf/DEFAULTINSTALLDIR/lib/libO/Linux.nvhpc.64.openmpi.default/libesmf.so(esmf_gridcompmod_esmf_gridcompinitialize_+0x159)[0x2ab606136719]
[r4i3n30:56648] *** End of error message ***
/glade/scratch/theurich/ESMF-Nightly-Testing/nvhpc_21.11_openmpi_O_develop/esmf/DEFAULTINSTALLDIR/lib/libO/Linux.nvhpc.64.openmpi.default/libesmf.so(esmf_gridcompmod_esmf_gridcompinitialize_+0x159)[0x2b07661f0719]
[r4i3n30:56649] *** End of error message ***
/glade/scratch/theurich/ESMF-Nightly-Testing/nvhpc_21.11_openmpi_O_develop/esmf/DEFAULTINSTALLDIR/lib/libO/Linux.nvhpc.64.openmpi.default/libesmf.so(esmf_gridcompmod_esmf_gridcompinitialize_+0x159)[0x2aef49471719]
[r4i3n30:56651] *** End of error message ***
--------------------------------------------------------------------------
Primary job  terminated normally, but 1 process returned
a non-zero exit code. Per user-direction, the job has been aborted.
--------------------------------------------------------------------------
--------------------------------------------------------------------------
mpirun noticed that process rank 0 with PID 0 on node r4i3n30 exited on signal 11 (Segmentation fault).
--------------------------------------------------------------------------
