2023-03-24 05:02:17
[r4i3n21:2445 :0:2445] Caught signal 11 (Segmentation fault: address not mapped to object at address 0x4f1b591)
[r4i3n21:2446 :0:2446] Caught signal 11 (Segmentation fault: address not mapped to object at address 0x4f1b591)
[r4i3n21:2447 :0:2447] Caught signal 11 (Segmentation fault: address not mapped to object at address 0x4f1b591)
[r4i3n21:2448 :0:2448] Caught signal 11 (Segmentation fault: address not mapped to object at address 0x4f1b591)
==== backtrace (tid:   2447) ====
 0  /glade/u/apps/ch/opt/ucx/1.11.0/lib/libucs.so.0(ucs_handle_error+0xe4) [0x2ad3617331b4]
 1  /glade/u/apps/ch/opt/ucx/1.11.0/lib/libucs.so.0(+0x2a4dc) [0x2ad3617334dc]
 2  /glade/u/apps/ch/opt/ucx/1.11.0/lib/libucs.so.0(+0x2a74b) [0x2ad36173374b]
 3  /glade/scratch/theurich/ESMF-Nightly-Testing/nvhpc_21.11_openmpi_O_develop/esmf/DEFAULTINSTALLDIR/lib/libO/Linux.nvhpc.64.openmpi.default/libesmf.so(_ZN5ESMCI6LogErr13MsgFoundErrorEiPKciS2_S2_Pi+0x34) [0x2ad348d000b4]
 4  /glade/scratch/theurich/ESMF-Nightly-Testing/nvhpc_21.11_openmpi_O_develop/esmf/DEFAULTINSTALLDIR/lib/libO/Linux.nvhpc.64.openmpi.default/libesmf.so(c_esmc_meshcreatenodedistgrid_+0x5b) [0x2ad348e41f9b]
 5  /glade/scratch/theurich/ESMF-Nightly-Testing/nvhpc_21.11_openmpi_O_develop/esmf/DEFAULTINSTALLDIR/lib/libO/Linux.nvhpc.64.openmpi.default/libesmf.so(esmf_meshmod_esmf_meshcreatefrompointer_+0x4c) [0x2ad34955e5cc]
 6  /glade/scratch/theurich/ESMF-Nightly-Testing/nvhpc_21.11_openmpi_O_develop/esmf/DEFAULTINSTALLDIR/lib/libO/Linux.nvhpc.64.openmpi.default/libesmf.so(esmf_gridutilmod_esmf_gridtomesh_+0x32a) [0x2ad34943e4ea]
 7  /glade/scratch/theurich/ESMF-Nightly-Testing/nvhpc_21.11_openmpi_O_develop/esmf/DEFAULTINSTALLDIR/lib/libO/Linux.nvhpc.64.openmpi.default/libesmf.so(esmf_fieldregridmod_b_or_p_gridtomesh_+0x155) [0x2ad349363155]
 8  /glade/scratch/theurich/ESMF-Nightly-Testing/nvhpc_21.11_openmpi_O_develop/esmf/DEFAULTINSTALLDIR/lib/libO/Linux.nvhpc.64.openmpi.default/libesmf.so(esmf_fieldregridmod_getmeshwithnodesonfieldloc_+0x3b1) [0x2ad3493604f1]
 9  /glade/scratch/theurich/ESMF-Nightly-Testing/nvhpc_21.11_openmpi_O_develop/esmf/DEFAULTINSTALLDIR/lib/libO/Linux.nvhpc.64.openmpi.default/libesmf.so(esmf_fieldregridmod_esmf_fieldregridstorenx_+0x9fc) [0x2ad34935e9bc]
10  /glade/scratch/theurich/ESMF-Nightly-Testing/nvhpc_21.11_openmpi_O_develop/esmf/DEFAULTINSTALLDIR/lib/libO/Linux.nvhpc.64.openmpi.default/libesmf.so(esmf_fieldbundlemod_esmf_fieldbundleregridstorepair_+0x1bd6) [0x2ad34923f3d6]
11  /glade/scratch/theurich/ESMF-Nightly-Testing/nvhpc_21.11_openmpi_O_develop/esmf/DEFAULTINSTALLDIR/lib/libO/Linux.nvhpc.64.openmpi.default/libesmf.so(nuopc_connector_fieldbundlecplstore_+0x8fbd) [0x2ad3497bfffd]
12  /glade/scratch/theurich/ESMF-Nightly-Testing/nvhpc_21.11_openmpi_O_develop/esmf/DEFAULTINSTALLDIR/lib/libO/Linux.nvhpc.64.openmpi.default/libesmf.so(nuopc_connector_initializeipdv05p6b_+0x4d7e) [0x2ad3497aa43e]
13  /glade/scratch/theurich/ESMF-Nightly-Testing/nvhpc_21.11_openmpi_O_develop/esmf/DEFAULTINSTALLDIR/lib/libO/Linux.nvhpc.64.openmpi.default/libesmf.so(_ZN5ESMCI6FTable12callVFuncPtrEPKcPNS_2VMEPi+0x4d7) [0x2ad348c2a297]
14  /glade/scratch/theurich/ESMF-Nightly-Testing/nvhpc_21.11_openmpi_O_develop/esmf/DEFAULTINSTALLDIR/lib/libO/Linux.nvhpc.64.openmpi.default/libesmf.so(ESMCI_FTableCallEntryPointVMHop+0x1de) [0x2ad348c281de]
15  /glade/scratch/theurich/ESMF-Nightly-Testing/nvhpc_21.11_openmpi_O_develop/esmf/DEFAULTINSTALLDIR/lib/libO/Linux.nvhpc.64.openmpi.default/libesmf.so(_ZN5ESMCI2VM5enterEPNS_6VMPlanEPvS3_+0x18) [0x2ad348fecd98]
16  /glade/scratch/theurich/ESMF-Nightly-Testing/nvhpc_21.11_openmpi_O_develop/esmf/DEFAULTINSTALLDIR/lib/libO/Linux.nvhpc.64.openmpi.default/libesmf.so(c_esmc_ftablecallentrypointvm_+0x35b) [0x2ad348c285db]
17  /glade/scratch/theurich/ESMF-Nightly-Testing/nvhpc_21.11_openmpi_O_develop/esmf/DEFAULTINSTALLDIR/lib/libO/Linux.nvhpc.64.openmpi.default/libesmf.so(esmf_compmod_esmf_compexecute_+0x7e1) [0x2ad3491d0321]
18  /glade/scratch/theurich/ESMF-Nightly-Testing/nvhpc_21.11_openmpi_O_develop/esmf/DEFAULTINSTALLDIR/lib/libO/Linux.nvhpc.64.openmpi.default/libesmf.so(esmf_cplcompmod_esmf_cplcompinitialize_+0x159) [0x2ad3491e3019]
==== backtrace (tid:   2445) ====
 0  /glade/u/apps/ch/opt/ucx/1.11.0/lib/libucs.so.0(ucs_handle_error+0xe4) [0x2b52b17331b4]
 1  /glade/u/apps/ch/opt/ucx/1.11.0/lib/libucs.so.0(+0x2a4dc) [0x2b52b17334dc]
 2  /glade/u/apps/ch/opt/ucx/1.11.0/lib/libucs.so.0(+0x2a74b) [0x2b52b173374b]
 3  /glade/scratch/theurich/ESMF-Nightly-Testing/nvhpc_21.11_openmpi_O_develop/esmf/DEFAULTINSTALLDIR/lib/libO/Linux.nvhpc.64.openmpi.default/libesmf.so(_ZN5ESMCI6LogErr13MsgFoundErrorEiPKciS2_S2_Pi+0x34) [0x2b5298c010b4]
 4  /glade/scratch/theurich/ESMF-Nightly-Testing/nvhpc_21.11_openmpi_O_develop/esmf/DEFAULTINSTALLDIR/lib/libO/Linux.nvhpc.64.openmpi.default/libesmf.so(c_esmc_meshcreatenodedistgrid_+0x5b) [0x2b5298d42f9b]
 5  /glade/scratch/theurich/ESMF-Nightly-Testing/nvhpc_21.11_openmpi_O_develop/esmf/DEFAULTINSTALLDIR/lib/libO/Linux.nvhpc.64.openmpi.default/libesmf.so(esmf_meshmod_esmf_meshcreatefrompointer_+0x4c) [0x2b529945f5cc]
 6  /glade/scratch/theurich/ESMF-Nightly-Testing/nvhpc_21.11_openmpi_O_develop/esmf/DEFAULTINSTALLDIR/lib/libO/Linux.nvhpc.64.openmpi.default/libesmf.so(esmf_gridutilmod_esmf_gridtomesh_+0x32a) [0x2b529933f4ea]
 7  /glade/scratch/theurich/ESMF-Nightly-Testing/nvhpc_21.11_openmpi_O_develop/esmf/DEFAULTINSTALLDIR/lib/libO/Linux.nvhpc.64.openmpi.default/libesmf.so(esmf_fieldregridmod_b_or_p_gridtomesh_+0x155) [0x2b5299264155]
 8  /glade/scratch/theurich/ESMF-Nightly-Testing/nvhpc_21.11_openmpi_O_develop/esmf/DEFAULTINSTALLDIR/lib/libO/Linux.nvhpc.64.openmpi.default/libesmf.so(esmf_fieldregridmod_getmeshwithnodesonfieldloc_+0x3b1) [0x2b52992614f1]
 9  /glade/scratch/theurich/ESMF-Nightly-Testing/nvhpc_21.11_openmpi_O_develop/esmf/DEFAULTINSTALLDIR/lib/libO/Linux.nvhpc.64.openmpi.default/libesmf.so(esmf_fieldregridmod_esmf_fieldregridstorenx_+0x9fc) [0x2b529925f9bc]
10  /glade/scratch/theurich/ESMF-Nightly-Testing/nvhpc_21.11_openmpi_O_develop/esmf/DEFAULTINSTALLDIR/lib/libO/Linux.nvhpc.64.openmpi.default/libesmf.so(esmf_fieldbundlemod_esmf_fieldbundleregridstorepair_+0x1bd6) [0x2b52991403d6]
11  /glade/scratch/theurich/ESMF-Nightly-Testing/nvhpc_21.11_openmpi_O_develop/esmf/DEFAULTINSTALLDIR/lib/libO/Linux.nvhpc.64.openmpi.default/libesmf.so(nuopc_connector_fieldbundlecplstore_+0x8fbd) [0x2b52996c0ffd]
12  /glade/scratch/theurich/ESMF-Nightly-Testing/nvhpc_21.11_openmpi_O_develop/esmf/DEFAULTINSTALLDIR/lib/libO/Linux.nvhpc.64.openmpi.default/libesmf.so(nuopc_connector_initializeipdv05p6b_+0x4d7e) [0x2b52996ab43e]
13  /glade/scratch/theurich/ESMF-Nightly-Testing/nvhpc_21.11_openmpi_O_develop/esmf/DEFAULTINSTALLDIR/lib/libO/Linux.nvhpc.64.openmpi.default/libesmf.so(_ZN5ESMCI6FTable12callVFuncPtrEPKcPNS_2VMEPi+0x4d7) [0x2b5298b2b297]
14  /glade/scratch/theurich/ESMF-Nightly-Testing/nvhpc_21.11_openmpi_O_develop/esmf/DEFAULTINSTALLDIR/lib/libO/Linux.nvhpc.64.openmpi.default/libesmf.so(ESMCI_FTableCallEntryPointVMHop+0x1de) [0x2b5298b291de]
15  /glade/scratch/theurich/ESMF-Nightly-Testing/nvhpc_21.11_openmpi_O_develop/esmf/DEFAULTINSTALLDIR/lib/libO/Linux.nvhpc.64.openmpi.default/libesmf.so(_ZN5ESMCI2VM5enterEPNS_6VMPlanEPvS3_+0x18) [0x2b5298eedd98]
16  /glade/scratch/theurich/ESMF-Nightly-Testing/nvhpc_21.11_openmpi_O_develop/esmf/DEFAULTINSTALLDIR/lib/libO/Linux.nvhpc.64.openmpi.default/libesmf.so(c_esmc_ftablecallentrypointvm_+0x35b) [0x2b5298b295db]
17  /glade/scratch/theurich/ESMF-Nightly-Testing/nvhpc_21.11_openmpi_O_develop/esmf/DEFAULTINSTALLDIR/lib/libO/Linux.nvhpc.64.openmpi.default/libesmf.so(esmf_compmod_esmf_compexecute_+0x7e1) [0x2b52990d1321]
18  /glade/scratch/theurich/ESMF-Nightly-Testing/nvhpc_21.11_openmpi_O_develop/esmf/DEFAULTINSTALLDIR/lib/libO/Linux.nvhpc.64.openmpi.default/libesmf.so(esmf_cplcompmod_esmf_cplcompinitialize_+0x159) [0x2b52990e4019]
19  /glade/scratch/theurich/ESMF-Nightly-Testing/nvhpc_21.11_openmpi_O_develop/esmf/DEFAULTINSTALLDIR/lib/libO/Linux.nvhpc.64.openmpi.default/libesmf.so(nuopc_driver_loopconnectorcompss_+0xea9) [0x2b52996e0669]
20  /glade/scratch/theurich/ESMF-Nightly-Testing/nvhpc_21.11_openmpi_O_develop/esmf/DEFAULTINSTALLDIR/lib/libO/Linux.nvhpc.64.openmpi.default/l==== backtrace (tid:   2446) ====
 0  /glade/u/apps/ch/opt/ucx/1.11.0/lib/libucs.so.0(ucs_handle_error+0xe4) [0x2adfadf451b4]
 1  /glade/u/apps/ch/opt/ucx/1.11.0/lib/libucs.so.0(+0x2a4dc) [0x2adfadf454dc]
 2  /glade/u/apps/ch/opt/ucx/1.11.0/lib/libucs.so.0(+0x2a74b) [0x2adfadf4574b]
 3  /glade/scratch/theurich/ESMF-Nightly-Testing/nvhpc_21.11_openmpi_O_develop/esmf/DEFAULTINSTALLDIR/lib/libO/Linux.nvhpc.64.openmpi.default/libesmf.so(_ZN5ESMCI6LogErr13MsgFoundErrorEiPKciS2_S2_Pi+0x34) [0x2adf956b30b4]
 4  /glade/scratch/theurich/ESMF-Nightly-Testing/nvhpc_21.11_openmpi_O_develop/esmf/DEFAULTINSTALLDIR/lib/libO/Linux.nvhpc.64.openmpi.default/libesmf.so(c_esmc_meshcreatenodedistgrid_+0x5b) [0x2adf957f4f9b]
 5  /glade/scratch/theurich/ESMF-Nightly-Testing/nvhpc_21.11_openmpi_O_develop/esmf/DEFAULTINSTALLDIR/lib/libO/Linux.nvhpc.64.openmpi.default/libesmf.so(esmf_meshmod_esmf_meshcreatefrompointer_+0x4c) [0x2adf95f115cc]
 6  /glade/scratch/theurich/ESMF-Nightly-Testing/nvhpc_21.11_openmpi_O_develop/esmf/DEFAULTINSTALLDIR/lib/libO/Linux.nvhpc.64.openmpi.default/libesmf.so(esmf_gridutilmod_esmf_gridtomesh_+0x32a) [0x2adf95df14ea]
 7  /glade/scratch/theurich/ESMF-Nightly-Testing/nvhpc_21.11_openmpi_O_develop/esmf/DEFAULTINSTALLDIR/lib/libO/Linux.nvhpc.64.openmpi.default/libesmf.so(esmf_fieldregridmod_b_or_p_gridtomesh_+0x155) [0x2adf95d16155]
 8  /glade/scratch/theurich/ESMF-Nightly-Testing/nvhpc_21.11_openmpi_O_develop/esmf/DEFAULTINSTALLDIR/lib/libO/Linux.nvhpc.64.openmpi.default/libesmf.so(esmf_fieldregridmod_getmeshwithnodesonfieldloc_+0x3b1) [0x2adf95d134f1]
 9  /glade/scratch/theurich/ESMF-Nightly-Testing/nvhpc_21.11_openmpi_O_develop/esmf/DEFAULTINSTALLDIR/lib/libO/Linux.nvhpc.64.openmpi.default/libesmf.so(esmf_fieldregridmod_esmf_fieldregridstorenx_+0x9fc) [0x2adf95d119bc]
10  /glade/scratch/theurich/ESMF-Nightly-Testing/nvhpc_21.11_openmpi_O_develop/esmf/DEFAULTINSTALLDIR/lib/libO/Linux.nvhpc.64.openmpi.default/libesmf.so(esmf_fieldbundlemod_esmf_fieldbundleregridstorepair_+0x1bd6) [0x2adf95bf23d6]
11  /glade/scratch/theurich/ESMF-Nightly-Testing/nvhpc_21.11_openmpi_O_develop/esmf/DEFAULTINSTALLDIR/lib/libO/Linux.nvhpc.64.openmpi.default/libesmf.so(nuopc_connector_fieldbundlecplstore_+0x8fbd) [0x2adf96172ffd]
12  /glade/scratch/theurich/ESMF-Nightly-Testing/nvhpc_21.11_openmpi_O_develop/esmf/DEFAULTINSTALLDIR/lib/libO/Linux.nvhpc.64.openmpi.default/libesmf.so(nuopc_connector_initializeipdv05p6b_+0x4d7e) [0x2adf9615d43e]
13  /glade/scratch/theurich/ESMF-Nightly-Testing/nvhpc_21.11_openmpi_O_develop/esmf/DEFAULTINSTALLDIR/lib/libO/Linux.nvhpc.64.openmpi.default/libesmf.so(_ZN5ESMCI6FTable12callVFuncPtrEPKcPNS_2VMEPi+0x4d7) [0x2adf955dd297]
14  /glade/scratch/theurich/ESMF-Nightly-Testing/nvhpc_21.11_openmpi_O_develop/esmf/DEFAULTINSTALLDIR/lib/libO/Linux.nvhpc.64.openmpi.default/libesmf.so(ESMCI_FTableCallEntryPointVMHop+0x1de) [0x2adf955db1de]
15  /glade/scratch/theurich/ESMF-Nightly-Testing/nvhpc_21.11_openmpi_O_develop/esmf/DEFAULTINSTALLDIR/lib/libO/Linux.nvhpc.64.openmpi.default/libesmf.so(_ZN5ESMCI2VM5enterEPNS_6VMPlanEPvS3_+0x18) [0x2adf9599fd98]
16  /glade/scratch/theurich/ESMF-Nightly-Testing/nvhpc_21.11_openmpi_O_develop/esmf/DEFAULTINSTALLDIR/lib/libO/Linux.nvhpc.64.openmpi.default/libesmf.so(c_esmc_ftablecallentrypointvm_+0x35b) [0x2adf955db5db]
17  /glade/scratch/theurich/ESMF-Nightly-Testing/nvhpc_21.11_openmpi_O_develop/esmf/DEFAULTINSTALLDIR/lib/libO/Linux.nvhpc.64.openmpi.default/libesmf.so(esmf_compmod_esmf_compexecute_+0x7e1) [0x2adf95b83321]
18  /glade/scratch/theurich/ESMF-Nightly-Testing/nvhpc_21.11_openmpi_O_develop/esmf/DEFAULTINSTALLDIR/lib/libO/Linux.nvhpc.64.openmpi.default/libesmf.so(esmf_cplcompmod_esmf_cplcompinitialize_+0x159) [0x2adf95b96019]
19  /glade/scratch/theurich/ESMF-Nightly-Testing/nvhpc_21.11_openmpi_O_develop/esmf/DEFAULTINSTALLDIR/lib/libO/Linux.nvhpc.64.openmpi.default/libesmf.so(nuopc_driver_loopconnectorcompss_+0xea9) [0x2adf96192669]
20  /glade/scratch/theurich/ESMF-Nightly-Testing/nvhpc_21.11_openmpi_O_develop/esmf/DEFAULTINSTALLDIR/lib/libO/Linux.nvhpc.64.openmpi.default/l==== backtrace (tid:   2448) ====
 0  /glade/u/apps/ch/opt/ucx/1.11.0/lib/libucs.so.0(ucs_handle_error+0xe4) [0x2b733df441b4]
 1  /glade/u/apps/ch/opt/ucx/1.11.0/lib/libucs.so.0(+0x2a4dc) [0x2b733df444dc]
 2  /glade/u/apps/ch/opt/ucx/1.11.0/lib/libucs.so.0(+0x2a74b) [0x2b733df4474b]
 3  /glade/scratch/theurich/ESMF-Nightly-Testing/nvhpc_21.11_openmpi_O_develop/esmf/DEFAULTINSTALLDIR/lib/libO/Linux.nvhpc.64.openmpi.default/libesmf.so(_ZN5ESMCI6LogErr13MsgFoundErrorEiPKciS2_S2_Pi+0x34) [0x2b73257640b4]
 4  /glade/scratch/theurich/ESMF-Nightly-Testing/nvhpc_21.11_openmpi_O_develop/esmf/DEFAULTINSTALLDIR/lib/libO/Linux.nvhpc.64.openmpi.default/libesmf.so(c_esmc_meshcreatenodedistgrid_+0x5b) [0x2b73258a5f9b]
 5  /glade/scratch/theurich/ESMF-Nightly-Testing/nvhpc_21.11_openmpi_O_develop/esmf/DEFAULTINSTALLDIR/lib/libO/Linux.nvhpc.64.openmpi.default/libesmf.so(esmf_meshmod_esmf_meshcreatefrompointer_+0x4c) [0x2b7325fc25cc]
 6  /glade/scratch/theurich/ESMF-Nightly-Testing/nvhpc_21.11_openmpi_O_develop/esmf/DEFAULTINSTALLDIR/lib/libO/Linux.nvhpc.64.openmpi.default/libesmf.so(esmf_gridutilmod_esmf_gridtomesh_+0x32a) [0x2b7325ea24ea]
 7  /glade/scratch/theurich/ESMF-Nightly-Testing/nvhpc_21.11_openmpi_O_develop/esmf/DEFAULTINSTALLDIR/lib/libO/Linux.nvhpc.64.openmpi.default/libesmf.so(esmf_fieldregridmod_b_or_p_gridtomesh_+0x155) [0x2b7325dc7155]
 8  /glade/scratch/theurich/ESMF-Nightly-Testing/nvhpc_21.11_openmpi_O_develop/esmf/DEFAULTINSTALLDIR/lib/libO/Linux.nvhpc.64.openmpi.default/libesmf.so(esmf_fieldregridmod_getmeshwithnodesonfieldloc_+0x3b1) [0x2b7325dc44f1]
 9  /glade/scratch/theurich/ESMF-Nightly-Testing/nvhpc_21.11_openmpi_O_develop/esmf/DEFAULTINSTALLDIR/lib/libO/Linux.nvhpc.64.openmpi.default/libesmf.so(esmf_fieldregridmod_esmf_fieldregridstorenx_+0x9fc) [0x2b7325dc29bc]
10  /glade/scratch/theurich/ESMF-Nightly-Testing/nvhpc_21.11_openmpi_O_develop/esmf/DEFAULTINSTALLDIR/lib/libO/Linux.nvhpc.64.openmpi.default/libesmf.so(esmf_fieldbundlemod_esmf_fieldbundleregridstorepair_+0x1bd6) [0x2b7325ca33d6]
11  /glade/scratch/theurich/ESMF-Nightly-Testing/nvhpc_21.11_openmpi_O_develop/esmf/DEFAULTINSTALLDIR/lib/libO/Linux.nvhpc.64.openmpi.default/libesmf.so(nuopc_connector_fieldbundlecplstore_+0x8fbd) [0x2b7326223ffd]
12  /glade/scratch/theurich/ESMF-Nightly-Testing/nvhpc_21.11_openmpi_O_develop/esmf/DEFAULTINSTALLDIR/lib/libO/Linux.nvhpc.64.openmpi.default/libesmf.so(nuopc_connector_initializeipdv05p6b_+0x4d7e) [0x2b732620e43e]
13  /glade/scratch/theurich/ESMF-Nightly-Testing/nvhpc_21.11_openmpi_O_develop/esmf/DEFAULTINSTALLDIR/lib/libO/Linux.nvhpc.64.openmpi.default/libesmf.so(_ZN5ESMCI6FTable12callVFuncPtrEPKcPNS_2VMEPi+0x4d7) [0x2b732568e297]
14  /glade/scratch/theurich/ESMF-Nightly-Testing/nvhpc_21.11_openmpi_O_develop/esmf/DEFAULTINSTALLDIR/lib/libO/Linux.nvhpc.64.openmpi.default/libesmf.so(ESMCI_FTableCallEntryPointVMHop+0x1de) [0x2b732568c1de]
15  /glade/scratch/theurich/ESMF-Nightly-Testing/nvhpc_21.11_openmpi_O_develop/esmf/DEFAULTINSTALLDIR/lib/libO/Linux.nvhpc.64.openmpi.default/libesmf.so(_ZN5ESMCI2VM5enterEPNS_6VMPlanEPvS3_+0x18) [0x2b7325a50d98]
16  /glade/scratch/theurich/ESMF-Nightly-Testing/nvhpc_21.11_openmpi_O_develop/esmf/DEFAULTINSTALLDIR/lib/libO/Linux.nvhpc.64.openmpi.default/libesmf.so(c_esmc_ftablecallentrypointvm_+0x35b) [0x2b732568c5db]
17  /glade/scratch/theurich/ESMF-Nightly-Testing/nvhpc_21.11_openmpi_O_develop/esmf/DEFAULTINSTALLDIR/lib/libO/Linux.nvhpc.64.openmpi.default/libesmf.so(esmf_compmod_esmf_compexecute_+0x7e1) [0x2b7325c34321]
18  /glade/scratch/theurich/ESMF-Nightly-Testing/nvhpc_21.11_openmpi_O_develop/esmf/DEFAULTINSTALLDIR/lib/libO/Linux.nvhpc.64.openmpi.default/libesmf.so(esmf_cplcompmod_esmf_cplcompinitialize_+0x159) [0x2b7325c47019]
19  /glade/scratch/theurich/ESMF-Nightly-Testing/nvhpc_21.11_openmpi_O_develop/esmf/DEFAULTINSTALLDIR/lib/libO/Linux.nvhpc.64.openmpi.default/libesmf.so(nuopc_driver_loopconnectorcompss_+0xea9) [0x2b7326243669]
20  /glade/scratch/theurich/ESMF-Nightly-Testing/nvhpc_21.11_openmpi_O_develop/esmf/DEFAULTINSTALLDIR/lib/libO/Linux.nvhpc.64.openmpi.default/libesmf.so(nuopc_driver_initializeipdv02p3_+0x2ee4) [0x2adf96189c64]
21  /glade/scratch/theurich/ESMF-Nightly-Testing/nvhpc_21.11_openmpi_O_develop/esmf/DEFAULTINSTALLDIR/lib/libO/Linux.nvhpc.64.openmpi.default/libesmf.so(nuopc_driver_initializegeneric_+0x5f4) [0x2adf96178634]
22  /glade/scratch/theurich/ESMF-Nightly-Testing/nvhpc_21.11_openmpi_O_develop/esmf/DEFAULTINSTALLDIR/lib/libO/Linux.nvhpc.64.openmpi.default/libesmf.so(_ZN5ESMCI6FTable12callVFuncPtrEPKcPNS_2VMEPi+0x4d7) [0x2adf955dd297]
23  /glade/scratch/theurich/ESMF-Nightly-Testing/nvhpc_21.11_openmpi_O_develop/esmf/DEFAULTINSTALLDIR/lib/libO/Linux.nvhpc.64.openmpi.default/libesmf.so(ESMCI_FTableCallEntryPointVMHop+0x1de) [0x2adf955db1de]
24  /glade/scratch/theurich/ESMF-Nightly-Testing/nvhpc_21.11_openmpi_O_develop/esmf/DEFAULTINSTALLDIR/lib/libO/Linux.nvhpc.64.openmpi.default/libesmf.so(_ZN5ESMCI2VM5enterEPNS_6VMPlanEPvS3_+0x18) [0x2adf9599fd98]
25  /glade/scratch/theurich/ESMF-Nightly-Testing/nvhpc_21.11_openmpi_O_develop/esmf/DEFAULTINSTALLDIR/lib/libO/Linux.nvhpc.64.openmpi.default/libesmf.so(c_esmc_ftablecallentrypointvm_+0x35b) [0x2adf955db5db]
26  /glade/scratch/theurich/ESMF-Nightly-Testing/nvhpc_21.11_openmpi_O_develop/esmf/DEFAULTINSTALLDIR/lib/libO/Linux.nvhpc.64.openmpi.default/libesmf.so(esmf_compmod_esmf_compexecute_+0x7e1) [0x2adf95b83321]
27  /glade/scratch/theurich/ESMF-Nightly-Testing/nvhpc_21.11_openmpi_O_develop/esmf/DEFAULTINSTALLDIR/lib/libO/Linux.nvhpc.64.openmpi.default/libesmf.so(esmf_gridcompmod_esmf_gridcompinitialize_+0x159) [0x2adf95d58719]
28  ./mainApp() [0x405f46]
29  ./mainApp() [0x405bb3]
30  /glade/u/apps/ch/os/lib64/libc.so.6(__libc_start_main+0xf5) [0x2adf9ad06a35]
31  ./mainApp() [0x405aa9]
=================================
19  /glade/scratch/theurich/ESMF-Nightly-Testing/nvhpc_21.11_openmpi_O_develop/esmf/DEFAULTINSTALLDIR/lib/libO/Linux.nvhpc.64.openmpi.default/libesmf.so(nuopc_driver_loopconnectorcompss_+0xea9) [0x2ad3497df669]
20  /glade/scratch/theurich/ESMF-Nightly-Testing/nvhpc_21.11_openmpi_O_develop/esmf/DEFAULTINSTALLDIR/lib/libO/Linux.nvhpc.64.openmpi.default/libesmf.so(nuopc_driver_initializeipdv02p3_+0x2ee4) [0x2ad3497d6c64]
21  /glade/scratch/theurich/ESMF-Nightly-Testing/nvhpc_21.11_openmpi_O_develop/esmf/DEFAULTINSTALLDIR/lib/libO/Linux.nvhpc.64.openmpi.default/libesmf.so(nuopc_driver_initializegeneric_+0x5f4) [0x2ad3497c5634]
22  /glade/scratch/theurich/ESMF-Nightly-Testing/nvhpc_21.11_openmpi_O_develop/esmf/DEFAULTINSTALLDIR/lib/libO/Linux.nvhpc.64.openmpi.default/libesmf.so(_ZN5ESMCI6FTable12callVFuncPtrEPKcPNS_2VMEPi+0x4d7) [0x2ad348c2a297]
23  /glade/scratch/theurich/ESMF-Nightly-Testing/nvhpc_21.11_openmpi_O_develop/esmf/DEFAULTINSTALLDIR/lib/libO/Linux.nvhpc.64.openmpi.default/libesmf.so(ESMCI_FTableCallEntryPointVMHop+0x1de) [0x2ad348c281de]
24  /glade/scratch/theurich/ESMF-Nightly-Testing/nvhpc_21.11_openmpi_O_develop/esmf/DEFAULTINSTALLDIR/lib/libO/Linux.nvhpc.64.openmpi.default/libesmf.so(_ZN5ESMCI2VM5enterEPNS_6VMPlanEPvS3_+0x18) [0x2ad348fecd98]
25  /glade/scratch/theurich/ESMF-Nightly-Testing/nvhpc_21.11_openmpi_O_develop/esmf/DEFAULTINSTALLDIR/lib/libO/Linux.nvhpc.64.openmpi.default/libesmf.so(c_esmc_ftablecallentrypointvm_+0x35b) [0x2ad348c285db]
26  /glade/scratch/theurich/ESMF-Nightly-Testing/nvhpc_21.11_openmpi_O_develop/esmf/DEFAULTINSTALLDIR/lib/libO/Linux.nvhpc.64.openmpi.default/libesmf.so(esmf_compmod_esmf_compexecute_+0x7e1) [0x2ad3491d0321]
27  /glade/scratch/theurich/ESMF-Nightly-Testing/nvhpc_21.11_openmpi_O_develop/esmf/DEFAULTINSTALLDIR/lib/libO/Linux.nvhpc.64.openmpi.default/libesmf.so(esmf_gridcompmod_esmf_gridcompinitialize_+0x159) [0x2ad3493a5719]
28  ./mainApp() [0x405f46]
29  ./mainApp() [0x405bb3]
30  /glade/u/apps/ch/os/lib64/libc.so.6(__libc_start_main+0xf5) [0x2ad34e353a35]
31  ./mainApp() [0x405aa9]
=================================
ibesmf.so(nuopc_driver_initializeipdv02p3_+0x2ee4) [0x2b52996d7c64]
21  /glade/scratch/theurich/ESMF-Nightly-Testing/nvhpc_21.11_openmpi_O_develop/esmf/DEFAULTINSTALLDIR/lib/libO/Linux.nvhpc.64.openmpi.default/libesmf.so(nuopc_driver_initializegeneric_+0x5f4) [0x2b52996c6634]
22  /glade/scratch/theurich/ESMF-Nightly-Testing/nvhpc_21.11_openmpi_O_develop/esmf/DEFAULTINSTALLDIR/lib/libO/Linux.nvhpc.64.openmpi.default/libesmf.so(_ZN5ESMCI6FTable12callVFuncPtrEPKcPNS_2VMEPi+0x4d7) [0x2b5298b2b297]
23  /glade/scratch/theurich/ESMF-Nightly-Testing/nvhpc_21.11_openmpi_O_develop/esmf/DEFAULTINSTALLDIR/lib/libO/Linux.nvhpc.64.openmpi.default/libesmf.so(ESMCI_FTableCallEntryPointVMHop+0x1de) [0x2b5298b291de]
24  /glade/scratch/theurich/ESMF-Nightly-Testing/nvhpc_21.11_openmpi_O_develop/esmf/DEFAULTINSTALLDIR/lib/libO/Linux.nvhpc.64.openmpi.default/libesmf.so(_ZN5ESMCI2VM5enterEPNS_6VMPlanEPvS3_+0x18) [0x2b5298eedd98]
25  /glade/scratch/theurich/ESMF-Nightly-Testing/nvhpc_21.11_openmpi_O_develop/esmf/DEFAULTINSTALLDIR/lib/libO/Linux.nvhpc.64.openmpi.default/libesmf.so(c_esmc_ftablecallentrypointvm_+0x35b) [0x2b5298b295db]
26  /glade/scratch/theurich/ESMF-Nightly-Testing/nvhpc_21.11_openmpi_O_develop/esmf/DEFAULTINSTALLDIR/lib/libO/Linux.nvhpc.64.openmpi.default/libesmf.so(esmf_compmod_esmf_compexecute_+0x7e1) [0x2b52990d1321]
27  /glade/scratch/theurich/ESMF-Nightly-Testing/nvhpc_21.11_openmpi_O_develop/esmf/DEFAULTINSTALLDIR/lib/libO/Linux.nvhpc.64.openmpi.default/libesmf.so(esmf_gridcompmod_esmf_gridcompinitialize_+0x159) [0x2b52992a6719]
28  ./mainApp() [0x405f46]
29  ./mainApp() [0x405bb3]
30  /glade/u/apps/ch/os/lib64/libc.so.6(__libc_start_main+0xf5) [0x2b529e254a35]
31  ./mainApp() [0x405aa9]
=================================
[r4i3n21:02445] *** Process received signal ***
[r4i3n21:02445] Signal: Segmentation fault (11)
[r4i3n21:02445] Signal code:  (-6)
[r4i3n21:02445] Failing at address: 0xb510000098d
ibesmf.so(nuopc_driver_initializeipdv02p3_+0x2ee4) [0x2b732623ac64]
21  /glade/scratch/theurich/ESMF-Nightly-Testing/nvhpc_21.11_openmpi_O_develop/esmf/DEFAULTINSTALLDIR/lib/libO/Linux.nvhpc.64.openmpi.default/libesmf.so(nuopc_driver_initializegeneric_+0x5f4) [0x2b7326229634]
22  /glade/scratch/theurich/ESMF-Nightly-Testing/nvhpc_21.11_openmpi_O_develop/esmf/DEFAULTINSTALLDIR/lib/libO/Linux.nvhpc.64.openmpi.default/libesmf.so(_ZN5ESMCI6FTable12callVFuncPtrEPKcPNS_2VMEPi+0x4d7) [0x2b732568e297]
23  /glade/scratch/theurich/ESMF-Nightly-Testing/nvhpc_21.11_openmpi_O_develop/esmf/DEFAULTINSTALLDIR/lib/libO/Linux.nvhpc.64.openmpi.default/libesmf.so(ESMCI_FTableCallEntryPointVMHop+0x1de) [0x2b732568c1de]
24  /glade/scratch/theurich/ESMF-Nightly-Testing/nvhpc_21.11_openmpi_O_develop/esmf/DEFAULTINSTALLDIR/lib/libO/Linux.nvhpc.64.openmpi.default/libesmf.so(_ZN5ESMCI2VM5enterEPNS_6VMPlanEPvS3_+0x18) [0x2b7325a50d98]
25  /glade/scratch/theurich/ESMF-Nightly-Testing/nvhpc_21.11_openmpi_O_develop/esmf/DEFAULTINSTALLDIR/lib/libO/Linux.nvhpc.64.openmpi.default/libesmf.so(c_esmc_ftablecallentrypointvm_+0x35b) [0x2b732568c5db]
26  /glade/scratch/theurich/ESMF-Nightly-Testing/nvhpc_21.11_openmpi_O_develop/esmf/DEFAULTINSTALLDIR/lib/libO/Linux.nvhpc.64.openmpi.default/libesmf.so(esmf_compmod_esmf_compexecute_+0x7e1) [0x2b7325c34321]
27  /glade/scratch/theurich/ESMF-Nightly-Testing/nvhpc_21.11_openmpi_O_develop/esmf/DEFAULTINSTALLDIR/lib/libO/Linux.nvhpc.64.openmpi.default/libesmf.so(esmf_gridcompmod_esmf_gridcompinitialize_+0x159) [0x2b7325e09719]
28  ./mainApp() [0x405f46]
29  ./mainApp() [0x405bb3]
30  /glade/u/apps/ch/os/lib64/libc.so.6(__libc_start_main+0xf5) [0x2b732adb7a35]
31  ./mainApp() [0x405aa9]
=================================
[r4i3n21:02448] *** Process received signal ***
[r4i3n21:02448] Signal: Segmentation fault (11)
[r4i3n21:02448] Signal code:  (-6)
[r4i3n21:02448] Failing at address: 0xb5100000990
[r4i3n21:02445] [ 0] /glade/u/apps/ch/os/lib64/libpthread.so.0(+0x11c00)[0x2b529d983c00]
[r4i3n21:02445] [ 1] /glade/scratch/theurich/ESMF-Nightly-Testing/nvhpc_21.11_openmpi_O_develop/esmf/DEFAULTINSTALLDIR/lib/libO/Linux.nvhpc.64.openmpi.default/libesmf.so(_ZN5ESMCI6LogErr13MsgFoundErrorEiPKciS2_S2_Pi+0x34)[0x2b5298c010b4]
[r4i3n21:02445] [ 2] /glade/scratch/theurich/ESMF-Nightly-Testing/nvhpc_21.11_openmpi_O_develop/esmf/DEFAULTINSTALLDIR/lib/libO/Linux.nvhpc.64.openmpi.default/libesmf.so(c_esmc_meshcreatenodedistgrid_+0x5b)[0x2b5298d42f9b]
[r4i3n21:02445] [ 3] /glade/scratch/theurich/ESMF-Nightly-Testing/nvhpc_21.11_openmpi_O_develop/esmf/DEFAULTINSTALLDIR/lib/libO/Linux.nvhpc.64.openmpi.default/libesmf.so(esmf_meshmod_esmf_meshcreatefrompointer_+0x4c)[0x2b529945f5cc]
[r4i3n21:02445] [ 4] /glade/scratch/theurich/ESMF-Nightly-Testing/nvhpc_21.11_openmpi_O_develop/esmf/DEFAULTINSTALLDIR/lib/libO/Linux.nvhpc.64.openmpi.default/libesmf.so(esmf_gridutilmod_esmf_gridtomesh_+0x32a)[0x2b529933f4ea]
[r4i3n21:02445] [ 5] /glade/scratch/theurich/ESMF-Nightly-Testing/nvhpc_21.11_openmpi_O_develop/esmf/DEFAULTINSTALLDIR/lib/libO/Linux.nvhpc.64.openmpi.default/libesmf.so(esmf_fieldregridmod_b_or_p_gridtomesh_+0x155)[0x2b5299264155]
[r4i3n21:02445] [ 6] /glade/scratch/theurich/ESMF-Nightly-Testing/nvhpc_21.11_openmpi_O_develop/esmf/DEFAULTINSTALLDIR/lib/libO/Linux.nvhpc.64.openmpi.default/libesmf.so(esmf_fieldregridmod_getmeshwithnodesonfieldloc_+0x3b1)[0x2b52992614f1]
[r4i3n21:02445] [ 7] /glade/scratch/theurich/ESMF-Nightly-Testing/nvhpc_21.11_openmpi_O_develop/esmf/DEFAULTINSTALLDIR/lib/libO/Linux.nvhpc.64.openmpi.default/libesmf.so(esmf_fieldregridmod_esmf_fieldregridstorenx_+0x9fc)[0x2b529925f9bc]
[r4i3n21:02445] [ 8] /glade/scratch/theurich/ESMF-Nightly-Testing/nvhpc_21.11_openmpi_O_develop/esmf/DEFAULTINSTALLDIR/lib/libO/Linux.nvhpc.64.openmpi.default/libesmf.so(esmf_fieldbundlemod_esmf_fieldbundleregridstorepair_+0x1bd6)[0x2b52991403d6]
[r4i3n21:02445] [ 9] /glade/scratch/theurich/ESMF-Nightly-Testing/nvhpc_21.11_openmpi_O_develop/esmf/DEFAULTINSTALLDIR/lib/libO/Linux.nvhpc.64.openmpi.default/libesmf.so(nuopc_connector_fieldbundlecplstore_+0x8fbd)[0x2b52996c0ffd]
[r4i3n21:02445] [10] [r4i3n21:02446] *** Process received signal ***
[r4i3n21:02446] Signal: Segmentation fault (11)
[r4i3n21:02446] Signal code:  (-6)
[r4i3n21:02446] Failing at address: 0xb510000098e
[r4i3n21:02446] [ 0] /glade/u/apps/ch/os/lib64/libpthread.so.0(+0x11c00)[0x2adf9a435c00]
[r4i3n21:02446] [ 1] /glade/scratch/theurich/ESMF-Nightly-Testing/nvhpc_21.11_openmpi_O_develop/esmf/DEFAULTINSTALLDIR/lib/libO/Linux.nvhpc.64.openmpi.default/libesmf.so(_ZN5ESMCI6LogErr13MsgFoundErrorEiPKciS2_S2_Pi+0x34)[0x2adf956b30b4]
[r4i3n21:02446] [ 2] /glade/scratch/theurich/ESMF-Nightly-Testing/nvhpc_21.11_openmpi_O_develop/esmf/DEFAULTINSTALLDIR/lib/libO/Linux.nvhpc.64.openmpi.default/libesmf.so(c_esmc_meshcreatenodedistgrid_+0x5b)[0x2adf957f4f9b]
[r4i3n21:02446] [ 3] /glade/scratch/theurich/ESMF-Nightly-Testing/nvhpc_21.11_openmpi_O_develop/esmf/DEFAULTINSTALLDIR/lib/libO/Linux.nvhpc.64.openmpi.default/libesmf.so(esmf_meshmod_esmf_meshcreatefrompointer_+0x4c)[0x2adf95f115cc]
[r4i3n21:02446] [ 4] /glade/scratch/theurich/ESMF-Nightly-Testing/nvhpc_21.11_openmpi_O_develop/esmf/DEFAULTINSTALLDIR/lib/libO/Linux.nvhpc.64.openmpi.default/libesmf.so(esmf_gridutilmod_esmf_gridtomesh_+0x32a)[0x2adf95df14ea]
[r4i3n21:02446] [ 5] /glade/scratch/theurich/ESMF-Nightly-Testing/nvhpc_21.11_openmpi_O_develop/esmf/DEFAULTINSTALLDIR/lib/libO/Linux.nvhpc.64.openmpi.default/libesmf.so(esmf_fieldregridmod_b_or_p_gridtomesh_+0x155)[0x2adf95d16155]
[r4i3n21:02446] [ 6] /glade/scratch/theurich/ESMF-Nightly-Testing/nvhpc_21.11_openmpi_O_develop/esmf/DEFAULTINSTALLDIR/lib/libO/Linux.nvhpc.64.openmpi.default/libesmf.so(esmf_fieldregridmod_getmeshwithnodesonfieldloc_+0x3b1)[0x2adf95d134f1]
[r4i3n21:02446] [ 7] /glade/scratch/theurich/ESMF-Nightly-Testing/nvhpc_21.11_openmpi_O_develop/esmf/DEFAULTINSTALLDIR/lib/libO/Linux.nvhpc.64.openmpi.default/libesmf.so(esmf_fieldregridmod_esmf_fieldregridstorenx_+0x9fc)[0x2adf95d119bc]
[r4i3n21:02446] [ 8] /glade/scratch/theurich/ESMF-Nightly-Testing/nvhpc_21.11_openmpi_O_develop/esmf/DEFAULTINSTALLDIR/lib/libO/Linux.nvhpc.64.openmpi.default/libesmf.so(esmf_fieldbundlemod_esmf_fieldbundleregridstorepair_+0x1bd6)[0x2adf95bf23d6]
[r4i3n21:02446] [ 9] /glade/scratch/theurich/ESMF-Nightly-Testing/nvhpc_21.11_openmpi_O_develop/esmf/DEFAULTINSTALLDIR/lib/libO/Linux.nvhpc.64.openmpi.default/libesmf.so(nuopc_connector_fieldbundlecplstore_+0x8fbd)[0x2adf96172ffd]
[r4i3n21:02446] [10] [r4i3n21:02447] *** Process received signal ***
[r4i3n21:02447] Signal: Segmentation fault (11)
[r4i3n21:02447] Signal code:  (-6)
[r4i3n21:02447] Failing at address: 0xb510000098f
[r4i3n21:02447] [ 0] /glade/u/apps/ch/os/lib64/libpthread.so.0(+0x11c00)[0x2ad34da82c00]
[r4i3n21:02447] [ 1] /glade/scratch/theurich/ESMF-Nightly-Testing/nvhpc_21.11_openmpi_O_develop/esmf/DEFAULTINSTALLDIR/lib/libO/Linux.nvhpc.64.openmpi.default/libesmf.so(_ZN5ESMCI6LogErr13MsgFoundErrorEiPKciS2_S2_Pi+0x34)[0x2ad348d000b4]
[r4i3n21:02447] [ 2] /glade/scratch/theurich/ESMF-Nightly-Testing/nvhpc_21.11_openmpi_O_develop/esmf/DEFAULTINSTALLDIR/lib/libO/Linux.nvhpc.64.openmpi.default/libesmf.so(c_esmc_meshcreatenodedistgrid_+0x5b)[0x2ad348e41f9b]
[r4i3n21:02447] [ 3] /glade/scratch/theurich/ESMF-Nightly-Testing/nvhpc_21.11_openmpi_O_develop/esmf/DEFAULTINSTALLDIR/lib/libO/Linux.nvhpc.64.openmpi.default/libesmf.so(esmf_meshmod_esmf_meshcreatefrompointer_+0x4c)[0x2ad34955e5cc]
[r4i3n21:02447] [ 4] /glade/scratch/theurich/ESMF-Nightly-Testing/nvhpc_21.11_openmpi_O_develop/esmf/DEFAULTINSTALLDIR/lib/libO/Linux.nvhpc.64.openmpi.default/libesmf.so(esmf_gridutilmod_esmf_gridtomesh_+0x32a)[0x2ad34943e4ea]
[r4i3n21:02447] [ 5] /glade/scratch/theurich/ESMF-Nightly-Testing/nvhpc_21.11_openmpi_O_develop/esmf/DEFAULTINSTALLDIR/lib/libO/Linux.nvhpc.64.openmpi.default/libesmf.so(esmf_fieldregridmod_b_or_p_gridtomesh_+0x155)[0x2ad349363155]
[r4i3n21:02447] [ 6] /glade/scratch/theurich/ESMF-Nightly-Testing/nvhpc_21.11_openmpi_O_develop/esmf/DEFAULTINSTALLDIR/lib/libO/Linux.nvhpc.64.openmpi.default/libesmf.so(esmf_fieldregridmod_getmeshwithnodesonfieldloc_+0x3b1)[0x2ad3493604f1]
[r4i3n21:02447] [ 7] /glade/scratch/theurich/ESMF-Nightly-Testing/nvhpc_21.11_openmpi_O_develop/esmf/DEFAULTINSTALLDIR/lib/libO/Linux.nvhpc.64.openmpi.default/libesmf.so(esmf_fieldregridmod_esmf_fieldregridstorenx_+0x9fc)[0x2ad34935e9bc]
[r4i3n21:02447] [ 8] /glade/scratch/theurich/ESMF-Nightly-Testing/nvhpc_21.11_openmpi_O_develop/esmf/DEFAULTINSTALLDIR/lib/libO/Linux.nvhpc.64.openmpi.default/libesmf.so(esmf_fieldbundlemod_esmf_fieldbundleregridstorepair_+0x1bd6)[0x2ad34923f3d6]
[r4i3n21:02447] [ 9] /glade/scratch/theurich/ESMF-Nightly-Testing/nvhpc_21.11_openmpi_O_develop/esmf/DEFAULTINSTALLDIR/lib/libO/Linux.nvhpc.64.openmpi.default/libesmf.so(nuopc_connector_fieldbundlecplstore_+0x8fbd)[0x2ad3497bfffd]
[r4i3n21:02447] [10] [r4i3n21:02448] [ 0] /glade/u/apps/ch/os/lib64/libpthread.so.0(+0x11c00)[0x2b732a4e6c00]
[r4i3n21:02448] [ 1] /glade/scratch/theurich/ESMF-Nightly-Testing/nvhpc_21.11_openmpi_O_develop/esmf/DEFAULTINSTALLDIR/lib/libO/Linux.nvhpc.64.openmpi.default/libesmf.so(_ZN5ESMCI6LogErr13MsgFoundErrorEiPKciS2_S2_Pi+0x34)[0x2b73257640b4]
[r4i3n21:02448] [ 2] /glade/scratch/theurich/ESMF-Nightly-Testing/nvhpc_21.11_openmpi_O_develop/esmf/DEFAULTINSTALLDIR/lib/libO/Linux.nvhpc.64.openmpi.default/libesmf.so(c_esmc_meshcreatenodedistgrid_+0x5b)[0x2b73258a5f9b]
[r4i3n21:02448] [ 3] /glade/scratch/theurich/ESMF-Nightly-Testing/nvhpc_21.11_openmpi_O_develop/esmf/DEFAULTINSTALLDIR/lib/libO/Linux.nvhpc.64.openmpi.default/libesmf.so(esmf_meshmod_esmf_meshcreatefrompointer_+0x4c)[0x2b7325fc25cc]
[r4i3n21:02448] [ 4] /glade/scratch/theurich/ESMF-Nightly-Testing/nvhpc_21.11_openmpi_O_develop/esmf/DEFAULTINSTALLDIR/lib/libO/Linux.nvhpc.64.openmpi.default/libesmf.so(esmf_gridutilmod_esmf_gridtomesh_+0x32a)[0x2b7325ea24ea]
[r4i3n21:02448] [ 5] /glade/scratch/theurich/ESMF-Nightly-Testing/nvhpc_21.11_openmpi_O_develop/esmf/DEFAULTINSTALLDIR/lib/libO/Linux.nvhpc.64.openmpi.default/libesmf.so(esmf_fieldregridmod_b_or_p_gridtomesh_+0x155)[0x2b7325dc7155]
[r4i3n21:02448] [ 6] /glade/scratch/theurich/ESMF-Nightly-Testing/nvhpc_21.11_openmpi_O_develop/esmf/DEFAULTINSTALLDIR/lib/libO/Linux.nvhpc.64.openmpi.default/libesmf.so(esmf_fieldregridmod_getmeshwithnodesonfieldloc_+0x3b1)[0x2b7325dc44f1]
[r4i3n21:02448] [ 7] /glade/scratch/theurich/ESMF-Nightly-Testing/nvhpc_21.11_openmpi_O_develop/esmf/DEFAULTINSTALLDIR/lib/libO/Linux.nvhpc.64.openmpi.default/libesmf.so(esmf_fieldregridmod_esmf_fieldregridstorenx_+0x9fc)[0x2b7325dc29bc]
[r4i3n21:02448] [ 8] /glade/scratch/theurich/ESMF-Nightly-Testing/nvhpc_21.11_openmpi_O_develop/esmf/DEFAULTINSTALLDIR/lib/libO/Linux.nvhpc.64.openmpi.default/libesmf.so(esmf_fieldbundlemod_esmf_fieldbundleregridstorepair_+0x1bd6)[0x2b7325ca33d6]
[r4i3n21:02448] [ 9] /glade/scratch/theurich/ESMF-Nightly-Testing/nvhpc_21.11_openmpi_O_develop/esmf/DEFAULTINSTALLDIR/lib/libO/Linux.nvhpc.64.openmpi.default/libesmf.so(nuopc_connector_fieldbundlecplstore_+0x8fbd)[0x2b7326223ffd]
[r4i3n21:02448] [10] /glade/scratch/theurich/ESMF-Nightly-Testing/nvhpc_21.11_openmpi_O_develop/esmf/DEFAULTINSTALLDIR/lib/libO/Linux.nvhpc.64.openmpi.default/libesmf.so(nuopc_connector_initializeipdv05p6b_+0x4d7e)[0x2b52996ab43e]
[r4i3n21:02445] [11] /glade/scratch/theurich/ESMF-Nightly-Testing/nvhpc_21.11_openmpi_O_develop/esmf/DEFAULTINSTALLDIR/lib/libO/Linux.nvhpc.64.openmpi.default/libesmf.so(nuopc_connector_initializeipdv05p6b_+0x4d7e)[0x2adf9615d43e]
[r4i3n21:02446] [11] /glade/scratch/theurich/ESMF-Nightly-Testing/nvhpc_21.11_openmpi_O_develop/esmf/DEFAULTINSTALLDIR/lib/libO/Linux.nvhpc.64.openmpi.default/libesmf.so(nuopc_connector_initializeipdv05p6b_+0x4d7e)[0x2b732620e43e]
[r4i3n21:02448] [11] /glade/scratch/theurich/ESMF-Nightly-Testing/nvhpc_21.11_openmpi_O_develop/esmf/DEFAULTINSTALLDIR/lib/libO/Linux.nvhpc.64.openmpi.default/libesmf.so(nuopc_connector_initializeipdv05p6b_+0x4d7e)[0x2ad3497aa43e]
[r4i3n21:02447] [11] /glade/scratch/theurich/ESMF-Nightly-Testing/nvhpc_21.11_openmpi_O_develop/esmf/DEFAULTINSTALLDIR/lib/libO/Linux.nvhpc.64.openmpi.default/libesmf.so(_ZN5ESMCI6FTable12callVFuncPtrEPKcPNS_2VMEPi+0x4d7)[0x2b732568e297]
[r4i3n21:02448] [12] /glade/scratch/theurich/ESMF-Nightly-Testing/nvhpc_21.11_openmpi_O_develop/esmf/DEFAULTINSTALLDIR/lib/libO/Linux.nvhpc.64.openmpi.default/libesmf.so(_ZN5ESMCI6FTable12callVFuncPtrEPKcPNS_2VMEPi+0x4d7)[0x2adf955dd297]
[r4i3n21:02446] [12] /glade/scratch/theurich/ESMF-Nightly-Testing/nvhpc_21.11_openmpi_O_develop/esmf/DEFAULTINSTALLDIR/lib/libO/Linux.nvhpc.64.openmpi.default/libesmf.so(_ZN5ESMCI6FTable12callVFuncPtrEPKcPNS_2VMEPi+0x4d7)[0x2b5298b2b297]
[r4i3n21:02445] [12] /glade/scratch/theurich/ESMF-Nightly-Testing/nvhpc_21.11_openmpi_O_develop/esmf/DEFAULTINSTALLDIR/lib/libO/Linux.nvhpc.64.openmpi.default/libesmf.so(_ZN5ESMCI6FTable12callVFuncPtrEPKcPNS_2VMEPi+0x4d7)[0x2ad348c2a297]
[r4i3n21:02447] [12] /glade/scratch/theurich/ESMF-Nightly-Testing/nvhpc_21.11_openmpi_O_develop/esmf/DEFAULTINSTALLDIR/lib/libO/Linux.nvhpc.64.openmpi.default/libesmf.so(ESMCI_FTableCallEntryPointVMHop+0x1de)[0x2b5298b291de]
[r4i3n21:02445] [13] /glade/scratch/theurich/ESMF-Nightly-Testing/nvhpc_21.11_openmpi_O_develop/esmf/DEFAULTINSTALLDIR/lib/libO/Linux.nvhpc.64.openmpi.default/libesmf.so(ESMCI_FTableCallEntryPointVMHop+0x1de)[0x2b732568c1de]
[r4i3n21:02448] [13] /glade/scratch/theurich/ESMF-Nightly-Testing/nvhpc_21.11_openmpi_O_develop/esmf/DEFAULTINSTALLDIR/lib/libO/Linux.nvhpc.64.openmpi.default/libesmf.so(ESMCI_FTableCallEntryPointVMHop+0x1de)[0x2adf955db1de]
[r4i3n21:02446] [13] /glade/scratch/theurich/ESMF-Nightly-Testing/nvhpc_21.11_openmpi_O_develop/esmf/DEFAULTINSTALLDIR/lib/libO/Linux.nvhpc.64.openmpi.default/libesmf.so(ESMCI_FTableCallEntryPointVMHop+0x1de)[0x2ad348c281de]
[r4i3n21:02447] [13] /glade/scratch/theurich/ESMF-Nightly-Testing/nvhpc_21.11_openmpi_O_develop/esmf/DEFAULTINSTALLDIR/lib/libO/Linux.nvhpc.64.openmpi.default/libesmf.so(_ZN5ESMCI2VM5enterEPNS_6VMPlanEPvS3_+0x18)[0x2adf9599fd98]
[r4i3n21:02446] [14] /glade/scratch/theurich/ESMF-Nightly-Testing/nvhpc_21.11_openmpi_O_develop/esmf/DEFAULTINSTALLDIR/lib/libO/Linux.nvhpc.64.openmpi.default/libesmf.so(_ZN5ESMCI2VM5enterEPNS_6VMPlanEPvS3_+0x18)[0x2b5298eedd98]
[r4i3n21:02445] [14] /glade/scratch/theurich/ESMF-Nightly-Testing/nvhpc_21.11_openmpi_O_develop/esmf/DEFAULTINSTALLDIR/lib/libO/Linux.nvhpc.64.openmpi.default/libesmf.so(_ZN5ESMCI2VM5enterEPNS_6VMPlanEPvS3_+0x18)[0x2b7325a50d98]
[r4i3n21:02448] [14] /glade/scratch/theurich/ESMF-Nightly-Testing/nvhpc_21.11_openmpi_O_develop/esmf/DEFAULTINSTALLDIR/lib/libO/Linux.nvhpc.64.openmpi.default/libesmf.so(_ZN5ESMCI2VM5enterEPNS_6VMPlanEPvS3_+0x18)[0x2ad348fecd98]
[r4i3n21:02447] [14] /glade/scratch/theurich/ESMF-Nightly-Testing/nvhpc_21.11_openmpi_O_develop/esmf/DEFAULTINSTALLDIR/lib/libO/Linux.nvhpc.64.openmpi.default/libesmf.so(c_esmc_ftablecallentrypointvm_+0x35b)[0x2b732568c5db]
[r4i3n21:02448] [15] /glade/scratch/theurich/ESMF-Nightly-Testing/nvhpc_21.11_openmpi_O_develop/esmf/DEFAULTINSTALLDIR/lib/libO/Linux.nvhpc.64.openmpi.default/libesmf.so(c_esmc_ftablecallentrypointvm_+0x35b)[0x2adf955db5db]
[r4i3n21:02446] [15] /glade/scratch/theurich/ESMF-Nightly-Testing/nvhpc_21.11_openmpi_O_develop/esmf/DEFAULTINSTALLDIR/lib/libO/Linux.nvhpc.64.openmpi.default/libesmf.so(c_esmc_ftablecallentrypointvm_+0x35b)[0x2b5298b295db]
[r4i3n21:02445] [15] /glade/scratch/theurich/ESMF-Nightly-Testing/nvhpc_21.11_openmpi_O_develop/esmf/DEFAULTINSTALLDIR/lib/libO/Linux.nvhpc.64.openmpi.default/libesmf.so(c_esmc_ftablecallentrypointvm_+0x35b)[0x2ad348c285db]
[r4i3n21:02447] [15] /glade/scratch/theurich/ESMF-Nightly-Testing/nvhpc_21.11_openmpi_O_develop/esmf/DEFAULTINSTALLDIR/lib/libO/Linux.nvhpc.64.openmpi.default/libesmf.so(esmf_compmod_esmf_compexecute_+0x7e1)[0x2b52990d1321]
[r4i3n21:02445] [16] /glade/scratch/theurich/ESMF-Nightly-Testing/nvhpc_21.11_openmpi_O_develop/esmf/DEFAULTINSTALLDIR/lib/libO/Linux.nvhpc.64.openmpi.default/libesmf.so(esmf_compmod_esmf_compexecute_+0x7e1)[0x2b7325c34321]
[r4i3n21:02448] [16] /glade/scratch/theurich/ESMF-Nightly-Testing/nvhpc_21.11_openmpi_O_develop/esmf/DEFAULTINSTALLDIR/lib/libO/Linux.nvhpc.64.openmpi.default/libesmf.so(esmf_compmod_esmf_compexecute_+0x7e1)[0x2adf95b83321]
[r4i3n21:02446] [16] /glade/scratch/theurich/ESMF-Nightly-Testing/nvhpc_21.11_openmpi_O_develop/esmf/DEFAULTINSTALLDIR/lib/libO/Linux.nvhpc.64.openmpi.default/libesmf.so(esmf_compmod_esmf_compexecute_+0x7e1)[0x2ad3491d0321]
[r4i3n21:02447] [16] /glade/scratch/theurich/ESMF-Nightly-Testing/nvhpc_21.11_openmpi_O_develop/esmf/DEFAULTINSTALLDIR/lib/libO/Linux.nvhpc.64.openmpi.default/libesmf.so(esmf_cplcompmod_esmf_cplcompinitialize_+0x159)[0x2adf95b96019]
[r4i3n21:02446] [17] /glade/scratch/theurich/ESMF-Nightly-Testing/nvhpc_21.11_openmpi_O_develop/esmf/DEFAULTINSTALLDIR/lib/libO/Linux.nvhpc.64.openmpi.default/libesmf.so(esmf_cplcompmod_esmf_cplcompinitialize_+0x159)[0x2b52990e4019]
[r4i3n21:02445] [17] /glade/scratch/theurich/ESMF-Nightly-Testing/nvhpc_21.11_openmpi_O_develop/esmf/DEFAULTINSTALLDIR/lib/libO/Linux.nvhpc.64.openmpi.default/libesmf.so(esmf_cplcompmod_esmf_cplcompinitialize_+0x159)[0x2b7325c47019]
[r4i3n21:02448] [17] /glade/scratch/theurich/ESMF-Nightly-Testing/nvhpc_21.11_openmpi_O_develop/esmf/DEFAULTINSTALLDIR/lib/libO/Linux.nvhpc.64.openmpi.default/libesmf.so(esmf_cplcompmod_esmf_cplcompinitialize_+0x159)[0x2ad3491e3019]
[r4i3n21:02447] [17] /glade/scratch/theurich/ESMF-Nightly-Testing/nvhpc_21.11_openmpi_O_develop/esmf/DEFAULTINSTALLDIR/lib/libO/Linux.nvhpc.64.openmpi.default/libesmf.so(nuopc_driver_loopconnectorcompss_+0xea9)[0x2b7326243669]
[r4i3n21:02448] [18] /glade/scratch/theurich/ESMF-Nightly-Testing/nvhpc_21.11_openmpi_O_develop/esmf/DEFAULTINSTALLDIR/lib/libO/Linux.nvhpc.64.openmpi.default/libesmf.so(nuopc_driver_loopconnectorcompss_+0xea9)[0x2adf96192669]
[r4i3n21:02446] [18] /glade/scratch/theurich/ESMF-Nightly-Testing/nvhpc_21.11_openmpi_O_develop/esmf/DEFAULTINSTALLDIR/lib/libO/Linux.nvhpc.64.openmpi.default/libesmf.so(nuopc_driver_loopconnectorcompss_+0xea9)[0x2b52996e0669]
[r4i3n21:02445] [18] /glade/scratch/theurich/ESMF-Nightly-Testing/nvhpc_21.11_openmpi_O_develop/esmf/DEFAULTINSTALLDIR/lib/libO/Linux.nvhpc.64.openmpi.default/libesmf.so(nuopc_driver_loopconnectorcompss_+0xea9)[0x2ad3497df669]
[r4i3n21:02447] [18] /glade/scratch/theurich/ESMF-Nightly-Testing/nvhpc_21.11_openmpi_O_develop/esmf/DEFAULTINSTALLDIR/lib/libO/Linux.nvhpc.64.openmpi.default/libesmf.so(nuopc_driver_initializeipdv02p3_+0x2ee4)[0x2b52996d7c64]
[r4i3n21:02445] [19] /glade/scratch/theurich/ESMF-Nightly-Testing/nvhpc_21.11_openmpi_O_develop/esmf/DEFAULTINSTALLDIR/lib/libO/Linux.nvhpc.64.openmpi.default/libesmf.so(nuopc_driver_initializeipdv02p3_+0x2ee4)[0x2b732623ac64]
[r4i3n21:02448] [19] /glade/scratch/theurich/ESMF-Nightly-Testing/nvhpc_21.11_openmpi_O_develop/esmf/DEFAULTINSTALLDIR/lib/libO/Linux.nvhpc.64.openmpi.default/libesmf.so(nuopc_driver_initializeipdv02p3_+0x2ee4)[0x2adf96189c64]
[r4i3n21:02446] [19] /glade/scratch/theurich/ESMF-Nightly-Testing/nvhpc_21.11_openmpi_O_develop/esmf/DEFAULTINSTALLDIR/lib/libO/Linux.nvhpc.64.openmpi.default/libesmf.so(nuopc_driver_initializeipdv02p3_+0x2ee4)[0x2ad3497d6c64]
[r4i3n21:02447] [19] /glade/scratch/theurich/ESMF-Nightly-Testing/nvhpc_21.11_openmpi_O_develop/esmf/DEFAULTINSTALLDIR/lib/libO/Linux.nvhpc.64.openmpi.default/libesmf.so(nuopc_driver_initializegeneric_+0x5f4)[0x2adf96178634]
[r4i3n21:02446] [20] /glade/scratch/theurich/ESMF-Nightly-Testing/nvhpc_21.11_openmpi_O_develop/esmf/DEFAULTINSTALLDIR/lib/libO/Linux.nvhpc.64.openmpi.default/libesmf.so(nuopc_driver_initializegeneric_+0x5f4)[0x2b52996c6634]
[r4i3n21:02445] [20] /glade/scratch/theurich/ESMF-Nightly-Testing/nvhpc_21.11_openmpi_O_develop/esmf/DEFAULTINSTALLDIR/lib/libO/Linux.nvhpc.64.openmpi.default/libesmf.so(nuopc_driver_initializegeneric_+0x5f4)[0x2b7326229634]
[r4i3n21:02448] [20] /glade/scratch/theurich/ESMF-Nightly-Testing/nvhpc_21.11_openmpi_O_develop/esmf/DEFAULTINSTALLDIR/lib/libO/Linux.nvhpc.64.openmpi.default/libesmf.so(nuopc_driver_initializegeneric_+0x5f4)[0x2ad3497c5634]
[r4i3n21:02447] [20] /glade/scratch/theurich/ESMF-Nightly-Testing/nvhpc_21.11_openmpi_O_develop/esmf/DEFAULTINSTALLDIR/lib/libO/Linux.nvhpc.64.openmpi.default/libesmf.so(_ZN5ESMCI6FTable12callVFuncPtrEPKcPNS_2VMEPi+0x4d7)[0x2b732568e297]
[r4i3n21:02448] [21] /glade/scratch/theurich/ESMF-Nightly-Testing/nvhpc_21.11_openmpi_O_develop/esmf/DEFAULTINSTALLDIR/lib/libO/Linux.nvhpc.64.openmpi.default/libesmf.so(_ZN5ESMCI6FTable12callVFuncPtrEPKcPNS_2VMEPi+0x4d7)[0x2adf955dd297]
[r4i3n21:02446] [21] /glade/scratch/theurich/ESMF-Nightly-Testing/nvhpc_21.11_openmpi_O_develop/esmf/DEFAULTINSTALLDIR/lib/libO/Linux.nvhpc.64.openmpi.default/libesmf.so(_ZN5ESMCI6FTable12callVFuncPtrEPKcPNS_2VMEPi+0x4d7)[0x2b5298b2b297]
[r4i3n21:02445] [21] /glade/scratch/theurich/ESMF-Nightly-Testing/nvhpc_21.11_openmpi_O_develop/esmf/DEFAULTINSTALLDIR/lib/libO/Linux.nvhpc.64.openmpi.default/libesmf.so(_ZN5ESMCI6FTable12callVFuncPtrEPKcPNS_2VMEPi+0x4d7)[0x2ad348c2a297]
[r4i3n21:02447] [21] /glade/scratch/theurich/ESMF-Nightly-Testing/nvhpc_21.11_openmpi_O_develop/esmf/DEFAULTINSTALLDIR/lib/libO/Linux.nvhpc.64.openmpi.default/libesmf.so(ESMCI_FTableCallEntryPointVMHop+0x1de)[0x2b5298b291de]
[r4i3n21:02445] [22] /glade/scratch/theurich/ESMF-Nightly-Testing/nvhpc_21.11_openmpi_O_develop/esmf/DEFAULTINSTALLDIR/lib/libO/Linux.nvhpc.64.openmpi.default/libesmf.so(ESMCI_FTableCallEntryPointVMHop+0x1de)[0x2b732568c1de]
[r4i3n21:02448] [22] /glade/scratch/theurich/ESMF-Nightly-Testing/nvhpc_21.11_openmpi_O_develop/esmf/DEFAULTINSTALLDIR/lib/libO/Linux.nvhpc.64.openmpi.default/libesmf.so(ESMCI_FTableCallEntryPointVMHop+0x1de)[0x2adf955db1de]
[r4i3n21:02446] [22] /glade/scratch/theurich/ESMF-Nightly-Testing/nvhpc_21.11_openmpi_O_develop/esmf/DEFAULTINSTALLDIR/lib/libO/Linux.nvhpc.64.openmpi.default/libesmf.so(ESMCI_FTableCallEntryPointVMHop+0x1de)[0x2ad348c281de]
[r4i3n21:02447] [22] /glade/scratch/theurich/ESMF-Nightly-Testing/nvhpc_21.11_openmpi_O_develop/esmf/DEFAULTINSTALLDIR/lib/libO/Linux.nvhpc.64.openmpi.default/libesmf.so(_ZN5ESMCI2VM5enterEPNS_6VMPlanEPvS3_+0x18)[0x2adf9599fd98]
[r4i3n21:02446] [23] /glade/scratch/theurich/ESMF-Nightly-Testing/nvhpc_21.11_openmpi_O_develop/esmf/DEFAULTINSTALLDIR/lib/libO/Linux.nvhpc.64.openmpi.default/libesmf.so(_ZN5ESMCI2VM5enterEPNS_6VMPlanEPvS3_+0x18)[0x2b5298eedd98]
[r4i3n21:02445] [23] /glade/scratch/theurich/ESMF-Nightly-Testing/nvhpc_21.11_openmpi_O_develop/esmf/DEFAULTINSTALLDIR/lib/libO/Linux.nvhpc.64.openmpi.default/libesmf.so(_ZN5ESMCI2VM5enterEPNS_6VMPlanEPvS3_+0x18)[0x2b7325a50d98]
[r4i3n21:02448] [23] /glade/scratch/theurich/ESMF-Nightly-Testing/nvhpc_21.11_openmpi_O_develop/esmf/DEFAULTINSTALLDIR/lib/libO/Linux.nvhpc.64.openmpi.default/libesmf.so(_ZN5ESMCI2VM5enterEPNS_6VMPlanEPvS3_+0x18)[0x2ad348fecd98]
[r4i3n21:02447] [23] /glade/scratch/theurich/ESMF-Nightly-Testing/nvhpc_21.11_openmpi_O_develop/esmf/DEFAULTINSTALLDIR/lib/libO/Linux.nvhpc.64.openmpi.default/libesmf.so(c_esmc_ftablecallentrypointvm_+0x35b)[0x2b732568c5db]
[r4i3n21:02448] [24] /glade/scratch/theurich/ESMF-Nightly-Testing/nvhpc_21.11_openmpi_O_develop/esmf/DEFAULTINSTALLDIR/lib/libO/Linux.nvhpc.64.openmpi.default/libesmf.so(c_esmc_ftablecallentrypointvm_+0x35b)[0x2adf955db5db]
[r4i3n21:02446] [24] /glade/scratch/theurich/ESMF-Nightly-Testing/nvhpc_21.11_openmpi_O_develop/esmf/DEFAULTINSTALLDIR/lib/libO/Linux.nvhpc.64.openmpi.default/libesmf.so(c_esmc_ftablecallentrypointvm_+0x35b)[0x2b5298b295db]
[r4i3n21:02445] [24] /glade/scratch/theurich/ESMF-Nightly-Testing/nvhpc_21.11_openmpi_O_develop/esmf/DEFAULTINSTALLDIR/lib/libO/Linux.nvhpc.64.openmpi.default/libesmf.so(c_esmc_ftablecallentrypointvm_+0x35b)[0x2ad348c285db]
[r4i3n21:02447] [24] /glade/scratch/theurich/ESMF-Nightly-Testing/nvhpc_21.11_openmpi_O_develop/esmf/DEFAULTINSTALLDIR/lib/libO/Linux.nvhpc.64.openmpi.default/libesmf.so(esmf_compmod_esmf_compexecute_+0x7e1)[0x2b52990d1321]
[r4i3n21:02445] [25] /glade/scratch/theurich/ESMF-Nightly-Testing/nvhpc_21.11_openmpi_O_develop/esmf/DEFAULTINSTALLDIR/lib/libO/Linux.nvhpc.64.openmpi.default/libesmf.so(esmf_compmod_esmf_compexecute_+0x7e1)[0x2b7325c34321]
[r4i3n21:02448] [25] /glade/scratch/theurich/ESMF-Nightly-Testing/nvhpc_21.11_openmpi_O_develop/esmf/DEFAULTINSTALLDIR/lib/libO/Linux.nvhpc.64.openmpi.default/libesmf.so(esmf_compmod_esmf_compexecute_+0x7e1)[0x2adf95b83321]
[r4i3n21:02446] [25] /glade/scratch/theurich/ESMF-Nightly-Testing/nvhpc_21.11_openmpi_O_develop/esmf/DEFAULTINSTALLDIR/lib/libO/Linux.nvhpc.64.openmpi.default/libesmf.so(esmf_compmod_esmf_compexecute_+0x7e1)[0x2ad3491d0321]
[r4i3n21:02447] [25] /glade/scratch/theurich/ESMF-Nightly-Testing/nvhpc_21.11_openmpi_O_develop/esmf/DEFAULTINSTALLDIR/lib/libO/Linux.nvhpc.64.openmpi.default/libesmf.so(esmf_gridcompmod_esmf_gridcompinitialize_+0x159)[0x2adf95d58719]
[r4i3n21:02446] [26] ./mainApp[0x405f46]
[r4i3n21:02446] [27] ./mainApp[0x405bb3]
[r4i3n21:02446] [28] /glade/scratch/theurich/ESMF-Nightly-Testing/nvhpc_21.11_openmpi_O_develop/esmf/DEFAULTINSTALLDIR/lib/libO/Linux.nvhpc.64.openmpi.default/libesmf.so(esmf_gridcompmod_esmf_gridcompinitialize_+0x159)[0x2b52992a6719]
[r4i3n21:02445] [26] ./mainApp[0x405f46]
[r4i3n21:02445] [27] ./mainApp[0x405bb3]
[r4i3n21:02445] [28] /glade/scratch/theurich/ESMF-Nightly-Testing/nvhpc_21.11_openmpi_O_develop/esmf/DEFAULTINSTALLDIR/lib/libO/Linux.nvhpc.64.openmpi.default/libesmf.so(esmf_gridcompmod_esmf_gridcompinitialize_+0x159)[0x2b7325e09719]
[r4i3n21:02448] [26] ./mainApp[0x405f46]
[r4i3n21:02448] [27] ./mainApp[0x405bb3]
[r4i3n21:02448] [28] /glade/scratch/theurich/ESMF-Nightly-Testing/nvhpc_21.11_openmpi_O_develop/esmf/DEFAULTINSTALLDIR/lib/libO/Linux.nvhpc.64.openmpi.default/libesmf.so(esmf_gridcompmod_esmf_gridcompinitialize_+0x159)[0x2ad3493a5719]
[r4i3n21:02447] [26] ./mainApp[0x405f46]
[r4i3n21:02447] [27] ./mainApp[0x405bb3]
[r4i3n21:02447] [28] /glade/u/apps/ch/os/lib64/libc.so.6(__libc_start_main+0xf5)[0x2b732adb7a35]
[r4i3n21:02448] [29] ./mainApp[0x405aa9]
[r4i3n21:02448] *** End of error message ***
/glade/u/apps/ch/os/lib64/libc.so.6(__libc_start_main+0xf5)[0x2adf9ad06a35]
[r4i3n21:02446] [29] ./mainApp[0x405aa9]
[r4i3n21:02446] *** End of error message ***
/glade/u/apps/ch/os/lib64/libc.so.6(__libc_start_main+0xf5)[0x2b529e254a35]
[r4i3n21:02445] [29] ./mainApp[0x405aa9]
[r4i3n21:02445] *** End of error message ***
/glade/u/apps/ch/os/lib64/libc.so.6(__libc_start_main+0xf5)[0x2ad34e353a35]
[r4i3n21:02447] [29] ./mainApp[0x405aa9]
[r4i3n21:02447] *** End of error message ***
--------------------------------------------------------------------------
Primary job  terminated normally, but 1 process returned
a non-zero exit code. Per user-direction, the job has been aborted.
--------------------------------------------------------------------------
--------------------------------------------------------------------------
mpirun noticed that process rank 1 with PID 0 on node r4i3n21 exited on signal 11 (Segmentation fault).
--------------------------------------------------------------------------
