2023-03-25 04:42:30
20230325 062029.527 INFO             PET0 !!!!!!!!!!!!!!!!!!!!!!!!!!!!!!!!!!!!!!!!!!!!!!!!!!!!!!
20230325 062029.527 INFO             PET0 !!! THE ESMF_LOG IS SET TO OUTPUT ALL LOG MESSAGES !!!
20230325 062029.527 INFO             PET0 !!!     THIS MAY CAUSE SLOWDOWN IN PERFORMANCE     !!!
20230325 062029.527 INFO             PET0 !!! FOR PRODUCTION RUNS, USE:                      !!!
20230325 062029.527 INFO             PET0 !!!                   ESMF_LOGKIND_Multi_On_Error  !!!
20230325 062029.527 INFO             PET0 !!!!!!!!!!!!!!!!!!!!!!!!!!!!!!!!!!!!!!!!!!!!!!!!!!!!!!
20230325 062029.527 INFO             PET0 Running with ESMF Version   : v8.5.0b18-5-ge74a33b91d
20230325 062029.527 INFO             PET0 ESMF library build date/time: "Mar 25 2023" "04:39:30"
20230325 062029.527 INFO             PET0 ESMF library build location : /glade/scratch/theurich/ESMF-Nightly-Testing/nvhpc_22.2_mpt_O_develop/esmf
20230325 062029.527 INFO             PET0 ESMF_COMM                   : mpt
20230325 062029.528 INFO             PET0 ESMF_MOAB                   : enabled
20230325 062029.528 INFO             PET0 ESMF_LAPACK                 : enabled
20230325 062029.528 INFO             PET0 ESMF_NETCDF                 : enabled
20230325 062029.528 INFO             PET0 ESMF_PNETCDF                : disabled
20230325 062029.528 INFO             PET0 ESMF_PIO                    : enabled
20230325 062029.528 INFO             PET0 ESMF_YAMLCPP                : enabled
20230325 062029.528 INFO             PET0 esmApp STARTING
20230325 062029.530 INFO             PET0 esm: InitializeGeneric intro.
20230325 062029.530 INFO             PET0   esm: InitializeP0 intro.
20230325 062029.530 INFO             PET0   esm: InitializeP0 extro.
20230325 062029.530 INFO             PET0   esm: InitializeIPDv02p1 intro.
20230325 062029.530 INFO             PET0     >>>esm: entered Initialize (phase=<none>) without valid internal Clock.
20230325 062029.531 INFO             PET0     esm - Creating model component ATM without petList.
20230325 062029.532 INFO             PET0     esm - Creating model component OCN without petList.
20230325 062029.534 INFO             PET0     esm - Creating connector component ATM-TO-OCN without petList.
20230325 062029.536 INFO             PET0     esm - Creating connector component OCN-TO-ATM without petList.
20230325 062029.539 INFO             PET0     esm - Creating state: modelComp 1 Import State
20230325 062029.539 INFO             PET0     esm - Creating state: modelComp 1 Export State
20230325 062029.539 INFO             PET0     esm - Creating state: modelComp 2 Import State
20230325 062029.539 INFO             PET0     esm - Creating state: modelComp 2 Export State
20230325 062029.539 INFO             PET0     ATM: InitializeP0 intro.
20230325 062029.540 INFO             PET0     ATM: InitializeP0 extro.
20230325 062029.540 INFO             PET0     OCN: InitializeP0 intro.
20230325 062029.540 INFO             PET0     OCN: InitializeP0 extro.
20230325 062029.541 INFO             PET0     ATM-TO-OCN: InitializeP0 intro.
20230325 062029.541 INFO             PET0     ATM-TO-OCN: InitializeP0 extro.
20230325 062029.541 INFO             PET0     OCN-TO-ATM: InitializeP0 intro.
20230325 062029.542 INFO             PET0     OCN-TO-ATM: InitializeP0 extro.
20230325 062029.542 INFO             PET0     esm: IInitAdvertise intro.
20230325 062029.542 INFO             PET0     esm: IInitAdvertise extro.
20230325 062029.542 INFO             PET0     ATM: InitializeIPDvXp01 intro.
20230325 062029.544 INFO             PET0     ATM: InitializeIPDvXp01 extro.
20230325 062029.544 INFO             PET0     OCN: InitializeIPDvXp01 intro.
20230325 062029.545 INFO             PET0     OCN: InitializeIPDvXp01 extro.
20230325 062029.546 INFO             PET0     ATM-TO-OCN: InitializeIPDv05p1 intro.
20230325 062029.547 INFO             PET0     ATM-TO-OCN: InitializeIPDv05p1 extro.
20230325 062029.547 INFO             PET0     OCN-TO-ATM: InitializeIPDv05p1 intro.
20230325 062029.549 INFO             PET0     OCN-TO-ATM: InitializeIPDv05p1 extro.
20230325 062029.549 INFO             PET0     esm: IInitAdvertiseFinish intro.
20230325 062029.549 INFO             PET0     esm: IInitAdvertiseFinish extro.
20230325 062029.549 INFO             PET0     ATM-TO-OCN: InitializeIPDv05p2a intro.
20230325 062029.550 INFO             PET0     ATM-TO-OCN: InitializeIPDv05p2a extro.
20230325 062029.550 INFO             PET0     OCN-TO-ATM: InitializeIPDv05p2a intro.
20230325 062029.551 INFO             PET0     OCN-TO-ATM: InitializeIPDv05p2a extro.
20230325 062029.551 INFO             PET0     ATM-TO-OCN: InitializeIPDv05p2b intro.
20230325 062029.553 INFO             PET0     ATM-TO-OCN: InitializeIPDv05p2b extro.
20230325 062029.555 INFO             PET0     OCN-TO-ATM: InitializeIPDv05p2b intro.
20230325 062029.556 INFO             PET0     OCN-TO-ATM: InitializeIPDv05p2b extro.
20230325 062029.556 INFO             PET0     esm: IInitModifyCplLists intro.
20230325 062029.556 INFO             PET0     esm: IInitModifyCplLists extro.
20230325 062029.556 INFO             PET0     ATM-TO-OCN: InitializeIPDv05p3 intro.
20230325 062029.558 INFO             PET0     ATM-TO-OCN: InitializeIPDv05p3 extro.
20230325 062029.558 INFO             PET0     OCN-TO-ATM: InitializeIPDv05p3 intro.
20230325 062029.559 INFO             PET0     OCN-TO-ATM: InitializeIPDv05p3 extro.
20230325 062029.559 INFO             PET0     <<<esm: leaving Initialize (phase=<none>) with current time: 2010  6  1  0  0  0   0
20230325 062029.559 INFO             PET0   esm: InitializeIPDv02p1 extro.
20230325 062029.559 INFO             PET0   esm: InitializeIPDv02p3 intro.
20230325 062029.559 INFO             PET0     >>>esm: entered Initialize (phase=<none>) with current time: 2010  6  1  0  0  0   0
20230325 062029.559 INFO             PET0     esm: IInitCheck intro.
20230325 062029.559 INFO             PET0     esm: IInitCheck extro.
20230325 062029.559 INFO             PET0     atmA: InitializeIPDvXp04 intro.
20230325 062029.562 INFO             PET0     atmA: InitializeIPDvXp04 extro.
20230325 062029.562 INFO             PET0     ocnA: InitializeIPDvXp04 intro.
20230325 062029.564 INFO             PET0     ocnA: InitializeIPDvXp04 extro.
20230325 062029.564 INFO             PET0     ATM-TO-OCN: InitializeIPDv05p4 intro.
20230325 062029.567 INFO             PET0     ATM-TO-OCN: InitializeIPDv05p4 extro.
20230325 062029.567 INFO             PET0     OCN-TO-ATM: InitializeIPDv05p4 intro.
20230325 062029.568 INFO             PET0     OCN-TO-ATM: InitializeIPDv05p4 extro.
20230325 062029.569 INFO             PET0     ATM-TO-OCN: InitializeIPDv05p5 intro.
20230325 062029.571 INFO             PET0     ATM-TO-OCN: InitializeIPDv05p5 extro.
20230325 062029.571 INFO             PET0     OCN-TO-ATM: InitializeIPDv05p5 intro.
20230325 062029.572 INFO             PET0     OCN-TO-ATM: InitializeIPDv05p5 extro.
20230325 062029.572 INFO             PET0     esm: IInitRealize intro.
20230325 062029.572 INFO             PET0     esm: IInitRealize extro.
20230325 062029.573 INFO             PET0     ATM-TO-OCN: InitializeIPDv05p6a intro.
20230325 062029.575 INFO             PET0     ATM-TO-OCN: InitializeIPDv05p6a extro.
20230325 062130.661 INFO             PET0 !!!!!!!!!!!!!!!!!!!!!!!!!!!!!!!!!!!!!!!!!!!!!!!!!!!!!!
20230325 062130.661 INFO             PET0 !!! THE ESMF_LOG IS SET TO OUTPUT ALL LOG MESSAGES !!!
20230325 062130.661 INFO             PET0 !!!     THIS MAY CAUSE SLOWDOWN IN PERFORMANCE     !!!
20230325 062130.661 INFO             PET0 !!! FOR PRODUCTION RUNS, USE:                      !!!
20230325 062130.661 INFO             PET0 !!!                   ESMF_LOGKIND_Multi_On_Error  !!!
20230325 062130.661 INFO             PET0 !!!!!!!!!!!!!!!!!!!!!!!!!!!!!!!!!!!!!!!!!!!!!!!!!!!!!!
20230325 062130.661 INFO             PET0 Running with ESMF Version   : v8.5.0b18-5-ge74a33b91d
20230325 062130.661 INFO             PET0 ESMF library build date/time: "Mar 25 2023" "04:39:30"
20230325 062130.661 INFO             PET0 ESMF library build location : /glade/scratch/theurich/ESMF-Nightly-Testing/nvhpc_22.2_mpt_O_develop/esmf
20230325 062130.661 INFO             PET0 ESMF_COMM                   : mpt
20230325 062130.662 INFO             PET0 ESMF_MOAB                   : enabled
20230325 062130.662 INFO             PET0 ESMF_LAPACK                 : enabled
20230325 062130.662 INFO             PET0 ESMF_NETCDF                 : enabled
20230325 062130.662 INFO             PET0 ESMF_PNETCDF                : disabled
20230325 062130.662 INFO             PET0 ESMF_PIO                    : enabled
20230325 062130.662 INFO             PET0 ESMF_YAMLCPP                : enabled
20230325 062130.662 INFO             PET0 esmApp STARTING
20230325 062130.664 INFO             PET0 esm: InitializeGeneric intro.
20230325 062130.664 INFO             PET0   esm: InitializeP0 intro.
20230325 062130.664 INFO             PET0   esm: InitializeP0 extro.
20230325 062130.664 INFO             PET0   esm: InitializeIPDv02p1 intro.
20230325 062130.664 INFO             PET0     >>>esm: entered Initialize (phase=<none>) without valid internal Clock.
20230325 062130.665 INFO             PET0     esm - Creating model component ATM without petList.
20230325 062130.666 INFO             PET0     esm - Creating model component OCN without petList.
20230325 062130.667 INFO             PET0     esm - Creating connector component ATM-TO-OCN without petList.
20230325 062130.669 INFO             PET0     esm - Creating connector component OCN-TO-ATM without petList.
20230325 062130.672 INFO             PET0     esm - Creating state: modelComp 1 Import State
20230325 062130.672 INFO             PET0     esm - Creating state: modelComp 1 Export State
20230325 062130.672 INFO             PET0     esm - Creating state: modelComp 2 Import State
20230325 062130.672 INFO             PET0     esm - Creating state: modelComp 2 Export State
20230325 062130.673 INFO             PET0     ATM: InitializeP0 intro.
20230325 062130.673 INFO             PET0     ATM: InitializeP0 extro.
20230325 062130.673 INFO             PET0     OCN: InitializeP0 intro.
20230325 062130.674 INFO             PET0     OCN: InitializeP0 extro.
20230325 062130.674 INFO             PET0     ATM-TO-OCN: InitializeP0 intro.
20230325 062130.674 INFO             PET0     ATM-TO-OCN: InitializeP0 extro.
20230325 062130.675 INFO             PET0     OCN-TO-ATM: InitializeP0 intro.
20230325 062130.675 INFO             PET0     OCN-TO-ATM: InitializeP0 extro.
20230325 062130.675 INFO             PET0     esm: IInitAdvertise intro.
20230325 062130.675 INFO             PET0     esm: IInitAdvertise extro.
20230325 062130.676 INFO             PET0     ATM: InitializeIPDvXp01 intro.
20230325 062130.677 INFO             PET0     ATM: InitializeIPDvXp01 extro.
20230325 062130.677 INFO             PET0     OCN: InitializeIPDvXp01 intro.
20230325 062130.678 INFO             PET0     OCN: InitializeIPDvXp01 extro.
20230325 062130.679 INFO             PET0     ATM-TO-OCN: InitializeIPDv05p1 intro.
20230325 062130.681 INFO             PET0     ATM-TO-OCN: InitializeIPDv05p1 extro.
20230325 062130.681 INFO             PET0     OCN-TO-ATM: InitializeIPDv05p1 intro.
20230325 062130.682 INFO             PET0     OCN-TO-ATM: InitializeIPDv05p1 extro.
20230325 062130.682 INFO             PET0     esm: IInitAdvertiseFinish intro.
20230325 062130.682 INFO             PET0     esm: IInitAdvertiseFinish extro.
20230325 062130.682 INFO             PET0     ATM-TO-OCN: InitializeIPDv05p2a intro.
20230325 062130.683 INFO             PET0     ATM-TO-OCN: InitializeIPDv05p2a extro.
20230325 062130.683 INFO             PET0     OCN-TO-ATM: InitializeIPDv05p2a intro.
20230325 062130.684 INFO             PET0     OCN-TO-ATM: InitializeIPDv05p2a extro.
20230325 062130.685 INFO             PET0     ATM-TO-OCN: InitializeIPDv05p2b intro.
20230325 062130.686 INFO             PET0     ATM-TO-OCN: InitializeIPDv05p2b extro.
20230325 062130.686 INFO             PET0     OCN-TO-ATM: InitializeIPDv05p2b intro.
20230325 062130.687 INFO             PET0     OCN-TO-ATM: InitializeIPDv05p2b extro.
20230325 062130.687 INFO             PET0     esm: IInitModifyCplLists intro.
20230325 062130.687 INFO             PET0     esm: IInitModifyCplLists extro.
20230325 062130.687 INFO             PET0     ATM-TO-OCN: InitializeIPDv05p3 intro.
20230325 062130.689 INFO             PET0     ATM-TO-OCN: InitializeIPDv05p3 extro.
20230325 062130.689 INFO             PET0     OCN-TO-ATM: InitializeIPDv05p3 intro.
20230325 062130.690 INFO             PET0     OCN-TO-ATM: InitializeIPDv05p3 extro.
20230325 062130.690 INFO             PET0     <<<esm: leaving Initialize (phase=<none>) with current time: 2010  6  1  0  0  0   0
20230325 062130.690 INFO             PET0   esm: InitializeIPDv02p1 extro.
20230325 062130.690 INFO             PET0   esm: InitializeIPDv02p3 intro.
20230325 062130.690 INFO             PET0     >>>esm: entered Initialize (phase=<none>) with current time: 2010  6  1  0  0  0   0
20230325 062130.691 INFO             PET0     esm: IInitCheck intro.
20230325 062130.691 INFO             PET0     esm: IInitCheck extro.
20230325 062130.691 INFO             PET0     atmB: InitializeIPDvXp04 intro.
20230325 062130.693 INFO             PET0     atmB: InitializeIPDvXp04 extro.
20230325 062130.693 INFO             PET0     ocnA: InitializeIPDvXp04 intro.
20230325 062130.695 INFO             PET0     ocnA: InitializeIPDvXp04 extro.
20230325 062130.696 INFO             PET0     ATM-TO-OCN: InitializeIPDv05p4 intro.
20230325 062130.698 INFO             PET0     ATM-TO-OCN: InitializeIPDv05p4 extro.
20230325 062130.698 INFO             PET0     OCN-TO-ATM: InitializeIPDv05p4 intro.
20230325 062130.700 INFO             PET0     OCN-TO-ATM: InitializeIPDv05p4 extro.
20230325 062130.700 INFO             PET0     ATM-TO-OCN: InitializeIPDv05p5 intro.
20230325 062130.702 INFO             PET0     ATM-TO-OCN: InitializeIPDv05p5 extro.
20230325 062130.702 INFO             PET0     OCN-TO-ATM: InitializeIPDv05p5 intro.
20230325 062130.704 INFO             PET0     OCN-TO-ATM: InitializeIPDv05p5 extro.
20230325 062130.704 INFO             PET0     esm: IInitRealize intro.
20230325 062130.704 INFO             PET0     esm: IInitRealize extro.
20230325 062130.704 INFO             PET0     ATM-TO-OCN: InitializeIPDv05p6a intro.
20230325 062130.706 INFO             PET0     ATM-TO-OCN: InitializeIPDv05p6a extro.
20230325 062029.527 INFO             PET1 !!!!!!!!!!!!!!!!!!!!!!!!!!!!!!!!!!!!!!!!!!!!!!!!!!!!!!
20230325 062029.527 INFO             PET1 !!! THE ESMF_LOG IS SET TO OUTPUT ALL LOG MESSAGES !!!
20230325 062029.527 INFO             PET1 !!!     THIS MAY CAUSE SLOWDOWN IN PERFORMANCE     !!!
20230325 062029.527 INFO             PET1 !!! FOR PRODUCTION RUNS, USE:                      !!!
20230325 062029.527 INFO             PET1 !!!                   ESMF_LOGKIND_Multi_On_Error  !!!
20230325 062029.527 INFO             PET1 !!!!!!!!!!!!!!!!!!!!!!!!!!!!!!!!!!!!!!!!!!!!!!!!!!!!!!
20230325 062029.527 INFO             PET1 Running with ESMF Version   : v8.5.0b18-5-ge74a33b91d
20230325 062029.527 INFO             PET1 ESMF library build date/time: "Mar 25 2023" "04:39:30"
20230325 062029.527 INFO             PET1 ESMF library build location : /glade/scratch/theurich/ESMF-Nightly-Testing/nvhpc_22.2_mpt_O_develop/esmf
20230325 062029.527 INFO             PET1 ESMF_COMM                   : mpt
20230325 062029.527 INFO             PET1 ESMF_MOAB                   : enabled
20230325 062029.527 INFO             PET1 ESMF_LAPACK                 : enabled
20230325 062029.527 INFO             PET1 ESMF_NETCDF                 : enabled
20230325 062029.527 INFO             PET1 ESMF_PNETCDF                : disabled
20230325 062029.527 INFO             PET1 ESMF_PIO                    : enabled
20230325 062029.527 INFO             PET1 ESMF_YAMLCPP                : enabled
20230325 062029.528 INFO             PET1 esmApp STARTING
20230325 062029.530 INFO             PET1 esm: InitializeGeneric intro.
20230325 062029.530 INFO             PET1   esm: InitializeP0 intro.
20230325 062029.530 INFO             PET1   esm: InitializeP0 extro.
20230325 062029.530 INFO             PET1   esm: InitializeIPDv02p1 intro.
20230325 062029.530 INFO             PET1     >>>esm: entered Initialize (phase=<none>) without valid internal Clock.
20230325 062029.531 INFO             PET1     esm - Creating model component ATM without petList.
20230325 062029.532 INFO             PET1     esm - Creating model component OCN without petList.
20230325 062029.534 INFO             PET1     esm - Creating connector component ATM-TO-OCN without petList.
20230325 062029.536 INFO             PET1     esm - Creating connector component OCN-TO-ATM without petList.
20230325 062029.538 INFO             PET1     esm - Creating state: modelComp 1 Import State
20230325 062029.539 INFO             PET1     esm - Creating state: modelComp 1 Export State
20230325 062029.539 INFO             PET1     esm - Creating state: modelComp 2 Import State
20230325 062029.539 INFO             PET1     esm - Creating state: modelComp 2 Export State
20230325 062029.539 INFO             PET1     ATM: InitializeP0 intro.
20230325 062029.540 INFO             PET1     ATM: InitializeP0 extro.
20230325 062029.540 INFO             PET1     OCN: InitializeP0 intro.
20230325 062029.540 INFO             PET1     OCN: InitializeP0 extro.
20230325 062029.541 INFO             PET1     ATM-TO-OCN: InitializeP0 intro.
20230325 062029.541 INFO             PET1     ATM-TO-OCN: InitializeP0 extro.
20230325 062029.541 INFO             PET1     OCN-TO-ATM: InitializeP0 intro.
20230325 062029.542 INFO             PET1     OCN-TO-ATM: InitializeP0 extro.
20230325 062029.542 INFO             PET1     esm: IInitAdvertise intro.
20230325 062029.542 INFO             PET1     esm: IInitAdvertise extro.
20230325 062029.542 INFO             PET1     ATM: InitializeIPDvXp01 intro.
20230325 062029.544 INFO             PET1     ATM: InitializeIPDvXp01 extro.
20230325 062029.544 INFO             PET1     OCN: InitializeIPDvXp01 intro.
20230325 062029.545 INFO             PET1     OCN: InitializeIPDvXp01 extro.
20230325 062029.546 INFO             PET1     ATM-TO-OCN: InitializeIPDv05p1 intro.
20230325 062029.547 INFO             PET1     ATM-TO-OCN: InitializeIPDv05p1 extro.
20230325 062029.547 INFO             PET1     OCN-TO-ATM: InitializeIPDv05p1 intro.
20230325 062029.548 INFO             PET1     OCN-TO-ATM: InitializeIPDv05p1 extro.
20230325 062029.549 INFO             PET1     esm: IInitAdvertiseFinish intro.
20230325 062029.549 INFO             PET1     esm: IInitAdvertiseFinish extro.
20230325 062029.549 INFO             PET1     ATM-TO-OCN: InitializeIPDv05p2a intro.
20230325 062029.550 INFO             PET1     ATM-TO-OCN: InitializeIPDv05p2a extro.
20230325 062029.550 INFO             PET1     OCN-TO-ATM: InitializeIPDv05p2a intro.
20230325 062029.551 INFO             PET1     OCN-TO-ATM: InitializeIPDv05p2a extro.
20230325 062029.551 INFO             PET1     ATM-TO-OCN: InitializeIPDv05p2b intro.
20230325 062029.553 INFO             PET1     ATM-TO-OCN: InitializeIPDv05p2b extro.
20230325 062029.555 INFO             PET1     OCN-TO-ATM: InitializeIPDv05p2b intro.
20230325 062029.556 INFO             PET1     OCN-TO-ATM: InitializeIPDv05p2b extro.
20230325 062029.556 INFO             PET1     esm: IInitModifyCplLists intro.
20230325 062029.556 INFO             PET1     esm: IInitModifyCplLists extro.
20230325 062029.556 INFO             PET1     ATM-TO-OCN: InitializeIPDv05p3 intro.
20230325 062029.558 INFO             PET1     ATM-TO-OCN: InitializeIPDv05p3 extro.
20230325 062029.558 INFO             PET1     OCN-TO-ATM: InitializeIPDv05p3 intro.
20230325 062029.559 INFO             PET1     OCN-TO-ATM: InitializeIPDv05p3 extro.
20230325 062029.559 INFO             PET1     <<<esm: leaving Initialize (phase=<none>) with current time: 2010  6  1  0  0  0   0
20230325 062029.559 INFO             PET1   esm: InitializeIPDv02p1 extro.
20230325 062029.559 INFO             PET1   esm: InitializeIPDv02p3 intro.
20230325 062029.559 INFO             PET1     >>>esm: entered Initialize (phase=<none>) with current time: 2010  6  1  0  0  0   0
20230325 062029.559 INFO             PET1     esm: IInitCheck intro.
20230325 062029.559 INFO             PET1     esm: IInitCheck extro.
20230325 062029.559 INFO             PET1     atmA: InitializeIPDvXp04 intro.
20230325 062029.562 INFO             PET1     atmA: InitializeIPDvXp04 extro.
20230325 062029.562 INFO             PET1     ocnA: InitializeIPDvXp04 intro.
20230325 062029.564 INFO             PET1     ocnA: InitializeIPDvXp04 extro.
20230325 062029.564 INFO             PET1     ATM-TO-OCN: InitializeIPDv05p4 intro.
20230325 062029.567 INFO             PET1     ATM-TO-OCN: InitializeIPDv05p4 extro.
20230325 062029.567 INFO             PET1     OCN-TO-ATM: InitializeIPDv05p4 intro.
20230325 062029.568 INFO             PET1     OCN-TO-ATM: InitializeIPDv05p4 extro.
20230325 062029.569 INFO             PET1     ATM-TO-OCN: InitializeIPDv05p5 intro.
20230325 062029.571 INFO             PET1     ATM-TO-OCN: InitializeIPDv05p5 extro.
20230325 062029.571 INFO             PET1     OCN-TO-ATM: InitializeIPDv05p5 intro.
20230325 062029.572 INFO             PET1     OCN-TO-ATM: InitializeIPDv05p5 extro.
20230325 062029.572 INFO             PET1     esm: IInitRealize intro.
20230325 062029.572 INFO             PET1     esm: IInitRealize extro.
20230325 062029.573 INFO             PET1     ATM-TO-OCN: InitializeIPDv05p6a intro.
20230325 062029.575 INFO             PET1     ATM-TO-OCN: InitializeIPDv05p6a extro.
20230325 062130.661 INFO             PET1 !!!!!!!!!!!!!!!!!!!!!!!!!!!!!!!!!!!!!!!!!!!!!!!!!!!!!!
20230325 062130.661 INFO             PET1 !!! THE ESMF_LOG IS SET TO OUTPUT ALL LOG MESSAGES !!!
20230325 062130.661 INFO             PET1 !!!     THIS MAY CAUSE SLOWDOWN IN PERFORMANCE     !!!
20230325 062130.661 INFO             PET1 !!! FOR PRODUCTION RUNS, USE:                      !!!
20230325 062130.661 INFO             PET1 !!!                   ESMF_LOGKIND_Multi_On_Error  !!!
20230325 062130.661 INFO             PET1 !!!!!!!!!!!!!!!!!!!!!!!!!!!!!!!!!!!!!!!!!!!!!!!!!!!!!!
20230325 062130.661 INFO             PET1 Running with ESMF Version   : v8.5.0b18-5-ge74a33b91d
20230325 062130.661 INFO             PET1 ESMF library build date/time: "Mar 25 2023" "04:39:30"
20230325 062130.661 INFO             PET1 ESMF library build location : /glade/scratch/theurich/ESMF-Nightly-Testing/nvhpc_22.2_mpt_O_develop/esmf
20230325 062130.661 INFO             PET1 ESMF_COMM                   : mpt
20230325 062130.662 INFO             PET1 ESMF_MOAB                   : enabled
20230325 062130.662 INFO             PET1 ESMF_LAPACK                 : enabled
20230325 062130.662 INFO             PET1 ESMF_NETCDF                 : enabled
20230325 062130.662 INFO             PET1 ESMF_PNETCDF                : disabled
20230325 062130.662 INFO             PET1 ESMF_PIO                    : enabled
20230325 062130.662 INFO             PET1 ESMF_YAMLCPP                : enabled
20230325 062130.662 INFO             PET1 esmApp STARTING
20230325 062130.664 INFO             PET1 esm: InitializeGeneric intro.
20230325 062130.664 INFO             PET1   esm: InitializeP0 intro.
20230325 062130.664 INFO             PET1   esm: InitializeP0 extro.
20230325 062130.664 INFO             PET1   esm: InitializeIPDv02p1 intro.
20230325 062130.664 INFO             PET1     >>>esm: entered Initialize (phase=<none>) without valid internal Clock.
20230325 062130.665 INFO             PET1     esm - Creating model component ATM without petList.
20230325 062130.666 INFO             PET1     esm - Creating model component OCN without petList.
20230325 062130.667 INFO             PET1     esm - Creating connector component ATM-TO-OCN without petList.
20230325 062130.669 INFO             PET1     esm - Creating connector component OCN-TO-ATM without petList.
20230325 062130.672 INFO             PET1     esm - Creating state: modelComp 1 Import State
20230325 062130.672 INFO             PET1     esm - Creating state: modelComp 1 Export State
20230325 062130.672 INFO             PET1     esm - Creating state: modelComp 2 Import State
20230325 062130.672 INFO             PET1     esm - Creating state: modelComp 2 Export State
20230325 062130.673 INFO             PET1     ATM: InitializeP0 intro.
20230325 062130.673 INFO             PET1     ATM: InitializeP0 extro.
20230325 062130.673 INFO             PET1     OCN: InitializeP0 intro.
20230325 062130.674 INFO             PET1     OCN: InitializeP0 extro.
20230325 062130.674 INFO             PET1     ATM-TO-OCN: InitializeP0 intro.
20230325 062130.674 INFO             PET1     ATM-TO-OCN: InitializeP0 extro.
20230325 062130.675 INFO             PET1     OCN-TO-ATM: InitializeP0 intro.
20230325 062130.675 INFO             PET1     OCN-TO-ATM: InitializeP0 extro.
20230325 062130.675 INFO             PET1     esm: IInitAdvertise intro.
20230325 062130.675 INFO             PET1     esm: IInitAdvertise extro.
20230325 062130.676 INFO             PET1     ATM: InitializeIPDvXp01 intro.
20230325 062130.677 INFO             PET1     ATM: InitializeIPDvXp01 extro.
20230325 062130.677 INFO             PET1     OCN: InitializeIPDvXp01 intro.
20230325 062130.678 INFO             PET1     OCN: InitializeIPDvXp01 extro.
20230325 062130.679 INFO             PET1     ATM-TO-OCN: InitializeIPDv05p1 intro.
20230325 062130.681 INFO             PET1     ATM-TO-OCN: InitializeIPDv05p1 extro.
20230325 062130.681 INFO             PET1     OCN-TO-ATM: InitializeIPDv05p1 intro.
20230325 062130.682 INFO             PET1     OCN-TO-ATM: InitializeIPDv05p1 extro.
20230325 062130.682 INFO             PET1     esm: IInitAdvertiseFinish intro.
20230325 062130.682 INFO             PET1     esm: IInitAdvertiseFinish extro.
20230325 062130.682 INFO             PET1     ATM-TO-OCN: InitializeIPDv05p2a intro.
20230325 062130.683 INFO             PET1     ATM-TO-OCN: InitializeIPDv05p2a extro.
20230325 062130.683 INFO             PET1     OCN-TO-ATM: InitializeIPDv05p2a intro.
20230325 062130.684 INFO             PET1     OCN-TO-ATM: InitializeIPDv05p2a extro.
20230325 062130.685 INFO             PET1     ATM-TO-OCN: InitializeIPDv05p2b intro.
20230325 062130.686 INFO             PET1     ATM-TO-OCN: InitializeIPDv05p2b extro.
20230325 062130.686 INFO             PET1     OCN-TO-ATM: InitializeIPDv05p2b intro.
20230325 062130.687 INFO             PET1     OCN-TO-ATM: InitializeIPDv05p2b extro.
20230325 062130.687 INFO             PET1     esm: IInitModifyCplLists intro.
20230325 062130.687 INFO             PET1     esm: IInitModifyCplLists extro.
20230325 062130.687 INFO             PET1     ATM-TO-OCN: InitializeIPDv05p3 intro.
20230325 062130.689 INFO             PET1     ATM-TO-OCN: InitializeIPDv05p3 extro.
20230325 062130.689 INFO             PET1     OCN-TO-ATM: InitializeIPDv05p3 intro.
20230325 062130.690 INFO             PET1     OCN-TO-ATM: InitializeIPDv05p3 extro.
20230325 062130.690 INFO             PET1     <<<esm: leaving Initialize (phase=<none>) with current time: 2010  6  1  0  0  0   0
20230325 062130.690 INFO             PET1   esm: InitializeIPDv02p1 extro.
20230325 062130.690 INFO             PET1   esm: InitializeIPDv02p3 intro.
20230325 062130.690 INFO             PET1     >>>esm: entered Initialize (phase=<none>) with current time: 2010  6  1  0  0  0   0
20230325 062130.691 INFO             PET1     esm: IInitCheck intro.
20230325 062130.691 INFO             PET1     esm: IInitCheck extro.
20230325 062130.691 INFO             PET1     atmB: InitializeIPDvXp04 intro.
20230325 062130.693 INFO             PET1     atmB: InitializeIPDvXp04 extro.
20230325 062130.693 INFO             PET1     ocnA: InitializeIPDvXp04 intro.
20230325 062130.695 INFO             PET1     ocnA: InitializeIPDvXp04 extro.
20230325 062130.696 INFO             PET1     ATM-TO-OCN: InitializeIPDv05p4 intro.
20230325 062130.698 INFO             PET1     ATM-TO-OCN: InitializeIPDv05p4 extro.
20230325 062130.698 INFO             PET1     OCN-TO-ATM: InitializeIPDv05p4 intro.
20230325 062130.700 INFO             PET1     OCN-TO-ATM: InitializeIPDv05p4 extro.
20230325 062130.700 INFO             PET1     ATM-TO-OCN: InitializeIPDv05p5 intro.
20230325 062130.702 INFO             PET1     ATM-TO-OCN: InitializeIPDv05p5 extro.
20230325 062130.702 INFO             PET1     OCN-TO-ATM: InitializeIPDv05p5 intro.
20230325 062130.704 INFO             PET1     OCN-TO-ATM: InitializeIPDv05p5 extro.
20230325 062130.704 INFO             PET1     esm: IInitRealize intro.
20230325 062130.704 INFO             PET1     esm: IInitRealize extro.
20230325 062130.704 INFO             PET1     ATM-TO-OCN: InitializeIPDv05p6a intro.
20230325 062130.706 INFO             PET1     ATM-TO-OCN: InitializeIPDv05p6a extro.
20230325 062029.527 INFO             PET2 !!!!!!!!!!!!!!!!!!!!!!!!!!!!!!!!!!!!!!!!!!!!!!!!!!!!!!
20230325 062029.527 INFO             PET2 !!! THE ESMF_LOG IS SET TO OUTPUT ALL LOG MESSAGES !!!
20230325 062029.527 INFO             PET2 !!!     THIS MAY CAUSE SLOWDOWN IN PERFORMANCE     !!!
20230325 062029.527 INFO             PET2 !!! FOR PRODUCTION RUNS, USE:                      !!!
20230325 062029.527 INFO             PET2 !!!                   ESMF_LOGKIND_Multi_On_Error  !!!
20230325 062029.527 INFO             PET2 !!!!!!!!!!!!!!!!!!!!!!!!!!!!!!!!!!!!!!!!!!!!!!!!!!!!!!
20230325 062029.527 INFO             PET2 Running with ESMF Version   : v8.5.0b18-5-ge74a33b91d
20230325 062029.527 INFO             PET2 ESMF library build date/time: "Mar 25 2023" "04:39:30"
20230325 062029.527 INFO             PET2 ESMF library build location : /glade/scratch/theurich/ESMF-Nightly-Testing/nvhpc_22.2_mpt_O_develop/esmf
20230325 062029.527 INFO             PET2 ESMF_COMM                   : mpt
20230325 062029.528 INFO             PET2 ESMF_MOAB                   : enabled
20230325 062029.528 INFO             PET2 ESMF_LAPACK                 : enabled
20230325 062029.528 INFO             PET2 ESMF_NETCDF                 : enabled
20230325 062029.528 INFO             PET2 ESMF_PNETCDF                : disabled
20230325 062029.528 INFO             PET2 ESMF_PIO                    : enabled
20230325 062029.528 INFO             PET2 ESMF_YAMLCPP                : enabled
20230325 062029.528 INFO             PET2 esmApp STARTING
20230325 062029.530 INFO             PET2 esm: InitializeGeneric intro.
20230325 062029.530 INFO             PET2   esm: InitializeP0 intro.
20230325 062029.530 INFO             PET2   esm: InitializeP0 extro.
20230325 062029.530 INFO             PET2   esm: InitializeIPDv02p1 intro.
20230325 062029.530 INFO             PET2     >>>esm: entered Initialize (phase=<none>) without valid internal Clock.
20230325 062029.531 INFO             PET2     esm - Creating model component ATM without petList.
20230325 062029.532 INFO             PET2     esm - Creating model component OCN without petList.
20230325 062029.534 INFO             PET2     esm - Creating connector component ATM-TO-OCN without petList.
20230325 062029.536 INFO             PET2     esm - Creating connector component OCN-TO-ATM without petList.
20230325 062029.538 INFO             PET2     esm - Creating state: modelComp 1 Import State
20230325 062029.539 INFO             PET2     esm - Creating state: modelComp 1 Export State
20230325 062029.539 INFO             PET2     esm - Creating state: modelComp 2 Import State
20230325 062029.539 INFO             PET2     esm - Creating state: modelComp 2 Export State
20230325 062029.539 INFO             PET2     ATM: InitializeP0 intro.
20230325 062029.540 INFO             PET2     ATM: InitializeP0 extro.
20230325 062029.540 INFO             PET2     OCN: InitializeP0 intro.
20230325 062029.540 INFO             PET2     OCN: InitializeP0 extro.
20230325 062029.541 INFO             PET2     ATM-TO-OCN: InitializeP0 intro.
20230325 062029.541 INFO             PET2     ATM-TO-OCN: InitializeP0 extro.
20230325 062029.541 INFO             PET2     OCN-TO-ATM: InitializeP0 intro.
20230325 062029.542 INFO             PET2     OCN-TO-ATM: InitializeP0 extro.
20230325 062029.542 INFO             PET2     esm: IInitAdvertise intro.
20230325 062029.542 INFO             PET2     esm: IInitAdvertise extro.
20230325 062029.542 INFO             PET2     ATM: InitializeIPDvXp01 intro.
20230325 062029.544 INFO             PET2     ATM: InitializeIPDvXp01 extro.
20230325 062029.544 INFO             PET2     OCN: InitializeIPDvXp01 intro.
20230325 062029.545 INFO             PET2     OCN: InitializeIPDvXp01 extro.
20230325 062029.546 INFO             PET2     ATM-TO-OCN: InitializeIPDv05p1 intro.
20230325 062029.547 INFO             PET2     ATM-TO-OCN: InitializeIPDv05p1 extro.
20230325 062029.547 INFO             PET2     OCN-TO-ATM: InitializeIPDv05p1 intro.
20230325 062029.548 INFO             PET2     OCN-TO-ATM: InitializeIPDv05p1 extro.
20230325 062029.549 INFO             PET2     esm: IInitAdvertiseFinish intro.
20230325 062029.549 INFO             PET2     esm: IInitAdvertiseFinish extro.
20230325 062029.549 INFO             PET2     ATM-TO-OCN: InitializeIPDv05p2a intro.
20230325 062029.550 INFO             PET2     ATM-TO-OCN: InitializeIPDv05p2a extro.
20230325 062029.550 INFO             PET2     OCN-TO-ATM: InitializeIPDv05p2a intro.
20230325 062029.551 INFO             PET2     OCN-TO-ATM: InitializeIPDv05p2a extro.
20230325 062029.551 INFO             PET2     ATM-TO-OCN: InitializeIPDv05p2b intro.
20230325 062029.553 INFO             PET2     ATM-TO-OCN: InitializeIPDv05p2b extro.
20230325 062029.555 INFO             PET2     OCN-TO-ATM: InitializeIPDv05p2b intro.
20230325 062029.556 INFO             PET2     OCN-TO-ATM: InitializeIPDv05p2b extro.
20230325 062029.556 INFO             PET2     esm: IInitModifyCplLists intro.
20230325 062029.556 INFO             PET2     esm: IInitModifyCplLists extro.
20230325 062029.556 INFO             PET2     ATM-TO-OCN: InitializeIPDv05p3 intro.
20230325 062029.558 INFO             PET2     ATM-TO-OCN: InitializeIPDv05p3 extro.
20230325 062029.558 INFO             PET2     OCN-TO-ATM: InitializeIPDv05p3 intro.
20230325 062029.559 INFO             PET2     OCN-TO-ATM: InitializeIPDv05p3 extro.
20230325 062029.559 INFO             PET2     <<<esm: leaving Initialize (phase=<none>) with current time: 2010  6  1  0  0  0   0
20230325 062029.559 INFO             PET2   esm: InitializeIPDv02p1 extro.
20230325 062029.559 INFO             PET2   esm: InitializeIPDv02p3 intro.
20230325 062029.559 INFO             PET2     >>>esm: entered Initialize (phase=<none>) with current time: 2010  6  1  0  0  0   0
20230325 062029.559 INFO             PET2     esm: IInitCheck intro.
20230325 062029.559 INFO             PET2     esm: IInitCheck extro.
20230325 062029.559 INFO             PET2     atmA: InitializeIPDvXp04 intro.
20230325 062029.562 INFO             PET2     atmA: InitializeIPDvXp04 extro.
20230325 062029.562 INFO             PET2     ocnA: InitializeIPDvXp04 intro.
20230325 062029.564 INFO             PET2     ocnA: InitializeIPDvXp04 extro.
20230325 062029.564 INFO             PET2     ATM-TO-OCN: InitializeIPDv05p4 intro.
20230325 062029.567 INFO             PET2     ATM-TO-OCN: InitializeIPDv05p4 extro.
20230325 062029.567 INFO             PET2     OCN-TO-ATM: InitializeIPDv05p4 intro.
20230325 062029.568 INFO             PET2     OCN-TO-ATM: InitializeIPDv05p4 extro.
20230325 062029.569 INFO             PET2     ATM-TO-OCN: InitializeIPDv05p5 intro.
20230325 062029.571 INFO             PET2     ATM-TO-OCN: InitializeIPDv05p5 extro.
20230325 062029.571 INFO             PET2     OCN-TO-ATM: InitializeIPDv05p5 intro.
20230325 062029.572 INFO             PET2     OCN-TO-ATM: InitializeIPDv05p5 extro.
20230325 062029.572 INFO             PET2     esm: IInitRealize intro.
20230325 062029.572 INFO             PET2     esm: IInitRealize extro.
20230325 062029.573 INFO             PET2     ATM-TO-OCN: InitializeIPDv05p6a intro.
20230325 062029.575 INFO             PET2     ATM-TO-OCN: InitializeIPDv05p6a extro.
20230325 062130.661 INFO             PET2 !!!!!!!!!!!!!!!!!!!!!!!!!!!!!!!!!!!!!!!!!!!!!!!!!!!!!!
20230325 062130.661 INFO             PET2 !!! THE ESMF_LOG IS SET TO OUTPUT ALL LOG MESSAGES !!!
20230325 062130.661 INFO             PET2 !!!     THIS MAY CAUSE SLOWDOWN IN PERFORMANCE     !!!
20230325 062130.661 INFO             PET2 !!! FOR PRODUCTION RUNS, USE:                      !!!
20230325 062130.661 INFO             PET2 !!!                   ESMF_LOGKIND_Multi_On_Error  !!!
20230325 062130.661 INFO             PET2 !!!!!!!!!!!!!!!!!!!!!!!!!!!!!!!!!!!!!!!!!!!!!!!!!!!!!!
20230325 062130.661 INFO             PET2 Running with ESMF Version   : v8.5.0b18-5-ge74a33b91d
20230325 062130.661 INFO             PET2 ESMF library build date/time: "Mar 25 2023" "04:39:30"
20230325 062130.661 INFO             PET2 ESMF library build location : /glade/scratch/theurich/ESMF-Nightly-Testing/nvhpc_22.2_mpt_O_develop/esmf
20230325 062130.661 INFO             PET2 ESMF_COMM                   : mpt
20230325 062130.662 INFO             PET2 ESMF_MOAB                   : enabled
20230325 062130.662 INFO             PET2 ESMF_LAPACK                 : enabled
20230325 062130.662 INFO             PET2 ESMF_NETCDF                 : enabled
20230325 062130.662 INFO             PET2 ESMF_PNETCDF                : disabled
20230325 062130.662 INFO             PET2 ESMF_PIO                    : enabled
20230325 062130.662 INFO             PET2 ESMF_YAMLCPP                : enabled
20230325 062130.662 INFO             PET2 esmApp STARTING
20230325 062130.664 INFO             PET2 esm: InitializeGeneric intro.
20230325 062130.664 INFO             PET2   esm: InitializeP0 intro.
20230325 062130.664 INFO             PET2   esm: InitializeP0 extro.
20230325 062130.664 INFO             PET2   esm: InitializeIPDv02p1 intro.
20230325 062130.664 INFO             PET2     >>>esm: entered Initialize (phase=<none>) without valid internal Clock.
20230325 062130.665 INFO             PET2     esm - Creating model component ATM without petList.
20230325 062130.666 INFO             PET2     esm - Creating model component OCN without petList.
20230325 062130.667 INFO             PET2     esm - Creating connector component ATM-TO-OCN without petList.
20230325 062130.669 INFO             PET2     esm - Creating connector component OCN-TO-ATM without petList.
20230325 062130.672 INFO             PET2     esm - Creating state: modelComp 1 Import State
20230325 062130.672 INFO             PET2     esm - Creating state: modelComp 1 Export State
20230325 062130.672 INFO             PET2     esm - Creating state: modelComp 2 Import State
20230325 062130.672 INFO             PET2     esm - Creating state: modelComp 2 Export State
20230325 062130.673 INFO             PET2     ATM: InitializeP0 intro.
20230325 062130.673 INFO             PET2     ATM: InitializeP0 extro.
20230325 062130.673 INFO             PET2     OCN: InitializeP0 intro.
20230325 062130.674 INFO             PET2     OCN: InitializeP0 extro.
20230325 062130.674 INFO             PET2     ATM-TO-OCN: InitializeP0 intro.
20230325 062130.674 INFO             PET2     ATM-TO-OCN: InitializeP0 extro.
20230325 062130.675 INFO             PET2     OCN-TO-ATM: InitializeP0 intro.
20230325 062130.675 INFO             PET2     OCN-TO-ATM: InitializeP0 extro.
20230325 062130.675 INFO             PET2     esm: IInitAdvertise intro.
20230325 062130.675 INFO             PET2     esm: IInitAdvertise extro.
20230325 062130.676 INFO             PET2     ATM: InitializeIPDvXp01 intro.
20230325 062130.677 INFO             PET2     ATM: InitializeIPDvXp01 extro.
20230325 062130.677 INFO             PET2     OCN: InitializeIPDvXp01 intro.
20230325 062130.678 INFO             PET2     OCN: InitializeIPDvXp01 extro.
20230325 062130.679 INFO             PET2     ATM-TO-OCN: InitializeIPDv05p1 intro.
20230325 062130.681 INFO             PET2     ATM-TO-OCN: InitializeIPDv05p1 extro.
20230325 062130.681 INFO             PET2     OCN-TO-ATM: InitializeIPDv05p1 intro.
20230325 062130.682 INFO             PET2     OCN-TO-ATM: InitializeIPDv05p1 extro.
20230325 062130.682 INFO             PET2     esm: IInitAdvertiseFinish intro.
20230325 062130.682 INFO             PET2     esm: IInitAdvertiseFinish extro.
20230325 062130.682 INFO             PET2     ATM-TO-OCN: InitializeIPDv05p2a intro.
20230325 062130.683 INFO             PET2     ATM-TO-OCN: InitializeIPDv05p2a extro.
20230325 062130.683 INFO             PET2     OCN-TO-ATM: InitializeIPDv05p2a intro.
20230325 062130.684 INFO             PET2     OCN-TO-ATM: InitializeIPDv05p2a extro.
20230325 062130.685 INFO             PET2     ATM-TO-OCN: InitializeIPDv05p2b intro.
20230325 062130.686 INFO             PET2     ATM-TO-OCN: InitializeIPDv05p2b extro.
20230325 062130.686 INFO             PET2     OCN-TO-ATM: InitializeIPDv05p2b intro.
20230325 062130.687 INFO             PET2     OCN-TO-ATM: InitializeIPDv05p2b extro.
20230325 062130.687 INFO             PET2     esm: IInitModifyCplLists intro.
20230325 062130.687 INFO             PET2     esm: IInitModifyCplLists extro.
20230325 062130.687 INFO             PET2     ATM-TO-OCN: InitializeIPDv05p3 intro.
20230325 062130.689 INFO             PET2     ATM-TO-OCN: InitializeIPDv05p3 extro.
20230325 062130.689 INFO             PET2     OCN-TO-ATM: InitializeIPDv05p3 intro.
20230325 062130.690 INFO             PET2     OCN-TO-ATM: InitializeIPDv05p3 extro.
20230325 062130.690 INFO             PET2     <<<esm: leaving Initialize (phase=<none>) with current time: 2010  6  1  0  0  0   0
20230325 062130.690 INFO             PET2   esm: InitializeIPDv02p1 extro.
20230325 062130.690 INFO             PET2   esm: InitializeIPDv02p3 intro.
20230325 062130.690 INFO             PET2     >>>esm: entered Initialize (phase=<none>) with current time: 2010  6  1  0  0  0   0
20230325 062130.691 INFO             PET2     esm: IInitCheck intro.
20230325 062130.691 INFO             PET2     esm: IInitCheck extro.
20230325 062130.691 INFO             PET2     atmB: InitializeIPDvXp04 intro.
20230325 062130.693 INFO             PET2     atmB: InitializeIPDvXp04 extro.
20230325 062130.693 INFO             PET2     ocnA: InitializeIPDvXp04 intro.
20230325 062130.695 INFO             PET2     ocnA: InitializeIPDvXp04 extro.
20230325 062130.696 INFO             PET2     ATM-TO-OCN: InitializeIPDv05p4 intro.
20230325 062130.698 INFO             PET2     ATM-TO-OCN: InitializeIPDv05p4 extro.
20230325 062130.698 INFO             PET2     OCN-TO-ATM: InitializeIPDv05p4 intro.
20230325 062130.700 INFO             PET2     OCN-TO-ATM: InitializeIPDv05p4 extro.
20230325 062130.700 INFO             PET2     ATM-TO-OCN: InitializeIPDv05p5 intro.
20230325 062130.702 INFO             PET2     ATM-TO-OCN: InitializeIPDv05p5 extro.
20230325 062130.702 INFO             PET2     OCN-TO-ATM: InitializeIPDv05p5 intro.
20230325 062130.704 INFO             PET2     OCN-TO-ATM: InitializeIPDv05p5 extro.
20230325 062130.704 INFO             PET2     esm: IInitRealize intro.
20230325 062130.704 INFO             PET2     esm: IInitRealize extro.
20230325 062130.704 INFO             PET2     ATM-TO-OCN: InitializeIPDv05p6a intro.
20230325 062130.706 INFO             PET2     ATM-TO-OCN: InitializeIPDv05p6a extro.
20230325 062029.527 INFO             PET3 !!!!!!!!!!!!!!!!!!!!!!!!!!!!!!!!!!!!!!!!!!!!!!!!!!!!!!
20230325 062029.527 INFO             PET3 !!! THE ESMF_LOG IS SET TO OUTPUT ALL LOG MESSAGES !!!
20230325 062029.527 INFO             PET3 !!!     THIS MAY CAUSE SLOWDOWN IN PERFORMANCE     !!!
20230325 062029.527 INFO             PET3 !!! FOR PRODUCTION RUNS, USE:                      !!!
20230325 062029.527 INFO             PET3 !!!                   ESMF_LOGKIND_Multi_On_Error  !!!
20230325 062029.527 INFO             PET3 !!!!!!!!!!!!!!!!!!!!!!!!!!!!!!!!!!!!!!!!!!!!!!!!!!!!!!
20230325 062029.527 INFO             PET3 Running with ESMF Version   : v8.5.0b18-5-ge74a33b91d
20230325 062029.527 INFO             PET3 ESMF library build date/time: "Mar 25 2023" "04:39:30"
20230325 062029.527 INFO             PET3 ESMF library build location : /glade/scratch/theurich/ESMF-Nightly-Testing/nvhpc_22.2_mpt_O_develop/esmf
20230325 062029.527 INFO             PET3 ESMF_COMM                   : mpt
20230325 062029.527 INFO             PET3 ESMF_MOAB                   : enabled
20230325 062029.527 INFO             PET3 ESMF_LAPACK                 : enabled
20230325 062029.527 INFO             PET3 ESMF_NETCDF                 : enabled
20230325 062029.527 INFO             PET3 ESMF_PNETCDF                : disabled
20230325 062029.527 INFO             PET3 ESMF_PIO                    : enabled
20230325 062029.527 INFO             PET3 ESMF_YAMLCPP                : enabled
20230325 062029.528 INFO             PET3 esmApp STARTING
20230325 062029.530 INFO             PET3 esm: InitializeGeneric intro.
20230325 062029.530 INFO             PET3   esm: InitializeP0 intro.
20230325 062029.530 INFO             PET3   esm: InitializeP0 extro.
20230325 062029.530 INFO             PET3   esm: InitializeIPDv02p1 intro.
20230325 062029.530 INFO             PET3     >>>esm: entered Initialize (phase=<none>) without valid internal Clock.
20230325 062029.531 INFO             PET3     esm - Creating model component ATM without petList.
20230325 062029.532 INFO             PET3     esm - Creating model component OCN without petList.
20230325 062029.534 INFO             PET3     esm - Creating connector component ATM-TO-OCN without petList.
20230325 062029.536 INFO             PET3     esm - Creating connector component OCN-TO-ATM without petList.
20230325 062029.539 INFO             PET3     esm - Creating state: modelComp 1 Import State
20230325 062029.539 INFO             PET3     esm - Creating state: modelComp 1 Export State
20230325 062029.539 INFO             PET3     esm - Creating state: modelComp 2 Import State
20230325 062029.539 INFO             PET3     esm - Creating state: modelComp 2 Export State
20230325 062029.539 INFO             PET3     ATM: InitializeP0 intro.
20230325 062029.540 INFO             PET3     ATM: InitializeP0 extro.
20230325 062029.540 INFO             PET3     OCN: InitializeP0 intro.
20230325 062029.540 INFO             PET3     OCN: InitializeP0 extro.
20230325 062029.541 INFO             PET3     ATM-TO-OCN: InitializeP0 intro.
20230325 062029.541 INFO             PET3     ATM-TO-OCN: InitializeP0 extro.
20230325 062029.541 INFO             PET3     OCN-TO-ATM: InitializeP0 intro.
20230325 062029.542 INFO             PET3     OCN-TO-ATM: InitializeP0 extro.
20230325 062029.542 INFO             PET3     esm: IInitAdvertise intro.
20230325 062029.542 INFO             PET3     esm: IInitAdvertise extro.
20230325 062029.542 INFO             PET3     ATM: InitializeIPDvXp01 intro.
20230325 062029.544 INFO             PET3     ATM: InitializeIPDvXp01 extro.
20230325 062029.544 INFO             PET3     OCN: InitializeIPDvXp01 intro.
20230325 062029.545 INFO             PET3     OCN: InitializeIPDvXp01 extro.
20230325 062029.546 INFO             PET3     ATM-TO-OCN: InitializeIPDv05p1 intro.
20230325 062029.547 INFO             PET3     ATM-TO-OCN: InitializeIPDv05p1 extro.
20230325 062029.547 INFO             PET3     OCN-TO-ATM: InitializeIPDv05p1 intro.
20230325 062029.548 INFO             PET3     OCN-TO-ATM: InitializeIPDv05p1 extro.
20230325 062029.549 INFO             PET3     esm: IInitAdvertiseFinish intro.
20230325 062029.549 INFO             PET3     esm: IInitAdvertiseFinish extro.
20230325 062029.549 INFO             PET3     ATM-TO-OCN: InitializeIPDv05p2a intro.
20230325 062029.550 INFO             PET3     ATM-TO-OCN: InitializeIPDv05p2a extro.
20230325 062029.550 INFO             PET3     OCN-TO-ATM: InitializeIPDv05p2a intro.
20230325 062029.551 INFO             PET3     OCN-TO-ATM: InitializeIPDv05p2a extro.
20230325 062029.551 INFO             PET3     ATM-TO-OCN: InitializeIPDv05p2b intro.
20230325 062029.553 INFO             PET3     ATM-TO-OCN: InitializeIPDv05p2b extro.
20230325 062029.555 INFO             PET3     OCN-TO-ATM: InitializeIPDv05p2b intro.
20230325 062029.556 INFO             PET3     OCN-TO-ATM: InitializeIPDv05p2b extro.
20230325 062029.556 INFO             PET3     esm: IInitModifyCplLists intro.
20230325 062029.556 INFO             PET3     esm: IInitModifyCplLists extro.
20230325 062029.556 INFO             PET3     ATM-TO-OCN: InitializeIPDv05p3 intro.
20230325 062029.558 INFO             PET3     ATM-TO-OCN: InitializeIPDv05p3 extro.
20230325 062029.558 INFO             PET3     OCN-TO-ATM: InitializeIPDv05p3 intro.
20230325 062029.559 INFO             PET3     OCN-TO-ATM: InitializeIPDv05p3 extro.
20230325 062029.559 INFO             PET3     <<<esm: leaving Initialize (phase=<none>) with current time: 2010  6  1  0  0  0   0
20230325 062029.559 INFO             PET3   esm: InitializeIPDv02p1 extro.
20230325 062029.559 INFO             PET3   esm: InitializeIPDv02p3 intro.
20230325 062029.559 INFO             PET3     >>>esm: entered Initialize (phase=<none>) with current time: 2010  6  1  0  0  0   0
20230325 062029.559 INFO             PET3     esm: IInitCheck intro.
20230325 062029.559 INFO             PET3     esm: IInitCheck extro.
20230325 062029.559 INFO             PET3     atmA: InitializeIPDvXp04 intro.
20230325 062029.562 INFO             PET3     atmA: InitializeIPDvXp04 extro.
20230325 062029.562 INFO             PET3     ocnA: InitializeIPDvXp04 intro.
20230325 062029.564 INFO             PET3     ocnA: InitializeIPDvXp04 extro.
20230325 062029.564 INFO             PET3     ATM-TO-OCN: InitializeIPDv05p4 intro.
20230325 062029.567 INFO             PET3     ATM-TO-OCN: InitializeIPDv05p4 extro.
20230325 062029.567 INFO             PET3     OCN-TO-ATM: InitializeIPDv05p4 intro.
20230325 062029.568 INFO             PET3     OCN-TO-ATM: InitializeIPDv05p4 extro.
20230325 062029.569 INFO             PET3     ATM-TO-OCN: InitializeIPDv05p5 intro.
20230325 062029.571 INFO             PET3     ATM-TO-OCN: InitializeIPDv05p5 extro.
20230325 062029.571 INFO             PET3     OCN-TO-ATM: InitializeIPDv05p5 intro.
20230325 062029.572 INFO             PET3     OCN-TO-ATM: InitializeIPDv05p5 extro.
20230325 062029.572 INFO             PET3     esm: IInitRealize intro.
20230325 062029.572 INFO             PET3     esm: IInitRealize extro.
20230325 062029.573 INFO             PET3     ATM-TO-OCN: InitializeIPDv05p6a intro.
20230325 062029.575 INFO             PET3     ATM-TO-OCN: InitializeIPDv05p6a extro.
20230325 062130.661 INFO             PET3 !!!!!!!!!!!!!!!!!!!!!!!!!!!!!!!!!!!!!!!!!!!!!!!!!!!!!!
20230325 062130.661 INFO             PET3 !!! THE ESMF_LOG IS SET TO OUTPUT ALL LOG MESSAGES !!!
20230325 062130.661 INFO             PET3 !!!     THIS MAY CAUSE SLOWDOWN IN PERFORMANCE     !!!
20230325 062130.661 INFO             PET3 !!! FOR PRODUCTION RUNS, USE:                      !!!
20230325 062130.661 INFO             PET3 !!!                   ESMF_LOGKIND_Multi_On_Error  !!!
20230325 062130.661 INFO             PET3 !!!!!!!!!!!!!!!!!!!!!!!!!!!!!!!!!!!!!!!!!!!!!!!!!!!!!!
20230325 062130.661 INFO             PET3 Running with ESMF Version   : v8.5.0b18-5-ge74a33b91d
20230325 062130.661 INFO             PET3 ESMF library build date/time: "Mar 25 2023" "04:39:30"
20230325 062130.661 INFO             PET3 ESMF library build location : /glade/scratch/theurich/ESMF-Nightly-Testing/nvhpc_22.2_mpt_O_develop/esmf
20230325 062130.661 INFO             PET3 ESMF_COMM                   : mpt
20230325 062130.662 INFO             PET3 ESMF_MOAB                   : enabled
20230325 062130.662 INFO             PET3 ESMF_LAPACK                 : enabled
20230325 062130.662 INFO             PET3 ESMF_NETCDF                 : enabled
20230325 062130.662 INFO             PET3 ESMF_PNETCDF                : disabled
20230325 062130.662 INFO             PET3 ESMF_PIO                    : enabled
20230325 062130.662 INFO             PET3 ESMF_YAMLCPP                : enabled
20230325 062130.662 INFO             PET3 esmApp STARTING
20230325 062130.664 INFO             PET3 esm: InitializeGeneric intro.
20230325 062130.664 INFO             PET3   esm: InitializeP0 intro.
20230325 062130.664 INFO             PET3   esm: InitializeP0 extro.
20230325 062130.664 INFO             PET3   esm: InitializeIPDv02p1 intro.
20230325 062130.664 INFO             PET3     >>>esm: entered Initialize (phase=<none>) without valid internal Clock.
20230325 062130.665 INFO             PET3     esm - Creating model component ATM without petList.
20230325 062130.666 INFO             PET3     esm - Creating model component OCN without petList.
20230325 062130.667 INFO             PET3     esm - Creating connector component ATM-TO-OCN without petList.
20230325 062130.669 INFO             PET3     esm - Creating connector component OCN-TO-ATM without petList.
20230325 062130.672 INFO             PET3     esm - Creating state: modelComp 1 Import State
20230325 062130.672 INFO             PET3     esm - Creating state: modelComp 1 Export State
20230325 062130.672 INFO             PET3     esm - Creating state: modelComp 2 Import State
20230325 062130.672 INFO             PET3     esm - Creating state: modelComp 2 Export State
20230325 062130.673 INFO             PET3     ATM: InitializeP0 intro.
20230325 062130.673 INFO             PET3     ATM: InitializeP0 extro.
20230325 062130.673 INFO             PET3     OCN: InitializeP0 intro.
20230325 062130.674 INFO             PET3     OCN: InitializeP0 extro.
20230325 062130.674 INFO             PET3     ATM-TO-OCN: InitializeP0 intro.
20230325 062130.674 INFO             PET3     ATM-TO-OCN: InitializeP0 extro.
20230325 062130.675 INFO             PET3     OCN-TO-ATM: InitializeP0 intro.
20230325 062130.675 INFO             PET3     OCN-TO-ATM: InitializeP0 extro.
20230325 062130.675 INFO             PET3     esm: IInitAdvertise intro.
20230325 062130.675 INFO             PET3     esm: IInitAdvertise extro.
20230325 062130.676 INFO             PET3     ATM: InitializeIPDvXp01 intro.
20230325 062130.677 INFO             PET3     ATM: InitializeIPDvXp01 extro.
20230325 062130.677 INFO             PET3     OCN: InitializeIPDvXp01 intro.
20230325 062130.678 INFO             PET3     OCN: InitializeIPDvXp01 extro.
20230325 062130.679 INFO             PET3     ATM-TO-OCN: InitializeIPDv05p1 intro.
20230325 062130.681 INFO             PET3     ATM-TO-OCN: InitializeIPDv05p1 extro.
20230325 062130.681 INFO             PET3     OCN-TO-ATM: InitializeIPDv05p1 intro.
20230325 062130.682 INFO             PET3     OCN-TO-ATM: InitializeIPDv05p1 extro.
20230325 062130.682 INFO             PET3     esm: IInitAdvertiseFinish intro.
20230325 062130.682 INFO             PET3     esm: IInitAdvertiseFinish extro.
20230325 062130.682 INFO             PET3     ATM-TO-OCN: InitializeIPDv05p2a intro.
20230325 062130.683 INFO             PET3     ATM-TO-OCN: InitializeIPDv05p2a extro.
20230325 062130.683 INFO             PET3     OCN-TO-ATM: InitializeIPDv05p2a intro.
20230325 062130.684 INFO             PET3     OCN-TO-ATM: InitializeIPDv05p2a extro.
20230325 062130.685 INFO             PET3     ATM-TO-OCN: InitializeIPDv05p2b intro.
20230325 062130.686 INFO             PET3     ATM-TO-OCN: InitializeIPDv05p2b extro.
20230325 062130.686 INFO             PET3     OCN-TO-ATM: InitializeIPDv05p2b intro.
20230325 062130.687 INFO             PET3     OCN-TO-ATM: InitializeIPDv05p2b extro.
20230325 062130.687 INFO             PET3     esm: IInitModifyCplLists intro.
20230325 062130.687 INFO             PET3     esm: IInitModifyCplLists extro.
20230325 062130.687 INFO             PET3     ATM-TO-OCN: InitializeIPDv05p3 intro.
20230325 062130.689 INFO             PET3     ATM-TO-OCN: InitializeIPDv05p3 extro.
20230325 062130.689 INFO             PET3     OCN-TO-ATM: InitializeIPDv05p3 intro.
20230325 062130.690 INFO             PET3     OCN-TO-ATM: InitializeIPDv05p3 extro.
20230325 062130.690 INFO             PET3     <<<esm: leaving Initialize (phase=<none>) with current time: 2010  6  1  0  0  0   0
20230325 062130.690 INFO             PET3   esm: InitializeIPDv02p1 extro.
20230325 062130.690 INFO             PET3   esm: InitializeIPDv02p3 intro.
20230325 062130.690 INFO             PET3     >>>esm: entered Initialize (phase=<none>) with current time: 2010  6  1  0  0  0   0
20230325 062130.691 INFO             PET3     esm: IInitCheck intro.
20230325 062130.691 INFO             PET3     esm: IInitCheck extro.
20230325 062130.691 INFO             PET3     atmB: InitializeIPDvXp04 intro.
20230325 062130.693 INFO             PET3     atmB: InitializeIPDvXp04 extro.
20230325 062130.693 INFO             PET3     ocnA: InitializeIPDvXp04 intro.
20230325 062130.695 INFO             PET3     ocnA: InitializeIPDvXp04 extro.
20230325 062130.696 INFO             PET3     ATM-TO-OCN: InitializeIPDv05p4 intro.
20230325 062130.698 INFO             PET3     ATM-TO-OCN: InitializeIPDv05p4 extro.
20230325 062130.698 INFO             PET3     OCN-TO-ATM: InitializeIPDv05p4 intro.
20230325 062130.700 INFO             PET3     OCN-TO-ATM: InitializeIPDv05p4 extro.
20230325 062130.700 INFO             PET3     ATM-TO-OCN: InitializeIPDv05p5 intro.
20230325 062130.702 INFO             PET3     ATM-TO-OCN: InitializeIPDv05p5 extro.
20230325 062130.702 INFO             PET3     OCN-TO-ATM: InitializeIPDv05p5 intro.
20230325 062130.704 INFO             PET3     OCN-TO-ATM: InitializeIPDv05p5 extro.
20230325 062130.704 INFO             PET3     esm: IInitRealize intro.
20230325 062130.704 INFO             PET3     esm: IInitRealize extro.
20230325 062130.704 INFO             PET3     ATM-TO-OCN: InitializeIPDv05p6a intro.
20230325 062130.706 INFO             PET3     ATM-TO-OCN: InitializeIPDv05p6a extro.
