2023-03-20 05:33:32
[r10i5n2:20145:0:20145] Caught signal 11 (Segmentation fault: address not mapped to object at address 0x4f1b591)
[r10i5n2:20146:0:20146] Caught signal 11 (Segmentation fault: address not mapped to object at address 0x4f1b591)
[r10i5n2:20147:0:20147] Caught signal 11 (Segmentation fault: address not mapped to object at address 0x4f1b591)
[r10i5n2:20148:0:20148] Caught signal 11 (Segmentation fault: address not mapped to object at address 0x4f1b591)
==== backtrace (tid:  20145) ====
 0  /glade/u/apps/ch/opt/ucx/1.11.0/lib/libucs.so.0(ucs_handle_error+0xe4) [0x2b14186f61b4]
 1  /glade/u/apps/ch/opt/ucx/1.11.0/lib/libucs.so.0(+0x2a4dc) [0x2b14186f64dc]
 2  /glade/u/apps/ch/opt/ucx/1.11.0/lib/libucs.so.0(+0x2a74b) [0x2b14186f674b]
 3  /glade/scratch/theurich/ESMF-Nightly-Testing/nvhpc_21.11_openmpi_g_develop/esmf/DEFAULTINSTALLDIR/lib/libg/Linux.nvhpc.64.openmpi.default/libesmf.so(_ZN5ESMCI6LogErr13MsgFoundErrorEiPKciS2_S2_Pi+0x34) [0x2b13fe6b3674]
==== backtrace (tid:  20146) ====
 0  /glade/u/apps/ch/opt/ucx/1.11.0/lib/libucs.so.0(ucs_handle_error+0xe4) [0x2b1e20f091b4]
 1  /glade/u/apps/ch/opt/ucx/1.11.0/lib/libucs.so.0(+0x2a4dc) [0x2b1e20f094dc]
 4  /glade/scratch/theurich/ESMF-Nightly-Testing/nvhpc_21.11_openmpi_g_develop/esmf/DEFAULTINSTALLDIR/lib/libg/Linux.nvhpc.64.openmpi.default/libesmf.so(_ZN5ESMCI7MeshCap22meshcreatenodedistgridEPi+0x7f) [0x2b13fe8cfebf]
 5  /glade/scratch/theurich/ESMF-Nightly-Testing/nvhpc_21.11_openmpi_g_develop/esmf/DEFAULTINSTALLDIR/lib/libg/Linux.nvhpc.64.openmpi.default/libesmf.so(c_esmc_meshcreatenodedistgrid_+0xc1) [0x2b13fe922281]
 6  /glade/scratch/theurich/ESMF-Nightly-Testing/nvhpc_21.11_openmpi_g_develop/esmf/DEFAULTINSTALLDIR/lib/libg/Linux.nvhpc.64.openmpi.default/libesmf.so(esmf_meshmod_esmf_meshcreatefrompointer_+0x6d) [0x2b13ff5f8dad]
 7  /glade/scratch/theurich/ESMF-Nightly-Testing/nvhpc_21.11_openmpi_g_develop/esmf/DEFAULTINSTALLDIR/lib/libg/Linux.nvhpc.64.openmpi.default/libesmf.so(esmf_gridutilmod_esmf_gridtomesh_+0x52d) [0x2b13ff453fad]
 8  /glade/scratch/theurich/ESMF-Nightly-Testing/nvhpc_21.11_openmpi_g_develop/esmf/DEFAULTINSTALLDIR/lib/libg/Linux.nvhpc.64.openmpi.default/libesmf.so(esmf_fieldregridmod_b_or_p_gridtomesh_+0x5a8) [0x2b13ff3134a8]
 9  /glade/scratch/theurich/ESMF-Nightly-Testing/nvhpc_21.11_openmpi_g_develop/esmf/DEFAULTINSTALLDIR/lib/libg/Linux.nvhpc.64.openmpi.default/libesmf.so(esmf_fieldregridmod_getmeshwithnodesonfieldloc_+0x574) [0x2b13ff30e8f4]
10  /glade/scratch/theurich/ESMF-Nightly-Testing/nvhpc_21.11_openmpi_g_develop/esmf/DEFAULTINSTALLDIR/lib/libg/Linux.nvhpc.64.openmpi.default/libesmf.so(esmf_fieldregridmod_esmf_fieldregridstorenx_+0xf8c) [0x2b13ff30c3cc]
11  /glade/scratch/theurich/ESMF-Nightly-Testing/nvhpc_21.11_openmpi_g_develop/esmf/DEFAULTINSTALLDIR/lib/libg/Linux.nvhpc.64.openmpi.default/libesmf.so(esmf_fieldbundlemod_esmf_fieldbundleregridstorepair_+0x42d1) [0x2b13ff137511]
12  /glade/scratch/theurich/ESMF-Nightly-Testing/nvhpc_21.11_openmpi_g_develop/esmf/DEFAULTINSTALLDIR/lib/libg/Linux.nvhpc.64.openmpi.default/libesmf.so(nuopc_connector_fieldbundlecplstore_+0xdcd0) [0x2b13ffa67f90]
13  /glade/scratch/theurich/ESMF-Nightly-Testing/nvhpc_21.11_openmpi_g_develop/esmf/DEFAULTINSTALLDIR/lib/libg/Linux.nvhpc.64.openmpi.default/libesmf.so(nuopc_connector_initializeipdv05p6b_+0x7a59) [0x2b13ffa46399]
14  /glade/scratch/theurich/ESMF-Nightly-Testing/nvhpc_21.11_openmpi_g_develop/esmf/DEFAULTINSTALLDIR/lib/libg/Linux.nvhpc.64.openmpi.default/libesmf.so(_ZN5ESMCI6FTable12callVFuncPtrEPKcPNS_2VMEPi+0xc3c) [0x2b13fe4e667c]
15  /glade/scratch/theurich/ESMF-Nightly-Testing/nvhpc_21.11_openmpi_g_develop/esmf/DEFAULTINSTALLDIR/lib/libg/Linux.nvhpc.64.openmpi.default/libesmf.so(ESMCI_FTableCallEntryPointVMHop+0x293) [0x2b13fe4e1c93]
==== backtrace (tid:  20148) ====
 0  /glade/u/apps/ch/opt/ucx/1.11.0/lib/libucs.so.0(ucs_handle_error+0xe4) [0x2b95861491b4]
 2  /glade/u/apps/ch/opt/ucx/1.11.0/lib/libucs.so.0(+0x2a74b) [0x2b1e20f0974b]
 3  /glade/scratch/theurich/ESMF-Nightly-Testing/nvhpc_21.11_openmpi_g_develop/esmf/DEFAULTINSTALLDIR/lib/libg/Linux.nvhpc.64.openmpi.default/libesmf.so(_ZN5ESMCI6LogErr13MsgFoundErrorEiPKciS2_S2_Pi+0x34) [0x2b1e06ef9674]
 4  /glade/scratch/theurich/ESMF-Nightly-Testing/nvhpc_21.11_openmpi_g_develop/esmf/DEFAULTINSTALLDIR/lib/libg/Linux.nvhpc.64.openmpi.default/libesmf.so(_ZN5ESMCI7MeshCap22meshcreatenodedistgridEPi+0x7f) [0x2b1e07115ebf]
 5  /glade/scratch/theurich/ESMF-Nightly-Testing/nvhpc_21.11_openmpi_g_develop/esmf/DEFAULTINSTALLDIR/lib/libg/Linux.nvhpc.64.openmpi.default/libesmf.so(c_esmc_meshcreatenodedistgrid_+0xc1) [0x2b1e07168281]
 6  /glade/scratch/theurich/ESMF-Nightly-Testing/nvhpc_21.11_openmpi_g_develop/esmf/DEFAULTINSTALLDIR/lib/libg/Linux.nvhpc.64.openmpi.default/libesmf.so(esmf_meshmod_esmf_meshcreatefrompointer_+0x6d) [0x2b1e07e3edad]
 7  /glade/scratch/theurich/ESMF-Nightly-Testing/nvhpc_21.11_openmpi_g_develop/esmf/DEFAULTINSTALLDIR/lib/libg/Linux.nvhpc.64.openmpi.default/libesmf.so(esmf_gridutilmod_esmf_gridtomesh_+0x52d) [0x2b1e07c99fad]
 8  /glade/scratch/theurich/ESMF-Nightly-Testing/nvhpc_21.11_openmpi_g_develop/esmf/DEFAULTINSTALLDIR/lib/libg/Linux.nvhpc.64.openmpi.default/libesmf.so(esmf_fieldregridmod_b_or_p_gridtomesh_+0x5a8) [0x2b1e07b594a8]
16  /glade/scratch/theurich/ESMF-Nightly-Testing/nvhpc_21.11_openmpi_g_develop/esmf/DEFAULTINSTALLDIR/lib/libg/Linux.nvhpc.64.openmpi.default/libesmf.so(_ZN5ESMCI3VMK5enterEPNS_7VMKPlanEPvS3_+0xbb) [0x2b13fed4733b]
17  /glade/scratch/theurich/ESMF-Nightly-Testing/nvhpc_21.11_openmpi_g_develop/esmf/DEFAULTINSTALLDIR/lib/libg/Linux.nvhpc.64.openmpi.default/libesmf.so(_ZN5ESMCI2VM5enterEPNS_6VMPlanEPvS3_+0xbe) [0x2b13fed70abe]
18  /glade/scratch/theurich/ESMF-Nightly-Testing/nvhpc_21.11_openmpi_g_develop/esmf/DEFAULTINSTALLDIR/lib/libg/Linux.nvhpc.64.openmpi.default/libesmf.so(c_esmc_ftablecallentrypointvm_+0x393) [0x2b13fe4e2153]
19  /glade/scratch/theurich/ESMF-Nightly-Testing/nvhpc_21.11_openmpi_g_develop/esmf/DEFAULTINSTALLDIR/lib/libg/Linux.nvhpc.64.openmpi.default/libesmf.so(esmf_compmod_esmf_compexecute_+0xab0) [0x2b13ff0916b0]
20  /glade/scratch/theurich/ESMF-Nightly-Testing/nvhpc_21.11_openmpi_g_develop/esmf/DEFAULTINSTALLDIR/lib/libg/Linux.nvhpc.64.openmpi.default/libesmf.so(esmf_cplcompmod_esmf_cplcompinitialize_+0x1de) [0x2b13ff0ad0de]
21  /glade/scratch/theurich/ESMF-Nightly-Testing/nvhpc_21.11_openmpi_g_develop/esmf/DEFAULTINSTALLDIR/lib/libg/Linux.nvhpc.64.openmpi.default/libesmf.so(nuopc_driver_loopconnectorcompss_+0x1663) [0x2b13ffa9a763]
22  /glade/scratch/theurich/ESMF-Nightly-Testing/nvhpc_21.11_openmpi_g_develop/esmf/DEFAULTINSTALLDIR/lib/libg/Linux.nvhpc.64.openmpi.default/libesmf.so(nuopc_driver_initializeipdv02p3_+0x523a) [0x2b13ffa8d13a]
23  /glade/scratch/theurich/ESMF-Nightly-Testing/nvhpc_21.11_openmpi_g_develop/esmf/DEFAULTINSTALLDIR/lib/libg/Linux.nvhpc.64.openmpi.default/libesmf.so(nuopc_driver_initializegeneric_+0xd60) [0x2b13ffa70320]
24  /glade/scratch/theurich/ESMF-Nightly-Testing/nvhpc_21.11_openmpi_g_develop/esmf/DEFAULTINSTALLDIR/lib/libg/Linux.nvhpc.64.openmpi.default/libesmf.so(_ZN5ESMCI6FTable12callVFuncPtrEPKcPNS_2VMEPi+0xc3c) [0x2b13fe4e667c]
==== backtrace (tid:  20147) ====
 0  /glade/u/apps/ch/opt/ucx/1.11.0/lib/libucs.so.0(ucs_handle_error+0xe4) [0x2ab4bd52c1b4]
 1  /glade/u/apps/ch/opt/ucx/1.11.0/lib/libucs.so.0(+0x2a4dc) [0x2ab4bd52c4dc]
 2  /glade/u/apps/ch/opt/ucx/1.11.0/lib/libucs.so.0(+0x2a74b) [0x2ab4bd52c74b]
 3  /glade/scratch/theurich/ESMF-Nightly-Testing/nvhpc_21.11_openmpi_g_develop/esmf/DEFAULTINSTALLDIR/lib/libg/Linux.nvhpc.64.openmpi.default/libesmf.so(_ZN5ESMCI6LogErr13MsgFoundErrorEiPKciS2_S2_Pi+0x34) [0x2ab4a3567674]
 4  /glade/scratch/theurich/ESMF-Nightly-Testing/nvhpc_21.11_openmpi_g_develop/esmf/DEFAULTINSTALLDIR/lib/libg/Linux.nvhpc.64.openmpi.default/libesmf.so(_ZN5ESMCI7MeshCap22meshcreatenodedistgridEPi+0x7f) [0x2ab4a3783ebf]
 5  /glade/scratch/theurich/ESMF-Nightly-Testing/nvhpc_21.11_openmpi_g_develop/esmf/DEFAULTINSTALLDIR/lib/libg/Linux.nvhpc.64.openmpi.default/libesmf.so(c_esmc_meshcreatenodedistgrid_+0xc1) [0x2ab4a37d6281]
 6  /glade/scratch/theurich/ESMF-Nightly-Testing/nvhpc_21.11_openmpi_g_develop/esmf/DEFAULTINSTALLDIR/lib/libg/Linux.nvhpc.64.openmpi.default/libesmf.so(esmf_meshmod_esmf_meshcreatefrompointer_+0x6d) [0x2ab4a44acdad]
 7  /glade/scratch/theurich/ESMF-Nightly-Testing/nvhpc_21.11_openmpi_g_develop/esmf/DEFAULTINSTALLDIR/lib/libg/Linux.nvhpc.64.openmpi.default/libesmf.so(esmf_gridutilmod_esmf_gridtomesh_+0x52d) [0x2ab4a4307fad]
 8  /glade/scratch/theurich/ESMF-Nightly-Testing/nvhpc_21.11_openmpi_g_develop/esmf/DEFAULTINSTALLDIR/lib/libg/Linux.nvhpc.64.openmpi.default/libesmf.so(esmf_fieldregridmod_b_or_p_gridtomesh_+0x5a8) [0x2ab4a41c74a8]
 9  /glade/scratch/theurich/ESMF-Nightly-Testing/nvhpc_21.11_openmpi_g_develop/esmf/DEFAULTINSTALLDIR/lib/libg/Linux.nvhpc.64.openmpi.default/libesmf.so(esmf_fieldregridmod_getmeshwithnodesonfieldloc_+0x574) [0x2b1e07b548f4]
10  /glade/scratch/theurich/ESMF-Nightly-Testing/nvhpc_21.11_openmpi_g_develop/esmf/DEFAULTINSTALLDIR/lib/libg/Linux.nvhpc.64.openmpi.default/libesmf.so(esmf_fieldregridmod_esmf_fieldregridstorenx_+0xf8c) [0x2b1e07b523cc]
11  /glade/scratch/theurich/ESMF-Nightly-Testing/nvhpc_21.11_openmpi_g_develop/esmf/DEFAULTINSTALLDIR/lib/libg/Linux.nvhpc.64.openmpi.default/libesmf.so(esmf_fieldbundlemod_esmf_fieldbundleregridstorepair_+0x42d1) [0x2b1e0797d511]
12  /glade/scratch/theurich/ESMF-Nightly-Testing/nvhpc_21.11_openmpi_g_develop/esmf/DEFAULTINSTALLDIR/lib/libg/Linux.nvhpc.64.openmpi.default/libesmf.so(nuopc_connector_fieldbundlecplstore_+0xdcd0) [0x2b1e082adf90]
13  /glade/scratch/theurich/ESMF-Nightly-Testing/nvhpc_21.11_openmpi_g_develop/esmf/DEFAULTINSTALLDIR/lib/libg/Linux.nvhpc.64.openmpi.default/libesmf.so(nuopc_connector_initializeipdv05p6b_+0x7a59) [0x2b1e0828c399]
14  /glade/scratch/theurich/ESMF-Nightly-Testing/nvhpc_21.11_openmpi_g_develop/esmf/DEFAULTINSTALLDIR/lib/libg/Linux.nvhpc.64.openmpi.default/libesmf.so(_ZN5ESMCI6FTable12callVFuncPtrEPKcPNS_2VMEPi+0xc3c) [0x2b1e06d2c67c]
15  /glade/scratch/theurich/ESMF-Nightly-Testing/nvhpc_21.11_openmpi_g_develop/esmf/DEFAULTINSTALLDIR/lib/libg/Linux.nvhpc.64.openmpi.default/libesmf.so(ESMCI_FTableCallEntryPointVMHop+0x293) [0x2b1e06d27c93]
16  /glade/scratch/theurich/ESMF-Nightly-Testing/nvhpc_21.11_openmpi_g_develop/esmf/DEFAULTINSTALLDIR/lib/libg/Linux.nvhpc.64.openmpi.default/libesmf.so(_ZN5ESMCI3VMK5enterEPNS_7VMKPlanEPvS3_+0xbb) [0x2b1e0758d33b]
17  /glade/scratch/theurich/ESMF-Nightly-Testing/nvhpc_21.11_openmpi_g_develop/esmf/DEFAULTINSTALLDIR/lib/libg/Linux.nvhpc.64.openmpi.default/libesmf.so(_ZN5ESMCI2VM5enterEPNS_6VMPlanEPvS3_+0xbe) [0x2b1e075b6abe]
18  /glade/scratch/theurich/ESMF-Nightly-Testing/nvhpc_21.11_openmpi_g_develop/esmf/DEFAULTINSTALLDIR/lib/libg/Linux.nvhpc.64.openmpi.default/libesmf.so(c_esmc_ftablecallentrypointvm_+0x393) [0x2b1e06d28153]
19  /glade/scratch/theurich/ESMF-Nightly-Testing/nvhpc_21.11_openmpi_g_develop/esmf/DEFAULTINSTALLDIR/lib/libg/Linux.nvhpc.64.openmpi.default/libesmf.so(esmf_compmod_esmf_compexecute_+0xab0) [0x2b1e078d76b0]
20  /glade/scratch/theurich/ESMF-Nightly-Testing/nvhpc_21.11_openmpi_g_develop/esmf/DEFAULTINSTALLDIR/lib/libg/Linux.nvhpc.64.openmpi.default/libesmf.so(esmf_cplcompmod_esmf_cplcompinitialize_+0x1de) [0x2b1e078f30de]
21  /glade/scratch/theurich/ESMF-Nightly-Testing/nvhpc_21.11_openmpi_g_develop/esmf/DEFAULTINSTALLDIR/lib/libg/Linux.nvhpc.64.openmpi.default/libesmf.so(nuopc_driver_loopconnectorcompss_+0x1663) [0x2b1e082e0763]
22  /glade/scratch/theurich/ESMF-Nightly-Testing/nvhpc_21.11_openmpi_g_develop/esmf/DEFAULTINSTALLDIR/lib/libg/Linux.nvhpc.64.openmpi.default/libesmf.so(nuopc_driver_initializeipdv02p3_+0x523a) [0x2b1e082d313a]
23  /glade/scratch/theurich/ESMF-Nightly-Testing/nvhpc_21.11_openmpi_g_develop/esmf/DEFAULTINSTALLDIR/lib/libg/Linux.nvhpc.64.openmpi.default/libesmf.so(nuopc_driver_initializegeneric_+0xd60) [0x2b1e082b6320]
 1  /glade/u/apps/ch/opt/ucx/1.11.0/lib/libucs.so.0(+0x2a4dc) [0x2b95861494dc]
 2  /glade/u/apps/ch/opt/ucx/1.11.0/lib/libucs.so.0(+0x2a74b) [0x2b958614974b]
 3  /glade/scratch/theurich/ESMF-Nightly-Testing/nvhpc_21.11_openmpi_g_develop/esmf/DEFAULTINSTALLDIR/lib/libg/Linux.nvhpc.64.openmpi.default/libesmf.so(_ZN5ESMCI6LogErr13MsgFoundErrorEiPKciS2_S2_Pi+0x34) [0x2b956c4a1674]
 4  /glade/scratch/theurich/ESMF-Nightly-Testing/nvhpc_21.11_openmpi_g_develop/esmf/DEFAULTINSTALLDIR/lib/libg/Linux.nvhpc.64.openmpi.default/libesmf.so(_ZN5ESMCI7MeshCap22meshcreatenodedistgridEPi+0x7f) [0x2b956c6bdebf]
 5  /glade/scratch/theurich/ESMF-Nightly-Testing/nvhpc_21.11_openmpi_g_develop/esmf/DEFAULTINSTALLDIR/lib/libg/Linux.nvhpc.64.openmpi.default/libesmf.so(c_esmc_meshcreatenodedistgrid_+0xc1) [0x2b956c710281]
 6  /glade/scratch/theurich/ESMF-Nightly-Testing/nvhpc_21.11_openmpi_g_develop/esmf/DEFAULTINSTALLDIR/lib/libg/Linux.nvhpc.64.openmpi.default/libesmf.so(esmf_meshmod_esmf_meshcreatefrompointer_+0x6d) [0x2b956d3e6dad]
 7  /glade/scratch/theurich/ESMF-Nightly-Testing/nvhpc_21.11_openmpi_g_develop/esmf/DEFAULTINSTALLDIR/lib/libg/Linux.nvhpc.64.openmpi.default/libesmf.so(esmf_gridutilmod_esmf_gridtomesh_+0x52d) [0x2b956d241fad]
 8  /glade/scratch/theurich/ESMF-Nightly-Testing/nvhpc_21.11_openmpi_g_develop/esmf/DEFAULTINSTALLDIR/lib/libg/Linux.nvhpc.64.openmpi.default/libesmf.so(esmf_fieldregridmod_b_or_p_gridtomesh_+0x5a8) [0x2b956d1014a8]
 9  /glade/scratch/theurich/ESMF-Nightly-Testing/nvhpc_21.11_openmpi_g_develop/esmf/DEFAULTINSTALLDIR/lib/libg/Linux.nvhpc.64.openmpi.default/libesmf.so(esmf_fieldregridmod_getmeshwithnodesonfieldloc_+0x574) [0x2b956d0fc8f4]
10  /glade/scratch/theurich/ESMF-Nightly-Testing/nvhpc_21.11_openmpi_g_develop/esmf/DEFAULTINSTALLDIR/lib/libg/Linux.nvhpc.64.openmpi.default/libesmf.so(esmf_fieldregridmod_esmf_fieldregridstorenx_+0xf8c) [0x2b956d0fa3cc]
11  /glade/scratch/theurich/ESMF-Nightly-Testing/nvhpc_21.11_openmpi_g_develop/esmf/DEFAULTINSTALLDIR/lib/libg/Linux.nvhpc.64.openmpi.default/libesmf.so(esmf_fieldbundlemod_esmf_fieldbundleregridstorepair_+0x42d1) [0x2b956cf25511]
12  /glade/scratch/theurich/ESMF-Nightly-Testing/nvhpc_21.11_openmpi_g_develop/esmf/DEFAULTINSTALLDIR/lib/libg/Linux.nvhpc.64.openmpi.default/libesmf.so(nuopc_connector_fieldbundlecplstore_+0xdcd0) [0x2b956d855f90]
13  /glade/scratch/theurich/ESMF-Nightly-Testing/nvhpc_21.11_openmpi_g_develop/esmf/DEFAULTINSTALLDIR/lib/libg/Linux.nvhpc.64.openmpi.default/libesmf.so(nuopc_connector_initializeipdv05p6b_+0x7a59) [0x2b956d834399]
14  /glade/scratch/theurich/ESMF-Nightly-Testing/nvhpc_21.11_openmpi_g_develop/esmf/DEFAULTINSTALLDIR/lib/libg/Linux.nvhpc.64.openmpi.default/libesmf.so(_ZN5ESMCI6FTable12callVFuncPtrEPKcPNS_2VMEPi+0xc3c) [0x2b956c2d467c]
15  /glade/scratch/theurich/ESMF-Nightly-Testing/nvhpc_21.11_openmpi_g_develop/esmf/DEFAULTINSTALLDIR/lib/libg/Linux.nvhpc.64.openmpi.default/libesmf.so(ESMCI_FTableCallEntryPointVMHop+0x293) [0x2b956c2cfc93]
16  /glade/scratch/theurich/ESMF-Nightly-Testing/nvhpc_21.11_openmpi_g_develop/esmf/DEFAULTINSTALLDIR/lib/libg/Linux.nvhpc.64.openmpi.default/libesmf.so(_ZN5ESMCI3VMK5enterEPNS_7VMKPlanEPvS3_+0xbb) [0x2b956cb3533b]
17  /glade/scratch/theurich/ESMF-Nightly-Testing/nvhpc_21.11_openmpi_g_develop/esmf/DEFAULTINSTALLDIR/lib/libg/Linux.nvhpc.64.openmpi.default/libesmf.so(_ZN5ESMCI2VM5enterEPNS_6VMPlanEPvS3_+0xbe) [0x2b956cb5eabe]
18  /glade/scratch/theurich/ESMF-Nightly-Testing/nvhpc_21.11_openmpi_g_develop/esmf/DEFAULTINSTALLDIR/lib/libg/Linux.nvhpc.64.openmpi.default/libesmf.so(c_esmc_ftablecallentrypointvm_+0x393) [0x2b956c2d0153]
19  /glade/scratch/theurich/ESMF-Nightly-Testing/nvhpc_21.11_openmpi_g_develop/esmf/DEFAULTINSTALLDIR/lib/libg/Linux.nvhpc.64.openmpi.default/libesmf.so(esmf_compmod_esmf_compexecute_+0xab0) [0x2b956ce7f6b0]
25  /glade/scratch/theurich/ESMF-Nightly-Testing/nvhpc_21.11_openmpi_g_develop/esmf/DEFAULTINSTALLDIR/lib/libg/Linux.nvhpc.64.openmpi.default/libesmf.so(ESMCI_FTableCallEntryPointVMHop+0x293) [0x2b13fe4e1c93]
26  /glade/scratch/theurich/ESMF-Nightly-Testing/nvhpc_21.11_openmpi_g_develop/esmf/DEFAULTINSTALLDIR/lib/libg/Linux.nvhpc.64.openmpi.default/libesmf.so(_ZN5ESMCI3VMK5enterEPNS_7VMKPlanEPvS3_+0xbb) [0x2b13fed4733b]
27  /glade/scratch/theurich/ESMF-Nightly-Testing/nvhpc_21.11_openmpi_g_develop/esmf/DEFAULTINSTALLDIR/lib/libg/Linux.nvhpc.64.openmpi.default/libesmf.so(_ZN5ESMCI2VM5enterEPNS_6VMPlanEPvS3_+0xbe) [0x2b13fed70abe]
28  /glade/scratch/theurich/ESMF-Nightly-Testing/nvhpc_21.11_openmpi_g_develop/esmf/DEFAULTINSTALLDIR/lib/libg/Linux.nvhpc.64.openmpi.default/libesmf.so(c_esmc_ftablecallentrypointvm_+0x393) [0x2b13fe4e2153]
29  /glade/scratch/theurich/ESMF-Nightly-Testing/nvhpc_21.11_openmpi_g_develop/esmf/DEFAULTINSTALLDIR/lib/libg/Linux.nvhpc.64.openmpi.default/libesmf.so(esmf_compmod_esmf_compexecute_+0xab0) [0x2b13ff0916b0]
30  /glade/scratch/theurich/ESMF-Nightly-Testing/nvhpc_21.11_openmpi_g_develop/esmf/DEFAULTINSTALLDIR/lib/libg/Linux.nvhpc.64.openmpi.default/libesmf.so(esmf_gridcompmod_esmf_gridcompinitialize_+0x1de) [0x2b13ff372a1e]
31  ./esmApp() [0x407666]
32  ./esmApp() [0x407133]
33  /glade/u/apps/ch/os/lib64/libc.so.6(__libc_start_main+0xf5) [0x2b14052c4a35]
34  ./esmApp() [0x407029]
=================================
20  /glade/scratch/theurich/ESMF-Nightly-Testing/nvhpc_21.11_openmpi_g_develop/esmf/DEFAULTINSTALLDIR/lib/libg/Linux.nvhpc.64.openmpi.default/libesmf.so(esmf_cplcompmod_esmf_cplcompinitialize_+0x1de) [0x2b956ce9b0de]
21  /glade/scratch/theurich/ESMF-Nightly-Testing/nvhpc_21.11_openmpi_g_develop/esmf/DEFAULTINSTALLDIR/lib/libg/Linux.nvhpc.64.openmpi.default/libesmf.so(nuopc_driver_loopconnectorcompss_+0x1663) [0x2b956d888763]
22  /glade/scratch/theurich/ESMF-Nightly-Testing/nvhpc_21.11_openmpi_g_develop/esmf/DEFAULTINSTALLDIR/lib/libg/Linux.nvhpc.64.openmpi.default/libesmf.so(nuopc_driver_initializeipdv02p3_+0x523a) [0x2b956d87b13a]
23  /glade/scratch/theurich/ESMF-Nightly-Testing/nvhpc_21.11_openmpi_g_develop/esmf/DEFAULTINSTALLDIR/lib/libg/Linux.nvhpc.64.openmpi.default/libesmf.so(nuopc_driver_initializegeneric_+0xd60) [0x2b956d85e320]
24  /glade/scratch/theurich/ESMF-Nightly-Testing/nvhpc_21.11_openmpi_g_develop/esmf/DEFAULTINSTALLDIR/lib/libg/Linux.nvhpc.64.openmpi.default/libesmf.so(_ZN5ESMCI6FTable12callVFuncPtrEPKcPNS_2VMEPi+0xc3c) [0x2b956c2d467c]
25  /glade/scratch/theurich/ESMF-Nightly-Testing/nvhpc_21.11_openmpi_g_develop/esmf/DEFAULTINSTALLDIR/lib/libg/Linux.nvhpc.64.openmpi.default/libesmf.so(ESMCI_FTableCallEntryPointVMHop+0x293) [0x2b956c2cfc93]
26  /glade/scratch/theurich/ESMF-Nightly-Testing/nvhpc_21.11_openmpi_g_develop/esmf/DEFAULTINSTALLDIR/lib/libg/Linux.nvhpc.64.openmpi.default/libesmf.so(_ZN5ESMCI3VMK5enterEPNS_7VMKPlanEPvS3_+0xbb) [0x2b956cb3533b]
27  /glade/scratch/theurich/ESMF-Nightly-Testing/nvhpc_21.11_openmpi_g_develop/esmf/DEFAULTINSTALLDIR/lib/libg/Linux.nvhpc.64.openmpi.default/libesmf.so(_ZN5ESMCI2VM5enterEPNS_6VMPlanEPvS3_+0xbe) [0x2b956cb5eabe]
28  /glade/scratch/theurich/ESMF-Nightly-Testing/nvhpc_21.11_openmpi_g_develop/esmf/DEFAULTINSTALLDIR/lib/libg/Linux.nvhpc.64.openmpi.default/libesmf.so(c_esmc_ftablecallentrypointvm_+0x393) [0x2b956c2d0153]
29  /glade/scratch/theurich/ESMF-Nightly-Testing/nvhpc_21.11_openmpi_g_develop/esmf/DEFAULTINSTALLDIR/lib/libg/Linux.nvhpc.64.openmpi.default/libesmf.so(esmf_compmod_esmf_compexecute_+0xab0) [0x2b956ce7f6b0]
30  /glade/scratch/theurich/ESMF-Nightly-Testing/nvhpc_21.11_openmpi_g_develop/esmf/DEFAULTINSTALLDIR/lib/libg/Linux.nvhpc.64.openmpi.default/libesmf.so(esmf_gridcompmod_esmf_gridcompinitialize_+0x1de) [0x2b956d160a1e]
31  ./esmApp() [0x407666]
32  ./esmApp() [0x407133]
33  /glade/u/apps/ch/os/lib64/libc.so.6(__libc_start_main+0xf5) [0x2b95730b2a35]
34  ./esmApp() [0x407029]
=================================
[r10i5n2:20148] *** Process received signal ***
[r10i5n2:20148] Signal: Segmentation fault (11)
[r10i5n2:20148] Signal code:  (-6)
[r10i5n2:20148] Failing at address: 0xb5100004eb4
[r10i5n2:20148] [ 0] /glade/u/apps/ch/os/lib64/libpthread.so.0(+0x11c00)[0x2b95727e1c00]
[r10i5n2:20148] [ 1] /glade/scratch/theurich/ESMF-Nightly-Testing/nvhpc_21.11_openmpi_g_develop/esmf/DEFAULTINSTALLDIR/lib/libg/Linux.nvhpc.64.openmpi.default/libesmf.so(_ZN5ESMCI6LogErr13MsgFoundErrorEiPKciS2_S2_Pi+0x34)[0x2b956c4a1674]
[r10i5n2:20148] [ 2] /glade/scratch/theurich/ESMF-Nightly-Testing/nvhpc_21.11_openmpi_g_develop/esmf/DEFAULTINSTALLDIR/lib/libg/Linux.nvhpc.64.openmpi.default/libesmf.so(_ZN5ESMCI7MeshCap22meshcreatenodedistgridEPi+0x7f)[0x2b956c6bdebf]
[r10i5n2:20148] [ 3]  9  /glade/scratch/theurich/ESMF-Nightly-Testing/nvhpc_21.11_openmpi_g_develop/esmf/DEFAULTINSTALLDIR/lib/libg/Linux.nvhpc.64.openmpi.default/libesmf.so(esmf_fieldregridmod_getmeshwithnodesonfieldloc_+0x574) [0x2ab4a41c28f4]
10  /glade/scratch/theurich/ESMF-Nightly-Testing/nvhpc_21.11_openmpi_g_develop/esmf/DEFAULTINSTALLDIR/lib/libg/Linux.nvhpc.64.openmpi.default/libesmf.so(esmf_fieldregridmod_esmf_fieldregridstorenx_+0xf8c) [0x2ab4a41c03cc]
11  /glade/scratch/theurich/ESMF-Nightly-Testing/nvhpc_21.11_openmpi_g_develop/esmf/DEFAULTINSTALLDIR/lib/libg/Linux.nvhpc.64.openmpi.default/libesmf.so(esmf_fieldbundlemod_esmf_fieldbundleregridstorepair_+0x42d1) [0x2ab4a3feb511]
12  /glade/scratch/theurich/ESMF-Nightly-Testing/nvhpc_21.11_openmpi_g_develop/esmf/DEFAULTINSTALLDIR/lib/libg/Linux.nvhpc.64.openmpi.default/libesmf.so(nuopc_connector_fieldbundlecplstore_+0xdcd0) [0x2ab4a491bf90]
13  /glade/scratch/theurich/ESMF-Nightly-Testing/nvhpc_21.11_openmpi_g_develop/esmf/DEFAULTINSTALLDIR/lib/libg/Linux.nvhpc.64.openmpi.default/libesmf.so(nuopc_connector_initializeipdv05p6b_+0x7a59) [0x2ab4a48fa399]
14  /glade/scratch/theurich/ESMF-Nightly-Testing/nvhpc_21.11_openmpi_g_develop/esmf/DEFAULTINSTALLDIR/lib/libg/Linux.nvhpc.64.openmpi.default/libesmf.so(_ZN5ESMCI6FTable12callVFuncPtrEPKcPNS_2VMEPi+0xc3c) [0x2ab4a339a67c]
15  /glade/scratch/theurich/ESMF-Nightly-Testing/nvhpc_21.11_openmpi_g_develop/esmf/DEFAULTINSTALLDIR/lib/libg/Linux.nvhpc.64.openmpi.default/libesmf.so(ESMCI_FTableCallEntryPointVMHop+0x293) [0x2ab4a3395c93]
16  /glade/scratch/theurich/ESMF-Nightly-Testing/nvhpc_21.11_openmpi_g_develop/esmf/DEFAULTINSTALLDIR/lib/libg/Linux.nvhpc.64.openmpi.default/libesmf.so(_ZN5ESMCI3VMK5enterEPNS_7VMKPlanEPvS3_+0xbb) [0x2ab4a3bfb33b]
17  /glade/scratch/theurich/ESMF-Nightly-Testing/nvhpc_21.11_openmpi_g_develop/esmf/DEFAULTINSTALLDIR/lib/libg/Linux.nvhpc.64.openmpi.default/libesmf.so(_ZN5ESMCI2VM5enterEPNS_6VMPlanEPvS3_+0xbe) [0x2ab4a3c24abe]
18  /glade/scratch/theurich/ESMF-Nightly-Testing/nvhpc_21.11_openmpi_g_develop/esmf/DEFAULTINSTALLDIR/lib/libg/Linux.nvhpc.64.openmpi.default/libesmf.so(c_esmc_ftablecallentrypointvm_+0x393) [0x2ab4a3396153]
19  /glade/scratch/theurich/ESMF-Nightly-Testing/nvhpc_21.11_openmpi_g_develop/esmf/DEFAULTINSTALLDIR/lib/libg/Linux.nvhpc.64.openmpi.default/libesmf.so(esmf_compmod_esmf_compexecute_+0xab0) [0x2ab4a3f456b0]
20  /glade/scratch/theurich/ESMF-Nightly-Testing/nvhpc_21.11_openmpi_g_develop/esmf/DEFAULTINSTALLDIR/lib/libg/Linux.nvhpc.64.openmpi.default/libesmf.so(esmf_cplcompmod_esmf_cplcompinitialize_+0x1de) [0x2ab4a3f610de]
21  /glade/scratch/theurich/ESMF-Nightly-Testing/nvhpc_21.11_openmpi_g_develop/esmf/DEFAULTINSTALLDIR/lib/libg/Linux.nvhpc.64.openmpi.default/libesmf.so(nuopc_driver_loopconnectorcompss_+0x1663) [0x2ab4a494e763]
22  /glade/scratch/theurich/ESMF-Nightly-Testing/nvhpc_21.11_openmpi_g_develop/esmf/DEFAULTINSTALLDIR/lib/libg/Linux.nvhpc.64.openmpi.default/libesmf.so(nuopc_driver_initializeipdv02p3_+0x523a) [0x2ab4a494113a]
23  /glade/scratch/theurich/ESMF-Nightly-Testing/nvhpc_21.11_openmpi_g_develop/esmf/DEFAULTINSTALLDIR/lib/libg/Linux.nvhpc.64.openmpi.default/libesmf.so(nuopc_driver_initializegeneric_+0xd60) [0x2ab4a4924320]
24  /glade/scratch/theurich/ESMF-Nightly-Testing/nvhpc_21.11_openmpi_g_develop/esmf/DEFAULTINSTALLDIR/lib/libg/Linux.nvhpc.64.openmpi.default/libesmf.so(_ZN5ESMCI6FTable12callVFuncPtrEPKcPNS_2VMEPi+0xc3c) [0x2ab4a339a67c]
25  /glade/scratch/theurich/ESMF-Nightly-Testing/nvhpc_21.11_openmpi_g_develop/esmf/DEFAULTINSTALLDIR/lib/libg/Linux.nvhpc.64.openmpi.default/libesmf.so(ESMCI_FTableCallEntryPointVMHop+0x293) [0x2ab4a3395c93]
26  /glade/scratch/theurich/ESMF-Nightly-Testing/nvhpc_21.11_openmpi_g_develop/esmf/DEFAULTINSTALLDIR/lib/libg/Linux.nvhpc.64.openmpi.default/libesmf.so(_ZN5ESMCI3VMK5enterEPNS_7VMKPlanEPvS3_+0xbb) [0x2ab4a3bfb33b]
27  /glade/scratch/theurich/ESMF-Nightly-Testing/nvhpc_21.11_openmpi_g_develop/esmf/DEFAULTINSTALLDIR/lib/libg/Linux.nvhpc.64.openmpi.default/libesmf.so(_ZN5ESMCI2VM5enterEPNS_6VMPlanEPvS3_+0xbe) [0x2ab4a3c24abe]
28  /24  /glade/scratch/theurich/ESMF-Nightly-Testing/nvhpc_21.11_openmpi_g_develop/esmf/DEFAULTINSTALLDIR/lib/libg/Linux.nvhpc.64.openmpi.default/libesmf.so(_ZN5ESMCI6FTable12callVFuncPtrEPKcPNS_2VMEPi+0xc3c) [0x2b1e06d2c67c]
25  /glade/scratch/theurich/ESMF-Nightly-Testing/nvhpc_21.11_openmpi_g_develop/esmf/DEFAULTINSTALLDIR/lib/libg/Linux.nvhpc.64.openmpi.default/libesmf.so(ESMCI_FTableCallEntryPointVMHop+0x293) [0x2b1e06d27c93]
26  /glade/scratch/theurich/ESMF-Nightly-Testing/nvhpc_21.11_openmpi_g_develop/esmf/DEFAULTINSTALLDIR/lib/libg/Linux.nvhpc.64.openmpi.default/libesmf.so(_ZN5ESMCI3VMK5enterEPNS_7VMKPlanEPvS3_+0xbb) [0x2b1e0758d33b]
27  /glade/scratch/theurich/ESMF-Nightly-Testing/nvhpc_21.11_openmpi_g_develop/esmf/DEFAULTINSTALLDIR/lib/libg/Linux.nvhpc.64.openmpi.default/libesmf.so(_ZN5ESMCI2VM5enterEPNS_6VMPlanEPvS3_+0xbe) [0x2b1e075b6abe]
28  /glade/scratch/theurich/ESMF-Nightly-Testing/nvhpc_21.11_openmpi_g_develop/esmf/DEFAULTINSTALLDIR/lib/libg/Linux.nvhpc.64.openmpi.default/libesmf.so(c_esmc_ftablecallentrypointvm_+0x393) [0x2b1e06d28153]
29  /glade/scratch/theurich/ESMF-Nightly-Testing/nvhpc_21.11_openmpi_g_develop/esmf/DEFAULTINSTALLDIR/lib/libg/Linux.nvhpc.64.openmpi.default/libesmf.so(esmf_compmod_esmf_compexecute_+0xab0) [0x2b1e078d76b0]
30  /glade/scratch/theurich/ESMF-Nightly-Testing/nvhpc_21.11_openmpi_g_develop/esmf/DEFAULTINSTALLDIR/lib/libg/Linux.nvhpc.64.openmpi.default/libesmf.so(esmf_gridcompmod_esmf_gridcompinitialize_+0x1de) [0x2b1e07bb8a1e]
31  ./esmApp() [0x407666]
32  ./esmApp() [0x407133]
33  /glade/u/apps/ch/os/lib64/libc.so.6(__libc_start_main+0xf5) [0x2b1e0db0aa35]
34  ./esmApp() [0x407029]
=================================
[r10i5n2:20146] *** Process received signal ***
[r10i5n2:20146] Signal: Segmentation fault (11)
[r10i5n2:20146] Signal code:  (-6)
[r10i5n2:20146] Failing at address: 0xb5100004eb2
[r10i5n2:20146] [ 0] /glade/u/apps/ch/os/lib64/libpthread.so.0(+0x11c00)[0x2b1e0d239c00]
[r10i5n2:20146] [ 1] /glade/scratch/theurich/ESMF-Nightly-Testing/nvhpc_21.11_openmpi_g_develop/esmf/DEFAULTINSTALLDIR/lib/libg/Linux.nvhpc.64.openmpi.default/libesmf.so(_ZN5ESMCI6LogErr13MsgFoundErrorEiPKciS2_S2_Pi+0x34)[0x2b1e06ef9674]
[r10i5n2:20146] [ 2] /glade/scratch/theurich/ESMF-Nightly-Testing/nvhpc_21.11_openmpi_g_develop/esmf/DEFAULTINSTALLDIR/lib/libg/Linux.nvhpc.64.openmpi.default/libesmf.so(_ZN5ESMCI7MeshCap22meshcreatenodedistgridEPi+0x7f)[0x2b1e07115ebf]
[r10i5n2:20146] [ 3] [r10i5n2:20145] *** Process received signal ***
[r10i5n2:20145] Signal: Segmentation fault (11)
[r10i5n2:20145] Signal code:  (-6)
[r10i5n2:20145] Failing at address: 0xb5100004eb1
[r10i5n2:20145] [ 0] /glade/u/apps/ch/os/lib64/libpthread.so.0(+0x11c00)[0x2b14049f3c00]
[r10i5n2:20145] [ 1] /glade/scratch/theurich/ESMF-Nightly-Testing/nvhpc_21.11_openmpi_g_develop/esmf/DEFAULTINSTALLDIR/lib/libg/Linux.nvhpc.64.openmpi.default/libesmf.so(_ZN5ESMCI6LogErr13MsgFoundErrorEiPKciS2_S2_Pi+0x34)[0x2b13fe6b3674]
[r10i5n2:20145] [ 2] /glade/scratch/theurich/ESMF-Nightly-Testing/nvhpc_21.11_openmpi_g_develop/esmf/DEFAULTINSTALLDIR/lib/libg/Linux.nvhpc.64.openmpi.default/libesmf.so(_ZN5ESMCI7MeshCap22meshcreatenodedistgridEPi+0x7f)[0x2b13fe8cfebf]
[r10i5n2:20145] [ 3] glade/scratch/theurich/ESMF-Nightly-Testing/nvhpc_21.11_openmpi_g_develop/esmf/DEFAULTINSTALLDIR/lib/libg/Linux.nvhpc.64.openmpi.default/libesmf.so(c_esmc_ftablecallentrypointvm_+0x393) [0x2ab4a3396153]
29  /glade/scratch/theurich/ESMF-Nightly-Testing/nvhpc_21.11_openmpi_g_develop/esmf/DEFAULTINSTALLDIR/lib/libg/Linux.nvhpc.64.openmpi.default/libesmf.so(esmf_compmod_esmf_compexecute_+0xab0) [0x2ab4a3f456b0]
30  /glade/scratch/theurich/ESMF-Nightly-Testing/nvhpc_21.11_openmpi_g_develop/esmf/DEFAULTINSTALLDIR/lib/libg/Linux.nvhpc.64.openmpi.default/libesmf.so(esmf_gridcompmod_esmf_gridcompinitialize_+0x1de) [0x2ab4a4226a1e]
31  ./esmApp() [0x407666]
32  ./esmApp() [0x407133]
33  /glade/u/apps/ch/os/lib64/libc.so.6(__libc_start_main+0xf5) [0x2ab4aa178a35]
34  ./esmApp() [0x407029]
=================================
[r10i5n2:20147] *** Process received signal ***
[r10i5n2:20147] Signal: Segmentation fault (11)
[r10i5n2:20147] Signal code:  (-6)
[r10i5n2:20147] Failing at address: 0xb5100004eb3
[r10i5n2:20147] [ 0] /glade/u/apps/ch/os/lib64/libpthread.so.0(+0x11c00)[0x2ab4a98a7c00]
[r10i5n2:20147] [ 1] /glade/scratch/theurich/ESMF-Nightly-Testing/nvhpc_21.11_openmpi_g_develop/esmf/DEFAULTINSTALLDIR/lib/libg/Linux.nvhpc.64.openmpi.default/libesmf.so(_ZN5ESMCI6LogErr13MsgFoundErrorEiPKciS2_S2_Pi+0x34)[0x2ab4a3567674]
[r10i5n2:20147] [ 2] /glade/scratch/theurich/ESMF-Nightly-Testing/nvhpc_21.11_openmpi_g_develop/esmf/DEFAULTINSTALLDIR/lib/libg/Linux.nvhpc.64.openmpi.default/libesmf.so(_ZN5ESMCI7MeshCap22meshcreatenodedistgridEPi+0x7f)[0x2ab4a3783ebf]
[r10i5n2:20147] [ 3] /glade/scratch/theurich/ESMF-Nightly-Testing/nvhpc_21.11_openmpi_g_develop/esmf/DEFAULTINSTALLDIR/lib/libg/Linux.nvhpc.64.openmpi.default/libesmf.so(c_esmc_meshcreatenodedistgrid_+0xc1)[0x2b13fe922281]
[r10i5n2:20145] [ 4] /glade/scratch/theurich/ESMF-Nightly-Testing/nvhpc_21.11_openmpi_g_develop/esmf/DEFAULTINSTALLDIR/lib/libg/Linux.nvhpc.64.openmpi.default/libesmf.so(c_esmc_meshcreatenodedistgrid_+0xc1)[0x2b1e07168281]
[r10i5n2:20146] [ 4] /glade/scratch/theurich/ESMF-Nightly-Testing/nvhpc_21.11_openmpi_g_develop/esmf/DEFAULTINSTALLDIR/lib/libg/Linux.nvhpc.64.openmpi.default/libesmf.so(c_esmc_meshcreatenodedistgrid_+0xc1)[0x2b956c710281]
[r10i5n2:20148] [ 4] /glade/scratch/theurich/ESMF-Nightly-Testing/nvhpc_21.11_openmpi_g_develop/esmf/DEFAULTINSTALLDIR/lib/libg/Linux.nvhpc.64.openmpi.default/libesmf.so(c_esmc_meshcreatenodedistgrid_+0xc1)[0x2ab4a37d6281]
[r10i5n2:20147] [ 4] /glade/scratch/theurich/ESMF-Nightly-Testing/nvhpc_21.11_openmpi_g_develop/esmf/DEFAULTINSTALLDIR/lib/libg/Linux.nvhpc.64.openmpi.default/libesmf.so(esmf_meshmod_esmf_meshcreatefrompointer_+0x6d)[0x2b13ff5f8dad]
[r10i5n2:20145] [ 5] /glade/scratch/theurich/ESMF-Nightly-Testing/nvhpc_21.11_openmpi_g_develop/esmf/DEFAULTINSTALLDIR/lib/libg/Linux.nvhpc.64.openmpi.default/libesmf.so(esmf_meshmod_esmf_meshcreatefrompointer_+0x6d)[0x2b1e07e3edad]
[r10i5n2:20146] [ 5] /glade/scratch/theurich/ESMF-Nightly-Testing/nvhpc_21.11_openmpi_g_develop/esmf/DEFAULTINSTALLDIR/lib/libg/Linux.nvhpc.64.openmpi.default/libesmf.so(esmf_meshmod_esmf_meshcreatefrompointer_+0x6d)[0x2b956d3e6dad]
[r10i5n2:20148] [ 5] /glade/scratch/theurich/ESMF-Nightly-Testing/nvhpc_21.11_openmpi_g_develop/esmf/DEFAULTINSTALLDIR/lib/libg/Linux.nvhpc.64.openmpi.default/libesmf.so(esmf_meshmod_esmf_meshcreatefrompointer_+0x6d)[0x2ab4a44acdad]
[r10i5n2:20147] [ 5] /glade/scratch/theurich/ESMF-Nightly-Testing/nvhpc_21.11_openmpi_g_develop/esmf/DEFAULTINSTALLDIR/lib/libg/Linux.nvhpc.64.openmpi.default/libesmf.so(esmf_gridutilmod_esmf_gridtomesh_+0x52d)[0x2b13ff453fad]
[r10i5n2:20145] [ 6] /glade/scratch/theurich/ESMF-Nightly-Testing/nvhpc_21.11_openmpi_g_develop/esmf/DEFAULTINSTALLDIR/lib/libg/Linux.nvhpc.64.openmpi.default/libesmf.so(esmf_gridutilmod_esmf_gridtomesh_+0x52d)[0x2b956d241fad]
[r10i5n2:20148] [ 6] /glade/scratch/theurich/ESMF-Nightly-Testing/nvhpc_21.11_openmpi_g_develop/esmf/DEFAULTINSTALLDIR/lib/libg/Linux.nvhpc.64.openmpi.default/libesmf.so(esmf_gridutilmod_esmf_gridtomesh_+0x52d)[0x2b1e07c99fad]
[r10i5n2:20146] [ 6] /glade/scratch/theurich/ESMF-Nightly-Testing/nvhpc_21.11_openmpi_g_develop/esmf/DEFAULTINSTALLDIR/lib/libg/Linux.nvhpc.64.openmpi.default/libesmf.so(esmf_gridutilmod_esmf_gridtomesh_+0x52d)[0x2ab4a4307fad]
[r10i5n2:20147] [ 6] /glade/scratch/theurich/ESMF-Nightly-Testing/nvhpc_21.11_openmpi_g_develop/esmf/DEFAULTINSTALLDIR/lib/libg/Linux.nvhpc.64.openmpi.default/libesmf.so(esmf_fieldregridmod_b_or_p_gridtomesh_+0x5a8)[0x2b13ff3134a8]
[r10i5n2:20145] [ 7] /glade/scratch/theurich/ESMF-Nightly-Testing/nvhpc_21.11_openmpi_g_develop/esmf/DEFAULTINSTALLDIR/lib/libg/Linux.nvhpc.64.openmpi.default/libesmf.so(esmf_fieldregridmod_b_or_p_gridtomesh_+0x5a8)[0x2b956d1014a8]
[r10i5n2:20148] [ 7] /glade/scratch/theurich/ESMF-Nightly-Testing/nvhpc_21.11_openmpi_g_develop/esmf/DEFAULTINSTALLDIR/lib/libg/Linux.nvhpc.64.openmpi.default/libesmf.so(esmf_fieldregridmod_b_or_p_gridtomesh_+0x5a8)[0x2ab4a41c74a8]
[r10i5n2:20147] [ 7] /glade/scratch/theurich/ESMF-Nightly-Testing/nvhpc_21.11_openmpi_g_develop/esmf/DEFAULTINSTALLDIR/lib/libg/Linux.nvhpc.64.openmpi.default/libesmf.so(esmf_fieldregridmod_b_or_p_gridtomesh_+0x5a8)[0x2b1e07b594a8]
[r10i5n2:20146] [ 7] /glade/scratch/theurich/ESMF-Nightly-Testing/nvhpc_21.11_openmpi_g_develop/esmf/DEFAULTINSTALLDIR/lib/libg/Linux.nvhpc.64.openmpi.default/libesmf.so(esmf_fieldregridmod_getmeshwithnodesonfieldloc_+0x574)[0x2b13ff30e8f4]
[r10i5n2:20145] [ 8] /glade/scratch/theurich/ESMF-Nightly-Testing/nvhpc_21.11_openmpi_g_develop/esmf/DEFAULTINSTALLDIR/lib/libg/Linux.nvhpc.64.openmpi.default/libesmf.so(esmf_fieldregridmod_getmeshwithnodesonfieldloc_+0x574)[0x2b956d0fc8f4]
[r10i5n2:20148] [ 8] /glade/scratch/theurich/ESMF-Nightly-Testing/nvhpc_21.11_openmpi_g_develop/esmf/DEFAULTINSTALLDIR/lib/libg/Linux.nvhpc.64.openmpi.default/libesmf.so(esmf_fieldregridmod_getmeshwithnodesonfieldloc_+0x574)[0x2ab4a41c28f4]
[r10i5n2:20147] [ 8] /glade/scratch/theurich/ESMF-Nightly-Testing/nvhpc_21.11_openmpi_g_develop/esmf/DEFAULTINSTALLDIR/lib/libg/Linux.nvhpc.64.openmpi.default/libesmf.so(esmf_fieldregridmod_getmeshwithnodesonfieldloc_+0x574)[0x2b1e07b548f4]
[r10i5n2:20146] [ 8] /glade/scratch/theurich/ESMF-Nightly-Testing/nvhpc_21.11_openmpi_g_develop/esmf/DEFAULTINSTALLDIR/lib/libg/Linux.nvhpc.64.openmpi.default/libesmf.so(esmf_fieldregridmod_esmf_fieldregridstorenx_+0xf8c)[0x2b13ff30c3cc]
[r10i5n2:20145] [ 9] /glade/scratch/theurich/ESMF-Nightly-Testing/nvhpc_21.11_openmpi_g_develop/esmf/DEFAULTINSTALLDIR/lib/libg/Linux.nvhpc.64.openmpi.default/libesmf.so(esmf_fieldregridmod_esmf_fieldregridstorenx_+0xf8c)[0x2b956d0fa3cc]
[r10i5n2:20148] [ 9] /glade/scratch/theurich/ESMF-Nightly-Testing/nvhpc_21.11_openmpi_g_develop/esmf/DEFAULTINSTALLDIR/lib/libg/Linux.nvhpc.64.openmpi.default/libesmf.so(esmf_fieldregridmod_esmf_fieldregridstorenx_+0xf8c)[0x2b1e07b523cc]
[r10i5n2:20146] [ 9] /glade/scratch/theurich/ESMF-Nightly-Testing/nvhpc_21.11_openmpi_g_develop/esmf/DEFAULTINSTALLDIR/lib/libg/Linux.nvhpc.64.openmpi.default/libesmf.so(esmf_fieldregridmod_esmf_fieldregridstorenx_+0xf8c)[0x2ab4a41c03cc]
[r10i5n2:20147] [ 9] /glade/scratch/theurich/ESMF-Nightly-Testing/nvhpc_21.11_openmpi_g_develop/esmf/DEFAULTINSTALLDIR/lib/libg/Linux.nvhpc.64.openmpi.default/libesmf.so(esmf_fieldbundlemod_esmf_fieldbundleregridstorepair_+0x42d1)[0x2b13ff137511]
[r10i5n2:20145] [10] /glade/scratch/theurich/ESMF-Nightly-Testing/nvhpc_21.11_openmpi_g_develop/esmf/DEFAULTINSTALLDIR/lib/libg/Linux.nvhpc.64.openmpi.default/libesmf.so(esmf_fieldbundlemod_esmf_fieldbundleregridstorepair_+0x42d1)[0x2b956cf25511]
[r10i5n2:20148] [10] /glade/scratch/theurich/ESMF-Nightly-Testing/nvhpc_21.11_openmpi_g_develop/esmf/DEFAULTINSTALLDIR/lib/libg/Linux.nvhpc.64.openmpi.default/libesmf.so(esmf_fieldbundlemod_esmf_fieldbundleregridstorepair_+0x42d1)[0x2b1e0797d511]
[r10i5n2:20146] [10] /glade/scratch/theurich/ESMF-Nightly-Testing/nvhpc_21.11_openmpi_g_develop/esmf/DEFAULTINSTALLDIR/lib/libg/Linux.nvhpc.64.openmpi.default/libesmf.so(esmf_fieldbundlemod_esmf_fieldbundleregridstorepair_+0x42d1)[0x2ab4a3feb511]
[r10i5n2:20147] [10] /glade/scratch/theurich/ESMF-Nightly-Testing/nvhpc_21.11_openmpi_g_develop/esmf/DEFAULTINSTALLDIR/lib/libg/Linux.nvhpc.64.openmpi.default/libesmf.so(nuopc_connector_fieldbundlecplstore_+0xdcd0)[0x2b13ffa67f90]
[r10i5n2:20145] [11] /glade/scratch/theurich/ESMF-Nightly-Testing/nvhpc_21.11_openmpi_g_develop/esmf/DEFAULTINSTALLDIR/lib/libg/Linux.nvhpc.64.openmpi.default/libesmf.so(nuopc_connector_fieldbundlecplstore_+0xdcd0)[0x2b1e082adf90]
[r10i5n2:20146] [11] /glade/scratch/theurich/ESMF-Nightly-Testing/nvhpc_21.11_openmpi_g_develop/esmf/DEFAULTINSTALLDIR/lib/libg/Linux.nvhpc.64.openmpi.default/libesmf.so(nuopc_connector_fieldbundlecplstore_+0xdcd0)[0x2b956d855f90]
[r10i5n2:20148] [11] /glade/scratch/theurich/ESMF-Nightly-Testing/nvhpc_21.11_openmpi_g_develop/esmf/DEFAULTINSTALLDIR/lib/libg/Linux.nvhpc.64.openmpi.default/libesmf.so(nuopc_connector_fieldbundlecplstore_+0xdcd0)[0x2ab4a491bf90]
[r10i5n2:20147] [11] /glade/scratch/theurich/ESMF-Nightly-Testing/nvhpc_21.11_openmpi_g_develop/esmf/DEFAULTINSTALLDIR/lib/libg/Linux.nvhpc.64.openmpi.default/libesmf.so(nuopc_connector_initializeipdv05p6b_+0x7a59)[0x2b13ffa46399]
[r10i5n2:20145] [12] /glade/scratch/theurich/ESMF-Nightly-Testing/nvhpc_21.11_openmpi_g_develop/esmf/DEFAULTINSTALLDIR/lib/libg/Linux.nvhpc.64.openmpi.default/libesmf.so(nuopc_connector_initializeipdv05p6b_+0x7a59)[0x2b1e0828c399]
[r10i5n2:20146] [12] /glade/scratch/theurich/ESMF-Nightly-Testing/nvhpc_21.11_openmpi_g_develop/esmf/DEFAULTINSTALLDIR/lib/libg/Linux.nvhpc.64.openmpi.default/libesmf.so(nuopc_connector_initializeipdv05p6b_+0x7a59)[0x2b956d834399]
[r10i5n2:20148] [12] /glade/scratch/theurich/ESMF-Nightly-Testing/nvhpc_21.11_openmpi_g_develop/esmf/DEFAULTINSTALLDIR/lib/libg/Linux.nvhpc.64.openmpi.default/libesmf.so(nuopc_connector_initializeipdv05p6b_+0x7a59)[0x2ab4a48fa399]
[r10i5n2:20147] [12] /glade/scratch/theurich/ESMF-Nightly-Testing/nvhpc_21.11_openmpi_g_develop/esmf/DEFAULTINSTALLDIR/lib/libg/Linux.nvhpc.64.openmpi.default/libesmf.so(_ZN5ESMCI6FTable12callVFuncPtrEPKcPNS_2VMEPi+0xc3c)[0x2b13fe4e667c]
[r10i5n2:20145] [13] /glade/scratch/theurich/ESMF-Nightly-Testing/nvhpc_21.11_openmpi_g_develop/esmf/DEFAULTINSTALLDIR/lib/libg/Linux.nvhpc.64.openmpi.default/libesmf.so(_ZN5ESMCI6FTable12callVFuncPtrEPKcPNS_2VMEPi+0xc3c)[0x2b1e06d2c67c]
[r10i5n2:20146] [13] /glade/scratch/theurich/ESMF-Nightly-Testing/nvhpc_21.11_openmpi_g_develop/esmf/DEFAULTINSTALLDIR/lib/libg/Linux.nvhpc.64.openmpi.default/libesmf.so(_ZN5ESMCI6FTable12callVFuncPtrEPKcPNS_2VMEPi+0xc3c)[0x2b956c2d467c]
[r10i5n2:20148] [13] /glade/scratch/theurich/ESMF-Nightly-Testing/nvhpc_21.11_openmpi_g_develop/esmf/DEFAULTINSTALLDIR/lib/libg/Linux.nvhpc.64.openmpi.default/libesmf.so(_ZN5ESMCI6FTable12callVFuncPtrEPKcPNS_2VMEPi+0xc3c)[0x2ab4a339a67c]
[r10i5n2:20147] [13] /glade/scratch/theurich/ESMF-Nightly-Testing/nvhpc_21.11_openmpi_g_develop/esmf/DEFAULTINSTALLDIR/lib/libg/Linux.nvhpc.64.openmpi.default/libesmf.so(ESMCI_FTableCallEntryPointVMHop+0x293)[0x2b13fe4e1c93]
[r10i5n2:20145] [14] /glade/scratch/theurich/ESMF-Nightly-Testing/nvhpc_21.11_openmpi_g_develop/esmf/DEFAULTINSTALLDIR/lib/libg/Linux.nvhpc.64.openmpi.default/libesmf.so(ESMCI_FTableCallEntryPointVMHop+0x293)[0x2b956c2cfc93]
[r10i5n2:20148] [14] /glade/scratch/theurich/ESMF-Nightly-Testing/nvhpc_21.11_openmpi_g_develop/esmf/DEFAULTINSTALLDIR/lib/libg/Linux.nvhpc.64.openmpi.default/libesmf.so(ESMCI_FTableCallEntryPointVMHop+0x293)[0x2b1e06d27c93]
[r10i5n2:20146] [14] /glade/scratch/theurich/ESMF-Nightly-Testing/nvhpc_21.11_openmpi_g_develop/esmf/DEFAULTINSTALLDIR/lib/libg/Linux.nvhpc.64.openmpi.default/libesmf.so(ESMCI_FTableCallEntryPointVMHop+0x293)[0x2ab4a3395c93]
[r10i5n2:20147] [14] /glade/scratch/theurich/ESMF-Nightly-Testing/nvhpc_21.11_openmpi_g_develop/esmf/DEFAULTINSTALLDIR/lib/libg/Linux.nvhpc.64.openmpi.default/libesmf.so(_ZN5ESMCI3VMK5enterEPNS_7VMKPlanEPvS3_+0xbb)[0x2b13fed4733b]
[r10i5n2:20145] [15] /glade/scratch/theurich/ESMF-Nightly-Testing/nvhpc_21.11_openmpi_g_develop/esmf/DEFAULTINSTALLDIR/lib/libg/Linux.nvhpc.64.openmpi.default/libesmf.so(_ZN5ESMCI3VMK5enterEPNS_7VMKPlanEPvS3_+0xbb)[0x2b1e0758d33b]
[r10i5n2:20146] [15] /glade/scratch/theurich/ESMF-Nightly-Testing/nvhpc_21.11_openmpi_g_develop/esmf/DEFAULTINSTALLDIR/lib/libg/Linux.nvhpc.64.openmpi.default/libesmf.so(_ZN5ESMCI3VMK5enterEPNS_7VMKPlanEPvS3_+0xbb)[0x2b956cb3533b]
[r10i5n2:20148] [15] /glade/scratch/theurich/ESMF-Nightly-Testing/nvhpc_21.11_openmpi_g_develop/esmf/DEFAULTINSTALLDIR/lib/libg/Linux.nvhpc.64.openmpi.default/libesmf.so(_ZN5ESMCI3VMK5enterEPNS_7VMKPlanEPvS3_+0xbb)[0x2ab4a3bfb33b]
[r10i5n2:20147] [15] /glade/scratch/theurich/ESMF-Nightly-Testing/nvhpc_21.11_openmpi_g_develop/esmf/DEFAULTINSTALLDIR/lib/libg/Linux.nvhpc.64.openmpi.default/libesmf.so(_ZN5ESMCI2VM5enterEPNS_6VMPlanEPvS3_+0xbe)[0x2b13fed70abe]
[r10i5n2:20145] [16] /glade/scratch/theurich/ESMF-Nightly-Testing/nvhpc_21.11_openmpi_g_develop/esmf/DEFAULTINSTALLDIR/lib/libg/Linux.nvhpc.64.openmpi.default/libesmf.so(_ZN5ESMCI2VM5enterEPNS_6VMPlanEPvS3_+0xbe)[0x2b1e075b6abe]
[r10i5n2:20146] [16] /glade/scratch/theurich/ESMF-Nightly-Testing/nvhpc_21.11_openmpi_g_develop/esmf/DEFAULTINSTALLDIR/lib/libg/Linux.nvhpc.64.openmpi.default/libesmf.so(_ZN5ESMCI2VM5enterEPNS_6VMPlanEPvS3_+0xbe)[0x2b956cb5eabe]
[r10i5n2:20148] [16] /glade/scratch/theurich/ESMF-Nightly-Testing/nvhpc_21.11_openmpi_g_develop/esmf/DEFAULTINSTALLDIR/lib/libg/Linux.nvhpc.64.openmpi.default/libesmf.so(_ZN5ESMCI2VM5enterEPNS_6VMPlanEPvS3_+0xbe)[0x2ab4a3c24abe]
[r10i5n2:20147] [16] /glade/scratch/theurich/ESMF-Nightly-Testing/nvhpc_21.11_openmpi_g_develop/esmf/DEFAULTINSTALLDIR/lib/libg/Linux.nvhpc.64.openmpi.default/libesmf.so(c_esmc_ftablecallentrypointvm_+0x393)[0x2b13fe4e2153]
[r10i5n2:20145] [17] /glade/scratch/theurich/ESMF-Nightly-Testing/nvhpc_21.11_openmpi_g_develop/esmf/DEFAULTINSTALLDIR/lib/libg/Linux.nvhpc.64.openmpi.default/libesmf.so(c_esmc_ftablecallentrypointvm_+0x393)[0x2b1e06d28153]
[r10i5n2:20146] [17] /glade/scratch/theurich/ESMF-Nightly-Testing/nvhpc_21.11_openmpi_g_develop/esmf/DEFAULTINSTALLDIR/lib/libg/Linux.nvhpc.64.openmpi.default/libesmf.so(c_esmc_ftablecallentrypointvm_+0x393)[0x2b956c2d0153]
[r10i5n2:20148] [17] /glade/scratch/theurich/ESMF-Nightly-Testing/nvhpc_21.11_openmpi_g_develop/esmf/DEFAULTINSTALLDIR/lib/libg/Linux.nvhpc.64.openmpi.default/libesmf.so(c_esmc_ftablecallentrypointvm_+0x393)[0x2ab4a3396153]
[r10i5n2:20147] [17] /glade/scratch/theurich/ESMF-Nightly-Testing/nvhpc_21.11_openmpi_g_develop/esmf/DEFAULTINSTALLDIR/lib/libg/Linux.nvhpc.64.openmpi.default/libesmf.so(esmf_compmod_esmf_compexecute_+0xab0)[0x2b13ff0916b0]
[r10i5n2:20145] [18] /glade/scratch/theurich/ESMF-Nightly-Testing/nvhpc_21.11_openmpi_g_develop/esmf/DEFAULTINSTALLDIR/lib/libg/Linux.nvhpc.64.openmpi.default/libesmf.so(esmf_compmod_esmf_compexecute_+0xab0)[0x2b1e078d76b0]
[r10i5n2:20146] [18] /glade/scratch/theurich/ESMF-Nightly-Testing/nvhpc_21.11_openmpi_g_develop/esmf/DEFAULTINSTALLDIR/lib/libg/Linux.nvhpc.64.openmpi.default/libesmf.so(esmf_compmod_esmf_compexecute_+0xab0)[0x2b956ce7f6b0]
[r10i5n2:20148] [18] /glade/scratch/theurich/ESMF-Nightly-Testing/nvhpc_21.11_openmpi_g_develop/esmf/DEFAULTINSTALLDIR/lib/libg/Linux.nvhpc.64.openmpi.default/libesmf.so(esmf_compmod_esmf_compexecute_+0xab0)[0x2ab4a3f456b0]
[r10i5n2:20147] [18] /glade/scratch/theurich/ESMF-Nightly-Testing/nvhpc_21.11_openmpi_g_develop/esmf/DEFAULTINSTALLDIR/lib/libg/Linux.nvhpc.64.openmpi.default/libesmf.so(esmf_cplcompmod_esmf_cplcompinitialize_+0x1de)[0x2b13ff0ad0de]
[r10i5n2:20145] [19] /glade/scratch/theurich/ESMF-Nightly-Testing/nvhpc_21.11_openmpi_g_develop/esmf/DEFAULTINSTALLDIR/lib/libg/Linux.nvhpc.64.openmpi.default/libesmf.so(esmf_cplcompmod_esmf_cplcompinitialize_+0x1de)[0x2b1e078f30de]
[r10i5n2:20146] [19] /glade/scratch/theurich/ESMF-Nightly-Testing/nvhpc_21.11_openmpi_g_develop/esmf/DEFAULTINSTALLDIR/lib/libg/Linux.nvhpc.64.openmpi.default/libesmf.so(esmf_cplcompmod_esmf_cplcompinitialize_+0x1de)[0x2b956ce9b0de]
[r10i5n2:20148] [19] /glade/scratch/theurich/ESMF-Nightly-Testing/nvhpc_21.11_openmpi_g_develop/esmf/DEFAULTINSTALLDIR/lib/libg/Linux.nvhpc.64.openmpi.default/libesmf.so(esmf_cplcompmod_esmf_cplcompinitialize_+0x1de)[0x2ab4a3f610de]
[r10i5n2:20147] [19] /glade/scratch/theurich/ESMF-Nightly-Testing/nvhpc_21.11_openmpi_g_develop/esmf/DEFAULTINSTALLDIR/lib/libg/Linux.nvhpc.64.openmpi.default/libesmf.so(nuopc_driver_loopconnectorcompss_+0x1663)[0x2b956d888763]
[r10i5n2:20148] [20] /glade/scratch/theurich/ESMF-Nightly-Testing/nvhpc_21.11_openmpi_g_develop/esmf/DEFAULTINSTALLDIR/lib/libg/Linux.nvhpc.64.openmpi.default/libesmf.so(nuopc_driver_loopconnectorcompss_+0x1663)[0x2b13ffa9a763]
[r10i5n2:20145] [20] /glade/scratch/theurich/ESMF-Nightly-Testing/nvhpc_21.11_openmpi_g_develop/esmf/DEFAULTINSTALLDIR/lib/libg/Linux.nvhpc.64.openmpi.default/libesmf.so(nuopc_driver_loopconnectorcompss_+0x1663)[0x2b1e082e0763]
[r10i5n2:20146] [20] /glade/scratch/theurich/ESMF-Nightly-Testing/nvhpc_21.11_openmpi_g_develop/esmf/DEFAULTINSTALLDIR/lib/libg/Linux.nvhpc.64.openmpi.default/libesmf.so(nuopc_driver_loopconnectorcompss_+0x1663)[0x2ab4a494e763]
[r10i5n2:20147] [20] /glade/scratch/theurich/ESMF-Nightly-Testing/nvhpc_21.11_openmpi_g_develop/esmf/DEFAULTINSTALLDIR/lib/libg/Linux.nvhpc.64.openmpi.default/libesmf.so(nuopc_driver_initializeipdv02p3_+0x523a)[0x2b1e082d313a]
[r10i5n2:20146] [21] /glade/scratch/theurich/ESMF-Nightly-Testing/nvhpc_21.11_openmpi_g_develop/esmf/DEFAULTINSTALLDIR/lib/libg/Linux.nvhpc.64.openmpi.default/libesmf.so(nuopc_driver_initializeipdv02p3_+0x523a)[0x2b956d87b13a]
[r10i5n2:20148] [21] /glade/scratch/theurich/ESMF-Nightly-Testing/nvhpc_21.11_openmpi_g_develop/esmf/DEFAULTINSTALLDIR/lib/libg/Linux.nvhpc.64.openmpi.default/libesmf.so(nuopc_driver_initializeipdv02p3_+0x523a)[0x2b13ffa8d13a]
[r10i5n2:20145] [21] /glade/scratch/theurich/ESMF-Nightly-Testing/nvhpc_21.11_openmpi_g_develop/esmf/DEFAULTINSTALLDIR/lib/libg/Linux.nvhpc.64.openmpi.default/libesmf.so(nuopc_driver_initializeipdv02p3_+0x523a)[0x2ab4a494113a]
[r10i5n2:20147] [21] /glade/scratch/theurich/ESMF-Nightly-Testing/nvhpc_21.11_openmpi_g_develop/esmf/DEFAULTINSTALLDIR/lib/libg/Linux.nvhpc.64.openmpi.default/libesmf.so(nuopc_driver_initializegeneric_+0xd60)[0x2b1e082b6320]
[r10i5n2:20146] [22] /glade/scratch/theurich/ESMF-Nightly-Testing/nvhpc_21.11_openmpi_g_develop/esmf/DEFAULTINSTALLDIR/lib/libg/Linux.nvhpc.64.openmpi.default/libesmf.so(nuopc_driver_initializegeneric_+0xd60)[0x2b956d85e320]
[r10i5n2:20148] [22] /glade/scratch/theurich/ESMF-Nightly-Testing/nvhpc_21.11_openmpi_g_develop/esmf/DEFAULTINSTALLDIR/lib/libg/Linux.nvhpc.64.openmpi.default/libesmf.so(nuopc_driver_initializegeneric_+0xd60)[0x2b13ffa70320]
[r10i5n2:20145] [22] /glade/scratch/theurich/ESMF-Nightly-Testing/nvhpc_21.11_openmpi_g_develop/esmf/DEFAULTINSTALLDIR/lib/libg/Linux.nvhpc.64.openmpi.default/libesmf.so(nuopc_driver_initializegeneric_+0xd60)[0x2ab4a4924320]
[r10i5n2:20147] [22] /glade/scratch/theurich/ESMF-Nightly-Testing/nvhpc_21.11_openmpi_g_develop/esmf/DEFAULTINSTALLDIR/lib/libg/Linux.nvhpc.64.openmpi.default/libesmf.so(_ZN5ESMCI6FTable12callVFuncPtrEPKcPNS_2VMEPi+0xc3c)[0x2b956c2d467c]
[r10i5n2:20148] [23] /glade/scratch/theurich/ESMF-Nightly-Testing/nvhpc_21.11_openmpi_g_develop/esmf/DEFAULTINSTALLDIR/lib/libg/Linux.nvhpc.64.openmpi.default/libesmf.so(_ZN5ESMCI6FTable12callVFuncPtrEPKcPNS_2VMEPi+0xc3c)[0x2b13fe4e667c]
[r10i5n2:20145] [23] /glade/scratch/theurich/ESMF-Nightly-Testing/nvhpc_21.11_openmpi_g_develop/esmf/DEFAULTINSTALLDIR/lib/libg/Linux.nvhpc.64.openmpi.default/libesmf.so(_ZN5ESMCI6FTable12callVFuncPtrEPKcPNS_2VMEPi+0xc3c)[0x2b1e06d2c67c]
[r10i5n2:20146] [23] /glade/scratch/theurich/ESMF-Nightly-Testing/nvhpc_21.11_openmpi_g_develop/esmf/DEFAULTINSTALLDIR/lib/libg/Linux.nvhpc.64.openmpi.default/libesmf.so(_ZN5ESMCI6FTable12callVFuncPtrEPKcPNS_2VMEPi+0xc3c)[0x2ab4a339a67c]
[r10i5n2:20147] [23] /glade/scratch/theurich/ESMF-Nightly-Testing/nvhpc_21.11_openmpi_g_develop/esmf/DEFAULTINSTALLDIR/lib/libg/Linux.nvhpc.64.openmpi.default/libesmf.so(ESMCI_FTableCallEntryPointVMHop+0x293)[0x2b1e06d27c93]
[r10i5n2:20146] [24] /glade/scratch/theurich/ESMF-Nightly-Testing/nvhpc_21.11_openmpi_g_develop/esmf/DEFAULTINSTALLDIR/lib/libg/Linux.nvhpc.64.openmpi.default/libesmf.so(ESMCI_FTableCallEntryPointVMHop+0x293)[0x2b13fe4e1c93]
[r10i5n2:20145] [24] /glade/scratch/theurich/ESMF-Nightly-Testing/nvhpc_21.11_openmpi_g_develop/esmf/DEFAULTINSTALLDIR/lib/libg/Linux.nvhpc.64.openmpi.default/libesmf.so(ESMCI_FTableCallEntryPointVMHop+0x293)[0x2b956c2cfc93]
[r10i5n2:20148] [24] /glade/scratch/theurich/ESMF-Nightly-Testing/nvhpc_21.11_openmpi_g_develop/esmf/DEFAULTINSTALLDIR/lib/libg/Linux.nvhpc.64.openmpi.default/libesmf.so(ESMCI_FTableCallEntryPointVMHop+0x293)[0x2ab4a3395c93]
[r10i5n2:20147] [24] /glade/scratch/theurich/ESMF-Nightly-Testing/nvhpc_21.11_openmpi_g_develop/esmf/DEFAULTINSTALLDIR/lib/libg/Linux.nvhpc.64.openmpi.default/libesmf.so(_ZN5ESMCI3VMK5enterEPNS_7VMKPlanEPvS3_+0xbb)[0x2b956cb3533b]
[r10i5n2:20148] [25] /glade/scratch/theurich/ESMF-Nightly-Testing/nvhpc_21.11_openmpi_g_develop/esmf/DEFAULTINSTALLDIR/lib/libg/Linux.nvhpc.64.openmpi.default/libesmf.so(_ZN5ESMCI3VMK5enterEPNS_7VMKPlanEPvS3_+0xbb)[0x2b13fed4733b]
[r10i5n2:20145] [25] /glade/scratch/theurich/ESMF-Nightly-Testing/nvhpc_21.11_openmpi_g_develop/esmf/DEFAULTINSTALLDIR/lib/libg/Linux.nvhpc.64.openmpi.default/libesmf.so(_ZN5ESMCI3VMK5enterEPNS_7VMKPlanEPvS3_+0xbb)[0x2b1e0758d33b]
[r10i5n2:20146] [25] /glade/scratch/theurich/ESMF-Nightly-Testing/nvhpc_21.11_openmpi_g_develop/esmf/DEFAULTINSTALLDIR/lib/libg/Linux.nvhpc.64.openmpi.default/libesmf.so(_ZN5ESMCI3VMK5enterEPNS_7VMKPlanEPvS3_+0xbb)[0x2ab4a3bfb33b]
[r10i5n2:20147] [25] /glade/scratch/theurich/ESMF-Nightly-Testing/nvhpc_21.11_openmpi_g_develop/esmf/DEFAULTINSTALLDIR/lib/libg/Linux.nvhpc.64.openmpi.default/libesmf.so(_ZN5ESMCI2VM5enterEPNS_6VMPlanEPvS3_+0xbe)[0x2b956cb5eabe]
[r10i5n2:20148] [26] /glade/scratch/theurich/ESMF-Nightly-Testing/nvhpc_21.11_openmpi_g_develop/esmf/DEFAULTINSTALLDIR/lib/libg/Linux.nvhpc.64.openmpi.default/libesmf.so(_ZN5ESMCI2VM5enterEPNS_6VMPlanEPvS3_+0xbe)[0x2b13fed70abe]
[r10i5n2:20145] [26] /glade/scratch/theurich/ESMF-Nightly-Testing/nvhpc_21.11_openmpi_g_develop/esmf/DEFAULTINSTALLDIR/lib/libg/Linux.nvhpc.64.openmpi.default/libesmf.so(_ZN5ESMCI2VM5enterEPNS_6VMPlanEPvS3_+0xbe)[0x2b1e075b6abe]
[r10i5n2:20146] [26] /glade/scratch/theurich/ESMF-Nightly-Testing/nvhpc_21.11_openmpi_g_develop/esmf/DEFAULTINSTALLDIR/lib/libg/Linux.nvhpc.64.openmpi.default/libesmf.so(_ZN5ESMCI2VM5enterEPNS_6VMPlanEPvS3_+0xbe)[0x2ab4a3c24abe]
[r10i5n2:20147] [26] /glade/scratch/theurich/ESMF-Nightly-Testing/nvhpc_21.11_openmpi_g_develop/esmf/DEFAULTINSTALLDIR/lib/libg/Linux.nvhpc.64.openmpi.default/libesmf.so(c_esmc_ftablecallentrypointvm_+0x393)[0x2b13fe4e2153]
[r10i5n2:20145] [27] /glade/scratch/theurich/ESMF-Nightly-Testing/nvhpc_21.11_openmpi_g_develop/esmf/DEFAULTINSTALLDIR/lib/libg/Linux.nvhpc.64.openmpi.default/libesmf.so(c_esmc_ftablecallentrypointvm_+0x393)[0x2b1e06d28153]
[r10i5n2:20146] [27] /glade/scratch/theurich/ESMF-Nightly-Testing/nvhpc_21.11_openmpi_g_develop/esmf/DEFAULTINSTALLDIR/lib/libg/Linux.nvhpc.64.openmpi.default/libesmf.so(c_esmc_ftablecallentrypointvm_+0x393)[0x2b956c2d0153]
[r10i5n2:20148] [27] /glade/scratch/theurich/ESMF-Nightly-Testing/nvhpc_21.11_openmpi_g_develop/esmf/DEFAULTINSTALLDIR/lib/libg/Linux.nvhpc.64.openmpi.default/libesmf.so(c_esmc_ftablecallentrypointvm_+0x393)[0x2ab4a3396153]
[r10i5n2:20147] [27] /glade/scratch/theurich/ESMF-Nightly-Testing/nvhpc_21.11_openmpi_g_develop/esmf/DEFAULTINSTALLDIR/lib/libg/Linux.nvhpc.64.openmpi.default/libesmf.so(esmf_compmod_esmf_compexecute_+0xab0)[0x2b956ce7f6b0]
[r10i5n2:20148] [28] /glade/scratch/theurich/ESMF-Nightly-Testing/nvhpc_21.11_openmpi_g_develop/esmf/DEFAULTINSTALLDIR/lib/libg/Linux.nvhpc.64.openmpi.default/libesmf.so(esmf_compmod_esmf_compexecute_+0xab0)[0x2b13ff0916b0]
[r10i5n2:20145] [28] /glade/scratch/theurich/ESMF-Nightly-Testing/nvhpc_21.11_openmpi_g_develop/esmf/DEFAULTINSTALLDIR/lib/libg/Linux.nvhpc.64.openmpi.default/libesmf.so(esmf_compmod_esmf_compexecute_+0xab0)[0x2b1e078d76b0]
[r10i5n2:20146] [28] /glade/scratch/theurich/ESMF-Nightly-Testing/nvhpc_21.11_openmpi_g_develop/esmf/DEFAULTINSTALLDIR/lib/libg/Linux.nvhpc.64.openmpi.default/libesmf.so(esmf_compmod_esmf_compexecute_+0xab0)[0x2ab4a3f456b0]
[r10i5n2:20147] [28] /glade/scratch/theurich/ESMF-Nightly-Testing/nvhpc_21.11_openmpi_g_develop/esmf/DEFAULTINSTALLDIR/lib/libg/Linux.nvhpc.64.openmpi.default/libesmf.so(esmf_gridcompmod_esmf_gridcompinitialize_+0x1de)[0x2b956d160a1e]
[r10i5n2:20148] [29] ./esmApp[0x407666]
[r10i5n2:20148] *** End of error message ***
/glade/scratch/theurich/ESMF-Nightly-Testing/nvhpc_21.11_openmpi_g_develop/esmf/DEFAULTINSTALLDIR/lib/libg/Linux.nvhpc.64.openmpi.default/libesmf.so(esmf_gridcompmod_esmf_gridcompinitialize_+0x1de)[0x2b13ff372a1e]
[r10i5n2:20145] [29] ./esmApp[0x407666]
[r10i5n2:20145] *** End of error message ***
/glade/scratch/theurich/ESMF-Nightly-Testing/nvhpc_21.11_openmpi_g_develop/esmf/DEFAULTINSTALLDIR/lib/libg/Linux.nvhpc.64.openmpi.default/libesmf.so(esmf_gridcompmod_esmf_gridcompinitialize_+0x1de)[0x2b1e07bb8a1e]
[r10i5n2:20146] [29] ./esmApp[0x407666]
[r10i5n2:20146] *** End of error message ***
/glade/scratch/theurich/ESMF-Nightly-Testing/nvhpc_21.11_openmpi_g_develop/esmf/DEFAULTINSTALLDIR/lib/libg/Linux.nvhpc.64.openmpi.default/libesmf.so(esmf_gridcompmod_esmf_gridcompinitialize_+0x1de)[0x2ab4a4226a1e]
[r10i5n2:20147] [29] ./esmApp[0x407666]
[r10i5n2:20147] *** End of error message ***
--------------------------------------------------------------------------
Primary job  terminated normally, but 1 process returned
a non-zero exit code. Per user-direction, the job has been aborted.
--------------------------------------------------------------------------
--------------------------------------------------------------------------
mpirun noticed that process rank 3 with PID 0 on node r10i5n2 exited on signal 11 (Segmentation fault).
--------------------------------------------------------------------------
