2023-03-21 05:10:46
20230321 062438.977 INFO             PET0 !!!!!!!!!!!!!!!!!!!!!!!!!!!!!!!!!!!!!!!!!!!!!!!!!!!!!!
20230321 062438.977 INFO             PET0 !!! THE ESMF_LOG IS SET TO OUTPUT ALL LOG MESSAGES !!!
20230321 062438.977 INFO             PET0 !!!     THIS MAY CAUSE SLOWDOWN IN PERFORMANCE     !!!
20230321 062438.977 INFO             PET0 !!! FOR PRODUCTION RUNS, USE:                      !!!
20230321 062438.977 INFO             PET0 !!!                   ESMF_LOGKIND_Multi_On_Error  !!!
20230321 062438.977 INFO             PET0 !!!!!!!!!!!!!!!!!!!!!!!!!!!!!!!!!!!!!!!!!!!!!!!!!!!!!!
20230321 062438.977 INFO             PET0 Running with ESMF Version   : v8.5.0b18-5-ge74a33b91d
20230321 062438.977 INFO             PET0 ESMF library build date/time: "Mar 21 2023" "05:07:28"
20230321 062438.977 INFO             PET0 ESMF library build location : /glade/scratch/theurich/ESMF-Nightly-Testing/nvhpc_21.11_openmpi_g_develop/esmf
20230321 062438.977 INFO             PET0 ESMF_COMM                   : openmpi
20230321 062438.977 INFO             PET0 ESMF_MOAB                   : enabled
20230321 062438.977 INFO             PET0 ESMF_LAPACK                 : enabled
20230321 062438.977 INFO             PET0 ESMF_NETCDF                 : enabled
20230321 062438.977 INFO             PET0 ESMF_PNETCDF                : disabled
20230321 062438.977 INFO             PET0 ESMF_PIO                    : enabled
20230321 062438.977 INFO             PET0 ESMF_YAMLCPP                : enabled
20230321 062438.978 INFO             PET0 esmApp STARTING
20230321 062438.985 INFO             PET0 esm: InitializeGeneric intro.
20230321 062438.985 INFO             PET0   esm: InitializeP0 intro.
20230321 062438.985 INFO             PET0   esm: InitializeP0 extro.
20230321 062438.985 INFO             PET0   esm: InitializeIPDv02p1 intro.
20230321 062438.985 INFO             PET0     >>>esm: entered Initialize (phase=<none>) without valid internal Clock.
20230321 062438.987 INFO             PET0     esm - Creating model component ATM without petList.
20230321 062438.992 INFO             PET0     esm - Creating model component OCN without petList.
20230321 062438.996 INFO             PET0     esm - Creating connector component ATM-TO-OCN without petList.
20230321 062439.004 INFO             PET0     esm - Creating connector component OCN-TO-ATM without petList.
20230321 062439.014 INFO             PET0     esm - Creating state: modelComp 1 Import State
20230321 062439.014 INFO             PET0     esm - Creating state: modelComp 1 Export State
20230321 062439.014 INFO             PET0     esm - Creating state: modelComp 2 Import State
20230321 062439.014 INFO             PET0     esm - Creating state: modelComp 2 Export State
20230321 062439.015 INFO             PET0     ATM: InitializeP0 intro.
20230321 062439.017 INFO             PET0     ATM: InitializeP0 extro.
20230321 062439.017 INFO             PET0     OCN: InitializeP0 intro.
20230321 062439.019 INFO             PET0     OCN: InitializeP0 extro.
20230321 062439.021 INFO             PET0     ATM-TO-OCN: InitializeP0 intro.
20230321 062439.022 INFO             PET0     ATM-TO-OCN: InitializeP0 extro.
20230321 062439.023 INFO             PET0     OCN-TO-ATM: InitializeP0 intro.
20230321 062439.023 INFO             PET0     OCN-TO-ATM: InitializeP0 extro.
20230321 062439.026 INFO             PET0     esm: IInitAdvertise intro.
20230321 062439.026 INFO             PET0     esm: IInitAdvertise extro.
20230321 062439.026 INFO             PET0     ATM: InitializeIPDvXp01 intro.
20230321 062439.029 INFO             PET0     ATM: InitializeIPDvXp01 extro.
20230321 062439.029 INFO             PET0     OCN: InitializeIPDvXp01 intro.
20230321 062439.032 INFO             PET0     OCN: InitializeIPDvXp01 extro.
20230321 062439.034 INFO             PET0     ATM-TO-OCN: InitializeIPDv05p1 intro.
20230321 062439.047 INFO             PET0     ATM-TO-OCN: InitializeIPDv05p1 extro.
20230321 062439.047 INFO             PET0     OCN-TO-ATM: InitializeIPDv05p1 intro.
20230321 062439.051 INFO             PET0     OCN-TO-ATM: InitializeIPDv05p1 extro.
20230321 062439.051 INFO             PET0     esm: IInitAdvertiseFinish intro.
20230321 062439.051 INFO             PET0     esm: IInitAdvertiseFinish extro.
20230321 062439.052 INFO             PET0     ATM-TO-OCN: InitializeIPDv05p2a intro.
20230321 062439.057 INFO             PET0     ATM-TO-OCN: InitializeIPDv05p2a extro.
20230321 062439.057 INFO             PET0     OCN-TO-ATM: InitializeIPDv05p2a intro.
20230321 062439.061 INFO             PET0     OCN-TO-ATM: InitializeIPDv05p2a extro.
20230321 062439.061 INFO             PET0     ATM-TO-OCN: InitializeIPDv05p2b intro.
20230321 062439.067 INFO             PET0     ATM-TO-OCN: InitializeIPDv05p2b extro.
20230321 062439.069 INFO             PET0     OCN-TO-ATM: InitializeIPDv05p2b intro.
20230321 062439.074 INFO             PET0     OCN-TO-ATM: InitializeIPDv05p2b extro.
20230321 062439.074 INFO             PET0     esm: IInitModifyCplLists intro.
20230321 062439.074 INFO             PET0     esm: IInitModifyCplLists extro.
20230321 062439.074 INFO             PET0     ATM-TO-OCN: InitializeIPDv05p3 intro.
20230321 062439.080 INFO             PET0     ATM-TO-OCN: InitializeIPDv05p3 extro.
20230321 062439.080 INFO             PET0     OCN-TO-ATM: InitializeIPDv05p3 intro.
20230321 062439.085 INFO             PET0     OCN-TO-ATM: InitializeIPDv05p3 extro.
20230321 062439.085 INFO             PET0     <<<esm: leaving Initialize (phase=<none>) with current time: 2010  6  1  0  0  0   0
20230321 062439.085 INFO             PET0   esm: InitializeIPDv02p1 extro.
20230321 062439.085 INFO             PET0   esm: InitializeIPDv02p3 intro.
20230321 062439.085 INFO             PET0     >>>esm: entered Initialize (phase=<none>) with current time: 2010  6  1  0  0  0   0
20230321 062439.086 INFO             PET0     esm: IInitCheck intro.
20230321 062439.086 INFO             PET0     esm: IInitCheck extro.
20230321 062439.086 INFO             PET0     atmA: InitializeIPDvXp04 intro.
20230321 062439.091 INFO             PET0     atmA: InitializeIPDvXp04 extro.
20230321 062439.091 INFO             PET0     ocnA: InitializeIPDvXp04 intro.
20230321 062439.096 INFO             PET0     ocnA: InitializeIPDvXp04 extro.
20230321 062439.098 INFO             PET0     ATM-TO-OCN: InitializeIPDv05p4 intro.
20230321 062439.109 INFO             PET0     ATM-TO-OCN: InitializeIPDv05p4 extro.
20230321 062439.110 INFO             PET0     OCN-TO-ATM: InitializeIPDv05p4 intro.
20230321 062439.115 INFO             PET0     OCN-TO-ATM: InitializeIPDv05p4 extro.
20230321 062439.116 INFO             PET0     ATM-TO-OCN: InitializeIPDv05p5 intro.
20230321 062439.124 INFO             PET0     ATM-TO-OCN: InitializeIPDv05p5 extro.
20230321 062439.124 INFO             PET0     OCN-TO-ATM: InitializeIPDv05p5 intro.
20230321 062439.129 INFO             PET0     OCN-TO-ATM: InitializeIPDv05p5 extro.
20230321 062439.130 INFO             PET0     esm: IInitRealize intro.
20230321 062439.130 INFO             PET0     esm: IInitRealize extro.
20230321 062439.130 INFO             PET0     ATM-TO-OCN: InitializeIPDv05p6a intro.
20230321 062439.137 INFO             PET0     ATM-TO-OCN: InitializeIPDv05p6a extro.
20230321 062438.975 INFO             PET1 !!!!!!!!!!!!!!!!!!!!!!!!!!!!!!!!!!!!!!!!!!!!!!!!!!!!!!
20230321 062438.975 INFO             PET1 !!! THE ESMF_LOG IS SET TO OUTPUT ALL LOG MESSAGES !!!
20230321 062438.975 INFO             PET1 !!!     THIS MAY CAUSE SLOWDOWN IN PERFORMANCE     !!!
20230321 062438.975 INFO             PET1 !!! FOR PRODUCTION RUNS, USE:                      !!!
20230321 062438.975 INFO             PET1 !!!                   ESMF_LOGKIND_Multi_On_Error  !!!
20230321 062438.975 INFO             PET1 !!!!!!!!!!!!!!!!!!!!!!!!!!!!!!!!!!!!!!!!!!!!!!!!!!!!!!
20230321 062438.975 INFO             PET1 Running with ESMF Version   : v8.5.0b18-5-ge74a33b91d
20230321 062438.975 INFO             PET1 ESMF library build date/time: "Mar 21 2023" "05:07:28"
20230321 062438.975 INFO             PET1 ESMF library build location : /glade/scratch/theurich/ESMF-Nightly-Testing/nvhpc_21.11_openmpi_g_develop/esmf
20230321 062438.975 INFO             PET1 ESMF_COMM                   : openmpi
20230321 062438.975 INFO             PET1 ESMF_MOAB                   : enabled
20230321 062438.975 INFO             PET1 ESMF_LAPACK                 : enabled
20230321 062438.975 INFO             PET1 ESMF_NETCDF                 : enabled
20230321 062438.975 INFO             PET1 ESMF_PNETCDF                : disabled
20230321 062438.975 INFO             PET1 ESMF_PIO                    : enabled
20230321 062438.975 INFO             PET1 ESMF_YAMLCPP                : enabled
20230321 062438.978 INFO             PET1 esmApp STARTING
20230321 062438.986 INFO             PET1 esm: InitializeGeneric intro.
20230321 062438.986 INFO             PET1   esm: InitializeP0 intro.
20230321 062438.986 INFO             PET1   esm: InitializeP0 extro.
20230321 062438.986 INFO             PET1   esm: InitializeIPDv02p1 intro.
20230321 062438.986 INFO             PET1     >>>esm: entered Initialize (phase=<none>) without valid internal Clock.
20230321 062438.987 INFO             PET1     esm - Creating model component ATM without petList.
20230321 062438.992 INFO             PET1     esm - Creating model component OCN without petList.
20230321 062438.997 INFO             PET1     esm - Creating connector component ATM-TO-OCN without petList.
20230321 062439.006 INFO             PET1     esm - Creating connector component OCN-TO-ATM without petList.
20230321 062439.016 INFO             PET1     esm - Creating state: modelComp 1 Import State
20230321 062439.016 INFO             PET1     esm - Creating state: modelComp 1 Export State
20230321 062439.016 INFO             PET1     esm - Creating state: modelComp 2 Import State
20230321 062439.017 INFO             PET1     esm - Creating state: modelComp 2 Export State
20230321 062439.018 INFO             PET1     ATM: InitializeP0 intro.
20230321 062439.020 INFO             PET1     ATM: InitializeP0 extro.
20230321 062439.020 INFO             PET1     OCN: InitializeP0 intro.
20230321 062439.023 INFO             PET1     OCN: InitializeP0 extro.
20230321 062439.025 INFO             PET1     ATM-TO-OCN: InitializeP0 intro.
20230321 062439.026 INFO             PET1     ATM-TO-OCN: InitializeP0 extro.
20230321 062439.027 INFO             PET1     OCN-TO-ATM: InitializeP0 intro.
20230321 062439.028 INFO             PET1     OCN-TO-ATM: InitializeP0 extro.
20230321 062439.031 INFO             PET1     esm: IInitAdvertise intro.
20230321 062439.031 INFO             PET1     esm: IInitAdvertise extro.
20230321 062439.031 INFO             PET1     ATM: InitializeIPDvXp01 intro.
20230321 062439.035 INFO             PET1     ATM: InitializeIPDvXp01 extro.
20230321 062439.035 INFO             PET1     OCN: InitializeIPDvXp01 intro.
20230321 062439.039 INFO             PET1     OCN: InitializeIPDvXp01 extro.
20230321 062439.041 INFO             PET1     ATM-TO-OCN: InitializeIPDv05p1 intro.
20230321 062439.047 INFO             PET1     ATM-TO-OCN: InitializeIPDv05p1 extro.
20230321 062439.047 INFO             PET1     OCN-TO-ATM: InitializeIPDv05p1 intro.
20230321 062439.051 INFO             PET1     OCN-TO-ATM: InitializeIPDv05p1 extro.
20230321 062439.052 INFO             PET1     esm: IInitAdvertiseFinish intro.
20230321 062439.052 INFO             PET1     esm: IInitAdvertiseFinish extro.
20230321 062439.052 INFO             PET1     ATM-TO-OCN: InitializeIPDv05p2a intro.
20230321 062439.057 INFO             PET1     ATM-TO-OCN: InitializeIPDv05p2a extro.
20230321 062439.057 INFO             PET1     OCN-TO-ATM: InitializeIPDv05p2a intro.
20230321 062439.061 INFO             PET1     OCN-TO-ATM: InitializeIPDv05p2a extro.
20230321 062439.062 INFO             PET1     ATM-TO-OCN: InitializeIPDv05p2b intro.
20230321 062439.067 INFO             PET1     ATM-TO-OCN: InitializeIPDv05p2b extro.
20230321 062439.070 INFO             PET1     OCN-TO-ATM: InitializeIPDv05p2b intro.
20230321 062439.074 INFO             PET1     OCN-TO-ATM: InitializeIPDv05p2b extro.
20230321 062439.074 INFO             PET1     esm: IInitModifyCplLists intro.
20230321 062439.074 INFO             PET1     esm: IInitModifyCplLists extro.
20230321 062439.075 INFO             PET1     ATM-TO-OCN: InitializeIPDv05p3 intro.
20230321 062439.080 INFO             PET1     ATM-TO-OCN: InitializeIPDv05p3 extro.
20230321 062439.081 INFO             PET1     OCN-TO-ATM: InitializeIPDv05p3 intro.
20230321 062439.085 INFO             PET1     OCN-TO-ATM: InitializeIPDv05p3 extro.
20230321 062439.085 INFO             PET1     <<<esm: leaving Initialize (phase=<none>) with current time: 2010  6  1  0  0  0   0
20230321 062439.085 INFO             PET1   esm: InitializeIPDv02p1 extro.
20230321 062439.086 INFO             PET1   esm: InitializeIPDv02p3 intro.
20230321 062439.086 INFO             PET1     >>>esm: entered Initialize (phase=<none>) with current time: 2010  6  1  0  0  0   0
20230321 062439.086 INFO             PET1     esm: IInitCheck intro.
20230321 062439.086 INFO             PET1     esm: IInitCheck extro.
20230321 062439.086 INFO             PET1     atmA: InitializeIPDvXp04 intro.
20230321 062439.093 INFO             PET1     atmA: InitializeIPDvXp04 extro.
20230321 062439.093 INFO             PET1     ocnA: InitializeIPDvXp04 intro.
20230321 062439.099 INFO             PET1     ocnA: InitializeIPDvXp04 extro.
20230321 062439.102 INFO             PET1     ATM-TO-OCN: InitializeIPDv05p4 intro.
20230321 062439.110 INFO             PET1     ATM-TO-OCN: InitializeIPDv05p4 extro.
20230321 062439.110 INFO             PET1     OCN-TO-ATM: InitializeIPDv05p4 intro.
20230321 062439.116 INFO             PET1     OCN-TO-ATM: InitializeIPDv05p4 extro.
20230321 062439.116 INFO             PET1     ATM-TO-OCN: InitializeIPDv05p5 intro.
20230321 062439.124 INFO             PET1     ATM-TO-OCN: InitializeIPDv05p5 extro.
20230321 062439.124 INFO             PET1     OCN-TO-ATM: InitializeIPDv05p5 intro.
20230321 062439.130 INFO             PET1     OCN-TO-ATM: InitializeIPDv05p5 extro.
20230321 062439.130 INFO             PET1     esm: IInitRealize intro.
20230321 062439.130 INFO             PET1     esm: IInitRealize extro.
20230321 062439.130 INFO             PET1     ATM-TO-OCN: InitializeIPDv05p6a intro.
20230321 062439.138 INFO             PET1     ATM-TO-OCN: InitializeIPDv05p6a extro.
20230321 062438.974 INFO             PET2 !!!!!!!!!!!!!!!!!!!!!!!!!!!!!!!!!!!!!!!!!!!!!!!!!!!!!!
20230321 062438.975 INFO             PET2 !!! THE ESMF_LOG IS SET TO OUTPUT ALL LOG MESSAGES !!!
20230321 062438.975 INFO             PET2 !!!     THIS MAY CAUSE SLOWDOWN IN PERFORMANCE     !!!
20230321 062438.975 INFO             PET2 !!! FOR PRODUCTION RUNS, USE:                      !!!
20230321 062438.975 INFO             PET2 !!!                   ESMF_LOGKIND_Multi_On_Error  !!!
20230321 062438.975 INFO             PET2 !!!!!!!!!!!!!!!!!!!!!!!!!!!!!!!!!!!!!!!!!!!!!!!!!!!!!!
20230321 062438.975 INFO             PET2 Running with ESMF Version   : v8.5.0b18-5-ge74a33b91d
20230321 062438.975 INFO             PET2 ESMF library build date/time: "Mar 21 2023" "05:07:28"
20230321 062438.975 INFO             PET2 ESMF library build location : /glade/scratch/theurich/ESMF-Nightly-Testing/nvhpc_21.11_openmpi_g_develop/esmf
20230321 062438.975 INFO             PET2 ESMF_COMM                   : openmpi
20230321 062438.975 INFO             PET2 ESMF_MOAB                   : enabled
20230321 062438.975 INFO             PET2 ESMF_LAPACK                 : enabled
20230321 062438.975 INFO             PET2 ESMF_NETCDF                 : enabled
20230321 062438.975 INFO             PET2 ESMF_PNETCDF                : disabled
20230321 062438.975 INFO             PET2 ESMF_PIO                    : enabled
20230321 062438.975 INFO             PET2 ESMF_YAMLCPP                : enabled
20230321 062438.978 INFO             PET2 esmApp STARTING
20230321 062438.985 INFO             PET2 esm: InitializeGeneric intro.
20230321 062438.985 INFO             PET2   esm: InitializeP0 intro.
20230321 062438.985 INFO             PET2   esm: InitializeP0 extro.
20230321 062438.985 INFO             PET2   esm: InitializeIPDv02p1 intro.
20230321 062438.985 INFO             PET2     >>>esm: entered Initialize (phase=<none>) without valid internal Clock.
20230321 062438.987 INFO             PET2     esm - Creating model component ATM without petList.
20230321 062438.992 INFO             PET2     esm - Creating model component OCN without petList.
20230321 062438.996 INFO             PET2     esm - Creating connector component ATM-TO-OCN without petList.
20230321 062439.004 INFO             PET2     esm - Creating connector component OCN-TO-ATM without petList.
20230321 062439.014 INFO             PET2     esm - Creating state: modelComp 1 Import State
20230321 062439.014 INFO             PET2     esm - Creating state: modelComp 1 Export State
20230321 062439.014 INFO             PET2     esm - Creating state: modelComp 2 Import State
20230321 062439.014 INFO             PET2     esm - Creating state: modelComp 2 Export State
20230321 062439.015 INFO             PET2     ATM: InitializeP0 intro.
20230321 062439.017 INFO             PET2     ATM: InitializeP0 extro.
20230321 062439.017 INFO             PET2     OCN: InitializeP0 intro.
20230321 062439.019 INFO             PET2     OCN: InitializeP0 extro.
20230321 062439.021 INFO             PET2     ATM-TO-OCN: InitializeP0 intro.
20230321 062439.022 INFO             PET2     ATM-TO-OCN: InitializeP0 extro.
20230321 062439.023 INFO             PET2     OCN-TO-ATM: InitializeP0 intro.
20230321 062439.024 INFO             PET2     OCN-TO-ATM: InitializeP0 extro.
20230321 062439.026 INFO             PET2     esm: IInitAdvertise intro.
20230321 062439.026 INFO             PET2     esm: IInitAdvertise extro.
20230321 062439.026 INFO             PET2     ATM: InitializeIPDvXp01 intro.
20230321 062439.029 INFO             PET2     ATM: InitializeIPDvXp01 extro.
20230321 062439.029 INFO             PET2     OCN: InitializeIPDvXp01 intro.
20230321 062439.032 INFO             PET2     OCN: InitializeIPDvXp01 extro.
20230321 062439.034 INFO             PET2     ATM-TO-OCN: InitializeIPDv05p1 intro.
20230321 062439.047 INFO             PET2     ATM-TO-OCN: InitializeIPDv05p1 extro.
20230321 062439.047 INFO             PET2     OCN-TO-ATM: InitializeIPDv05p1 intro.
20230321 062439.051 INFO             PET2     OCN-TO-ATM: InitializeIPDv05p1 extro.
20230321 062439.051 INFO             PET2     esm: IInitAdvertiseFinish intro.
20230321 062439.051 INFO             PET2     esm: IInitAdvertiseFinish extro.
20230321 062439.052 INFO             PET2     ATM-TO-OCN: InitializeIPDv05p2a intro.
20230321 062439.057 INFO             PET2     ATM-TO-OCN: InitializeIPDv05p2a extro.
20230321 062439.057 INFO             PET2     OCN-TO-ATM: InitializeIPDv05p2a intro.
20230321 062439.061 INFO             PET2     OCN-TO-ATM: InitializeIPDv05p2a extro.
20230321 062439.061 INFO             PET2     ATM-TO-OCN: InitializeIPDv05p2b intro.
20230321 062439.067 INFO             PET2     ATM-TO-OCN: InitializeIPDv05p2b extro.
20230321 062439.068 INFO             PET2     OCN-TO-ATM: InitializeIPDv05p2b intro.
20230321 062439.074 INFO             PET2     OCN-TO-ATM: InitializeIPDv05p2b extro.
20230321 062439.074 INFO             PET2     esm: IInitModifyCplLists intro.
20230321 062439.074 INFO             PET2     esm: IInitModifyCplLists extro.
20230321 062439.074 INFO             PET2     ATM-TO-OCN: InitializeIPDv05p3 intro.
20230321 062439.080 INFO             PET2     ATM-TO-OCN: InitializeIPDv05p3 extro.
20230321 062439.080 INFO             PET2     OCN-TO-ATM: InitializeIPDv05p3 intro.
20230321 062439.085 INFO             PET2     OCN-TO-ATM: InitializeIPDv05p3 extro.
20230321 062439.085 INFO             PET2     <<<esm: leaving Initialize (phase=<none>) with current time: 2010  6  1  0  0  0   0
20230321 062439.085 INFO             PET2   esm: InitializeIPDv02p1 extro.
20230321 062439.085 INFO             PET2   esm: InitializeIPDv02p3 intro.
20230321 062439.085 INFO             PET2     >>>esm: entered Initialize (phase=<none>) with current time: 2010  6  1  0  0  0   0
20230321 062439.085 INFO             PET2     esm: IInitCheck intro.
20230321 062439.086 INFO             PET2     esm: IInitCheck extro.
20230321 062439.086 INFO             PET2     atmA: InitializeIPDvXp04 intro.
20230321 062439.091 INFO             PET2     atmA: InitializeIPDvXp04 extro.
20230321 062439.091 INFO             PET2     ocnA: InitializeIPDvXp04 intro.
20230321 062439.096 INFO             PET2     ocnA: InitializeIPDvXp04 extro.
20230321 062439.098 INFO             PET2     ATM-TO-OCN: InitializeIPDv05p4 intro.
20230321 062439.109 INFO             PET2     ATM-TO-OCN: InitializeIPDv05p4 extro.
20230321 062439.110 INFO             PET2     OCN-TO-ATM: InitializeIPDv05p4 intro.
20230321 062439.115 INFO             PET2     OCN-TO-ATM: InitializeIPDv05p4 extro.
20230321 062439.116 INFO             PET2     ATM-TO-OCN: InitializeIPDv05p5 intro.
20230321 062439.124 INFO             PET2     ATM-TO-OCN: InitializeIPDv05p5 extro.
20230321 062439.124 INFO             PET2     OCN-TO-ATM: InitializeIPDv05p5 intro.
20230321 062439.129 INFO             PET2     OCN-TO-ATM: InitializeIPDv05p5 extro.
20230321 062439.130 INFO             PET2     esm: IInitRealize intro.
20230321 062439.130 INFO             PET2     esm: IInitRealize extro.
20230321 062439.130 INFO             PET2     ATM-TO-OCN: InitializeIPDv05p6a intro.
20230321 062439.137 INFO             PET2     ATM-TO-OCN: InitializeIPDv05p6a extro.
20230321 062438.978 INFO             PET3 !!!!!!!!!!!!!!!!!!!!!!!!!!!!!!!!!!!!!!!!!!!!!!!!!!!!!!
20230321 062438.978 INFO             PET3 !!! THE ESMF_LOG IS SET TO OUTPUT ALL LOG MESSAGES !!!
20230321 062438.978 INFO             PET3 !!!     THIS MAY CAUSE SLOWDOWN IN PERFORMANCE     !!!
20230321 062438.978 INFO             PET3 !!! FOR PRODUCTION RUNS, USE:                      !!!
20230321 062438.978 INFO             PET3 !!!                   ESMF_LOGKIND_Multi_On_Error  !!!
20230321 062438.978 INFO             PET3 !!!!!!!!!!!!!!!!!!!!!!!!!!!!!!!!!!!!!!!!!!!!!!!!!!!!!!
20230321 062438.978 INFO             PET3 Running with ESMF Version   : v8.5.0b18-5-ge74a33b91d
20230321 062438.978 INFO             PET3 ESMF library build date/time: "Mar 21 2023" "05:07:28"
20230321 062438.978 INFO             PET3 ESMF library build location : /glade/scratch/theurich/ESMF-Nightly-Testing/nvhpc_21.11_openmpi_g_develop/esmf
20230321 062438.978 INFO             PET3 ESMF_COMM                   : openmpi
20230321 062438.978 INFO             PET3 ESMF_MOAB                   : enabled
20230321 062438.978 INFO             PET3 ESMF_LAPACK                 : enabled
20230321 062438.978 INFO             PET3 ESMF_NETCDF                 : enabled
20230321 062438.978 INFO             PET3 ESMF_PNETCDF                : disabled
20230321 062438.978 INFO             PET3 ESMF_PIO                    : enabled
20230321 062438.978 INFO             PET3 ESMF_YAMLCPP                : enabled
20230321 062438.978 INFO             PET3 esmApp STARTING
20230321 062438.985 INFO             PET3 esm: InitializeGeneric intro.
20230321 062438.985 INFO             PET3   esm: InitializeP0 intro.
20230321 062438.985 INFO             PET3   esm: InitializeP0 extro.
20230321 062438.985 INFO             PET3   esm: InitializeIPDv02p1 intro.
20230321 062438.985 INFO             PET3     >>>esm: entered Initialize (phase=<none>) without valid internal Clock.
20230321 062438.987 INFO             PET3     esm - Creating model component ATM without petList.
20230321 062438.992 INFO             PET3     esm - Creating model component OCN without petList.
20230321 062438.996 INFO             PET3     esm - Creating connector component ATM-TO-OCN without petList.
20230321 062439.004 INFO             PET3     esm - Creating connector component OCN-TO-ATM without petList.
20230321 062439.014 INFO             PET3     esm - Creating state: modelComp 1 Import State
20230321 062439.014 INFO             PET3     esm - Creating state: modelComp 1 Export State
20230321 062439.014 INFO             PET3     esm - Creating state: modelComp 2 Import State
20230321 062439.014 INFO             PET3     esm - Creating state: modelComp 2 Export State
20230321 062439.015 INFO             PET3     ATM: InitializeP0 intro.
20230321 062439.017 INFO             PET3     ATM: InitializeP0 extro.
20230321 062439.017 INFO             PET3     OCN: InitializeP0 intro.
20230321 062439.019 INFO             PET3     OCN: InitializeP0 extro.
20230321 062439.025 INFO             PET3     ATM-TO-OCN: InitializeP0 intro.
20230321 062439.026 INFO             PET3     ATM-TO-OCN: InitializeP0 extro.
20230321 062439.027 INFO             PET3     OCN-TO-ATM: InitializeP0 intro.
20230321 062439.028 INFO             PET3     OCN-TO-ATM: InitializeP0 extro.
20230321 062439.031 INFO             PET3     esm: IInitAdvertise intro.
20230321 062439.031 INFO             PET3     esm: IInitAdvertise extro.
20230321 062439.031 INFO             PET3     ATM: InitializeIPDvXp01 intro.
20230321 062439.034 INFO             PET3     ATM: InitializeIPDvXp01 extro.
20230321 062439.034 INFO             PET3     OCN: InitializeIPDvXp01 intro.
20230321 062439.037 INFO             PET3     OCN: InitializeIPDvXp01 extro.
20230321 062439.041 INFO             PET3     ATM-TO-OCN: InitializeIPDv05p1 intro.
20230321 062439.047 INFO             PET3     ATM-TO-OCN: InitializeIPDv05p1 extro.
20230321 062439.047 INFO             PET3     OCN-TO-ATM: InitializeIPDv05p1 intro.
20230321 062439.051 INFO             PET3     OCN-TO-ATM: InitializeIPDv05p1 extro.
20230321 062439.051 INFO             PET3     esm: IInitAdvertiseFinish intro.
20230321 062439.051 INFO             PET3     esm: IInitAdvertiseFinish extro.
20230321 062439.052 INFO             PET3     ATM-TO-OCN: InitializeIPDv05p2a intro.
20230321 062439.057 INFO             PET3     ATM-TO-OCN: InitializeIPDv05p2a extro.
20230321 062439.057 INFO             PET3     OCN-TO-ATM: InitializeIPDv05p2a intro.
20230321 062439.061 INFO             PET3     OCN-TO-ATM: InitializeIPDv05p2a extro.
20230321 062439.061 INFO             PET3     ATM-TO-OCN: InitializeIPDv05p2b intro.
20230321 062439.067 INFO             PET3     ATM-TO-OCN: InitializeIPDv05p2b extro.
20230321 062439.069 INFO             PET3     OCN-TO-ATM: InitializeIPDv05p2b intro.
20230321 062439.074 INFO             PET3     OCN-TO-ATM: InitializeIPDv05p2b extro.
20230321 062439.074 INFO             PET3     esm: IInitModifyCplLists intro.
20230321 062439.074 INFO             PET3     esm: IInitModifyCplLists extro.
20230321 062439.074 INFO             PET3     ATM-TO-OCN: InitializeIPDv05p3 intro.
20230321 062439.080 INFO             PET3     ATM-TO-OCN: InitializeIPDv05p3 extro.
20230321 062439.080 INFO             PET3     OCN-TO-ATM: InitializeIPDv05p3 intro.
20230321 062439.085 INFO             PET3     OCN-TO-ATM: InitializeIPDv05p3 extro.
20230321 062439.085 INFO             PET3     <<<esm: leaving Initialize (phase=<none>) with current time: 2010  6  1  0  0  0   0
20230321 062439.085 INFO             PET3   esm: InitializeIPDv02p1 extro.
20230321 062439.085 INFO             PET3   esm: InitializeIPDv02p3 intro.
20230321 062439.085 INFO             PET3     >>>esm: entered Initialize (phase=<none>) with current time: 2010  6  1  0  0  0   0
20230321 062439.085 INFO             PET3     esm: IInitCheck intro.
20230321 062439.086 INFO             PET3     esm: IInitCheck extro.
20230321 062439.086 INFO             PET3     atmA: InitializeIPDvXp04 intro.
20230321 062439.091 INFO             PET3     atmA: InitializeIPDvXp04 extro.
20230321 062439.091 INFO             PET3     ocnA: InitializeIPDvXp04 intro.
20230321 062439.096 INFO             PET3     ocnA: InitializeIPDvXp04 extro.
20230321 062439.102 INFO             PET3     ATM-TO-OCN: InitializeIPDv05p4 intro.
20230321 062439.109 INFO             PET3     ATM-TO-OCN: InitializeIPDv05p4 extro.
20230321 062439.110 INFO             PET3     OCN-TO-ATM: InitializeIPDv05p4 intro.
20230321 062439.115 INFO             PET3     OCN-TO-ATM: InitializeIPDv05p4 extro.
20230321 062439.116 INFO             PET3     ATM-TO-OCN: InitializeIPDv05p5 intro.
20230321 062439.124 INFO             PET3     ATM-TO-OCN: InitializeIPDv05p5 extro.
20230321 062439.124 INFO             PET3     OCN-TO-ATM: InitializeIPDv05p5 intro.
20230321 062439.129 INFO             PET3     OCN-TO-ATM: InitializeIPDv05p5 extro.
20230321 062439.130 INFO             PET3     esm: IInitRealize intro.
20230321 062439.130 INFO             PET3     esm: IInitRealize extro.
20230321 062439.130 INFO             PET3     ATM-TO-OCN: InitializeIPDv05p6a intro.
20230321 062439.137 INFO             PET3     ATM-TO-OCN: InitializeIPDv05p6a extro.
