2023-03-24 05:09:33
20230324 062310.609 INFO             PET0 !!!!!!!!!!!!!!!!!!!!!!!!!!!!!!!!!!!!!!!!!!!!!!!!!!!!!!
20230324 062310.609 INFO             PET0 !!! THE ESMF_LOG IS SET TO OUTPUT ALL LOG MESSAGES !!!
20230324 062310.609 INFO             PET0 !!!     THIS MAY CAUSE SLOWDOWN IN PERFORMANCE     !!!
20230324 062310.609 INFO             PET0 !!! FOR PRODUCTION RUNS, USE:                      !!!
20230324 062310.609 INFO             PET0 !!!                   ESMF_LOGKIND_Multi_On_Error  !!!
20230324 062310.609 INFO             PET0 !!!!!!!!!!!!!!!!!!!!!!!!!!!!!!!!!!!!!!!!!!!!!!!!!!!!!!
20230324 062310.609 INFO             PET0 Running with ESMF Version   : v8.5.0b18-5-ge74a33b91d
20230324 062310.609 INFO             PET0 ESMF library build date/time: "Mar 24 2023" "05:06:12"
20230324 062310.609 INFO             PET0 ESMF library build location : /glade/scratch/theurich/ESMF-Nightly-Testing/nvhpc_21.11_openmpi_g_develop/esmf
20230324 062310.609 INFO             PET0 ESMF_COMM                   : openmpi
20230324 062310.610 INFO             PET0 ESMF_MOAB                   : enabled
20230324 062310.610 INFO             PET0 ESMF_LAPACK                 : enabled
20230324 062310.610 INFO             PET0 ESMF_NETCDF                 : enabled
20230324 062310.610 INFO             PET0 ESMF_PNETCDF                : disabled
20230324 062310.610 INFO             PET0 ESMF_PIO                    : enabled
20230324 062310.610 INFO             PET0 ESMF_YAMLCPP                : enabled
20230324 062310.611 INFO             PET0 esmApp STARTING
20230324 062310.618 INFO             PET0 esm: InitializeGeneric intro.
20230324 062310.618 INFO             PET0   esm: InitializeP0 intro.
20230324 062310.618 INFO             PET0   esm: InitializeP0 extro.
20230324 062310.618 INFO             PET0   esm: InitializeIPDv02p1 intro.
20230324 062310.618 INFO             PET0     >>>esm: entered Initialize (phase=<none>) without valid internal Clock.
20230324 062310.620 INFO             PET0     esm - Creating model component ATM without petList.
20230324 062310.625 INFO             PET0     esm - Creating model component OCN without petList.
20230324 062310.629 INFO             PET0     esm - Creating connector component ATM-TO-OCN without petList.
20230324 062310.637 INFO             PET0     esm - Creating connector component OCN-TO-ATM without petList.
20230324 062310.647 INFO             PET0     esm - Creating state: modelComp 1 Import State
20230324 062310.647 INFO             PET0     esm - Creating state: modelComp 1 Export State
20230324 062310.647 INFO             PET0     esm - Creating state: modelComp 2 Import State
20230324 062310.647 INFO             PET0     esm - Creating state: modelComp 2 Export State
20230324 062310.648 INFO             PET0     ATM: InitializeP0 intro.
20230324 062310.650 INFO             PET0     ATM: InitializeP0 extro.
20230324 062310.650 INFO             PET0     OCN: InitializeP0 intro.
20230324 062310.652 INFO             PET0     OCN: InitializeP0 extro.
20230324 062310.654 INFO             PET0     ATM-TO-OCN: InitializeP0 intro.
20230324 062310.655 INFO             PET0     ATM-TO-OCN: InitializeP0 extro.
20230324 062310.656 INFO             PET0     OCN-TO-ATM: InitializeP0 intro.
20230324 062310.656 INFO             PET0     OCN-TO-ATM: InitializeP0 extro.
20230324 062310.658 INFO             PET0     esm: IInitAdvertise intro.
20230324 062310.659 INFO             PET0     esm: IInitAdvertise extro.
20230324 062310.659 INFO             PET0     ATM: InitializeIPDvXp01 intro.
20230324 062310.662 INFO             PET0     ATM: InitializeIPDvXp01 extro.
20230324 062310.662 INFO             PET0     OCN: InitializeIPDvXp01 intro.
20230324 062310.665 INFO             PET0     OCN: InitializeIPDvXp01 extro.
20230324 062310.667 INFO             PET0     ATM-TO-OCN: InitializeIPDv05p1 intro.
20230324 062310.680 INFO             PET0     ATM-TO-OCN: InitializeIPDv05p1 extro.
20230324 062310.680 INFO             PET0     OCN-TO-ATM: InitializeIPDv05p1 intro.
20230324 062310.684 INFO             PET0     OCN-TO-ATM: InitializeIPDv05p1 extro.
20230324 062310.685 INFO             PET0     esm: IInitAdvertiseFinish intro.
20230324 062310.685 INFO             PET0     esm: IInitAdvertiseFinish extro.
20230324 062310.685 INFO             PET0     ATM-TO-OCN: InitializeIPDv05p2a intro.
20230324 062310.690 INFO             PET0     ATM-TO-OCN: InitializeIPDv05p2a extro.
20230324 062310.690 INFO             PET0     OCN-TO-ATM: InitializeIPDv05p2a intro.
20230324 062310.695 INFO             PET0     OCN-TO-ATM: InitializeIPDv05p2a extro.
20230324 062310.695 INFO             PET0     ATM-TO-OCN: InitializeIPDv05p2b intro.
20230324 062310.700 INFO             PET0     ATM-TO-OCN: InitializeIPDv05p2b extro.
20230324 062310.702 INFO             PET0     OCN-TO-ATM: InitializeIPDv05p2b intro.
20230324 062310.707 INFO             PET0     OCN-TO-ATM: InitializeIPDv05p2b extro.
20230324 062310.707 INFO             PET0     esm: IInitModifyCplLists intro.
20230324 062310.707 INFO             PET0     esm: IInitModifyCplLists extro.
20230324 062310.707 INFO             PET0     ATM-TO-OCN: InitializeIPDv05p3 intro.
20230324 062310.713 INFO             PET0     ATM-TO-OCN: InitializeIPDv05p3 extro.
20230324 062310.713 INFO             PET0     OCN-TO-ATM: InitializeIPDv05p3 intro.
20230324 062310.718 INFO             PET0     OCN-TO-ATM: InitializeIPDv05p3 extro.
20230324 062310.718 INFO             PET0     <<<esm: leaving Initialize (phase=<none>) with current time: 2010  6  1  0  0  0   0
20230324 062310.718 INFO             PET0   esm: InitializeIPDv02p1 extro.
20230324 062310.718 INFO             PET0   esm: InitializeIPDv02p3 intro.
20230324 062310.718 INFO             PET0     >>>esm: entered Initialize (phase=<none>) with current time: 2010  6  1  0  0  0   0
20230324 062310.719 INFO             PET0     esm: IInitCheck intro.
20230324 062310.719 INFO             PET0     esm: IInitCheck extro.
20230324 062310.719 INFO             PET0     atmA: InitializeIPDvXp04 intro.
20230324 062310.724 INFO             PET0     atmA: InitializeIPDvXp04 extro.
20230324 062310.724 INFO             PET0     ocnA: InitializeIPDvXp04 intro.
20230324 062310.729 INFO             PET0     ocnA: InitializeIPDvXp04 extro.
20230324 062310.731 INFO             PET0     ATM-TO-OCN: InitializeIPDv05p4 intro.
20230324 062310.743 INFO             PET0     ATM-TO-OCN: InitializeIPDv05p4 extro.
20230324 062310.743 INFO             PET0     OCN-TO-ATM: InitializeIPDv05p4 intro.
20230324 062310.749 INFO             PET0     OCN-TO-ATM: InitializeIPDv05p4 extro.
20230324 062310.749 INFO             PET0     ATM-TO-OCN: InitializeIPDv05p5 intro.
20230324 062310.757 INFO             PET0     ATM-TO-OCN: InitializeIPDv05p5 extro.
20230324 062310.757 INFO             PET0     OCN-TO-ATM: InitializeIPDv05p5 intro.
20230324 062310.763 INFO             PET0     OCN-TO-ATM: InitializeIPDv05p5 extro.
20230324 062310.763 INFO             PET0     esm: IInitRealize intro.
20230324 062310.763 INFO             PET0     esm: IInitRealize extro.
20230324 062310.763 INFO             PET0     ATM-TO-OCN: InitializeIPDv05p6a intro.
20230324 062310.771 INFO             PET0     ATM-TO-OCN: InitializeIPDv05p6a extro.
20230324 062350.870 INFO             PET0 !!!!!!!!!!!!!!!!!!!!!!!!!!!!!!!!!!!!!!!!!!!!!!!!!!!!!!
20230324 062350.870 INFO             PET0 !!! THE ESMF_LOG IS SET TO OUTPUT ALL LOG MESSAGES !!!
20230324 062350.870 INFO             PET0 !!!     THIS MAY CAUSE SLOWDOWN IN PERFORMANCE     !!!
20230324 062350.870 INFO             PET0 !!! FOR PRODUCTION RUNS, USE:                      !!!
20230324 062350.870 INFO             PET0 !!!                   ESMF_LOGKIND_Multi_On_Error  !!!
20230324 062350.870 INFO             PET0 !!!!!!!!!!!!!!!!!!!!!!!!!!!!!!!!!!!!!!!!!!!!!!!!!!!!!!
20230324 062350.870 INFO             PET0 Running with ESMF Version   : v8.5.0b18-5-ge74a33b91d
20230324 062350.870 INFO             PET0 ESMF library build date/time: "Mar 24 2023" "05:06:12"
20230324 062350.870 INFO             PET0 ESMF library build location : /glade/scratch/theurich/ESMF-Nightly-Testing/nvhpc_21.11_openmpi_g_develop/esmf
20230324 062350.870 INFO             PET0 ESMF_COMM                   : openmpi
20230324 062350.870 INFO             PET0 ESMF_MOAB                   : enabled
20230324 062350.870 INFO             PET0 ESMF_LAPACK                 : enabled
20230324 062350.870 INFO             PET0 ESMF_NETCDF                 : enabled
20230324 062350.870 INFO             PET0 ESMF_PNETCDF                : disabled
20230324 062350.870 INFO             PET0 ESMF_PIO                    : enabled
20230324 062350.870 INFO             PET0 ESMF_YAMLCPP                : enabled
20230324 062350.870 INFO             PET0 esmApp STARTING
20230324 062350.877 INFO             PET0 esm: InitializeGeneric intro.
20230324 062350.877 INFO             PET0   esm: InitializeP0 intro.
20230324 062350.877 INFO             PET0   esm: InitializeP0 extro.
20230324 062350.877 INFO             PET0   esm: InitializeIPDv02p1 intro.
20230324 062350.877 INFO             PET0     >>>esm: entered Initialize (phase=<none>) without valid internal Clock.
20230324 062350.878 INFO             PET0     esm - Creating model component ATM without petList.
20230324 062350.882 INFO             PET0     esm - Creating model component OCN without petList.
20230324 062350.886 INFO             PET0     esm - Creating connector component ATM-TO-OCN without petList.
20230324 062350.893 INFO             PET0     esm - Creating connector component OCN-TO-ATM without petList.
20230324 062350.900 INFO             PET0     esm - Creating state: modelComp 1 Import State
20230324 062350.900 INFO             PET0     esm - Creating state: modelComp 1 Export State
20230324 062350.900 INFO             PET0     esm - Creating state: modelComp 2 Import State
20230324 062350.900 INFO             PET0     esm - Creating state: modelComp 2 Export State
20230324 062350.902 INFO             PET0     ATM: InitializeP0 intro.
20230324 062350.903 INFO             PET0     ATM: InitializeP0 extro.
20230324 062350.903 INFO             PET0     OCN: InitializeP0 intro.
20230324 062350.905 INFO             PET0     OCN: InitializeP0 extro.
20230324 062350.907 INFO             PET0     ATM-TO-OCN: InitializeP0 intro.
20230324 062350.908 INFO             PET0     ATM-TO-OCN: InitializeP0 extro.
20230324 062350.909 INFO             PET0     OCN-TO-ATM: InitializeP0 intro.
20230324 062350.910 INFO             PET0     OCN-TO-ATM: InitializeP0 extro.
20230324 062350.912 INFO             PET0     esm: IInitAdvertise intro.
20230324 062350.912 INFO             PET0     esm: IInitAdvertise extro.
20230324 062350.912 INFO             PET0     ATM: InitializeIPDvXp01 intro.
20230324 062350.915 INFO             PET0     ATM: InitializeIPDvXp01 extro.
20230324 062350.915 INFO             PET0     OCN: InitializeIPDvXp01 intro.
20230324 062350.918 INFO             PET0     OCN: InitializeIPDvXp01 extro.
20230324 062350.920 INFO             PET0     ATM-TO-OCN: InitializeIPDv05p1 intro.
20230324 062350.925 INFO             PET0     ATM-TO-OCN: InitializeIPDv05p1 extro.
20230324 062350.925 INFO             PET0     OCN-TO-ATM: InitializeIPDv05p1 intro.
20230324 062350.928 INFO             PET0     OCN-TO-ATM: InitializeIPDv05p1 extro.
20230324 062350.929 INFO             PET0     esm: IInitAdvertiseFinish intro.
20230324 062350.929 INFO             PET0     esm: IInitAdvertiseFinish extro.
20230324 062350.929 INFO             PET0     ATM-TO-OCN: InitializeIPDv05p2a intro.
20230324 062350.933 INFO             PET0     ATM-TO-OCN: InitializeIPDv05p2a extro.
20230324 062350.933 INFO             PET0     OCN-TO-ATM: InitializeIPDv05p2a intro.
20230324 062350.936 INFO             PET0     OCN-TO-ATM: InitializeIPDv05p2a extro.
20230324 062350.937 INFO             PET0     ATM-TO-OCN: InitializeIPDv05p2b intro.
20230324 062350.941 INFO             PET0     ATM-TO-OCN: InitializeIPDv05p2b extro.
20230324 062350.941 INFO             PET0     OCN-TO-ATM: InitializeIPDv05p2b intro.
20230324 062350.944 INFO             PET0     OCN-TO-ATM: InitializeIPDv05p2b extro.
20230324 062350.945 INFO             PET0     esm: IInitModifyCplLists intro.
20230324 062350.945 INFO             PET0     esm: IInitModifyCplLists extro.
20230324 062350.945 INFO             PET0     ATM-TO-OCN: InitializeIPDv05p3 intro.
20230324 062350.949 INFO             PET0     ATM-TO-OCN: InitializeIPDv05p3 extro.
20230324 062350.950 INFO             PET0     OCN-TO-ATM: InitializeIPDv05p3 intro.
20230324 062350.953 INFO             PET0     OCN-TO-ATM: InitializeIPDv05p3 extro.
20230324 062350.953 INFO             PET0     <<<esm: leaving Initialize (phase=<none>) with current time: 2010  6  1  0  0  0   0
20230324 062350.953 INFO             PET0   esm: InitializeIPDv02p1 extro.
20230324 062350.954 INFO             PET0   esm: InitializeIPDv02p3 intro.
20230324 062350.954 INFO             PET0     >>>esm: entered Initialize (phase=<none>) with current time: 2010  6  1  0  0  0   0
20230324 062350.954 INFO             PET0     esm: IInitCheck intro.
20230324 062350.954 INFO             PET0     esm: IInitCheck extro.
20230324 062350.954 INFO             PET0     atmB: InitializeIPDvXp04 intro.
20230324 062350.960 INFO             PET0     atmB: InitializeIPDvXp04 extro.
20230324 062350.960 INFO             PET0     ocnA: InitializeIPDvXp04 intro.
20230324 062350.965 INFO             PET0     ocnA: InitializeIPDvXp04 extro.
20230324 062350.966 INFO             PET0     ATM-TO-OCN: InitializeIPDv05p4 intro.
20230324 062350.973 INFO             PET0     ATM-TO-OCN: InitializeIPDv05p4 extro.
20230324 062350.973 INFO             PET0     OCN-TO-ATM: InitializeIPDv05p4 intro.
20230324 062350.978 INFO             PET0     OCN-TO-ATM: InitializeIPDv05p4 extro.
20230324 062350.978 INFO             PET0     ATM-TO-OCN: InitializeIPDv05p5 intro.
20230324 062350.984 INFO             PET0     ATM-TO-OCN: InitializeIPDv05p5 extro.
20230324 062350.984 INFO             PET0     OCN-TO-ATM: InitializeIPDv05p5 intro.
20230324 062350.989 INFO             PET0     OCN-TO-ATM: InitializeIPDv05p5 extro.
20230324 062350.989 INFO             PET0     esm: IInitRealize intro.
20230324 062350.989 INFO             PET0     esm: IInitRealize extro.
20230324 062350.989 INFO             PET0     ATM-TO-OCN: InitializeIPDv05p6a intro.
20230324 062350.995 INFO             PET0     ATM-TO-OCN: InitializeIPDv05p6a extro.
20230324 062429.730 INFO             PET0 !!!!!!!!!!!!!!!!!!!!!!!!!!!!!!!!!!!!!!!!!!!!!!!!!!!!!!
20230324 062429.730 INFO             PET0 !!! THE ESMF_LOG IS SET TO OUTPUT ALL LOG MESSAGES !!!
20230324 062429.730 INFO             PET0 !!!     THIS MAY CAUSE SLOWDOWN IN PERFORMANCE     !!!
20230324 062429.730 INFO             PET0 !!! FOR PRODUCTION RUNS, USE:                      !!!
20230324 062429.730 INFO             PET0 !!!                   ESMF_LOGKIND_Multi_On_Error  !!!
20230324 062429.730 INFO             PET0 !!!!!!!!!!!!!!!!!!!!!!!!!!!!!!!!!!!!!!!!!!!!!!!!!!!!!!
20230324 062429.730 INFO             PET0 Running with ESMF Version   : v8.5.0b18-5-ge74a33b91d
20230324 062429.730 INFO             PET0 ESMF library build date/time: "Mar 24 2023" "05:06:12"
20230324 062429.730 INFO             PET0 ESMF library build location : /glade/scratch/theurich/ESMF-Nightly-Testing/nvhpc_21.11_openmpi_g_develop/esmf
20230324 062429.730 INFO             PET0 ESMF_COMM                   : openmpi
20230324 062429.731 INFO             PET0 ESMF_MOAB                   : enabled
20230324 062429.731 INFO             PET0 ESMF_LAPACK                 : enabled
20230324 062429.731 INFO             PET0 ESMF_NETCDF                 : enabled
20230324 062429.731 INFO             PET0 ESMF_PNETCDF                : disabled
20230324 062429.731 INFO             PET0 ESMF_PIO                    : enabled
20230324 062429.731 INFO             PET0 ESMF_YAMLCPP                : enabled
20230324 062429.731 INFO             PET0 esmApp STARTING
20230324 062429.737 INFO             PET0 esm: InitializeGeneric intro.
20230324 062429.737 INFO             PET0   esm: InitializeP0 intro.
20230324 062429.737 INFO             PET0   esm: InitializeP0 extro.
20230324 062429.737 INFO             PET0   esm: InitializeIPDv02p1 intro.
20230324 062429.737 INFO             PET0     >>>esm: entered Initialize (phase=<none>) without valid internal Clock.
20230324 062429.739 INFO             PET0     esm - Creating model component ATM without petList.
20230324 062429.744 INFO             PET0     esm - Creating model component OCN without petList.
20230324 062429.748 INFO             PET0     esm - Creating connector component ATM-TO-OCN without petList.
20230324 062429.756 INFO             PET0     esm - Creating connector component OCN-TO-ATM without petList.
20230324 062429.767 INFO             PET0     esm - Creating state: modelComp 1 Import State
20230324 062429.768 INFO             PET0     esm - Creating state: modelComp 1 Export State
20230324 062429.768 INFO             PET0     esm - Creating state: modelComp 2 Import State
20230324 062429.768 INFO             PET0     esm - Creating state: modelComp 2 Export State
20230324 062429.769 INFO             PET0     ATM: InitializeP0 intro.
20230324 062429.771 INFO             PET0     ATM: InitializeP0 extro.
20230324 062429.771 INFO             PET0     OCN: InitializeP0 intro.
20230324 062429.772 INFO             PET0     OCN: InitializeP0 extro.
20230324 062429.775 INFO             PET0     ATM-TO-OCN: InitializeP0 intro.
20230324 062429.776 INFO             PET0     ATM-TO-OCN: InitializeP0 extro.
20230324 062429.776 INFO             PET0     OCN-TO-ATM: InitializeP0 intro.
20230324 062429.777 INFO             PET0     OCN-TO-ATM: InitializeP0 extro.
20230324 062429.779 INFO             PET0     esm: IInitAdvertise intro.
20230324 062429.779 INFO             PET0     esm: IInitAdvertise extro.
20230324 062429.779 INFO             PET0     ATM: InitializeIPDvXp01 intro.
20230324 062429.782 INFO             PET0     ATM: InitializeIPDvXp01 extro.
20230324 062429.783 INFO             PET0     OCN: InitializeIPDvXp01 intro.
20230324 062429.785 INFO             PET0     OCN: InitializeIPDvXp01 extro.
20230324 062429.787 INFO             PET0     ATM-TO-OCN: InitializeIPDv05p1 intro.
20230324 062429.801 INFO             PET0     ATM-TO-OCN: InitializeIPDv05p1 extro.
20230324 062429.801 INFO             PET0     OCN-TO-ATM: InitializeIPDv05p1 intro.
20230324 062429.805 INFO             PET0     OCN-TO-ATM: InitializeIPDv05p1 extro.
20230324 062429.806 INFO             PET0     esm: IInitAdvertiseFinish intro.
20230324 062429.806 INFO             PET0     esm: IInitAdvertiseFinish extro.
20230324 062429.806 INFO             PET0     ATM-TO-OCN: InitializeIPDv05p2a intro.
20230324 062429.811 INFO             PET0     ATM-TO-OCN: InitializeIPDv05p2a extro.
20230324 062429.811 INFO             PET0     OCN-TO-ATM: InitializeIPDv05p2a intro.
20230324 062429.815 INFO             PET0     OCN-TO-ATM: InitializeIPDv05p2a extro.
20230324 062429.816 INFO             PET0     ATM-TO-OCN: InitializeIPDv05p2b intro.
20230324 062429.821 INFO             PET0     ATM-TO-OCN: InitializeIPDv05p2b extro.
20230324 062429.821 INFO             PET0     OCN-TO-ATM: InitializeIPDv05p2b intro.
20230324 062429.825 INFO             PET0     OCN-TO-ATM: InitializeIPDv05p2b extro.
20230324 062429.826 INFO             PET0     esm: IInitModifyCplLists intro.
20230324 062429.826 INFO             PET0     esm: IInitModifyCplLists extro.
20230324 062429.826 INFO             PET0     ATM-TO-OCN: InitializeIPDv05p3 intro.
20230324 062429.832 INFO             PET0     ATM-TO-OCN: InitializeIPDv05p3 extro.
20230324 062429.832 INFO             PET0     OCN-TO-ATM: InitializeIPDv05p3 intro.
20230324 062429.837 INFO             PET0     OCN-TO-ATM: InitializeIPDv05p3 extro.
20230324 062429.837 INFO             PET0     <<<esm: leaving Initialize (phase=<none>) with current time: 2010  6  1  0  0  0   0
20230324 062429.837 INFO             PET0   esm: InitializeIPDv02p1 extro.
20230324 062429.837 INFO             PET0   esm: InitializeIPDv02p3 intro.
20230324 062429.837 INFO             PET0     >>>esm: entered Initialize (phase=<none>) with current time: 2010  6  1  0  0  0   0
20230324 062429.837 INFO             PET0     esm: IInitCheck intro.
20230324 062429.837 INFO             PET0     esm: IInitCheck extro.
20230324 062429.837 INFO             PET0     atmA: InitializeIPDvXp04 intro.
20230324 062429.843 INFO             PET0     atmA: InitializeIPDvXp04 extro.
20230324 062429.843 INFO             PET0     ocnB: InitializeIPDvXp04 intro.
20230324 062429.848 INFO             PET0     ocnB: InitializeIPDvXp04 extro.
20230324 062429.850 INFO             PET0     ATM-TO-OCN: InitializeIPDv05p4 intro.
20230324 062429.861 INFO             PET0     ATM-TO-OCN: InitializeIPDv05p4 extro.
20230324 062429.861 INFO             PET0     OCN-TO-ATM: InitializeIPDv05p4 intro.
20230324 062429.867 INFO             PET0     OCN-TO-ATM: InitializeIPDv05p4 extro.
20230324 062429.867 INFO             PET0     ATM-TO-OCN: InitializeIPDv05p5 intro.
20230324 062429.875 INFO             PET0     ATM-TO-OCN: InitializeIPDv05p5 extro.
20230324 062429.875 INFO             PET0     OCN-TO-ATM: InitializeIPDv05p5 intro.
20230324 062429.881 INFO             PET0     OCN-TO-ATM: InitializeIPDv05p5 extro.
20230324 062429.881 INFO             PET0     esm: IInitRealize intro.
20230324 062429.881 INFO             PET0     esm: IInitRealize extro.
20230324 062429.882 INFO             PET0     ATM-TO-OCN: InitializeIPDv05p6a intro.
20230324 062429.889 INFO             PET0     ATM-TO-OCN: InitializeIPDv05p6a extro.
20230324 062310.611 INFO             PET1 !!!!!!!!!!!!!!!!!!!!!!!!!!!!!!!!!!!!!!!!!!!!!!!!!!!!!!
20230324 062310.611 INFO             PET1 !!! THE ESMF_LOG IS SET TO OUTPUT ALL LOG MESSAGES !!!
20230324 062310.611 INFO             PET1 !!!     THIS MAY CAUSE SLOWDOWN IN PERFORMANCE     !!!
20230324 062310.611 INFO             PET1 !!! FOR PRODUCTION RUNS, USE:                      !!!
20230324 062310.611 INFO             PET1 !!!                   ESMF_LOGKIND_Multi_On_Error  !!!
20230324 062310.611 INFO             PET1 !!!!!!!!!!!!!!!!!!!!!!!!!!!!!!!!!!!!!!!!!!!!!!!!!!!!!!
20230324 062310.611 INFO             PET1 Running with ESMF Version   : v8.5.0b18-5-ge74a33b91d
20230324 062310.611 INFO             PET1 ESMF library build date/time: "Mar 24 2023" "05:06:12"
20230324 062310.611 INFO             PET1 ESMF library build location : /glade/scratch/theurich/ESMF-Nightly-Testing/nvhpc_21.11_openmpi_g_develop/esmf
20230324 062310.611 INFO             PET1 ESMF_COMM                   : openmpi
20230324 062310.611 INFO             PET1 ESMF_MOAB                   : enabled
20230324 062310.611 INFO             PET1 ESMF_LAPACK                 : enabled
20230324 062310.611 INFO             PET1 ESMF_NETCDF                 : enabled
20230324 062310.611 INFO             PET1 ESMF_PNETCDF                : disabled
20230324 062310.611 INFO             PET1 ESMF_PIO                    : enabled
20230324 062310.611 INFO             PET1 ESMF_YAMLCPP                : enabled
20230324 062310.611 INFO             PET1 esmApp STARTING
20230324 062310.618 INFO             PET1 esm: InitializeGeneric intro.
20230324 062310.618 INFO             PET1   esm: InitializeP0 intro.
20230324 062310.618 INFO             PET1   esm: InitializeP0 extro.
20230324 062310.618 INFO             PET1   esm: InitializeIPDv02p1 intro.
20230324 062310.618 INFO             PET1     >>>esm: entered Initialize (phase=<none>) without valid internal Clock.
20230324 062310.620 INFO             PET1     esm - Creating model component ATM without petList.
20230324 062310.625 INFO             PET1     esm - Creating model component OCN without petList.
20230324 062310.629 INFO             PET1     esm - Creating connector component ATM-TO-OCN without petList.
20230324 062310.637 INFO             PET1     esm - Creating connector component OCN-TO-ATM without petList.
20230324 062310.647 INFO             PET1     esm - Creating state: modelComp 1 Import State
20230324 062310.647 INFO             PET1     esm - Creating state: modelComp 1 Export State
20230324 062310.647 INFO             PET1     esm - Creating state: modelComp 2 Import State
20230324 062310.647 INFO             PET1     esm - Creating state: modelComp 2 Export State
20230324 062310.648 INFO             PET1     ATM: InitializeP0 intro.
20230324 062310.650 INFO             PET1     ATM: InitializeP0 extro.
20230324 062310.650 INFO             PET1     OCN: InitializeP0 intro.
20230324 062310.652 INFO             PET1     OCN: InitializeP0 extro.
20230324 062310.654 INFO             PET1     ATM-TO-OCN: InitializeP0 intro.
20230324 062310.655 INFO             PET1     ATM-TO-OCN: InitializeP0 extro.
20230324 062310.656 INFO             PET1     OCN-TO-ATM: InitializeP0 intro.
20230324 062310.657 INFO             PET1     OCN-TO-ATM: InitializeP0 extro.
20230324 062310.659 INFO             PET1     esm: IInitAdvertise intro.
20230324 062310.659 INFO             PET1     esm: IInitAdvertise extro.
20230324 062310.659 INFO             PET1     ATM: InitializeIPDvXp01 intro.
20230324 062310.662 INFO             PET1     ATM: InitializeIPDvXp01 extro.
20230324 062310.662 INFO             PET1     OCN: InitializeIPDvXp01 intro.
20230324 062310.665 INFO             PET1     OCN: InitializeIPDvXp01 extro.
20230324 062310.667 INFO             PET1     ATM-TO-OCN: InitializeIPDv05p1 intro.
20230324 062310.680 INFO             PET1     ATM-TO-OCN: InitializeIPDv05p1 extro.
20230324 062310.680 INFO             PET1     OCN-TO-ATM: InitializeIPDv05p1 intro.
20230324 062310.684 INFO             PET1     OCN-TO-ATM: InitializeIPDv05p1 extro.
20230324 062310.685 INFO             PET1     esm: IInitAdvertiseFinish intro.
20230324 062310.685 INFO             PET1     esm: IInitAdvertiseFinish extro.
20230324 062310.685 INFO             PET1     ATM-TO-OCN: InitializeIPDv05p2a intro.
20230324 062310.690 INFO             PET1     ATM-TO-OCN: InitializeIPDv05p2a extro.
20230324 062310.690 INFO             PET1     OCN-TO-ATM: InitializeIPDv05p2a intro.
20230324 062310.695 INFO             PET1     OCN-TO-ATM: InitializeIPDv05p2a extro.
20230324 062310.695 INFO             PET1     ATM-TO-OCN: InitializeIPDv05p2b intro.
20230324 062310.700 INFO             PET1     ATM-TO-OCN: InitializeIPDv05p2b extro.
20230324 062310.703 INFO             PET1     OCN-TO-ATM: InitializeIPDv05p2b intro.
20230324 062310.707 INFO             PET1     OCN-TO-ATM: InitializeIPDv05p2b extro.
20230324 062310.707 INFO             PET1     esm: IInitModifyCplLists intro.
20230324 062310.707 INFO             PET1     esm: IInitModifyCplLists extro.
20230324 062310.707 INFO             PET1     ATM-TO-OCN: InitializeIPDv05p3 intro.
20230324 062310.713 INFO             PET1     ATM-TO-OCN: InitializeIPDv05p3 extro.
20230324 062310.713 INFO             PET1     OCN-TO-ATM: InitializeIPDv05p3 intro.
20230324 062310.718 INFO             PET1     OCN-TO-ATM: InitializeIPDv05p3 extro.
20230324 062310.718 INFO             PET1     <<<esm: leaving Initialize (phase=<none>) with current time: 2010  6  1  0  0  0   0
20230324 062310.718 INFO             PET1   esm: InitializeIPDv02p1 extro.
20230324 062310.718 INFO             PET1   esm: InitializeIPDv02p3 intro.
20230324 062310.718 INFO             PET1     >>>esm: entered Initialize (phase=<none>) with current time: 2010  6  1  0  0  0   0
20230324 062310.719 INFO             PET1     esm: IInitCheck intro.
20230324 062310.719 INFO             PET1     esm: IInitCheck extro.
20230324 062310.719 INFO             PET1     atmA: InitializeIPDvXp04 intro.
20230324 062310.724 INFO             PET1     atmA: InitializeIPDvXp04 extro.
20230324 062310.724 INFO             PET1     ocnA: InitializeIPDvXp04 intro.
20230324 062310.729 INFO             PET1     ocnA: InitializeIPDvXp04 extro.
20230324 062310.731 INFO             PET1     ATM-TO-OCN: InitializeIPDv05p4 intro.
20230324 062310.743 INFO             PET1     ATM-TO-OCN: InitializeIPDv05p4 extro.
20230324 062310.743 INFO             PET1     OCN-TO-ATM: InitializeIPDv05p4 intro.
20230324 062310.749 INFO             PET1     OCN-TO-ATM: InitializeIPDv05p4 extro.
20230324 062310.749 INFO             PET1     ATM-TO-OCN: InitializeIPDv05p5 intro.
20230324 062310.757 INFO             PET1     ATM-TO-OCN: InitializeIPDv05p5 extro.
20230324 062310.757 INFO             PET1     OCN-TO-ATM: InitializeIPDv05p5 intro.
20230324 062310.763 INFO             PET1     OCN-TO-ATM: InitializeIPDv05p5 extro.
20230324 062310.763 INFO             PET1     esm: IInitRealize intro.
20230324 062310.763 INFO             PET1     esm: IInitRealize extro.
20230324 062310.763 INFO             PET1     ATM-TO-OCN: InitializeIPDv05p6a intro.
20230324 062310.771 INFO             PET1     ATM-TO-OCN: InitializeIPDv05p6a extro.
20230324 062350.870 INFO             PET1 !!!!!!!!!!!!!!!!!!!!!!!!!!!!!!!!!!!!!!!!!!!!!!!!!!!!!!
20230324 062350.870 INFO             PET1 !!! THE ESMF_LOG IS SET TO OUTPUT ALL LOG MESSAGES !!!
20230324 062350.870 INFO             PET1 !!!     THIS MAY CAUSE SLOWDOWN IN PERFORMANCE     !!!
20230324 062350.870 INFO             PET1 !!! FOR PRODUCTION RUNS, USE:                      !!!
20230324 062350.870 INFO             PET1 !!!                   ESMF_LOGKIND_Multi_On_Error  !!!
20230324 062350.870 INFO             PET1 !!!!!!!!!!!!!!!!!!!!!!!!!!!!!!!!!!!!!!!!!!!!!!!!!!!!!!
20230324 062350.870 INFO             PET1 Running with ESMF Version   : v8.5.0b18-5-ge74a33b91d
20230324 062350.870 INFO             PET1 ESMF library build date/time: "Mar 24 2023" "05:06:12"
20230324 062350.870 INFO             PET1 ESMF library build location : /glade/scratch/theurich/ESMF-Nightly-Testing/nvhpc_21.11_openmpi_g_develop/esmf
20230324 062350.870 INFO             PET1 ESMF_COMM                   : openmpi
20230324 062350.870 INFO             PET1 ESMF_MOAB                   : enabled
20230324 062350.870 INFO             PET1 ESMF_LAPACK                 : enabled
20230324 062350.870 INFO             PET1 ESMF_NETCDF                 : enabled
20230324 062350.870 INFO             PET1 ESMF_PNETCDF                : disabled
20230324 062350.870 INFO             PET1 ESMF_PIO                    : enabled
20230324 062350.870 INFO             PET1 ESMF_YAMLCPP                : enabled
20230324 062350.870 INFO             PET1 esmApp STARTING
20230324 062350.877 INFO             PET1 esm: InitializeGeneric intro.
20230324 062350.877 INFO             PET1   esm: InitializeP0 intro.
20230324 062350.877 INFO             PET1   esm: InitializeP0 extro.
20230324 062350.877 INFO             PET1   esm: InitializeIPDv02p1 intro.
20230324 062350.877 INFO             PET1     >>>esm: entered Initialize (phase=<none>) without valid internal Clock.
20230324 062350.878 INFO             PET1     esm - Creating model component ATM without petList.
20230324 062350.882 INFO             PET1     esm - Creating model component OCN without petList.
20230324 062350.886 INFO             PET1     esm - Creating connector component ATM-TO-OCN without petList.
20230324 062350.893 INFO             PET1     esm - Creating connector component OCN-TO-ATM without petList.
20230324 062350.900 INFO             PET1     esm - Creating state: modelComp 1 Import State
20230324 062350.900 INFO             PET1     esm - Creating state: modelComp 1 Export State
20230324 062350.900 INFO             PET1     esm - Creating state: modelComp 2 Import State
20230324 062350.901 INFO             PET1     esm - Creating state: modelComp 2 Export State
20230324 062350.902 INFO             PET1     ATM: InitializeP0 intro.
20230324 062350.903 INFO             PET1     ATM: InitializeP0 extro.
20230324 062350.903 INFO             PET1     OCN: InitializeP0 intro.
20230324 062350.905 INFO             PET1     OCN: InitializeP0 extro.
20230324 062350.908 INFO             PET1     ATM-TO-OCN: InitializeP0 intro.
20230324 062350.908 INFO             PET1     ATM-TO-OCN: InitializeP0 extro.
20230324 062350.909 INFO             PET1     OCN-TO-ATM: InitializeP0 intro.
20230324 062350.910 INFO             PET1     OCN-TO-ATM: InitializeP0 extro.
20230324 062350.912 INFO             PET1     esm: IInitAdvertise intro.
20230324 062350.912 INFO             PET1     esm: IInitAdvertise extro.
20230324 062350.912 INFO             PET1     ATM: InitializeIPDvXp01 intro.
20230324 062350.915 INFO             PET1     ATM: InitializeIPDvXp01 extro.
20230324 062350.916 INFO             PET1     OCN: InitializeIPDvXp01 intro.
20230324 062350.918 INFO             PET1     OCN: InitializeIPDvXp01 extro.
20230324 062350.920 INFO             PET1     ATM-TO-OCN: InitializeIPDv05p1 intro.
20230324 062350.925 INFO             PET1     ATM-TO-OCN: InitializeIPDv05p1 extro.
20230324 062350.925 INFO             PET1     OCN-TO-ATM: InitializeIPDv05p1 intro.
20230324 062350.928 INFO             PET1     OCN-TO-ATM: InitializeIPDv05p1 extro.
20230324 062350.929 INFO             PET1     esm: IInitAdvertiseFinish intro.
20230324 062350.929 INFO             PET1     esm: IInitAdvertiseFinish extro.
20230324 062350.929 INFO             PET1     ATM-TO-OCN: InitializeIPDv05p2a intro.
20230324 062350.933 INFO             PET1     ATM-TO-OCN: InitializeIPDv05p2a extro.
20230324 062350.933 INFO             PET1     OCN-TO-ATM: InitializeIPDv05p2a intro.
20230324 062350.936 INFO             PET1     OCN-TO-ATM: InitializeIPDv05p2a extro.
20230324 062350.937 INFO             PET1     ATM-TO-OCN: InitializeIPDv05p2b intro.
20230324 062350.941 INFO             PET1     ATM-TO-OCN: InitializeIPDv05p2b extro.
20230324 062350.941 INFO             PET1     OCN-TO-ATM: InitializeIPDv05p2b intro.
20230324 062350.944 INFO             PET1     OCN-TO-ATM: InitializeIPDv05p2b extro.
20230324 062350.945 INFO             PET1     esm: IInitModifyCplLists intro.
20230324 062350.945 INFO             PET1     esm: IInitModifyCplLists extro.
20230324 062350.945 INFO             PET1     ATM-TO-OCN: InitializeIPDv05p3 intro.
20230324 062350.950 INFO             PET1     ATM-TO-OCN: InitializeIPDv05p3 extro.
20230324 062350.950 INFO             PET1     OCN-TO-ATM: InitializeIPDv05p3 intro.
20230324 062350.953 INFO             PET1     OCN-TO-ATM: InitializeIPDv05p3 extro.
20230324 062350.953 INFO             PET1     <<<esm: leaving Initialize (phase=<none>) with current time: 2010  6  1  0  0  0   0
20230324 062350.954 INFO             PET1   esm: InitializeIPDv02p1 extro.
20230324 062350.954 INFO             PET1   esm: InitializeIPDv02p3 intro.
20230324 062350.954 INFO             PET1     >>>esm: entered Initialize (phase=<none>) with current time: 2010  6  1  0  0  0   0
20230324 062350.954 INFO             PET1     esm: IInitCheck intro.
20230324 062350.954 INFO             PET1     esm: IInitCheck extro.
20230324 062350.954 INFO             PET1     atmB: InitializeIPDvXp04 intro.
20230324 062350.960 INFO             PET1     atmB: InitializeIPDvXp04 extro.
20230324 062350.960 INFO             PET1     ocnA: InitializeIPDvXp04 intro.
20230324 062350.965 INFO             PET1     ocnA: InitializeIPDvXp04 extro.
20230324 062350.967 INFO             PET1     ATM-TO-OCN: InitializeIPDv05p4 intro.
20230324 062350.973 INFO             PET1     ATM-TO-OCN: InitializeIPDv05p4 extro.
20230324 062350.973 INFO             PET1     OCN-TO-ATM: InitializeIPDv05p4 intro.
20230324 062350.978 INFO             PET1     OCN-TO-ATM: InitializeIPDv05p4 extro.
20230324 062350.978 INFO             PET1     ATM-TO-OCN: InitializeIPDv05p5 intro.
20230324 062350.984 INFO             PET1     ATM-TO-OCN: InitializeIPDv05p5 extro.
20230324 062350.984 INFO             PET1     OCN-TO-ATM: InitializeIPDv05p5 intro.
20230324 062350.989 INFO             PET1     OCN-TO-ATM: InitializeIPDv05p5 extro.
20230324 062350.989 INFO             PET1     esm: IInitRealize intro.
20230324 062350.989 INFO             PET1     esm: IInitRealize extro.
20230324 062350.989 INFO             PET1     ATM-TO-OCN: InitializeIPDv05p6a intro.
20230324 062350.995 INFO             PET1     ATM-TO-OCN: InitializeIPDv05p6a extro.
20230324 062429.730 INFO             PET1 !!!!!!!!!!!!!!!!!!!!!!!!!!!!!!!!!!!!!!!!!!!!!!!!!!!!!!
20230324 062429.730 INFO             PET1 !!! THE ESMF_LOG IS SET TO OUTPUT ALL LOG MESSAGES !!!
20230324 062429.730 INFO             PET1 !!!     THIS MAY CAUSE SLOWDOWN IN PERFORMANCE     !!!
20230324 062429.730 INFO             PET1 !!! FOR PRODUCTION RUNS, USE:                      !!!
20230324 062429.730 INFO             PET1 !!!                   ESMF_LOGKIND_Multi_On_Error  !!!
20230324 062429.730 INFO             PET1 !!!!!!!!!!!!!!!!!!!!!!!!!!!!!!!!!!!!!!!!!!!!!!!!!!!!!!
20230324 062429.730 INFO             PET1 Running with ESMF Version   : v8.5.0b18-5-ge74a33b91d
20230324 062429.730 INFO             PET1 ESMF library build date/time: "Mar 24 2023" "05:06:12"
20230324 062429.730 INFO             PET1 ESMF library build location : /glade/scratch/theurich/ESMF-Nightly-Testing/nvhpc_21.11_openmpi_g_develop/esmf
20230324 062429.730 INFO             PET1 ESMF_COMM                   : openmpi
20230324 062429.731 INFO             PET1 ESMF_MOAB                   : enabled
20230324 062429.731 INFO             PET1 ESMF_LAPACK                 : enabled
20230324 062429.731 INFO             PET1 ESMF_NETCDF                 : enabled
20230324 062429.731 INFO             PET1 ESMF_PNETCDF                : disabled
20230324 062429.731 INFO             PET1 ESMF_PIO                    : enabled
20230324 062429.731 INFO             PET1 ESMF_YAMLCPP                : enabled
20230324 062429.731 INFO             PET1 esmApp STARTING
20230324 062429.738 INFO             PET1 esm: InitializeGeneric intro.
20230324 062429.738 INFO             PET1   esm: InitializeP0 intro.
20230324 062429.738 INFO             PET1   esm: InitializeP0 extro.
20230324 062429.739 INFO             PET1   esm: InitializeIPDv02p1 intro.
20230324 062429.739 INFO             PET1     >>>esm: entered Initialize (phase=<none>) without valid internal Clock.
20230324 062429.739 INFO             PET1     esm - Creating model component ATM without petList.
20230324 062429.744 INFO             PET1     esm - Creating model component OCN without petList.
20230324 062429.749 INFO             PET1     esm - Creating connector component ATM-TO-OCN without petList.
20230324 062429.759 INFO             PET1     esm - Creating connector component OCN-TO-ATM without petList.
20230324 062429.770 INFO             PET1     esm - Creating state: modelComp 1 Import State
20230324 062429.770 INFO             PET1     esm - Creating state: modelComp 1 Export State
20230324 062429.770 INFO             PET1     esm - Creating state: modelComp 2 Import State
20230324 062429.770 INFO             PET1     esm - Creating state: modelComp 2 Export State
20230324 062429.772 INFO             PET1     ATM: InitializeP0 intro.
20230324 062429.774 INFO             PET1     ATM: InitializeP0 extro.
20230324 062429.774 INFO             PET1     OCN: InitializeP0 intro.
20230324 062429.776 INFO             PET1     OCN: InitializeP0 extro.
20230324 062429.779 INFO             PET1     ATM-TO-OCN: InitializeP0 intro.
20230324 062429.780 INFO             PET1     ATM-TO-OCN: InitializeP0 extro.
20230324 062429.782 INFO             PET1     OCN-TO-ATM: InitializeP0 intro.
20230324 062429.782 INFO             PET1     OCN-TO-ATM: InitializeP0 extro.
20230324 062429.785 INFO             PET1     esm: IInitAdvertise intro.
20230324 062429.785 INFO             PET1     esm: IInitAdvertise extro.
20230324 062429.785 INFO             PET1     ATM: InitializeIPDvXp01 intro.
20230324 062429.789 INFO             PET1     ATM: InitializeIPDvXp01 extro.
20230324 062429.790 INFO             PET1     OCN: InitializeIPDvXp01 intro.
20230324 062429.793 INFO             PET1     OCN: InitializeIPDvXp01 extro.
20230324 062429.796 INFO             PET1     ATM-TO-OCN: InitializeIPDv05p1 intro.
20230324 062429.801 INFO             PET1     ATM-TO-OCN: InitializeIPDv05p1 extro.
20230324 062429.802 INFO             PET1     OCN-TO-ATM: InitializeIPDv05p1 intro.
20230324 062429.806 INFO             PET1     OCN-TO-ATM: InitializeIPDv05p1 extro.
20230324 062429.806 INFO             PET1     esm: IInitAdvertiseFinish intro.
20230324 062429.806 INFO             PET1     esm: IInitAdvertiseFinish extro.
20230324 062429.806 INFO             PET1     ATM-TO-OCN: InitializeIPDv05p2a intro.
20230324 062429.811 INFO             PET1     ATM-TO-OCN: InitializeIPDv05p2a extro.
20230324 062429.811 INFO             PET1     OCN-TO-ATM: InitializeIPDv05p2a intro.
20230324 062429.816 INFO             PET1     OCN-TO-ATM: InitializeIPDv05p2a extro.
20230324 062429.816 INFO             PET1     ATM-TO-OCN: InitializeIPDv05p2b intro.
20230324 062429.821 INFO             PET1     ATM-TO-OCN: InitializeIPDv05p2b extro.
20230324 062429.821 INFO             PET1     OCN-TO-ATM: InitializeIPDv05p2b intro.
20230324 062429.826 INFO             PET1     OCN-TO-ATM: InitializeIPDv05p2b extro.
20230324 062429.826 INFO             PET1     esm: IInitModifyCplLists intro.
20230324 062429.826 INFO             PET1     esm: IInitModifyCplLists extro.
20230324 062429.826 INFO             PET1     ATM-TO-OCN: InitializeIPDv05p3 intro.
20230324 062429.832 INFO             PET1     ATM-TO-OCN: InitializeIPDv05p3 extro.
20230324 062429.832 INFO             PET1     OCN-TO-ATM: InitializeIPDv05p3 intro.
20230324 062429.837 INFO             PET1     OCN-TO-ATM: InitializeIPDv05p3 extro.
20230324 062429.837 INFO             PET1     <<<esm: leaving Initialize (phase=<none>) with current time: 2010  6  1  0  0  0   0
20230324 062429.837 INFO             PET1   esm: InitializeIPDv02p1 extro.
20230324 062429.837 INFO             PET1   esm: InitializeIPDv02p3 intro.
20230324 062429.837 INFO             PET1     >>>esm: entered Initialize (phase=<none>) with current time: 2010  6  1  0  0  0   0
20230324 062429.838 INFO             PET1     esm: IInitCheck intro.
20230324 062429.838 INFO             PET1     esm: IInitCheck extro.
20230324 062429.838 INFO             PET1     atmA: InitializeIPDvXp04 intro.
20230324 062429.845 INFO             PET1     atmA: InitializeIPDvXp04 extro.
20230324 062429.845 INFO             PET1     ocnB: InitializeIPDvXp04 intro.
20230324 062429.851 INFO             PET1     ocnB: InitializeIPDvXp04 extro.
20230324 062429.853 INFO             PET1     ATM-TO-OCN: InitializeIPDv05p4 intro.
20230324 062429.862 INFO             PET1     ATM-TO-OCN: InitializeIPDv05p4 extro.
20230324 062429.862 INFO             PET1     OCN-TO-ATM: InitializeIPDv05p4 intro.
20230324 062429.867 INFO             PET1     OCN-TO-ATM: InitializeIPDv05p4 extro.
20230324 062429.868 INFO             PET1     ATM-TO-OCN: InitializeIPDv05p5 intro.
20230324 062429.876 INFO             PET1     ATM-TO-OCN: InitializeIPDv05p5 extro.
20230324 062429.876 INFO             PET1     OCN-TO-ATM: InitializeIPDv05p5 intro.
20230324 062429.882 INFO             PET1     OCN-TO-ATM: InitializeIPDv05p5 extro.
20230324 062429.882 INFO             PET1     esm: IInitRealize intro.
20230324 062429.882 INFO             PET1     esm: IInitRealize extro.
20230324 062429.882 INFO             PET1     ATM-TO-OCN: InitializeIPDv05p6a intro.
20230324 062429.889 INFO             PET1     ATM-TO-OCN: InitializeIPDv05p6a extro.
20230324 062310.610 INFO             PET2 !!!!!!!!!!!!!!!!!!!!!!!!!!!!!!!!!!!!!!!!!!!!!!!!!!!!!!
20230324 062310.610 INFO             PET2 !!! THE ESMF_LOG IS SET TO OUTPUT ALL LOG MESSAGES !!!
20230324 062310.610 INFO             PET2 !!!     THIS MAY CAUSE SLOWDOWN IN PERFORMANCE     !!!
20230324 062310.610 INFO             PET2 !!! FOR PRODUCTION RUNS, USE:                      !!!
20230324 062310.610 INFO             PET2 !!!                   ESMF_LOGKIND_Multi_On_Error  !!!
20230324 062310.610 INFO             PET2 !!!!!!!!!!!!!!!!!!!!!!!!!!!!!!!!!!!!!!!!!!!!!!!!!!!!!!
20230324 062310.610 INFO             PET2 Running with ESMF Version   : v8.5.0b18-5-ge74a33b91d
20230324 062310.610 INFO             PET2 ESMF library build date/time: "Mar 24 2023" "05:06:12"
20230324 062310.610 INFO             PET2 ESMF library build location : /glade/scratch/theurich/ESMF-Nightly-Testing/nvhpc_21.11_openmpi_g_develop/esmf
20230324 062310.610 INFO             PET2 ESMF_COMM                   : openmpi
20230324 062310.610 INFO             PET2 ESMF_MOAB                   : enabled
20230324 062310.610 INFO             PET2 ESMF_LAPACK                 : enabled
20230324 062310.610 INFO             PET2 ESMF_NETCDF                 : enabled
20230324 062310.610 INFO             PET2 ESMF_PNETCDF                : disabled
20230324 062310.610 INFO             PET2 ESMF_PIO                    : enabled
20230324 062310.610 INFO             PET2 ESMF_YAMLCPP                : enabled
20230324 062310.611 INFO             PET2 esmApp STARTING
20230324 062310.618 INFO             PET2 esm: InitializeGeneric intro.
20230324 062310.618 INFO             PET2   esm: InitializeP0 intro.
20230324 062310.618 INFO             PET2   esm: InitializeP0 extro.
20230324 062310.618 INFO             PET2   esm: InitializeIPDv02p1 intro.
20230324 062310.618 INFO             PET2     >>>esm: entered Initialize (phase=<none>) without valid internal Clock.
20230324 062310.620 INFO             PET2     esm - Creating model component ATM without petList.
20230324 062310.625 INFO             PET2     esm - Creating model component OCN without petList.
20230324 062310.629 INFO             PET2     esm - Creating connector component ATM-TO-OCN without petList.
20230324 062310.637 INFO             PET2     esm - Creating connector component OCN-TO-ATM without petList.
20230324 062310.647 INFO             PET2     esm - Creating state: modelComp 1 Import State
20230324 062310.647 INFO             PET2     esm - Creating state: modelComp 1 Export State
20230324 062310.647 INFO             PET2     esm - Creating state: modelComp 2 Import State
20230324 062310.647 INFO             PET2     esm - Creating state: modelComp 2 Export State
20230324 062310.648 INFO             PET2     ATM: InitializeP0 intro.
20230324 062310.650 INFO             PET2     ATM: InitializeP0 extro.
20230324 062310.650 INFO             PET2     OCN: InitializeP0 intro.
20230324 062310.651 INFO             PET2     OCN: InitializeP0 extro.
20230324 062310.654 INFO             PET2     ATM-TO-OCN: InitializeP0 intro.
20230324 062310.655 INFO             PET2     ATM-TO-OCN: InitializeP0 extro.
20230324 062310.656 INFO             PET2     OCN-TO-ATM: InitializeP0 intro.
20230324 062310.657 INFO             PET2     OCN-TO-ATM: InitializeP0 extro.
20230324 062310.659 INFO             PET2     esm: IInitAdvertise intro.
20230324 062310.659 INFO             PET2     esm: IInitAdvertise extro.
20230324 062310.659 INFO             PET2     ATM: InitializeIPDvXp01 intro.
20230324 062310.662 INFO             PET2     ATM: InitializeIPDvXp01 extro.
20230324 062310.662 INFO             PET2     OCN: InitializeIPDvXp01 intro.
20230324 062310.665 INFO             PET2     OCN: InitializeIPDvXp01 extro.
20230324 062310.667 INFO             PET2     ATM-TO-OCN: InitializeIPDv05p1 intro.
20230324 062310.680 INFO             PET2     ATM-TO-OCN: InitializeIPDv05p1 extro.
20230324 062310.680 INFO             PET2     OCN-TO-ATM: InitializeIPDv05p1 intro.
20230324 062310.684 INFO             PET2     OCN-TO-ATM: InitializeIPDv05p1 extro.
20230324 062310.685 INFO             PET2     esm: IInitAdvertiseFinish intro.
20230324 062310.685 INFO             PET2     esm: IInitAdvertiseFinish extro.
20230324 062310.685 INFO             PET2     ATM-TO-OCN: InitializeIPDv05p2a intro.
20230324 062310.690 INFO             PET2     ATM-TO-OCN: InitializeIPDv05p2a extro.
20230324 062310.690 INFO             PET2     OCN-TO-ATM: InitializeIPDv05p2a intro.
20230324 062310.695 INFO             PET2     OCN-TO-ATM: InitializeIPDv05p2a extro.
20230324 062310.695 INFO             PET2     ATM-TO-OCN: InitializeIPDv05p2b intro.
20230324 062310.700 INFO             PET2     ATM-TO-OCN: InitializeIPDv05p2b extro.
20230324 062310.702 INFO             PET2     OCN-TO-ATM: InitializeIPDv05p2b intro.
20230324 062310.707 INFO             PET2     OCN-TO-ATM: InitializeIPDv05p2b extro.
20230324 062310.707 INFO             PET2     esm: IInitModifyCplLists intro.
20230324 062310.707 INFO             PET2     esm: IInitModifyCplLists extro.
20230324 062310.707 INFO             PET2     ATM-TO-OCN: InitializeIPDv05p3 intro.
20230324 062310.713 INFO             PET2     ATM-TO-OCN: InitializeIPDv05p3 extro.
20230324 062310.713 INFO             PET2     OCN-TO-ATM: InitializeIPDv05p3 intro.
20230324 062310.718 INFO             PET2     OCN-TO-ATM: InitializeIPDv05p3 extro.
20230324 062310.718 INFO             PET2     <<<esm: leaving Initialize (phase=<none>) with current time: 2010  6  1  0  0  0   0
20230324 062310.718 INFO             PET2   esm: InitializeIPDv02p1 extro.
20230324 062310.718 INFO             PET2   esm: InitializeIPDv02p3 intro.
20230324 062310.718 INFO             PET2     >>>esm: entered Initialize (phase=<none>) with current time: 2010  6  1  0  0  0   0
20230324 062310.718 INFO             PET2     esm: IInitCheck intro.
20230324 062310.719 INFO             PET2     esm: IInitCheck extro.
20230324 062310.719 INFO             PET2     atmA: InitializeIPDvXp04 intro.
20230324 062310.724 INFO             PET2     atmA: InitializeIPDvXp04 extro.
20230324 062310.724 INFO             PET2     ocnA: InitializeIPDvXp04 intro.
20230324 062310.729 INFO             PET2     ocnA: InitializeIPDvXp04 extro.
20230324 062310.731 INFO             PET2     ATM-TO-OCN: InitializeIPDv05p4 intro.
20230324 062310.743 INFO             PET2     ATM-TO-OCN: InitializeIPDv05p4 extro.
20230324 062310.743 INFO             PET2     OCN-TO-ATM: InitializeIPDv05p4 intro.
20230324 062310.749 INFO             PET2     OCN-TO-ATM: InitializeIPDv05p4 extro.
20230324 062310.749 INFO             PET2     ATM-TO-OCN: InitializeIPDv05p5 intro.
20230324 062310.757 INFO             PET2     ATM-TO-OCN: InitializeIPDv05p5 extro.
20230324 062310.757 INFO             PET2     OCN-TO-ATM: InitializeIPDv05p5 intro.
20230324 062310.763 INFO             PET2     OCN-TO-ATM: InitializeIPDv05p5 extro.
20230324 062310.763 INFO             PET2     esm: IInitRealize intro.
20230324 062310.763 INFO             PET2     esm: IInitRealize extro.
20230324 062310.763 INFO             PET2     ATM-TO-OCN: InitializeIPDv05p6a intro.
20230324 062310.771 INFO             PET2     ATM-TO-OCN: InitializeIPDv05p6a extro.
20230324 062350.870 INFO             PET2 !!!!!!!!!!!!!!!!!!!!!!!!!!!!!!!!!!!!!!!!!!!!!!!!!!!!!!
20230324 062350.870 INFO             PET2 !!! THE ESMF_LOG IS SET TO OUTPUT ALL LOG MESSAGES !!!
20230324 062350.870 INFO             PET2 !!!     THIS MAY CAUSE SLOWDOWN IN PERFORMANCE     !!!
20230324 062350.870 INFO             PET2 !!! FOR PRODUCTION RUNS, USE:                      !!!
20230324 062350.870 INFO             PET2 !!!                   ESMF_LOGKIND_Multi_On_Error  !!!
20230324 062350.870 INFO             PET2 !!!!!!!!!!!!!!!!!!!!!!!!!!!!!!!!!!!!!!!!!!!!!!!!!!!!!!
20230324 062350.870 INFO             PET2 Running with ESMF Version   : v8.5.0b18-5-ge74a33b91d
20230324 062350.870 INFO             PET2 ESMF library build date/time: "Mar 24 2023" "05:06:12"
20230324 062350.870 INFO             PET2 ESMF library build location : /glade/scratch/theurich/ESMF-Nightly-Testing/nvhpc_21.11_openmpi_g_develop/esmf
20230324 062350.870 INFO             PET2 ESMF_COMM                   : openmpi
20230324 062350.870 INFO             PET2 ESMF_MOAB                   : enabled
20230324 062350.870 INFO             PET2 ESMF_LAPACK                 : enabled
20230324 062350.870 INFO             PET2 ESMF_NETCDF                 : enabled
20230324 062350.870 INFO             PET2 ESMF_PNETCDF                : disabled
20230324 062350.870 INFO             PET2 ESMF_PIO                    : enabled
20230324 062350.870 INFO             PET2 ESMF_YAMLCPP                : enabled
20230324 062350.870 INFO             PET2 esmApp STARTING
20230324 062350.877 INFO             PET2 esm: InitializeGeneric intro.
20230324 062350.877 INFO             PET2   esm: InitializeP0 intro.
20230324 062350.877 INFO             PET2   esm: InitializeP0 extro.
20230324 062350.877 INFO             PET2   esm: InitializeIPDv02p1 intro.
20230324 062350.877 INFO             PET2     >>>esm: entered Initialize (phase=<none>) without valid internal Clock.
20230324 062350.878 INFO             PET2     esm - Creating model component ATM without petList.
20230324 062350.882 INFO             PET2     esm - Creating model component OCN without petList.
20230324 062350.886 INFO             PET2     esm - Creating connector component ATM-TO-OCN without petList.
20230324 062350.893 INFO             PET2     esm - Creating connector component OCN-TO-ATM without petList.
20230324 062350.900 INFO             PET2     esm - Creating state: modelComp 1 Import State
20230324 062350.900 INFO             PET2     esm - Creating state: modelComp 1 Export State
20230324 062350.900 INFO             PET2     esm - Creating state: modelComp 2 Import State
20230324 062350.900 INFO             PET2     esm - Creating state: modelComp 2 Export State
20230324 062350.902 INFO             PET2     ATM: InitializeP0 intro.
20230324 062350.903 INFO             PET2     ATM: InitializeP0 extro.
20230324 062350.903 INFO             PET2     OCN: InitializeP0 intro.
20230324 062350.905 INFO             PET2     OCN: InitializeP0 extro.
20230324 062350.908 INFO             PET2     ATM-TO-OCN: InitializeP0 intro.
20230324 062350.908 INFO             PET2     ATM-TO-OCN: InitializeP0 extro.
20230324 062350.909 INFO             PET2     OCN-TO-ATM: InitializeP0 intro.
20230324 062350.910 INFO             PET2     OCN-TO-ATM: InitializeP0 extro.
20230324 062350.912 INFO             PET2     esm: IInitAdvertise intro.
20230324 062350.912 INFO             PET2     esm: IInitAdvertise extro.
20230324 062350.912 INFO             PET2     ATM: InitializeIPDvXp01 intro.
20230324 062350.915 INFO             PET2     ATM: InitializeIPDvXp01 extro.
20230324 062350.915 INFO             PET2     OCN: InitializeIPDvXp01 intro.
20230324 062350.918 INFO             PET2     OCN: InitializeIPDvXp01 extro.
20230324 062350.920 INFO             PET2     ATM-TO-OCN: InitializeIPDv05p1 intro.
20230324 062350.925 INFO             PET2     ATM-TO-OCN: InitializeIPDv05p1 extro.
20230324 062350.925 INFO             PET2     OCN-TO-ATM: InitializeIPDv05p1 intro.
20230324 062350.928 INFO             PET2     OCN-TO-ATM: InitializeIPDv05p1 extro.
20230324 062350.929 INFO             PET2     esm: IInitAdvertiseFinish intro.
20230324 062350.929 INFO             PET2     esm: IInitAdvertiseFinish extro.
20230324 062350.929 INFO             PET2     ATM-TO-OCN: InitializeIPDv05p2a intro.
20230324 062350.933 INFO             PET2     ATM-TO-OCN: InitializeIPDv05p2a extro.
20230324 062350.933 INFO             PET2     OCN-TO-ATM: InitializeIPDv05p2a intro.
20230324 062350.936 INFO             PET2     OCN-TO-ATM: InitializeIPDv05p2a extro.
20230324 062350.937 INFO             PET2     ATM-TO-OCN: InitializeIPDv05p2b intro.
20230324 062350.941 INFO             PET2     ATM-TO-OCN: InitializeIPDv05p2b extro.
20230324 062350.941 INFO             PET2     OCN-TO-ATM: InitializeIPDv05p2b intro.
20230324 062350.944 INFO             PET2     OCN-TO-ATM: InitializeIPDv05p2b extro.
20230324 062350.945 INFO             PET2     esm: IInitModifyCplLists intro.
20230324 062350.945 INFO             PET2     esm: IInitModifyCplLists extro.
20230324 062350.945 INFO             PET2     ATM-TO-OCN: InitializeIPDv05p3 intro.
20230324 062350.949 INFO             PET2     ATM-TO-OCN: InitializeIPDv05p3 extro.
20230324 062350.950 INFO             PET2     OCN-TO-ATM: InitializeIPDv05p3 intro.
20230324 062350.953 INFO             PET2     OCN-TO-ATM: InitializeIPDv05p3 extro.
20230324 062350.953 INFO             PET2     <<<esm: leaving Initialize (phase=<none>) with current time: 2010  6  1  0  0  0   0
20230324 062350.953 INFO             PET2   esm: InitializeIPDv02p1 extro.
20230324 062350.954 INFO             PET2   esm: InitializeIPDv02p3 intro.
20230324 062350.954 INFO             PET2     >>>esm: entered Initialize (phase=<none>) with current time: 2010  6  1  0  0  0   0
20230324 062350.954 INFO             PET2     esm: IInitCheck intro.
20230324 062350.954 INFO             PET2     esm: IInitCheck extro.
20230324 062350.954 INFO             PET2     atmB: InitializeIPDvXp04 intro.
20230324 062350.960 INFO             PET2     atmB: InitializeIPDvXp04 extro.
20230324 062350.960 INFO             PET2     ocnA: InitializeIPDvXp04 intro.
20230324 062350.965 INFO             PET2     ocnA: InitializeIPDvXp04 extro.
20230324 062350.967 INFO             PET2     ATM-TO-OCN: InitializeIPDv05p4 intro.
20230324 062350.973 INFO             PET2     ATM-TO-OCN: InitializeIPDv05p4 extro.
20230324 062350.973 INFO             PET2     OCN-TO-ATM: InitializeIPDv05p4 intro.
20230324 062350.978 INFO             PET2     OCN-TO-ATM: InitializeIPDv05p4 extro.
20230324 062350.978 INFO             PET2     ATM-TO-OCN: InitializeIPDv05p5 intro.
20230324 062350.984 INFO             PET2     ATM-TO-OCN: InitializeIPDv05p5 extro.
20230324 062350.984 INFO             PET2     OCN-TO-ATM: InitializeIPDv05p5 intro.
20230324 062350.989 INFO             PET2     OCN-TO-ATM: InitializeIPDv05p5 extro.
20230324 062350.989 INFO             PET2     esm: IInitRealize intro.
20230324 062350.989 INFO             PET2     esm: IInitRealize extro.
20230324 062350.989 INFO             PET2     ATM-TO-OCN: InitializeIPDv05p6a intro.
20230324 062350.995 INFO             PET2     ATM-TO-OCN: InitializeIPDv05p6a extro.
20230324 062429.730 INFO             PET2 !!!!!!!!!!!!!!!!!!!!!!!!!!!!!!!!!!!!!!!!!!!!!!!!!!!!!!
20230324 062429.730 INFO             PET2 !!! THE ESMF_LOG IS SET TO OUTPUT ALL LOG MESSAGES !!!
20230324 062429.730 INFO             PET2 !!!     THIS MAY CAUSE SLOWDOWN IN PERFORMANCE     !!!
20230324 062429.730 INFO             PET2 !!! FOR PRODUCTION RUNS, USE:                      !!!
20230324 062429.730 INFO             PET2 !!!                   ESMF_LOGKIND_Multi_On_Error  !!!
20230324 062429.730 INFO             PET2 !!!!!!!!!!!!!!!!!!!!!!!!!!!!!!!!!!!!!!!!!!!!!!!!!!!!!!
20230324 062429.730 INFO             PET2 Running with ESMF Version   : v8.5.0b18-5-ge74a33b91d
20230324 062429.730 INFO             PET2 ESMF library build date/time: "Mar 24 2023" "05:06:12"
20230324 062429.730 INFO             PET2 ESMF library build location : /glade/scratch/theurich/ESMF-Nightly-Testing/nvhpc_21.11_openmpi_g_develop/esmf
20230324 062429.730 INFO             PET2 ESMF_COMM                   : openmpi
20230324 062429.731 INFO             PET2 ESMF_MOAB                   : enabled
20230324 062429.731 INFO             PET2 ESMF_LAPACK                 : enabled
20230324 062429.731 INFO             PET2 ESMF_NETCDF                 : enabled
20230324 062429.731 INFO             PET2 ESMF_PNETCDF                : disabled
20230324 062429.731 INFO             PET2 ESMF_PIO                    : enabled
20230324 062429.731 INFO             PET2 ESMF_YAMLCPP                : enabled
20230324 062429.731 INFO             PET2 esmApp STARTING
20230324 062429.737 INFO             PET2 esm: InitializeGeneric intro.
20230324 062429.737 INFO             PET2   esm: InitializeP0 intro.
20230324 062429.737 INFO             PET2   esm: InitializeP0 extro.
20230324 062429.737 INFO             PET2   esm: InitializeIPDv02p1 intro.
20230324 062429.737 INFO             PET2     >>>esm: entered Initialize (phase=<none>) without valid internal Clock.
20230324 062429.739 INFO             PET2     esm - Creating model component ATM without petList.
20230324 062429.744 INFO             PET2     esm - Creating model component OCN without petList.
20230324 062429.748 INFO             PET2     esm - Creating connector component ATM-TO-OCN without petList.
20230324 062429.756 INFO             PET2     esm - Creating connector component OCN-TO-ATM without petList.
20230324 062429.768 INFO             PET2     esm - Creating state: modelComp 1 Import State
20230324 062429.768 INFO             PET2     esm - Creating state: modelComp 1 Export State
20230324 062429.768 INFO             PET2     esm - Creating state: modelComp 2 Import State
20230324 062429.768 INFO             PET2     esm - Creating state: modelComp 2 Export State
20230324 062429.769 INFO             PET2     ATM: InitializeP0 intro.
20230324 062429.771 INFO             PET2     ATM: InitializeP0 extro.
20230324 062429.771 INFO             PET2     OCN: InitializeP0 intro.
20230324 062429.772 INFO             PET2     OCN: InitializeP0 extro.
20230324 062429.775 INFO             PET2     ATM-TO-OCN: InitializeP0 intro.
20230324 062429.776 INFO             PET2     ATM-TO-OCN: InitializeP0 extro.
20230324 062429.777 INFO             PET2     OCN-TO-ATM: InitializeP0 intro.
20230324 062429.777 INFO             PET2     OCN-TO-ATM: InitializeP0 extro.
20230324 062429.780 INFO             PET2     esm: IInitAdvertise intro.
20230324 062429.780 INFO             PET2     esm: IInitAdvertise extro.
20230324 062429.780 INFO             PET2     ATM: InitializeIPDvXp01 intro.
20230324 062429.783 INFO             PET2     ATM: InitializeIPDvXp01 extro.
20230324 062429.783 INFO             PET2     OCN: InitializeIPDvXp01 intro.
20230324 062429.786 INFO             PET2     OCN: InitializeIPDvXp01 extro.
20230324 062429.788 INFO             PET2     ATM-TO-OCN: InitializeIPDv05p1 intro.
20230324 062429.801 INFO             PET2     ATM-TO-OCN: InitializeIPDv05p1 extro.
20230324 062429.801 INFO             PET2     OCN-TO-ATM: InitializeIPDv05p1 intro.
20230324 062429.805 INFO             PET2     OCN-TO-ATM: InitializeIPDv05p1 extro.
20230324 062429.806 INFO             PET2     esm: IInitAdvertiseFinish intro.
20230324 062429.806 INFO             PET2     esm: IInitAdvertiseFinish extro.
20230324 062429.806 INFO             PET2     ATM-TO-OCN: InitializeIPDv05p2a intro.
20230324 062429.811 INFO             PET2     ATM-TO-OCN: InitializeIPDv05p2a extro.
20230324 062429.811 INFO             PET2     OCN-TO-ATM: InitializeIPDv05p2a intro.
20230324 062429.815 INFO             PET2     OCN-TO-ATM: InitializeIPDv05p2a extro.
20230324 062429.816 INFO             PET2     ATM-TO-OCN: InitializeIPDv05p2b intro.
20230324 062429.821 INFO             PET2     ATM-TO-OCN: InitializeIPDv05p2b extro.
20230324 062429.821 INFO             PET2     OCN-TO-ATM: InitializeIPDv05p2b intro.
20230324 062429.825 INFO             PET2     OCN-TO-ATM: InitializeIPDv05p2b extro.
20230324 062429.826 INFO             PET2     esm: IInitModifyCplLists intro.
20230324 062429.826 INFO             PET2     esm: IInitModifyCplLists extro.
20230324 062429.826 INFO             PET2     ATM-TO-OCN: InitializeIPDv05p3 intro.
20230324 062429.832 INFO             PET2     ATM-TO-OCN: InitializeIPDv05p3 extro.
20230324 062429.832 INFO             PET2     OCN-TO-ATM: InitializeIPDv05p3 intro.
20230324 062429.837 INFO             PET2     OCN-TO-ATM: InitializeIPDv05p3 extro.
20230324 062429.837 INFO             PET2     <<<esm: leaving Initialize (phase=<none>) with current time: 2010  6  1  0  0  0   0
20230324 062429.837 INFO             PET2   esm: InitializeIPDv02p1 extro.
20230324 062429.837 INFO             PET2   esm: InitializeIPDv02p3 intro.
20230324 062429.837 INFO             PET2     >>>esm: entered Initialize (phase=<none>) with current time: 2010  6  1  0  0  0   0
20230324 062429.837 INFO             PET2     esm: IInitCheck intro.
20230324 062429.837 INFO             PET2     esm: IInitCheck extro.
20230324 062429.837 INFO             PET2     atmA: InitializeIPDvXp04 intro.
20230324 062429.843 INFO             PET2     atmA: InitializeIPDvXp04 extro.
20230324 062429.843 INFO             PET2     ocnB: InitializeIPDvXp04 intro.
20230324 062429.848 INFO             PET2     ocnB: InitializeIPDvXp04 extro.
20230324 062429.850 INFO             PET2     ATM-TO-OCN: InitializeIPDv05p4 intro.
20230324 062429.861 INFO             PET2     ATM-TO-OCN: InitializeIPDv05p4 extro.
20230324 062429.861 INFO             PET2     OCN-TO-ATM: InitializeIPDv05p4 intro.
20230324 062429.867 INFO             PET2     OCN-TO-ATM: InitializeIPDv05p4 extro.
20230324 062429.867 INFO             PET2     ATM-TO-OCN: InitializeIPDv05p5 intro.
20230324 062429.875 INFO             PET2     ATM-TO-OCN: InitializeIPDv05p5 extro.
20230324 062429.876 INFO             PET2     OCN-TO-ATM: InitializeIPDv05p5 intro.
20230324 062429.881 INFO             PET2     OCN-TO-ATM: InitializeIPDv05p5 extro.
20230324 062429.881 INFO             PET2     esm: IInitRealize intro.
20230324 062429.881 INFO             PET2     esm: IInitRealize extro.
20230324 062429.882 INFO             PET2     ATM-TO-OCN: InitializeIPDv05p6a intro.
20230324 062429.889 INFO             PET2     ATM-TO-OCN: InitializeIPDv05p6a extro.
20230324 062310.610 INFO             PET3 !!!!!!!!!!!!!!!!!!!!!!!!!!!!!!!!!!!!!!!!!!!!!!!!!!!!!!
20230324 062310.610 INFO             PET3 !!! THE ESMF_LOG IS SET TO OUTPUT ALL LOG MESSAGES !!!
20230324 062310.610 INFO             PET3 !!!     THIS MAY CAUSE SLOWDOWN IN PERFORMANCE     !!!
20230324 062310.610 INFO             PET3 !!! FOR PRODUCTION RUNS, USE:                      !!!
20230324 062310.610 INFO             PET3 !!!                   ESMF_LOGKIND_Multi_On_Error  !!!
20230324 062310.610 INFO             PET3 !!!!!!!!!!!!!!!!!!!!!!!!!!!!!!!!!!!!!!!!!!!!!!!!!!!!!!
20230324 062310.610 INFO             PET3 Running with ESMF Version   : v8.5.0b18-5-ge74a33b91d
20230324 062310.610 INFO             PET3 ESMF library build date/time: "Mar 24 2023" "05:06:12"
20230324 062310.610 INFO             PET3 ESMF library build location : /glade/scratch/theurich/ESMF-Nightly-Testing/nvhpc_21.11_openmpi_g_develop/esmf
20230324 062310.610 INFO             PET3 ESMF_COMM                   : openmpi
20230324 062310.611 INFO             PET3 ESMF_MOAB                   : enabled
20230324 062310.611 INFO             PET3 ESMF_LAPACK                 : enabled
20230324 062310.611 INFO             PET3 ESMF_NETCDF                 : enabled
20230324 062310.611 INFO             PET3 ESMF_PNETCDF                : disabled
20230324 062310.611 INFO             PET3 ESMF_PIO                    : enabled
20230324 062310.611 INFO             PET3 ESMF_YAMLCPP                : enabled
20230324 062310.611 INFO             PET3 esmApp STARTING
20230324 062310.619 INFO             PET3 esm: InitializeGeneric intro.
20230324 062310.619 INFO             PET3   esm: InitializeP0 intro.
20230324 062310.619 INFO             PET3   esm: InitializeP0 extro.
20230324 062310.619 INFO             PET3   esm: InitializeIPDv02p1 intro.
20230324 062310.619 INFO             PET3     >>>esm: entered Initialize (phase=<none>) without valid internal Clock.
20230324 062310.620 INFO             PET3     esm - Creating model component ATM without petList.
20230324 062310.625 INFO             PET3     esm - Creating model component OCN without petList.
20230324 062310.630 INFO             PET3     esm - Creating connector component ATM-TO-OCN without petList.
20230324 062310.639 INFO             PET3     esm - Creating connector component OCN-TO-ATM without petList.
20230324 062310.649 INFO             PET3     esm - Creating state: modelComp 1 Import State
20230324 062310.649 INFO             PET3     esm - Creating state: modelComp 1 Export State
20230324 062310.649 INFO             PET3     esm - Creating state: modelComp 2 Import State
20230324 062310.649 INFO             PET3     esm - Creating state: modelComp 2 Export State
20230324 062310.651 INFO             PET3     ATM: InitializeP0 intro.
20230324 062310.653 INFO             PET3     ATM: InitializeP0 extro.
20230324 062310.653 INFO             PET3     OCN: InitializeP0 intro.
20230324 062310.655 INFO             PET3     OCN: InitializeP0 extro.
20230324 062310.658 INFO             PET3     ATM-TO-OCN: InitializeP0 intro.
20230324 062310.659 INFO             PET3     ATM-TO-OCN: InitializeP0 extro.
20230324 062310.660 INFO             PET3     OCN-TO-ATM: InitializeP0 intro.
20230324 062310.661 INFO             PET3     OCN-TO-ATM: InitializeP0 extro.
20230324 062310.664 INFO             PET3     esm: IInitAdvertise intro.
20230324 062310.664 INFO             PET3     esm: IInitAdvertise extro.
20230324 062310.664 INFO             PET3     ATM: InitializeIPDvXp01 intro.
20230324 062310.668 INFO             PET3     ATM: InitializeIPDvXp01 extro.
20230324 062310.668 INFO             PET3     OCN: InitializeIPDvXp01 intro.
20230324 062310.672 INFO             PET3     OCN: InitializeIPDvXp01 extro.
20230324 062310.674 INFO             PET3     ATM-TO-OCN: InitializeIPDv05p1 intro.
20230324 062310.680 INFO             PET3     ATM-TO-OCN: InitializeIPDv05p1 extro.
20230324 062310.681 INFO             PET3     OCN-TO-ATM: InitializeIPDv05p1 intro.
20230324 062310.685 INFO             PET3     OCN-TO-ATM: InitializeIPDv05p1 extro.
20230324 062310.685 INFO             PET3     esm: IInitAdvertiseFinish intro.
20230324 062310.685 INFO             PET3     esm: IInitAdvertiseFinish extro.
20230324 062310.685 INFO             PET3     ATM-TO-OCN: InitializeIPDv05p2a intro.
20230324 062310.690 INFO             PET3     ATM-TO-OCN: InitializeIPDv05p2a extro.
20230324 062310.691 INFO             PET3     OCN-TO-ATM: InitializeIPDv05p2a intro.
20230324 062310.695 INFO             PET3     OCN-TO-ATM: InitializeIPDv05p2a extro.
20230324 062310.695 INFO             PET3     ATM-TO-OCN: InitializeIPDv05p2b intro.
20230324 062310.700 INFO             PET3     ATM-TO-OCN: InitializeIPDv05p2b extro.
20230324 062310.702 INFO             PET3     OCN-TO-ATM: InitializeIPDv05p2b intro.
20230324 062310.707 INFO             PET3     OCN-TO-ATM: InitializeIPDv05p2b extro.
20230324 062310.707 INFO             PET3     esm: IInitModifyCplLists intro.
20230324 062310.707 INFO             PET3     esm: IInitModifyCplLists extro.
20230324 062310.708 INFO             PET3     ATM-TO-OCN: InitializeIPDv05p3 intro.
20230324 062310.713 INFO             PET3     ATM-TO-OCN: InitializeIPDv05p3 extro.
20230324 062310.714 INFO             PET3     OCN-TO-ATM: InitializeIPDv05p3 intro.
20230324 062310.718 INFO             PET3     OCN-TO-ATM: InitializeIPDv05p3 extro.
20230324 062310.718 INFO             PET3     <<<esm: leaving Initialize (phase=<none>) with current time: 2010  6  1  0  0  0   0
20230324 062310.718 INFO             PET3   esm: InitializeIPDv02p1 extro.
20230324 062310.719 INFO             PET3   esm: InitializeIPDv02p3 intro.
20230324 062310.719 INFO             PET3     >>>esm: entered Initialize (phase=<none>) with current time: 2010  6  1  0  0  0   0
20230324 062310.719 INFO             PET3     esm: IInitCheck intro.
20230324 062310.719 INFO             PET3     esm: IInitCheck extro.
20230324 062310.719 INFO             PET3     atmA: InitializeIPDvXp04 intro.
20230324 062310.726 INFO             PET3     atmA: InitializeIPDvXp04 extro.
20230324 062310.726 INFO             PET3     ocnA: InitializeIPDvXp04 intro.
20230324 062310.732 INFO             PET3     ocnA: InitializeIPDvXp04 extro.
20230324 062310.735 INFO             PET3     ATM-TO-OCN: InitializeIPDv05p4 intro.
20230324 062310.743 INFO             PET3     ATM-TO-OCN: InitializeIPDv05p4 extro.
20230324 062310.743 INFO             PET3     OCN-TO-ATM: InitializeIPDv05p4 intro.
20230324 062310.749 INFO             PET3     OCN-TO-ATM: InitializeIPDv05p4 extro.
20230324 062310.749 INFO             PET3     ATM-TO-OCN: InitializeIPDv05p5 intro.
20230324 062310.757 INFO             PET3     ATM-TO-OCN: InitializeIPDv05p5 extro.
20230324 062310.758 INFO             PET3     OCN-TO-ATM: InitializeIPDv05p5 intro.
20230324 062310.763 INFO             PET3     OCN-TO-ATM: InitializeIPDv05p5 extro.
20230324 062310.763 INFO             PET3     esm: IInitRealize intro.
20230324 062310.763 INFO             PET3     esm: IInitRealize extro.
20230324 062310.764 INFO             PET3     ATM-TO-OCN: InitializeIPDv05p6a intro.
20230324 062310.771 INFO             PET3     ATM-TO-OCN: InitializeIPDv05p6a extro.
20230324 062350.870 INFO             PET3 !!!!!!!!!!!!!!!!!!!!!!!!!!!!!!!!!!!!!!!!!!!!!!!!!!!!!!
20230324 062350.870 INFO             PET3 !!! THE ESMF_LOG IS SET TO OUTPUT ALL LOG MESSAGES !!!
20230324 062350.870 INFO             PET3 !!!     THIS MAY CAUSE SLOWDOWN IN PERFORMANCE     !!!
20230324 062350.870 INFO             PET3 !!! FOR PRODUCTION RUNS, USE:                      !!!
20230324 062350.870 INFO             PET3 !!!                   ESMF_LOGKIND_Multi_On_Error  !!!
20230324 062350.870 INFO             PET3 !!!!!!!!!!!!!!!!!!!!!!!!!!!!!!!!!!!!!!!!!!!!!!!!!!!!!!
20230324 062350.870 INFO             PET3 Running with ESMF Version   : v8.5.0b18-5-ge74a33b91d
20230324 062350.870 INFO             PET3 ESMF library build date/time: "Mar 24 2023" "05:06:12"
20230324 062350.870 INFO             PET3 ESMF library build location : /glade/scratch/theurich/ESMF-Nightly-Testing/nvhpc_21.11_openmpi_g_develop/esmf
20230324 062350.870 INFO             PET3 ESMF_COMM                   : openmpi
20230324 062350.870 INFO             PET3 ESMF_MOAB                   : enabled
20230324 062350.870 INFO             PET3 ESMF_LAPACK                 : enabled
20230324 062350.870 INFO             PET3 ESMF_NETCDF                 : enabled
20230324 062350.870 INFO             PET3 ESMF_PNETCDF                : disabled
20230324 062350.870 INFO             PET3 ESMF_PIO                    : enabled
20230324 062350.870 INFO             PET3 ESMF_YAMLCPP                : enabled
20230324 062350.870 INFO             PET3 esmApp STARTING
20230324 062350.877 INFO             PET3 esm: InitializeGeneric intro.
20230324 062350.877 INFO             PET3   esm: InitializeP0 intro.
20230324 062350.877 INFO             PET3   esm: InitializeP0 extro.
20230324 062350.877 INFO             PET3   esm: InitializeIPDv02p1 intro.
20230324 062350.877 INFO             PET3     >>>esm: entered Initialize (phase=<none>) without valid internal Clock.
20230324 062350.878 INFO             PET3     esm - Creating model component ATM without petList.
20230324 062350.882 INFO             PET3     esm - Creating model component OCN without petList.
20230324 062350.886 INFO             PET3     esm - Creating connector component ATM-TO-OCN without petList.
20230324 062350.893 INFO             PET3     esm - Creating connector component OCN-TO-ATM without petList.
20230324 062350.900 INFO             PET3     esm - Creating state: modelComp 1 Import State
20230324 062350.900 INFO             PET3     esm - Creating state: modelComp 1 Export State
20230324 062350.900 INFO             PET3     esm - Creating state: modelComp 2 Import State
20230324 062350.900 INFO             PET3     esm - Creating state: modelComp 2 Export State
20230324 062350.902 INFO             PET3     ATM: InitializeP0 intro.
20230324 062350.903 INFO             PET3     ATM: InitializeP0 extro.
20230324 062350.903 INFO             PET3     OCN: InitializeP0 intro.
20230324 062350.905 INFO             PET3     OCN: InitializeP0 extro.
20230324 062350.908 INFO             PET3     ATM-TO-OCN: InitializeP0 intro.
20230324 062350.908 INFO             PET3     ATM-TO-OCN: InitializeP0 extro.
20230324 062350.909 INFO             PET3     OCN-TO-ATM: InitializeP0 intro.
20230324 062350.910 INFO             PET3     OCN-TO-ATM: InitializeP0 extro.
20230324 062350.912 INFO             PET3     esm: IInitAdvertise intro.
20230324 062350.912 INFO             PET3     esm: IInitAdvertise extro.
20230324 062350.912 INFO             PET3     ATM: InitializeIPDvXp01 intro.
20230324 062350.915 INFO             PET3     ATM: InitializeIPDvXp01 extro.
20230324 062350.916 INFO             PET3     OCN: InitializeIPDvXp01 intro.
20230324 062350.918 INFO             PET3     OCN: InitializeIPDvXp01 extro.
20230324 062350.920 INFO             PET3     ATM-TO-OCN: InitializeIPDv05p1 intro.
20230324 062350.925 INFO             PET3     ATM-TO-OCN: InitializeIPDv05p1 extro.
20230324 062350.925 INFO             PET3     OCN-TO-ATM: InitializeIPDv05p1 intro.
20230324 062350.928 INFO             PET3     OCN-TO-ATM: InitializeIPDv05p1 extro.
20230324 062350.929 INFO             PET3     esm: IInitAdvertiseFinish intro.
20230324 062350.929 INFO             PET3     esm: IInitAdvertiseFinish extro.
20230324 062350.929 INFO             PET3     ATM-TO-OCN: InitializeIPDv05p2a intro.
20230324 062350.933 INFO             PET3     ATM-TO-OCN: InitializeIPDv05p2a extro.
20230324 062350.933 INFO             PET3     OCN-TO-ATM: InitializeIPDv05p2a intro.
20230324 062350.936 INFO             PET3     OCN-TO-ATM: InitializeIPDv05p2a extro.
20230324 062350.937 INFO             PET3     ATM-TO-OCN: InitializeIPDv05p2b intro.
20230324 062350.941 INFO             PET3     ATM-TO-OCN: InitializeIPDv05p2b extro.
20230324 062350.941 INFO             PET3     OCN-TO-ATM: InitializeIPDv05p2b intro.
20230324 062350.944 INFO             PET3     OCN-TO-ATM: InitializeIPDv05p2b extro.
20230324 062350.945 INFO             PET3     esm: IInitModifyCplLists intro.
20230324 062350.945 INFO             PET3     esm: IInitModifyCplLists extro.
20230324 062350.945 INFO             PET3     ATM-TO-OCN: InitializeIPDv05p3 intro.
20230324 062350.949 INFO             PET3     ATM-TO-OCN: InitializeIPDv05p3 extro.
20230324 062350.950 INFO             PET3     OCN-TO-ATM: InitializeIPDv05p3 intro.
20230324 062350.953 INFO             PET3     OCN-TO-ATM: InitializeIPDv05p3 extro.
20230324 062350.953 INFO             PET3     <<<esm: leaving Initialize (phase=<none>) with current time: 2010  6  1  0  0  0   0
20230324 062350.953 INFO             PET3   esm: InitializeIPDv02p1 extro.
20230324 062350.954 INFO             PET3   esm: InitializeIPDv02p3 intro.
20230324 062350.954 INFO             PET3     >>>esm: entered Initialize (phase=<none>) with current time: 2010  6  1  0  0  0   0
20230324 062350.954 INFO             PET3     esm: IInitCheck intro.
20230324 062350.954 INFO             PET3     esm: IInitCheck extro.
20230324 062350.954 INFO             PET3     atmB: InitializeIPDvXp04 intro.
20230324 062350.960 INFO             PET3     atmB: InitializeIPDvXp04 extro.
20230324 062350.960 INFO             PET3     ocnA: InitializeIPDvXp04 intro.
20230324 062350.965 INFO             PET3     ocnA: InitializeIPDvXp04 extro.
20230324 062350.967 INFO             PET3     ATM-TO-OCN: InitializeIPDv05p4 intro.
20230324 062350.973 INFO             PET3     ATM-TO-OCN: InitializeIPDv05p4 extro.
20230324 062350.973 INFO             PET3     OCN-TO-ATM: InitializeIPDv05p4 intro.
20230324 062350.978 INFO             PET3     OCN-TO-ATM: InitializeIPDv05p4 extro.
20230324 062350.978 INFO             PET3     ATM-TO-OCN: InitializeIPDv05p5 intro.
20230324 062350.984 INFO             PET3     ATM-TO-OCN: InitializeIPDv05p5 extro.
20230324 062350.984 INFO             PET3     OCN-TO-ATM: InitializeIPDv05p5 intro.
20230324 062350.989 INFO             PET3     OCN-TO-ATM: InitializeIPDv05p5 extro.
20230324 062350.989 INFO             PET3     esm: IInitRealize intro.
20230324 062350.989 INFO             PET3     esm: IInitRealize extro.
20230324 062350.989 INFO             PET3     ATM-TO-OCN: InitializeIPDv05p6a intro.
20230324 062350.995 INFO             PET3     ATM-TO-OCN: InitializeIPDv05p6a extro.
20230324 062429.730 INFO             PET3 !!!!!!!!!!!!!!!!!!!!!!!!!!!!!!!!!!!!!!!!!!!!!!!!!!!!!!
20230324 062429.730 INFO             PET3 !!! THE ESMF_LOG IS SET TO OUTPUT ALL LOG MESSAGES !!!
20230324 062429.730 INFO             PET3 !!!     THIS MAY CAUSE SLOWDOWN IN PERFORMANCE     !!!
20230324 062429.730 INFO             PET3 !!! FOR PRODUCTION RUNS, USE:                      !!!
20230324 062429.730 INFO             PET3 !!!                   ESMF_LOGKIND_Multi_On_Error  !!!
20230324 062429.730 INFO             PET3 !!!!!!!!!!!!!!!!!!!!!!!!!!!!!!!!!!!!!!!!!!!!!!!!!!!!!!
20230324 062429.730 INFO             PET3 Running with ESMF Version   : v8.5.0b18-5-ge74a33b91d
20230324 062429.730 INFO             PET3 ESMF library build date/time: "Mar 24 2023" "05:06:12"
20230324 062429.730 INFO             PET3 ESMF library build location : /glade/scratch/theurich/ESMF-Nightly-Testing/nvhpc_21.11_openmpi_g_develop/esmf
20230324 062429.730 INFO             PET3 ESMF_COMM                   : openmpi
20230324 062429.731 INFO             PET3 ESMF_MOAB                   : enabled
20230324 062429.731 INFO             PET3 ESMF_LAPACK                 : enabled
20230324 062429.731 INFO             PET3 ESMF_NETCDF                 : enabled
20230324 062429.731 INFO             PET3 ESMF_PNETCDF                : disabled
20230324 062429.731 INFO             PET3 ESMF_PIO                    : enabled
20230324 062429.731 INFO             PET3 ESMF_YAMLCPP                : enabled
20230324 062429.731 INFO             PET3 esmApp STARTING
20230324 062429.737 INFO             PET3 esm: InitializeGeneric intro.
20230324 062429.737 INFO             PET3   esm: InitializeP0 intro.
20230324 062429.737 INFO             PET3   esm: InitializeP0 extro.
20230324 062429.737 INFO             PET3   esm: InitializeIPDv02p1 intro.
20230324 062429.737 INFO             PET3     >>>esm: entered Initialize (phase=<none>) without valid internal Clock.
20230324 062429.739 INFO             PET3     esm - Creating model component ATM without petList.
20230324 062429.744 INFO             PET3     esm - Creating model component OCN without petList.
20230324 062429.748 INFO             PET3     esm - Creating connector component ATM-TO-OCN without petList.
20230324 062429.756 INFO             PET3     esm - Creating connector component OCN-TO-ATM without petList.
20230324 062429.768 INFO             PET3     esm - Creating state: modelComp 1 Import State
20230324 062429.768 INFO             PET3     esm - Creating state: modelComp 1 Export State
20230324 062429.768 INFO             PET3     esm - Creating state: modelComp 2 Import State
20230324 062429.768 INFO             PET3     esm - Creating state: modelComp 2 Export State
20230324 062429.769 INFO             PET3     ATM: InitializeP0 intro.
20230324 062429.771 INFO             PET3     ATM: InitializeP0 extro.
20230324 062429.771 INFO             PET3     OCN: InitializeP0 intro.
20230324 062429.773 INFO             PET3     OCN: InitializeP0 extro.
20230324 062429.779 INFO             PET3     ATM-TO-OCN: InitializeP0 intro.
20230324 062429.780 INFO             PET3     ATM-TO-OCN: InitializeP0 extro.
20230324 062429.781 INFO             PET3     OCN-TO-ATM: InitializeP0 intro.
20230324 062429.782 INFO             PET3     OCN-TO-ATM: InitializeP0 extro.
20230324 062429.785 INFO             PET3     esm: IInitAdvertise intro.
20230324 062429.785 INFO             PET3     esm: IInitAdvertise extro.
20230324 062429.785 INFO             PET3     ATM: InitializeIPDvXp01 intro.
20230324 062429.788 INFO             PET3     ATM: InitializeIPDvXp01 extro.
20230324 062429.788 INFO             PET3     OCN: InitializeIPDvXp01 intro.
20230324 062429.791 INFO             PET3     OCN: InitializeIPDvXp01 extro.
20230324 062429.795 INFO             PET3     ATM-TO-OCN: InitializeIPDv05p1 intro.
20230324 062429.801 INFO             PET3     ATM-TO-OCN: InitializeIPDv05p1 extro.
20230324 062429.801 INFO             PET3     OCN-TO-ATM: InitializeIPDv05p1 intro.
20230324 062429.805 INFO             PET3     OCN-TO-ATM: InitializeIPDv05p1 extro.
20230324 062429.806 INFO             PET3     esm: IInitAdvertiseFinish intro.
20230324 062429.806 INFO             PET3     esm: IInitAdvertiseFinish extro.
20230324 062429.806 INFO             PET3     ATM-TO-OCN: InitializeIPDv05p2a intro.
20230324 062429.811 INFO             PET3     ATM-TO-OCN: InitializeIPDv05p2a extro.
20230324 062429.811 INFO             PET3     OCN-TO-ATM: InitializeIPDv05p2a intro.
20230324 062429.815 INFO             PET3     OCN-TO-ATM: InitializeIPDv05p2a extro.
20230324 062429.816 INFO             PET3     ATM-TO-OCN: InitializeIPDv05p2b intro.
20230324 062429.821 INFO             PET3     ATM-TO-OCN: InitializeIPDv05p2b extro.
20230324 062429.821 INFO             PET3     OCN-TO-ATM: InitializeIPDv05p2b intro.
20230324 062429.825 INFO             PET3     OCN-TO-ATM: InitializeIPDv05p2b extro.
20230324 062429.826 INFO             PET3     esm: IInitModifyCplLists intro.
20230324 062429.826 INFO             PET3     esm: IInitModifyCplLists extro.
20230324 062429.826 INFO             PET3     ATM-TO-OCN: InitializeIPDv05p3 intro.
20230324 062429.832 INFO             PET3     ATM-TO-OCN: InitializeIPDv05p3 extro.
20230324 062429.832 INFO             PET3     OCN-TO-ATM: InitializeIPDv05p3 intro.
20230324 062429.837 INFO             PET3     OCN-TO-ATM: InitializeIPDv05p3 extro.
20230324 062429.837 INFO             PET3     <<<esm: leaving Initialize (phase=<none>) with current time: 2010  6  1  0  0  0   0
20230324 062429.837 INFO             PET3   esm: InitializeIPDv02p1 extro.
20230324 062429.837 INFO             PET3   esm: InitializeIPDv02p3 intro.
20230324 062429.837 INFO             PET3     >>>esm: entered Initialize (phase=<none>) with current time: 2010  6  1  0  0  0   0
20230324 062429.837 INFO             PET3     esm: IInitCheck intro.
20230324 062429.837 INFO             PET3     esm: IInitCheck extro.
20230324 062429.837 INFO             PET3     atmA: InitializeIPDvXp04 intro.
20230324 062429.843 INFO             PET3     atmA: InitializeIPDvXp04 extro.
20230324 062429.843 INFO             PET3     ocnB: InitializeIPDvXp04 intro.
20230324 062429.848 INFO             PET3     ocnB: InitializeIPDvXp04 extro.
20230324 062429.853 INFO             PET3     ATM-TO-OCN: InitializeIPDv05p4 intro.
20230324 062429.861 INFO             PET3     ATM-TO-OCN: InitializeIPDv05p4 extro.
20230324 062429.861 INFO             PET3     OCN-TO-ATM: InitializeIPDv05p4 intro.
20230324 062429.867 INFO             PET3     OCN-TO-ATM: InitializeIPDv05p4 extro.
20230324 062429.867 INFO             PET3     ATM-TO-OCN: InitializeIPDv05p5 intro.
20230324 062429.875 INFO             PET3     ATM-TO-OCN: InitializeIPDv05p5 extro.
20230324 062429.875 INFO             PET3     OCN-TO-ATM: InitializeIPDv05p5 intro.
20230324 062429.881 INFO             PET3     OCN-TO-ATM: InitializeIPDv05p5 extro.
20230324 062429.881 INFO             PET3     esm: IInitRealize intro.
20230324 062429.881 INFO             PET3     esm: IInitRealize extro.
20230324 062429.882 INFO             PET3     ATM-TO-OCN: InitializeIPDv05p6a intro.
20230324 062429.889 INFO             PET3     ATM-TO-OCN: InitializeIPDv05p6a extro.
