2023-03-19 05:29:09
[r10i5n21:55739:0:55739] Caught signal 11 (Segmentation fault: address not mapped to object at address 0x4f1b591)
[r10i5n21:55740:0:55740] Caught signal 11 (Segmentation fault: address not mapped to object at address 0x4f1b591)
[r10i5n21:55741:0:55741] Caught signal 11 (Segmentation fault: address not mapped to object at address 0x4f1b591)
[r10i5n21:55742:0:55742] Caught signal 11 (Segmentation fault: address not mapped to object at address 0x4f1b591)
==== backtrace (tid:  55740) ====
 0  /glade/u/apps/ch/opt/ucx/1.11.0/lib/libucs.so.0(ucs_handle_error+0xe4) [0x2ba3046f61b4]
 1  /glade/u/apps/ch/opt/ucx/1.11.0/lib/libucs.so.0(+0x2a4dc) [0x2ba3046f64dc]
 2  /glade/u/apps/ch/opt/ucx/1.11.0/lib/libucs.so.0(+0x2a74b) [0x2ba3046f674b]
 3  /glade/scratch/theurich/ESMF-Nightly-Testing/nvhpc_21.11_openmpi_g_develop/esmf/DEFAULTINSTALLDIR/lib/libg/Linux.nvhpc.64.openmpi.default/libesmf.so(_ZN5ESMCI6LogErr13MsgFoundErrorEiPKciS2_S2_Pi+0x34) [0x2ba2ea6ee674]
 4  /glade/scratch/theurich/ESMF-Nightly-Testing/nvhpc_21.11_openmpi_g_develop/esmf/DEFAULTINSTALLDIR/lib/libg/Linux.nvhpc.64.openmpi.default/libesmf.so(_ZN5ESMCI7MeshCap22meshcreatenodedistgridEPi+0x7f) [0x2ba2ea90aebf]
 5  /glade/scratch/theurich/ESMF-Nightly-Testing/nvhpc_21.11_openmpi_g_develop/esmf/DEFAULTINSTALLDIR/lib/libg/Linux.nvhpc.64.openmpi.default/libesmf.so(c_esmc_meshcreatenodedistgrid_+0xc1) [0x2ba2ea95d281]
 6  /glade/scratch/theurich/ESMF-Nightly-Testing/nvhpc_21.11_openmpi_g_develop/esmf/DEFAULTINSTALLDIR/lib/libg/Linux.nvhpc.64.openmpi.default/libesmf.so(esmf_meshmod_esmf_meshcreatefrompointer_+0x6d) [0x2ba2eb633dad]
 7  /glade/scratch/theurich/ESMF-Nightly-Testing/nvhpc_21.11_openmpi_g_develop/esmf/DEFAULTINSTALLDIR/lib/libg/Linux.nvhpc.64.openmpi.default/libesmf.so(esmf_gridutilmod_esmf_gridtomesh_+0x52d) [0x2ba2eb48efad]
 8  /glade/scratch/theurich/ESMF-Nightly-Testing/nvhpc_21.11_openmpi_g_develop/esmf/DEFAULTINSTALLDIR/lib/libg/Linux.nvhpc.64.openmpi.default/libesmf.so(esmf_fieldregridmod_b_or_p_gridtomesh_+0x5a8) [0x2ba2eb34e4a8]
 9  /glade/scratch/theurich/ESMF-Nightly-Testing/nvhpc_21.11_openmpi_g_develop/esmf/DEFAULTINSTALLDIR/lib/libg/Linux.nvhpc.64.openmpi.default/libesmf.so(esmf_fieldregridmod_getmeshwithnodesonfieldloc_+0x574) [0x2ba2eb3498f4]
10  /glade/scratch/theurich/ESMF-Nightly-Testing/nvhpc_21.11_openmpi_g_develop/esmf/DEFAULTINSTALLDIR/lib/libg/Linux.nvhpc.64.openmpi.default/libesmf.so(esmf_fieldregridmod_esmf_fieldregridstorenx_+0xf8c) [0x2ba2eb3473cc]
11  /glade/scratch/theurich/ESMF-Nightly-Testing/nvhpc_21.11_openmpi_g_develop/esmf/DEFAULTINSTALLDIR/lib/libg/Linux.nvhpc.64.openmpi.default/libesmf.so(esmf_fieldbundlemod_esmf_fieldbundleregridstorepair_+0x42d1) [0x2ba2eb172511]
12  /glade/scratch/theurich/ESMF-Nightly-Testing/nvhpc_21.11_openmpi_g_develop/esmf/DEFAULTINSTALLDIR/lib/libg/Linux.nvhpc.64.openmpi.default/libesmf.so(nuopc_connector_fieldbundlecplstore_+0xdcd0) [0x2ba2ebaa2f90]
13  /glade/scratch/theurich/ESMF-Nightly-Testing/nvhpc_21.11_openmpi_g_develop/esmf/DEFAULTINSTALLDIR/lib/libg/Linux.nvhpc.64.openmpi.default/libesmf.so(nuopc_connector_initializeipdv05p6b_+0x7a59) [0x2ba2eba81399]
14  /glade/scratch/theurich/ESMF-Nightly-Testing/nvhpc_21.11_openmpi_g_develop/esmf/DEFAULTINSTALLDIR/lib/libg/Linux.nvhpc.64.openmpi.default/libesmf.so(_ZN5ESMCI6FTable12callVFuncPtrEPKcPNS_2VMEPi+0xc3c) [0x2ba2ea52167c]
15  /glade/scratch/theurich/ESMF-Nightly-Testing/nvhpc_21.11_openmpi_g_develop/esmf/DEFAULTINSTALLDIR/lib/libg/Linux.nvhpc.64.openmpi.default/libesmf.so(ESMCI_FTableCallEntryPointVMHop+0x293) [0x2ba2ea51cc93]
16  /glade/scratch/theurich/ESMF-Nightly-Testing/nvhpc_21.11_openmpi_g_develop/esmf/DEFAULTINSTALLDIR/lib/libg/Linux.nvhpc.64.openmpi.default/libesmf.so(_ZN5ESMCI3VMK5enterEPNS_7VMKPlanEPvS3_+0xbb) [0x2ba2ead8233b]
17  /glade/scratch/theurich/ESMF-Nightly-Testing/nvhpc_21.11_openmpi_g_develop/esmf/DEFAULTINSTALLDIR/lib/libg/Linux.nvhpc.64.openmpi.default/libesmf.so(_ZN5ESMCI2VM5enterEPNS_6VMPlanEPvS3_+0xbe) [0x2ba2eadababe]
18  /glade/scratch/theurich/ESMF-Nightly-Testing/nvhpc_21.11_openmpi_g_develop/esmf/DEFAULTINSTALLDIR/lib/libg/Linux.nvhpc.64.openmpi.default/libesmf.so(c_esmc_ftablecallentrypointvm_+0x393) [0x2ba2ea51d153]
19  /glade/scratch/theurich/ESMF-Nightly-Testing/nvhpc_21.11_openmpi_g_develop/esmf/DEFAULTINSTALLDIR/lib/libg/Linux.nvhpc.64.openmpi.default/libesmf.so(esmf_compmod_esmf_compexecute_+0xab0) [0x2ba2eb0cc6b0]
20  /glade/scratch/theurich/ESMF-Nightly-Testing/nvhpc_21.11_openmpi_g_develop/esmf/DEFAULTINSTALLDIR/lib/libg/Linux.nvhpc.64.openmpi.default/libesmf.so(esmf_cplcompmod_esmf_cplcompinitialize_+0x1de) [0x2ba2eb0e80de]
21  /glade/scratch/theurich/ESMF-Nightly-Testing/nvhpc_21.11_openmpi_g_develop/esmf/DEFAULTINSTALLDIR/lib/libg/Linux.nvhpc.64.openmpi.default/libesmf.so(nuopc_driver_loopconnectorcompss_+0x1663) [0x2ba2ebad5763]
22  /glade/scratch/theurich/ESMF-Nightly-Testing/nvhpc_21.11_openmpi_g_develop/esmf/DEFAULTINSTALLDIR/lib/libg/Linux.nvhpc.64.openmpi.default/libesmf.so(nuopc_driver_initializeipdv02p3_+0x523a) [0x2ba2ebac813a]
23  /glade/scratch/theurich/ESMF-Nightly-Testing/nvhpc_21.11_openmpi_g_develop/esmf/DEFAULTINSTALLDIR/lib/libg/Linux.nvhpc.64.openmpi.default/libesmf.so(nuopc_driver_initializegeneric_+0xd60) [0x2ba2ebaab320]
24  /glade/scratch/theurich/ESMF-Nightly-Testing/nvhpc_21.11_openmpi_g_develop/esmf/DEFAULTINSTALLDIR/lib/libg/Linux.nvhpc.64.openmpi.default/libesmf.so(_ZN5ESMCI6FTable12callVFuncPtrEPKcPNS_2VMEPi+0xc3c) [0x2ba2ea52167c]
==== backtrace (tid:  55741) ====
 0  /glade/u/apps/ch/opt/ucx/1.11.0/lib/libucs.so.0(ucs_handle_error+0xe4) [0x2af6ecd041b4]
 1  /glade/u/apps/ch/opt/ucx/1.11.0/lib/libucs.so.0(+0x2a4dc) [0x2af6ecd044dc]
 2  /glade/u/apps/ch/opt/ucx/1.11.0/lib/libucs.so.0(+0x2a74b) [0x2af6ecd0474b]
 3  /glade/scratch/theurich/ESMF-Nightly-Testing/nvhpc_21.11_openmpi_g_develop/esmf/DEFAULTINSTALLDIR/lib/libg/Linux.nvhpc.64.openmpi.default/libesmf.so(_ZN5ESMCI6LogErr13MsgFoundErrorEiPKciS2_S2_Pi+0x34) [0x2af6d2d61674]
 4  /glade/scratch/theurich/ESMF-Nightly-Testing/nvhpc_21.11_openmpi_g_develop/esmf/DEFAULTINSTALLDIR/lib/libg/Linux.nvhpc.64.openmpi.default/libesmf.so(_ZN5ESMCI7MeshCap22meshcreatenodedistgridEPi+0x7f) [0x2af6d2f7debf]
 5  /glade/scratch/theurich/ESMF-Nightly-Testing/nvhpc_21.11_openmpi_g_develop/esmf/DEFAULTINSTALLDIR/lib/libg/Linux.nvhpc.64.openmpi.default/libesmf.so(c_esmc_meshcreatenodedistgrid_+0xc1) [0x2af6d2fd0281]
 6  /glade/scratch/theurich/ESMF-Nightly-Testing/nvhpc_21.11_openmpi_g_develop/esmf/DEFAULTINSTALLDIR/lib/libg/Linux.nvhpc.64.openmpi.default/libesmf.so(esmf_meshmod_esmf_meshcreatefrompointer_+0x6d) [0x2af6d3ca6dad]
 7  /glade/scratch/theurich/ESMF-Nightly-Testing/nvhpc_21.11_openmpi_g_develop/esmf/DEFAULTINSTALLDIR/lib/libg/Linux.nvhpc.64.openmpi.default/libesmf.so(esmf_gridutilmod_esmf_gridtomesh_+0x52d) [0x2af6d3b01fad]
 8  /glade/scratch/theurich/ESMF-Nightly-Testing/nvhpc_21.11_openmpi_g_develop/esmf/DEFAULTINSTALLDIR/lib/libg/Linux.nvhpc.64.openmpi.default/libesmf.so(esmf_fieldregridmod_b_or_p_gridtomesh_+0x5a8) [0x2af6d39c14a8]
 9  /glade/scratch/theurich/ESMF-Nightly-Testing/nvhpc_21.11_openmpi_g_develop/esmf/DEFAULTINSTALLDIR/lib/libg/Linux.nvhpc.64.openmpi.default/libesmf.so(esmf_fieldregridmod_getmeshwithnodesonfieldloc_+0x574) [0x2af6d39bc8f4]
10  /glade/scratch/theurich/ESMF-Nightly-Testing/nvhpc_21.11_openmpi_g_develop/esmf/DEFAULTINSTALLDIR/lib/libg/Linux.nvhpc.64.openmpi.default/libesmf.so(esmf_fieldregridmod_esmf_fieldregridstorenx_+0xf8c) [0x2af6d39ba3cc]
11  /glade/scratch/theurich/ESMF-Nightly-Testing/nvhpc_21.11_openmpi_g_develop/esmf/DEFAULTINSTALLDIR/lib/libg/Linux.nvhpc.64.openmpi.default/libesmf.so(esmf_fieldbundlemod_esmf_fieldbundleregridstorepair_+0x42d1) [0x2af6d37e5511]
12  /glade/scratch/theurich/ESMF-Nightly-Testing/nvhpc_21.11_openmpi_g_develop/esmf/DEFAULTINSTALLDIR/lib/libg/Linux.nvhpc.64.openmpi.default/libesmf.so(nuopc_connector_fieldbundlecplstore_+0xdcd0) [0x2af6d4115f90]
13  /glade/scratch/theurich/ESMF-Nightly-Testing/nvhpc_21.11_openmpi_g_develop/esmf/DEFAULTINSTALLDIR/lib/libg/Linux.nvhpc.64.openmpi.default/libesmf.so(nuopc_connector_initializeipdv05p6b_+0x7a59) [0x2af6d40f4399]
14  /glade/scratch/theurich/ESMF-Nightly-Testing/nvhpc_21.11_openmpi_g_develop/esmf/DEFAULTINSTALLDIR/lib/libg/Linux.nvhpc.64.openmpi.default/libesmf.so(_ZN5ESMCI6FTable12callVFuncPtrEPKcPNS_2VMEPi+0xc3c) [0x2af6d2b9467c]
15  /glade/scratch/theurich/ESMF-Nightly-Testing/nvhpc_21.11_openmpi_g_develop/esmf/DEFAULTINSTALLDIR/lib/libg/Linux.nvhpc.64.openmpi.default/libesmf.so(ESMCI_FTableCallEntryPointVMHop+0x293) [0x2af6d2b8fc93]
16  /glade/scratch/theurich/ESMF-Nightly-Testing/nvhpc_21.11_openmpi_g_develop/esmf/DEFAULTINSTALLDIR/lib/libg/Linux.nvhpc.64.openmpi.default/libesmf.so(_ZN5ESMCI3VMK5enterEPNS_7VMKPlanEPvS3_+0xbb) [0x2af6d33f533b]
17  /glade/scratch/theurich/ESMF-Nightly-Testing/nvhpc_21.11_openmpi_g_develop/esmf/DEFAULTINSTALLDIR/lib/libg/Linux.nvhpc.64.openmpi.default/libesmf.so(_ZN5ESMCI2VM5enterEPNS_6VMPlanEPvS3_+0xbe) [0x2af6d341eabe]
18  /glade/scratch/theurich/ESMF-Nightly-Testing/nvhpc_21.11_openmpi_g_develop/esmf/DEFAULTINSTALLDIR/lib/libg/Linux.nvhpc.64.openmpi.default/libesmf.so(c_esmc_ftablecallentrypointvm_+0x393) [0x2af6d2b90153]
19  /glade/scratch/theurich/ESMF-Nightly-Testing/nvhpc_21.11_openmpi_g_develop/esmf/DEFAULTINSTALLDIR/lib/libg/Linux.nvhpc.64.openmpi.default/libesmf.so(esmf_compmod_esmf_compexecute_+0xab0) [0x2af6d373f6b0]
20  /glade/scratch/theurich/ESMF-Nightly-Testing/nvhpc_21.11_openmpi_g_develop/esmf/DEFAULTINSTALLDIR/lib/libg/Linux.nvhpc.64.openmpi.d==== backtrace (tid:  55739) ====
 0  /glade/u/apps/ch/opt/ucx/1.11.0/lib/libucs.so.0(ucs_handle_error+0xe4) [0x2b52cd3201b4]
 1  /glade/u/apps/ch/opt/ucx/1.11.0/lib/libucs.so.0(+0x2a4dc) [0x2b52cd3204dc]
 2  /glade/u/apps/ch/opt/ucx/1.11.0/lib/libucs.so.0(+0x2a74b) [0x2b52cd32074b]
 3  /glade/scratch/theurich/ESMF-Nightly-Testing/nvhpc_21.11_openmpi_g_develop/esmf/DEFAULTINSTALLDIR/lib/libg/Linux.nvhpc.64.openmpi.default/libesmf.so(_ZN5ESMCI6LogErr13MsgFoundErrorEiPKciS2_S2_Pi+0x34) [0x2b52b327a674]
 4  /glade/scratch/theurich/ESMF-Nightly-Testing/nvhpc_21.11_openmpi_g_develop/esmf/DEFAULTINSTALLDIR/lib/libg/Linux.nvhpc.64.openmpi.default/libesmf.so(_ZN5ESMCI7MeshCap22meshcreatenodedistgridEPi+0x7f) [0x2b52b3496ebf]
 5  /glade/scratch/theurich/ESMF-Nightly-Testing/nvhpc_21.11_openmpi_g_develop/esmf/DEFAULTINSTALLDIR/lib/libg/Linux.nvhpc.64.openmpi.default/libesmf.so(c_esmc_meshcreatenodedistgrid_+0xc1) [0x2b52b34e9281]
 6  /glade/scratch/theurich/ESMF-Nightly-Testing/nvhpc_21.11_openmpi_g_develop/esmf/DEFAULTINSTALLDIR/lib/libg/Linux.nvhpc.64.openmpi.default/libesmf.so(esmf_meshmod_esmf_meshcreatefrompointer_+0x6d) [0x2b52b41bfdad]
 7  /glade/scratch/theurich/ESMF-Nightly-Testing/nvhpc_21.11_openmpi_g_develop/esmf/DEFAULTINSTALLDIR/lib/libg/Linux.nvhpc.64.openmpi.default/libesmf.so(esmf_gridutilmod_esmf_gridtomesh_+0x52d) [0x2b52b401afad]
 8  /glade/scratch/theurich/ESMF-Nightly-Testing/nvhpc_21.11_openmpi_g_develop/esmf/DEFAULTINSTALLDIR/lib/libg/Linux.nvhpc.64.openmpi.default/libesmf.so(esmf_fieldregridmod_b_or_p_gridtomesh_+0x5a8) [0x2b52b3eda4a8]
 9  /glade/scratch/theurich/ESMF-Nightly-Testing/nvhpc_21.11_openmpi_g_develop/esmf/DEFAULTINSTALLDIR/lib/libg/Linux.nvhpc.64.openmpi.default/libesmf.so(esmf_fieldregridmod_getmeshwithnodesonfieldloc_+0x574) [0x2b52b3ed58f4]
10  /glade/scratch/theurich/ESMF-Nightly-Testing/nvhpc_21.11_openmpi_g_develop/esmf/DEFAULTINSTALLDIR/lib/libg/Linux.nvhpc.64.openmpi.default/libesmf.so(esmf_fieldregridmod_esmf_fieldregridstorenx_+0xf8c) [0x2b52b3ed33cc]
11  /glade/scratch/theurich/ESMF-Nightly-Testing/nvhpc_21.11_openmpi_g_develop/esmf/DEFAULTINSTALLDIR/lib/libg/Linux.nvhpc.64.openmpi.default/libesmf.so(esmf_fieldbundlemod_esmf_fieldbundleregridstorepair_+0x42d1) [0x2b52b3cfe511]
12  /glade/scratch/theurich/ESMF-Nightly-Testing/nvhpc_21.11_openmpi_g_develop/esmf/DEFAULTINSTALLDIR/lib/libg/Linux.nvhpc.64.openmpi.default/libesmf.so(nuopc_connector_fieldbundlecplstore_+0xdcd0) [0x2b52b462ef90]
13  /glade/scratch/theurich/ESMF-Nightly-Testing/nvhpc_21.11_openmpi_g_develop/esmf/DEFAULTINSTALLDIR/lib/libg/Linux.nvhpc.64.openmpi.default/libesmf.so(nuopc_connector_initializeipdv05p6b_+0x7a59) [0x2b52b460d399]
14  /glade/scratch/theurich/ESMF-Nightly-Testing/nvhpc_21.11_openmpi_g_develop/esmf/DEFAULTINSTALLDIR/lib/libg/Linux.nvhpc.64.openmpi.default/libesmf.so(_ZN5ESMCI6FTable12callVFuncPtrEPKcPNS_2VMEPi+0xc3c) [0x2b52b30ad67c]
15  /glade/scratch/theurich/ESMF-Nightly-Testing/nvhpc_21.11_openmpi_g_develop/esmf/DEFAULTINSTALLDIR/lib/libg/Linux.nvhpc.64.openmpi.default/libesmf.so(ESMCI_FTableCallEntryPointVMHop+0x293) [0x2b52b30a8c93]
16  /glade/scratch/theurich/ESMF-Nightly-Testing/nvhpc_21.11_openmpi_g_develop/esmf/DEFAULTINSTALLDIR/lib/libg/Linux.nvhpc.64.openmpi.default/libesmf.so(_ZN5ESMCI3VMK5enterEPNS_7VMKPlanEPvS3_+0xbb) [0x2b52b390e33b]
17  /glade/scratch/theurich/ESMF-Nightly-Testing/nvhpc_21.11_openmpi_g_develop/esmf/DEFAULTINSTALLDIR/lib/libg/Linux.nvhpc.64.openmpi.default/libesmf.so(_ZN5ESMCI2VM5enterEPNS_6VMPlanEPvS3_+0xbe) [0x2b52b3937abe]
18  /glade/scratch/theurich/ESMF-Nightly-Testing/nvhpc_21.11_openmpi_g_develop/esmf/DEFAULTINSTALLDIR/lib/libg/Linux.nvhpc.64.openmpi.default/libesmf.so(c_esmc_ftablecallentrypointvm_+0x393) [0x2b52b30a9153]
19  /glade/scratch/theurich/ESMF-Nightly-Testing/nvhpc_21.11_openmpi_g_develop/esmf/DEFAULTINSTALLDIR/lib/libg/Linux.nvhpc.64.openmpi.default/libesmf.so(esmf_compmod_esmf_compexecute_+0xab0) [0x2b52b3c586b0]
20  /glade/scratch/theurich/ESMF-Nightly-Testing/nvhpc_21.11_openmpi_g_develop/esmf/DEFAULTINSTALLDIR/lib/libg/Linux.nvhpc.64.openmpi.d==== backtrace (tid:  55742) ====
 0  /glade/u/apps/ch/opt/ucx/1.11.0/lib/libucs.so.0(ucs_handle_error+0xe4) [0x2b8e6cd041b4]
 1  /glade/u/apps/ch/opt/ucx/1.11.0/lib/libucs.so.0(+0x2a4dc) [0x2b8e6cd044dc]
 2  /glade/u/apps/ch/opt/ucx/1.11.0/lib/libucs.so.0(+0x2a74b) [0x2b8e6cd0474b]
 3  /glade/scratch/theurich/ESMF-Nightly-Testing/nvhpc_21.11_openmpi_g_develop/esmf/DEFAULTINSTALLDIR/lib/libg/Linux.nvhpc.64.openmpi.default/libesmf.so(_ZN5ESMCI6LogErr13MsgFoundErrorEiPKciS2_S2_Pi+0x34) [0x2b8e52de1674]
 4  /glade/scratch/theurich/ESMF-Nightly-Testing/nvhpc_21.11_openmpi_g_develop/esmf/DEFAULTINSTALLDIR/lib/libg/Linux.nvhpc.64.openmpi.default/libesmf.so(_ZN5ESMCI7MeshCap22meshcreatenodedistgridEPi+0x7f) [0x2b8e52ffdebf]
 5  /glade/scratch/theurich/ESMF-Nightly-Testing/nvhpc_21.11_openmpi_g_develop/esmf/DEFAULTINSTALLDIR/lib/libg/Linux.nvhpc.64.openmpi.default/libesmf.so(c_esmc_meshcreatenodedistgrid_+0xc1) [0x2b8e53050281]
 6  /glade/scratch/theurich/ESMF-Nightly-Testing/nvhpc_21.11_openmpi_g_develop/esmf/DEFAULTINSTALLDIR/lib/libg/Linux.nvhpc.64.openmpi.default/libesmf.so(esmf_meshmod_esmf_meshcreatefrompointer_+0x6d) [0x2b8e53d26dad]
 7  /glade/scratch/theurich/ESMF-Nightly-Testing/nvhpc_21.11_openmpi_g_develop/esmf/DEFAULTINSTALLDIR/lib/libg/Linux.nvhpc.64.openmpi.default/libesmf.so(esmf_gridutilmod_esmf_gridtomesh_+0x52d) [0x2b8e53b81fad]
 8  /glade/scratch/theurich/ESMF-Nightly-Testing/nvhpc_21.11_openmpi_g_develop/esmf/DEFAULTINSTALLDIR/lib/libg/Linux.nvhpc.64.openmpi.default/libesmf.so(esmf_fieldregridmod_b_or_p_gridtomesh_+0x5a8) [0x2b8e53a414a8]
 9  /glade/scratch/theurich/ESMF-Nightly-Testing/nvhpc_21.11_openmpi_g_develop/esmf/DEFAULTINSTALLDIR/lib/libg/Linux.nvhpc.64.openmpi.default/libesmf.so(esmf_fieldregridmod_getmeshwithnodesonfieldloc_+0x574) [0x2b8e53a3c8f4]
10  /glade/scratch/theurich/ESMF-Nightly-Testing/nvhpc_21.11_openmpi_g_develop/esmf/DEFAULTINSTALLDIR/lib/libg/Linux.nvhpc.64.openmpi.default/libesmf.so(esmf_fieldregridmod_esmf_fieldregridstorenx_+0xf8c) [0x2b8e53a3a3cc]
11  /glade/scratch/theurich/ESMF-Nightly-Testing/nvhpc_21.11_openmpi_g_develop/esmf/DEFAULTINSTALLDIR/lib/libg/Linux.nvhpc.64.openmpi.default/libesmf.so(esmf_fieldbundlemod_esmf_fieldbundleregridstorepair_+0x42d1) [0x2b8e53865511]
12  /glade/scratch/theurich/ESMF-Nightly-Testing/nvhpc_21.11_openmpi_g_develop/esmf/DEFAULTINSTALLDIR/lib/libg/Linux.nvhpc.64.openmpi.default/libesmf.so(nuopc_connector_fieldbundlecplstore_+0xdcd0) [0x2b8e54195f90]
13  /glade/scratch/theurich/ESMF-Nightly-Testing/nvhpc_21.11_openmpi_g_develop/esmf/DEFAULTINSTALLDIR/lib/libg/Linux.nvhpc.64.openmpi.default/libesmf.so(nuopc_connector_initializeipdv05p6b_+0x7a59) [0x2b8e54174399]
14  /glade/scratch/theurich/ESMF-Nightly-Testing/nvhpc_21.11_openmpi_g_develop/esmf/DEFAULTINSTALLDIR/lib/libg/Linux.nvhpc.64.openmpi.default/libesmf.so(_ZN5ESMCI6FTable12callVFuncPtrEPKcPNS_2VMEPi+0xc3c) [0x2b8e52c1467c]
15  /glade/scratch/theurich/ESMF-Nightly-Testing/nvhpc_21.11_openmpi_g_develop/esmf/DEFAULTINSTALLDIR/lib/libg/Linux.nvhpc.64.openmpi.default/libesmf.so(ESMCI_FTableCallEntryPointVMHop+0x293) [0x2b8e52c0fc93]
16  /glade/scratch/theurich/ESMF-Nightly-Testing/nvhpc_21.11_openmpi_g_develop/esmf/DEFAULTINSTALLDIR/lib/libg/Linux.nvhpc.64.openmpi.default/libesmf.so(_ZN5ESMCI3VMK5enterEPNS_7VMKPlanEPvS3_+0xbb) [0x2b8e5347533b]
17  /glade/scratch/theurich/ESMF-Nightly-Testing/nvhpc_21.11_openmpi_g_develop/esmf/DEFAULTINSTALLDIR/lib/libg/Linux.nvhpc.64.openmpi.default/libesmf.so(_ZN5ESMCI2VM5enterEPNS_6VMPlanEPvS3_+0xbe) [0x2b8e5349eabe]
18  /glade/scratch/theurich/ESMF-Nightly-Testing/nvhpc_21.11_openmpi_g_develop/esmf/DEFAULTINSTALLDIR/lib/libg/Linux.nvhpc.64.openmpi.default/libesmf.so(c_esmc_ftablecallentrypointvm_+0x393) [0x2b8e52c10153]
19  /glade/scratch/theurich/ESMF-Nightly-Testing/nvhpc_21.11_openmpi_g_develop/esmf/DEFAULTINSTALLDIR/lib/libg/Linux.nvhpc.64.openmpi.default/libesmf.so(esmf_compmod_esmf_compexecute_+0xab0) [0x2b8e537bf6b0]
20  /glade/scratch/theurich/ESMF-Nightly-Testing/nvhpc_21.11_openmpi_g_develop/esmf/DEFAULTINSTALLDIR/lib/libg/Linux.nvhpc.64.openmpi.d25  /glade/scratch/theurich/ESMF-Nightly-Testing/nvhpc_21.11_openmpi_g_develop/esmf/DEFAULTINSTALLDIR/lib/libg/Linux.nvhpc.64.openmpi.default/libesmf.so(ESMCI_FTableCallEntryPointVMHop+0x293) [0x2ba2ea51cc93]
26  /glade/scratch/theurich/ESMF-Nightly-Testing/nvhpc_21.11_openmpi_g_develop/esmf/DEFAULTINSTALLDIR/lib/libg/Linux.nvhpc.64.openmpi.default/libesmf.so(_ZN5ESMCI3VMK5enterEPNS_7VMKPlanEPvS3_+0xbb) [0x2ba2ead8233b]
27  /glade/scratch/theurich/ESMF-Nightly-Testing/nvhpc_21.11_openmpi_g_develop/esmf/DEFAULTINSTALLDIR/lib/libg/Linux.nvhpc.64.openmpi.default/libesmf.so(_ZN5ESMCI2VM5enterEPNS_6VMPlanEPvS3_+0xbe) [0x2ba2eadababe]
28  /glade/scratch/theurich/ESMF-Nightly-Testing/nvhpc_21.11_openmpi_g_develop/esmf/DEFAULTINSTALLDIR/lib/libg/Linux.nvhpc.64.openmpi.default/libesmf.so(c_esmc_ftablecallentrypointvm_+0x393) [0x2ba2ea51d153]
29  /glade/scratch/theurich/ESMF-Nightly-Testing/nvhpc_21.11_openmpi_g_develop/esmf/DEFAULTINSTALLDIR/lib/libg/Linux.nvhpc.64.openmpi.default/libesmf.so(esmf_compmod_esmf_compexecute_+0xab0) [0x2ba2eb0cc6b0]
30  /glade/scratch/theurich/ESMF-Nightly-Testing/nvhpc_21.11_openmpi_g_develop/esmf/DEFAULTINSTALLDIR/lib/libg/Linux.nvhpc.64.openmpi.default/libesmf.so(esmf_gridcompmod_esmf_gridcompinitialize_+0x1de) [0x2ba2eb3ada1e]
31  ./mainApp() [0x40759f]
32  ./mainApp() [0x407073]
33  /glade/u/apps/ch/os/lib64/libc.so.6(__libc_start_main+0xf5) [0x2ba2f12ffa35]
34  ./mainApp() [0x406f69]
=================================
[r10i5n21:55740] *** Process received signal ***
[r10i5n21:55740] Signal: Segmentation fault (11)
[r10i5n21:55740] Signal code:  (-6)
[r10i5n21:55740] Failing at address: 0xb510000d9bc
[r10i5n21:55740] [ 0] /glade/u/apps/ch/os/lib64/libpthread.so.0(+0x11c00)[0x2ba2f0a2ec00]
[r10i5n21:55740] [ 1] /glade/scratch/theurich/ESMF-Nightly-Testing/nvhpc_21.11_openmpi_g_develop/esmf/DEFAULTINSTALLDIR/lib/libg/Linux.nvhpc.64.openmpi.default/libesmf.so(_ZN5ESMCI6LogErr13MsgFoundErrorEiPKciS2_S2_Pi+0x34)[0x2ba2ea6ee674]
[r10i5n21:55740] [ 2] /glade/scratch/theurich/ESMF-Nightly-Testing/nvhpc_21.11_openmpi_g_develop/esmf/DEFAULTINSTALLDIR/lib/libg/Linux.nvhpc.64.openmpi.default/libesmf.so(_ZN5ESMCI7MeshCap22meshcreatenodedistgridEPi+0x7f)[0x2ba2ea90aebf]
[r10i5n21:55740] [ 3] efault/libesmf.so(esmf_cplcompmod_esmf_cplcompinitialize_+0x1de) [0x2b8e537db0de]
21  /glade/scratch/theurich/ESMF-Nightly-Testing/nvhpc_21.11_openmpi_g_develop/esmf/DEFAULTINSTALLDIR/lib/libg/Linux.nvhpc.64.openmpi.default/libesmf.so(nuopc_driver_loopconnectorcompss_+0x1663) [0x2b8e541c8763]
22  /glade/scratch/theurich/ESMF-Nightly-Testing/nvhpc_21.11_openmpi_g_develop/esmf/DEFAULTINSTALLDIR/lib/libg/Linux.nvhpc.64.openmpi.default/libesmf.so(nuopc_driver_initializeipdv02p3_+0x523a) [0x2b8e541bb13a]
23  /glade/scratch/theurich/ESMF-Nightly-Testing/nvhpc_21.11_openmpi_g_develop/esmf/DEFAULTINSTALLDIR/lib/libg/Linux.nvhpc.64.openmpi.default/libesmf.so(nuopc_driver_initializegeneric_+0xd60) [0x2b8e5419e320]
24  /glade/scratch/theurich/ESMF-Nightly-Testing/nvhpc_21.11_openmpi_g_develop/esmf/DEFAULTINSTALLDIR/lib/libg/Linux.nvhpc.64.openmpi.default/libesmf.so(_ZN5ESMCI6FTable12callVFuncPtrEPKcPNS_2VMEPi+0xc3c) [0x2b8e52c1467c]
25  /glade/scratch/theurich/ESMF-Nightly-Testing/nvhpc_21.11_openmpi_g_develop/esmf/DEFAULTINSTALLDIR/lib/libg/Linux.nvhpc.64.openmpi.default/libesmf.so(ESMCI_FTableCallEntryPointVMHop+0x293) [0x2b8e52c0fc93]
26  /glade/scratch/theurich/ESMF-Nightly-Testing/nvhpc_21.11_openmpi_g_develop/esmf/DEFAULTINSTALLDIR/lib/libg/Linux.nvhpc.64.openmpi.default/libesmf.so(_ZN5ESMCI3VMK5enterEPNS_7VMKPlanEPvS3_+0xbb) [0x2b8e5347533b]
27  /glade/scratch/theurich/ESMF-Nightly-Testing/nvhpc_21.11_openmpi_g_develop/esmf/DEFAULTINSTALLDIR/lib/libg/Linux.nvhpc.64.openmpi.default/libesmf.so(_ZN5ESMCI2VM5enterEPNS_6VMPlanEPvS3_+0xbe) [0x2b8e5349eabe]
28  /glade/scratch/theurich/ESMF-Nightly-Testing/nvhpc_21.11_openmpi_g_develop/esmf/DEFAULTINSTALLDIR/lib/libg/Linux.nvhpc.64.openmpi.default/libesmf.so(c_esmc_ftablecallentrypointvm_+0x393) [0x2b8e52c10153]
29  /glade/scratch/theurich/ESMF-Nightly-Testing/nvhpc_21.11_openmpi_g_develop/esmf/DEFAULTINSTALLDIR/lib/libg/Linux.nvhpc.64.openmpi.default/libesmf.so(esmf_compmod_esmf_compexecute_+0xab0) [0x2b8e537bf6b0]
30  /glade/scratch/theurich/ESMF-Nightly-Testing/nvhpc_21.11_openmpi_g_develop/esmf/DEFAULTINSTALLDIR/lib/libg/Linux.nvhpc.64.openmpi.default/libesmf.so(esmf_gridcompmod_esmf_gridcompinitialize_+0x1de) [0x2b8e53aa0a1e]
31  ./mainApp() [0x40759f]
32  ./mainApp() [0x407073]
33  /glade/u/apps/ch/os/lib64/libc.so.6(__libc_start_main+0xf5) [0x2b8e599f2a35]
34  ./mainApp() [0x406f69]
=================================
[r10i5n21:55742] *** Process received signal ***
[r10i5n21:55742] Signal: Segmentation fault (11)
[r10i5n21:55742] Signal code:  (-6)
[r10i5n21:55742] Failing at address: 0xb510000d9be
[r10i5n21:55742] [ 0] /glade/u/apps/ch/os/lib64/libpthread.so.0(+0x11c00)[0x2b8e59121c00]
[r10i5n21:55742] [ 1] /glade/scratch/theurich/ESMF-Nightly-Testing/nvhpc_21.11_openmpi_g_develop/esmf/DEFAULTINSTALLDIR/lib/libg/Linux.nvhpc.64.openmpi.default/libesmf.so(_ZN5ESMCI6LogErr13MsgFoundErrorEiPKciS2_S2_Pi+0x34)[0x2b8e52de1674]
[r10i5n21:55742] [ 2] /glade/scratch/theurich/ESMF-Nightly-Testing/nvhpc_21.11_openmpi_g_develop/esmf/DEFAULTINSTALLDIR/lib/libg/Linux.nvhpc.64.openmpi.default/libesmf.so(_ZN5ESMCI7MeshCap22meshcreatenodedistgridEPi+0x7f)[0x2b8e52ffdebf]
[r10i5n21:55742] [ 3] efault/libesmf.so(esmf_cplcompmod_esmf_cplcompinitialize_+0x1de) [0x2af6d375b0de]
21  /glade/scratch/theurich/ESMF-Nightly-Testing/nvhpc_21.11_openmpi_g_develop/esmf/DEFAULTINSTALLDIR/lib/libg/Linux.nvhpc.64.openmpi.default/libesmf.so(nuopc_driver_loopconnectorcompss_+0x1663) [0x2af6d4148763]
22  /glade/scratch/theurich/ESMF-Nightly-Testing/nvhpc_21.11_openmpi_g_develop/esmf/DEFAULTINSTALLDIR/lib/libg/Linux.nvhpc.64.openmpi.default/libesmf.so(nuopc_driver_initializeipdv02p3_+0x523a) [0x2af6d413b13a]
23  /glade/scratch/theurich/ESMF-Nightly-Testing/nvhpc_21.11_openmpi_g_develop/esmf/DEFAULTINSTALLDIR/lib/libg/Linux.nvhpc.64.openmpi.default/libesmf.so(nuopc_driver_initializegeneric_+0xd60) [0x2af6d411e320]
24  /glade/scratch/theurich/ESMF-Nightly-Testing/nvhpc_21.11_openmpi_g_develop/esmf/DEFAULTINSTALLDIR/lib/libg/Linux.nvhpc.64.openmpi.default/libesmf.so(_ZN5ESMCI6FTable12callVFuncPtrEPKcPNS_2VMEPi+0xc3c) [0x2af6d2b9467c]
25  /glade/scratch/theurich/ESMF-Nightly-Testing/nvhpc_21.11_openmpi_g_develop/esmf/DEFAULTINSTALLDIR/lib/libg/Linux.nvhpc.64.openmpi.default/libesmf.so(ESMCI_FTableCallEntryPointVMHop+0x293) [0x2af6d2b8fc93]
26  /glade/scratch/theurich/ESMF-Nightly-Testing/nvhpc_21.11_openmpi_g_develop/esmf/DEFAULTINSTALLDIR/lib/libg/Linux.nvhpc.64.openmpi.default/libesmf.so(_ZN5ESMCI3VMK5enterEPNS_7VMKPlanEPvS3_+0xbb) [0x2af6d33f533b]
27  /glade/scratch/theurich/ESMF-Nightly-Testing/nvhpc_21.11_openmpi_g_develop/esmf/DEFAULTINSTALLDIR/lib/libg/Linux.nvhpc.64.openmpi.default/libesmf.so(_ZN5ESMCI2VM5enterEPNS_6VMPlanEPvS3_+0xbe) [0x2af6d341eabe]
28  /glade/scratch/theurich/ESMF-Nightly-Testing/nvhpc_21.11_openmpi_g_develop/esmf/DEFAULTINSTALLDIR/lib/libg/Linux.nvhpc.64.openmpi.default/libesmf.so(c_esmc_ftablecallentrypointvm_+0x393) [0x2af6d2b90153]
29  /glade/scratch/theurich/ESMF-Nightly-Testing/nvhpc_21.11_openmpi_g_develop/esmf/DEFAULTINSTALLDIR/lib/libg/Linux.nvhpc.64.openmpi.default/libesmf.so(esmf_compmod_esmf_compexecute_+0xab0) [0x2af6d373f6b0]
30  /glade/scratch/theurich/ESMF-Nightly-Testing/nvhpc_21.11_openmpi_g_develop/esmf/DEFAULTINSTALLDIR/lib/libg/Linux.nvhpc.64.openmpi.default/libesmf.so(esmf_gridcompmod_esmf_gridcompinitialize_+0x1de) [0x2af6d3a20a1e]
31  ./mainApp() [0x40759f]
32  ./mainApp() [0x407073]
33  /glade/u/apps/ch/os/lib64/libc.so.6(__libc_start_main+0xf5) [0x2af6d9972a35]
34  ./mainApp() [0x406f69]
=================================
[r10i5n21:55741] *** Process received signal ***
[r10i5n21:55741] Signal: Segmentation fault (11)
[r10i5n21:55741] Signal code:  (-6)
[r10i5n21:55741] Failing at address: 0xb510000d9bd
[r10i5n21:55741] [ 0] /glade/u/apps/ch/os/lib64/libpthread.so.0(+0x11c00)[0x2af6d90a1c00]
[r10i5n21:55741] [ 1] /glade/scratch/theurich/ESMF-Nightly-Testing/nvhpc_21.11_openmpi_g_develop/esmf/DEFAULTINSTALLDIR/lib/libg/Linux.nvhpc.64.openmpi.default/libesmf.so(_ZN5ESMCI6LogErr13MsgFoundErrorEiPKciS2_S2_Pi+0x34)[0x2af6d2d61674]
[r10i5n21:55741] [ 2] /glade/scratch/theurich/ESMF-Nightly-Testing/nvhpc_21.11_openmpi_g_develop/esmf/DEFAULTINSTALLDIR/lib/libg/Linux.nvhpc.64.openmpi.default/libesmf.so(_ZN5ESMCI7MeshCap22meshcreatenodedistgridEPi+0x7f)[0x2af6d2f7debf]
[r10i5n21:55741] [ 3] efault/libesmf.so(esmf_cplcompmod_esmf_cplcompinitialize_+0x1de) [0x2b52b3c740de]
21  /glade/scratch/theurich/ESMF-Nightly-Testing/nvhpc_21.11_openmpi_g_develop/esmf/DEFAULTINSTALLDIR/lib/libg/Linux.nvhpc.64.openmpi.default/libesmf.so(nuopc_driver_loopconnectorcompss_+0x1663) [0x2b52b4661763]
22  /glade/scratch/theurich/ESMF-Nightly-Testing/nvhpc_21.11_openmpi_g_develop/esmf/DEFAULTINSTALLDIR/lib/libg/Linux.nvhpc.64.openmpi.default/libesmf.so(nuopc_driver_initializeipdv02p3_+0x523a) [0x2b52b465413a]
23  /glade/scratch/theurich/ESMF-Nightly-Testing/nvhpc_21.11_openmpi_g_develop/esmf/DEFAULTINSTALLDIR/lib/libg/Linux.nvhpc.64.openmpi.default/libesmf.so(nuopc_driver_initializegeneric_+0xd60) [0x2b52b4637320]
24  /glade/scratch/theurich/ESMF-Nightly-Testing/nvhpc_21.11_openmpi_g_develop/esmf/DEFAULTINSTALLDIR/lib/libg/Linux.nvhpc.64.openmpi.default/libesmf.so(_ZN5ESMCI6FTable12callVFuncPtrEPKcPNS_2VMEPi+0xc3c) [0x2b52b30ad67c]
25  /glade/scratch/theurich/ESMF-Nightly-Testing/nvhpc_21.11_openmpi_g_develop/esmf/DEFAULTINSTALLDIR/lib/libg/Linux.nvhpc.64.openmpi.default/libesmf.so(ESMCI_FTableCallEntryPointVMHop+0x293) [0x2b52b30a8c93]
26  /glade/scratch/theurich/ESMF-Nightly-Testing/nvhpc_21.11_openmpi_g_develop/esmf/DEFAULTINSTALLDIR/lib/libg/Linux.nvhpc.64.openmpi.default/libesmf.so(_ZN5ESMCI3VMK5enterEPNS_7VMKPlanEPvS3_+0xbb) [0x2b52b390e33b]
27  /glade/scratch/theurich/ESMF-Nightly-Testing/nvhpc_21.11_openmpi_g_develop/esmf/DEFAULTINSTALLDIR/lib/libg/Linux.nvhpc.64.openmpi.default/libesmf.so(_ZN5ESMCI2VM5enterEPNS_6VMPlanEPvS3_+0xbe) [0x2b52b3937abe]
28  /glade/scratch/theurich/ESMF-Nightly-Testing/nvhpc_21.11_openmpi_g_develop/esmf/DEFAULTINSTALLDIR/lib/libg/Linux.nvhpc.64.openmpi.default/libesmf.so(c_esmc_ftablecallentrypointvm_+0x393) [0x2b52b30a9153]
29  /glade/scratch/theurich/ESMF-Nightly-Testing/nvhpc_21.11_openmpi_g_develop/esmf/DEFAULTINSTALLDIR/lib/libg/Linux.nvhpc.64.openmpi.default/libesmf.so(esmf_compmod_esmf_compexecute_+0xab0) [0x2b52b3c586b0]
30  /glade/scratch/theurich/ESMF-Nightly-Testing/nvhpc_21.11_openmpi_g_develop/esmf/DEFAULTINSTALLDIR/lib/libg/Linux.nvhpc.64.openmpi.default/libesmf.so(esmf_gridcompmod_esmf_gridcompinitialize_+0x1de) [0x2b52b3f39a1e]
31  ./mainApp() [0x40759f]
32  ./mainApp() [0x407073]
33  /glade/u/apps/ch/os/lib64/libc.so.6(__libc_start_main+0xf5) [0x2b52b9e8ba35]
34  ./mainApp() [0x406f69]
=================================
[r10i5n21:55739] *** Process received signal ***
[r10i5n21:55739] Signal: Segmentation fault (11)
[r10i5n21:55739] Signal code:  (-6)
[r10i5n21:55739] Failing at address: 0xb510000d9bb
[r10i5n21:55739] [ 0] /glade/u/apps/ch/os/lib64/libpthread.so.0(+0x11c00)[0x2b52b95bac00]
[r10i5n21:55739] [ 1] /glade/scratch/theurich/ESMF-Nightly-Testing/nvhpc_21.11_openmpi_g_develop/esmf/DEFAULTINSTALLDIR/lib/libg/Linux.nvhpc.64.openmpi.default/libesmf.so(_ZN5ESMCI6LogErr13MsgFoundErrorEiPKciS2_S2_Pi+0x34)[0x2b52b327a674]
[r10i5n21:55739] [ 2] /glade/scratch/theurich/ESMF-Nightly-Testing/nvhpc_21.11_openmpi_g_develop/esmf/DEFAULTINSTALLDIR/lib/libg/Linux.nvhpc.64.openmpi.default/libesmf.so(_ZN5ESMCI7MeshCap22meshcreatenodedistgridEPi+0x7f)[0x2b52b3496ebf]
[r10i5n21:55739] [ 3] /glade/scratch/theurich/ESMF-Nightly-Testing/nvhpc_21.11_openmpi_g_develop/esmf/DEFAULTINSTALLDIR/lib/libg/Linux.nvhpc.64.openmpi.default/libesmf.so(c_esmc_meshcreatenodedistgrid_+0xc1)[0x2ba2ea95d281]
[r10i5n21:55740] [ 4] /glade/scratch/theurich/ESMF-Nightly-Testing/nvhpc_21.11_openmpi_g_develop/esmf/DEFAULTINSTALLDIR/lib/libg/Linux.nvhpc.64.openmpi.default/libesmf.so(c_esmc_meshcreatenodedistgrid_+0xc1)[0x2b8e53050281]
[r10i5n21:55742] [ 4] /glade/scratch/theurich/ESMF-Nightly-Testing/nvhpc_21.11_openmpi_g_develop/esmf/DEFAULTINSTALLDIR/lib/libg/Linux.nvhpc.64.openmpi.default/libesmf.so(c_esmc_meshcreatenodedistgrid_+0xc1)[0x2af6d2fd0281]
[r10i5n21:55741] [ 4] /glade/scratch/theurich/ESMF-Nightly-Testing/nvhpc_21.11_openmpi_g_develop/esmf/DEFAULTINSTALLDIR/lib/libg/Linux.nvhpc.64.openmpi.default/libesmf.so(c_esmc_meshcreatenodedistgrid_+0xc1)[0x2b52b34e9281]
[r10i5n21:55739] [ 4] /glade/scratch/theurich/ESMF-Nightly-Testing/nvhpc_21.11_openmpi_g_develop/esmf/DEFAULTINSTALLDIR/lib/libg/Linux.nvhpc.64.openmpi.default/libesmf.so(esmf_meshmod_esmf_meshcreatefrompointer_+0x6d)[0x2ba2eb633dad]
[r10i5n21:55740] [ 5] /glade/scratch/theurich/ESMF-Nightly-Testing/nvhpc_21.11_openmpi_g_develop/esmf/DEFAULTINSTALLDIR/lib/libg/Linux.nvhpc.64.openmpi.default/libesmf.so(esmf_meshmod_esmf_meshcreatefrompointer_+0x6d)[0x2af6d3ca6dad]
[r10i5n21:55741] [ 5] /glade/scratch/theurich/ESMF-Nightly-Testing/nvhpc_21.11_openmpi_g_develop/esmf/DEFAULTINSTALLDIR/lib/libg/Linux.nvhpc.64.openmpi.default/libesmf.so(esmf_meshmod_esmf_meshcreatefrompointer_+0x6d)[0x2b8e53d26dad]
[r10i5n21:55742] [ 5] /glade/scratch/theurich/ESMF-Nightly-Testing/nvhpc_21.11_openmpi_g_develop/esmf/DEFAULTINSTALLDIR/lib/libg/Linux.nvhpc.64.openmpi.default/libesmf.so(esmf_meshmod_esmf_meshcreatefrompointer_+0x6d)[0x2b52b41bfdad]
[r10i5n21:55739] [ 5] /glade/scratch/theurich/ESMF-Nightly-Testing/nvhpc_21.11_openmpi_g_develop/esmf/DEFAULTINSTALLDIR/lib/libg/Linux.nvhpc.64.openmpi.default/libesmf.so(esmf_gridutilmod_esmf_gridtomesh_+0x52d)[0x2ba2eb48efad]
[r10i5n21:55740] [ 6] /glade/scratch/theurich/ESMF-Nightly-Testing/nvhpc_21.11_openmpi_g_develop/esmf/DEFAULTINSTALLDIR/lib/libg/Linux.nvhpc.64.openmpi.default/libesmf.so(esmf_gridutilmod_esmf_gridtomesh_+0x52d)[0x2b8e53b81fad]
[r10i5n21:55742] [ 6] /glade/scratch/theurich/ESMF-Nightly-Testing/nvhpc_21.11_openmpi_g_develop/esmf/DEFAULTINSTALLDIR/lib/libg/Linux.nvhpc.64.openmpi.default/libesmf.so(esmf_gridutilmod_esmf_gridtomesh_+0x52d)[0x2af6d3b01fad]
[r10i5n21:55741] [ 6] /glade/scratch/theurich/ESMF-Nightly-Testing/nvhpc_21.11_openmpi_g_develop/esmf/DEFAULTINSTALLDIR/lib/libg/Linux.nvhpc.64.openmpi.default/libesmf.so(esmf_gridutilmod_esmf_gridtomesh_+0x52d)[0x2b52b401afad]
[r10i5n21:55739] [ 6] /glade/scratch/theurich/ESMF-Nightly-Testing/nvhpc_21.11_openmpi_g_develop/esmf/DEFAULTINSTALLDIR/lib/libg/Linux.nvhpc.64.openmpi.default/libesmf.so(esmf_fieldregridmod_b_or_p_gridtomesh_+0x5a8)[0x2ba2eb34e4a8]
[r10i5n21:55740] [ 7] /glade/scratch/theurich/ESMF-Nightly-Testing/nvhpc_21.11_openmpi_g_develop/esmf/DEFAULTINSTALLDIR/lib/libg/Linux.nvhpc.64.openmpi.default/libesmf.so(esmf_fieldregridmod_b_or_p_gridtomesh_+0x5a8)[0x2b8e53a414a8]
[r10i5n21:55742] [ 7] /glade/scratch/theurich/ESMF-Nightly-Testing/nvhpc_21.11_openmpi_g_develop/esmf/DEFAULTINSTALLDIR/lib/libg/Linux.nvhpc.64.openmpi.default/libesmf.so(esmf_fieldregridmod_b_or_p_gridtomesh_+0x5a8)[0x2af6d39c14a8]
[r10i5n21:55741] [ 7] /glade/scratch/theurich/ESMF-Nightly-Testing/nvhpc_21.11_openmpi_g_develop/esmf/DEFAULTINSTALLDIR/lib/libg/Linux.nvhpc.64.openmpi.default/libesmf.so(esmf_fieldregridmod_b_or_p_gridtomesh_+0x5a8)[0x2b52b3eda4a8]
[r10i5n21:55739] [ 7] /glade/scratch/theurich/ESMF-Nightly-Testing/nvhpc_21.11_openmpi_g_develop/esmf/DEFAULTINSTALLDIR/lib/libg/Linux.nvhpc.64.openmpi.default/libesmf.so(esmf_fieldregridmod_getmeshwithnodesonfieldloc_+0x574)[0x2ba2eb3498f4]
[r10i5n21:55740] [ 8] /glade/scratch/theurich/ESMF-Nightly-Testing/nvhpc_21.11_openmpi_g_develop/esmf/DEFAULTINSTALLDIR/lib/libg/Linux.nvhpc.64.openmpi.default/libesmf.so(esmf_fieldregridmod_getmeshwithnodesonfieldloc_+0x574)[0x2b8e53a3c8f4]
[r10i5n21:55742] [ 8] /glade/scratch/theurich/ESMF-Nightly-Testing/nvhpc_21.11_openmpi_g_develop/esmf/DEFAULTINSTALLDIR/lib/libg/Linux.nvhpc.64.openmpi.default/libesmf.so(esmf_fieldregridmod_getmeshwithnodesonfieldloc_+0x574)[0x2af6d39bc8f4]
[r10i5n21:55741] [ 8] /glade/scratch/theurich/ESMF-Nightly-Testing/nvhpc_21.11_openmpi_g_develop/esmf/DEFAULTINSTALLDIR/lib/libg/Linux.nvhpc.64.openmpi.default/libesmf.so(esmf_fieldregridmod_getmeshwithnodesonfieldloc_+0x574)[0x2b52b3ed58f4]
[r10i5n21:55739] [ 8] /glade/scratch/theurich/ESMF-Nightly-Testing/nvhpc_21.11_openmpi_g_develop/esmf/DEFAULTINSTALLDIR/lib/libg/Linux.nvhpc.64.openmpi.default/libesmf.so(esmf_fieldregridmod_esmf_fieldregridstorenx_+0xf8c)[0x2ba2eb3473cc]
[r10i5n21:55740] [ 9] /glade/scratch/theurich/ESMF-Nightly-Testing/nvhpc_21.11_openmpi_g_develop/esmf/DEFAULTINSTALLDIR/lib/libg/Linux.nvhpc.64.openmpi.default/libesmf.so(esmf_fieldregridmod_esmf_fieldregridstorenx_+0xf8c)[0x2b8e53a3a3cc]
[r10i5n21:55742] [ 9] /glade/scratch/theurich/ESMF-Nightly-Testing/nvhpc_21.11_openmpi_g_develop/esmf/DEFAULTINSTALLDIR/lib/libg/Linux.nvhpc.64.openmpi.default/libesmf.so(esmf_fieldregridmod_esmf_fieldregridstorenx_+0xf8c)[0x2b52b3ed33cc]
[r10i5n21:55739] [ 9] /glade/scratch/theurich/ESMF-Nightly-Testing/nvhpc_21.11_openmpi_g_develop/esmf/DEFAULTINSTALLDIR/lib/libg/Linux.nvhpc.64.openmpi.default/libesmf.so(esmf_fieldregridmod_esmf_fieldregridstorenx_+0xf8c)[0x2af6d39ba3cc]
[r10i5n21:55741] [ 9] /glade/scratch/theurich/ESMF-Nightly-Testing/nvhpc_21.11_openmpi_g_develop/esmf/DEFAULTINSTALLDIR/lib/libg/Linux.nvhpc.64.openmpi.default/libesmf.so(esmf_fieldbundlemod_esmf_fieldbundleregridstorepair_+0x42d1)[0x2ba2eb172511]
[r10i5n21:55740] [10] /glade/scratch/theurich/ESMF-Nightly-Testing/nvhpc_21.11_openmpi_g_develop/esmf/DEFAULTINSTALLDIR/lib/libg/Linux.nvhpc.64.openmpi.default/libesmf.so(esmf_fieldbundlemod_esmf_fieldbundleregridstorepair_+0x42d1)[0x2b8e53865511]
[r10i5n21:55742] [10] /glade/scratch/theurich/ESMF-Nightly-Testing/nvhpc_21.11_openmpi_g_develop/esmf/DEFAULTINSTALLDIR/lib/libg/Linux.nvhpc.64.openmpi.default/libesmf.so(esmf_fieldbundlemod_esmf_fieldbundleregridstorepair_+0x42d1)[0x2af6d37e5511]
[r10i5n21:55741] [10] /glade/scratch/theurich/ESMF-Nightly-Testing/nvhpc_21.11_openmpi_g_develop/esmf/DEFAULTINSTALLDIR/lib/libg/Linux.nvhpc.64.openmpi.default/libesmf.so(esmf_fieldbundlemod_esmf_fieldbundleregridstorepair_+0x42d1)[0x2b52b3cfe511]
[r10i5n21:55739] [10] /glade/scratch/theurich/ESMF-Nightly-Testing/nvhpc_21.11_openmpi_g_develop/esmf/DEFAULTINSTALLDIR/lib/libg/Linux.nvhpc.64.openmpi.default/libesmf.so(nuopc_connector_fieldbundlecplstore_+0xdcd0)[0x2ba2ebaa2f90]
[r10i5n21:55740] [11] /glade/scratch/theurich/ESMF-Nightly-Testing/nvhpc_21.11_openmpi_g_develop/esmf/DEFAULTINSTALLDIR/lib/libg/Linux.nvhpc.64.openmpi.default/libesmf.so(nuopc_connector_fieldbundlecplstore_+0xdcd0)[0x2b8e54195f90]
[r10i5n21:55742] [11] /glade/scratch/theurich/ESMF-Nightly-Testing/nvhpc_21.11_openmpi_g_develop/esmf/DEFAULTINSTALLDIR/lib/libg/Linux.nvhpc.64.openmpi.default/libesmf.so(nuopc_connector_fieldbundlecplstore_+0xdcd0)[0x2b52b462ef90]
[r10i5n21:55739] [11] /glade/scratch/theurich/ESMF-Nightly-Testing/nvhpc_21.11_openmpi_g_develop/esmf/DEFAULTINSTALLDIR/lib/libg/Linux.nvhpc.64.openmpi.default/libesmf.so(nuopc_connector_fieldbundlecplstore_+0xdcd0)[0x2af6d4115f90]
[r10i5n21:55741] [11] /glade/scratch/theurich/ESMF-Nightly-Testing/nvhpc_21.11_openmpi_g_develop/esmf/DEFAULTINSTALLDIR/lib/libg/Linux.nvhpc.64.openmpi.default/libesmf.so(nuopc_connector_initializeipdv05p6b_+0x7a59)[0x2ba2eba81399]
[r10i5n21:55740] [12] /glade/scratch/theurich/ESMF-Nightly-Testing/nvhpc_21.11_openmpi_g_develop/esmf/DEFAULTINSTALLDIR/lib/libg/Linux.nvhpc.64.openmpi.default/libesmf.so(nuopc_connector_initializeipdv05p6b_+0x7a59)[0x2b8e54174399]
[r10i5n21:55742] [12] /glade/scratch/theurich/ESMF-Nightly-Testing/nvhpc_21.11_openmpi_g_develop/esmf/DEFAULTINSTALLDIR/lib/libg/Linux.nvhpc.64.openmpi.default/libesmf.so(nuopc_connector_initializeipdv05p6b_+0x7a59)[0x2b52b460d399]
[r10i5n21:55739] [12] /glade/scratch/theurich/ESMF-Nightly-Testing/nvhpc_21.11_openmpi_g_develop/esmf/DEFAULTINSTALLDIR/lib/libg/Linux.nvhpc.64.openmpi.default/libesmf.so(nuopc_connector_initializeipdv05p6b_+0x7a59)[0x2af6d40f4399]
[r10i5n21:55741] [12] /glade/scratch/theurich/ESMF-Nightly-Testing/nvhpc_21.11_openmpi_g_develop/esmf/DEFAULTINSTALLDIR/lib/libg/Linux.nvhpc.64.openmpi.default/libesmf.so(_ZN5ESMCI6FTable12callVFuncPtrEPKcPNS_2VMEPi+0xc3c)[0x2ba2ea52167c]
[r10i5n21:55740] [13] /glade/scratch/theurich/ESMF-Nightly-Testing/nvhpc_21.11_openmpi_g_develop/esmf/DEFAULTINSTALLDIR/lib/libg/Linux.nvhpc.64.openmpi.default/libesmf.so(_ZN5ESMCI6FTable12callVFuncPtrEPKcPNS_2VMEPi+0xc3c)[0x2b8e52c1467c]
[r10i5n21:55742] [13] /glade/scratch/theurich/ESMF-Nightly-Testing/nvhpc_21.11_openmpi_g_develop/esmf/DEFAULTINSTALLDIR/lib/libg/Linux.nvhpc.64.openmpi.default/libesmf.so(_ZN5ESMCI6FTable12callVFuncPtrEPKcPNS_2VMEPi+0xc3c)[0x2af6d2b9467c]
[r10i5n21:55741] [13] /glade/scratch/theurich/ESMF-Nightly-Testing/nvhpc_21.11_openmpi_g_develop/esmf/DEFAULTINSTALLDIR/lib/libg/Linux.nvhpc.64.openmpi.default/libesmf.so(_ZN5ESMCI6FTable12callVFuncPtrEPKcPNS_2VMEPi+0xc3c)[0x2b52b30ad67c]
[r10i5n21:55739] [13] /glade/scratch/theurich/ESMF-Nightly-Testing/nvhpc_21.11_openmpi_g_develop/esmf/DEFAULTINSTALLDIR/lib/libg/Linux.nvhpc.64.openmpi.default/libesmf.so(ESMCI_FTableCallEntryPointVMHop+0x293)[0x2ba2ea51cc93]
[r10i5n21:55740] [14] /glade/scratch/theurich/ESMF-Nightly-Testing/nvhpc_21.11_openmpi_g_develop/esmf/DEFAULTINSTALLDIR/lib/libg/Linux.nvhpc.64.openmpi.default/libesmf.so(ESMCI_FTableCallEntryPointVMHop+0x293)[0x2b8e52c0fc93]
[r10i5n21:55742] [14] /glade/scratch/theurich/ESMF-Nightly-Testing/nvhpc_21.11_openmpi_g_develop/esmf/DEFAULTINSTALLDIR/lib/libg/Linux.nvhpc.64.openmpi.default/libesmf.so(ESMCI_FTableCallEntryPointVMHop+0x293)[0x2af6d2b8fc93]
[r10i5n21:55741] [14] /glade/scratch/theurich/ESMF-Nightly-Testing/nvhpc_21.11_openmpi_g_develop/esmf/DEFAULTINSTALLDIR/lib/libg/Linux.nvhpc.64.openmpi.default/libesmf.so(ESMCI_FTableCallEntryPointVMHop+0x293)[0x2b52b30a8c93]
[r10i5n21:55739] [14] /glade/scratch/theurich/ESMF-Nightly-Testing/nvhpc_21.11_openmpi_g_develop/esmf/DEFAULTINSTALLDIR/lib/libg/Linux.nvhpc.64.openmpi.default/libesmf.so(_ZN5ESMCI3VMK5enterEPNS_7VMKPlanEPvS3_+0xbb)[0x2ba2ead8233b]
[r10i5n21:55740] [15] /glade/scratch/theurich/ESMF-Nightly-Testing/nvhpc_21.11_openmpi_g_develop/esmf/DEFAULTINSTALLDIR/lib/libg/Linux.nvhpc.64.openmpi.default/libesmf.so(_ZN5ESMCI3VMK5enterEPNS_7VMKPlanEPvS3_+0xbb)[0x2b8e5347533b]
[r10i5n21:55742] [15] /glade/scratch/theurich/ESMF-Nightly-Testing/nvhpc_21.11_openmpi_g_develop/esmf/DEFAULTINSTALLDIR/lib/libg/Linux.nvhpc.64.openmpi.default/libesmf.so(_ZN5ESMCI3VMK5enterEPNS_7VMKPlanEPvS3_+0xbb)[0x2b52b390e33b]
[r10i5n21:55739] [15] /glade/scratch/theurich/ESMF-Nightly-Testing/nvhpc_21.11_openmpi_g_develop/esmf/DEFAULTINSTALLDIR/lib/libg/Linux.nvhpc.64.openmpi.default/libesmf.so(_ZN5ESMCI3VMK5enterEPNS_7VMKPlanEPvS3_+0xbb)[0x2af6d33f533b]
[r10i5n21:55741] [15] /glade/scratch/theurich/ESMF-Nightly-Testing/nvhpc_21.11_openmpi_g_develop/esmf/DEFAULTINSTALLDIR/lib/libg/Linux.nvhpc.64.openmpi.default/libesmf.so(_ZN5ESMCI2VM5enterEPNS_6VMPlanEPvS3_+0xbe)[0x2ba2eadababe]
[r10i5n21:55740] [16] /glade/scratch/theurich/ESMF-Nightly-Testing/nvhpc_21.11_openmpi_g_develop/esmf/DEFAULTINSTALLDIR/lib/libg/Linux.nvhpc.64.openmpi.default/libesmf.so(_ZN5ESMCI2VM5enterEPNS_6VMPlanEPvS3_+0xbe)[0x2b8e5349eabe]
[r10i5n21:55742] [16] /glade/scratch/theurich/ESMF-Nightly-Testing/nvhpc_21.11_openmpi_g_develop/esmf/DEFAULTINSTALLDIR/lib/libg/Linux.nvhpc.64.openmpi.default/libesmf.so(_ZN5ESMCI2VM5enterEPNS_6VMPlanEPvS3_+0xbe)[0x2af6d341eabe]
[r10i5n21:55741] [16] /glade/scratch/theurich/ESMF-Nightly-Testing/nvhpc_21.11_openmpi_g_develop/esmf/DEFAULTINSTALLDIR/lib/libg/Linux.nvhpc.64.openmpi.default/libesmf.so(_ZN5ESMCI2VM5enterEPNS_6VMPlanEPvS3_+0xbe)[0x2b52b3937abe]
[r10i5n21:55739] [16] /glade/scratch/theurich/ESMF-Nightly-Testing/nvhpc_21.11_openmpi_g_develop/esmf/DEFAULTINSTALLDIR/lib/libg/Linux.nvhpc.64.openmpi.default/libesmf.so(c_esmc_ftablecallentrypointvm_+0x393)[0x2ba2ea51d153]
[r10i5n21:55740] [17] /glade/scratch/theurich/ESMF-Nightly-Testing/nvhpc_21.11_openmpi_g_develop/esmf/DEFAULTINSTALLDIR/lib/libg/Linux.nvhpc.64.openmpi.default/libesmf.so(c_esmc_ftablecallentrypointvm_+0x393)[0x2b8e52c10153]
[r10i5n21:55742] [17] /glade/scratch/theurich/ESMF-Nightly-Testing/nvhpc_21.11_openmpi_g_develop/esmf/DEFAULTINSTALLDIR/lib/libg/Linux.nvhpc.64.openmpi.default/libesmf.so(c_esmc_ftablecallentrypointvm_+0x393)[0x2af6d2b90153]
[r10i5n21:55741] [17] /glade/scratch/theurich/ESMF-Nightly-Testing/nvhpc_21.11_openmpi_g_develop/esmf/DEFAULTINSTALLDIR/lib/libg/Linux.nvhpc.64.openmpi.default/libesmf.so(c_esmc_ftablecallentrypointvm_+0x393)[0x2b52b30a9153]
[r10i5n21:55739] [17] /glade/scratch/theurich/ESMF-Nightly-Testing/nvhpc_21.11_openmpi_g_develop/esmf/DEFAULTINSTALLDIR/lib/libg/Linux.nvhpc.64.openmpi.default/libesmf.so(esmf_compmod_esmf_compexecute_+0xab0)[0x2ba2eb0cc6b0]
[r10i5n21:55740] [18] /glade/scratch/theurich/ESMF-Nightly-Testing/nvhpc_21.11_openmpi_g_develop/esmf/DEFAULTINSTALLDIR/lib/libg/Linux.nvhpc.64.openmpi.default/libesmf.so(esmf_compmod_esmf_compexecute_+0xab0)[0x2b8e537bf6b0]
[r10i5n21:55742] [18] /glade/scratch/theurich/ESMF-Nightly-Testing/nvhpc_21.11_openmpi_g_develop/esmf/DEFAULTINSTALLDIR/lib/libg/Linux.nvhpc.64.openmpi.default/libesmf.so(esmf_compmod_esmf_compexecute_+0xab0)[0x2af6d373f6b0]
[r10i5n21:55741] [18] /glade/scratch/theurich/ESMF-Nightly-Testing/nvhpc_21.11_openmpi_g_develop/esmf/DEFAULTINSTALLDIR/lib/libg/Linux.nvhpc.64.openmpi.default/libesmf.so(esmf_compmod_esmf_compexecute_+0xab0)[0x2b52b3c586b0]
[r10i5n21:55739] [18] /glade/scratch/theurich/ESMF-Nightly-Testing/nvhpc_21.11_openmpi_g_develop/esmf/DEFAULTINSTALLDIR/lib/libg/Linux.nvhpc.64.openmpi.default/libesmf.so(esmf_cplcompmod_esmf_cplcompinitialize_+0x1de)[0x2ba2eb0e80de]
[r10i5n21:55740] [19] /glade/scratch/theurich/ESMF-Nightly-Testing/nvhpc_21.11_openmpi_g_develop/esmf/DEFAULTINSTALLDIR/lib/libg/Linux.nvhpc.64.openmpi.default/libesmf.so(esmf_cplcompmod_esmf_cplcompinitialize_+0x1de)[0x2b8e537db0de]
[r10i5n21:55742] [19] /glade/scratch/theurich/ESMF-Nightly-Testing/nvhpc_21.11_openmpi_g_develop/esmf/DEFAULTINSTALLDIR/lib/libg/Linux.nvhpc.64.openmpi.default/libesmf.so(esmf_cplcompmod_esmf_cplcompinitialize_+0x1de)[0x2af6d375b0de]
[r10i5n21:55741] [19] /glade/scratch/theurich/ESMF-Nightly-Testing/nvhpc_21.11_openmpi_g_develop/esmf/DEFAULTINSTALLDIR/lib/libg/Linux.nvhpc.64.openmpi.default/libesmf.so(esmf_cplcompmod_esmf_cplcompinitialize_+0x1de)[0x2b52b3c740de]
[r10i5n21:55739] [19] /glade/scratch/theurich/ESMF-Nightly-Testing/nvhpc_21.11_openmpi_g_develop/esmf/DEFAULTINSTALLDIR/lib/libg/Linux.nvhpc.64.openmpi.default/libesmf.so(nuopc_driver_loopconnectorcompss_+0x1663)[0x2ba2ebad5763]
[r10i5n21:55740] [20] /glade/scratch/theurich/ESMF-Nightly-Testing/nvhpc_21.11_openmpi_g_develop/esmf/DEFAULTINSTALLDIR/lib/libg/Linux.nvhpc.64.openmpi.default/libesmf.so(nuopc_driver_loopconnectorcompss_+0x1663)[0x2b8e541c8763]
[r10i5n21:55742] [20] /glade/scratch/theurich/ESMF-Nightly-Testing/nvhpc_21.11_openmpi_g_develop/esmf/DEFAULTINSTALLDIR/lib/libg/Linux.nvhpc.64.openmpi.default/libesmf.so(nuopc_driver_loopconnectorcompss_+0x1663)[0x2b52b4661763]
[r10i5n21:55739] [20] /glade/scratch/theurich/ESMF-Nightly-Testing/nvhpc_21.11_openmpi_g_develop/esmf/DEFAULTINSTALLDIR/lib/libg/Linux.nvhpc.64.openmpi.default/libesmf.so(nuopc_driver_loopconnectorcompss_+0x1663)[0x2af6d4148763]
[r10i5n21:55741] [20] /glade/scratch/theurich/ESMF-Nightly-Testing/nvhpc_21.11_openmpi_g_develop/esmf/DEFAULTINSTALLDIR/lib/libg/Linux.nvhpc.64.openmpi.default/libesmf.so(nuopc_driver_initializeipdv02p3_+0x523a)[0x2ba2ebac813a]
[r10i5n21:55740] [21] /glade/scratch/theurich/ESMF-Nightly-Testing/nvhpc_21.11_openmpi_g_develop/esmf/DEFAULTINSTALLDIR/lib/libg/Linux.nvhpc.64.openmpi.default/libesmf.so(nuopc_driver_initializeipdv02p3_+0x523a)[0x2b8e541bb13a]
[r10i5n21:55742] [21] /glade/scratch/theurich/ESMF-Nightly-Testing/nvhpc_21.11_openmpi_g_develop/esmf/DEFAULTINSTALLDIR/lib/libg/Linux.nvhpc.64.openmpi.default/libesmf.so(nuopc_driver_initializeipdv02p3_+0x523a)[0x2b52b465413a]
[r10i5n21:55739] [21] /glade/scratch/theurich/ESMF-Nightly-Testing/nvhpc_21.11_openmpi_g_develop/esmf/DEFAULTINSTALLDIR/lib/libg/Linux.nvhpc.64.openmpi.default/libesmf.so(nuopc_driver_initializeipdv02p3_+0x523a)[0x2af6d413b13a]
[r10i5n21:55741] [21] /glade/scratch/theurich/ESMF-Nightly-Testing/nvhpc_21.11_openmpi_g_develop/esmf/DEFAULTINSTALLDIR/lib/libg/Linux.nvhpc.64.openmpi.default/libesmf.so(nuopc_driver_initializegeneric_+0xd60)[0x2ba2ebaab320]
[r10i5n21:55740] [22] /glade/scratch/theurich/ESMF-Nightly-Testing/nvhpc_21.11_openmpi_g_develop/esmf/DEFAULTINSTALLDIR/lib/libg/Linux.nvhpc.64.openmpi.default/libesmf.so(nuopc_driver_initializegeneric_+0xd60)[0x2b8e5419e320]
[r10i5n21:55742] [22] /glade/scratch/theurich/ESMF-Nightly-Testing/nvhpc_21.11_openmpi_g_develop/esmf/DEFAULTINSTALLDIR/lib/libg/Linux.nvhpc.64.openmpi.default/libesmf.so(nuopc_driver_initializegeneric_+0xd60)[0x2b52b4637320]
[r10i5n21:55739] [22] /glade/scratch/theurich/ESMF-Nightly-Testing/nvhpc_21.11_openmpi_g_develop/esmf/DEFAULTINSTALLDIR/lib/libg/Linux.nvhpc.64.openmpi.default/libesmf.so(nuopc_driver_initializegeneric_+0xd60)[0x2af6d411e320]
[r10i5n21:55741] [22] /glade/scratch/theurich/ESMF-Nightly-Testing/nvhpc_21.11_openmpi_g_develop/esmf/DEFAULTINSTALLDIR/lib/libg/Linux.nvhpc.64.openmpi.default/libesmf.so(_ZN5ESMCI6FTable12callVFuncPtrEPKcPNS_2VMEPi+0xc3c)[0x2ba2ea52167c]
[r10i5n21:55740] [23] /glade/scratch/theurich/ESMF-Nightly-Testing/nvhpc_21.11_openmpi_g_develop/esmf/DEFAULTINSTALLDIR/lib/libg/Linux.nvhpc.64.openmpi.default/libesmf.so(_ZN5ESMCI6FTable12callVFuncPtrEPKcPNS_2VMEPi+0xc3c)[0x2b8e52c1467c]
[r10i5n21:55742] [23] /glade/scratch/theurich/ESMF-Nightly-Testing/nvhpc_21.11_openmpi_g_develop/esmf/DEFAULTINSTALLDIR/lib/libg/Linux.nvhpc.64.openmpi.default/libesmf.so(_ZN5ESMCI6FTable12callVFuncPtrEPKcPNS_2VMEPi+0xc3c)[0x2b52b30ad67c]
[r10i5n21:55739] [23] /glade/scratch/theurich/ESMF-Nightly-Testing/nvhpc_21.11_openmpi_g_develop/esmf/DEFAULTINSTALLDIR/lib/libg/Linux.nvhpc.64.openmpi.default/libesmf.so(_ZN5ESMCI6FTable12callVFuncPtrEPKcPNS_2VMEPi+0xc3c)[0x2af6d2b9467c]
[r10i5n21:55741] [23] /glade/scratch/theurich/ESMF-Nightly-Testing/nvhpc_21.11_openmpi_g_develop/esmf/DEFAULTINSTALLDIR/lib/libg/Linux.nvhpc.64.openmpi.default/libesmf.so(ESMCI_FTableCallEntryPointVMHop+0x293)[0x2ba2ea51cc93]
[r10i5n21:55740] [24] /glade/scratch/theurich/ESMF-Nightly-Testing/nvhpc_21.11_openmpi_g_develop/esmf/DEFAULTINSTALLDIR/lib/libg/Linux.nvhpc.64.openmpi.default/libesmf.so(ESMCI_FTableCallEntryPointVMHop+0x293)[0x2b8e52c0fc93]
[r10i5n21:55742] [24] /glade/scratch/theurich/ESMF-Nightly-Testing/nvhpc_21.11_openmpi_g_develop/esmf/DEFAULTINSTALLDIR/lib/libg/Linux.nvhpc.64.openmpi.default/libesmf.so(ESMCI_FTableCallEntryPointVMHop+0x293)[0x2af6d2b8fc93]
[r10i5n21:55741] [24] /glade/scratch/theurich/ESMF-Nightly-Testing/nvhpc_21.11_openmpi_g_develop/esmf/DEFAULTINSTALLDIR/lib/libg/Linux.nvhpc.64.openmpi.default/libesmf.so(ESMCI_FTableCallEntryPointVMHop+0x293)[0x2b52b30a8c93]
[r10i5n21:55739] [24] /glade/scratch/theurich/ESMF-Nightly-Testing/nvhpc_21.11_openmpi_g_develop/esmf/DEFAULTINSTALLDIR/lib/libg/Linux.nvhpc.64.openmpi.default/libesmf.so(_ZN5ESMCI3VMK5enterEPNS_7VMKPlanEPvS3_+0xbb)[0x2ba2ead8233b]
[r10i5n21:55740] [25] /glade/scratch/theurich/ESMF-Nightly-Testing/nvhpc_21.11_openmpi_g_develop/esmf/DEFAULTINSTALLDIR/lib/libg/Linux.nvhpc.64.openmpi.default/libesmf.so(_ZN5ESMCI3VMK5enterEPNS_7VMKPlanEPvS3_+0xbb)[0x2b8e5347533b]
[r10i5n21:55742] [25] /glade/scratch/theurich/ESMF-Nightly-Testing/nvhpc_21.11_openmpi_g_develop/esmf/DEFAULTINSTALLDIR/lib/libg/Linux.nvhpc.64.openmpi.default/libesmf.so(_ZN5ESMCI3VMK5enterEPNS_7VMKPlanEPvS3_+0xbb)[0x2b52b390e33b]
[r10i5n21:55739] [25] /glade/scratch/theurich/ESMF-Nightly-Testing/nvhpc_21.11_openmpi_g_develop/esmf/DEFAULTINSTALLDIR/lib/libg/Linux.nvhpc.64.openmpi.default/libesmf.so(_ZN5ESMCI3VMK5enterEPNS_7VMKPlanEPvS3_+0xbb)[0x2af6d33f533b]
[r10i5n21:55741] [25] /glade/scratch/theurich/ESMF-Nightly-Testing/nvhpc_21.11_openmpi_g_develop/esmf/DEFAULTINSTALLDIR/lib/libg/Linux.nvhpc.64.openmpi.default/libesmf.so(_ZN5ESMCI2VM5enterEPNS_6VMPlanEPvS3_+0xbe)[0x2ba2eadababe]
[r10i5n21:55740] [26] /glade/scratch/theurich/ESMF-Nightly-Testing/nvhpc_21.11_openmpi_g_develop/esmf/DEFAULTINSTALLDIR/lib/libg/Linux.nvhpc.64.openmpi.default/libesmf.so(_ZN5ESMCI2VM5enterEPNS_6VMPlanEPvS3_+0xbe)[0x2b8e5349eabe]
[r10i5n21:55742] [26] /glade/scratch/theurich/ESMF-Nightly-Testing/nvhpc_21.11_openmpi_g_develop/esmf/DEFAULTINSTALLDIR/lib/libg/Linux.nvhpc.64.openmpi.default/libesmf.so(_ZN5ESMCI2VM5enterEPNS_6VMPlanEPvS3_+0xbe)[0x2af6d341eabe]
[r10i5n21:55741] [26] /glade/scratch/theurich/ESMF-Nightly-Testing/nvhpc_21.11_openmpi_g_develop/esmf/DEFAULTINSTALLDIR/lib/libg/Linux.nvhpc.64.openmpi.default/libesmf.so(_ZN5ESMCI2VM5enterEPNS_6VMPlanEPvS3_+0xbe)[0x2b52b3937abe]
[r10i5n21:55739] [26] /glade/scratch/theurich/ESMF-Nightly-Testing/nvhpc_21.11_openmpi_g_develop/esmf/DEFAULTINSTALLDIR/lib/libg/Linux.nvhpc.64.openmpi.default/libesmf.so(c_esmc_ftablecallentrypointvm_+0x393)[0x2ba2ea51d153]
[r10i5n21:55740] [27] /glade/scratch/theurich/ESMF-Nightly-Testing/nvhpc_21.11_openmpi_g_develop/esmf/DEFAULTINSTALLDIR/lib/libg/Linux.nvhpc.64.openmpi.default/libesmf.so(c_esmc_ftablecallentrypointvm_+0x393)[0x2b8e52c10153]
[r10i5n21:55742] [27] /glade/scratch/theurich/ESMF-Nightly-Testing/nvhpc_21.11_openmpi_g_develop/esmf/DEFAULTINSTALLDIR/lib/libg/Linux.nvhpc.64.openmpi.default/libesmf.so(c_esmc_ftablecallentrypointvm_+0x393)[0x2b52b30a9153]
[r10i5n21:55739] [27] /glade/scratch/theurich/ESMF-Nightly-Testing/nvhpc_21.11_openmpi_g_develop/esmf/DEFAULTINSTALLDIR/lib/libg/Linux.nvhpc.64.openmpi.default/libesmf.so(c_esmc_ftablecallentrypointvm_+0x393)[0x2af6d2b90153]
[r10i5n21:55741] [27] /glade/scratch/theurich/ESMF-Nightly-Testing/nvhpc_21.11_openmpi_g_develop/esmf/DEFAULTINSTALLDIR/lib/libg/Linux.nvhpc.64.openmpi.default/libesmf.so(esmf_compmod_esmf_compexecute_+0xab0)[0x2ba2eb0cc6b0]
[r10i5n21:55740] [28] /glade/scratch/theurich/ESMF-Nightly-Testing/nvhpc_21.11_openmpi_g_develop/esmf/DEFAULTINSTALLDIR/lib/libg/Linux.nvhpc.64.openmpi.default/libesmf.so(esmf_compmod_esmf_compexecute_+0xab0)[0x2b8e537bf6b0]
[r10i5n21:55742] [28] /glade/scratch/theurich/ESMF-Nightly-Testing/nvhpc_21.11_openmpi_g_develop/esmf/DEFAULTINSTALLDIR/lib/libg/Linux.nvhpc.64.openmpi.default/libesmf.so(esmf_compmod_esmf_compexecute_+0xab0)[0x2af6d373f6b0]
[r10i5n21:55741] [28] /glade/scratch/theurich/ESMF-Nightly-Testing/nvhpc_21.11_openmpi_g_develop/esmf/DEFAULTINSTALLDIR/lib/libg/Linux.nvhpc.64.openmpi.default/libesmf.so(esmf_compmod_esmf_compexecute_+0xab0)[0x2b52b3c586b0]
[r10i5n21:55739] [28] /glade/scratch/theurich/ESMF-Nightly-Testing/nvhpc_21.11_openmpi_g_develop/esmf/DEFAULTINSTALLDIR/lib/libg/Linux.nvhpc.64.openmpi.default/libesmf.so(esmf_gridcompmod_esmf_gridcompinitialize_+0x1de)[0x2ba2eb3ada1e]
[r10i5n21:55740] [29] ./mainApp[0x40759f]
[r10i5n21:55740] *** End of error message ***
/glade/scratch/theurich/ESMF-Nightly-Testing/nvhpc_21.11_openmpi_g_develop/esmf/DEFAULTINSTALLDIR/lib/libg/Linux.nvhpc.64.openmpi.default/libesmf.so(esmf_gridcompmod_esmf_gridcompinitialize_+0x1de)[0x2b8e53aa0a1e]
[r10i5n21:55742] [29] ./mainApp[0x40759f]
[r10i5n21:55742] *** End of error message ***
/glade/scratch/theurich/ESMF-Nightly-Testing/nvhpc_21.11_openmpi_g_develop/esmf/DEFAULTINSTALLDIR/lib/libg/Linux.nvhpc.64.openmpi.default/libesmf.so(esmf_gridcompmod_esmf_gridcompinitialize_+0x1de)[0x2b52b3f39a1e]
[r10i5n21:55739] [29] ./mainApp[0x40759f]
[r10i5n21:55739] *** End of error message ***
/glade/scratch/theurich/ESMF-Nightly-Testing/nvhpc_21.11_openmpi_g_develop/esmf/DEFAULTINSTALLDIR/lib/libg/Linux.nvhpc.64.openmpi.default/libesmf.so(esmf_gridcompmod_esmf_gridcompinitialize_+0x1de)[0x2af6d3a20a1e]
[r10i5n21:55741] [29] ./mainApp[0x40759f]
[r10i5n21:55741] *** End of error message ***
--------------------------------------------------------------------------
Primary job  terminated normally, but 1 process returned
a non-zero exit code. Per user-direction, the job has been aborted.
--------------------------------------------------------------------------
--------------------------------------------------------------------------
mpirun noticed that process rank 3 with PID 0 on node r10i5n21 exited on signal 11 (Segmentation fault).
--------------------------------------------------------------------------
