2023-03-08 05:11:23
20230308 063711.802 INFO             PET0 !!!!!!!!!!!!!!!!!!!!!!!!!!!!!!!!!!!!!!!!!!!!!!!!!!!!!!
20230308 063711.802 INFO             PET0 !!! THE ESMF_LOG IS SET TO OUTPUT ALL LOG MESSAGES !!!
20230308 063711.802 INFO             PET0 !!!     THIS MAY CAUSE SLOWDOWN IN PERFORMANCE     !!!
20230308 063711.802 INFO             PET0 !!! FOR PRODUCTION RUNS, USE:                      !!!
20230308 063711.802 INFO             PET0 !!!                   ESMF_LOGKIND_Multi_On_Error  !!!
20230308 063711.802 INFO             PET0 !!!!!!!!!!!!!!!!!!!!!!!!!!!!!!!!!!!!!!!!!!!!!!!!!!!!!!
20230308 063711.802 INFO             PET0 Running with ESMF Version   : v8.5.0b18
20230308 063711.802 INFO             PET0 ESMF library build date/time: "Mar  8 2023" "05:08:05"
20230308 063711.802 INFO             PET0 ESMF library build location : /glade/scratch/theurich/ESMF-Nightly-Testing/nvhpc_21.11_openmpi_g_develop/esmf
20230308 063711.802 INFO             PET0 ESMF_COMM                   : openmpi
20230308 063711.802 INFO             PET0 ESMF_MOAB                   : enabled
20230308 063711.802 INFO             PET0 ESMF_LAPACK                 : enabled
20230308 063711.802 INFO             PET0 ESMF_NETCDF                 : enabled
20230308 063711.802 INFO             PET0 ESMF_PNETCDF                : disabled
20230308 063711.802 INFO             PET0 ESMF_PIO                    : enabled
20230308 063711.802 INFO             PET0 ESMF_YAMLCPP                : enabled
20230308 063711.804 INFO             PET0 mainApp STARTING
20230308 063711.810 INFO             PET0 driver: InitializeGeneric intro.
20230308 063711.810 INFO             PET0   driver: InitializeP0 intro.
20230308 063711.810 INFO             PET0   driver: InitializeP0 extro.
20230308 063711.810 INFO             PET0   driver: InitializeIPDv02p1 intro.
20230308 063711.811 INFO             PET0     >>>driver: entered Initialize (phase=<none>) without valid internal Clock.
20230308 063711.811 INFO             PET0     driver - Creating model component MODEL without petList.
20230308 063711.815 INFO             PET0      GridCompIsPetLocal:   T
20230308 063711.815 INFO             PET0      VmIsCreated:   T
20230308 063711.815 INFO             PET0      valid MPI_COMM with size=            4
20230308 063711.816 INFO             PET0     driver - Creating state: modelComp 1 Import State
20230308 063711.816 INFO             PET0     driver - Creating state: modelComp 1 Export State
20230308 063711.816 INFO             PET0     MODEL: InitializeP0 intro.
20230308 063711.817 INFO             PET0       >>>MODEL: entered Initialize (phase=<none>) without valid internal Clock.
20230308 063711.818 INFO             PET0       <<<MODEL: leaving Initialize (phase=<none>) without valid internal Clock.
20230308 063711.818 INFO             PET0     MODEL: InitializeP0 extro.
20230308 063711.821 INFO             PET0     driver: IInitAdvertise intro.
20230308 063711.821 INFO             PET0     driver: IInitAdvertise extro.
20230308 063711.821 INFO             PET0     MODEL: InitializeIPDvXp01 intro.
20230308 063711.821 INFO             PET0       >>>MODEL: entered Initialize (phase=IPDvXp01) without valid internal Clock.
20230308 063711.824 INFO             PET0       <<<MODEL: leaving Initialize (phase=IPDvXp01) without valid internal Clock.
20230308 063711.824 INFO             PET0     MODEL: InitializeIPDvXp01 extro.
20230308 063711.825 INFO             PET0     driver: IInitAdvertiseFinish intro.
20230308 063711.825 INFO             PET0     driver: IInitAdvertiseFinish extro.
20230308 063711.825 INFO             PET0     driver: IInitModifyCplLists intro.
20230308 063711.825 INFO             PET0     driver: IInitModifyCplLists extro.
20230308 063711.825 INFO             PET0     <<<driver: leaving Initialize (phase=<none>) with current time:    0  1  1  0  0  0   0
20230308 063711.825 INFO             PET0   driver: InitializeIPDv02p1 extro.
20230308 063711.825 INFO             PET0   driver: InitializeIPDv02p3 intro.
20230308 063711.826 INFO             PET0     >>>driver: entered Initialize (phase=<none>) with current time:    0  1  1  0  0  0   0
20230308 063711.827 INFO             PET0     driver: IInitCheck intro.
20230308 063711.827 INFO             PET0     driver: IInitCheck extro.
20230308 063711.828 INFO             PET0     MODEL: InitializeIPDvXp04 intro.
20230308 063711.828 INFO             PET0       >>>MODEL: entered Initialize (phase=IPDvXp04) without valid internal Clock.
20230308 063711.832 INFO             PET0       After Realize: - MemInfo: [/proc/meminfo - SSI]	MemTotal:       65507008 kB
20230308 063711.832 INFO             PET0       After Realize: - MemInfo: [/proc/meminfo - SSI]	MemFree:        48896740 kB
20230308 063711.832 INFO             PET0       After Realize: - MemInfo: [/proc/meminfo - SSI]	MemAvailable:   48693928 kB
20230308 063711.832 INFO             PET0       After Realize: - MemInfo: [/proc/meminfo - SSI]	Committed_AS:   14500924 kB
20230308 063711.832 INFO             PET0       After Realize: - MemInfo: [/proc/meminfo - SSI]	CommittedPercent: 22.1364 %
20230308 063711.833 INFO             PET0       After Realize: - MemInfo: [/proc/self/status]	VmPeak:	  759308 kB
20230308 063711.833 INFO             PET0       After Realize: - MemInfo: [/proc/self/status]	VmSize:	  759308 kB
20230308 063711.833 INFO             PET0       After Realize: - MemInfo: [/proc/self/status]	VmLck:	       0 kB
20230308 063711.833 INFO             PET0       After Realize: - MemInfo: [/proc/self/status]	VmPin:	   44660 kB
20230308 063711.833 INFO             PET0       After Realize: - MemInfo: [/proc/self/status]	VmHWM:	   83412 kB
20230308 063711.833 INFO             PET0       After Realize: - MemInfo: [/proc/self/status]	VmRSS:	   83412 kB
20230308 063711.833 INFO             PET0       After Realize: - MemInfo: [/proc/self/status]	VmData:	   99152 kB
20230308 063711.833 INFO             PET0       After Realize: - MemInfo: [/proc/self/status]	VmStk:	     220 kB
20230308 063711.833 INFO             PET0       After Realize: - MemInfo: [/proc/self/status]	VmExe:	     276 kB
20230308 063711.833 INFO             PET0       After Realize: - MemInfo: [/proc/self/status]	VmLib:	   90264 kB
20230308 063711.833 INFO             PET0       After Realize: - MemInfo: [/proc/self/status]	VmPTE:	    1068 kB
20230308 063711.833 INFO             PET0       After Realize: - MemInfo: [/proc/self/status]	VmPMD:	      16 kB
20230308 063711.833 INFO             PET0       After Realize: - MemInfo: [/proc/self/status]	VmSwap:	       0 kB
20230308 063711.833 INFO             PET0       After Realize: - MemInfo: [/proc/self/status]	VmRSSPercent: 0.127333 %
20230308 063711.833 INFO             PET0       After Realize: - MemInfo: [malloc] Non-mmapped space allocated:                 4653056 Byte
20230308 063711.833 INFO             PET0       After Realize: - MemInfo: [malloc] Space allocated in mmapped regions:         11169792 Byte
20230308 063711.833 INFO             PET0       After Realize: - MemInfo: [malloc] Maximum total allocated space:                     0 Byte
20230308 063711.833 INFO             PET0       After Realize: - MemInfo: [malloc] Space in freed fastbin blocks:                  1360 Byte
20230308 063711.833 INFO             PET0       After Realize: - MemInfo: [malloc] Total allocated space:                       4184336 Byte
20230308 063711.833 INFO             PET0       After Realize: - MemInfo: [malloc] Total free space:                             468720 Byte
20230308 063711.833 INFO             PET0       After Realize: - MemInfo: [malloc] Top-most, releasable space:                   135504 Byte
20230308 063711.833 INFO             PET0       After Realize: - MemInfo: [malloc] Total space in use, mmap + non-mmap:        15354128 Byte
20230308 063711.833 INFO             PET0       After Realize: - MemInfo: [malloc] Total space held (mmap + non-mmap):         15822848 Byte
20230308 063711.833 INFO             PET0       After Realize: - MemInfo: [malloc] Total space used (mmap + non-mmap):         15363280 Byte
20230308 063711.833 INFO             PET0       After Realize: - MemInfo: Wall-clock time since execution start:              0.0339302 seconds
20230308 063711.833 INFO             PET0       <<<MODEL: leaving Initialize (phase=IPDvXp04) without valid internal Clock.
20230308 063711.833 INFO             PET0     MODEL: InitializeIPDvXp04 extro.
20230308 063711.834 INFO             PET0     driver: IInitRealize intro.
20230308 063711.834 INFO             PET0     driver: IInitRealize extro.
20230308 063711.834 INFO             PET0     MODEL: InitializeIPDvXp07 intro.
20230308 063711.835 INFO             PET0       >>>MODEL: entered Initialize (phase=IPDvXp07) without valid internal Clock.
20230308 063711.835 INFO             PET0       <<<MODEL: leaving Initialize (phase=IPDvXp07) with current time:    0  1  1  0  0  0   0
20230308 063711.835 INFO             PET0     MODEL: InitializeIPDvXp07 extro.
20230308 063711.835 INFO             PET0     <<<driver: leaving Initialize (phase=<none>) with current time:    0  1  1  0  0  0   0
20230308 063711.835 INFO             PET0   driver: InitializeIPDv02p3 extro.
20230308 063711.835 INFO             PET0   driver: InitializeIPDv02p5 intro.
20230308 063711.835 INFO             PET0     >>>driver: entered Initialize (phase=<none>) with current time:    0  1  1  0  0  0   0
20230308 063711.835 INFO             PET0     driver: this is a top level driver, no 'Updated' and 'InitializeDataComplete' info on this level.
20230308 063711.835 INFO             PET0     driver: InitializeIPDv02p5Data intro.
20230308 063711.835 INFO             PET0       driver: InternalInitializeComplete intro.
20230308 063711.835 INFO             PET0         driver: InitializeDataComplete='true'
20230308 063711.835 INFO             PET0       driver: InternalInitializeComplete extro.
20230308 063711.835 INFO             PET0       MODEL: InitializeIPDvXp08 intro.
20230308 063711.836 INFO             PET0         >>>MODEL: entered Initialize (phase=IPDv05p8) with current time:    0  1  1  0  0  0   0
20230308 063711.836 INFO             PET0         MODEL: InitializeDataProgress='false', InitializeDataComplete='false'
20230308 063711.836 INFO             PET0         <<<MODEL: leaving Initialize (phase=IPDv05p8) with current time:    0  1  1  0  0  0   0
20230308 063711.836 INFO             PET0       MODEL: InitializeIPDvXp08 extro.
20230308 063711.838 INFO             PET0       driver: components present that trigger loopDataDependentInitialize().
20230308 063711.838 INFO             PET0       driver: loopDataDependentInitialize intro.
20230308 063711.838 INFO             PET0         driver: component    0=driver, dataComplete (local): true
20230308 063711.838 INFO             PET0         driver: component    0=driver, dataComplete (global):  T
20230308 063711.839 INFO             PET0         driver: component    1=MODEL, dataComplete (local): false
20230308 063711.839 INFO             PET0         driver: component    1=MODEL, dataComplete (global):  F
20230308 063711.839 INFO             PET0         MODEL: InitializeIPDvXp08 intro.
20230308 063711.839 INFO             PET0           >>>MODEL: entered Initialize (phase=IPDv05p8) with current time:    0  1  1  0  0  0   0
20230308 063711.839 INFO             PET0           MODEL: InitializeDataProgress='true', InitializeDataComplete='true'
20230308 063711.839 INFO             PET0           <<<MODEL: leaving Initialize (phase=IPDv05p8) with current time:    0  1  1  0  0  0   0
20230308 063711.839 INFO             PET0         MODEL: InitializeIPDvXp08 extro.
20230308 063711.840 INFO             PET0         driver: component    1=MODEL, someProgress (local): true
20230308 063711.840 INFO             PET0         driver: component    1=MODEL, someProgress (global):  T
20230308 063711.840 INFO             PET0         driver: someProgress= T, allComplete= F, present(dataDepAllComplete)= T
20230308 063711.840 INFO             PET0         driver: component    0=driver, dataComplete (local): true
20230308 063711.840 INFO             PET0         driver: component    0=driver, dataComplete (global):  T
20230308 063711.840 INFO             PET0         driver: component    1=MODEL, dataComplete (local): true
20230308 063711.840 INFO             PET0         driver: component    1=MODEL, dataComplete (global):  T
20230308 063711.840 INFO             PET0         driver: someProgress= F, allComplete= T, present(dataDepAllComplete)= T
20230308 063711.840 INFO             PET0         driver: finished resolving initialize data dependencies on this level.
20230308 063711.840 INFO             PET0       driver: loopDataDependentInitialize extro.
20230308 063711.840 INFO             PET0       driver: loopDataDependentInitialize() returned with dataDepAllComplete:  T
20230308 063711.841 INFO             PET0     driver: InitializeIPDv02p5Data extro.
20230308 063711.841 INFO             PET0     <<<driver: leaving Initialize (phase=<none>) with current time:    0  1  1  0  0  0   0
20230308 063711.841 INFO             PET0   driver: InitializeIPDv02p5 extro.
20230308 063711.841 INFO             PET0 driver: InitializeGeneric extro.
20230308 063711.841 INFO             PET0 driver: Run intro.
20230308 063711.841 INFO             PET0   >>>driver entered Run (phase=RunPhase1) with current time:    0  1  1  0  0  0   0
20230308 063711.841 INFO             PET0   driver: after lable_SetRunClock, current time:    0  1  1  0  0  0   0
20230308 063711.841 INFO             PET0   driver: begin -------> RunSequence.
20230308 063711.841 INFO             PET0     driver: RunSequence event loopLevel=   1  levelMember=   1  loopIteration=   1, current time:    0  1  1  0  0  0   0
20230308 063711.841 INFO             PET0     MODEL: Run intro.
20230308 063711.841 INFO             PET0       >>>MODEL: entered Run (phase=RunPhase1) with current time:    0  1  1  0  0  0   0
20230308 063711.841 INFO             PET0       MODEL: time step-loop starting, current time:    0  1  1  0  0  0   0
20230308 063711.841 INFO             PET0       thread_num=   1   currentSsiPe=  14   num_threads=   3   max_threads=   3   num_procs=  36
20230308 063711.842 INFO             PET0       thread_num=   0   currentSsiPe=   2   num_threads=   3   max_threads=   3   num_procs=  36
20230308 063711.842 INFO             PET0       thread_num=   2   currentSsiPe=  43   num_threads=   3   max_threads=   3   num_procs=  36
20230308 063711.842 INFO             PET0       ---->Advancing Model from:    0  1  1  0  0  0   0
20230308 063711.842 INFO             PET0       ---------------------> to:    0  1  1  0  0 30   0
20230308 063711.842 INFO             PET0       MODEL: time step-loop ending,   current time:    0  1  1  0  0 30   0
20230308 063711.842 INFO             PET0       <<<MODEL: leaving Run (phase=RunPhase1) with current time:    0  1  1  0  0 30   0
20230308 063711.842 INFO             PET0     MODEL: Run extro.
20230308 063711.842 INFO             PET0     driver: RunSequence event loopLevel=   1  levelMember=   1  loopIteration=   2, current time:    0  1  1  0  0 30   0
20230308 063711.842 INFO             PET0     MODEL: Run intro.
20230308 063711.842 INFO             PET0       >>>MODEL: entered Run (phase=RunPhase1) with current time:    0  1  1  0  0 30   0
20230308 063711.842 INFO             PET0       MODEL: time step-loop starting, current time:    0  1  1  0  0 30   0
20230308 063711.842 INFO             PET0       thread_num=   1   currentSsiPe=  14   num_threads=   3   max_threads=   3   num_procs=  36
20230308 063711.842 INFO             PET0       thread_num=   2   currentSsiPe=  43   num_threads=   3   max_threads=   3   num_procs=  36
20230308 063711.842 INFO             PET0       thread_num=   0   currentSsiPe=   2   num_threads=   3   max_threads=   3   num_procs=  36
20230308 063711.842 INFO             PET0       ---->Advancing Model from:    0  1  1  0  0 30   0
20230308 063711.842 INFO             PET0       ---------------------> to:    0  1  1  0  1  0   0
20230308 063711.842 INFO             PET0       MODEL: time step-loop ending,   current time:    0  1  1  0  1  0   0
20230308 063711.842 INFO             PET0       <<<MODEL: leaving Run (phase=RunPhase1) with current time:    0  1  1  0  1  0   0
20230308 063711.842 INFO             PET0     MODEL: Run extro.
20230308 063711.842 INFO             PET0     driver: RunSequence event loopLevel=   1  levelMember=   1  loopIteration=   3, current time:    0  1  1  0  1  0   0
20230308 063711.842 INFO             PET0     MODEL: Run intro.
20230308 063711.842 INFO             PET0       >>>MODEL: entered Run (phase=RunPhase1) with current time:    0  1  1  0  1  0   0
20230308 063711.842 INFO             PET0       MODEL: time step-loop starting, current time:    0  1  1  0  1  0   0
20230308 063711.842 INFO             PET0       thread_num=   1   currentSsiPe=  14   num_threads=   3   max_threads=   3   num_procs=  36
20230308 063711.842 INFO             PET0       thread_num=   2   currentSsiPe=  43   num_threads=   3   max_threads=   3   num_procs=  36
20230308 063711.842 INFO             PET0       thread_num=   0   currentSsiPe=   2   num_threads=   3   max_threads=   3   num_procs=  36
20230308 063711.842 INFO             PET0       ---->Advancing Model from:    0  1  1  0  1  0   0
20230308 063711.842 INFO             PET0       ---------------------> to:    0  1  1  0  1 30   0
20230308 063711.842 INFO             PET0       MODEL: time step-loop ending,   current time:    0  1  1  0  1 30   0
20230308 063711.843 INFO             PET0       <<<MODEL: leaving Run (phase=RunPhase1) with current time:    0  1  1  0  1 30   0
20230308 063711.843 INFO             PET0     MODEL: Run extro.
20230308 063711.843 INFO             PET0     driver: RunSequence event loopLevel=   1  levelMember=   1  loopIteration=   4, current time:    0  1  1  0  1 30   0
20230308 063711.843 INFO             PET0     MODEL: Run intro.
20230308 063711.843 INFO             PET0       >>>MODEL: entered Run (phase=RunPhase1) with current time:    0  1  1  0  1 30   0
20230308 063711.843 INFO             PET0       MODEL: time step-loop starting, current time:    0  1  1  0  1 30   0
20230308 063711.843 INFO             PET0       thread_num=   2   currentSsiPe=  43   num_threads=   3   max_threads=   3   num_procs=  36
20230308 063711.843 INFO             PET0       thread_num=   0   currentSsiPe=   2   num_threads=   3   max_threads=   3   num_procs=  36
20230308 063711.843 INFO             PET0       thread_num=   1   currentSsiPe=  14   num_threads=   3   max_threads=   3   num_procs=  36
20230308 063711.843 INFO             PET0       ---->Advancing Model from:    0  1  1  0  1 30   0
20230308 063711.843 INFO             PET0       ---------------------> to:    0  1  1  0  2  0   0
20230308 063711.843 INFO             PET0       MODEL: time step-loop ending,   current time:    0  1  1  0  2  0   0
20230308 063711.843 INFO             PET0       <<<MODEL: leaving Run (phase=RunPhase1) with current time:    0  1  1  0  2  0   0
20230308 063711.843 INFO             PET0     MODEL: Run extro.
20230308 063711.843 INFO             PET0     driver: RunSequence event loopLevel=   1  levelMember=   1  loopIteration=   5, current time:    0  1  1  0  2  0   0
20230308 063711.843 INFO             PET0     MODEL: Run intro.
20230308 063711.843 INFO             PET0       >>>MODEL: entered Run (phase=RunPhase1) with current time:    0  1  1  0  2  0   0
20230308 063711.843 INFO             PET0       MODEL: time step-loop starting, current time:    0  1  1  0  2  0   0
20230308 063711.843 INFO             PET0       thread_num=   2   currentSsiPe=  43   num_threads=   3   max_threads=   3   num_procs=  36
20230308 063711.843 INFO             PET0       thread_num=   0   currentSsiPe=   2   num_threads=   3   max_threads=   3   num_procs=  36
20230308 063711.843 INFO             PET0       thread_num=   1   currentSsiPe=  14   num_threads=   3   max_threads=   3   num_procs=  36
20230308 063711.843 INFO             PET0       ---->Advancing Model from:    0  1  1  0  2  0   0
20230308 063711.843 INFO             PET0       ---------------------> to:    0  1  1  0  2 30   0
20230308 063711.843 INFO             PET0       MODEL: time step-loop ending,   current time:    0  1  1  0  2 30   0
20230308 063711.843 INFO             PET0       <<<MODEL: leaving Run (phase=RunPhase1) with current time:    0  1  1  0  2 30   0
20230308 063711.843 INFO             PET0     MODEL: Run extro.
20230308 063711.843 INFO             PET0   driver: end <--------- RunSequence
20230308 063711.843 INFO             PET0   <<<driver - leaving Run with current time:    0  1  1  0  2 30   0
20230308 063711.843 INFO             PET0 driver: Run extro.
20230308 063711.844 INFO             PET0 driver: Finalize intro.
20230308 063711.844 INFO             PET0   Calling Finalize phase 1 for modelComp: MODEL
20230308 063711.844 INFO             PET0   MODEL: Finalize intro.
20230308 063711.844 INFO             PET0     >>>MODEL: entered Finalize (phase=FinalizePhase1) with current time:    0  1  1  0  2 30   0
20230308 063711.844 INFO             PET0     <<<MODEL: leaving Finalize (phase=FinalizePhase1) with current time:    0  1  1  0  2 30   0
20230308 063711.844 INFO             PET0   MODEL: Finalize extro.
20230308 063711.844 INFO             PET0   Delete modelComp: MODEL
20230308 063711.844 INFO             PET0   Delete Import-/Export State for modelComp: MODEL
20230308 063711.844 INFO             PET0 driver: Finalize extro.
20230308 063711.844 INFO             PET0 mainApp FINISHED
20230308 063711.844 INFO             PET0 Finalizing ESMF
20230308 063711.802 INFO             PET1 !!!!!!!!!!!!!!!!!!!!!!!!!!!!!!!!!!!!!!!!!!!!!!!!!!!!!!
20230308 063711.803 INFO             PET1 !!! THE ESMF_LOG IS SET TO OUTPUT ALL LOG MESSAGES !!!
20230308 063711.803 INFO             PET1 !!!     THIS MAY CAUSE SLOWDOWN IN PERFORMANCE     !!!
20230308 063711.803 INFO             PET1 !!! FOR PRODUCTION RUNS, USE:                      !!!
20230308 063711.803 INFO             PET1 !!!                   ESMF_LOGKIND_Multi_On_Error  !!!
20230308 063711.803 INFO             PET1 !!!!!!!!!!!!!!!!!!!!!!!!!!!!!!!!!!!!!!!!!!!!!!!!!!!!!!
20230308 063711.803 INFO             PET1 Running with ESMF Version   : v8.5.0b18
20230308 063711.803 INFO             PET1 ESMF library build date/time: "Mar  8 2023" "05:08:05"
20230308 063711.803 INFO             PET1 ESMF library build location : /glade/scratch/theurich/ESMF-Nightly-Testing/nvhpc_21.11_openmpi_g_develop/esmf
20230308 063711.803 INFO             PET1 ESMF_COMM                   : openmpi
20230308 063711.803 INFO             PET1 ESMF_MOAB                   : enabled
20230308 063711.803 INFO             PET1 ESMF_LAPACK                 : enabled
20230308 063711.803 INFO             PET1 ESMF_NETCDF                 : enabled
20230308 063711.803 INFO             PET1 ESMF_PNETCDF                : disabled
20230308 063711.803 INFO             PET1 ESMF_PIO                    : enabled
20230308 063711.803 INFO             PET1 ESMF_YAMLCPP                : enabled
20230308 063711.804 INFO             PET1 mainApp STARTING
20230308 063711.810 INFO             PET1 driver: InitializeGeneric intro.
20230308 063711.811 INFO             PET1   driver: InitializeP0 intro.
20230308 063711.811 INFO             PET1   driver: InitializeP0 extro.
20230308 063711.811 INFO             PET1   driver: InitializeIPDv02p1 intro.
20230308 063711.811 INFO             PET1     >>>driver: entered Initialize (phase=<none>) without valid internal Clock.
20230308 063711.811 INFO             PET1     driver - Creating model component MODEL without petList.
20230308 063711.815 INFO             PET1      GridCompIsPetLocal:   T
20230308 063711.815 INFO             PET1      VmIsCreated:   T
20230308 063711.815 INFO             PET1      valid MPI_COMM with size=            4
20230308 063711.816 INFO             PET1     driver - Creating state: modelComp 1 Import State
20230308 063711.816 INFO             PET1     driver - Creating state: modelComp 1 Export State
20230308 063711.816 INFO             PET1     MODEL: InitializeP0 intro.
20230308 063711.817 INFO             PET1       >>>MODEL: entered Initialize (phase=<none>) without valid internal Clock.
20230308 063711.819 INFO             PET1       <<<MODEL: leaving Initialize (phase=<none>) without valid internal Clock.
20230308 063711.819 INFO             PET1     MODEL: InitializeP0 extro.
20230308 063711.821 INFO             PET1     driver: IInitAdvertise intro.
20230308 063711.821 INFO             PET1     driver: IInitAdvertise extro.
20230308 063711.821 INFO             PET1     MODEL: InitializeIPDvXp01 intro.
20230308 063711.821 INFO             PET1       >>>MODEL: entered Initialize (phase=IPDvXp01) without valid internal Clock.
20230308 063711.824 INFO             PET1       <<<MODEL: leaving Initialize (phase=IPDvXp01) without valid internal Clock.
20230308 063711.824 INFO             PET1     MODEL: InitializeIPDvXp01 extro.
20230308 063711.825 INFO             PET1     driver: IInitAdvertiseFinish intro.
20230308 063711.825 INFO             PET1     driver: IInitAdvertiseFinish extro.
20230308 063711.826 INFO             PET1     driver: IInitModifyCplLists intro.
20230308 063711.826 INFO             PET1     driver: IInitModifyCplLists extro.
20230308 063711.826 INFO             PET1     <<<driver: leaving Initialize (phase=<none>) with current time:    0  1  1  0  0  0   0
20230308 063711.826 INFO             PET1   driver: InitializeIPDv02p1 extro.
20230308 063711.826 INFO             PET1   driver: InitializeIPDv02p3 intro.
20230308 063711.826 INFO             PET1     >>>driver: entered Initialize (phase=<none>) with current time:    0  1  1  0  0  0   0
20230308 063711.828 INFO             PET1     driver: IInitCheck intro.
20230308 063711.829 INFO             PET1     driver: IInitCheck extro.
20230308 063711.829 INFO             PET1     MODEL: InitializeIPDvXp04 intro.
20230308 063711.829 INFO             PET1       >>>MODEL: entered Initialize (phase=IPDvXp04) without valid internal Clock.
20230308 063711.834 INFO             PET1       After Realize: - MemInfo: [/proc/meminfo - SSI]	MemTotal:       65507008 kB
20230308 063711.834 INFO             PET1       After Realize: - MemInfo: [/proc/meminfo - SSI]	MemFree:        48896740 kB
20230308 063711.834 INFO             PET1       After Realize: - MemInfo: [/proc/meminfo - SSI]	MemAvailable:   48693928 kB
20230308 063711.834 INFO             PET1       After Realize: - MemInfo: [/proc/meminfo - SSI]	Committed_AS:   14500924 kB
20230308 063711.834 INFO             PET1       After Realize: - MemInfo: [/proc/meminfo - SSI]	CommittedPercent: 22.1364 %
20230308 063711.834 INFO             PET1       After Realize: - MemInfo: [/proc/self/status]	VmPeak:	  747028 kB
20230308 063711.834 INFO             PET1       After Realize: - MemInfo: [/proc/self/status]	VmSize:	  747028 kB
20230308 063711.834 INFO             PET1       After Realize: - MemInfo: [/proc/self/status]	VmLck:	       0 kB
20230308 063711.834 INFO             PET1       After Realize: - MemInfo: [/proc/self/status]	VmPin:	   44660 kB
20230308 063711.834 INFO             PET1       After Realize: - MemInfo: [/proc/self/status]	VmHWM:	   82896 kB
20230308 063711.834 INFO             PET1       After Realize: - MemInfo: [/proc/self/status]	VmRSS:	   82896 kB
20230308 063711.834 INFO             PET1       After Realize: - MemInfo: [/proc/self/status]	VmData:	   91072 kB
20230308 063711.834 INFO             PET1       After Realize: - MemInfo: [/proc/self/status]	VmStk:	     216 kB
20230308 063711.834 INFO             PET1       After Realize: - MemInfo: [/proc/self/status]	VmExe:	     276 kB
20230308 063711.834 INFO             PET1       After Realize: - MemInfo: [/proc/self/status]	VmLib:	   90264 kB
20230308 063711.834 INFO             PET1       After Realize: - MemInfo: [/proc/self/status]	VmPTE:	    1044 kB
20230308 063711.834 INFO             PET1       After Realize: - MemInfo: [/proc/self/status]	VmPMD:	      12 kB
20230308 063711.834 INFO             PET1       After Realize: - MemInfo: [/proc/self/status]	VmSwap:	       0 kB
20230308 063711.834 INFO             PET1       After Realize: - MemInfo: [/proc/self/status]	VmRSSPercent: 0.126545 %
20230308 063711.834 INFO             PET1       After Realize: - MemInfo: [malloc] Non-mmapped space allocated:                 4653056 Byte
20230308 063711.834 INFO             PET1       After Realize: - MemInfo: [malloc] Space allocated in mmapped regions:          2760704 Byte
20230308 063711.834 INFO             PET1       After Realize: - MemInfo: [malloc] Maximum total allocated space:                     0 Byte
20230308 063711.834 INFO             PET1       After Realize: - MemInfo: [malloc] Space in freed fastbin blocks:                  1280 Byte
20230308 063711.834 INFO             PET1       After Realize: - MemInfo: [malloc] Total allocated space:                       4184720 Byte
20230308 063711.834 INFO             PET1       After Realize: - MemInfo: [malloc] Total free space:                             468336 Byte
20230308 063711.834 INFO             PET1       After Realize: - MemInfo: [malloc] Top-most, releasable space:                   134224 Byte
20230308 063711.834 INFO             PET1       After Realize: - MemInfo: [malloc] Total space in use, mmap + non-mmap:         6945424 Byte
20230308 063711.834 INFO             PET1       After Realize: - MemInfo: [malloc] Total space held (mmap + non-mmap):          7413760 Byte
20230308 063711.834 INFO             PET1       After Realize: - MemInfo: [malloc] Total space used (mmap + non-mmap):          6954576 Byte
20230308 063711.834 INFO             PET1       After Realize: - MemInfo: Wall-clock time since execution start:              0.0347729 seconds
20230308 063711.834 INFO             PET1       <<<MODEL: leaving Initialize (phase=IPDvXp04) without valid internal Clock.
20230308 063711.834 INFO             PET1     MODEL: InitializeIPDvXp04 extro.
20230308 063711.835 INFO             PET1     driver: IInitRealize intro.
20230308 063711.835 INFO             PET1     driver: IInitRealize extro.
20230308 063711.835 INFO             PET1     MODEL: InitializeIPDvXp07 intro.
20230308 063711.836 INFO             PET1       >>>MODEL: entered Initialize (phase=IPDvXp07) without valid internal Clock.
20230308 063711.836 INFO             PET1       <<<MODEL: leaving Initialize (phase=IPDvXp07) with current time:    0  1  1  0  0  0   0
20230308 063711.836 INFO             PET1     MODEL: InitializeIPDvXp07 extro.
20230308 063711.836 INFO             PET1     <<<driver: leaving Initialize (phase=<none>) with current time:    0  1  1  0  0  0   0
20230308 063711.836 INFO             PET1   driver: InitializeIPDv02p3 extro.
20230308 063711.836 INFO             PET1   driver: InitializeIPDv02p5 intro.
20230308 063711.836 INFO             PET1     >>>driver: entered Initialize (phase=<none>) with current time:    0  1  1  0  0  0   0
20230308 063711.836 INFO             PET1     driver: this is a top level driver, no 'Updated' and 'InitializeDataComplete' info on this level.
20230308 063711.836 INFO             PET1     driver: InitializeIPDv02p5Data intro.
20230308 063711.836 INFO             PET1       driver: InternalInitializeComplete intro.
20230308 063711.836 INFO             PET1         driver: InitializeDataComplete='true'
20230308 063711.836 INFO             PET1       driver: InternalInitializeComplete extro.
20230308 063711.837 INFO             PET1       MODEL: InitializeIPDvXp08 intro.
20230308 063711.837 INFO             PET1         >>>MODEL: entered Initialize (phase=IPDv05p8) with current time:    0  1  1  0  0  0   0
20230308 063711.837 INFO             PET1         MODEL: InitializeDataProgress='false', InitializeDataComplete='false'
20230308 063711.837 INFO             PET1         <<<MODEL: leaving Initialize (phase=IPDv05p8) with current time:    0  1  1  0  0  0   0
20230308 063711.837 INFO             PET1       MODEL: InitializeIPDvXp08 extro.
20230308 063711.838 INFO             PET1       driver: components present that trigger loopDataDependentInitialize().
20230308 063711.838 INFO             PET1       driver: loopDataDependentInitialize intro.
20230308 063711.838 INFO             PET1         driver: component    0=driver, dataComplete (local): true
20230308 063711.838 INFO             PET1         driver: component    0=driver, dataComplete (global):  T
20230308 063711.839 INFO             PET1         driver: component    1=MODEL, dataComplete (local): false
20230308 063711.839 INFO             PET1         driver: component    1=MODEL, dataComplete (global):  F
20230308 063711.839 INFO             PET1         MODEL: InitializeIPDvXp08 intro.
20230308 063711.839 INFO             PET1           >>>MODEL: entered Initialize (phase=IPDv05p8) with current time:    0  1  1  0  0  0   0
20230308 063711.839 INFO             PET1           MODEL: InitializeDataProgress='true', InitializeDataComplete='true'
20230308 063711.839 INFO             PET1           <<<MODEL: leaving Initialize (phase=IPDv05p8) with current time:    0  1  1  0  0  0   0
20230308 063711.839 INFO             PET1         MODEL: InitializeIPDvXp08 extro.
20230308 063711.840 INFO             PET1         driver: component    1=MODEL, someProgress (local): true
20230308 063711.840 INFO             PET1         driver: component    1=MODEL, someProgress (global):  T
20230308 063711.840 INFO             PET1         driver: someProgress= T, allComplete= F, present(dataDepAllComplete)= T
20230308 063711.840 INFO             PET1         driver: component    0=driver, dataComplete (local): true
20230308 063711.840 INFO             PET1         driver: component    0=driver, dataComplete (global):  T
20230308 063711.840 INFO             PET1         driver: component    1=MODEL, dataComplete (local): true
20230308 063711.840 INFO             PET1         driver: component    1=MODEL, dataComplete (global):  T
20230308 063711.840 INFO             PET1         driver: someProgress= F, allComplete= T, present(dataDepAllComplete)= T
20230308 063711.840 INFO             PET1         driver: finished resolving initialize data dependencies on this level.
20230308 063711.840 INFO             PET1       driver: loopDataDependentInitialize extro.
20230308 063711.840 INFO             PET1       driver: loopDataDependentInitialize() returned with dataDepAllComplete:  T
20230308 063711.841 INFO             PET1     driver: InitializeIPDv02p5Data extro.
20230308 063711.841 INFO             PET1     <<<driver: leaving Initialize (phase=<none>) with current time:    0  1  1  0  0  0   0
20230308 063711.841 INFO             PET1   driver: InitializeIPDv02p5 extro.
20230308 063711.841 INFO             PET1 driver: InitializeGeneric extro.
20230308 063711.841 INFO             PET1 driver: Run intro.
20230308 063711.841 INFO             PET1   >>>driver entered Run (phase=RunPhase1) with current time:    0  1  1  0  0  0   0
20230308 063711.841 INFO             PET1   driver: after lable_SetRunClock, current time:    0  1  1  0  0  0   0
20230308 063711.841 INFO             PET1   driver: begin -------> RunSequence.
20230308 063711.841 INFO             PET1     driver: RunSequence event loopLevel=   1  levelMember=   1  loopIteration=   1, current time:    0  1  1  0  0  0   0
20230308 063711.841 INFO             PET1     MODEL: Run intro.
20230308 063711.841 INFO             PET1       >>>MODEL: entered Run (phase=RunPhase1) with current time:    0  1  1  0  0  0   0
20230308 063711.841 INFO             PET1       MODEL: time step-loop starting, current time:    0  1  1  0  0  0   0
20230308 063711.841 INFO             PET1       thread_num=   1   currentSsiPe=  56   num_threads=   3   max_threads=   3   num_procs=  36
20230308 063711.842 INFO             PET1       thread_num=   2   currentSsiPe=  71   num_threads=   3   max_threads=   3   num_procs=  36
20230308 063711.842 INFO             PET1       thread_num=   0   currentSsiPe=  55   num_threads=   3   max_threads=   3   num_procs=  36
20230308 063711.842 INFO             PET1       ---->Advancing Model from:    0  1  1  0  0  0   0
20230308 063711.842 INFO             PET1       ---------------------> to:    0  1  1  0  0 30   0
20230308 063711.842 INFO             PET1       MODEL: time step-loop ending,   current time:    0  1  1  0  0 30   0
20230308 063711.842 INFO             PET1       <<<MODEL: leaving Run (phase=RunPhase1) with current time:    0  1  1  0  0 30   0
20230308 063711.842 INFO             PET1     MODEL: Run extro.
20230308 063711.842 INFO             PET1     driver: RunSequence event loopLevel=   1  levelMember=   1  loopIteration=   2, current time:    0  1  1  0  0 30   0
20230308 063711.842 INFO             PET1     MODEL: Run intro.
20230308 063711.842 INFO             PET1       >>>MODEL: entered Run (phase=RunPhase1) with current time:    0  1  1  0  0 30   0
20230308 063711.842 INFO             PET1       MODEL: time step-loop starting, current time:    0  1  1  0  0 30   0
20230308 063711.842 INFO             PET1       thread_num=   1   currentSsiPe=  56   num_threads=   3   max_threads=   3   num_procs=  36
20230308 063711.842 INFO             PET1       thread_num=   2   currentSsiPe=  71   num_threads=   3   max_threads=   3   num_procs=  36
20230308 063711.842 INFO             PET1       thread_num=   0   currentSsiPe=  55   num_threads=   3   max_threads=   3   num_procs=  36
20230308 063711.842 INFO             PET1       ---->Advancing Model from:    0  1  1  0  0 30   0
20230308 063711.842 INFO             PET1       ---------------------> to:    0  1  1  0  1  0   0
20230308 063711.842 INFO             PET1       MODEL: time step-loop ending,   current time:    0  1  1  0  1  0   0
20230308 063711.842 INFO             PET1       <<<MODEL: leaving Run (phase=RunPhase1) with current time:    0  1  1  0  1  0   0
20230308 063711.842 INFO             PET1     MODEL: Run extro.
20230308 063711.842 INFO             PET1     driver: RunSequence event loopLevel=   1  levelMember=   1  loopIteration=   3, current time:    0  1  1  0  1  0   0
20230308 063711.842 INFO             PET1     MODEL: Run intro.
20230308 063711.842 INFO             PET1       >>>MODEL: entered Run (phase=RunPhase1) with current time:    0  1  1  0  1  0   0
20230308 063711.842 INFO             PET1       MODEL: time step-loop starting, current time:    0  1  1  0  1  0   0
20230308 063711.842 INFO             PET1       thread_num=   2   currentSsiPe=  71   num_threads=   3   max_threads=   3   num_procs=  36
20230308 063711.842 INFO             PET1       thread_num=   0   currentSsiPe=  55   num_threads=   3   max_threads=   3   num_procs=  36
20230308 063711.842 INFO             PET1       thread_num=   1   currentSsiPe=  56   num_threads=   3   max_threads=   3   num_procs=  36
20230308 063711.842 INFO             PET1       ---->Advancing Model from:    0  1  1  0  1  0   0
20230308 063711.842 INFO             PET1       ---------------------> to:    0  1  1  0  1 30   0
20230308 063711.843 INFO             PET1       MODEL: time step-loop ending,   current time:    0  1  1  0  1 30   0
20230308 063711.843 INFO             PET1       <<<MODEL: leaving Run (phase=RunPhase1) with current time:    0  1  1  0  1 30   0
20230308 063711.843 INFO             PET1     MODEL: Run extro.
20230308 063711.843 INFO             PET1     driver: RunSequence event loopLevel=   1  levelMember=   1  loopIteration=   4, current time:    0  1  1  0  1 30   0
20230308 063711.843 INFO             PET1     MODEL: Run intro.
20230308 063711.843 INFO             PET1       >>>MODEL: entered Run (phase=RunPhase1) with current time:    0  1  1  0  1 30   0
20230308 063711.843 INFO             PET1       MODEL: time step-loop starting, current time:    0  1  1  0  1 30   0
20230308 063711.843 INFO             PET1       thread_num=   1   currentSsiPe=  56   num_threads=   3   max_threads=   3   num_procs=  36
20230308 063711.843 INFO             PET1       thread_num=   2   currentSsiPe=  71   num_threads=   3   max_threads=   3   num_procs=  36
20230308 063711.843 INFO             PET1       thread_num=   0   currentSsiPe=  55   num_threads=   3   max_threads=   3   num_procs=  36
20230308 063711.843 INFO             PET1       ---->Advancing Model from:    0  1  1  0  1 30   0
20230308 063711.843 INFO             PET1       ---------------------> to:    0  1  1  0  2  0   0
20230308 063711.843 INFO             PET1       MODEL: time step-loop ending,   current time:    0  1  1  0  2  0   0
20230308 063711.843 INFO             PET1       <<<MODEL: leaving Run (phase=RunPhase1) with current time:    0  1  1  0  2  0   0
20230308 063711.843 INFO             PET1     MODEL: Run extro.
20230308 063711.843 INFO             PET1     driver: RunSequence event loopLevel=   1  levelMember=   1  loopIteration=   5, current time:    0  1  1  0  2  0   0
20230308 063711.843 INFO             PET1     MODEL: Run intro.
20230308 063711.843 INFO             PET1       >>>MODEL: entered Run (phase=RunPhase1) with current time:    0  1  1  0  2  0   0
20230308 063711.843 INFO             PET1       MODEL: time step-loop starting, current time:    0  1  1  0  2  0   0
20230308 063711.843 INFO             PET1       thread_num=   1   currentSsiPe=  56   num_threads=   3   max_threads=   3   num_procs=  36
20230308 063711.843 INFO             PET1       thread_num=   2   currentSsiPe=  71   num_threads=   3   max_threads=   3   num_procs=  36
20230308 063711.843 INFO             PET1       thread_num=   0   currentSsiPe=  55   num_threads=   3   max_threads=   3   num_procs=  36
20230308 063711.843 INFO             PET1       ---->Advancing Model from:    0  1  1  0  2  0   0
20230308 063711.843 INFO             PET1       ---------------------> to:    0  1  1  0  2 30   0
20230308 063711.843 INFO             PET1       MODEL: time step-loop ending,   current time:    0  1  1  0  2 30   0
20230308 063711.843 INFO             PET1       <<<MODEL: leaving Run (phase=RunPhase1) with current time:    0  1  1  0  2 30   0
20230308 063711.843 INFO             PET1     MODEL: Run extro.
20230308 063711.843 INFO             PET1   driver: end <--------- RunSequence
20230308 063711.843 INFO             PET1   <<<driver - leaving Run with current time:    0  1  1  0  2 30   0
20230308 063711.844 INFO             PET1 driver: Run extro.
20230308 063711.844 INFO             PET1 driver: Finalize intro.
20230308 063711.844 INFO             PET1   Calling Finalize phase 1 for modelComp: MODEL
20230308 063711.844 INFO             PET1   MODEL: Finalize intro.
20230308 063711.844 INFO             PET1     >>>MODEL: entered Finalize (phase=FinalizePhase1) with current time:    0  1  1  0  2 30   0
20230308 063711.844 INFO             PET1     <<<MODEL: leaving Finalize (phase=FinalizePhase1) with current time:    0  1  1  0  2 30   0
20230308 063711.844 INFO             PET1   MODEL: Finalize extro.
20230308 063711.844 INFO             PET1   Delete modelComp: MODEL
20230308 063711.844 INFO             PET1   Delete Import-/Export State for modelComp: MODEL
20230308 063711.844 INFO             PET1 driver: Finalize extro.
20230308 063711.844 INFO             PET1 mainApp FINISHED
20230308 063711.844 INFO             PET1 Finalizing ESMF
20230308 063711.803 INFO             PET2 !!!!!!!!!!!!!!!!!!!!!!!!!!!!!!!!!!!!!!!!!!!!!!!!!!!!!!
20230308 063711.803 INFO             PET2 !!! THE ESMF_LOG IS SET TO OUTPUT ALL LOG MESSAGES !!!
20230308 063711.803 INFO             PET2 !!!     THIS MAY CAUSE SLOWDOWN IN PERFORMANCE     !!!
20230308 063711.803 INFO             PET2 !!! FOR PRODUCTION RUNS, USE:                      !!!
20230308 063711.803 INFO             PET2 !!!                   ESMF_LOGKIND_Multi_On_Error  !!!
20230308 063711.803 INFO             PET2 !!!!!!!!!!!!!!!!!!!!!!!!!!!!!!!!!!!!!!!!!!!!!!!!!!!!!!
20230308 063711.803 INFO             PET2 Running with ESMF Version   : v8.5.0b18
20230308 063711.803 INFO             PET2 ESMF library build date/time: "Mar  8 2023" "05:08:05"
20230308 063711.803 INFO             PET2 ESMF library build location : /glade/scratch/theurich/ESMF-Nightly-Testing/nvhpc_21.11_openmpi_g_develop/esmf
20230308 063711.803 INFO             PET2 ESMF_COMM                   : openmpi
20230308 063711.803 INFO             PET2 ESMF_MOAB                   : enabled
20230308 063711.803 INFO             PET2 ESMF_LAPACK                 : enabled
20230308 063711.803 INFO             PET2 ESMF_NETCDF                 : enabled
20230308 063711.803 INFO             PET2 ESMF_PNETCDF                : disabled
20230308 063711.803 INFO             PET2 ESMF_PIO                    : enabled
20230308 063711.803 INFO             PET2 ESMF_YAMLCPP                : enabled
20230308 063711.804 INFO             PET2 mainApp STARTING
20230308 063711.810 INFO             PET2 driver: InitializeGeneric intro.
20230308 063711.810 INFO             PET2   driver: InitializeP0 intro.
20230308 063711.810 INFO             PET2   driver: InitializeP0 extro.
20230308 063711.810 INFO             PET2   driver: InitializeIPDv02p1 intro.
20230308 063711.811 INFO             PET2     >>>driver: entered Initialize (phase=<none>) without valid internal Clock.
20230308 063711.811 INFO             PET2     driver - Creating model component MODEL without petList.
20230308 063711.815 INFO             PET2      GridCompIsPetLocal:   T
20230308 063711.815 INFO             PET2      VmIsCreated:   T
20230308 063711.815 INFO             PET2      valid MPI_COMM with size=            4
20230308 063711.816 INFO             PET2     driver - Creating state: modelComp 1 Import State
20230308 063711.816 INFO             PET2     driver - Creating state: modelComp 1 Export State
20230308 063711.816 INFO             PET2     MODEL: InitializeP0 intro.
20230308 063711.817 INFO             PET2       >>>MODEL: entered Initialize (phase=<none>) without valid internal Clock.
20230308 063711.818 INFO             PET2       <<<MODEL: leaving Initialize (phase=<none>) without valid internal Clock.
20230308 063711.818 INFO             PET2     MODEL: InitializeP0 extro.
20230308 063711.821 INFO             PET2     driver: IInitAdvertise intro.
20230308 063711.821 INFO             PET2     driver: IInitAdvertise extro.
20230308 063711.821 INFO             PET2     MODEL: InitializeIPDvXp01 intro.
20230308 063711.821 INFO             PET2       >>>MODEL: entered Initialize (phase=IPDvXp01) without valid internal Clock.
20230308 063711.824 INFO             PET2       <<<MODEL: leaving Initialize (phase=IPDvXp01) without valid internal Clock.
20230308 063711.824 INFO             PET2     MODEL: InitializeIPDvXp01 extro.
20230308 063711.825 INFO             PET2     driver: IInitAdvertiseFinish intro.
20230308 063711.825 INFO             PET2     driver: IInitAdvertiseFinish extro.
20230308 063711.825 INFO             PET2     driver: IInitModifyCplLists intro.
20230308 063711.825 INFO             PET2     driver: IInitModifyCplLists extro.
20230308 063711.826 INFO             PET2     <<<driver: leaving Initialize (phase=<none>) with current time:    0  1  1  0  0  0   0
20230308 063711.826 INFO             PET2   driver: InitializeIPDv02p1 extro.
20230308 063711.826 INFO             PET2   driver: InitializeIPDv02p3 intro.
20230308 063711.826 INFO             PET2     >>>driver: entered Initialize (phase=<none>) with current time:    0  1  1  0  0  0   0
20230308 063711.828 INFO             PET2     driver: IInitCheck intro.
20230308 063711.828 INFO             PET2     driver: IInitCheck extro.
20230308 063711.829 INFO             PET2     MODEL: InitializeIPDvXp04 intro.
20230308 063711.829 INFO             PET2       >>>MODEL: entered Initialize (phase=IPDvXp04) without valid internal Clock.
20230308 063711.833 INFO             PET2       After Realize: - MemInfo: [/proc/meminfo - SSI]	MemTotal:       65507008 kB
20230308 063711.833 INFO             PET2       After Realize: - MemInfo: [/proc/meminfo - SSI]	MemFree:        48896740 kB
20230308 063711.833 INFO             PET2       After Realize: - MemInfo: [/proc/meminfo - SSI]	MemAvailable:   48693928 kB
20230308 063711.833 INFO             PET2       After Realize: - MemInfo: [/proc/meminfo - SSI]	Committed_AS:   14500924 kB
20230308 063711.833 INFO             PET2       After Realize: - MemInfo: [/proc/meminfo - SSI]	CommittedPercent: 22.1364 %
20230308 063711.833 INFO             PET2       After Realize: - MemInfo: [/proc/self/status]	VmPeak:	  750912 kB
20230308 063711.833 INFO             PET2       After Realize: - MemInfo: [/proc/self/status]	VmSize:	  750912 kB
20230308 063711.833 INFO             PET2       After Realize: - MemInfo: [/proc/self/status]	VmLck:	       0 kB
20230308 063711.833 INFO             PET2       After Realize: - MemInfo: [/proc/self/status]	VmPin:	   44660 kB
20230308 063711.833 INFO             PET2       After Realize: - MemInfo: [/proc/self/status]	VmHWM:	   83396 kB
20230308 063711.833 INFO             PET2       After Realize: - MemInfo: [/proc/self/status]	VmRSS:	   83396 kB
20230308 063711.833 INFO             PET2       After Realize: - MemInfo: [/proc/self/status]	VmData:	   99152 kB
20230308 063711.833 INFO             PET2       After Realize: - MemInfo: [/proc/self/status]	VmStk:	     216 kB
20230308 063711.833 INFO             PET2       After Realize: - MemInfo: [/proc/self/status]	VmExe:	     276 kB
20230308 063711.833 INFO             PET2       After Realize: - MemInfo: [/proc/self/status]	VmLib:	   90264 kB
20230308 063711.833 INFO             PET2       After Realize: - MemInfo: [/proc/self/status]	VmPTE:	    1048 kB
20230308 063711.833 INFO             PET2       After Realize: - MemInfo: [/proc/self/status]	VmPMD:	      16 kB
20230308 063711.833 INFO             PET2       After Realize: - MemInfo: [/proc/self/status]	VmSwap:	       0 kB
20230308 063711.833 INFO             PET2       After Realize: - MemInfo: [/proc/self/status]	VmRSSPercent: 0.127309 %
20230308 063711.833 INFO             PET2       After Realize: - MemInfo: [malloc] Non-mmapped space allocated:                 4653056 Byte
20230308 063711.833 INFO             PET2       After Realize: - MemInfo: [malloc] Space allocated in mmapped regions:         11169792 Byte
20230308 063711.833 INFO             PET2       After Realize: - MemInfo: [malloc] Maximum total allocated space:                     0 Byte
20230308 063711.833 INFO             PET2       After Realize: - MemInfo: [malloc] Space in freed fastbin blocks:                  1040 Byte
20230308 063711.833 INFO             PET2       After Realize: - MemInfo: [malloc] Total allocated space:                       4182864 Byte
20230308 063711.833 INFO             PET2       After Realize: - MemInfo: [malloc] Total free space:                             470192 Byte
20230308 063711.833 INFO             PET2       After Realize: - MemInfo: [malloc] Top-most, releasable space:                   137008 Byte
20230308 063711.833 INFO             PET2       After Realize: - MemInfo: [malloc] Total space in use, mmap + non-mmap:        15352656 Byte
20230308 063711.833 INFO             PET2       After Realize: - MemInfo: [malloc] Total space held (mmap + non-mmap):         15822848 Byte
20230308 063711.834 INFO             PET2       After Realize: - MemInfo: [malloc] Total space used (mmap + non-mmap):         15361808 Byte
20230308 063711.834 INFO             PET2       After Realize: - MemInfo: Wall-clock time since execution start:              0.0346016 seconds
20230308 063711.834 INFO             PET2       <<<MODEL: leaving Initialize (phase=IPDvXp04) without valid internal Clock.
20230308 063711.834 INFO             PET2     MODEL: InitializeIPDvXp04 extro.
20230308 063711.835 INFO             PET2     driver: IInitRealize intro.
20230308 063711.835 INFO             PET2     driver: IInitRealize extro.
20230308 063711.835 INFO             PET2     MODEL: InitializeIPDvXp07 intro.
20230308 063711.835 INFO             PET2       >>>MODEL: entered Initialize (phase=IPDvXp07) without valid internal Clock.
20230308 063711.835 INFO             PET2       <<<MODEL: leaving Initialize (phase=IPDvXp07) with current time:    0  1  1  0  0  0   0
20230308 063711.835 INFO             PET2     MODEL: InitializeIPDvXp07 extro.
20230308 063711.835 INFO             PET2     <<<driver: leaving Initialize (phase=<none>) with current time:    0  1  1  0  0  0   0
20230308 063711.835 INFO             PET2   driver: InitializeIPDv02p3 extro.
20230308 063711.836 INFO             PET2   driver: InitializeIPDv02p5 intro.
20230308 063711.836 INFO             PET2     >>>driver: entered Initialize (phase=<none>) with current time:    0  1  1  0  0  0   0
20230308 063711.836 INFO             PET2     driver: this is a top level driver, no 'Updated' and 'InitializeDataComplete' info on this level.
20230308 063711.836 INFO             PET2     driver: InitializeIPDv02p5Data intro.
20230308 063711.836 INFO             PET2       driver: InternalInitializeComplete intro.
20230308 063711.836 INFO             PET2         driver: InitializeDataComplete='true'
20230308 063711.836 INFO             PET2       driver: InternalInitializeComplete extro.
20230308 063711.836 INFO             PET2       MODEL: InitializeIPDvXp08 intro.
20230308 063711.836 INFO             PET2         >>>MODEL: entered Initialize (phase=IPDv05p8) with current time:    0  1  1  0  0  0   0
20230308 063711.837 INFO             PET2         MODEL: InitializeDataProgress='false', InitializeDataComplete='false'
20230308 063711.837 INFO             PET2         <<<MODEL: leaving Initialize (phase=IPDv05p8) with current time:    0  1  1  0  0  0   0
20230308 063711.837 INFO             PET2       MODEL: InitializeIPDvXp08 extro.
20230308 063711.838 INFO             PET2       driver: components present that trigger loopDataDependentInitialize().
20230308 063711.838 INFO             PET2       driver: loopDataDependentInitialize intro.
20230308 063711.838 INFO             PET2         driver: component    0=driver, dataComplete (local): true
20230308 063711.838 INFO             PET2         driver: component    0=driver, dataComplete (global):  T
20230308 063711.839 INFO             PET2         driver: component    1=MODEL, dataComplete (local): false
20230308 063711.839 INFO             PET2         driver: component    1=MODEL, dataComplete (global):  F
20230308 063711.839 INFO             PET2         MODEL: InitializeIPDvXp08 intro.
20230308 063711.839 INFO             PET2           >>>MODEL: entered Initialize (phase=IPDv05p8) with current time:    0  1  1  0  0  0   0
20230308 063711.839 INFO             PET2           MODEL: InitializeDataProgress='true', InitializeDataComplete='true'
20230308 063711.839 INFO             PET2           <<<MODEL: leaving Initialize (phase=IPDv05p8) with current time:    0  1  1  0  0  0   0
20230308 063711.839 INFO             PET2         MODEL: InitializeIPDvXp08 extro.
20230308 063711.840 INFO             PET2         driver: component    1=MODEL, someProgress (local): true
20230308 063711.840 INFO             PET2         driver: component    1=MODEL, someProgress (global):  T
20230308 063711.840 INFO             PET2         driver: someProgress= T, allComplete= F, present(dataDepAllComplete)= T
20230308 063711.840 INFO             PET2         driver: component    0=driver, dataComplete (local): true
20230308 063711.840 INFO             PET2         driver: component    0=driver, dataComplete (global):  T
20230308 063711.840 INFO             PET2         driver: component    1=MODEL, dataComplete (local): true
20230308 063711.840 INFO             PET2         driver: component    1=MODEL, dataComplete (global):  T
20230308 063711.840 INFO             PET2         driver: someProgress= F, allComplete= T, present(dataDepAllComplete)= T
20230308 063711.840 INFO             PET2         driver: finished resolving initialize data dependencies on this level.
20230308 063711.840 INFO             PET2       driver: loopDataDependentInitialize extro.
20230308 063711.840 INFO             PET2       driver: loopDataDependentInitialize() returned with dataDepAllComplete:  T
20230308 063711.841 INFO             PET2     driver: InitializeIPDv02p5Data extro.
20230308 063711.841 INFO             PET2     <<<driver: leaving Initialize (phase=<none>) with current time:    0  1  1  0  0  0   0
20230308 063711.841 INFO             PET2   driver: InitializeIPDv02p5 extro.
20230308 063711.841 INFO             PET2 driver: InitializeGeneric extro.
20230308 063711.841 INFO             PET2 driver: Run intro.
20230308 063711.841 INFO             PET2   >>>driver entered Run (phase=RunPhase1) with current time:    0  1  1  0  0  0   0
20230308 063711.841 INFO             PET2   driver: after lable_SetRunClock, current time:    0  1  1  0  0  0   0
20230308 063711.841 INFO             PET2   driver: begin -------> RunSequence.
20230308 063711.841 INFO             PET2     driver: RunSequence event loopLevel=   1  levelMember=   1  loopIteration=   1, current time:    0  1  1  0  0  0   0
20230308 063711.841 INFO             PET2     MODEL: Run intro.
20230308 063711.841 INFO             PET2       >>>MODEL: entered Run (phase=RunPhase1) with current time:    0  1  1  0  0  0   0
20230308 063711.841 INFO             PET2       MODEL: time step-loop starting, current time:    0  1  1  0  0  0   0
20230308 063711.841 INFO             PET2       thread_num=   0   currentSsiPe=  37   num_threads=   3   max_threads=   3   num_procs=  36
20230308 063711.842 INFO             PET2       thread_num=   1   currentSsiPe=   0   num_threads=   3   max_threads=   3   num_procs=  36
20230308 063711.842 INFO             PET2       thread_num=   2   currentSsiPe=   5   num_threads=   3   max_threads=   3   num_procs=  36
20230308 063711.842 INFO             PET2       ---->Advancing Model from:    0  1  1  0  0  0   0
20230308 063711.842 INFO             PET2       ---------------------> to:    0  1  1  0  0 30   0
20230308 063711.842 INFO             PET2       MODEL: time step-loop ending,   current time:    0  1  1  0  0 30   0
20230308 063711.842 INFO             PET2       <<<MODEL: leaving Run (phase=RunPhase1) with current time:    0  1  1  0  0 30   0
20230308 063711.842 INFO             PET2     MODEL: Run extro.
20230308 063711.842 INFO             PET2     driver: RunSequence event loopLevel=   1  levelMember=   1  loopIteration=   2, current time:    0  1  1  0  0 30   0
20230308 063711.842 INFO             PET2     MODEL: Run intro.
20230308 063711.842 INFO             PET2       >>>MODEL: entered Run (phase=RunPhase1) with current time:    0  1  1  0  0 30   0
20230308 063711.842 INFO             PET2       MODEL: time step-loop starting, current time:    0  1  1  0  0 30   0
20230308 063711.842 INFO             PET2       thread_num=   2   currentSsiPe=   5   num_threads=   3   max_threads=   3   num_procs=  36
20230308 063711.842 INFO             PET2       thread_num=   1   currentSsiPe=   0   num_threads=   3   max_threads=   3   num_procs=  36
20230308 063711.842 INFO             PET2       thread_num=   0   currentSsiPe=  37   num_threads=   3   max_threads=   3   num_procs=  36
20230308 063711.842 INFO             PET2       ---->Advancing Model from:    0  1  1  0  0 30   0
20230308 063711.842 INFO             PET2       ---------------------> to:    0  1  1  0  1  0   0
20230308 063711.842 INFO             PET2       MODEL: time step-loop ending,   current time:    0  1  1  0  1  0   0
20230308 063711.842 INFO             PET2       <<<MODEL: leaving Run (phase=RunPhase1) with current time:    0  1  1  0  1  0   0
20230308 063711.842 INFO             PET2     MODEL: Run extro.
20230308 063711.842 INFO             PET2     driver: RunSequence event loopLevel=   1  levelMember=   1  loopIteration=   3, current time:    0  1  1  0  1  0   0
20230308 063711.842 INFO             PET2     MODEL: Run intro.
20230308 063711.842 INFO             PET2       >>>MODEL: entered Run (phase=RunPhase1) with current time:    0  1  1  0  1  0   0
20230308 063711.842 INFO             PET2       MODEL: time step-loop starting, current time:    0  1  1  0  1  0   0
20230308 063711.842 INFO             PET2       thread_num=   1   currentSsiPe=   0   num_threads=   3   max_threads=   3   num_procs=  36
20230308 063711.842 INFO             PET2       thread_num=   2   currentSsiPe=   5   num_threads=   3   max_threads=   3   num_procs=  36
20230308 063711.842 INFO             PET2       thread_num=   0   currentSsiPe=  37   num_threads=   3   max_threads=   3   num_procs=  36
20230308 063711.842 INFO             PET2       ---->Advancing Model from:    0  1  1  0  1  0   0
20230308 063711.843 INFO             PET2       ---------------------> to:    0  1  1  0  1 30   0
20230308 063711.843 INFO             PET2       MODEL: time step-loop ending,   current time:    0  1  1  0  1 30   0
20230308 063711.843 INFO             PET2       <<<MODEL: leaving Run (phase=RunPhase1) with current time:    0  1  1  0  1 30   0
20230308 063711.843 INFO             PET2     MODEL: Run extro.
20230308 063711.843 INFO             PET2     driver: RunSequence event loopLevel=   1  levelMember=   1  loopIteration=   4, current time:    0  1  1  0  1 30   0
20230308 063711.843 INFO             PET2     MODEL: Run intro.
20230308 063711.843 INFO             PET2       >>>MODEL: entered Run (phase=RunPhase1) with current time:    0  1  1  0  1 30   0
20230308 063711.843 INFO             PET2       MODEL: time step-loop starting, current time:    0  1  1  0  1 30   0
20230308 063711.843 INFO             PET2       thread_num=   1   currentSsiPe=   0   num_threads=   3   max_threads=   3   num_procs=  36
20230308 063711.843 INFO             PET2       thread_num=   0   currentSsiPe=  37   num_threads=   3   max_threads=   3   num_procs=  36
20230308 063711.843 INFO             PET2       thread_num=   2   currentSsiPe=   5   num_threads=   3   max_threads=   3   num_procs=  36
20230308 063711.843 INFO             PET2       ---->Advancing Model from:    0  1  1  0  1 30   0
20230308 063711.843 INFO             PET2       ---------------------> to:    0  1  1  0  2  0   0
20230308 063711.843 INFO             PET2       MODEL: time step-loop ending,   current time:    0  1  1  0  2  0   0
20230308 063711.843 INFO             PET2       <<<MODEL: leaving Run (phase=RunPhase1) with current time:    0  1  1  0  2  0   0
20230308 063711.843 INFO             PET2     MODEL: Run extro.
20230308 063711.843 INFO             PET2     driver: RunSequence event loopLevel=   1  levelMember=   1  loopIteration=   5, current time:    0  1  1  0  2  0   0
20230308 063711.843 INFO             PET2     MODEL: Run intro.
20230308 063711.843 INFO             PET2       >>>MODEL: entered Run (phase=RunPhase1) with current time:    0  1  1  0  2  0   0
20230308 063711.843 INFO             PET2       MODEL: time step-loop starting, current time:    0  1  1  0  2  0   0
20230308 063711.843 INFO             PET2       thread_num=   2   currentSsiPe=   5   num_threads=   3   max_threads=   3   num_procs=  36
20230308 063711.843 INFO             PET2       thread_num=   0   currentSsiPe=  37   num_threads=   3   max_threads=   3   num_procs=  36
20230308 063711.843 INFO             PET2       thread_num=   1   currentSsiPe=   0   num_threads=   3   max_threads=   3   num_procs=  36
20230308 063711.843 INFO             PET2       ---->Advancing Model from:    0  1  1  0  2  0   0
20230308 063711.843 INFO             PET2       ---------------------> to:    0  1  1  0  2 30   0
20230308 063711.843 INFO             PET2       MODEL: time step-loop ending,   current time:    0  1  1  0  2 30   0
20230308 063711.843 INFO             PET2       <<<MODEL: leaving Run (phase=RunPhase1) with current time:    0  1  1  0  2 30   0
20230308 063711.843 INFO             PET2     MODEL: Run extro.
20230308 063711.843 INFO             PET2   driver: end <--------- RunSequence
20230308 063711.843 INFO             PET2   <<<driver - leaving Run with current time:    0  1  1  0  2 30   0
20230308 063711.843 INFO             PET2 driver: Run extro.
20230308 063711.844 INFO             PET2 driver: Finalize intro.
20230308 063711.844 INFO             PET2   Calling Finalize phase 1 for modelComp: MODEL
20230308 063711.844 INFO             PET2   MODEL: Finalize intro.
20230308 063711.844 INFO             PET2     >>>MODEL: entered Finalize (phase=FinalizePhase1) with current time:    0  1  1  0  2 30   0
20230308 063711.844 INFO             PET2     <<<MODEL: leaving Finalize (phase=FinalizePhase1) with current time:    0  1  1  0  2 30   0
20230308 063711.844 INFO             PET2   MODEL: Finalize extro.
20230308 063711.844 INFO             PET2   Delete modelComp: MODEL
20230308 063711.844 INFO             PET2   Delete Import-/Export State for modelComp: MODEL
20230308 063711.844 INFO             PET2 driver: Finalize extro.
20230308 063711.844 INFO             PET2 mainApp FINISHED
20230308 063711.844 INFO             PET2 Finalizing ESMF
20230308 063711.803 INFO             PET3 !!!!!!!!!!!!!!!!!!!!!!!!!!!!!!!!!!!!!!!!!!!!!!!!!!!!!!
20230308 063711.804 INFO             PET3 !!! THE ESMF_LOG IS SET TO OUTPUT ALL LOG MESSAGES !!!
20230308 063711.804 INFO             PET3 !!!     THIS MAY CAUSE SLOWDOWN IN PERFORMANCE     !!!
20230308 063711.804 INFO             PET3 !!! FOR PRODUCTION RUNS, USE:                      !!!
20230308 063711.804 INFO             PET3 !!!                   ESMF_LOGKIND_Multi_On_Error  !!!
20230308 063711.804 INFO             PET3 !!!!!!!!!!!!!!!!!!!!!!!!!!!!!!!!!!!!!!!!!!!!!!!!!!!!!!
20230308 063711.804 INFO             PET3 Running with ESMF Version   : v8.5.0b18
20230308 063711.804 INFO             PET3 ESMF library build date/time: "Mar  8 2023" "05:08:05"
20230308 063711.804 INFO             PET3 ESMF library build location : /glade/scratch/theurich/ESMF-Nightly-Testing/nvhpc_21.11_openmpi_g_develop/esmf
20230308 063711.804 INFO             PET3 ESMF_COMM                   : openmpi
20230308 063711.804 INFO             PET3 ESMF_MOAB                   : enabled
20230308 063711.804 INFO             PET3 ESMF_LAPACK                 : enabled
20230308 063711.804 INFO             PET3 ESMF_NETCDF                 : enabled
20230308 063711.804 INFO             PET3 ESMF_PNETCDF                : disabled
20230308 063711.804 INFO             PET3 ESMF_PIO                    : enabled
20230308 063711.804 INFO             PET3 ESMF_YAMLCPP                : enabled
20230308 063711.804 INFO             PET3 mainApp STARTING
20230308 063711.810 INFO             PET3 driver: InitializeGeneric intro.
20230308 063711.811 INFO             PET3   driver: InitializeP0 intro.
20230308 063711.811 INFO             PET3   driver: InitializeP0 extro.
20230308 063711.811 INFO             PET3   driver: InitializeIPDv02p1 intro.
20230308 063711.811 INFO             PET3     >>>driver: entered Initialize (phase=<none>) without valid internal Clock.
20230308 063711.811 INFO             PET3     driver - Creating model component MODEL without petList.
20230308 063711.815 INFO             PET3      GridCompIsPetLocal:   T
20230308 063711.815 INFO             PET3      VmIsCreated:   T
20230308 063711.815 INFO             PET3      valid MPI_COMM with size=            4
20230308 063711.816 INFO             PET3     driver - Creating state: modelComp 1 Import State
20230308 063711.816 INFO             PET3     driver - Creating state: modelComp 1 Export State
20230308 063711.816 INFO             PET3     MODEL: InitializeP0 intro.
20230308 063711.817 INFO             PET3       >>>MODEL: entered Initialize (phase=<none>) without valid internal Clock.
20230308 063711.818 INFO             PET3       <<<MODEL: leaving Initialize (phase=<none>) without valid internal Clock.
20230308 063711.818 INFO             PET3     MODEL: InitializeP0 extro.
20230308 063711.821 INFO             PET3     driver: IInitAdvertise intro.
20230308 063711.821 INFO             PET3     driver: IInitAdvertise extro.
20230308 063711.821 INFO             PET3     MODEL: InitializeIPDvXp01 intro.
20230308 063711.821 INFO             PET3       >>>MODEL: entered Initialize (phase=IPDvXp01) without valid internal Clock.
20230308 063711.824 INFO             PET3       <<<MODEL: leaving Initialize (phase=IPDvXp01) without valid internal Clock.
20230308 063711.824 INFO             PET3     MODEL: InitializeIPDvXp01 extro.
20230308 063711.825 INFO             PET3     driver: IInitAdvertiseFinish intro.
20230308 063711.825 INFO             PET3     driver: IInitAdvertiseFinish extro.
20230308 063711.826 INFO             PET3     driver: IInitModifyCplLists intro.
20230308 063711.826 INFO             PET3     driver: IInitModifyCplLists extro.
20230308 063711.826 INFO             PET3     <<<driver: leaving Initialize (phase=<none>) with current time:    0  1  1  0  0  0   0
20230308 063711.826 INFO             PET3   driver: InitializeIPDv02p1 extro.
20230308 063711.826 INFO             PET3   driver: InitializeIPDv02p3 intro.
20230308 063711.826 INFO             PET3     >>>driver: entered Initialize (phase=<none>) with current time:    0  1  1  0  0  0   0
20230308 063711.828 INFO             PET3     driver: IInitCheck intro.
20230308 063711.829 INFO             PET3     driver: IInitCheck extro.
20230308 063711.829 INFO             PET3     MODEL: InitializeIPDvXp04 intro.
20230308 063711.829 INFO             PET3       >>>MODEL: entered Initialize (phase=IPDvXp04) without valid internal Clock.
20230308 063711.834 INFO             PET3       After Realize: - MemInfo: [/proc/meminfo - SSI]	MemTotal:       65507008 kB
20230308 063711.834 INFO             PET3       After Realize: - MemInfo: [/proc/meminfo - SSI]	MemFree:        48896740 kB
20230308 063711.834 INFO             PET3       After Realize: - MemInfo: [/proc/meminfo - SSI]	MemAvailable:   48693928 kB
20230308 063711.834 INFO             PET3       After Realize: - MemInfo: [/proc/meminfo - SSI]	Committed_AS:   14500924 kB
20230308 063711.834 INFO             PET3       After Realize: - MemInfo: [/proc/meminfo - SSI]	CommittedPercent: 22.1364 %
20230308 063711.834 INFO             PET3       After Realize: - MemInfo: [/proc/self/status]	VmPeak:	  742704 kB
20230308 063711.834 INFO             PET3       After Realize: - MemInfo: [/proc/self/status]	VmSize:	  742704 kB
20230308 063711.834 INFO             PET3       After Realize: - MemInfo: [/proc/self/status]	VmLck:	       0 kB
20230308 063711.834 INFO             PET3       After Realize: - MemInfo: [/proc/self/status]	VmPin:	   44660 kB
20230308 063711.834 INFO             PET3       After Realize: - MemInfo: [/proc/self/status]	VmHWM:	   82808 kB
20230308 063711.834 INFO             PET3       After Realize: - MemInfo: [/proc/self/status]	VmRSS:	   82808 kB
20230308 063711.834 INFO             PET3       After Realize: - MemInfo: [/proc/self/status]	VmData:	   90940 kB
20230308 063711.834 INFO             PET3       After Realize: - MemInfo: [/proc/self/status]	VmStk:	     220 kB
20230308 063711.834 INFO             PET3       After Realize: - MemInfo: [/proc/self/status]	VmExe:	     276 kB
20230308 063711.834 INFO             PET3       After Realize: - MemInfo: [/proc/self/status]	VmLib:	   90264 kB
20230308 063711.834 INFO             PET3       After Realize: - MemInfo: [/proc/self/status]	VmPTE:	    1044 kB
20230308 063711.834 INFO             PET3       After Realize: - MemInfo: [/proc/self/status]	VmPMD:	      16 kB
20230308 063711.834 INFO             PET3       After Realize: - MemInfo: [/proc/self/status]	VmSwap:	       0 kB
20230308 063711.834 INFO             PET3       After Realize: - MemInfo: [/proc/self/status]	VmRSSPercent: 0.126411 %
20230308 063711.834 INFO             PET3       After Realize: - MemInfo: [malloc] Non-mmapped space allocated:                 4653056 Byte
20230308 063711.834 INFO             PET3       After Realize: - MemInfo: [malloc] Space allocated in mmapped regions:          2760704 Byte
20230308 063711.834 INFO             PET3       After Realize: - MemInfo: [malloc] Maximum total allocated space:                     0 Byte
20230308 063711.834 INFO             PET3       After Realize: - MemInfo: [malloc] Space in freed fastbin blocks:                  1040 Byte
20230308 063711.834 INFO             PET3       After Realize: - MemInfo: [malloc] Total allocated space:                       4182864 Byte
20230308 063711.834 INFO             PET3       After Realize: - MemInfo: [malloc] Total free space:                             470192 Byte
20230308 063711.834 INFO             PET3       After Realize: - MemInfo: [malloc] Top-most, releasable space:                   137008 Byte
20230308 063711.834 INFO             PET3       After Realize: - MemInfo: [malloc] Total space in use, mmap + non-mmap:         6943568 Byte
20230308 063711.834 INFO             PET3       After Realize: - MemInfo: [malloc] Total space held (mmap + non-mmap):          7413760 Byte
20230308 063711.834 INFO             PET3       After Realize: - MemInfo: [malloc] Total space used (mmap + non-mmap):          6952720 Byte
20230308 063711.834 INFO             PET3       After Realize: - MemInfo: Wall-clock time since execution start:              0.0347668 seconds
20230308 063711.834 INFO             PET3       <<<MODEL: leaving Initialize (phase=IPDvXp04) without valid internal Clock.
20230308 063711.834 INFO             PET3     MODEL: InitializeIPDvXp04 extro.
20230308 063711.835 INFO             PET3     driver: IInitRealize intro.
20230308 063711.835 INFO             PET3     driver: IInitRealize extro.
20230308 063711.835 INFO             PET3     MODEL: InitializeIPDvXp07 intro.
20230308 063711.836 INFO             PET3       >>>MODEL: entered Initialize (phase=IPDvXp07) without valid internal Clock.
20230308 063711.836 INFO             PET3       <<<MODEL: leaving Initialize (phase=IPDvXp07) with current time:    0  1  1  0  0  0   0
20230308 063711.836 INFO             PET3     MODEL: InitializeIPDvXp07 extro.
20230308 063711.836 INFO             PET3     <<<driver: leaving Initialize (phase=<none>) with current time:    0  1  1  0  0  0   0
20230308 063711.836 INFO             PET3   driver: InitializeIPDv02p3 extro.
20230308 063711.836 INFO             PET3   driver: InitializeIPDv02p5 intro.
20230308 063711.836 INFO             PET3     >>>driver: entered Initialize (phase=<none>) with current time:    0  1  1  0  0  0   0
20230308 063711.836 INFO             PET3     driver: this is a top level driver, no 'Updated' and 'InitializeDataComplete' info on this level.
20230308 063711.836 INFO             PET3     driver: InitializeIPDv02p5Data intro.
20230308 063711.836 INFO             PET3       driver: InternalInitializeComplete intro.
20230308 063711.836 INFO             PET3         driver: InitializeDataComplete='true'
20230308 063711.836 INFO             PET3       driver: InternalInitializeComplete extro.
20230308 063711.837 INFO             PET3       MODEL: InitializeIPDvXp08 intro.
20230308 063711.837 INFO             PET3         >>>MODEL: entered Initialize (phase=IPDv05p8) with current time:    0  1  1  0  0  0   0
20230308 063711.837 INFO             PET3         MODEL: InitializeDataProgress='false', InitializeDataComplete='false'
20230308 063711.837 INFO             PET3         <<<MODEL: leaving Initialize (phase=IPDv05p8) with current time:    0  1  1  0  0  0   0
20230308 063711.837 INFO             PET3       MODEL: InitializeIPDvXp08 extro.
20230308 063711.838 INFO             PET3       driver: components present that trigger loopDataDependentInitialize().
20230308 063711.838 INFO             PET3       driver: loopDataDependentInitialize intro.
20230308 063711.838 INFO             PET3         driver: component    0=driver, dataComplete (local): true
20230308 063711.838 INFO             PET3         driver: component    0=driver, dataComplete (global):  T
20230308 063711.839 INFO             PET3         driver: component    1=MODEL, dataComplete (local): false
20230308 063711.839 INFO             PET3         driver: component    1=MODEL, dataComplete (global):  F
20230308 063711.839 INFO             PET3         MODEL: InitializeIPDvXp08 intro.
20230308 063711.839 INFO             PET3           >>>MODEL: entered Initialize (phase=IPDv05p8) with current time:    0  1  1  0  0  0   0
20230308 063711.839 INFO             PET3           MODEL: InitializeDataProgress='true', InitializeDataComplete='true'
20230308 063711.839 INFO             PET3           <<<MODEL: leaving Initialize (phase=IPDv05p8) with current time:    0  1  1  0  0  0   0
20230308 063711.839 INFO             PET3         MODEL: InitializeIPDvXp08 extro.
20230308 063711.840 INFO             PET3         driver: component    1=MODEL, someProgress (local): true
20230308 063711.840 INFO             PET3         driver: component    1=MODEL, someProgress (global):  T
20230308 063711.840 INFO             PET3         driver: someProgress= T, allComplete= F, present(dataDepAllComplete)= T
20230308 063711.840 INFO             PET3         driver: component    0=driver, dataComplete (local): true
20230308 063711.840 INFO             PET3         driver: component    0=driver, dataComplete (global):  T
20230308 063711.840 INFO             PET3         driver: component    1=MODEL, dataComplete (local): true
20230308 063711.840 INFO             PET3         driver: component    1=MODEL, dataComplete (global):  T
20230308 063711.840 INFO             PET3         driver: someProgress= F, allComplete= T, present(dataDepAllComplete)= T
20230308 063711.840 INFO             PET3         driver: finished resolving initialize data dependencies on this level.
20230308 063711.840 INFO             PET3       driver: loopDataDependentInitialize extro.
20230308 063711.840 INFO             PET3       driver: loopDataDependentInitialize() returned with dataDepAllComplete:  T
20230308 063711.841 INFO             PET3     driver: InitializeIPDv02p5Data extro.
20230308 063711.841 INFO             PET3     <<<driver: leaving Initialize (phase=<none>) with current time:    0  1  1  0  0  0   0
20230308 063711.841 INFO             PET3   driver: InitializeIPDv02p5 extro.
20230308 063711.841 INFO             PET3 driver: InitializeGeneric extro.
20230308 063711.841 INFO             PET3 driver: Run intro.
20230308 063711.841 INFO             PET3   >>>driver entered Run (phase=RunPhase1) with current time:    0  1  1  0  0  0   0
20230308 063711.841 INFO             PET3   driver: after lable_SetRunClock, current time:    0  1  1  0  0  0   0
20230308 063711.841 INFO             PET3   driver: begin -------> RunSequence.
20230308 063711.841 INFO             PET3     driver: RunSequence event loopLevel=   1  levelMember=   1  loopIteration=   1, current time:    0  1  1  0  0  0   0
20230308 063711.841 INFO             PET3     MODEL: Run intro.
20230308 063711.841 INFO             PET3       >>>MODEL: entered Run (phase=RunPhase1) with current time:    0  1  1  0  0  0   0
20230308 063711.841 INFO             PET3       MODEL: time step-loop starting, current time:    0  1  1  0  0  0   0
20230308 063711.841 INFO             PET3       thread_num=   0   currentSsiPe=  57   num_threads=   3   max_threads=   3   num_procs=  36
20230308 063711.842 INFO             PET3       thread_num=   1   currentSsiPe=  65   num_threads=   3   max_threads=   3   num_procs=  36
20230308 063711.842 INFO             PET3       thread_num=   2   currentSsiPe=  35   num_threads=   3   max_threads=   3   num_procs=  36
20230308 063711.842 INFO             PET3       ---->Advancing Model from:    0  1  1  0  0  0   0
20230308 063711.842 INFO             PET3       ---------------------> to:    0  1  1  0  0 30   0
20230308 063711.842 INFO             PET3       MODEL: time step-loop ending,   current time:    0  1  1  0  0 30   0
20230308 063711.842 INFO             PET3       <<<MODEL: leaving Run (phase=RunPhase1) with current time:    0  1  1  0  0 30   0
20230308 063711.842 INFO             PET3     MODEL: Run extro.
20230308 063711.842 INFO             PET3     driver: RunSequence event loopLevel=   1  levelMember=   1  loopIteration=   2, current time:    0  1  1  0  0 30   0
20230308 063711.842 INFO             PET3     MODEL: Run intro.
20230308 063711.842 INFO             PET3       >>>MODEL: entered Run (phase=RunPhase1) with current time:    0  1  1  0  0 30   0
20230308 063711.842 INFO             PET3       MODEL: time step-loop starting, current time:    0  1  1  0  0 30   0
20230308 063711.842 INFO             PET3       thread_num=   1   currentSsiPe=  65   num_threads=   3   max_threads=   3   num_procs=  36
20230308 063711.842 INFO             PET3       thread_num=   0   currentSsiPe=  57   num_threads=   3   max_threads=   3   num_procs=  36
20230308 063711.842 INFO             PET3       thread_num=   2   currentSsiPe=  35   num_threads=   3   max_threads=   3   num_procs=  36
20230308 063711.842 INFO             PET3       ---->Advancing Model from:    0  1  1  0  0 30   0
20230308 063711.842 INFO             PET3       ---------------------> to:    0  1  1  0  1  0   0
20230308 063711.842 INFO             PET3       MODEL: time step-loop ending,   current time:    0  1  1  0  1  0   0
20230308 063711.842 INFO             PET3       <<<MODEL: leaving Run (phase=RunPhase1) with current time:    0  1  1  0  1  0   0
20230308 063711.842 INFO             PET3     MODEL: Run extro.
20230308 063711.842 INFO             PET3     driver: RunSequence event loopLevel=   1  levelMember=   1  loopIteration=   3, current time:    0  1  1  0  1  0   0
20230308 063711.842 INFO             PET3     MODEL: Run intro.
20230308 063711.842 INFO             PET3       >>>MODEL: entered Run (phase=RunPhase1) with current time:    0  1  1  0  1  0   0
20230308 063711.842 INFO             PET3       MODEL: time step-loop starting, current time:    0  1  1  0  1  0   0
20230308 063711.842 INFO             PET3       thread_num=   1   currentSsiPe=  65   num_threads=   3   max_threads=   3   num_procs=  36
20230308 063711.842 INFO             PET3       thread_num=   2   currentSsiPe=  35   num_threads=   3   max_threads=   3   num_procs=  36
20230308 063711.843 INFO             PET3       thread_num=   0   currentSsiPe=  57   num_threads=   3   max_threads=   3   num_procs=  36
20230308 063711.843 INFO             PET3       ---->Advancing Model from:    0  1  1  0  1  0   0
20230308 063711.843 INFO             PET3       ---------------------> to:    0  1  1  0  1 30   0
20230308 063711.843 INFO             PET3       MODEL: time step-loop ending,   current time:    0  1  1  0  1 30   0
20230308 063711.843 INFO             PET3       <<<MODEL: leaving Run (phase=RunPhase1) with current time:    0  1  1  0  1 30   0
20230308 063711.843 INFO             PET3     MODEL: Run extro.
20230308 063711.843 INFO             PET3     driver: RunSequence event loopLevel=   1  levelMember=   1  loopIteration=   4, current time:    0  1  1  0  1 30   0
20230308 063711.843 INFO             PET3     MODEL: Run intro.
20230308 063711.843 INFO             PET3       >>>MODEL: entered Run (phase=RunPhase1) with current time:    0  1  1  0  1 30   0
20230308 063711.843 INFO             PET3       MODEL: time step-loop starting, current time:    0  1  1  0  1 30   0
20230308 063711.843 INFO             PET3       thread_num=   1   currentSsiPe=  65   num_threads=   3   max_threads=   3   num_procs=  36
20230308 063711.843 INFO             PET3       thread_num=   2   currentSsiPe=  35   num_threads=   3   max_threads=   3   num_procs=  36
20230308 063711.843 INFO             PET3       thread_num=   0   currentSsiPe=  57   num_threads=   3   max_threads=   3   num_procs=  36
20230308 063711.843 INFO             PET3       ---->Advancing Model from:    0  1  1  0  1 30   0
20230308 063711.843 INFO             PET3       ---------------------> to:    0  1  1  0  2  0   0
20230308 063711.843 INFO             PET3       MODEL: time step-loop ending,   current time:    0  1  1  0  2  0   0
20230308 063711.843 INFO             PET3       <<<MODEL: leaving Run (phase=RunPhase1) with current time:    0  1  1  0  2  0   0
20230308 063711.843 INFO             PET3     MODEL: Run extro.
20230308 063711.843 INFO             PET3     driver: RunSequence event loopLevel=   1  levelMember=   1  loopIteration=   5, current time:    0  1  1  0  2  0   0
20230308 063711.843 INFO             PET3     MODEL: Run intro.
20230308 063711.843 INFO             PET3       >>>MODEL: entered Run (phase=RunPhase1) with current time:    0  1  1  0  2  0   0
20230308 063711.843 INFO             PET3       MODEL: time step-loop starting, current time:    0  1  1  0  2  0   0
20230308 063711.843 INFO             PET3       thread_num=   1   currentSsiPe=  65   num_threads=   3   max_threads=   3   num_procs=  36
20230308 063711.843 INFO             PET3       thread_num=   0   currentSsiPe=  57   num_threads=   3   max_threads=   3   num_procs=  36
20230308 063711.843 INFO             PET3       thread_num=   2   currentSsiPe=  35   num_threads=   3   max_threads=   3   num_procs=  36
20230308 063711.843 INFO             PET3       ---->Advancing Model from:    0  1  1  0  2  0   0
20230308 063711.843 INFO             PET3       ---------------------> to:    0  1  1  0  2 30   0
20230308 063711.843 INFO             PET3       MODEL: time step-loop ending,   current time:    0  1  1  0  2 30   0
20230308 063711.843 INFO             PET3       <<<MODEL: leaving Run (phase=RunPhase1) with current time:    0  1  1  0  2 30   0
20230308 063711.843 INFO             PET3     MODEL: Run extro.
20230308 063711.843 INFO             PET3   driver: end <--------- RunSequence
20230308 063711.843 INFO             PET3   <<<driver - leaving Run with current time:    0  1  1  0  2 30   0
20230308 063711.843 INFO             PET3 driver: Run extro.
20230308 063711.844 INFO             PET3 driver: Finalize intro.
20230308 063711.844 INFO             PET3   Calling Finalize phase 1 for modelComp: MODEL
20230308 063711.844 INFO             PET3   MODEL: Finalize intro.
20230308 063711.844 INFO             PET3     >>>MODEL: entered Finalize (phase=FinalizePhase1) with current time:    0  1  1  0  2 30   0
20230308 063711.844 INFO             PET3     <<<MODEL: leaving Finalize (phase=FinalizePhase1) with current time:    0  1  1  0  2 30   0
20230308 063711.844 INFO             PET3   MODEL: Finalize extro.
20230308 063711.844 INFO             PET3   Delete modelComp: MODEL
20230308 063711.844 INFO             PET3   Delete Import-/Export State for modelComp: MODEL
20230308 063711.844 INFO             PET3 driver: Finalize extro.
20230308 063711.844 INFO             PET3 mainApp FINISHED
20230308 063711.844 INFO             PET3 Finalizing ESMF
