2023-03-24 04:25:49
20230324 045744.990 INFO             PET0 !!!!!!!!!!!!!!!!!!!!!!!!!!!!!!!!!!!!!!!!!!!!!!!!!!!!!!
20230324 045744.990 INFO             PET0 !!! THE ESMF_LOG IS SET TO OUTPUT ALL LOG MESSAGES !!!
20230324 045744.990 INFO             PET0 !!!     THIS MAY CAUSE SLOWDOWN IN PERFORMANCE     !!!
20230324 045744.990 INFO             PET0 !!! FOR PRODUCTION RUNS, USE:                      !!!
20230324 045744.990 INFO             PET0 !!!                   ESMF_LOGKIND_Multi_On_Error  !!!
20230324 045744.990 INFO             PET0 !!!!!!!!!!!!!!!!!!!!!!!!!!!!!!!!!!!!!!!!!!!!!!!!!!!!!!
20230324 045744.990 INFO             PET0 Running with ESMF Version   : v8.5.0b18-5-ge74a33b91d
20230324 045744.990 INFO             PET0 ESMF library build date/time: "Mar 24 2023" "04:24:03"
20230324 045744.990 INFO             PET0 ESMF library build location : /project/esmf/theurich/ESMF-Nightly-Testing/gfortran_8.1.0_openmpi_g_develop/esmf
20230324 045744.990 INFO             PET0 ESMF_COMM                   : openmpi
20230324 045744.991 INFO             PET0 ESMF_MOAB                   : enabled
20230324 045744.991 INFO             PET0 ESMF_LAPACK                 : enabled
20230324 045744.991 INFO             PET0 ESMF_NETCDF                 : enabled
20230324 045744.991 INFO             PET0 ESMF_PNETCDF                : disabled
20230324 045744.991 INFO             PET0 ESMF_PIO                    : enabled
20230324 045744.991 INFO             PET0 ESMF_YAMLCPP                : enabled
20230324 045745.151 DEBUG            PET0 about to destroy Grid: 0x215c270
20230324 045745.173 DEBUG            PET0 about to destroy Grid: 0x215cb10
20230324 045745.229 INFO             PET0  NUMBER_OF_PROCESSORS           4
20230324 045745.229 INFO             PET0  PASS  Example ESMF_NUOPCAtmModelEx, ESMF_NUOPCAtmModelEx.F90, line 806
20230324 045745.229 INFO             PET0 Finalizing ESMF
20230324 045744.991 INFO             PET1 !!!!!!!!!!!!!!!!!!!!!!!!!!!!!!!!!!!!!!!!!!!!!!!!!!!!!!
20230324 045744.991 INFO             PET1 !!! THE ESMF_LOG IS SET TO OUTPUT ALL LOG MESSAGES !!!
20230324 045744.991 INFO             PET1 !!!     THIS MAY CAUSE SLOWDOWN IN PERFORMANCE     !!!
20230324 045744.991 INFO             PET1 !!! FOR PRODUCTION RUNS, USE:                      !!!
20230324 045744.991 INFO             PET1 !!!                   ESMF_LOGKIND_Multi_On_Error  !!!
20230324 045744.991 INFO             PET1 !!!!!!!!!!!!!!!!!!!!!!!!!!!!!!!!!!!!!!!!!!!!!!!!!!!!!!
20230324 045744.991 INFO             PET1 Running with ESMF Version   : v8.5.0b18-5-ge74a33b91d
20230324 045744.991 INFO             PET1 ESMF library build date/time: "Mar 24 2023" "04:24:03"
20230324 045744.991 INFO             PET1 ESMF library build location : /project/esmf/theurich/ESMF-Nightly-Testing/gfortran_8.1.0_openmpi_g_develop/esmf
20230324 045744.991 INFO             PET1 ESMF_COMM                   : openmpi
20230324 045744.991 INFO             PET1 ESMF_MOAB                   : enabled
20230324 045744.991 INFO             PET1 ESMF_LAPACK                 : enabled
20230324 045744.991 INFO             PET1 ESMF_NETCDF                 : enabled
20230324 045744.991 INFO             PET1 ESMF_PNETCDF                : disabled
20230324 045744.991 INFO             PET1 ESMF_PIO                    : enabled
20230324 045744.991 INFO             PET1 ESMF_YAMLCPP                : enabled
20230324 045745.151 DEBUG            PET1 about to destroy Grid: 0x1948f00
20230324 045745.173 DEBUG            PET1 about to destroy Grid: 0x194a050
20230324 045745.229 INFO             PET1  NUMBER_OF_PROCESSORS           4
20230324 045745.229 INFO             PET1  PASS  Example ESMF_NUOPCAtmModelEx, ESMF_NUOPCAtmModelEx.F90, line 806
20230324 045745.229 INFO             PET1 Finalizing ESMF
20230324 045744.989 INFO             PET2 !!!!!!!!!!!!!!!!!!!!!!!!!!!!!!!!!!!!!!!!!!!!!!!!!!!!!!
20230324 045744.990 INFO             PET2 !!! THE ESMF_LOG IS SET TO OUTPUT ALL LOG MESSAGES !!!
20230324 045744.990 INFO             PET2 !!!     THIS MAY CAUSE SLOWDOWN IN PERFORMANCE     !!!
20230324 045744.990 INFO             PET2 !!! FOR PRODUCTION RUNS, USE:                      !!!
20230324 045744.990 INFO             PET2 !!!                   ESMF_LOGKIND_Multi_On_Error  !!!
20230324 045744.990 INFO             PET2 !!!!!!!!!!!!!!!!!!!!!!!!!!!!!!!!!!!!!!!!!!!!!!!!!!!!!!
20230324 045744.990 INFO             PET2 Running with ESMF Version   : v8.5.0b18-5-ge74a33b91d
20230324 045744.990 INFO             PET2 ESMF library build date/time: "Mar 24 2023" "04:24:03"
20230324 045744.990 INFO             PET2 ESMF library build location : /project/esmf/theurich/ESMF-Nightly-Testing/gfortran_8.1.0_openmpi_g_develop/esmf
20230324 045744.990 INFO             PET2 ESMF_COMM                   : openmpi
20230324 045744.990 INFO             PET2 ESMF_MOAB                   : enabled
20230324 045744.990 INFO             PET2 ESMF_LAPACK                 : enabled
20230324 045744.990 INFO             PET2 ESMF_NETCDF                 : enabled
20230324 045744.990 INFO             PET2 ESMF_PNETCDF                : disabled
20230324 045744.990 INFO             PET2 ESMF_PIO                    : enabled
20230324 045744.990 INFO             PET2 ESMF_YAMLCPP                : enabled
20230324 045745.151 DEBUG            PET2 about to destroy Grid: 0x2098760
20230324 045745.173 DEBUG            PET2 about to destroy Grid: 0x2099640
20230324 045745.229 INFO             PET2  NUMBER_OF_PROCESSORS           4
20230324 045745.229 INFO             PET2  PASS  Example ESMF_NUOPCAtmModelEx, ESMF_NUOPCAtmModelEx.F90, line 806
20230324 045745.229 INFO             PET2 Finalizing ESMF
20230324 045744.990 INFO             PET3 !!!!!!!!!!!!!!!!!!!!!!!!!!!!!!!!!!!!!!!!!!!!!!!!!!!!!!
20230324 045744.990 INFO             PET3 !!! THE ESMF_LOG IS SET TO OUTPUT ALL LOG MESSAGES !!!
20230324 045744.990 INFO             PET3 !!!     THIS MAY CAUSE SLOWDOWN IN PERFORMANCE     !!!
20230324 045744.990 INFO             PET3 !!! FOR PRODUCTION RUNS, USE:                      !!!
20230324 045744.990 INFO             PET3 !!!                   ESMF_LOGKIND_Multi_On_Error  !!!
20230324 045744.990 INFO             PET3 !!!!!!!!!!!!!!!!!!!!!!!!!!!!!!!!!!!!!!!!!!!!!!!!!!!!!!
20230324 045744.990 INFO             PET3 Running with ESMF Version   : v8.5.0b18-5-ge74a33b91d
20230324 045744.990 INFO             PET3 ESMF library build date/time: "Mar 24 2023" "04:24:03"
20230324 045744.990 INFO             PET3 ESMF library build location : /project/esmf/theurich/ESMF-Nightly-Testing/gfortran_8.1.0_openmpi_g_develop/esmf
20230324 045744.990 INFO             PET3 ESMF_COMM                   : openmpi
20230324 045744.990 INFO             PET3 ESMF_MOAB                   : enabled
20230324 045744.990 INFO             PET3 ESMF_LAPACK                 : enabled
20230324 045744.990 INFO             PET3 ESMF_NETCDF                 : enabled
20230324 045744.990 INFO             PET3 ESMF_PNETCDF                : disabled
20230324 045744.990 INFO             PET3 ESMF_PIO                    : enabled
20230324 045744.990 INFO             PET3 ESMF_YAMLCPP                : enabled
20230324 045745.151 DEBUG            PET3 about to destroy Grid: 0x123a480
20230324 045745.173 DEBUG            PET3 about to destroy Grid: 0x123b5d0
20230324 045745.229 INFO             PET3  NUMBER_OF_PROCESSORS           4
20230324 045745.229 INFO             PET3  PASS  Example ESMF_NUOPCAtmModelEx, ESMF_NUOPCAtmModelEx.F90, line 806
20230324 045745.229 INFO             PET3 Finalizing ESMF
