2023-03-29 04:17:26
20230329 044711.035 INFO             PET0 !!!!!!!!!!!!!!!!!!!!!!!!!!!!!!!!!!!!!!!!!!!!!!!!!!!!!!
20230329 044711.035 INFO             PET0 !!! THE ESMF_LOG IS SET TO OUTPUT ALL LOG MESSAGES !!!
20230329 044711.035 INFO             PET0 !!!     THIS MAY CAUSE SLOWDOWN IN PERFORMANCE     !!!
20230329 044711.035 INFO             PET0 !!! FOR PRODUCTION RUNS, USE:                      !!!
20230329 044711.035 INFO             PET0 !!!                   ESMF_LOGKIND_Multi_On_Error  !!!
20230329 044711.035 INFO             PET0 !!!!!!!!!!!!!!!!!!!!!!!!!!!!!!!!!!!!!!!!!!!!!!!!!!!!!!
20230329 044711.035 INFO             PET0 Running with ESMF Version   : v8.5.0b19
20230329 044711.035 INFO             PET0 ESMF library build date/time: "Mar 29 2023" "04:15:48"
20230329 044711.035 INFO             PET0 ESMF library build location : /project/esmf/theurich/ESMF-Nightly-Testing/gfortran_8.1.0_openmpi_g_develop/esmf
20230329 044711.035 INFO             PET0 ESMF_COMM                   : openmpi
20230329 044711.036 INFO             PET0 ESMF_MOAB                   : enabled
20230329 044711.036 INFO             PET0 ESMF_LAPACK                 : enabled
20230329 044711.036 INFO             PET0 ESMF_NETCDF                 : enabled
20230329 044711.036 INFO             PET0 ESMF_PNETCDF                : disabled
20230329 044711.036 INFO             PET0 ESMF_PIO                    : enabled
20230329 044711.036 INFO             PET0 ESMF_YAMLCPP                : enabled
20230329 044711.045 INFO             PET0  NUMBER_OF_PROCESSORS           1
20230329 044711.045 INFO             PET0  PASS  Example ESMF_XGridSparseMatEx, ESMF_XGridSparseMatEx.F90, line 642
20230329 044711.045 INFO             PET0 Finalizing ESMF
