2023-04-06 02:34:47
20230406 025653.668 INFO             PET0 !!!!!!!!!!!!!!!!!!!!!!!!!!!!!!!!!!!!!!!!!!!!!!!!!!!!!!
20230406 025653.668 INFO             PET0 !!! THE ESMF_LOG IS SET TO OUTPUT ALL LOG MESSAGES !!!
20230406 025653.668 INFO             PET0 !!!     THIS MAY CAUSE SLOWDOWN IN PERFORMANCE     !!!
20230406 025653.668 INFO             PET0 !!! FOR PRODUCTION RUNS, USE:                      !!!
20230406 025653.668 INFO             PET0 !!!                   ESMF_LOGKIND_Multi_On_Error  !!!
20230406 025653.668 INFO             PET0 !!!!!!!!!!!!!!!!!!!!!!!!!!!!!!!!!!!!!!!!!!!!!!!!!!!!!!
20230406 025653.668 INFO             PET0 Running with ESMF Version   : v8.5.0b19
20230406 025653.668 INFO             PET0 ESMF library build date/time: "Apr  6 2023" "02:33:11"
20230406 025653.668 INFO             PET0 ESMF library build location : /work/noaa/da/mpotts/sandbox/gfortran_8.3.0_mpiuni_O_develop/esmf
20230406 025653.668 INFO             PET0 ESMF_COMM                   : mpiuni
20230406 025653.669 INFO             PET0 ESMF_MOAB                   : enabled
20230406 025653.669 INFO             PET0 ESMF_LAPACK                 : enabled
20230406 025653.669 INFO             PET0 ESMF_NETCDF                 : enabled
20230406 025653.669 INFO             PET0 ESMF_PNETCDF                : disabled
20230406 025653.669 INFO             PET0 ESMF_PIO                    : disabled
20230406 025653.669 INFO             PET0 ESMF_YAMLCPP                : enabled
20230406 025653.671 INFO             PET0 ESMF_FieldRedistStoreNF(): Just entered routine.
20230406 025653.775 INFO             PET0 ESMF_FieldRedistStoreNF(): Leaving routine.
20230406 025653.794 INFO             PET0  NUMBER_OF_PROCESSORS           1
20230406 025653.794 INFO             PET0  PASS  Example ESMF_RHandleFromFileEx, ESMF_RHandleFromFileEx.F90, line 192
20230406 025653.794 INFO             PET0 Finalizing ESMF
