2023-03-29 00:51:41
20230329 020729.248 INFO             PET0 !!!!!!!!!!!!!!!!!!!!!!!!!!!!!!!!!!!!!!!!!!!!!!!!!!!!!!
20230329 020729.248 INFO             PET0 !!! THE ESMF_LOG IS SET TO OUTPUT ALL LOG MESSAGES !!!
20230329 020729.248 INFO             PET0 !!!     THIS MAY CAUSE SLOWDOWN IN PERFORMANCE     !!!
20230329 020729.248 INFO             PET0 !!! FOR PRODUCTION RUNS, USE:                      !!!
20230329 020729.248 INFO             PET0 !!!                   ESMF_LOGKIND_Multi_On_Error  !!!
20230329 020729.248 INFO             PET0 !!!!!!!!!!!!!!!!!!!!!!!!!!!!!!!!!!!!!!!!!!!!!!!!!!!!!!
20230329 020729.248 INFO             PET0 Running with ESMF Version   : v8.5.0b19
20230329 020729.248 INFO             PET0 ESMF library build date/time: "Mar 29 2023" "00:45:45"
20230329 020729.248 INFO             PET0 ESMF library build location : /global/cscratch1/sd/theurich/ESMF-Nightly-Testing/intel_19.1.2_mpi_g_develop/esmf
20230329 020729.248 INFO             PET0 ESMF_COMM                   : mpi
20230329 020729.274 INFO             PET0 ESMF_MOAB                   : enabled
20230329 020729.274 INFO             PET0 ESMF_LAPACK                 : enabled
20230329 020729.274 INFO             PET0 ESMF_NETCDF                 : enabled
20230329 020729.274 INFO             PET0 ESMF_PNETCDF                : disabled
20230329 020729.274 INFO             PET0 ESMF_PIO                    : enabled
20230329 020729.274 INFO             PET0 ESMF_YAMLCPP                : enabled
20230329 020729.274 INFO             PET0  NUMBER_OF_PROCESSORS           1
20230329 020729.275 INFO             PET0  PASS  Example ESMF_AlarmEx, ESMF_AlarmEx.F90, line 244
20230329 020729.275 INFO             PET0 Finalizing ESMF
