2023-04-12 02:54:49
20230412 034625.441 INFO             PET0 !!!!!!!!!!!!!!!!!!!!!!!!!!!!!!!!!!!!!!!!!!!!!!!!!!!!!!
20230412 034625.441 INFO             PET0 !!! THE ESMF_LOG IS SET TO OUTPUT ALL LOG MESSAGES !!!
20230412 034625.441 INFO             PET0 !!!     THIS MAY CAUSE SLOWDOWN IN PERFORMANCE     !!!
20230412 034625.441 INFO             PET0 !!! FOR PRODUCTION RUNS, USE:                      !!!
20230412 034625.441 INFO             PET0 !!!                   ESMF_LOGKIND_Multi_On_Error  !!!
20230412 034625.441 INFO             PET0 !!!!!!!!!!!!!!!!!!!!!!!!!!!!!!!!!!!!!!!!!!!!!!!!!!!!!!
20230412 034625.441 INFO             PET0 Running with ESMF Version   : v8.5.0b19-4-ga3a49e1e49
20230412 034625.441 INFO             PET0 ESMF library build date/time: "Apr 12 2023" "02:50:16"
20230412 034625.441 INFO             PET0 ESMF library build location : /glade/scratch/theurich/ESMF-Nightly-Testing/intel_18.0.5_mpiuni_O_develop/esmf
20230412 034625.441 INFO             PET0 ESMF_COMM                   : mpiuni
20230412 034625.441 INFO             PET0 ESMF_MOAB                   : enabled
20230412 034625.441 INFO             PET0 ESMF_LAPACK                 : enabled
20230412 034625.441 INFO             PET0 ESMF_NETCDF                 : enabled
20230412 034625.441 INFO             PET0 ESMF_PNETCDF                : disabled
20230412 034625.441 INFO             PET0 ESMF_PIO                    : disabled
20230412 034625.441 INFO             PET0 ESMF_YAMLCPP                : enabled
20230412 034625.444 INFO             PET0  NUMBER_OF_PROCESSORS           1
20230412 034625.444 INFO             PET0  PASS  Example ESMF_FieldArbGridEx, ESMF_FieldArbGridEx.F90, line 243
20230412 034625.444 INFO             PET0 Finalizing ESMF
