 
Installing ESMF:
 
mkdir -p /lustre/f2/dev/Mark.Potts/esmf-test/intel_2019.5_mpiuni_O_develop/esmf/DEFAULTINSTALLDIR/include
cp -f /lustre/f2/dev/Mark.Potts/esmf-test/intel_2019.5_mpiuni_O_develop/esmf/src/include/ESMC.h /lustre/f2/dev/Mark.Potts/esmf-test/intel_2019.5_mpiuni_O_develop/esmf/DEFAULTINSTALLDIR/include
cp -f /lustre/f2/dev/Mark.Potts/esmf-test/intel_2019.5_mpiuni_O_develop/esmf/src/include/ESMC_*.h /lustre/f2/dev/Mark.Potts/esmf-test/intel_2019.5_mpiuni_O_develop/esmf/DEFAULTINSTALLDIR/include
cp -f /lustre/f2/dev/Mark.Potts/esmf-test/intel_2019.5_mpiuni_O_develop/esmf/build_config/Unicos.intel.default/ESMC_Conf.h /lustre/f2/dev/Mark.Potts/esmf-test/intel_2019.5_mpiuni_O_develop/esmf/DEFAULTINSTALLDIR/include
cp -fr /lustre/f2/dev/Mark.Potts/esmf-test/intel_2019.5_mpiuni_O_develop/esmf/src/addon/ESMX /lustre/f2/dev/Mark.Potts/esmf-test/intel_2019.5_mpiuni_O_develop/esmf/DEFAULTINSTALLDIR/include
mkdir -p /lustre/f2/dev/Mark.Potts/esmf-test/intel_2019.5_mpiuni_O_develop/esmf/DEFAULTINSTALLDIR/mod/modO/Unicos.intel.64.mpiuni.default
cp -f /lustre/f2/dev/Mark.Potts/esmf-test/intel_2019.5_mpiuni_O_develop/esmf/mod/modO/Unicos.intel.64.mpiuni.default/*.mod /lustre/f2/dev/Mark.Potts/esmf-test/intel_2019.5_mpiuni_O_develop/esmf/DEFAULTINSTALLDIR/mod/modO/Unicos.intel.64.mpiuni.default
cp: cannot create regular file '/lustre/f2/dev/Mark.Potts/esmf-test/intel_2019.5_mpiuni_O_develop/esmf/DEFAULTINSTALLDIR/mod/modO/Unicos.intel.64.mpiuni.default/esmf_meshmod.mod': File exists
cp: cannot create regular file '/lustre/f2/dev/Mark.Potts/esmf-test/intel_2019.5_mpiuni_O_develop/esmf/DEFAULTINSTALLDIR/mod/modO/Unicos.intel.64.mpiuni.default/esmf.mod': File exists
cp: cannot create regular file '/lustre/f2/dev/Mark.Potts/esmf-test/intel_2019.5_mpiuni_O_develop/esmf/DEFAULTINSTALLDIR/mod/modO/Unicos.intel.64.mpiuni.default/esmf_stateremrepmod.mod': File exists
cp: cannot create regular file '/lustre/f2/dev/Mark.Potts/esmf-test/intel_2019.5_mpiuni_O_develop/esmf/DEFAULTINSTALLDIR/mod/modO/Unicos.intel.64.mpiuni.default/esmf_testmod.mod': File exists
cp: cannot create regular file '/lustre/f2/dev/Mark.Potts/esmf-test/intel_2019.5_mpiuni_O_develop/esmf/DEFAULTINSTALLDIR/mod/modO/Unicos.intel.64.mpiuni.default/esmf_timemod.mod': File exists
cp: cannot create regular file '/lustre/f2/dev/Mark.Potts/esmf-test/intel_2019.5_mpiuni_O_develop/esmf/DEFAULTINSTALLDIR/mod/modO/Unicos.intel.64.mpiuni.default/esmf_utilcubedspheremod.mod': File exists
cp: cannot create regular file '/lustre/f2/dev/Mark.Potts/esmf-test/intel_2019.5_mpiuni_O_develop/esmf/DEFAULTINSTALLDIR/mod/modO/Unicos.intel.64.mpiuni.default/esmf_utilmod.mod': File exists
cp: cannot create regular file '/lustre/f2/dev/Mark.Potts/esmf-test/intel_2019.5_mpiuni_O_develop/esmf/DEFAULTINSTALLDIR/mod/modO/Unicos.intel.64.mpiuni.default/esmf_utilstringmod.mod': File exists
cp: cannot create regular file '/lustre/f2/dev/Mark.Potts/esmf-test/intel_2019.5_mpiuni_O_develop/esmf/DEFAULTINSTALLDIR/mod/modO/Unicos.intel.64.mpiuni.default/esmf_webservmod.mod': File exists
cp: cannot create regular file '/lustre/f2/dev/Mark.Potts/esmf-test/intel_2019.5_mpiuni_O_develop/esmf/DEFAULTINSTALLDIR/mod/modO/Unicos.intel.64.mpiuni.default/nuopc_auxiliary.mod': File exists
cp: cannot create regular file '/lustre/f2/dev/Mark.Potts/esmf-test/intel_2019.5_mpiuni_O_develop/esmf/DEFAULTINSTALLDIR/mod/modO/Unicos.intel.64.mpiuni.default/nuopc_compliance_driver.mod': File exists
cp: cannot create regular file '/lustre/f2/dev/Mark.Potts/esmf-test/intel_2019.5_mpiuni_O_develop/esmf/DEFAULTINSTALLDIR/mod/modO/Unicos.intel.64.mpiuni.default/nuopc_connector.mod': File exists
cp: cannot create regular file '/lustre/f2/dev/Mark.Potts/esmf-test/intel_2019.5_mpiuni_O_develop/esmf/DEFAULTINSTALLDIR/mod/modO/Unicos.intel.64.mpiuni.default/nuopc_driver.mod': File exists
cp: cannot create regular file '/lustre/f2/dev/Mark.Potts/esmf-test/intel_2019.5_mpiuni_O_develop/esmf/DEFAULTINSTALLDIR/mod/modO/Unicos.intel.64.mpiuni.default/nuopc_freeformatdef.mod': File exists
cp: cannot create regular file '/lustre/f2/dev/Mark.Potts/esmf-test/intel_2019.5_mpiuni_O_develop/esmf/DEFAULTINSTALLDIR/mod/modO/Unicos.intel.64.mpiuni.default/nuopc.mod': File exists
make: *** [makefile:744: install] Error 1
le exists
cp: cannot create regular file '/lustre/f2/dev/Mark.Potts/esmf-test/intel_2019.5_mpiuni_O_develop/esmf/DEFAULTINSTALLDIR/mod/modO/Unicos.intel.64.mpiuni.default/esmf_tracemod.mod': File exists
cp: cannot create regular file '/lustre/f2/dev/Mark.Potts/esmf-test/intel_2019.5_mpiuni_O_develop/esmf/DEFAULTINSTALLDIR/mod/modO/Unicos.intel.64.mpiuni.default/esmf_typekindgetmod.mod': File exists
cp: cannot create regular file '/lustre/f2/dev/Mark.Potts/esmf-test/intel_2019.5_mpiuni_O_develop/esmf/DEFAULTINSTALLDIR/mod/modO/Unicos.intel.64.mpiuni.default/esmf_utilrwgmod.mod': File exists
cp: cannot create regular file '/lustre/f2/dev/Mark.Potts/esmf-test/intel_2019.5_mpiuni_O_develop/esmf/DEFAULTINSTALLDIR/mod/modO/Unicos.intel.64.mpiuni.default/esmf_utilsortmod.mod': File exists
cp: cannot create regular file '/lustre/f2/dev/Mark.Potts/esmf-test/intel_2019.5_mpiuni_O_develop/esmf/DEFAULTINSTALLDIR/mod/modO/Unicos.intel.64.mpiuni.default/esmf_utiltypesmod.mod': File exists
cp: cannot create regular file '/lustre/f2/dev/Mark.Potts/esmf-test/intel_2019.5_mpiuni_O_develop/esmf/DEFAULTINSTALLDIR/mod/modO/Unicos.intel.64.mpiuni.default/esmf_vmmod.mod': File exists
cp: cannot create regular file '/lustre/f2/dev/Mark.Potts/esmf-test/intel_2019.5_mpiuni_O_develop/esmf/DEFAULTINSTALLDIR/mod/modO/Unicos.intel.64.mpiuni.default/esmf_xgridcreatemod.mod': File exists
cp: cannot create regular file '/lustre/f2/dev/Mark.Potts/esmf-test/intel_2019.5_mpiuni_O_develop/esmf/DEFAULTINSTALLDIR/mod/modO/Unicos.intel.64.mpiuni.default/esmf_xgridgeombasemod.mod': File exists
cp: cannot create regular file '/lustre/f2/dev/Mark.Potts/esmf-test/intel_2019.5_mpiuni_O_develop/esmf/DEFAULTINSTALLDIR/mod/modO/Unicos.intel.64.mpiuni.default/nuopc_compliance_base.mod': File exists
cp: cannot create regular file '/lustre/f2/dev/Mark.Potts/esmf-test/intel_2019.5_mpiuni_O_develop/esmf/DEFAULTINSTALLDIR/mod/modO/Unicos.intel.64.mpiuni.default/nuopc_compliance_connector.mod': File exists
cp: cannot create regular file '/lustre/f2/dev/Mark.Potts/esmf-test/intel_2019.5_mpiuni_O_develop/esmf/DEFAULTINSTALLDIR/mod/modO/Unicos.intel.64.mpiuni.default/nuopc_compliance_model.mod': File exists
cp: cannot create regular file '/lustre/f2/dev/Mark.Potts/esmf-test/intel_2019.5_mpiuni_O_develop/esmf/DEFAULTINSTALLDIR/mod/modO/Unicos.intel.64.mpiuni.default/nuopc_fielddictionaryapi.mod': File exists
cp: cannot create regular file '/lustre/f2/dev/Mark.Potts/esmf-test/intel_2019.5_mpiuni_O_develop/esmf/DEFAULTINSTALLDIR/mod/modO/Unicos.intel.64.mpiuni.default/nuopc_mediator.mod': File exists
cp: cannot create regular file '/lustre/f2/dev/Mark.Potts/esmf-test/intel_2019.5_mpiuni_O_develop/esmf/DEFAULTINSTALLDIR/mod/modO/Unicos.intel.64.mpiuni.default/nuopc_model.mod': File exists
make: *** [makefile:744: install] Error 1
