2023-04-21 07:23:43
20230421 075433.148 INFO             PET0 !!!!!!!!!!!!!!!!!!!!!!!!!!!!!!!!!!!!!!!!!!!!!!!!!!!!!!
20230421 075433.149 INFO             PET0 !!! THE ESMF_LOG IS SET TO OUTPUT ALL LOG MESSAGES !!!
20230421 075433.149 INFO             PET0 !!!     THIS MAY CAUSE SLOWDOWN IN PERFORMANCE     !!!
20230421 075433.149 INFO             PET0 !!! FOR PRODUCTION RUNS, USE:                      !!!
20230421 075433.149 INFO             PET0 !!!                   ESMF_LOGKIND_Multi_On_Error  !!!
20230421 075433.149 INFO             PET0 !!!!!!!!!!!!!!!!!!!!!!!!!!!!!!!!!!!!!!!!!!!!!!!!!!!!!!
20230421 075433.149 INFO             PET0 Running with ESMF Version   : v8.4.2b02
20230421 075433.149 INFO             PET0 ESMF library build date/time: "Apr 21 2023" "07:21:57"
20230421 075433.149 INFO             PET0 ESMF library build location : /scratch2/NCEPDEV/stmp1/Gerhard.Theurich/ESMF-Nightly-Testing/intel_18.0.5a_mpiuni_g_patch_8.4.2/esmf
20230421 075433.149 INFO             PET0 ESMF_COMM                   : mpiuni
20230421 075433.150 INFO             PET0 ESMF_MOAB                   : enabled
20230421 075433.150 INFO             PET0 ESMF_LAPACK                 : enabled
20230421 075433.150 INFO             PET0 ESMF_NETCDF                 : enabled
20230421 075433.150 INFO             PET0 ESMF_PNETCDF                : disabled
20230421 075433.150 INFO             PET0 ESMF_PIO                    : disabled
20230421 075433.150 INFO             PET0 ESMF_YAMLCPP                : enabled
20230421 075433.152 INFO             PET0  NUMBER_OF_PROCESSORS           1
20230421 075433.152 INFO             PET0  PASS  Example ESMF_CplEx, ESMF_CplEx.F90, line 457
20230421 075433.152 INFO             PET0 Finalizing ESMF
