2023-04-21 01:25:26
20230421 015823.989 INFO             PET0 !!!!!!!!!!!!!!!!!!!!!!!!!!!!!!!!!!!!!!!!!!!!!!!!!!!!!!
20230421 015823.989 INFO             PET0 !!! THE ESMF_LOG IS SET TO OUTPUT ALL LOG MESSAGES !!!
20230421 015823.989 INFO             PET0 !!!     THIS MAY CAUSE SLOWDOWN IN PERFORMANCE     !!!
20230421 015823.989 INFO             PET0 !!! FOR PRODUCTION RUNS, USE:                      !!!
20230421 015823.989 INFO             PET0 !!!                   ESMF_LOGKIND_Multi_On_Error  !!!
20230421 015823.989 INFO             PET0 !!!!!!!!!!!!!!!!!!!!!!!!!!!!!!!!!!!!!!!!!!!!!!!!!!!!!!
20230421 015823.989 INFO             PET0 Running with ESMF Version   : hconfig_b01-3-ge0b4092aab
20230421 015823.989 INFO             PET0 ESMF library build date/time: "Apr 21 2023" "01:23:45"
20230421 015823.989 INFO             PET0 ESMF library build location : /discover/nobackup/projects/sbu/mpotts/esmf-test/intel_19.1.3_intelmpi_g_feature_hconfig/esmf
20230421 015823.989 INFO             PET0 ESMF_COMM                   : intelmpi
20230421 015823.990 INFO             PET0 ESMF_MOAB                   : enabled
20230421 015823.990 INFO             PET0 ESMF_LAPACK                 : enabled
20230421 015823.990 INFO             PET0 ESMF_NETCDF                 : enabled
20230421 015823.990 INFO             PET0 ESMF_PNETCDF                : disabled
20230421 015823.990 INFO             PET0 ESMF_PIO                    : enabled
20230421 015823.990 INFO             PET0 ESMF_YAMLCPP                : enabled
20230421 015823.990 INFO             PET0 mainApp STARTING
20230421 015823.995 INFO             PET0 driver: InitializeGeneric intro.
20230421 015823.995 INFO             PET0   driver: InitializeP0 intro.
20230421 015823.995 INFO             PET0   driver: InitializeP0 extro.
20230421 015823.995 INFO             PET0   driver: InitializeIPDv02p1 intro.
20230421 015823.995 INFO             PET0     >>>driver: entered Initialize (phase=<none>) without valid internal Clock.
20230421 015823.996 INFO             PET0     driver - Creating model component MODEL without petList.
20230421 015823.996 DEBUG            PET0     Generic SetVM() is executing for: MODEL
20230421 015823.997 DEBUG            PET0     Generic SetVM() is calling ESMF_GridCompSetVMMaxPEs() for: MODEL with:
20230421 015823.997 DEBUG            PET0      -             MaxCount =          2
20230421 015823.997 DEBUG            PET0      -       OpenMpHandling =
20230421 015823.997 DEBUG            PET0      -     OpenMpNumThreads =         -1
20230421 015823.997 DEBUG            PET0      -   ForceChildPthreads =          F
20230421 015823.997 DEBUG            PET0      -  PthreadMinStackSize =         -1
20230421 015824.000 INFO             PET0      GridCompIsPetLocal:  T
20230421 015824.000 INFO             PET0      VmIsCreated:  T
20230421 015824.000 INFO             PET0      valid MPI_COMM with size=           2
20230421 015824.001 INFO             PET0     driver - Creating state: modelComp 1 Import State
20230421 015824.001 INFO             PET0     driver - Creating state: modelComp 1 Export State
20230421 015824.002 INFO             PET0     MODEL: InitializeP0 intro.
20230421 015824.002 INFO             PET0       >>>MODEL: entered Initialize (phase=<none>) without valid internal Clock.
20230421 015824.003 INFO             PET0       <<<MODEL: leaving Initialize (phase=<none>) without valid internal Clock.
20230421 015824.003 INFO             PET0     MODEL: InitializeP0 extro.
20230421 015824.006 INFO             PET0     driver: IInitAdvertise intro.
20230421 015824.006 INFO             PET0     driver: IInitAdvertise extro.
20230421 015824.006 INFO             PET0     MODEL: InitializeIPDvXp01 intro.
20230421 015824.006 INFO             PET0       >>>MODEL: entered Initialize (phase=IPDvXp01) without valid internal Clock.
20230421 015824.008 INFO             PET0       <<<MODEL: leaving Initialize (phase=IPDvXp01) without valid internal Clock.
20230421 015824.008 INFO             PET0     MODEL: InitializeIPDvXp01 extro.
20230421 015824.009 INFO             PET0     driver: IInitAdvertiseFinish intro.
20230421 015824.009 INFO             PET0     driver: IInitAdvertiseFinish extro.
20230421 015824.009 INFO             PET0     driver: IInitModifyCplLists intro.
20230421 015824.009 INFO             PET0     driver: IInitModifyCplLists extro.
20230421 015824.009 INFO             PET0     <<<driver: leaving Initialize (phase=<none>) with current time:    0  1  1  0  0  0   0
20230421 015824.009 INFO             PET0   driver: InitializeIPDv02p1 extro.
20230421 015824.009 INFO             PET0   driver: InitializeIPDv02p3 intro.
20230421 015824.009 INFO             PET0     >>>driver: entered Initialize (phase=<none>) with current time:    0  1  1  0  0  0   0
20230421 015824.010 INFO             PET0     driver: IInitCheck intro.
20230421 015824.010 INFO             PET0     driver: IInitCheck extro.
20230421 015824.010 INFO             PET0     MODEL: InitializeIPDvXp04 intro.
20230421 015824.010 INFO             PET0       >>>MODEL: entered Initialize (phase=IPDvXp04) without valid internal Clock.
20230421 015824.015 INFO             PET0       After Realize: - MemInfo: [/proc/meminfo - SSI]	MemTotal:       196174516 kB
20230421 015824.015 INFO             PET0       After Realize: - MemInfo: [/proc/meminfo - SSI]	MemFree:        183790556 kB
20230421 015824.015 INFO             PET0       After Realize: - MemInfo: [/proc/meminfo - SSI]	MemAvailable:   169000940 kB
20230421 015824.015 INFO             PET0       After Realize: - MemInfo: [/proc/meminfo - SSI]	Committed_AS:    4344860 kB
20230421 015824.015 INFO             PET0       After Realize: - MemInfo: [/proc/meminfo - SSI]	CommittedPercent: 2.21479 %
20230421 015824.015 INFO             PET0       After Realize: - MemInfo: [/proc/self/status]	VmPeak:	 3959132 kB
20230421 015824.015 INFO             PET0       After Realize: - MemInfo: [/proc/self/status]	VmSize:	 3893600 kB
20230421 015824.015 INFO             PET0       After Realize: - MemInfo: [/proc/self/status]	VmLck:	       0 kB
20230421 015824.015 INFO             PET0       After Realize: - MemInfo: [/proc/self/status]	VmPin:	   82140 kB
20230421 015824.015 INFO             PET0       After Realize: - MemInfo: [/proc/self/status]	VmHWM:	  176896 kB
20230421 015824.015 INFO             PET0       After Realize: - MemInfo: [/proc/self/status]	VmRSS:	  176896 kB
20230421 015824.015 INFO             PET0       After Realize: - MemInfo: [/proc/self/status]	VmData:	  217100 kB
20230421 015824.015 INFO             PET0       After Realize: - MemInfo: [/proc/self/status]	VmStk:	     512 kB
20230421 015824.015 INFO             PET0       After Realize: - MemInfo: [/proc/self/status]	VmExe:	    2792 kB
20230421 015824.015 INFO             PET0       After Realize: - MemInfo: [/proc/self/status]	VmLib:	  160140 kB
20230421 015824.015 INFO             PET0       After Realize: - MemInfo: [/proc/self/status]	VmPTE:	     880 kB
20230421 015824.015 INFO             PET0       After Realize: - MemInfo: [/proc/self/status]	VmPMD:	      40 kB
20230421 015824.015 INFO             PET0       After Realize: - MemInfo: [/proc/self/status]	VmSwap:	       0 kB
20230421 015824.015 INFO             PET0       After Realize: - MemInfo: [/proc/self/status]	VmRSSPercent: 0.0901728 %
20230421 015824.015 INFO             PET0       After Realize: - MemInfo: [malloc] Non-mmapped space allocated:                 3076096 Byte
20230421 015824.015 INFO             PET0       After Realize: - MemInfo: [malloc] Space allocated in mmapped regions:         87179264 Byte
20230421 015824.015 INFO             PET0       After Realize: - MemInfo: [malloc] Maximum total allocated space:                     0 Byte
20230421 015824.015 INFO             PET0       After Realize: - MemInfo: [malloc] Space in freed fastbin blocks:                  1072 Byte
20230421 015824.015 INFO             PET0       After Realize: - MemInfo: [malloc] Total allocated space:                       2781808 Byte
20230421 015824.015 INFO             PET0       After Realize: - MemInfo: [malloc] Total free space:                             294288 Byte
20230421 015824.015 INFO             PET0       After Realize: - MemInfo: [malloc] Top-most, releasable space:                    28864 Byte
20230421 015824.015 INFO             PET0       After Realize: - MemInfo: [malloc] Total space in use, mmap + non-mmap:        89961072 Byte
20230421 015824.015 INFO             PET0       After Realize: - MemInfo: [malloc] Total space held (mmap + non-mmap):         90255360 Byte
20230421 015824.015 INFO             PET0       After Realize: - MemInfo: [malloc] Total space used (mmap + non-mmap):         89970432 Byte
20230421 015824.015 INFO             PET0       After Realize: - MemInfo: Wall-clock time since execution start:              0.0341987 seconds
20230421 015824.015 INFO             PET0       <<<MODEL: leaving Initialize (phase=IPDvXp04) without valid internal Clock.
20230421 015824.015 INFO             PET0     MODEL: InitializeIPDvXp04 extro.
20230421 015824.016 INFO             PET0     driver: IInitRealize intro.
20230421 015824.016 INFO             PET0     driver: IInitRealize extro.
20230421 015824.017 INFO             PET0     MODEL: InitializeIPDvXp07 intro.
20230421 015824.017 INFO             PET0       >>>MODEL: entered Initialize (phase=IPDvXp07) without valid internal Clock.
20230421 015824.017 INFO             PET0       <<<MODEL: leaving Initialize (phase=IPDvXp07) with current time:    0  1  1  0  0  0   0
20230421 015824.017 INFO             PET0     MODEL: InitializeIPDvXp07 extro.
20230421 015824.017 INFO             PET0     <<<driver: leaving Initialize (phase=<none>) with current time:    0  1  1  0  0  0   0
20230421 015824.017 INFO             PET0   driver: InitializeIPDv02p3 extro.
20230421 015824.017 INFO             PET0   driver: InitializeIPDv02p5 intro.
20230421 015824.017 INFO             PET0     >>>driver: entered Initialize (phase=<none>) with current time:    0  1  1  0  0  0   0
20230421 015824.017 INFO             PET0     driver: this is a top level driver, no 'Updated' and 'InitializeDataComplete' info on this level.
20230421 015824.017 INFO             PET0     driver: InitializeIPDv02p5Data intro.
20230421 015824.018 INFO             PET0       driver: InternalInitializeComplete intro.
20230421 015824.018 INFO             PET0         driver: InitializeDataComplete='true'
20230421 015824.018 INFO             PET0       driver: InternalInitializeComplete extro.
20230421 015824.018 INFO             PET0       MODEL: InitializeIPDvXp08 intro.
20230421 015824.018 INFO             PET0         >>>MODEL: entered Initialize (phase=IPDv05p8) with current time:    0  1  1  0  0  0   0
20230421 015824.018 INFO             PET0         MODEL: InitializeDataProgress='false', InitializeDataComplete='false'
20230421 015824.018 INFO             PET0         <<<MODEL: leaving Initialize (phase=IPDv05p8) with current time:    0  1  1  0  0  0   0
20230421 015824.018 INFO             PET0       MODEL: InitializeIPDvXp08 extro.
20230421 015824.021 INFO             PET0       driver: components present that trigger loopDataDependentInitialize().
20230421 015824.021 INFO             PET0       driver: loopDataDependentInitialize intro.
20230421 015824.021 INFO             PET0         driver: component    0=driver, dataComplete (local): true
20230421 015824.021 INFO             PET0         driver: component    0=driver, dataComplete (global):  T
20230421 015824.021 INFO             PET0         driver: component    1=MODEL, dataComplete (local): false
20230421 015824.021 INFO             PET0         driver: component    1=MODEL, dataComplete (global):  F
20230421 015824.021 INFO             PET0         MODEL: InitializeIPDvXp08 intro.
20230421 015824.021 INFO             PET0           >>>MODEL: entered Initialize (phase=IPDv05p8) with current time:    0  1  1  0  0  0   0
20230421 015824.021 INFO             PET0           MODEL: InitializeDataProgress='true', InitializeDataComplete='true'
20230421 015824.022 INFO             PET0           <<<MODEL: leaving Initialize (phase=IPDv05p8) with current time:    0  1  1  0  0  0   0
20230421 015824.022 INFO             PET0         MODEL: InitializeIPDvXp08 extro.
20230421 015824.022 INFO             PET0         driver: component    1=MODEL, someProgress (local): true
20230421 015824.023 INFO             PET0         driver: component    1=MODEL, someProgress (global):  T
20230421 015824.023 INFO             PET0         driver: someProgress= T, allComplete= F, present(dataDepAllComplete)= T
20230421 015824.023 INFO             PET0         driver: component    0=driver, dataComplete (local): true
20230421 015824.023 INFO             PET0         driver: component    0=driver, dataComplete (global):  T
20230421 015824.023 INFO             PET0         driver: component    1=MODEL, dataComplete (local): true
20230421 015824.023 INFO             PET0         driver: component    1=MODEL, dataComplete (global):  T
20230421 015824.023 INFO             PET0         driver: someProgress= F, allComplete= T, present(dataDepAllComplete)= T
20230421 015824.023 INFO             PET0         driver: finished resolving initialize data dependencies on this level.
20230421 015824.023 INFO             PET0       driver: loopDataDependentInitialize extro.
20230421 015824.023 INFO             PET0       driver: loopDataDependentInitialize() returned with dataDepAllComplete:  T
20230421 015824.023 INFO             PET0     driver: InitializeIPDv02p5Data extro.
20230421 015824.023 INFO             PET0     <<<driver: leaving Initialize (phase=<none>) with current time:    0  1  1  0  0  0   0
20230421 015824.023 INFO             PET0   driver: InitializeIPDv02p5 extro.
20230421 015824.023 INFO             PET0 driver: InitializeGeneric extro.
20230421 015824.023 INFO             PET0 driver: Run intro.
20230421 015824.023 INFO             PET0   >>>driver entered Run (phase=RunPhase1) with current time:    0  1  1  0  0  0   0
20230421 015824.023 INFO             PET0   driver: after lable_SetRunClock, current time:    0  1  1  0  0  0   0
20230421 015824.023 INFO             PET0   driver: begin -------> RunSequence.
20230421 015824.023 INFO             PET0     driver: RunSequence event loopLevel=   1  levelMember=   1  loopIteration=   1, current time:    0  1  1  0  0  0   0
20230421 015824.024 INFO             PET0     MODEL: Run intro.
20230421 015824.024 INFO             PET0       >>>MODEL: entered Run (phase=RunPhase1) with current time:    0  1  1  0  0  0   0
20230421 015824.024 INFO             PET0       MODEL: time step-loop starting, current time:    0  1  1  0  0  0   0
20230421 015824.024 INFO             PET0       thread_num=   0   currentSsiPe=   0   num_threads=   2   max_threads=   2   num_procs=   2
20230421 015824.024 INFO             PET0       thread_num=   1   currentSsiPe=   1   num_threads=   2   max_threads=   2   num_procs=   2
20230421 015824.024 INFO             PET0       ---->Advancing Model from:    0  1  1  0  0  0   0
20230421 015824.024 INFO             PET0       ---------------------> to:    0  1  1  0  0 30   0
20230421 015824.024 INFO             PET0       MODEL: time step-loop ending,   current time:    0  1  1  0  0 30   0
20230421 015824.024 INFO             PET0       <<<MODEL: leaving Run (phase=RunPhase1) with current time:    0  1  1  0  0 30   0
20230421 015824.024 INFO             PET0     MODEL: Run extro.
20230421 015824.024 INFO             PET0     driver: RunSequence event loopLevel=   1  levelMember=   1  loopIteration=   2, current time:    0  1  1  0  0 30   0
20230421 015824.024 INFO             PET0     MODEL: Run intro.
20230421 015824.024 INFO             PET0       >>>MODEL: entered Run (phase=RunPhase1) with current time:    0  1  1  0  0 30   0
20230421 015824.024 INFO             PET0       MODEL: time step-loop starting, current time:    0  1  1  0  0 30   0
20230421 015824.024 INFO             PET0       thread_num=   1   currentSsiPe=   1   num_threads=   2   max_threads=   2   num_procs=   2
20230421 015824.024 INFO             PET0       thread_num=   0   currentSsiPe=   0   num_threads=   2   max_threads=   2   num_procs=   2
20230421 015824.024 INFO             PET0       ---->Advancing Model from:    0  1  1  0  0 30   0
20230421 015824.024 INFO             PET0       ---------------------> to:    0  1  1  0  1  0   0
20230421 015824.024 INFO             PET0       MODEL: time step-loop ending,   current time:    0  1  1  0  1  0   0
20230421 015824.025 INFO             PET0       <<<MODEL: leaving Run (phase=RunPhase1) with current time:    0  1  1  0  1  0   0
20230421 015824.025 INFO             PET0     MODEL: Run extro.
20230421 015824.025 INFO             PET0     driver: RunSequence event loopLevel=   1  levelMember=   1  loopIteration=   3, current time:    0  1  1  0  1  0   0
20230421 015824.025 INFO             PET0     MODEL: Run intro.
20230421 015824.025 INFO             PET0       >>>MODEL: entered Run (phase=RunPhase1) with current time:    0  1  1  0  1  0   0
20230421 015824.025 INFO             PET0       MODEL: time step-loop starting, current time:    0  1  1  0  1  0   0
20230421 015824.025 INFO             PET0       thread_num=   1   currentSsiPe=   1   num_threads=   2   max_threads=   2   num_procs=   2
20230421 015824.025 INFO             PET0       thread_num=   0   currentSsiPe=   0   num_threads=   2   max_threads=   2   num_procs=   2
20230421 015824.025 INFO             PET0       ---->Advancing Model from:    0  1  1  0  1  0   0
20230421 015824.025 INFO             PET0       ---------------------> to:    0  1  1  0  1 30   0
20230421 015824.025 INFO             PET0       MODEL: time step-loop ending,   current time:    0  1  1  0  1 30   0
20230421 015824.025 INFO             PET0       <<<MODEL: leaving Run (phase=RunPhase1) with current time:    0  1  1  0  1 30   0
20230421 015824.025 INFO             PET0     MODEL: Run extro.
20230421 015824.025 INFO             PET0     driver: RunSequence event loopLevel=   1  levelMember=   1  loopIteration=   4, current time:    0  1  1  0  1 30   0
20230421 015824.025 INFO             PET0     MODEL: Run intro.
20230421 015824.025 INFO             PET0       >>>MODEL: entered Run (phase=RunPhase1) with current time:    0  1  1  0  1 30   0
20230421 015824.025 INFO             PET0       MODEL: time step-loop starting, current time:    0  1  1  0  1 30   0
20230421 015824.025 INFO             PET0       thread_num=   1   currentSsiPe=   1   num_threads=   2   max_threads=   2   num_procs=   2
20230421 015824.025 INFO             PET0       thread_num=   0   currentSsiPe=   0   num_threads=   2   max_threads=   2   num_procs=   2
20230421 015824.025 INFO             PET0       ---->Advancing Model from:    0  1  1  0  1 30   0
20230421 015824.025 INFO             PET0       ---------------------> to:    0  1  1  0  2  0   0
20230421 015824.025 INFO             PET0       MODEL: time step-loop ending,   current time:    0  1  1  0  2  0   0
20230421 015824.025 INFO             PET0       <<<MODEL: leaving Run (phase=RunPhase1) with current time:    0  1  1  0  2  0   0
20230421 015824.025 INFO             PET0     MODEL: Run extro.
20230421 015824.025 INFO             PET0     driver: RunSequence event loopLevel=   1  levelMember=   1  loopIteration=   5, current time:    0  1  1  0  2  0   0
20230421 015824.026 INFO             PET0     MODEL: Run intro.
20230421 015824.026 INFO             PET0       >>>MODEL: entered Run (phase=RunPhase1) with current time:    0  1  1  0  2  0   0
20230421 015824.026 INFO             PET0       MODEL: time step-loop starting, current time:    0  1  1  0  2  0   0
20230421 015824.026 INFO             PET0       thread_num=   1   currentSsiPe=   1   num_threads=   2   max_threads=   2   num_procs=   2
20230421 015824.026 INFO             PET0       thread_num=   0   currentSsiPe=   0   num_threads=   2   max_threads=   2   num_procs=   2
20230421 015824.026 INFO             PET0       ---->Advancing Model from:    0  1  1  0  2  0   0
20230421 015824.026 INFO             PET0       ---------------------> to:    0  1  1  0  2 30   0
20230421 015824.026 INFO             PET0       MODEL: time step-loop ending,   current time:    0  1  1  0  2 30   0
20230421 015824.026 INFO             PET0       <<<MODEL: leaving Run (phase=RunPhase1) with current time:    0  1  1  0  2 30   0
20230421 015824.026 INFO             PET0     MODEL: Run extro.
20230421 015824.026 INFO             PET0   driver: end <--------- RunSequence
20230421 015824.026 INFO             PET0   <<<driver - leaving Run with current time:    0  1  1  0  2 30   0
20230421 015824.026 INFO             PET0 driver: Run extro.
20230421 015824.026 INFO             PET0 driver: Finalize intro.
20230421 015824.026 INFO             PET0   Calling Finalize phase 1 for modelComp: MODEL
20230421 015824.026 INFO             PET0   MODEL: Finalize intro.
20230421 015824.026 INFO             PET0     >>>MODEL: entered Finalize (phase=FinalizePhase1) with current time:    0  1  1  0  2 30   0
20230421 015824.026 INFO             PET0     <<<MODEL: leaving Finalize (phase=FinalizePhase1) with current time:    0  1  1  0  2 30   0
20230421 015824.026 INFO             PET0   MODEL: Finalize extro.
20230421 015824.026 INFO             PET0   Delete modelComp: MODEL
20230421 015824.026 INFO             PET0   Delete Import-/Export State for modelComp: MODEL
20230421 015824.026 INFO             PET0 driver: Finalize extro.
20230421 015824.026 INFO             PET0 mainApp FINISHED
20230421 015824.026 INFO             PET0 Finalizing ESMF
20230421 015823.989 INFO             PET1 !!!!!!!!!!!!!!!!!!!!!!!!!!!!!!!!!!!!!!!!!!!!!!!!!!!!!!
20230421 015823.989 INFO             PET1 !!! THE ESMF_LOG IS SET TO OUTPUT ALL LOG MESSAGES !!!
20230421 015823.989 INFO             PET1 !!!     THIS MAY CAUSE SLOWDOWN IN PERFORMANCE     !!!
20230421 015823.989 INFO             PET1 !!! FOR PRODUCTION RUNS, USE:                      !!!
20230421 015823.989 INFO             PET1 !!!                   ESMF_LOGKIND_Multi_On_Error  !!!
20230421 015823.989 INFO             PET1 !!!!!!!!!!!!!!!!!!!!!!!!!!!!!!!!!!!!!!!!!!!!!!!!!!!!!!
20230421 015823.989 INFO             PET1 Running with ESMF Version   : hconfig_b01-3-ge0b4092aab
20230421 015823.989 INFO             PET1 ESMF library build date/time: "Apr 21 2023" "01:23:45"
20230421 015823.989 INFO             PET1 ESMF library build location : /discover/nobackup/projects/sbu/mpotts/esmf-test/intel_19.1.3_intelmpi_g_feature_hconfig/esmf
20230421 015823.989 INFO             PET1 ESMF_COMM                   : intelmpi
20230421 015823.989 INFO             PET1 ESMF_MOAB                   : enabled
20230421 015823.989 INFO             PET1 ESMF_LAPACK                 : enabled
20230421 015823.989 INFO             PET1 ESMF_NETCDF                 : enabled
20230421 015823.989 INFO             PET1 ESMF_PNETCDF                : disabled
20230421 015823.989 INFO             PET1 ESMF_PIO                    : enabled
20230421 015823.989 INFO             PET1 ESMF_YAMLCPP                : enabled
20230421 015823.990 INFO             PET1 mainApp STARTING
20230421 015823.995 INFO             PET1 driver: InitializeGeneric intro.
20230421 015823.995 INFO             PET1   driver: InitializeP0 intro.
20230421 015823.995 INFO             PET1   driver: InitializeP0 extro.
20230421 015823.995 INFO             PET1   driver: InitializeIPDv02p1 intro.
20230421 015823.995 INFO             PET1     >>>driver: entered Initialize (phase=<none>) without valid internal Clock.
20230421 015823.996 INFO             PET1     driver - Creating model component MODEL without petList.
20230421 015823.996 DEBUG            PET1     Generic SetVM() is executing for: MODEL
20230421 015823.997 DEBUG            PET1     Generic SetVM() is calling ESMF_GridCompSetVMMaxPEs() for: MODEL with:
20230421 015823.997 DEBUG            PET1      -             MaxCount =          2
20230421 015823.997 DEBUG            PET1      -       OpenMpHandling =
20230421 015823.997 DEBUG            PET1      -     OpenMpNumThreads =         -1
20230421 015823.997 DEBUG            PET1      -   ForceChildPthreads =          F
20230421 015823.997 DEBUG            PET1      -  PthreadMinStackSize =         -1
20230421 015823.997 DEBUG            PET1     vmkt_create()#201 Pthread: service=1 (0: actual PET, 1: service thread) - PTHREAD_STACK_MIN: 16384 bytes stack_size: 4194304 bytes
20230421 015823.997 DEBUG            PET1     vmkt_create()#201 Pthread: service=1 (0: actual PET, 1: service thread) - PTHREAD_STACK_MIN: 16384 bytes stack_size: 4194304 bytes
20230421 015824.001 INFO             PET1      GridCompIsPetLocal:  T
20230421 015824.001 INFO             PET1      VmIsCreated:  T
20230421 015824.001 INFO             PET1      MPI_COMM_NULL
20230421 015824.001 INFO             PET1     driver - Creating state: modelComp 1 Import State
20230421 015824.001 INFO             PET1     driver - Creating state: modelComp 1 Export State
20230421 015824.006 INFO             PET1     driver: IInitAdvertise intro.
20230421 015824.006 INFO             PET1     driver: IInitAdvertise extro.
20230421 015824.009 INFO             PET1     driver: IInitAdvertiseFinish intro.
20230421 015824.009 INFO             PET1     driver: IInitAdvertiseFinish extro.
20230421 015824.009 INFO             PET1     driver: IInitModifyCplLists intro.
20230421 015824.009 INFO             PET1     driver: IInitModifyCplLists extro.
20230421 015824.009 INFO             PET1     <<<driver: leaving Initialize (phase=<none>) with current time:    0  1  1  0  0  0   0
20230421 015824.009 INFO             PET1   driver: InitializeIPDv02p1 extro.
20230421 015824.009 INFO             PET1   driver: InitializeIPDv02p3 intro.
20230421 015824.010 INFO             PET1     >>>driver: entered Initialize (phase=<none>) with current time:    0  1  1  0  0  0   0
20230421 015824.010 INFO             PET1     driver: IInitCheck intro.
20230421 015824.010 INFO             PET1     driver: IInitCheck extro.
20230421 015824.016 INFO             PET1     driver: IInitRealize intro.
20230421 015824.016 INFO             PET1     driver: IInitRealize extro.
20230421 015824.017 INFO             PET1     <<<driver: leaving Initialize (phase=<none>) with current time:    0  1  1  0  0  0   0
20230421 015824.017 INFO             PET1   driver: InitializeIPDv02p3 extro.
20230421 015824.017 INFO             PET1   driver: InitializeIPDv02p5 intro.
20230421 015824.017 INFO             PET1     >>>driver: entered Initialize (phase=<none>) with current time:    0  1  1  0  0  0   0
20230421 015824.017 INFO             PET1     driver: this is a top level driver, no 'Updated' and 'InitializeDataComplete' info on this level.
20230421 015824.017 INFO             PET1     driver: InitializeIPDv02p5Data intro.
20230421 015824.018 INFO             PET1       driver: InternalInitializeComplete intro.
20230421 015824.018 INFO             PET1         driver: InitializeDataComplete='true'
20230421 015824.018 INFO             PET1       driver: InternalInitializeComplete extro.
20230421 015824.021 INFO             PET1       driver: components present that trigger loopDataDependentInitialize().
20230421 015824.021 INFO             PET1       driver: loopDataDependentInitialize intro.
20230421 015824.021 INFO             PET1         driver: component    0=driver, dataComplete (local): true
20230421 015824.021 INFO             PET1         driver: component    0=driver, dataComplete (global):  T
20230421 015824.021 INFO             PET1         driver: component    1=MODEL, dataComplete (local): false
20230421 015824.021 INFO             PET1         driver: component    1=MODEL, dataComplete (global):  F
20230421 015824.022 INFO             PET1         driver: component    1=MODEL, someProgress (local): true
20230421 015824.023 INFO             PET1         driver: component    1=MODEL, someProgress (global):  T
20230421 015824.023 INFO             PET1         driver: someProgress= T, allComplete= F, present(dataDepAllComplete)= T
20230421 015824.023 INFO             PET1         driver: component    0=driver, dataComplete (local): true
20230421 015824.023 INFO             PET1         driver: component    0=driver, dataComplete (global):  T
20230421 015824.023 INFO             PET1         driver: component    1=MODEL, dataComplete (local): true
20230421 015824.023 INFO             PET1         driver: component    1=MODEL, dataComplete (global):  T
20230421 015824.023 INFO             PET1         driver: someProgress= F, allComplete= T, present(dataDepAllComplete)= T
20230421 015824.023 INFO             PET1         driver: finished resolving initialize data dependencies on this level.
20230421 015824.023 INFO             PET1       driver: loopDataDependentInitialize extro.
20230421 015824.023 INFO             PET1       driver: loopDataDependentInitialize() returned with dataDepAllComplete:  T
20230421 015824.023 INFO             PET1     driver: InitializeIPDv02p5Data extro.
20230421 015824.023 INFO             PET1     <<<driver: leaving Initialize (phase=<none>) with current time:    0  1  1  0  0  0   0
20230421 015824.023 INFO             PET1   driver: InitializeIPDv02p5 extro.
20230421 015824.023 INFO             PET1 driver: InitializeGeneric extro.
20230421 015824.023 INFO             PET1 driver: Run intro.
20230421 015824.023 INFO             PET1   >>>driver entered Run (phase=RunPhase1) with current time:    0  1  1  0  0  0   0
20230421 015824.023 INFO             PET1   driver: after lable_SetRunClock, current time:    0  1  1  0  0  0   0
20230421 015824.023 INFO             PET1   driver: begin -------> RunSequence.
20230421 015824.023 INFO             PET1     driver: RunSequence event loopLevel=   1  levelMember=   1  loopIteration=   1, current time:    0  1  1  0  0  0   0
20230421 015824.024 INFO             PET1     driver: RunSequence event loopLevel=   1  levelMember=   1  loopIteration=   2, current time:    0  1  1  0  0 30   0
20230421 015824.025 INFO             PET1     driver: RunSequence event loopLevel=   1  levelMember=   1  loopIteration=   3, current time:    0  1  1  0  1  0   0
20230421 015824.025 INFO             PET1     driver: RunSequence event loopLevel=   1  levelMember=   1  loopIteration=   4, current time:    0  1  1  0  1 30   0
20230421 015824.025 INFO             PET1     driver: RunSequence event loopLevel=   1  levelMember=   1  loopIteration=   5, current time:    0  1  1  0  2  0   0
20230421 015824.026 INFO             PET1   driver: end <--------- RunSequence
20230421 015824.026 INFO             PET1   <<<driver - leaving Run with current time:    0  1  1  0  2 30   0
20230421 015824.026 INFO             PET1 driver: Run extro.
20230421 015824.026 INFO             PET1 driver: Finalize intro.
20230421 015824.026 INFO             PET1   Calling Finalize phase 1 for modelComp: MODEL
20230421 015824.026 INFO             PET1   Delete modelComp: MODEL
20230421 015824.026 INFO             PET1   Delete Import-/Export State for modelComp: MODEL
20230421 015824.026 INFO             PET1 driver: Finalize extro.
20230421 015824.026 INFO             PET1 mainApp FINISHED
20230421 015824.026 INFO             PET1 Finalizing ESMF
20230421 015823.989 INFO             PET2 !!!!!!!!!!!!!!!!!!!!!!!!!!!!!!!!!!!!!!!!!!!!!!!!!!!!!!
20230421 015823.989 INFO             PET2 !!! THE ESMF_LOG IS SET TO OUTPUT ALL LOG MESSAGES !!!
20230421 015823.989 INFO             PET2 !!!     THIS MAY CAUSE SLOWDOWN IN PERFORMANCE     !!!
20230421 015823.989 INFO             PET2 !!! FOR PRODUCTION RUNS, USE:                      !!!
20230421 015823.989 INFO             PET2 !!!                   ESMF_LOGKIND_Multi_On_Error  !!!
20230421 015823.989 INFO             PET2 !!!!!!!!!!!!!!!!!!!!!!!!!!!!!!!!!!!!!!!!!!!!!!!!!!!!!!
20230421 015823.989 INFO             PET2 Running with ESMF Version   : hconfig_b01-3-ge0b4092aab
20230421 015823.989 INFO             PET2 ESMF library build date/time: "Apr 21 2023" "01:23:45"
20230421 015823.989 INFO             PET2 ESMF library build location : /discover/nobackup/projects/sbu/mpotts/esmf-test/intel_19.1.3_intelmpi_g_feature_hconfig/esmf
20230421 015823.989 INFO             PET2 ESMF_COMM                   : intelmpi
20230421 015823.990 INFO             PET2 ESMF_MOAB                   : enabled
20230421 015823.990 INFO             PET2 ESMF_LAPACK                 : enabled
20230421 015823.990 INFO             PET2 ESMF_NETCDF                 : enabled
20230421 015823.990 INFO             PET2 ESMF_PNETCDF                : disabled
20230421 015823.990 INFO             PET2 ESMF_PIO                    : enabled
20230421 015823.990 INFO             PET2 ESMF_YAMLCPP                : enabled
20230421 015823.990 INFO             PET2 mainApp STARTING
20230421 015823.996 INFO             PET2 driver: InitializeGeneric intro.
20230421 015823.996 INFO             PET2   driver: InitializeP0 intro.
20230421 015823.996 INFO             PET2   driver: InitializeP0 extro.
20230421 015823.996 INFO             PET2   driver: InitializeIPDv02p1 intro.
20230421 015823.996 INFO             PET2     >>>driver: entered Initialize (phase=<none>) without valid internal Clock.
20230421 015823.996 INFO             PET2     driver - Creating model component MODEL without petList.
20230421 015823.996 DEBUG            PET2     Generic SetVM() is executing for: MODEL
20230421 015823.997 DEBUG            PET2     Generic SetVM() is calling ESMF_GridCompSetVMMaxPEs() for: MODEL with:
20230421 015823.997 DEBUG            PET2      -             MaxCount =          2
20230421 015823.997 DEBUG            PET2      -       OpenMpHandling =
20230421 015823.997 DEBUG            PET2      -     OpenMpNumThreads =         -1
20230421 015823.997 DEBUG            PET2      -   ForceChildPthreads =          F
20230421 015823.997 DEBUG            PET2      -  PthreadMinStackSize =         -1
20230421 015824.001 INFO             PET2      GridCompIsPetLocal:  T
20230421 015824.001 INFO             PET2      VmIsCreated:  T
20230421 015824.001 INFO             PET2      valid MPI_COMM with size=           2
20230421 015824.001 INFO             PET2     driver - Creating state: modelComp 1 Import State
20230421 015824.001 INFO             PET2     driver - Creating state: modelComp 1 Export State
20230421 015824.002 INFO             PET2     MODEL: InitializeP0 intro.
20230421 015824.003 INFO             PET2       >>>MODEL: entered Initialize (phase=<none>) without valid internal Clock.
20230421 015824.004 INFO             PET2       <<<MODEL: leaving Initialize (phase=<none>) without valid internal Clock.
20230421 015824.004 INFO             PET2     MODEL: InitializeP0 extro.
20230421 015824.006 INFO             PET2     driver: IInitAdvertise intro.
20230421 015824.006 INFO             PET2     driver: IInitAdvertise extro.
20230421 015824.006 INFO             PET2     MODEL: InitializeIPDvXp01 intro.
20230421 015824.006 INFO             PET2       >>>MODEL: entered Initialize (phase=IPDvXp01) without valid internal Clock.
20230421 015824.008 INFO             PET2       <<<MODEL: leaving Initialize (phase=IPDvXp01) without valid internal Clock.
20230421 015824.008 INFO             PET2     MODEL: InitializeIPDvXp01 extro.
20230421 015824.009 INFO             PET2     driver: IInitAdvertiseFinish intro.
20230421 015824.009 INFO             PET2     driver: IInitAdvertiseFinish extro.
20230421 015824.009 INFO             PET2     driver: IInitModifyCplLists intro.
20230421 015824.009 INFO             PET2     driver: IInitModifyCplLists extro.
20230421 015824.009 INFO             PET2     <<<driver: leaving Initialize (phase=<none>) with current time:    0  1  1  0  0  0   0
20230421 015824.009 INFO             PET2   driver: InitializeIPDv02p1 extro.
20230421 015824.010 INFO             PET2   driver: InitializeIPDv02p3 intro.
20230421 015824.010 INFO             PET2     >>>driver: entered Initialize (phase=<none>) with current time:    0  1  1  0  0  0   0
20230421 015824.010 INFO             PET2     driver: IInitCheck intro.
20230421 015824.010 INFO             PET2     driver: IInitCheck extro.
20230421 015824.010 INFO             PET2     MODEL: InitializeIPDvXp04 intro.
20230421 015824.010 INFO             PET2       >>>MODEL: entered Initialize (phase=IPDvXp04) without valid internal Clock.
20230421 015824.015 INFO             PET2       After Realize: - MemInfo: [/proc/meminfo - SSI]	MemTotal:       196174516 kB
20230421 015824.015 INFO             PET2       After Realize: - MemInfo: [/proc/meminfo - SSI]	MemFree:        183790556 kB
20230421 015824.015 INFO             PET2       After Realize: - MemInfo: [/proc/meminfo - SSI]	MemAvailable:   169000940 kB
20230421 015824.015 INFO             PET2       After Realize: - MemInfo: [/proc/meminfo - SSI]	Committed_AS:    4344860 kB
20230421 015824.015 INFO             PET2       After Realize: - MemInfo: [/proc/meminfo - SSI]	CommittedPercent: 2.21479 %
20230421 015824.015 INFO             PET2       After Realize: - MemInfo: [/proc/self/status]	VmPeak:	 3957088 kB
20230421 015824.015 INFO             PET2       After Realize: - MemInfo: [/proc/self/status]	VmSize:	 3891556 kB
20230421 015824.015 INFO             PET2       After Realize: - MemInfo: [/proc/self/status]	VmLck:	       0 kB
20230421 015824.015 INFO             PET2       After Realize: - MemInfo: [/proc/self/status]	VmPin:	   82140 kB
20230421 015824.015 INFO             PET2       After Realize: - MemInfo: [/proc/self/status]	VmHWM:	  170672 kB
20230421 015824.015 INFO             PET2       After Realize: - MemInfo: [/proc/self/status]	VmRSS:	  170672 kB
20230421 015824.015 INFO             PET2       After Realize: - MemInfo: [/proc/self/status]	VmData:	  215052 kB
20230421 015824.015 INFO             PET2       After Realize: - MemInfo: [/proc/self/status]	VmStk:	     516 kB
20230421 015824.015 INFO             PET2       After Realize: - MemInfo: [/proc/self/status]	VmExe:	    2792 kB
20230421 015824.015 INFO             PET2       After Realize: - MemInfo: [/proc/self/status]	VmLib:	  160140 kB
20230421 015824.015 INFO             PET2       After Realize: - MemInfo: [/proc/self/status]	VmPTE:	     868 kB
20230421 015824.015 INFO             PET2       After Realize: - MemInfo: [/proc/self/status]	VmPMD:	      32 kB
20230421 015824.015 INFO             PET2       After Realize: - MemInfo: [/proc/self/status]	VmSwap:	       0 kB
20230421 015824.015 INFO             PET2       After Realize: - MemInfo: [/proc/self/status]	VmRSSPercent: 0.0870001 %
20230421 015824.015 INFO             PET2       After Realize: - MemInfo: [malloc] Non-mmapped space allocated:                 3076096 Byte
20230421 015824.015 INFO             PET2       After Realize: - MemInfo: [malloc] Space allocated in mmapped regions:         87179264 Byte
20230421 015824.015 INFO             PET2       After Realize: - MemInfo: [malloc] Maximum total allocated space:                     0 Byte
20230421 015824.015 INFO             PET2       After Realize: - MemInfo: [malloc] Space in freed fastbin blocks:                  1072 Byte
20230421 015824.015 INFO             PET2       After Realize: - MemInfo: [malloc] Total allocated space:                       2782848 Byte
20230421 015824.015 INFO             PET2       After Realize: - MemInfo: [malloc] Total free space:                             293248 Byte
20230421 015824.015 INFO             PET2       After Realize: - MemInfo: [malloc] Top-most, releasable space:                    26992 Byte
20230421 015824.015 INFO             PET2       After Realize: - MemInfo: [malloc] Total space in use, mmap + non-mmap:        89962112 Byte
20230421 015824.015 INFO             PET2       After Realize: - MemInfo: [malloc] Total space held (mmap + non-mmap):         90255360 Byte
20230421 015824.015 INFO             PET2       After Realize: - MemInfo: [malloc] Total space used (mmap + non-mmap):         89971472 Byte
20230421 015824.015 INFO             PET2       After Realize: - MemInfo: Wall-clock time since execution start:              0.0351837 seconds
20230421 015824.015 INFO             PET2       <<<MODEL: leaving Initialize (phase=IPDvXp04) without valid internal Clock.
20230421 015824.015 INFO             PET2     MODEL: InitializeIPDvXp04 extro.
20230421 015824.016 INFO             PET2     driver: IInitRealize intro.
20230421 015824.016 INFO             PET2     driver: IInitRealize extro.
20230421 015824.017 INFO             PET2     MODEL: InitializeIPDvXp07 intro.
20230421 015824.018 INFO             PET2       >>>MODEL: entered Initialize (phase=IPDvXp07) without valid internal Clock.
20230421 015824.018 INFO             PET2       <<<MODEL: leaving Initialize (phase=IPDvXp07) with current time:    0  1  1  0  0  0   0
20230421 015824.018 INFO             PET2     MODEL: InitializeIPDvXp07 extro.
20230421 015824.018 INFO             PET2     <<<driver: leaving Initialize (phase=<none>) with current time:    0  1  1  0  0  0   0
20230421 015824.018 INFO             PET2   driver: InitializeIPDv02p3 extro.
20230421 015824.018 INFO             PET2   driver: InitializeIPDv02p5 intro.
20230421 015824.018 INFO             PET2     >>>driver: entered Initialize (phase=<none>) with current time:    0  1  1  0  0  0   0
20230421 015824.018 INFO             PET2     driver: this is a top level driver, no 'Updated' and 'InitializeDataComplete' info on this level.
20230421 015824.018 INFO             PET2     driver: InitializeIPDv02p5Data intro.
20230421 015824.018 INFO             PET2       driver: InternalInitializeComplete intro.
20230421 015824.018 INFO             PET2         driver: InitializeDataComplete='true'
20230421 015824.018 INFO             PET2       driver: InternalInitializeComplete extro.
20230421 015824.019 INFO             PET2       MODEL: InitializeIPDvXp08 intro.
20230421 015824.019 INFO             PET2         >>>MODEL: entered Initialize (phase=IPDv05p8) with current time:    0  1  1  0  0  0   0
20230421 015824.019 INFO             PET2         MODEL: InitializeDataProgress='false', InitializeDataComplete='false'
20230421 015824.019 INFO             PET2         <<<MODEL: leaving Initialize (phase=IPDv05p8) with current time:    0  1  1  0  0  0   0
20230421 015824.019 INFO             PET2       MODEL: InitializeIPDvXp08 extro.
20230421 015824.021 INFO             PET2       driver: components present that trigger loopDataDependentInitialize().
20230421 015824.021 INFO             PET2       driver: loopDataDependentInitialize intro.
20230421 015824.021 INFO             PET2         driver: component    0=driver, dataComplete (local): true
20230421 015824.021 INFO             PET2         driver: component    0=driver, dataComplete (global):  T
20230421 015824.021 INFO             PET2         driver: component    1=MODEL, dataComplete (local): false
20230421 015824.021 INFO             PET2         driver: component    1=MODEL, dataComplete (global):  F
20230421 015824.021 INFO             PET2         MODEL: InitializeIPDvXp08 intro.
20230421 015824.021 INFO             PET2           >>>MODEL: entered Initialize (phase=IPDv05p8) with current time:    0  1  1  0  0  0   0
20230421 015824.022 INFO             PET2           MODEL: InitializeDataProgress='true', InitializeDataComplete='true'
20230421 015824.022 INFO             PET2           <<<MODEL: leaving Initialize (phase=IPDv05p8) with current time:    0  1  1  0  0  0   0
20230421 015824.022 INFO             PET2         MODEL: InitializeIPDvXp08 extro.
20230421 015824.022 INFO             PET2         driver: component    1=MODEL, someProgress (local): true
20230421 015824.023 INFO             PET2         driver: component    1=MODEL, someProgress (global):  T
20230421 015824.023 INFO             PET2         driver: someProgress= T, allComplete= F, present(dataDepAllComplete)= T
20230421 015824.023 INFO             PET2         driver: component    0=driver, dataComplete (local): true
20230421 015824.023 INFO             PET2         driver: component    0=driver, dataComplete (global):  T
20230421 015824.023 INFO             PET2         driver: component    1=MODEL, dataComplete (local): true
20230421 015824.023 INFO             PET2         driver: component    1=MODEL, dataComplete (global):  T
20230421 015824.023 INFO             PET2         driver: someProgress= F, allComplete= T, present(dataDepAllComplete)= T
20230421 015824.023 INFO             PET2         driver: finished resolving initialize data dependencies on this level.
20230421 015824.023 INFO             PET2       driver: loopDataDependentInitialize extro.
20230421 015824.023 INFO             PET2       driver: loopDataDependentInitialize() returned with dataDepAllComplete:  T
20230421 015824.023 INFO             PET2     driver: InitializeIPDv02p5Data extro.
20230421 015824.023 INFO             PET2     <<<driver: leaving Initialize (phase=<none>) with current time:    0  1  1  0  0  0   0
20230421 015824.023 INFO             PET2   driver: InitializeIPDv02p5 extro.
20230421 015824.023 INFO             PET2 driver: InitializeGeneric extro.
20230421 015824.023 INFO             PET2 driver: Run intro.
20230421 015824.023 INFO             PET2   >>>driver entered Run (phase=RunPhase1) with current time:    0  1  1  0  0  0   0
20230421 015824.023 INFO             PET2   driver: after lable_SetRunClock, current time:    0  1  1  0  0  0   0
20230421 015824.023 INFO             PET2   driver: begin -------> RunSequence.
20230421 015824.023 INFO             PET2     driver: RunSequence event loopLevel=   1  levelMember=   1  loopIteration=   1, current time:    0  1  1  0  0  0   0
20230421 015824.024 INFO             PET2     MODEL: Run intro.
20230421 015824.024 INFO             PET2       >>>MODEL: entered Run (phase=RunPhase1) with current time:    0  1  1  0  0  0   0
20230421 015824.024 INFO             PET2       MODEL: time step-loop starting, current time:    0  1  1  0  0  0   0
20230421 015824.024 INFO             PET2       thread_num=   1   currentSsiPe=   3   num_threads=   2   max_threads=   2   num_procs=   2
20230421 015824.024 INFO             PET2       thread_num=   0   currentSsiPe=   2   num_threads=   2   max_threads=   2   num_procs=   2
20230421 015824.024 INFO             PET2       ---->Advancing Model from:    0  1  1  0  0  0   0
20230421 015824.024 INFO             PET2       ---------------------> to:    0  1  1  0  0 30   0
20230421 015824.024 INFO             PET2       MODEL: time step-loop ending,   current time:    0  1  1  0  0 30   0
20230421 015824.024 INFO             PET2       <<<MODEL: leaving Run (phase=RunPhase1) with current time:    0  1  1  0  0 30   0
20230421 015824.024 INFO             PET2     MODEL: Run extro.
20230421 015824.024 INFO             PET2     driver: RunSequence event loopLevel=   1  levelMember=   1  loopIteration=   2, current time:    0  1  1  0  0 30   0
20230421 015824.025 INFO             PET2     MODEL: Run intro.
20230421 015824.025 INFO             PET2       >>>MODEL: entered Run (phase=RunPhase1) with current time:    0  1  1  0  0 30   0
20230421 015824.025 INFO             PET2       MODEL: time step-loop starting, current time:    0  1  1  0  0 30   0
20230421 015824.025 INFO             PET2       thread_num=   1   currentSsiPe=   3   num_threads=   2   max_threads=   2   num_procs=   2
20230421 015824.025 INFO             PET2       thread_num=   0   currentSsiPe=   2   num_threads=   2   max_threads=   2   num_procs=   2
20230421 015824.025 INFO             PET2       ---->Advancing Model from:    0  1  1  0  0 30   0
20230421 015824.025 INFO             PET2       ---------------------> to:    0  1  1  0  1  0   0
20230421 015824.025 INFO             PET2       MODEL: time step-loop ending,   current time:    0  1  1  0  1  0   0
20230421 015824.025 INFO             PET2       <<<MODEL: leaving Run (phase=RunPhase1) with current time:    0  1  1  0  1  0   0
20230421 015824.025 INFO             PET2     MODEL: Run extro.
20230421 015824.025 INFO             PET2     driver: RunSequence event loopLevel=   1  levelMember=   1  loopIteration=   3, current time:    0  1  1  0  1  0   0
20230421 015824.025 INFO             PET2     MODEL: Run intro.
20230421 015824.025 INFO             PET2       >>>MODEL: entered Run (phase=RunPhase1) with current time:    0  1  1  0  1  0   0
20230421 015824.025 INFO             PET2       MODEL: time step-loop starting, current time:    0  1  1  0  1  0   0
20230421 015824.025 INFO             PET2       thread_num=   1   currentSsiPe=   3   num_threads=   2   max_threads=   2   num_procs=   2
20230421 015824.025 INFO             PET2       thread_num=   0   currentSsiPe=   2   num_threads=   2   max_threads=   2   num_procs=   2
20230421 015824.025 INFO             PET2       ---->Advancing Model from:    0  1  1  0  1  0   0
20230421 015824.025 INFO             PET2       ---------------------> to:    0  1  1  0  1 30   0
20230421 015824.025 INFO             PET2       MODEL: time step-loop ending,   current time:    0  1  1  0  1 30   0
20230421 015824.025 INFO             PET2       <<<MODEL: leaving Run (phase=RunPhase1) with current time:    0  1  1  0  1 30   0
20230421 015824.025 INFO             PET2     MODEL: Run extro.
20230421 015824.025 INFO             PET2     driver: RunSequence event loopLevel=   1  levelMember=   1  loopIteration=   4, current time:    0  1  1  0  1 30   0
20230421 015824.026 INFO             PET2     MODEL: Run intro.
20230421 015824.026 INFO             PET2       >>>MODEL: entered Run (phase=RunPhase1) with current time:    0  1  1  0  1 30   0
20230421 015824.026 INFO             PET2       MODEL: time step-loop starting, current time:    0  1  1  0  1 30   0
20230421 015824.026 INFO             PET2       thread_num=   1   currentSsiPe=   3   num_threads=   2   max_threads=   2   num_procs=   2
20230421 015824.026 INFO             PET2       thread_num=   0   currentSsiPe=   2   num_threads=   2   max_threads=   2   num_procs=   2
20230421 015824.026 INFO             PET2       ---->Advancing Model from:    0  1  1  0  1 30   0
20230421 015824.026 INFO             PET2       ---------------------> to:    0  1  1  0  2  0   0
20230421 015824.026 INFO             PET2       MODEL: time step-loop ending,   current time:    0  1  1  0  2  0   0
20230421 015824.026 INFO             PET2       <<<MODEL: leaving Run (phase=RunPhase1) with current time:    0  1  1  0  2  0   0
20230421 015824.026 INFO             PET2     MODEL: Run extro.
20230421 015824.026 INFO             PET2     driver: RunSequence event loopLevel=   1  levelMember=   1  loopIteration=   5, current time:    0  1  1  0  2  0   0
20230421 015824.026 INFO             PET2     MODEL: Run intro.
20230421 015824.026 INFO             PET2       >>>MODEL: entered Run (phase=RunPhase1) with current time:    0  1  1  0  2  0   0
20230421 015824.027 INFO             PET2       MODEL: time step-loop starting, current time:    0  1  1  0  2  0   0
20230421 015824.027 INFO             PET2       thread_num=   1   currentSsiPe=   3   num_threads=   2   max_threads=   2   num_procs=   2
20230421 015824.027 INFO             PET2       thread_num=   0   currentSsiPe=   2   num_threads=   2   max_threads=   2   num_procs=   2
20230421 015824.027 INFO             PET2       ---->Advancing Model from:    0  1  1  0  2  0   0
20230421 015824.027 INFO             PET2       ---------------------> to:    0  1  1  0  2 30   0
20230421 015824.027 INFO             PET2       MODEL: time step-loop ending,   current time:    0  1  1  0  2 30   0
20230421 015824.027 INFO             PET2       <<<MODEL: leaving Run (phase=RunPhase1) with current time:    0  1  1  0  2 30   0
20230421 015824.027 INFO             PET2     MODEL: Run extro.
20230421 015824.027 INFO             PET2   driver: end <--------- RunSequence
20230421 015824.027 INFO             PET2   <<<driver - leaving Run with current time:    0  1  1  0  2 30   0
20230421 015824.027 INFO             PET2 driver: Run extro.
20230421 015824.027 INFO             PET2 driver: Finalize intro.
20230421 015824.027 INFO             PET2   Calling Finalize phase 1 for modelComp: MODEL
20230421 015824.027 INFO             PET2   MODEL: Finalize intro.
20230421 015824.027 INFO             PET2     >>>MODEL: entered Finalize (phase=FinalizePhase1) with current time:    0  1  1  0  2 30   0
20230421 015824.027 INFO             PET2     <<<MODEL: leaving Finalize (phase=FinalizePhase1) with current time:    0  1  1  0  2 30   0
20230421 015824.027 INFO             PET2   MODEL: Finalize extro.
20230421 015824.027 INFO             PET2   Delete modelComp: MODEL
20230421 015824.027 INFO             PET2   Delete Import-/Export State for modelComp: MODEL
20230421 015824.028 INFO             PET2 driver: Finalize extro.
20230421 015824.028 INFO             PET2 mainApp FINISHED
20230421 015824.028 INFO             PET2 Finalizing ESMF
20230421 015823.989 INFO             PET3 !!!!!!!!!!!!!!!!!!!!!!!!!!!!!!!!!!!!!!!!!!!!!!!!!!!!!!
20230421 015823.989 INFO             PET3 !!! THE ESMF_LOG IS SET TO OUTPUT ALL LOG MESSAGES !!!
20230421 015823.989 INFO             PET3 !!!     THIS MAY CAUSE SLOWDOWN IN PERFORMANCE     !!!
20230421 015823.989 INFO             PET3 !!! FOR PRODUCTION RUNS, USE:                      !!!
20230421 015823.989 INFO             PET3 !!!                   ESMF_LOGKIND_Multi_On_Error  !!!
20230421 015823.989 INFO             PET3 !!!!!!!!!!!!!!!!!!!!!!!!!!!!!!!!!!!!!!!!!!!!!!!!!!!!!!
20230421 015823.989 INFO             PET3 Running with ESMF Version   : hconfig_b01-3-ge0b4092aab
20230421 015823.989 INFO             PET3 ESMF library build date/time: "Apr 21 2023" "01:23:45"
20230421 015823.989 INFO             PET3 ESMF library build location : /discover/nobackup/projects/sbu/mpotts/esmf-test/intel_19.1.3_intelmpi_g_feature_hconfig/esmf
20230421 015823.989 INFO             PET3 ESMF_COMM                   : intelmpi
20230421 015823.990 INFO             PET3 ESMF_MOAB                   : enabled
20230421 015823.990 INFO             PET3 ESMF_LAPACK                 : enabled
20230421 015823.990 INFO             PET3 ESMF_NETCDF                 : enabled
20230421 015823.990 INFO             PET3 ESMF_PNETCDF                : disabled
20230421 015823.990 INFO             PET3 ESMF_PIO                    : enabled
20230421 015823.990 INFO             PET3 ESMF_YAMLCPP                : enabled
20230421 015823.990 INFO             PET3 mainApp STARTING
20230421 015823.995 INFO             PET3 driver: InitializeGeneric intro.
20230421 015823.995 INFO             PET3   driver: InitializeP0 intro.
20230421 015823.995 INFO             PET3   driver: InitializeP0 extro.
20230421 015823.995 INFO             PET3   driver: InitializeIPDv02p1 intro.
20230421 015823.995 INFO             PET3     >>>driver: entered Initialize (phase=<none>) without valid internal Clock.
20230421 015823.996 INFO             PET3     driver - Creating model component MODEL without petList.
20230421 015823.996 DEBUG            PET3     Generic SetVM() is executing for: MODEL
20230421 015823.997 DEBUG            PET3     Generic SetVM() is calling ESMF_GridCompSetVMMaxPEs() for: MODEL with:
20230421 015823.997 DEBUG            PET3      -             MaxCount =          2
20230421 015823.997 DEBUG            PET3      -       OpenMpHandling =
20230421 015823.997 DEBUG            PET3      -     OpenMpNumThreads =         -1
20230421 015823.997 DEBUG            PET3      -   ForceChildPthreads =          F
20230421 015823.997 DEBUG            PET3      -  PthreadMinStackSize =         -1
20230421 015823.997 DEBUG            PET3     vmkt_create()#201 Pthread: service=1 (0: actual PET, 1: service thread) - PTHREAD_STACK_MIN: 16384 bytes stack_size: 4194304 bytes
20230421 015823.997 DEBUG            PET3     vmkt_create()#201 Pthread: service=1 (0: actual PET, 1: service thread) - PTHREAD_STACK_MIN: 16384 bytes stack_size: 4194304 bytes
20230421 015824.001 INFO             PET3      GridCompIsPetLocal:  T
20230421 015824.001 INFO             PET3      VmIsCreated:  T
20230421 015824.001 INFO             PET3      MPI_COMM_NULL
20230421 015824.002 INFO             PET3     driver - Creating state: modelComp 1 Import State
20230421 015824.002 INFO             PET3     driver - Creating state: modelComp 1 Export State
20230421 015824.006 INFO             PET3     driver: IInitAdvertise intro.
20230421 015824.006 INFO             PET3     driver: IInitAdvertise extro.
20230421 015824.009 INFO             PET3     driver: IInitAdvertiseFinish intro.
20230421 015824.009 INFO             PET3     driver: IInitAdvertiseFinish extro.
20230421 015824.009 INFO             PET3     driver: IInitModifyCplLists intro.
20230421 015824.009 INFO             PET3     driver: IInitModifyCplLists extro.
20230421 015824.010 INFO             PET3     <<<driver: leaving Initialize (phase=<none>) with current time:    0  1  1  0  0  0   0
20230421 015824.010 INFO             PET3   driver: InitializeIPDv02p1 extro.
20230421 015824.010 INFO             PET3   driver: InitializeIPDv02p3 intro.
20230421 015824.010 INFO             PET3     >>>driver: entered Initialize (phase=<none>) with current time:    0  1  1  0  0  0   0
20230421 015824.010 INFO             PET3     driver: IInitCheck intro.
20230421 015824.010 INFO             PET3     driver: IInitCheck extro.
20230421 015824.017 INFO             PET3     driver: IInitRealize intro.
20230421 015824.017 INFO             PET3     driver: IInitRealize extro.
20230421 015824.018 INFO             PET3     <<<driver: leaving Initialize (phase=<none>) with current time:    0  1  1  0  0  0   0
20230421 015824.018 INFO             PET3   driver: InitializeIPDv02p3 extro.
20230421 015824.018 INFO             PET3   driver: InitializeIPDv02p5 intro.
20230421 015824.018 INFO             PET3     >>>driver: entered Initialize (phase=<none>) with current time:    0  1  1  0  0  0   0
20230421 015824.018 INFO             PET3     driver: this is a top level driver, no 'Updated' and 'InitializeDataComplete' info on this level.
20230421 015824.018 INFO             PET3     driver: InitializeIPDv02p5Data intro.
20230421 015824.019 INFO             PET3       driver: InternalInitializeComplete intro.
20230421 015824.019 INFO             PET3         driver: InitializeDataComplete='true'
20230421 015824.019 INFO             PET3       driver: InternalInitializeComplete extro.
20230421 015824.021 INFO             PET3       driver: components present that trigger loopDataDependentInitialize().
20230421 015824.021 INFO             PET3       driver: loopDataDependentInitialize intro.
20230421 015824.021 INFO             PET3         driver: component    0=driver, dataComplete (local): true
20230421 015824.021 INFO             PET3         driver: component    0=driver, dataComplete (global):  T
20230421 015824.021 INFO             PET3         driver: component    1=MODEL, dataComplete (local): false
20230421 015824.021 INFO             PET3         driver: component    1=MODEL, dataComplete (global):  F
20230421 015824.023 INFO             PET3         driver: component    1=MODEL, someProgress (local): true
20230421 015824.023 INFO             PET3         driver: component    1=MODEL, someProgress (global):  T
20230421 015824.023 INFO             PET3         driver: someProgress= T, allComplete= F, present(dataDepAllComplete)= T
20230421 015824.023 INFO             PET3         driver: component    0=driver, dataComplete (local): true
20230421 015824.023 INFO             PET3         driver: component    0=driver, dataComplete (global):  T
20230421 015824.023 INFO             PET3         driver: component    1=MODEL, dataComplete (local): true
20230421 015824.023 INFO             PET3         driver: component    1=MODEL, dataComplete (global):  T
20230421 015824.023 INFO             PET3         driver: someProgress= F, allComplete= T, present(dataDepAllComplete)= T
20230421 015824.023 INFO             PET3         driver: finished resolving initialize data dependencies on this level.
20230421 015824.023 INFO             PET3       driver: loopDataDependentInitialize extro.
20230421 015824.023 INFO             PET3       driver: loopDataDependentInitialize() returned with dataDepAllComplete:  T
20230421 015824.023 INFO             PET3     driver: InitializeIPDv02p5Data extro.
20230421 015824.023 INFO             PET3     <<<driver: leaving Initialize (phase=<none>) with current time:    0  1  1  0  0  0   0
20230421 015824.023 INFO             PET3   driver: InitializeIPDv02p5 extro.
20230421 015824.023 INFO             PET3 driver: InitializeGeneric extro.
20230421 015824.023 INFO             PET3 driver: Run intro.
20230421 015824.023 INFO             PET3   >>>driver entered Run (phase=RunPhase1) with current time:    0  1  1  0  0  0   0
20230421 015824.023 INFO             PET3   driver: after lable_SetRunClock, current time:    0  1  1  0  0  0   0
20230421 015824.023 INFO             PET3   driver: begin -------> RunSequence.
20230421 015824.023 INFO             PET3     driver: RunSequence event loopLevel=   1  levelMember=   1  loopIteration=   1, current time:    0  1  1  0  0  0   0
20230421 015824.024 INFO             PET3     driver: RunSequence event loopLevel=   1  levelMember=   1  loopIteration=   2, current time:    0  1  1  0  0 30   0
20230421 015824.025 INFO             PET3     driver: RunSequence event loopLevel=   1  levelMember=   1  loopIteration=   3, current time:    0  1  1  0  1  0   0
20230421 015824.026 INFO             PET3     driver: RunSequence event loopLevel=   1  levelMember=   1  loopIteration=   4, current time:    0  1  1  0  1 30   0
20230421 015824.026 INFO             PET3     driver: RunSequence event loopLevel=   1  levelMember=   1  loopIteration=   5, current time:    0  1  1  0  2  0   0
20230421 015824.027 INFO             PET3   driver: end <--------- RunSequence
20230421 015824.027 INFO             PET3   <<<driver - leaving Run with current time:    0  1  1  0  2 30   0
20230421 015824.027 INFO             PET3 driver: Run extro.
20230421 015824.027 INFO             PET3 driver: Finalize intro.
20230421 015824.027 INFO             PET3   Calling Finalize phase 1 for modelComp: MODEL
20230421 015824.027 INFO             PET3   Delete modelComp: MODEL
20230421 015824.028 INFO             PET3   Delete Import-/Export State for modelComp: MODEL
20230421 015824.028 INFO             PET3 driver: Finalize extro.
20230421 015824.028 INFO             PET3 mainApp FINISHED
20230421 015824.028 INFO             PET3 Finalizing ESMF
