2023-04-15 03:21:40
forrtl: severe (174): SIGSEGV, segmentation fault occurred
Image              PC                Routine            Line        Source             
libpthread-2.31.s  000015057CCF08C0  Unknown               Unknown  Unknown
mainApp            000000000044C6D0  Unknown               Unknown  Unknown
mainApp            000000000044CFC0  Unknown               Unknown  Unknown
mainApp            000000000044C854  Unknown               Unknown  Unknown
libesmf.so         00001505805E8D8F  f_esmf_compcollec         516  ESMF_Comp_C.F90
libesmf.so         000015058018D6C2  finalize                 3478  ESMCI_VM.C
libesmf.so         000015058015BC37  c_esmc_vmfinalize        1179  ESMCI_VM_F.C
libesmf.so         000015058111B1BB  c_esmc_vmfinalize           0  ESMF_VM.F90
libesmf.so         0000150581112FF2  esmf_vmfinalize          9384  ESMF_VM.F90
libesmf.so         0000150580CC2146  esmf_finalize            1235  ESMF_Init.F90
mainApp            00000000004118E2  mainapp                   112  mainApp.F90
mainApp            0000000000410E4D  Unknown               Unknown  Unknown
libc-2.31.so       0000150578E662BD  __libc_start_main     Unknown  Unknown
mainApp            0000000000410D7A  Unknown               Unknown  Unknown
forrtl: severe (174): SIGSEGV, segmentation fault occurred
Image              PC                Routine            Line        Source             
libpthread-2.31.s  0000150A16B6E8C0  Unknown               Unknown  Unknown
mainApp            000000000044C6B1  Unknown               Unknown  Unknown
mainApp            000000000044CFC0  Unknown               Unknown  Unknown
mainApp            000000000044C854  Unknown               Unknown  Unknown
libesmf.so         0000150A1A466D8F  f_esmf_compcollec         516  ESMF_Comp_C.F90
libesmf.so         0000150A1A00B6C2  finalize                 3478  ESMCI_VM.C
libesmf.so         0000150A19FD9C37  c_esmc_vmfinalize        1179  ESMCI_VM_F.C
libesmf.so         0000150A1AF991BB  c_esmc_vmfinalize           0  ESMF_VM.F90
libesmf.so         0000150A1AF90FF2  esmf_vmfinalize          9384  ESMF_VM.F90
libesmf.so         0000150A1AB40146  esmf_finalize            1235  ESMF_Init.F90
mainApp            00000000004118E2  mainapp                   112  mainApp.F90
mainApp            0000000000410E4D  Unknown               Unknown  Unknown
libc-2.31.so       0000150A12CE42BD  __libc_start_main     Unknown  Unknown
mainApp            0000000000410D7A  Unknown               Unknown  Unknown
forrtl: severe (174): SIGSEGV, segmentation fault occurred
Image              PC                Routine            Line        Source             
libpthread-2.31.s  000014900675F8C0  Unknown               Unknown  Unknown
mainApp            000000000044C6C3  Unknown               Unknown  Unknown
mainApp            000000000044CFC0  Unknown               Unknown  Unknown
mainApp            000000000044C854  Unknown               Unknown  Unknown
libesmf.so         000014900A057D8F  f_esmf_compcollec         516  ESMF_Comp_C.F90
libesmf.so         0000149009BFC6C2  finalize                 3478  ESMCI_VM.C
libesmf.so         0000149009BCAC37  c_esmc_vmfinalize        1179  ESMCI_VM_F.C
libesmf.so         000014900AB8A1BB  c_esmc_vmfinalize           0  ESMF_VM.F90
libesmf.so         000014900AB81FF2  esmf_vmfinalize          9384  ESMF_VM.F90
libesmf.so         000014900A731146  esmf_finalize            1235  ESMF_Init.F90
mainApp            00000000004118E2  mainapp                   112  mainApp.F90
mainApp            0000000000410E4D  Unknown               Unknown  Unknown
libc-2.31.so       00001490028D52BD  __libc_start_main     Unknown  Unknown
mainApp            0000000000410D7A  Unknown               Unknown  Unknown
forrtl: severe (174): SIGSEGV, segmentation fault occurred
Image              PC                Routine            Line        Source             
libpthread-2.31.s  00001526471A98C0  Unknown               Unknown  Unknown
mainApp            000000000044C670  Unknown               Unknown  Unknown
mainApp            000000000044CFC0  Unknown               Unknown  Unknown
mainApp            000000000044C854  Unknown               Unknown  Unknown
libesmf.so         000015264AAA1D8F  f_esmf_compcollec         516  ESMF_Comp_C.F90
libesmf.so         000015264A6466C2  finalize                 3478  ESMCI_VM.C
libesmf.so         000015264A614C37  c_esmc_vmfinalize        1179  ESMCI_VM_F.C
libesmf.so         000015264B5D41BB  c_esmc_vmfinalize           0  ESMF_VM.F90
libesmf.so         000015264B5CBFF2  esmf_vmfinalize          9384  ESMF_VM.F90
libesmf.so         000015264B17B146  esmf_finalize            1235  ESMF_Init.F90
mainApp            00000000004118E2  mainapp                   112  mainApp.F90
mainApp            0000000000410E4D  Unknown               Unknown  Unknown
libc-2.31.so       000015264331F2BD  __libc_start_main     Unknown  Unknown
mainApp            0000000000410D7A  Unknown               Unknown  Unknown
gu0009.hsn.gu.hpc.ucar.edu: rank 0 exited with code 174
