2023-04-14 04:15:30
20230414 045323.362 INFO             PET0 !!!!!!!!!!!!!!!!!!!!!!!!!!!!!!!!!!!!!!!!!!!!!!!!!!!!!!
20230414 045323.362 INFO             PET0 !!! THE ESMF_LOG IS SET TO OUTPUT ALL LOG MESSAGES !!!
20230414 045323.362 INFO             PET0 !!!     THIS MAY CAUSE SLOWDOWN IN PERFORMANCE     !!!
20230414 045323.362 INFO             PET0 !!! FOR PRODUCTION RUNS, USE:                      !!!
20230414 045323.362 INFO             PET0 !!!                   ESMF_LOGKIND_Multi_On_Error  !!!
20230414 045323.362 INFO             PET0 !!!!!!!!!!!!!!!!!!!!!!!!!!!!!!!!!!!!!!!!!!!!!!!!!!!!!!
20230414 045323.362 INFO             PET0 Running with ESMF Version   : hconfig_b01-1-gebe6bc4ad1
20230414 045323.362 INFO             PET0 ESMF library build date/time: "Apr 14 2023" "04:13:28"
20230414 045323.362 INFO             PET0 ESMF library build location : /glade/gust/scratch/theurich/ESMF-Nightly-Testing/nvhpc_23.1_mpi_O_feature_hconfig/esmf
20230414 045323.362 INFO             PET0 ESMF_COMM                   : mpi
20230414 045323.363 INFO             PET0 ESMF_MOAB                   : enabled
20230414 045323.363 INFO             PET0 ESMF_LAPACK                 : enabled
20230414 045323.363 INFO             PET0 ESMF_NETCDF                 : enabled
20230414 045323.363 INFO             PET0 ESMF_PNETCDF                : disabled
20230414 045323.363 INFO             PET0 ESMF_PIO                    : enabled
20230414 045323.363 INFO             PET0 ESMF_YAMLCPP                : enabled
20230414 045323.390 DEBUG            PET0 about to destroy Grid: 0x7bb080
20230414 045323.393 DEBUG            PET0 about to destroy Grid: 0x7bcf50
20230414 045323.400 INFO             PET0  NUMBER_OF_PROCESSORS            4
20230414 045323.400 INFO             PET0  PASS  Example ESMF_NUOPCAtmModelEx, ESMF_NUOPCAtmModelEx.F90, line 806
20230414 045323.400 INFO             PET0 Finalizing ESMF
20230414 045323.362 INFO             PET1 !!!!!!!!!!!!!!!!!!!!!!!!!!!!!!!!!!!!!!!!!!!!!!!!!!!!!!
20230414 045323.362 INFO             PET1 !!! THE ESMF_LOG IS SET TO OUTPUT ALL LOG MESSAGES !!!
20230414 045323.362 INFO             PET1 !!!     THIS MAY CAUSE SLOWDOWN IN PERFORMANCE     !!!
20230414 045323.362 INFO             PET1 !!! FOR PRODUCTION RUNS, USE:                      !!!
20230414 045323.362 INFO             PET1 !!!                   ESMF_LOGKIND_Multi_On_Error  !!!
20230414 045323.362 INFO             PET1 !!!!!!!!!!!!!!!!!!!!!!!!!!!!!!!!!!!!!!!!!!!!!!!!!!!!!!
20230414 045323.362 INFO             PET1 Running with ESMF Version   : hconfig_b01-1-gebe6bc4ad1
20230414 045323.362 INFO             PET1 ESMF library build date/time: "Apr 14 2023" "04:13:28"
20230414 045323.362 INFO             PET1 ESMF library build location : /glade/gust/scratch/theurich/ESMF-Nightly-Testing/nvhpc_23.1_mpi_O_feature_hconfig/esmf
20230414 045323.362 INFO             PET1 ESMF_COMM                   : mpi
20230414 045323.363 INFO             PET1 ESMF_MOAB                   : enabled
20230414 045323.363 INFO             PET1 ESMF_LAPACK                 : enabled
20230414 045323.363 INFO             PET1 ESMF_NETCDF                 : enabled
20230414 045323.363 INFO             PET1 ESMF_PNETCDF                : disabled
20230414 045323.363 INFO             PET1 ESMF_PIO                    : enabled
20230414 045323.363 INFO             PET1 ESMF_YAMLCPP                : enabled
20230414 045323.390 DEBUG            PET1 about to destroy Grid: 0x7b7320
20230414 045323.393 DEBUG            PET1 about to destroy Grid: 0x7b8e30
20230414 045323.400 INFO             PET1  NUMBER_OF_PROCESSORS            4
20230414 045323.400 INFO             PET1  PASS  Example ESMF_NUOPCAtmModelEx, ESMF_NUOPCAtmModelEx.F90, line 806
20230414 045323.400 INFO             PET1 Finalizing ESMF
20230414 045323.362 INFO             PET2 !!!!!!!!!!!!!!!!!!!!!!!!!!!!!!!!!!!!!!!!!!!!!!!!!!!!!!
20230414 045323.362 INFO             PET2 !!! THE ESMF_LOG IS SET TO OUTPUT ALL LOG MESSAGES !!!
20230414 045323.362 INFO             PET2 !!!     THIS MAY CAUSE SLOWDOWN IN PERFORMANCE     !!!
20230414 045323.362 INFO             PET2 !!! FOR PRODUCTION RUNS, USE:                      !!!
20230414 045323.362 INFO             PET2 !!!                   ESMF_LOGKIND_Multi_On_Error  !!!
20230414 045323.362 INFO             PET2 !!!!!!!!!!!!!!!!!!!!!!!!!!!!!!!!!!!!!!!!!!!!!!!!!!!!!!
20230414 045323.362 INFO             PET2 Running with ESMF Version   : hconfig_b01-1-gebe6bc4ad1
20230414 045323.362 INFO             PET2 ESMF library build date/time: "Apr 14 2023" "04:13:28"
20230414 045323.362 INFO             PET2 ESMF library build location : /glade/gust/scratch/theurich/ESMF-Nightly-Testing/nvhpc_23.1_mpi_O_feature_hconfig/esmf
20230414 045323.362 INFO             PET2 ESMF_COMM                   : mpi
20230414 045323.363 INFO             PET2 ESMF_MOAB                   : enabled
20230414 045323.363 INFO             PET2 ESMF_LAPACK                 : enabled
20230414 045323.363 INFO             PET2 ESMF_NETCDF                 : enabled
20230414 045323.363 INFO             PET2 ESMF_PNETCDF                : disabled
20230414 045323.363 INFO             PET2 ESMF_PIO                    : enabled
20230414 045323.363 INFO             PET2 ESMF_YAMLCPP                : enabled
20230414 045323.390 DEBUG            PET2 about to destroy Grid: 0x7b6660
20230414 045323.393 DEBUG            PET2 about to destroy Grid: 0x7b7e10
20230414 045323.400 INFO             PET2  NUMBER_OF_PROCESSORS            4
20230414 045323.400 INFO             PET2  PASS  Example ESMF_NUOPCAtmModelEx, ESMF_NUOPCAtmModelEx.F90, line 806
20230414 045323.400 INFO             PET2 Finalizing ESMF
20230414 045323.362 INFO             PET3 !!!!!!!!!!!!!!!!!!!!!!!!!!!!!!!!!!!!!!!!!!!!!!!!!!!!!!
20230414 045323.362 INFO             PET3 !!! THE ESMF_LOG IS SET TO OUTPUT ALL LOG MESSAGES !!!
20230414 045323.362 INFO             PET3 !!!     THIS MAY CAUSE SLOWDOWN IN PERFORMANCE     !!!
20230414 045323.362 INFO             PET3 !!! FOR PRODUCTION RUNS, USE:                      !!!
20230414 045323.362 INFO             PET3 !!!                   ESMF_LOGKIND_Multi_On_Error  !!!
20230414 045323.362 INFO             PET3 !!!!!!!!!!!!!!!!!!!!!!!!!!!!!!!!!!!!!!!!!!!!!!!!!!!!!!
20230414 045323.362 INFO             PET3 Running with ESMF Version   : hconfig_b01-1-gebe6bc4ad1
20230414 045323.362 INFO             PET3 ESMF library build date/time: "Apr 14 2023" "04:13:28"
20230414 045323.362 INFO             PET3 ESMF library build location : /glade/gust/scratch/theurich/ESMF-Nightly-Testing/nvhpc_23.1_mpi_O_feature_hconfig/esmf
20230414 045323.362 INFO             PET3 ESMF_COMM                   : mpi
20230414 045323.363 INFO             PET3 ESMF_MOAB                   : enabled
20230414 045323.363 INFO             PET3 ESMF_LAPACK                 : enabled
20230414 045323.363 INFO             PET3 ESMF_NETCDF                 : enabled
20230414 045323.363 INFO             PET3 ESMF_PNETCDF                : disabled
20230414 045323.363 INFO             PET3 ESMF_PIO                    : enabled
20230414 045323.363 INFO             PET3 ESMF_YAMLCPP                : enabled
20230414 045323.390 DEBUG            PET3 about to destroy Grid: 0x7b69d0
20230414 045323.393 DEBUG            PET3 about to destroy Grid: 0x7b8410
20230414 045323.400 INFO             PET3  NUMBER_OF_PROCESSORS            4
20230414 045323.400 INFO             PET3  PASS  Example ESMF_NUOPCAtmModelEx, ESMF_NUOPCAtmModelEx.F90, line 806
20230414 045323.400 INFO             PET3 Finalizing ESMF
