2023-03-25 04:57:46
20230325 063511.509 INFO             PET0 !!!!!!!!!!!!!!!!!!!!!!!!!!!!!!!!!!!!!!!!!!!!!!!!!!!!!!
20230325 063511.510 INFO             PET0 !!! THE ESMF_LOG IS SET TO OUTPUT ALL LOG MESSAGES !!!
20230325 063511.510 INFO             PET0 !!!     THIS MAY CAUSE SLOWDOWN IN PERFORMANCE     !!!
20230325 063511.510 INFO             PET0 !!! FOR PRODUCTION RUNS, USE:                      !!!
20230325 063511.510 INFO             PET0 !!!                   ESMF_LOGKIND_Multi_On_Error  !!!
20230325 063511.510 INFO             PET0 !!!!!!!!!!!!!!!!!!!!!!!!!!!!!!!!!!!!!!!!!!!!!!!!!!!!!!
20230325 063511.510 INFO             PET0 Running with ESMF Version   : v8.5.0b18-5-ge74a33b91d
20230325 063511.510 INFO             PET0 ESMF library build date/time: "Mar 25 2023" "04:54:34"
20230325 063511.510 INFO             PET0 ESMF library build location : /glade/scratch/theurich/ESMF-Nightly-Testing/nvhpc_22.2_mpt_g_develop/esmf
20230325 063511.510 INFO             PET0 ESMF_COMM                   : mpt
20230325 063511.510 INFO             PET0 ESMF_MOAB                   : enabled
20230325 063511.510 INFO             PET0 ESMF_LAPACK                 : enabled
20230325 063511.510 INFO             PET0 ESMF_NETCDF                 : enabled
20230325 063511.510 INFO             PET0 ESMF_PNETCDF                : disabled
20230325 063511.510 INFO             PET0 ESMF_PIO                    : enabled
20230325 063511.510 INFO             PET0 ESMF_YAMLCPP                : enabled
20230325 063511.510 INFO             PET0 esmApp STARTING
20230325 063511.517 INFO             PET0 esm: InitializeGeneric intro.
20230325 063511.517 INFO             PET0   esm: InitializeP0 intro.
20230325 063511.517 INFO             PET0   esm: InitializeP0 extro.
20230325 063511.517 INFO             PET0   esm: InitializeIPDv02p1 intro.
20230325 063511.517 INFO             PET0     >>>esm: entered Initialize (phase=<none>) without valid internal Clock.
20230325 063511.518 INFO             PET0     esm - Creating model component ATM without petList.
20230325 063511.522 INFO             PET0     esm - Creating model component OCN without petList.
20230325 063511.526 INFO             PET0     esm - Creating connector component ATM-TO-OCN without petList.
20230325 063511.533 INFO             PET0     esm - Creating connector component OCN-TO-ATM without petList.
20230325 063511.540 INFO             PET0     esm - Creating state: modelComp 1 Import State
20230325 063511.540 INFO             PET0     esm - Creating state: modelComp 1 Export State
20230325 063511.541 INFO             PET0     esm - Creating state: modelComp 2 Import State
20230325 063511.541 INFO             PET0     esm - Creating state: modelComp 2 Export State
20230325 063511.542 INFO             PET0     ATM: InitializeP0 intro.
20230325 063511.544 INFO             PET0     ATM: InitializeP0 extro.
20230325 063511.544 INFO             PET0     OCN: InitializeP0 intro.
20230325 063511.545 INFO             PET0     OCN: InitializeP0 extro.
20230325 063511.548 INFO             PET0     ATM-TO-OCN: InitializeP0 intro.
20230325 063511.548 INFO             PET0     ATM-TO-OCN: InitializeP0 extro.
20230325 063511.549 INFO             PET0     OCN-TO-ATM: InitializeP0 intro.
20230325 063511.550 INFO             PET0     OCN-TO-ATM: InitializeP0 extro.
20230325 063511.552 INFO             PET0     esm: IInitAdvertise intro.
20230325 063511.552 INFO             PET0     esm: IInitAdvertise extro.
20230325 063511.553 INFO             PET0     ATM: InitializeIPDvXp01 intro.
20230325 063511.556 INFO             PET0     ATM: InitializeIPDvXp01 extro.
20230325 063511.556 INFO             PET0     OCN: InitializeIPDvXp01 intro.
20230325 063511.559 INFO             PET0     OCN: InitializeIPDvXp01 extro.
20230325 063511.561 INFO             PET0     ATM-TO-OCN: InitializeIPDv05p1 intro.
20230325 063511.565 INFO             PET0     ATM-TO-OCN: InitializeIPDv05p1 extro.
20230325 063511.565 INFO             PET0     OCN-TO-ATM: InitializeIPDv05p1 intro.
20230325 063511.569 INFO             PET0     OCN-TO-ATM: InitializeIPDv05p1 extro.
20230325 063511.569 INFO             PET0     esm: IInitAdvertiseFinish intro.
20230325 063511.569 INFO             PET0     esm: IInitAdvertiseFinish extro.
20230325 063511.569 INFO             PET0     ATM-TO-OCN: InitializeIPDv05p2a intro.
20230325 063511.573 INFO             PET0     ATM-TO-OCN: InitializeIPDv05p2a extro.
20230325 063511.573 INFO             PET0     OCN-TO-ATM: InitializeIPDv05p2a intro.
20230325 063511.577 INFO             PET0     OCN-TO-ATM: InitializeIPDv05p2a extro.
20230325 063511.577 INFO             PET0     ATM-TO-OCN: InitializeIPDv05p2b intro.
20230325 063511.581 INFO             PET0     ATM-TO-OCN: InitializeIPDv05p2b extro.
20230325 063511.584 INFO             PET0     OCN-TO-ATM: InitializeIPDv05p2b intro.
20230325 063511.587 INFO             PET0     OCN-TO-ATM: InitializeIPDv05p2b extro.
20230325 063511.587 INFO             PET0     esm: IInitModifyCplLists intro.
20230325 063511.587 INFO             PET0     esm: IInitModifyCplLists extro.
20230325 063511.588 INFO             PET0     ATM-TO-OCN: InitializeIPDv05p3 intro.
20230325 063511.592 INFO             PET0     ATM-TO-OCN: InitializeIPDv05p3 extro.
20230325 063511.592 INFO             PET0     OCN-TO-ATM: InitializeIPDv05p3 intro.
20230325 063511.596 INFO             PET0     OCN-TO-ATM: InitializeIPDv05p3 extro.
20230325 063511.596 INFO             PET0     <<<esm: leaving Initialize (phase=<none>) with current time: 2010  6  1  0  0  0   0
20230325 063511.596 INFO             PET0   esm: InitializeIPDv02p1 extro.
20230325 063511.596 INFO             PET0   esm: InitializeIPDv02p3 intro.
20230325 063511.596 INFO             PET0     >>>esm: entered Initialize (phase=<none>) with current time: 2010  6  1  0  0  0   0
20230325 063511.596 INFO             PET0     esm: IInitCheck intro.
20230325 063511.596 INFO             PET0     esm: IInitCheck extro.
20230325 063511.597 INFO             PET0     atmA: InitializeIPDvXp04 intro.
20230325 063511.602 INFO             PET0     atmA: InitializeIPDvXp04 extro.
20230325 063511.602 INFO             PET0     ocnA: InitializeIPDvXp04 intro.
20230325 063511.607 INFO             PET0     ocnA: InitializeIPDvXp04 extro.
20230325 063511.609 INFO             PET0     ATM-TO-OCN: InitializeIPDv05p4 intro.
20230325 063511.616 INFO             PET0     ATM-TO-OCN: InitializeIPDv05p4 extro.
20230325 063511.616 INFO             PET0     OCN-TO-ATM: InitializeIPDv05p4 intro.
20230325 063511.620 INFO             PET0     OCN-TO-ATM: InitializeIPDv05p4 extro.
20230325 063511.621 INFO             PET0     ATM-TO-OCN: InitializeIPDv05p5 intro.
20230325 063511.627 INFO             PET0     ATM-TO-OCN: InitializeIPDv05p5 extro.
20230325 063511.627 INFO             PET0     OCN-TO-ATM: InitializeIPDv05p5 intro.
20230325 063511.631 INFO             PET0     OCN-TO-ATM: InitializeIPDv05p5 extro.
20230325 063511.632 INFO             PET0     esm: IInitRealize intro.
20230325 063511.632 INFO             PET0     esm: IInitRealize extro.
20230325 063511.632 INFO             PET0     ATM-TO-OCN: InitializeIPDv05p6a intro.
20230325 063511.637 INFO             PET0     ATM-TO-OCN: InitializeIPDv05p6a extro.
20230325 063609.676 INFO             PET0 !!!!!!!!!!!!!!!!!!!!!!!!!!!!!!!!!!!!!!!!!!!!!!!!!!!!!!
20230325 063609.677 INFO             PET0 !!! THE ESMF_LOG IS SET TO OUTPUT ALL LOG MESSAGES !!!
20230325 063609.677 INFO             PET0 !!!     THIS MAY CAUSE SLOWDOWN IN PERFORMANCE     !!!
20230325 063609.677 INFO             PET0 !!! FOR PRODUCTION RUNS, USE:                      !!!
20230325 063609.677 INFO             PET0 !!!                   ESMF_LOGKIND_Multi_On_Error  !!!
20230325 063609.677 INFO             PET0 !!!!!!!!!!!!!!!!!!!!!!!!!!!!!!!!!!!!!!!!!!!!!!!!!!!!!!
20230325 063609.677 INFO             PET0 Running with ESMF Version   : v8.5.0b18-5-ge74a33b91d
20230325 063609.677 INFO             PET0 ESMF library build date/time: "Mar 25 2023" "04:54:34"
20230325 063609.677 INFO             PET0 ESMF library build location : /glade/scratch/theurich/ESMF-Nightly-Testing/nvhpc_22.2_mpt_g_develop/esmf
20230325 063609.677 INFO             PET0 ESMF_COMM                   : mpt
20230325 063609.677 INFO             PET0 ESMF_MOAB                   : enabled
20230325 063609.677 INFO             PET0 ESMF_LAPACK                 : enabled
20230325 063609.677 INFO             PET0 ESMF_NETCDF                 : enabled
20230325 063609.677 INFO             PET0 ESMF_PNETCDF                : disabled
20230325 063609.677 INFO             PET0 ESMF_PIO                    : enabled
20230325 063609.677 INFO             PET0 ESMF_YAMLCPP                : enabled
20230325 063609.677 INFO             PET0 esmApp STARTING
20230325 063609.684 INFO             PET0 esm: InitializeGeneric intro.
20230325 063609.684 INFO             PET0   esm: InitializeP0 intro.
20230325 063609.684 INFO             PET0   esm: InitializeP0 extro.
20230325 063609.684 INFO             PET0   esm: InitializeIPDv02p1 intro.
20230325 063609.684 INFO             PET0     >>>esm: entered Initialize (phase=<none>) without valid internal Clock.
20230325 063609.685 INFO             PET0     esm - Creating model component ATM without petList.
20230325 063609.689 INFO             PET0     esm - Creating model component OCN without petList.
20230325 063609.692 INFO             PET0     esm - Creating connector component ATM-TO-OCN without petList.
20230325 063609.700 INFO             PET0     esm - Creating connector component OCN-TO-ATM without petList.
20230325 063609.707 INFO             PET0     esm - Creating state: modelComp 1 Import State
20230325 063609.707 INFO             PET0     esm - Creating state: modelComp 1 Export State
20230325 063609.708 INFO             PET0     esm - Creating state: modelComp 2 Import State
20230325 063609.708 INFO             PET0     esm - Creating state: modelComp 2 Export State
20230325 063609.709 INFO             PET0     ATM: InitializeP0 intro.
20230325 063609.710 INFO             PET0     ATM: InitializeP0 extro.
20230325 063609.711 INFO             PET0     OCN: InitializeP0 intro.
20230325 063609.712 INFO             PET0     OCN: InitializeP0 extro.
20230325 063609.715 INFO             PET0     ATM-TO-OCN: InitializeP0 intro.
20230325 063609.715 INFO             PET0     ATM-TO-OCN: InitializeP0 extro.
20230325 063609.716 INFO             PET0     OCN-TO-ATM: InitializeP0 intro.
20230325 063609.717 INFO             PET0     OCN-TO-ATM: InitializeP0 extro.
20230325 063609.719 INFO             PET0     esm: IInitAdvertise intro.
20230325 063609.719 INFO             PET0     esm: IInitAdvertise extro.
20230325 063609.719 INFO             PET0     ATM: InitializeIPDvXp01 intro.
20230325 063609.722 INFO             PET0     ATM: InitializeIPDvXp01 extro.
20230325 063609.723 INFO             PET0     OCN: InitializeIPDvXp01 intro.
20230325 063609.725 INFO             PET0     OCN: InitializeIPDvXp01 extro.
20230325 063609.727 INFO             PET0     ATM-TO-OCN: InitializeIPDv05p1 intro.
20230325 063609.732 INFO             PET0     ATM-TO-OCN: InitializeIPDv05p1 extro.
20230325 063609.732 INFO             PET0     OCN-TO-ATM: InitializeIPDv05p1 intro.
20230325 063609.735 INFO             PET0     OCN-TO-ATM: InitializeIPDv05p1 extro.
20230325 063609.736 INFO             PET0     esm: IInitAdvertiseFinish intro.
20230325 063609.736 INFO             PET0     esm: IInitAdvertiseFinish extro.
20230325 063609.736 INFO             PET0     ATM-TO-OCN: InitializeIPDv05p2a intro.
20230325 063609.740 INFO             PET0     ATM-TO-OCN: InitializeIPDv05p2a extro.
20230325 063609.740 INFO             PET0     OCN-TO-ATM: InitializeIPDv05p2a intro.
20230325 063609.743 INFO             PET0     OCN-TO-ATM: InitializeIPDv05p2a extro.
20230325 063609.743 INFO             PET0     ATM-TO-OCN: InitializeIPDv05p2b intro.
20230325 063609.748 INFO             PET0     ATM-TO-OCN: InitializeIPDv05p2b extro.
20230325 063609.748 INFO             PET0     OCN-TO-ATM: InitializeIPDv05p2b intro.
20230325 063609.751 INFO             PET0     OCN-TO-ATM: InitializeIPDv05p2b extro.
20230325 063609.751 INFO             PET0     esm: IInitModifyCplLists intro.
20230325 063609.752 INFO             PET0     esm: IInitModifyCplLists extro.
20230325 063609.752 INFO             PET0     ATM-TO-OCN: InitializeIPDv05p3 intro.
20230325 063609.756 INFO             PET0     ATM-TO-OCN: InitializeIPDv05p3 extro.
20230325 063609.756 INFO             PET0     OCN-TO-ATM: InitializeIPDv05p3 intro.
20230325 063609.760 INFO             PET0     OCN-TO-ATM: InitializeIPDv05p3 extro.
20230325 063609.760 INFO             PET0     <<<esm: leaving Initialize (phase=<none>) with current time: 2010  6  1  0  0  0   0
20230325 063609.760 INFO             PET0   esm: InitializeIPDv02p1 extro.
20230325 063609.760 INFO             PET0   esm: InitializeIPDv02p3 intro.
20230325 063609.760 INFO             PET0     >>>esm: entered Initialize (phase=<none>) with current time: 2010  6  1  0  0  0   0
20230325 063609.761 INFO             PET0     esm: IInitCheck intro.
20230325 063609.761 INFO             PET0     esm: IInitCheck extro.
20230325 063609.761 INFO             PET0     atmB: InitializeIPDvXp04 intro.
20230325 063609.766 INFO             PET0     atmB: InitializeIPDvXp04 extro.
20230325 063609.767 INFO             PET0     ocnA: InitializeIPDvXp04 intro.
20230325 063609.772 INFO             PET0     ocnA: InitializeIPDvXp04 extro.
20230325 063609.773 INFO             PET0     ATM-TO-OCN: InitializeIPDv05p4 intro.
20230325 063609.780 INFO             PET0     ATM-TO-OCN: InitializeIPDv05p4 extro.
20230325 063609.780 INFO             PET0     OCN-TO-ATM: InitializeIPDv05p4 intro.
20230325 063609.785 INFO             PET0     OCN-TO-ATM: InitializeIPDv05p4 extro.
20230325 063609.785 INFO             PET0     ATM-TO-OCN: InitializeIPDv05p5 intro.
20230325 063609.791 INFO             PET0     ATM-TO-OCN: InitializeIPDv05p5 extro.
20230325 063609.791 INFO             PET0     OCN-TO-ATM: InitializeIPDv05p5 intro.
20230325 063609.796 INFO             PET0     OCN-TO-ATM: InitializeIPDv05p5 extro.
20230325 063609.796 INFO             PET0     esm: IInitRealize intro.
20230325 063609.796 INFO             PET0     esm: IInitRealize extro.
20230325 063609.796 INFO             PET0     ATM-TO-OCN: InitializeIPDv05p6a intro.
20230325 063609.802 INFO             PET0     ATM-TO-OCN: InitializeIPDv05p6a extro.
20230325 063707.543 INFO             PET0 !!!!!!!!!!!!!!!!!!!!!!!!!!!!!!!!!!!!!!!!!!!!!!!!!!!!!!
20230325 063707.543 INFO             PET0 !!! THE ESMF_LOG IS SET TO OUTPUT ALL LOG MESSAGES !!!
20230325 063707.543 INFO             PET0 !!!     THIS MAY CAUSE SLOWDOWN IN PERFORMANCE     !!!
20230325 063707.543 INFO             PET0 !!! FOR PRODUCTION RUNS, USE:                      !!!
20230325 063707.543 INFO             PET0 !!!                   ESMF_LOGKIND_Multi_On_Error  !!!
20230325 063707.543 INFO             PET0 !!!!!!!!!!!!!!!!!!!!!!!!!!!!!!!!!!!!!!!!!!!!!!!!!!!!!!
20230325 063707.543 INFO             PET0 Running with ESMF Version   : v8.5.0b18-5-ge74a33b91d
20230325 063707.543 INFO             PET0 ESMF library build date/time: "Mar 25 2023" "04:54:34"
20230325 063707.543 INFO             PET0 ESMF library build location : /glade/scratch/theurich/ESMF-Nightly-Testing/nvhpc_22.2_mpt_g_develop/esmf
20230325 063707.543 INFO             PET0 ESMF_COMM                   : mpt
20230325 063707.543 INFO             PET0 ESMF_MOAB                   : enabled
20230325 063707.543 INFO             PET0 ESMF_LAPACK                 : enabled
20230325 063707.543 INFO             PET0 ESMF_NETCDF                 : enabled
20230325 063707.543 INFO             PET0 ESMF_PNETCDF                : disabled
20230325 063707.543 INFO             PET0 ESMF_PIO                    : enabled
20230325 063707.543 INFO             PET0 ESMF_YAMLCPP                : enabled
20230325 063707.543 INFO             PET0 esmApp STARTING
20230325 063707.550 INFO             PET0 esm: InitializeGeneric intro.
20230325 063707.550 INFO             PET0   esm: InitializeP0 intro.
20230325 063707.550 INFO             PET0   esm: InitializeP0 extro.
20230325 063707.550 INFO             PET0   esm: InitializeIPDv02p1 intro.
20230325 063707.550 INFO             PET0     >>>esm: entered Initialize (phase=<none>) without valid internal Clock.
20230325 063707.551 INFO             PET0     esm - Creating model component ATM without petList.
20230325 063707.555 INFO             PET0     esm - Creating model component OCN without petList.
20230325 063707.558 INFO             PET0     esm - Creating connector component ATM-TO-OCN without petList.
20230325 063707.566 INFO             PET0     esm - Creating connector component OCN-TO-ATM without petList.
20230325 063707.576 INFO             PET0     esm - Creating state: modelComp 1 Import State
20230325 063707.576 INFO             PET0     esm - Creating state: modelComp 1 Export State
20230325 063707.576 INFO             PET0     esm - Creating state: modelComp 2 Import State
20230325 063707.576 INFO             PET0     esm - Creating state: modelComp 2 Export State
20230325 063707.577 INFO             PET0     ATM: InitializeP0 intro.
20230325 063707.579 INFO             PET0     ATM: InitializeP0 extro.
20230325 063707.579 INFO             PET0     OCN: InitializeP0 intro.
20230325 063707.581 INFO             PET0     OCN: InitializeP0 extro.
20230325 063707.583 INFO             PET0     ATM-TO-OCN: InitializeP0 intro.
20230325 063707.584 INFO             PET0     ATM-TO-OCN: InitializeP0 extro.
20230325 063707.585 INFO             PET0     OCN-TO-ATM: InitializeP0 intro.
20230325 063707.585 INFO             PET0     OCN-TO-ATM: InitializeP0 extro.
20230325 063707.587 INFO             PET0     esm: IInitAdvertise intro.
20230325 063707.587 INFO             PET0     esm: IInitAdvertise extro.
20230325 063707.588 INFO             PET0     ATM: InitializeIPDvXp01 intro.
20230325 063707.591 INFO             PET0     ATM: InitializeIPDvXp01 extro.
20230325 063707.591 INFO             PET0     OCN: InitializeIPDvXp01 intro.
20230325 063707.594 INFO             PET0     OCN: InitializeIPDvXp01 extro.
20230325 063707.596 INFO             PET0     ATM-TO-OCN: InitializeIPDv05p1 intro.
20230325 063707.600 INFO             PET0     ATM-TO-OCN: InitializeIPDv05p1 extro.
20230325 063707.601 INFO             PET0     OCN-TO-ATM: InitializeIPDv05p1 intro.
20230325 063707.604 INFO             PET0     OCN-TO-ATM: InitializeIPDv05p1 extro.
20230325 063707.604 INFO             PET0     esm: IInitAdvertiseFinish intro.
20230325 063707.604 INFO             PET0     esm: IInitAdvertiseFinish extro.
20230325 063707.604 INFO             PET0     ATM-TO-OCN: InitializeIPDv05p2a intro.
20230325 063707.608 INFO             PET0     ATM-TO-OCN: InitializeIPDv05p2a extro.
20230325 063707.608 INFO             PET0     OCN-TO-ATM: InitializeIPDv05p2a intro.
20230325 063707.612 INFO             PET0     OCN-TO-ATM: InitializeIPDv05p2a extro.
20230325 063707.612 INFO             PET0     ATM-TO-OCN: InitializeIPDv05p2b intro.
20230325 063707.616 INFO             PET0     ATM-TO-OCN: InitializeIPDv05p2b extro.
20230325 063707.616 INFO             PET0     OCN-TO-ATM: InitializeIPDv05p2b intro.
20230325 063707.620 INFO             PET0     OCN-TO-ATM: InitializeIPDv05p2b extro.
20230325 063707.620 INFO             PET0     esm: IInitModifyCplLists intro.
20230325 063707.620 INFO             PET0     esm: IInitModifyCplLists extro.
20230325 063707.620 INFO             PET0     ATM-TO-OCN: InitializeIPDv05p3 intro.
20230325 063707.625 INFO             PET0     ATM-TO-OCN: InitializeIPDv05p3 extro.
20230325 063707.625 INFO             PET0     OCN-TO-ATM: InitializeIPDv05p3 intro.
20230325 063707.628 INFO             PET0     OCN-TO-ATM: InitializeIPDv05p3 extro.
20230325 063707.629 INFO             PET0     <<<esm: leaving Initialize (phase=<none>) with current time: 2010  6  1  0  0  0   0
20230325 063707.629 INFO             PET0   esm: InitializeIPDv02p1 extro.
20230325 063707.629 INFO             PET0   esm: InitializeIPDv02p3 intro.
20230325 063707.629 INFO             PET0     >>>esm: entered Initialize (phase=<none>) with current time: 2010  6  1  0  0  0   0
20230325 063707.629 INFO             PET0     esm: IInitCheck intro.
20230325 063707.629 INFO             PET0     esm: IInitCheck extro.
20230325 063707.629 INFO             PET0     atmA: InitializeIPDvXp04 intro.
20230325 063707.635 INFO             PET0     atmA: InitializeIPDvXp04 extro.
20230325 063707.635 INFO             PET0     ocnB: InitializeIPDvXp04 intro.
20230325 063707.640 INFO             PET0     ocnB: InitializeIPDvXp04 extro.
20230325 063707.642 INFO             PET0     ATM-TO-OCN: InitializeIPDv05p4 intro.
20230325 063707.649 INFO             PET0     ATM-TO-OCN: InitializeIPDv05p4 extro.
20230325 063707.649 INFO             PET0     OCN-TO-ATM: InitializeIPDv05p4 intro.
20230325 063707.653 INFO             PET0     OCN-TO-ATM: InitializeIPDv05p4 extro.
20230325 063707.654 INFO             PET0     ATM-TO-OCN: InitializeIPDv05p5 intro.
20230325 063707.660 INFO             PET0     ATM-TO-OCN: InitializeIPDv05p5 extro.
20230325 063707.660 INFO             PET0     OCN-TO-ATM: InitializeIPDv05p5 intro.
20230325 063707.664 INFO             PET0     OCN-TO-ATM: InitializeIPDv05p5 extro.
20230325 063707.665 INFO             PET0     esm: IInitRealize intro.
20230325 063707.665 INFO             PET0     esm: IInitRealize extro.
20230325 063707.665 INFO             PET0     ATM-TO-OCN: InitializeIPDv05p6a intro.
20230325 063707.671 INFO             PET0     ATM-TO-OCN: InitializeIPDv05p6a extro.
20230325 063511.510 INFO             PET1 !!!!!!!!!!!!!!!!!!!!!!!!!!!!!!!!!!!!!!!!!!!!!!!!!!!!!!
20230325 063511.510 INFO             PET1 !!! THE ESMF_LOG IS SET TO OUTPUT ALL LOG MESSAGES !!!
20230325 063511.510 INFO             PET1 !!!     THIS MAY CAUSE SLOWDOWN IN PERFORMANCE     !!!
20230325 063511.510 INFO             PET1 !!! FOR PRODUCTION RUNS, USE:                      !!!
20230325 063511.510 INFO             PET1 !!!                   ESMF_LOGKIND_Multi_On_Error  !!!
20230325 063511.510 INFO             PET1 !!!!!!!!!!!!!!!!!!!!!!!!!!!!!!!!!!!!!!!!!!!!!!!!!!!!!!
20230325 063511.510 INFO             PET1 Running with ESMF Version   : v8.5.0b18-5-ge74a33b91d
20230325 063511.510 INFO             PET1 ESMF library build date/time: "Mar 25 2023" "04:54:34"
20230325 063511.510 INFO             PET1 ESMF library build location : /glade/scratch/theurich/ESMF-Nightly-Testing/nvhpc_22.2_mpt_g_develop/esmf
20230325 063511.510 INFO             PET1 ESMF_COMM                   : mpt
20230325 063511.510 INFO             PET1 ESMF_MOAB                   : enabled
20230325 063511.510 INFO             PET1 ESMF_LAPACK                 : enabled
20230325 063511.510 INFO             PET1 ESMF_NETCDF                 : enabled
20230325 063511.510 INFO             PET1 ESMF_PNETCDF                : disabled
20230325 063511.510 INFO             PET1 ESMF_PIO                    : enabled
20230325 063511.510 INFO             PET1 ESMF_YAMLCPP                : enabled
20230325 063511.510 INFO             PET1 esmApp STARTING
20230325 063511.517 INFO             PET1 esm: InitializeGeneric intro.
20230325 063511.517 INFO             PET1   esm: InitializeP0 intro.
20230325 063511.517 INFO             PET1   esm: InitializeP0 extro.
20230325 063511.517 INFO             PET1   esm: InitializeIPDv02p1 intro.
20230325 063511.517 INFO             PET1     >>>esm: entered Initialize (phase=<none>) without valid internal Clock.
20230325 063511.518 INFO             PET1     esm - Creating model component ATM without petList.
20230325 063511.522 INFO             PET1     esm - Creating model component OCN without petList.
20230325 063511.526 INFO             PET1     esm - Creating connector component ATM-TO-OCN without petList.
20230325 063511.533 INFO             PET1     esm - Creating connector component OCN-TO-ATM without petList.
20230325 063511.540 INFO             PET1     esm - Creating state: modelComp 1 Import State
20230325 063511.540 INFO             PET1     esm - Creating state: modelComp 1 Export State
20230325 063511.541 INFO             PET1     esm - Creating state: modelComp 2 Import State
20230325 063511.541 INFO             PET1     esm - Creating state: modelComp 2 Export State
20230325 063511.542 INFO             PET1     ATM: InitializeP0 intro.
20230325 063511.544 INFO             PET1     ATM: InitializeP0 extro.
20230325 063511.544 INFO             PET1     OCN: InitializeP0 intro.
20230325 063511.545 INFO             PET1     OCN: InitializeP0 extro.
20230325 063511.548 INFO             PET1     ATM-TO-OCN: InitializeP0 intro.
20230325 063511.549 INFO             PET1     ATM-TO-OCN: InitializeP0 extro.
20230325 063511.550 INFO             PET1     OCN-TO-ATM: InitializeP0 intro.
20230325 063511.550 INFO             PET1     OCN-TO-ATM: InitializeP0 extro.
20230325 063511.552 INFO             PET1     esm: IInitAdvertise intro.
20230325 063511.553 INFO             PET1     esm: IInitAdvertise extro.
20230325 063511.553 INFO             PET1     ATM: InitializeIPDvXp01 intro.
20230325 063511.556 INFO             PET1     ATM: InitializeIPDvXp01 extro.
20230325 063511.556 INFO             PET1     OCN: InitializeIPDvXp01 intro.
20230325 063511.559 INFO             PET1     OCN: InitializeIPDvXp01 extro.
20230325 063511.561 INFO             PET1     ATM-TO-OCN: InitializeIPDv05p1 intro.
20230325 063511.565 INFO             PET1     ATM-TO-OCN: InitializeIPDv05p1 extro.
20230325 063511.565 INFO             PET1     OCN-TO-ATM: InitializeIPDv05p1 intro.
20230325 063511.569 INFO             PET1     OCN-TO-ATM: InitializeIPDv05p1 extro.
20230325 063511.569 INFO             PET1     esm: IInitAdvertiseFinish intro.
20230325 063511.569 INFO             PET1     esm: IInitAdvertiseFinish extro.
20230325 063511.569 INFO             PET1     ATM-TO-OCN: InitializeIPDv05p2a intro.
20230325 063511.573 INFO             PET1     ATM-TO-OCN: InitializeIPDv05p2a extro.
20230325 063511.573 INFO             PET1     OCN-TO-ATM: InitializeIPDv05p2a intro.
20230325 063511.576 INFO             PET1     OCN-TO-ATM: InitializeIPDv05p2a extro.
20230325 063511.577 INFO             PET1     ATM-TO-OCN: InitializeIPDv05p2b intro.
20230325 063511.581 INFO             PET1     ATM-TO-OCN: InitializeIPDv05p2b extro.
20230325 063511.583 INFO             PET1     OCN-TO-ATM: InitializeIPDv05p2b intro.
20230325 063511.587 INFO             PET1     OCN-TO-ATM: InitializeIPDv05p2b extro.
20230325 063511.587 INFO             PET1     esm: IInitModifyCplLists intro.
20230325 063511.587 INFO             PET1     esm: IInitModifyCplLists extro.
20230325 063511.588 INFO             PET1     ATM-TO-OCN: InitializeIPDv05p3 intro.
20230325 063511.592 INFO             PET1     ATM-TO-OCN: InitializeIPDv05p3 extro.
20230325 063511.592 INFO             PET1     OCN-TO-ATM: InitializeIPDv05p3 intro.
20230325 063511.596 INFO             PET1     OCN-TO-ATM: InitializeIPDv05p3 extro.
20230325 063511.596 INFO             PET1     <<<esm: leaving Initialize (phase=<none>) with current time: 2010  6  1  0  0  0   0
20230325 063511.596 INFO             PET1   esm: InitializeIPDv02p1 extro.
20230325 063511.596 INFO             PET1   esm: InitializeIPDv02p3 intro.
20230325 063511.596 INFO             PET1     >>>esm: entered Initialize (phase=<none>) with current time: 2010  6  1  0  0  0   0
20230325 063511.596 INFO             PET1     esm: IInitCheck intro.
20230325 063511.596 INFO             PET1     esm: IInitCheck extro.
20230325 063511.597 INFO             PET1     atmA: InitializeIPDvXp04 intro.
20230325 063511.602 INFO             PET1     atmA: InitializeIPDvXp04 extro.
20230325 063511.602 INFO             PET1     ocnA: InitializeIPDvXp04 intro.
20230325 063511.607 INFO             PET1     ocnA: InitializeIPDvXp04 extro.
20230325 063511.609 INFO             PET1     ATM-TO-OCN: InitializeIPDv05p4 intro.
20230325 063511.616 INFO             PET1     ATM-TO-OCN: InitializeIPDv05p4 extro.
20230325 063511.616 INFO             PET1     OCN-TO-ATM: InitializeIPDv05p4 intro.
20230325 063511.620 INFO             PET1     OCN-TO-ATM: InitializeIPDv05p4 extro.
20230325 063511.621 INFO             PET1     ATM-TO-OCN: InitializeIPDv05p5 intro.
20230325 063511.627 INFO             PET1     ATM-TO-OCN: InitializeIPDv05p5 extro.
20230325 063511.627 INFO             PET1     OCN-TO-ATM: InitializeIPDv05p5 intro.
20230325 063511.631 INFO             PET1     OCN-TO-ATM: InitializeIPDv05p5 extro.
20230325 063511.632 INFO             PET1     esm: IInitRealize intro.
20230325 063511.632 INFO             PET1     esm: IInitRealize extro.
20230325 063511.632 INFO             PET1     ATM-TO-OCN: InitializeIPDv05p6a intro.
20230325 063511.637 INFO             PET1     ATM-TO-OCN: InitializeIPDv05p6a extro.
20230325 063609.676 INFO             PET1 !!!!!!!!!!!!!!!!!!!!!!!!!!!!!!!!!!!!!!!!!!!!!!!!!!!!!!
20230325 063609.677 INFO             PET1 !!! THE ESMF_LOG IS SET TO OUTPUT ALL LOG MESSAGES !!!
20230325 063609.677 INFO             PET1 !!!     THIS MAY CAUSE SLOWDOWN IN PERFORMANCE     !!!
20230325 063609.677 INFO             PET1 !!! FOR PRODUCTION RUNS, USE:                      !!!
20230325 063609.677 INFO             PET1 !!!                   ESMF_LOGKIND_Multi_On_Error  !!!
20230325 063609.677 INFO             PET1 !!!!!!!!!!!!!!!!!!!!!!!!!!!!!!!!!!!!!!!!!!!!!!!!!!!!!!
20230325 063609.677 INFO             PET1 Running with ESMF Version   : v8.5.0b18-5-ge74a33b91d
20230325 063609.677 INFO             PET1 ESMF library build date/time: "Mar 25 2023" "04:54:34"
20230325 063609.677 INFO             PET1 ESMF library build location : /glade/scratch/theurich/ESMF-Nightly-Testing/nvhpc_22.2_mpt_g_develop/esmf
20230325 063609.677 INFO             PET1 ESMF_COMM                   : mpt
20230325 063609.677 INFO             PET1 ESMF_MOAB                   : enabled
20230325 063609.677 INFO             PET1 ESMF_LAPACK                 : enabled
20230325 063609.677 INFO             PET1 ESMF_NETCDF                 : enabled
20230325 063609.677 INFO             PET1 ESMF_PNETCDF                : disabled
20230325 063609.677 INFO             PET1 ESMF_PIO                    : enabled
20230325 063609.677 INFO             PET1 ESMF_YAMLCPP                : enabled
20230325 063609.677 INFO             PET1 esmApp STARTING
20230325 063609.684 INFO             PET1 esm: InitializeGeneric intro.
20230325 063609.684 INFO             PET1   esm: InitializeP0 intro.
20230325 063609.684 INFO             PET1   esm: InitializeP0 extro.
20230325 063609.684 INFO             PET1   esm: InitializeIPDv02p1 intro.
20230325 063609.684 INFO             PET1     >>>esm: entered Initialize (phase=<none>) without valid internal Clock.
20230325 063609.685 INFO             PET1     esm - Creating model component ATM without petList.
20230325 063609.689 INFO             PET1     esm - Creating model component OCN without petList.
20230325 063609.692 INFO             PET1     esm - Creating connector component ATM-TO-OCN without petList.
20230325 063609.700 INFO             PET1     esm - Creating connector component OCN-TO-ATM without petList.
20230325 063609.707 INFO             PET1     esm - Creating state: modelComp 1 Import State
20230325 063609.707 INFO             PET1     esm - Creating state: modelComp 1 Export State
20230325 063609.708 INFO             PET1     esm - Creating state: modelComp 2 Import State
20230325 063609.708 INFO             PET1     esm - Creating state: modelComp 2 Export State
20230325 063609.709 INFO             PET1     ATM: InitializeP0 intro.
20230325 063609.710 INFO             PET1     ATM: InitializeP0 extro.
20230325 063609.711 INFO             PET1     OCN: InitializeP0 intro.
20230325 063609.712 INFO             PET1     OCN: InitializeP0 extro.
20230325 063609.715 INFO             PET1     ATM-TO-OCN: InitializeP0 intro.
20230325 063609.716 INFO             PET1     ATM-TO-OCN: InitializeP0 extro.
20230325 063609.717 INFO             PET1     OCN-TO-ATM: InitializeP0 intro.
20230325 063609.717 INFO             PET1     OCN-TO-ATM: InitializeP0 extro.
20230325 063609.719 INFO             PET1     esm: IInitAdvertise intro.
20230325 063609.719 INFO             PET1     esm: IInitAdvertise extro.
20230325 063609.720 INFO             PET1     ATM: InitializeIPDvXp01 intro.
20230325 063609.723 INFO             PET1     ATM: InitializeIPDvXp01 extro.
20230325 063609.723 INFO             PET1     OCN: InitializeIPDvXp01 intro.
20230325 063609.726 INFO             PET1     OCN: InitializeIPDvXp01 extro.
20230325 063609.728 INFO             PET1     ATM-TO-OCN: InitializeIPDv05p1 intro.
20230325 063609.732 INFO             PET1     ATM-TO-OCN: InitializeIPDv05p1 extro.
20230325 063609.732 INFO             PET1     OCN-TO-ATM: InitializeIPDv05p1 intro.
20230325 063609.735 INFO             PET1     OCN-TO-ATM: InitializeIPDv05p1 extro.
20230325 063609.736 INFO             PET1     esm: IInitAdvertiseFinish intro.
20230325 063609.736 INFO             PET1     esm: IInitAdvertiseFinish extro.
20230325 063609.736 INFO             PET1     ATM-TO-OCN: InitializeIPDv05p2a intro.
20230325 063609.740 INFO             PET1     ATM-TO-OCN: InitializeIPDv05p2a extro.
20230325 063609.740 INFO             PET1     OCN-TO-ATM: InitializeIPDv05p2a intro.
20230325 063609.743 INFO             PET1     OCN-TO-ATM: InitializeIPDv05p2a extro.
20230325 063609.743 INFO             PET1     ATM-TO-OCN: InitializeIPDv05p2b intro.
20230325 063609.748 INFO             PET1     ATM-TO-OCN: InitializeIPDv05p2b extro.
20230325 063609.748 INFO             PET1     OCN-TO-ATM: InitializeIPDv05p2b intro.
20230325 063609.751 INFO             PET1     OCN-TO-ATM: InitializeIPDv05p2b extro.
20230325 063609.751 INFO             PET1     esm: IInitModifyCplLists intro.
20230325 063609.751 INFO             PET1     esm: IInitModifyCplLists extro.
20230325 063609.752 INFO             PET1     ATM-TO-OCN: InitializeIPDv05p3 intro.
20230325 063609.756 INFO             PET1     ATM-TO-OCN: InitializeIPDv05p3 extro.
20230325 063609.756 INFO             PET1     OCN-TO-ATM: InitializeIPDv05p3 intro.
20230325 063609.760 INFO             PET1     OCN-TO-ATM: InitializeIPDv05p3 extro.
20230325 063609.760 INFO             PET1     <<<esm: leaving Initialize (phase=<none>) with current time: 2010  6  1  0  0  0   0
20230325 063609.760 INFO             PET1   esm: InitializeIPDv02p1 extro.
20230325 063609.760 INFO             PET1   esm: InitializeIPDv02p3 intro.
20230325 063609.760 INFO             PET1     >>>esm: entered Initialize (phase=<none>) with current time: 2010  6  1  0  0  0   0
20230325 063609.761 INFO             PET1     esm: IInitCheck intro.
20230325 063609.761 INFO             PET1     esm: IInitCheck extro.
20230325 063609.761 INFO             PET1     atmB: InitializeIPDvXp04 intro.
20230325 063609.766 INFO             PET1     atmB: InitializeIPDvXp04 extro.
20230325 063609.767 INFO             PET1     ocnA: InitializeIPDvXp04 intro.
20230325 063609.771 INFO             PET1     ocnA: InitializeIPDvXp04 extro.
20230325 063609.774 INFO             PET1     ATM-TO-OCN: InitializeIPDv05p4 intro.
20230325 063609.780 INFO             PET1     ATM-TO-OCN: InitializeIPDv05p4 extro.
20230325 063609.780 INFO             PET1     OCN-TO-ATM: InitializeIPDv05p4 intro.
20230325 063609.785 INFO             PET1     OCN-TO-ATM: InitializeIPDv05p4 extro.
20230325 063609.785 INFO             PET1     ATM-TO-OCN: InitializeIPDv05p5 intro.
20230325 063609.791 INFO             PET1     ATM-TO-OCN: InitializeIPDv05p5 extro.
20230325 063609.791 INFO             PET1     OCN-TO-ATM: InitializeIPDv05p5 intro.
20230325 063609.796 INFO             PET1     OCN-TO-ATM: InitializeIPDv05p5 extro.
20230325 063609.796 INFO             PET1     esm: IInitRealize intro.
20230325 063609.796 INFO             PET1     esm: IInitRealize extro.
20230325 063609.796 INFO             PET1     ATM-TO-OCN: InitializeIPDv05p6a intro.
20230325 063609.802 INFO             PET1     ATM-TO-OCN: InitializeIPDv05p6a extro.
20230325 063707.543 INFO             PET1 !!!!!!!!!!!!!!!!!!!!!!!!!!!!!!!!!!!!!!!!!!!!!!!!!!!!!!
20230325 063707.543 INFO             PET1 !!! THE ESMF_LOG IS SET TO OUTPUT ALL LOG MESSAGES !!!
20230325 063707.543 INFO             PET1 !!!     THIS MAY CAUSE SLOWDOWN IN PERFORMANCE     !!!
20230325 063707.543 INFO             PET1 !!! FOR PRODUCTION RUNS, USE:                      !!!
20230325 063707.543 INFO             PET1 !!!                   ESMF_LOGKIND_Multi_On_Error  !!!
20230325 063707.543 INFO             PET1 !!!!!!!!!!!!!!!!!!!!!!!!!!!!!!!!!!!!!!!!!!!!!!!!!!!!!!
20230325 063707.543 INFO             PET1 Running with ESMF Version   : v8.5.0b18-5-ge74a33b91d
20230325 063707.543 INFO             PET1 ESMF library build date/time: "Mar 25 2023" "04:54:34"
20230325 063707.543 INFO             PET1 ESMF library build location : /glade/scratch/theurich/ESMF-Nightly-Testing/nvhpc_22.2_mpt_g_develop/esmf
20230325 063707.543 INFO             PET1 ESMF_COMM                   : mpt
20230325 063707.543 INFO             PET1 ESMF_MOAB                   : enabled
20230325 063707.543 INFO             PET1 ESMF_LAPACK                 : enabled
20230325 063707.543 INFO             PET1 ESMF_NETCDF                 : enabled
20230325 063707.543 INFO             PET1 ESMF_PNETCDF                : disabled
20230325 063707.543 INFO             PET1 ESMF_PIO                    : enabled
20230325 063707.543 INFO             PET1 ESMF_YAMLCPP                : enabled
20230325 063707.543 INFO             PET1 esmApp STARTING
20230325 063707.550 INFO             PET1 esm: InitializeGeneric intro.
20230325 063707.550 INFO             PET1   esm: InitializeP0 intro.
20230325 063707.550 INFO             PET1   esm: InitializeP0 extro.
20230325 063707.550 INFO             PET1   esm: InitializeIPDv02p1 intro.
20230325 063707.550 INFO             PET1     >>>esm: entered Initialize (phase=<none>) without valid internal Clock.
20230325 063707.551 INFO             PET1     esm - Creating model component ATM without petList.
20230325 063707.555 INFO             PET1     esm - Creating model component OCN without petList.
20230325 063707.558 INFO             PET1     esm - Creating connector component ATM-TO-OCN without petList.
20230325 063707.566 INFO             PET1     esm - Creating connector component OCN-TO-ATM without petList.
20230325 063707.576 INFO             PET1     esm - Creating state: modelComp 1 Import State
20230325 063707.576 INFO             PET1     esm - Creating state: modelComp 1 Export State
20230325 063707.576 INFO             PET1     esm - Creating state: modelComp 2 Import State
20230325 063707.576 INFO             PET1     esm - Creating state: modelComp 2 Export State
20230325 063707.577 INFO             PET1     ATM: InitializeP0 intro.
20230325 063707.579 INFO             PET1     ATM: InitializeP0 extro.
20230325 063707.579 INFO             PET1     OCN: InitializeP0 intro.
20230325 063707.581 INFO             PET1     OCN: InitializeP0 extro.
20230325 063707.583 INFO             PET1     ATM-TO-OCN: InitializeP0 intro.
20230325 063707.584 INFO             PET1     ATM-TO-OCN: InitializeP0 extro.
20230325 063707.585 INFO             PET1     OCN-TO-ATM: InitializeP0 intro.
20230325 063707.586 INFO             PET1     OCN-TO-ATM: InitializeP0 extro.
20230325 063707.588 INFO             PET1     esm: IInitAdvertise intro.
20230325 063707.588 INFO             PET1     esm: IInitAdvertise extro.
20230325 063707.588 INFO             PET1     ATM: InitializeIPDvXp01 intro.
20230325 063707.591 INFO             PET1     ATM: InitializeIPDvXp01 extro.
20230325 063707.591 INFO             PET1     OCN: InitializeIPDvXp01 intro.
20230325 063707.594 INFO             PET1     OCN: InitializeIPDvXp01 extro.
20230325 063707.596 INFO             PET1     ATM-TO-OCN: InitializeIPDv05p1 intro.
20230325 063707.600 INFO             PET1     ATM-TO-OCN: InitializeIPDv05p1 extro.
20230325 063707.601 INFO             PET1     OCN-TO-ATM: InitializeIPDv05p1 intro.
20230325 063707.604 INFO             PET1     OCN-TO-ATM: InitializeIPDv05p1 extro.
20230325 063707.604 INFO             PET1     esm: IInitAdvertiseFinish intro.
20230325 063707.604 INFO             PET1     esm: IInitAdvertiseFinish extro.
20230325 063707.604 INFO             PET1     ATM-TO-OCN: InitializeIPDv05p2a intro.
20230325 063707.608 INFO             PET1     ATM-TO-OCN: InitializeIPDv05p2a extro.
20230325 063707.608 INFO             PET1     OCN-TO-ATM: InitializeIPDv05p2a intro.
20230325 063707.612 INFO             PET1     OCN-TO-ATM: InitializeIPDv05p2a extro.
20230325 063707.612 INFO             PET1     ATM-TO-OCN: InitializeIPDv05p2b intro.
20230325 063707.616 INFO             PET1     ATM-TO-OCN: InitializeIPDv05p2b extro.
20230325 063707.616 INFO             PET1     OCN-TO-ATM: InitializeIPDv05p2b intro.
20230325 063707.620 INFO             PET1     OCN-TO-ATM: InitializeIPDv05p2b extro.
20230325 063707.620 INFO             PET1     esm: IInitModifyCplLists intro.
20230325 063707.620 INFO             PET1     esm: IInitModifyCplLists extro.
20230325 063707.620 INFO             PET1     ATM-TO-OCN: InitializeIPDv05p3 intro.
20230325 063707.625 INFO             PET1     ATM-TO-OCN: InitializeIPDv05p3 extro.
20230325 063707.625 INFO             PET1     OCN-TO-ATM: InitializeIPDv05p3 intro.
20230325 063707.628 INFO             PET1     OCN-TO-ATM: InitializeIPDv05p3 extro.
20230325 063707.629 INFO             PET1     <<<esm: leaving Initialize (phase=<none>) with current time: 2010  6  1  0  0  0   0
20230325 063707.629 INFO             PET1   esm: InitializeIPDv02p1 extro.
20230325 063707.629 INFO             PET1   esm: InitializeIPDv02p3 intro.
20230325 063707.629 INFO             PET1     >>>esm: entered Initialize (phase=<none>) with current time: 2010  6  1  0  0  0   0
20230325 063707.629 INFO             PET1     esm: IInitCheck intro.
20230325 063707.629 INFO             PET1     esm: IInitCheck extro.
20230325 063707.629 INFO             PET1     atmA: InitializeIPDvXp04 intro.
20230325 063707.635 INFO             PET1     atmA: InitializeIPDvXp04 extro.
20230325 063707.635 INFO             PET1     ocnB: InitializeIPDvXp04 intro.
20230325 063707.640 INFO             PET1     ocnB: InitializeIPDvXp04 extro.
20230325 063707.642 INFO             PET1     ATM-TO-OCN: InitializeIPDv05p4 intro.
20230325 063707.649 INFO             PET1     ATM-TO-OCN: InitializeIPDv05p4 extro.
20230325 063707.649 INFO             PET1     OCN-TO-ATM: InitializeIPDv05p4 intro.
20230325 063707.653 INFO             PET1     OCN-TO-ATM: InitializeIPDv05p4 extro.
20230325 063707.654 INFO             PET1     ATM-TO-OCN: InitializeIPDv05p5 intro.
20230325 063707.660 INFO             PET1     ATM-TO-OCN: InitializeIPDv05p5 extro.
20230325 063707.660 INFO             PET1     OCN-TO-ATM: InitializeIPDv05p5 intro.
20230325 063707.664 INFO             PET1     OCN-TO-ATM: InitializeIPDv05p5 extro.
20230325 063707.665 INFO             PET1     esm: IInitRealize intro.
20230325 063707.665 INFO             PET1     esm: IInitRealize extro.
20230325 063707.665 INFO             PET1     ATM-TO-OCN: InitializeIPDv05p6a intro.
20230325 063707.671 INFO             PET1     ATM-TO-OCN: InitializeIPDv05p6a extro.
20230325 063511.510 INFO             PET2 !!!!!!!!!!!!!!!!!!!!!!!!!!!!!!!!!!!!!!!!!!!!!!!!!!!!!!
20230325 063511.510 INFO             PET2 !!! THE ESMF_LOG IS SET TO OUTPUT ALL LOG MESSAGES !!!
20230325 063511.510 INFO             PET2 !!!     THIS MAY CAUSE SLOWDOWN IN PERFORMANCE     !!!
20230325 063511.510 INFO             PET2 !!! FOR PRODUCTION RUNS, USE:                      !!!
20230325 063511.510 INFO             PET2 !!!                   ESMF_LOGKIND_Multi_On_Error  !!!
20230325 063511.510 INFO             PET2 !!!!!!!!!!!!!!!!!!!!!!!!!!!!!!!!!!!!!!!!!!!!!!!!!!!!!!
20230325 063511.510 INFO             PET2 Running with ESMF Version   : v8.5.0b18-5-ge74a33b91d
20230325 063511.510 INFO             PET2 ESMF library build date/time: "Mar 25 2023" "04:54:34"
20230325 063511.510 INFO             PET2 ESMF library build location : /glade/scratch/theurich/ESMF-Nightly-Testing/nvhpc_22.2_mpt_g_develop/esmf
20230325 063511.510 INFO             PET2 ESMF_COMM                   : mpt
20230325 063511.510 INFO             PET2 ESMF_MOAB                   : enabled
20230325 063511.510 INFO             PET2 ESMF_LAPACK                 : enabled
20230325 063511.510 INFO             PET2 ESMF_NETCDF                 : enabled
20230325 063511.510 INFO             PET2 ESMF_PNETCDF                : disabled
20230325 063511.510 INFO             PET2 ESMF_PIO                    : enabled
20230325 063511.510 INFO             PET2 ESMF_YAMLCPP                : enabled
20230325 063511.510 INFO             PET2 esmApp STARTING
20230325 063511.517 INFO             PET2 esm: InitializeGeneric intro.
20230325 063511.517 INFO             PET2   esm: InitializeP0 intro.
20230325 063511.517 INFO             PET2   esm: InitializeP0 extro.
20230325 063511.517 INFO             PET2   esm: InitializeIPDv02p1 intro.
20230325 063511.517 INFO             PET2     >>>esm: entered Initialize (phase=<none>) without valid internal Clock.
20230325 063511.518 INFO             PET2     esm - Creating model component ATM without petList.
20230325 063511.522 INFO             PET2     esm - Creating model component OCN without petList.
20230325 063511.526 INFO             PET2     esm - Creating connector component ATM-TO-OCN without petList.
20230325 063511.533 INFO             PET2     esm - Creating connector component OCN-TO-ATM without petList.
20230325 063511.540 INFO             PET2     esm - Creating state: modelComp 1 Import State
20230325 063511.540 INFO             PET2     esm - Creating state: modelComp 1 Export State
20230325 063511.541 INFO             PET2     esm - Creating state: modelComp 2 Import State
20230325 063511.541 INFO             PET2     esm - Creating state: modelComp 2 Export State
20230325 063511.542 INFO             PET2     ATM: InitializeP0 intro.
20230325 063511.544 INFO             PET2     ATM: InitializeP0 extro.
20230325 063511.544 INFO             PET2     OCN: InitializeP0 intro.
20230325 063511.545 INFO             PET2     OCN: InitializeP0 extro.
20230325 063511.548 INFO             PET2     ATM-TO-OCN: InitializeP0 intro.
20230325 063511.549 INFO             PET2     ATM-TO-OCN: InitializeP0 extro.
20230325 063511.550 INFO             PET2     OCN-TO-ATM: InitializeP0 intro.
20230325 063511.550 INFO             PET2     OCN-TO-ATM: InitializeP0 extro.
20230325 063511.552 INFO             PET2     esm: IInitAdvertise intro.
20230325 063511.552 INFO             PET2     esm: IInitAdvertise extro.
20230325 063511.553 INFO             PET2     ATM: InitializeIPDvXp01 intro.
20230325 063511.556 INFO             PET2     ATM: InitializeIPDvXp01 extro.
20230325 063511.556 INFO             PET2     OCN: InitializeIPDvXp01 intro.
20230325 063511.559 INFO             PET2     OCN: InitializeIPDvXp01 extro.
20230325 063511.561 INFO             PET2     ATM-TO-OCN: InitializeIPDv05p1 intro.
20230325 063511.565 INFO             PET2     ATM-TO-OCN: InitializeIPDv05p1 extro.
20230325 063511.565 INFO             PET2     OCN-TO-ATM: InitializeIPDv05p1 intro.
20230325 063511.569 INFO             PET2     OCN-TO-ATM: InitializeIPDv05p1 extro.
20230325 063511.569 INFO             PET2     esm: IInitAdvertiseFinish intro.
20230325 063511.569 INFO             PET2     esm: IInitAdvertiseFinish extro.
20230325 063511.569 INFO             PET2     ATM-TO-OCN: InitializeIPDv05p2a intro.
20230325 063511.573 INFO             PET2     ATM-TO-OCN: InitializeIPDv05p2a extro.
20230325 063511.573 INFO             PET2     OCN-TO-ATM: InitializeIPDv05p2a intro.
20230325 063511.576 INFO             PET2     OCN-TO-ATM: InitializeIPDv05p2a extro.
20230325 063511.577 INFO             PET2     ATM-TO-OCN: InitializeIPDv05p2b intro.
20230325 063511.581 INFO             PET2     ATM-TO-OCN: InitializeIPDv05p2b extro.
20230325 063511.584 INFO             PET2     OCN-TO-ATM: InitializeIPDv05p2b intro.
20230325 063511.587 INFO             PET2     OCN-TO-ATM: InitializeIPDv05p2b extro.
20230325 063511.587 INFO             PET2     esm: IInitModifyCplLists intro.
20230325 063511.587 INFO             PET2     esm: IInitModifyCplLists extro.
20230325 063511.588 INFO             PET2     ATM-TO-OCN: InitializeIPDv05p3 intro.
20230325 063511.592 INFO             PET2     ATM-TO-OCN: InitializeIPDv05p3 extro.
20230325 063511.592 INFO             PET2     OCN-TO-ATM: InitializeIPDv05p3 intro.
20230325 063511.596 INFO             PET2     OCN-TO-ATM: InitializeIPDv05p3 extro.
20230325 063511.596 INFO             PET2     <<<esm: leaving Initialize (phase=<none>) with current time: 2010  6  1  0  0  0   0
20230325 063511.596 INFO             PET2   esm: InitializeIPDv02p1 extro.
20230325 063511.596 INFO             PET2   esm: InitializeIPDv02p3 intro.
20230325 063511.596 INFO             PET2     >>>esm: entered Initialize (phase=<none>) with current time: 2010  6  1  0  0  0   0
20230325 063511.596 INFO             PET2     esm: IInitCheck intro.
20230325 063511.596 INFO             PET2     esm: IInitCheck extro.
20230325 063511.597 INFO             PET2     atmA: InitializeIPDvXp04 intro.
20230325 063511.602 INFO             PET2     atmA: InitializeIPDvXp04 extro.
20230325 063511.602 INFO             PET2     ocnA: InitializeIPDvXp04 intro.
20230325 063511.607 INFO             PET2     ocnA: InitializeIPDvXp04 extro.
20230325 063511.609 INFO             PET2     ATM-TO-OCN: InitializeIPDv05p4 intro.
20230325 063511.616 INFO             PET2     ATM-TO-OCN: InitializeIPDv05p4 extro.
20230325 063511.616 INFO             PET2     OCN-TO-ATM: InitializeIPDv05p4 intro.
20230325 063511.620 INFO             PET2     OCN-TO-ATM: InitializeIPDv05p4 extro.
20230325 063511.621 INFO             PET2     ATM-TO-OCN: InitializeIPDv05p5 intro.
20230325 063511.627 INFO             PET2     ATM-TO-OCN: InitializeIPDv05p5 extro.
20230325 063511.627 INFO             PET2     OCN-TO-ATM: InitializeIPDv05p5 intro.
20230325 063511.631 INFO             PET2     OCN-TO-ATM: InitializeIPDv05p5 extro.
20230325 063511.632 INFO             PET2     esm: IInitRealize intro.
20230325 063511.632 INFO             PET2     esm: IInitRealize extro.
20230325 063511.632 INFO             PET2     ATM-TO-OCN: InitializeIPDv05p6a intro.
20230325 063511.637 INFO             PET2     ATM-TO-OCN: InitializeIPDv05p6a extro.
20230325 063609.676 INFO             PET2 !!!!!!!!!!!!!!!!!!!!!!!!!!!!!!!!!!!!!!!!!!!!!!!!!!!!!!
20230325 063609.677 INFO             PET2 !!! THE ESMF_LOG IS SET TO OUTPUT ALL LOG MESSAGES !!!
20230325 063609.677 INFO             PET2 !!!     THIS MAY CAUSE SLOWDOWN IN PERFORMANCE     !!!
20230325 063609.677 INFO             PET2 !!! FOR PRODUCTION RUNS, USE:                      !!!
20230325 063609.677 INFO             PET2 !!!                   ESMF_LOGKIND_Multi_On_Error  !!!
20230325 063609.677 INFO             PET2 !!!!!!!!!!!!!!!!!!!!!!!!!!!!!!!!!!!!!!!!!!!!!!!!!!!!!!
20230325 063609.677 INFO             PET2 Running with ESMF Version   : v8.5.0b18-5-ge74a33b91d
20230325 063609.677 INFO             PET2 ESMF library build date/time: "Mar 25 2023" "04:54:34"
20230325 063609.677 INFO             PET2 ESMF library build location : /glade/scratch/theurich/ESMF-Nightly-Testing/nvhpc_22.2_mpt_g_develop/esmf
20230325 063609.677 INFO             PET2 ESMF_COMM                   : mpt
20230325 063609.677 INFO             PET2 ESMF_MOAB                   : enabled
20230325 063609.677 INFO             PET2 ESMF_LAPACK                 : enabled
20230325 063609.677 INFO             PET2 ESMF_NETCDF                 : enabled
20230325 063609.677 INFO             PET2 ESMF_PNETCDF                : disabled
20230325 063609.677 INFO             PET2 ESMF_PIO                    : enabled
20230325 063609.677 INFO             PET2 ESMF_YAMLCPP                : enabled
20230325 063609.677 INFO             PET2 esmApp STARTING
20230325 063609.684 INFO             PET2 esm: InitializeGeneric intro.
20230325 063609.684 INFO             PET2   esm: InitializeP0 intro.
20230325 063609.684 INFO             PET2   esm: InitializeP0 extro.
20230325 063609.684 INFO             PET2   esm: InitializeIPDv02p1 intro.
20230325 063609.684 INFO             PET2     >>>esm: entered Initialize (phase=<none>) without valid internal Clock.
20230325 063609.685 INFO             PET2     esm - Creating model component ATM without petList.
20230325 063609.689 INFO             PET2     esm - Creating model component OCN without petList.
20230325 063609.692 INFO             PET2     esm - Creating connector component ATM-TO-OCN without petList.
20230325 063609.699 INFO             PET2     esm - Creating connector component OCN-TO-ATM without petList.
20230325 063609.707 INFO             PET2     esm - Creating state: modelComp 1 Import State
20230325 063609.707 INFO             PET2     esm - Creating state: modelComp 1 Export State
20230325 063609.708 INFO             PET2     esm - Creating state: modelComp 2 Import State
20230325 063609.708 INFO             PET2     esm - Creating state: modelComp 2 Export State
20230325 063609.709 INFO             PET2     ATM: InitializeP0 intro.
20230325 063609.710 INFO             PET2     ATM: InitializeP0 extro.
20230325 063609.711 INFO             PET2     OCN: InitializeP0 intro.
20230325 063609.712 INFO             PET2     OCN: InitializeP0 extro.
20230325 063609.715 INFO             PET2     ATM-TO-OCN: InitializeP0 intro.
20230325 063609.716 INFO             PET2     ATM-TO-OCN: InitializeP0 extro.
20230325 063609.717 INFO             PET2     OCN-TO-ATM: InitializeP0 intro.
20230325 063609.717 INFO             PET2     OCN-TO-ATM: InitializeP0 extro.
20230325 063609.719 INFO             PET2     esm: IInitAdvertise intro.
20230325 063609.719 INFO             PET2     esm: IInitAdvertise extro.
20230325 063609.720 INFO             PET2     ATM: InitializeIPDvXp01 intro.
20230325 063609.723 INFO             PET2     ATM: InitializeIPDvXp01 extro.
20230325 063609.723 INFO             PET2     OCN: InitializeIPDvXp01 intro.
20230325 063609.725 INFO             PET2     OCN: InitializeIPDvXp01 extro.
20230325 063609.727 INFO             PET2     ATM-TO-OCN: InitializeIPDv05p1 intro.
20230325 063609.732 INFO             PET2     ATM-TO-OCN: InitializeIPDv05p1 extro.
20230325 063609.732 INFO             PET2     OCN-TO-ATM: InitializeIPDv05p1 intro.
20230325 063609.735 INFO             PET2     OCN-TO-ATM: InitializeIPDv05p1 extro.
20230325 063609.736 INFO             PET2     esm: IInitAdvertiseFinish intro.
20230325 063609.736 INFO             PET2     esm: IInitAdvertiseFinish extro.
20230325 063609.736 INFO             PET2     ATM-TO-OCN: InitializeIPDv05p2a intro.
20230325 063609.740 INFO             PET2     ATM-TO-OCN: InitializeIPDv05p2a extro.
20230325 063609.740 INFO             PET2     OCN-TO-ATM: InitializeIPDv05p2a intro.
20230325 063609.743 INFO             PET2     OCN-TO-ATM: InitializeIPDv05p2a extro.
20230325 063609.743 INFO             PET2     ATM-TO-OCN: InitializeIPDv05p2b intro.
20230325 063609.748 INFO             PET2     ATM-TO-OCN: InitializeIPDv05p2b extro.
20230325 063609.748 INFO             PET2     OCN-TO-ATM: InitializeIPDv05p2b intro.
20230325 063609.751 INFO             PET2     OCN-TO-ATM: InitializeIPDv05p2b extro.
20230325 063609.751 INFO             PET2     esm: IInitModifyCplLists intro.
20230325 063609.751 INFO             PET2     esm: IInitModifyCplLists extro.
20230325 063609.752 INFO             PET2     ATM-TO-OCN: InitializeIPDv05p3 intro.
20230325 063609.756 INFO             PET2     ATM-TO-OCN: InitializeIPDv05p3 extro.
20230325 063609.756 INFO             PET2     OCN-TO-ATM: InitializeIPDv05p3 intro.
20230325 063609.760 INFO             PET2     OCN-TO-ATM: InitializeIPDv05p3 extro.
20230325 063609.760 INFO             PET2     <<<esm: leaving Initialize (phase=<none>) with current time: 2010  6  1  0  0  0   0
20230325 063609.760 INFO             PET2   esm: InitializeIPDv02p1 extro.
20230325 063609.760 INFO             PET2   esm: InitializeIPDv02p3 intro.
20230325 063609.760 INFO             PET2     >>>esm: entered Initialize (phase=<none>) with current time: 2010  6  1  0  0  0   0
20230325 063609.761 INFO             PET2     esm: IInitCheck intro.
20230325 063609.761 INFO             PET2     esm: IInitCheck extro.
20230325 063609.761 INFO             PET2     atmB: InitializeIPDvXp04 intro.
20230325 063609.766 INFO             PET2     atmB: InitializeIPDvXp04 extro.
20230325 063609.767 INFO             PET2     ocnA: InitializeIPDvXp04 intro.
20230325 063609.771 INFO             PET2     ocnA: InitializeIPDvXp04 extro.
20230325 063609.774 INFO             PET2     ATM-TO-OCN: InitializeIPDv05p4 intro.
20230325 063609.780 INFO             PET2     ATM-TO-OCN: InitializeIPDv05p4 extro.
20230325 063609.780 INFO             PET2     OCN-TO-ATM: InitializeIPDv05p4 intro.
20230325 063609.785 INFO             PET2     OCN-TO-ATM: InitializeIPDv05p4 extro.
20230325 063609.785 INFO             PET2     ATM-TO-OCN: InitializeIPDv05p5 intro.
20230325 063609.791 INFO             PET2     ATM-TO-OCN: InitializeIPDv05p5 extro.
20230325 063609.791 INFO             PET2     OCN-TO-ATM: InitializeIPDv05p5 intro.
20230325 063609.796 INFO             PET2     OCN-TO-ATM: InitializeIPDv05p5 extro.
20230325 063609.796 INFO             PET2     esm: IInitRealize intro.
20230325 063609.796 INFO             PET2     esm: IInitRealize extro.
20230325 063609.796 INFO             PET2     ATM-TO-OCN: InitializeIPDv05p6a intro.
20230325 063609.802 INFO             PET2     ATM-TO-OCN: InitializeIPDv05p6a extro.
20230325 063707.543 INFO             PET2 !!!!!!!!!!!!!!!!!!!!!!!!!!!!!!!!!!!!!!!!!!!!!!!!!!!!!!
20230325 063707.543 INFO             PET2 !!! THE ESMF_LOG IS SET TO OUTPUT ALL LOG MESSAGES !!!
20230325 063707.543 INFO             PET2 !!!     THIS MAY CAUSE SLOWDOWN IN PERFORMANCE     !!!
20230325 063707.543 INFO             PET2 !!! FOR PRODUCTION RUNS, USE:                      !!!
20230325 063707.543 INFO             PET2 !!!                   ESMF_LOGKIND_Multi_On_Error  !!!
20230325 063707.543 INFO             PET2 !!!!!!!!!!!!!!!!!!!!!!!!!!!!!!!!!!!!!!!!!!!!!!!!!!!!!!
20230325 063707.543 INFO             PET2 Running with ESMF Version   : v8.5.0b18-5-ge74a33b91d
20230325 063707.543 INFO             PET2 ESMF library build date/time: "Mar 25 2023" "04:54:34"
20230325 063707.543 INFO             PET2 ESMF library build location : /glade/scratch/theurich/ESMF-Nightly-Testing/nvhpc_22.2_mpt_g_develop/esmf
20230325 063707.543 INFO             PET2 ESMF_COMM                   : mpt
20230325 063707.543 INFO             PET2 ESMF_MOAB                   : enabled
20230325 063707.543 INFO             PET2 ESMF_LAPACK                 : enabled
20230325 063707.543 INFO             PET2 ESMF_NETCDF                 : enabled
20230325 063707.543 INFO             PET2 ESMF_PNETCDF                : disabled
20230325 063707.543 INFO             PET2 ESMF_PIO                    : enabled
20230325 063707.543 INFO             PET2 ESMF_YAMLCPP                : enabled
20230325 063707.543 INFO             PET2 esmApp STARTING
20230325 063707.550 INFO             PET2 esm: InitializeGeneric intro.
20230325 063707.550 INFO             PET2   esm: InitializeP0 intro.
20230325 063707.550 INFO             PET2   esm: InitializeP0 extro.
20230325 063707.550 INFO             PET2   esm: InitializeIPDv02p1 intro.
20230325 063707.550 INFO             PET2     >>>esm: entered Initialize (phase=<none>) without valid internal Clock.
20230325 063707.551 INFO             PET2     esm - Creating model component ATM without petList.
20230325 063707.555 INFO             PET2     esm - Creating model component OCN without petList.
20230325 063707.559 INFO             PET2     esm - Creating connector component ATM-TO-OCN without petList.
20230325 063707.566 INFO             PET2     esm - Creating connector component OCN-TO-ATM without petList.
20230325 063707.576 INFO             PET2     esm - Creating state: modelComp 1 Import State
20230325 063707.576 INFO             PET2     esm - Creating state: modelComp 1 Export State
20230325 063707.576 INFO             PET2     esm - Creating state: modelComp 2 Import State
20230325 063707.576 INFO             PET2     esm - Creating state: modelComp 2 Export State
20230325 063707.577 INFO             PET2     ATM: InitializeP0 intro.
20230325 063707.579 INFO             PET2     ATM: InitializeP0 extro.
20230325 063707.579 INFO             PET2     OCN: InitializeP0 intro.
20230325 063707.581 INFO             PET2     OCN: InitializeP0 extro.
20230325 063707.583 INFO             PET2     ATM-TO-OCN: InitializeP0 intro.
20230325 063707.584 INFO             PET2     ATM-TO-OCN: InitializeP0 extro.
20230325 063707.585 INFO             PET2     OCN-TO-ATM: InitializeP0 intro.
20230325 063707.586 INFO             PET2     OCN-TO-ATM: InitializeP0 extro.
20230325 063707.588 INFO             PET2     esm: IInitAdvertise intro.
20230325 063707.588 INFO             PET2     esm: IInitAdvertise extro.
20230325 063707.588 INFO             PET2     ATM: InitializeIPDvXp01 intro.
20230325 063707.591 INFO             PET2     ATM: InitializeIPDvXp01 extro.
20230325 063707.591 INFO             PET2     OCN: InitializeIPDvXp01 intro.
20230325 063707.594 INFO             PET2     OCN: InitializeIPDvXp01 extro.
20230325 063707.596 INFO             PET2     ATM-TO-OCN: InitializeIPDv05p1 intro.
20230325 063707.600 INFO             PET2     ATM-TO-OCN: InitializeIPDv05p1 extro.
20230325 063707.601 INFO             PET2     OCN-TO-ATM: InitializeIPDv05p1 intro.
20230325 063707.604 INFO             PET2     OCN-TO-ATM: InitializeIPDv05p1 extro.
20230325 063707.604 INFO             PET2     esm: IInitAdvertiseFinish intro.
20230325 063707.604 INFO             PET2     esm: IInitAdvertiseFinish extro.
20230325 063707.604 INFO             PET2     ATM-TO-OCN: InitializeIPDv05p2a intro.
20230325 063707.608 INFO             PET2     ATM-TO-OCN: InitializeIPDv05p2a extro.
20230325 063707.608 INFO             PET2     OCN-TO-ATM: InitializeIPDv05p2a intro.
20230325 063707.612 INFO             PET2     OCN-TO-ATM: InitializeIPDv05p2a extro.
20230325 063707.612 INFO             PET2     ATM-TO-OCN: InitializeIPDv05p2b intro.
20230325 063707.616 INFO             PET2     ATM-TO-OCN: InitializeIPDv05p2b extro.
20230325 063707.616 INFO             PET2     OCN-TO-ATM: InitializeIPDv05p2b intro.
20230325 063707.620 INFO             PET2     OCN-TO-ATM: InitializeIPDv05p2b extro.
20230325 063707.620 INFO             PET2     esm: IInitModifyCplLists intro.
20230325 063707.620 INFO             PET2     esm: IInitModifyCplLists extro.
20230325 063707.620 INFO             PET2     ATM-TO-OCN: InitializeIPDv05p3 intro.
20230325 063707.625 INFO             PET2     ATM-TO-OCN: InitializeIPDv05p3 extro.
20230325 063707.625 INFO             PET2     OCN-TO-ATM: InitializeIPDv05p3 intro.
20230325 063707.628 INFO             PET2     OCN-TO-ATM: InitializeIPDv05p3 extro.
20230325 063707.629 INFO             PET2     <<<esm: leaving Initialize (phase=<none>) with current time: 2010  6  1  0  0  0   0
20230325 063707.629 INFO             PET2   esm: InitializeIPDv02p1 extro.
20230325 063707.629 INFO             PET2   esm: InitializeIPDv02p3 intro.
20230325 063707.629 INFO             PET2     >>>esm: entered Initialize (phase=<none>) with current time: 2010  6  1  0  0  0   0
20230325 063707.629 INFO             PET2     esm: IInitCheck intro.
20230325 063707.629 INFO             PET2     esm: IInitCheck extro.
20230325 063707.629 INFO             PET2     atmA: InitializeIPDvXp04 intro.
20230325 063707.635 INFO             PET2     atmA: InitializeIPDvXp04 extro.
20230325 063707.635 INFO             PET2     ocnB: InitializeIPDvXp04 intro.
20230325 063707.640 INFO             PET2     ocnB: InitializeIPDvXp04 extro.
20230325 063707.642 INFO             PET2     ATM-TO-OCN: InitializeIPDv05p4 intro.
20230325 063707.649 INFO             PET2     ATM-TO-OCN: InitializeIPDv05p4 extro.
20230325 063707.649 INFO             PET2     OCN-TO-ATM: InitializeIPDv05p4 intro.
20230325 063707.653 INFO             PET2     OCN-TO-ATM: InitializeIPDv05p4 extro.
20230325 063707.654 INFO             PET2     ATM-TO-OCN: InitializeIPDv05p5 intro.
20230325 063707.660 INFO             PET2     ATM-TO-OCN: InitializeIPDv05p5 extro.
20230325 063707.660 INFO             PET2     OCN-TO-ATM: InitializeIPDv05p5 intro.
20230325 063707.664 INFO             PET2     OCN-TO-ATM: InitializeIPDv05p5 extro.
20230325 063707.665 INFO             PET2     esm: IInitRealize intro.
20230325 063707.665 INFO             PET2     esm: IInitRealize extro.
20230325 063707.665 INFO             PET2     ATM-TO-OCN: InitializeIPDv05p6a intro.
20230325 063707.671 INFO             PET2     ATM-TO-OCN: InitializeIPDv05p6a extro.
20230325 063511.510 INFO             PET3 !!!!!!!!!!!!!!!!!!!!!!!!!!!!!!!!!!!!!!!!!!!!!!!!!!!!!!
20230325 063511.510 INFO             PET3 !!! THE ESMF_LOG IS SET TO OUTPUT ALL LOG MESSAGES !!!
20230325 063511.510 INFO             PET3 !!!     THIS MAY CAUSE SLOWDOWN IN PERFORMANCE     !!!
20230325 063511.510 INFO             PET3 !!! FOR PRODUCTION RUNS, USE:                      !!!
20230325 063511.510 INFO             PET3 !!!                   ESMF_LOGKIND_Multi_On_Error  !!!
20230325 063511.510 INFO             PET3 !!!!!!!!!!!!!!!!!!!!!!!!!!!!!!!!!!!!!!!!!!!!!!!!!!!!!!
20230325 063511.510 INFO             PET3 Running with ESMF Version   : v8.5.0b18-5-ge74a33b91d
20230325 063511.510 INFO             PET3 ESMF library build date/time: "Mar 25 2023" "04:54:34"
20230325 063511.510 INFO             PET3 ESMF library build location : /glade/scratch/theurich/ESMF-Nightly-Testing/nvhpc_22.2_mpt_g_develop/esmf
20230325 063511.510 INFO             PET3 ESMF_COMM                   : mpt
20230325 063511.510 INFO             PET3 ESMF_MOAB                   : enabled
20230325 063511.510 INFO             PET3 ESMF_LAPACK                 : enabled
20230325 063511.510 INFO             PET3 ESMF_NETCDF                 : enabled
20230325 063511.510 INFO             PET3 ESMF_PNETCDF                : disabled
20230325 063511.510 INFO             PET3 ESMF_PIO                    : enabled
20230325 063511.510 INFO             PET3 ESMF_YAMLCPP                : enabled
20230325 063511.510 INFO             PET3 esmApp STARTING
20230325 063511.517 INFO             PET3 esm: InitializeGeneric intro.
20230325 063511.517 INFO             PET3   esm: InitializeP0 intro.
20230325 063511.517 INFO             PET3   esm: InitializeP0 extro.
20230325 063511.517 INFO             PET3   esm: InitializeIPDv02p1 intro.
20230325 063511.517 INFO             PET3     >>>esm: entered Initialize (phase=<none>) without valid internal Clock.
20230325 063511.518 INFO             PET3     esm - Creating model component ATM without petList.
20230325 063511.522 INFO             PET3     esm - Creating model component OCN without petList.
20230325 063511.526 INFO             PET3     esm - Creating connector component ATM-TO-OCN without petList.
20230325 063511.533 INFO             PET3     esm - Creating connector component OCN-TO-ATM without petList.
20230325 063511.540 INFO             PET3     esm - Creating state: modelComp 1 Import State
20230325 063511.540 INFO             PET3     esm - Creating state: modelComp 1 Export State
20230325 063511.541 INFO             PET3     esm - Creating state: modelComp 2 Import State
20230325 063511.541 INFO             PET3     esm - Creating state: modelComp 2 Export State
20230325 063511.542 INFO             PET3     ATM: InitializeP0 intro.
20230325 063511.544 INFO             PET3     ATM: InitializeP0 extro.
20230325 063511.544 INFO             PET3     OCN: InitializeP0 intro.
20230325 063511.545 INFO             PET3     OCN: InitializeP0 extro.
20230325 063511.548 INFO             PET3     ATM-TO-OCN: InitializeP0 intro.
20230325 063511.549 INFO             PET3     ATM-TO-OCN: InitializeP0 extro.
20230325 063511.550 INFO             PET3     OCN-TO-ATM: InitializeP0 intro.
20230325 063511.550 INFO             PET3     OCN-TO-ATM: InitializeP0 extro.
20230325 063511.552 INFO             PET3     esm: IInitAdvertise intro.
20230325 063511.552 INFO             PET3     esm: IInitAdvertise extro.
20230325 063511.553 INFO             PET3     ATM: InitializeIPDvXp01 intro.
20230325 063511.556 INFO             PET3     ATM: InitializeIPDvXp01 extro.
20230325 063511.556 INFO             PET3     OCN: InitializeIPDvXp01 intro.
20230325 063511.559 INFO             PET3     OCN: InitializeIPDvXp01 extro.
20230325 063511.561 INFO             PET3     ATM-TO-OCN: InitializeIPDv05p1 intro.
20230325 063511.565 INFO             PET3     ATM-TO-OCN: InitializeIPDv05p1 extro.
20230325 063511.565 INFO             PET3     OCN-TO-ATM: InitializeIPDv05p1 intro.
20230325 063511.569 INFO             PET3     OCN-TO-ATM: InitializeIPDv05p1 extro.
20230325 063511.569 INFO             PET3     esm: IInitAdvertiseFinish intro.
20230325 063511.569 INFO             PET3     esm: IInitAdvertiseFinish extro.
20230325 063511.569 INFO             PET3     ATM-TO-OCN: InitializeIPDv05p2a intro.
20230325 063511.573 INFO             PET3     ATM-TO-OCN: InitializeIPDv05p2a extro.
20230325 063511.573 INFO             PET3     OCN-TO-ATM: InitializeIPDv05p2a intro.
20230325 063511.576 INFO             PET3     OCN-TO-ATM: InitializeIPDv05p2a extro.
20230325 063511.577 INFO             PET3     ATM-TO-OCN: InitializeIPDv05p2b intro.
20230325 063511.581 INFO             PET3     ATM-TO-OCN: InitializeIPDv05p2b extro.
20230325 063511.584 INFO             PET3     OCN-TO-ATM: InitializeIPDv05p2b intro.
20230325 063511.587 INFO             PET3     OCN-TO-ATM: InitializeIPDv05p2b extro.
20230325 063511.587 INFO             PET3     esm: IInitModifyCplLists intro.
20230325 063511.587 INFO             PET3     esm: IInitModifyCplLists extro.
20230325 063511.588 INFO             PET3     ATM-TO-OCN: InitializeIPDv05p3 intro.
20230325 063511.592 INFO             PET3     ATM-TO-OCN: InitializeIPDv05p3 extro.
20230325 063511.592 INFO             PET3     OCN-TO-ATM: InitializeIPDv05p3 intro.
20230325 063511.596 INFO             PET3     OCN-TO-ATM: InitializeIPDv05p3 extro.
20230325 063511.596 INFO             PET3     <<<esm: leaving Initialize (phase=<none>) with current time: 2010  6  1  0  0  0   0
20230325 063511.596 INFO             PET3   esm: InitializeIPDv02p1 extro.
20230325 063511.596 INFO             PET3   esm: InitializeIPDv02p3 intro.
20230325 063511.596 INFO             PET3     >>>esm: entered Initialize (phase=<none>) with current time: 2010  6  1  0  0  0   0
20230325 063511.596 INFO             PET3     esm: IInitCheck intro.
20230325 063511.597 INFO             PET3     esm: IInitCheck extro.
20230325 063511.597 INFO             PET3     atmA: InitializeIPDvXp04 intro.
20230325 063511.602 INFO             PET3     atmA: InitializeIPDvXp04 extro.
20230325 063511.602 INFO             PET3     ocnA: InitializeIPDvXp04 intro.
20230325 063511.607 INFO             PET3     ocnA: InitializeIPDvXp04 extro.
20230325 063511.609 INFO             PET3     ATM-TO-OCN: InitializeIPDv05p4 intro.
20230325 063511.616 INFO             PET3     ATM-TO-OCN: InitializeIPDv05p4 extro.
20230325 063511.616 INFO             PET3     OCN-TO-ATM: InitializeIPDv05p4 intro.
20230325 063511.620 INFO             PET3     OCN-TO-ATM: InitializeIPDv05p4 extro.
20230325 063511.621 INFO             PET3     ATM-TO-OCN: InitializeIPDv05p5 intro.
20230325 063511.627 INFO             PET3     ATM-TO-OCN: InitializeIPDv05p5 extro.
20230325 063511.627 INFO             PET3     OCN-TO-ATM: InitializeIPDv05p5 intro.
20230325 063511.631 INFO             PET3     OCN-TO-ATM: InitializeIPDv05p5 extro.
20230325 063511.632 INFO             PET3     esm: IInitRealize intro.
20230325 063511.632 INFO             PET3     esm: IInitRealize extro.
20230325 063511.632 INFO             PET3     ATM-TO-OCN: InitializeIPDv05p6a intro.
20230325 063511.637 INFO             PET3     ATM-TO-OCN: InitializeIPDv05p6a extro.
20230325 063609.676 INFO             PET3 !!!!!!!!!!!!!!!!!!!!!!!!!!!!!!!!!!!!!!!!!!!!!!!!!!!!!!
20230325 063609.677 INFO             PET3 !!! THE ESMF_LOG IS SET TO OUTPUT ALL LOG MESSAGES !!!
20230325 063609.677 INFO             PET3 !!!     THIS MAY CAUSE SLOWDOWN IN PERFORMANCE     !!!
20230325 063609.677 INFO             PET3 !!! FOR PRODUCTION RUNS, USE:                      !!!
20230325 063609.677 INFO             PET3 !!!                   ESMF_LOGKIND_Multi_On_Error  !!!
20230325 063609.677 INFO             PET3 !!!!!!!!!!!!!!!!!!!!!!!!!!!!!!!!!!!!!!!!!!!!!!!!!!!!!!
20230325 063609.677 INFO             PET3 Running with ESMF Version   : v8.5.0b18-5-ge74a33b91d
20230325 063609.677 INFO             PET3 ESMF library build date/time: "Mar 25 2023" "04:54:34"
20230325 063609.677 INFO             PET3 ESMF library build location : /glade/scratch/theurich/ESMF-Nightly-Testing/nvhpc_22.2_mpt_g_develop/esmf
20230325 063609.677 INFO             PET3 ESMF_COMM                   : mpt
20230325 063609.677 INFO             PET3 ESMF_MOAB                   : enabled
20230325 063609.677 INFO             PET3 ESMF_LAPACK                 : enabled
20230325 063609.677 INFO             PET3 ESMF_NETCDF                 : enabled
20230325 063609.677 INFO             PET3 ESMF_PNETCDF                : disabled
20230325 063609.677 INFO             PET3 ESMF_PIO                    : enabled
20230325 063609.677 INFO             PET3 ESMF_YAMLCPP                : enabled
20230325 063609.677 INFO             PET3 esmApp STARTING
20230325 063609.684 INFO             PET3 esm: InitializeGeneric intro.
20230325 063609.684 INFO             PET3   esm: InitializeP0 intro.
20230325 063609.684 INFO             PET3   esm: InitializeP0 extro.
20230325 063609.684 INFO             PET3   esm: InitializeIPDv02p1 intro.
20230325 063609.684 INFO             PET3     >>>esm: entered Initialize (phase=<none>) without valid internal Clock.
20230325 063609.685 INFO             PET3     esm - Creating model component ATM without petList.
20230325 063609.689 INFO             PET3     esm - Creating model component OCN without petList.
20230325 063609.692 INFO             PET3     esm - Creating connector component ATM-TO-OCN without petList.
20230325 063609.700 INFO             PET3     esm - Creating connector component OCN-TO-ATM without petList.
20230325 063609.707 INFO             PET3     esm - Creating state: modelComp 1 Import State
20230325 063609.707 INFO             PET3     esm - Creating state: modelComp 1 Export State
20230325 063609.708 INFO             PET3     esm - Creating state: modelComp 2 Import State
20230325 063609.708 INFO             PET3     esm - Creating state: modelComp 2 Export State
20230325 063609.709 INFO             PET3     ATM: InitializeP0 intro.
20230325 063609.710 INFO             PET3     ATM: InitializeP0 extro.
20230325 063609.711 INFO             PET3     OCN: InitializeP0 intro.
20230325 063609.712 INFO             PET3     OCN: InitializeP0 extro.
20230325 063609.715 INFO             PET3     ATM-TO-OCN: InitializeP0 intro.
20230325 063609.716 INFO             PET3     ATM-TO-OCN: InitializeP0 extro.
20230325 063609.717 INFO             PET3     OCN-TO-ATM: InitializeP0 intro.
20230325 063609.717 INFO             PET3     OCN-TO-ATM: InitializeP0 extro.
20230325 063609.719 INFO             PET3     esm: IInitAdvertise intro.
20230325 063609.719 INFO             PET3     esm: IInitAdvertise extro.
20230325 063609.720 INFO             PET3     ATM: InitializeIPDvXp01 intro.
20230325 063609.723 INFO             PET3     ATM: InitializeIPDvXp01 extro.
20230325 063609.723 INFO             PET3     OCN: InitializeIPDvXp01 intro.
20230325 063609.725 INFO             PET3     OCN: InitializeIPDvXp01 extro.
20230325 063609.727 INFO             PET3     ATM-TO-OCN: InitializeIPDv05p1 intro.
20230325 063609.732 INFO             PET3     ATM-TO-OCN: InitializeIPDv05p1 extro.
20230325 063609.732 INFO             PET3     OCN-TO-ATM: InitializeIPDv05p1 intro.
20230325 063609.735 INFO             PET3     OCN-TO-ATM: InitializeIPDv05p1 extro.
20230325 063609.736 INFO             PET3     esm: IInitAdvertiseFinish intro.
20230325 063609.736 INFO             PET3     esm: IInitAdvertiseFinish extro.
20230325 063609.736 INFO             PET3     ATM-TO-OCN: InitializeIPDv05p2a intro.
20230325 063609.740 INFO             PET3     ATM-TO-OCN: InitializeIPDv05p2a extro.
20230325 063609.740 INFO             PET3     OCN-TO-ATM: InitializeIPDv05p2a intro.
20230325 063609.743 INFO             PET3     OCN-TO-ATM: InitializeIPDv05p2a extro.
20230325 063609.743 INFO             PET3     ATM-TO-OCN: InitializeIPDv05p2b intro.
20230325 063609.748 INFO             PET3     ATM-TO-OCN: InitializeIPDv05p2b extro.
20230325 063609.748 INFO             PET3     OCN-TO-ATM: InitializeIPDv05p2b intro.
20230325 063609.751 INFO             PET3     OCN-TO-ATM: InitializeIPDv05p2b extro.
20230325 063609.751 INFO             PET3     esm: IInitModifyCplLists intro.
20230325 063609.751 INFO             PET3     esm: IInitModifyCplLists extro.
20230325 063609.752 INFO             PET3     ATM-TO-OCN: InitializeIPDv05p3 intro.
20230325 063609.756 INFO             PET3     ATM-TO-OCN: InitializeIPDv05p3 extro.
20230325 063609.756 INFO             PET3     OCN-TO-ATM: InitializeIPDv05p3 intro.
20230325 063609.760 INFO             PET3     OCN-TO-ATM: InitializeIPDv05p3 extro.
20230325 063609.760 INFO             PET3     <<<esm: leaving Initialize (phase=<none>) with current time: 2010  6  1  0  0  0   0
20230325 063609.760 INFO             PET3   esm: InitializeIPDv02p1 extro.
20230325 063609.760 INFO             PET3   esm: InitializeIPDv02p3 intro.
20230325 063609.760 INFO             PET3     >>>esm: entered Initialize (phase=<none>) with current time: 2010  6  1  0  0  0   0
20230325 063609.761 INFO             PET3     esm: IInitCheck intro.
20230325 063609.761 INFO             PET3     esm: IInitCheck extro.
20230325 063609.761 INFO             PET3     atmB: InitializeIPDvXp04 intro.
20230325 063609.766 INFO             PET3     atmB: InitializeIPDvXp04 extro.
20230325 063609.767 INFO             PET3     ocnA: InitializeIPDvXp04 intro.
20230325 063609.771 INFO             PET3     ocnA: InitializeIPDvXp04 extro.
20230325 063609.774 INFO             PET3     ATM-TO-OCN: InitializeIPDv05p4 intro.
20230325 063609.780 INFO             PET3     ATM-TO-OCN: InitializeIPDv05p4 extro.
20230325 063609.780 INFO             PET3     OCN-TO-ATM: InitializeIPDv05p4 intro.
20230325 063609.785 INFO             PET3     OCN-TO-ATM: InitializeIPDv05p4 extro.
20230325 063609.785 INFO             PET3     ATM-TO-OCN: InitializeIPDv05p5 intro.
20230325 063609.791 INFO             PET3     ATM-TO-OCN: InitializeIPDv05p5 extro.
20230325 063609.791 INFO             PET3     OCN-TO-ATM: InitializeIPDv05p5 intro.
20230325 063609.796 INFO             PET3     OCN-TO-ATM: InitializeIPDv05p5 extro.
20230325 063609.796 INFO             PET3     esm: IInitRealize intro.
20230325 063609.796 INFO             PET3     esm: IInitRealize extro.
20230325 063609.796 INFO             PET3     ATM-TO-OCN: InitializeIPDv05p6a intro.
20230325 063609.802 INFO             PET3     ATM-TO-OCN: InitializeIPDv05p6a extro.
20230325 063707.543 INFO             PET3 !!!!!!!!!!!!!!!!!!!!!!!!!!!!!!!!!!!!!!!!!!!!!!!!!!!!!!
20230325 063707.543 INFO             PET3 !!! THE ESMF_LOG IS SET TO OUTPUT ALL LOG MESSAGES !!!
20230325 063707.543 INFO             PET3 !!!     THIS MAY CAUSE SLOWDOWN IN PERFORMANCE     !!!
20230325 063707.543 INFO             PET3 !!! FOR PRODUCTION RUNS, USE:                      !!!
20230325 063707.543 INFO             PET3 !!!                   ESMF_LOGKIND_Multi_On_Error  !!!
20230325 063707.543 INFO             PET3 !!!!!!!!!!!!!!!!!!!!!!!!!!!!!!!!!!!!!!!!!!!!!!!!!!!!!!
20230325 063707.543 INFO             PET3 Running with ESMF Version   : v8.5.0b18-5-ge74a33b91d
20230325 063707.543 INFO             PET3 ESMF library build date/time: "Mar 25 2023" "04:54:34"
20230325 063707.543 INFO             PET3 ESMF library build location : /glade/scratch/theurich/ESMF-Nightly-Testing/nvhpc_22.2_mpt_g_develop/esmf
20230325 063707.543 INFO             PET3 ESMF_COMM                   : mpt
20230325 063707.543 INFO             PET3 ESMF_MOAB                   : enabled
20230325 063707.543 INFO             PET3 ESMF_LAPACK                 : enabled
20230325 063707.543 INFO             PET3 ESMF_NETCDF                 : enabled
20230325 063707.543 INFO             PET3 ESMF_PNETCDF                : disabled
20230325 063707.543 INFO             PET3 ESMF_PIO                    : enabled
20230325 063707.543 INFO             PET3 ESMF_YAMLCPP                : enabled
20230325 063707.543 INFO             PET3 esmApp STARTING
20230325 063707.550 INFO             PET3 esm: InitializeGeneric intro.
20230325 063707.550 INFO             PET3   esm: InitializeP0 intro.
20230325 063707.550 INFO             PET3   esm: InitializeP0 extro.
20230325 063707.550 INFO             PET3   esm: InitializeIPDv02p1 intro.
20230325 063707.550 INFO             PET3     >>>esm: entered Initialize (phase=<none>) without valid internal Clock.
20230325 063707.551 INFO             PET3     esm - Creating model component ATM without petList.
20230325 063707.555 INFO             PET3     esm - Creating model component OCN without petList.
20230325 063707.558 INFO             PET3     esm - Creating connector component ATM-TO-OCN without petList.
20230325 063707.566 INFO             PET3     esm - Creating connector component OCN-TO-ATM without petList.
20230325 063707.576 INFO             PET3     esm - Creating state: modelComp 1 Import State
20230325 063707.576 INFO             PET3     esm - Creating state: modelComp 1 Export State
20230325 063707.576 INFO             PET3     esm - Creating state: modelComp 2 Import State
20230325 063707.576 INFO             PET3     esm - Creating state: modelComp 2 Export State
20230325 063707.577 INFO             PET3     ATM: InitializeP0 intro.
20230325 063707.579 INFO             PET3     ATM: InitializeP0 extro.
20230325 063707.579 INFO             PET3     OCN: InitializeP0 intro.
20230325 063707.581 INFO             PET3     OCN: InitializeP0 extro.
20230325 063707.583 INFO             PET3     ATM-TO-OCN: InitializeP0 intro.
20230325 063707.584 INFO             PET3     ATM-TO-OCN: InitializeP0 extro.
20230325 063707.585 INFO             PET3     OCN-TO-ATM: InitializeP0 intro.
20230325 063707.586 INFO             PET3     OCN-TO-ATM: InitializeP0 extro.
20230325 063707.588 INFO             PET3     esm: IInitAdvertise intro.
20230325 063707.588 INFO             PET3     esm: IInitAdvertise extro.
20230325 063707.588 INFO             PET3     ATM: InitializeIPDvXp01 intro.
20230325 063707.591 INFO             PET3     ATM: InitializeIPDvXp01 extro.
20230325 063707.591 INFO             PET3     OCN: InitializeIPDvXp01 intro.
20230325 063707.594 INFO             PET3     OCN: InitializeIPDvXp01 extro.
20230325 063707.596 INFO             PET3     ATM-TO-OCN: InitializeIPDv05p1 intro.
20230325 063707.600 INFO             PET3     ATM-TO-OCN: InitializeIPDv05p1 extro.
20230325 063707.601 INFO             PET3     OCN-TO-ATM: InitializeIPDv05p1 intro.
20230325 063707.604 INFO             PET3     OCN-TO-ATM: InitializeIPDv05p1 extro.
20230325 063707.604 INFO             PET3     esm: IInitAdvertiseFinish intro.
20230325 063707.604 INFO             PET3     esm: IInitAdvertiseFinish extro.
20230325 063707.604 INFO             PET3     ATM-TO-OCN: InitializeIPDv05p2a intro.
20230325 063707.608 INFO             PET3     ATM-TO-OCN: InitializeIPDv05p2a extro.
20230325 063707.608 INFO             PET3     OCN-TO-ATM: InitializeIPDv05p2a intro.
20230325 063707.612 INFO             PET3     OCN-TO-ATM: InitializeIPDv05p2a extro.
20230325 063707.612 INFO             PET3     ATM-TO-OCN: InitializeIPDv05p2b intro.
20230325 063707.616 INFO             PET3     ATM-TO-OCN: InitializeIPDv05p2b extro.
20230325 063707.616 INFO             PET3     OCN-TO-ATM: InitializeIPDv05p2b intro.
20230325 063707.620 INFO             PET3     OCN-TO-ATM: InitializeIPDv05p2b extro.
20230325 063707.620 INFO             PET3     esm: IInitModifyCplLists intro.
20230325 063707.620 INFO             PET3     esm: IInitModifyCplLists extro.
20230325 063707.620 INFO             PET3     ATM-TO-OCN: InitializeIPDv05p3 intro.
20230325 063707.625 INFO             PET3     ATM-TO-OCN: InitializeIPDv05p3 extro.
20230325 063707.625 INFO             PET3     OCN-TO-ATM: InitializeIPDv05p3 intro.
20230325 063707.628 INFO             PET3     OCN-TO-ATM: InitializeIPDv05p3 extro.
20230325 063707.629 INFO             PET3     <<<esm: leaving Initialize (phase=<none>) with current time: 2010  6  1  0  0  0   0
20230325 063707.629 INFO             PET3   esm: InitializeIPDv02p1 extro.
20230325 063707.629 INFO             PET3   esm: InitializeIPDv02p3 intro.
20230325 063707.629 INFO             PET3     >>>esm: entered Initialize (phase=<none>) with current time: 2010  6  1  0  0  0   0
20230325 063707.629 INFO             PET3     esm: IInitCheck intro.
20230325 063707.629 INFO             PET3     esm: IInitCheck extro.
20230325 063707.629 INFO             PET3     atmA: InitializeIPDvXp04 intro.
20230325 063707.635 INFO             PET3     atmA: InitializeIPDvXp04 extro.
20230325 063707.635 INFO             PET3     ocnB: InitializeIPDvXp04 intro.
20230325 063707.640 INFO             PET3     ocnB: InitializeIPDvXp04 extro.
20230325 063707.642 INFO             PET3     ATM-TO-OCN: InitializeIPDv05p4 intro.
20230325 063707.648 INFO             PET3     ATM-TO-OCN: InitializeIPDv05p4 extro.
20230325 063707.649 INFO             PET3     OCN-TO-ATM: InitializeIPDv05p4 intro.
20230325 063707.653 INFO             PET3     OCN-TO-ATM: InitializeIPDv05p4 extro.
20230325 063707.654 INFO             PET3     ATM-TO-OCN: InitializeIPDv05p5 intro.
20230325 063707.660 INFO             PET3     ATM-TO-OCN: InitializeIPDv05p5 extro.
20230325 063707.660 INFO             PET3     OCN-TO-ATM: InitializeIPDv05p5 intro.
20230325 063707.664 INFO             PET3     OCN-TO-ATM: InitializeIPDv05p5 extro.
20230325 063707.665 INFO             PET3     esm: IInitRealize intro.
20230325 063707.665 INFO             PET3     esm: IInitRealize extro.
20230325 063707.665 INFO             PET3     ATM-TO-OCN: InitializeIPDv05p6a intro.
20230325 063707.671 INFO             PET3     ATM-TO-OCN: InitializeIPDv05p6a extro.
