2023-03-24 05:00:28
20230324 063241.961 INFO             PET0 !!!!!!!!!!!!!!!!!!!!!!!!!!!!!!!!!!!!!!!!!!!!!!!!!!!!!!
20230324 063241.961 INFO             PET0 !!! THE ESMF_LOG IS SET TO OUTPUT ALL LOG MESSAGES !!!
20230324 063241.961 INFO             PET0 !!!     THIS MAY CAUSE SLOWDOWN IN PERFORMANCE     !!!
20230324 063241.961 INFO             PET0 !!! FOR PRODUCTION RUNS, USE:                      !!!
20230324 063241.961 INFO             PET0 !!!                   ESMF_LOGKIND_Multi_On_Error  !!!
20230324 063241.961 INFO             PET0 !!!!!!!!!!!!!!!!!!!!!!!!!!!!!!!!!!!!!!!!!!!!!!!!!!!!!!
20230324 063241.961 INFO             PET0 Running with ESMF Version   : v8.5.0b18-5-ge74a33b91d
20230324 063241.961 INFO             PET0 ESMF library build date/time: "Mar 24 2023" "04:57:07"
20230324 063241.961 INFO             PET0 ESMF library build location : /glade/scratch/theurich/ESMF-Nightly-Testing/nvhpc_22.2_mpt_g_develop/esmf
20230324 063241.961 INFO             PET0 ESMF_COMM                   : mpt
20230324 063241.961 INFO             PET0 ESMF_MOAB                   : enabled
20230324 063241.961 INFO             PET0 ESMF_LAPACK                 : enabled
20230324 063241.961 INFO             PET0 ESMF_NETCDF                 : enabled
20230324 063241.961 INFO             PET0 ESMF_PNETCDF                : disabled
20230324 063241.961 INFO             PET0 ESMF_PIO                    : enabled
20230324 063241.961 INFO             PET0 ESMF_YAMLCPP                : enabled
20230324 063241.962 INFO             PET0 esmApp STARTING
20230324 063241.968 INFO             PET0 esm: InitializeGeneric intro.
20230324 063241.968 INFO             PET0   esm: InitializeP0 intro.
20230324 063241.968 INFO             PET0   esm: InitializeP0 extro.
20230324 063241.968 INFO             PET0   esm: InitializeIPDv02p1 intro.
20230324 063241.969 INFO             PET0     >>>esm: entered Initialize (phase=<none>) without valid internal Clock.
20230324 063241.969 INFO             PET0     esm - Creating model component ATM with petList of size 2 :
20230324 063241.969 INFO             PET0           0      1
20230324 063241.972 INFO             PET0     esm - Creating model component OCN with petList of size 1 :
20230324 063241.972 INFO             PET0           2
20230324 063241.973 INFO             PET0     esm - Creating model component RTM with petList of size 1 :
20230324 063241.973 INFO             PET0           3
20230324 063241.973 INFO             PET0     esm - Creating state: modelComp 1 Import State
20230324 063241.973 INFO             PET0     esm - Creating state: modelComp 1 Export State
20230324 063241.973 INFO             PET0     esm - Creating state: modelComp 2 Import State
20230324 063241.974 INFO             PET0     esm - Creating state: modelComp 2 Export State
20230324 063241.974 INFO             PET0     esm - Creating state: modelComp 3 Import State
20230324 063241.974 INFO             PET0     esm - Creating state: modelComp 3 Export State
20230324 063241.976 INFO             PET0     ATM: InitializeP0 intro.
20230324 063241.977 INFO             PET0     ATM: InitializeP0 extro.
20230324 063241.981 INFO             PET0     esm - Creating connector component ATM-TO-RTM with petList of size 3 :
20230324 063241.981 INFO             PET0           0      1      3
20230324 063241.990 INFO             PET0     esm - Setting Verbosity on created component to: high
20230324 063241.990 INFO             PET0     esm - Setting Profiling on created component to:          0
20230324 063241.990 INFO             PET0     esm - Creating connector component RTM-TO-OCN with petList of size 2 :
20230324 063241.990 INFO             PET0           3      2
20230324 063241.999 INFO             PET0     esm - Setting Verbosity on created component to: high
20230324 063241.999 INFO             PET0     esm - Setting Profiling on created component to:          0
20230324 063241.999 INFO             PET0     esm - Creating connector component ATM-TO-OCN with petList of size 3 :
20230324 063241.999 INFO             PET0           0      1      2
20230324 063242.010 INFO             PET0     esm - Setting Verbosity on created component to: high
20230324 063242.010 INFO             PET0     esm - Setting Profiling on created component to:          0
20230324 063242.010 INFO             PET0     esm - Creating connector component OCN-TO-ATM with petList of size 3 :
20230324 063242.010 INFO             PET0           2      0      1
20230324 063242.019 INFO             PET0     esm - Setting Verbosity on created component to: high
20230324 063242.019 INFO             PET0     esm - Setting Profiling on created component to:          0
20230324 063242.023 INFO             PET0     esm: IInitAdvertise intro.
20230324 063242.023 INFO             PET0     esm: IInitAdvertise extro.
20230324 063242.023 INFO             PET0     ATM: InitializeIPDvXp01 intro.
20230324 063242.027 INFO             PET0     ATM: InitializeIPDvXp01 extro.
20230324 063242.031 INFO             PET0     ATM-TO-OCN: InitializeIPDv05p1 intro.
20230324 063242.039 INFO             PET0       ATM-TO-OCN: importState FieldTransferPolicy = transferNone
20230324 063242.039 INFO             PET0       ATM-TO-OCN: exportState FieldTransferPolicy = transferNone
20230324 063242.039 INFO             PET0     ATM-TO-OCN: InitializeIPDv05p1 extro.
20230324 063242.039 INFO             PET0     ATM-TO-RTM: InitializeIPDv05p1 intro.
20230324 063242.045 INFO             PET0       ATM-TO-RTM: importState FieldTransferPolicy = transferNone
20230324 063242.045 INFO             PET0       ATM-TO-RTM: exportState FieldTransferPolicy = transferNone
20230324 063242.045 INFO             PET0     ATM-TO-RTM: InitializeIPDv05p1 extro.
20230324 063242.046 INFO             PET0     OCN-TO-ATM: InitializeIPDv05p1 intro.
20230324 063242.050 INFO             PET0       OCN-TO-ATM: importState FieldTransferPolicy = transferNone
20230324 063242.050 INFO             PET0       OCN-TO-ATM: exportState FieldTransferPolicy = transferNone
20230324 063242.050 INFO             PET0     OCN-TO-ATM: InitializeIPDv05p1 extro.
20230324 063242.050 INFO             PET0     esm: IInitAdvertiseFinish intro.
20230324 063242.050 INFO             PET0     esm: IInitAdvertiseFinish extro.
20230324 063242.051 INFO             PET0     ATM-TO-OCN: InitializeIPDv05p2a intro.
20230324 063242.064 INFO             PET0       ATM-TO-OCN:      importStandardNameList(i=  2): air_pressure_at_sea_level
20230324 063242.064 INFO             PET0       ATM-TO-OCN:         importNamespaceList(i=  2): ATM
20230324 063242.064 INFO             PET0       ATM-TO-OCN:            importCplSetList(i=  2): __UNSPECIFIED__
20230324 063242.064 INFO             PET0       ATM-TO-OCN:      exportStandardNameList(j=  2): air_pressure_at_sea_level
20230324 063242.064 INFO             PET0       ATM-TO-OCN:         exportNamespaceList(j=  2): OCN
20230324 063242.065 INFO             PET0       ATM-TO-OCN:            exportCplSetList(j=  2): __UNSPECIFIED__
20230324 063242.065 INFO             PET0       ATM-TO-OCN: bondLevel= 1
20230324 063242.065 INFO             PET0       ATM-TO-OCN: ProducerConnection (bondLevelMax):         1
20230324 063242.065 INFO             PET0       ATM-TO-OCN:      importStandardNameList(i=  3): surface_net_downward_shortwave_flux
20230324 063242.065 INFO             PET0       ATM-TO-OCN:         importNamespaceList(i=  3): ATM
20230324 063242.065 INFO             PET0       ATM-TO-OCN:            importCplSetList(i=  3): __UNSPECIFIED__
20230324 063242.065 INFO             PET0       ATM-TO-OCN:      exportStandardNameList(j=  3): surface_net_downward_shortwave_flux
20230324 063242.065 INFO             PET0       ATM-TO-OCN:         exportNamespaceList(j=  3): OCN
20230324 063242.065 INFO             PET0       ATM-TO-OCN:            exportCplSetList(j=  3): __UNSPECIFIED__
20230324 063242.065 INFO             PET0       ATM-TO-OCN: bondLevel= 1
20230324 063242.065 INFO             PET0       ATM-TO-OCN: ProducerConnection (bondLevelMax):         1
20230324 063242.065 INFO             PET0     ATM-TO-OCN: InitializeIPDv05p2a extro.
20230324 063242.065 INFO             PET0     ATM-TO-RTM: InitializeIPDv05p2a intro.
20230324 063242.071 INFO             PET0       ATM-TO-RTM:      importStandardNameList(i=  1): field_to_rtm
20230324 063242.071 INFO             PET0       ATM-TO-RTM:         importNamespaceList(i=  1): ATM
20230324 063242.071 INFO             PET0       ATM-TO-RTM:            importCplSetList(i=  1): __UNSPECIFIED__
20230324 063242.071 INFO             PET0       ATM-TO-RTM:      exportStandardNameList(j=  1): field_to_rtm
20230324 063242.071 INFO             PET0       ATM-TO-RTM:         exportNamespaceList(j=  1): RTM
20230324 063242.071 INFO             PET0       ATM-TO-RTM:            exportCplSetList(j=  1): __UNSPECIFIED__
20230324 063242.071 INFO             PET0       ATM-TO-RTM: bondLevel= 1
20230324 063242.071 INFO             PET0       ATM-TO-RTM: ProducerConnection (bondLevelMax):         1
20230324 063242.071 INFO             PET0     ATM-TO-RTM: InitializeIPDv05p2a extro.
20230324 063242.071 INFO             PET0     OCN-TO-ATM: InitializeIPDv05p2a intro.
20230324 063242.076 INFO             PET0       OCN-TO-ATM:      importStandardNameList(i=  1): sea_surface_temperature
20230324 063242.076 INFO             PET0       OCN-TO-ATM:         importNamespaceList(i=  1): OCN
20230324 063242.076 INFO             PET0       OCN-TO-ATM:            importCplSetList(i=  1): __UNSPECIFIED__
20230324 063242.076 INFO             PET0       OCN-TO-ATM:      exportStandardNameList(j=  1): sea_surface_temperature
20230324 063242.076 INFO             PET0       OCN-TO-ATM:         exportNamespaceList(j=  1): ATM
20230324 063242.076 INFO             PET0       OCN-TO-ATM:            exportCplSetList(j=  1): __UNSPECIFIED__
20230324 063242.076 INFO             PET0       OCN-TO-ATM: bondLevel= 1
20230324 063242.076 INFO             PET0       OCN-TO-ATM: ProducerConnection (bondLevelMax):         1
20230324 063242.076 INFO             PET0     OCN-TO-ATM: InitializeIPDv05p2a extro.
20230324 063242.076 INFO             PET0     ATM-TO-OCN: InitializeIPDv05p2b intro.
20230324 063242.090 INFO             PET0       ATM-TO-OCN:      importStandardNameList(i=  2): air_pressure_at_sea_level
20230324 063242.090 INFO             PET0       ATM-TO-OCN:         importNamespaceList(i=  2): ATM
20230324 063242.090 INFO             PET0       ATM-TO-OCN:            importCplSetList(i=  2): __UNSPECIFIED__
20230324 063242.090 INFO             PET0       ATM-TO-OCN:      exportStandardNameList(j=  2): air_pressure_at_sea_level
20230324 063242.090 INFO             PET0       ATM-TO-OCN:         exportNamespaceList(j=  2): OCN
20230324 063242.090 INFO             PET0       ATM-TO-OCN:            exportCplSetList(j=  2): __UNSPECIFIED__
20230324 063242.090 INFO             PET0       ATM-TO-OCN: bondLevel= 1
20230324 063242.090 INFO             PET0       ATM-TO-OCN: => added cplList(  1)=air_pressure_at_sea_level, cplSetList(  1)=__UNSPECIFIED__
20230324 063242.090 INFO             PET0       ATM-TO-OCN:      importStandardNameList(i=  3): surface_net_downward_shortwave_flux
20230324 063242.090 INFO             PET0       ATM-TO-OCN:         importNamespaceList(i=  3): ATM
20230324 063242.090 INFO             PET0       ATM-TO-OCN:            importCplSetList(i=  3): __UNSPECIFIED__
20230324 063242.090 INFO             PET0       ATM-TO-OCN:      exportStandardNameList(j=  3): surface_net_downward_shortwave_flux
20230324 063242.090 INFO             PET0       ATM-TO-OCN:         exportNamespaceList(j=  3): OCN
20230324 063242.090 INFO             PET0       ATM-TO-OCN:            exportCplSetList(j=  3): __UNSPECIFIED__
20230324 063242.090 INFO             PET0       ATM-TO-OCN: bondLevel= 1
20230324 063242.090 INFO             PET0       ATM-TO-OCN: => added cplList(  2)=surface_net_downward_shortwave_flux, cplSetList(  2)=__UNSPECIFIED__
20230324 063242.090 INFO             PET0     ATM-TO-OCN: InitializeIPDv05p2b extro.
20230324 063242.091 INFO             PET0     ATM-TO-RTM: InitializeIPDv05p2b intro.
20230324 063242.097 INFO             PET0       ATM-TO-RTM:      importStandardNameList(i=  1): field_to_rtm
20230324 063242.097 INFO             PET0       ATM-TO-RTM:         importNamespaceList(i=  1): ATM
20230324 063242.097 INFO             PET0       ATM-TO-RTM:            importCplSetList(i=  1): __UNSPECIFIED__
20230324 063242.097 INFO             PET0       ATM-TO-RTM:      exportStandardNameList(j=  1): field_to_rtm
20230324 063242.097 INFO             PET0       ATM-TO-RTM:         exportNamespaceList(j=  1): RTM
20230324 063242.097 INFO             PET0       ATM-TO-RTM:            exportCplSetList(j=  1): __UNSPECIFIED__
20230324 063242.097 INFO             PET0       ATM-TO-RTM: bondLevel= 1
20230324 063242.097 INFO             PET0       ATM-TO-RTM: => added cplList(  1)=field_to_rtm, cplSetList(  1)=__UNSPECIFIED__
20230324 063242.097 INFO             PET0     ATM-TO-RTM: InitializeIPDv05p2b extro.
20230324 063242.097 INFO             PET0     OCN-TO-ATM: InitializeIPDv05p2b intro.
20230324 063242.101 INFO             PET0       OCN-TO-ATM:      importStandardNameList(i=  1): sea_surface_temperature
20230324 063242.101 INFO             PET0       OCN-TO-ATM:         importNamespaceList(i=  1): OCN
20230324 063242.101 INFO             PET0       OCN-TO-ATM:            importCplSetList(i=  1): __UNSPECIFIED__
20230324 063242.101 INFO             PET0       OCN-TO-ATM:      exportStandardNameList(j=  1): sea_surface_temperature
20230324 063242.101 INFO             PET0       OCN-TO-ATM:         exportNamespaceList(j=  1): ATM
20230324 063242.101 INFO             PET0       OCN-TO-ATM:            exportCplSetList(j=  1): __UNSPECIFIED__
20230324 063242.101 INFO             PET0       OCN-TO-ATM: bondLevel= 1
20230324 063242.101 INFO             PET0       OCN-TO-ATM: => added cplList(  1)=sea_surface_temperature, cplSetList(  1)=__UNSPECIFIED__
20230324 063242.102 INFO             PET0     OCN-TO-ATM: InitializeIPDv05p2b extro.
20230324 063242.102 INFO             PET0     esm: IInitModifyCplLists intro.
20230324 063242.102 INFO             PET0     esm: IInitModifyCplLists extro.
20230324 063242.102 INFO             PET0     ATM-TO-OCN: InitializeIPDv05p3 intro.
20230324 063242.117 INFO             PET0       ATM-TO-OCN: handle cplList(1): air_pressure_at_sea_level, cplSetList(1): __UNSPECIFIED__
20230324 063242.117 INFO             PET0       ATM-TO-OCN: - connected.
20230324 063242.117 INFO             PET0       ATM-TO-OCN: - both sides must provide the Field/GeomObject.
20230324 063242.117 INFO             PET0       ATM-TO-OCN: handle cplList(2): surface_net_downward_shortwave_flux, cplSetList(2): __UNSPECIFIED__
20230324 063242.117 INFO             PET0       ATM-TO-OCN: - connected.
20230324 063242.117 INFO             PET0       ATM-TO-OCN: - both sides must provide the Field/GeomObject.
20230324 063242.117 INFO             PET0     ATM-TO-OCN: InitializeIPDv05p3 extro.
20230324 063242.117 INFO             PET0     ATM-TO-RTM: InitializeIPDv05p3 intro.
20230324 063242.124 INFO             PET0       ATM-TO-RTM: handle cplList(1): field_to_rtm, cplSetList(1): __UNSPECIFIED__
20230324 063242.124 INFO             PET0       ATM-TO-RTM: - connected.
20230324 063242.124 INFO             PET0       ATM-TO-RTM: - both sides must provide the Field/GeomObject.
20230324 063242.124 INFO             PET0     ATM-TO-RTM: InitializeIPDv05p3 extro.
20230324 063242.124 INFO             PET0     OCN-TO-ATM: InitializeIPDv05p3 intro.
20230324 063242.129 INFO             PET0       OCN-TO-ATM: handle cplList(1): sea_surface_temperature, cplSetList(1): __UNSPECIFIED__
20230324 063242.129 INFO             PET0       OCN-TO-ATM: - connected.
20230324 063242.129 INFO             PET0       OCN-TO-ATM: - both sides must provide the Field/GeomObject.
20230324 063242.129 INFO             PET0     OCN-TO-ATM: InitializeIPDv05p3 extro.
20230324 063242.129 INFO             PET0     <<<esm: leaving Initialize (phase=<none>) with current time: 2010  6  1  0  0  0   0
20230324 063242.129 INFO             PET0   esm: InitializeIPDv02p1 extro.
20230324 063242.129 INFO             PET0   esm: InitializeIPDv02p3 intro.
20230324 063242.129 INFO             PET0     >>>esm: entered Initialize (phase=<none>) with current time: 2010  6  1  0  0  0   0
20230324 063242.130 INFO             PET0     esm: IInitCheck intro.
20230324 063242.130 INFO             PET0     esm: IInitCheck extro.
20230324 063242.130 INFO             PET0     ATM: InitializeIPDvXp04 intro.
20230324 063242.137 INFO             PET0     ATM: InitializeIPDvXp04 extro.
20230324 063242.146 INFO             PET0     ATM-TO-OCN: InitializeIPDv05p4 intro.
20230324 063242.160 INFO             PET0       ATM-TO-OCN: handle cplList(1): air_pressure_at_sea_level, cplSetList(1): __UNSPECIFIED__
20230324 063242.160 INFO             PET0       ATM-TO-OCN: - nothing shared or transferred
20230324 063242.160 INFO             PET0       ATM-TO-OCN: handle cplList(2): surface_net_downward_shortwave_flux, cplSetList(2): __UNSPECIFIED__
20230324 063242.160 INFO             PET0       ATM-TO-OCN: - nothing shared or transferred
20230324 063242.160 INFO             PET0     ATM-TO-OCN: InitializeIPDv05p4 extro.
20230324 063242.161 INFO             PET0     ATM-TO-RTM: InitializeIPDv05p4 intro.
20230324 063242.171 INFO             PET0       ATM-TO-RTM: handle cplList(1): field_to_rtm, cplSetList(1): __UNSPECIFIED__
20230324 063242.171 INFO             PET0       ATM-TO-RTM: - nothing shared or transferred
20230324 063242.171 INFO             PET0     ATM-TO-RTM: InitializeIPDv05p4 extro.
20230324 063242.171 INFO             PET0     OCN-TO-ATM: InitializeIPDv05p4 intro.
20230324 063242.177 INFO             PET0       OCN-TO-ATM: handle cplList(1): sea_surface_temperature, cplSetList(1): __UNSPECIFIED__
20230324 063242.178 INFO             PET0       OCN-TO-ATM: - nothing shared or transferred
20230324 063242.178 INFO             PET0     OCN-TO-ATM: InitializeIPDv05p4 extro.
20230324 063242.178 INFO             PET0     ATM-TO-OCN: InitializeIPDv05p5 intro.
20230324 063242.201 INFO             PET0       ATM-TO-OCN: handle cplList(1): air_pressure_at_sea_level, cplSetList(1): __UNSPECIFIED__
20230324 063242.201 INFO             PET0       ATM-TO-OCN: - nothing shared or transferred, or may already be handled
20230324 063242.201 INFO             PET0       ATM-TO-OCN: handle cplList(2): surface_net_downward_shortwave_flux, cplSetList(2): __UNSPECIFIED__
20230324 063242.201 INFO             PET0       ATM-TO-OCN: - nothing shared or transferred, or may already be handled
20230324 063242.201 INFO             PET0     ATM-TO-OCN: InitializeIPDv05p5 extro.
20230324 063242.202 INFO             PET0     ATM-TO-RTM: InitializeIPDv05p5 intro.
20230324 063242.212 INFO             PET0       ATM-TO-RTM: handle cplList(1): field_to_rtm, cplSetList(1): __UNSPECIFIED__
20230324 063242.212 INFO             PET0       ATM-TO-RTM: - nothing shared or transferred, or may already be handled
20230324 063242.212 INFO             PET0     ATM-TO-RTM: InitializeIPDv05p5 extro.
20230324 063242.212 INFO             PET0     OCN-TO-ATM: InitializeIPDv05p5 intro.
20230324 063242.219 INFO             PET0       OCN-TO-ATM: handle cplList(1): sea_surface_temperature, cplSetList(1): __UNSPECIFIED__
20230324 063242.219 INFO             PET0       OCN-TO-ATM: - nothing shared or transferred, or may already be handled
20230324 063242.219 INFO             PET0     OCN-TO-ATM: InitializeIPDv05p5 extro.
20230324 063242.219 INFO             PET0     esm: IInitRealize intro.
20230324 063242.219 INFO             PET0     esm: IInitRealize extro.
20230324 063242.219 INFO             PET0     ATM-TO-OCN: InitializeIPDv05p6a intro.
20230324 063242.242 INFO             PET0     ATM-TO-OCN: InitializeIPDv05p6a extro.
20230324 063242.242 INFO             PET0     ATM-TO-RTM: InitializeIPDv05p6a intro.
20230324 063242.252 INFO             PET0     ATM-TO-RTM: InitializeIPDv05p6a extro.
20230324 063242.252 INFO             PET0     OCN-TO-ATM: InitializeIPDv05p6a intro.
20230324 063242.258 INFO             PET0     OCN-TO-ATM: InitializeIPDv05p6a extro.
20230324 063242.259 INFO             PET0     ATM-TO-OCN: InitializeIPDv05p6b intro.
20230324 063242.259 INFO             PET0       ATM-TO-OCN: handle cplList(1): air_pressure_at_sea_level, cplSetList(1): __UNSPECIFIED__
20230324 063242.259 INFO             PET0       ATM-TO-OCN: - no Field sharing between import and export side: remap.
20230324 063242.259 INFO             PET0       ATM-TO-OCN: handle cplList(2): surface_net_downward_shortwave_flux, cplSetList(2): __UNSPECIFIED__
20230324 063242.260 INFO             PET0       ATM-TO-OCN: - no Field sharing between import and export side: remap.
20230324 063242.260 DEBUG            PET0       ESMF_FieldBundleRegridStorePair(): Inside 'rhReuse' branch!
20230324 063241.961 INFO             PET1 !!!!!!!!!!!!!!!!!!!!!!!!!!!!!!!!!!!!!!!!!!!!!!!!!!!!!!
20230324 063241.961 INFO             PET1 !!! THE ESMF_LOG IS SET TO OUTPUT ALL LOG MESSAGES !!!
20230324 063241.961 INFO             PET1 !!!     THIS MAY CAUSE SLOWDOWN IN PERFORMANCE     !!!
20230324 063241.961 INFO             PET1 !!! FOR PRODUCTION RUNS, USE:                      !!!
20230324 063241.961 INFO             PET1 !!!                   ESMF_LOGKIND_Multi_On_Error  !!!
20230324 063241.961 INFO             PET1 !!!!!!!!!!!!!!!!!!!!!!!!!!!!!!!!!!!!!!!!!!!!!!!!!!!!!!
20230324 063241.961 INFO             PET1 Running with ESMF Version   : v8.5.0b18-5-ge74a33b91d
20230324 063241.961 INFO             PET1 ESMF library build date/time: "Mar 24 2023" "04:57:07"
20230324 063241.961 INFO             PET1 ESMF library build location : /glade/scratch/theurich/ESMF-Nightly-Testing/nvhpc_22.2_mpt_g_develop/esmf
20230324 063241.961 INFO             PET1 ESMF_COMM                   : mpt
20230324 063241.962 INFO             PET1 ESMF_MOAB                   : enabled
20230324 063241.962 INFO             PET1 ESMF_LAPACK                 : enabled
20230324 063241.962 INFO             PET1 ESMF_NETCDF                 : enabled
20230324 063241.962 INFO             PET1 ESMF_PNETCDF                : disabled
20230324 063241.962 INFO             PET1 ESMF_PIO                    : enabled
20230324 063241.962 INFO             PET1 ESMF_YAMLCPP                : enabled
20230324 063241.962 INFO             PET1 esmApp STARTING
20230324 063241.968 INFO             PET1 esm: InitializeGeneric intro.
20230324 063241.968 INFO             PET1   esm: InitializeP0 intro.
20230324 063241.968 INFO             PET1   esm: InitializeP0 extro.
20230324 063241.968 INFO             PET1   esm: InitializeIPDv02p1 intro.
20230324 063241.969 INFO             PET1     >>>esm: entered Initialize (phase=<none>) without valid internal Clock.
20230324 063241.969 INFO             PET1     esm - Creating model component ATM with petList of size 2 :
20230324 063241.969 INFO             PET1           0      1
20230324 063241.972 INFO             PET1     esm - Creating model component OCN with petList of size 1 :
20230324 063241.972 INFO             PET1           2
20230324 063241.973 INFO             PET1     esm - Creating model component RTM with petList of size 1 :
20230324 063241.973 INFO             PET1           3
20230324 063241.973 INFO             PET1     esm - Creating state: modelComp 1 Import State
20230324 063241.973 INFO             PET1     esm - Creating state: modelComp 1 Export State
20230324 063241.973 INFO             PET1     esm - Creating state: modelComp 2 Import State
20230324 063241.973 INFO             PET1     esm - Creating state: modelComp 2 Export State
20230324 063241.974 INFO             PET1     esm - Creating state: modelComp 3 Import State
20230324 063241.974 INFO             PET1     esm - Creating state: modelComp 3 Export State
20230324 063241.975 INFO             PET1     ATM: InitializeP0 intro.
20230324 063241.977 INFO             PET1     ATM: InitializeP0 extro.
20230324 063241.981 INFO             PET1     esm - Creating connector component ATM-TO-RTM with petList of size 3 :
20230324 063241.981 INFO             PET1           0      1      3
20230324 063241.990 INFO             PET1     esm - Setting Verbosity on created component to: high
20230324 063241.990 INFO             PET1     esm - Setting Profiling on created component to:          0
20230324 063241.990 INFO             PET1     esm - Creating connector component RTM-TO-OCN with petList of size 2 :
20230324 063241.990 INFO             PET1           3      2
20230324 063241.999 INFO             PET1     esm - Setting Verbosity on created component to: high
20230324 063241.999 INFO             PET1     esm - Setting Profiling on created component to:          0
20230324 063241.999 INFO             PET1     esm - Creating connector component ATM-TO-OCN with petList of size 3 :
20230324 063241.999 INFO             PET1           0      1      2
20230324 063242.010 INFO             PET1     esm - Setting Verbosity on created component to: high
20230324 063242.010 INFO             PET1     esm - Setting Profiling on created component to:          0
20230324 063242.010 INFO             PET1     esm - Creating connector component OCN-TO-ATM with petList of size 3 :
20230324 063242.010 INFO             PET1           2      0      1
20230324 063242.019 INFO             PET1     esm - Setting Verbosity on created component to: high
20230324 063242.019 INFO             PET1     esm - Setting Profiling on created component to:          0
20230324 063242.023 INFO             PET1     esm: IInitAdvertise intro.
20230324 063242.023 INFO             PET1     esm: IInitAdvertise extro.
20230324 063242.023 INFO             PET1     ATM: InitializeIPDvXp01 intro.
20230324 063242.027 INFO             PET1     ATM: InitializeIPDvXp01 extro.
20230324 063242.031 INFO             PET1     ATM-TO-OCN: InitializeIPDv05p1 intro.
20230324 063242.039 INFO             PET1       ATM-TO-OCN: importState FieldTransferPolicy = transferNone
20230324 063242.039 INFO             PET1       ATM-TO-OCN: exportState FieldTransferPolicy = transferNone
20230324 063242.039 INFO             PET1     ATM-TO-OCN: InitializeIPDv05p1 extro.
20230324 063242.039 INFO             PET1     ATM-TO-RTM: InitializeIPDv05p1 intro.
20230324 063242.045 INFO             PET1       ATM-TO-RTM: importState FieldTransferPolicy = transferNone
20230324 063242.045 INFO             PET1       ATM-TO-RTM: exportState FieldTransferPolicy = transferNone
20230324 063242.045 INFO             PET1     ATM-TO-RTM: InitializeIPDv05p1 extro.
20230324 063242.046 INFO             PET1     OCN-TO-ATM: InitializeIPDv05p1 intro.
20230324 063242.050 INFO             PET1       OCN-TO-ATM: importState FieldTransferPolicy = transferNone
20230324 063242.050 INFO             PET1       OCN-TO-ATM: exportState FieldTransferPolicy = transferNone
20230324 063242.050 INFO             PET1     OCN-TO-ATM: InitializeIPDv05p1 extro.
20230324 063242.050 INFO             PET1     esm: IInitAdvertiseFinish intro.
20230324 063242.050 INFO             PET1     esm: IInitAdvertiseFinish extro.
20230324 063242.051 INFO             PET1     ATM-TO-OCN: InitializeIPDv05p2a intro.
20230324 063242.064 INFO             PET1       ATM-TO-OCN:      importStandardNameList(i=  2): air_pressure_at_sea_level
20230324 063242.064 INFO             PET1       ATM-TO-OCN:         importNamespaceList(i=  2): ATM
20230324 063242.064 INFO             PET1       ATM-TO-OCN:            importCplSetList(i=  2): __UNSPECIFIED__
20230324 063242.064 INFO             PET1       ATM-TO-OCN:      exportStandardNameList(j=  2): air_pressure_at_sea_level
20230324 063242.064 INFO             PET1       ATM-TO-OCN:         exportNamespaceList(j=  2): OCN
20230324 063242.065 INFO             PET1       ATM-TO-OCN:            exportCplSetList(j=  2): __UNSPECIFIED__
20230324 063242.065 INFO             PET1       ATM-TO-OCN: bondLevel= 1
20230324 063242.065 INFO             PET1       ATM-TO-OCN: ProducerConnection (bondLevelMax):         1
20230324 063242.065 INFO             PET1       ATM-TO-OCN:      importStandardNameList(i=  3): surface_net_downward_shortwave_flux
20230324 063242.065 INFO             PET1       ATM-TO-OCN:         importNamespaceList(i=  3): ATM
20230324 063242.065 INFO             PET1       ATM-TO-OCN:            importCplSetList(i=  3): __UNSPECIFIED__
20230324 063242.065 INFO             PET1       ATM-TO-OCN:      exportStandardNameList(j=  3): surface_net_downward_shortwave_flux
20230324 063242.065 INFO             PET1       ATM-TO-OCN:         exportNamespaceList(j=  3): OCN
20230324 063242.065 INFO             PET1       ATM-TO-OCN:            exportCplSetList(j=  3): __UNSPECIFIED__
20230324 063242.065 INFO             PET1       ATM-TO-OCN: bondLevel= 1
20230324 063242.065 INFO             PET1       ATM-TO-OCN: ProducerConnection (bondLevelMax):         1
20230324 063242.065 INFO             PET1     ATM-TO-OCN: InitializeIPDv05p2a extro.
20230324 063242.065 INFO             PET1     ATM-TO-RTM: InitializeIPDv05p2a intro.
20230324 063242.071 INFO             PET1       ATM-TO-RTM:      importStandardNameList(i=  1): field_to_rtm
20230324 063242.071 INFO             PET1       ATM-TO-RTM:         importNamespaceList(i=  1): ATM
20230324 063242.071 INFO             PET1       ATM-TO-RTM:            importCplSetList(i=  1): __UNSPECIFIED__
20230324 063242.071 INFO             PET1       ATM-TO-RTM:      exportStandardNameList(j=  1): field_to_rtm
20230324 063242.071 INFO             PET1       ATM-TO-RTM:         exportNamespaceList(j=  1): RTM
20230324 063242.071 INFO             PET1       ATM-TO-RTM:            exportCplSetList(j=  1): __UNSPECIFIED__
20230324 063242.071 INFO             PET1       ATM-TO-RTM: bondLevel= 1
20230324 063242.071 INFO             PET1       ATM-TO-RTM: ProducerConnection (bondLevelMax):         1
20230324 063242.071 INFO             PET1     ATM-TO-RTM: InitializeIPDv05p2a extro.
20230324 063242.071 INFO             PET1     OCN-TO-ATM: InitializeIPDv05p2a intro.
20230324 063242.076 INFO             PET1       OCN-TO-ATM:      importStandardNameList(i=  1): sea_surface_temperature
20230324 063242.076 INFO             PET1       OCN-TO-ATM:         importNamespaceList(i=  1): OCN
20230324 063242.076 INFO             PET1       OCN-TO-ATM:            importCplSetList(i=  1): __UNSPECIFIED__
20230324 063242.076 INFO             PET1       OCN-TO-ATM:      exportStandardNameList(j=  1): sea_surface_temperature
20230324 063242.076 INFO             PET1       OCN-TO-ATM:         exportNamespaceList(j=  1): ATM
20230324 063242.076 INFO             PET1       OCN-TO-ATM:            exportCplSetList(j=  1): __UNSPECIFIED__
20230324 063242.076 INFO             PET1       OCN-TO-ATM: bondLevel= 1
20230324 063242.076 INFO             PET1       OCN-TO-ATM: ProducerConnection (bondLevelMax):         1
20230324 063242.076 INFO             PET1     OCN-TO-ATM: InitializeIPDv05p2a extro.
20230324 063242.076 INFO             PET1     ATM-TO-OCN: InitializeIPDv05p2b intro.
20230324 063242.090 INFO             PET1       ATM-TO-OCN:      importStandardNameList(i=  2): air_pressure_at_sea_level
20230324 063242.090 INFO             PET1       ATM-TO-OCN:         importNamespaceList(i=  2): ATM
20230324 063242.090 INFO             PET1       ATM-TO-OCN:            importCplSetList(i=  2): __UNSPECIFIED__
20230324 063242.090 INFO             PET1       ATM-TO-OCN:      exportStandardNameList(j=  2): air_pressure_at_sea_level
20230324 063242.090 INFO             PET1       ATM-TO-OCN:         exportNamespaceList(j=  2): OCN
20230324 063242.090 INFO             PET1       ATM-TO-OCN:            exportCplSetList(j=  2): __UNSPECIFIED__
20230324 063242.090 INFO             PET1       ATM-TO-OCN: bondLevel= 1
20230324 063242.090 INFO             PET1       ATM-TO-OCN: => added cplList(  1)=air_pressure_at_sea_level, cplSetList(  1)=__UNSPECIFIED__
20230324 063242.090 INFO             PET1       ATM-TO-OCN:      importStandardNameList(i=  3): surface_net_downward_shortwave_flux
20230324 063242.090 INFO             PET1       ATM-TO-OCN:         importNamespaceList(i=  3): ATM
20230324 063242.090 INFO             PET1       ATM-TO-OCN:            importCplSetList(i=  3): __UNSPECIFIED__
20230324 063242.090 INFO             PET1       ATM-TO-OCN:      exportStandardNameList(j=  3): surface_net_downward_shortwave_flux
20230324 063242.090 INFO             PET1       ATM-TO-OCN:         exportNamespaceList(j=  3): OCN
20230324 063242.090 INFO             PET1       ATM-TO-OCN:            exportCplSetList(j=  3): __UNSPECIFIED__
20230324 063242.090 INFO             PET1       ATM-TO-OCN: bondLevel= 1
20230324 063242.090 INFO             PET1       ATM-TO-OCN: => added cplList(  2)=surface_net_downward_shortwave_flux, cplSetList(  2)=__UNSPECIFIED__
20230324 063242.090 INFO             PET1     ATM-TO-OCN: InitializeIPDv05p2b extro.
20230324 063242.091 INFO             PET1     ATM-TO-RTM: InitializeIPDv05p2b intro.
20230324 063242.097 INFO             PET1       ATM-TO-RTM:      importStandardNameList(i=  1): field_to_rtm
20230324 063242.097 INFO             PET1       ATM-TO-RTM:         importNamespaceList(i=  1): ATM
20230324 063242.097 INFO             PET1       ATM-TO-RTM:            importCplSetList(i=  1): __UNSPECIFIED__
20230324 063242.097 INFO             PET1       ATM-TO-RTM:      exportStandardNameList(j=  1): field_to_rtm
20230324 063242.097 INFO             PET1       ATM-TO-RTM:         exportNamespaceList(j=  1): RTM
20230324 063242.097 INFO             PET1       ATM-TO-RTM:            exportCplSetList(j=  1): __UNSPECIFIED__
20230324 063242.097 INFO             PET1       ATM-TO-RTM: bondLevel= 1
20230324 063242.097 INFO             PET1       ATM-TO-RTM: => added cplList(  1)=field_to_rtm, cplSetList(  1)=__UNSPECIFIED__
20230324 063242.097 INFO             PET1     ATM-TO-RTM: InitializeIPDv05p2b extro.
20230324 063242.097 INFO             PET1     OCN-TO-ATM: InitializeIPDv05p2b intro.
20230324 063242.101 INFO             PET1       OCN-TO-ATM:      importStandardNameList(i=  1): sea_surface_temperature
20230324 063242.101 INFO             PET1       OCN-TO-ATM:         importNamespaceList(i=  1): OCN
20230324 063242.101 INFO             PET1       OCN-TO-ATM:            importCplSetList(i=  1): __UNSPECIFIED__
20230324 063242.101 INFO             PET1       OCN-TO-ATM:      exportStandardNameList(j=  1): sea_surface_temperature
20230324 063242.101 INFO             PET1       OCN-TO-ATM:         exportNamespaceList(j=  1): ATM
20230324 063242.101 INFO             PET1       OCN-TO-ATM:            exportCplSetList(j=  1): __UNSPECIFIED__
20230324 063242.101 INFO             PET1       OCN-TO-ATM: bondLevel= 1
20230324 063242.101 INFO             PET1       OCN-TO-ATM: => added cplList(  1)=sea_surface_temperature, cplSetList(  1)=__UNSPECIFIED__
20230324 063242.102 INFO             PET1     OCN-TO-ATM: InitializeIPDv05p2b extro.
20230324 063242.102 INFO             PET1     esm: IInitModifyCplLists intro.
20230324 063242.102 INFO             PET1     esm: IInitModifyCplLists extro.
20230324 063242.102 INFO             PET1     ATM-TO-OCN: InitializeIPDv05p3 intro.
20230324 063242.117 INFO             PET1       ATM-TO-OCN: handle cplList(1): air_pressure_at_sea_level, cplSetList(1): __UNSPECIFIED__
20230324 063242.117 INFO             PET1       ATM-TO-OCN: - connected.
20230324 063242.117 INFO             PET1       ATM-TO-OCN: - both sides must provide the Field/GeomObject.
20230324 063242.117 INFO             PET1       ATM-TO-OCN: handle cplList(2): surface_net_downward_shortwave_flux, cplSetList(2): __UNSPECIFIED__
20230324 063242.117 INFO             PET1       ATM-TO-OCN: - connected.
20230324 063242.117 INFO             PET1       ATM-TO-OCN: - both sides must provide the Field/GeomObject.
20230324 063242.117 INFO             PET1     ATM-TO-OCN: InitializeIPDv05p3 extro.
20230324 063242.117 INFO             PET1     ATM-TO-RTM: InitializeIPDv05p3 intro.
20230324 063242.124 INFO             PET1       ATM-TO-RTM: handle cplList(1): field_to_rtm, cplSetList(1): __UNSPECIFIED__
20230324 063242.124 INFO             PET1       ATM-TO-RTM: - connected.
20230324 063242.124 INFO             PET1       ATM-TO-RTM: - both sides must provide the Field/GeomObject.
20230324 063242.124 INFO             PET1     ATM-TO-RTM: InitializeIPDv05p3 extro.
20230324 063242.124 INFO             PET1     OCN-TO-ATM: InitializeIPDv05p3 intro.
20230324 063242.129 INFO             PET1       OCN-TO-ATM: handle cplList(1): sea_surface_temperature, cplSetList(1): __UNSPECIFIED__
20230324 063242.129 INFO             PET1       OCN-TO-ATM: - connected.
20230324 063242.129 INFO             PET1       OCN-TO-ATM: - both sides must provide the Field/GeomObject.
20230324 063242.129 INFO             PET1     OCN-TO-ATM: InitializeIPDv05p3 extro.
20230324 063242.129 INFO             PET1     <<<esm: leaving Initialize (phase=<none>) with current time: 2010  6  1  0  0  0   0
20230324 063242.129 INFO             PET1   esm: InitializeIPDv02p1 extro.
20230324 063242.129 INFO             PET1   esm: InitializeIPDv02p3 intro.
20230324 063242.129 INFO             PET1     >>>esm: entered Initialize (phase=<none>) with current time: 2010  6  1  0  0  0   0
20230324 063242.130 INFO             PET1     esm: IInitCheck intro.
20230324 063242.130 INFO             PET1     esm: IInitCheck extro.
20230324 063242.130 INFO             PET1     ATM: InitializeIPDvXp04 intro.
20230324 063242.137 INFO             PET1     ATM: InitializeIPDvXp04 extro.
20230324 063242.146 INFO             PET1     ATM-TO-OCN: InitializeIPDv05p4 intro.
20230324 063242.160 INFO             PET1       ATM-TO-OCN: handle cplList(1): air_pressure_at_sea_level, cplSetList(1): __UNSPECIFIED__
20230324 063242.160 INFO             PET1       ATM-TO-OCN: - nothing shared or transferred
20230324 063242.160 INFO             PET1       ATM-TO-OCN: handle cplList(2): surface_net_downward_shortwave_flux, cplSetList(2): __UNSPECIFIED__
20230324 063242.160 INFO             PET1       ATM-TO-OCN: - nothing shared or transferred
20230324 063242.160 INFO             PET1     ATM-TO-OCN: InitializeIPDv05p4 extro.
20230324 063242.161 INFO             PET1     ATM-TO-RTM: InitializeIPDv05p4 intro.
20230324 063242.171 INFO             PET1       ATM-TO-RTM: handle cplList(1): field_to_rtm, cplSetList(1): __UNSPECIFIED__
20230324 063242.171 INFO             PET1       ATM-TO-RTM: - nothing shared or transferred
20230324 063242.171 INFO             PET1     ATM-TO-RTM: InitializeIPDv05p4 extro.
20230324 063242.171 INFO             PET1     OCN-TO-ATM: InitializeIPDv05p4 intro.
20230324 063242.177 INFO             PET1       OCN-TO-ATM: handle cplList(1): sea_surface_temperature, cplSetList(1): __UNSPECIFIED__
20230324 063242.178 INFO             PET1       OCN-TO-ATM: - nothing shared or transferred
20230324 063242.178 INFO             PET1     OCN-TO-ATM: InitializeIPDv05p4 extro.
20230324 063242.178 INFO             PET1     ATM-TO-OCN: InitializeIPDv05p5 intro.
20230324 063242.201 INFO             PET1       ATM-TO-OCN: handle cplList(1): air_pressure_at_sea_level, cplSetList(1): __UNSPECIFIED__
20230324 063242.201 INFO             PET1       ATM-TO-OCN: - nothing shared or transferred, or may already be handled
20230324 063242.201 INFO             PET1       ATM-TO-OCN: handle cplList(2): surface_net_downward_shortwave_flux, cplSetList(2): __UNSPECIFIED__
20230324 063242.201 INFO             PET1       ATM-TO-OCN: - nothing shared or transferred, or may already be handled
20230324 063242.201 INFO             PET1     ATM-TO-OCN: InitializeIPDv05p5 extro.
20230324 063242.201 INFO             PET1     ATM-TO-RTM: InitializeIPDv05p5 intro.
20230324 063242.212 INFO             PET1       ATM-TO-RTM: handle cplList(1): field_to_rtm, cplSetList(1): __UNSPECIFIED__
20230324 063242.212 INFO             PET1       ATM-TO-RTM: - nothing shared or transferred, or may already be handled
20230324 063242.212 INFO             PET1     ATM-TO-RTM: InitializeIPDv05p5 extro.
20230324 063242.212 INFO             PET1     OCN-TO-ATM: InitializeIPDv05p5 intro.
20230324 063242.219 INFO             PET1       OCN-TO-ATM: handle cplList(1): sea_surface_temperature, cplSetList(1): __UNSPECIFIED__
20230324 063242.219 INFO             PET1       OCN-TO-ATM: - nothing shared or transferred, or may already be handled
20230324 063242.219 INFO             PET1     OCN-TO-ATM: InitializeIPDv05p5 extro.
20230324 063242.219 INFO             PET1     esm: IInitRealize intro.
20230324 063242.219 INFO             PET1     esm: IInitRealize extro.
20230324 063242.219 INFO             PET1     ATM-TO-OCN: InitializeIPDv05p6a intro.
20230324 063242.242 INFO             PET1     ATM-TO-OCN: InitializeIPDv05p6a extro.
20230324 063242.242 INFO             PET1     ATM-TO-RTM: InitializeIPDv05p6a intro.
20230324 063242.252 INFO             PET1     ATM-TO-RTM: InitializeIPDv05p6a extro.
20230324 063242.252 INFO             PET1     OCN-TO-ATM: InitializeIPDv05p6a intro.
20230324 063242.258 INFO             PET1     OCN-TO-ATM: InitializeIPDv05p6a extro.
20230324 063242.259 INFO             PET1     ATM-TO-OCN: InitializeIPDv05p6b intro.
20230324 063242.259 INFO             PET1       ATM-TO-OCN: handle cplList(1): air_pressure_at_sea_level, cplSetList(1): __UNSPECIFIED__
20230324 063242.259 INFO             PET1       ATM-TO-OCN: - no Field sharing between import and export side: remap.
20230324 063242.259 INFO             PET1       ATM-TO-OCN: handle cplList(2): surface_net_downward_shortwave_flux, cplSetList(2): __UNSPECIFIED__
20230324 063242.260 INFO             PET1       ATM-TO-OCN: - no Field sharing between import and export side: remap.
20230324 063242.260 DEBUG            PET1       ESMF_FieldBundleRegridStorePair(): Inside 'rhReuse' branch!
20230324 063241.961 INFO             PET2 !!!!!!!!!!!!!!!!!!!!!!!!!!!!!!!!!!!!!!!!!!!!!!!!!!!!!!
20230324 063241.961 INFO             PET2 !!! THE ESMF_LOG IS SET TO OUTPUT ALL LOG MESSAGES !!!
20230324 063241.961 INFO             PET2 !!!     THIS MAY CAUSE SLOWDOWN IN PERFORMANCE     !!!
20230324 063241.961 INFO             PET2 !!! FOR PRODUCTION RUNS, USE:                      !!!
20230324 063241.961 INFO             PET2 !!!                   ESMF_LOGKIND_Multi_On_Error  !!!
20230324 063241.961 INFO             PET2 !!!!!!!!!!!!!!!!!!!!!!!!!!!!!!!!!!!!!!!!!!!!!!!!!!!!!!
20230324 063241.961 INFO             PET2 Running with ESMF Version   : v8.5.0b18-5-ge74a33b91d
20230324 063241.961 INFO             PET2 ESMF library build date/time: "Mar 24 2023" "04:57:07"
20230324 063241.961 INFO             PET2 ESMF library build location : /glade/scratch/theurich/ESMF-Nightly-Testing/nvhpc_22.2_mpt_g_develop/esmf
20230324 063241.961 INFO             PET2 ESMF_COMM                   : mpt
20230324 063241.961 INFO             PET2 ESMF_MOAB                   : enabled
20230324 063241.961 INFO             PET2 ESMF_LAPACK                 : enabled
20230324 063241.961 INFO             PET2 ESMF_NETCDF                 : enabled
20230324 063241.961 INFO             PET2 ESMF_PNETCDF                : disabled
20230324 063241.961 INFO             PET2 ESMF_PIO                    : enabled
20230324 063241.961 INFO             PET2 ESMF_YAMLCPP                : enabled
20230324 063241.962 INFO             PET2 esmApp STARTING
20230324 063241.968 INFO             PET2 esm: InitializeGeneric intro.
20230324 063241.968 INFO             PET2   esm: InitializeP0 intro.
20230324 063241.968 INFO             PET2   esm: InitializeP0 extro.
20230324 063241.968 INFO             PET2   esm: InitializeIPDv02p1 intro.
20230324 063241.968 INFO             PET2     >>>esm: entered Initialize (phase=<none>) without valid internal Clock.
20230324 063241.969 INFO             PET2     esm - Creating model component ATM with petList of size 2 :
20230324 063241.969 INFO             PET2           0      1
20230324 063241.969 INFO             PET2     esm - Creating model component OCN with petList of size 1 :
20230324 063241.969 INFO             PET2           2
20230324 063241.973 INFO             PET2     esm - Creating model component RTM with petList of size 1 :
20230324 063241.973 INFO             PET2           3
20230324 063241.973 INFO             PET2     esm - Creating state: modelComp 1 Import State
20230324 063241.973 INFO             PET2     esm - Creating state: modelComp 1 Export State
20230324 063241.973 INFO             PET2     esm - Creating state: modelComp 2 Import State
20230324 063241.973 INFO             PET2     esm - Creating state: modelComp 2 Export State
20230324 063241.974 INFO             PET2     esm - Creating state: modelComp 3 Import State
20230324 063241.974 INFO             PET2     esm - Creating state: modelComp 3 Export State
20230324 063241.975 INFO             PET2     OCN: InitializeP0 intro.
20230324 063241.977 INFO             PET2     OCN: InitializeP0 extro.
20230324 063241.981 INFO             PET2     esm - Creating connector component ATM-TO-RTM with petList of size 3 :
20230324 063241.981 INFO             PET2           0      1      3
20230324 063241.990 INFO             PET2     esm - Setting Verbosity on created component to: high
20230324 063241.990 INFO             PET2     esm - Setting Profiling on created component to:          0
20230324 063241.990 INFO             PET2     esm - Creating connector component RTM-TO-OCN with petList of size 2 :
20230324 063241.990 INFO             PET2           3      2
20230324 063241.999 INFO             PET2     esm - Setting Verbosity on created component to: high
20230324 063241.999 INFO             PET2     esm - Setting Profiling on created component to:          0
20230324 063241.999 INFO             PET2     esm - Creating connector component ATM-TO-OCN with petList of size 3 :
20230324 063241.999 INFO             PET2           0      1      2
20230324 063242.010 INFO             PET2     esm - Setting Verbosity on created component to: high
20230324 063242.010 INFO             PET2     esm - Setting Profiling on created component to:          0
20230324 063242.010 INFO             PET2     esm - Creating connector component OCN-TO-ATM with petList of size 3 :
20230324 063242.010 INFO             PET2           2      0      1
20230324 063242.019 INFO             PET2     esm - Setting Verbosity on created component to: high
20230324 063242.019 INFO             PET2     esm - Setting Profiling on created component to:          0
20230324 063242.023 INFO             PET2     esm: IInitAdvertise intro.
20230324 063242.023 INFO             PET2     esm: IInitAdvertise extro.
20230324 063242.023 INFO             PET2     OCN: InitializeIPDvXp01 intro.
20230324 063242.027 INFO             PET2     OCN: InitializeIPDvXp01 extro.
20230324 063242.031 INFO             PET2     ATM-TO-OCN: InitializeIPDv05p1 intro.
20230324 063242.039 INFO             PET2       ATM-TO-OCN: importState FieldTransferPolicy = transferNone
20230324 063242.039 INFO             PET2       ATM-TO-OCN: exportState FieldTransferPolicy = transferNone
20230324 063242.039 INFO             PET2     ATM-TO-OCN: InitializeIPDv05p1 extro.
20230324 063242.039 INFO             PET2     OCN-TO-ATM: InitializeIPDv05p1 intro.
20230324 063242.050 INFO             PET2       OCN-TO-ATM: importState FieldTransferPolicy = transferNone
20230324 063242.050 INFO             PET2       OCN-TO-ATM: exportState FieldTransferPolicy = transferNone
20230324 063242.050 INFO             PET2     OCN-TO-ATM: InitializeIPDv05p1 extro.
20230324 063242.050 INFO             PET2     RTM-TO-OCN: InitializeIPDv05p1 intro.
20230324 063242.055 INFO             PET2       RTM-TO-OCN: importState FieldTransferPolicy = transferNone
20230324 063242.056 INFO             PET2       RTM-TO-OCN: exportState FieldTransferPolicy = transferNone
20230324 063242.056 INFO             PET2     RTM-TO-OCN: InitializeIPDv05p1 extro.
20230324 063242.056 INFO             PET2     esm: IInitAdvertiseFinish intro.
20230324 063242.056 INFO             PET2     esm: IInitAdvertiseFinish extro.
20230324 063242.056 INFO             PET2     ATM-TO-OCN: InitializeIPDv05p2a intro.
20230324 063242.064 INFO             PET2       ATM-TO-OCN:      importStandardNameList(i=  2): air_pressure_at_sea_level
20230324 063242.064 INFO             PET2       ATM-TO-OCN:         importNamespaceList(i=  2): ATM
20230324 063242.064 INFO             PET2       ATM-TO-OCN:            importCplSetList(i=  2): __UNSPECIFIED__
20230324 063242.064 INFO             PET2       ATM-TO-OCN:      exportStandardNameList(j=  2): air_pressure_at_sea_level
20230324 063242.064 INFO             PET2       ATM-TO-OCN:         exportNamespaceList(j=  2): OCN
20230324 063242.065 INFO             PET2       ATM-TO-OCN:            exportCplSetList(j=  2): __UNSPECIFIED__
20230324 063242.065 INFO             PET2       ATM-TO-OCN: bondLevel= 1
20230324 063242.065 INFO             PET2       ATM-TO-OCN: ProducerConnection (bondLevelMax):         1
20230324 063242.065 INFO             PET2       ATM-TO-OCN:      importStandardNameList(i=  3): surface_net_downward_shortwave_flux
20230324 063242.065 INFO             PET2       ATM-TO-OCN:         importNamespaceList(i=  3): ATM
20230324 063242.065 INFO             PET2       ATM-TO-OCN:            importCplSetList(i=  3): __UNSPECIFIED__
20230324 063242.065 INFO             PET2       ATM-TO-OCN:      exportStandardNameList(j=  3): surface_net_downward_shortwave_flux
20230324 063242.065 INFO             PET2       ATM-TO-OCN:         exportNamespaceList(j=  3): OCN
20230324 063242.065 INFO             PET2       ATM-TO-OCN:            exportCplSetList(j=  3): __UNSPECIFIED__
20230324 063242.065 INFO             PET2       ATM-TO-OCN: bondLevel= 1
20230324 063242.065 INFO             PET2       ATM-TO-OCN: ProducerConnection (bondLevelMax):         1
20230324 063242.065 INFO             PET2     ATM-TO-OCN: InitializeIPDv05p2a extro.
20230324 063242.065 INFO             PET2     OCN-TO-ATM: InitializeIPDv05p2a intro.
20230324 063242.076 INFO             PET2       OCN-TO-ATM:      importStandardNameList(i=  1): sea_surface_temperature
20230324 063242.076 INFO             PET2       OCN-TO-ATM:         importNamespaceList(i=  1): OCN
20230324 063242.076 INFO             PET2       OCN-TO-ATM:            importCplSetList(i=  1): __UNSPECIFIED__
20230324 063242.076 INFO             PET2       OCN-TO-ATM:      exportStandardNameList(j=  1): sea_surface_temperature
20230324 063242.076 INFO             PET2       OCN-TO-ATM:         exportNamespaceList(j=  1): ATM
20230324 063242.076 INFO             PET2       OCN-TO-ATM:            exportCplSetList(j=  1): __UNSPECIFIED__
20230324 063242.076 INFO             PET2       OCN-TO-ATM: bondLevel= 1
20230324 063242.076 INFO             PET2       OCN-TO-ATM: ProducerConnection (bondLevelMax):         1
20230324 063242.076 INFO             PET2     OCN-TO-ATM: InitializeIPDv05p2a extro.
20230324 063242.076 INFO             PET2     RTM-TO-OCN: InitializeIPDv05p2a intro.
20230324 063242.082 INFO             PET2       RTM-TO-OCN:      importStandardNameList(i=  1): field_from_rtm
20230324 063242.082 INFO             PET2       RTM-TO-OCN:         importNamespaceList(i=  1): RTM
20230324 063242.082 INFO             PET2       RTM-TO-OCN:            importCplSetList(i=  1): __UNSPECIFIED__
20230324 063242.082 INFO             PET2       RTM-TO-OCN:      exportStandardNameList(j=  1): field_from_rtm
20230324 063242.082 INFO             PET2       RTM-TO-OCN:         exportNamespaceList(j=  1): OCN
20230324 063242.082 INFO             PET2       RTM-TO-OCN:            exportCplSetList(j=  1): __UNSPECIFIED__
20230324 063242.082 INFO             PET2       RTM-TO-OCN: bondLevel= 1
20230324 063242.082 INFO             PET2       RTM-TO-OCN: ProducerConnection (bondLevelMax):         1
20230324 063242.082 INFO             PET2     RTM-TO-OCN: InitializeIPDv05p2a extro.
20230324 063242.082 INFO             PET2     ATM-TO-OCN: InitializeIPDv05p2b intro.
20230324 063242.090 INFO             PET2       ATM-TO-OCN:      importStandardNameList(i=  2): air_pressure_at_sea_level
20230324 063242.090 INFO             PET2       ATM-TO-OCN:         importNamespaceList(i=  2): ATM
20230324 063242.090 INFO             PET2       ATM-TO-OCN:            importCplSetList(i=  2): __UNSPECIFIED__
20230324 063242.090 INFO             PET2       ATM-TO-OCN:      exportStandardNameList(j=  2): air_pressure_at_sea_level
20230324 063242.090 INFO             PET2       ATM-TO-OCN:         exportNamespaceList(j=  2): OCN
20230324 063242.090 INFO             PET2       ATM-TO-OCN:            exportCplSetList(j=  2): __UNSPECIFIED__
20230324 063242.090 INFO             PET2       ATM-TO-OCN: bondLevel= 1
20230324 063242.090 INFO             PET2       ATM-TO-OCN: => added cplList(  1)=air_pressure_at_sea_level, cplSetList(  1)=__UNSPECIFIED__
20230324 063242.090 INFO             PET2       ATM-TO-OCN:      importStandardNameList(i=  3): surface_net_downward_shortwave_flux
20230324 063242.090 INFO             PET2       ATM-TO-OCN:         importNamespaceList(i=  3): ATM
20230324 063242.090 INFO             PET2       ATM-TO-OCN:            importCplSetList(i=  3): __UNSPECIFIED__
20230324 063242.090 INFO             PET2       ATM-TO-OCN:      exportStandardNameList(j=  3): surface_net_downward_shortwave_flux
20230324 063242.090 INFO             PET2       ATM-TO-OCN:         exportNamespaceList(j=  3): OCN
20230324 063242.090 INFO             PET2       ATM-TO-OCN:            exportCplSetList(j=  3): __UNSPECIFIED__
20230324 063242.090 INFO             PET2       ATM-TO-OCN: bondLevel= 1
20230324 063242.090 INFO             PET2       ATM-TO-OCN: => added cplList(  2)=surface_net_downward_shortwave_flux, cplSetList(  2)=__UNSPECIFIED__
20230324 063242.090 INFO             PET2     ATM-TO-OCN: InitializeIPDv05p2b extro.
20230324 063242.091 INFO             PET2     OCN-TO-ATM: InitializeIPDv05p2b intro.
20230324 063242.101 INFO             PET2       OCN-TO-ATM:      importStandardNameList(i=  1): sea_surface_temperature
20230324 063242.101 INFO             PET2       OCN-TO-ATM:         importNamespaceList(i=  1): OCN
20230324 063242.101 INFO             PET2       OCN-TO-ATM:            importCplSetList(i=  1): __UNSPECIFIED__
20230324 063242.101 INFO             PET2       OCN-TO-ATM:      exportStandardNameList(j=  1): sea_surface_temperature
20230324 063242.101 INFO             PET2       OCN-TO-ATM:         exportNamespaceList(j=  1): ATM
20230324 063242.101 INFO             PET2       OCN-TO-ATM:            exportCplSetList(j=  1): __UNSPECIFIED__
20230324 063242.101 INFO             PET2       OCN-TO-ATM: bondLevel= 1
20230324 063242.101 INFO             PET2       OCN-TO-ATM: => added cplList(  1)=sea_surface_temperature, cplSetList(  1)=__UNSPECIFIED__
20230324 063242.102 INFO             PET2     OCN-TO-ATM: InitializeIPDv05p2b extro.
20230324 063242.102 INFO             PET2     RTM-TO-OCN: InitializeIPDv05p2b intro.
20230324 063242.107 INFO             PET2       RTM-TO-OCN:      importStandardNameList(i=  1): field_from_rtm
20230324 063242.107 INFO             PET2       RTM-TO-OCN:         importNamespaceList(i=  1): RTM
20230324 063242.107 INFO             PET2       RTM-TO-OCN:            importCplSetList(i=  1): __UNSPECIFIED__
20230324 063242.107 INFO             PET2       RTM-TO-OCN:      exportStandardNameList(j=  1): field_from_rtm
20230324 063242.107 INFO             PET2       RTM-TO-OCN:         exportNamespaceList(j=  1): OCN
20230324 063242.107 INFO             PET2       RTM-TO-OCN:            exportCplSetList(j=  1): __UNSPECIFIED__
20230324 063242.107 INFO             PET2       RTM-TO-OCN: bondLevel= 1
20230324 063242.107 INFO             PET2       RTM-TO-OCN: => added cplList(  1)=field_from_rtm, cplSetList(  1)=__UNSPECIFIED__
20230324 063242.108 INFO             PET2     RTM-TO-OCN: InitializeIPDv05p2b extro.
20230324 063242.108 INFO             PET2     esm: IInitModifyCplLists intro.
20230324 063242.108 INFO             PET2     esm: IInitModifyCplLists extro.
20230324 063242.108 INFO             PET2     ATM-TO-OCN: InitializeIPDv05p3 intro.
20230324 063242.117 INFO             PET2       ATM-TO-OCN: handle cplList(1): air_pressure_at_sea_level, cplSetList(1): __UNSPECIFIED__
20230324 063242.117 INFO             PET2       ATM-TO-OCN: - connected.
20230324 063242.117 INFO             PET2       ATM-TO-OCN: - both sides must provide the Field/GeomObject.
20230324 063242.117 INFO             PET2       ATM-TO-OCN: handle cplList(2): surface_net_downward_shortwave_flux, cplSetList(2): __UNSPECIFIED__
20230324 063242.117 INFO             PET2       ATM-TO-OCN: - connected.
20230324 063242.117 INFO             PET2       ATM-TO-OCN: - both sides must provide the Field/GeomObject.
20230324 063242.117 INFO             PET2     ATM-TO-OCN: InitializeIPDv05p3 extro.
20230324 063242.118 INFO             PET2     OCN-TO-ATM: InitializeIPDv05p3 intro.
20230324 063242.129 INFO             PET2       OCN-TO-ATM: handle cplList(1): sea_surface_temperature, cplSetList(1): __UNSPECIFIED__
20230324 063242.129 INFO             PET2       OCN-TO-ATM: - connected.
20230324 063242.129 INFO             PET2       OCN-TO-ATM: - both sides must provide the Field/GeomObject.
20230324 063242.129 INFO             PET2     OCN-TO-ATM: InitializeIPDv05p3 extro.
20230324 063242.129 INFO             PET2     RTM-TO-OCN: InitializeIPDv05p3 intro.
20230324 063242.135 INFO             PET2       RTM-TO-OCN: handle cplList(1): field_from_rtm, cplSetList(1): __UNSPECIFIED__
20230324 063242.135 INFO             PET2       RTM-TO-OCN: - connected.
20230324 063242.135 INFO             PET2       RTM-TO-OCN: - both sides must provide the Field/GeomObject.
20230324 063242.135 INFO             PET2     RTM-TO-OCN: InitializeIPDv05p3 extro.
20230324 063242.135 INFO             PET2     <<<esm: leaving Initialize (phase=<none>) with current time: 2010  6  1  0  0  0   0
20230324 063242.135 INFO             PET2   esm: InitializeIPDv02p1 extro.
20230324 063242.135 INFO             PET2   esm: InitializeIPDv02p3 intro.
20230324 063242.135 INFO             PET2     >>>esm: entered Initialize (phase=<none>) with current time: 2010  6  1  0  0  0   0
20230324 063242.136 INFO             PET2     esm: IInitCheck intro.
20230324 063242.136 INFO             PET2     esm: IInitCheck extro.
20230324 063242.136 INFO             PET2     OCN: InitializeIPDvXp04 intro.
20230324 063242.143 INFO             PET2     OCN: InitializeIPDvXp04 extro.
20230324 063242.146 INFO             PET2     ATM-TO-OCN: InitializeIPDv05p4 intro.
20230324 063242.160 INFO             PET2       ATM-TO-OCN: handle cplList(1): air_pressure_at_sea_level, cplSetList(1): __UNSPECIFIED__
20230324 063242.160 INFO             PET2       ATM-TO-OCN: - nothing shared or transferred
20230324 063242.160 INFO             PET2       ATM-TO-OCN: handle cplList(2): surface_net_downward_shortwave_flux, cplSetList(2): __UNSPECIFIED__
20230324 063242.160 INFO             PET2       ATM-TO-OCN: - nothing shared or transferred
20230324 063242.160 INFO             PET2     ATM-TO-OCN: InitializeIPDv05p4 extro.
20230324 063242.161 INFO             PET2     OCN-TO-ATM: InitializeIPDv05p4 intro.
20230324 063242.177 INFO             PET2       OCN-TO-ATM: handle cplList(1): sea_surface_temperature, cplSetList(1): __UNSPECIFIED__
20230324 063242.177 INFO             PET2       OCN-TO-ATM: - nothing shared or transferred
20230324 063242.177 INFO             PET2     OCN-TO-ATM: InitializeIPDv05p4 extro.
20230324 063242.178 INFO             PET2     RTM-TO-OCN: InitializeIPDv05p4 intro.
20230324 063242.187 INFO             PET2       RTM-TO-OCN: handle cplList(1): field_from_rtm, cplSetList(1): __UNSPECIFIED__
20230324 063242.187 INFO             PET2       RTM-TO-OCN: - nothing shared or transferred
20230324 063242.187 INFO             PET2     RTM-TO-OCN: InitializeIPDv05p4 extro.
20230324 063242.187 INFO             PET2     ATM-TO-OCN: InitializeIPDv05p5 intro.
20230324 063242.201 INFO             PET2       ATM-TO-OCN: handle cplList(1): air_pressure_at_sea_level, cplSetList(1): __UNSPECIFIED__
20230324 063242.201 INFO             PET2       ATM-TO-OCN: - nothing shared or transferred, or may already be handled
20230324 063242.201 INFO             PET2       ATM-TO-OCN: handle cplList(2): surface_net_downward_shortwave_flux, cplSetList(2): __UNSPECIFIED__
20230324 063242.201 INFO             PET2       ATM-TO-OCN: - nothing shared or transferred, or may already be handled
20230324 063242.201 INFO             PET2     ATM-TO-OCN: InitializeIPDv05p5 extro.
20230324 063242.202 INFO             PET2     OCN-TO-ATM: InitializeIPDv05p5 intro.
20230324 063242.218 INFO             PET2       OCN-TO-ATM: handle cplList(1): sea_surface_temperature, cplSetList(1): __UNSPECIFIED__
20230324 063242.219 INFO             PET2       OCN-TO-ATM: - nothing shared or transferred, or may already be handled
20230324 063242.219 INFO             PET2     OCN-TO-ATM: InitializeIPDv05p5 extro.
20230324 063242.219 INFO             PET2     RTM-TO-OCN: InitializeIPDv05p5 intro.
20230324 063242.228 INFO             PET2       RTM-TO-OCN: handle cplList(1): field_from_rtm, cplSetList(1): __UNSPECIFIED__
20230324 063242.228 INFO             PET2       RTM-TO-OCN: - nothing shared or transferred, or may already be handled
20230324 063242.228 INFO             PET2     RTM-TO-OCN: InitializeIPDv05p5 extro.
20230324 063242.228 INFO             PET2     esm: IInitRealize intro.
20230324 063242.228 INFO             PET2     esm: IInitRealize extro.
20230324 063242.229 INFO             PET2     ATM-TO-OCN: InitializeIPDv05p6a intro.
20230324 063242.242 INFO             PET2     ATM-TO-OCN: InitializeIPDv05p6a extro.
20230324 063242.242 INFO             PET2     OCN-TO-ATM: InitializeIPDv05p6a intro.
20230324 063242.258 INFO             PET2     OCN-TO-ATM: InitializeIPDv05p6a extro.
20230324 063242.259 INFO             PET2     RTM-TO-OCN: InitializeIPDv05p6a intro.
20230324 063242.267 INFO             PET2     RTM-TO-OCN: InitializeIPDv05p6a extro.
20230324 063242.268 INFO             PET2     ATM-TO-OCN: InitializeIPDv05p6b intro.
20230324 063242.268 INFO             PET2       ATM-TO-OCN: handle cplList(1): air_pressure_at_sea_level, cplSetList(1): __UNSPECIFIED__
20230324 063242.268 INFO             PET2       ATM-TO-OCN: - no Field sharing between import and export side: remap.
20230324 063242.268 INFO             PET2       ATM-TO-OCN: handle cplList(2): surface_net_downward_shortwave_flux, cplSetList(2): __UNSPECIFIED__
20230324 063242.269 INFO             PET2       ATM-TO-OCN: - no Field sharing between import and export side: remap.
20230324 063242.269 DEBUG            PET2       ESMF_FieldBundleRegridStorePair(): Inside 'rhReuse' branch!
20230324 063241.961 INFO             PET3 !!!!!!!!!!!!!!!!!!!!!!!!!!!!!!!!!!!!!!!!!!!!!!!!!!!!!!
20230324 063241.961 INFO             PET3 !!! THE ESMF_LOG IS SET TO OUTPUT ALL LOG MESSAGES !!!
20230324 063241.961 INFO             PET3 !!!     THIS MAY CAUSE SLOWDOWN IN PERFORMANCE     !!!
20230324 063241.961 INFO             PET3 !!! FOR PRODUCTION RUNS, USE:                      !!!
20230324 063241.961 INFO             PET3 !!!                   ESMF_LOGKIND_Multi_On_Error  !!!
20230324 063241.961 INFO             PET3 !!!!!!!!!!!!!!!!!!!!!!!!!!!!!!!!!!!!!!!!!!!!!!!!!!!!!!
20230324 063241.961 INFO             PET3 Running with ESMF Version   : v8.5.0b18-5-ge74a33b91d
20230324 063241.961 INFO             PET3 ESMF library build date/time: "Mar 24 2023" "04:57:07"
20230324 063241.961 INFO             PET3 ESMF library build location : /glade/scratch/theurich/ESMF-Nightly-Testing/nvhpc_22.2_mpt_g_develop/esmf
20230324 063241.961 INFO             PET3 ESMF_COMM                   : mpt
20230324 063241.962 INFO             PET3 ESMF_MOAB                   : enabled
20230324 063241.962 INFO             PET3 ESMF_LAPACK                 : enabled
20230324 063241.962 INFO             PET3 ESMF_NETCDF                 : enabled
20230324 063241.962 INFO             PET3 ESMF_PNETCDF                : disabled
20230324 063241.962 INFO             PET3 ESMF_PIO                    : enabled
20230324 063241.962 INFO             PET3 ESMF_YAMLCPP                : enabled
20230324 063241.962 INFO             PET3 esmApp STARTING
20230324 063241.968 INFO             PET3 esm: InitializeGeneric intro.
20230324 063241.968 INFO             PET3   esm: InitializeP0 intro.
20230324 063241.968 INFO             PET3   esm: InitializeP0 extro.
20230324 063241.968 INFO             PET3   esm: InitializeIPDv02p1 intro.
20230324 063241.968 INFO             PET3     >>>esm: entered Initialize (phase=<none>) without valid internal Clock.
20230324 063241.969 INFO             PET3     esm - Creating model component ATM with petList of size 2 :
20230324 063241.969 INFO             PET3           0      1
20230324 063241.969 INFO             PET3     esm - Creating model component OCN with petList of size 1 :
20230324 063241.969 INFO             PET3           2
20230324 063241.969 INFO             PET3     esm - Creating model component RTM with petList of size 1 :
20230324 063241.969 INFO             PET3           3
20230324 063241.973 INFO             PET3     esm - Creating state: modelComp 1 Import State
20230324 063241.973 INFO             PET3     esm - Creating state: modelComp 1 Export State
20230324 063241.973 INFO             PET3     esm - Creating state: modelComp 2 Import State
20230324 063241.973 INFO             PET3     esm - Creating state: modelComp 2 Export State
20230324 063241.974 INFO             PET3     esm - Creating state: modelComp 3 Import State
20230324 063241.974 INFO             PET3     esm - Creating state: modelComp 3 Export State
20230324 063241.975 INFO             PET3     RTM: InitializeP0 intro.
20230324 063241.977 INFO             PET3     RTM: InitializeP0 extro.
20230324 063241.981 INFO             PET3     esm - Creating connector component ATM-TO-RTM with petList of size 3 :
20230324 063241.981 INFO             PET3           0      1      3
20230324 063241.990 INFO             PET3     esm - Setting Verbosity on created component to: high
20230324 063241.990 INFO             PET3     esm - Setting Profiling on created component to:          0
20230324 063241.990 INFO             PET3     esm - Creating connector component RTM-TO-OCN with petList of size 2 :
20230324 063241.990 INFO             PET3           3      2
20230324 063241.999 INFO             PET3     esm - Setting Verbosity on created component to: high
20230324 063241.999 INFO             PET3     esm - Setting Profiling on created component to:          0
20230324 063241.999 INFO             PET3     esm - Creating connector component ATM-TO-OCN with petList of size 3 :
20230324 063241.999 INFO             PET3           0      1      2
20230324 063242.010 INFO             PET3     esm - Setting Verbosity on created component to: high
20230324 063242.010 INFO             PET3     esm - Setting Profiling on created component to:          0
20230324 063242.010 INFO             PET3     esm - Creating connector component OCN-TO-ATM with petList of size 3 :
20230324 063242.010 INFO             PET3           2      0      1
20230324 063242.019 INFO             PET3     esm - Setting Verbosity on created component to: high
20230324 063242.019 INFO             PET3     esm - Setting Profiling on created component to:          0
20230324 063242.023 INFO             PET3     esm: IInitAdvertise intro.
20230324 063242.023 INFO             PET3     esm: IInitAdvertise extro.
20230324 063242.024 INFO             PET3     RTM: InitializeIPDvXp01 intro.
20230324 063242.025 INFO             PET3     RTM: InitializeIPDvXp01 extro.
20230324 063242.031 INFO             PET3     ATM-TO-RTM: InitializeIPDv05p1 intro.
20230324 063242.045 INFO             PET3       ATM-TO-RTM: importState FieldTransferPolicy = transferNone
20230324 063242.045 INFO             PET3       ATM-TO-RTM: exportState FieldTransferPolicy = transferNone
20230324 063242.045 INFO             PET3     ATM-TO-RTM: InitializeIPDv05p1 extro.
20230324 063242.046 INFO             PET3     RTM-TO-OCN: InitializeIPDv05p1 intro.
20230324 063242.055 INFO             PET3       RTM-TO-OCN: importState FieldTransferPolicy = transferNone
20230324 063242.055 INFO             PET3       RTM-TO-OCN: exportState FieldTransferPolicy = transferNone
20230324 063242.056 INFO             PET3     RTM-TO-OCN: InitializeIPDv05p1 extro.
20230324 063242.056 INFO             PET3     esm: IInitAdvertiseFinish intro.
20230324 063242.056 INFO             PET3     esm: IInitAdvertiseFinish extro.
20230324 063242.056 INFO             PET3     ATM-TO-RTM: InitializeIPDv05p2a intro.
20230324 063242.071 INFO             PET3       ATM-TO-RTM:      importStandardNameList(i=  1): field_to_rtm
20230324 063242.071 INFO             PET3       ATM-TO-RTM:         importNamespaceList(i=  1): ATM
20230324 063242.071 INFO             PET3       ATM-TO-RTM:            importCplSetList(i=  1): __UNSPECIFIED__
20230324 063242.071 INFO             PET3       ATM-TO-RTM:      exportStandardNameList(j=  1): field_to_rtm
20230324 063242.071 INFO             PET3       ATM-TO-RTM:         exportNamespaceList(j=  1): RTM
20230324 063242.071 INFO             PET3       ATM-TO-RTM:            exportCplSetList(j=  1): __UNSPECIFIED__
20230324 063242.071 INFO             PET3       ATM-TO-RTM: bondLevel= 1
20230324 063242.071 INFO             PET3       ATM-TO-RTM: ProducerConnection (bondLevelMax):         1
20230324 063242.071 INFO             PET3     ATM-TO-RTM: InitializeIPDv05p2a extro.
20230324 063242.072 INFO             PET3     RTM-TO-OCN: InitializeIPDv05p2a intro.
20230324 063242.082 INFO             PET3       RTM-TO-OCN:      importStandardNameList(i=  1): field_from_rtm
20230324 063242.082 INFO             PET3       RTM-TO-OCN:         importNamespaceList(i=  1): RTM
20230324 063242.082 INFO             PET3       RTM-TO-OCN:            importCplSetList(i=  1): __UNSPECIFIED__
20230324 063242.082 INFO             PET3       RTM-TO-OCN:      exportStandardNameList(j=  1): field_from_rtm
20230324 063242.082 INFO             PET3       RTM-TO-OCN:         exportNamespaceList(j=  1): OCN
20230324 063242.082 INFO             PET3       RTM-TO-OCN:            exportCplSetList(j=  1): __UNSPECIFIED__
20230324 063242.082 INFO             PET3       RTM-TO-OCN: bondLevel= 1
20230324 063242.082 INFO             PET3       RTM-TO-OCN: ProducerConnection (bondLevelMax):         1
20230324 063242.082 INFO             PET3     RTM-TO-OCN: InitializeIPDv05p2a extro.
20230324 063242.082 INFO             PET3     ATM-TO-RTM: InitializeIPDv05p2b intro.
20230324 063242.097 INFO             PET3       ATM-TO-RTM:      importStandardNameList(i=  1): field_to_rtm
20230324 063242.097 INFO             PET3       ATM-TO-RTM:         importNamespaceList(i=  1): ATM
20230324 063242.097 INFO             PET3       ATM-TO-RTM:            importCplSetList(i=  1): __UNSPECIFIED__
20230324 063242.097 INFO             PET3       ATM-TO-RTM:      exportStandardNameList(j=  1): field_to_rtm
20230324 063242.097 INFO             PET3       ATM-TO-RTM:         exportNamespaceList(j=  1): RTM
20230324 063242.097 INFO             PET3       ATM-TO-RTM:            exportCplSetList(j=  1): __UNSPECIFIED__
20230324 063242.097 INFO             PET3       ATM-TO-RTM: bondLevel= 1
20230324 063242.097 INFO             PET3       ATM-TO-RTM: => added cplList(  1)=field_to_rtm, cplSetList(  1)=__UNSPECIFIED__
20230324 063242.097 INFO             PET3     ATM-TO-RTM: InitializeIPDv05p2b extro.
20230324 063242.097 INFO             PET3     RTM-TO-OCN: InitializeIPDv05p2b intro.
20230324 063242.107 INFO             PET3       RTM-TO-OCN:      importStandardNameList(i=  1): field_from_rtm
20230324 063242.107 INFO             PET3       RTM-TO-OCN:         importNamespaceList(i=  1): RTM
20230324 063242.107 INFO             PET3       RTM-TO-OCN:            importCplSetList(i=  1): __UNSPECIFIED__
20230324 063242.107 INFO             PET3       RTM-TO-OCN:      exportStandardNameList(j=  1): field_from_rtm
20230324 063242.107 INFO             PET3       RTM-TO-OCN:         exportNamespaceList(j=  1): OCN
20230324 063242.107 INFO             PET3       RTM-TO-OCN:            exportCplSetList(j=  1): __UNSPECIFIED__
20230324 063242.107 INFO             PET3       RTM-TO-OCN: bondLevel= 1
20230324 063242.107 INFO             PET3       RTM-TO-OCN: => added cplList(  1)=field_from_rtm, cplSetList(  1)=__UNSPECIFIED__
20230324 063242.108 INFO             PET3     RTM-TO-OCN: InitializeIPDv05p2b extro.
20230324 063242.108 INFO             PET3     esm: IInitModifyCplLists intro.
20230324 063242.108 INFO             PET3     esm: IInitModifyCplLists extro.
20230324 063242.108 INFO             PET3     ATM-TO-RTM: InitializeIPDv05p3 intro.
20230324 063242.124 INFO             PET3       ATM-TO-RTM: handle cplList(1): field_to_rtm, cplSetList(1): __UNSPECIFIED__
20230324 063242.124 INFO             PET3       ATM-TO-RTM: - connected.
20230324 063242.124 INFO             PET3       ATM-TO-RTM: - both sides must provide the Field/GeomObject.
20230324 063242.124 INFO             PET3     ATM-TO-RTM: InitializeIPDv05p3 extro.
20230324 063242.124 INFO             PET3     RTM-TO-OCN: InitializeIPDv05p3 intro.
20230324 063242.135 INFO             PET3       RTM-TO-OCN: handle cplList(1): field_from_rtm, cplSetList(1): __UNSPECIFIED__
20230324 063242.135 INFO             PET3       RTM-TO-OCN: - connected.
20230324 063242.135 INFO             PET3       RTM-TO-OCN: - both sides must provide the Field/GeomObject.
20230324 063242.135 INFO             PET3     RTM-TO-OCN: InitializeIPDv05p3 extro.
20230324 063242.135 INFO             PET3     <<<esm: leaving Initialize (phase=<none>) with current time: 2010  6  1  0  0  0   0
20230324 063242.135 INFO             PET3   esm: InitializeIPDv02p1 extro.
20230324 063242.135 INFO             PET3   esm: InitializeIPDv02p3 intro.
20230324 063242.135 INFO             PET3     >>>esm: entered Initialize (phase=<none>) with current time: 2010  6  1  0  0  0   0
20230324 063242.136 INFO             PET3     esm: IInitCheck intro.
20230324 063242.136 INFO             PET3     esm: IInitCheck extro.
20230324 063242.136 INFO             PET3     RTM: InitializeIPDvXp04 intro.
20230324 063242.140 INFO             PET3     RTM: InitializeIPDvXp04 extro.
20230324 063242.146 INFO             PET3     ATM-TO-RTM: InitializeIPDv05p4 intro.
20230324 063242.171 INFO             PET3       ATM-TO-RTM: handle cplList(1): field_to_rtm, cplSetList(1): __UNSPECIFIED__
20230324 063242.171 INFO             PET3       ATM-TO-RTM: - nothing shared or transferred
20230324 063242.171 INFO             PET3     ATM-TO-RTM: InitializeIPDv05p4 extro.
20230324 063242.171 INFO             PET3     RTM-TO-OCN: InitializeIPDv05p4 intro.
20230324 063242.187 INFO             PET3       RTM-TO-OCN: handle cplList(1): field_from_rtm, cplSetList(1): __UNSPECIFIED__
20230324 063242.187 INFO             PET3       RTM-TO-OCN: - nothing shared or transferred
20230324 063242.187 INFO             PET3     RTM-TO-OCN: InitializeIPDv05p4 extro.
20230324 063242.187 INFO             PET3     ATM-TO-RTM: InitializeIPDv05p5 intro.
20230324 063242.212 INFO             PET3       ATM-TO-RTM: handle cplList(1): field_to_rtm, cplSetList(1): __UNSPECIFIED__
20230324 063242.212 INFO             PET3       ATM-TO-RTM: - nothing shared or transferred, or may already be handled
20230324 063242.212 INFO             PET3     ATM-TO-RTM: InitializeIPDv05p5 extro.
20230324 063242.212 INFO             PET3     RTM-TO-OCN: InitializeIPDv05p5 intro.
20230324 063242.228 INFO             PET3       RTM-TO-OCN: handle cplList(1): field_from_rtm, cplSetList(1): __UNSPECIFIED__
20230324 063242.228 INFO             PET3       RTM-TO-OCN: - nothing shared or transferred, or may already be handled
20230324 063242.228 INFO             PET3     RTM-TO-OCN: InitializeIPDv05p5 extro.
20230324 063242.228 INFO             PET3     esm: IInitRealize intro.
20230324 063242.228 INFO             PET3     esm: IInitRealize extro.
20230324 063242.229 INFO             PET3     ATM-TO-RTM: InitializeIPDv05p6a intro.
20230324 063242.252 INFO             PET3     ATM-TO-RTM: InitializeIPDv05p6a extro.
20230324 063242.252 INFO             PET3     RTM-TO-OCN: InitializeIPDv05p6a intro.
20230324 063242.267 INFO             PET3     RTM-TO-OCN: InitializeIPDv05p6a extro.
20230324 063242.268 INFO             PET3     ATM-TO-RTM: InitializeIPDv05p6b intro.
20230324 063242.268 INFO             PET3       ATM-TO-RTM: handle cplList(1): field_to_rtm, cplSetList(1): __UNSPECIFIED__
20230324 063242.268 INFO             PET3       ATM-TO-RTM: - no Field sharing between import and export side: remap.
20230324 063242.269 DEBUG            PET3       ESMF_FieldBundleRegridStorePair(): Inside 'rhReuse' branch!
20230324 063242.269 DEBUG            PET3       ESMF_FieldBundleRegridStorePair(): srcGeomtype==ESMF_GEOMTYPE_GRID
20230324 063242.269 DEBUG            PET3       ESMF_FieldBundleRegridStorePair(): dstGeomtype==ESMF_GEOMTYPE_GRID
20230324 063242.269 DEBUG            PET3       ESMF_FieldBundleRegridStorePair(): no rhListMatch -> pre-compute new remapping!
20230324 063242.269 DEBUG            PET3       ESMF_FieldBundleRegridStorePair(): must precompute full regridding!
