2023-03-27 05:27:59
MPT ERROR: Rank 2(g:2) received signal SIGSEGV(11).
	Process ID: 33542, Host: r4i3n20, Program: /glade/scratch/theurich/ESMF-Nightly-Testing/nvhpc_22.2_mpt_g_develop/nuopc-app-prototypes/AtmOcnTransferGridProto/esmApp
	MPT Version: HPE MPT 2.25  08/14/21 03:05:20

MPT: --------stack traceback-------
MPT: Attaching to program: /proc/33542/exe, process 33542
MPT: [New LWP 33549]
MPT: Missing separate debuginfo for /glade/u/apps/ch/os/lib64/libm.so.6
MPT: Try: zypper install -C "debuginfo(build-id)=cc12cf31ea4a157ebc7ac7bdfc09d5bfa3e0f3e0"
MPT: Missing separate debuginfo for /glade/u/apps/ch/os/lib64/libdl.so.2
MPT: Try: zypper install -C "debuginfo(build-id)=86536433e7d5a205deca926f6f00436b2ff206b1"
MPT: Missing separate debuginfo for /glade/u/apps/ch/os/lib64/librt.so.1
MPT: Try: zypper install -C "debuginfo(build-id)=e12cd7e73c31cb8765cba03a3c2f9efc2d043ff8"
MPT: Missing separate debuginfo for /glade/u/apps/ch/os/lib64/libpthread.so.0
MPT: Try: zypper install -C "debuginfo(build-id)=9fa703da2a52d78cc49877c18843db7b1ad9049b"
MPT: [Thread debugging using libthread_db enabled]
MPT: Using host libthread_db library "/glade/u/apps/ch/os/lib64/libthread_db.so.1".
MPT: Missing separate debuginfo for /glade/u/apps/ch/os/lib64/libc.so.6
MPT: Try: zypper install -C "debuginfo(build-id)=72aaaa4006e91624304a210a7f945b61d3d643b4"
MPT: Missing separate debuginfo for /glade/u/apps/ch/os/lib64/libgcc_s.so.1
MPT: Try: zypper install -C "debuginfo(build-id)=c7e890ab90e29cffd785bf25e7d90f2f0af3a102"
MPT: Missing separate debuginfo for /glade/u/apps/ch/os/lib64/libssl.so.1.0.0
MPT: Try: zypper install -C "debuginfo(build-id)=7607ed9b6a82bfaecf5318ac9d65cae5a22865ef"
MPT: Missing separate debuginfo for /glade/u/apps/ch/os/lib64/libcrypto.so.1.0.0
MPT: Try: zypper install -C "debuginfo(build-id)=63a385acb8b045f7cfa7b53e2d9bfb745edc1693"
MPT: 
MPT: warning: the debug information found in "/usr/lib/debug//lib64/ld-2.22.so.debug" does not match "/lib64/ld-linux-x86-64.so.2" (CRC mismatch).
MPT: 
MPT: 
MPT: warning: the debug information found in "/usr/lib/debug//lib64/ld-2.22.so.debug" does not match "/lib64/ld-linux-x86-64.so.2" (CRC mismatch).
MPT: 
MPT: Missing separate debuginfo for /glade/u/apps/ch/os/lib64/libresolv.so.2
MPT: Try: zypper install -C "debuginfo(build-id)=89f1290f62c61ee8f268234c5cff893c1e99c751"
MPT: Missing separate debuginfo for /glade/u/apps/ch/os/lib64/libkeyutils.so.1
MPT: Try: zypper install -C "debuginfo(build-id)=8982882fa17c60fed02166f229335a9d0eaf77c9"
MPT: Missing separate debuginfo for /glade/u/apps/ch/os/lib64/libselinux.so.1
MPT: Try: zypper install -C "debuginfo(build-id)=0627d20b9e481e6a9c6fcacaf8e3f5c2318529cf"
MPT: 0x00002b65b5512826 in waitpid ()
MPT:    from /glade/u/apps/ch/os/lib64/libpthread.so.0
MPT: Missing separate debuginfos, use: zypper install glibc-debuginfo-2.22-100.27.3.x86_64 krb5-debuginfo-1.12.5-40.37.7.x86_64 libatomic1-debuginfo-9.3.1+git1296-1.7.2.x86_64 libcom_err2-debuginfo-1.43.8-3.14.1.x86_64 libcurl4-debuginfo-7.60.0-4.15.2.x86_64 libibverbs-debuginfo-41mlnx1-OFED.4.7.0.0.2.47329.x86_64 libldap-2_4-2-debuginfo-2.4.41-18.71.2.x86_64 libmlx5-debuginfo-41mlnx1-OFED.4.7.0.3.3.47329.x86_64 libnghttp2-14-debuginfo-1.7.1-1.84.x86_64 libnl3-200-debuginfo-3.2.23-2.21.x86_64 libpcre1-debuginfo-8.39-8.3.1.x86_64 libsasl2-3-debuginfo-2.1.26-8.10.1.x86_64 libssh4-debuginfo-0.6.3-12.12.1.x86_64 libstdc++6-debuginfo-9.3.1+git1296-1.7.2.x86_64
MPT: (gdb) #0  0x00002b65b5512826 in waitpid ()
MPT:    from /glade/u/apps/ch/os/lib64/libpthread.so.0
MPT: #1  0x00002b65b5857c66 in mpi_sgi_system (
MPT: #2  MPI_SGI_stacktraceback (
MPT:     header=header@entry=0x7ffd0c017a90 "MPT ERROR: Rank 2(g:2) received signal SIGSEGV(11).\n\tProcess ID: 33542, Host: r4i3n20, Program: /glade/scratch/theurich/ESMF-Nightly-Testing/nvhpc_22.2_mpt_g_develop/nuopc-app-prototypes/AtmOcnTransfe"...) at sig.c:340
MPT: #3  0x00002b65b5857e66 in first_arriver_handler (signo=signo@entry=11, 
MPT:     stack_trace_sem=stack_trace_sem@entry=0x2b65bc700080) at sig.c:489
MPT: #4  0x00002b65b58580f3 in slave_sig_handler (signo=11, 
MPT:     siginfo=<optimized out>, extra=<optimized out>) at sig.c:565
MPT: #5  <signal handler called>
MPT: #6  0x00002b65b15e7e74 in ESMCI::LogErr::MsgFoundError (rcToCheck=0, 
MPT:     msg=0x2b65b336bd94 <.S68906> "Internal subroutine call returned Error", 
MPT:     LINE=1755, FILE=0x2b65b336bd84 <.S68908> "ESMCI_MeshCap.C", 
MPT:     method=0x2b65b336bc0e <.S69266> "MeshCap::meshcreatenodedistgrid()", 
MPT:     rcToReturn=0x4f1b591)
MPT:     at /glade/scratch/theurich/ESMF-Nightly-Testing/nvhpc_22.2_mpt_g_develop/esmf/src/Infrastructure/LogErr/src/ESMCI_LogErr.C:586
MPT: #7  0x00002b65b180463f in ESMCI::MeshCap::meshcreatenodedistgrid (
MPT:     rc=0x4f1b591)
MPT:     at /glade/scratch/theurich/ESMF-Nightly-Testing/nvhpc_22.2_mpt_g_develop/esmf/src/Infrastructure/Mesh/src/ESMCI_MeshCap.C:1754
MPT: #8  0x00002b65b1856981 in c_esmc_meshcreatenodedistgrid_ (
MPT:     meshpp=0x7ffd0c0188a0, rc=0x7ffd0c01870c)
MPT:     at /glade/scratch/theurich/ESMF-Nightly-Testing/nvhpc_22.2_mpt_g_develop/esmf/src/Infrastructure/Mesh/interface/ESMCI_Mesh_F.C:247
MPT: #9  0x00002b65b252c06d in esmf_meshmod::esmf_meshcreatefrompointer (
MPT:     mesh_pointer=..., 
MPT:     rc=<error reading variable: Cannot access memory at address 0x0>)
MPT:     at /glade/scratch/theurich/ESMF-Nightly-Testing/nvhpc_22.2_mpt_g_develop/esmf/src/Infrastructure/Mesh/interface/ESMF_Mesh.F90:3091
MPT: #10 0x00002b65b238726d in esmf_gridutilmod::esmf_gridtomesh (grid=..., 
MPT:     staggerloc=..., issphere=0, islatlondeg=.FALSE., maskvalues=..., 
MPT:     regridconserve=..., rc=201431052)
MPT:     at /glade/scratch/theurich/ESMF-Nightly-Testing/nvhpc_22.2_mpt_g_develop/esmf/src/Infrastructure/GridUtil/interface/ESMF_GridUtil.F90:453
MPT: #11 0x00002b65b2246728 in esmf_fieldregridmod::b_or_p_gridtomesh (grid=..., 
MPT:     staggerloc=..., maskvalues=..., turnedonmeshnodemask=.FALSE., rc=18)
MPT:     at /glade/scratch/theurich/ESMF-Nightly-Testing/nvhpc_22.2_mpt_g_develop/esmf/src/Infrastructure/Field/src/ESMF_FieldRegrid.F90:3228
MPT: #12 0x00002b65b2241b74 in esmf_fieldregridmod::getmeshwithnodesonfieldloc (
MPT:     field=..., maskvalues=..., createdtmpmesh=.FALSE., mesh=..., 
MPT:     turnedonmeshnodemask=.FALSE., rc=0)
MPT:     at /glade/scratch/theurich/ESMF-Nightly-Testing/nvhpc_22.2_mpt_g_develop/esmf/src/Infrastructure/Field/src/ESMF_FieldRegrid.F90:1346
MPT: #13 0x00002b65b223f64c in esmf_fieldregridmod::esmf_fieldregridstorenx (
MPT:     srcfield=..., dstfield=..., keywordenforcer=..., srcmaskvalues=..., 
MPT:     dstmaskvalues=..., 
MPT:     regridmethod=<error reading variable: Cannot access memory at address 0x0>, polemethod=..., regridpolenpnts=0, linetype=..., normtype=..., 
MPT:     extrapmethod=..., extrapnumsrcpnts=0, extrapdistexponent=0, 
MPT:     extrapnumlevels=0, unmappedaction=..., ignoredegenerate=.FALSE., 
MPT:     srctermprocessing=0, pipelinedepth=0, routehandle=..., 
MPT:     factorlist=0x7ffd0c01d1f8, factorindexlist=0x7ffd0c01d2b0, weights=0x0, 
MPT:     indices=0x0, srcfracfield=..., dstfracfield=..., dststatusfield=..., 
MPT:     unmappeddstlist=0x0, checkflag=.FALSE., rc=201447540)
MPT:     at /glade/scratch/theurich/ESMF-Nightly-Testing/nvhpc_22.2_mpt_g_develop/esmf/src/Infrastructure/Field/src/ESMF_FieldRegrid.F90:971
MPT: #14 0x000000000041eb70 in ocn::realize (model=..., rc=18) at ocn.F90:819
MPT: #15 0x00002b65b19e3242 in ESMCI::MethodElement (object=0x2a36c00, 
MPT:     userRc=0x7ffd0c01d874)
MPT:     at /glade/scratch/theurich/ESMF-Nightly-Testing/nvhpc_22.2_mpt_g_develop/esmf/src/Superstructure/Component/src/ESMCI_MethodTable.C:377
MPT: #16 0x00002b65b19e430e in ESMCI::MethodTable::execute (
MPT:     labelArg=0x7ffd0c01d618, object=0x2a36c00, userRc=0x7ffd0c01d874, 
MPT:     existflag=0x7ffd0c01d617 "\001\310t\264\002")
MPT:     at /glade/scratch/theurich/ESMF-Nightly-Testing/nvhpc_22.2_mpt_g_develop/esmf/src/Superstructure/Component/src/ESMCI_MethodTable.C:563
MPT: #17 0x00002b65b19de3be in c_esmc_methodtableexecuteef_ (ptr=0x29d1318, 
MPT:     labelArg=0x2b65b3483680 <.C3223_nuopc_modelbase_initializeipdvxp04_> "ModelBase_RealizeProvided", index=0x7ffd0c01d87c, object=0x2a36c00, 
MPT:     existflag=0x7ffd0c01d878, userRc=0x7ffd0c01d874, rc=0x7ffd0c01d88c, 
MPT:     labelLen=25)
MPT:     at /glade/scratch/theurich/ESMF-Nightly-Testing/nvhpc_22.2_mpt_g_develop/esmf/src/Superstructure/Component/src/ESMCI_MethodTable.C:347
MPT: #18 0x00002b65b1e11cf4 in esmf_attachmethodsmod::esmf_methodgridcompexecute (
MPT:     gcomp=..., label=..., 
MPT:     index=<error reading variable: Cannot access memory at address 0x0>, 
MPT:     existflag=3, userrc=0, rc=18)
MPT:     at /glade/scratch/theurich/ESMF-Nightly-Testing/nvhpc_22.2_mpt_g_develop/esmf/src/Superstructure/AttachMethods/src/ESMF_AttachMethods.F90:1280
MPT: #19 0x00002b65b2a28133 in nuopc_modelbase::initializeipdvxp04 (gcomp=..., 
MPT:     importstate=..., exportstate=..., clock=..., rc=18)
MPT:     at /glade/scratch/theurich/ESMF-Nightly-Testing/nvhpc_22.2_mpt_g_develop/esmf/src/addon/NUOPC/src/NUOPC_ModelBase.F90:973
MPT: #20 0x00002b65b141affc in ESMCI::FTable::callVFuncPtr (
MPT:     name=0x2b455c0 "InitializeIC07P", vm_pointer=0x29d26b0, 
MPT:     userrc=0x7ffd0c021264)
MPT:     at /glade/scratch/theurich/ESMF-Nightly-Testing/nvhpc_22.2_mpt_g_develop/esmf/src/Superstructure/Component/src/ESMCI_FTable.C:2167
MPT: #21 0x00002b65b1416613 in ESMCI_FTableCallEntryPointVMHop (vm=0x29d26b0, 
MPT:     cargoCast=0x2b455c0)
MPT:     at /glade/scratch/theurich/ESMF-Nightly-Testing/nvhpc_22.2_mpt_g_develop/esmf/src/Superstructure/Component/src/ESMCI_FTable.C:824
MPT: #22 0x00002b65b1c8eece in ESMCI::enter_callback (sarg=0x29d47e0, 
MPT:     mutex=0x2969230)
MPT:     at /glade/scratch/theurich/ESMF-Nightly-Testing/nvhpc_22.2_mpt_g_develop/esmf/src/Infrastructure/VM/src/ESMCI_VMKernel.C:1124
MPT: #23 0x00002b65b1c7abd4 in ESMCI::VMK::enter (vmp=0x29d25a0, arg=0x29d47e0, 
MPT:     argvmkt=0x2b455c0)
MPT:     at /glade/scratch/theurich/ESMF-Nightly-Testing/nvhpc_22.2_mpt_g_develop/esmf/src/Infrastructure/VM/src/ESMCI_VMKernel.C:2435
MPT: #24 0x00002b65b1ca3dfe in ESMCI::VM (vmp=0x29d25a0, info=0x29d47e0, 
MPT:     cargo=0x2b455c0)
MPT:     at /glade/scratch/theurich/ESMF-Nightly-Testing/nvhpc_22.2_mpt_g_develop/esmf/src/Infrastructure/VM/src/ESMCI_VM.C:1216
MPT: #25 0x00002b65b1416ad3 in c_esmc_ftablecallentrypointvm_ (f90comp=0x29d1d90, 
MPT:     ptr_vm_parent=0x29d1eb8, ptr_vmplan=0x29d1f60, vm_info=0x29d1f70, 
MPT:     vm_cargo=0x29d1f78, ptr=0x29d1300, 
MPT:     method=0x2b65b4378368 <_esmf_compmod_8_+40>, phase=0x7ffd0c0217ec, 
MPT:     port=0x7ffd0c0217e8, timeout=0x7ffd0c0217e4, recursionCount=0x29d1f80, 
MPT:     rc=0x7ffd0c02180c)
MPT:     at /glade/scratch/theurich/ESMF-Nightly-Testing/nvhpc_22.2_mpt_g_develop/esmf/src/Superstructure/Component/src/ESMCI_FTable.C:981
MPT: #26 0x00002b65b1fc4930 in esmf_compmod::esmf_compexecute (compp=0x29d1300, 
MPT:     method=..., importstate=..., exportstate=..., clock=..., 
MPT:     syncflag=<error reading variable: Cannot access memory at address 0x0>, 
MPT:     phase=201473116, port=0, timeout=201464596, userrc=201471036, 
MPT:     rc=201464692)
MPT:     at /glade/scratch/theurich/ESMF-Nightly-Testing/nvhpc_22.2_mpt_g_develop/esmf/src/Superstructure/Component/src/ESMF_Comp.F90:1223
MPT: #27 0x00002b65b22a5cde in esmf_gridcompmod::esmf_gridcompinitialize (
MPT:     gridcomp=..., keywordenforcer=..., importstate=..., exportstate=..., 
MPT:     clock=..., 
MPT:     syncflag=<error reading variable: Cannot access memory at address 0x0>, 
MPT:     phase=201473116, timeout=0, timeoutflag=.FALSE., userrc=201471036, 
MPT:     rc=201535204)
MPT:     at /glade/scratch/theurich/ESMF-Nightly-Testing/nvhpc_22.2_mpt_g_develop/esmf/src/Superstructure/Component/src/ESMF_GridComp.F90:1412
MPT: #28 0x00002b65b29cabb6 in nuopc_driver::loopmodelcompss (driver=..., 
MPT:     phasestring=..., mustattributeupdate=0x2b0faa0, 
MPT:     execflag=<error reading variable: Cannot access memory at address 0x0>, 
MPT:     rc=18)
MPT:     at /glade/scratch/theurich/ESMF-Nightly-Testing/nvhpc_22.2_mpt_g_develop/esmf/src/addon/NUOPC/src/NUOPC_Driver.F90:2826
MPT: #29 0x00002b65b29bd90e in nuopc_driver::initializeipdv02p3 (driver=..., 
MPT:     importstate=..., exportstate=..., clock=..., rc=18)
MPT:     at /glade/scratch/theurich/ESMF-Nightly-Testing/nvhpc_22.2_mpt_g_develop/esmf/src/addon/NUOPC/src/NUOPC_Driver.F90:1972
MPT: #30 0x00002b65b29a3360 in nuopc_driver::initializegeneric (driver=..., 
MPT:     importstate=..., exportstate=..., clock=..., rc=18)
MPT:     at /glade/scratch/theurich/ESMF-Nightly-Testing/nvhpc_22.2_mpt_g_develop/esmf/src/addon/NUOPC/src/NUOPC_Driver.F90:479
MPT: #31 0x00002b65b141affc in ESMCI::FTable::callVFuncPtr (
MPT:     name=0x28ffe80 "InitializeIC01P", vm_pointer=0x28ff830, 
MPT:     userrc=0x7ffd0c032ee4)
MPT:     at /glade/scratch/theurich/ESMF-Nightly-Testing/nvhpc_22.2_mpt_g_develop/esmf/src/Superstructure/Component/src/ESMCI_FTable.C:2167
MPT: #32 0x00002b65b1416613 in ESMCI_FTableCallEntryPointVMHop (vm=0x28ff830, 
MPT:     cargoCast=0x28ffe80)
MPT:     at /glade/scratch/theurich/ESMF-Nightly-Testing/nvhpc_22.2_mpt_g_develop/esmf/src/Superstructure/Component/src/ESMCI_FTable.C:824
MPT: #33 0x00002b65b1c7aa3b in ESMCI::VMK::enter (vmp=0x2900a40, arg=0x28ffa50, 
MPT:     argvmkt=0x28ffe80)
MPT:     at /glade/scratch/theurich/ESMF-Nightly-Testing/nvhpc_22.2_mpt_g_develop/esmf/src/Infrastructure/VM/src/ESMCI_VMKernel.C:2320
MPT: #34 0x00002b65b1ca3dfe in ESMCI::VM (vmp=0x2900a40, info=0x28ffa50, 
MPT:     cargo=0x28ffe80)
MPT:     at /glade/scratch/theurich/ESMF-Nightly-Testing/nvhpc_22.2_mpt_g_develop/esmf/src/Infrastructure/VM/src/ESMCI_VM.C:1216
MPT: #35 0x00002b65b1416ad3 in c_esmc_ftablecallentrypointvm_ (f90comp=0x29669e0, 
MPT:     ptr_vm_parent=0x2966b08, ptr_vmplan=0x2966bb0, vm_info=0x2966bc0, 
MPT:     vm_cargo=0x2966bc8, ptr=0x2965f50, 
MPT:     method=0x2b65b4378368 <_esmf_compmod_8_+40>, phase=0x7ffd0c03321c, 
MPT:     port=0x7ffd0c033218, timeout=0x7ffd0c033214, recursionCount=0x2966bd0, 
MPT:     rc=0x7ffd0c03323c)
MPT:     at /glade/scratch/theurich/ESMF-Nightly-Testing/nvhpc_22.2_mpt_g_develop/esmf/src/Superstructure/Component/src/ESMCI_FTable.C:981
MPT: #36 0x00002b65b1fc4930 in esmf_compmod::esmf_compexecute (compp=0x2965f50, 
MPT:     method=..., 
MPT:     importstate=<error reading variable: Cannot access memory at address 0x0>, exportstate=<error reading variable: Cannot access memory at address 0x0>, 
MPT:     clock=<error reading variable: Cannot access memory at address 0x0>, 
MPT:     syncflag=<error reading variable: Cannot access memory at address 0x0>, 
MPT:     phase=0, port=0, timeout=201536836, userrc=201537356, rc=201536932)
MPT:     at /glade/scratch/theurich/ESMF-Nightly-Testing/nvhpc_22.2_mpt_g_develop/esmf/src/Superstructure/Component/src/ESMF_Comp.F90:1223
MPT: #37 0x00002b65b22a5cde in esmf_gridcompmod::esmf_gridcompinitialize (
MPT:     gridcomp=..., keywordenforcer=..., 
MPT:     importstate=<error reading variable: Cannot access memory at address 0x0>, exportstate=<error reading variable: Cannot access memory at address 0x0>, 
MPT:     clock=<error reading variable: Cannot access memory at address 0x0>, 
MPT:     syncflag=<error reading variable: Cannot access memory at address 0x0>, 
MPT:     phase=0, timeout=0, timeoutflag=.FALSE., userrc=201537356, rc=201537644)
MPT:     at /glade/scratch/theurich/ESMF-Nightly-Testing/nvhpc_22.2_mpt_g_develop/esmf/src/Superstructure/Component/src/ESMF_GridComp.F90:1412
MPT: #38 0x0000000000409166 in esmapp () at esmApp.F90:58
MPT: #39 0x0000000000408c33 in main ()
MPT: #40 0x00002b65b7e74a35 in __libc_start_main ()
MPT:    from /glade/u/apps/ch/os/lib64/libc.so.6
MPT: #41 0x0000000000408b29 in _start () at ../sysdeps/x86_64/start.S:118
MPT: (gdb) A debugging session is active.
MPT: 
MPT: 	Inferior 1 [process 33542] will be detached.
MPT: 
MPT: Quit anyway? (y or n) [answered Y; input not from terminal]
MPT: Detaching from program: /proc/33542/exe, process 33542
MPT: [Inferior 1 (process 33542) detached]

MPT: -----stack traceback ends-----
MPT: On host r4i3n20, Program /glade/scratch/theurich/ESMF-Nightly-Testing/nvhpc_22.2_mpt_g_develop/nuopc-app-prototypes/AtmOcnTransferGridProto/esmApp, Rank 2, Process 33542: Dumping core on signal SIGSEGV(11) into directory /glade/scratch/theurich/ESMF-Nightly-Testing/nvhpc_22.2_mpt_g_develop/nuopc-app-prototypes/AtmOcnTransferGridProto
MPT ERROR: MPI_COMM_WORLD rank 2 has terminated without calling MPI_Finalize()
	aborting job
MPT: Received signal 11
