2023-03-26 05:04:37
20230326 063632.229 INFO             PET0 !!!!!!!!!!!!!!!!!!!!!!!!!!!!!!!!!!!!!!!!!!!!!!!!!!!!!!
20230326 063632.229 INFO             PET0 !!! THE ESMF_LOG IS SET TO OUTPUT ALL LOG MESSAGES !!!
20230326 063632.229 INFO             PET0 !!!     THIS MAY CAUSE SLOWDOWN IN PERFORMANCE     !!!
20230326 063632.229 INFO             PET0 !!! FOR PRODUCTION RUNS, USE:                      !!!
20230326 063632.229 INFO             PET0 !!!                   ESMF_LOGKIND_Multi_On_Error  !!!
20230326 063632.229 INFO             PET0 !!!!!!!!!!!!!!!!!!!!!!!!!!!!!!!!!!!!!!!!!!!!!!!!!!!!!!
20230326 063632.229 INFO             PET0 Running with ESMF Version   : v8.5.0b18-5-ge74a33b91d
20230326 063632.229 INFO             PET0 ESMF library build date/time: "Mar 26 2023" "05:01:22"
20230326 063632.229 INFO             PET0 ESMF library build location : /glade/scratch/theurich/ESMF-Nightly-Testing/nvhpc_22.2_mpt_g_develop/esmf
20230326 063632.229 INFO             PET0 ESMF_COMM                   : mpt
20230326 063632.229 INFO             PET0 ESMF_MOAB                   : enabled
20230326 063632.229 INFO             PET0 ESMF_LAPACK                 : enabled
20230326 063632.229 INFO             PET0 ESMF_NETCDF                 : enabled
20230326 063632.229 INFO             PET0 ESMF_PNETCDF                : disabled
20230326 063632.229 INFO             PET0 ESMF_PIO                    : enabled
20230326 063632.229 INFO             PET0 ESMF_YAMLCPP                : enabled
20230326 063632.229 INFO             PET0 esmApp STARTING
20230326 063632.236 INFO             PET0 esm: InitializeGeneric intro.
20230326 063632.236 INFO             PET0   esm: InitializeP0 intro.
20230326 063632.236 INFO             PET0   esm: InitializeP0 extro.
20230326 063632.236 INFO             PET0   esm: InitializeIPDv02p1 intro.
20230326 063632.236 INFO             PET0     >>>esm: entered Initialize (phase=<none>) without valid internal Clock.
20230326 063632.236 INFO             PET0     esm - Creating model component ATM without petList.
20230326 063632.236 DEBUG            PET0     Generic SetVM() is executing for: ATM
20230326 063632.237 DEBUG            PET0     Generic SetVM() is calling ESMF_GridCompSetVMMaxPEs() for: ATM with:
20230326 063632.237 DEBUG            PET0      -             MaxCount =          2
20230326 063632.237 DEBUG            PET0      -       OpenMpHandling =
20230326 063632.237 DEBUG            PET0      -     OpenMpNumThreads =         -1
20230326 063632.237 DEBUG            PET0      -   ForceChildPthreads =          F
20230326 063632.237 DEBUG            PET0      -  PthreadMinStackSize =         -1
20230326 063632.241 INFO             PET0     esm - Creating model component OCN without petList.
20230326 063632.241 DEBUG            PET0     Generic SetVM() is executing for: OCN
20230326 063632.241 DEBUG            PET0     Generic SetVM() is calling ESMF_GridCompSetVMMaxPEs() for: OCN with:
20230326 063632.241 DEBUG            PET0      -             MaxCount =          4
20230326 063632.241 DEBUG            PET0      -       OpenMpHandling =
20230326 063632.241 DEBUG            PET0      -     OpenMpNumThreads =         -1
20230326 063632.242 DEBUG            PET0      -   ForceChildPthreads =          F
20230326 063632.242 DEBUG            PET0      -  PthreadMinStackSize =         -1
20230326 063632.246 INFO             PET0     esm - Creating connector component ATM-TO-OCN without petList.
20230326 063632.253 INFO             PET0     esm - Creating connector component OCN-TO-ATM without petList.
20230326 063632.260 INFO             PET0     esm - Creating state: modelComp 1 Import State
20230326 063632.260 INFO             PET0     esm - Creating state: modelComp 1 Export State
20230326 063632.261 INFO             PET0     esm - Creating state: modelComp 2 Import State
20230326 063632.261 INFO             PET0     esm - Creating state: modelComp 2 Export State
20230326 063632.272 INFO             PET0     ATM: InitializeP0 intro.
20230326 063632.273 INFO             PET0       >>>ATM: entered Initialize (phase=<none>) without valid internal Clock.
20230326 063632.278 INFO             PET0       <<<ATM: leaving Initialize (phase=<none>) without valid internal Clock.
20230326 063632.278 INFO             PET0     ATM: InitializeP0 extro.
20230326 063632.278 INFO             PET0     OCN: InitializeP0 intro.
20230326 063632.278 INFO             PET0       >>>OCN: entered Initialize (phase=<none>) without valid internal Clock.
20230326 063632.280 INFO             PET0       <<<OCN: leaving Initialize (phase=<none>) without valid internal Clock.
20230326 063632.280 INFO             PET0     OCN: InitializeP0 extro.
20230326 063632.282 INFO             PET0     ATM-TO-OCN: InitializeP0 intro.
20230326 063632.283 INFO             PET0     ATM-TO-OCN: InitializeP0 extro.
20230326 063632.284 INFO             PET0     OCN-TO-ATM: InitializeP0 intro.
20230326 063632.285 INFO             PET0     OCN-TO-ATM: InitializeP0 extro.
20230326 063632.287 INFO             PET0     esm: IInitAdvertise intro.
20230326 063632.287 INFO             PET0     esm: IInitAdvertise extro.
20230326 063632.300 INFO             PET0     ATM: InitializeIPDvXp01 intro.
20230326 063632.300 INFO             PET0       >>>ATM: entered Initialize (phase=IPDvXp01) without valid internal Clock.
20230326 063632.301 INFO             PET0       <<<ATM: leaving Initialize (phase=IPDvXp01) without valid internal Clock.
20230326 063632.301 INFO             PET0     ATM: InitializeIPDvXp01 extro.
20230326 063632.301 INFO             PET0     OCN: InitializeIPDvXp01 intro.
20230326 063632.301 INFO             PET0       >>>OCN: entered Initialize (phase=IPDvXp01) without valid internal Clock.
20230326 063632.304 INFO             PET0       <<<OCN: leaving Initialize (phase=IPDvXp01) without valid internal Clock.
20230326 063632.304 INFO             PET0     OCN: InitializeIPDvXp01 extro.
20230326 063632.306 INFO             PET0     ATM-TO-OCN: InitializeIPDv05p1 intro.
20230326 063632.312 INFO             PET0       ATM-TO-OCN: importState FieldTransferPolicy = transferAll
20230326 063632.312 INFO             PET0       ATM-TO-OCN: exportState FieldTransferPolicy = transferNone
20230326 063632.312 INFO             PET0       ATM-TO-OCN: mirroring: air_pressure_at_sea_level into acceptorState: modelComp 1 Export State
20230326 063632.313 INFO             PET0       ATM-TO-OCN: mirroring: surface_net_downward_shortwave_flux into acceptorState: modelComp 1 Export State
20230326 063632.314 INFO             PET0     ATM-TO-OCN: InitializeIPDv05p1 extro.
20230326 063632.314 INFO             PET0     OCN-TO-ATM: InitializeIPDv05p1 intro.
20230326 063632.319 INFO             PET0       OCN-TO-ATM: importState FieldTransferPolicy = transferNone
20230326 063632.319 INFO             PET0       OCN-TO-ATM: exportState FieldTransferPolicy = transferNone
20230326 063632.319 INFO             PET0     OCN-TO-ATM: InitializeIPDv05p1 extro.
20230326 063632.319 INFO             PET0     esm: IInitAdvertiseFinish intro.
20230326 063632.319 INFO             PET0     esm: IInitAdvertiseFinish extro.
20230326 063632.332 INFO             PET0     ATM: InitializeIPDvXp02 intro.
20230326 063632.332 INFO             PET0       >>>ATM: entered Initialize (phase=IPDvXp02) without valid internal Clock.
20230326 063632.332 INFO             PET0       <<<ATM: leaving Initialize (phase=IPDvXp02) without valid internal Clock.
20230326 063632.332 INFO             PET0     ATM: InitializeIPDvXp02 extro.
20230326 063632.333 INFO             PET0     ATM-TO-OCN: InitializeIPDv05p2a intro.
20230326 063632.340 INFO             PET0       ATM-TO-OCN:      importStandardNameList(i=  1): air_pressure_at_sea_level
20230326 063632.340 INFO             PET0       ATM-TO-OCN:         importNamespaceList(i=  1): ATM
20230326 063632.340 INFO             PET0       ATM-TO-OCN:            importCplSetList(i=  1): __UNSPECIFIED__
20230326 063632.340 INFO             PET0       ATM-TO-OCN:      exportStandardNameList(j=  1): air_pressure_at_sea_level
20230326 063632.340 INFO             PET0       ATM-TO-OCN:         exportNamespaceList(j=  1): OCN
20230326 063632.340 INFO             PET0       ATM-TO-OCN:            exportCplSetList(j=  1): __UNSPECIFIED__
20230326 063632.340 INFO             PET0       ATM-TO-OCN: bondLevel= 1
20230326 063632.340 INFO             PET0       ATM-TO-OCN: ProducerConnection (bondLevelMax):         1
20230326 063632.340 INFO             PET0       ATM-TO-OCN:      importStandardNameList(i=  2): surface_net_downward_shortwave_flux
20230326 063632.340 INFO             PET0       ATM-TO-OCN:         importNamespaceList(i=  2): ATM
20230326 063632.340 INFO             PET0       ATM-TO-OCN:            importCplSetList(i=  2): __UNSPECIFIED__
20230326 063632.340 INFO             PET0       ATM-TO-OCN:      exportStandardNameList(j=  2): surface_net_downward_shortwave_flux
20230326 063632.340 INFO             PET0       ATM-TO-OCN:         exportNamespaceList(j=  2): OCN
20230326 063632.340 INFO             PET0       ATM-TO-OCN:            exportCplSetList(j=  2): __UNSPECIFIED__
20230326 063632.340 INFO             PET0       ATM-TO-OCN: bondLevel= 1
20230326 063632.340 INFO             PET0       ATM-TO-OCN: ProducerConnection (bondLevelMax):         1
20230326 063632.340 INFO             PET0     ATM-TO-OCN: InitializeIPDv05p2a extro.
20230326 063632.341 INFO             PET0     OCN-TO-ATM: InitializeIPDv05p2a intro.
20230326 063632.346 INFO             PET0       OCN-TO-ATM:      importStandardNameList(i=  1): sea_surface_temperature
20230326 063632.346 INFO             PET0       OCN-TO-ATM:         importNamespaceList(i=  1): OCN
20230326 063632.346 INFO             PET0       OCN-TO-ATM:            importCplSetList(i=  1): __UNSPECIFIED__
20230326 063632.346 INFO             PET0       OCN-TO-ATM:      exportStandardNameList(j=  1): sea_surface_temperature
20230326 063632.346 INFO             PET0       OCN-TO-ATM:         exportNamespaceList(j=  1): ATM
20230326 063632.346 INFO             PET0       OCN-TO-ATM:            exportCplSetList(j=  1): __UNSPECIFIED__
20230326 063632.346 INFO             PET0       OCN-TO-ATM: bondLevel= 1
20230326 063632.346 INFO             PET0       OCN-TO-ATM: ProducerConnection (bondLevelMax):         1
20230326 063632.346 INFO             PET0     OCN-TO-ATM: InitializeIPDv05p2a extro.
20230326 063632.346 INFO             PET0     ATM-TO-OCN: InitializeIPDv05p2b intro.
20230326 063632.353 INFO             PET0       ATM-TO-OCN:      importStandardNameList(i=  1): air_pressure_at_sea_level
20230326 063632.353 INFO             PET0       ATM-TO-OCN:         importNamespaceList(i=  1): ATM
20230326 063632.353 INFO             PET0       ATM-TO-OCN:            importCplSetList(i=  1): __UNSPECIFIED__
20230326 063632.353 INFO             PET0       ATM-TO-OCN:      exportStandardNameList(j=  1): air_pressure_at_sea_level
20230326 063632.353 INFO             PET0       ATM-TO-OCN:         exportNamespaceList(j=  1): OCN
20230326 063632.353 INFO             PET0       ATM-TO-OCN:            exportCplSetList(j=  1): __UNSPECIFIED__
20230326 063632.353 INFO             PET0       ATM-TO-OCN: bondLevel= 1
20230326 063632.353 INFO             PET0       ATM-TO-OCN: => added cplList(  1)=air_pressure_at_sea_level, cplSetList(  1)=__UNSPECIFIED__
20230326 063632.353 INFO             PET0       ATM-TO-OCN:      importStandardNameList(i=  2): surface_net_downward_shortwave_flux
20230326 063632.353 INFO             PET0       ATM-TO-OCN:         importNamespaceList(i=  2): ATM
20230326 063632.353 INFO             PET0       ATM-TO-OCN:            importCplSetList(i=  2): __UNSPECIFIED__
20230326 063632.353 INFO             PET0       ATM-TO-OCN:      exportStandardNameList(j=  2): surface_net_downward_shortwave_flux
20230326 063632.353 INFO             PET0       ATM-TO-OCN:         exportNamespaceList(j=  2): OCN
20230326 063632.353 INFO             PET0       ATM-TO-OCN:            exportCplSetList(j=  2): __UNSPECIFIED__
20230326 063632.353 INFO             PET0       ATM-TO-OCN: bondLevel= 1
20230326 063632.353 INFO             PET0       ATM-TO-OCN: => added cplList(  2)=surface_net_downward_shortwave_flux, cplSetList(  2)=__UNSPECIFIED__
20230326 063632.353 INFO             PET0     ATM-TO-OCN: InitializeIPDv05p2b extro.
20230326 063632.353 INFO             PET0     OCN-TO-ATM: InitializeIPDv05p2b intro.
20230326 063632.358 INFO             PET0       OCN-TO-ATM:      importStandardNameList(i=  1): sea_surface_temperature
20230326 063632.358 INFO             PET0       OCN-TO-ATM:         importNamespaceList(i=  1): OCN
20230326 063632.358 INFO             PET0       OCN-TO-ATM:            importCplSetList(i=  1): __UNSPECIFIED__
20230326 063632.358 INFO             PET0       OCN-TO-ATM:      exportStandardNameList(j=  1): sea_surface_temperature
20230326 063632.358 INFO             PET0       OCN-TO-ATM:         exportNamespaceList(j=  1): ATM
20230326 063632.358 INFO             PET0       OCN-TO-ATM:            exportCplSetList(j=  1): __UNSPECIFIED__
20230326 063632.358 INFO             PET0       OCN-TO-ATM: bondLevel= 1
20230326 063632.358 INFO             PET0       OCN-TO-ATM: => added cplList(  1)=sea_surface_temperature, cplSetList(  1)=__UNSPECIFIED__
20230326 063632.358 INFO             PET0     OCN-TO-ATM: InitializeIPDv05p2b extro.
20230326 063632.359 INFO             PET0     esm: IInitModifyCplLists intro.
20230326 063632.359 INFO             PET0     esm: IInitModifyCplLists extro.
20230326 063632.359 INFO             PET0     ATM-TO-OCN: InitializeIPDv05p3 intro.
20230326 063632.366 INFO             PET0       ATM-TO-OCN: handle cplList(1): air_pressure_at_sea_level, cplSetList(1): __UNSPECIFIED__
20230326 063632.366 INFO             PET0       ATM-TO-OCN: - connected.
20230326 063632.366 INFO             PET0       ATM-TO-OCN: - import side may accept, export side must provide the Field/GeomObject.
20230326 063632.366 INFO             PET0       ATM-TO-OCN: - combination of provider and acceptor VM supports Field and/or GeomObject sharing between them.
20230326 063632.366 INFO             PET0       ATM-TO-OCN: - at least one side does not want to share the GeomObject -> not shared (isharePolicy=not share & esharePolicy=share)
20230326 063632.367 INFO             PET0       ATM-TO-OCN: - at least one side does not want to share the Field -> not shared (isharePolicy=not share & esharePolicy=not share)
20230326 063632.367 INFO             PET0       ATM-TO-OCN: handle cplList(2): surface_net_downward_shortwave_flux, cplSetList(2): __UNSPECIFIED__
20230326 063632.367 INFO             PET0       ATM-TO-OCN: - connected.
20230326 063632.367 INFO             PET0       ATM-TO-OCN: - import side may accept, export side must provide the Field/GeomObject.
20230326 063632.367 INFO             PET0       ATM-TO-OCN: - combination of provider and acceptor VM supports Field and/or GeomObject sharing between them.
20230326 063632.367 INFO             PET0       ATM-TO-OCN: - both sides want to share the GeomObject -> shared.
20230326 063632.367 INFO             PET0       ATM-TO-OCN: - both sides want to share the Field -> shared.
20230326 063632.367 INFO             PET0     ATM-TO-OCN: InitializeIPDv05p3 extro.
20230326 063632.367 INFO             PET0     OCN-TO-ATM: InitializeIPDv05p3 intro.
20230326 063632.372 INFO             PET0       OCN-TO-ATM: handle cplList(1): sea_surface_temperature, cplSetList(1): __UNSPECIFIED__
20230326 063632.372 INFO             PET0       OCN-TO-ATM: - connected.
20230326 063632.372 INFO             PET0       OCN-TO-ATM: - both sides must provide the Field/GeomObject.
20230326 063632.372 INFO             PET0     OCN-TO-ATM: InitializeIPDv05p3 extro.
20230326 063632.373 INFO             PET0     <<<esm: leaving Initialize (phase=<none>) with current time: 2010  6  1  0  0  0   0
20230326 063632.373 INFO             PET0   esm: InitializeIPDv02p1 extro.
20230326 063632.373 INFO             PET0   esm: InitializeIPDv02p3 intro.
20230326 063632.373 INFO             PET0     >>>esm: entered Initialize (phase=<none>) with current time: 2010  6  1  0  0  0   0
20230326 063632.373 INFO             PET0     esm: IInitCheck intro.
20230326 063632.373 INFO             PET0     esm: IInitCheck extro.
20230326 063632.373 INFO             PET0     ATM: InitializeIPDvXp04 intro.
20230326 063632.373 INFO             PET0       >>>ATM: entered Initialize (phase=IPDvXp04) without valid internal Clock.
20230326 063632.376 INFO             PET0       <<<ATM: leaving Initialize (phase=IPDvXp04) without valid internal Clock.
20230326 063632.376 INFO             PET0     ATM: InitializeIPDvXp04 extro.
20230326 063632.378 INFO             PET0     OCN: InitializeIPDvXp04 intro.
20230326 063632.379 INFO             PET0       >>>OCN: entered Initialize (phase=IPDvXp04) without valid internal Clock.
20230326 063632.384 INFO             PET0       <<<OCN: leaving Initialize (phase=IPDvXp04) without valid internal Clock.
20230326 063632.384 INFO             PET0     OCN: InitializeIPDvXp04 extro.
20230326 063632.386 INFO             PET0     ATM-TO-OCN: InitializeIPDv05p4 intro.
20230326 063632.396 INFO             PET0       ATM-TO-OCN: handle cplList(1): air_pressure_at_sea_level, cplSetList(1): __UNSPECIFIED__
20230326 063632.396 INFO             PET0       ATM-TO-OCN: - import ShareStatusGeomObject=not shared
20230326 063632.396 INFO             PET0       ATM-TO-OCN: - export ShareStatusGeomObject=not shared
20230326 063632.396 INFO             PET0       ATM-TO-OCN: -> NOT sharing GeomObject
20230326 063632.396 INFO             PET0       ATM-TO-OCN: - import ShareStatusField=not shared
20230326 063632.396 INFO             PET0       ATM-TO-OCN: - export ShareStatusField=not shared
20230326 063632.396 INFO             PET0       ATM-TO-OCN: -> NOT sharing Field.
20230326 063632.396 INFO             PET0       ATM-TO-OCN:  gridListMatch=  F for provider Grid: Grid005
20230326 063632.396 INFO             PET0       ATM-TO-OCN: - transferring underlying DistGrid (import <- export) for Grid: Grid005
20230326 063632.396 INFO             PET0       ATM-TO-OCN: - done creating acceptorDG from providerDG
20230326 063632.396 INFO             PET0       ATM-TO-OCN: - done transferring underlying DistGrid
20230326 063632.397 INFO             PET0       ATM-TO-OCN: handle cplList(2): surface_net_downward_shortwave_flux, cplSetList(2): __UNSPECIFIED__
20230326 063632.397 INFO             PET0       ATM-TO-OCN: - import ShareStatusGeomObject=shared
20230326 063632.397 INFO             PET0       ATM-TO-OCN: - export ShareStatusGeomObject=shared
20230326 063632.397 INFO             PET0       ATM-TO-OCN: -> sharing GeomObject
20230326 063632.397 INFO             PET0       ATM-TO-OCN: - import ShareStatusField=shared
20230326 063632.397 INFO             PET0       ATM-TO-OCN: - export ShareStatusField=shared
20230326 063632.397 INFO             PET0       ATM-TO-OCN: -> sharing Field.
20230326 063632.401 INFO             PET0       ATM-TO-OCN: - Grid-based acceptorField created and realized, reference sharing with providerField
20230326 063632.401 INFO             PET0     ATM-TO-OCN: InitializeIPDv05p4 extro.
20230326 063632.401 INFO             PET0     OCN-TO-ATM: InitializeIPDv05p4 intro.
20230326 063632.408 INFO             PET0       OCN-TO-ATM: handle cplList(1): sea_surface_temperature, cplSetList(1): __UNSPECIFIED__
20230326 063632.408 INFO             PET0       OCN-TO-ATM: - nothing shared or transferred
20230326 063632.408 INFO             PET0     OCN-TO-ATM: InitializeIPDv05p4 extro.
20230326 063632.409 INFO             PET0     ATM-TO-OCN: InitializeIPDv05p5 intro.
20230326 063632.420 INFO             PET0       ATM-TO-OCN: handle cplList(1): air_pressure_at_sea_level, cplSetList(1): __UNSPECIFIED__
20230326 063632.420 INFO             PET0       ATM-TO-OCN: - import ShareStatusGeomObject=not shared
20230326 063632.420 INFO             PET0       ATM-TO-OCN: - export ShareStatusGeomObject=not shared
20230326 063632.420 INFO             PET0       ATM-TO-OCN: -> NOT sharing GeomObject
20230326 063632.420 INFO             PET0       ATM-TO-OCN: - import ShareStatusField=not shared
20230326 063632.420 INFO             PET0       ATM-TO-OCN: - export ShareStatusField=not shared
20230326 063632.420 INFO             PET0       ATM-TO-OCN: -> NOT sharing Field
20230326 063632.420 INFO             PET0       ATM-TO-OCN:  gridListMatch=  F for acceptor Grid: Grid005
20230326 063632.420 INFO             PET0       ATM-TO-OCN: - transferring the full geomobject with coordinates (import <- export) for Grid: Grid005
20230326 063632.448 INFO             PET0       ATM-TO-OCN: - done transferring the full Grid with coordinates
20230326 063632.448 INFO             PET0       ATM-TO-OCN: handle cplList(2): surface_net_downward_shortwave_flux, cplSetList(2): __UNSPECIFIED__
20230326 063632.448 INFO             PET0       ATM-TO-OCN: - nothing shared or transferred, or may already be handled
20230326 063632.448 DEBUG            PET0       about to destroy Grid: 0x26eae80
20230326 063632.448 INFO             PET0     ATM-TO-OCN: InitializeIPDv05p5 extro.
20230326 063632.448 INFO             PET0     OCN-TO-ATM: InitializeIPDv05p5 intro.
20230326 063632.456 INFO             PET0       OCN-TO-ATM: handle cplList(1): sea_surface_temperature, cplSetList(1): __UNSPECIFIED__
20230326 063632.456 INFO             PET0       OCN-TO-ATM: - nothing shared or transferred, or may already be handled
20230326 063632.456 INFO             PET0     OCN-TO-ATM: InitializeIPDv05p5 extro.
20230326 063632.456 INFO             PET0     esm: IInitRealize intro.
20230326 063632.456 INFO             PET0     esm: IInitRealize extro.
20230326 063632.468 INFO             PET0     ATM: InitializeIPDvXp06 intro.
20230326 063632.469 INFO             PET0       >>>ATM: entered Initialize (phase=IPDvXp06) without valid internal Clock.
20230326 063632.469 INFO             PET0       <<<ATM: leaving Initialize (phase=IPDvXp06) without valid internal Clock.
20230326 063632.469 INFO             PET0     ATM: InitializeIPDvXp06 extro.
20230326 063632.470 INFO             PET0     ATM-TO-OCN: InitializeIPDv05p6a intro.
20230326 063632.482 INFO             PET0     ATM-TO-OCN: InitializeIPDv05p6a extro.
20230326 063632.482 INFO             PET0     OCN-TO-ATM: InitializeIPDv05p6a intro.
20230326 063632.489 INFO             PET0     OCN-TO-ATM: InitializeIPDv05p6a extro.
20230326 063632.489 INFO             PET0     ATM-TO-OCN: InitializeIPDv05p6b intro.
20230326 063632.490 INFO             PET0       ATM-TO-OCN: handle cplList(1): air_pressure_at_sea_level, cplSetList(1): __UNSPECIFIED__
20230326 063632.490 INFO             PET0       ATM-TO-OCN: - no Field sharing between import and export side: remap.
20230326 063632.490 INFO             PET0       ATM-TO-OCN: handle cplList(2): surface_net_downward_shortwave_flux, cplSetList(2): __UNSPECIFIED__
20230326 063632.490 INFO             PET0       ATM-TO-OCN: - Field sharing between import and export side: NO remap.
20230326 063632.491 DEBUG            PET0       ESMF_FieldBundleRegridStorePair(): Inside 'rhReuse' branch!
20230326 063632.491 DEBUG            PET0       ESMF_FieldBundleRegridStorePair(): srcGeomtype==ESMF_GEOMTYPE_GRID
20230326 063632.491 DEBUG            PET0       ESMF_FieldBundleRegridStorePair(): dstGeomtype==ESMF_GEOMTYPE_GRID
20230326 063632.491 DEBUG            PET0       ESMF_FieldBundleRegridStorePair(): no rhListMatch -> pre-compute new remapping!
20230326 063632.229 INFO             PET1 !!!!!!!!!!!!!!!!!!!!!!!!!!!!!!!!!!!!!!!!!!!!!!!!!!!!!!
20230326 063632.229 INFO             PET1 !!! THE ESMF_LOG IS SET TO OUTPUT ALL LOG MESSAGES !!!
20230326 063632.229 INFO             PET1 !!!     THIS MAY CAUSE SLOWDOWN IN PERFORMANCE     !!!
20230326 063632.229 INFO             PET1 !!! FOR PRODUCTION RUNS, USE:                      !!!
20230326 063632.229 INFO             PET1 !!!                   ESMF_LOGKIND_Multi_On_Error  !!!
20230326 063632.229 INFO             PET1 !!!!!!!!!!!!!!!!!!!!!!!!!!!!!!!!!!!!!!!!!!!!!!!!!!!!!!
20230326 063632.229 INFO             PET1 Running with ESMF Version   : v8.5.0b18-5-ge74a33b91d
20230326 063632.229 INFO             PET1 ESMF library build date/time: "Mar 26 2023" "05:01:22"
20230326 063632.229 INFO             PET1 ESMF library build location : /glade/scratch/theurich/ESMF-Nightly-Testing/nvhpc_22.2_mpt_g_develop/esmf
20230326 063632.229 INFO             PET1 ESMF_COMM                   : mpt
20230326 063632.229 INFO             PET1 ESMF_MOAB                   : enabled
20230326 063632.229 INFO             PET1 ESMF_LAPACK                 : enabled
20230326 063632.229 INFO             PET1 ESMF_NETCDF                 : enabled
20230326 063632.229 INFO             PET1 ESMF_PNETCDF                : disabled
20230326 063632.229 INFO             PET1 ESMF_PIO                    : enabled
20230326 063632.229 INFO             PET1 ESMF_YAMLCPP                : enabled
20230326 063632.229 INFO             PET1 esmApp STARTING
20230326 063632.236 INFO             PET1 esm: InitializeGeneric intro.
20230326 063632.236 INFO             PET1   esm: InitializeP0 intro.
20230326 063632.236 INFO             PET1   esm: InitializeP0 extro.
20230326 063632.236 INFO             PET1   esm: InitializeIPDv02p1 intro.
20230326 063632.236 INFO             PET1     >>>esm: entered Initialize (phase=<none>) without valid internal Clock.
20230326 063632.236 INFO             PET1     esm - Creating model component ATM without petList.
20230326 063632.236 DEBUG            PET1     Generic SetVM() is executing for: ATM
20230326 063632.237 DEBUG            PET1     Generic SetVM() is calling ESMF_GridCompSetVMMaxPEs() for: ATM with:
20230326 063632.237 DEBUG            PET1      -             MaxCount =          2
20230326 063632.237 DEBUG            PET1      -       OpenMpHandling =
20230326 063632.237 DEBUG            PET1      -     OpenMpNumThreads =         -1
20230326 063632.237 DEBUG            PET1      -   ForceChildPthreads =          F
20230326 063632.237 DEBUG            PET1      -  PthreadMinStackSize =         -1
20230326 063632.237 DEBUG            PET1     vmkt_create()#201 Pthread: service=1 (0: actual PET, 1: service thread) - PTHREAD_STACK_MIN: 16384 bytes stack_size: 4194304 bytes
20230326 063632.237 DEBUG            PET1     vmkt_create()#201 Pthread: service=1 (0: actual PET, 1: service thread) - PTHREAD_STACK_MIN: 16384 bytes stack_size: 4194304 bytes
20230326 063632.241 INFO             PET1     esm - Creating model component OCN without petList.
20230326 063632.241 DEBUG            PET1     Generic SetVM() is executing for: OCN
20230326 063632.241 DEBUG            PET1     Generic SetVM() is calling ESMF_GridCompSetVMMaxPEs() for: OCN with:
20230326 063632.241 DEBUG            PET1      -             MaxCount =          4
20230326 063632.241 DEBUG            PET1      -       OpenMpHandling =
20230326 063632.242 DEBUG            PET1      -     OpenMpNumThreads =         -1
20230326 063632.242 DEBUG            PET1      -   ForceChildPthreads =          F
20230326 063632.242 DEBUG            PET1      -  PthreadMinStackSize =         -1
20230326 063632.242 DEBUG            PET1     vmkt_create()#201 Pthread: service=1 (0: actual PET, 1: service thread) - PTHREAD_STACK_MIN: 16384 bytes stack_size: 4194304 bytes
20230326 063632.242 DEBUG            PET1     vmkt_create()#201 Pthread: service=1 (0: actual PET, 1: service thread) - PTHREAD_STACK_MIN: 16384 bytes stack_size: 4194304 bytes
20230326 063632.246 INFO             PET1     esm - Creating connector component ATM-TO-OCN without petList.
20230326 063632.253 INFO             PET1     esm - Creating connector component OCN-TO-ATM without petList.
20230326 063632.260 INFO             PET1     esm - Creating state: modelComp 1 Import State
20230326 063632.261 INFO             PET1     esm - Creating state: modelComp 1 Export State
20230326 063632.263 INFO             PET1     esm - Creating state: modelComp 2 Import State
20230326 063632.263 INFO             PET1     esm - Creating state: modelComp 2 Export State
20230326 063632.283 INFO             PET1     ATM-TO-OCN: InitializeP0 intro.
20230326 063632.283 INFO             PET1     ATM-TO-OCN: InitializeP0 extro.
20230326 063632.284 INFO             PET1     OCN-TO-ATM: InitializeP0 intro.
20230326 063632.285 INFO             PET1     OCN-TO-ATM: InitializeP0 extro.
20230326 063632.287 INFO             PET1     esm: IInitAdvertise intro.
20230326 063632.287 INFO             PET1     esm: IInitAdvertise extro.
20230326 063632.307 INFO             PET1     ATM-TO-OCN: InitializeIPDv05p1 intro.
20230326 063632.312 INFO             PET1       ATM-TO-OCN: importState FieldTransferPolicy = transferNone
20230326 063632.312 INFO             PET1       ATM-TO-OCN: exportState FieldTransferPolicy = transferNone
20230326 063632.312 INFO             PET1     ATM-TO-OCN: InitializeIPDv05p1 extro.
20230326 063632.312 INFO             PET1     OCN-TO-ATM: InitializeIPDv05p1 intro.
20230326 063632.319 INFO             PET1       OCN-TO-ATM: importState FieldTransferPolicy = transferNone
20230326 063632.319 INFO             PET1       OCN-TO-ATM: exportState FieldTransferPolicy = transferNone
20230326 063632.319 INFO             PET1     OCN-TO-ATM: InitializeIPDv05p1 extro.
20230326 063632.319 INFO             PET1     esm: IInitAdvertiseFinish intro.
20230326 063632.319 INFO             PET1     esm: IInitAdvertiseFinish extro.
20230326 063632.333 INFO             PET1     ATM-TO-OCN: InitializeIPDv05p2a intro.
20230326 063632.340 INFO             PET1       ATM-TO-OCN:      importStandardNameList(i=  1): air_pressure_at_sea_level
20230326 063632.341 INFO             PET1       ATM-TO-OCN:         importNamespaceList(i=  1): ATM
20230326 063632.341 INFO             PET1       ATM-TO-OCN:            importCplSetList(i=  1): __UNSPECIFIED__
20230326 063632.341 INFO             PET1       ATM-TO-OCN:      exportStandardNameList(j=  1): air_pressure_at_sea_level
20230326 063632.341 INFO             PET1       ATM-TO-OCN:         exportNamespaceList(j=  1): OCN
20230326 063632.341 INFO             PET1       ATM-TO-OCN:            exportCplSetList(j=  1): __UNSPECIFIED__
20230326 063632.341 INFO             PET1       ATM-TO-OCN: bondLevel= 1
20230326 063632.341 INFO             PET1       ATM-TO-OCN: ProducerConnection (bondLevelMax):         1
20230326 063632.341 INFO             PET1       ATM-TO-OCN:      importStandardNameList(i=  2): surface_net_downward_shortwave_flux
20230326 063632.341 INFO             PET1       ATM-TO-OCN:         importNamespaceList(i=  2): ATM
20230326 063632.341 INFO             PET1       ATM-TO-OCN:            importCplSetList(i=  2): __UNSPECIFIED__
20230326 063632.341 INFO             PET1       ATM-TO-OCN:      exportStandardNameList(j=  2): surface_net_downward_shortwave_flux
20230326 063632.341 INFO             PET1       ATM-TO-OCN:         exportNamespaceList(j=  2): OCN
20230326 063632.341 INFO             PET1       ATM-TO-OCN:            exportCplSetList(j=  2): __UNSPECIFIED__
20230326 063632.341 INFO             PET1       ATM-TO-OCN: bondLevel= 1
20230326 063632.341 INFO             PET1       ATM-TO-OCN: ProducerConnection (bondLevelMax):         1
20230326 063632.341 INFO             PET1     ATM-TO-OCN: InitializeIPDv05p2a extro.
20230326 063632.341 INFO             PET1     OCN-TO-ATM: InitializeIPDv05p2a intro.
20230326 063632.346 INFO             PET1       OCN-TO-ATM:      importStandardNameList(i=  1): sea_surface_temperature
20230326 063632.346 INFO             PET1       OCN-TO-ATM:         importNamespaceList(i=  1): OCN
20230326 063632.346 INFO             PET1       OCN-TO-ATM:            importCplSetList(i=  1): __UNSPECIFIED__
20230326 063632.346 INFO             PET1       OCN-TO-ATM:      exportStandardNameList(j=  1): sea_surface_temperature
20230326 063632.346 INFO             PET1       OCN-TO-ATM:         exportNamespaceList(j=  1): ATM
20230326 063632.346 INFO             PET1       OCN-TO-ATM:            exportCplSetList(j=  1): __UNSPECIFIED__
20230326 063632.346 INFO             PET1       OCN-TO-ATM: bondLevel= 1
20230326 063632.346 INFO             PET1       OCN-TO-ATM: ProducerConnection (bondLevelMax):         1
20230326 063632.346 INFO             PET1     OCN-TO-ATM: InitializeIPDv05p2a extro.
20230326 063632.346 INFO             PET1     ATM-TO-OCN: InitializeIPDv05p2b intro.
20230326 063632.353 INFO             PET1       ATM-TO-OCN:      importStandardNameList(i=  1): air_pressure_at_sea_level
20230326 063632.353 INFO             PET1       ATM-TO-OCN:         importNamespaceList(i=  1): ATM
20230326 063632.353 INFO             PET1       ATM-TO-OCN:            importCplSetList(i=  1): __UNSPECIFIED__
20230326 063632.353 INFO             PET1       ATM-TO-OCN:      exportStandardNameList(j=  1): air_pressure_at_sea_level
20230326 063632.353 INFO             PET1       ATM-TO-OCN:         exportNamespaceList(j=  1): OCN
20230326 063632.353 INFO             PET1       ATM-TO-OCN:            exportCplSetList(j=  1): __UNSPECIFIED__
20230326 063632.353 INFO             PET1       ATM-TO-OCN: bondLevel= 1
20230326 063632.353 INFO             PET1       ATM-TO-OCN: => added cplList(  1)=air_pressure_at_sea_level, cplSetList(  1)=__UNSPECIFIED__
20230326 063632.353 INFO             PET1       ATM-TO-OCN:      importStandardNameList(i=  2): surface_net_downward_shortwave_flux
20230326 063632.353 INFO             PET1       ATM-TO-OCN:         importNamespaceList(i=  2): ATM
20230326 063632.353 INFO             PET1       ATM-TO-OCN:            importCplSetList(i=  2): __UNSPECIFIED__
20230326 063632.353 INFO             PET1       ATM-TO-OCN:      exportStandardNameList(j=  2): surface_net_downward_shortwave_flux
20230326 063632.353 INFO             PET1       ATM-TO-OCN:         exportNamespaceList(j=  2): OCN
20230326 063632.353 INFO             PET1       ATM-TO-OCN:            exportCplSetList(j=  2): __UNSPECIFIED__
20230326 063632.353 INFO             PET1       ATM-TO-OCN: bondLevel= 1
20230326 063632.353 INFO             PET1       ATM-TO-OCN: => added cplList(  2)=surface_net_downward_shortwave_flux, cplSetList(  2)=__UNSPECIFIED__
20230326 063632.353 INFO             PET1     ATM-TO-OCN: InitializeIPDv05p2b extro.
20230326 063632.353 INFO             PET1     OCN-TO-ATM: InitializeIPDv05p2b intro.
20230326 063632.358 INFO             PET1       OCN-TO-ATM:      importStandardNameList(i=  1): sea_surface_temperature
20230326 063632.358 INFO             PET1       OCN-TO-ATM:         importNamespaceList(i=  1): OCN
20230326 063632.358 INFO             PET1       OCN-TO-ATM:            importCplSetList(i=  1): __UNSPECIFIED__
20230326 063632.358 INFO             PET1       OCN-TO-ATM:      exportStandardNameList(j=  1): sea_surface_temperature
20230326 063632.358 INFO             PET1       OCN-TO-ATM:         exportNamespaceList(j=  1): ATM
20230326 063632.358 INFO             PET1       OCN-TO-ATM:            exportCplSetList(j=  1): __UNSPECIFIED__
20230326 063632.358 INFO             PET1       OCN-TO-ATM: bondLevel= 1
20230326 063632.358 INFO             PET1       OCN-TO-ATM: => added cplList(  1)=sea_surface_temperature, cplSetList(  1)=__UNSPECIFIED__
20230326 063632.358 INFO             PET1     OCN-TO-ATM: InitializeIPDv05p2b extro.
20230326 063632.359 INFO             PET1     esm: IInitModifyCplLists intro.
20230326 063632.359 INFO             PET1     esm: IInitModifyCplLists extro.
20230326 063632.359 INFO             PET1     ATM-TO-OCN: InitializeIPDv05p3 intro.
20230326 063632.366 INFO             PET1       ATM-TO-OCN: handle cplList(1): air_pressure_at_sea_level, cplSetList(1): __UNSPECIFIED__
20230326 063632.366 INFO             PET1       ATM-TO-OCN: - connected.
20230326 063632.366 INFO             PET1       ATM-TO-OCN: - import side may accept, export side must provide the Field/GeomObject.
20230326 063632.366 INFO             PET1       ATM-TO-OCN: - combination of provider and acceptor VM supports Field and/or GeomObject sharing between them.
20230326 063632.366 INFO             PET1       ATM-TO-OCN: - at least one side does not want to share the GeomObject -> not shared (isharePolicy=not share & esharePolicy=share)
20230326 063632.366 INFO             PET1       ATM-TO-OCN: - at least one side does not want to share the Field -> not shared (isharePolicy=not share & esharePolicy=not share)
20230326 063632.367 INFO             PET1       ATM-TO-OCN: handle cplList(2): surface_net_downward_shortwave_flux, cplSetList(2): __UNSPECIFIED__
20230326 063632.367 INFO             PET1       ATM-TO-OCN: - connected.
20230326 063632.367 INFO             PET1       ATM-TO-OCN: - import side may accept, export side must provide the Field/GeomObject.
20230326 063632.367 INFO             PET1       ATM-TO-OCN: - combination of provider and acceptor VM supports Field and/or GeomObject sharing between them.
20230326 063632.367 INFO             PET1       ATM-TO-OCN: - both sides want to share the GeomObject -> shared.
20230326 063632.367 INFO             PET1       ATM-TO-OCN: - both sides want to share the Field -> shared.
20230326 063632.367 INFO             PET1     ATM-TO-OCN: InitializeIPDv05p3 extro.
20230326 063632.367 INFO             PET1     OCN-TO-ATM: InitializeIPDv05p3 intro.
20230326 063632.372 INFO             PET1       OCN-TO-ATM: handle cplList(1): sea_surface_temperature, cplSetList(1): __UNSPECIFIED__
20230326 063632.372 INFO             PET1       OCN-TO-ATM: - connected.
20230326 063632.372 INFO             PET1       OCN-TO-ATM: - both sides must provide the Field/GeomObject.
20230326 063632.372 INFO             PET1     OCN-TO-ATM: InitializeIPDv05p3 extro.
20230326 063632.372 INFO             PET1     <<<esm: leaving Initialize (phase=<none>) with current time: 2010  6  1  0  0  0   0
20230326 063632.372 INFO             PET1   esm: InitializeIPDv02p1 extro.
20230326 063632.373 INFO             PET1   esm: InitializeIPDv02p3 intro.
20230326 063632.373 INFO             PET1     >>>esm: entered Initialize (phase=<none>) with current time: 2010  6  1  0  0  0   0
20230326 063632.373 INFO             PET1     esm: IInitCheck intro.
20230326 063632.373 INFO             PET1     esm: IInitCheck extro.
20230326 063632.387 INFO             PET1     ATM-TO-OCN: InitializeIPDv05p4 intro.
20230326 063632.396 INFO             PET1       ATM-TO-OCN: handle cplList(1): air_pressure_at_sea_level, cplSetList(1): __UNSPECIFIED__
20230326 063632.396 INFO             PET1       ATM-TO-OCN: - import ShareStatusGeomObject=not shared
20230326 063632.396 INFO             PET1       ATM-TO-OCN: - export ShareStatusGeomObject=not shared
20230326 063632.396 INFO             PET1       ATM-TO-OCN: -> NOT sharing GeomObject
20230326 063632.396 INFO             PET1       ATM-TO-OCN: - import ShareStatusField=not shared
20230326 063632.396 INFO             PET1       ATM-TO-OCN: - export ShareStatusField=not shared
20230326 063632.396 INFO             PET1       ATM-TO-OCN: -> NOT sharing Field.
20230326 063632.396 INFO             PET1       ATM-TO-OCN:  gridListMatch=  F for provider Grid: Grid005
20230326 063632.396 INFO             PET1       ATM-TO-OCN: - transferring underlying DistGrid (import <- export) for Grid: Grid005
20230326 063632.396 INFO             PET1       ATM-TO-OCN: - done creating acceptorDG from providerDG
20230326 063632.396 INFO             PET1       ATM-TO-OCN: - done transferring underlying DistGrid
20230326 063632.397 INFO             PET1       ATM-TO-OCN: handle cplList(2): surface_net_downward_shortwave_flux, cplSetList(2): __UNSPECIFIED__
20230326 063632.397 INFO             PET1       ATM-TO-OCN: - import ShareStatusGeomObject=shared
20230326 063632.397 INFO             PET1       ATM-TO-OCN: - export ShareStatusGeomObject=shared
20230326 063632.397 INFO             PET1       ATM-TO-OCN: -> sharing GeomObject
20230326 063632.397 INFO             PET1       ATM-TO-OCN: - import ShareStatusField=shared
20230326 063632.397 INFO             PET1       ATM-TO-OCN: - export ShareStatusField=shared
20230326 063632.397 INFO             PET1       ATM-TO-OCN: -> sharing Field.
20230326 063632.401 INFO             PET1       ATM-TO-OCN: - Grid-based acceptorField created and realized, reference sharing with providerField
20230326 063632.401 INFO             PET1     ATM-TO-OCN: InitializeIPDv05p4 extro.
20230326 063632.401 INFO             PET1     OCN-TO-ATM: InitializeIPDv05p4 intro.
20230326 063632.408 INFO             PET1       OCN-TO-ATM: handle cplList(1): sea_surface_temperature, cplSetList(1): __UNSPECIFIED__
20230326 063632.408 INFO             PET1       OCN-TO-ATM: - nothing shared or transferred
20230326 063632.408 INFO             PET1     OCN-TO-ATM: InitializeIPDv05p4 extro.
20230326 063632.409 INFO             PET1     ATM-TO-OCN: InitializeIPDv05p5 intro.
20230326 063632.420 INFO             PET1       ATM-TO-OCN: handle cplList(1): air_pressure_at_sea_level, cplSetList(1): __UNSPECIFIED__
20230326 063632.420 INFO             PET1       ATM-TO-OCN: - import ShareStatusGeomObject=not shared
20230326 063632.420 INFO             PET1       ATM-TO-OCN: - export ShareStatusGeomObject=not shared
20230326 063632.420 INFO             PET1       ATM-TO-OCN: -> NOT sharing GeomObject
20230326 063632.420 INFO             PET1       ATM-TO-OCN: - import ShareStatusField=not shared
20230326 063632.420 INFO             PET1       ATM-TO-OCN: - export ShareStatusField=not shared
20230326 063632.420 INFO             PET1       ATM-TO-OCN: -> NOT sharing Field
20230326 063632.420 INFO             PET1       ATM-TO-OCN:  gridListMatch=  F for acceptor Grid: Grid005
20230326 063632.420 INFO             PET1       ATM-TO-OCN: - transferring the full geomobject with coordinates (import <- export) for Grid: Grid005
20230326 063632.448 INFO             PET1       ATM-TO-OCN: - done transferring the full Grid with coordinates
20230326 063632.448 INFO             PET1       ATM-TO-OCN: handle cplList(2): surface_net_downward_shortwave_flux, cplSetList(2): __UNSPECIFIED__
20230326 063632.448 INFO             PET1       ATM-TO-OCN: - nothing shared or transferred, or may already be handled
20230326 063632.448 DEBUG            PET1       about to destroy Grid: 0x2628ba0
20230326 063632.448 INFO             PET1     ATM-TO-OCN: InitializeIPDv05p5 extro.
20230326 063632.448 INFO             PET1     OCN-TO-ATM: InitializeIPDv05p5 intro.
20230326 063632.456 INFO             PET1       OCN-TO-ATM: handle cplList(1): sea_surface_temperature, cplSetList(1): __UNSPECIFIED__
20230326 063632.456 INFO             PET1       OCN-TO-ATM: - nothing shared or transferred, or may already be handled
20230326 063632.456 INFO             PET1     OCN-TO-ATM: InitializeIPDv05p5 extro.
20230326 063632.456 INFO             PET1     esm: IInitRealize intro.
20230326 063632.456 INFO             PET1     esm: IInitRealize extro.
20230326 063632.471 INFO             PET1     ATM-TO-OCN: InitializeIPDv05p6a intro.
20230326 063632.482 INFO             PET1     ATM-TO-OCN: InitializeIPDv05p6a extro.
20230326 063632.482 INFO             PET1     OCN-TO-ATM: InitializeIPDv05p6a intro.
20230326 063632.489 INFO             PET1     OCN-TO-ATM: InitializeIPDv05p6a extro.
20230326 063632.489 INFO             PET1     ATM-TO-OCN: InitializeIPDv05p6b intro.
20230326 063632.490 INFO             PET1       ATM-TO-OCN: handle cplList(1): air_pressure_at_sea_level, cplSetList(1): __UNSPECIFIED__
20230326 063632.490 INFO             PET1       ATM-TO-OCN: - no Field sharing between import and export side: remap.
20230326 063632.490 INFO             PET1       ATM-TO-OCN: handle cplList(2): surface_net_downward_shortwave_flux, cplSetList(2): __UNSPECIFIED__
20230326 063632.490 INFO             PET1       ATM-TO-OCN: - Field sharing between import and export side: NO remap.
20230326 063632.491 DEBUG            PET1       ESMF_FieldBundleRegridStorePair(): Inside 'rhReuse' branch!
20230326 063632.491 DEBUG            PET1       ESMF_FieldBundleRegridStorePair(): srcGeomtype==ESMF_GEOMTYPE_GRID
20230326 063632.491 DEBUG            PET1       ESMF_FieldBundleRegridStorePair(): dstGeomtype==ESMF_GEOMTYPE_GRID
20230326 063632.491 DEBUG            PET1       ESMF_FieldBundleRegridStorePair(): no rhListMatch -> pre-compute new remapping!
20230326 063632.229 INFO             PET2 !!!!!!!!!!!!!!!!!!!!!!!!!!!!!!!!!!!!!!!!!!!!!!!!!!!!!!
20230326 063632.229 INFO             PET2 !!! THE ESMF_LOG IS SET TO OUTPUT ALL LOG MESSAGES !!!
20230326 063632.229 INFO             PET2 !!!     THIS MAY CAUSE SLOWDOWN IN PERFORMANCE     !!!
20230326 063632.229 INFO             PET2 !!! FOR PRODUCTION RUNS, USE:                      !!!
20230326 063632.229 INFO             PET2 !!!                   ESMF_LOGKIND_Multi_On_Error  !!!
20230326 063632.229 INFO             PET2 !!!!!!!!!!!!!!!!!!!!!!!!!!!!!!!!!!!!!!!!!!!!!!!!!!!!!!
20230326 063632.229 INFO             PET2 Running with ESMF Version   : v8.5.0b18-5-ge74a33b91d
20230326 063632.229 INFO             PET2 ESMF library build date/time: "Mar 26 2023" "05:01:22"
20230326 063632.229 INFO             PET2 ESMF library build location : /glade/scratch/theurich/ESMF-Nightly-Testing/nvhpc_22.2_mpt_g_develop/esmf
20230326 063632.229 INFO             PET2 ESMF_COMM                   : mpt
20230326 063632.229 INFO             PET2 ESMF_MOAB                   : enabled
20230326 063632.229 INFO             PET2 ESMF_LAPACK                 : enabled
20230326 063632.229 INFO             PET2 ESMF_NETCDF                 : enabled
20230326 063632.229 INFO             PET2 ESMF_PNETCDF                : disabled
20230326 063632.229 INFO             PET2 ESMF_PIO                    : enabled
20230326 063632.229 INFO             PET2 ESMF_YAMLCPP                : enabled
20230326 063632.229 INFO             PET2 esmApp STARTING
20230326 063632.235 INFO             PET2 esm: InitializeGeneric intro.
20230326 063632.236 INFO             PET2   esm: InitializeP0 intro.
20230326 063632.236 INFO             PET2   esm: InitializeP0 extro.
20230326 063632.236 INFO             PET2   esm: InitializeIPDv02p1 intro.
20230326 063632.236 INFO             PET2     >>>esm: entered Initialize (phase=<none>) without valid internal Clock.
20230326 063632.236 INFO             PET2     esm - Creating model component ATM without petList.
20230326 063632.236 DEBUG            PET2     Generic SetVM() is executing for: ATM
20230326 063632.237 DEBUG            PET2     Generic SetVM() is calling ESMF_GridCompSetVMMaxPEs() for: ATM with:
20230326 063632.237 DEBUG            PET2      -             MaxCount =          2
20230326 063632.237 DEBUG            PET2      -       OpenMpHandling =
20230326 063632.237 DEBUG            PET2      -     OpenMpNumThreads =         -1
20230326 063632.237 DEBUG            PET2      -   ForceChildPthreads =          F
20230326 063632.237 DEBUG            PET2      -  PthreadMinStackSize =         -1
20230326 063632.241 INFO             PET2     esm - Creating model component OCN without petList.
20230326 063632.241 DEBUG            PET2     Generic SetVM() is executing for: OCN
20230326 063632.241 DEBUG            PET2     Generic SetVM() is calling ESMF_GridCompSetVMMaxPEs() for: OCN with:
20230326 063632.241 DEBUG            PET2      -             MaxCount =          4
20230326 063632.241 DEBUG            PET2      -       OpenMpHandling =
20230326 063632.241 DEBUG            PET2      -     OpenMpNumThreads =         -1
20230326 063632.241 DEBUG            PET2      -   ForceChildPthreads =          F
20230326 063632.241 DEBUG            PET2      -  PthreadMinStackSize =         -1
20230326 063632.242 DEBUG            PET2     vmkt_create()#201 Pthread: service=1 (0: actual PET, 1: service thread) - PTHREAD_STACK_MIN: 16384 bytes stack_size: 4194304 bytes
20230326 063632.242 DEBUG            PET2     vmkt_create()#201 Pthread: service=1 (0: actual PET, 1: service thread) - PTHREAD_STACK_MIN: 16384 bytes stack_size: 4194304 bytes
20230326 063632.246 INFO             PET2     esm - Creating connector component ATM-TO-OCN without petList.
20230326 063632.253 INFO             PET2     esm - Creating connector component OCN-TO-ATM without petList.
20230326 063632.260 INFO             PET2     esm - Creating state: modelComp 1 Import State
20230326 063632.260 INFO             PET2     esm - Creating state: modelComp 1 Export State
20230326 063632.261 INFO             PET2     esm - Creating state: modelComp 2 Import State
20230326 063632.261 INFO             PET2     esm - Creating state: modelComp 2 Export State
20230326 063632.264 INFO             PET2     ATM: InitializeP0 intro.
20230326 063632.264 INFO             PET2       >>>ATM: entered Initialize (phase=<none>) without valid internal Clock.
20230326 063632.267 INFO             PET2       <<<ATM: leaving Initialize (phase=<none>) without valid internal Clock.
20230326 063632.267 INFO             PET2     ATM: InitializeP0 extro.
20230326 063632.283 INFO             PET2     ATM-TO-OCN: InitializeP0 intro.
20230326 063632.283 INFO             PET2     ATM-TO-OCN: InitializeP0 extro.
20230326 063632.284 INFO             PET2     OCN-TO-ATM: InitializeP0 intro.
20230326 063632.285 INFO             PET2     OCN-TO-ATM: InitializeP0 extro.
20230326 063632.287 INFO             PET2     esm: IInitAdvertise intro.
20230326 063632.287 INFO             PET2     esm: IInitAdvertise extro.
20230326 063632.287 INFO             PET2     ATM: InitializeIPDvXp01 intro.
20230326 063632.287 INFO             PET2       >>>ATM: entered Initialize (phase=IPDvXp01) without valid internal Clock.
20230326 063632.289 INFO             PET2       <<<ATM: leaving Initialize (phase=IPDvXp01) without valid internal Clock.
20230326 063632.289 INFO             PET2     ATM: InitializeIPDvXp01 extro.
20230326 063632.307 INFO             PET2     ATM-TO-OCN: InitializeIPDv05p1 intro.
20230326 063632.312 INFO             PET2       ATM-TO-OCN: importState FieldTransferPolicy = transferAll
20230326 063632.312 INFO             PET2       ATM-TO-OCN: exportState FieldTransferPolicy = transferNone
20230326 063632.312 INFO             PET2       ATM-TO-OCN: mirroring: air_pressure_at_sea_level into acceptorState: modelComp 1 Export State
20230326 063632.313 INFO             PET2       ATM-TO-OCN: mirroring: surface_net_downward_shortwave_flux into acceptorState: modelComp 1 Export State
20230326 063632.314 INFO             PET2     ATM-TO-OCN: InitializeIPDv05p1 extro.
20230326 063632.314 INFO             PET2     OCN-TO-ATM: InitializeIPDv05p1 intro.
20230326 063632.319 INFO             PET2       OCN-TO-ATM: importState FieldTransferPolicy = transferNone
20230326 063632.319 INFO             PET2       OCN-TO-ATM: exportState FieldTransferPolicy = transferNone
20230326 063632.319 INFO             PET2     OCN-TO-ATM: InitializeIPDv05p1 extro.
20230326 063632.319 INFO             PET2     esm: IInitAdvertiseFinish intro.
20230326 063632.319 INFO             PET2     esm: IInitAdvertiseFinish extro.
20230326 063632.319 INFO             PET2     ATM: InitializeIPDvXp02 intro.
20230326 063632.319 INFO             PET2       >>>ATM: entered Initialize (phase=IPDvXp02) without valid internal Clock.
20230326 063632.320 INFO             PET2       <<<ATM: leaving Initialize (phase=IPDvXp02) without valid internal Clock.
20230326 063632.320 INFO             PET2     ATM: InitializeIPDvXp02 extro.
20230326 063632.333 INFO             PET2     ATM-TO-OCN: InitializeIPDv05p2a intro.
20230326 063632.340 INFO             PET2       ATM-TO-OCN:      importStandardNameList(i=  1): air_pressure_at_sea_level
20230326 063632.340 INFO             PET2       ATM-TO-OCN:         importNamespaceList(i=  1): ATM
20230326 063632.340 INFO             PET2       ATM-TO-OCN:            importCplSetList(i=  1): __UNSPECIFIED__
20230326 063632.340 INFO             PET2       ATM-TO-OCN:      exportStandardNameList(j=  1): air_pressure_at_sea_level
20230326 063632.340 INFO             PET2       ATM-TO-OCN:         exportNamespaceList(j=  1): OCN
20230326 063632.340 INFO             PET2       ATM-TO-OCN:            exportCplSetList(j=  1): __UNSPECIFIED__
20230326 063632.340 INFO             PET2       ATM-TO-OCN: bondLevel= 1
20230326 063632.340 INFO             PET2       ATM-TO-OCN: ProducerConnection (bondLevelMax):         1
20230326 063632.340 INFO             PET2       ATM-TO-OCN:      importStandardNameList(i=  2): surface_net_downward_shortwave_flux
20230326 063632.340 INFO             PET2       ATM-TO-OCN:         importNamespaceList(i=  2): ATM
20230326 063632.340 INFO             PET2       ATM-TO-OCN:            importCplSetList(i=  2): __UNSPECIFIED__
20230326 063632.340 INFO             PET2       ATM-TO-OCN:      exportStandardNameList(j=  2): surface_net_downward_shortwave_flux
20230326 063632.340 INFO             PET2       ATM-TO-OCN:         exportNamespaceList(j=  2): OCN
20230326 063632.340 INFO             PET2       ATM-TO-OCN:            exportCplSetList(j=  2): __UNSPECIFIED__
20230326 063632.340 INFO             PET2       ATM-TO-OCN: bondLevel= 1
20230326 063632.340 INFO             PET2       ATM-TO-OCN: ProducerConnection (bondLevelMax):         1
20230326 063632.340 INFO             PET2     ATM-TO-OCN: InitializeIPDv05p2a extro.
20230326 063632.341 INFO             PET2     OCN-TO-ATM: InitializeIPDv05p2a intro.
20230326 063632.346 INFO             PET2       OCN-TO-ATM:      importStandardNameList(i=  1): sea_surface_temperature
20230326 063632.346 INFO             PET2       OCN-TO-ATM:         importNamespaceList(i=  1): OCN
20230326 063632.346 INFO             PET2       OCN-TO-ATM:            importCplSetList(i=  1): __UNSPECIFIED__
20230326 063632.346 INFO             PET2       OCN-TO-ATM:      exportStandardNameList(j=  1): sea_surface_temperature
20230326 063632.346 INFO             PET2       OCN-TO-ATM:         exportNamespaceList(j=  1): ATM
20230326 063632.346 INFO             PET2       OCN-TO-ATM:            exportCplSetList(j=  1): __UNSPECIFIED__
20230326 063632.346 INFO             PET2       OCN-TO-ATM: bondLevel= 1
20230326 063632.346 INFO             PET2       OCN-TO-ATM: ProducerConnection (bondLevelMax):         1
20230326 063632.346 INFO             PET2     OCN-TO-ATM: InitializeIPDv05p2a extro.
20230326 063632.346 INFO             PET2     ATM-TO-OCN: InitializeIPDv05p2b intro.
20230326 063632.353 INFO             PET2       ATM-TO-OCN:      importStandardNameList(i=  1): air_pressure_at_sea_level
20230326 063632.353 INFO             PET2       ATM-TO-OCN:         importNamespaceList(i=  1): ATM
20230326 063632.353 INFO             PET2       ATM-TO-OCN:            importCplSetList(i=  1): __UNSPECIFIED__
20230326 063632.353 INFO             PET2       ATM-TO-OCN:      exportStandardNameList(j=  1): air_pressure_at_sea_level
20230326 063632.353 INFO             PET2       ATM-TO-OCN:         exportNamespaceList(j=  1): OCN
20230326 063632.353 INFO             PET2       ATM-TO-OCN:            exportCplSetList(j=  1): __UNSPECIFIED__
20230326 063632.353 INFO             PET2       ATM-TO-OCN: bondLevel= 1
20230326 063632.353 INFO             PET2       ATM-TO-OCN: => added cplList(  1)=air_pressure_at_sea_level, cplSetList(  1)=__UNSPECIFIED__
20230326 063632.353 INFO             PET2       ATM-TO-OCN:      importStandardNameList(i=  2): surface_net_downward_shortwave_flux
20230326 063632.353 INFO             PET2       ATM-TO-OCN:         importNamespaceList(i=  2): ATM
20230326 063632.353 INFO             PET2       ATM-TO-OCN:            importCplSetList(i=  2): __UNSPECIFIED__
20230326 063632.353 INFO             PET2       ATM-TO-OCN:      exportStandardNameList(j=  2): surface_net_downward_shortwave_flux
20230326 063632.353 INFO             PET2       ATM-TO-OCN:         exportNamespaceList(j=  2): OCN
20230326 063632.353 INFO             PET2       ATM-TO-OCN:            exportCplSetList(j=  2): __UNSPECIFIED__
20230326 063632.353 INFO             PET2       ATM-TO-OCN: bondLevel= 1
20230326 063632.353 INFO             PET2       ATM-TO-OCN: => added cplList(  2)=surface_net_downward_shortwave_flux, cplSetList(  2)=__UNSPECIFIED__
20230326 063632.353 INFO             PET2     ATM-TO-OCN: InitializeIPDv05p2b extro.
20230326 063632.353 INFO             PET2     OCN-TO-ATM: InitializeIPDv05p2b intro.
20230326 063632.358 INFO             PET2       OCN-TO-ATM:      importStandardNameList(i=  1): sea_surface_temperature
20230326 063632.358 INFO             PET2       OCN-TO-ATM:         importNamespaceList(i=  1): OCN
20230326 063632.358 INFO             PET2       OCN-TO-ATM:            importCplSetList(i=  1): __UNSPECIFIED__
20230326 063632.358 INFO             PET2       OCN-TO-ATM:      exportStandardNameList(j=  1): sea_surface_temperature
20230326 063632.358 INFO             PET2       OCN-TO-ATM:         exportNamespaceList(j=  1): ATM
20230326 063632.358 INFO             PET2       OCN-TO-ATM:            exportCplSetList(j=  1): __UNSPECIFIED__
20230326 063632.358 INFO             PET2       OCN-TO-ATM: bondLevel= 1
20230326 063632.358 INFO             PET2       OCN-TO-ATM: => added cplList(  1)=sea_surface_temperature, cplSetList(  1)=__UNSPECIFIED__
20230326 063632.358 INFO             PET2     OCN-TO-ATM: InitializeIPDv05p2b extro.
20230326 063632.359 INFO             PET2     esm: IInitModifyCplLists intro.
20230326 063632.359 INFO             PET2     esm: IInitModifyCplLists extro.
20230326 063632.359 INFO             PET2     ATM-TO-OCN: InitializeIPDv05p3 intro.
20230326 063632.366 INFO             PET2       ATM-TO-OCN: handle cplList(1): air_pressure_at_sea_level, cplSetList(1): __UNSPECIFIED__
20230326 063632.366 INFO             PET2       ATM-TO-OCN: - connected.
20230326 063632.366 INFO             PET2       ATM-TO-OCN: - import side may accept, export side must provide the Field/GeomObject.
20230326 063632.366 INFO             PET2       ATM-TO-OCN: - combination of provider and acceptor VM supports Field and/or GeomObject sharing between them.
20230326 063632.366 INFO             PET2       ATM-TO-OCN: - at least one side does not want to share the GeomObject -> not shared (isharePolicy=not share & esharePolicy=share)
20230326 063632.366 INFO             PET2       ATM-TO-OCN: - at least one side does not want to share the Field -> not shared (isharePolicy=not share & esharePolicy=not share)
20230326 063632.367 INFO             PET2       ATM-TO-OCN: handle cplList(2): surface_net_downward_shortwave_flux, cplSetList(2): __UNSPECIFIED__
20230326 063632.367 INFO             PET2       ATM-TO-OCN: - connected.
20230326 063632.367 INFO             PET2       ATM-TO-OCN: - import side may accept, export side must provide the Field/GeomObject.
20230326 063632.367 INFO             PET2       ATM-TO-OCN: - combination of provider and acceptor VM supports Field and/or GeomObject sharing between them.
20230326 063632.367 INFO             PET2       ATM-TO-OCN: - both sides want to share the GeomObject -> shared.
20230326 063632.367 INFO             PET2       ATM-TO-OCN: - both sides want to share the Field -> shared.
20230326 063632.367 INFO             PET2     ATM-TO-OCN: InitializeIPDv05p3 extro.
20230326 063632.367 INFO             PET2     OCN-TO-ATM: InitializeIPDv05p3 intro.
20230326 063632.372 INFO             PET2       OCN-TO-ATM: handle cplList(1): sea_surface_temperature, cplSetList(1): __UNSPECIFIED__
20230326 063632.372 INFO             PET2       OCN-TO-ATM: - connected.
20230326 063632.372 INFO             PET2       OCN-TO-ATM: - both sides must provide the Field/GeomObject.
20230326 063632.372 INFO             PET2     OCN-TO-ATM: InitializeIPDv05p3 extro.
20230326 063632.372 INFO             PET2     <<<esm: leaving Initialize (phase=<none>) with current time: 2010  6  1  0  0  0   0
20230326 063632.372 INFO             PET2   esm: InitializeIPDv02p1 extro.
20230326 063632.372 INFO             PET2   esm: InitializeIPDv02p3 intro.
20230326 063632.373 INFO             PET2     >>>esm: entered Initialize (phase=<none>) with current time: 2010  6  1  0  0  0   0
20230326 063632.373 INFO             PET2     esm: IInitCheck intro.
20230326 063632.373 INFO             PET2     esm: IInitCheck extro.
20230326 063632.373 INFO             PET2     ATM: InitializeIPDvXp04 intro.
20230326 063632.373 INFO             PET2       >>>ATM: entered Initialize (phase=IPDvXp04) without valid internal Clock.
20230326 063632.376 INFO             PET2       <<<ATM: leaving Initialize (phase=IPDvXp04) without valid internal Clock.
20230326 063632.376 INFO             PET2     ATM: InitializeIPDvXp04 extro.
20230326 063632.387 INFO             PET2     ATM-TO-OCN: InitializeIPDv05p4 intro.
20230326 063632.396 INFO             PET2       ATM-TO-OCN: handle cplList(1): air_pressure_at_sea_level, cplSetList(1): __UNSPECIFIED__
20230326 063632.396 INFO             PET2       ATM-TO-OCN: - import ShareStatusGeomObject=not shared
20230326 063632.396 INFO             PET2       ATM-TO-OCN: - export ShareStatusGeomObject=not shared
20230326 063632.396 INFO             PET2       ATM-TO-OCN: -> NOT sharing GeomObject
20230326 063632.396 INFO             PET2       ATM-TO-OCN: - import ShareStatusField=not shared
20230326 063632.396 INFO             PET2       ATM-TO-OCN: - export ShareStatusField=not shared
20230326 063632.396 INFO             PET2       ATM-TO-OCN: -> NOT sharing Field.
20230326 063632.396 INFO             PET2       ATM-TO-OCN:  gridListMatch=  F for provider Grid: Grid005
20230326 063632.396 INFO             PET2       ATM-TO-OCN: - transferring underlying DistGrid (import <- export) for Grid: Grid005
20230326 063632.396 INFO             PET2       ATM-TO-OCN: - done creating acceptorDG from providerDG
20230326 063632.396 INFO             PET2       ATM-TO-OCN: - done transferring underlying DistGrid
20230326 063632.397 INFO             PET2       ATM-TO-OCN: handle cplList(2): surface_net_downward_shortwave_flux, cplSetList(2): __UNSPECIFIED__
20230326 063632.397 INFO             PET2       ATM-TO-OCN: - import ShareStatusGeomObject=shared
20230326 063632.397 INFO             PET2       ATM-TO-OCN: - export ShareStatusGeomObject=shared
20230326 063632.397 INFO             PET2       ATM-TO-OCN: -> sharing GeomObject
20230326 063632.397 INFO             PET2       ATM-TO-OCN: - import ShareStatusField=shared
20230326 063632.397 INFO             PET2       ATM-TO-OCN: - export ShareStatusField=shared
20230326 063632.397 INFO             PET2       ATM-TO-OCN: -> sharing Field.
20230326 063632.401 INFO             PET2       ATM-TO-OCN: - Grid-based acceptorField created and realized, reference sharing with providerField
20230326 063632.401 INFO             PET2     ATM-TO-OCN: InitializeIPDv05p4 extro.
20230326 063632.401 INFO             PET2     OCN-TO-ATM: InitializeIPDv05p4 intro.
20230326 063632.408 INFO             PET2       OCN-TO-ATM: handle cplList(1): sea_surface_temperature, cplSetList(1): __UNSPECIFIED__
20230326 063632.408 INFO             PET2       OCN-TO-ATM: - nothing shared or transferred
20230326 063632.408 INFO             PET2     OCN-TO-ATM: InitializeIPDv05p4 extro.
20230326 063632.409 INFO             PET2     ATM-TO-OCN: InitializeIPDv05p5 intro.
20230326 063632.420 INFO             PET2       ATM-TO-OCN: handle cplList(1): air_pressure_at_sea_level, cplSetList(1): __UNSPECIFIED__
20230326 063632.420 INFO             PET2       ATM-TO-OCN: - import ShareStatusGeomObject=not shared
20230326 063632.420 INFO             PET2       ATM-TO-OCN: - export ShareStatusGeomObject=not shared
20230326 063632.420 INFO             PET2       ATM-TO-OCN: -> NOT sharing GeomObject
20230326 063632.420 INFO             PET2       ATM-TO-OCN: - import ShareStatusField=not shared
20230326 063632.420 INFO             PET2       ATM-TO-OCN: - export ShareStatusField=not shared
20230326 063632.420 INFO             PET2       ATM-TO-OCN: -> NOT sharing Field
20230326 063632.420 INFO             PET2       ATM-TO-OCN:  gridListMatch=  F for acceptor Grid: Grid005
20230326 063632.420 INFO             PET2       ATM-TO-OCN: - transferring the full geomobject with coordinates (import <- export) for Grid: Grid005
20230326 063632.448 INFO             PET2       ATM-TO-OCN: - done transferring the full Grid with coordinates
20230326 063632.448 INFO             PET2       ATM-TO-OCN: handle cplList(2): surface_net_downward_shortwave_flux, cplSetList(2): __UNSPECIFIED__
20230326 063632.448 INFO             PET2       ATM-TO-OCN: - nothing shared or transferred, or may already be handled
20230326 063632.448 DEBUG            PET2       about to destroy Grid: 0x267c880
20230326 063632.448 INFO             PET2     ATM-TO-OCN: InitializeIPDv05p5 extro.
20230326 063632.448 INFO             PET2     OCN-TO-ATM: InitializeIPDv05p5 intro.
20230326 063632.456 INFO             PET2       OCN-TO-ATM: handle cplList(1): sea_surface_temperature, cplSetList(1): __UNSPECIFIED__
20230326 063632.456 INFO             PET2       OCN-TO-ATM: - nothing shared or transferred, or may already be handled
20230326 063632.456 INFO             PET2     OCN-TO-ATM: InitializeIPDv05p5 extro.
20230326 063632.456 INFO             PET2     esm: IInitRealize intro.
20230326 063632.456 INFO             PET2     esm: IInitRealize extro.
20230326 063632.456 INFO             PET2     ATM: InitializeIPDvXp06 intro.
20230326 063632.456 INFO             PET2       >>>ATM: entered Initialize (phase=IPDvXp06) without valid internal Clock.
20230326 063632.457 INFO             PET2       <<<ATM: leaving Initialize (phase=IPDvXp06) without valid internal Clock.
20230326 063632.457 INFO             PET2     ATM: InitializeIPDvXp06 extro.
20230326 063632.471 INFO             PET2     ATM-TO-OCN: InitializeIPDv05p6a intro.
20230326 063632.482 INFO             PET2     ATM-TO-OCN: InitializeIPDv05p6a extro.
20230326 063632.482 INFO             PET2     OCN-TO-ATM: InitializeIPDv05p6a intro.
20230326 063632.489 INFO             PET2     OCN-TO-ATM: InitializeIPDv05p6a extro.
20230326 063632.489 INFO             PET2     ATM-TO-OCN: InitializeIPDv05p6b intro.
20230326 063632.490 INFO             PET2       ATM-TO-OCN: handle cplList(1): air_pressure_at_sea_level, cplSetList(1): __UNSPECIFIED__
20230326 063632.490 INFO             PET2       ATM-TO-OCN: - no Field sharing between import and export side: remap.
20230326 063632.490 INFO             PET2       ATM-TO-OCN: handle cplList(2): surface_net_downward_shortwave_flux, cplSetList(2): __UNSPECIFIED__
20230326 063632.490 INFO             PET2       ATM-TO-OCN: - Field sharing between import and export side: NO remap.
20230326 063632.491 DEBUG            PET2       ESMF_FieldBundleRegridStorePair(): Inside 'rhReuse' branch!
20230326 063632.491 DEBUG            PET2       ESMF_FieldBundleRegridStorePair(): srcGeomtype==ESMF_GEOMTYPE_GRID
20230326 063632.491 DEBUG            PET2       ESMF_FieldBundleRegridStorePair(): dstGeomtype==ESMF_GEOMTYPE_GRID
20230326 063632.491 DEBUG            PET2       ESMF_FieldBundleRegridStorePair(): no rhListMatch -> pre-compute new remapping!
20230326 063632.229 INFO             PET3 !!!!!!!!!!!!!!!!!!!!!!!!!!!!!!!!!!!!!!!!!!!!!!!!!!!!!!
20230326 063632.229 INFO             PET3 !!! THE ESMF_LOG IS SET TO OUTPUT ALL LOG MESSAGES !!!
20230326 063632.229 INFO             PET3 !!!     THIS MAY CAUSE SLOWDOWN IN PERFORMANCE     !!!
20230326 063632.229 INFO             PET3 !!! FOR PRODUCTION RUNS, USE:                      !!!
20230326 063632.229 INFO             PET3 !!!                   ESMF_LOGKIND_Multi_On_Error  !!!
20230326 063632.229 INFO             PET3 !!!!!!!!!!!!!!!!!!!!!!!!!!!!!!!!!!!!!!!!!!!!!!!!!!!!!!
20230326 063632.229 INFO             PET3 Running with ESMF Version   : v8.5.0b18-5-ge74a33b91d
20230326 063632.229 INFO             PET3 ESMF library build date/time: "Mar 26 2023" "05:01:22"
20230326 063632.229 INFO             PET3 ESMF library build location : /glade/scratch/theurich/ESMF-Nightly-Testing/nvhpc_22.2_mpt_g_develop/esmf
20230326 063632.229 INFO             PET3 ESMF_COMM                   : mpt
20230326 063632.229 INFO             PET3 ESMF_MOAB                   : enabled
20230326 063632.229 INFO             PET3 ESMF_LAPACK                 : enabled
20230326 063632.229 INFO             PET3 ESMF_NETCDF                 : enabled
20230326 063632.229 INFO             PET3 ESMF_PNETCDF                : disabled
20230326 063632.229 INFO             PET3 ESMF_PIO                    : enabled
20230326 063632.229 INFO             PET3 ESMF_YAMLCPP                : enabled
20230326 063632.229 INFO             PET3 esmApp STARTING
20230326 063632.235 INFO             PET3 esm: InitializeGeneric intro.
20230326 063632.236 INFO             PET3   esm: InitializeP0 intro.
20230326 063632.236 INFO             PET3   esm: InitializeP0 extro.
20230326 063632.236 INFO             PET3   esm: InitializeIPDv02p1 intro.
20230326 063632.236 INFO             PET3     >>>esm: entered Initialize (phase=<none>) without valid internal Clock.
20230326 063632.236 INFO             PET3     esm - Creating model component ATM without petList.
20230326 063632.236 DEBUG            PET3     Generic SetVM() is executing for: ATM
20230326 063632.237 DEBUG            PET3     Generic SetVM() is calling ESMF_GridCompSetVMMaxPEs() for: ATM with:
20230326 063632.237 DEBUG            PET3      -             MaxCount =          2
20230326 063632.237 DEBUG            PET3      -       OpenMpHandling =
20230326 063632.237 DEBUG            PET3      -     OpenMpNumThreads =         -1
20230326 063632.237 DEBUG            PET3      -   ForceChildPthreads =          F
20230326 063632.237 DEBUG            PET3      -  PthreadMinStackSize =         -1
20230326 063632.237 DEBUG            PET3     vmkt_create()#201 Pthread: service=1 (0: actual PET, 1: service thread) - PTHREAD_STACK_MIN: 16384 bytes stack_size: 4194304 bytes
20230326 063632.237 DEBUG            PET3     vmkt_create()#201 Pthread: service=1 (0: actual PET, 1: service thread) - PTHREAD_STACK_MIN: 16384 bytes stack_size: 4194304 bytes
20230326 063632.241 INFO             PET3     esm - Creating model component OCN without petList.
20230326 063632.241 DEBUG            PET3     Generic SetVM() is executing for: OCN
20230326 063632.241 DEBUG            PET3     Generic SetVM() is calling ESMF_GridCompSetVMMaxPEs() for: OCN with:
20230326 063632.241 DEBUG            PET3      -             MaxCount =          4
20230326 063632.241 DEBUG            PET3      -       OpenMpHandling =
20230326 063632.241 DEBUG            PET3      -     OpenMpNumThreads =         -1
20230326 063632.241 DEBUG            PET3      -   ForceChildPthreads =          F
20230326 063632.242 DEBUG            PET3      -  PthreadMinStackSize =         -1
20230326 063632.242 DEBUG            PET3     vmkt_create()#201 Pthread: service=1 (0: actual PET, 1: service thread) - PTHREAD_STACK_MIN: 16384 bytes stack_size: 4194304 bytes
20230326 063632.242 DEBUG            PET3     vmkt_create()#201 Pthread: service=1 (0: actual PET, 1: service thread) - PTHREAD_STACK_MIN: 16384 bytes stack_size: 4194304 bytes
20230326 063632.246 INFO             PET3     esm - Creating connector component ATM-TO-OCN without petList.
20230326 063632.253 INFO             PET3     esm - Creating connector component OCN-TO-ATM without petList.
20230326 063632.260 INFO             PET3     esm - Creating state: modelComp 1 Import State
20230326 063632.261 INFO             PET3     esm - Creating state: modelComp 1 Export State
20230326 063632.262 INFO             PET3     esm - Creating state: modelComp 2 Import State
20230326 063632.263 INFO             PET3     esm - Creating state: modelComp 2 Export State
20230326 063632.283 INFO             PET3     ATM-TO-OCN: InitializeP0 intro.
20230326 063632.283 INFO             PET3     ATM-TO-OCN: InitializeP0 extro.
20230326 063632.284 INFO             PET3     OCN-TO-ATM: InitializeP0 intro.
20230326 063632.285 INFO             PET3     OCN-TO-ATM: InitializeP0 extro.
20230326 063632.287 INFO             PET3     esm: IInitAdvertise intro.
20230326 063632.287 INFO             PET3     esm: IInitAdvertise extro.
20230326 063632.307 INFO             PET3     ATM-TO-OCN: InitializeIPDv05p1 intro.
20230326 063632.312 INFO             PET3       ATM-TO-OCN: importState FieldTransferPolicy = transferNone
20230326 063632.312 INFO             PET3       ATM-TO-OCN: exportState FieldTransferPolicy = transferNone
20230326 063632.312 INFO             PET3     ATM-TO-OCN: InitializeIPDv05p1 extro.
20230326 063632.312 INFO             PET3     OCN-TO-ATM: InitializeIPDv05p1 intro.
20230326 063632.319 INFO             PET3       OCN-TO-ATM: importState FieldTransferPolicy = transferNone
20230326 063632.319 INFO             PET3       OCN-TO-ATM: exportState FieldTransferPolicy = transferNone
20230326 063632.319 INFO             PET3     OCN-TO-ATM: InitializeIPDv05p1 extro.
20230326 063632.319 INFO             PET3     esm: IInitAdvertiseFinish intro.
20230326 063632.319 INFO             PET3     esm: IInitAdvertiseFinish extro.
20230326 063632.333 INFO             PET3     ATM-TO-OCN: InitializeIPDv05p2a intro.
20230326 063632.340 INFO             PET3       ATM-TO-OCN:      importStandardNameList(i=  1): air_pressure_at_sea_level
20230326 063632.340 INFO             PET3       ATM-TO-OCN:         importNamespaceList(i=  1): ATM
20230326 063632.340 INFO             PET3       ATM-TO-OCN:            importCplSetList(i=  1): __UNSPECIFIED__
20230326 063632.341 INFO             PET3       ATM-TO-OCN:      exportStandardNameList(j=  1): air_pressure_at_sea_level
20230326 063632.341 INFO             PET3       ATM-TO-OCN:         exportNamespaceList(j=  1): OCN
20230326 063632.341 INFO             PET3       ATM-TO-OCN:            exportCplSetList(j=  1): __UNSPECIFIED__
20230326 063632.341 INFO             PET3       ATM-TO-OCN: bondLevel= 1
20230326 063632.341 INFO             PET3       ATM-TO-OCN: ProducerConnection (bondLevelMax):         1
20230326 063632.341 INFO             PET3       ATM-TO-OCN:      importStandardNameList(i=  2): surface_net_downward_shortwave_flux
20230326 063632.341 INFO             PET3       ATM-TO-OCN:         importNamespaceList(i=  2): ATM
20230326 063632.341 INFO             PET3       ATM-TO-OCN:            importCplSetList(i=  2): __UNSPECIFIED__
20230326 063632.341 INFO             PET3       ATM-TO-OCN:      exportStandardNameList(j=  2): surface_net_downward_shortwave_flux
20230326 063632.341 INFO             PET3       ATM-TO-OCN:         exportNamespaceList(j=  2): OCN
20230326 063632.341 INFO             PET3       ATM-TO-OCN:            exportCplSetList(j=  2): __UNSPECIFIED__
20230326 063632.341 INFO             PET3       ATM-TO-OCN: bondLevel= 1
20230326 063632.341 INFO             PET3       ATM-TO-OCN: ProducerConnection (bondLevelMax):         1
20230326 063632.341 INFO             PET3     ATM-TO-OCN: InitializeIPDv05p2a extro.
20230326 063632.341 INFO             PET3     OCN-TO-ATM: InitializeIPDv05p2a intro.
20230326 063632.346 INFO             PET3       OCN-TO-ATM:      importStandardNameList(i=  1): sea_surface_temperature
20230326 063632.346 INFO             PET3       OCN-TO-ATM:         importNamespaceList(i=  1): OCN
20230326 063632.346 INFO             PET3       OCN-TO-ATM:            importCplSetList(i=  1): __UNSPECIFIED__
20230326 063632.346 INFO             PET3       OCN-TO-ATM:      exportStandardNameList(j=  1): sea_surface_temperature
20230326 063632.346 INFO             PET3       OCN-TO-ATM:         exportNamespaceList(j=  1): ATM
20230326 063632.346 INFO             PET3       OCN-TO-ATM:            exportCplSetList(j=  1): __UNSPECIFIED__
20230326 063632.346 INFO             PET3       OCN-TO-ATM: bondLevel= 1
20230326 063632.346 INFO             PET3       OCN-TO-ATM: ProducerConnection (bondLevelMax):         1
20230326 063632.346 INFO             PET3     OCN-TO-ATM: InitializeIPDv05p2a extro.
20230326 063632.346 INFO             PET3     ATM-TO-OCN: InitializeIPDv05p2b intro.
20230326 063632.353 INFO             PET3       ATM-TO-OCN:      importStandardNameList(i=  1): air_pressure_at_sea_level
20230326 063632.353 INFO             PET3       ATM-TO-OCN:         importNamespaceList(i=  1): ATM
20230326 063632.353 INFO             PET3       ATM-TO-OCN:            importCplSetList(i=  1): __UNSPECIFIED__
20230326 063632.353 INFO             PET3       ATM-TO-OCN:      exportStandardNameList(j=  1): air_pressure_at_sea_level
20230326 063632.353 INFO             PET3       ATM-TO-OCN:         exportNamespaceList(j=  1): OCN
20230326 063632.353 INFO             PET3       ATM-TO-OCN:            exportCplSetList(j=  1): __UNSPECIFIED__
20230326 063632.353 INFO             PET3       ATM-TO-OCN: bondLevel= 1
20230326 063632.353 INFO             PET3       ATM-TO-OCN: => added cplList(  1)=air_pressure_at_sea_level, cplSetList(  1)=__UNSPECIFIED__
20230326 063632.353 INFO             PET3       ATM-TO-OCN:      importStandardNameList(i=  2): surface_net_downward_shortwave_flux
20230326 063632.353 INFO             PET3       ATM-TO-OCN:         importNamespaceList(i=  2): ATM
20230326 063632.353 INFO             PET3       ATM-TO-OCN:            importCplSetList(i=  2): __UNSPECIFIED__
20230326 063632.353 INFO             PET3       ATM-TO-OCN:      exportStandardNameList(j=  2): surface_net_downward_shortwave_flux
20230326 063632.353 INFO             PET3       ATM-TO-OCN:         exportNamespaceList(j=  2): OCN
20230326 063632.353 INFO             PET3       ATM-TO-OCN:            exportCplSetList(j=  2): __UNSPECIFIED__
20230326 063632.353 INFO             PET3       ATM-TO-OCN: bondLevel= 1
20230326 063632.353 INFO             PET3       ATM-TO-OCN: => added cplList(  2)=surface_net_downward_shortwave_flux, cplSetList(  2)=__UNSPECIFIED__
20230326 063632.353 INFO             PET3     ATM-TO-OCN: InitializeIPDv05p2b extro.
20230326 063632.353 INFO             PET3     OCN-TO-ATM: InitializeIPDv05p2b intro.
20230326 063632.358 INFO             PET3       OCN-TO-ATM:      importStandardNameList(i=  1): sea_surface_temperature
20230326 063632.358 INFO             PET3       OCN-TO-ATM:         importNamespaceList(i=  1): OCN
20230326 063632.358 INFO             PET3       OCN-TO-ATM:            importCplSetList(i=  1): __UNSPECIFIED__
20230326 063632.358 INFO             PET3       OCN-TO-ATM:      exportStandardNameList(j=  1): sea_surface_temperature
20230326 063632.358 INFO             PET3       OCN-TO-ATM:         exportNamespaceList(j=  1): ATM
20230326 063632.358 INFO             PET3       OCN-TO-ATM:            exportCplSetList(j=  1): __UNSPECIFIED__
20230326 063632.358 INFO             PET3       OCN-TO-ATM: bondLevel= 1
20230326 063632.358 INFO             PET3       OCN-TO-ATM: => added cplList(  1)=sea_surface_temperature, cplSetList(  1)=__UNSPECIFIED__
20230326 063632.358 INFO             PET3     OCN-TO-ATM: InitializeIPDv05p2b extro.
20230326 063632.359 INFO             PET3     esm: IInitModifyCplLists intro.
20230326 063632.359 INFO             PET3     esm: IInitModifyCplLists extro.
20230326 063632.359 INFO             PET3     ATM-TO-OCN: InitializeIPDv05p3 intro.
20230326 063632.366 INFO             PET3       ATM-TO-OCN: handle cplList(1): air_pressure_at_sea_level, cplSetList(1): __UNSPECIFIED__
20230326 063632.366 INFO             PET3       ATM-TO-OCN: - connected.
20230326 063632.366 INFO             PET3       ATM-TO-OCN: - import side may accept, export side must provide the Field/GeomObject.
20230326 063632.366 INFO             PET3       ATM-TO-OCN: - combination of provider and acceptor VM supports Field and/or GeomObject sharing between them.
20230326 063632.366 INFO             PET3       ATM-TO-OCN: - at least one side does not want to share the GeomObject -> not shared (isharePolicy=not share & esharePolicy=share)
20230326 063632.366 INFO             PET3       ATM-TO-OCN: - at least one side does not want to share the Field -> not shared (isharePolicy=not share & esharePolicy=not share)
20230326 063632.367 INFO             PET3       ATM-TO-OCN: handle cplList(2): surface_net_downward_shortwave_flux, cplSetList(2): __UNSPECIFIED__
20230326 063632.367 INFO             PET3       ATM-TO-OCN: - connected.
20230326 063632.367 INFO             PET3       ATM-TO-OCN: - import side may accept, export side must provide the Field/GeomObject.
20230326 063632.367 INFO             PET3       ATM-TO-OCN: - combination of provider and acceptor VM supports Field and/or GeomObject sharing between them.
20230326 063632.367 INFO             PET3       ATM-TO-OCN: - both sides want to share the GeomObject -> shared.
20230326 063632.367 INFO             PET3       ATM-TO-OCN: - both sides want to share the Field -> shared.
20230326 063632.367 INFO             PET3     ATM-TO-OCN: InitializeIPDv05p3 extro.
20230326 063632.367 INFO             PET3     OCN-TO-ATM: InitializeIPDv05p3 intro.
20230326 063632.372 INFO             PET3       OCN-TO-ATM: handle cplList(1): sea_surface_temperature, cplSetList(1): __UNSPECIFIED__
20230326 063632.372 INFO             PET3       OCN-TO-ATM: - connected.
20230326 063632.372 INFO             PET3       OCN-TO-ATM: - both sides must provide the Field/GeomObject.
20230326 063632.372 INFO             PET3     OCN-TO-ATM: InitializeIPDv05p3 extro.
20230326 063632.372 INFO             PET3     <<<esm: leaving Initialize (phase=<none>) with current time: 2010  6  1  0  0  0   0
20230326 063632.372 INFO             PET3   esm: InitializeIPDv02p1 extro.
20230326 063632.372 INFO             PET3   esm: InitializeIPDv02p3 intro.
20230326 063632.373 INFO             PET3     >>>esm: entered Initialize (phase=<none>) with current time: 2010  6  1  0  0  0   0
20230326 063632.373 INFO             PET3     esm: IInitCheck intro.
20230326 063632.373 INFO             PET3     esm: IInitCheck extro.
20230326 063632.387 INFO             PET3     ATM-TO-OCN: InitializeIPDv05p4 intro.
20230326 063632.396 INFO             PET3       ATM-TO-OCN: handle cplList(1): air_pressure_at_sea_level, cplSetList(1): __UNSPECIFIED__
20230326 063632.396 INFO             PET3       ATM-TO-OCN: - import ShareStatusGeomObject=not shared
20230326 063632.396 INFO             PET3       ATM-TO-OCN: - export ShareStatusGeomObject=not shared
20230326 063632.396 INFO             PET3       ATM-TO-OCN: -> NOT sharing GeomObject
20230326 063632.396 INFO             PET3       ATM-TO-OCN: - import ShareStatusField=not shared
20230326 063632.396 INFO             PET3       ATM-TO-OCN: - export ShareStatusField=not shared
20230326 063632.396 INFO             PET3       ATM-TO-OCN: -> NOT sharing Field.
20230326 063632.396 INFO             PET3       ATM-TO-OCN:  gridListMatch=  F for provider Grid: Grid005
20230326 063632.396 INFO             PET3       ATM-TO-OCN: - transferring underlying DistGrid (import <- export) for Grid: Grid005
20230326 063632.396 INFO             PET3       ATM-TO-OCN: - done creating acceptorDG from providerDG
20230326 063632.396 INFO             PET3       ATM-TO-OCN: - done transferring underlying DistGrid
20230326 063632.397 INFO             PET3       ATM-TO-OCN: handle cplList(2): surface_net_downward_shortwave_flux, cplSetList(2): __UNSPECIFIED__
20230326 063632.397 INFO             PET3       ATM-TO-OCN: - import ShareStatusGeomObject=shared
20230326 063632.397 INFO             PET3       ATM-TO-OCN: - export ShareStatusGeomObject=shared
20230326 063632.397 INFO             PET3       ATM-TO-OCN: -> sharing GeomObject
20230326 063632.397 INFO             PET3       ATM-TO-OCN: - import ShareStatusField=shared
20230326 063632.397 INFO             PET3       ATM-TO-OCN: - export ShareStatusField=shared
20230326 063632.397 INFO             PET3       ATM-TO-OCN: -> sharing Field.
20230326 063632.401 INFO             PET3       ATM-TO-OCN: - Grid-based acceptorField created and realized, reference sharing with providerField
20230326 063632.401 INFO             PET3     ATM-TO-OCN: InitializeIPDv05p4 extro.
20230326 063632.401 INFO             PET3     OCN-TO-ATM: InitializeIPDv05p4 intro.
20230326 063632.408 INFO             PET3       OCN-TO-ATM: handle cplList(1): sea_surface_temperature, cplSetList(1): __UNSPECIFIED__
20230326 063632.408 INFO             PET3       OCN-TO-ATM: - nothing shared or transferred
20230326 063632.408 INFO             PET3     OCN-TO-ATM: InitializeIPDv05p4 extro.
20230326 063632.409 INFO             PET3     ATM-TO-OCN: InitializeIPDv05p5 intro.
20230326 063632.420 INFO             PET3       ATM-TO-OCN: handle cplList(1): air_pressure_at_sea_level, cplSetList(1): __UNSPECIFIED__
20230326 063632.420 INFO             PET3       ATM-TO-OCN: - import ShareStatusGeomObject=not shared
20230326 063632.420 INFO             PET3       ATM-TO-OCN: - export ShareStatusGeomObject=not shared
20230326 063632.420 INFO             PET3       ATM-TO-OCN: -> NOT sharing GeomObject
20230326 063632.420 INFO             PET3       ATM-TO-OCN: - import ShareStatusField=not shared
20230326 063632.420 INFO             PET3       ATM-TO-OCN: - export ShareStatusField=not shared
20230326 063632.420 INFO             PET3       ATM-TO-OCN: -> NOT sharing Field
20230326 063632.420 INFO             PET3       ATM-TO-OCN:  gridListMatch=  F for acceptor Grid: Grid005
20230326 063632.420 INFO             PET3       ATM-TO-OCN: - transferring the full geomobject with coordinates (import <- export) for Grid: Grid005
20230326 063632.448 INFO             PET3       ATM-TO-OCN: - done transferring the full Grid with coordinates
20230326 063632.448 INFO             PET3       ATM-TO-OCN: handle cplList(2): surface_net_downward_shortwave_flux, cplSetList(2): __UNSPECIFIED__
20230326 063632.448 INFO             PET3       ATM-TO-OCN: - nothing shared or transferred, or may already be handled
20230326 063632.448 DEBUG            PET3       about to destroy Grid: 0x2633160
20230326 063632.448 INFO             PET3     ATM-TO-OCN: InitializeIPDv05p5 extro.
20230326 063632.448 INFO             PET3     OCN-TO-ATM: InitializeIPDv05p5 intro.
20230326 063632.456 INFO             PET3       OCN-TO-ATM: handle cplList(1): sea_surface_temperature, cplSetList(1): __UNSPECIFIED__
20230326 063632.456 INFO             PET3       OCN-TO-ATM: - nothing shared or transferred, or may already be handled
20230326 063632.456 INFO             PET3     OCN-TO-ATM: InitializeIPDv05p5 extro.
20230326 063632.456 INFO             PET3     esm: IInitRealize intro.
20230326 063632.456 INFO             PET3     esm: IInitRealize extro.
20230326 063632.471 INFO             PET3     ATM-TO-OCN: InitializeIPDv05p6a intro.
20230326 063632.482 INFO             PET3     ATM-TO-OCN: InitializeIPDv05p6a extro.
20230326 063632.482 INFO             PET3     OCN-TO-ATM: InitializeIPDv05p6a intro.
20230326 063632.489 INFO             PET3     OCN-TO-ATM: InitializeIPDv05p6a extro.
20230326 063632.489 INFO             PET3     ATM-TO-OCN: InitializeIPDv05p6b intro.
20230326 063632.490 INFO             PET3       ATM-TO-OCN: handle cplList(1): air_pressure_at_sea_level, cplSetList(1): __UNSPECIFIED__
20230326 063632.490 INFO             PET3       ATM-TO-OCN: - no Field sharing between import and export side: remap.
20230326 063632.490 INFO             PET3       ATM-TO-OCN: handle cplList(2): surface_net_downward_shortwave_flux, cplSetList(2): __UNSPECIFIED__
20230326 063632.490 INFO             PET3       ATM-TO-OCN: - Field sharing between import and export side: NO remap.
20230326 063632.491 DEBUG            PET3       ESMF_FieldBundleRegridStorePair(): Inside 'rhReuse' branch!
20230326 063632.491 DEBUG            PET3       ESMF_FieldBundleRegridStorePair(): srcGeomtype==ESMF_GEOMTYPE_GRID
20230326 063632.491 DEBUG            PET3       ESMF_FieldBundleRegridStorePair(): dstGeomtype==ESMF_GEOMTYPE_GRID
20230326 063632.491 DEBUG            PET3       ESMF_FieldBundleRegridStorePair(): no rhListMatch -> pre-compute new remapping!
