2023-03-31 05:00:39
20230331 064028.688 INFO             PET0 !!!!!!!!!!!!!!!!!!!!!!!!!!!!!!!!!!!!!!!!!!!!!!!!!!!!!!
20230331 064028.688 INFO             PET0 !!! THE ESMF_LOG IS SET TO OUTPUT ALL LOG MESSAGES !!!
20230331 064028.688 INFO             PET0 !!!     THIS MAY CAUSE SLOWDOWN IN PERFORMANCE     !!!
20230331 064028.688 INFO             PET0 !!! FOR PRODUCTION RUNS, USE:                      !!!
20230331 064028.688 INFO             PET0 !!!                   ESMF_LOGKIND_Multi_On_Error  !!!
20230331 064028.688 INFO             PET0 !!!!!!!!!!!!!!!!!!!!!!!!!!!!!!!!!!!!!!!!!!!!!!!!!!!!!!
20230331 064028.688 INFO             PET0 Running with ESMF Version   : v8.5.0b19
20230331 064028.688 INFO             PET0 ESMF library build date/time: "Mar 31 2023" "04:57:26"
20230331 064028.688 INFO             PET0 ESMF library build location : /glade/scratch/theurich/ESMF-Nightly-Testing/nvhpc_22.2_mpt_g_develop/esmf
20230331 064028.688 INFO             PET0 ESMF_COMM                   : mpt
20230331 064028.688 INFO             PET0 ESMF_MOAB                   : enabled
20230331 064028.688 INFO             PET0 ESMF_LAPACK                 : enabled
20230331 064028.688 INFO             PET0 ESMF_NETCDF                 : enabled
20230331 064028.688 INFO             PET0 ESMF_PNETCDF                : disabled
20230331 064028.688 INFO             PET0 ESMF_PIO                    : enabled
20230331 064028.688 INFO             PET0 ESMF_YAMLCPP                : enabled
20230331 064028.689 INFO             PET0 esmApp STARTING
20230331 064028.695 INFO             PET0 esm: InitializeGeneric intro.
20230331 064028.695 INFO             PET0   esm: InitializeP0 intro.
20230331 064028.695 INFO             PET0   esm: InitializeP0 extro.
20230331 064028.695 INFO             PET0   esm: InitializeIPDv02p1 intro.
20230331 064028.695 INFO             PET0     >>>esm: entered Initialize (phase=<none>) without valid internal Clock.
20230331 064028.696 INFO             PET0     esm - Creating model component ATM with petList of size 1 :
20230331 064028.696 INFO             PET0           0
20230331 064028.699 INFO             PET0     esm - Creating model component OCN with petList of size 1 :
20230331 064028.699 INFO             PET0           2
20230331 064028.700 INFO             PET0     esm - Creating model component MED with petList of size 2 :
20230331 064028.700 INFO             PET0           1      3
20230331 064028.712 INFO             PET0      esm: set Driver slow timeStep to            60  minutes.
20230331 064028.713 INFO             PET0     esm - Creating state: modelComp 1 Import State
20230331 064028.713 INFO             PET0     esm - Creating state: modelComp 1 Export State
20230331 064028.713 INFO             PET0     esm - Creating state: modelComp 2 Import State
20230331 064028.713 INFO             PET0     esm - Creating state: modelComp 2 Export State
20230331 064028.713 INFO             PET0     esm - Creating state: modelComp 3 Import State
20230331 064028.713 INFO             PET0     esm - Creating state: modelComp 3 Export State
20230331 064028.715 INFO             PET0     ATM: InitializeP0 intro.
20230331 064028.717 INFO             PET0     ATM: InitializeP0 extro.
20230331 064028.721 INFO             PET0     esm - Creating connector component OCN-TO-MED with petList of size 3 :
20230331 064028.721 INFO             PET0           2      1      3
20230331 064028.730 INFO             PET0     esm - Setting Verbosity on created component to: high
20230331 064028.730 INFO             PET0     esm - Setting Profiling on created component to:          0
20230331 064028.730 INFO             PET0     esm - Creating connector component MED-TO-OCN with petList of size 3 :
20230331 064028.730 INFO             PET0           1      3      2
20230331 064028.739 INFO             PET0     esm - Setting Verbosity on created component to: high
20230331 064028.739 INFO             PET0     esm - Setting Profiling on created component to:          0
20230331 064028.739 INFO             PET0     esm - Creating connector component MED-TO-ATM with petList of size 3 :
20230331 064028.740 INFO             PET0           1      3      0
20230331 064028.750 INFO             PET0     esm - Setting Verbosity on created component to: high
20230331 064028.750 INFO             PET0     esm - Setting Profiling on created component to:          0
20230331 064028.750 INFO             PET0     esm - Creating connector component ATM-TO-MED with petList of size 3 :
20230331 064028.750 INFO             PET0           0      1      3
20230331 064028.759 INFO             PET0     esm - Setting Verbosity on created component to: high
20230331 064028.759 INFO             PET0     esm - Setting Profiling on created component to:          0
20230331 064028.761 INFO             PET0      esm: set Driver fast timeStep to            30  minutes.
20230331 064028.763 INFO             PET0     esm: IInitAdvertise intro.
20230331 064028.763 INFO             PET0     esm: IInitAdvertise extro.
20230331 064028.764 INFO             PET0     ATM: InitializeIPDvXp01 intro.
20230331 064028.767 INFO             PET0     ATM: InitializeIPDvXp01 extro.
20230331 064028.772 INFO             PET0     ATM-TO-MED: InitializeIPDv05p1 intro.
20230331 064028.780 INFO             PET0       ATM-TO-MED: importState FieldTransferPolicy = transferNone
20230331 064028.780 INFO             PET0       ATM-TO-MED: exportState FieldTransferPolicy = transferNone
20230331 064028.780 INFO             PET0     ATM-TO-MED: InitializeIPDv05p1 extro.
20230331 064028.780 INFO             PET0     MED-TO-ATM: InitializeIPDv05p1 intro.
20230331 064028.793 INFO             PET0       MED-TO-ATM: importState FieldTransferPolicy = transferNone
20230331 064028.793 INFO             PET0       MED-TO-ATM: exportState FieldTransferPolicy = transferNone
20230331 064028.793 INFO             PET0     MED-TO-ATM: InitializeIPDv05p1 extro.
20230331 064028.793 INFO             PET0     esm: IInitAdvertiseFinish intro.
20230331 064028.793 INFO             PET0     esm: IInitAdvertiseFinish extro.
20230331 064028.793 INFO             PET0     ATM-TO-MED: InitializeIPDv05p2a intro.
20230331 064028.808 INFO             PET0       ATM-TO-MED:      importStandardNameList(i=  1): air_pressure_at_sea_level
20230331 064028.808 INFO             PET0       ATM-TO-MED:         importNamespaceList(i=  1): ATM
20230331 064028.808 INFO             PET0       ATM-TO-MED:            importCplSetList(i=  1): __UNSPECIFIED__
20230331 064028.808 INFO             PET0       ATM-TO-MED:      exportStandardNameList(j=  1): air_pressure_at_sea_level
20230331 064028.808 INFO             PET0       ATM-TO-MED:         exportNamespaceList(j=  1): MED
20230331 064028.808 INFO             PET0       ATM-TO-MED:            exportCplSetList(j=  1): __UNSPECIFIED__
20230331 064028.808 INFO             PET0       ATM-TO-MED: bondLevel= 1
20230331 064028.808 INFO             PET0       ATM-TO-MED: ProducerConnection (bondLevelMax):         1
20230331 064028.808 INFO             PET0       ATM-TO-MED:      importStandardNameList(i=  2): surface_net_downward_shortwave_flux
20230331 064028.808 INFO             PET0       ATM-TO-MED:         importNamespaceList(i=  2): ATM
20230331 064028.808 INFO             PET0       ATM-TO-MED:            importCplSetList(i=  2): __UNSPECIFIED__
20230331 064028.808 INFO             PET0       ATM-TO-MED:      exportStandardNameList(j=  2): surface_net_downward_shortwave_flux
20230331 064028.808 INFO             PET0       ATM-TO-MED:         exportNamespaceList(j=  2): MED
20230331 064028.808 INFO             PET0       ATM-TO-MED:            exportCplSetList(j=  2): __UNSPECIFIED__
20230331 064028.808 INFO             PET0       ATM-TO-MED: bondLevel= 1
20230331 064028.808 INFO             PET0       ATM-TO-MED: ProducerConnection (bondLevelMax):         1
20230331 064028.808 INFO             PET0     ATM-TO-MED: InitializeIPDv05p2a extro.
20230331 064028.808 INFO             PET0     MED-TO-ATM: InitializeIPDv05p2a intro.
20230331 064028.821 INFO             PET0       MED-TO-ATM:      importStandardNameList(i=  3): sea_surface_temperature
20230331 064028.821 INFO             PET0       MED-TO-ATM:         importNamespaceList(i=  3): MED
20230331 064028.821 INFO             PET0       MED-TO-ATM:            importCplSetList(i=  3): __UNSPECIFIED__
20230331 064028.821 INFO             PET0       MED-TO-ATM:      exportStandardNameList(j=  1): sea_surface_temperature
20230331 064028.821 INFO             PET0       MED-TO-ATM:         exportNamespaceList(j=  1): ATM
20230331 064028.821 INFO             PET0       MED-TO-ATM:            exportCplSetList(j=  1): __UNSPECIFIED__
20230331 064028.821 INFO             PET0       MED-TO-ATM: bondLevel= 1
20230331 064028.821 INFO             PET0       MED-TO-ATM: ProducerConnection (bondLevelMax):         1
20230331 064028.821 INFO             PET0     MED-TO-ATM: InitializeIPDv05p2a extro.
20230331 064028.821 INFO             PET0     ATM-TO-MED: InitializeIPDv05p2b intro.
20230331 064028.836 INFO             PET0       ATM-TO-MED:      importStandardNameList(i=  1): air_pressure_at_sea_level
20230331 064028.836 INFO             PET0       ATM-TO-MED:         importNamespaceList(i=  1): ATM
20230331 064028.836 INFO             PET0       ATM-TO-MED:            importCplSetList(i=  1): __UNSPECIFIED__
20230331 064028.836 INFO             PET0       ATM-TO-MED:      exportStandardNameList(j=  1): air_pressure_at_sea_level
20230331 064028.836 INFO             PET0       ATM-TO-MED:         exportNamespaceList(j=  1): MED
20230331 064028.836 INFO             PET0       ATM-TO-MED:            exportCplSetList(j=  1): __UNSPECIFIED__
20230331 064028.836 INFO             PET0       ATM-TO-MED: bondLevel= 1
20230331 064028.836 INFO             PET0       ATM-TO-MED: => added cplList(  1)=air_pressure_at_sea_level, cplSetList(  1)=__UNSPECIFIED__
20230331 064028.836 INFO             PET0       ATM-TO-MED:      importStandardNameList(i=  2): surface_net_downward_shortwave_flux
20230331 064028.836 INFO             PET0       ATM-TO-MED:         importNamespaceList(i=  2): ATM
20230331 064028.836 INFO             PET0       ATM-TO-MED:            importCplSetList(i=  2): __UNSPECIFIED__
20230331 064028.836 INFO             PET0       ATM-TO-MED:      exportStandardNameList(j=  2): surface_net_downward_shortwave_flux
20230331 064028.836 INFO             PET0       ATM-TO-MED:         exportNamespaceList(j=  2): MED
20230331 064028.836 INFO             PET0       ATM-TO-MED:            exportCplSetList(j=  2): __UNSPECIFIED__
20230331 064028.836 INFO             PET0       ATM-TO-MED: bondLevel= 1
20230331 064028.836 INFO             PET0       ATM-TO-MED: => added cplList(  2)=surface_net_downward_shortwave_flux, cplSetList(  2)=__UNSPECIFIED__
20230331 064028.836 INFO             PET0     ATM-TO-MED: InitializeIPDv05p2b extro.
20230331 064028.837 INFO             PET0     MED-TO-ATM: InitializeIPDv05p2b intro.
20230331 064028.849 INFO             PET0       MED-TO-ATM:      importStandardNameList(i=  3): sea_surface_temperature
20230331 064028.849 INFO             PET0       MED-TO-ATM:         importNamespaceList(i=  3): MED
20230331 064028.849 INFO             PET0       MED-TO-ATM:            importCplSetList(i=  3): __UNSPECIFIED__
20230331 064028.849 INFO             PET0       MED-TO-ATM:      exportStandardNameList(j=  1): sea_surface_temperature
20230331 064028.849 INFO             PET0       MED-TO-ATM:         exportNamespaceList(j=  1): ATM
20230331 064028.849 INFO             PET0       MED-TO-ATM:            exportCplSetList(j=  1): __UNSPECIFIED__
20230331 064028.849 INFO             PET0       MED-TO-ATM: bondLevel= 1
20230331 064028.849 INFO             PET0       MED-TO-ATM: => added cplList(  1)=sea_surface_temperature, cplSetList(  1)=__UNSPECIFIED__
20230331 064028.849 INFO             PET0     MED-TO-ATM: InitializeIPDv05p2b extro.
20230331 064028.850 INFO             PET0     esm: IInitModifyCplLists intro.
20230331 064028.850 INFO             PET0     esm: IInitModifyCplLists extro.
20230331 064028.850 INFO             PET0     ATM-TO-MED: InitializeIPDv05p3 intro.
20230331 064028.865 INFO             PET0       ATM-TO-MED: handle cplList(1): air_pressure_at_sea_level, cplSetList(1): __UNSPECIFIED__
20230331 064028.865 INFO             PET0       ATM-TO-MED: - connected.
20230331 064028.865 INFO             PET0       ATM-TO-MED: - both sides must provide the Field/GeomObject.
20230331 064028.866 INFO             PET0       ATM-TO-MED: handle cplList(2): surface_net_downward_shortwave_flux, cplSetList(2): __UNSPECIFIED__
20230331 064028.866 INFO             PET0       ATM-TO-MED: - connected.
20230331 064028.866 INFO             PET0       ATM-TO-MED: - both sides must provide the Field/GeomObject.
20230331 064028.866 INFO             PET0     ATM-TO-MED: InitializeIPDv05p3 extro.
20230331 064028.866 INFO             PET0     MED-TO-ATM: InitializeIPDv05p3 intro.
20230331 064028.879 INFO             PET0       MED-TO-ATM: handle cplList(1): sea_surface_temperature, cplSetList(1): __UNSPECIFIED__
20230331 064028.879 INFO             PET0       MED-TO-ATM: - connected.
20230331 064028.879 INFO             PET0       MED-TO-ATM: - both sides must provide the Field/GeomObject.
20230331 064028.879 INFO             PET0     MED-TO-ATM: InitializeIPDv05p3 extro.
20230331 064028.880 INFO             PET0     <<<esm: leaving Initialize (phase=<none>) with current time: 2010  6  1  0  0  0   0
20230331 064028.880 INFO             PET0   esm: InitializeIPDv02p1 extro.
20230331 064028.880 INFO             PET0   esm: InitializeIPDv02p3 intro.
20230331 064028.880 INFO             PET0     >>>esm: entered Initialize (phase=<none>) with current time: 2010  6  1  0  0  0   0
20230331 064028.880 INFO             PET0     esm: IInitCheck intro.
20230331 064028.880 INFO             PET0     esm: IInitCheck extro.
20230331 064028.880 INFO             PET0     ATM: InitializeIPDvXp04 intro.
20230331 064028.886 INFO             PET0     ATM: InitializeIPDvXp04 extro.
20230331 064028.925 INFO             PET0     ATM-TO-MED: InitializeIPDv05p4 intro.
20230331 064028.937 INFO             PET0       ATM-TO-MED: handle cplList(1): air_pressure_at_sea_level, cplSetList(1): __UNSPECIFIED__
20230331 064028.937 INFO             PET0       ATM-TO-MED: - nothing shared or transferred
20230331 064028.937 INFO             PET0       ATM-TO-MED: handle cplList(2): surface_net_downward_shortwave_flux, cplSetList(2): __UNSPECIFIED__
20230331 064028.937 INFO             PET0       ATM-TO-MED: - nothing shared or transferred
20230331 064028.937 INFO             PET0     ATM-TO-MED: InitializeIPDv05p4 extro.
20230331 064028.938 INFO             PET0     MED-TO-ATM: InitializeIPDv05p4 intro.
20230331 064028.958 INFO             PET0       MED-TO-ATM: handle cplList(1): sea_surface_temperature, cplSetList(1): __UNSPECIFIED__
20230331 064028.958 INFO             PET0       MED-TO-ATM: - nothing shared or transferred
20230331 064028.958 INFO             PET0     MED-TO-ATM: InitializeIPDv05p4 extro.
20230331 064028.959 INFO             PET0     ATM-TO-MED: InitializeIPDv05p5 intro.
20230331 064028.983 INFO             PET0       ATM-TO-MED: handle cplList(1): air_pressure_at_sea_level, cplSetList(1): __UNSPECIFIED__
20230331 064028.983 INFO             PET0       ATM-TO-MED: - nothing shared or transferred, or may already be handled
20230331 064028.983 INFO             PET0       ATM-TO-MED: handle cplList(2): surface_net_downward_shortwave_flux, cplSetList(2): __UNSPECIFIED__
20230331 064028.983 INFO             PET0       ATM-TO-MED: - nothing shared or transferred, or may already be handled
20230331 064028.983 INFO             PET0     ATM-TO-MED: InitializeIPDv05p5 extro.
20230331 064028.983 INFO             PET0     MED-TO-ATM: InitializeIPDv05p5 intro.
20230331 064029.004 INFO             PET0       MED-TO-ATM: handle cplList(1): sea_surface_temperature, cplSetList(1): __UNSPECIFIED__
20230331 064029.004 INFO             PET0       MED-TO-ATM: - nothing shared or transferred, or may already be handled
20230331 064029.004 INFO             PET0     MED-TO-ATM: InitializeIPDv05p5 extro.
20230331 064029.004 INFO             PET0     esm: IInitRealize intro.
20230331 064029.004 INFO             PET0     esm: IInitRealize extro.
20230331 064029.005 INFO             PET0     ATM-TO-MED: InitializeIPDv05p6a intro.
20230331 064029.028 INFO             PET0     ATM-TO-MED: InitializeIPDv05p6a extro.
20230331 064029.029 INFO             PET0     MED-TO-ATM: InitializeIPDv05p6a intro.
20230331 064029.048 INFO             PET0     MED-TO-ATM: InitializeIPDv05p6a extro.
20230331 064029.048 INFO             PET0     ATM-TO-MED: InitializeIPDv05p6b intro.
20230331 064029.049 INFO             PET0       ATM-TO-MED: handle cplList(1): air_pressure_at_sea_level, cplSetList(1): __UNSPECIFIED__
20230331 064029.049 INFO             PET0       ATM-TO-MED: - no Field sharing between import and export side: remap.
20230331 064028.688 INFO             PET1 !!!!!!!!!!!!!!!!!!!!!!!!!!!!!!!!!!!!!!!!!!!!!!!!!!!!!!
20230331 064028.688 INFO             PET1 !!! THE ESMF_LOG IS SET TO OUTPUT ALL LOG MESSAGES !!!
20230331 064028.688 INFO             PET1 !!!     THIS MAY CAUSE SLOWDOWN IN PERFORMANCE     !!!
20230331 064028.688 INFO             PET1 !!! FOR PRODUCTION RUNS, USE:                      !!!
20230331 064028.688 INFO             PET1 !!!                   ESMF_LOGKIND_Multi_On_Error  !!!
20230331 064028.688 INFO             PET1 !!!!!!!!!!!!!!!!!!!!!!!!!!!!!!!!!!!!!!!!!!!!!!!!!!!!!!
20230331 064028.688 INFO             PET1 Running with ESMF Version   : v8.5.0b19
20230331 064028.688 INFO             PET1 ESMF library build date/time: "Mar 31 2023" "04:57:26"
20230331 064028.688 INFO             PET1 ESMF library build location : /glade/scratch/theurich/ESMF-Nightly-Testing/nvhpc_22.2_mpt_g_develop/esmf
20230331 064028.688 INFO             PET1 ESMF_COMM                   : mpt
20230331 064028.688 INFO             PET1 ESMF_MOAB                   : enabled
20230331 064028.688 INFO             PET1 ESMF_LAPACK                 : enabled
20230331 064028.688 INFO             PET1 ESMF_NETCDF                 : enabled
20230331 064028.688 INFO             PET1 ESMF_PNETCDF                : disabled
20230331 064028.688 INFO             PET1 ESMF_PIO                    : enabled
20230331 064028.688 INFO             PET1 ESMF_YAMLCPP                : enabled
20230331 064028.689 INFO             PET1 esmApp STARTING
20230331 064028.695 INFO             PET1 esm: InitializeGeneric intro.
20230331 064028.695 INFO             PET1   esm: InitializeP0 intro.
20230331 064028.695 INFO             PET1   esm: InitializeP0 extro.
20230331 064028.695 INFO             PET1   esm: InitializeIPDv02p1 intro.
20230331 064028.695 INFO             PET1     >>>esm: entered Initialize (phase=<none>) without valid internal Clock.
20230331 064028.696 INFO             PET1     esm - Creating model component ATM with petList of size 1 :
20230331 064028.696 INFO             PET1           0
20230331 064028.696 INFO             PET1     esm - Creating model component OCN with petList of size 1 :
20230331 064028.696 INFO             PET1           2
20230331 064028.696 INFO             PET1     esm - Creating model component MED with petList of size 2 :
20230331 064028.696 INFO             PET1           1      3
20230331 064028.712 INFO             PET1      esm: set Driver slow timeStep to            60  minutes.
20230331 064028.713 INFO             PET1     esm - Creating state: modelComp 1 Import State
20230331 064028.713 INFO             PET1     esm - Creating state: modelComp 1 Export State
20230331 064028.713 INFO             PET1     esm - Creating state: modelComp 2 Import State
20230331 064028.713 INFO             PET1     esm - Creating state: modelComp 2 Export State
20230331 064028.713 INFO             PET1     esm - Creating state: modelComp 3 Import State
20230331 064028.713 INFO             PET1     esm - Creating state: modelComp 3 Export State
20230331 064028.715 INFO             PET1     MED: InitializeP0 intro.
20230331 064028.717 INFO             PET1     MED: InitializeP0 extro.
20230331 064028.721 INFO             PET1     esm - Creating connector component OCN-TO-MED with petList of size 3 :
20230331 064028.721 INFO             PET1           2      1      3
20230331 064028.730 INFO             PET1     esm - Setting Verbosity on created component to: high
20230331 064028.730 INFO             PET1     esm - Setting Profiling on created component to:          0
20230331 064028.730 INFO             PET1     esm - Creating connector component MED-TO-OCN with petList of size 3 :
20230331 064028.730 INFO             PET1           1      3      2
20230331 064028.738 INFO             PET1     esm - Setting Verbosity on created component to: high
20230331 064028.739 INFO             PET1     esm - Setting Profiling on created component to:          0
20230331 064028.739 INFO             PET1     esm - Creating connector component MED-TO-ATM with petList of size 3 :
20230331 064028.741 INFO             PET1           1      3      0
20230331 064028.750 INFO             PET1     esm - Setting Verbosity on created component to: high
20230331 064028.750 INFO             PET1     esm - Setting Profiling on created component to:          0
20230331 064028.750 INFO             PET1     esm - Creating connector component ATM-TO-MED with petList of size 3 :
20230331 064028.750 INFO             PET1           0      1      3
20230331 064028.759 INFO             PET1     esm - Setting Verbosity on created component to: high
20230331 064028.759 INFO             PET1     esm - Setting Profiling on created component to:          0
20230331 064028.761 INFO             PET1      esm: set Driver fast timeStep to            30  minutes.
20230331 064028.763 INFO             PET1     esm: IInitAdvertise intro.
20230331 064028.763 INFO             PET1     esm: IInitAdvertise extro.
20230331 064028.764 INFO             PET1     MED: InitializeIPDvXp01 intro.
20230331 064028.769 INFO             PET1     MED: InitializeIPDvXp01 extro.
20230331 064028.772 INFO             PET1     ATM-TO-MED: InitializeIPDv05p1 intro.
20230331 064028.780 INFO             PET1       ATM-TO-MED: importState FieldTransferPolicy = transferNone
20230331 064028.780 INFO             PET1       ATM-TO-MED: exportState FieldTransferPolicy = transferNone
20230331 064028.780 INFO             PET1     ATM-TO-MED: InitializeIPDv05p1 extro.
20230331 064028.780 INFO             PET1     OCN-TO-MED: InitializeIPDv05p1 intro.
20230331 064028.786 INFO             PET1       OCN-TO-MED: importState FieldTransferPolicy = transferNone
20230331 064028.786 INFO             PET1       OCN-TO-MED: exportState FieldTransferPolicy = transferNone
20230331 064028.787 INFO             PET1     OCN-TO-MED: InitializeIPDv05p1 extro.
20230331 064028.787 INFO             PET1     MED-TO-ATM: InitializeIPDv05p1 intro.
20230331 064028.793 INFO             PET1       MED-TO-ATM: importState FieldTransferPolicy = transferNone
20230331 064028.793 INFO             PET1       MED-TO-ATM: exportState FieldTransferPolicy = transferNone
20230331 064028.793 INFO             PET1     MED-TO-ATM: InitializeIPDv05p1 extro.
20230331 064028.793 INFO             PET1     MED-TO-OCN: InitializeIPDv05p1 intro.
20230331 064028.800 INFO             PET1       MED-TO-OCN: importState FieldTransferPolicy = transferNone
20230331 064028.800 INFO             PET1       MED-TO-OCN: exportState FieldTransferPolicy = transferNone
20230331 064028.800 INFO             PET1     MED-TO-OCN: InitializeIPDv05p1 extro.
20230331 064028.800 INFO             PET1     esm: IInitAdvertiseFinish intro.
20230331 064028.800 INFO             PET1     esm: IInitAdvertiseFinish extro.
20230331 064028.800 INFO             PET1     ATM-TO-MED: InitializeIPDv05p2a intro.
20230331 064028.808 INFO             PET1       ATM-TO-MED:      importStandardNameList(i=  1): air_pressure_at_sea_level
20230331 064028.808 INFO             PET1       ATM-TO-MED:         importNamespaceList(i=  1): ATM
20230331 064028.808 INFO             PET1       ATM-TO-MED:            importCplSetList(i=  1): __UNSPECIFIED__
20230331 064028.808 INFO             PET1       ATM-TO-MED:      exportStandardNameList(j=  1): air_pressure_at_sea_level
20230331 064028.808 INFO             PET1       ATM-TO-MED:         exportNamespaceList(j=  1): MED
20230331 064028.808 INFO             PET1       ATM-TO-MED:            exportCplSetList(j=  1): __UNSPECIFIED__
20230331 064028.808 INFO             PET1       ATM-TO-MED: bondLevel= 1
20230331 064028.808 INFO             PET1       ATM-TO-MED: ProducerConnection (bondLevelMax):         1
20230331 064028.808 INFO             PET1       ATM-TO-MED:      importStandardNameList(i=  2): surface_net_downward_shortwave_flux
20230331 064028.808 INFO             PET1       ATM-TO-MED:         importNamespaceList(i=  2): ATM
20230331 064028.808 INFO             PET1       ATM-TO-MED:            importCplSetList(i=  2): __UNSPECIFIED__
20230331 064028.808 INFO             PET1       ATM-TO-MED:      exportStandardNameList(j=  2): surface_net_downward_shortwave_flux
20230331 064028.808 INFO             PET1       ATM-TO-MED:         exportNamespaceList(j=  2): MED
20230331 064028.808 INFO             PET1       ATM-TO-MED:            exportCplSetList(j=  2): __UNSPECIFIED__
20230331 064028.808 INFO             PET1       ATM-TO-MED: bondLevel= 1
20230331 064028.808 INFO             PET1       ATM-TO-MED: ProducerConnection (bondLevelMax):         1
20230331 064028.808 INFO             PET1     ATM-TO-MED: InitializeIPDv05p2a extro.
20230331 064028.808 INFO             PET1     OCN-TO-MED: InitializeIPDv05p2a intro.
20230331 064028.814 INFO             PET1       OCN-TO-MED:      importStandardNameList(i=  1): sea_surface_temperature
20230331 064028.814 INFO             PET1       OCN-TO-MED:         importNamespaceList(i=  1): OCN
20230331 064028.814 INFO             PET1       OCN-TO-MED:            importCplSetList(i=  1): __UNSPECIFIED__
20230331 064028.814 INFO             PET1       OCN-TO-MED:      exportStandardNameList(j=  3): sea_surface_temperature
20230331 064028.814 INFO             PET1       OCN-TO-MED:         exportNamespaceList(j=  3): MED
20230331 064028.814 INFO             PET1       OCN-TO-MED:            exportCplSetList(j=  3): __UNSPECIFIED__
20230331 064028.814 INFO             PET1       OCN-TO-MED: bondLevel= 1
20230331 064028.814 INFO             PET1       OCN-TO-MED: ProducerConnection (bondLevelMax):         1
20230331 064028.814 INFO             PET1     OCN-TO-MED: InitializeIPDv05p2a extro.
20230331 064028.815 INFO             PET1     MED-TO-ATM: InitializeIPDv05p2a intro.
20230331 064028.821 INFO             PET1       MED-TO-ATM:      importStandardNameList(i=  3): sea_surface_temperature
20230331 064028.821 INFO             PET1       MED-TO-ATM:         importNamespaceList(i=  3): MED
20230331 064028.821 INFO             PET1       MED-TO-ATM:            importCplSetList(i=  3): __UNSPECIFIED__
20230331 064028.821 INFO             PET1       MED-TO-ATM:      exportStandardNameList(j=  1): sea_surface_temperature
20230331 064028.821 INFO             PET1       MED-TO-ATM:         exportNamespaceList(j=  1): ATM
20230331 064028.821 INFO             PET1       MED-TO-ATM:            exportCplSetList(j=  1): __UNSPECIFIED__
20230331 064028.821 INFO             PET1       MED-TO-ATM: bondLevel= 1
20230331 064028.821 INFO             PET1       MED-TO-ATM: ProducerConnection (bondLevelMax):         1
20230331 064028.821 INFO             PET1     MED-TO-ATM: InitializeIPDv05p2a extro.
20230331 064028.821 INFO             PET1     MED-TO-OCN: InitializeIPDv05p2a intro.
20230331 064028.828 INFO             PET1       MED-TO-OCN:      importStandardNameList(i=  1): air_pressure_at_sea_level
20230331 064028.828 INFO             PET1       MED-TO-OCN:         importNamespaceList(i=  1): MED
20230331 064028.828 INFO             PET1       MED-TO-OCN:            importCplSetList(i=  1): __UNSPECIFIED__
20230331 064028.828 INFO             PET1       MED-TO-OCN:      exportStandardNameList(j=  1): air_pressure_at_sea_level
20230331 064028.828 INFO             PET1       MED-TO-OCN:         exportNamespaceList(j=  1): OCN
20230331 064028.828 INFO             PET1       MED-TO-OCN:            exportCplSetList(j=  1): __UNSPECIFIED__
20230331 064028.828 INFO             PET1       MED-TO-OCN: bondLevel= 1
20230331 064028.828 INFO             PET1       MED-TO-OCN: ProducerConnection (bondLevelMax):         1
20230331 064028.828 INFO             PET1       MED-TO-OCN:      importStandardNameList(i=  2): surface_net_downward_shortwave_flux
20230331 064028.828 INFO             PET1       MED-TO-OCN:         importNamespaceList(i=  2): MED
20230331 064028.828 INFO             PET1       MED-TO-OCN:            importCplSetList(i=  2): __UNSPECIFIED__
20230331 064028.828 INFO             PET1       MED-TO-OCN:      exportStandardNameList(j=  2): surface_net_downward_shortwave_flux
20230331 064028.828 INFO             PET1       MED-TO-OCN:         exportNamespaceList(j=  2): OCN
20230331 064028.828 INFO             PET1       MED-TO-OCN:            exportCplSetList(j=  2): __UNSPECIFIED__
20230331 064028.828 INFO             PET1       MED-TO-OCN: bondLevel= 1
20230331 064028.828 INFO             PET1       MED-TO-OCN: ProducerConnection (bondLevelMax):         1
20230331 064028.828 INFO             PET1     MED-TO-OCN: InitializeIPDv05p2a extro.
20230331 064028.829 INFO             PET1     ATM-TO-MED: InitializeIPDv05p2b intro.
20230331 064028.836 INFO             PET1       ATM-TO-MED:      importStandardNameList(i=  1): air_pressure_at_sea_level
20230331 064028.836 INFO             PET1       ATM-TO-MED:         importNamespaceList(i=  1): ATM
20230331 064028.836 INFO             PET1       ATM-TO-MED:            importCplSetList(i=  1): __UNSPECIFIED__
20230331 064028.836 INFO             PET1       ATM-TO-MED:      exportStandardNameList(j=  1): air_pressure_at_sea_level
20230331 064028.836 INFO             PET1       ATM-TO-MED:         exportNamespaceList(j=  1): MED
20230331 064028.836 INFO             PET1       ATM-TO-MED:            exportCplSetList(j=  1): __UNSPECIFIED__
20230331 064028.836 INFO             PET1       ATM-TO-MED: bondLevel= 1
20230331 064028.836 INFO             PET1       ATM-TO-MED: => added cplList(  1)=air_pressure_at_sea_level, cplSetList(  1)=__UNSPECIFIED__
20230331 064028.836 INFO             PET1       ATM-TO-MED:      importStandardNameList(i=  2): surface_net_downward_shortwave_flux
20230331 064028.836 INFO             PET1       ATM-TO-MED:         importNamespaceList(i=  2): ATM
20230331 064028.836 INFO             PET1       ATM-TO-MED:            importCplSetList(i=  2): __UNSPECIFIED__
20230331 064028.836 INFO             PET1       ATM-TO-MED:      exportStandardNameList(j=  2): surface_net_downward_shortwave_flux
20230331 064028.836 INFO             PET1       ATM-TO-MED:         exportNamespaceList(j=  2): MED
20230331 064028.836 INFO             PET1       ATM-TO-MED:            exportCplSetList(j=  2): __UNSPECIFIED__
20230331 064028.836 INFO             PET1       ATM-TO-MED: bondLevel= 1
20230331 064028.836 INFO             PET1       ATM-TO-MED: => added cplList(  2)=surface_net_downward_shortwave_flux, cplSetList(  2)=__UNSPECIFIED__
20230331 064028.836 INFO             PET1     ATM-TO-MED: InitializeIPDv05p2b extro.
20230331 064028.836 INFO             PET1     OCN-TO-MED: InitializeIPDv05p2b intro.
20230331 064028.843 INFO             PET1       OCN-TO-MED:      importStandardNameList(i=  1): sea_surface_temperature
20230331 064028.843 INFO             PET1       OCN-TO-MED:         importNamespaceList(i=  1): OCN
20230331 064028.843 INFO             PET1       OCN-TO-MED:            importCplSetList(i=  1): __UNSPECIFIED__
20230331 064028.843 INFO             PET1       OCN-TO-MED:      exportStandardNameList(j=  3): sea_surface_temperature
20230331 064028.843 INFO             PET1       OCN-TO-MED:         exportNamespaceList(j=  3): MED
20230331 064028.843 INFO             PET1       OCN-TO-MED:            exportCplSetList(j=  3): __UNSPECIFIED__
20230331 064028.843 INFO             PET1       OCN-TO-MED: bondLevel= 1
20230331 064028.843 INFO             PET1       OCN-TO-MED: => added cplList(  1)=sea_surface_temperature, cplSetList(  1)=__UNSPECIFIED__
20230331 064028.843 INFO             PET1     OCN-TO-MED: InitializeIPDv05p2b extro.
20230331 064028.843 INFO             PET1     MED-TO-ATM: InitializeIPDv05p2b intro.
20230331 064028.849 INFO             PET1       MED-TO-ATM:      importStandardNameList(i=  3): sea_surface_temperature
20230331 064028.849 INFO             PET1       MED-TO-ATM:         importNamespaceList(i=  3): MED
20230331 064028.849 INFO             PET1       MED-TO-ATM:            importCplSetList(i=  3): __UNSPECIFIED__
20230331 064028.849 INFO             PET1       MED-TO-ATM:      exportStandardNameList(j=  1): sea_surface_temperature
20230331 064028.849 INFO             PET1       MED-TO-ATM:         exportNamespaceList(j=  1): ATM
20230331 064028.849 INFO             PET1       MED-TO-ATM:            exportCplSetList(j=  1): __UNSPECIFIED__
20230331 064028.849 INFO             PET1       MED-TO-ATM: bondLevel= 1
20230331 064028.849 INFO             PET1       MED-TO-ATM: => added cplList(  1)=sea_surface_temperature, cplSetList(  1)=__UNSPECIFIED__
20230331 064028.849 INFO             PET1     MED-TO-ATM: InitializeIPDv05p2b extro.
20230331 064028.850 INFO             PET1     MED-TO-OCN: InitializeIPDv05p2b intro.
20230331 064028.857 INFO             PET1       MED-TO-OCN:      importStandardNameList(i=  1): air_pressure_at_sea_level
20230331 064028.857 INFO             PET1       MED-TO-OCN:         importNamespaceList(i=  1): MED
20230331 064028.857 INFO             PET1       MED-TO-OCN:            importCplSetList(i=  1): __UNSPECIFIED__
20230331 064028.857 INFO             PET1       MED-TO-OCN:      exportStandardNameList(j=  1): air_pressure_at_sea_level
20230331 064028.857 INFO             PET1       MED-TO-OCN:         exportNamespaceList(j=  1): OCN
20230331 064028.857 INFO             PET1       MED-TO-OCN:            exportCplSetList(j=  1): __UNSPECIFIED__
20230331 064028.857 INFO             PET1       MED-TO-OCN: bondLevel= 1
20230331 064028.857 INFO             PET1       MED-TO-OCN: => added cplList(  1)=air_pressure_at_sea_level, cplSetList(  1)=__UNSPECIFIED__
20230331 064028.857 INFO             PET1       MED-TO-OCN:      importStandardNameList(i=  2): surface_net_downward_shortwave_flux
20230331 064028.857 INFO             PET1       MED-TO-OCN:         importNamespaceList(i=  2): MED
20230331 064028.857 INFO             PET1       MED-TO-OCN:            importCplSetList(i=  2): __UNSPECIFIED__
20230331 064028.857 INFO             PET1       MED-TO-OCN:      exportStandardNameList(j=  2): surface_net_downward_shortwave_flux
20230331 064028.857 INFO             PET1       MED-TO-OCN:         exportNamespaceList(j=  2): OCN
20230331 064028.857 INFO             PET1       MED-TO-OCN:            exportCplSetList(j=  2): __UNSPECIFIED__
20230331 064028.857 INFO             PET1       MED-TO-OCN: bondLevel= 1
20230331 064028.857 INFO             PET1       MED-TO-OCN: => added cplList(  2)=surface_net_downward_shortwave_flux, cplSetList(  2)=__UNSPECIFIED__
20230331 064028.857 INFO             PET1     MED-TO-OCN: InitializeIPDv05p2b extro.
20230331 064028.857 INFO             PET1     esm: IInitModifyCplLists intro.
20230331 064028.858 INFO             PET1     esm: IInitModifyCplLists extro.
20230331 064028.858 INFO             PET1     ATM-TO-MED: InitializeIPDv05p3 intro.
20230331 064028.865 INFO             PET1       ATM-TO-MED: handle cplList(1): air_pressure_at_sea_level, cplSetList(1): __UNSPECIFIED__
20230331 064028.865 INFO             PET1       ATM-TO-MED: - connected.
20230331 064028.865 INFO             PET1       ATM-TO-MED: - both sides must provide the Field/GeomObject.
20230331 064028.866 INFO             PET1       ATM-TO-MED: handle cplList(2): surface_net_downward_shortwave_flux, cplSetList(2): __UNSPECIFIED__
20230331 064028.866 INFO             PET1       ATM-TO-MED: - connected.
20230331 064028.866 INFO             PET1       ATM-TO-MED: - both sides must provide the Field/GeomObject.
20230331 064028.866 INFO             PET1     ATM-TO-MED: InitializeIPDv05p3 extro.
20230331 064028.866 INFO             PET1     OCN-TO-MED: InitializeIPDv05p3 intro.
20230331 064028.872 INFO             PET1       OCN-TO-MED: handle cplList(1): sea_surface_temperature, cplSetList(1): __UNSPECIFIED__
20230331 064028.872 INFO             PET1       OCN-TO-MED: - connected.
20230331 064028.873 INFO             PET1       OCN-TO-MED: - both sides must provide the Field/GeomObject.
20230331 064028.873 INFO             PET1     OCN-TO-MED: InitializeIPDv05p3 extro.
20230331 064028.873 INFO             PET1     MED-TO-ATM: InitializeIPDv05p3 intro.
20230331 064028.879 INFO             PET1       MED-TO-ATM: handle cplList(1): sea_surface_temperature, cplSetList(1): __UNSPECIFIED__
20230331 064028.879 INFO             PET1       MED-TO-ATM: - connected.
20230331 064028.879 INFO             PET1       MED-TO-ATM: - both sides must provide the Field/GeomObject.
20230331 064028.879 INFO             PET1     MED-TO-ATM: InitializeIPDv05p3 extro.
20230331 064028.880 INFO             PET1     MED-TO-OCN: InitializeIPDv05p3 intro.
20230331 064028.887 INFO             PET1       MED-TO-OCN: handle cplList(1): air_pressure_at_sea_level, cplSetList(1): __UNSPECIFIED__
20230331 064028.887 INFO             PET1       MED-TO-OCN: - connected.
20230331 064028.887 INFO             PET1       MED-TO-OCN: - both sides must provide the Field/GeomObject.
20230331 064028.887 INFO             PET1       MED-TO-OCN: handle cplList(2): surface_net_downward_shortwave_flux, cplSetList(2): __UNSPECIFIED__
20230331 064028.887 INFO             PET1       MED-TO-OCN: - connected.
20230331 064028.887 INFO             PET1       MED-TO-OCN: - both sides must provide the Field/GeomObject.
20230331 064028.887 INFO             PET1     MED-TO-OCN: InitializeIPDv05p3 extro.
20230331 064028.887 INFO             PET1     <<<esm: leaving Initialize (phase=<none>) with current time: 2010  6  1  0  0  0   0
20230331 064028.887 INFO             PET1   esm: InitializeIPDv02p1 extro.
20230331 064028.888 INFO             PET1   esm: InitializeIPDv02p3 intro.
20230331 064028.888 INFO             PET1     >>>esm: entered Initialize (phase=<none>) with current time: 2010  6  1  0  0  0   0
20230331 064028.888 INFO             PET1     esm: IInitCheck intro.
20230331 064028.888 INFO             PET1     esm: IInitCheck extro.
20230331 064028.888 INFO             PET1     MED: InitializeIPDvXp04 intro.
20230331 064028.922 INFO             PET1     MED: InitializeIPDvXp04 extro.
20230331 064028.925 INFO             PET1     ATM-TO-MED: InitializeIPDv05p4 intro.
20230331 064028.937 INFO             PET1       ATM-TO-MED: handle cplList(1): air_pressure_at_sea_level, cplSetList(1): __UNSPECIFIED__
20230331 064028.937 INFO             PET1       ATM-TO-MED: - nothing shared or transferred
20230331 064028.937 INFO             PET1       ATM-TO-MED: handle cplList(2): surface_net_downward_shortwave_flux, cplSetList(2): __UNSPECIFIED__
20230331 064028.937 INFO             PET1       ATM-TO-MED: - nothing shared or transferred
20230331 064028.937 INFO             PET1     ATM-TO-MED: InitializeIPDv05p4 extro.
20230331 064028.938 INFO             PET1     OCN-TO-MED: InitializeIPDv05p4 intro.
20230331 064028.948 INFO             PET1       OCN-TO-MED: handle cplList(1): sea_surface_temperature, cplSetList(1): __UNSPECIFIED__
20230331 064028.948 INFO             PET1       OCN-TO-MED: - nothing shared or transferred
20230331 064028.948 INFO             PET1     OCN-TO-MED: InitializeIPDv05p4 extro.
20230331 064028.948 INFO             PET1     MED-TO-ATM: InitializeIPDv05p4 intro.
20230331 064028.958 INFO             PET1       MED-TO-ATM: handle cplList(1): sea_surface_temperature, cplSetList(1): __UNSPECIFIED__
20230331 064028.958 INFO             PET1       MED-TO-ATM: - nothing shared or transferred
20230331 064028.958 INFO             PET1     MED-TO-ATM: InitializeIPDv05p4 extro.
20230331 064028.958 INFO             PET1     MED-TO-OCN: InitializeIPDv05p4 intro.
20230331 064028.970 INFO             PET1       MED-TO-OCN: handle cplList(1): air_pressure_at_sea_level, cplSetList(1): __UNSPECIFIED__
20230331 064028.970 INFO             PET1       MED-TO-OCN: - nothing shared or transferred
20230331 064028.970 INFO             PET1       MED-TO-OCN: handle cplList(2): surface_net_downward_shortwave_flux, cplSetList(2): __UNSPECIFIED__
20230331 064028.970 INFO             PET1       MED-TO-OCN: - nothing shared or transferred
20230331 064028.970 INFO             PET1     MED-TO-OCN: InitializeIPDv05p4 extro.
20230331 064028.971 INFO             PET1     ATM-TO-MED: InitializeIPDv05p5 intro.
20230331 064028.983 INFO             PET1       ATM-TO-MED: handle cplList(1): air_pressure_at_sea_level, cplSetList(1): __UNSPECIFIED__
20230331 064028.983 INFO             PET1       ATM-TO-MED: - nothing shared or transferred, or may already be handled
20230331 064028.983 INFO             PET1       ATM-TO-MED: handle cplList(2): surface_net_downward_shortwave_flux, cplSetList(2): __UNSPECIFIED__
20230331 064028.983 INFO             PET1       ATM-TO-MED: - nothing shared or transferred, or may already be handled
20230331 064028.983 INFO             PET1     ATM-TO-MED: InitializeIPDv05p5 extro.
20230331 064028.983 INFO             PET1     OCN-TO-MED: InitializeIPDv05p5 intro.
20230331 064028.993 INFO             PET1       OCN-TO-MED: handle cplList(1): sea_surface_temperature, cplSetList(1): __UNSPECIFIED__
20230331 064028.993 INFO             PET1       OCN-TO-MED: - nothing shared or transferred, or may already be handled
20230331 064028.993 INFO             PET1     OCN-TO-MED: InitializeIPDv05p5 extro.
20230331 064028.994 INFO             PET1     MED-TO-ATM: InitializeIPDv05p5 intro.
20230331 064029.004 INFO             PET1       MED-TO-ATM: handle cplList(1): sea_surface_temperature, cplSetList(1): __UNSPECIFIED__
20230331 064029.004 INFO             PET1       MED-TO-ATM: - nothing shared or transferred, or may already be handled
20230331 064029.004 INFO             PET1     MED-TO-ATM: InitializeIPDv05p5 extro.
20230331 064029.004 INFO             PET1     MED-TO-OCN: InitializeIPDv05p5 intro.
20230331 064029.016 INFO             PET1       MED-TO-OCN: handle cplList(1): air_pressure_at_sea_level, cplSetList(1): __UNSPECIFIED__
20230331 064029.016 INFO             PET1       MED-TO-OCN: - nothing shared or transferred, or may already be handled
20230331 064029.016 INFO             PET1       MED-TO-OCN: handle cplList(2): surface_net_downward_shortwave_flux, cplSetList(2): __UNSPECIFIED__
20230331 064029.016 INFO             PET1       MED-TO-OCN: - nothing shared or transferred, or may already be handled
20230331 064029.016 INFO             PET1     MED-TO-OCN: InitializeIPDv05p5 extro.
20230331 064029.016 INFO             PET1     esm: IInitRealize intro.
20230331 064029.016 INFO             PET1     esm: IInitRealize extro.
20230331 064029.017 INFO             PET1     ATM-TO-MED: InitializeIPDv05p6a intro.
20230331 064029.028 INFO             PET1     ATM-TO-MED: InitializeIPDv05p6a extro.
20230331 064029.029 INFO             PET1     OCN-TO-MED: InitializeIPDv05p6a intro.
20230331 064029.038 INFO             PET1     OCN-TO-MED: InitializeIPDv05p6a extro.
20230331 064029.038 INFO             PET1     MED-TO-ATM: InitializeIPDv05p6a intro.
20230331 064029.048 INFO             PET1     MED-TO-ATM: InitializeIPDv05p6a extro.
20230331 064029.048 INFO             PET1     MED-TO-OCN: InitializeIPDv05p6a intro.
20230331 064029.060 INFO             PET1     MED-TO-OCN: InitializeIPDv05p6a extro.
20230331 064029.060 INFO             PET1     ATM-TO-MED: InitializeIPDv05p6b intro.
20230331 064029.060 INFO             PET1       ATM-TO-MED: handle cplList(1): air_pressure_at_sea_level, cplSetList(1): __UNSPECIFIED__
20230331 064028.688 INFO             PET2 !!!!!!!!!!!!!!!!!!!!!!!!!!!!!!!!!!!!!!!!!!!!!!!!!!!!!!
20230331 064028.688 INFO             PET2 !!! THE ESMF_LOG IS SET TO OUTPUT ALL LOG MESSAGES !!!
20230331 064028.688 INFO             PET2 !!!     THIS MAY CAUSE SLOWDOWN IN PERFORMANCE     !!!
20230331 064028.688 INFO             PET2 !!! FOR PRODUCTION RUNS, USE:                      !!!
20230331 064028.688 INFO             PET2 !!!                   ESMF_LOGKIND_Multi_On_Error  !!!
20230331 064028.688 INFO             PET2 !!!!!!!!!!!!!!!!!!!!!!!!!!!!!!!!!!!!!!!!!!!!!!!!!!!!!!
20230331 064028.688 INFO             PET2 Running with ESMF Version   : v8.5.0b19
20230331 064028.688 INFO             PET2 ESMF library build date/time: "Mar 31 2023" "04:57:26"
20230331 064028.688 INFO             PET2 ESMF library build location : /glade/scratch/theurich/ESMF-Nightly-Testing/nvhpc_22.2_mpt_g_develop/esmf
20230331 064028.688 INFO             PET2 ESMF_COMM                   : mpt
20230331 064028.688 INFO             PET2 ESMF_MOAB                   : enabled
20230331 064028.688 INFO             PET2 ESMF_LAPACK                 : enabled
20230331 064028.688 INFO             PET2 ESMF_NETCDF                 : enabled
20230331 064028.688 INFO             PET2 ESMF_PNETCDF                : disabled
20230331 064028.688 INFO             PET2 ESMF_PIO                    : enabled
20230331 064028.688 INFO             PET2 ESMF_YAMLCPP                : enabled
20230331 064028.689 INFO             PET2 esmApp STARTING
20230331 064028.695 INFO             PET2 esm: InitializeGeneric intro.
20230331 064028.695 INFO             PET2   esm: InitializeP0 intro.
20230331 064028.695 INFO             PET2   esm: InitializeP0 extro.
20230331 064028.695 INFO             PET2   esm: InitializeIPDv02p1 intro.
20230331 064028.695 INFO             PET2     >>>esm: entered Initialize (phase=<none>) without valid internal Clock.
20230331 064028.696 INFO             PET2     esm - Creating model component ATM with petList of size 1 :
20230331 064028.696 INFO             PET2           0
20230331 064028.696 INFO             PET2     esm - Creating model component OCN with petList of size 1 :
20230331 064028.696 INFO             PET2           2
20230331 064028.700 INFO             PET2     esm - Creating model component MED with petList of size 2 :
20230331 064028.700 INFO             PET2           1      3
20230331 064028.712 INFO             PET2      esm: set Driver slow timeStep to            60  minutes.
20230331 064028.713 INFO             PET2     esm - Creating state: modelComp 1 Import State
20230331 064028.713 INFO             PET2     esm - Creating state: modelComp 1 Export State
20230331 064028.713 INFO             PET2     esm - Creating state: modelComp 2 Import State
20230331 064028.713 INFO             PET2     esm - Creating state: modelComp 2 Export State
20230331 064028.713 INFO             PET2     esm - Creating state: modelComp 3 Import State
20230331 064028.713 INFO             PET2     esm - Creating state: modelComp 3 Export State
20230331 064028.715 INFO             PET2     OCN: InitializeP0 intro.
20230331 064028.717 INFO             PET2     OCN: InitializeP0 extro.
20230331 064028.721 INFO             PET2     esm - Creating connector component OCN-TO-MED with petList of size 3 :
20230331 064028.721 INFO             PET2           2      1      3
20230331 064028.730 INFO             PET2     esm - Setting Verbosity on created component to: high
20230331 064028.730 INFO             PET2     esm - Setting Profiling on created component to:          0
20230331 064028.730 INFO             PET2     esm - Creating connector component MED-TO-OCN with petList of size 3 :
20230331 064028.730 INFO             PET2           1      3      2
20230331 064028.739 INFO             PET2     esm - Setting Verbosity on created component to: high
20230331 064028.739 INFO             PET2     esm - Setting Profiling on created component to:          0
20230331 064028.739 INFO             PET2     esm - Creating connector component MED-TO-ATM with petList of size 3 :
20230331 064028.741 INFO             PET2           1      3      0
20230331 064028.750 INFO             PET2     esm - Setting Verbosity on created component to: high
20230331 064028.750 INFO             PET2     esm - Setting Profiling on created component to:          0
20230331 064028.750 INFO             PET2     esm - Creating connector component ATM-TO-MED with petList of size 3 :
20230331 064028.750 INFO             PET2           0      1      3
20230331 064028.759 INFO             PET2     esm - Setting Verbosity on created component to: high
20230331 064028.759 INFO             PET2     esm - Setting Profiling on created component to:          0
20230331 064028.761 INFO             PET2      esm: set Driver fast timeStep to            30  minutes.
20230331 064028.763 INFO             PET2     esm: IInitAdvertise intro.
20230331 064028.763 INFO             PET2     esm: IInitAdvertise extro.
20230331 064028.764 INFO             PET2     OCN: InitializeIPDvXp01 intro.
20230331 064028.767 INFO             PET2     OCN: InitializeIPDvXp01 extro.
20230331 064028.773 INFO             PET2     OCN-TO-MED: InitializeIPDv05p1 intro.
20230331 064028.786 INFO             PET2       OCN-TO-MED: importState FieldTransferPolicy = transferNone
20230331 064028.786 INFO             PET2       OCN-TO-MED: exportState FieldTransferPolicy = transferNone
20230331 064028.787 INFO             PET2     OCN-TO-MED: InitializeIPDv05p1 extro.
20230331 064028.787 INFO             PET2     MED-TO-OCN: InitializeIPDv05p1 intro.
20230331 064028.800 INFO             PET2       MED-TO-OCN: importState FieldTransferPolicy = transferNone
20230331 064028.800 INFO             PET2       MED-TO-OCN: exportState FieldTransferPolicy = transferNone
20230331 064028.800 INFO             PET2     MED-TO-OCN: InitializeIPDv05p1 extro.
20230331 064028.800 INFO             PET2     esm: IInitAdvertiseFinish intro.
20230331 064028.800 INFO             PET2     esm: IInitAdvertiseFinish extro.
20230331 064028.800 INFO             PET2     OCN-TO-MED: InitializeIPDv05p2a intro.
20230331 064028.814 INFO             PET2       OCN-TO-MED:      importStandardNameList(i=  1): sea_surface_temperature
20230331 064028.814 INFO             PET2       OCN-TO-MED:         importNamespaceList(i=  1): OCN
20230331 064028.814 INFO             PET2       OCN-TO-MED:            importCplSetList(i=  1): __UNSPECIFIED__
20230331 064028.814 INFO             PET2       OCN-TO-MED:      exportStandardNameList(j=  3): sea_surface_temperature
20230331 064028.814 INFO             PET2       OCN-TO-MED:         exportNamespaceList(j=  3): MED
20230331 064028.814 INFO             PET2       OCN-TO-MED:            exportCplSetList(j=  3): __UNSPECIFIED__
20230331 064028.814 INFO             PET2       OCN-TO-MED: bondLevel= 1
20230331 064028.814 INFO             PET2       OCN-TO-MED: ProducerConnection (bondLevelMax):         1
20230331 064028.814 INFO             PET2     OCN-TO-MED: InitializeIPDv05p2a extro.
20230331 064028.815 INFO             PET2     MED-TO-OCN: InitializeIPDv05p2a intro.
20230331 064028.828 INFO             PET2       MED-TO-OCN:      importStandardNameList(i=  1): air_pressure_at_sea_level
20230331 064028.828 INFO             PET2       MED-TO-OCN:         importNamespaceList(i=  1): MED
20230331 064028.828 INFO             PET2       MED-TO-OCN:            importCplSetList(i=  1): __UNSPECIFIED__
20230331 064028.828 INFO             PET2       MED-TO-OCN:      exportStandardNameList(j=  1): air_pressure_at_sea_level
20230331 064028.828 INFO             PET2       MED-TO-OCN:         exportNamespaceList(j=  1): OCN
20230331 064028.828 INFO             PET2       MED-TO-OCN:            exportCplSetList(j=  1): __UNSPECIFIED__
20230331 064028.828 INFO             PET2       MED-TO-OCN: bondLevel= 1
20230331 064028.828 INFO             PET2       MED-TO-OCN: ProducerConnection (bondLevelMax):         1
20230331 064028.828 INFO             PET2       MED-TO-OCN:      importStandardNameList(i=  2): surface_net_downward_shortwave_flux
20230331 064028.828 INFO             PET2       MED-TO-OCN:         importNamespaceList(i=  2): MED
20230331 064028.828 INFO             PET2       MED-TO-OCN:            importCplSetList(i=  2): __UNSPECIFIED__
20230331 064028.828 INFO             PET2       MED-TO-OCN:      exportStandardNameList(j=  2): surface_net_downward_shortwave_flux
20230331 064028.828 INFO             PET2       MED-TO-OCN:         exportNamespaceList(j=  2): OCN
20230331 064028.828 INFO             PET2       MED-TO-OCN:            exportCplSetList(j=  2): __UNSPECIFIED__
20230331 064028.828 INFO             PET2       MED-TO-OCN: bondLevel= 1
20230331 064028.828 INFO             PET2       MED-TO-OCN: ProducerConnection (bondLevelMax):         1
20230331 064028.828 INFO             PET2     MED-TO-OCN: InitializeIPDv05p2a extro.
20230331 064028.829 INFO             PET2     OCN-TO-MED: InitializeIPDv05p2b intro.
20230331 064028.843 INFO             PET2       OCN-TO-MED:      importStandardNameList(i=  1): sea_surface_temperature
20230331 064028.843 INFO             PET2       OCN-TO-MED:         importNamespaceList(i=  1): OCN
20230331 064028.843 INFO             PET2       OCN-TO-MED:            importCplSetList(i=  1): __UNSPECIFIED__
20230331 064028.843 INFO             PET2       OCN-TO-MED:      exportStandardNameList(j=  3): sea_surface_temperature
20230331 064028.843 INFO             PET2       OCN-TO-MED:         exportNamespaceList(j=  3): MED
20230331 064028.843 INFO             PET2       OCN-TO-MED:            exportCplSetList(j=  3): __UNSPECIFIED__
20230331 064028.843 INFO             PET2       OCN-TO-MED: bondLevel= 1
20230331 064028.843 INFO             PET2       OCN-TO-MED: => added cplList(  1)=sea_surface_temperature, cplSetList(  1)=__UNSPECIFIED__
20230331 064028.843 INFO             PET2     OCN-TO-MED: InitializeIPDv05p2b extro.
20230331 064028.843 INFO             PET2     MED-TO-OCN: InitializeIPDv05p2b intro.
20230331 064028.857 INFO             PET2       MED-TO-OCN:      importStandardNameList(i=  1): air_pressure_at_sea_level
20230331 064028.857 INFO             PET2       MED-TO-OCN:         importNamespaceList(i=  1): MED
20230331 064028.857 INFO             PET2       MED-TO-OCN:            importCplSetList(i=  1): __UNSPECIFIED__
20230331 064028.857 INFO             PET2       MED-TO-OCN:      exportStandardNameList(j=  1): air_pressure_at_sea_level
20230331 064028.857 INFO             PET2       MED-TO-OCN:         exportNamespaceList(j=  1): OCN
20230331 064028.857 INFO             PET2       MED-TO-OCN:            exportCplSetList(j=  1): __UNSPECIFIED__
20230331 064028.857 INFO             PET2       MED-TO-OCN: bondLevel= 1
20230331 064028.857 INFO             PET2       MED-TO-OCN: => added cplList(  1)=air_pressure_at_sea_level, cplSetList(  1)=__UNSPECIFIED__
20230331 064028.857 INFO             PET2       MED-TO-OCN:      importStandardNameList(i=  2): surface_net_downward_shortwave_flux
20230331 064028.857 INFO             PET2       MED-TO-OCN:         importNamespaceList(i=  2): MED
20230331 064028.857 INFO             PET2       MED-TO-OCN:            importCplSetList(i=  2): __UNSPECIFIED__
20230331 064028.857 INFO             PET2       MED-TO-OCN:      exportStandardNameList(j=  2): surface_net_downward_shortwave_flux
20230331 064028.857 INFO             PET2       MED-TO-OCN:         exportNamespaceList(j=  2): OCN
20230331 064028.857 INFO             PET2       MED-TO-OCN:            exportCplSetList(j=  2): __UNSPECIFIED__
20230331 064028.857 INFO             PET2       MED-TO-OCN: bondLevel= 1
20230331 064028.857 INFO             PET2       MED-TO-OCN: => added cplList(  2)=surface_net_downward_shortwave_flux, cplSetList(  2)=__UNSPECIFIED__
20230331 064028.857 INFO             PET2     MED-TO-OCN: InitializeIPDv05p2b extro.
20230331 064028.857 INFO             PET2     esm: IInitModifyCplLists intro.
20230331 064028.857 INFO             PET2     esm: IInitModifyCplLists extro.
20230331 064028.858 INFO             PET2     OCN-TO-MED: InitializeIPDv05p3 intro.
20230331 064028.872 INFO             PET2       OCN-TO-MED: handle cplList(1): sea_surface_temperature, cplSetList(1): __UNSPECIFIED__
20230331 064028.872 INFO             PET2       OCN-TO-MED: - connected.
20230331 064028.873 INFO             PET2       OCN-TO-MED: - both sides must provide the Field/GeomObject.
20230331 064028.873 INFO             PET2     OCN-TO-MED: InitializeIPDv05p3 extro.
20230331 064028.873 INFO             PET2     MED-TO-OCN: InitializeIPDv05p3 intro.
20230331 064028.887 INFO             PET2       MED-TO-OCN: handle cplList(1): air_pressure_at_sea_level, cplSetList(1): __UNSPECIFIED__
20230331 064028.887 INFO             PET2       MED-TO-OCN: - connected.
20230331 064028.887 INFO             PET2       MED-TO-OCN: - both sides must provide the Field/GeomObject.
20230331 064028.887 INFO             PET2       MED-TO-OCN: handle cplList(2): surface_net_downward_shortwave_flux, cplSetList(2): __UNSPECIFIED__
20230331 064028.887 INFO             PET2       MED-TO-OCN: - connected.
20230331 064028.887 INFO             PET2       MED-TO-OCN: - both sides must provide the Field/GeomObject.
20230331 064028.887 INFO             PET2     MED-TO-OCN: InitializeIPDv05p3 extro.
20230331 064028.887 INFO             PET2     <<<esm: leaving Initialize (phase=<none>) with current time: 2010  6  1  0  0  0   0
20230331 064028.887 INFO             PET2   esm: InitializeIPDv02p1 extro.
20230331 064028.888 INFO             PET2   esm: InitializeIPDv02p3 intro.
20230331 064028.888 INFO             PET2     >>>esm: entered Initialize (phase=<none>) with current time: 2010  6  1  0  0  0   0
20230331 064028.888 INFO             PET2     esm: IInitCheck intro.
20230331 064028.888 INFO             PET2     esm: IInitCheck extro.
20230331 064028.888 INFO             PET2     OCN: InitializeIPDvXp04 intro.
20230331 064028.894 INFO             PET2     OCN: InitializeIPDvXp04 extro.
20230331 064028.925 INFO             PET2     OCN-TO-MED: InitializeIPDv05p4 intro.
20230331 064028.948 INFO             PET2       OCN-TO-MED: handle cplList(1): sea_surface_temperature, cplSetList(1): __UNSPECIFIED__
20230331 064028.948 INFO             PET2       OCN-TO-MED: - nothing shared or transferred
20230331 064028.948 INFO             PET2     OCN-TO-MED: InitializeIPDv05p4 extro.
20230331 064028.948 INFO             PET2     MED-TO-OCN: InitializeIPDv05p4 intro.
20230331 064028.970 INFO             PET2       MED-TO-OCN: handle cplList(1): air_pressure_at_sea_level, cplSetList(1): __UNSPECIFIED__
20230331 064028.970 INFO             PET2       MED-TO-OCN: - nothing shared or transferred
20230331 064028.970 INFO             PET2       MED-TO-OCN: handle cplList(2): surface_net_downward_shortwave_flux, cplSetList(2): __UNSPECIFIED__
20230331 064028.970 INFO             PET2       MED-TO-OCN: - nothing shared or transferred
20230331 064028.970 INFO             PET2     MED-TO-OCN: InitializeIPDv05p4 extro.
20230331 064028.971 INFO             PET2     OCN-TO-MED: InitializeIPDv05p5 intro.
20230331 064028.993 INFO             PET2       OCN-TO-MED: handle cplList(1): sea_surface_temperature, cplSetList(1): __UNSPECIFIED__
20230331 064028.993 INFO             PET2       OCN-TO-MED: - nothing shared or transferred, or may already be handled
20230331 064028.993 INFO             PET2     OCN-TO-MED: InitializeIPDv05p5 extro.
20230331 064028.994 INFO             PET2     MED-TO-OCN: InitializeIPDv05p5 intro.
20230331 064029.016 INFO             PET2       MED-TO-OCN: handle cplList(1): air_pressure_at_sea_level, cplSetList(1): __UNSPECIFIED__
20230331 064029.016 INFO             PET2       MED-TO-OCN: - nothing shared or transferred, or may already be handled
20230331 064029.016 INFO             PET2       MED-TO-OCN: handle cplList(2): surface_net_downward_shortwave_flux, cplSetList(2): __UNSPECIFIED__
20230331 064029.016 INFO             PET2       MED-TO-OCN: - nothing shared or transferred, or may already be handled
20230331 064029.016 INFO             PET2     MED-TO-OCN: InitializeIPDv05p5 extro.
20230331 064029.016 INFO             PET2     esm: IInitRealize intro.
20230331 064029.016 INFO             PET2     esm: IInitRealize extro.
20230331 064029.017 INFO             PET2     OCN-TO-MED: InitializeIPDv05p6a intro.
20230331 064029.038 INFO             PET2     OCN-TO-MED: InitializeIPDv05p6a extro.
20230331 064029.038 INFO             PET2     MED-TO-OCN: InitializeIPDv05p6a intro.
20230331 064029.060 INFO             PET2     MED-TO-OCN: InitializeIPDv05p6a extro.
20230331 064029.060 INFO             PET2     OCN-TO-MED: InitializeIPDv05p6b intro.
20230331 064029.061 INFO             PET2       OCN-TO-MED: handle cplList(1): sea_surface_temperature, cplSetList(1): __UNSPECIFIED__
20230331 064029.061 INFO             PET2       OCN-TO-MED: - no Field sharing between import and export side: remap.
20230331 064028.688 INFO             PET3 !!!!!!!!!!!!!!!!!!!!!!!!!!!!!!!!!!!!!!!!!!!!!!!!!!!!!!
20230331 064028.688 INFO             PET3 !!! THE ESMF_LOG IS SET TO OUTPUT ALL LOG MESSAGES !!!
20230331 064028.688 INFO             PET3 !!!     THIS MAY CAUSE SLOWDOWN IN PERFORMANCE     !!!
20230331 064028.688 INFO             PET3 !!! FOR PRODUCTION RUNS, USE:                      !!!
20230331 064028.688 INFO             PET3 !!!                   ESMF_LOGKIND_Multi_On_Error  !!!
20230331 064028.688 INFO             PET3 !!!!!!!!!!!!!!!!!!!!!!!!!!!!!!!!!!!!!!!!!!!!!!!!!!!!!!
20230331 064028.688 INFO             PET3 Running with ESMF Version   : v8.5.0b19
20230331 064028.688 INFO             PET3 ESMF library build date/time: "Mar 31 2023" "04:57:26"
20230331 064028.688 INFO             PET3 ESMF library build location : /glade/scratch/theurich/ESMF-Nightly-Testing/nvhpc_22.2_mpt_g_develop/esmf
20230331 064028.688 INFO             PET3 ESMF_COMM                   : mpt
20230331 064028.688 INFO             PET3 ESMF_MOAB                   : enabled
20230331 064028.688 INFO             PET3 ESMF_LAPACK                 : enabled
20230331 064028.688 INFO             PET3 ESMF_NETCDF                 : enabled
20230331 064028.688 INFO             PET3 ESMF_PNETCDF                : disabled
20230331 064028.688 INFO             PET3 ESMF_PIO                    : enabled
20230331 064028.688 INFO             PET3 ESMF_YAMLCPP                : enabled
20230331 064028.689 INFO             PET3 esmApp STARTING
20230331 064028.695 INFO             PET3 esm: InitializeGeneric intro.
20230331 064028.695 INFO             PET3   esm: InitializeP0 intro.
20230331 064028.695 INFO             PET3   esm: InitializeP0 extro.
20230331 064028.695 INFO             PET3   esm: InitializeIPDv02p1 intro.
20230331 064028.695 INFO             PET3     >>>esm: entered Initialize (phase=<none>) without valid internal Clock.
20230331 064028.696 INFO             PET3     esm - Creating model component ATM with petList of size 1 :
20230331 064028.696 INFO             PET3           0
20230331 064028.696 INFO             PET3     esm - Creating model component OCN with petList of size 1 :
20230331 064028.696 INFO             PET3           2
20230331 064028.696 INFO             PET3     esm - Creating model component MED with petList of size 2 :
20230331 064028.696 INFO             PET3           1      3
20230331 064028.712 INFO             PET3      esm: set Driver slow timeStep to            60  minutes.
20230331 064028.713 INFO             PET3     esm - Creating state: modelComp 1 Import State
20230331 064028.713 INFO             PET3     esm - Creating state: modelComp 1 Export State
20230331 064028.713 INFO             PET3     esm - Creating state: modelComp 2 Import State
20230331 064028.713 INFO             PET3     esm - Creating state: modelComp 2 Export State
20230331 064028.713 INFO             PET3     esm - Creating state: modelComp 3 Import State
20230331 064028.713 INFO             PET3     esm - Creating state: modelComp 3 Export State
20230331 064028.715 INFO             PET3     MED: InitializeP0 intro.
20230331 064028.717 INFO             PET3     MED: InitializeP0 extro.
20230331 064028.721 INFO             PET3     esm - Creating connector component OCN-TO-MED with petList of size 3 :
20230331 064028.721 INFO             PET3           2      1      3
20230331 064028.730 INFO             PET3     esm - Setting Verbosity on created component to: high
20230331 064028.730 INFO             PET3     esm - Setting Profiling on created component to:          0
20230331 064028.730 INFO             PET3     esm - Creating connector component MED-TO-OCN with petList of size 3 :
20230331 064028.730 INFO             PET3           1      3      2
20230331 064028.739 INFO             PET3     esm - Setting Verbosity on created component to: high
20230331 064028.739 INFO             PET3     esm - Setting Profiling on created component to:          0
20230331 064028.739 INFO             PET3     esm - Creating connector component MED-TO-ATM with petList of size 3 :
20230331 064028.741 INFO             PET3           1      3      0
20230331 064028.750 INFO             PET3     esm - Setting Verbosity on created component to: high
20230331 064028.750 INFO             PET3     esm - Setting Profiling on created component to:          0
20230331 064028.750 INFO             PET3     esm - Creating connector component ATM-TO-MED with petList of size 3 :
20230331 064028.750 INFO             PET3           0      1      3
20230331 064028.759 INFO             PET3     esm - Setting Verbosity on created component to: high
20230331 064028.759 INFO             PET3     esm - Setting Profiling on created component to:          0
20230331 064028.761 INFO             PET3      esm: set Driver fast timeStep to            30  minutes.
20230331 064028.763 INFO             PET3     esm: IInitAdvertise intro.
20230331 064028.763 INFO             PET3     esm: IInitAdvertise extro.
20230331 064028.764 INFO             PET3     MED: InitializeIPDvXp01 intro.
20230331 064028.769 INFO             PET3     MED: InitializeIPDvXp01 extro.
20230331 064028.772 INFO             PET3     ATM-TO-MED: InitializeIPDv05p1 intro.
20230331 064028.780 INFO             PET3       ATM-TO-MED: importState FieldTransferPolicy = transferNone
20230331 064028.780 INFO             PET3       ATM-TO-MED: exportState FieldTransferPolicy = transferNone
20230331 064028.780 INFO             PET3     ATM-TO-MED: InitializeIPDv05p1 extro.
20230331 064028.780 INFO             PET3     OCN-TO-MED: InitializeIPDv05p1 intro.
20230331 064028.786 INFO             PET3       OCN-TO-MED: importState FieldTransferPolicy = transferNone
20230331 064028.786 INFO             PET3       OCN-TO-MED: exportState FieldTransferPolicy = transferNone
20230331 064028.787 INFO             PET3     OCN-TO-MED: InitializeIPDv05p1 extro.
20230331 064028.787 INFO             PET3     MED-TO-ATM: InitializeIPDv05p1 intro.
20230331 064028.793 INFO             PET3       MED-TO-ATM: importState FieldTransferPolicy = transferNone
20230331 064028.793 INFO             PET3       MED-TO-ATM: exportState FieldTransferPolicy = transferNone
20230331 064028.793 INFO             PET3     MED-TO-ATM: InitializeIPDv05p1 extro.
20230331 064028.793 INFO             PET3     MED-TO-OCN: InitializeIPDv05p1 intro.
20230331 064028.800 INFO             PET3       MED-TO-OCN: importState FieldTransferPolicy = transferNone
20230331 064028.800 INFO             PET3       MED-TO-OCN: exportState FieldTransferPolicy = transferNone
20230331 064028.800 INFO             PET3     MED-TO-OCN: InitializeIPDv05p1 extro.
20230331 064028.800 INFO             PET3     esm: IInitAdvertiseFinish intro.
20230331 064028.800 INFO             PET3     esm: IInitAdvertiseFinish extro.
20230331 064028.800 INFO             PET3     ATM-TO-MED: InitializeIPDv05p2a intro.
20230331 064028.808 INFO             PET3       ATM-TO-MED:      importStandardNameList(i=  1): air_pressure_at_sea_level
20230331 064028.808 INFO             PET3       ATM-TO-MED:         importNamespaceList(i=  1): ATM
20230331 064028.808 INFO             PET3       ATM-TO-MED:            importCplSetList(i=  1): __UNSPECIFIED__
20230331 064028.808 INFO             PET3       ATM-TO-MED:      exportStandardNameList(j=  1): air_pressure_at_sea_level
20230331 064028.808 INFO             PET3       ATM-TO-MED:         exportNamespaceList(j=  1): MED
20230331 064028.808 INFO             PET3       ATM-TO-MED:            exportCplSetList(j=  1): __UNSPECIFIED__
20230331 064028.808 INFO             PET3       ATM-TO-MED: bondLevel= 1
20230331 064028.808 INFO             PET3       ATM-TO-MED: ProducerConnection (bondLevelMax):         1
20230331 064028.808 INFO             PET3       ATM-TO-MED:      importStandardNameList(i=  2): surface_net_downward_shortwave_flux
20230331 064028.808 INFO             PET3       ATM-TO-MED:         importNamespaceList(i=  2): ATM
20230331 064028.808 INFO             PET3       ATM-TO-MED:            importCplSetList(i=  2): __UNSPECIFIED__
20230331 064028.808 INFO             PET3       ATM-TO-MED:      exportStandardNameList(j=  2): surface_net_downward_shortwave_flux
20230331 064028.808 INFO             PET3       ATM-TO-MED:         exportNamespaceList(j=  2): MED
20230331 064028.808 INFO             PET3       ATM-TO-MED:            exportCplSetList(j=  2): __UNSPECIFIED__
20230331 064028.808 INFO             PET3       ATM-TO-MED: bondLevel= 1
20230331 064028.808 INFO             PET3       ATM-TO-MED: ProducerConnection (bondLevelMax):         1
20230331 064028.808 INFO             PET3     ATM-TO-MED: InitializeIPDv05p2a extro.
20230331 064028.808 INFO             PET3     OCN-TO-MED: InitializeIPDv05p2a intro.
20230331 064028.814 INFO             PET3       OCN-TO-MED:      importStandardNameList(i=  1): sea_surface_temperature
20230331 064028.814 INFO             PET3       OCN-TO-MED:         importNamespaceList(i=  1): OCN
20230331 064028.814 INFO             PET3       OCN-TO-MED:            importCplSetList(i=  1): __UNSPECIFIED__
20230331 064028.814 INFO             PET3       OCN-TO-MED:      exportStandardNameList(j=  3): sea_surface_temperature
20230331 064028.814 INFO             PET3       OCN-TO-MED:         exportNamespaceList(j=  3): MED
20230331 064028.814 INFO             PET3       OCN-TO-MED:            exportCplSetList(j=  3): __UNSPECIFIED__
20230331 064028.814 INFO             PET3       OCN-TO-MED: bondLevel= 1
20230331 064028.814 INFO             PET3       OCN-TO-MED: ProducerConnection (bondLevelMax):         1
20230331 064028.814 INFO             PET3     OCN-TO-MED: InitializeIPDv05p2a extro.
20230331 064028.815 INFO             PET3     MED-TO-ATM: InitializeIPDv05p2a intro.
20230331 064028.821 INFO             PET3       MED-TO-ATM:      importStandardNameList(i=  3): sea_surface_temperature
20230331 064028.821 INFO             PET3       MED-TO-ATM:         importNamespaceList(i=  3): MED
20230331 064028.821 INFO             PET3       MED-TO-ATM:            importCplSetList(i=  3): __UNSPECIFIED__
20230331 064028.821 INFO             PET3       MED-TO-ATM:      exportStandardNameList(j=  1): sea_surface_temperature
20230331 064028.821 INFO             PET3       MED-TO-ATM:         exportNamespaceList(j=  1): ATM
20230331 064028.821 INFO             PET3       MED-TO-ATM:            exportCplSetList(j=  1): __UNSPECIFIED__
20230331 064028.821 INFO             PET3       MED-TO-ATM: bondLevel= 1
20230331 064028.821 INFO             PET3       MED-TO-ATM: ProducerConnection (bondLevelMax):         1
20230331 064028.821 INFO             PET3     MED-TO-ATM: InitializeIPDv05p2a extro.
20230331 064028.821 INFO             PET3     MED-TO-OCN: InitializeIPDv05p2a intro.
20230331 064028.828 INFO             PET3       MED-TO-OCN:      importStandardNameList(i=  1): air_pressure_at_sea_level
20230331 064028.828 INFO             PET3       MED-TO-OCN:         importNamespaceList(i=  1): MED
20230331 064028.828 INFO             PET3       MED-TO-OCN:            importCplSetList(i=  1): __UNSPECIFIED__
20230331 064028.828 INFO             PET3       MED-TO-OCN:      exportStandardNameList(j=  1): air_pressure_at_sea_level
20230331 064028.828 INFO             PET3       MED-TO-OCN:         exportNamespaceList(j=  1): OCN
20230331 064028.828 INFO             PET3       MED-TO-OCN:            exportCplSetList(j=  1): __UNSPECIFIED__
20230331 064028.828 INFO             PET3       MED-TO-OCN: bondLevel= 1
20230331 064028.828 INFO             PET3       MED-TO-OCN: ProducerConnection (bondLevelMax):         1
20230331 064028.828 INFO             PET3       MED-TO-OCN:      importStandardNameList(i=  2): surface_net_downward_shortwave_flux
20230331 064028.828 INFO             PET3       MED-TO-OCN:         importNamespaceList(i=  2): MED
20230331 064028.828 INFO             PET3       MED-TO-OCN:            importCplSetList(i=  2): __UNSPECIFIED__
20230331 064028.828 INFO             PET3       MED-TO-OCN:      exportStandardNameList(j=  2): surface_net_downward_shortwave_flux
20230331 064028.828 INFO             PET3       MED-TO-OCN:         exportNamespaceList(j=  2): OCN
20230331 064028.828 INFO             PET3       MED-TO-OCN:            exportCplSetList(j=  2): __UNSPECIFIED__
20230331 064028.828 INFO             PET3       MED-TO-OCN: bondLevel= 1
20230331 064028.828 INFO             PET3       MED-TO-OCN: ProducerConnection (bondLevelMax):         1
20230331 064028.828 INFO             PET3     MED-TO-OCN: InitializeIPDv05p2a extro.
20230331 064028.829 INFO             PET3     ATM-TO-MED: InitializeIPDv05p2b intro.
20230331 064028.836 INFO             PET3       ATM-TO-MED:      importStandardNameList(i=  1): air_pressure_at_sea_level
20230331 064028.836 INFO             PET3       ATM-TO-MED:         importNamespaceList(i=  1): ATM
20230331 064028.836 INFO             PET3       ATM-TO-MED:            importCplSetList(i=  1): __UNSPECIFIED__
20230331 064028.836 INFO             PET3       ATM-TO-MED:      exportStandardNameList(j=  1): air_pressure_at_sea_level
20230331 064028.836 INFO             PET3       ATM-TO-MED:         exportNamespaceList(j=  1): MED
20230331 064028.836 INFO             PET3       ATM-TO-MED:            exportCplSetList(j=  1): __UNSPECIFIED__
20230331 064028.836 INFO             PET3       ATM-TO-MED: bondLevel= 1
20230331 064028.836 INFO             PET3       ATM-TO-MED: => added cplList(  1)=air_pressure_at_sea_level, cplSetList(  1)=__UNSPECIFIED__
20230331 064028.836 INFO             PET3       ATM-TO-MED:      importStandardNameList(i=  2): surface_net_downward_shortwave_flux
20230331 064028.836 INFO             PET3       ATM-TO-MED:         importNamespaceList(i=  2): ATM
20230331 064028.836 INFO             PET3       ATM-TO-MED:            importCplSetList(i=  2): __UNSPECIFIED__
20230331 064028.836 INFO             PET3       ATM-TO-MED:      exportStandardNameList(j=  2): surface_net_downward_shortwave_flux
20230331 064028.836 INFO             PET3       ATM-TO-MED:         exportNamespaceList(j=  2): MED
20230331 064028.836 INFO             PET3       ATM-TO-MED:            exportCplSetList(j=  2): __UNSPECIFIED__
20230331 064028.836 INFO             PET3       ATM-TO-MED: bondLevel= 1
20230331 064028.836 INFO             PET3       ATM-TO-MED: => added cplList(  2)=surface_net_downward_shortwave_flux, cplSetList(  2)=__UNSPECIFIED__
20230331 064028.836 INFO             PET3     ATM-TO-MED: InitializeIPDv05p2b extro.
20230331 064028.836 INFO             PET3     OCN-TO-MED: InitializeIPDv05p2b intro.
20230331 064028.843 INFO             PET3       OCN-TO-MED:      importStandardNameList(i=  1): sea_surface_temperature
20230331 064028.843 INFO             PET3       OCN-TO-MED:         importNamespaceList(i=  1): OCN
20230331 064028.843 INFO             PET3       OCN-TO-MED:            importCplSetList(i=  1): __UNSPECIFIED__
20230331 064028.843 INFO             PET3       OCN-TO-MED:      exportStandardNameList(j=  3): sea_surface_temperature
20230331 064028.843 INFO             PET3       OCN-TO-MED:         exportNamespaceList(j=  3): MED
20230331 064028.843 INFO             PET3       OCN-TO-MED:            exportCplSetList(j=  3): __UNSPECIFIED__
20230331 064028.843 INFO             PET3       OCN-TO-MED: bondLevel= 1
20230331 064028.843 INFO             PET3       OCN-TO-MED: => added cplList(  1)=sea_surface_temperature, cplSetList(  1)=__UNSPECIFIED__
20230331 064028.843 INFO             PET3     OCN-TO-MED: InitializeIPDv05p2b extro.
20230331 064028.843 INFO             PET3     MED-TO-ATM: InitializeIPDv05p2b intro.
20230331 064028.849 INFO             PET3       MED-TO-ATM:      importStandardNameList(i=  3): sea_surface_temperature
20230331 064028.849 INFO             PET3       MED-TO-ATM:         importNamespaceList(i=  3): MED
20230331 064028.849 INFO             PET3       MED-TO-ATM:            importCplSetList(i=  3): __UNSPECIFIED__
20230331 064028.849 INFO             PET3       MED-TO-ATM:      exportStandardNameList(j=  1): sea_surface_temperature
20230331 064028.849 INFO             PET3       MED-TO-ATM:         exportNamespaceList(j=  1): ATM
20230331 064028.849 INFO             PET3       MED-TO-ATM:            exportCplSetList(j=  1): __UNSPECIFIED__
20230331 064028.849 INFO             PET3       MED-TO-ATM: bondLevel= 1
20230331 064028.849 INFO             PET3       MED-TO-ATM: => added cplList(  1)=sea_surface_temperature, cplSetList(  1)=__UNSPECIFIED__
20230331 064028.849 INFO             PET3     MED-TO-ATM: InitializeIPDv05p2b extro.
20230331 064028.850 INFO             PET3     MED-TO-OCN: InitializeIPDv05p2b intro.
20230331 064028.857 INFO             PET3       MED-TO-OCN:      importStandardNameList(i=  1): air_pressure_at_sea_level
20230331 064028.857 INFO             PET3       MED-TO-OCN:         importNamespaceList(i=  1): MED
20230331 064028.857 INFO             PET3       MED-TO-OCN:            importCplSetList(i=  1): __UNSPECIFIED__
20230331 064028.857 INFO             PET3       MED-TO-OCN:      exportStandardNameList(j=  1): air_pressure_at_sea_level
20230331 064028.857 INFO             PET3       MED-TO-OCN:         exportNamespaceList(j=  1): OCN
20230331 064028.857 INFO             PET3       MED-TO-OCN:            exportCplSetList(j=  1): __UNSPECIFIED__
20230331 064028.857 INFO             PET3       MED-TO-OCN: bondLevel= 1
20230331 064028.857 INFO             PET3       MED-TO-OCN: => added cplList(  1)=air_pressure_at_sea_level, cplSetList(  1)=__UNSPECIFIED__
20230331 064028.857 INFO             PET3       MED-TO-OCN:      importStandardNameList(i=  2): surface_net_downward_shortwave_flux
20230331 064028.857 INFO             PET3       MED-TO-OCN:         importNamespaceList(i=  2): MED
20230331 064028.857 INFO             PET3       MED-TO-OCN:            importCplSetList(i=  2): __UNSPECIFIED__
20230331 064028.857 INFO             PET3       MED-TO-OCN:      exportStandardNameList(j=  2): surface_net_downward_shortwave_flux
20230331 064028.857 INFO             PET3       MED-TO-OCN:         exportNamespaceList(j=  2): OCN
20230331 064028.857 INFO             PET3       MED-TO-OCN:            exportCplSetList(j=  2): __UNSPECIFIED__
20230331 064028.857 INFO             PET3       MED-TO-OCN: bondLevel= 1
20230331 064028.857 INFO             PET3       MED-TO-OCN: => added cplList(  2)=surface_net_downward_shortwave_flux, cplSetList(  2)=__UNSPECIFIED__
20230331 064028.857 INFO             PET3     MED-TO-OCN: InitializeIPDv05p2b extro.
20230331 064028.857 INFO             PET3     esm: IInitModifyCplLists intro.
20230331 064028.857 INFO             PET3     esm: IInitModifyCplLists extro.
20230331 064028.858 INFO             PET3     ATM-TO-MED: InitializeIPDv05p3 intro.
20230331 064028.865 INFO             PET3       ATM-TO-MED: handle cplList(1): air_pressure_at_sea_level, cplSetList(1): __UNSPECIFIED__
20230331 064028.865 INFO             PET3       ATM-TO-MED: - connected.
20230331 064028.865 INFO             PET3       ATM-TO-MED: - both sides must provide the Field/GeomObject.
20230331 064028.865 INFO             PET3       ATM-TO-MED: handle cplList(2): surface_net_downward_shortwave_flux, cplSetList(2): __UNSPECIFIED__
20230331 064028.866 INFO             PET3       ATM-TO-MED: - connected.
20230331 064028.866 INFO             PET3       ATM-TO-MED: - both sides must provide the Field/GeomObject.
20230331 064028.866 INFO             PET3     ATM-TO-MED: InitializeIPDv05p3 extro.
20230331 064028.866 INFO             PET3     OCN-TO-MED: InitializeIPDv05p3 intro.
20230331 064028.872 INFO             PET3       OCN-TO-MED: handle cplList(1): sea_surface_temperature, cplSetList(1): __UNSPECIFIED__
20230331 064028.872 INFO             PET3       OCN-TO-MED: - connected.
20230331 064028.872 INFO             PET3       OCN-TO-MED: - both sides must provide the Field/GeomObject.
20230331 064028.873 INFO             PET3     OCN-TO-MED: InitializeIPDv05p3 extro.
20230331 064028.873 INFO             PET3     MED-TO-ATM: InitializeIPDv05p3 intro.
20230331 064028.879 INFO             PET3       MED-TO-ATM: handle cplList(1): sea_surface_temperature, cplSetList(1): __UNSPECIFIED__
20230331 064028.879 INFO             PET3       MED-TO-ATM: - connected.
20230331 064028.879 INFO             PET3       MED-TO-ATM: - both sides must provide the Field/GeomObject.
20230331 064028.879 INFO             PET3     MED-TO-ATM: InitializeIPDv05p3 extro.
20230331 064028.880 INFO             PET3     MED-TO-OCN: InitializeIPDv05p3 intro.
20230331 064028.887 INFO             PET3       MED-TO-OCN: handle cplList(1): air_pressure_at_sea_level, cplSetList(1): __UNSPECIFIED__
20230331 064028.887 INFO             PET3       MED-TO-OCN: - connected.
20230331 064028.887 INFO             PET3       MED-TO-OCN: - both sides must provide the Field/GeomObject.
20230331 064028.887 INFO             PET3       MED-TO-OCN: handle cplList(2): surface_net_downward_shortwave_flux, cplSetList(2): __UNSPECIFIED__
20230331 064028.887 INFO             PET3       MED-TO-OCN: - connected.
20230331 064028.887 INFO             PET3       MED-TO-OCN: - both sides must provide the Field/GeomObject.
20230331 064028.887 INFO             PET3     MED-TO-OCN: InitializeIPDv05p3 extro.
20230331 064028.887 INFO             PET3     <<<esm: leaving Initialize (phase=<none>) with current time: 2010  6  1  0  0  0   0
20230331 064028.887 INFO             PET3   esm: InitializeIPDv02p1 extro.
20230331 064028.888 INFO             PET3   esm: InitializeIPDv02p3 intro.
20230331 064028.888 INFO             PET3     >>>esm: entered Initialize (phase=<none>) with current time: 2010  6  1  0  0  0   0
20230331 064028.888 INFO             PET3     esm: IInitCheck intro.
20230331 064028.888 INFO             PET3     esm: IInitCheck extro.
20230331 064028.888 INFO             PET3     MED: InitializeIPDvXp04 intro.
20230331 064028.922 INFO             PET3     MED: InitializeIPDvXp04 extro.
20230331 064028.925 INFO             PET3     ATM-TO-MED: InitializeIPDv05p4 intro.
20230331 064028.937 INFO             PET3       ATM-TO-MED: handle cplList(1): air_pressure_at_sea_level, cplSetList(1): __UNSPECIFIED__
20230331 064028.937 INFO             PET3       ATM-TO-MED: - nothing shared or transferred
20230331 064028.937 INFO             PET3       ATM-TO-MED: handle cplList(2): surface_net_downward_shortwave_flux, cplSetList(2): __UNSPECIFIED__
20230331 064028.937 INFO             PET3       ATM-TO-MED: - nothing shared or transferred
20230331 064028.937 INFO             PET3     ATM-TO-MED: InitializeIPDv05p4 extro.
20230331 064028.938 INFO             PET3     OCN-TO-MED: InitializeIPDv05p4 intro.
20230331 064028.948 INFO             PET3       OCN-TO-MED: handle cplList(1): sea_surface_temperature, cplSetList(1): __UNSPECIFIED__
20230331 064028.948 INFO             PET3       OCN-TO-MED: - nothing shared or transferred
20230331 064028.948 INFO             PET3     OCN-TO-MED: InitializeIPDv05p4 extro.
20230331 064028.948 INFO             PET3     MED-TO-ATM: InitializeIPDv05p4 intro.
20230331 064028.958 INFO             PET3       MED-TO-ATM: handle cplList(1): sea_surface_temperature, cplSetList(1): __UNSPECIFIED__
20230331 064028.958 INFO             PET3       MED-TO-ATM: - nothing shared or transferred
20230331 064028.958 INFO             PET3     MED-TO-ATM: InitializeIPDv05p4 extro.
20230331 064028.958 INFO             PET3     MED-TO-OCN: InitializeIPDv05p4 intro.
20230331 064028.970 INFO             PET3       MED-TO-OCN: handle cplList(1): air_pressure_at_sea_level, cplSetList(1): __UNSPECIFIED__
20230331 064028.970 INFO             PET3       MED-TO-OCN: - nothing shared or transferred
20230331 064028.970 INFO             PET3       MED-TO-OCN: handle cplList(2): surface_net_downward_shortwave_flux, cplSetList(2): __UNSPECIFIED__
20230331 064028.970 INFO             PET3       MED-TO-OCN: - nothing shared or transferred
20230331 064028.970 INFO             PET3     MED-TO-OCN: InitializeIPDv05p4 extro.
20230331 064028.971 INFO             PET3     ATM-TO-MED: InitializeIPDv05p5 intro.
20230331 064028.983 INFO             PET3       ATM-TO-MED: handle cplList(1): air_pressure_at_sea_level, cplSetList(1): __UNSPECIFIED__
20230331 064028.983 INFO             PET3       ATM-TO-MED: - nothing shared or transferred, or may already be handled
20230331 064028.983 INFO             PET3       ATM-TO-MED: handle cplList(2): surface_net_downward_shortwave_flux, cplSetList(2): __UNSPECIFIED__
20230331 064028.983 INFO             PET3       ATM-TO-MED: - nothing shared or transferred, or may already be handled
20230331 064028.983 INFO             PET3     ATM-TO-MED: InitializeIPDv05p5 extro.
20230331 064028.983 INFO             PET3     OCN-TO-MED: InitializeIPDv05p5 intro.
20230331 064028.993 INFO             PET3       OCN-TO-MED: handle cplList(1): sea_surface_temperature, cplSetList(1): __UNSPECIFIED__
20230331 064028.993 INFO             PET3       OCN-TO-MED: - nothing shared or transferred, or may already be handled
20230331 064028.993 INFO             PET3     OCN-TO-MED: InitializeIPDv05p5 extro.
20230331 064028.994 INFO             PET3     MED-TO-ATM: InitializeIPDv05p5 intro.
20230331 064029.004 INFO             PET3       MED-TO-ATM: handle cplList(1): sea_surface_temperature, cplSetList(1): __UNSPECIFIED__
20230331 064029.004 INFO             PET3       MED-TO-ATM: - nothing shared or transferred, or may already be handled
20230331 064029.004 INFO             PET3     MED-TO-ATM: InitializeIPDv05p5 extro.
20230331 064029.004 INFO             PET3     MED-TO-OCN: InitializeIPDv05p5 intro.
20230331 064029.016 INFO             PET3       MED-TO-OCN: handle cplList(1): air_pressure_at_sea_level, cplSetList(1): __UNSPECIFIED__
20230331 064029.016 INFO             PET3       MED-TO-OCN: - nothing shared or transferred, or may already be handled
20230331 064029.016 INFO             PET3       MED-TO-OCN: handle cplList(2): surface_net_downward_shortwave_flux, cplSetList(2): __UNSPECIFIED__
20230331 064029.016 INFO             PET3       MED-TO-OCN: - nothing shared or transferred, or may already be handled
20230331 064029.016 INFO             PET3     MED-TO-OCN: InitializeIPDv05p5 extro.
20230331 064029.016 INFO             PET3     esm: IInitRealize intro.
20230331 064029.016 INFO             PET3     esm: IInitRealize extro.
20230331 064029.017 INFO             PET3     ATM-TO-MED: InitializeIPDv05p6a intro.
20230331 064029.028 INFO             PET3     ATM-TO-MED: InitializeIPDv05p6a extro.
20230331 064029.028 INFO             PET3     OCN-TO-MED: InitializeIPDv05p6a intro.
20230331 064029.038 INFO             PET3     OCN-TO-MED: InitializeIPDv05p6a extro.
20230331 064029.038 INFO             PET3     MED-TO-ATM: InitializeIPDv05p6a intro.
20230331 064029.048 INFO             PET3     MED-TO-ATM: InitializeIPDv05p6a extro.
20230331 064029.048 INFO             PET3     MED-TO-OCN: InitializeIPDv05p6a intro.
20230331 064029.060 INFO             PET3     MED-TO-OCN: InitializeIPDv05p6a extro.
20230331 064029.060 INFO             PET3     ATM-TO-MED: InitializeIPDv05p6b intro.
20230331 064029.060 INFO             PET3       ATM-TO-MED: handle cplList(1): air_pressure_at_sea_level, cplSetList(1): __UNSPECIFIED__
