2023-03-29 19:14:23
forrtl: severe (174): SIGSEGV, segmentation fault occurred
Image              PC                Routine            Line        Source             
libpthread-2.31.s  000014F8A669E8C0  Unknown               Unknown  Unknown
mainApp            0000000000435EF0  Unknown               Unknown  Unknown
mainApp            0000000000436840  Unknown               Unknown  Unknown
mainApp            00000000004360D4  Unknown               Unknown  Unknown
libesmf.so         000014F8A8BC4FB2  f_esmf_compcollec     Unknown  Unknown
libesmf.so         000014F8A8A1DE8D  _ZN5ESMCI2VM8fina     Unknown  Unknown
libesmf.so         000014F8A89FF765  c_esmc_vmfinalize     Unknown  Unknown
libesmf.so         000014F8A90D7AAC  esmf_vmmod_mp_esm     Unknown  Unknown
libesmf.so         000014F8A8EF6436  esmf_initmod_mp_e     Unknown  Unknown
mainApp            000000000041020A  Unknown               Unknown  Unknown
mainApp            000000000040FC0D  Unknown               Unknown  Unknown
libc-2.31.so       000014F8A28542BD  __libc_start_main     Unknown  Unknown
mainApp            000000000040FB3A  Unknown               Unknown  Unknown
forrtl: severe (174): SIGSEGV, segmentation fault occurred
Image              PC                Routine            Line        Source             
libpthread-2.31.s  000014C5CD3C38C0  Unknown               Unknown  Unknown
mainApp            0000000000435F23  Unknown               Unknown  Unknown
mainApp            0000000000436840  Unknown               Unknown  Unknown
mainApp            00000000004360D4  Unknown               Unknown  Unknown
libesmf.so         000014C5CF8E9FB2  f_esmf_compcollec     Unknown  Unknown
libesmf.so         000014C5CF742E8D  _ZN5ESMCI2VM8fina     Unknown  Unknown
libesmf.so         000014C5CF724765  c_esmc_vmfinalize     Unknown  Unknown
libesmf.so         000014C5CFDFCAAC  esmf_vmmod_mp_esm     Unknown  Unknown
libesmf.so         000014C5CFC1B436  esmf_initmod_mp_e     Unknown  Unknown
mainApp            000000000041020A  Unknown               Unknown  Unknown
mainApp            000000000040FC0D  Unknown               Unknown  Unknown
libc-2.31.so       000014C5C95792BD  __libc_start_main     Unknown  Unknown
mainApp            000000000040FB3A  Unknown               Unknown  Unknown
forrtl: severe (174): SIGSEGV, segmentation fault occurred
Image              PC                Routine            Line        Source             
libpthread-2.31.s  0000149F8E1748C0  Unknown               Unknown  Unknown
mainApp            0000000000435F23  Unknown               Unknown  Unknown
mainApp            0000000000436840  Unknown               Unknown  Unknown
mainApp            00000000004360D4  Unknown               Unknown  Unknown
libesmf.so         0000149F9069AFB2  f_esmf_compcollec     Unknown  Unknown
libesmf.so         0000149F904F3E8D  _ZN5ESMCI2VM8fina     Unknown  Unknown
libesmf.so         0000149F904D5765  c_esmc_vmfinalize     Unknown  Unknown
libesmf.so         0000149F90BADAAC  esmf_vmmod_mp_esm     Unknown  Unknown
libesmf.so         0000149F909CC436  esmf_initmod_mp_e     Unknown  Unknown
mainApp            000000000041020A  Unknown               Unknown  Unknown
mainApp            000000000040FC0D  Unknown               Unknown  Unknown
libc-2.31.so       0000149F8A32A2BD  __libc_start_main     Unknown  Unknown
mainApp            000000000040FB3A  Unknown               Unknown  Unknown
forrtl: severe (174): SIGSEGV, segmentation fault occurred
Image              PC                Routine            Line        Source             
libpthread-2.31.s  000014B9864188C0  Unknown               Unknown  Unknown
mainApp            0000000000435F31  Unknown               Unknown  Unknown
mainApp            0000000000436840  Unknown               Unknown  Unknown
mainApp            00000000004360D4  Unknown               Unknown  Unknown
libesmf.so         000014B98893EFB2  f_esmf_compcollec     Unknown  Unknown
libesmf.so         000014B988797E8D  _ZN5ESMCI2VM8fina     Unknown  Unknown
libesmf.so         000014B988779765  c_esmc_vmfinalize     Unknown  Unknown
libesmf.so         000014B988E51AAC  esmf_vmmod_mp_esm     Unknown  Unknown
libesmf.so         000014B988C70436  esmf_initmod_mp_e     Unknown  Unknown
mainApp            000000000041020A  Unknown               Unknown  Unknown
mainApp            000000000040FC0D  Unknown               Unknown  Unknown
libc-2.31.so       000014B9825CE2BD  __libc_start_main     Unknown  Unknown
mainApp            000000000040FB3A  Unknown               Unknown  Unknown
gu0003.hsn.gu.hpc.ucar.edu: rank 1 exited with code 174
