2023-03-17 02:58:40
20230317 033018.537 INFO             PET0 !!!!!!!!!!!!!!!!!!!!!!!!!!!!!!!!!!!!!!!!!!!!!!!!!!!!!!
20230317 033018.537 INFO             PET0 !!! THE ESMF_LOG IS SET TO OUTPUT ALL LOG MESSAGES !!!
20230317 033018.537 INFO             PET0 !!!     THIS MAY CAUSE SLOWDOWN IN PERFORMANCE     !!!
20230317 033018.537 INFO             PET0 !!! FOR PRODUCTION RUNS, USE:                      !!!
20230317 033018.537 INFO             PET0 !!!                   ESMF_LOGKIND_Multi_On_Error  !!!
20230317 033018.537 INFO             PET0 !!!!!!!!!!!!!!!!!!!!!!!!!!!!!!!!!!!!!!!!!!!!!!!!!!!!!!
20230317 033018.537 INFO             PET0 Running with ESMF Version   : v8.5.0b18-4-gd81342e
20230317 033018.537 INFO             PET0 ESMF library build date/time: "Mar 17 2023" "02:56:16"
20230317 033018.537 INFO             PET0 ESMF library build location : /work/noaa/da/mpotts/sandbox/intel_2020.2_intelmpi_g_develop/esmf
20230317 033018.537 INFO             PET0 ESMF_COMM                   : intelmpi
20230317 033018.538 INFO             PET0 ESMF_MOAB                   : enabled
20230317 033018.538 INFO             PET0 ESMF_LAPACK                 : enabled
20230317 033018.538 INFO             PET0 ESMF_NETCDF                 : enabled
20230317 033018.538 INFO             PET0 ESMF_PNETCDF                : disabled
20230317 033018.538 INFO             PET0 ESMF_PIO                    : enabled
20230317 033018.538 INFO             PET0 ESMF_YAMLCPP                : enabled
20230317 033018.538 INFO             PET0  NUMBER_OF_PROCESSORS           1
20230317 033018.538 INFO             PET0  PASS  Example ESMF_TimeIntervalEx, ESMF_TimeIntervalEx.F90, line 176
20230317 033018.538 INFO             PET0 Finalizing ESMF
