2023-03-17 02:58:40
20230317 033010.107 INFO             PET0 !!!!!!!!!!!!!!!!!!!!!!!!!!!!!!!!!!!!!!!!!!!!!!!!!!!!!!
20230317 033010.107 INFO             PET0 !!! THE ESMF_LOG IS SET TO OUTPUT ALL LOG MESSAGES !!!
20230317 033010.107 INFO             PET0 !!!     THIS MAY CAUSE SLOWDOWN IN PERFORMANCE     !!!
20230317 033010.107 INFO             PET0 !!! FOR PRODUCTION RUNS, USE:                      !!!
20230317 033010.107 INFO             PET0 !!!                   ESMF_LOGKIND_Multi_On_Error  !!!
20230317 033010.107 INFO             PET0 !!!!!!!!!!!!!!!!!!!!!!!!!!!!!!!!!!!!!!!!!!!!!!!!!!!!!!
20230317 033010.107 INFO             PET0 Running with ESMF Version   : v8.5.0b18-4-gd81342e
20230317 033010.107 INFO             PET0 ESMF library build date/time: "Mar 17 2023" "02:56:16"
20230317 033010.107 INFO             PET0 ESMF library build location : /work/noaa/da/mpotts/sandbox/intel_2020.2_intelmpi_g_develop/esmf
20230317 033010.107 INFO             PET0 ESMF_COMM                   : intelmpi
20230317 033010.108 INFO             PET0 ESMF_MOAB                   : enabled
20230317 033010.108 INFO             PET0 ESMF_LAPACK                 : enabled
20230317 033010.108 INFO             PET0 ESMF_NETCDF                 : enabled
20230317 033010.108 INFO             PET0 ESMF_PNETCDF                : disabled
20230317 033010.108 INFO             PET0 ESMF_PIO                    : enabled
20230317 033010.108 INFO             PET0 ESMF_YAMLCPP                : enabled
20230317 033010.108 INFO             PET0 ESMF Tracing Enabled
20230317 033010.108 INFO             PET0 ESMF Profiling Enabled
20230317 033010.108 INFO             PET0 ESMF Trace/Profile clock: REALTIME
20230317 033010.112 INFO             PET0  NUMBER_OF_PROCESSORS           4
20230317 033010.112 INFO             PET0  PASS  Example ESMF_TraceEx, ESMF_TraceEx.F90, line 178
20230317 033010.112 INFO             PET0 Finalizing ESMF
20230317 033010.112 INFO             PET0 **************** Region Timings *******************
20230317 033010.112 INFO             PET0 Region              Count  Total (s)   Self (s)    Mean (s)    Min (s)     Max (s)
20230317 033010.112 INFO             PET0   [ESMF]            1      0.0019      0.0019      0.0019      0.0019      0.0019
20230317 033010.112 INFO             PET0     [test] Run 1    5      0.0000      0.0000      0.0000      0.0000      0.0000
20230317 033010.113 INFO             PET0     [test] Init 1   1      0.0000      0.0000      0.0000      0.0000      0.0000
20230317 033010.113 INFO             PET0     [test] Final 1  1      0.0000      0.0000      0.0000      0.0000      0.0000
20230317 033010.108 INFO             PET1 !!!!!!!!!!!!!!!!!!!!!!!!!!!!!!!!!!!!!!!!!!!!!!!!!!!!!!
20230317 033010.108 INFO             PET1 !!! THE ESMF_LOG IS SET TO OUTPUT ALL LOG MESSAGES !!!
20230317 033010.108 INFO             PET1 !!!     THIS MAY CAUSE SLOWDOWN IN PERFORMANCE     !!!
20230317 033010.108 INFO             PET1 !!! FOR PRODUCTION RUNS, USE:                      !!!
20230317 033010.108 INFO             PET1 !!!                   ESMF_LOGKIND_Multi_On_Error  !!!
20230317 033010.108 INFO             PET1 !!!!!!!!!!!!!!!!!!!!!!!!!!!!!!!!!!!!!!!!!!!!!!!!!!!!!!
20230317 033010.108 INFO             PET1 Running with ESMF Version   : v8.5.0b18-4-gd81342e
20230317 033010.108 INFO             PET1 ESMF library build date/time: "Mar 17 2023" "02:56:16"
20230317 033010.108 INFO             PET1 ESMF library build location : /work/noaa/da/mpotts/sandbox/intel_2020.2_intelmpi_g_develop/esmf
20230317 033010.108 INFO             PET1 ESMF_COMM                   : intelmpi
20230317 033010.109 INFO             PET1 ESMF_MOAB                   : enabled
20230317 033010.109 INFO             PET1 ESMF_LAPACK                 : enabled
20230317 033010.109 INFO             PET1 ESMF_NETCDF                 : enabled
20230317 033010.109 INFO             PET1 ESMF_PNETCDF                : disabled
20230317 033010.109 INFO             PET1 ESMF_PIO                    : enabled
20230317 033010.109 INFO             PET1 ESMF_YAMLCPP                : enabled
20230317 033010.109 INFO             PET1 ESMF Tracing Enabled
20230317 033010.109 INFO             PET1 ESMF Profiling Enabled
20230317 033010.109 INFO             PET1 ESMF Trace/Profile clock: REALTIME
20230317 033010.112 INFO             PET1  NUMBER_OF_PROCESSORS           4
20230317 033010.112 INFO             PET1  PASS  Example ESMF_TraceEx, ESMF_TraceEx.F90, line 178
20230317 033010.112 INFO             PET1 Finalizing ESMF
20230317 033010.112 INFO             PET1 **************** Region Timings *******************
20230317 033010.112 INFO             PET1 Region              Count  Total (s)   Self (s)    Mean (s)    Min (s)     Max (s)
20230317 033010.113 INFO             PET1   [ESMF]            1      0.0030      0.0029      0.0030      0.0030      0.0030
20230317 033010.113 INFO             PET1     [test] Init 1   1      0.0001      0.0001      0.0001      0.0001      0.0001
20230317 033010.113 INFO             PET1     [test] Run 1    5      0.0000      0.0000      0.0000      0.0000      0.0000
20230317 033010.113 INFO             PET1     [test] Final 1  1      0.0000      0.0000      0.0000      0.0000      0.0000
20230317 033010.107 INFO             PET2 !!!!!!!!!!!!!!!!!!!!!!!!!!!!!!!!!!!!!!!!!!!!!!!!!!!!!!
20230317 033010.107 INFO             PET2 !!! THE ESMF_LOG IS SET TO OUTPUT ALL LOG MESSAGES !!!
20230317 033010.107 INFO             PET2 !!!     THIS MAY CAUSE SLOWDOWN IN PERFORMANCE     !!!
20230317 033010.107 INFO             PET2 !!! FOR PRODUCTION RUNS, USE:                      !!!
20230317 033010.107 INFO             PET2 !!!                   ESMF_LOGKIND_Multi_On_Error  !!!
20230317 033010.107 INFO             PET2 !!!!!!!!!!!!!!!!!!!!!!!!!!!!!!!!!!!!!!!!!!!!!!!!!!!!!!
20230317 033010.107 INFO             PET2 Running with ESMF Version   : v8.5.0b18-4-gd81342e
20230317 033010.107 INFO             PET2 ESMF library build date/time: "Mar 17 2023" "02:56:16"
20230317 033010.107 INFO             PET2 ESMF library build location : /work/noaa/da/mpotts/sandbox/intel_2020.2_intelmpi_g_develop/esmf
20230317 033010.107 INFO             PET2 ESMF_COMM                   : intelmpi
20230317 033010.108 INFO             PET2 ESMF_MOAB                   : enabled
20230317 033010.108 INFO             PET2 ESMF_LAPACK                 : enabled
20230317 033010.108 INFO             PET2 ESMF_NETCDF                 : enabled
20230317 033010.108 INFO             PET2 ESMF_PNETCDF                : disabled
20230317 033010.108 INFO             PET2 ESMF_PIO                    : enabled
20230317 033010.108 INFO             PET2 ESMF_YAMLCPP                : enabled
20230317 033010.108 INFO             PET2 ESMF Tracing Enabled
20230317 033010.108 INFO             PET2 ESMF Profiling Enabled
20230317 033010.108 INFO             PET2 ESMF Trace/Profile clock: REALTIME
20230317 033010.112 INFO             PET2  NUMBER_OF_PROCESSORS           4
20230317 033010.112 INFO             PET2  PASS  Example ESMF_TraceEx, ESMF_TraceEx.F90, line 178
20230317 033010.112 INFO             PET2 Finalizing ESMF
20230317 033010.112 INFO             PET2 **************** Region Timings *******************
20230317 033010.112 INFO             PET2 Region              Count  Total (s)   Self (s)    Mean (s)    Min (s)     Max (s)
20230317 033010.112 INFO             PET2   [ESMF]            1      0.0024      0.0023      0.0024      0.0024      0.0024
20230317 033010.112 INFO             PET2     [test] Init 1   1      0.0001      0.0001      0.0001      0.0001      0.0001
20230317 033010.113 INFO             PET2     [test] Run 1    5      0.0000      0.0000      0.0000      0.0000      0.0000
20230317 033010.113 INFO             PET2     [test] Final 1  1      0.0000      0.0000      0.0000      0.0000      0.0000
20230317 033010.107 INFO             PET3 !!!!!!!!!!!!!!!!!!!!!!!!!!!!!!!!!!!!!!!!!!!!!!!!!!!!!!
20230317 033010.108 INFO             PET3 !!! THE ESMF_LOG IS SET TO OUTPUT ALL LOG MESSAGES !!!
20230317 033010.108 INFO             PET3 !!!     THIS MAY CAUSE SLOWDOWN IN PERFORMANCE     !!!
20230317 033010.108 INFO             PET3 !!! FOR PRODUCTION RUNS, USE:                      !!!
20230317 033010.108 INFO             PET3 !!!                   ESMF_LOGKIND_Multi_On_Error  !!!
20230317 033010.108 INFO             PET3 !!!!!!!!!!!!!!!!!!!!!!!!!!!!!!!!!!!!!!!!!!!!!!!!!!!!!!
20230317 033010.108 INFO             PET3 Running with ESMF Version   : v8.5.0b18-4-gd81342e
20230317 033010.108 INFO             PET3 ESMF library build date/time: "Mar 17 2023" "02:56:16"
20230317 033010.108 INFO             PET3 ESMF library build location : /work/noaa/da/mpotts/sandbox/intel_2020.2_intelmpi_g_develop/esmf
20230317 033010.108 INFO             PET3 ESMF_COMM                   : intelmpi
20230317 033010.108 INFO             PET3 ESMF_MOAB                   : enabled
20230317 033010.108 INFO             PET3 ESMF_LAPACK                 : enabled
20230317 033010.108 INFO             PET3 ESMF_NETCDF                 : enabled
20230317 033010.108 INFO             PET3 ESMF_PNETCDF                : disabled
20230317 033010.108 INFO             PET3 ESMF_PIO                    : enabled
20230317 033010.108 INFO             PET3 ESMF_YAMLCPP                : enabled
20230317 033010.109 INFO             PET3 ESMF Tracing Enabled
20230317 033010.109 INFO             PET3 ESMF Profiling Enabled
20230317 033010.109 INFO             PET3 ESMF Trace/Profile clock: REALTIME
20230317 033010.112 INFO             PET3  NUMBER_OF_PROCESSORS           4
20230317 033010.112 INFO             PET3  PASS  Example ESMF_TraceEx, ESMF_TraceEx.F90, line 178
20230317 033010.112 INFO             PET3 Finalizing ESMF
20230317 033010.112 INFO             PET3 **************** Region Timings *******************
20230317 033010.112 INFO             PET3 Region              Count  Total (s)   Self (s)    Mean (s)    Min (s)     Max (s)
20230317 033010.113 INFO             PET3   [ESMF]            1      0.0028      0.0027      0.0028      0.0028      0.0028
20230317 033010.113 INFO             PET3     [test] Init 1   1      0.0001      0.0001      0.0001      0.0001      0.0001
20230317 033010.113 INFO             PET3     [test] Run 1    5      0.0000      0.0000      0.0000      0.0000      0.0000
20230317 033010.113 INFO             PET3     [test] Final 1  1      0.0000      0.0000      0.0000      0.0000      0.0000
