2023-03-07 02:32:53
20230307 030230.400 INFO             PET0 !!!!!!!!!!!!!!!!!!!!!!!!!!!!!!!!!!!!!!!!!!!!!!!!!!!!!!
20230307 030230.400 INFO             PET0 !!! THE ESMF_LOG IS SET TO OUTPUT ALL LOG MESSAGES !!!
20230307 030230.400 INFO             PET0 !!!     THIS MAY CAUSE SLOWDOWN IN PERFORMANCE     !!!
20230307 030230.400 INFO             PET0 !!! FOR PRODUCTION RUNS, USE:                      !!!
20230307 030230.400 INFO             PET0 !!!                   ESMF_LOGKIND_Multi_On_Error  !!!
20230307 030230.400 INFO             PET0 !!!!!!!!!!!!!!!!!!!!!!!!!!!!!!!!!!!!!!!!!!!!!!!!!!!!!!
20230307 030230.400 INFO             PET0 Running with ESMF Version   : v8.5.0b17-4-gf6f9c0a
20230307 030230.400 INFO             PET0 ESMF library build date/time: "Mar  7 2023" "02:31:12"
20230307 030230.400 INFO             PET0 ESMF library build location : /work/noaa/da/mpotts/sandbox/intel_2020.2_intelmpi_g_develop/esmf
20230307 030230.400 INFO             PET0 ESMF_COMM                   : intelmpi
20230307 030230.401 INFO             PET0 ESMF_MOAB                   : enabled
20230307 030230.401 INFO             PET0 ESMF_LAPACK                 : enabled
20230307 030230.401 INFO             PET0 ESMF_NETCDF                 : enabled
20230307 030230.401 INFO             PET0 ESMF_PNETCDF                : disabled
20230307 030230.401 INFO             PET0 ESMF_PIO                    : enabled
20230307 030230.401 INFO             PET0 ESMF_YAMLCPP                : enabled
20230307 030230.401 INFO             PET0  NUMBER_OF_PROCESSORS           2
20230307 030230.401 INFO             PET0  PASS  Example ESMF_VMUserMpiCommEx, ESMF_VMUserMpiCommEx.F90, line 113
20230307 030230.401 INFO             PET0 Finalizing ESMF
20230307 030230.400 INFO             PET1 !!!!!!!!!!!!!!!!!!!!!!!!!!!!!!!!!!!!!!!!!!!!!!!!!!!!!!
20230307 030230.400 INFO             PET1 !!! THE ESMF_LOG IS SET TO OUTPUT ALL LOG MESSAGES !!!
20230307 030230.400 INFO             PET1 !!!     THIS MAY CAUSE SLOWDOWN IN PERFORMANCE     !!!
20230307 030230.400 INFO             PET1 !!! FOR PRODUCTION RUNS, USE:                      !!!
20230307 030230.400 INFO             PET1 !!!                   ESMF_LOGKIND_Multi_On_Error  !!!
20230307 030230.400 INFO             PET1 !!!!!!!!!!!!!!!!!!!!!!!!!!!!!!!!!!!!!!!!!!!!!!!!!!!!!!
20230307 030230.400 INFO             PET1 Running with ESMF Version   : v8.5.0b17-4-gf6f9c0a
20230307 030230.400 INFO             PET1 ESMF library build date/time: "Mar  7 2023" "02:31:12"
20230307 030230.400 INFO             PET1 ESMF library build location : /work/noaa/da/mpotts/sandbox/intel_2020.2_intelmpi_g_develop/esmf
20230307 030230.400 INFO             PET1 ESMF_COMM                   : intelmpi
20230307 030230.401 INFO             PET1 ESMF_MOAB                   : enabled
20230307 030230.401 INFO             PET1 ESMF_LAPACK                 : enabled
20230307 030230.401 INFO             PET1 ESMF_NETCDF                 : enabled
20230307 030230.401 INFO             PET1 ESMF_PNETCDF                : disabled
20230307 030230.401 INFO             PET1 ESMF_PIO                    : enabled
20230307 030230.401 INFO             PET1 ESMF_YAMLCPP                : enabled
20230307 030230.401 INFO             PET1  NUMBER_OF_PROCESSORS           2
20230307 030230.401 INFO             PET1  PASS  Example ESMF_VMUserMpiCommEx, ESMF_VMUserMpiCommEx.F90, line 113
20230307 030230.401 INFO             PET1 Finalizing ESMF
