2023-04-21 03:24:56
20230421 040557.443 INFO             PET0 !!!!!!!!!!!!!!!!!!!!!!!!!!!!!!!!!!!!!!!!!!!!!!!!!!!!!!
20230421 040557.443 INFO             PET0 !!! THE ESMF_LOG IS SET TO OUTPUT ALL LOG MESSAGES !!!
20230421 040557.443 INFO             PET0 !!!     THIS MAY CAUSE SLOWDOWN IN PERFORMANCE     !!!
20230421 040557.443 INFO             PET0 !!! FOR PRODUCTION RUNS, USE:                      !!!
20230421 040557.443 INFO             PET0 !!!                   ESMF_LOGKIND_Multi_On_Error  !!!
20230421 040557.443 INFO             PET0 !!!!!!!!!!!!!!!!!!!!!!!!!!!!!!!!!!!!!!!!!!!!!!!!!!!!!!
20230421 040557.443 INFO             PET0 Running with ESMF Version   : hconfig_b01-3-ge0b4092aab
20230421 040557.443 INFO             PET0 ESMF library build date/time: "Apr 21 2023" "03:22:52"
20230421 040557.443 INFO             PET0 ESMF library build location : /glade/gust/scratch/theurich/ESMF-Nightly-Testing/nvhpc_23.1_mpi_g_feature_hconfig/esmf
20230421 040557.443 INFO             PET0 ESMF_COMM                   : mpi
20230421 040557.445 INFO             PET0 ESMF_MOAB                   : enabled
20230421 040557.445 INFO             PET0 ESMF_LAPACK                 : enabled
20230421 040557.445 INFO             PET0 ESMF_NETCDF                 : enabled
20230421 040557.445 INFO             PET0 ESMF_PNETCDF                : disabled
20230421 040557.445 INFO             PET0 ESMF_PIO                    : enabled
20230421 040557.445 INFO             PET0 ESMF_YAMLCPP                : enabled
20230421 040557.445 INFO             PET0 esmApp STARTING
20230421 040557.450 INFO             PET0 esm: InitializeGeneric intro.
20230421 040557.450 INFO             PET0   esm: InitializeP0 intro.
20230421 040557.450 INFO             PET0   esm: InitializeP0 extro.
20230421 040557.450 INFO             PET0   esm: InitializeIPDv02p1 intro.
20230421 040557.450 INFO             PET0     >>>esm: entered Initialize (phase=<none>) without valid internal Clock.
20230421 040557.451 INFO             PET0     esm - Creating model component ATM without petList.
20230421 040557.453 INFO             PET0     esm - Creating model component OCN without petList.
20230421 040557.455 INFO             PET0     esm - Creating connector component ATM-TO-OCN without petList.
20230421 040557.460 INFO             PET0     esm - Creating connector component OCN-TO-ATM without petList.
20230421 040557.465 INFO             PET0     esm - Creating state: modelComp 1 Import State
20230421 040557.465 INFO             PET0     esm - Creating state: modelComp 1 Export State
20230421 040557.465 INFO             PET0     esm - Creating state: modelComp 2 Import State
20230421 040557.465 INFO             PET0     esm - Creating state: modelComp 2 Export State
20230421 040557.466 INFO             PET0     ATM: InitializeP0 intro.
20230421 040557.466 INFO             PET0       >>>ATM: entered Initialize (phase=<none>) without valid internal Clock.
20230421 040557.467 INFO             PET0       <<<ATM: leaving Initialize (phase=<none>) without valid internal Clock.
20230421 040557.467 INFO             PET0     ATM: InitializeP0 extro.
20230421 040557.467 INFO             PET0     OCN: InitializeP0 intro.
20230421 040557.467 INFO             PET0       >>>OCN: entered Initialize (phase=<none>) without valid internal Clock.
20230421 040557.469 INFO             PET0       <<<OCN: leaving Initialize (phase=<none>) without valid internal Clock.
20230421 040557.469 INFO             PET0     OCN: InitializeP0 extro.
20230421 040557.471 INFO             PET0     ATM-TO-OCN: InitializeP0 intro.
20230421 040557.471 INFO             PET0     ATM-TO-OCN: InitializeP0 extro.
20230421 040557.471 INFO             PET0     OCN-TO-ATM: InitializeP0 intro.
20230421 040557.472 INFO             PET0     OCN-TO-ATM: InitializeP0 extro.
20230421 040557.473 INFO             PET0     esm: IInitAdvertise intro.
20230421 040557.473 INFO             PET0     esm: IInitAdvertise extro.
20230421 040557.473 INFO             PET0     ATM: InitializeIPDvXp01 intro.
20230421 040557.474 INFO             PET0       >>>ATM: entered Initialize (phase=IPDvXp01) without valid internal Clock.
20230421 040557.476 INFO             PET0       <<<ATM: leaving Initialize (phase=IPDvXp01) without valid internal Clock.
20230421 040557.476 INFO             PET0     ATM: InitializeIPDvXp01 extro.
20230421 040557.476 INFO             PET0     OCN: InitializeIPDvXp01 intro.
20230421 040557.476 INFO             PET0       >>>OCN: entered Initialize (phase=IPDvXp01) without valid internal Clock.
20230421 040557.478 INFO             PET0       <<<OCN: leaving Initialize (phase=IPDvXp01) without valid internal Clock.
20230421 040557.478 INFO             PET0     OCN: InitializeIPDvXp01 extro.
20230421 040557.479 INFO             PET0     ATM-TO-OCN: InitializeIPDv05p1 intro.
20230421 040557.483 INFO             PET0       ATM-TO-OCN: importState FieldTransferPolicy = transferNone
20230421 040557.483 INFO             PET0       ATM-TO-OCN: exportState FieldTransferPolicy = transferNone
20230421 040557.483 INFO             PET0     ATM-TO-OCN: InitializeIPDv05p1 extro.
20230421 040557.483 INFO             PET0     OCN-TO-ATM: InitializeIPDv05p1 intro.
20230421 040557.486 INFO             PET0       OCN-TO-ATM: importState FieldTransferPolicy = transferNone
20230421 040557.486 INFO             PET0       OCN-TO-ATM: exportState FieldTransferPolicy = transferNone
20230421 040557.486 INFO             PET0     OCN-TO-ATM: InitializeIPDv05p1 extro.
20230421 040557.486 INFO             PET0     esm: IInitAdvertiseFinish intro.
20230421 040557.486 INFO             PET0     esm: IInitAdvertiseFinish extro.
20230421 040557.486 INFO             PET0     ATM-TO-OCN: InitializeIPDv05p2a intro.
20230421 040557.489 INFO             PET0       ATM-TO-OCN:      importStandardNameList(i=  1): air_pressure_at_sea_level
20230421 040557.489 INFO             PET0       ATM-TO-OCN:         importNamespaceList(i=  1): ATM
20230421 040557.489 INFO             PET0       ATM-TO-OCN:            importCplSetList(i=  1): __UNSPECIFIED__
20230421 040557.489 INFO             PET0       ATM-TO-OCN:      exportStandardNameList(j=  1): air_pressure_at_sea_level
20230421 040557.489 INFO             PET0       ATM-TO-OCN:         exportNamespaceList(j=  1): OCN
20230421 040557.489 INFO             PET0       ATM-TO-OCN:            exportCplSetList(j=  1): __UNSPECIFIED__
20230421 040557.489 INFO             PET0       ATM-TO-OCN: bondLevel= 1
20230421 040557.489 INFO             PET0       ATM-TO-OCN: ProducerConnection (bondLevelMax):         1
20230421 040557.489 INFO             PET0       ATM-TO-OCN:      importStandardNameList(i=  2): surface_net_downward_shortwave_flux
20230421 040557.489 INFO             PET0       ATM-TO-OCN:         importNamespaceList(i=  2): ATM
20230421 040557.489 INFO             PET0       ATM-TO-OCN:            importCplSetList(i=  2): __UNSPECIFIED__
20230421 040557.489 INFO             PET0       ATM-TO-OCN:      exportStandardNameList(j=  2): surface_net_downward_shortwave_flux
20230421 040557.489 INFO             PET0       ATM-TO-OCN:         exportNamespaceList(j=  2): OCN
20230421 040557.489 INFO             PET0       ATM-TO-OCN:            exportCplSetList(j=  2): __UNSPECIFIED__
20230421 040557.489 INFO             PET0       ATM-TO-OCN: bondLevel= 1
20230421 040557.489 INFO             PET0       ATM-TO-OCN: ProducerConnection (bondLevelMax):         1
20230421 040557.489 INFO             PET0     ATM-TO-OCN: InitializeIPDv05p2a extro.
20230421 040557.489 INFO             PET0     OCN-TO-ATM: InitializeIPDv05p2a intro.
20230421 040557.492 INFO             PET0       OCN-TO-ATM:      importStandardNameList(i=  1): sea_surface_temperature
20230421 040557.492 INFO             PET0       OCN-TO-ATM:         importNamespaceList(i=  1): OCN
20230421 040557.492 INFO             PET0       OCN-TO-ATM:            importCplSetList(i=  1): __UNSPECIFIED__
20230421 040557.492 INFO             PET0       OCN-TO-ATM:      exportStandardNameList(j=  1): sea_surface_temperature
20230421 040557.492 INFO             PET0       OCN-TO-ATM:         exportNamespaceList(j=  1): ATM
20230421 040557.492 INFO             PET0       OCN-TO-ATM:            exportCplSetList(j=  1): __UNSPECIFIED__
20230421 040557.492 INFO             PET0       OCN-TO-ATM: bondLevel= 1
20230421 040557.492 INFO             PET0       OCN-TO-ATM: ProducerConnection (bondLevelMax):         1
20230421 040557.492 INFO             PET0     OCN-TO-ATM: InitializeIPDv05p2a extro.
20230421 040557.492 INFO             PET0     ATM-TO-OCN: InitializeIPDv05p2b intro.
20230421 040557.495 INFO             PET0       ATM-TO-OCN:      importStandardNameList(i=  1): air_pressure_at_sea_level
20230421 040557.495 INFO             PET0       ATM-TO-OCN:         importNamespaceList(i=  1): ATM
20230421 040557.495 INFO             PET0       ATM-TO-OCN:            importCplSetList(i=  1): __UNSPECIFIED__
20230421 040557.495 INFO             PET0       ATM-TO-OCN:      exportStandardNameList(j=  1): air_pressure_at_sea_level
20230421 040557.495 INFO             PET0       ATM-TO-OCN:         exportNamespaceList(j=  1): OCN
20230421 040557.495 INFO             PET0       ATM-TO-OCN:            exportCplSetList(j=  1): __UNSPECIFIED__
20230421 040557.495 INFO             PET0       ATM-TO-OCN: bondLevel= 1
20230421 040557.495 INFO             PET0       ATM-TO-OCN: => added cplList(  1)=air_pressure_at_sea_level, cplSetList(  1)=__UNSPECIFIED__
20230421 040557.495 INFO             PET0       ATM-TO-OCN:      importStandardNameList(i=  2): surface_net_downward_shortwave_flux
20230421 040557.495 INFO             PET0       ATM-TO-OCN:         importNamespaceList(i=  2): ATM
20230421 040557.495 INFO             PET0       ATM-TO-OCN:            importCplSetList(i=  2): __UNSPECIFIED__
20230421 040557.495 INFO             PET0       ATM-TO-OCN:      exportStandardNameList(j=  2): surface_net_downward_shortwave_flux
20230421 040557.495 INFO             PET0       ATM-TO-OCN:         exportNamespaceList(j=  2): OCN
20230421 040557.495 INFO             PET0       ATM-TO-OCN:            exportCplSetList(j=  2): __UNSPECIFIED__
20230421 040557.495 INFO             PET0       ATM-TO-OCN: bondLevel= 1
20230421 040557.495 INFO             PET0       ATM-TO-OCN: => added cplList(  2)=surface_net_downward_shortwave_flux, cplSetList(  2)=__UNSPECIFIED__
20230421 040557.495 INFO             PET0     ATM-TO-OCN: InitializeIPDv05p2b extro.
20230421 040557.495 INFO             PET0     OCN-TO-ATM: InitializeIPDv05p2b intro.
20230421 040557.498 INFO             PET0       OCN-TO-ATM:      importStandardNameList(i=  1): sea_surface_temperature
20230421 040557.498 INFO             PET0       OCN-TO-ATM:         importNamespaceList(i=  1): OCN
20230421 040557.498 INFO             PET0       OCN-TO-ATM:            importCplSetList(i=  1): __UNSPECIFIED__
20230421 040557.498 INFO             PET0       OCN-TO-ATM:      exportStandardNameList(j=  1): sea_surface_temperature
20230421 040557.498 INFO             PET0       OCN-TO-ATM:         exportNamespaceList(j=  1): ATM
20230421 040557.498 INFO             PET0       OCN-TO-ATM:            exportCplSetList(j=  1): __UNSPECIFIED__
20230421 040557.498 INFO             PET0       OCN-TO-ATM: bondLevel= 1
20230421 040557.498 INFO             PET0       OCN-TO-ATM: => added cplList(  1)=sea_surface_temperature, cplSetList(  1)=__UNSPECIFIED__
20230421 040557.498 INFO             PET0     OCN-TO-ATM: InitializeIPDv05p2b extro.
20230421 040557.498 INFO             PET0     esm: IInitModifyCplLists intro.
20230421 040557.498 INFO             PET0     esm: IInitModifyCplLists extro.
20230421 040557.498 INFO             PET0     ATM-TO-OCN: InitializeIPDv05p3 intro.
20230421 040557.501 INFO             PET0       ATM-TO-OCN: handle cplList(1): air_pressure_at_sea_level, cplSetList(1): __UNSPECIFIED__
20230421 040557.501 INFO             PET0       ATM-TO-OCN: - connected.
20230421 040557.501 INFO             PET0       ATM-TO-OCN: - both sides must provide the Field/GeomObject.
20230421 040557.501 INFO             PET0       ATM-TO-OCN: handle cplList(2): surface_net_downward_shortwave_flux, cplSetList(2): __UNSPECIFIED__
20230421 040557.501 INFO             PET0       ATM-TO-OCN: - connected.
20230421 040557.501 INFO             PET0       ATM-TO-OCN: - both sides must provide the Field/GeomObject.
20230421 040557.501 INFO             PET0     ATM-TO-OCN: InitializeIPDv05p3 extro.
20230421 040557.502 INFO             PET0     OCN-TO-ATM: InitializeIPDv05p3 intro.
20230421 040557.504 INFO             PET0       OCN-TO-ATM: handle cplList(1): sea_surface_temperature, cplSetList(1): __UNSPECIFIED__
20230421 040557.504 INFO             PET0       OCN-TO-ATM: - connected.
20230421 040557.504 INFO             PET0       OCN-TO-ATM: - both sides must provide the Field/GeomObject.
20230421 040557.504 INFO             PET0     OCN-TO-ATM: InitializeIPDv05p3 extro.
20230421 040557.504 INFO             PET0     <<<esm: leaving Initialize (phase=<none>) with current time: 2010  6  1  0  0  0   0
20230421 040557.504 INFO             PET0   esm: InitializeIPDv02p1 extro.
20230421 040557.504 INFO             PET0   esm: InitializeIPDv02p3 intro.
20230421 040557.504 INFO             PET0     >>>esm: entered Initialize (phase=<none>) with current time: 2010  6  1  0  0  0   0
20230421 040557.505 INFO             PET0     esm: IInitCheck intro.
20230421 040557.505 INFO             PET0     esm: IInitCheck extro.
20230421 040557.505 INFO             PET0     ATM: InitializeIPDvXp04 intro.
20230421 040557.505 INFO             PET0       >>>ATM: entered Initialize (phase=IPDvXp04) without valid internal Clock.
20230421 040557.508 INFO             PET0       <<<ATM: leaving Initialize (phase=IPDvXp04) without valid internal Clock.
20230421 040557.508 INFO             PET0     ATM: InitializeIPDvXp04 extro.
20230421 040557.508 INFO             PET0     OCN: InitializeIPDvXp04 intro.
20230421 040557.508 INFO             PET0       >>>OCN: entered Initialize (phase=IPDvXp04) without valid internal Clock.
20230421 040557.511 INFO             PET0       <<<OCN: leaving Initialize (phase=IPDvXp04) without valid internal Clock.
20230421 040557.511 INFO             PET0     OCN: InitializeIPDvXp04 extro.
20230421 040557.512 INFO             PET0     ATM-TO-OCN: InitializeIPDv05p4 intro.
20230421 040557.517 INFO             PET0       ATM-TO-OCN: handle cplList(1): air_pressure_at_sea_level, cplSetList(1): __UNSPECIFIED__
20230421 040557.517 INFO             PET0       ATM-TO-OCN: - nothing shared or transferred
20230421 040557.517 INFO             PET0       ATM-TO-OCN: handle cplList(2): surface_net_downward_shortwave_flux, cplSetList(2): __UNSPECIFIED__
20230421 040557.517 INFO             PET0       ATM-TO-OCN: - nothing shared or transferred
20230421 040557.517 INFO             PET0     ATM-TO-OCN: InitializeIPDv05p4 extro.
20230421 040557.517 INFO             PET0     OCN-TO-ATM: InitializeIPDv05p4 intro.
20230421 040557.520 INFO             PET0       OCN-TO-ATM: handle cplList(1): sea_surface_temperature, cplSetList(1): __UNSPECIFIED__
20230421 040557.520 INFO             PET0       OCN-TO-ATM: - nothing shared or transferred
20230421 040557.520 INFO             PET0     OCN-TO-ATM: InitializeIPDv05p4 extro.
20230421 040557.520 INFO             PET0     ATM-TO-OCN: InitializeIPDv05p5 intro.
20230421 040557.525 INFO             PET0       ATM-TO-OCN: handle cplList(1): air_pressure_at_sea_level, cplSetList(1): __UNSPECIFIED__
20230421 040557.525 INFO             PET0       ATM-TO-OCN: - nothing shared or transferred, or may already be handled
20230421 040557.525 INFO             PET0       ATM-TO-OCN: handle cplList(2): surface_net_downward_shortwave_flux, cplSetList(2): __UNSPECIFIED__
20230421 040557.525 INFO             PET0       ATM-TO-OCN: - nothing shared or transferred, or may already be handled
20230421 040557.525 INFO             PET0     ATM-TO-OCN: InitializeIPDv05p5 extro.
20230421 040557.525 INFO             PET0     OCN-TO-ATM: InitializeIPDv05p5 intro.
20230421 040557.528 INFO             PET0       OCN-TO-ATM: handle cplList(1): sea_surface_temperature, cplSetList(1): __UNSPECIFIED__
20230421 040557.528 INFO             PET0       OCN-TO-ATM: - nothing shared or transferred, or may already be handled
20230421 040557.528 INFO             PET0     OCN-TO-ATM: InitializeIPDv05p5 extro.
20230421 040557.528 INFO             PET0     esm: IInitRealize intro.
20230421 040557.528 INFO             PET0     esm: IInitRealize extro.
20230421 040557.528 INFO             PET0     ATM-TO-OCN: InitializeIPDv05p6a intro.
20230421 040557.532 INFO             PET0     ATM-TO-OCN: InitializeIPDv05p6a extro.
20230421 040557.532 INFO             PET0     OCN-TO-ATM: InitializeIPDv05p6a intro.
20230421 040557.535 INFO             PET0     OCN-TO-ATM: InitializeIPDv05p6a extro.
20230421 040557.535 INFO             PET0     ATM-TO-OCN: InitializeIPDv05p6b intro.
20230421 040557.536 INFO             PET0       ATM-TO-OCN: handle cplList(1): air_pressure_at_sea_level, cplSetList(1): __UNSPECIFIED__
20230421 040557.536 INFO             PET0       ATM-TO-OCN: - no Field sharing between import and export side: remap.
20230421 040557.445 INFO             PET1 !!!!!!!!!!!!!!!!!!!!!!!!!!!!!!!!!!!!!!!!!!!!!!!!!!!!!!
20230421 040557.445 INFO             PET1 !!! THE ESMF_LOG IS SET TO OUTPUT ALL LOG MESSAGES !!!
20230421 040557.445 INFO             PET1 !!!     THIS MAY CAUSE SLOWDOWN IN PERFORMANCE     !!!
20230421 040557.445 INFO             PET1 !!! FOR PRODUCTION RUNS, USE:                      !!!
20230421 040557.445 INFO             PET1 !!!                   ESMF_LOGKIND_Multi_On_Error  !!!
20230421 040557.445 INFO             PET1 !!!!!!!!!!!!!!!!!!!!!!!!!!!!!!!!!!!!!!!!!!!!!!!!!!!!!!
20230421 040557.445 INFO             PET1 Running with ESMF Version   : hconfig_b01-3-ge0b4092aab
20230421 040557.445 INFO             PET1 ESMF library build date/time: "Apr 21 2023" "03:22:52"
20230421 040557.445 INFO             PET1 ESMF library build location : /glade/gust/scratch/theurich/ESMF-Nightly-Testing/nvhpc_23.1_mpi_g_feature_hconfig/esmf
20230421 040557.445 INFO             PET1 ESMF_COMM                   : mpi
20230421 040557.445 INFO             PET1 ESMF_MOAB                   : enabled
20230421 040557.445 INFO             PET1 ESMF_LAPACK                 : enabled
20230421 040557.445 INFO             PET1 ESMF_NETCDF                 : enabled
20230421 040557.445 INFO             PET1 ESMF_PNETCDF                : disabled
20230421 040557.445 INFO             PET1 ESMF_PIO                    : enabled
20230421 040557.445 INFO             PET1 ESMF_YAMLCPP                : enabled
20230421 040557.445 INFO             PET1 esmApp STARTING
20230421 040557.450 INFO             PET1 esm: InitializeGeneric intro.
20230421 040557.450 INFO             PET1   esm: InitializeP0 intro.
20230421 040557.450 INFO             PET1   esm: InitializeP0 extro.
20230421 040557.450 INFO             PET1   esm: InitializeIPDv02p1 intro.
20230421 040557.450 INFO             PET1     >>>esm: entered Initialize (phase=<none>) without valid internal Clock.
20230421 040557.451 INFO             PET1     esm - Creating model component ATM without petList.
20230421 040557.453 INFO             PET1     esm - Creating model component OCN without petList.
20230421 040557.455 INFO             PET1     esm - Creating connector component ATM-TO-OCN without petList.
20230421 040557.460 INFO             PET1     esm - Creating connector component OCN-TO-ATM without petList.
20230421 040557.465 INFO             PET1     esm - Creating state: modelComp 1 Import State
20230421 040557.465 INFO             PET1     esm - Creating state: modelComp 1 Export State
20230421 040557.465 INFO             PET1     esm - Creating state: modelComp 2 Import State
20230421 040557.465 INFO             PET1     esm - Creating state: modelComp 2 Export State
20230421 040557.466 INFO             PET1     ATM: InitializeP0 intro.
20230421 040557.466 INFO             PET1       >>>ATM: entered Initialize (phase=<none>) without valid internal Clock.
20230421 040557.467 INFO             PET1       <<<ATM: leaving Initialize (phase=<none>) without valid internal Clock.
20230421 040557.467 INFO             PET1     ATM: InitializeP0 extro.
20230421 040557.467 INFO             PET1     OCN: InitializeP0 intro.
20230421 040557.468 INFO             PET1       >>>OCN: entered Initialize (phase=<none>) without valid internal Clock.
20230421 040557.469 INFO             PET1       <<<OCN: leaving Initialize (phase=<none>) without valid internal Clock.
20230421 040557.469 INFO             PET1     OCN: InitializeP0 extro.
20230421 040557.471 INFO             PET1     ATM-TO-OCN: InitializeP0 intro.
20230421 040557.471 INFO             PET1     ATM-TO-OCN: InitializeP0 extro.
20230421 040557.472 INFO             PET1     OCN-TO-ATM: InitializeP0 intro.
20230421 040557.472 INFO             PET1     OCN-TO-ATM: InitializeP0 extro.
20230421 040557.474 INFO             PET1     esm: IInitAdvertise intro.
20230421 040557.474 INFO             PET1     esm: IInitAdvertise extro.
20230421 040557.474 INFO             PET1     ATM: InitializeIPDvXp01 intro.
20230421 040557.474 INFO             PET1       >>>ATM: entered Initialize (phase=IPDvXp01) without valid internal Clock.
20230421 040557.476 INFO             PET1       <<<ATM: leaving Initialize (phase=IPDvXp01) without valid internal Clock.
20230421 040557.476 INFO             PET1     ATM: InitializeIPDvXp01 extro.
20230421 040557.476 INFO             PET1     OCN: InitializeIPDvXp01 intro.
20230421 040557.476 INFO             PET1       >>>OCN: entered Initialize (phase=IPDvXp01) without valid internal Clock.
20230421 040557.478 INFO             PET1       <<<OCN: leaving Initialize (phase=IPDvXp01) without valid internal Clock.
20230421 040557.478 INFO             PET1     OCN: InitializeIPDvXp01 extro.
20230421 040557.479 INFO             PET1     ATM-TO-OCN: InitializeIPDv05p1 intro.
20230421 040557.483 INFO             PET1       ATM-TO-OCN: importState FieldTransferPolicy = transferNone
20230421 040557.483 INFO             PET1       ATM-TO-OCN: exportState FieldTransferPolicy = transferNone
20230421 040557.483 INFO             PET1     ATM-TO-OCN: InitializeIPDv05p1 extro.
20230421 040557.483 INFO             PET1     OCN-TO-ATM: InitializeIPDv05p1 intro.
20230421 040557.486 INFO             PET1       OCN-TO-ATM: importState FieldTransferPolicy = transferNone
20230421 040557.486 INFO             PET1       OCN-TO-ATM: exportState FieldTransferPolicy = transferNone
20230421 040557.486 INFO             PET1     OCN-TO-ATM: InitializeIPDv05p1 extro.
20230421 040557.486 INFO             PET1     esm: IInitAdvertiseFinish intro.
20230421 040557.486 INFO             PET1     esm: IInitAdvertiseFinish extro.
20230421 040557.486 INFO             PET1     ATM-TO-OCN: InitializeIPDv05p2a intro.
20230421 040557.489 INFO             PET1       ATM-TO-OCN:      importStandardNameList(i=  1): air_pressure_at_sea_level
20230421 040557.489 INFO             PET1       ATM-TO-OCN:         importNamespaceList(i=  1): ATM
20230421 040557.489 INFO             PET1       ATM-TO-OCN:            importCplSetList(i=  1): __UNSPECIFIED__
20230421 040557.489 INFO             PET1       ATM-TO-OCN:      exportStandardNameList(j=  1): air_pressure_at_sea_level
20230421 040557.489 INFO             PET1       ATM-TO-OCN:         exportNamespaceList(j=  1): OCN
20230421 040557.489 INFO             PET1       ATM-TO-OCN:            exportCplSetList(j=  1): __UNSPECIFIED__
20230421 040557.489 INFO             PET1       ATM-TO-OCN: bondLevel= 1
20230421 040557.489 INFO             PET1       ATM-TO-OCN: ProducerConnection (bondLevelMax):         1
20230421 040557.489 INFO             PET1       ATM-TO-OCN:      importStandardNameList(i=  2): surface_net_downward_shortwave_flux
20230421 040557.489 INFO             PET1       ATM-TO-OCN:         importNamespaceList(i=  2): ATM
20230421 040557.489 INFO             PET1       ATM-TO-OCN:            importCplSetList(i=  2): __UNSPECIFIED__
20230421 040557.489 INFO             PET1       ATM-TO-OCN:      exportStandardNameList(j=  2): surface_net_downward_shortwave_flux
20230421 040557.489 INFO             PET1       ATM-TO-OCN:         exportNamespaceList(j=  2): OCN
20230421 040557.489 INFO             PET1       ATM-TO-OCN:            exportCplSetList(j=  2): __UNSPECIFIED__
20230421 040557.489 INFO             PET1       ATM-TO-OCN: bondLevel= 1
20230421 040557.489 INFO             PET1       ATM-TO-OCN: ProducerConnection (bondLevelMax):         1
20230421 040557.489 INFO             PET1     ATM-TO-OCN: InitializeIPDv05p2a extro.
20230421 040557.489 INFO             PET1     OCN-TO-ATM: InitializeIPDv05p2a intro.
20230421 040557.492 INFO             PET1       OCN-TO-ATM:      importStandardNameList(i=  1): sea_surface_temperature
20230421 040557.492 INFO             PET1       OCN-TO-ATM:         importNamespaceList(i=  1): OCN
20230421 040557.492 INFO             PET1       OCN-TO-ATM:            importCplSetList(i=  1): __UNSPECIFIED__
20230421 040557.492 INFO             PET1       OCN-TO-ATM:      exportStandardNameList(j=  1): sea_surface_temperature
20230421 040557.492 INFO             PET1       OCN-TO-ATM:         exportNamespaceList(j=  1): ATM
20230421 040557.492 INFO             PET1       OCN-TO-ATM:            exportCplSetList(j=  1): __UNSPECIFIED__
20230421 040557.492 INFO             PET1       OCN-TO-ATM: bondLevel= 1
20230421 040557.492 INFO             PET1       OCN-TO-ATM: ProducerConnection (bondLevelMax):         1
20230421 040557.492 INFO             PET1     OCN-TO-ATM: InitializeIPDv05p2a extro.
20230421 040557.492 INFO             PET1     ATM-TO-OCN: InitializeIPDv05p2b intro.
20230421 040557.495 INFO             PET1       ATM-TO-OCN:      importStandardNameList(i=  1): air_pressure_at_sea_level
20230421 040557.495 INFO             PET1       ATM-TO-OCN:         importNamespaceList(i=  1): ATM
20230421 040557.495 INFO             PET1       ATM-TO-OCN:            importCplSetList(i=  1): __UNSPECIFIED__
20230421 040557.495 INFO             PET1       ATM-TO-OCN:      exportStandardNameList(j=  1): air_pressure_at_sea_level
20230421 040557.495 INFO             PET1       ATM-TO-OCN:         exportNamespaceList(j=  1): OCN
20230421 040557.495 INFO             PET1       ATM-TO-OCN:            exportCplSetList(j=  1): __UNSPECIFIED__
20230421 040557.495 INFO             PET1       ATM-TO-OCN: bondLevel= 1
20230421 040557.495 INFO             PET1       ATM-TO-OCN: => added cplList(  1)=air_pressure_at_sea_level, cplSetList(  1)=__UNSPECIFIED__
20230421 040557.495 INFO             PET1       ATM-TO-OCN:      importStandardNameList(i=  2): surface_net_downward_shortwave_flux
20230421 040557.495 INFO             PET1       ATM-TO-OCN:         importNamespaceList(i=  2): ATM
20230421 040557.495 INFO             PET1       ATM-TO-OCN:            importCplSetList(i=  2): __UNSPECIFIED__
20230421 040557.495 INFO             PET1       ATM-TO-OCN:      exportStandardNameList(j=  2): surface_net_downward_shortwave_flux
20230421 040557.495 INFO             PET1       ATM-TO-OCN:         exportNamespaceList(j=  2): OCN
20230421 040557.495 INFO             PET1       ATM-TO-OCN:            exportCplSetList(j=  2): __UNSPECIFIED__
20230421 040557.495 INFO             PET1       ATM-TO-OCN: bondLevel= 1
20230421 040557.495 INFO             PET1       ATM-TO-OCN: => added cplList(  2)=surface_net_downward_shortwave_flux, cplSetList(  2)=__UNSPECIFIED__
20230421 040557.495 INFO             PET1     ATM-TO-OCN: InitializeIPDv05p2b extro.
20230421 040557.495 INFO             PET1     OCN-TO-ATM: InitializeIPDv05p2b intro.
20230421 040557.498 INFO             PET1       OCN-TO-ATM:      importStandardNameList(i=  1): sea_surface_temperature
20230421 040557.498 INFO             PET1       OCN-TO-ATM:         importNamespaceList(i=  1): OCN
20230421 040557.498 INFO             PET1       OCN-TO-ATM:            importCplSetList(i=  1): __UNSPECIFIED__
20230421 040557.498 INFO             PET1       OCN-TO-ATM:      exportStandardNameList(j=  1): sea_surface_temperature
20230421 040557.498 INFO             PET1       OCN-TO-ATM:         exportNamespaceList(j=  1): ATM
20230421 040557.498 INFO             PET1       OCN-TO-ATM:            exportCplSetList(j=  1): __UNSPECIFIED__
20230421 040557.498 INFO             PET1       OCN-TO-ATM: bondLevel= 1
20230421 040557.498 INFO             PET1       OCN-TO-ATM: => added cplList(  1)=sea_surface_temperature, cplSetList(  1)=__UNSPECIFIED__
20230421 040557.498 INFO             PET1     OCN-TO-ATM: InitializeIPDv05p2b extro.
20230421 040557.498 INFO             PET1     esm: IInitModifyCplLists intro.
20230421 040557.498 INFO             PET1     esm: IInitModifyCplLists extro.
20230421 040557.498 INFO             PET1     ATM-TO-OCN: InitializeIPDv05p3 intro.
20230421 040557.501 INFO             PET1       ATM-TO-OCN: handle cplList(1): air_pressure_at_sea_level, cplSetList(1): __UNSPECIFIED__
20230421 040557.501 INFO             PET1       ATM-TO-OCN: - connected.
20230421 040557.501 INFO             PET1       ATM-TO-OCN: - both sides must provide the Field/GeomObject.
20230421 040557.501 INFO             PET1       ATM-TO-OCN: handle cplList(2): surface_net_downward_shortwave_flux, cplSetList(2): __UNSPECIFIED__
20230421 040557.501 INFO             PET1       ATM-TO-OCN: - connected.
20230421 040557.501 INFO             PET1       ATM-TO-OCN: - both sides must provide the Field/GeomObject.
20230421 040557.501 INFO             PET1     ATM-TO-OCN: InitializeIPDv05p3 extro.
20230421 040557.502 INFO             PET1     OCN-TO-ATM: InitializeIPDv05p3 intro.
20230421 040557.504 INFO             PET1       OCN-TO-ATM: handle cplList(1): sea_surface_temperature, cplSetList(1): __UNSPECIFIED__
20230421 040557.504 INFO             PET1       OCN-TO-ATM: - connected.
20230421 040557.504 INFO             PET1       OCN-TO-ATM: - both sides must provide the Field/GeomObject.
20230421 040557.504 INFO             PET1     OCN-TO-ATM: InitializeIPDv05p3 extro.
20230421 040557.504 INFO             PET1     <<<esm: leaving Initialize (phase=<none>) with current time: 2010  6  1  0  0  0   0
20230421 040557.504 INFO             PET1   esm: InitializeIPDv02p1 extro.
20230421 040557.504 INFO             PET1   esm: InitializeIPDv02p3 intro.
20230421 040557.504 INFO             PET1     >>>esm: entered Initialize (phase=<none>) with current time: 2010  6  1  0  0  0   0
20230421 040557.505 INFO             PET1     esm: IInitCheck intro.
20230421 040557.505 INFO             PET1     esm: IInitCheck extro.
20230421 040557.505 INFO             PET1     ATM: InitializeIPDvXp04 intro.
20230421 040557.505 INFO             PET1       >>>ATM: entered Initialize (phase=IPDvXp04) without valid internal Clock.
20230421 040557.508 INFO             PET1       <<<ATM: leaving Initialize (phase=IPDvXp04) without valid internal Clock.
20230421 040557.508 INFO             PET1     ATM: InitializeIPDvXp04 extro.
20230421 040557.508 INFO             PET1     OCN: InitializeIPDvXp04 intro.
20230421 040557.508 INFO             PET1       >>>OCN: entered Initialize (phase=IPDvXp04) without valid internal Clock.
20230421 040557.511 INFO             PET1       <<<OCN: leaving Initialize (phase=IPDvXp04) without valid internal Clock.
20230421 040557.511 INFO             PET1     OCN: InitializeIPDvXp04 extro.
20230421 040557.512 INFO             PET1     ATM-TO-OCN: InitializeIPDv05p4 intro.
20230421 040557.517 INFO             PET1       ATM-TO-OCN: handle cplList(1): air_pressure_at_sea_level, cplSetList(1): __UNSPECIFIED__
20230421 040557.517 INFO             PET1       ATM-TO-OCN: - nothing shared or transferred
20230421 040557.517 INFO             PET1       ATM-TO-OCN: handle cplList(2): surface_net_downward_shortwave_flux, cplSetList(2): __UNSPECIFIED__
20230421 040557.517 INFO             PET1       ATM-TO-OCN: - nothing shared or transferred
20230421 040557.517 INFO             PET1     ATM-TO-OCN: InitializeIPDv05p4 extro.
20230421 040557.517 INFO             PET1     OCN-TO-ATM: InitializeIPDv05p4 intro.
20230421 040557.520 INFO             PET1       OCN-TO-ATM: handle cplList(1): sea_surface_temperature, cplSetList(1): __UNSPECIFIED__
20230421 040557.520 INFO             PET1       OCN-TO-ATM: - nothing shared or transferred
20230421 040557.520 INFO             PET1     OCN-TO-ATM: InitializeIPDv05p4 extro.
20230421 040557.520 INFO             PET1     ATM-TO-OCN: InitializeIPDv05p5 intro.
20230421 040557.525 INFO             PET1       ATM-TO-OCN: handle cplList(1): air_pressure_at_sea_level, cplSetList(1): __UNSPECIFIED__
20230421 040557.525 INFO             PET1       ATM-TO-OCN: - nothing shared or transferred, or may already be handled
20230421 040557.525 INFO             PET1       ATM-TO-OCN: handle cplList(2): surface_net_downward_shortwave_flux, cplSetList(2): __UNSPECIFIED__
20230421 040557.525 INFO             PET1       ATM-TO-OCN: - nothing shared or transferred, or may already be handled
20230421 040557.525 INFO             PET1     ATM-TO-OCN: InitializeIPDv05p5 extro.
20230421 040557.525 INFO             PET1     OCN-TO-ATM: InitializeIPDv05p5 intro.
20230421 040557.528 INFO             PET1       OCN-TO-ATM: handle cplList(1): sea_surface_temperature, cplSetList(1): __UNSPECIFIED__
20230421 040557.528 INFO             PET1       OCN-TO-ATM: - nothing shared or transferred, or may already be handled
20230421 040557.528 INFO             PET1     OCN-TO-ATM: InitializeIPDv05p5 extro.
20230421 040557.528 INFO             PET1     esm: IInitRealize intro.
20230421 040557.528 INFO             PET1     esm: IInitRealize extro.
20230421 040557.528 INFO             PET1     ATM-TO-OCN: InitializeIPDv05p6a intro.
20230421 040557.532 INFO             PET1     ATM-TO-OCN: InitializeIPDv05p6a extro.
20230421 040557.532 INFO             PET1     OCN-TO-ATM: InitializeIPDv05p6a intro.
20230421 040557.535 INFO             PET1     OCN-TO-ATM: InitializeIPDv05p6a extro.
20230421 040557.535 INFO             PET1     ATM-TO-OCN: InitializeIPDv05p6b intro.
20230421 040557.536 INFO             PET1       ATM-TO-OCN: handle cplList(1): air_pressure_at_sea_level, cplSetList(1): __UNSPECIFIED__
20230421 040557.536 INFO             PET1       ATM-TO-OCN: - no Field sharing between import and export side: remap.
20230421 040557.443 INFO             PET2 !!!!!!!!!!!!!!!!!!!!!!!!!!!!!!!!!!!!!!!!!!!!!!!!!!!!!!
20230421 040557.443 INFO             PET2 !!! THE ESMF_LOG IS SET TO OUTPUT ALL LOG MESSAGES !!!
20230421 040557.443 INFO             PET2 !!!     THIS MAY CAUSE SLOWDOWN IN PERFORMANCE     !!!
20230421 040557.443 INFO             PET2 !!! FOR PRODUCTION RUNS, USE:                      !!!
20230421 040557.443 INFO             PET2 !!!                   ESMF_LOGKIND_Multi_On_Error  !!!
20230421 040557.443 INFO             PET2 !!!!!!!!!!!!!!!!!!!!!!!!!!!!!!!!!!!!!!!!!!!!!!!!!!!!!!
20230421 040557.443 INFO             PET2 Running with ESMF Version   : hconfig_b01-3-ge0b4092aab
20230421 040557.443 INFO             PET2 ESMF library build date/time: "Apr 21 2023" "03:22:52"
20230421 040557.443 INFO             PET2 ESMF library build location : /glade/gust/scratch/theurich/ESMF-Nightly-Testing/nvhpc_23.1_mpi_g_feature_hconfig/esmf
20230421 040557.443 INFO             PET2 ESMF_COMM                   : mpi
20230421 040557.445 INFO             PET2 ESMF_MOAB                   : enabled
20230421 040557.445 INFO             PET2 ESMF_LAPACK                 : enabled
20230421 040557.445 INFO             PET2 ESMF_NETCDF                 : enabled
20230421 040557.445 INFO             PET2 ESMF_PNETCDF                : disabled
20230421 040557.445 INFO             PET2 ESMF_PIO                    : enabled
20230421 040557.445 INFO             PET2 ESMF_YAMLCPP                : enabled
20230421 040557.445 INFO             PET2 esmApp STARTING
20230421 040557.450 INFO             PET2 esm: InitializeGeneric intro.
20230421 040557.450 INFO             PET2   esm: InitializeP0 intro.
20230421 040557.450 INFO             PET2   esm: InitializeP0 extro.
20230421 040557.450 INFO             PET2   esm: InitializeIPDv02p1 intro.
20230421 040557.450 INFO             PET2     >>>esm: entered Initialize (phase=<none>) without valid internal Clock.
20230421 040557.451 INFO             PET2     esm - Creating model component ATM without petList.
20230421 040557.453 INFO             PET2     esm - Creating model component OCN without petList.
20230421 040557.455 INFO             PET2     esm - Creating connector component ATM-TO-OCN without petList.
20230421 040557.460 INFO             PET2     esm - Creating connector component OCN-TO-ATM without petList.
20230421 040557.465 INFO             PET2     esm - Creating state: modelComp 1 Import State
20230421 040557.465 INFO             PET2     esm - Creating state: modelComp 1 Export State
20230421 040557.465 INFO             PET2     esm - Creating state: modelComp 2 Import State
20230421 040557.465 INFO             PET2     esm - Creating state: modelComp 2 Export State
20230421 040557.466 INFO             PET2     ATM: InitializeP0 intro.
20230421 040557.466 INFO             PET2       >>>ATM: entered Initialize (phase=<none>) without valid internal Clock.
20230421 040557.467 INFO             PET2       <<<ATM: leaving Initialize (phase=<none>) without valid internal Clock.
20230421 040557.467 INFO             PET2     ATM: InitializeP0 extro.
20230421 040557.467 INFO             PET2     OCN: InitializeP0 intro.
20230421 040557.468 INFO             PET2       >>>OCN: entered Initialize (phase=<none>) without valid internal Clock.
20230421 040557.469 INFO             PET2       <<<OCN: leaving Initialize (phase=<none>) without valid internal Clock.
20230421 040557.469 INFO             PET2     OCN: InitializeP0 extro.
20230421 040557.471 INFO             PET2     ATM-TO-OCN: InitializeP0 intro.
20230421 040557.471 INFO             PET2     ATM-TO-OCN: InitializeP0 extro.
20230421 040557.472 INFO             PET2     OCN-TO-ATM: InitializeP0 intro.
20230421 040557.472 INFO             PET2     OCN-TO-ATM: InitializeP0 extro.
20230421 040557.474 INFO             PET2     esm: IInitAdvertise intro.
20230421 040557.474 INFO             PET2     esm: IInitAdvertise extro.
20230421 040557.474 INFO             PET2     ATM: InitializeIPDvXp01 intro.
20230421 040557.474 INFO             PET2       >>>ATM: entered Initialize (phase=IPDvXp01) without valid internal Clock.
20230421 040557.476 INFO             PET2       <<<ATM: leaving Initialize (phase=IPDvXp01) without valid internal Clock.
20230421 040557.476 INFO             PET2     ATM: InitializeIPDvXp01 extro.
20230421 040557.476 INFO             PET2     OCN: InitializeIPDvXp01 intro.
20230421 040557.476 INFO             PET2       >>>OCN: entered Initialize (phase=IPDvXp01) without valid internal Clock.
20230421 040557.478 INFO             PET2       <<<OCN: leaving Initialize (phase=IPDvXp01) without valid internal Clock.
20230421 040557.478 INFO             PET2     OCN: InitializeIPDvXp01 extro.
20230421 040557.479 INFO             PET2     ATM-TO-OCN: InitializeIPDv05p1 intro.
20230421 040557.483 INFO             PET2       ATM-TO-OCN: importState FieldTransferPolicy = transferNone
20230421 040557.483 INFO             PET2       ATM-TO-OCN: exportState FieldTransferPolicy = transferNone
20230421 040557.483 INFO             PET2     ATM-TO-OCN: InitializeIPDv05p1 extro.
20230421 040557.483 INFO             PET2     OCN-TO-ATM: InitializeIPDv05p1 intro.
20230421 040557.486 INFO             PET2       OCN-TO-ATM: importState FieldTransferPolicy = transferNone
20230421 040557.486 INFO             PET2       OCN-TO-ATM: exportState FieldTransferPolicy = transferNone
20230421 040557.486 INFO             PET2     OCN-TO-ATM: InitializeIPDv05p1 extro.
20230421 040557.486 INFO             PET2     esm: IInitAdvertiseFinish intro.
20230421 040557.486 INFO             PET2     esm: IInitAdvertiseFinish extro.
20230421 040557.486 INFO             PET2     ATM-TO-OCN: InitializeIPDv05p2a intro.
20230421 040557.489 INFO             PET2       ATM-TO-OCN:      importStandardNameList(i=  1): air_pressure_at_sea_level
20230421 040557.489 INFO             PET2       ATM-TO-OCN:         importNamespaceList(i=  1): ATM
20230421 040557.489 INFO             PET2       ATM-TO-OCN:            importCplSetList(i=  1): __UNSPECIFIED__
20230421 040557.489 INFO             PET2       ATM-TO-OCN:      exportStandardNameList(j=  1): air_pressure_at_sea_level
20230421 040557.489 INFO             PET2       ATM-TO-OCN:         exportNamespaceList(j=  1): OCN
20230421 040557.489 INFO             PET2       ATM-TO-OCN:            exportCplSetList(j=  1): __UNSPECIFIED__
20230421 040557.489 INFO             PET2       ATM-TO-OCN: bondLevel= 1
20230421 040557.489 INFO             PET2       ATM-TO-OCN: ProducerConnection (bondLevelMax):         1
20230421 040557.489 INFO             PET2       ATM-TO-OCN:      importStandardNameList(i=  2): surface_net_downward_shortwave_flux
20230421 040557.489 INFO             PET2       ATM-TO-OCN:         importNamespaceList(i=  2): ATM
20230421 040557.489 INFO             PET2       ATM-TO-OCN:            importCplSetList(i=  2): __UNSPECIFIED__
20230421 040557.489 INFO             PET2       ATM-TO-OCN:      exportStandardNameList(j=  2): surface_net_downward_shortwave_flux
20230421 040557.489 INFO             PET2       ATM-TO-OCN:         exportNamespaceList(j=  2): OCN
20230421 040557.489 INFO             PET2       ATM-TO-OCN:            exportCplSetList(j=  2): __UNSPECIFIED__
20230421 040557.489 INFO             PET2       ATM-TO-OCN: bondLevel= 1
20230421 040557.489 INFO             PET2       ATM-TO-OCN: ProducerConnection (bondLevelMax):         1
20230421 040557.489 INFO             PET2     ATM-TO-OCN: InitializeIPDv05p2a extro.
20230421 040557.489 INFO             PET2     OCN-TO-ATM: InitializeIPDv05p2a intro.
20230421 040557.492 INFO             PET2       OCN-TO-ATM:      importStandardNameList(i=  1): sea_surface_temperature
20230421 040557.492 INFO             PET2       OCN-TO-ATM:         importNamespaceList(i=  1): OCN
20230421 040557.492 INFO             PET2       OCN-TO-ATM:            importCplSetList(i=  1): __UNSPECIFIED__
20230421 040557.492 INFO             PET2       OCN-TO-ATM:      exportStandardNameList(j=  1): sea_surface_temperature
20230421 040557.492 INFO             PET2       OCN-TO-ATM:         exportNamespaceList(j=  1): ATM
20230421 040557.492 INFO             PET2       OCN-TO-ATM:            exportCplSetList(j=  1): __UNSPECIFIED__
20230421 040557.492 INFO             PET2       OCN-TO-ATM: bondLevel= 1
20230421 040557.492 INFO             PET2       OCN-TO-ATM: ProducerConnection (bondLevelMax):         1
20230421 040557.492 INFO             PET2     OCN-TO-ATM: InitializeIPDv05p2a extro.
20230421 040557.492 INFO             PET2     ATM-TO-OCN: InitializeIPDv05p2b intro.
20230421 040557.495 INFO             PET2       ATM-TO-OCN:      importStandardNameList(i=  1): air_pressure_at_sea_level
20230421 040557.495 INFO             PET2       ATM-TO-OCN:         importNamespaceList(i=  1): ATM
20230421 040557.495 INFO             PET2       ATM-TO-OCN:            importCplSetList(i=  1): __UNSPECIFIED__
20230421 040557.495 INFO             PET2       ATM-TO-OCN:      exportStandardNameList(j=  1): air_pressure_at_sea_level
20230421 040557.495 INFO             PET2       ATM-TO-OCN:         exportNamespaceList(j=  1): OCN
20230421 040557.495 INFO             PET2       ATM-TO-OCN:            exportCplSetList(j=  1): __UNSPECIFIED__
20230421 040557.495 INFO             PET2       ATM-TO-OCN: bondLevel= 1
20230421 040557.495 INFO             PET2       ATM-TO-OCN: => added cplList(  1)=air_pressure_at_sea_level, cplSetList(  1)=__UNSPECIFIED__
20230421 040557.495 INFO             PET2       ATM-TO-OCN:      importStandardNameList(i=  2): surface_net_downward_shortwave_flux
20230421 040557.495 INFO             PET2       ATM-TO-OCN:         importNamespaceList(i=  2): ATM
20230421 040557.495 INFO             PET2       ATM-TO-OCN:            importCplSetList(i=  2): __UNSPECIFIED__
20230421 040557.495 INFO             PET2       ATM-TO-OCN:      exportStandardNameList(j=  2): surface_net_downward_shortwave_flux
20230421 040557.495 INFO             PET2       ATM-TO-OCN:         exportNamespaceList(j=  2): OCN
20230421 040557.495 INFO             PET2       ATM-TO-OCN:            exportCplSetList(j=  2): __UNSPECIFIED__
20230421 040557.495 INFO             PET2       ATM-TO-OCN: bondLevel= 1
20230421 040557.495 INFO             PET2       ATM-TO-OCN: => added cplList(  2)=surface_net_downward_shortwave_flux, cplSetList(  2)=__UNSPECIFIED__
20230421 040557.495 INFO             PET2     ATM-TO-OCN: InitializeIPDv05p2b extro.
20230421 040557.495 INFO             PET2     OCN-TO-ATM: InitializeIPDv05p2b intro.
20230421 040557.498 INFO             PET2       OCN-TO-ATM:      importStandardNameList(i=  1): sea_surface_temperature
20230421 040557.498 INFO             PET2       OCN-TO-ATM:         importNamespaceList(i=  1): OCN
20230421 040557.498 INFO             PET2       OCN-TO-ATM:            importCplSetList(i=  1): __UNSPECIFIED__
20230421 040557.498 INFO             PET2       OCN-TO-ATM:      exportStandardNameList(j=  1): sea_surface_temperature
20230421 040557.498 INFO             PET2       OCN-TO-ATM:         exportNamespaceList(j=  1): ATM
20230421 040557.498 INFO             PET2       OCN-TO-ATM:            exportCplSetList(j=  1): __UNSPECIFIED__
20230421 040557.498 INFO             PET2       OCN-TO-ATM: bondLevel= 1
20230421 040557.498 INFO             PET2       OCN-TO-ATM: => added cplList(  1)=sea_surface_temperature, cplSetList(  1)=__UNSPECIFIED__
20230421 040557.498 INFO             PET2     OCN-TO-ATM: InitializeIPDv05p2b extro.
20230421 040557.498 INFO             PET2     esm: IInitModifyCplLists intro.
20230421 040557.498 INFO             PET2     esm: IInitModifyCplLists extro.
20230421 040557.498 INFO             PET2     ATM-TO-OCN: InitializeIPDv05p3 intro.
20230421 040557.501 INFO             PET2       ATM-TO-OCN: handle cplList(1): air_pressure_at_sea_level, cplSetList(1): __UNSPECIFIED__
20230421 040557.501 INFO             PET2       ATM-TO-OCN: - connected.
20230421 040557.501 INFO             PET2       ATM-TO-OCN: - both sides must provide the Field/GeomObject.
20230421 040557.501 INFO             PET2       ATM-TO-OCN: handle cplList(2): surface_net_downward_shortwave_flux, cplSetList(2): __UNSPECIFIED__
20230421 040557.501 INFO             PET2       ATM-TO-OCN: - connected.
20230421 040557.501 INFO             PET2       ATM-TO-OCN: - both sides must provide the Field/GeomObject.
20230421 040557.501 INFO             PET2     ATM-TO-OCN: InitializeIPDv05p3 extro.
20230421 040557.502 INFO             PET2     OCN-TO-ATM: InitializeIPDv05p3 intro.
20230421 040557.504 INFO             PET2       OCN-TO-ATM: handle cplList(1): sea_surface_temperature, cplSetList(1): __UNSPECIFIED__
20230421 040557.504 INFO             PET2       OCN-TO-ATM: - connected.
20230421 040557.504 INFO             PET2       OCN-TO-ATM: - both sides must provide the Field/GeomObject.
20230421 040557.504 INFO             PET2     OCN-TO-ATM: InitializeIPDv05p3 extro.
20230421 040557.504 INFO             PET2     <<<esm: leaving Initialize (phase=<none>) with current time: 2010  6  1  0  0  0   0
20230421 040557.504 INFO             PET2   esm: InitializeIPDv02p1 extro.
20230421 040557.504 INFO             PET2   esm: InitializeIPDv02p3 intro.
20230421 040557.504 INFO             PET2     >>>esm: entered Initialize (phase=<none>) with current time: 2010  6  1  0  0  0   0
20230421 040557.505 INFO             PET2     esm: IInitCheck intro.
20230421 040557.505 INFO             PET2     esm: IInitCheck extro.
20230421 040557.505 INFO             PET2     ATM: InitializeIPDvXp04 intro.
20230421 040557.505 INFO             PET2       >>>ATM: entered Initialize (phase=IPDvXp04) without valid internal Clock.
20230421 040557.508 INFO             PET2       <<<ATM: leaving Initialize (phase=IPDvXp04) without valid internal Clock.
20230421 040557.508 INFO             PET2     ATM: InitializeIPDvXp04 extro.
20230421 040557.508 INFO             PET2     OCN: InitializeIPDvXp04 intro.
20230421 040557.508 INFO             PET2       >>>OCN: entered Initialize (phase=IPDvXp04) without valid internal Clock.
20230421 040557.511 INFO             PET2       <<<OCN: leaving Initialize (phase=IPDvXp04) without valid internal Clock.
20230421 040557.511 INFO             PET2     OCN: InitializeIPDvXp04 extro.
20230421 040557.513 INFO             PET2     ATM-TO-OCN: InitializeIPDv05p4 intro.
20230421 040557.517 INFO             PET2       ATM-TO-OCN: handle cplList(1): air_pressure_at_sea_level, cplSetList(1): __UNSPECIFIED__
20230421 040557.517 INFO             PET2       ATM-TO-OCN: - nothing shared or transferred
20230421 040557.517 INFO             PET2       ATM-TO-OCN: handle cplList(2): surface_net_downward_shortwave_flux, cplSetList(2): __UNSPECIFIED__
20230421 040557.517 INFO             PET2       ATM-TO-OCN: - nothing shared or transferred
20230421 040557.517 INFO             PET2     ATM-TO-OCN: InitializeIPDv05p4 extro.
20230421 040557.517 INFO             PET2     OCN-TO-ATM: InitializeIPDv05p4 intro.
20230421 040557.520 INFO             PET2       OCN-TO-ATM: handle cplList(1): sea_surface_temperature, cplSetList(1): __UNSPECIFIED__
20230421 040557.520 INFO             PET2       OCN-TO-ATM: - nothing shared or transferred
20230421 040557.520 INFO             PET2     OCN-TO-ATM: InitializeIPDv05p4 extro.
20230421 040557.520 INFO             PET2     ATM-TO-OCN: InitializeIPDv05p5 intro.
20230421 040557.525 INFO             PET2       ATM-TO-OCN: handle cplList(1): air_pressure_at_sea_level, cplSetList(1): __UNSPECIFIED__
20230421 040557.525 INFO             PET2       ATM-TO-OCN: - nothing shared or transferred, or may already be handled
20230421 040557.525 INFO             PET2       ATM-TO-OCN: handle cplList(2): surface_net_downward_shortwave_flux, cplSetList(2): __UNSPECIFIED__
20230421 040557.525 INFO             PET2       ATM-TO-OCN: - nothing shared or transferred, or may already be handled
20230421 040557.525 INFO             PET2     ATM-TO-OCN: InitializeIPDv05p5 extro.
20230421 040557.525 INFO             PET2     OCN-TO-ATM: InitializeIPDv05p5 intro.
20230421 040557.528 INFO             PET2       OCN-TO-ATM: handle cplList(1): sea_surface_temperature, cplSetList(1): __UNSPECIFIED__
20230421 040557.528 INFO             PET2       OCN-TO-ATM: - nothing shared or transferred, or may already be handled
20230421 040557.528 INFO             PET2     OCN-TO-ATM: InitializeIPDv05p5 extro.
20230421 040557.528 INFO             PET2     esm: IInitRealize intro.
20230421 040557.528 INFO             PET2     esm: IInitRealize extro.
20230421 040557.528 INFO             PET2     ATM-TO-OCN: InitializeIPDv05p6a intro.
20230421 040557.532 INFO             PET2     ATM-TO-OCN: InitializeIPDv05p6a extro.
20230421 040557.532 INFO             PET2     OCN-TO-ATM: InitializeIPDv05p6a intro.
20230421 040557.535 INFO             PET2     OCN-TO-ATM: InitializeIPDv05p6a extro.
20230421 040557.535 INFO             PET2     ATM-TO-OCN: InitializeIPDv05p6b intro.
20230421 040557.536 INFO             PET2       ATM-TO-OCN: handle cplList(1): air_pressure_at_sea_level, cplSetList(1): __UNSPECIFIED__
20230421 040557.536 INFO             PET2       ATM-TO-OCN: - no Field sharing between import and export side: remap.
20230421 040557.444 INFO             PET3 !!!!!!!!!!!!!!!!!!!!!!!!!!!!!!!!!!!!!!!!!!!!!!!!!!!!!!
20230421 040557.444 INFO             PET3 !!! THE ESMF_LOG IS SET TO OUTPUT ALL LOG MESSAGES !!!
20230421 040557.444 INFO             PET3 !!!     THIS MAY CAUSE SLOWDOWN IN PERFORMANCE     !!!
20230421 040557.444 INFO             PET3 !!! FOR PRODUCTION RUNS, USE:                      !!!
20230421 040557.444 INFO             PET3 !!!                   ESMF_LOGKIND_Multi_On_Error  !!!
20230421 040557.444 INFO             PET3 !!!!!!!!!!!!!!!!!!!!!!!!!!!!!!!!!!!!!!!!!!!!!!!!!!!!!!
20230421 040557.444 INFO             PET3 Running with ESMF Version   : hconfig_b01-3-ge0b4092aab
20230421 040557.444 INFO             PET3 ESMF library build date/time: "Apr 21 2023" "03:22:52"
20230421 040557.444 INFO             PET3 ESMF library build location : /glade/gust/scratch/theurich/ESMF-Nightly-Testing/nvhpc_23.1_mpi_g_feature_hconfig/esmf
20230421 040557.444 INFO             PET3 ESMF_COMM                   : mpi
20230421 040557.445 INFO             PET3 ESMF_MOAB                   : enabled
20230421 040557.445 INFO             PET3 ESMF_LAPACK                 : enabled
20230421 040557.445 INFO             PET3 ESMF_NETCDF                 : enabled
20230421 040557.445 INFO             PET3 ESMF_PNETCDF                : disabled
20230421 040557.445 INFO             PET3 ESMF_PIO                    : enabled
20230421 040557.445 INFO             PET3 ESMF_YAMLCPP                : enabled
20230421 040557.445 INFO             PET3 esmApp STARTING
20230421 040557.450 INFO             PET3 esm: InitializeGeneric intro.
20230421 040557.450 INFO             PET3   esm: InitializeP0 intro.
20230421 040557.450 INFO             PET3   esm: InitializeP0 extro.
20230421 040557.450 INFO             PET3   esm: InitializeIPDv02p1 intro.
20230421 040557.450 INFO             PET3     >>>esm: entered Initialize (phase=<none>) without valid internal Clock.
20230421 040557.451 INFO             PET3     esm - Creating model component ATM without petList.
20230421 040557.453 INFO             PET3     esm - Creating model component OCN without petList.
20230421 040557.455 INFO             PET3     esm - Creating connector component ATM-TO-OCN without petList.
20230421 040557.460 INFO             PET3     esm - Creating connector component OCN-TO-ATM without petList.
20230421 040557.465 INFO             PET3     esm - Creating state: modelComp 1 Import State
20230421 040557.465 INFO             PET3     esm - Creating state: modelComp 1 Export State
20230421 040557.465 INFO             PET3     esm - Creating state: modelComp 2 Import State
20230421 040557.465 INFO             PET3     esm - Creating state: modelComp 2 Export State
20230421 040557.466 INFO             PET3     ATM: InitializeP0 intro.
20230421 040557.466 INFO             PET3       >>>ATM: entered Initialize (phase=<none>) without valid internal Clock.
20230421 040557.467 INFO             PET3       <<<ATM: leaving Initialize (phase=<none>) without valid internal Clock.
20230421 040557.467 INFO             PET3     ATM: InitializeP0 extro.
20230421 040557.467 INFO             PET3     OCN: InitializeP0 intro.
20230421 040557.467 INFO             PET3       >>>OCN: entered Initialize (phase=<none>) without valid internal Clock.
20230421 040557.469 INFO             PET3       <<<OCN: leaving Initialize (phase=<none>) without valid internal Clock.
20230421 040557.469 INFO             PET3     OCN: InitializeP0 extro.
20230421 040557.471 INFO             PET3     ATM-TO-OCN: InitializeP0 intro.
20230421 040557.471 INFO             PET3     ATM-TO-OCN: InitializeP0 extro.
20230421 040557.472 INFO             PET3     OCN-TO-ATM: InitializeP0 intro.
20230421 040557.472 INFO             PET3     OCN-TO-ATM: InitializeP0 extro.
20230421 040557.474 INFO             PET3     esm: IInitAdvertise intro.
20230421 040557.474 INFO             PET3     esm: IInitAdvertise extro.
20230421 040557.474 INFO             PET3     ATM: InitializeIPDvXp01 intro.
20230421 040557.474 INFO             PET3       >>>ATM: entered Initialize (phase=IPDvXp01) without valid internal Clock.
20230421 040557.476 INFO             PET3       <<<ATM: leaving Initialize (phase=IPDvXp01) without valid internal Clock.
20230421 040557.476 INFO             PET3     ATM: InitializeIPDvXp01 extro.
20230421 040557.476 INFO             PET3     OCN: InitializeIPDvXp01 intro.
20230421 040557.476 INFO             PET3       >>>OCN: entered Initialize (phase=IPDvXp01) without valid internal Clock.
20230421 040557.478 INFO             PET3       <<<OCN: leaving Initialize (phase=IPDvXp01) without valid internal Clock.
20230421 040557.478 INFO             PET3     OCN: InitializeIPDvXp01 extro.
20230421 040557.479 INFO             PET3     ATM-TO-OCN: InitializeIPDv05p1 intro.
20230421 040557.483 INFO             PET3       ATM-TO-OCN: importState FieldTransferPolicy = transferNone
20230421 040557.483 INFO             PET3       ATM-TO-OCN: exportState FieldTransferPolicy = transferNone
20230421 040557.483 INFO             PET3     ATM-TO-OCN: InitializeIPDv05p1 extro.
20230421 040557.483 INFO             PET3     OCN-TO-ATM: InitializeIPDv05p1 intro.
20230421 040557.486 INFO             PET3       OCN-TO-ATM: importState FieldTransferPolicy = transferNone
20230421 040557.486 INFO             PET3       OCN-TO-ATM: exportState FieldTransferPolicy = transferNone
20230421 040557.486 INFO             PET3     OCN-TO-ATM: InitializeIPDv05p1 extro.
20230421 040557.486 INFO             PET3     esm: IInitAdvertiseFinish intro.
20230421 040557.486 INFO             PET3     esm: IInitAdvertiseFinish extro.
20230421 040557.486 INFO             PET3     ATM-TO-OCN: InitializeIPDv05p2a intro.
20230421 040557.489 INFO             PET3       ATM-TO-OCN:      importStandardNameList(i=  1): air_pressure_at_sea_level
20230421 040557.489 INFO             PET3       ATM-TO-OCN:         importNamespaceList(i=  1): ATM
20230421 040557.489 INFO             PET3       ATM-TO-OCN:            importCplSetList(i=  1): __UNSPECIFIED__
20230421 040557.489 INFO             PET3       ATM-TO-OCN:      exportStandardNameList(j=  1): air_pressure_at_sea_level
20230421 040557.489 INFO             PET3       ATM-TO-OCN:         exportNamespaceList(j=  1): OCN
20230421 040557.489 INFO             PET3       ATM-TO-OCN:            exportCplSetList(j=  1): __UNSPECIFIED__
20230421 040557.489 INFO             PET3       ATM-TO-OCN: bondLevel= 1
20230421 040557.489 INFO             PET3       ATM-TO-OCN: ProducerConnection (bondLevelMax):         1
20230421 040557.489 INFO             PET3       ATM-TO-OCN:      importStandardNameList(i=  2): surface_net_downward_shortwave_flux
20230421 040557.489 INFO             PET3       ATM-TO-OCN:         importNamespaceList(i=  2): ATM
20230421 040557.489 INFO             PET3       ATM-TO-OCN:            importCplSetList(i=  2): __UNSPECIFIED__
20230421 040557.489 INFO             PET3       ATM-TO-OCN:      exportStandardNameList(j=  2): surface_net_downward_shortwave_flux
20230421 040557.489 INFO             PET3       ATM-TO-OCN:         exportNamespaceList(j=  2): OCN
20230421 040557.489 INFO             PET3       ATM-TO-OCN:            exportCplSetList(j=  2): __UNSPECIFIED__
20230421 040557.489 INFO             PET3       ATM-TO-OCN: bondLevel= 1
20230421 040557.489 INFO             PET3       ATM-TO-OCN: ProducerConnection (bondLevelMax):         1
20230421 040557.489 INFO             PET3     ATM-TO-OCN: InitializeIPDv05p2a extro.
20230421 040557.489 INFO             PET3     OCN-TO-ATM: InitializeIPDv05p2a intro.
20230421 040557.492 INFO             PET3       OCN-TO-ATM:      importStandardNameList(i=  1): sea_surface_temperature
20230421 040557.492 INFO             PET3       OCN-TO-ATM:         importNamespaceList(i=  1): OCN
20230421 040557.492 INFO             PET3       OCN-TO-ATM:            importCplSetList(i=  1): __UNSPECIFIED__
20230421 040557.492 INFO             PET3       OCN-TO-ATM:      exportStandardNameList(j=  1): sea_surface_temperature
20230421 040557.492 INFO             PET3       OCN-TO-ATM:         exportNamespaceList(j=  1): ATM
20230421 040557.492 INFO             PET3       OCN-TO-ATM:            exportCplSetList(j=  1): __UNSPECIFIED__
20230421 040557.492 INFO             PET3       OCN-TO-ATM: bondLevel= 1
20230421 040557.492 INFO             PET3       OCN-TO-ATM: ProducerConnection (bondLevelMax):         1
20230421 040557.492 INFO             PET3     OCN-TO-ATM: InitializeIPDv05p2a extro.
20230421 040557.492 INFO             PET3     ATM-TO-OCN: InitializeIPDv05p2b intro.
20230421 040557.495 INFO             PET3       ATM-TO-OCN:      importStandardNameList(i=  1): air_pressure_at_sea_level
20230421 040557.495 INFO             PET3       ATM-TO-OCN:         importNamespaceList(i=  1): ATM
20230421 040557.495 INFO             PET3       ATM-TO-OCN:            importCplSetList(i=  1): __UNSPECIFIED__
20230421 040557.495 INFO             PET3       ATM-TO-OCN:      exportStandardNameList(j=  1): air_pressure_at_sea_level
20230421 040557.495 INFO             PET3       ATM-TO-OCN:         exportNamespaceList(j=  1): OCN
20230421 040557.495 INFO             PET3       ATM-TO-OCN:            exportCplSetList(j=  1): __UNSPECIFIED__
20230421 040557.495 INFO             PET3       ATM-TO-OCN: bondLevel= 1
20230421 040557.495 INFO             PET3       ATM-TO-OCN: => added cplList(  1)=air_pressure_at_sea_level, cplSetList(  1)=__UNSPECIFIED__
20230421 040557.495 INFO             PET3       ATM-TO-OCN:      importStandardNameList(i=  2): surface_net_downward_shortwave_flux
20230421 040557.495 INFO             PET3       ATM-TO-OCN:         importNamespaceList(i=  2): ATM
20230421 040557.495 INFO             PET3       ATM-TO-OCN:            importCplSetList(i=  2): __UNSPECIFIED__
20230421 040557.495 INFO             PET3       ATM-TO-OCN:      exportStandardNameList(j=  2): surface_net_downward_shortwave_flux
20230421 040557.495 INFO             PET3       ATM-TO-OCN:         exportNamespaceList(j=  2): OCN
20230421 040557.495 INFO             PET3       ATM-TO-OCN:            exportCplSetList(j=  2): __UNSPECIFIED__
20230421 040557.495 INFO             PET3       ATM-TO-OCN: bondLevel= 1
20230421 040557.495 INFO             PET3       ATM-TO-OCN: => added cplList(  2)=surface_net_downward_shortwave_flux, cplSetList(  2)=__UNSPECIFIED__
20230421 040557.495 INFO             PET3     ATM-TO-OCN: InitializeIPDv05p2b extro.
20230421 040557.495 INFO             PET3     OCN-TO-ATM: InitializeIPDv05p2b intro.
20230421 040557.498 INFO             PET3       OCN-TO-ATM:      importStandardNameList(i=  1): sea_surface_temperature
20230421 040557.498 INFO             PET3       OCN-TO-ATM:         importNamespaceList(i=  1): OCN
20230421 040557.498 INFO             PET3       OCN-TO-ATM:            importCplSetList(i=  1): __UNSPECIFIED__
20230421 040557.498 INFO             PET3       OCN-TO-ATM:      exportStandardNameList(j=  1): sea_surface_temperature
20230421 040557.498 INFO             PET3       OCN-TO-ATM:         exportNamespaceList(j=  1): ATM
20230421 040557.498 INFO             PET3       OCN-TO-ATM:            exportCplSetList(j=  1): __UNSPECIFIED__
20230421 040557.498 INFO             PET3       OCN-TO-ATM: bondLevel= 1
20230421 040557.498 INFO             PET3       OCN-TO-ATM: => added cplList(  1)=sea_surface_temperature, cplSetList(  1)=__UNSPECIFIED__
20230421 040557.498 INFO             PET3     OCN-TO-ATM: InitializeIPDv05p2b extro.
20230421 040557.498 INFO             PET3     esm: IInitModifyCplLists intro.
20230421 040557.498 INFO             PET3     esm: IInitModifyCplLists extro.
20230421 040557.498 INFO             PET3     ATM-TO-OCN: InitializeIPDv05p3 intro.
20230421 040557.501 INFO             PET3       ATM-TO-OCN: handle cplList(1): air_pressure_at_sea_level, cplSetList(1): __UNSPECIFIED__
20230421 040557.501 INFO             PET3       ATM-TO-OCN: - connected.
20230421 040557.501 INFO             PET3       ATM-TO-OCN: - both sides must provide the Field/GeomObject.
20230421 040557.501 INFO             PET3       ATM-TO-OCN: handle cplList(2): surface_net_downward_shortwave_flux, cplSetList(2): __UNSPECIFIED__
20230421 040557.501 INFO             PET3       ATM-TO-OCN: - connected.
20230421 040557.501 INFO             PET3       ATM-TO-OCN: - both sides must provide the Field/GeomObject.
20230421 040557.501 INFO             PET3     ATM-TO-OCN: InitializeIPDv05p3 extro.
20230421 040557.502 INFO             PET3     OCN-TO-ATM: InitializeIPDv05p3 intro.
20230421 040557.504 INFO             PET3       OCN-TO-ATM: handle cplList(1): sea_surface_temperature, cplSetList(1): __UNSPECIFIED__
20230421 040557.504 INFO             PET3       OCN-TO-ATM: - connected.
20230421 040557.504 INFO             PET3       OCN-TO-ATM: - both sides must provide the Field/GeomObject.
20230421 040557.504 INFO             PET3     OCN-TO-ATM: InitializeIPDv05p3 extro.
20230421 040557.504 INFO             PET3     <<<esm: leaving Initialize (phase=<none>) with current time: 2010  6  1  0  0  0   0
20230421 040557.504 INFO             PET3   esm: InitializeIPDv02p1 extro.
20230421 040557.504 INFO             PET3   esm: InitializeIPDv02p3 intro.
20230421 040557.504 INFO             PET3     >>>esm: entered Initialize (phase=<none>) with current time: 2010  6  1  0  0  0   0
20230421 040557.505 INFO             PET3     esm: IInitCheck intro.
20230421 040557.505 INFO             PET3     esm: IInitCheck extro.
20230421 040557.505 INFO             PET3     ATM: InitializeIPDvXp04 intro.
20230421 040557.505 INFO             PET3       >>>ATM: entered Initialize (phase=IPDvXp04) without valid internal Clock.
20230421 040557.508 INFO             PET3       <<<ATM: leaving Initialize (phase=IPDvXp04) without valid internal Clock.
20230421 040557.508 INFO             PET3     ATM: InitializeIPDvXp04 extro.
20230421 040557.508 INFO             PET3     OCN: InitializeIPDvXp04 intro.
20230421 040557.508 INFO             PET3       >>>OCN: entered Initialize (phase=IPDvXp04) without valid internal Clock.
20230421 040557.511 INFO             PET3       <<<OCN: leaving Initialize (phase=IPDvXp04) without valid internal Clock.
20230421 040557.511 INFO             PET3     OCN: InitializeIPDvXp04 extro.
20230421 040557.512 INFO             PET3     ATM-TO-OCN: InitializeIPDv05p4 intro.
20230421 040557.517 INFO             PET3       ATM-TO-OCN: handle cplList(1): air_pressure_at_sea_level, cplSetList(1): __UNSPECIFIED__
20230421 040557.517 INFO             PET3       ATM-TO-OCN: - nothing shared or transferred
20230421 040557.517 INFO             PET3       ATM-TO-OCN: handle cplList(2): surface_net_downward_shortwave_flux, cplSetList(2): __UNSPECIFIED__
20230421 040557.517 INFO             PET3       ATM-TO-OCN: - nothing shared or transferred
20230421 040557.517 INFO             PET3     ATM-TO-OCN: InitializeIPDv05p4 extro.
20230421 040557.517 INFO             PET3     OCN-TO-ATM: InitializeIPDv05p4 intro.
20230421 040557.520 INFO             PET3       OCN-TO-ATM: handle cplList(1): sea_surface_temperature, cplSetList(1): __UNSPECIFIED__
20230421 040557.520 INFO             PET3       OCN-TO-ATM: - nothing shared or transferred
20230421 040557.520 INFO             PET3     OCN-TO-ATM: InitializeIPDv05p4 extro.
20230421 040557.520 INFO             PET3     ATM-TO-OCN: InitializeIPDv05p5 intro.
20230421 040557.525 INFO             PET3       ATM-TO-OCN: handle cplList(1): air_pressure_at_sea_level, cplSetList(1): __UNSPECIFIED__
20230421 040557.525 INFO             PET3       ATM-TO-OCN: - nothing shared or transferred, or may already be handled
20230421 040557.525 INFO             PET3       ATM-TO-OCN: handle cplList(2): surface_net_downward_shortwave_flux, cplSetList(2): __UNSPECIFIED__
20230421 040557.525 INFO             PET3       ATM-TO-OCN: - nothing shared or transferred, or may already be handled
20230421 040557.525 INFO             PET3     ATM-TO-OCN: InitializeIPDv05p5 extro.
20230421 040557.525 INFO             PET3     OCN-TO-ATM: InitializeIPDv05p5 intro.
20230421 040557.528 INFO             PET3       OCN-TO-ATM: handle cplList(1): sea_surface_temperature, cplSetList(1): __UNSPECIFIED__
20230421 040557.528 INFO             PET3       OCN-TO-ATM: - nothing shared or transferred, or may already be handled
20230421 040557.528 INFO             PET3     OCN-TO-ATM: InitializeIPDv05p5 extro.
20230421 040557.528 INFO             PET3     esm: IInitRealize intro.
20230421 040557.528 INFO             PET3     esm: IInitRealize extro.
20230421 040557.528 INFO             PET3     ATM-TO-OCN: InitializeIPDv05p6a intro.
20230421 040557.532 INFO             PET3     ATM-TO-OCN: InitializeIPDv05p6a extro.
20230421 040557.532 INFO             PET3     OCN-TO-ATM: InitializeIPDv05p6a intro.
20230421 040557.535 INFO             PET3     OCN-TO-ATM: InitializeIPDv05p6a extro.
20230421 040557.535 INFO             PET3     ATM-TO-OCN: InitializeIPDv05p6b intro.
20230421 040557.536 INFO             PET3       ATM-TO-OCN: handle cplList(1): air_pressure_at_sea_level, cplSetList(1): __UNSPECIFIED__
20230421 040557.536 INFO             PET3       ATM-TO-OCN: - no Field sharing between import and export side: remap.
