2023-04-15 04:10:41
20230415 045658.367 INFO             PET0 !!!!!!!!!!!!!!!!!!!!!!!!!!!!!!!!!!!!!!!!!!!!!!!!!!!!!!
20230415 045658.367 INFO             PET0 !!! THE ESMF_LOG IS SET TO OUTPUT ALL LOG MESSAGES !!!
20230415 045658.367 INFO             PET0 !!!     THIS MAY CAUSE SLOWDOWN IN PERFORMANCE     !!!
20230415 045658.367 INFO             PET0 !!! FOR PRODUCTION RUNS, USE:                      !!!
20230415 045658.367 INFO             PET0 !!!                   ESMF_LOGKIND_Multi_On_Error  !!!
20230415 045658.367 INFO             PET0 !!!!!!!!!!!!!!!!!!!!!!!!!!!!!!!!!!!!!!!!!!!!!!!!!!!!!!
20230415 045658.367 INFO             PET0 Running with ESMF Version   : hconfig_b01-1-gebe6bc4ad1
20230415 045658.367 INFO             PET0 ESMF library build date/time: "Apr 15 2023" "04:08:37"
20230415 045658.367 INFO             PET0 ESMF library build location : /glade/gust/scratch/theurich/ESMF-Nightly-Testing/nvhpc_23.1_mpi_g_feature_hconfig/esmf
20230415 045658.367 INFO             PET0 ESMF_COMM                   : mpi
20230415 045658.368 INFO             PET0 ESMF_MOAB                   : enabled
20230415 045658.368 INFO             PET0 ESMF_LAPACK                 : enabled
20230415 045658.368 INFO             PET0 ESMF_NETCDF                 : enabled
20230415 045658.368 INFO             PET0 ESMF_PNETCDF                : disabled
20230415 045658.368 INFO             PET0 ESMF_PIO                    : enabled
20230415 045658.368 INFO             PET0 ESMF_YAMLCPP                : enabled
20230415 045658.368 INFO             PET0 mainApp STARTING
20230415 045658.373 INFO             PET0 advection diffusion driver: InitializeGeneric intro.
20230415 045658.373 INFO             PET0   advection diffusion driver: InitializeP0 intro.
20230415 045658.373 INFO             PET0   advection diffusion driver: InitializeP0 extro.
20230415 045658.373 INFO             PET0   advection diffusion driver: InitializeIPDv02p1 intro.
20230415 045658.373 INFO             PET0     >>>advection diffusion driver: entered Initialize (phase=<none>) without valid internal Clock.
20230415 045658.373 INFO             PET0     advection diffusion driver - Creating model component advectDiff_Parent without petList.
20230415 045658.376 INFO             PET0     advection diffusion driver - Creating model component advectDiff_Nestling0 with petList of size 2 :
20230415 045658.376 INFO             PET0           0      1
20230415 045658.378 INFO             PET0     advection diffusion driver - Creating model component advectDiff_Nestling1 with petList of size 2 :
20230415 045658.378 INFO             PET0           2      3
20230415 045658.378 INFO             PET0     advection diffusion driver - Creating connector component advectDiff_Parent-TO-advectDiff_Nestling0 without petList.
20230415 045658.385 INFO             PET0     advection diffusion driver - Creating connector component advectDiff_Parent-TO-advectDiff_Nestling1 without petList.
20230415 045658.390 INFO             PET0     advection diffusion driver - Creating state: modelComp 1 Import State
20230415 045658.390 INFO             PET0     advection diffusion driver - Creating state: modelComp 1 Export State
20230415 045658.390 INFO             PET0     advection diffusion driver - Creating state: modelComp 2 Import State
20230415 045658.390 INFO             PET0     advection diffusion driver - Creating state: modelComp 2 Export State
20230415 045658.391 INFO             PET0     advection diffusion driver - Creating state: modelComp 3 Import State
20230415 045658.391 INFO             PET0     advection diffusion driver - Creating state: modelComp 3 Export State
20230415 045658.392 INFO             PET0     advectDiff_Parent: InitializeP0 intro.
20230415 045658.393 INFO             PET0     advectDiff_Parent: InitializeP0 extro.
20230415 045658.393 INFO             PET0     advectDiff_Nestling0: InitializeP0 intro.
20230415 045658.394 INFO             PET0     advectDiff_Nestling0: InitializeP0 extro.
20230415 045658.397 INFO             PET0     advectDiff_Parent-TO-advectDiff_Nestling0: InitializeP0 intro.
20230415 045658.398 INFO             PET0     advectDiff_Parent-TO-advectDiff_Nestling0: InitializeP0 extro.
20230415 045658.398 INFO             PET0     advectDiff_Parent-TO-advectDiff_Nestling1: InitializeP0 intro.
20230415 045658.398 INFO             PET0     advectDiff_Parent-TO-advectDiff_Nestling1: InitializeP0 extro.
20230415 045658.400 INFO             PET0     advection diffusion driver: IInitAdvertise intro.
20230415 045658.400 INFO             PET0     advection diffusion driver: IInitAdvertise extro.
20230415 045658.400 INFO             PET0     advectDiff_Parent: InitializeIPDvXp01 intro.
20230415 045658.401 INFO             PET0     advectDiff_Parent: InitializeIPDvXp01 extro.
20230415 045658.401 INFO             PET0     advectDiff_Nestling0: InitializeIPDvXp01 intro.
20230415 045658.402 INFO             PET0     advectDiff_Nestling0: InitializeIPDvXp01 extro.
20230415 045658.405 INFO             PET0     advectDiff_Parent-TO-advectDiff_Nestling0: InitializeIPDv05p1 intro.
20230415 045658.409 INFO             PET0     advectDiff_Parent-TO-advectDiff_Nestling0: InitializeIPDv05p1 extro.
20230415 045658.409 INFO             PET0     advectDiff_Parent-TO-advectDiff_Nestling1: InitializeIPDv05p1 intro.
20230415 045658.412 INFO             PET0     advectDiff_Parent-TO-advectDiff_Nestling1: InitializeIPDv05p1 extro.
20230415 045658.412 INFO             PET0     advection diffusion driver: IInitAdvertiseFinish intro.
20230415 045658.412 INFO             PET0     advection diffusion driver: IInitAdvertiseFinish extro.
20230415 045658.412 INFO             PET0     advectDiff_Parent-TO-advectDiff_Nestling0: InitializeIPDv05p2a intro.
20230415 045658.415 INFO             PET0     advectDiff_Parent-TO-advectDiff_Nestling0: InitializeIPDv05p2a extro.
20230415 045658.416 INFO             PET0     advectDiff_Parent-TO-advectDiff_Nestling1: InitializeIPDv05p2a intro.
20230415 045658.419 INFO             PET0     advectDiff_Parent-TO-advectDiff_Nestling1: InitializeIPDv05p2a extro.
20230415 045658.419 INFO             PET0     advectDiff_Parent-TO-advectDiff_Nestling0: InitializeIPDv05p2b intro.
20230415 045658.422 INFO             PET0     advectDiff_Parent-TO-advectDiff_Nestling0: InitializeIPDv05p2b extro.
20230415 045658.422 INFO             PET0     advectDiff_Parent-TO-advectDiff_Nestling1: InitializeIPDv05p2b intro.
20230415 045658.425 INFO             PET0     advectDiff_Parent-TO-advectDiff_Nestling1: InitializeIPDv05p2b extro.
20230415 045658.426 INFO             PET0     advection diffusion driver: IInitModifyCplLists intro.
20230415 045658.426 INFO             PET0     advection diffusion driver: IInitModifyCplLists extro.
20230415 045658.426 INFO             PET0     advectDiff_Parent-TO-advectDiff_Nestling0: InitializeIPDv05p3 intro.
20230415 045658.429 INFO             PET0     advectDiff_Parent-TO-advectDiff_Nestling0: InitializeIPDv05p3 extro.
20230415 045658.429 INFO             PET0     advectDiff_Parent-TO-advectDiff_Nestling1: InitializeIPDv05p3 intro.
20230415 045658.433 INFO             PET0     advectDiff_Parent-TO-advectDiff_Nestling1: InitializeIPDv05p3 extro.
20230415 045658.433 INFO             PET0     <<<advection diffusion driver: leaving Initialize (phase=<none>) with current time:    0  1  1  0  0  0   0
20230415 045658.433 INFO             PET0   advection diffusion driver: InitializeIPDv02p1 extro.
20230415 045658.433 INFO             PET0   advection diffusion driver: InitializeIPDv02p3 intro.
20230415 045658.433 INFO             PET0     >>>advection diffusion driver: entered Initialize (phase=<none>) with current time:    0  1  1  0  0  0   0
20230415 045658.433 INFO             PET0     advection diffusion driver: IInitCheck intro.
20230415 045658.433 INFO             PET0     advection diffusion driver: IInitCheck extro.
20230415 045658.433 INFO             PET0     advectDiff_Parent: InitializeIPDvXp04 intro.
20230415 045658.439 INFO             PET0     advectDiff_Parent: InitializeIPDvXp04 extro.
20230415 045658.439 INFO             PET0     advectDiff_Nestling0: InitializeIPDvXp04 intro.
20230415 045658.445 INFO             PET0     advectDiff_Nestling0: InitializeIPDvXp04 extro.
20230415 045658.447 INFO             PET0     advectDiff_Parent-TO-advectDiff_Nestling0: InitializeIPDv05p4 intro.
20230415 045658.451 INFO             PET0     advectDiff_Parent-TO-advectDiff_Nestling0: InitializeIPDv05p4 extro.
20230415 045658.451 INFO             PET0     advectDiff_Parent-TO-advectDiff_Nestling1: InitializeIPDv05p4 intro.
20230415 045658.455 INFO             PET0     advectDiff_Parent-TO-advectDiff_Nestling1: InitializeIPDv05p4 extro.
20230415 045658.455 INFO             PET0     advectDiff_Parent-TO-advectDiff_Nestling0: InitializeIPDv05p5 intro.
20230415 045658.459 INFO             PET0     advectDiff_Parent-TO-advectDiff_Nestling0: InitializeIPDv05p5 extro.
20230415 045658.460 INFO             PET0     advectDiff_Parent-TO-advectDiff_Nestling1: InitializeIPDv05p5 intro.
20230415 045658.367 INFO             PET1 !!!!!!!!!!!!!!!!!!!!!!!!!!!!!!!!!!!!!!!!!!!!!!!!!!!!!!
20230415 045658.367 INFO             PET1 !!! THE ESMF_LOG IS SET TO OUTPUT ALL LOG MESSAGES !!!
20230415 045658.367 INFO             PET1 !!!     THIS MAY CAUSE SLOWDOWN IN PERFORMANCE     !!!
20230415 045658.367 INFO             PET1 !!! FOR PRODUCTION RUNS, USE:                      !!!
20230415 045658.367 INFO             PET1 !!!                   ESMF_LOGKIND_Multi_On_Error  !!!
20230415 045658.367 INFO             PET1 !!!!!!!!!!!!!!!!!!!!!!!!!!!!!!!!!!!!!!!!!!!!!!!!!!!!!!
20230415 045658.367 INFO             PET1 Running with ESMF Version   : hconfig_b01-1-gebe6bc4ad1
20230415 045658.367 INFO             PET1 ESMF library build date/time: "Apr 15 2023" "04:08:37"
20230415 045658.367 INFO             PET1 ESMF library build location : /glade/gust/scratch/theurich/ESMF-Nightly-Testing/nvhpc_23.1_mpi_g_feature_hconfig/esmf
20230415 045658.367 INFO             PET1 ESMF_COMM                   : mpi
20230415 045658.368 INFO             PET1 ESMF_MOAB                   : enabled
20230415 045658.368 INFO             PET1 ESMF_LAPACK                 : enabled
20230415 045658.368 INFO             PET1 ESMF_NETCDF                 : enabled
20230415 045658.368 INFO             PET1 ESMF_PNETCDF                : disabled
20230415 045658.368 INFO             PET1 ESMF_PIO                    : enabled
20230415 045658.368 INFO             PET1 ESMF_YAMLCPP                : enabled
20230415 045658.368 INFO             PET1 mainApp STARTING
20230415 045658.373 INFO             PET1 advection diffusion driver: InitializeGeneric intro.
20230415 045658.373 INFO             PET1   advection diffusion driver: InitializeP0 intro.
20230415 045658.373 INFO             PET1   advection diffusion driver: InitializeP0 extro.
20230415 045658.373 INFO             PET1   advection diffusion driver: InitializeIPDv02p1 intro.
20230415 045658.373 INFO             PET1     >>>advection diffusion driver: entered Initialize (phase=<none>) without valid internal Clock.
20230415 045658.373 INFO             PET1     advection diffusion driver - Creating model component advectDiff_Parent without petList.
20230415 045658.376 INFO             PET1     advection diffusion driver - Creating model component advectDiff_Nestling0 with petList of size 2 :
20230415 045658.376 INFO             PET1           0      1
20230415 045658.378 INFO             PET1     advection diffusion driver - Creating model component advectDiff_Nestling1 with petList of size 2 :
20230415 045658.378 INFO             PET1           2      3
20230415 045658.378 INFO             PET1     advection diffusion driver - Creating connector component advectDiff_Parent-TO-advectDiff_Nestling0 without petList.
20230415 045658.385 INFO             PET1     advection diffusion driver - Creating connector component advectDiff_Parent-TO-advectDiff_Nestling1 without petList.
20230415 045658.390 INFO             PET1     advection diffusion driver - Creating state: modelComp 1 Import State
20230415 045658.390 INFO             PET1     advection diffusion driver - Creating state: modelComp 1 Export State
20230415 045658.390 INFO             PET1     advection diffusion driver - Creating state: modelComp 2 Import State
20230415 045658.390 INFO             PET1     advection diffusion driver - Creating state: modelComp 2 Export State
20230415 045658.391 INFO             PET1     advection diffusion driver - Creating state: modelComp 3 Import State
20230415 045658.391 INFO             PET1     advection diffusion driver - Creating state: modelComp 3 Export State
20230415 045658.392 INFO             PET1     advectDiff_Parent: InitializeP0 intro.
20230415 045658.393 INFO             PET1     advectDiff_Parent: InitializeP0 extro.
20230415 045658.393 INFO             PET1     advectDiff_Nestling0: InitializeP0 intro.
20230415 045658.394 INFO             PET1     advectDiff_Nestling0: InitializeP0 extro.
20230415 045658.397 INFO             PET1     advectDiff_Parent-TO-advectDiff_Nestling0: InitializeP0 intro.
20230415 045658.398 INFO             PET1     advectDiff_Parent-TO-advectDiff_Nestling0: InitializeP0 extro.
20230415 045658.398 INFO             PET1     advectDiff_Parent-TO-advectDiff_Nestling1: InitializeP0 intro.
20230415 045658.399 INFO             PET1     advectDiff_Parent-TO-advectDiff_Nestling1: InitializeP0 extro.
20230415 045658.400 INFO             PET1     advection diffusion driver: IInitAdvertise intro.
20230415 045658.400 INFO             PET1     advection diffusion driver: IInitAdvertise extro.
20230415 045658.400 INFO             PET1     advectDiff_Parent: InitializeIPDvXp01 intro.
20230415 045658.401 INFO             PET1     advectDiff_Parent: InitializeIPDvXp01 extro.
20230415 045658.401 INFO             PET1     advectDiff_Nestling0: InitializeIPDvXp01 intro.
20230415 045658.402 INFO             PET1     advectDiff_Nestling0: InitializeIPDvXp01 extro.
20230415 045658.405 INFO             PET1     advectDiff_Parent-TO-advectDiff_Nestling0: InitializeIPDv05p1 intro.
20230415 045658.409 INFO             PET1     advectDiff_Parent-TO-advectDiff_Nestling0: InitializeIPDv05p1 extro.
20230415 045658.409 INFO             PET1     advectDiff_Parent-TO-advectDiff_Nestling1: InitializeIPDv05p1 intro.
20230415 045658.412 INFO             PET1     advectDiff_Parent-TO-advectDiff_Nestling1: InitializeIPDv05p1 extro.
20230415 045658.412 INFO             PET1     advection diffusion driver: IInitAdvertiseFinish intro.
20230415 045658.412 INFO             PET1     advection diffusion driver: IInitAdvertiseFinish extro.
20230415 045658.412 INFO             PET1     advectDiff_Parent-TO-advectDiff_Nestling0: InitializeIPDv05p2a intro.
20230415 045658.415 INFO             PET1     advectDiff_Parent-TO-advectDiff_Nestling0: InitializeIPDv05p2a extro.
20230415 045658.416 INFO             PET1     advectDiff_Parent-TO-advectDiff_Nestling1: InitializeIPDv05p2a intro.
20230415 045658.419 INFO             PET1     advectDiff_Parent-TO-advectDiff_Nestling1: InitializeIPDv05p2a extro.
20230415 045658.419 INFO             PET1     advectDiff_Parent-TO-advectDiff_Nestling0: InitializeIPDv05p2b intro.
20230415 045658.422 INFO             PET1     advectDiff_Parent-TO-advectDiff_Nestling0: InitializeIPDv05p2b extro.
20230415 045658.422 INFO             PET1     advectDiff_Parent-TO-advectDiff_Nestling1: InitializeIPDv05p2b intro.
20230415 045658.425 INFO             PET1     advectDiff_Parent-TO-advectDiff_Nestling1: InitializeIPDv05p2b extro.
20230415 045658.426 INFO             PET1     advection diffusion driver: IInitModifyCplLists intro.
20230415 045658.426 INFO             PET1     advection diffusion driver: IInitModifyCplLists extro.
20230415 045658.426 INFO             PET1     advectDiff_Parent-TO-advectDiff_Nestling0: InitializeIPDv05p3 intro.
20230415 045658.429 INFO             PET1     advectDiff_Parent-TO-advectDiff_Nestling0: InitializeIPDv05p3 extro.
20230415 045658.429 INFO             PET1     advectDiff_Parent-TO-advectDiff_Nestling1: InitializeIPDv05p3 intro.
20230415 045658.433 INFO             PET1     advectDiff_Parent-TO-advectDiff_Nestling1: InitializeIPDv05p3 extro.
20230415 045658.433 INFO             PET1     <<<advection diffusion driver: leaving Initialize (phase=<none>) with current time:    0  1  1  0  0  0   0
20230415 045658.433 INFO             PET1   advection diffusion driver: InitializeIPDv02p1 extro.
20230415 045658.433 INFO             PET1   advection diffusion driver: InitializeIPDv02p3 intro.
20230415 045658.433 INFO             PET1     >>>advection diffusion driver: entered Initialize (phase=<none>) with current time:    0  1  1  0  0  0   0
20230415 045658.433 INFO             PET1     advection diffusion driver: IInitCheck intro.
20230415 045658.433 INFO             PET1     advection diffusion driver: IInitCheck extro.
20230415 045658.433 INFO             PET1     advectDiff_Parent: InitializeIPDvXp04 intro.
20230415 045658.439 INFO             PET1     advectDiff_Parent: InitializeIPDvXp04 extro.
20230415 045658.439 INFO             PET1     advectDiff_Nestling0: InitializeIPDvXp04 intro.
20230415 045658.445 INFO             PET1     advectDiff_Nestling0: InitializeIPDvXp04 extro.
20230415 045658.447 INFO             PET1     advectDiff_Parent-TO-advectDiff_Nestling0: InitializeIPDv05p4 intro.
20230415 045658.451 INFO             PET1     advectDiff_Parent-TO-advectDiff_Nestling0: InitializeIPDv05p4 extro.
20230415 045658.451 INFO             PET1     advectDiff_Parent-TO-advectDiff_Nestling1: InitializeIPDv05p4 intro.
20230415 045658.455 INFO             PET1     advectDiff_Parent-TO-advectDiff_Nestling1: InitializeIPDv05p4 extro.
20230415 045658.455 INFO             PET1     advectDiff_Parent-TO-advectDiff_Nestling0: InitializeIPDv05p5 intro.
20230415 045658.459 INFO             PET1     advectDiff_Parent-TO-advectDiff_Nestling0: InitializeIPDv05p5 extro.
20230415 045658.460 INFO             PET1     advectDiff_Parent-TO-advectDiff_Nestling1: InitializeIPDv05p5 intro.
20230415 045658.366 INFO             PET2 !!!!!!!!!!!!!!!!!!!!!!!!!!!!!!!!!!!!!!!!!!!!!!!!!!!!!!
20230415 045658.367 INFO             PET2 !!! THE ESMF_LOG IS SET TO OUTPUT ALL LOG MESSAGES !!!
20230415 045658.367 INFO             PET2 !!!     THIS MAY CAUSE SLOWDOWN IN PERFORMANCE     !!!
20230415 045658.367 INFO             PET2 !!! FOR PRODUCTION RUNS, USE:                      !!!
20230415 045658.367 INFO             PET2 !!!                   ESMF_LOGKIND_Multi_On_Error  !!!
20230415 045658.367 INFO             PET2 !!!!!!!!!!!!!!!!!!!!!!!!!!!!!!!!!!!!!!!!!!!!!!!!!!!!!!
20230415 045658.367 INFO             PET2 Running with ESMF Version   : hconfig_b01-1-gebe6bc4ad1
20230415 045658.367 INFO             PET2 ESMF library build date/time: "Apr 15 2023" "04:08:37"
20230415 045658.367 INFO             PET2 ESMF library build location : /glade/gust/scratch/theurich/ESMF-Nightly-Testing/nvhpc_23.1_mpi_g_feature_hconfig/esmf
20230415 045658.367 INFO             PET2 ESMF_COMM                   : mpi
20230415 045658.368 INFO             PET2 ESMF_MOAB                   : enabled
20230415 045658.368 INFO             PET2 ESMF_LAPACK                 : enabled
20230415 045658.368 INFO             PET2 ESMF_NETCDF                 : enabled
20230415 045658.368 INFO             PET2 ESMF_PNETCDF                : disabled
20230415 045658.368 INFO             PET2 ESMF_PIO                    : enabled
20230415 045658.368 INFO             PET2 ESMF_YAMLCPP                : enabled
20230415 045658.368 INFO             PET2 mainApp STARTING
20230415 045658.373 INFO             PET2 advection diffusion driver: InitializeGeneric intro.
20230415 045658.373 INFO             PET2   advection diffusion driver: InitializeP0 intro.
20230415 045658.373 INFO             PET2   advection diffusion driver: InitializeP0 extro.
20230415 045658.373 INFO             PET2   advection diffusion driver: InitializeIPDv02p1 intro.
20230415 045658.373 INFO             PET2     >>>advection diffusion driver: entered Initialize (phase=<none>) without valid internal Clock.
20230415 045658.373 INFO             PET2     advection diffusion driver - Creating model component advectDiff_Parent without petList.
20230415 045658.376 INFO             PET2     advection diffusion driver - Creating model component advectDiff_Nestling0 with petList of size 2 :
20230415 045658.376 INFO             PET2           0      1
20230415 045658.378 INFO             PET2     advection diffusion driver - Creating model component advectDiff_Nestling1 with petList of size 2 :
20230415 045658.378 INFO             PET2           2      3
20230415 045658.381 INFO             PET2     advection diffusion driver - Creating connector component advectDiff_Parent-TO-advectDiff_Nestling0 without petList.
20230415 045658.385 INFO             PET2     advection diffusion driver - Creating connector component advectDiff_Parent-TO-advectDiff_Nestling1 without petList.
20230415 045658.390 INFO             PET2     advection diffusion driver - Creating state: modelComp 1 Import State
20230415 045658.390 INFO             PET2     advection diffusion driver - Creating state: modelComp 1 Export State
20230415 045658.390 INFO             PET2     advection diffusion driver - Creating state: modelComp 2 Import State
20230415 045658.390 INFO             PET2     advection diffusion driver - Creating state: modelComp 2 Export State
20230415 045658.391 INFO             PET2     advection diffusion driver - Creating state: modelComp 3 Import State
20230415 045658.391 INFO             PET2     advection diffusion driver - Creating state: modelComp 3 Export State
20230415 045658.392 INFO             PET2     advectDiff_Parent: InitializeP0 intro.
20230415 045658.393 INFO             PET2     advectDiff_Parent: InitializeP0 extro.
20230415 045658.393 INFO             PET2     advectDiff_Nestling1: InitializeP0 intro.
20230415 045658.394 INFO             PET2     advectDiff_Nestling1: InitializeP0 extro.
20230415 045658.397 INFO             PET2     advectDiff_Parent-TO-advectDiff_Nestling0: InitializeP0 intro.
20230415 045658.397 INFO             PET2     advectDiff_Parent-TO-advectDiff_Nestling0: InitializeP0 extro.
20230415 045658.398 INFO             PET2     advectDiff_Parent-TO-advectDiff_Nestling1: InitializeP0 intro.
20230415 045658.399 INFO             PET2     advectDiff_Parent-TO-advectDiff_Nestling1: InitializeP0 extro.
20230415 045658.400 INFO             PET2     advection diffusion driver: IInitAdvertise intro.
20230415 045658.400 INFO             PET2     advection diffusion driver: IInitAdvertise extro.
20230415 045658.400 INFO             PET2     advectDiff_Parent: InitializeIPDvXp01 intro.
20230415 045658.401 INFO             PET2     advectDiff_Parent: InitializeIPDvXp01 extro.
20230415 045658.401 INFO             PET2     advectDiff_Nestling1: InitializeIPDvXp01 intro.
20230415 045658.402 INFO             PET2     advectDiff_Nestling1: InitializeIPDvXp01 extro.
20230415 045658.404 INFO             PET2     advectDiff_Parent-TO-advectDiff_Nestling0: InitializeIPDv05p1 intro.
20230415 045658.409 INFO             PET2     advectDiff_Parent-TO-advectDiff_Nestling0: InitializeIPDv05p1 extro.
20230415 045658.409 INFO             PET2     advectDiff_Parent-TO-advectDiff_Nestling1: InitializeIPDv05p1 intro.
20230415 045658.412 INFO             PET2     advectDiff_Parent-TO-advectDiff_Nestling1: InitializeIPDv05p1 extro.
20230415 045658.412 INFO             PET2     advection diffusion driver: IInitAdvertiseFinish intro.
20230415 045658.412 INFO             PET2     advection diffusion driver: IInitAdvertiseFinish extro.
20230415 045658.412 INFO             PET2     advectDiff_Parent-TO-advectDiff_Nestling0: InitializeIPDv05p2a intro.
20230415 045658.415 INFO             PET2     advectDiff_Parent-TO-advectDiff_Nestling0: InitializeIPDv05p2a extro.
20230415 045658.416 INFO             PET2     advectDiff_Parent-TO-advectDiff_Nestling1: InitializeIPDv05p2a intro.
20230415 045658.419 INFO             PET2     advectDiff_Parent-TO-advectDiff_Nestling1: InitializeIPDv05p2a extro.
20230415 045658.419 INFO             PET2     advectDiff_Parent-TO-advectDiff_Nestling0: InitializeIPDv05p2b intro.
20230415 045658.422 INFO             PET2     advectDiff_Parent-TO-advectDiff_Nestling0: InitializeIPDv05p2b extro.
20230415 045658.422 INFO             PET2     advectDiff_Parent-TO-advectDiff_Nestling1: InitializeIPDv05p2b intro.
20230415 045658.425 INFO             PET2     advectDiff_Parent-TO-advectDiff_Nestling1: InitializeIPDv05p2b extro.
20230415 045658.426 INFO             PET2     advection diffusion driver: IInitModifyCplLists intro.
20230415 045658.426 INFO             PET2     advection diffusion driver: IInitModifyCplLists extro.
20230415 045658.426 INFO             PET2     advectDiff_Parent-TO-advectDiff_Nestling0: InitializeIPDv05p3 intro.
20230415 045658.429 INFO             PET2     advectDiff_Parent-TO-advectDiff_Nestling0: InitializeIPDv05p3 extro.
20230415 045658.429 INFO             PET2     advectDiff_Parent-TO-advectDiff_Nestling1: InitializeIPDv05p3 intro.
20230415 045658.433 INFO             PET2     advectDiff_Parent-TO-advectDiff_Nestling1: InitializeIPDv05p3 extro.
20230415 045658.433 INFO             PET2     <<<advection diffusion driver: leaving Initialize (phase=<none>) with current time:    0  1  1  0  0  0   0
20230415 045658.433 INFO             PET2   advection diffusion driver: InitializeIPDv02p1 extro.
20230415 045658.433 INFO             PET2   advection diffusion driver: InitializeIPDv02p3 intro.
20230415 045658.433 INFO             PET2     >>>advection diffusion driver: entered Initialize (phase=<none>) with current time:    0  1  1  0  0  0   0
20230415 045658.433 INFO             PET2     advection diffusion driver: IInitCheck intro.
20230415 045658.433 INFO             PET2     advection diffusion driver: IInitCheck extro.
20230415 045658.433 INFO             PET2     advectDiff_Parent: InitializeIPDvXp04 intro.
20230415 045658.439 INFO             PET2     advectDiff_Parent: InitializeIPDvXp04 extro.
20230415 045658.439 INFO             PET2     advectDiff_Nestling1: InitializeIPDvXp04 intro.
20230415 045658.445 INFO             PET2     advectDiff_Nestling1: InitializeIPDvXp04 extro.
20230415 045658.447 INFO             PET2     advectDiff_Parent-TO-advectDiff_Nestling0: InitializeIPDv05p4 intro.
20230415 045658.451 INFO             PET2     advectDiff_Parent-TO-advectDiff_Nestling0: InitializeIPDv05p4 extro.
20230415 045658.451 INFO             PET2     advectDiff_Parent-TO-advectDiff_Nestling1: InitializeIPDv05p4 intro.
20230415 045658.455 INFO             PET2     advectDiff_Parent-TO-advectDiff_Nestling1: InitializeIPDv05p4 extro.
20230415 045658.455 INFO             PET2     advectDiff_Parent-TO-advectDiff_Nestling0: InitializeIPDv05p5 intro.
20230415 045658.459 INFO             PET2     advectDiff_Parent-TO-advectDiff_Nestling0: InitializeIPDv05p5 extro.
20230415 045658.460 INFO             PET2     advectDiff_Parent-TO-advectDiff_Nestling1: InitializeIPDv05p5 intro.
20230415 045658.367 INFO             PET3 !!!!!!!!!!!!!!!!!!!!!!!!!!!!!!!!!!!!!!!!!!!!!!!!!!!!!!
20230415 045658.367 INFO             PET3 !!! THE ESMF_LOG IS SET TO OUTPUT ALL LOG MESSAGES !!!
20230415 045658.367 INFO             PET3 !!!     THIS MAY CAUSE SLOWDOWN IN PERFORMANCE     !!!
20230415 045658.367 INFO             PET3 !!! FOR PRODUCTION RUNS, USE:                      !!!
20230415 045658.367 INFO             PET3 !!!                   ESMF_LOGKIND_Multi_On_Error  !!!
20230415 045658.367 INFO             PET3 !!!!!!!!!!!!!!!!!!!!!!!!!!!!!!!!!!!!!!!!!!!!!!!!!!!!!!
20230415 045658.367 INFO             PET3 Running with ESMF Version   : hconfig_b01-1-gebe6bc4ad1
20230415 045658.367 INFO             PET3 ESMF library build date/time: "Apr 15 2023" "04:08:37"
20230415 045658.367 INFO             PET3 ESMF library build location : /glade/gust/scratch/theurich/ESMF-Nightly-Testing/nvhpc_23.1_mpi_g_feature_hconfig/esmf
20230415 045658.367 INFO             PET3 ESMF_COMM                   : mpi
20230415 045658.368 INFO             PET3 ESMF_MOAB                   : enabled
20230415 045658.368 INFO             PET3 ESMF_LAPACK                 : enabled
20230415 045658.368 INFO             PET3 ESMF_NETCDF                 : enabled
20230415 045658.368 INFO             PET3 ESMF_PNETCDF                : disabled
20230415 045658.368 INFO             PET3 ESMF_PIO                    : enabled
20230415 045658.368 INFO             PET3 ESMF_YAMLCPP                : enabled
20230415 045658.368 INFO             PET3 mainApp STARTING
20230415 045658.373 INFO             PET3 advection diffusion driver: InitializeGeneric intro.
20230415 045658.373 INFO             PET3   advection diffusion driver: InitializeP0 intro.
20230415 045658.373 INFO             PET3   advection diffusion driver: InitializeP0 extro.
20230415 045658.373 INFO             PET3   advection diffusion driver: InitializeIPDv02p1 intro.
20230415 045658.373 INFO             PET3     >>>advection diffusion driver: entered Initialize (phase=<none>) without valid internal Clock.
20230415 045658.373 INFO             PET3     advection diffusion driver - Creating model component advectDiff_Parent without petList.
20230415 045658.376 INFO             PET3     advection diffusion driver - Creating model component advectDiff_Nestling0 with petList of size 2 :
20230415 045658.376 INFO             PET3           0      1
20230415 045658.378 INFO             PET3     advection diffusion driver - Creating model component advectDiff_Nestling1 with petList of size 2 :
20230415 045658.378 INFO             PET3           2      3
20230415 045658.381 INFO             PET3     advection diffusion driver - Creating connector component advectDiff_Parent-TO-advectDiff_Nestling0 without petList.
20230415 045658.385 INFO             PET3     advection diffusion driver - Creating connector component advectDiff_Parent-TO-advectDiff_Nestling1 without petList.
20230415 045658.390 INFO             PET3     advection diffusion driver - Creating state: modelComp 1 Import State
20230415 045658.390 INFO             PET3     advection diffusion driver - Creating state: modelComp 1 Export State
20230415 045658.390 INFO             PET3     advection diffusion driver - Creating state: modelComp 2 Import State
20230415 045658.390 INFO             PET3     advection diffusion driver - Creating state: modelComp 2 Export State
20230415 045658.391 INFO             PET3     advection diffusion driver - Creating state: modelComp 3 Import State
20230415 045658.391 INFO             PET3     advection diffusion driver - Creating state: modelComp 3 Export State
20230415 045658.392 INFO             PET3     advectDiff_Parent: InitializeP0 intro.
20230415 045658.393 INFO             PET3     advectDiff_Parent: InitializeP0 extro.
20230415 045658.393 INFO             PET3     advectDiff_Nestling1: InitializeP0 intro.
20230415 045658.394 INFO             PET3     advectDiff_Nestling1: InitializeP0 extro.
20230415 045658.397 INFO             PET3     advectDiff_Parent-TO-advectDiff_Nestling0: InitializeP0 intro.
20230415 045658.398 INFO             PET3     advectDiff_Parent-TO-advectDiff_Nestling0: InitializeP0 extro.
20230415 045658.398 INFO             PET3     advectDiff_Parent-TO-advectDiff_Nestling1: InitializeP0 intro.
20230415 045658.399 INFO             PET3     advectDiff_Parent-TO-advectDiff_Nestling1: InitializeP0 extro.
20230415 045658.400 INFO             PET3     advection diffusion driver: IInitAdvertise intro.
20230415 045658.400 INFO             PET3     advection diffusion driver: IInitAdvertise extro.
20230415 045658.400 INFO             PET3     advectDiff_Parent: InitializeIPDvXp01 intro.
20230415 045658.401 INFO             PET3     advectDiff_Parent: InitializeIPDvXp01 extro.
20230415 045658.401 INFO             PET3     advectDiff_Nestling1: InitializeIPDvXp01 intro.
20230415 045658.402 INFO             PET3     advectDiff_Nestling1: InitializeIPDvXp01 extro.
20230415 045658.405 INFO             PET3     advectDiff_Parent-TO-advectDiff_Nestling0: InitializeIPDv05p1 intro.
20230415 045658.409 INFO             PET3     advectDiff_Parent-TO-advectDiff_Nestling0: InitializeIPDv05p1 extro.
20230415 045658.409 INFO             PET3     advectDiff_Parent-TO-advectDiff_Nestling1: InitializeIPDv05p1 intro.
20230415 045658.412 INFO             PET3     advectDiff_Parent-TO-advectDiff_Nestling1: InitializeIPDv05p1 extro.
20230415 045658.412 INFO             PET3     advection diffusion driver: IInitAdvertiseFinish intro.
20230415 045658.412 INFO             PET3     advection diffusion driver: IInitAdvertiseFinish extro.
20230415 045658.412 INFO             PET3     advectDiff_Parent-TO-advectDiff_Nestling0: InitializeIPDv05p2a intro.
20230415 045658.415 INFO             PET3     advectDiff_Parent-TO-advectDiff_Nestling0: InitializeIPDv05p2a extro.
20230415 045658.416 INFO             PET3     advectDiff_Parent-TO-advectDiff_Nestling1: InitializeIPDv05p2a intro.
20230415 045658.419 INFO             PET3     advectDiff_Parent-TO-advectDiff_Nestling1: InitializeIPDv05p2a extro.
20230415 045658.419 INFO             PET3     advectDiff_Parent-TO-advectDiff_Nestling0: InitializeIPDv05p2b intro.
20230415 045658.422 INFO             PET3     advectDiff_Parent-TO-advectDiff_Nestling0: InitializeIPDv05p2b extro.
20230415 045658.422 INFO             PET3     advectDiff_Parent-TO-advectDiff_Nestling1: InitializeIPDv05p2b intro.
20230415 045658.425 INFO             PET3     advectDiff_Parent-TO-advectDiff_Nestling1: InitializeIPDv05p2b extro.
20230415 045658.426 INFO             PET3     advection diffusion driver: IInitModifyCplLists intro.
20230415 045658.426 INFO             PET3     advection diffusion driver: IInitModifyCplLists extro.
20230415 045658.426 INFO             PET3     advectDiff_Parent-TO-advectDiff_Nestling0: InitializeIPDv05p3 intro.
20230415 045658.429 INFO             PET3     advectDiff_Parent-TO-advectDiff_Nestling0: InitializeIPDv05p3 extro.
20230415 045658.429 INFO             PET3     advectDiff_Parent-TO-advectDiff_Nestling1: InitializeIPDv05p3 intro.
20230415 045658.433 INFO             PET3     advectDiff_Parent-TO-advectDiff_Nestling1: InitializeIPDv05p3 extro.
20230415 045658.433 INFO             PET3     <<<advection diffusion driver: leaving Initialize (phase=<none>) with current time:    0  1  1  0  0  0   0
20230415 045658.433 INFO             PET3   advection diffusion driver: InitializeIPDv02p1 extro.
20230415 045658.433 INFO             PET3   advection diffusion driver: InitializeIPDv02p3 intro.
20230415 045658.433 INFO             PET3     >>>advection diffusion driver: entered Initialize (phase=<none>) with current time:    0  1  1  0  0  0   0
20230415 045658.433 INFO             PET3     advection diffusion driver: IInitCheck intro.
20230415 045658.433 INFO             PET3     advection diffusion driver: IInitCheck extro.
20230415 045658.433 INFO             PET3     advectDiff_Parent: InitializeIPDvXp04 intro.
20230415 045658.439 INFO             PET3     advectDiff_Parent: InitializeIPDvXp04 extro.
20230415 045658.439 INFO             PET3     advectDiff_Nestling1: InitializeIPDvXp04 intro.
20230415 045658.445 INFO             PET3     advectDiff_Nestling1: InitializeIPDvXp04 extro.
20230415 045658.447 INFO             PET3     advectDiff_Parent-TO-advectDiff_Nestling0: InitializeIPDv05p4 intro.
20230415 045658.451 INFO             PET3     advectDiff_Parent-TO-advectDiff_Nestling0: InitializeIPDv05p4 extro.
20230415 045658.451 INFO             PET3     advectDiff_Parent-TO-advectDiff_Nestling1: InitializeIPDv05p4 intro.
20230415 045658.455 INFO             PET3     advectDiff_Parent-TO-advectDiff_Nestling1: InitializeIPDv05p4 extro.
20230415 045658.455 INFO             PET3     advectDiff_Parent-TO-advectDiff_Nestling0: InitializeIPDv05p5 intro.
20230415 045658.459 INFO             PET3     advectDiff_Parent-TO-advectDiff_Nestling0: InitializeIPDv05p5 extro.
20230415 045658.460 INFO             PET3     advectDiff_Parent-TO-advectDiff_Nestling1: InitializeIPDv05p5 intro.
