2023-04-19 01:52:47
20230419 021957.401 INFO             PET0 !!!!!!!!!!!!!!!!!!!!!!!!!!!!!!!!!!!!!!!!!!!!!!!!!!!!!!
20230419 021957.402 INFO             PET0 !!! THE ESMF_LOG IS SET TO OUTPUT ALL LOG MESSAGES !!!
20230419 021957.402 INFO             PET0 !!!     THIS MAY CAUSE SLOWDOWN IN PERFORMANCE     !!!
20230419 021957.402 INFO             PET0 !!! FOR PRODUCTION RUNS, USE:                      !!!
20230419 021957.402 INFO             PET0 !!!                   ESMF_LOGKIND_Multi_On_Error  !!!
20230419 021957.402 INFO             PET0 !!!!!!!!!!!!!!!!!!!!!!!!!!!!!!!!!!!!!!!!!!!!!!!!!!!!!!
20230419 021957.402 INFO             PET0 Running with ESMF Version   : hconfig_b01-3-ge0b4092aab
20230419 021957.402 INFO             PET0 ESMF library build date/time: "Apr 19 2023" "01:51:26"
20230419 021957.402 INFO             PET0 ESMF library build location : /glade/gust/scratch/theurich/ESMF-Nightly-Testing/intel_2023.0.0_mpiuni_g_feature_hconfig/esmf
20230419 021957.402 INFO             PET0 ESMF_COMM                   : mpiuni
20230419 021957.403 INFO             PET0 ESMF_MOAB                   : enabled
20230419 021957.403 INFO             PET0 ESMF_LAPACK                 : enabled
20230419 021957.403 INFO             PET0 ESMF_NETCDF                 : enabled
20230419 021957.403 INFO             PET0 ESMF_PNETCDF                : disabled
20230419 021957.403 INFO             PET0 ESMF_PIO                    : disabled
20230419 021957.403 INFO             PET0 ESMF_YAMLCPP                : enabled
20230419 021957.405 INFO             PET0  NUMBER_OF_PROCESSORS           1
20230419 021957.405 INFO             PET0  PASS  Example ESMF_StateEx, ESMF_StateEx.F90, line 237
20230419 021957.405 INFO             PET0 Finalizing ESMF
