2023-04-20 01:53:00
20230420 021915.516 INFO             PET0 !!!!!!!!!!!!!!!!!!!!!!!!!!!!!!!!!!!!!!!!!!!!!!!!!!!!!!
20230420 021915.516 INFO             PET0 !!! THE ESMF_LOG IS SET TO OUTPUT ALL LOG MESSAGES !!!
20230420 021915.516 INFO             PET0 !!!     THIS MAY CAUSE SLOWDOWN IN PERFORMANCE     !!!
20230420 021915.516 INFO             PET0 !!! FOR PRODUCTION RUNS, USE:                      !!!
20230420 021915.516 INFO             PET0 !!!                   ESMF_LOGKIND_Multi_On_Error  !!!
20230420 021915.516 INFO             PET0 !!!!!!!!!!!!!!!!!!!!!!!!!!!!!!!!!!!!!!!!!!!!!!!!!!!!!!
20230420 021915.516 INFO             PET0 Running with ESMF Version   : hconfig_b01-3-ge0b4092aab
20230420 021915.516 INFO             PET0 ESMF library build date/time: "Apr 20 2023" "01:51:39"
20230420 021915.516 INFO             PET0 ESMF library build location : /glade/gust/scratch/theurich/ESMF-Nightly-Testing/intel_2023.0.0_mpiuni_g_feature_hconfig/esmf
20230420 021915.516 INFO             PET0 ESMF_COMM                   : mpiuni
20230420 021915.517 INFO             PET0 ESMF_MOAB                   : enabled
20230420 021915.517 INFO             PET0 ESMF_LAPACK                 : enabled
20230420 021915.517 INFO             PET0 ESMF_NETCDF                 : enabled
20230420 021915.517 INFO             PET0 ESMF_PNETCDF                : disabled
20230420 021915.517 INFO             PET0 ESMF_PIO                    : disabled
20230420 021915.517 INFO             PET0 ESMF_YAMLCPP                : enabled
20230420 021915.518 ERROR            PET0 ESMCI_Info.C:1289 Info::set(<json>) Cannot set value  - Error/Return Code 540 (ESMC_RC_CANNOT_SET) - Key '/myIntegerKey' already in map and force=false.
20230420 021915.518 ERROR            PET0 ESMCI_Info.C:1292 Info::set(<json>) Cannot set value  - Internal subroutine call returned Error
20230420 021915.518 ERROR            PET0 ESMCI_Info.C:1334 Info::set(<json>) Cannot set value  - Internal subroutine call returned Error
20230420 021915.518 ERROR            PET0 ESMCI_Info.C:1337 Info::set(<json>) Cannot set value  - Internal subroutine call returned Error
20230420 021915.519 ERROR            PET0 ESMCI_Info.C:1385 Info::set(<scalar>) Cannot set value  - Internal subroutine call returned Error
20230420 021915.519 ERROR            PET0 ESMC_InfoCDefGeneric.C:387 ESMC_InfoSetI4() Cannot set value  - Internal subroutine call returned Error
20230420 021915.519 ERROR            PET0 ESMF_Info.F90:2866 ESMF_InfoSetI4() Cannot set value  - Internal subroutine call returned Error
20230420 021915.519 INFO             PET0  NUMBER_OF_PROCESSORS           1
20230420 021915.519 INFO             PET0  PASS  Example ESMF_InfoTutorialEx, ESMF_InfoTutorialEx.F90, line 335
20230420 021915.519 INFO             PET0 Finalizing ESMF
