2023-03-25 04:21:21
 localPET=            2  localDE=            0 : array(            1 , 
 localPET=            0  localDE=            0 : array(            1 , 
 localPET=            1  localDE=            0 : array(            1 , 
            1 )=    0.000000000000000     
 localPET=            2  localDE=            0 : array(            1 , 
 localPET=            3  localDE=            0 : array(            1 , 
            1 )=    0.000000000000000     
 localPET=            3  localDE=            0 : array(            1 , 
            2 )=    0.000000000000000     
            1 )=    0.000000000000000     
 localPET=            0  localDE=            0 : array(            1 , 
            2 )=    0.000000000000000     
 localPET=            0  localDE=            0 : array(            2 , 
            1 )=    0.000000000000000     
            1 )=    0.000000000000000     
 localPET=            1  localDE=            0 : array(            1 , 
            2 )=    0.000000000000000     
            2 )=    0.000000000000000     
 localPET=            2  localDE=            0 : array(            2 , 
            1 )=    0.000000000000000     
 localPET=            2  localDE=            0 : array(            2 , 
            2 )=    0.000000000000000     
 localPET=            3  localDE=            0 : array(            2 , 
            1 )=    0.000000000000000     
 localPET=            3  localDE=            0 : array(            2 , 
            2 )=    0.000000000000000     
 localPET=            0  localDE=            0 : array(            2 , 
            2 )=    0.000000000000000     
 localPET=            1  localDE=            0 : array(            2 , 
            1 )=    0.000000000000000     
 localPET=            1  localDE=            0 : array(            2 , 
            2 )=    0.000000000000000     
 localPET=            2  localDE=            0 : array(            3 , 
            1 )=    0.000000000000000     
 localPET=            2  localDE=            0 : array(            3 , 
            2 )=    0.000000000000000     
 localPET=            0  localDE=            0 : array(            3 , 
            1 )=    0.000000000000000     
 localPET=            0  localDE=            0 : array(            3 , 
 localPET=            1  localDE=            1 : array(            1 , 
            1 )=    0.000000000000000     
            2 )=    0.000000000000000     
 localPET=            0  localDE=            1 : array(            1 , 
 localPET=            1  localDE=            1 : array(            2 , 
            1 )=    0.000000000000000     
            1 )=    0.000000000000000     
 localPET=            0  localDE=            1 : array(            2 , 
            1 )=    0.000000000000000     
 localPET=            0  localDE=            1 : array(            3 , 
            1 )=    0.000000000000000     
 localPet:             3 DE             3  [            1            2 ]
 localPet:             2 DE             2  [            1            3 ]
 localPet:             0 DE             0  [            1            3 ]
 localPet:             0 DE             4  [            1            3 ]
 localPet:             1 DE             1  [            1            2 ]
 localPet:             1 DE             5  [            1            2 ]
srun: error: x191: task 2: Segmentation fault (core dumped)
srun: launch/slurm: _step_signal: Terminating StepId=24728366.294
slurmstepd: error: *** STEP 24728366.294 ON x191 CANCELLED AT 2023-03-25T05:34:57 ***
srun: error: x191: tasks 1,3: Terminated
srun: error: x191: task 0: Segmentation fault (core dumped)
srun: Force Terminated StepId=24728366.294
