2023-03-09 02:43:57
20230309 031343.762 INFO             PET0 !!!!!!!!!!!!!!!!!!!!!!!!!!!!!!!!!!!!!!!!!!!!!!!!!!!!!!
20230309 031343.762 INFO             PET0 !!! THE ESMF_LOG IS SET TO OUTPUT ALL LOG MESSAGES !!!
20230309 031343.762 INFO             PET0 !!!     THIS MAY CAUSE SLOWDOWN IN PERFORMANCE     !!!
20230309 031343.762 INFO             PET0 !!! FOR PRODUCTION RUNS, USE:                      !!!
20230309 031343.762 INFO             PET0 !!!                   ESMF_LOGKIND_Multi_On_Error  !!!
20230309 031343.762 INFO             PET0 !!!!!!!!!!!!!!!!!!!!!!!!!!!!!!!!!!!!!!!!!!!!!!!!!!!!!!
20230309 031343.762 INFO             PET0 Running with ESMF Version   : v8.5.0b18
20230309 031343.762 INFO             PET0 ESMF library build date/time: "Mar  9 2023" "02:42:04"
20230309 031343.762 INFO             PET0 ESMF library build location : /project/esmf/theurich/ESMF-Nightly-Testing/gfortran_8.1.0_mpich3_g_develop/esmf
20230309 031343.763 INFO             PET0 ESMF_COMM                   : mpich
20230309 031343.763 INFO             PET0 ESMF_MOAB                   : enabled
20230309 031343.763 INFO             PET0 ESMF_LAPACK                 : enabled
20230309 031343.763 INFO             PET0 ESMF_NETCDF                 : enabled
20230309 031343.763 INFO             PET0 ESMF_PNETCDF                : disabled
20230309 031343.763 INFO             PET0 ESMF_PIO                    : enabled
20230309 031343.763 INFO             PET0 ESMF_YAMLCPP                : enabled
20230309 031343.763 INFO             PET0 ESMF Tracing Enabled
20230309 031343.763 INFO             PET0 ESMF Profiling Enabled
20230309 031343.763 INFO             PET0 ESMF Trace/Profile clock: REALTIME
20230309 031343.805 INFO             PET0  NUMBER_OF_PROCESSORS           4
20230309 031343.805 INFO             PET0  PASS  Example ESMF_TraceEx, ESMF_TraceEx.F90, line 178
20230309 031343.805 INFO             PET0 Finalizing ESMF
20230309 031343.806 INFO             PET0 **************** Region Timings *******************
20230309 031343.806 INFO             PET0 Region              Count  Total (s)   Self (s)    Mean (s)    Min (s)     Max (s)
20230309 031343.806 INFO             PET0   [ESMF]            1      0.0026      0.0025      0.0026      0.0026      0.0026
20230309 031343.806 INFO             PET0     [test] Run 1    5      0.0000      0.0000      0.0000      0.0000      0.0000
20230309 031343.806 INFO             PET0     [test] Init 1   1      0.0000      0.0000      0.0000      0.0000      0.0000
20230309 031343.806 INFO             PET0     [test] Final 1  1      0.0000      0.0000      0.0000      0.0000      0.0000
20230309 031343.767 INFO             PET1 !!!!!!!!!!!!!!!!!!!!!!!!!!!!!!!!!!!!!!!!!!!!!!!!!!!!!!
20230309 031343.767 INFO             PET1 !!! THE ESMF_LOG IS SET TO OUTPUT ALL LOG MESSAGES !!!
20230309 031343.767 INFO             PET1 !!!     THIS MAY CAUSE SLOWDOWN IN PERFORMANCE     !!!
20230309 031343.767 INFO             PET1 !!! FOR PRODUCTION RUNS, USE:                      !!!
20230309 031343.767 INFO             PET1 !!!                   ESMF_LOGKIND_Multi_On_Error  !!!
20230309 031343.767 INFO             PET1 !!!!!!!!!!!!!!!!!!!!!!!!!!!!!!!!!!!!!!!!!!!!!!!!!!!!!!
20230309 031343.767 INFO             PET1 Running with ESMF Version   : v8.5.0b18
20230309 031343.767 INFO             PET1 ESMF library build date/time: "Mar  9 2023" "02:42:04"
20230309 031343.767 INFO             PET1 ESMF library build location : /project/esmf/theurich/ESMF-Nightly-Testing/gfortran_8.1.0_mpich3_g_develop/esmf
20230309 031343.767 INFO             PET1 ESMF_COMM                   : mpich
20230309 031343.767 INFO             PET1 ESMF_MOAB                   : enabled
20230309 031343.767 INFO             PET1 ESMF_LAPACK                 : enabled
20230309 031343.767 INFO             PET1 ESMF_NETCDF                 : enabled
20230309 031343.767 INFO             PET1 ESMF_PNETCDF                : disabled
20230309 031343.767 INFO             PET1 ESMF_PIO                    : enabled
20230309 031343.767 INFO             PET1 ESMF_YAMLCPP                : enabled
20230309 031343.767 INFO             PET1 ESMF Tracing Enabled
20230309 031343.767 INFO             PET1 ESMF Profiling Enabled
20230309 031343.767 INFO             PET1 ESMF Trace/Profile clock: REALTIME
20230309 031343.805 INFO             PET1  NUMBER_OF_PROCESSORS           4
20230309 031343.805 INFO             PET1  PASS  Example ESMF_TraceEx, ESMF_TraceEx.F90, line 178
20230309 031343.805 INFO             PET1 Finalizing ESMF
20230309 031343.805 INFO             PET1 **************** Region Timings *******************
20230309 031343.805 INFO             PET1 Region              Count  Total (s)   Self (s)    Mean (s)    Min (s)     Max (s)
20230309 031343.806 INFO             PET1   [ESMF]            1      0.0059      0.0058      0.0059      0.0059      0.0059
20230309 031343.806 INFO             PET1     [test] Run 1    5      0.0000      0.0000      0.0000      0.0000      0.0000
20230309 031343.806 INFO             PET1     [test] Init 1   1      0.0000      0.0000      0.0000      0.0000      0.0000
20230309 031343.806 INFO             PET1     [test] Final 1  1      0.0000      0.0000      0.0000      0.0000      0.0000
20230309 031343.794 INFO             PET2 !!!!!!!!!!!!!!!!!!!!!!!!!!!!!!!!!!!!!!!!!!!!!!!!!!!!!!
20230309 031343.795 INFO             PET2 !!! THE ESMF_LOG IS SET TO OUTPUT ALL LOG MESSAGES !!!
20230309 031343.795 INFO             PET2 !!!     THIS MAY CAUSE SLOWDOWN IN PERFORMANCE     !!!
20230309 031343.795 INFO             PET2 !!! FOR PRODUCTION RUNS, USE:                      !!!
20230309 031343.795 INFO             PET2 !!!                   ESMF_LOGKIND_Multi_On_Error  !!!
20230309 031343.795 INFO             PET2 !!!!!!!!!!!!!!!!!!!!!!!!!!!!!!!!!!!!!!!!!!!!!!!!!!!!!!
20230309 031343.795 INFO             PET2 Running with ESMF Version   : v8.5.0b18
20230309 031343.795 INFO             PET2 ESMF library build date/time: "Mar  9 2023" "02:42:04"
20230309 031343.795 INFO             PET2 ESMF library build location : /project/esmf/theurich/ESMF-Nightly-Testing/gfortran_8.1.0_mpich3_g_develop/esmf
20230309 031343.795 INFO             PET2 ESMF_COMM                   : mpich
20230309 031343.795 INFO             PET2 ESMF_MOAB                   : enabled
20230309 031343.795 INFO             PET2 ESMF_LAPACK                 : enabled
20230309 031343.795 INFO             PET2 ESMF_NETCDF                 : enabled
20230309 031343.795 INFO             PET2 ESMF_PNETCDF                : disabled
20230309 031343.795 INFO             PET2 ESMF_PIO                    : enabled
20230309 031343.795 INFO             PET2 ESMF_YAMLCPP                : enabled
20230309 031343.795 INFO             PET2 ESMF Tracing Enabled
20230309 031343.795 INFO             PET2 ESMF Profiling Enabled
20230309 031343.795 INFO             PET2 ESMF Trace/Profile clock: REALTIME
20230309 031343.805 INFO             PET2  NUMBER_OF_PROCESSORS           4
20230309 031343.805 INFO             PET2  PASS  Example ESMF_TraceEx, ESMF_TraceEx.F90, line 178
20230309 031343.805 INFO             PET2 Finalizing ESMF
20230309 031343.806 INFO             PET2 **************** Region Timings *******************
20230309 031343.806 INFO             PET2 Region              Count  Total (s)   Self (s)    Mean (s)    Min (s)     Max (s)
20230309 031343.806 INFO             PET2   [ESMF]            1      0.0056      0.0055      0.0056      0.0056      0.0056
20230309 031343.806 INFO             PET2     [test] Run 1    5      0.0000      0.0000      0.0000      0.0000      0.0000
20230309 031343.806 INFO             PET2     [test] Init 1   1      0.0000      0.0000      0.0000      0.0000      0.0000
20230309 031343.806 INFO             PET2     [test] Final 1  1      0.0000      0.0000      0.0000      0.0000      0.0000
20230309 031343.757 INFO             PET3 !!!!!!!!!!!!!!!!!!!!!!!!!!!!!!!!!!!!!!!!!!!!!!!!!!!!!!
20230309 031343.757 INFO             PET3 !!! THE ESMF_LOG IS SET TO OUTPUT ALL LOG MESSAGES !!!
20230309 031343.757 INFO             PET3 !!!     THIS MAY CAUSE SLOWDOWN IN PERFORMANCE     !!!
20230309 031343.757 INFO             PET3 !!! FOR PRODUCTION RUNS, USE:                      !!!
20230309 031343.757 INFO             PET3 !!!                   ESMF_LOGKIND_Multi_On_Error  !!!
20230309 031343.757 INFO             PET3 !!!!!!!!!!!!!!!!!!!!!!!!!!!!!!!!!!!!!!!!!!!!!!!!!!!!!!
20230309 031343.757 INFO             PET3 Running with ESMF Version   : v8.5.0b18
20230309 031343.757 INFO             PET3 ESMF library build date/time: "Mar  9 2023" "02:42:04"
20230309 031343.757 INFO             PET3 ESMF library build location : /project/esmf/theurich/ESMF-Nightly-Testing/gfortran_8.1.0_mpich3_g_develop/esmf
20230309 031343.757 INFO             PET3 ESMF_COMM                   : mpich
20230309 031343.757 INFO             PET3 ESMF_MOAB                   : enabled
20230309 031343.757 INFO             PET3 ESMF_LAPACK                 : enabled
20230309 031343.757 INFO             PET3 ESMF_NETCDF                 : enabled
20230309 031343.757 INFO             PET3 ESMF_PNETCDF                : disabled
20230309 031343.757 INFO             PET3 ESMF_PIO                    : enabled
20230309 031343.757 INFO             PET3 ESMF_YAMLCPP                : enabled
20230309 031343.757 INFO             PET3 ESMF Tracing Enabled
20230309 031343.757 INFO             PET3 ESMF Profiling Enabled
20230309 031343.757 INFO             PET3 ESMF Trace/Profile clock: REALTIME
20230309 031343.805 INFO             PET3  NUMBER_OF_PROCESSORS           4
20230309 031343.805 INFO             PET3  PASS  Example ESMF_TraceEx, ESMF_TraceEx.F90, line 178
20230309 031343.805 INFO             PET3 Finalizing ESMF
20230309 031343.805 INFO             PET3 **************** Region Timings *******************
20230309 031343.805 INFO             PET3 Region              Count  Total (s)   Self (s)    Mean (s)    Min (s)     Max (s)
20230309 031343.806 INFO             PET3   [ESMF]            1      0.0063      0.0062      0.0063      0.0063      0.0063
20230309 031343.806 INFO             PET3     [test] Run 1    5      0.0000      0.0000      0.0000      0.0000      0.0000
20230309 031343.806 INFO             PET3     [test] Init 1   1      0.0000      0.0000      0.0000      0.0000      0.0000
20230309 031343.806 INFO             PET3     [test] Final 1  1      0.0000      0.0000      0.0000      0.0000      0.0000
