2023-03-23 02:46:19
20230323 031920.271 INFO             PET0 !!!!!!!!!!!!!!!!!!!!!!!!!!!!!!!!!!!!!!!!!!!!!!!!!!!!!!
20230323 031920.271 INFO             PET0 !!! THE ESMF_LOG IS SET TO OUTPUT ALL LOG MESSAGES !!!
20230323 031920.271 INFO             PET0 !!!     THIS MAY CAUSE SLOWDOWN IN PERFORMANCE     !!!
20230323 031920.271 INFO             PET0 !!! FOR PRODUCTION RUNS, USE:                      !!!
20230323 031920.271 INFO             PET0 !!!                   ESMF_LOGKIND_Multi_On_Error  !!!
20230323 031920.271 INFO             PET0 !!!!!!!!!!!!!!!!!!!!!!!!!!!!!!!!!!!!!!!!!!!!!!!!!!!!!!
20230323 031920.271 INFO             PET0 Running with ESMF Version   : v8.5.0b18-5-ge74a33b91d
20230323 031920.271 INFO             PET0 ESMF library build date/time: "Mar 23 2023" "02:44:21"
20230323 031920.271 INFO             PET0 ESMF library build location : /project/esmf/theurich/ESMF-Nightly-Testing/gfortran_8.1.0_mpich3_g_develop/esmf
20230323 031920.271 INFO             PET0 ESMF_COMM                   : mpich
20230323 031920.271 INFO             PET0 ESMF_MOAB                   : enabled
20230323 031920.271 INFO             PET0 ESMF_LAPACK                 : enabled
20230323 031920.271 INFO             PET0 ESMF_NETCDF                 : enabled
20230323 031920.271 INFO             PET0 ESMF_PNETCDF                : disabled
20230323 031920.271 INFO             PET0 ESMF_PIO                    : enabled
20230323 031920.271 INFO             PET0 ESMF_YAMLCPP                : enabled
20230323 031920.439 DEBUG            PET0 about to destroy Grid: 0x2623900
20230323 031920.472 DEBUG            PET0 about to destroy Grid: 0x2624710
20230323 031920.542 INFO             PET0  NUMBER_OF_PROCESSORS           4
20230323 031920.542 INFO             PET0  PASS  Example ESMF_NUOPCAtmModelEx, ESMF_NUOPCAtmModelEx.F90, line 806
20230323 031920.542 INFO             PET0 Finalizing ESMF
20230323 031920.271 INFO             PET1 !!!!!!!!!!!!!!!!!!!!!!!!!!!!!!!!!!!!!!!!!!!!!!!!!!!!!!
20230323 031920.271 INFO             PET1 !!! THE ESMF_LOG IS SET TO OUTPUT ALL LOG MESSAGES !!!
20230323 031920.271 INFO             PET1 !!!     THIS MAY CAUSE SLOWDOWN IN PERFORMANCE     !!!
20230323 031920.271 INFO             PET1 !!! FOR PRODUCTION RUNS, USE:                      !!!
20230323 031920.271 INFO             PET1 !!!                   ESMF_LOGKIND_Multi_On_Error  !!!
20230323 031920.271 INFO             PET1 !!!!!!!!!!!!!!!!!!!!!!!!!!!!!!!!!!!!!!!!!!!!!!!!!!!!!!
20230323 031920.271 INFO             PET1 Running with ESMF Version   : v8.5.0b18-5-ge74a33b91d
20230323 031920.271 INFO             PET1 ESMF library build date/time: "Mar 23 2023" "02:44:21"
20230323 031920.271 INFO             PET1 ESMF library build location : /project/esmf/theurich/ESMF-Nightly-Testing/gfortran_8.1.0_mpich3_g_develop/esmf
20230323 031920.271 INFO             PET1 ESMF_COMM                   : mpich
20230323 031920.271 INFO             PET1 ESMF_MOAB                   : enabled
20230323 031920.271 INFO             PET1 ESMF_LAPACK                 : enabled
20230323 031920.271 INFO             PET1 ESMF_NETCDF                 : enabled
20230323 031920.271 INFO             PET1 ESMF_PNETCDF                : disabled
20230323 031920.271 INFO             PET1 ESMF_PIO                    : enabled
20230323 031920.271 INFO             PET1 ESMF_YAMLCPP                : enabled
20230323 031920.439 DEBUG            PET1 about to destroy Grid: 0x8228a0
20230323 031920.472 DEBUG            PET1 about to destroy Grid: 0x8234d0
20230323 031920.542 INFO             PET1  NUMBER_OF_PROCESSORS           4
20230323 031920.542 INFO             PET1  PASS  Example ESMF_NUOPCAtmModelEx, ESMF_NUOPCAtmModelEx.F90, line 806
20230323 031920.542 INFO             PET1 Finalizing ESMF
20230323 031920.270 INFO             PET2 !!!!!!!!!!!!!!!!!!!!!!!!!!!!!!!!!!!!!!!!!!!!!!!!!!!!!!
20230323 031920.270 INFO             PET2 !!! THE ESMF_LOG IS SET TO OUTPUT ALL LOG MESSAGES !!!
20230323 031920.270 INFO             PET2 !!!     THIS MAY CAUSE SLOWDOWN IN PERFORMANCE     !!!
20230323 031920.270 INFO             PET2 !!! FOR PRODUCTION RUNS, USE:                      !!!
20230323 031920.270 INFO             PET2 !!!                   ESMF_LOGKIND_Multi_On_Error  !!!
20230323 031920.270 INFO             PET2 !!!!!!!!!!!!!!!!!!!!!!!!!!!!!!!!!!!!!!!!!!!!!!!!!!!!!!
20230323 031920.270 INFO             PET2 Running with ESMF Version   : v8.5.0b18-5-ge74a33b91d
20230323 031920.270 INFO             PET2 ESMF library build date/time: "Mar 23 2023" "02:44:21"
20230323 031920.270 INFO             PET2 ESMF library build location : /project/esmf/theurich/ESMF-Nightly-Testing/gfortran_8.1.0_mpich3_g_develop/esmf
20230323 031920.270 INFO             PET2 ESMF_COMM                   : mpich
20230323 031920.270 INFO             PET2 ESMF_MOAB                   : enabled
20230323 031920.270 INFO             PET2 ESMF_LAPACK                 : enabled
20230323 031920.270 INFO             PET2 ESMF_NETCDF                 : enabled
20230323 031920.270 INFO             PET2 ESMF_PNETCDF                : disabled
20230323 031920.270 INFO             PET2 ESMF_PIO                    : enabled
20230323 031920.270 INFO             PET2 ESMF_YAMLCPP                : enabled
20230323 031920.439 DEBUG            PET2 about to destroy Grid: 0x1888ca0
20230323 031920.472 DEBUG            PET2 about to destroy Grid: 0x1889b40
20230323 031920.542 INFO             PET2  NUMBER_OF_PROCESSORS           4
20230323 031920.542 INFO             PET2  PASS  Example ESMF_NUOPCAtmModelEx, ESMF_NUOPCAtmModelEx.F90, line 806
20230323 031920.542 INFO             PET2 Finalizing ESMF
20230323 031920.270 INFO             PET3 !!!!!!!!!!!!!!!!!!!!!!!!!!!!!!!!!!!!!!!!!!!!!!!!!!!!!!
20230323 031920.270 INFO             PET3 !!! THE ESMF_LOG IS SET TO OUTPUT ALL LOG MESSAGES !!!
20230323 031920.270 INFO             PET3 !!!     THIS MAY CAUSE SLOWDOWN IN PERFORMANCE     !!!
20230323 031920.270 INFO             PET3 !!! FOR PRODUCTION RUNS, USE:                      !!!
20230323 031920.270 INFO             PET3 !!!                   ESMF_LOGKIND_Multi_On_Error  !!!
20230323 031920.270 INFO             PET3 !!!!!!!!!!!!!!!!!!!!!!!!!!!!!!!!!!!!!!!!!!!!!!!!!!!!!!
20230323 031920.270 INFO             PET3 Running with ESMF Version   : v8.5.0b18-5-ge74a33b91d
20230323 031920.270 INFO             PET3 ESMF library build date/time: "Mar 23 2023" "02:44:21"
20230323 031920.270 INFO             PET3 ESMF library build location : /project/esmf/theurich/ESMF-Nightly-Testing/gfortran_8.1.0_mpich3_g_develop/esmf
20230323 031920.270 INFO             PET3 ESMF_COMM                   : mpich
20230323 031920.270 INFO             PET3 ESMF_MOAB                   : enabled
20230323 031920.270 INFO             PET3 ESMF_LAPACK                 : enabled
20230323 031920.270 INFO             PET3 ESMF_NETCDF                 : enabled
20230323 031920.270 INFO             PET3 ESMF_PNETCDF                : disabled
20230323 031920.270 INFO             PET3 ESMF_PIO                    : enabled
20230323 031920.270 INFO             PET3 ESMF_YAMLCPP                : enabled
20230323 031920.439 DEBUG            PET3 about to destroy Grid: 0x1533ca0
20230323 031920.472 DEBUG            PET3 about to destroy Grid: 0x1534b40
20230323 031920.542 INFO             PET3  NUMBER_OF_PROCESSORS           4
20230323 031920.542 INFO             PET3  PASS  Example ESMF_NUOPCAtmModelEx, ESMF_NUOPCAtmModelEx.F90, line 806
20230323 031920.542 INFO             PET3 Finalizing ESMF
