2023-03-21 07:22:16
[1679384540.231942] [h23c07:101936:0]         mxm.c:196  MXM  WARN  The 'ulimit -s' on the system is set to 'unlimited'. This may have negative performance implications. Please set the stack size to the default value (10240) 
[1679384540.236816] [h23c07:101936:0]         mxm.c:196  MXM  WARN  The 'ulimit -s' on the system is set to 'unlimited'. This may have negative performance implications. Please set the stack size to the default value (10240) 
[1679384540.214495] [h23c07:101937:0]         mxm.c:196  MXM  WARN  The 'ulimit -s' on the system is set to 'unlimited'. This may have negative performance implications. Please set the stack size to the default value (10240) 
[1679384540.219316] [h23c07:101937:0]         mxm.c:196  MXM  WARN  The 'ulimit -s' on the system is set to 'unlimited'. This may have negative performance implications. Please set the stack size to the default value (10240) 
[1679384540.231975] [h23c07:101938:0]         mxm.c:196  MXM  WARN  The 'ulimit -s' on the system is set to 'unlimited'. This may have negative performance implications. Please set the stack size to the default value (10240) 
[1679384540.236859] [h23c07:101938:0]         mxm.c:196  MXM  WARN  The 'ulimit -s' on the system is set to 'unlimited'. This may have negative performance implications. Please set the stack size to the default value (10240) 
[1679384540.225149] [h23c07:101935:0]         mxm.c:196  MXM  WARN  The 'ulimit -s' on the system is set to 'unlimited'. This may have negative performance implications. Please set the stack size to the default value (10240) 
[1679384540.229905] [h23c07:101935:0]         mxm.c:196  MXM  WARN  The 'ulimit -s' on the system is set to 'unlimited'. This may have negative performance implications. Please set the stack size to the default value (10240) 
 local DE            0  - DE            1  localIndexList along dim=           1  ::            4           5
 local DE            0  - DE            1  localIndexList along dim=           2  ::            1
 local DE            1  - DE            5  localIndexList along dim=           1  ::            4           5
 local DE            1  - DE            5  localIndexList along dim=           2  ::            3           4           5
 local DE            0  - DE            2  localIndexList along dim=           1  ::            1           2           3
 local DE            0  - DE            2  localIndexList along dim=           2  ::            2
 local DE            0  - DE            3  localIndexList along dim=           1  ::            4           5
 local DE            0  - DE            3  localIndexList along dim=           2  ::            2
 local DE            0  - DE            0  localIndexList along dim=           1  ::            1           2           3
 local DE            0  - DE            0  localIndexList along dim=           2  ::            1
 local DE            1  - DE            4  localIndexList along dim=           1  ::            1           2           3
 local DE            1  - DE            4  localIndexList along dim=           2  ::            3           4           5
  PASS  Example ESMF_DistGridEx, ESMF_DistGridEx.F90, line 1902
  PASS  Example ESMF_DistGridEx, ESMF_DistGridEx.F90, line 1902
  PASS  Example ESMF_DistGridEx, ESMF_DistGridEx.F90, line 1902
  PASS  Example ESMF_DistGridEx, ESMF_DistGridEx.F90, line 1902
 PASS: ESMF_DistGridEx.F90
 PASS: ESMF_DistGridEx.F90
 PASS: ESMF_DistGridEx.F90
 PASS: ESMF_DistGridEx.F90
