2023-03-26 07:19:47
[1679816423.375193] [h12c50:211684:0]         mxm.c:196  MXM  WARN  The 'ulimit -s' on the system is set to 'unlimited'. This may have negative performance implications. Please set the stack size to the default value (10240) 
[1679816423.380226] [h12c50:211684:0]         mxm.c:196  MXM  WARN  The 'ulimit -s' on the system is set to 'unlimited'. This may have negative performance implications. Please set the stack size to the default value (10240) 
[1679816423.375235] [h12c50:211682:0]         mxm.c:196  MXM  WARN  The 'ulimit -s' on the system is set to 'unlimited'. This may have negative performance implications. Please set the stack size to the default value (10240) 
[1679816423.380288] [h12c50:211682:0]         mxm.c:196  MXM  WARN  The 'ulimit -s' on the system is set to 'unlimited'. This may have negative performance implications. Please set the stack size to the default value (10240) 
[1679816423.366057] [h12c50:211681:0]         mxm.c:196  MXM  WARN  The 'ulimit -s' on the system is set to 'unlimited'. This may have negative performance implications. Please set the stack size to the default value (10240) 
[1679816423.371149] [h12c50:211681:0]         mxm.c:196  MXM  WARN  The 'ulimit -s' on the system is set to 'unlimited'. This may have negative performance implications. Please set the stack size to the default value (10240) 
[1679816423.359975] [h12c50:211683:0]         mxm.c:196  MXM  WARN  The 'ulimit -s' on the system is set to 'unlimited'. This may have negative performance implications. Please set the stack size to the default value (10240) 
[1679816423.364741] [h12c50:211683:0]         mxm.c:196  MXM  WARN  The 'ulimit -s' on the system is set to 'unlimited'. This may have negative performance implications. Please set the stack size to the default value (10240) 
 ---------------------------------------------------------------
 Results from using the dictionary-like method of data retrieval
 The radius of the earth was retrieved from the Resource File
 Its value is:    6370000.00    
 ---------------------------------------------------------------
 Results from using the dictionary-like method of data retrieval of a string
 The input file name (a string) was retrieved from the Resource File
 Its value is: dummy_input.nc
 ---------------------------------------------------------------
 Results when the label in the call does not exist in the Resource File
 The default value is returned.
 Its value is: ./default.nc
 ---------------------------------------------------------------
 Results from retrieving multiple values:
 The first constant was was retrieved from the Resource File
 Its value is:    3.14150000    
 The second constant was was retrieved from the Resource File
 Its value is:           25
 ---------------------------------------------------------------
 Results from retrieving multi-value strings:
 The first file name was was retrieved from the Resource File
 Its value is: jan87.dat
 The second file name was was retrieved from the Resource File
 Its value is: jan88.dat
 The third file name was was retrieved from the Resource File
 Its value is: jan89.dat
 ---------------------------------------------------------------
 Results from retrieving a table
 The (1,3) table value should be 263.0
 Its retrieved value is:    263.000000    
 ---------------------------------------------------------------
 Results from using the dictionary-like method of data retrieval
 The radius of the earth was retrieved from the Resource File
 The (6,1) table value should be 400
 Its retrieved value is:    400.000000    
 ---------------------------------------------------------------
 Its value is:    6370000.00    
 ---------------------------------------------------------------
 Results from using the dictionary-like method of data retrieval of a string
 The input file name (a string) was retrieved from the Resource File
 Its value is: dummy_input.nc
 ---------------------------------------------------------------
 Results when the label in the call does not exist in the Resource File
 The default value is returned.
 Its value is: ./default.nc
 ---------------------------------------------------------------
 Results from retrieving multiple values:
 The first constant was was retrieved from the Resource File
 Its value is:    3.14150000    
 The second constant was was retrieved from the Resource File
 Its value is:           25
 ---------------------------------------------------------------
 Results from retrieving multi-value strings:
 The first file name was was retrieved from the Resource File
 Its value is: jan87.dat
 The second file name was was retrieved from the Resource File
 Its value is: jan88.dat
 The third file name was was retrieved from the Resource File
 Its value is: jan89.dat
 ---------------------------------------------------------------
 Results from retrieving a table
 The (1,3) table value should be 263.0
 Its retrieved value is:    263.000000    
 The (6,1) table value should be 400
 Its retrieved value is:    400.000000    
 ---------------------------------------------------------------
 ---------------------------------------------------------------
 Results from using the dictionary-like method of data retrieval
 The radius of the earth was retrieved from the Resource File
 Its value is:    6370000.00    
 ---------------------------------------------------------------
 Results from using the dictionary-like method of data retrieval of a string
 The input file name (a string) was retrieved from the Resource File
 Its value is: dummy_input.nc
 ---------------------------------------------------------------
 Results when the label in the call does not exist in the Resource File
 The default value is returned.
 Its value is: ./default.nc
 ---------------------------------------------------------------
 Final Word
 ---------------------------------------------------
 PASS: ESMF_ConfigOverviewEx.F90
 Results from retrieving multiple values:
 The first constant was was retrieved from the Resource File
 Its value is:    3.14150000    
 The second constant was was retrieved from the Resource File
 Its value is:           25
 ---------------------------------------------------------------
 Results from retrieving multi-value strings:
 The first file name was was retrieved from the Resource File
 Its value is: jan87.dat
 The second file name was was retrieved from the Resource File
 Its value is: jan88.dat
 The third file name was was retrieved from the Resource File
 Its value is: jan89.dat
 ---------------------------------------------------------------
  PASS  Example ESMF_ConfigOverviewEx, ESMF_ConfigOverviewEx.F90, line 512
 ---------------------------------------------------------------
 Results from using the dictionary-like method of data retrieval
 The radius of the earth was retrieved from the Resource File
 Results from retrieving a table
 The (1,3) table value should be 263.0
 Final Word
 ---------------------------------------------------
 PASS: ESMF_ConfigOverviewEx.F90
 Its retrieved value is:    263.000000    
 The (6,1) table value should be 400
 Its retrieved value is:    400.000000    
 ---------------------------------------------------------------
 Its value is:    6370000.00    
 ---------------------------------------------------------------
 Results from using the dictionary-like method of data retrieval of a string
 The input file name (a string) was retrieved from the Resource File
 Its value is: dummy_input.nc
 ---------------------------------------------------------------
  PASS  Example ESMF_ConfigOverviewEx, ESMF_ConfigOverviewEx.F90, line 512
 Results when the label in the call does not exist in the Resource File
 The default value is returned.
 Its value is: ./default.nc
 ---------------------------------------------------------------
 Results from retrieving multiple values:
 The first constant was was retrieved from the Resource File
 Its value is:    3.14150000    
 The second constant was was retrieved from the Resource File
 Its value is:           25
 ---------------------------------------------------------------
 Results from retrieving multi-value strings:
 The first file name was was retrieved from the Resource File
 Its value is: jan87.dat
 The second file name was was retrieved from the Resource File
 Its value is: jan88.dat
 The third file name was was retrieved from the Resource File
 Its value is: jan89.dat
 ---------------------------------------------------------------
 Results from retrieving a table
 The (1,3) table value should be 263.0
 Its retrieved value is:    263.000000    
 The (6,1) table value should be 400
 Its retrieved value is:    400.000000    
 ---------------------------------------------------------------
 Final Word
 ---------------------------------------------------
 PASS: ESMF_ConfigOverviewEx.F90
  PASS  Example ESMF_ConfigOverviewEx, ESMF_ConfigOverviewEx.F90, line 512
 Final Word
 ---------------------------------------------------
 PASS: ESMF_ConfigOverviewEx.F90
  PASS  Example ESMF_ConfigOverviewEx, ESMF_ConfigOverviewEx.F90, line 512
