2023-03-25 07:21:15
20230325 074259.610 INFO             PET0 !!!!!!!!!!!!!!!!!!!!!!!!!!!!!!!!!!!!!!!!!!!!!!!!!!!!!!
20230325 074259.610 INFO             PET0 !!! THE ESMF_LOG IS SET TO OUTPUT ALL LOG MESSAGES !!!
20230325 074259.610 INFO             PET0 !!!     THIS MAY CAUSE SLOWDOWN IN PERFORMANCE     !!!
20230325 074259.610 INFO             PET0 !!! FOR PRODUCTION RUNS, USE:                      !!!
20230325 074259.610 INFO             PET0 !!!                   ESMF_LOGKIND_Multi_On_Error  !!!
20230325 074259.610 INFO             PET0 !!!!!!!!!!!!!!!!!!!!!!!!!!!!!!!!!!!!!!!!!!!!!!!!!!!!!!
20230325 074259.610 INFO             PET0 Running with ESMF Version   : v8.5.0b18-5-ge74a33b91d
20230325 074259.610 INFO             PET0 ESMF library build date/time: "Mar 25 2023" "07:20:14"
20230325 074259.610 INFO             PET0 ESMF library build location : /scratch2/NCEPDEV/stmp1/Gerhard.Theurich/ESMF-Nightly-Testing/gfortran_9.2.0b_openmpi_O_develop/esmf
20230325 074259.610 INFO             PET0 ESMF_COMM                   : openmpi
20230325 074259.610 INFO             PET0 ESMF_MOAB                   : enabled
20230325 074259.610 INFO             PET0 ESMF_LAPACK                 : enabled
20230325 074259.610 INFO             PET0 ESMF_NETCDF                 : disabled
20230325 074259.610 INFO             PET0 ESMF_PNETCDF                : disabled
20230325 074259.610 INFO             PET0 ESMF_PIO                    : disabled
20230325 074259.610 INFO             PET0 ESMF_YAMLCPP                : enabled
20230325 074259.638 DEBUG            PET0 about to destroy Grid: 0x1f56ca0
20230325 074259.641 DEBUG            PET0 about to destroy Grid: 0x1f57e10
20230325 074259.650 INFO             PET0  NUMBER_OF_PROCESSORS           4
20230325 074259.650 INFO             PET0  PASS  Example ESMF_NUOPCAtmModelEx, ESMF_NUOPCAtmModelEx.F90, line 806
20230325 074259.650 INFO             PET0 Finalizing ESMF
20230325 074259.609 INFO             PET1 !!!!!!!!!!!!!!!!!!!!!!!!!!!!!!!!!!!!!!!!!!!!!!!!!!!!!!
20230325 074259.609 INFO             PET1 !!! THE ESMF_LOG IS SET TO OUTPUT ALL LOG MESSAGES !!!
20230325 074259.609 INFO             PET1 !!!     THIS MAY CAUSE SLOWDOWN IN PERFORMANCE     !!!
20230325 074259.609 INFO             PET1 !!! FOR PRODUCTION RUNS, USE:                      !!!
20230325 074259.609 INFO             PET1 !!!                   ESMF_LOGKIND_Multi_On_Error  !!!
20230325 074259.609 INFO             PET1 !!!!!!!!!!!!!!!!!!!!!!!!!!!!!!!!!!!!!!!!!!!!!!!!!!!!!!
20230325 074259.609 INFO             PET1 Running with ESMF Version   : v8.5.0b18-5-ge74a33b91d
20230325 074259.609 INFO             PET1 ESMF library build date/time: "Mar 25 2023" "07:20:14"
20230325 074259.609 INFO             PET1 ESMF library build location : /scratch2/NCEPDEV/stmp1/Gerhard.Theurich/ESMF-Nightly-Testing/gfortran_9.2.0b_openmpi_O_develop/esmf
20230325 074259.609 INFO             PET1 ESMF_COMM                   : openmpi
20230325 074259.610 INFO             PET1 ESMF_MOAB                   : enabled
20230325 074259.610 INFO             PET1 ESMF_LAPACK                 : enabled
20230325 074259.610 INFO             PET1 ESMF_NETCDF                 : disabled
20230325 074259.610 INFO             PET1 ESMF_PNETCDF                : disabled
20230325 074259.610 INFO             PET1 ESMF_PIO                    : disabled
20230325 074259.610 INFO             PET1 ESMF_YAMLCPP                : enabled
20230325 074259.638 DEBUG            PET1 about to destroy Grid: 0x10f2070
20230325 074259.641 DEBUG            PET1 about to destroy Grid: 0x10f2b90
20230325 074259.650 INFO             PET1  NUMBER_OF_PROCESSORS           4
20230325 074259.650 INFO             PET1  PASS  Example ESMF_NUOPCAtmModelEx, ESMF_NUOPCAtmModelEx.F90, line 806
20230325 074259.650 INFO             PET1 Finalizing ESMF
20230325 074259.610 INFO             PET2 !!!!!!!!!!!!!!!!!!!!!!!!!!!!!!!!!!!!!!!!!!!!!!!!!!!!!!
20230325 074259.610 INFO             PET2 !!! THE ESMF_LOG IS SET TO OUTPUT ALL LOG MESSAGES !!!
20230325 074259.610 INFO             PET2 !!!     THIS MAY CAUSE SLOWDOWN IN PERFORMANCE     !!!
20230325 074259.610 INFO             PET2 !!! FOR PRODUCTION RUNS, USE:                      !!!
20230325 074259.610 INFO             PET2 !!!                   ESMF_LOGKIND_Multi_On_Error  !!!
20230325 074259.610 INFO             PET2 !!!!!!!!!!!!!!!!!!!!!!!!!!!!!!!!!!!!!!!!!!!!!!!!!!!!!!
20230325 074259.610 INFO             PET2 Running with ESMF Version   : v8.5.0b18-5-ge74a33b91d
20230325 074259.610 INFO             PET2 ESMF library build date/time: "Mar 25 2023" "07:20:14"
20230325 074259.610 INFO             PET2 ESMF library build location : /scratch2/NCEPDEV/stmp1/Gerhard.Theurich/ESMF-Nightly-Testing/gfortran_9.2.0b_openmpi_O_develop/esmf
20230325 074259.610 INFO             PET2 ESMF_COMM                   : openmpi
20230325 074259.611 INFO             PET2 ESMF_MOAB                   : enabled
20230325 074259.611 INFO             PET2 ESMF_LAPACK                 : enabled
20230325 074259.611 INFO             PET2 ESMF_NETCDF                 : disabled
20230325 074259.611 INFO             PET2 ESMF_PNETCDF                : disabled
20230325 074259.611 INFO             PET2 ESMF_PIO                    : disabled
20230325 074259.611 INFO             PET2 ESMF_YAMLCPP                : enabled
20230325 074259.638 DEBUG            PET2 about to destroy Grid: 0x1c6d0c0
20230325 074259.641 DEBUG            PET2 about to destroy Grid: 0x1c6e200
20230325 074259.650 INFO             PET2  NUMBER_OF_PROCESSORS           4
20230325 074259.650 INFO             PET2  PASS  Example ESMF_NUOPCAtmModelEx, ESMF_NUOPCAtmModelEx.F90, line 806
20230325 074259.650 INFO             PET2 Finalizing ESMF
20230325 074259.609 INFO             PET3 !!!!!!!!!!!!!!!!!!!!!!!!!!!!!!!!!!!!!!!!!!!!!!!!!!!!!!
20230325 074259.610 INFO             PET3 !!! THE ESMF_LOG IS SET TO OUTPUT ALL LOG MESSAGES !!!
20230325 074259.610 INFO             PET3 !!!     THIS MAY CAUSE SLOWDOWN IN PERFORMANCE     !!!
20230325 074259.610 INFO             PET3 !!! FOR PRODUCTION RUNS, USE:                      !!!
20230325 074259.610 INFO             PET3 !!!                   ESMF_LOGKIND_Multi_On_Error  !!!
20230325 074259.610 INFO             PET3 !!!!!!!!!!!!!!!!!!!!!!!!!!!!!!!!!!!!!!!!!!!!!!!!!!!!!!
20230325 074259.610 INFO             PET3 Running with ESMF Version   : v8.5.0b18-5-ge74a33b91d
20230325 074259.610 INFO             PET3 ESMF library build date/time: "Mar 25 2023" "07:20:14"
20230325 074259.610 INFO             PET3 ESMF library build location : /scratch2/NCEPDEV/stmp1/Gerhard.Theurich/ESMF-Nightly-Testing/gfortran_9.2.0b_openmpi_O_develop/esmf
20230325 074259.610 INFO             PET3 ESMF_COMM                   : openmpi
20230325 074259.610 INFO             PET3 ESMF_MOAB                   : enabled
20230325 074259.610 INFO             PET3 ESMF_LAPACK                 : enabled
20230325 074259.610 INFO             PET3 ESMF_NETCDF                 : disabled
20230325 074259.610 INFO             PET3 ESMF_PNETCDF                : disabled
20230325 074259.610 INFO             PET3 ESMF_PIO                    : disabled
20230325 074259.610 INFO             PET3 ESMF_YAMLCPP                : enabled
20230325 074259.638 DEBUG            PET3 about to destroy Grid: 0x1aaaaa0
20230325 074259.641 DEBUG            PET3 about to destroy Grid: 0x1aab9c0
20230325 074259.650 INFO             PET3  NUMBER_OF_PROCESSORS           4
20230325 074259.650 INFO             PET3  PASS  Example ESMF_NUOPCAtmModelEx, ESMF_NUOPCAtmModelEx.F90, line 806
20230325 074259.650 INFO             PET3 Finalizing ESMF
