2023-04-14 05:15:23
 localPET= 0  localDE= 0 : array( 1 , 1 )= 0.
 localPET= 0  localDE= 0 : array( 1 , 2 )= 0.
 localPET= 0  localDE= 0 : array( 2 , 1 )= 0.
 localPET= 0  localDE= 0 : array( 2 , 2 )= 0.
 localPET= 0  localDE= 0 : array( 3 , 1 )= 0.
 localPET= 0  localDE= 0 : array( 3 , 2 )= 0.
 localPET= 0  localDE= 1 : array( 1 , 1 )= 0.
 localPET= 0  localDE= 1 : array( 2 , 1 )= 0.
 localPET= 0  localDE= 1 : array( 3 , 1 )= 0.
 localPet:  0 DE  0  [ 1,  3 ]
 localPet:  0 DE  4  [ 1,  3 ]
  PASS  Example ESMF_ArrayEx, ESMF_ArrayEx.F90, line 1899
 PASS: ESMF_ArrayEx.F90
 localPET= 2  localDE= 0 : array( 1 , 1 )= 1.1252485490408013E-310
 localPET= 2  localDE= 0 : array( 1 , 2 )= 1.43349291802160329E-298
 localPET= 2  localDE= 0 : array( 2 , 1 )= 1.1252485490408013E-310
 localPET= 2  localDE= 0 : array( 2 , 2 )= 0.
 localPET= 2  localDE= 0 : array( 3 , 1 )= 3.39194642738299383E-317
 localPET= 2  localDE= 0 : array( 3 , 2 )= 1.48219693752373963E-323
 localPet:  2 DE  2  [ 1,  3 ]
  PASS  Example ESMF_ArrayEx, ESMF_ArrayEx.F90, line 1899
 PASS: ESMF_ArrayEx.F90
 localPET= 1  localDE= 0 : array( 1 , 1 )= 3.39209662333932957E-317
 localPET= 1  localDE= 0 : array( 1 , 2 )= 7.27264630678314913E-321
 localPET= 1  localDE= 0 : array( 2 , 1 )= 0.
 localPET= 1  localDE= 0 : array( 2 , 2 )= 0.
 localPET= 1  localDE= 1 : array( 1 , 1 )= 1.15390824856693538E-310
 localPET= 1  localDE= 1 : array( 2 , 1 )= 1.15390824856693538E-310
 localPet:  1 DE  1  [ 1,  2 ]
 localPet:  1 DE  5  [ 1,  2 ]
  PASS  Example ESMF_ArrayEx, ESMF_ArrayEx.F90, line 1899
 PASS: ESMF_ArrayEx.F90
 localPET= 3  localDE= 0 : array( 1 , 1 )= 0.
 localPET= 3  localDE= 0 : array( 1 , 2 )= 0.
 localPET= 3  localDE= 0 : array( 2 , 1 )= 0.
 localPET= 3  localDE= 0 : array( 2 , 2 )= 0.
 localPet:  3 DE  3  [ 1,  2 ]
  PASS  Example ESMF_ArrayEx, ESMF_ArrayEx.F90, line 1899
 PASS: ESMF_ArrayEx.F90
