2023-03-08 01:09:38
20230308 014352.510 INFO             PET0 !!!!!!!!!!!!!!!!!!!!!!!!!!!!!!!!!!!!!!!!!!!!!!!!!!!!!!
20230308 014352.511 INFO             PET0 !!! THE ESMF_LOG IS SET TO OUTPUT ALL LOG MESSAGES !!!
20230308 014352.511 INFO             PET0 !!!     THIS MAY CAUSE SLOWDOWN IN PERFORMANCE     !!!
20230308 014352.511 INFO             PET0 !!! FOR PRODUCTION RUNS, USE:                      !!!
20230308 014352.511 INFO             PET0 !!!                   ESMF_LOGKIND_Multi_On_Error  !!!
20230308 014352.511 INFO             PET0 !!!!!!!!!!!!!!!!!!!!!!!!!!!!!!!!!!!!!!!!!!!!!!!!!!!!!!
20230308 014352.511 INFO             PET0 Running with ESMF Version   : v8.5.0b18
20230308 014352.511 INFO             PET0 ESMF library build date/time: "Mar  8 2023" "01:07:57"
20230308 014352.511 INFO             PET0 ESMF library build location : /project/esmf/theurich/ESMF-Nightly-Testing/gfortran_8.2.0_mpiuni_g_develop/esmf
20230308 014352.511 INFO             PET0 ESMF_COMM                   : mpiuni
20230308 014352.511 INFO             PET0 ESMF_MOAB                   : enabled
20230308 014352.511 INFO             PET0 ESMF_LAPACK                 : enabled
20230308 014352.511 INFO             PET0 ESMF_NETCDF                 : enabled
20230308 014352.511 INFO             PET0 ESMF_PNETCDF                : disabled
20230308 014352.511 INFO             PET0 ESMF_PIO                    : disabled
20230308 014352.511 INFO             PET0 ESMF_YAMLCPP                : enabled
20230308 014352.511 INFO             PET0  NUMBER_OF_PROCESSORS           1
20230308 014352.511 INFO             PET0  PASS  Example ESMF_VMNonBlockingEx, ESMF_VMNonBlockingEx.F90, line 433
20230308 014352.511 INFO             PET0 Finalizing ESMF
