2023-03-27 02:05:49
20230327 024142.594 INFO             PET0 !!!!!!!!!!!!!!!!!!!!!!!!!!!!!!!!!!!!!!!!!!!!!!!!!!!!!!
20230327 024142.595 INFO             PET0 !!! THE ESMF_LOG IS SET TO OUTPUT ALL LOG MESSAGES !!!
20230327 024142.595 INFO             PET0 !!!     THIS MAY CAUSE SLOWDOWN IN PERFORMANCE     !!!
20230327 024142.595 INFO             PET0 !!! FOR PRODUCTION RUNS, USE:                      !!!
20230327 024142.595 INFO             PET0 !!!                   ESMF_LOGKIND_Multi_On_Error  !!!
20230327 024142.595 INFO             PET0 !!!!!!!!!!!!!!!!!!!!!!!!!!!!!!!!!!!!!!!!!!!!!!!!!!!!!!
20230327 024142.595 INFO             PET0 Running with ESMF Version   : v8.5.0b18-5-ge74a33b91d
20230327 024142.595 INFO             PET0 ESMF library build date/time: "Mar 27 2023" "02:03:09"
20230327 024142.595 INFO             PET0 ESMF library build location : /discover/nobackup/projects/sbu/mpotts/esmf-test/intel_19.1.3_intelmpi_g_develop/esmf
20230327 024142.595 INFO             PET0 ESMF_COMM                   : intelmpi
20230327 024142.597 INFO             PET0 ESMF_MOAB                   : enabled
20230327 024142.597 INFO             PET0 ESMF_LAPACK                 : enabled
20230327 024142.597 INFO             PET0 ESMF_NETCDF                 : enabled
20230327 024142.597 INFO             PET0 ESMF_PNETCDF                : disabled
20230327 024142.597 INFO             PET0 ESMF_PIO                    : enabled
20230327 024142.597 INFO             PET0 ESMF_YAMLCPP                : enabled
20230327 024142.597 INFO             PET0  NUMBER_OF_PROCESSORS           1
20230327 024142.598 INFO             PET0  PASS  Example CalendarEx, ESMF_CalendarEx.F90, line 217
20230327 024142.598 INFO             PET0 Finalizing ESMF
