---------------------------------------------------------------------------
Fri 17 Mar 2023 02:33:30 AM MDT
STARTING: AsyncIOBlockingProto
rm -f PET*.ESMF_LogFile *.nc *.stdout
rm -f asyncIOApp *.o *.mod
c     model.F90
make: c: Command not found
make: [Makefile:39: model.o] Error 127 (ignored)
c     io.F90
make: c: Command not found
make: [Makefile:39: io.o] Error 127 (ignored)
c     asyncIODriver.F90
make: c: Command not found
make: [Makefile:39: asyncIODriver.o] Error 127 (ignored)
c     asyncIOApp.F90
make: c: Command not found
make: [Makefile:39: asyncIOApp.o] Error 127 (ignored)
o asyncIOApp asyncIOApp.o asyncIODriver.o model.o io.o 
make: o: Command not found
make: [Makefile:50: asyncIOApp] Error 127 (ignored)
+ -np 4 ./asyncIOApp
+ local result=127
+ set +x
cat: 'PET*.ESMF_LogFile': No such file or directory
FINISHED: AsyncIOBlockingProto
Fri 17 Mar 2023 02:33:30 AM MDT
---------------------------------------------------------------------------

---------------------------------------------------------------------------
Fri 17 Mar 2023 02:33:30 AM MDT
STARTING: AsyncIONonblockingProto
rm -f PET*.ESMF_LogFile *.nc *.stdout
rm -f asyncIOApp *.o *.mod
c     model.F90
make: c: Command not found
make: [Makefile:39: model.o] Error 127 (ignored)
c     io.F90
make: c: Command not found
make: [Makefile:39: io.o] Error 127 (ignored)
c     conn.F90
make: c: Command not found
make: [Makefile:39: conn.o] Error 127 (ignored)
c     asyncIODriver.F90
make: c: Command not found
make: [Makefile:39: asyncIODriver.o] Error 127 (ignored)
c     asyncIOApp.F90
make: c: Command not found
make: [Makefile:39: asyncIOApp.o] Error 127 (ignored)
o asyncIOApp asyncIOApp.o asyncIODriver.o model.o io.o conn.o 
make: o: Command not found
make: [Makefile:50: asyncIOApp] Error 127 (ignored)
+ -np 4 ./asyncIOApp
+ local result=127
+ set +x
cat: 'PET*.ESMF_LogFile': No such file or directory
FINISHED: AsyncIONonblockingProto
Fri 17 Mar 2023 02:33:30 AM MDT
---------------------------------------------------------------------------

---------------------------------------------------------------------------
Fri 17 Mar 2023 02:33:30 AM MDT
STARTING: AtmOcnConOptsProto
rm -rf PET*.ESMF_LogFile traceout *.nc *.stdout
rm -f esmApp *.o *.mod
c     atm.F90
make: c: Command not found
make: [Makefile:39: atm.o] Error 127 (ignored)
c     ocn.F90
make: c: Command not found
make: [Makefile:39: ocn.o] Error 127 (ignored)
c     esm.F90
make: c: Command not found
make: [Makefile:39: esm.o] Error 127 (ignored)
c     esmApp.F90
make: c: Command not found
make: [Makefile:39: esmApp.o] Error 127 (ignored)
o esmApp esmApp.o esm.o atm.o ocn.o 
make: o: Command not found
make: [Makefile:50: esmApp] Error 127 (ignored)
+ -np 4 ./esmApp
+ local result=127
+ set +x
cat: 'PET*.ESMF_LogFile': No such file or directory
FINISHED: AtmOcnConOptsProto
Fri 17 Mar 2023 02:33:30 AM MDT
---------------------------------------------------------------------------

---------------------------------------------------------------------------
Fri 17 Mar 2023 02:33:30 AM MDT
STARTING: AtmOcnConProto
rm -f PET*.ESMF_LogFile *.nc *.stdout
rm -f esmApp *.o *.mod
c     atm.F90
make: c: Command not found
make: [Makefile:39: atm.o] Error 127 (ignored)
c     ocn.F90
make: c: Command not found
make: [Makefile:39: ocn.o] Error 127 (ignored)
c     conn.F90
make: c: Command not found
make: [Makefile:39: conn.o] Error 127 (ignored)
c     esm.F90
make: c: Command not found
make: [Makefile:39: esm.o] Error 127 (ignored)
c     esmApp.F90
make: c: Command not found
make: [Makefile:39: esmApp.o] Error 127 (ignored)
o esmApp esmApp.o esm.o atm.o ocn.o conn.o 
make: o: Command not found
make: [Makefile:50: esmApp] Error 127 (ignored)
+ -np 4 ./esmApp
+ local result=127
+ set +x
cat: 'PET*.ESMF_LogFile': No such file or directory
FINISHED: AtmOcnConProto
Fri 17 Mar 2023 02:33:30 AM MDT
---------------------------------------------------------------------------

---------------------------------------------------------------------------
Fri 17 Mar 2023 02:33:30 AM MDT
STARTING: AtmOcnCplListProto
rm -f PET*.ESMF_LogFile *.nc *.stdout
rm -f esmApp *.o *.mod
c     atm.F90
make: c: Command not found
make: [Makefile:39: atm.o] Error 127 (ignored)
c     ocn.F90
make: c: Command not found
make: [Makefile:39: ocn.o] Error 127 (ignored)
c     esm.F90
make: c: Command not found
make: [Makefile:39: esm.o] Error 127 (ignored)
c     esmApp.F90
make: c: Command not found
make: [Makefile:39: esmApp.o] Error 127 (ignored)
o esmApp esmApp.o esm.o atm.o ocn.o 
make: o: Command not found
make: [Makefile:50: esmApp] Error 127 (ignored)
+ -np 4 ./esmApp
+ local result=127
+ set +x
cat: 'PET*.ESMF_LogFile': No such file or directory
FINISHED: AtmOcnCplListProto
Fri 17 Mar 2023 02:33:30 AM MDT
---------------------------------------------------------------------------

---------------------------------------------------------------------------
Fri 17 Mar 2023 02:33:30 AM MDT
STARTING: AtmOcnCplSetProto
rm -f PET*.ESMF_LogFile err out core* *.nc *.stdout
rm -f esmApp *.o *.mod
g -c     atm.F90
make: g: Command not found
make: [Makefile:39: atm.o] Error 127 (ignored)
g -c     ocn.F90
make: g: Command not found
make: [Makefile:39: ocn.o] Error 127 (ignored)
g -c     esm.F90
make: g: Command not found
make: [Makefile:39: esm.o] Error 127 (ignored)
g -c     esmApp.F90
make: g: Command not found
make: [Makefile:39: esmApp.o] Error 127 (ignored)
o esmApp esmApp.o esm.o atm.o ocn.o 
make: o: Command not found
make: [Makefile:50: esmApp] Error 127 (ignored)
+ -np 4 ./esmApp
+ local result=127
+ set +x
cat: 'PET*.ESMF_LogFile': No such file or directory
FINISHED: AtmOcnCplSetProto
Fri 17 Mar 2023 02:33:30 AM MDT
---------------------------------------------------------------------------

---------------------------------------------------------------------------
Fri 17 Mar 2023 02:33:30 AM MDT
STARTING: AtmOcnFDSynoProto
rm -f PET*.ESMF_LogFile *.nc *.stdout
rm -f esmApp *.o *.mod
c     atm.F90
make: c: Command not found
make: [Makefile:39: atm.o] Error 127 (ignored)
c     ocn.F90
make: c: Command not found
make: [Makefile:39: ocn.o] Error 127 (ignored)
c     esm.F90
make: c: Command not found
make: [Makefile:39: esm.o] Error 127 (ignored)
c     esmApp.F90
make: c: Command not found
make: [Makefile:39: esmApp.o] Error 127 (ignored)
o esmApp esmApp.o esm.o atm.o ocn.o 
make: o: Command not found
make: [Makefile:50: esmApp] Error 127 (ignored)
+ -np 4 ./esmApp
+ local result=127
+ set +x
cat: 'PET*.ESMF_LogFile': No such file or directory
FINISHED: AtmOcnFDSynoProto
Fri 17 Mar 2023 02:33:30 AM MDT
---------------------------------------------------------------------------

---------------------------------------------------------------------------
Fri 17 Mar 2023 02:33:30 AM MDT
STARTING: AtmOcnIceSimpleImplicitProto
rm -f PET*.ESMF_LogFile *.nc *.stdout
rm -f esmApp *.o *.mod
c     atm.F90
make: c: Command not found
make: [Makefile:39: atm.o] Error 127 (ignored)
c     ocn.F90
make: c: Command not found
make: [Makefile:39: ocn.o] Error 127 (ignored)
c     ice.F90
make: c: Command not found
make: [Makefile:39: ice.o] Error 127 (ignored)
c     esm.F90
make: c: Command not found
make: [Makefile:39: esm.o] Error 127 (ignored)
c     esmApp.F90
make: c: Command not found
make: [Makefile:39: esmApp.o] Error 127 (ignored)
o esmApp esmApp.o esm.o atm.o ocn.o ice.o 
make: o: Command not found
make: [Makefile:50: esmApp] Error 127 (ignored)
+ -np 4 ./esmApp
+ local result=127
+ set +x
cat: 'PET*.ESMF_LogFile': No such file or directory
FINISHED: AtmOcnIceSimpleImplicitProto
Fri 17 Mar 2023 02:33:30 AM MDT
---------------------------------------------------------------------------

---------------------------------------------------------------------------
Fri 17 Mar 2023 02:33:30 AM MDT
STARTING: AtmOcnImplicitProto
rm -f PET*.ESMF_LogFile *.nc *.stdout
rm -f esmApp *.o *.mod
c     atm.F90
make: c: Command not found
make: [Makefile:39: atm.o] Error 127 (ignored)
c     ocn.F90
make: c: Command not found
make: [Makefile:39: ocn.o] Error 127 (ignored)
c     esm.F90
make: c: Command not found
make: [Makefile:39: esm.o] Error 127 (ignored)
c     esmApp.F90
make: c: Command not found
make: [Makefile:39: esmApp.o] Error 127 (ignored)
o esmApp esmApp.o esm.o atm.o ocn.o 
make: o: Command not found
make: [Makefile:50: esmApp] Error 127 (ignored)
+ -np 4 ./esmApp
+ local result=127
+ set +x
cat: 'PET*.ESMF_LogFile': No such file or directory
FINISHED: AtmOcnImplicitProto
Fri 17 Mar 2023 02:33:30 AM MDT
---------------------------------------------------------------------------

---------------------------------------------------------------------------
Fri 17 Mar 2023 02:33:30 AM MDT
STARTING: AtmOcnLndProto
rm -f PET*.ESMF_LogFile *.nc *.stdout
rm -f esmApp *.o *.mod
c     atm.F90
make: c: Command not found
make: [Makefile:39: atm.o] Error 127 (ignored)
c     ocn.F90
make: c: Command not found
make: [Makefile:39: ocn.o] Error 127 (ignored)
c     lnd.F90
make: c: Command not found
make: [Makefile:39: lnd.o] Error 127 (ignored)
c     esm.F90
make: c: Command not found
make: [Makefile:39: esm.o] Error 127 (ignored)
c     esmApp.F90
make: c: Command not found
make: [Makefile:39: esmApp.o] Error 127 (ignored)
o esmApp esmApp.o esm.o atm.o ocn.o lnd.o 
make: o: Command not found
make: [Makefile:50: esmApp] Error 127 (ignored)
+ -np 4 ./esmApp
+ local result=127
+ set +x
cat: 'PET*.ESMF_LogFile': No such file or directory
FINISHED: AtmOcnLndProto
Fri 17 Mar 2023 02:33:30 AM MDT
---------------------------------------------------------------------------

---------------------------------------------------------------------------
Fri 17 Mar 2023 02:33:30 AM MDT
STARTING: AtmOcnLogNoneProto
rm -rf PET*.ESMF_LogFile traceout *.nc *.stdout
rm -f esmApp *.o *.mod
c     atm.F90
make: c: Command not found
make: [Makefile:39: atm.o] Error 127 (ignored)
c     ocn.F90
make: c: Command not found
make: [Makefile:39: ocn.o] Error 127 (ignored)
c     esm.F90
make: c: Command not found
make: [Makefile:39: esm.o] Error 127 (ignored)
c     esmApp.F90
make: c: Command not found
make: [Makefile:39: esmApp.o] Error 127 (ignored)
o esmApp esmApp.o esm.o atm.o ocn.o 
make: o: Command not found
make: [Makefile:50: esmApp] Error 127 (ignored)
+ -np 4 ./esmApp
+ local result=127
+ set +x
cat: 'PET*.ESMF_LogFile': No such file or directory
FINISHED: AtmOcnLogNoneProto
Fri 17 Mar 2023 02:33:30 AM MDT
---------------------------------------------------------------------------

---------------------------------------------------------------------------
Fri 17 Mar 2023 02:33:30 AM MDT
STARTING: AtmOcnMedIngestFromConfigProto
rm -f PET*.ESMF_LogFile *.nc *.stdout
rm -f esmApp *.o *.mod
c     atm.F90
make: c: Command not found
make: [Makefile:39: atm.o] Error 127 (ignored)
c     ocn.F90
make: c: Command not found
make: [Makefile:39: ocn.o] Error 127 (ignored)
c     med.F90
make: c: Command not found
make: [Makefile:39: med.o] Error 127 (ignored)
c     esm.F90
make: c: Command not found
make: [Makefile:39: esm.o] Error 127 (ignored)
c     esmApp.F90
make: c: Command not found
make: [Makefile:39: esmApp.o] Error 127 (ignored)
o esmApp esmApp.o esm.o atm.o ocn.o med.o 
make: o: Command not found
make: [Makefile:50: esmApp] Error 127 (ignored)
+ -np 4 ./esmApp
+ local result=127
+ set +x
cat: 'PET*.ESMF_LogFile': No such file or directory
FINISHED: AtmOcnMedIngestFromConfigProto
Fri 17 Mar 2023 02:33:30 AM MDT
---------------------------------------------------------------------------

---------------------------------------------------------------------------
Fri 17 Mar 2023 02:33:30 AM MDT
STARTING: AtmOcnMedIngestFromInternalProto
rm -f PET*.ESMF_LogFile *.nc *.stdout
rm -f esmApp *.o *.mod
c     atm.F90
make: c: Command not found
make: [Makefile:39: atm.o] Error 127 (ignored)
c     ocn.F90
make: c: Command not found
make: [Makefile:39: ocn.o] Error 127 (ignored)
c     med.F90
make: c: Command not found
make: [Makefile:39: med.o] Error 127 (ignored)
c     esm.F90
make: c: Command not found
make: [Makefile:39: esm.o] Error 127 (ignored)
c     esmApp.F90
make: c: Command not found
make: [Makefile:39: esmApp.o] Error 127 (ignored)
o esmApp esmApp.o esm.o atm.o ocn.o med.o 
make: o: Command not found
make: [Makefile:50: esmApp] Error 127 (ignored)
+ -np 4 ./esmApp
+ local result=127
+ set +x
cat: 'PET*.ESMF_LogFile': No such file or directory
FINISHED: AtmOcnMedIngestFromInternalProto
Fri 17 Mar 2023 02:33:30 AM MDT
---------------------------------------------------------------------------

---------------------------------------------------------------------------
Fri 17 Mar 2023 02:33:30 AM MDT
STARTING: AtmOcnMedPetListProto
rm -f PET*.ESMF_LogFile *.nc *.stdout
rm -f esmApp *.o *.mod
c     atm.F90
make: c: Command not found
make: [Makefile:39: atm.o] Error 127 (ignored)
c     ocn.F90
make: c: Command not found
make: [Makefile:39: ocn.o] Error 127 (ignored)
c     med.F90
make: c: Command not found
make: [Makefile:39: med.o] Error 127 (ignored)
c     esm.F90
make: c: Command not found
make: [Makefile:39: esm.o] Error 127 (ignored)
c     esmApp.F90
make: c: Command not found
make: [Makefile:39: esmApp.o] Error 127 (ignored)
o esmApp esmApp.o esm.o atm.o ocn.o med.o 
make: o: Command not found
make: [Makefile:50: esmApp] Error 127 (ignored)
+ -np 4 ./esmApp
+ local result=127
+ set +x
cat: 'PET*.ESMF_LogFile': No such file or directory
FINISHED: AtmOcnMedPetListProto
Fri 17 Mar 2023 02:33:30 AM MDT
---------------------------------------------------------------------------

---------------------------------------------------------------------------
Fri 17 Mar 2023 02:33:30 AM MDT
STARTING: AtmOcnMedPetListTimescalesProto
rm -f PET*.ESMF_LogFile *.nc *.stdout
rm -f esmApp *.o *.mod
c     atm.F90
make: c: Command not found
make: [Makefile:39: atm.o] Error 127 (ignored)
c     ocn.F90
make: c: Command not found
make: [Makefile:39: ocn.o] Error 127 (ignored)
c     med.F90
make: c: Command not found
make: [Makefile:39: med.o] Error 127 (ignored)
c     esm.F90
make: c: Command not found
make: [Makefile:39: esm.o] Error 127 (ignored)
c     esmApp.F90
make: c: Command not found
make: [Makefile:39: esmApp.o] Error 127 (ignored)
o esmApp esmApp.o esm.o atm.o ocn.o med.o 
make: o: Command not found
make: [Makefile:50: esmApp] Error 127 (ignored)
+ -np 4 ./esmApp
+ local result=127
+ set +x
cat: 'PET*.ESMF_LogFile': No such file or directory
FINISHED: AtmOcnMedPetListTimescalesProto
Fri 17 Mar 2023 02:33:30 AM MDT
---------------------------------------------------------------------------

---------------------------------------------------------------------------
Fri 17 Mar 2023 02:33:30 AM MDT
STARTING: AtmOcnMedPetListTimescalesSplitFastProto
rm -f PET*.ESMF_LogFile *.nc *.stdout
rm -f esmApp *.o *.mod
c     atm.F90
make: c: Command not found
make: [Makefile:39: atm.o] Error 127 (ignored)
c     ocn.F90
make: c: Command not found
make: [Makefile:39: ocn.o] Error 127 (ignored)
c     med.F90
make: c: Command not found
make: [Makefile:39: med.o] Error 127 (ignored)
c     esm.F90
make: c: Command not found
make: [Makefile:39: esm.o] Error 127 (ignored)
c     esmApp.F90
make: c: Command not found
make: [Makefile:39: esmApp.o] Error 127 (ignored)
o esmApp esmApp.o esm.o atm.o ocn.o med.o 
make: o: Command not found
make: [Makefile:50: esmApp] Error 127 (ignored)
+ -np 4 ./esmApp
+ local result=127
+ set +x
cat: 'PET*.ESMF_LogFile': No such file or directory
FINISHED: AtmOcnMedPetListTimescalesSplitFastProto
Fri 17 Mar 2023 02:33:30 AM MDT
---------------------------------------------------------------------------

---------------------------------------------------------------------------
Fri 17 Mar 2023 02:33:30 AM MDT
STARTING: AtmOcnMedProto
rm -f PET*.ESMF_LogFile *.nc *.stdout
rm -f esmApp *.o *.mod
c     atm.F90
make: c: Command not found
make: [Makefile:39: atm.o] Error 127 (ignored)
c     ocn.F90
make: c: Command not found
make: [Makefile:39: ocn.o] Error 127 (ignored)
c     med.F90
make: c: Command not found
make: [Makefile:39: med.o] Error 127 (ignored)
c     esm.F90
make: c: Command not found
make: [Makefile:39: esm.o] Error 127 (ignored)
c     esmApp.F90
make: c: Command not found
make: [Makefile:39: esmApp.o] Error 127 (ignored)
o esmApp esmApp.o esm.o atm.o ocn.o med.o 
make: o: Command not found
make: [Makefile:50: esmApp] Error 127 (ignored)
+ -np 4 ./esmApp
+ local result=127
+ set +x
cat: 'PET*.ESMF_LogFile': No such file or directory
FINISHED: AtmOcnMedProto
Fri 17 Mar 2023 02:33:31 AM MDT
---------------------------------------------------------------------------

---------------------------------------------------------------------------
Fri 17 Mar 2023 02:33:31 AM MDT
STARTING: AtmOcnMirrorFieldsProto
rm -f PET*.ESMF_LogFile *.nc *.stdout
rm -f esmApp *.o *.mod
c     atm.F90
make: c: Command not found
make: [Makefile:39: atm.o] Error 127 (ignored)
c     ocn.F90
make: c: Command not found
make: [Makefile:39: ocn.o] Error 127 (ignored)
c     esm.F90
make: c: Command not found
make: [Makefile:39: esm.o] Error 127 (ignored)
c     esmApp.F90
make: c: Command not found
make: [Makefile:39: esmApp.o] Error 127 (ignored)
o esmApp esmApp.o esm.o atm.o ocn.o 
make: o: Command not found
make: [Makefile:50: esmApp] Error 127 (ignored)
+ -np 4 ./esmApp
+ local result=127
+ set +x
cat: 'PET*.ESMF_LogFile': No such file or directory
FINISHED: AtmOcnMirrorFieldsProto
Fri 17 Mar 2023 02:33:31 AM MDT
---------------------------------------------------------------------------

---------------------------------------------------------------------------
Fri 17 Mar 2023 02:33:31 AM MDT
STARTING: AtmOcnPetListProto
rm -f PET*.ESMF_LogFile *.nc *.stdout
rm -f esmApp *.o *.mod
c     atm.F90
make: c: Command not found
make: [Makefile:39: atm.o] Error 127 (ignored)
c     ocn.F90
make: c: Command not found
make: [Makefile:39: ocn.o] Error 127 (ignored)
c     esm.F90
make: c: Command not found
make: [Makefile:39: esm.o] Error 127 (ignored)
c     esmApp.F90
make: c: Command not found
make: [Makefile:39: esmApp.o] Error 127 (ignored)
o esmApp esmApp.o esm.o atm.o ocn.o 
make: o: Command not found
make: [Makefile:50: esmApp] Error 127 (ignored)
+ -np 4 ./esmApp
+ local result=127
+ set +x
cat: 'PET*.ESMF_LogFile': No such file or directory
FINISHED: AtmOcnPetListProto
Fri 17 Mar 2023 02:33:31 AM MDT
---------------------------------------------------------------------------

---------------------------------------------------------------------------
Fri 17 Mar 2023 02:33:31 AM MDT
STARTING: AtmOcnProto
rm -rf PET*.ESMF_LogFile traceout *.nc *.stdout
rm -f esmApp *.o *.mod
c     atm.F90
make: c: Command not found
make: [Makefile:39: atm.o] Error 127 (ignored)
c     ocn.F90
make: c: Command not found
make: [Makefile:39: ocn.o] Error 127 (ignored)
c     esm.F90
make: c: Command not found
make: [Makefile:39: esm.o] Error 127 (ignored)
c     esmApp.F90
make: c: Command not found
make: [Makefile:39: esmApp.o] Error 127 (ignored)
o esmApp esmApp.o esm.o atm.o ocn.o 
make: o: Command not found
make: [Makefile:50: esmApp] Error 127 (ignored)
+ -np 4 ./esmApp
+ local result=127
+ set +x
cat: 'PET*.ESMF_LogFile': No such file or directory
FINISHED: AtmOcnProto
Fri 17 Mar 2023 02:33:31 AM MDT
---------------------------------------------------------------------------

---------------------------------------------------------------------------
Fri 17 Mar 2023 02:33:31 AM MDT
STARTING: AtmOcnRtmTwoTimescalesProto
rm -f PET*.ESMF_LogFile *.nc *.stdout
rm -f esmApp *.o *.mod
c     atm.F90
make: c: Command not found
make: [Makefile:39: atm.o] Error 127 (ignored)
c     ocn.F90
make: c: Command not found
make: [Makefile:39: ocn.o] Error 127 (ignored)
c     rtm.F90
make: c: Command not found
make: [Makefile:39: rtm.o] Error 127 (ignored)
c     esm.F90
make: c: Command not found
make: [Makefile:39: esm.o] Error 127 (ignored)
c     esmApp.F90
make: c: Command not found
make: [Makefile:39: esmApp.o] Error 127 (ignored)
o esmApp esmApp.o esm.o atm.o ocn.o rtm.o 
make: o: Command not found
make: [Makefile:50: esmApp] Error 127 (ignored)
+ -np 4 ./esmApp
+ local result=127
+ set +x
cat: 'PET*.ESMF_LogFile': No such file or directory
FINISHED: AtmOcnRtmTwoTimescalesProto
Fri 17 Mar 2023 02:33:31 AM MDT
---------------------------------------------------------------------------

---------------------------------------------------------------------------
Fri 17 Mar 2023 02:33:31 AM MDT
STARTING: AtmOcnScalarProto
rm -f PET*.ESMF_LogFile *.nc *.stdout
rm -f esmApp *.o *.mod
c     atm.F90
make: c: Command not found
make: [Makefile:39: atm.o] Error 127 (ignored)
c     ocn.F90
make: c: Command not found
make: [Makefile:39: ocn.o] Error 127 (ignored)
c     esm.F90
make: c: Command not found
make: [Makefile:39: esm.o] Error 127 (ignored)
c     esmApp.F90
make: c: Command not found
make: [Makefile:39: esmApp.o] Error 127 (ignored)
o esmApp esmApp.o esm.o atm.o ocn.o 
make: o: Command not found
make: [Makefile:50: esmApp] Error 127 (ignored)
+ -np 4 ./esmApp
+ local result=127
+ set +x
cat: 'PET*.ESMF_LogFile': No such file or directory
FINISHED: AtmOcnScalarProto
Fri 17 Mar 2023 02:33:31 AM MDT
---------------------------------------------------------------------------

---------------------------------------------------------------------------
Fri 17 Mar 2023 02:33:31 AM MDT
STARTING: AtmOcnSelectExternalProto
rm -f PET*.ESMF_LogFile *.nc *.stdout
rm -f esmApp *.o *.mod
rm -f *.so
rm -f PET*.ESMF_LogFile
rm -f *.o *.mod *.mk
rm -f PET*.ESMF_LogFile
rm -f *.o *.mod *.mk
rm -f PET*.ESMF_LogFile
rm -f *.o *.mod *.a *.mk
rm -f PET*.ESMF_LogFile
rm -f *.o *.so *.mod *.mk
rm -f PET*.ESMF_LogFile
rm -f *.o *.so *.mod *.mk
rm -f PET*.ESMF_LogFile
rm -f *.o *.mod *.mk
c  -DFRONT_OCNCOMMON=       ../OcnCommon/ocnCommon.F90
make: c: Command not found
Makefile:30: ../OcnCommon/ocnCommon.mk: No such file or directory
make: [Makefile:47: ../OcnCommon/ocnCommon.o] Error 127 (ignored)
rm -f PET*.ESMF_LogFile
rm -f *.o *.mod *.mk
c  -DFRONT_OCNCOMMON=ocnA -DFRONT_OCNSUB=ocnA  -I/glade/gust/scratch/theurich/ESMF-Nightly-Testing/cce_15.0.0_mpi_O_develop/nuopc-app-prototypes/AtmOcnSelectExternalProto/OcnModelA -I/glade/gust/scratch/theurich/ESMF-Nightly-Testing/cce_15.0.0_mpi_O_develop/nuopc-app-prototypes/AtmOcnSelectExternalProto/OcnModelA     OcnSub/ocnSub.F90
make: c: Command not found
Makefile:38: OcnSub/ocnSub.mk: No such file or directory
make: [Makefile:55: OcnSub/ocnSub.o] Error 127 (ignored)
rm -f PET*.ESMF_LogFile
rm -f *.o *.mod *.mk
rm -f PET*.ESMF_LogFile
rm -f *.o *.mod *.mk
Makefile:42: OcnSub/ocnSub.mk: No such file or directory
make: *** No rule to make target 'OcnSub/ocnSub.mk'.  Stop.
rm -f PET*.ESMF_LogFile
rm -f *.o *.mod *.mk
rm -f PET*.ESMF_LogFile
rm -f *.o *.mod *.mk
rm -f PET*.ESMF_LogFile
rm -f *.o *.mod *.mk
c     atmA.F90
make: c: Command not found
make: [Makefile:36: atmA.o] Error 127 (ignored)
rm -f PET*.ESMF_LogFile
rm -f *.o *.mod *.mk
c     atmB.F90
make: c: Command not found
make: [Makefile:36: atmB.o] Error 127 (ignored)
c     procedure.F90
make: c: Command not found
make: [Makefile:36: procedure.o] Error 127 (ignored)
rm -f PET*.ESMF_LogFile
rm -f *.o *.mod *.a *.mk
c     atmC.F90
make: c: Command not found
make: [Makefile:36: atmC.o] Error 127 (ignored)
c     procedure.F90
make: c: Command not found
make: [Makefile:36: procedure.o] Error 127 (ignored)
ar cr libatmC.a atmC.o procedure.o
ar: atmC.o: No such file or directory
make: *** [Makefile:59: libatmC.a] Error 1
rm -f PET*.ESMF_LogFile
rm -f *.o *.so *.mod *.mk
c     atmD.F90
make: c: Command not found
make: [Makefile:36: atmD.o] Error 127 (ignored)
o atmD.so atmD.o 
make: o: Command not found
make: [Makefile:60: atmD.so] Error 127 (ignored)
mv atmD.so libatmD.so
mv: cannot stat 'atmD.so': No such file or directory
make: *** [Makefile:61: atmD.so] Error 1
cp: cannot stat 'libatmD.so': No such file or directory
rm -f PET*.ESMF_LogFile
rm -f *.o *.so *.mod *.mk
c     atmE.F90
make: c: Command not found
make: [Makefile:36: atmE.o] Error 127 (ignored)
o atmE.so atmE.o 
make: o: Command not found
make: [Makefile:60: atmE.so] Error 127 (ignored)
rm -f atmE.o
mv: cannot stat 'atmE.so': No such file or directory
rm -f PET*.ESMF_LogFile
rm -f *.o *.mod *.mk
c     atmF.C
make: c: Command not found
make: [Makefile:42: atmF.o] Error 127 (ignored)
rm -f PET*.ESMF_LogFile
rm -f *.o *.mod *.mk
c     subModule1.F90
make: c: Command not found
make: [Makefile:36: subModule1.o] Error 127 (ignored)
c     subModule2.F90
make: c: Command not found
make: [Makefile:36: subModule2.o] Error 127 (ignored)
c     ocnCommon.F90
make: c: Command not found
make: [Makefile:36: ocnCommon.o] Error 127 (ignored)
rm -f PET*.ESMF_LogFile
rm -f *.o *.mod *.mk
c  -DFRONT_OCNCOMMON=OceanCommon  -I/glade/gust/scratch/theurich/ESMF-Nightly-Testing/cce_15.0.0_mpi_O_develop/nuopc-app-prototypes/AtmOcnSelectExternalProto/OcnCommon     /glade/gust/scratch/theurich/ESMF-Nightly-Testing/cce_15.0.0_mpi_O_develop/nuopc-app-prototypes/AtmOcnSelectExternalProto/OcnCommon/ocnCommon.F90
make: c: Command not found
make: [Makefile:47: /glade/gust/scratch/theurich/ESMF-Nightly-Testing/cce_15.0.0_mpi_O_develop/nuopc-app-prototypes/AtmOcnSelectExternalProto/OcnCommon/ocnCommon.o] Error 127 (ignored)
c  -DFRONT_OCNCOMMON=OceanCommon  -I/glade/gust/scratch/theurich/ESMF-Nightly-Testing/cce_15.0.0_mpi_O_develop/nuopc-app-prototypes/AtmOcnSelectExternalProto/OcnCommon     ocn.F90
make: c: Command not found
make: [Makefile:47: ocn.o] Error 127 (ignored)
rm -f PET*.ESMF_LogFile
rm -f *.o *.mod *.mk
c     ocnSub.F90
make: c: Command not found
make: [Makefile:36: ocnSub.o] Error 127 (ignored)
rm -f PET*.ESMF_LogFile
rm -f *.o *.mod *.mk
c  -DFRONT_OCNCOMMON=OceanCommon -DFRONT_OCNSUB=ocnSub  -I/glade/gust/scratch/theurich/ESMF-Nightly-Testing/cce_15.0.0_mpi_O_develop/nuopc-app-prototypes/AtmOcnSelectExternalProto/OcnCommon -I/glade/gust/scratch/theurich/ESMF-Nightly-Testing/cce_15.0.0_mpi_O_develop/nuopc-app-prototypes/AtmOcnSelectExternalProto/OcnModelB/OcnSub     /glade/gust/scratch/theurich/ESMF-Nightly-Testing/cce_15.0.0_mpi_O_develop/nuopc-app-prototypes/AtmOcnSelectExternalProto/OcnCommon/ocnCommon.F90
make: c: Command not found
make: [Makefile:55: /glade/gust/scratch/theurich/ESMF-Nightly-Testing/cce_15.0.0_mpi_O_develop/nuopc-app-prototypes/AtmOcnSelectExternalProto/OcnCommon/ocnCommon.o] Error 127 (ignored)
c  -DFRONT_OCNCOMMON=OceanCommon -DFRONT_OCNSUB=ocnSub  -I/glade/gust/scratch/theurich/ESMF-Nightly-Testing/cce_15.0.0_mpi_O_develop/nuopc-app-prototypes/AtmOcnSelectExternalProto/OcnCommon -I/glade/gust/scratch/theurich/ESMF-Nightly-Testing/cce_15.0.0_mpi_O_develop/nuopc-app-prototypes/AtmOcnSelectExternalProto/OcnModelB/OcnSub     /glade/gust/scratch/theurich/ESMF-Nightly-Testing/cce_15.0.0_mpi_O_develop/nuopc-app-prototypes/AtmOcnSelectExternalProto/OcnModelB/OcnSub/ocnSub.F90
make: c: Command not found
make: [Makefile:55: /glade/gust/scratch/theurich/ESMF-Nightly-Testing/cce_15.0.0_mpi_O_develop/nuopc-app-prototypes/AtmOcnSelectExternalProto/OcnModelB/OcnSub/ocnSub.o] Error 127 (ignored)
c  -DFRONT_OCNCOMMON=OceanCommon -DFRONT_OCNSUB=ocnSub  -I/glade/gust/scratch/theurich/ESMF-Nightly-Testing/cce_15.0.0_mpi_O_develop/nuopc-app-prototypes/AtmOcnSelectExternalProto/OcnCommon -I/glade/gust/scratch/theurich/ESMF-Nightly-Testing/cce_15.0.0_mpi_O_develop/nuopc-app-prototypes/AtmOcnSelectExternalProto/OcnModelB/OcnSub     ocn.F90
make: c: Command not found
make: [Makefile:55: ocn.o] Error 127 (ignored)
rm -f PET*.ESMF_LogFile
rm -f *.o *.mod *.mk
c     ocnSub.F90
make: c: Command not found
make: [Makefile:36: ocnSub.o] Error 127 (ignored)
rm -f PET*.ESMF_LogFile
rm -f *.o *.so *.mod *.mk
c  -DFRONT_OCNCOMMON=OceanCommon -DFRONT_OCNSUB=ocnSub  -I/glade/gust/scratch/theurich/ESMF-Nightly-Testing/cce_15.0.0_mpi_O_develop/nuopc-app-prototypes/AtmOcnSelectExternalProto/OcnCommon -I/glade/gust/scratch/theurich/ESMF-Nightly-Testing/cce_15.0.0_mpi_O_develop/nuopc-app-prototypes/AtmOcnSelectExternalProto/OcnModelC/OcnSub     ocn.F90
make: c: Command not found
make: [Makefile:59: ocn.o] Error 127 (ignored)
c  -DFRONT_OCNCOMMON=OceanCommon -DFRONT_OCNSUB=ocnSub  -I/glade/gust/scratch/theurich/ESMF-Nightly-Testing/cce_15.0.0_mpi_O_develop/nuopc-app-prototypes/AtmOcnSelectExternalProto/OcnCommon -I/glade/gust/scratch/theurich/ESMF-Nightly-Testing/cce_15.0.0_mpi_O_develop/nuopc-app-prototypes/AtmOcnSelectExternalProto/OcnModelC/OcnSub     /glade/gust/scratch/theurich/ESMF-Nightly-Testing/cce_15.0.0_mpi_O_develop/nuopc-app-prototypes/AtmOcnSelectExternalProto/OcnCommon/ocnCommon.F90
make: c: Command not found
make: [Makefile:59: /glade/gust/scratch/theurich/ESMF-Nightly-Testing/cce_15.0.0_mpi_O_develop/nuopc-app-prototypes/AtmOcnSelectExternalProto/OcnCommon/ocnCommon.o] Error 127 (ignored)
c  -DFRONT_OCNCOMMON=OceanCommon -DFRONT_OCNSUB=ocnSub  -I/glade/gust/scratch/theurich/ESMF-Nightly-Testing/cce_15.0.0_mpi_O_develop/nuopc-app-prototypes/AtmOcnSelectExternalProto/OcnCommon -I/glade/gust/scratch/theurich/ESMF-Nightly-Testing/cce_15.0.0_mpi_O_develop/nuopc-app-prototypes/AtmOcnSelectExternalProto/OcnModelC/OcnSub     /glade/gust/scratch/theurich/ESMF-Nightly-Testing/cce_15.0.0_mpi_O_develop/nuopc-app-prototypes/AtmOcnSelectExternalProto/OcnModelC/OcnSub/ocnSub.F90
make: c: Command not found
make: [Makefile:59: /glade/gust/scratch/theurich/ESMF-Nightly-Testing/cce_15.0.0_mpi_O_develop/nuopc-app-prototypes/AtmOcnSelectExternalProto/OcnModelC/OcnSub/ocnSub.o] Error 127 (ignored)
shared -o ocn.so ocn.o  /glade/gust/scratch/theurich/ESMF-Nightly-Testing/cce_15.0.0_mpi_O_develop/nuopc-app-prototypes/AtmOcnSelectExternalProto/OcnCommon/ocnCommon.o /glade/gust/scratch/theurich/ESMF-Nightly-Testing/cce_15.0.0_mpi_O_develop/nuopc-app-prototypes/AtmOcnSelectExternalProto/OcnCommon/subModule1.o /glade/gust/scratch/theurich/ESMF-Nightly-Testing/cce_15.0.0_mpi_O_develop/nuopc-app-prototypes/AtmOcnSelectExternalProto/OcnCommon/subModule2.o /glade/gust/scratch/theurich/ESMF-Nightly-Testing/cce_15.0.0_mpi_O_develop/nuopc-app-prototypes/AtmOcnSelectExternalProto/OcnModelC/OcnSub/ocnSub.o          
make: shared: Command not found
make: [Makefile:83: ocn.so] Error 127 (ignored)
rm -f ocn.o
mv: cannot stat 'ocn.so': No such file or directory
c  -DFRONT_ATMA=atmA -DFRONT_OCNA=ocnA -DFRONT_OCNB=ocnB -DFRONT_SO_OCNC=\"ocn.so\"  -I/glade/gust/scratch/theurich/ESMF-Nightly-Testing/cce_15.0.0_mpi_O_develop/nuopc-app-prototypes/AtmOcnSelectExternalProto/ATM-A -I/glade/gust/scratch/theurich/ESMF-Nightly-Testing/cce_15.0.0_mpi_O_develop/nuopc-app-prototypes/AtmOcnSelectExternalProto/OcnModelA -I/glade/gust/scratch/theurich/ESMF-Nightly-Testing/cce_15.0.0_mpi_O_develop/nuopc-app-prototypes/AtmOcnSelectExternalProto/OcnModelB      /glade/gust/scratch/theurich/ESMF-Nightly-Testing/cce_15.0.0_mpi_O_develop/nuopc-app-prototypes/AtmOcnSelectExternalProto/ATM-A/atmA.F90
make: c: Command not found
make: [Makefile:138: /glade/gust/scratch/theurich/ESMF-Nightly-Testing/cce_15.0.0_mpi_O_develop/nuopc-app-prototypes/AtmOcnSelectExternalProto/ATM-A/atmA.o] Error 127 (ignored)
c  -DFRONT_ATMA=atmA -DFRONT_OCNA=ocnA -DFRONT_OCNB=ocnB -DFRONT_SO_OCNC=\"ocn.so\"  -I/glade/gust/scratch/theurich/ESMF-Nightly-Testing/cce_15.0.0_mpi_O_develop/nuopc-app-prototypes/AtmOcnSelectExternalProto/ATM-A -I/glade/gust/scratch/theurich/ESMF-Nightly-Testing/cce_15.0.0_mpi_O_develop/nuopc-app-prototypes/AtmOcnSelectExternalProto/OcnModelA -I/glade/gust/scratch/theurich/ESMF-Nightly-Testing/cce_15.0.0_mpi_O_develop/nuopc-app-prototypes/AtmOcnSelectExternalProto/OcnModelB      /glade/gust/scratch/theurich/ESMF-Nightly-Testing/cce_15.0.0_mpi_O_develop/nuopc-app-prototypes/AtmOcnSelectExternalProto/OcnModelA/ocn.F90
make: c: Command not found
make: [Makefile:138: /glade/gust/scratch/theurich/ESMF-Nightly-Testing/cce_15.0.0_mpi_O_develop/nuopc-app-prototypes/AtmOcnSelectExternalProto/OcnModelA/ocn.o] Error 127 (ignored)
c  -DFRONT_ATMA=atmA -DFRONT_OCNA=ocnA -DFRONT_OCNB=ocnB -DFRONT_SO_OCNC=\"ocn.so\"  -I/glade/gust/scratch/theurich/ESMF-Nightly-Testing/cce_15.0.0_mpi_O_develop/nuopc-app-prototypes/AtmOcnSelectExternalProto/ATM-A -I/glade/gust/scratch/theurich/ESMF-Nightly-Testing/cce_15.0.0_mpi_O_develop/nuopc-app-prototypes/AtmOcnSelectExternalProto/OcnModelA -I/glade/gust/scratch/theurich/ESMF-Nightly-Testing/cce_15.0.0_mpi_O_develop/nuopc-app-prototypes/AtmOcnSelectExternalProto/OcnModelB      /glade/gust/scratch/theurich/ESMF-Nightly-Testing/cce_15.0.0_mpi_O_develop/nuopc-app-prototypes/AtmOcnSelectExternalProto/OcnModelB/ocn.F90
make: c: Command not found
make: [Makefile:138: /glade/gust/scratch/theurich/ESMF-Nightly-Testing/cce_15.0.0_mpi_O_develop/nuopc-app-prototypes/AtmOcnSelectExternalProto/OcnModelB/ocn.o] Error 127 (ignored)
c  -DFRONT_ATMA=atmA -DFRONT_OCNA=ocnA -DFRONT_OCNB=ocnB -DFRONT_SO_OCNC=\"ocn.so\"  -I/glade/gust/scratch/theurich/ESMF-Nightly-Testing/cce_15.0.0_mpi_O_develop/nuopc-app-prototypes/AtmOcnSelectExternalProto/ATM-A -I/glade/gust/scratch/theurich/ESMF-Nightly-Testing/cce_15.0.0_mpi_O_develop/nuopc-app-prototypes/AtmOcnSelectExternalProto/OcnModelA -I/glade/gust/scratch/theurich/ESMF-Nightly-Testing/cce_15.0.0_mpi_O_develop/nuopc-app-prototypes/AtmOcnSelectExternalProto/OcnModelB      esm.F90
make: c: Command not found
make: [Makefile:138: esm.o] Error 127 (ignored)
c  -DFRONT_ATMA=atmA -DFRONT_OCNA=ocnA -DFRONT_OCNB=ocnB -DFRONT_SO_OCNC=\"ocn.so\"  -I/glade/gust/scratch/theurich/ESMF-Nightly-Testing/cce_15.0.0_mpi_O_develop/nuopc-app-prototypes/AtmOcnSelectExternalProto/ATM-A -I/glade/gust/scratch/theurich/ESMF-Nightly-Testing/cce_15.0.0_mpi_O_develop/nuopc-app-prototypes/AtmOcnSelectExternalProto/OcnModelA -I/glade/gust/scratch/theurich/ESMF-Nightly-Testing/cce_15.0.0_mpi_O_develop/nuopc-app-prototypes/AtmOcnSelectExternalProto/OcnModelB      esmApp.F90
make: c: Command not found
make: [Makefile:138: esmApp.o] Error 127 (ignored)
c  -DFRONT_ATMA=atmA -DFRONT_OCNA=ocnA -DFRONT_OCNB=ocnB -DFRONT_SO_OCNC=\"ocn.so\"  -I/glade/gust/scratch/theurich/ESMF-Nightly-Testing/cce_15.0.0_mpi_O_develop/nuopc-app-prototypes/AtmOcnSelectExternalProto/ATM-A -I/glade/gust/scratch/theurich/ESMF-Nightly-Testing/cce_15.0.0_mpi_O_develop/nuopc-app-prototypes/AtmOcnSelectExternalProto/OcnModelA -I/glade/gust/scratch/theurich/ESMF-Nightly-Testing/cce_15.0.0_mpi_O_develop/nuopc-app-prototypes/AtmOcnSelectExternalProto/OcnModelB      /glade/gust/scratch/theurich/ESMF-Nightly-Testing/cce_15.0.0_mpi_O_develop/nuopc-app-prototypes/AtmOcnSelectExternalProto/OcnCommon/ocnCommon.F90
make: c: Command not found
make: [Makefile:138: /glade/gust/scratch/theurich/ESMF-Nightly-Testing/cce_15.0.0_mpi_O_develop/nuopc-app-prototypes/AtmOcnSelectExternalProto/OcnCommon/ocnCommon.o] Error 127 (ignored)
c  -DFRONT_ATMA=atmA -DFRONT_OCNA=ocnA -DFRONT_OCNB=ocnB -DFRONT_SO_OCNC=\"ocn.so\"  -I/glade/gust/scratch/theurich/ESMF-Nightly-Testing/cce_15.0.0_mpi_O_develop/nuopc-app-prototypes/AtmOcnSelectExternalProto/ATM-A -I/glade/gust/scratch/theurich/ESMF-Nightly-Testing/cce_15.0.0_mpi_O_develop/nuopc-app-prototypes/AtmOcnSelectExternalProto/OcnModelA -I/glade/gust/scratch/theurich/ESMF-Nightly-Testing/cce_15.0.0_mpi_O_develop/nuopc-app-prototypes/AtmOcnSelectExternalProto/OcnModelB      /glade/gust/scratch/theurich/ESMF-Nightly-Testing/cce_15.0.0_mpi_O_develop/nuopc-app-prototypes/AtmOcnSelectExternalProto/OcnCommon/subModule1.F90
make: c: Command not found
make: [Makefile:138: /glade/gust/scratch/theurich/ESMF-Nightly-Testing/cce_15.0.0_mpi_O_develop/nuopc-app-prototypes/AtmOcnSelectExternalProto/OcnCommon/subModule1.o] Error 127 (ignored)
c  -DFRONT_ATMA=atmA -DFRONT_OCNA=ocnA -DFRONT_OCNB=ocnB -DFRONT_SO_OCNC=\"ocn.so\"  -I/glade/gust/scratch/theurich/ESMF-Nightly-Testing/cce_15.0.0_mpi_O_develop/nuopc-app-prototypes/AtmOcnSelectExternalProto/ATM-A -I/glade/gust/scratch/theurich/ESMF-Nightly-Testing/cce_15.0.0_mpi_O_develop/nuopc-app-prototypes/AtmOcnSelectExternalProto/OcnModelA -I/glade/gust/scratch/theurich/ESMF-Nightly-Testing/cce_15.0.0_mpi_O_develop/nuopc-app-prototypes/AtmOcnSelectExternalProto/OcnModelB      /glade/gust/scratch/theurich/ESMF-Nightly-Testing/cce_15.0.0_mpi_O_develop/nuopc-app-prototypes/AtmOcnSelectExternalProto/OcnCommon/subModule2.F90
make: c: Command not found
make: [Makefile:138: /glade/gust/scratch/theurich/ESMF-Nightly-Testing/cce_15.0.0_mpi_O_develop/nuopc-app-prototypes/AtmOcnSelectExternalProto/OcnCommon/subModule2.o] Error 127 (ignored)
c  -DFRONT_ATMA=atmA -DFRONT_OCNA=ocnA -DFRONT_OCNB=ocnB -DFRONT_SO_OCNC=\"ocn.so\"  -I/glade/gust/scratch/theurich/ESMF-Nightly-Testing/cce_15.0.0_mpi_O_develop/nuopc-app-prototypes/AtmOcnSelectExternalProto/ATM-A -I/glade/gust/scratch/theurich/ESMF-Nightly-Testing/cce_15.0.0_mpi_O_develop/nuopc-app-prototypes/AtmOcnSelectExternalProto/OcnModelA -I/glade/gust/scratch/theurich/ESMF-Nightly-Testing/cce_15.0.0_mpi_O_develop/nuopc-app-prototypes/AtmOcnSelectExternalProto/OcnModelB      /glade/gust/scratch/theurich/ESMF-Nightly-Testing/cce_15.0.0_mpi_O_develop/nuopc-app-prototypes/AtmOcnSelectExternalProto/OcnModelB/OcnSub/ocnSub.F90
make: c: Command not found
make: [Makefile:138: /glade/gust/scratch/theurich/ESMF-Nightly-Testing/cce_15.0.0_mpi_O_develop/nuopc-app-prototypes/AtmOcnSelectExternalProto/OcnModelB/OcnSub/ocnSub.o] Error 127 (ignored)
o esmApp esmApp.o esm.o /glade/gust/scratch/theurich/ESMF-Nightly-Testing/cce_15.0.0_mpi_O_develop/nuopc-app-prototypes/AtmOcnSelectExternalProto/ATM-A/atmA.o /glade/gust/scratch/theurich/ESMF-Nightly-Testing/cce_15.0.0_mpi_O_develop/nuopc-app-prototypes/AtmOcnSelectExternalProto/OcnModelA/ocn.o /glade/gust/scratch/theurich/ESMF-Nightly-Testing/cce_15.0.0_mpi_O_develop/nuopc-app-prototypes/AtmOcnSelectExternalProto/OcnCommon/ocnCommon.o /glade/gust/scratch/theurich/ESMF-Nightly-Testing/cce_15.0.0_mpi_O_develop/nuopc-app-prototypes/AtmOcnSelectExternalProto/OcnCommon/subModule1.o /glade/gust/scratch/theurich/ESMF-Nightly-Testing/cce_15.0.0_mpi_O_develop/nuopc-app-prototypes/AtmOcnSelectExternalProto/OcnCommon/subModule2.o /glade/gust/scratch/theurich/ESMF-Nightly-Testing/cce_15.0.0_mpi_O_develop/nuopc-app-prototypes/AtmOcnSelectExternalProto/OcnModelB/ocn.o /glade/gust/scratch/theurich/ESMF-Nightly-Testing/cce_15.0.0_mpi_O_develop/nuopc-app-prototypes/AtmOcnSelectExternalProto/OcnModelB/OcnSub/ocnSub.o               
make: o: Command not found
make: [Makefile:149: esmApp] Error 127 (ignored)
+ -np 4 ./esmApp
+ local result=127
+ set +x
cat: 'PET*.ESMF_LogFile': No such file or directory

rm -f esmApp *.o *.mod
c  -DFRONT_ATMB=atmB -DFRONT_OCNA=ocnA -DFRONT_OCNB=ocnB -DFRONT_SO_OCNC=\"ocn.so\"  -I/glade/gust/scratch/theurich/ESMF-Nightly-Testing/cce_15.0.0_mpi_O_develop/nuopc-app-prototypes/AtmOcnSelectExternalProto/ATM-B -I/glade/gust/scratch/theurich/ESMF-Nightly-Testing/cce_15.0.0_mpi_O_develop/nuopc-app-prototypes/AtmOcnSelectExternalProto/OcnModelA -I/glade/gust/scratch/theurich/ESMF-Nightly-Testing/cce_15.0.0_mpi_O_develop/nuopc-app-prototypes/AtmOcnSelectExternalProto/OcnModelB      /glade/gust/scratch/theurich/ESMF-Nightly-Testing/cce_15.0.0_mpi_O_develop/nuopc-app-prototypes/AtmOcnSelectExternalProto/ATM-B/atmB.F90
make: c: Command not found
make: [Makefile:138: /glade/gust/scratch/theurich/ESMF-Nightly-Testing/cce_15.0.0_mpi_O_develop/nuopc-app-prototypes/AtmOcnSelectExternalProto/ATM-B/atmB.o] Error 127 (ignored)
c  -DFRONT_ATMB=atmB -DFRONT_OCNA=ocnA -DFRONT_OCNB=ocnB -DFRONT_SO_OCNC=\"ocn.so\"  -I/glade/gust/scratch/theurich/ESMF-Nightly-Testing/cce_15.0.0_mpi_O_develop/nuopc-app-prototypes/AtmOcnSelectExternalProto/ATM-B -I/glade/gust/scratch/theurich/ESMF-Nightly-Testing/cce_15.0.0_mpi_O_develop/nuopc-app-prototypes/AtmOcnSelectExternalProto/OcnModelA -I/glade/gust/scratch/theurich/ESMF-Nightly-Testing/cce_15.0.0_mpi_O_develop/nuopc-app-prototypes/AtmOcnSelectExternalProto/OcnModelB      /glade/gust/scratch/theurich/ESMF-Nightly-Testing/cce_15.0.0_mpi_O_develop/nuopc-app-prototypes/AtmOcnSelectExternalProto/OcnModelA/ocn.F90
make: c: Command not found
make: [Makefile:138: /glade/gust/scratch/theurich/ESMF-Nightly-Testing/cce_15.0.0_mpi_O_develop/nuopc-app-prototypes/AtmOcnSelectExternalProto/OcnModelA/ocn.o] Error 127 (ignored)
c  -DFRONT_ATMB=atmB -DFRONT_OCNA=ocnA -DFRONT_OCNB=ocnB -DFRONT_SO_OCNC=\"ocn.so\"  -I/glade/gust/scratch/theurich/ESMF-Nightly-Testing/cce_15.0.0_mpi_O_develop/nuopc-app-prototypes/AtmOcnSelectExternalProto/ATM-B -I/glade/gust/scratch/theurich/ESMF-Nightly-Testing/cce_15.0.0_mpi_O_develop/nuopc-app-prototypes/AtmOcnSelectExternalProto/OcnModelA -I/glade/gust/scratch/theurich/ESMF-Nightly-Testing/cce_15.0.0_mpi_O_develop/nuopc-app-prototypes/AtmOcnSelectExternalProto/OcnModelB      /glade/gust/scratch/theurich/ESMF-Nightly-Testing/cce_15.0.0_mpi_O_develop/nuopc-app-prototypes/AtmOcnSelectExternalProto/OcnModelB/ocn.F90
make: c: Command not found
make: [Makefile:138: /glade/gust/scratch/theurich/ESMF-Nightly-Testing/cce_15.0.0_mpi_O_develop/nuopc-app-prototypes/AtmOcnSelectExternalProto/OcnModelB/ocn.o] Error 127 (ignored)
c  -DFRONT_ATMB=atmB -DFRONT_OCNA=ocnA -DFRONT_OCNB=ocnB -DFRONT_SO_OCNC=\"ocn.so\"  -I/glade/gust/scratch/theurich/ESMF-Nightly-Testing/cce_15.0.0_mpi_O_develop/nuopc-app-prototypes/AtmOcnSelectExternalProto/ATM-B -I/glade/gust/scratch/theurich/ESMF-Nightly-Testing/cce_15.0.0_mpi_O_develop/nuopc-app-prototypes/AtmOcnSelectExternalProto/OcnModelA -I/glade/gust/scratch/theurich/ESMF-Nightly-Testing/cce_15.0.0_mpi_O_develop/nuopc-app-prototypes/AtmOcnSelectExternalProto/OcnModelB      esm.F90
make: c: Command not found
make: [Makefile:138: esm.o] Error 127 (ignored)
c  -DFRONT_ATMB=atmB -DFRONT_OCNA=ocnA -DFRONT_OCNB=ocnB -DFRONT_SO_OCNC=\"ocn.so\"  -I/glade/gust/scratch/theurich/ESMF-Nightly-Testing/cce_15.0.0_mpi_O_develop/nuopc-app-prototypes/AtmOcnSelectExternalProto/ATM-B -I/glade/gust/scratch/theurich/ESMF-Nightly-Testing/cce_15.0.0_mpi_O_develop/nuopc-app-prototypes/AtmOcnSelectExternalProto/OcnModelA -I/glade/gust/scratch/theurich/ESMF-Nightly-Testing/cce_15.0.0_mpi_O_develop/nuopc-app-prototypes/AtmOcnSelectExternalProto/OcnModelB      esmApp.F90
make: c: Command not found
make: [Makefile:138: esmApp.o] Error 127 (ignored)
c  -DFRONT_ATMB=atmB -DFRONT_OCNA=ocnA -DFRONT_OCNB=ocnB -DFRONT_SO_OCNC=\"ocn.so\"  -I/glade/gust/scratch/theurich/ESMF-Nightly-Testing/cce_15.0.0_mpi_O_develop/nuopc-app-prototypes/AtmOcnSelectExternalProto/ATM-B -I/glade/gust/scratch/theurich/ESMF-Nightly-Testing/cce_15.0.0_mpi_O_develop/nuopc-app-prototypes/AtmOcnSelectExternalProto/OcnModelA -I/glade/gust/scratch/theurich/ESMF-Nightly-Testing/cce_15.0.0_mpi_O_develop/nuopc-app-prototypes/AtmOcnSelectExternalProto/OcnModelB      /glade/gust/scratch/theurich/ESMF-Nightly-Testing/cce_15.0.0_mpi_O_develop/nuopc-app-prototypes/AtmOcnSelectExternalProto/ATM-B/procedure.F90
make: c: Command not found
make: [Makefile:138: /glade/gust/scratch/theurich/ESMF-Nightly-Testing/cce_15.0.0_mpi_O_develop/nuopc-app-prototypes/AtmOcnSelectExternalProto/ATM-B/procedure.o] Error 127 (ignored)
c  -DFRONT_ATMB=atmB -DFRONT_OCNA=ocnA -DFRONT_OCNB=ocnB -DFRONT_SO_OCNC=\"ocn.so\"  -I/glade/gust/scratch/theurich/ESMF-Nightly-Testing/cce_15.0.0_mpi_O_develop/nuopc-app-prototypes/AtmOcnSelectExternalProto/ATM-B -I/glade/gust/scratch/theurich/ESMF-Nightly-Testing/cce_15.0.0_mpi_O_develop/nuopc-app-prototypes/AtmOcnSelectExternalProto/OcnModelA -I/glade/gust/scratch/theurich/ESMF-Nightly-Testing/cce_15.0.0_mpi_O_develop/nuopc-app-prototypes/AtmOcnSelectExternalProto/OcnModelB      /glade/gust/scratch/theurich/ESMF-Nightly-Testing/cce_15.0.0_mpi_O_develop/nuopc-app-prototypes/AtmOcnSelectExternalProto/OcnCommon/ocnCommon.F90
make: c: Command not found
make: [Makefile:138: /glade/gust/scratch/theurich/ESMF-Nightly-Testing/cce_15.0.0_mpi_O_develop/nuopc-app-prototypes/AtmOcnSelectExternalProto/OcnCommon/ocnCommon.o] Error 127 (ignored)
c  -DFRONT_ATMB=atmB -DFRONT_OCNA=ocnA -DFRONT_OCNB=ocnB -DFRONT_SO_OCNC=\"ocn.so\"  -I/glade/gust/scratch/theurich/ESMF-Nightly-Testing/cce_15.0.0_mpi_O_develop/nuopc-app-prototypes/AtmOcnSelectExternalProto/ATM-B -I/glade/gust/scratch/theurich/ESMF-Nightly-Testing/cce_15.0.0_mpi_O_develop/nuopc-app-prototypes/AtmOcnSelectExternalProto/OcnModelA -I/glade/gust/scratch/theurich/ESMF-Nightly-Testing/cce_15.0.0_mpi_O_develop/nuopc-app-prototypes/AtmOcnSelectExternalProto/OcnModelB      /glade/gust/scratch/theurich/ESMF-Nightly-Testing/cce_15.0.0_mpi_O_develop/nuopc-app-prototypes/AtmOcnSelectExternalProto/OcnCommon/subModule1.F90
make: c: Command not found
make: [Makefile:138: /glade/gust/scratch/theurich/ESMF-Nightly-Testing/cce_15.0.0_mpi_O_develop/nuopc-app-prototypes/AtmOcnSelectExternalProto/OcnCommon/subModule1.o] Error 127 (ignored)
c  -DFRONT_ATMB=atmB -DFRONT_OCNA=ocnA -DFRONT_OCNB=ocnB -DFRONT_SO_OCNC=\"ocn.so\"  -I/glade/gust/scratch/theurich/ESMF-Nightly-Testing/cce_15.0.0_mpi_O_develop/nuopc-app-prototypes/AtmOcnSelectExternalProto/ATM-B -I/glade/gust/scratch/theurich/ESMF-Nightly-Testing/cce_15.0.0_mpi_O_develop/nuopc-app-prototypes/AtmOcnSelectExternalProto/OcnModelA -I/glade/gust/scratch/theurich/ESMF-Nightly-Testing/cce_15.0.0_mpi_O_develop/nuopc-app-prototypes/AtmOcnSelectExternalProto/OcnModelB      /glade/gust/scratch/theurich/ESMF-Nightly-Testing/cce_15.0.0_mpi_O_develop/nuopc-app-prototypes/AtmOcnSelectExternalProto/OcnCommon/subModule2.F90
make: c: Command not found
make: [Makefile:138: /glade/gust/scratch/theurich/ESMF-Nightly-Testing/cce_15.0.0_mpi_O_develop/nuopc-app-prototypes/AtmOcnSelectExternalProto/OcnCommon/subModule2.o] Error 127 (ignored)
c  -DFRONT_ATMB=atmB -DFRONT_OCNA=ocnA -DFRONT_OCNB=ocnB -DFRONT_SO_OCNC=\"ocn.so\"  -I/glade/gust/scratch/theurich/ESMF-Nightly-Testing/cce_15.0.0_mpi_O_develop/nuopc-app-prototypes/AtmOcnSelectExternalProto/ATM-B -I/glade/gust/scratch/theurich/ESMF-Nightly-Testing/cce_15.0.0_mpi_O_develop/nuopc-app-prototypes/AtmOcnSelectExternalProto/OcnModelA -I/glade/gust/scratch/theurich/ESMF-Nightly-Testing/cce_15.0.0_mpi_O_develop/nuopc-app-prototypes/AtmOcnSelectExternalProto/OcnModelB      /glade/gust/scratch/theurich/ESMF-Nightly-Testing/cce_15.0.0_mpi_O_develop/nuopc-app-prototypes/AtmOcnSelectExternalProto/OcnModelB/OcnSub/ocnSub.F90
make: c: Command not found
make: [Makefile:138: /glade/gust/scratch/theurich/ESMF-Nightly-Testing/cce_15.0.0_mpi_O_develop/nuopc-app-prototypes/AtmOcnSelectExternalProto/OcnModelB/OcnSub/ocnSub.o] Error 127 (ignored)
o esmApp esmApp.o esm.o /glade/gust/scratch/theurich/ESMF-Nightly-Testing/cce_15.0.0_mpi_O_develop/nuopc-app-prototypes/AtmOcnSelectExternalProto/ATM-B/atmB.o /glade/gust/scratch/theurich/ESMF-Nightly-Testing/cce_15.0.0_mpi_O_develop/nuopc-app-prototypes/AtmOcnSelectExternalProto/ATM-B/procedure.o /glade/gust/scratch/theurich/ESMF-Nightly-Testing/cce_15.0.0_mpi_O_develop/nuopc-app-prototypes/AtmOcnSelectExternalProto/OcnModelA/ocn.o /glade/gust/scratch/theurich/ESMF-Nightly-Testing/cce_15.0.0_mpi_O_develop/nuopc-app-prototypes/AtmOcnSelectExternalProto/OcnCommon/ocnCommon.o /glade/gust/scratch/theurich/ESMF-Nightly-Testing/cce_15.0.0_mpi_O_develop/nuopc-app-prototypes/AtmOcnSelectExternalProto/OcnCommon/subModule1.o /glade/gust/scratch/theurich/ESMF-Nightly-Testing/cce_15.0.0_mpi_O_develop/nuopc-app-prototypes/AtmOcnSelectExternalProto/OcnCommon/subModule2.o /glade/gust/scratch/theurich/ESMF-Nightly-Testing/cce_15.0.0_mpi_O_develop/nuopc-app-prototypes/AtmOcnSelectExternalProto/OcnModelB/ocn.o /glade/gust/scratch/theurich/ESMF-Nightly-Testing/cce_15.0.0_mpi_O_develop/nuopc-app-prototypes/AtmOcnSelectExternalProto/OcnModelB/OcnSub/ocnSub.o               
make: o: Command not found
make: [Makefile:149: esmApp] Error 127 (ignored)
+ -np 4 ./esmApp
+ local result=127
+ set +x
cat: 'PET*.ESMF_LogFile': No such file or directory

rm -f esmApp *.o *.mod
Makefile:56: ATM-C/atmC.mk: No such file or directory
make: *** No rule to make target 'ATM-C/atmC.mk'.  Stop.
+ -np 4 ./esmApp
+ local result=127
+ set +x
cat: 'PET*.ESMF_LogFile': No such file or directory

rm -f esmApp *.o *.mod
Makefile:65: ATM-D/atmD.mk: No such file or directory
make: *** No rule to make target 'ATM-D/atmD.mk'.  Stop.
+ -np 4 ./esmApp
+ local result=127
+ set +x
cat: 'PET*.ESMF_LogFile': No such file or directory

rm -f esmApp *.o *.mod
c  -DFRONT_SO_ATME=\"atmE.so\" -DFRONT_OCNA=ocnA -DFRONT_OCNB=ocnB -DFRONT_SO_OCNC=\"ocn.so\"   -I/glade/gust/scratch/theurich/ESMF-Nightly-Testing/cce_15.0.0_mpi_O_develop/nuopc-app-prototypes/AtmOcnSelectExternalProto/OcnModelA -I/glade/gust/scratch/theurich/ESMF-Nightly-Testing/cce_15.0.0_mpi_O_develop/nuopc-app-prototypes/AtmOcnSelectExternalProto/OcnModelB      /glade/gust/scratch/theurich/ESMF-Nightly-Testing/cce_15.0.0_mpi_O_develop/nuopc-app-prototypes/AtmOcnSelectExternalProto/OcnModelA/ocn.F90
make: c: Command not found
make: [Makefile:138: /glade/gust/scratch/theurich/ESMF-Nightly-Testing/cce_15.0.0_mpi_O_develop/nuopc-app-prototypes/AtmOcnSelectExternalProto/OcnModelA/ocn.o] Error 127 (ignored)
c  -DFRONT_SO_ATME=\"atmE.so\" -DFRONT_OCNA=ocnA -DFRONT_OCNB=ocnB -DFRONT_SO_OCNC=\"ocn.so\"   -I/glade/gust/scratch/theurich/ESMF-Nightly-Testing/cce_15.0.0_mpi_O_develop/nuopc-app-prototypes/AtmOcnSelectExternalProto/OcnModelA -I/glade/gust/scratch/theurich/ESMF-Nightly-Testing/cce_15.0.0_mpi_O_develop/nuopc-app-prototypes/AtmOcnSelectExternalProto/OcnModelB      /glade/gust/scratch/theurich/ESMF-Nightly-Testing/cce_15.0.0_mpi_O_develop/nuopc-app-prototypes/AtmOcnSelectExternalProto/OcnModelB/ocn.F90
make: c: Command not found
make: [Makefile:138: /glade/gust/scratch/theurich/ESMF-Nightly-Testing/cce_15.0.0_mpi_O_develop/nuopc-app-prototypes/AtmOcnSelectExternalProto/OcnModelB/ocn.o] Error 127 (ignored)
c  -DFRONT_SO_ATME=\"atmE.so\" -DFRONT_OCNA=ocnA -DFRONT_OCNB=ocnB -DFRONT_SO_OCNC=\"ocn.so\"   -I/glade/gust/scratch/theurich/ESMF-Nightly-Testing/cce_15.0.0_mpi_O_develop/nuopc-app-prototypes/AtmOcnSelectExternalProto/OcnModelA -I/glade/gust/scratch/theurich/ESMF-Nightly-Testing/cce_15.0.0_mpi_O_develop/nuopc-app-prototypes/AtmOcnSelectExternalProto/OcnModelB      esm.F90
make: c: Command not found
make: [Makefile:138: esm.o] Error 127 (ignored)
c  -DFRONT_SO_ATME=\"atmE.so\" -DFRONT_OCNA=ocnA -DFRONT_OCNB=ocnB -DFRONT_SO_OCNC=\"ocn.so\"   -I/glade/gust/scratch/theurich/ESMF-Nightly-Testing/cce_15.0.0_mpi_O_develop/nuopc-app-prototypes/AtmOcnSelectExternalProto/OcnModelA -I/glade/gust/scratch/theurich/ESMF-Nightly-Testing/cce_15.0.0_mpi_O_develop/nuopc-app-prototypes/AtmOcnSelectExternalProto/OcnModelB      esmApp.F90
make: c: Command not found
make: [Makefile:138: esmApp.o] Error 127 (ignored)
c  -DFRONT_SO_ATME=\"atmE.so\" -DFRONT_OCNA=ocnA -DFRONT_OCNB=ocnB -DFRONT_SO_OCNC=\"ocn.so\"   -I/glade/gust/scratch/theurich/ESMF-Nightly-Testing/cce_15.0.0_mpi_O_develop/nuopc-app-prototypes/AtmOcnSelectExternalProto/OcnModelA -I/glade/gust/scratch/theurich/ESMF-Nightly-Testing/cce_15.0.0_mpi_O_develop/nuopc-app-prototypes/AtmOcnSelectExternalProto/OcnModelB      /glade/gust/scratch/theurich/ESMF-Nightly-Testing/cce_15.0.0_mpi_O_develop/nuopc-app-prototypes/AtmOcnSelectExternalProto/OcnCommon/ocnCommon.F90
make: c: Command not found
make: [Makefile:138: /glade/gust/scratch/theurich/ESMF-Nightly-Testing/cce_15.0.0_mpi_O_develop/nuopc-app-prototypes/AtmOcnSelectExternalProto/OcnCommon/ocnCommon.o] Error 127 (ignored)
c  -DFRONT_SO_ATME=\"atmE.so\" -DFRONT_OCNA=ocnA -DFRONT_OCNB=ocnB -DFRONT_SO_OCNC=\"ocn.so\"   -I/glade/gust/scratch/theurich/ESMF-Nightly-Testing/cce_15.0.0_mpi_O_develop/nuopc-app-prototypes/AtmOcnSelectExternalProto/OcnModelA -I/glade/gust/scratch/theurich/ESMF-Nightly-Testing/cce_15.0.0_mpi_O_develop/nuopc-app-prototypes/AtmOcnSelectExternalProto/OcnModelB      /glade/gust/scratch/theurich/ESMF-Nightly-Testing/cce_15.0.0_mpi_O_develop/nuopc-app-prototypes/AtmOcnSelectExternalProto/OcnCommon/subModule1.F90
make: c: Command not found
make: [Makefile:138: /glade/gust/scratch/theurich/ESMF-Nightly-Testing/cce_15.0.0_mpi_O_develop/nuopc-app-prototypes/AtmOcnSelectExternalProto/OcnCommon/subModule1.o] Error 127 (ignored)
c  -DFRONT_SO_ATME=\"atmE.so\" -DFRONT_OCNA=ocnA -DFRONT_OCNB=ocnB -DFRONT_SO_OCNC=\"ocn.so\"   -I/glade/gust/scratch/theurich/ESMF-Nightly-Testing/cce_15.0.0_mpi_O_develop/nuopc-app-prototypes/AtmOcnSelectExternalProto/OcnModelA -I/glade/gust/scratch/theurich/ESMF-Nightly-Testing/cce_15.0.0_mpi_O_develop/nuopc-app-prototypes/AtmOcnSelectExternalProto/OcnModelB      /glade/gust/scratch/theurich/ESMF-Nightly-Testing/cce_15.0.0_mpi_O_develop/nuopc-app-prototypes/AtmOcnSelectExternalProto/OcnCommon/subModule2.F90
make: c: Command not found
make: [Makefile:138: /glade/gust/scratch/theurich/ESMF-Nightly-Testing/cce_15.0.0_mpi_O_develop/nuopc-app-prototypes/AtmOcnSelectExternalProto/OcnCommon/subModule2.o] Error 127 (ignored)
c  -DFRONT_SO_ATME=\"atmE.so\" -DFRONT_OCNA=ocnA -DFRONT_OCNB=ocnB -DFRONT_SO_OCNC=\"ocn.so\"   -I/glade/gust/scratch/theurich/ESMF-Nightly-Testing/cce_15.0.0_mpi_O_develop/nuopc-app-prototypes/AtmOcnSelectExternalProto/OcnModelA -I/glade/gust/scratch/theurich/ESMF-Nightly-Testing/cce_15.0.0_mpi_O_develop/nuopc-app-prototypes/AtmOcnSelectExternalProto/OcnModelB      /glade/gust/scratch/theurich/ESMF-Nightly-Testing/cce_15.0.0_mpi_O_develop/nuopc-app-prototypes/AtmOcnSelectExternalProto/OcnModelB/OcnSub/ocnSub.F90
make: c: Command not found
make: [Makefile:138: /glade/gust/scratch/theurich/ESMF-Nightly-Testing/cce_15.0.0_mpi_O_develop/nuopc-app-prototypes/AtmOcnSelectExternalProto/OcnModelB/OcnSub/ocnSub.o] Error 127 (ignored)
o esmApp esmApp.o esm.o /glade/gust/scratch/theurich/ESMF-Nightly-Testing/cce_15.0.0_mpi_O_develop/nuopc-app-prototypes/AtmOcnSelectExternalProto/OcnModelA/ocn.o /glade/gust/scratch/theurich/ESMF-Nightly-Testing/cce_15.0.0_mpi_O_develop/nuopc-app-prototypes/AtmOcnSelectExternalProto/OcnCommon/ocnCommon.o /glade/gust/scratch/theurich/ESMF-Nightly-Testing/cce_15.0.0_mpi_O_develop/nuopc-app-prototypes/AtmOcnSelectExternalProto/OcnCommon/subModule1.o /glade/gust/scratch/theurich/ESMF-Nightly-Testing/cce_15.0.0_mpi_O_develop/nuopc-app-prototypes/AtmOcnSelectExternalProto/OcnCommon/subModule2.o /glade/gust/scratch/theurich/ESMF-Nightly-Testing/cce_15.0.0_mpi_O_develop/nuopc-app-prototypes/AtmOcnSelectExternalProto/OcnModelB/ocn.o /glade/gust/scratch/theurich/ESMF-Nightly-Testing/cce_15.0.0_mpi_O_develop/nuopc-app-prototypes/AtmOcnSelectExternalProto/OcnModelB/OcnSub/ocnSub.o               
make: o: Command not found
make: [Makefile:149: esmApp] Error 127 (ignored)
+ -np 4 ./esmApp
+ local result=127
+ set +x
cat: 'PET*.ESMF_LogFile': No such file or directory

rm -f esmApp *.o *.mod
FINISHED: AtmOcnSelectExternalProto
Fri 17 Mar 2023 02:33:31 AM MDT
---------------------------------------------------------------------------

---------------------------------------------------------------------------
Fri 17 Mar 2023 02:33:31 AM MDT
STARTING: AtmOcnSelectProto
rm -f PET*.ESMF_LogFile *.nc *.stdout
rm -f esmApp *.o *.mod
c -DWITH_ATM_A -DWITH_OCN_A -DWITH_OCN_B     atmA.F90
make: c: Command not found
make: [Makefile:54: atmA.o] Error 127 (ignored)
c -DWITH_ATM_A -DWITH_OCN_A -DWITH_OCN_B     atmB.F90
make: c: Command not found
make: [Makefile:54: atmB.o] Error 127 (ignored)
c -DWITH_ATM_A -DWITH_OCN_A -DWITH_OCN_B     ocnA.F90
make: c: Command not found
make: [Makefile:54: ocnA.o] Error 127 (ignored)
c -DWITH_ATM_A -DWITH_OCN_A -DWITH_OCN_B     ocnB.F90
make: c: Command not found
make: [Makefile:54: ocnB.o] Error 127 (ignored)
c -DWITH_ATM_A -DWITH_OCN_A -DWITH_OCN_B     esm.F90
make: c: Command not found
make: [Makefile:54: esm.o] Error 127 (ignored)
c -DWITH_ATM_A -DWITH_OCN_A -DWITH_OCN_B     esmApp.F90
make: c: Command not found
make: [Makefile:54: esmApp.o] Error 127 (ignored)
o esmApp esmApp.o esm.o atmA.o atmB.o ocnA.o ocnB.o 
make: o: Command not found
make: [Makefile:65: esmApp] Error 127 (ignored)
+ -np 4 ./esmApp
+ local result=127
+ set +x
cat: 'PET*.ESMF_LogFile': No such file or directory

rm -f esmApp *.o *.mod
c -DWITH_ATM_B -DWITH_OCN_A -DWITH_OCN_B     atmA.F90
make: c: Command not found
make: [Makefile:54: atmA.o] Error 127 (ignored)
c -DWITH_ATM_B -DWITH_OCN_A -DWITH_OCN_B     atmB.F90
make: c: Command not found
make: [Makefile:54: atmB.o] Error 127 (ignored)
c -DWITH_ATM_B -DWITH_OCN_A -DWITH_OCN_B     ocnA.F90
make: c: Command not found
make: [Makefile:54: ocnA.o] Error 127 (ignored)
c -DWITH_ATM_B -DWITH_OCN_A -DWITH_OCN_B     ocnB.F90
make: c: Command not found
make: [Makefile:54: ocnB.o] Error 127 (ignored)
c -DWITH_ATM_B -DWITH_OCN_A -DWITH_OCN_B     esm.F90
make: c: Command not found
make: [Makefile:54: esm.o] Error 127 (ignored)
c -DWITH_ATM_B -DWITH_OCN_A -DWITH_OCN_B     esmApp.F90
make: c: Command not found
make: [Makefile:54: esmApp.o] Error 127 (ignored)
o esmApp esmApp.o esm.o atmA.o atmB.o ocnA.o ocnB.o 
make: o: Command not found
make: [Makefile:65: esmApp] Error 127 (ignored)
+ -np 4 ./esmApp
+ local result=127
+ set +x
cat: 'PET*.ESMF_LogFile': No such file or directory

rm -f esmApp *.o *.mod
c -DWITH_ATM_A -DWITH_OCN_B     atmA.F90
make: c: Command not found
make: [Makefile:54: atmA.o] Error 127 (ignored)
c -DWITH_ATM_A -DWITH_OCN_B     atmB.F90
make: c: Command not found
make: [Makefile:54: atmB.o] Error 127 (ignored)
c -DWITH_ATM_A -DWITH_OCN_B     ocnA.F90
make: c: Command not found
make: [Makefile:54: ocnA.o] Error 127 (ignored)
c -DWITH_ATM_A -DWITH_OCN_B     ocnB.F90
make: c: Command not found
make: [Makefile:54: ocnB.o] Error 127 (ignored)
c -DWITH_ATM_A -DWITH_OCN_B     esm.F90
make: c: Command not found
make: [Makefile:54: esm.o] Error 127 (ignored)
c -DWITH_ATM_A -DWITH_OCN_B     esmApp.F90
make: c: Command not found
make: [Makefile:54: esmApp.o] Error 127 (ignored)
o esmApp esmApp.o esm.o atmA.o atmB.o ocnA.o ocnB.o 
make: o: Command not found
make: [Makefile:65: esmApp] Error 127 (ignored)
+ -np 4 ./esmApp
+ local result=127
+ set +x
cat: 'PET*.ESMF_LogFile': No such file or directory
FINISHED: AtmOcnSelectProto
Fri 17 Mar 2023 02:33:32 AM MDT
---------------------------------------------------------------------------

---------------------------------------------------------------------------
Fri 17 Mar 2023 02:33:32 AM MDT
STARTING: AtmOcnSimpleImplicitProto
rm -f PET*.ESMF_LogFile *.nc *.stdout
rm -f esmApp *.o *.mod
c     atm.F90
make: c: Command not found
make: [Makefile:39: atm.o] Error 127 (ignored)
c     ocn.F90
make: c: Command not found
make: [Makefile:39: ocn.o] Error 127 (ignored)
c     esm.F90
make: c: Command not found
make: [Makefile:39: esm.o] Error 127 (ignored)
c     esmApp.F90
make: c: Command not found
make: [Makefile:39: esmApp.o] Error 127 (ignored)
o esmApp esmApp.o esm.o atm.o ocn.o 
make: o: Command not found
make: [Makefile:50: esmApp] Error 127 (ignored)
+ -np 4 ./esmApp
+ local result=127
+ set +x
cat: 'PET*.ESMF_LogFile': No such file or directory
FINISHED: AtmOcnSimpleImplicitProto
Fri 17 Mar 2023 02:33:32 AM MDT
---------------------------------------------------------------------------

---------------------------------------------------------------------------
Fri 17 Mar 2023 02:33:32 AM MDT
STARTING: AtmOcnTransferGridProto
rm -f PET*.ESMF_LogFile *.nc *.vtk *.stdout fort.*
rm -f esmApp *.o *.mod
c     atm.F90
make: c: Command not found
make: [Makefile:39: atm.o] Error 127 (ignored)
c     ocn.F90
make: c: Command not found
make: [Makefile:39: ocn.o] Error 127 (ignored)
c     esm.F90
make: c: Command not found
make: [Makefile:39: esm.o] Error 127 (ignored)
c     esmApp.F90
make: c: Command not found
make: [Makefile:39: esmApp.o] Error 127 (ignored)
o esmApp esmApp.o esm.o atm.o ocn.o 
make: o: Command not found
make: [Makefile:50: esmApp] Error 127 (ignored)
+ -np 4 ./esmApp
+ local result=127
+ set +x
cat: 'PET*.ESMF_LogFile': No such file or directory
FINISHED: AtmOcnTransferGridProto
Fri 17 Mar 2023 02:33:32 AM MDT
---------------------------------------------------------------------------

---------------------------------------------------------------------------
Fri 17 Mar 2023 02:33:32 AM MDT
STARTING: AtmOcnTransferLocStreamProto
rm -f PET*.ESMF_LogFile *.nc *.stdout
rm -f esmApp *.o *.mod
c     atm.F90
make: c: Command not found
make: [Makefile:39: atm.o] Error 127 (ignored)
c     ocn.F90
make: c: Command not found
make: [Makefile:39: ocn.o] Error 127 (ignored)
c     esm.F90
make: c: Command not found
make: [Makefile:39: esm.o] Error 127 (ignored)
c     esmApp.F90
make: c: Command not found
make: [Makefile:39: esmApp.o] Error 127 (ignored)
o esmApp esmApp.o esm.o atm.o ocn.o 
make: o: Command not found
make: [Makefile:50: esmApp] Error 127 (ignored)
+ -np 4 ./esmApp
+ local result=127
+ set +x
cat: 'PET*.ESMF_LogFile': No such file or directory
FINISHED: AtmOcnTransferLocStreamProto
Fri 17 Mar 2023 02:33:32 AM MDT
---------------------------------------------------------------------------

---------------------------------------------------------------------------
Fri 17 Mar 2023 02:33:32 AM MDT
STARTING: AtmOcnTransferMeshProto
rm -f PET*.ESMF_LogFile field*.nc *.vtk *.stdout fort.*
rm -f esmApp *.o *.mod
c     atm.F90
make: c: Command not found
make: [Makefile:39: atm.o] Error 127 (ignored)
c     ocn.F90
make: c: Command not found
make: [Makefile:39: ocn.o] Error 127 (ignored)
c     esm.F90
make: c: Command not found
make: [Makefile:39: esm.o] Error 127 (ignored)
c     esmApp.F90
make: c: Command not found
make: [Makefile:39: esmApp.o] Error 127 (ignored)
o esmApp esmApp.o esm.o atm.o ocn.o 
make: o: Command not found
make: [Makefile:50: esmApp] Error 127 (ignored)
+ -np 4 ./esmApp
+ local result=127
+ set +x
cat: 'PET*.ESMF_LogFile': No such file or directory
FINISHED: AtmOcnTransferMeshProto
Fri 17 Mar 2023 02:33:32 AM MDT
---------------------------------------------------------------------------

---------------------------------------------------------------------------
Fri 17 Mar 2023 02:33:32 AM MDT
STARTING: ComponentExplorer
rm -f PET*.ESMF_LogFile
rm -f nuopcExplorerApp *.o *.mod
+ ./nuopcExplorerScript ../AtmOcnSelectExternalProto/ATM-A/atmA.mk

NUOPC Component Explorer Script
-------------------------------
The ESMFMKFILE environment variable does not appear to be set!
Exiting with error.

+ -np 4 ./nuopcExplorerApp
+ local result=127
+ set +x
cat: 'PET*.ESMF_LogFile': No such file or directory
FINISHED: ComponentExplorer
Fri 17 Mar 2023 02:33:32 AM MDT
---------------------------------------------------------------------------

---------------------------------------------------------------------------
Fri 17 Mar 2023 02:33:32 AM MDT
STARTING: CustomFieldDictionaryProto
rm -f PET*.ESMF_LogFile *.nc *.stdout
rm -f mainApp *.o *.mod
c     -DESMF_VERSION_MAJOR= model.F90
make: c: Command not found
make: [Makefile:39: model.o] Error 127 (ignored)
c     -DESMF_VERSION_MAJOR= driver.F90
make: c: Command not found
make: [Makefile:39: driver.o] Error 127 (ignored)
c     -DESMF_VERSION_MAJOR= util.F90
make: c: Command not found
make: [Makefile:39: util.o] Error 127 (ignored)
c     -DESMF_VERSION_MAJOR= mainApp.F90
make: c: Command not found
make: [Makefile:39: mainApp.o] Error 127 (ignored)
o mainApp mainApp.o driver.o model.o util.o 
make: o: Command not found
make: [Makefile:50: mainApp] Error 127 (ignored)
+ -np 4 ./mainApp
+ local result=127
+ set +x
cat: 'PET*.ESMF_LogFile': No such file or directory
FINISHED: CustomFieldDictionaryProto
Fri 17 Mar 2023 02:33:32 AM MDT
---------------------------------------------------------------------------

---------------------------------------------------------------------------
Fri 17 Mar 2023 02:33:32 AM MDT
STARTING: DriverInDriverDataDepProto
rm -f PET*.ESMF_LogFile *.nc *.stdout
rm -f mainApp *.o *.mod
c     -DESMF_VERSION_MAJOR= atm.F90
make: c: Command not found
make: [Makefile:39: atm.o] Error 127 (ignored)
c     -DESMF_VERSION_MAJOR= driverChildComp.F90
make: c: Command not found
make: [Makefile:39: driverChildComp.o] Error 127 (ignored)
c     -DESMF_VERSION_MAJOR= ocn.F90
make: c: Command not found
make: [Makefile:39: ocn.o] Error 127 (ignored)
c     -DESMF_VERSION_MAJOR= driverParentComp.F90
make: c: Command not found
make: [Makefile:39: driverParentComp.o] Error 127 (ignored)
c     -DESMF_VERSION_MAJOR= mainApp.F90
make: c: Command not found
make: [Makefile:39: mainApp.o] Error 127 (ignored)
o mainApp mainApp.o driverParentComp.o driverChildComp.o atm.o ocn.o 
make: o: Command not found
make: [Makefile:50: mainApp] Error 127 (ignored)
+ -np 4 ./mainApp
+ local result=127
+ set +x
cat: 'PET*.ESMF_LogFile': No such file or directory
FINISHED: DriverInDriverDataDepProto
Fri 17 Mar 2023 02:33:32 AM MDT
---------------------------------------------------------------------------

---------------------------------------------------------------------------
Fri 17 Mar 2023 02:33:32 AM MDT
STARTING: DriverInDriverProto
rm -f PET*.ESMF_LogFile *.nc *.stdout
rm -f mainApp *.o *.mod
c     -DESMF_VERSION_MAJOR= atm.F90
make: c: Command not found
make: [Makefile:39: atm.o] Error 127 (ignored)
c     -DESMF_VERSION_MAJOR= driverChildComp.F90
make: c: Command not found
make: [Makefile:39: driverChildComp.o] Error 127 (ignored)
c     -DESMF_VERSION_MAJOR= ocn.F90
make: c: Command not found
make: [Makefile:39: ocn.o] Error 127 (ignored)
c     -DESMF_VERSION_MAJOR= driverParentComp.F90
make: c: Command not found
make: [Makefile:39: driverParentComp.o] Error 127 (ignored)
c     -DESMF_VERSION_MAJOR= mainApp.F90
make: c: Command not found
make: [Makefile:39: mainApp.o] Error 127 (ignored)
o mainApp mainApp.o driverParentComp.o driverChildComp.o atm.o ocn.o 
make: o: Command not found
make: [Makefile:50: mainApp] Error 127 (ignored)
+ -np 4 ./mainApp
+ local result=127
+ set +x
cat: 'PET*.ESMF_LogFile': No such file or directory
FINISHED: DriverInDriverProto
Fri 17 Mar 2023 02:33:32 AM MDT
---------------------------------------------------------------------------

---------------------------------------------------------------------------
Fri 17 Mar 2023 02:33:32 AM MDT
STARTING: DynPhyProto
rm -f PET*.ESMF_LogFile *.nc *.stdout
rm -f esmApp *.o *.mod
c     dyn.F90
make: c: Command not found
make: [Makefile:39: dyn.o] Error 127 (ignored)
c     phy.F90
make: c: Command not found
make: [Makefile:39: phy.o] Error 127 (ignored)
c     atm.F90
make: c: Command not found
make: [Makefile:39: atm.o] Error 127 (ignored)
c     esmApp.F90
make: c: Command not found
make: [Makefile:39: esmApp.o] Error 127 (ignored)
o esmApp esmApp.o atm.o dyn.o phy.o 
make: o: Command not found
make: [Makefile:50: esmApp] Error 127 (ignored)
+ -np 4 ./esmApp
+ local result=127
+ set +x
cat: 'PET*.ESMF_LogFile': No such file or directory
FINISHED: DynPhyProto
Fri 17 Mar 2023 02:33:32 AM MDT
---------------------------------------------------------------------------

---------------------------------------------------------------------------
Fri 17 Mar 2023 02:33:32 AM MDT
STARTING: ExternalDriverAPIProto
rm -f PET*.ESMF_LogFile *.nc *.stdout
rm -f externalApp *.o *.mod
c     atm.F90
make: c: Command not found
make: [Makefile:39: atm.o] Error 127 (ignored)
c     ocn.F90
make: c: Command not found
make: [Makefile:39: ocn.o] Error 127 (ignored)
c     esm.F90
make: c: Command not found
make: [Makefile:39: esm.o] Error 127 (ignored)
c     externalApp.F90
make: c: Command not found
make: [Makefile:39: externalApp.o] Error 127 (ignored)
o externalApp externalApp.o esm.o atm.o ocn.o 
make: o: Command not found
make: [Makefile:50: externalApp] Error 127 (ignored)
+ -np 4 ./externalApp
+ local result=127
+ set +x
cat: 'PET*.ESMF_LogFile': No such file or directory
FINISHED: ExternalDriverAPIProto
Fri 17 Mar 2023 02:33:32 AM MDT
---------------------------------------------------------------------------

---------------------------------------------------------------------------
Fri 17 Mar 2023 02:33:32 AM MDT
STARTING: ExternalDriverAPIWeakCplDAProto
rm -f PET*.ESMF_LogFile *.nc *.stdout
rm -f externalApp *.o *.mod
c     atm.F90
make: c: Command not found
make: [Makefile:39: atm.o] Error 127 (ignored)
c     ocn.F90
make: c: Command not found
make: [Makefile:39: ocn.o] Error 127 (ignored)
c     esm.F90
make: c: Command not found
make: [Makefile:39: esm.o] Error 127 (ignored)
c     nuopc_da.F90
make: c: Command not found
make: [Makefile:39: nuopc_da.o] Error 127 (ignored)
c     atmDA.F90
make: c: Command not found
make: [Makefile:39: atmDA.o] Error 127 (ignored)
c     ocnDA.F90
make: c: Command not found
make: [Makefile:39: ocnDA.o] Error 127 (ignored)
c     externalApp.F90
make: c: Command not found
make: [Makefile:39: externalApp.o] Error 127 (ignored)
o externalApp externalApp.o atmDA.o ocnDA.o nuopc_da.o esm.o atm.o ocn.o 
make: o: Command not found
make: [Makefile:50: externalApp] Error 127 (ignored)
+ -np 4 ./externalApp
+ local result=127
+ set +x
cat: 'PET*.ESMF_LogFile': No such file or directory
FINISHED: ExternalDriverAPIWeakCplDAProto
Fri 17 Mar 2023 02:33:32 AM MDT
---------------------------------------------------------------------------

---------------------------------------------------------------------------
Fri 17 Mar 2023 02:33:32 AM MDT
STARTING: GenericMediatorProto
rm -f PET*.ESMF_LogFile *.nc *.stdout
rm -f app *.o *.mod
c     mediator.F90
make: c: Command not found
make: [Makefile:39: mediator.o] Error 127 (ignored)
c     modelA.F90
make: c: Command not found
make: [Makefile:39: modelA.o] Error 127 (ignored)
c     modelB.F90
make: c: Command not found
make: [Makefile:39: modelB.o] Error 127 (ignored)
c     driver.F90
make: c: Command not found
make: [Makefile:39: driver.o] Error 127 (ignored)
c     app.F90
make: c: Command not found
make: [Makefile:39: app.o] Error 127 (ignored)
o app app.o driver.o mediator.o modelA.o modelB.o 
make: o: Command not found
make: [Makefile:50: app] Error 127 (ignored)
+ -np 4 ./app
+ local result=127
+ set +x
cat: 'PET*.ESMF_LogFile': No such file or directory
FINISHED: GenericMediatorProto
Fri 17 Mar 2023 02:33:32 AM MDT
---------------------------------------------------------------------------

---------------------------------------------------------------------------
Fri 17 Mar 2023 02:33:32 AM MDT
STARTING: HierarchyProto
rm -f PET*.ESMF_LogFile *.nc *.stdout
rm -f esmApp *.o *.mod
c     dyn.F90
make: c: Command not found
make: [Makefile:39: dyn.o] Error 127 (ignored)
c     phy.F90
make: c: Command not found
make: [Makefile:39: phy.o] Error 127 (ignored)
c     atm.F90
make: c: Command not found
make: [Makefile:39: atm.o] Error 127 (ignored)
c     ocn.F90
make: c: Command not found
make: [Makefile:39: ocn.o] Error 127 (ignored)
c     esm.F90
make: c: Command not found
make: [Makefile:39: esm.o] Error 127 (ignored)
c     esmApp.F90
make: c: Command not found
make: [Makefile:39: esmApp.o] Error 127 (ignored)
o esmApp esmApp.o esm.o atm.o dyn.o phy.o ocn.o 
make: o: Command not found
make: [Makefile:50: esmApp] Error 127 (ignored)
+ -np 4 ./esmApp
+ local result=127
+ set +x
cat: 'PET*.ESMF_LogFile': No such file or directory
FINISHED: HierarchyProto
Fri 17 Mar 2023 02:33:32 AM MDT
---------------------------------------------------------------------------

---------------------------------------------------------------------------
Fri 17 Mar 2023 02:33:32 AM MDT
STARTING: NamespaceProto
rm -f PET*.ESMF_LogFile *.nc *.stdout
rm -f mainApp *.o *.mod
c     -DESMF_VERSION_MAJOR= atm.F90
make: c: Command not found
make: [Makefile:39: atm.o] Error 127 (ignored)
c     -DESMF_VERSION_MAJOR= med.F90
make: c: Command not found
make: [Makefile:39: med.o] Error 127 (ignored)
c     -DESMF_VERSION_MAJOR= driver.F90
make: c: Command not found
make: [Makefile:39: driver.o] Error 127 (ignored)
c     -DESMF_VERSION_MAJOR= mainApp.F90
make: c: Command not found
make: [Makefile:39: mainApp.o] Error 127 (ignored)
o mainApp mainApp.o driver.o atm.o med.o 
make: o: Command not found
make: [Makefile:50: mainApp] Error 127 (ignored)
+ -np 4 ./mainApp
+ local result=127
+ set +x
cat: 'PET*.ESMF_LogFile': No such file or directory
FINISHED: NamespaceProto
Fri 17 Mar 2023 02:33:32 AM MDT
---------------------------------------------------------------------------

---------------------------------------------------------------------------
Fri 17 Mar 2023 02:33:32 AM MDT
STARTING: NestingMultipleProto
rm -f PET*.ESMF_LogFile *.nc *.stdout
rm -f mainApp *.o *.mod
c     -DESMF_VERSION_MAJOR= advectDiffComp.F90
make: c: Command not found
make: [Makefile:39: advectDiffComp.o] Error 127 (ignored)
c     -DESMF_VERSION_MAJOR= driverComp.F90
make: c: Command not found
make: [Makefile:39: driverComp.o] Error 127 (ignored)
c     -DESMF_VERSION_MAJOR= mainApp.F90
make: c: Command not found
make: [Makefile:39: mainApp.o] Error 127 (ignored)
o mainApp mainApp.o driverComp.o advectDiffComp.o 
make: o: Command not found
make: [Makefile:50: mainApp] Error 127 (ignored)
+ -np 4 ./mainApp
+ local result=127
+ set +x
cat: 'PET*.ESMF_LogFile': No such file or directory
FINISHED: NestingMultipleProto
Fri 17 Mar 2023 02:33:32 AM MDT
---------------------------------------------------------------------------

---------------------------------------------------------------------------
Fri 17 Mar 2023 02:33:32 AM MDT
STARTING: NestingSingleProto
rm -f PET*.ESMF_LogFile *.nc *.stdout
rm -f mainApp *.o *.mod
c     -DESMF_VERSION_MAJOR= advectDiffComp.F90
make: c: Command not found
make: [Makefile:39: advectDiffComp.o] Error 127 (ignored)
c     -DESMF_VERSION_MAJOR= driverComp.F90
make: c: Command not found
make: [Makefile:39: driverComp.o] Error 127 (ignored)
c     -DESMF_VERSION_MAJOR= mainApp.F90
make: c: Command not found
make: [Makefile:39: mainApp.o] Error 127 (ignored)
o mainApp mainApp.o driverComp.o advectDiffComp.o 
make: o: Command not found
make: [Makefile:50: mainApp] Error 127 (ignored)
+ -np 4 ./mainApp
+ local result=127
+ set +x
cat: 'PET*.ESMF_LogFile': No such file or directory
FINISHED: NestingSingleProto
Fri 17 Mar 2023 02:33:32 AM MDT
---------------------------------------------------------------------------

---------------------------------------------------------------------------
Fri 17 Mar 2023 02:33:32 AM MDT
STARTING: NestingTelescopeMultipleProto
rm -f PET*.ESMF_LogFile *.nc *.stdout
rm -f mainApp *.o *.mod
c     -DESMF_VERSION_MAJOR= advectDiffComp.F90
make: c: Command not found
make: [Makefile:39: advectDiffComp.o] Error 127 (ignored)
c     -DESMF_VERSION_MAJOR= driverComp.F90
make: c: Command not found
make: [Makefile:39: driverComp.o] Error 127 (ignored)
c     -DESMF_VERSION_MAJOR= mainApp.F90
make: c: Command not found
make: [Makefile:39: mainApp.o] Error 127 (ignored)
o mainApp mainApp.o driverComp.o advectDiffComp.o 
make: o: Command not found
make: [Makefile:50: mainApp] Error 127 (ignored)
+ -np 4 ./mainApp
+ local result=127
+ set +x
cat: 'PET*.ESMF_LogFile': No such file or directory
FINISHED: NestingTelescopeMultipleProto
Fri 17 Mar 2023 02:33:32 AM MDT
---------------------------------------------------------------------------

---------------------------------------------------------------------------
Fri 17 Mar 2023 02:33:32 AM MDT
STARTING: SingleModelProto
rm -f PET*.ESMF_LogFile *.nc *.stdout
rm -f mainApp *.o *.mod
c     -DESMF_VERSION_MAJOR= model.F90
make: c: Command not found
make: [Makefile:39: model.o] Error 127 (ignored)
c     -DESMF_VERSION_MAJOR= driver.F90
make: c: Command not found
make: [Makefile:39: driver.o] Error 127 (ignored)
c     -DESMF_VERSION_MAJOR= mainApp.F90
make: c: Command not found
make: [Makefile:39: mainApp.o] Error 127 (ignored)
o mainApp mainApp.o driver.o model.o 
make: o: Command not found
make: [Makefile:50: mainApp] Error 127 (ignored)
+ -np 4 ./mainApp
+ local result=127
+ set +x
cat: 'PET*.ESMF_LogFile': No such file or directory
FINISHED: SingleModelProto
Fri 17 Mar 2023 02:33:32 AM MDT
---------------------------------------------------------------------------

---------------------------------------------------------------------------
Fri 17 Mar 2023 02:33:32 AM MDT
STARTING: SingleModelOpenMPProto
rm -f PET*.ESMF_LogFile *.nc *.stdout
rm -f mainApp *.o *.mod
c     -DESMF_VERSION_MAJOR= model.F90
make: c: Command not found
make: [Makefile:39: model.o] Error 127 (ignored)
c     -DESMF_VERSION_MAJOR= driver.F90
make: c: Command not found
make: [Makefile:39: driver.o] Error 127 (ignored)
c     -DESMF_VERSION_MAJOR= mainApp.F90
make: c: Command not found
make: [Makefile:39: mainApp.o] Error 127 (ignored)
o mainApp mainApp.o driver.o model.o 
make: o: Command not found
make: [Makefile:50: mainApp] Error 127 (ignored)
+ -np 4 ./mainApp
+ local result=127
+ set +x
cat: 'PET*.ESMF_LogFile': No such file or directory
FINISHED: SingleModelOpenMPProto
Fri 17 Mar 2023 02:33:32 AM MDT
---------------------------------------------------------------------------

---------------------------------------------------------------------------
Fri 17 Mar 2023 02:33:32 AM MDT
STARTING: SingleModelOpenMPUnawareProto
rm -f PET*.ESMF_LogFile *.nc *.stdout
rm -f mainApp *.o *.mod
c     -DESMF_VERSION_MAJOR= model.F90
make: c: Command not found
make: [Makefile:39: model.o] Error 127 (ignored)
c     -DESMF_VERSION_MAJOR= driver.F90
make: c: Command not found
make: [Makefile:39: driver.o] Error 127 (ignored)
c     -DESMF_VERSION_MAJOR= mainApp.F90
make: c: Command not found
make: [Makefile:39: mainApp.o] Error 127 (ignored)
o mainApp mainApp.o driver.o model.o 
make: o: Command not found
make: [Makefile:50: mainApp] Error 127 (ignored)
+ -np 4 ./mainApp
+ local result=127
+ set +x
cat: 'PET*.ESMF_LogFile': No such file or directory
FINISHED: SingleModelOpenMPUnawareProto
Fri 17 Mar 2023 02:33:32 AM MDT
---------------------------------------------------------------------------

---------------------------------------------------------------------------
Fri 17 Mar 2023 02:33:32 AM MDT
STARTING: ESMX_AtmOcnProto
rm -f PET*.ESMF_LogFile *.nc *.stdout
rm -rf build
rm -f PET*.ESMF_LogFile
rm -f *.o *.a *.so *.mod *.mk lumo.cmake
rm -f PET*.ESMF_LogFile
rm -f *.o *.a *.so *.mod *.mk tawas.cmake
c     lumo.F90
make: c: Command not found
make: [Makefile:36: lumo.o] Error 127 (ignored)
ar cr liblumo.a lumo.o
ar: lumo.o: No such file or directory
make: *** [Makefile:48: liblumo.a] Error 1
c     tawas.F90
make: c: Command not found
make: [Makefile:36: tawas.o] Error 127 (ignored)
ar cr libtawas.a tawas.o
ar: tawas.o: No such file or directory
make: *** [Makefile:48: libtawas.a] Error 1
cmake -H -Bbuild
Usage

  cmake [options] <path-to-source>
  cmake [options] <path-to-existing-build>
  cmake [options] -S <path-to-source> -B <path-to-build>

Specify a source directory to (re-)generate a build system for it in the
current working directory.  Specify an existing build directory to
re-generate its build system.

Options
  -S <path-to-source>          = Explicitly specify a source directory.
  -B <path-to-build>           = Explicitly specify a build directory.
  -C <initial-cache>           = Pre-load a script to populate the cache.
  -D <var>[:<type>]=<value>    = Create or update a cmake cache entry.
  -U <globbing_expr>           = Remove matching entries from CMake cache.
  -G <generator-name>          = Specify a build system generator.
  -T <toolset-name>            = Specify toolset name if supported by
                                 generator.
  -A <platform-name>           = Specify platform name if supported by
                                 generator.
  -Wdev                        = Enable developer warnings.
  -Wno-dev                     = Suppress developer warnings.
  -Werror=dev                  = Make developer warnings errors.
  -Wno-error=dev               = Make developer warnings not errors.
  -Wdeprecated                 = Enable deprecation warnings.
  -Wno-deprecated              = Suppress deprecation warnings.
  -Werror=deprecated           = Make deprecated macro and function warnings
                                 errors.
  -Wno-error=deprecated        = Make deprecated macro and function warnings
                                 not errors.
  -E                           = CMake command mode.
  -L[A][H]                     = List non-advanced cached variables.
  --build <dir>                = Build a CMake-generated project binary tree.
  --install <dir>              = Install a CMake-generated project binary
                                 tree.
  --open <dir>                 = Open generated project in the associated
                                 application.
  -N                           = View mode only.
  -P <file>                    = Process script mode.
  --find-package               = Run in pkg-config like mode.
  --graphviz=[file]            = Generate graphviz of dependencies, see
                                 CMakeGraphVizOptions.cmake for more.
  --system-information [file]  = Dump information about this system.
  --log-level=<ERROR|WARNING|NOTICE|STATUS|VERBOSE|DEBUG|TRACE>
                               = Set the verbosity of messages from CMake
                                 files.  --loglevel is also accepted for
                                 backward compatibility reasons.
  --log-context                = Prepend log messages with context, if given
  --debug-trycompile           = Do not delete the try_compile build tree.
                                 Only useful on one try_compile at a time.
  --debug-output               = Put cmake in a debug mode.
  --debug-find                 = Put cmake find in a debug mode.
  --trace                      = Put cmake in trace mode.
  --trace-expand               = Put cmake in trace mode with variable
                                 expansion.
  --trace-format=<human|json-v1>
                               = Set the output format of the trace.
  --trace-source=<file>        = Trace only this CMake file/module.  Multiple
                                 options allowed.
  --trace-redirect=<file>      = Redirect trace output to a file instead of
                                 stderr.
  --warn-uninitialized         = Warn about uninitialized values.
  --warn-unused-vars           = Warn about unused variables.
  --no-warn-unused-cli         = Don't warn about command line options.
  --check-system-vars          = Find problems with variable usage in system
                                 files.
  --help,-help,-usage,-h,-H,/? = Print usage information and exit.
  --version,-version,/V [<f>]  = Print version number and exit.
  --help-full [<f>]            = Print all help manuals and exit.
  --help-manual <man> [<f>]    = Print one help manual and exit.
  --help-manual-list [<f>]     = List help manuals available and exit.
  --help-command <cmd> [<f>]   = Print help for one command and exit.
  --help-command-list [<f>]    = List commands with help available and exit.
  --help-commands [<f>]        = Print cmake-commands manual and exit.
  --help-module <mod> [<f>]    = Print help for one module and exit.
  --help-module-list [<f>]     = List modules with help available and exit.
  --help-modules [<f>]         = Print cmake-modules manual and exit.
  --help-policy <cmp> [<f>]    = Print help for one policy and exit.
  --help-policy-list [<f>]     = List policies with help available and exit.
  --help-policies [<f>]        = Print cmake-policies manual and exit.
  --help-property <prop> [<f>] = Print help for one property and exit.
  --help-property-list [<f>]   = List properties with help available and
                                 exit.
  --help-properties [<f>]      = Print cmake-properties manual and exit.
  --help-variable var [<f>]    = Print help for one variable and exit.
  --help-variable-list [<f>]   = List variables with help available and exit.
  --help-variables [<f>]       = Print cmake-variables manual and exit.

Generators

The following generators are available on this platform (* marks default):
* Unix Makefiles               = Generates standard UNIX makefiles.
  Green Hills MULTI            = Generates Green Hills MULTI files
                                 (experimental, work-in-progress).
  Ninja                        = Generates build.ninja files.
  Ninja Multi-Config           = Generates build-<Config>.ninja files.
  Watcom WMake                 = Generates Watcom WMake makefiles.
  CodeBlocks - Ninja           = Generates CodeBlocks project files.
  CodeBlocks - Unix Makefiles  = Generates CodeBlocks project files.
  CodeLite - Ninja             = Generates CodeLite project files.
  CodeLite - Unix Makefiles    = Generates CodeLite project files.
  Sublime Text 2 - Ninja       = Generates Sublime Text 2 project files.
  Sublime Text 2 - Unix Makefiles
                               = Generates Sublime Text 2 project files.
  Kate - Ninja                 = Generates Kate project files.
  Kate - Unix Makefiles        = Generates Kate project files.
  Eclipse CDT4 - Ninja         = Generates Eclipse CDT 4.0 project files.
  Eclipse CDT4 - Unix Makefiles= Generates Eclipse CDT 4.0 project files.

cmake --build ./build
Error: /glade/gust/scratch/theurich/ESMF-Nightly-Testing/cce_15.0.0_mpi_O_develop/nuopc-app-prototypes/ESMX_AtmOcnProto/build is not a directory
make: *** [Makefile:35: esmx] Error 1
+ -np 4 ./build/esmx
+ local result=127
+ set +x
cat: 'PET*.ESMF_LogFile': No such file or directory
FINISHED: ESMX_AtmOcnProto
Fri 17 Mar 2023 02:33:32 AM MDT
---------------------------------------------------------------------------

---------------------------------------------------------------------------
Fri 17 Mar 2023 02:33:32 AM MDT
STARTING: ESMX_ExternalDriverAPIProto
rm -f PET*.ESMF_LogFile *.nc *.stdout
rm -rf build
rm -f PET*.ESMF_LogFile
rm -f *.o *.a *.so *.mod *.mk lumo.cmake
rm -f PET*.ESMF_LogFile
rm -f *.o *.a *.so *.mod *.mk tawas.cmake
c     lumo.F90
make: c: Command not found
make: [Makefile:36: lumo.o] Error 127 (ignored)
ar cr liblumo.a lumo.o
ar: lumo.o: No such file or directory
make: *** [Makefile:48: liblumo.a] Error 1
c     tawas.F90
make: c: Command not found
make: [Makefile:36: tawas.o] Error 127 (ignored)
ar cr libtawas.a tawas.o
ar: tawas.o: No such file or directory
make: *** [Makefile:48: libtawas.a] Error 1
cmake -H. -Bbuild -DESMF_ESMXDIR=
-- The Fortran compiler identification is Cray 15.0
-- Check for working Fortran compiler: /glade/u/apps/gust/22.12/spack/opt/spack/ncarcompilers/0.7.2/cce/15.0.0/bin/ftn
-- Check for working Fortran compiler: /glade/u/apps/gust/22.12/spack/opt/spack/ncarcompilers/0.7.2/cce/15.0.0/bin/ftn - works
-- Detecting Fortran compiler ABI info
-- Detecting Fortran compiler ABI info - done
-- Checking whether /glade/u/apps/gust/22.12/spack/opt/spack/ncarcompilers/0.7.2/cce/15.0.0/bin/ftn supports Fortran 90
-- Checking whether /glade/u/apps/gust/22.12/spack/opt/spack/ncarcompilers/0.7.2/cce/15.0.0/bin/ftn supports Fortran 90 - yes
CMake Error at CMakeLists.txt:4 (add_subdirectory):
  add_subdirectory given source "/Driver" which is not an existing directory.


-- The C compiler identification is Clang 15.0.2
-- The CXX compiler identification is Clang 15.0.2
-- Check for working C compiler: /glade/u/apps/gust/22.12/spack/opt/spack/ncarcompilers/0.7.2/cce/15.0.0/bin/cc
-- Check for working C compiler: /glade/u/apps/gust/22.12/spack/opt/spack/ncarcompilers/0.7.2/cce/15.0.0/bin/cc - works
-- Detecting C compiler ABI info
-- Detecting C compiler ABI info - done
-- Detecting C compile features
-- Detecting C compile features - done
-- Check for working CXX compiler: /glade/u/apps/gust/22.12/spack/opt/spack/ncarcompilers/0.7.2/cce/15.0.0/bin/CC
-- Check for working CXX compiler: /glade/u/apps/gust/22.12/spack/opt/spack/ncarcompilers/0.7.2/cce/15.0.0/bin/CC - works
-- Detecting CXX compiler ABI info
-- Detecting CXX compiler ABI info - done
-- Detecting CXX compile features
-- Detecting CXX compile features - done
-- Configuring incomplete, errors occurred!
See also "/glade/gust/scratch/theurich/ESMF-Nightly-Testing/cce_15.0.0_mpi_O_develop/nuopc-app-prototypes/ESMX_ExternalDriverAPIProto/build/CMakeFiles/CMakeOutput.log".
make: *** [Makefile:11: build/externalApp] Error 1
+ -np 4 ./build/externalApp
+ local result=127
+ set +x
cat: 'PET*.ESMF_LogFile': No such file or directory
FINISHED: ESMX_ExternalDriverAPIProto
Fri 17 Mar 2023 02:33:37 AM MDT
---------------------------------------------------------------------------

Fri 17 Mar 2023 02:33:37 AM MDT
== TEST SUMMARY START ==
FAIL: AsyncIOBlockingProto
FAIL: AsyncIONonblockingProto
FAIL: AtmOcnConOptsProto
FAIL: AtmOcnConProto
FAIL: AtmOcnCplListProto
FAIL: AtmOcnCplSetProto
FAIL: AtmOcnFDSynoProto
FAIL: AtmOcnIceSimpleImplicitProto
FAIL: AtmOcnImplicitProto
FAIL: AtmOcnLndProto
FAIL: AtmOcnLogNoneProto
FAIL: AtmOcnMedIngestFromConfigProto
FAIL: AtmOcnMedIngestFromInternalProto
FAIL: AtmOcnMedPetListProto
FAIL: AtmOcnMedPetListTimescalesProto
FAIL: AtmOcnMedPetListTimescalesSplitFastProto
FAIL: AtmOcnMedProto
FAIL: AtmOcnMirrorFieldsProto
FAIL: AtmOcnPetListProto
FAIL: AtmOcnProto
FAIL: AtmOcnRtmTwoTimescalesProto
FAIL: AtmOcnScalarProto
FAIL: AtmOcnSelectExternalProto
FAIL: AtmOcnSelectExternalProto
FAIL: AtmOcnSelectExternalProto
FAIL: AtmOcnSelectExternalProto
FAIL: AtmOcnSelectExternalProto
FAIL: AtmOcnSelectProto
FAIL: AtmOcnSelectProto
FAIL: AtmOcnSelectProto
FAIL: AtmOcnSimpleImplicitProto
FAIL: AtmOcnTransferGridProto
FAIL: AtmOcnTransferLocStreamProto
FAIL: AtmOcnTransferMeshProto
FAIL: ComponentExplorer
FAIL: CustomFieldDictionaryProto
FAIL: DriverInDriverDataDepProto
FAIL: DriverInDriverProto
FAIL: DynPhyProto
FAIL: ExternalDriverAPIProto
FAIL: ExternalDriverAPIWeakCplDAProto
FAIL: GenericMediatorProto
FAIL: HierarchyProto
FAIL: NamespaceProto
FAIL: NestingMultipleProto
FAIL: NestingSingleProto
FAIL: NestingTelescopeMultipleProto
FAIL: SingleModelProto
FAIL: SingleModelOpenMPProto
FAIL: SingleModelOpenMPUnawareProto
FAIL: ESMX_AtmOcnProto
FAIL: ESMX_ExternalDriverAPIProto
== TEST SUMMARY STOP ==
Fri 17 Mar 2023 02:33:37 AM MDT

---------------------------------------------------------------------------
grep: */PET*.ESMF_LogFile: No such file or directory
