2023-04-19 03:07:26
20230419 032620.856 INFO             PET0 !!!!!!!!!!!!!!!!!!!!!!!!!!!!!!!!!!!!!!!!!!!!!!!!!!!!!!
20230419 032620.856 INFO             PET0 !!! THE ESMF_LOG IS SET TO OUTPUT ALL LOG MESSAGES !!!
20230419 032620.856 INFO             PET0 !!!     THIS MAY CAUSE SLOWDOWN IN PERFORMANCE     !!!
20230419 032620.856 INFO             PET0 !!! FOR PRODUCTION RUNS, USE:                      !!!
20230419 032620.856 INFO             PET0 !!!                   ESMF_LOGKIND_Multi_On_Error  !!!
20230419 032620.856 INFO             PET0 !!!!!!!!!!!!!!!!!!!!!!!!!!!!!!!!!!!!!!!!!!!!!!!!!!!!!!
20230419 032620.856 INFO             PET0 Running with ESMF Version   : hconfig_b01-3-ge0b4092aab
20230419 032620.856 INFO             PET0 ESMF library build date/time: "Apr 19 2023" "03:06:02"
20230419 032620.856 INFO             PET0 ESMF library build location : /glade/gust/scratch/theurich/ESMF-Nightly-Testing/intel_2023.0.0-oneAPI_mpiuni_O_feature_hconfig/esmf
20230419 032620.856 INFO             PET0 ESMF_COMM                   : mpiuni
20230419 032620.857 INFO             PET0 ESMF_MOAB                   : enabled
20230419 032620.857 INFO             PET0 ESMF_LAPACK                 : enabled
20230419 032620.857 INFO             PET0 ESMF_NETCDF                 : enabled
20230419 032620.857 INFO             PET0 ESMF_PNETCDF                : disabled
20230419 032620.857 INFO             PET0 ESMF_PIO                    : disabled
20230419 032620.857 INFO             PET0 ESMF_YAMLCPP                : enabled
20230419 032620.857 INFO             PET0  NUMBER_OF_PROCESSORS           1
20230419 032620.858 INFO             PET0  PASS  Example ESMF_VMGetMPICommunicatorEx, ESMF_VMGetMPICommunicatorEx.F90, line 94
20230419 032620.858 INFO             PET0 Finalizing ESMF
