2023-03-19 04:18:19
20230319 050633.559 INFO             PET0 !!!!!!!!!!!!!!!!!!!!!!!!!!!!!!!!!!!!!!!!!!!!!!!!!!!!!!
20230319 050633.559 INFO             PET0 !!! THE ESMF_LOG IS SET TO OUTPUT ALL LOG MESSAGES !!!
20230319 050633.560 INFO             PET0 !!!     THIS MAY CAUSE SLOWDOWN IN PERFORMANCE     !!!
20230319 050633.560 INFO             PET0 !!! FOR PRODUCTION RUNS, USE:                      !!!
20230319 050633.560 INFO             PET0 !!!                   ESMF_LOGKIND_Multi_On_Error  !!!
20230319 050633.560 INFO             PET0 !!!!!!!!!!!!!!!!!!!!!!!!!!!!!!!!!!!!!!!!!!!!!!!!!!!!!!
20230319 050633.560 INFO             PET0 Running with ESMF Version   : v8.5.0b18-5-ge74a33b91d
20230319 050633.560 INFO             PET0 ESMF library build date/time: "Mar 19 2023" "04:15:07"
20230319 050633.560 INFO             PET0 ESMF library build location : /glade/scratch/theurich/ESMF-Nightly-Testing/nvhpc_22.2_mpiuni_g_develop/esmf
20230319 050633.560 INFO             PET0 ESMF_COMM                   : mpiuni
20230319 050633.560 INFO             PET0 ESMF_MOAB                   : enabled
20230319 050633.560 INFO             PET0 ESMF_LAPACK                 : enabled
20230319 050633.560 INFO             PET0 ESMF_NETCDF                 : enabled
20230319 050633.560 INFO             PET0 ESMF_PNETCDF                : disabled
20230319 050633.560 INFO             PET0 ESMF_PIO                    : disabled
20230319 050633.560 INFO             PET0 ESMF_YAMLCPP                : enabled
20230319 050633.566 INFO             PET0 ESMF_FieldRedistStoreNF(): Just entered routine.
20230319 050634.210 INFO             PET0 ESMF_FieldRedistStoreNF(): Leaving routine.
20230319 050634.221 INFO             PET0  NUMBER_OF_PROCESSORS            1
20230319 050634.222 INFO             PET0  PASS  Example ESMF_RHandleFromFileEx, ESMF_RHandleFromFileEx.F90, line 192
20230319 050634.222 INFO             PET0 Finalizing ESMF
