2023-04-14 05:27:58
20230414 055927.817 INFO             PET0 !!!!!!!!!!!!!!!!!!!!!!!!!!!!!!!!!!!!!!!!!!!!!!!!!!!!!!
20230414 055927.817 INFO             PET0 !!! THE ESMF_LOG IS SET TO OUTPUT ALL LOG MESSAGES !!!
20230414 055927.817 INFO             PET0 !!!     THIS MAY CAUSE SLOWDOWN IN PERFORMANCE     !!!
20230414 055927.817 INFO             PET0 !!! FOR PRODUCTION RUNS, USE:                      !!!
20230414 055927.817 INFO             PET0 !!!                   ESMF_LOGKIND_Multi_On_Error  !!!
20230414 055927.817 INFO             PET0 !!!!!!!!!!!!!!!!!!!!!!!!!!!!!!!!!!!!!!!!!!!!!!!!!!!!!!
20230414 055927.817 INFO             PET0 Running with ESMF Version   : v8.5.0b19-5-gc2c4406dae
20230414 055927.817 INFO             PET0 ESMF library build date/time: "Apr 14 2023" "05:25:38"
20230414 055927.817 INFO             PET0 ESMF library build location : /project/esmf/theurich/ESMF-Nightly-Testing/intel_19.1.0_mpiuni_O_develop/esmf
20230414 055927.817 INFO             PET0 ESMF_COMM                   : mpiuni
20230414 055927.819 INFO             PET0 ESMF_MOAB                   : enabled
20230414 055927.819 INFO             PET0 ESMF_LAPACK                 : enabled
20230414 055927.819 INFO             PET0 ESMF_NETCDF                 : enabled
20230414 055927.819 INFO             PET0 ESMF_PNETCDF                : disabled
20230414 055927.819 INFO             PET0 ESMF_PIO                    : disabled
20230414 055927.819 INFO             PET0 ESMF_YAMLCPP                : enabled
20230414 055927.820 INFO             PET0  NUMBER_OF_PROCESSORS           1
20230414 055927.822 INFO             PET0  PASS  Example ESMF_VMComponentEx, ESMF_VMComponentEx.F90, line 197
20230414 055927.822 INFO             PET0 Finalizing ESMF
