2023-04-16 05:43:11
20230416 061718.646 INFO             PET0 !!!!!!!!!!!!!!!!!!!!!!!!!!!!!!!!!!!!!!!!!!!!!!!!!!!!!!
20230416 061718.647 INFO             PET0 !!! THE ESMF_LOG IS SET TO OUTPUT ALL LOG MESSAGES !!!
20230416 061718.647 INFO             PET0 !!!     THIS MAY CAUSE SLOWDOWN IN PERFORMANCE     !!!
20230416 061718.647 INFO             PET0 !!! FOR PRODUCTION RUNS, USE:                      !!!
20230416 061718.647 INFO             PET0 !!!                   ESMF_LOGKIND_Multi_On_Error  !!!
20230416 061718.647 INFO             PET0 !!!!!!!!!!!!!!!!!!!!!!!!!!!!!!!!!!!!!!!!!!!!!!!!!!!!!!
20230416 061718.647 INFO             PET0 Running with ESMF Version   : v8.5.0b19-5-gc2c4406dae
20230416 061718.647 INFO             PET0 ESMF library build date/time: "Apr 16 2023" "05:40:43"
20230416 061718.647 INFO             PET0 ESMF library build location : /project/esmf/theurich/ESMF-Nightly-Testing/intel_19.1.0_mpiuni_O_develop/esmf
20230416 061718.647 INFO             PET0 ESMF_COMM                   : mpiuni
20230416 061718.649 INFO             PET0 ESMF_MOAB                   : enabled
20230416 061718.649 INFO             PET0 ESMF_LAPACK                 : enabled
20230416 061718.649 INFO             PET0 ESMF_NETCDF                 : enabled
20230416 061718.649 INFO             PET0 ESMF_PNETCDF                : disabled
20230416 061718.649 INFO             PET0 ESMF_PIO                    : disabled
20230416 061718.649 INFO             PET0 ESMF_YAMLCPP                : enabled
20230416 061718.651 INFO             PET0  NUMBER_OF_PROCESSORS           1
20230416 061718.653 INFO             PET0  PASS  Example ESMF_GridCreateRegFromDGEx, ESMF_GridCreateRegFromDGEx.F90, line 112
20230416 061718.654 INFO             PET0 Finalizing ESMF
