2023-04-11 05:35:12
20230411 060801.622 INFO             PET0 !!!!!!!!!!!!!!!!!!!!!!!!!!!!!!!!!!!!!!!!!!!!!!!!!!!!!!
20230411 060801.622 INFO             PET0 !!! THE ESMF_LOG IS SET TO OUTPUT ALL LOG MESSAGES !!!
20230411 060801.622 INFO             PET0 !!!     THIS MAY CAUSE SLOWDOWN IN PERFORMANCE     !!!
20230411 060801.622 INFO             PET0 !!! FOR PRODUCTION RUNS, USE:                      !!!
20230411 060801.622 INFO             PET0 !!!                   ESMF_LOGKIND_Multi_On_Error  !!!
20230411 060801.622 INFO             PET0 !!!!!!!!!!!!!!!!!!!!!!!!!!!!!!!!!!!!!!!!!!!!!!!!!!!!!!
20230411 060801.622 INFO             PET0 Running with ESMF Version   : v8.5.0b19-2-g1c496381f5
20230411 060801.622 INFO             PET0 ESMF library build date/time: "Apr 11 2023" "05:32:56"
20230411 060801.622 INFO             PET0 ESMF library build location : /project/esmf/theurich/ESMF-Nightly-Testing/intel_19.1.0_mpiuni_O_develop/esmf
20230411 060801.622 INFO             PET0 ESMF_COMM                   : mpiuni
20230411 060801.625 INFO             PET0 ESMF_MOAB                   : enabled
20230411 060801.625 INFO             PET0 ESMF_LAPACK                 : enabled
20230411 060801.625 INFO             PET0 ESMF_NETCDF                 : enabled
20230411 060801.625 INFO             PET0 ESMF_PNETCDF                : disabled
20230411 060801.625 INFO             PET0 ESMF_PIO                    : disabled
20230411 060801.625 INFO             PET0 ESMF_YAMLCPP                : enabled
20230411 060801.716 INFO             PET0  NUMBER_OF_PROCESSORS           1
20230411 060801.718 INFO             PET0  PASS  Example ESMF_RHandleDynamicMaskingEx, ESMF_RHandleDynamicMaskingEx.F90, line 1116
20230411 060801.718 INFO             PET0 Finalizing ESMF
