2023-04-09 01:42:26
20230409 020941.461 INFO             PET0 !!!!!!!!!!!!!!!!!!!!!!!!!!!!!!!!!!!!!!!!!!!!!!!!!!!!!!
20230409 020941.462 INFO             PET0 !!! THE ESMF_LOG IS SET TO OUTPUT ALL LOG MESSAGES !!!
20230409 020941.462 INFO             PET0 !!!     THIS MAY CAUSE SLOWDOWN IN PERFORMANCE     !!!
20230409 020941.462 INFO             PET0 !!! FOR PRODUCTION RUNS, USE:                      !!!
20230409 020941.462 INFO             PET0 !!!                   ESMF_LOGKIND_Multi_On_Error  !!!
20230409 020941.462 INFO             PET0 !!!!!!!!!!!!!!!!!!!!!!!!!!!!!!!!!!!!!!!!!!!!!!!!!!!!!!
20230409 020941.462 INFO             PET0 Running with ESMF Version   : v8.5.0b19-2-g1c496381f5
20230409 020941.462 INFO             PET0 ESMF library build date/time: "Apr  9 2023" "01:40:59"
20230409 020941.462 INFO             PET0 ESMF library build location : /glade/gust/scratch/theurich/ESMF-Nightly-Testing/intel_2023.0.0_mpi_g_develop/esmf
20230409 020941.462 INFO             PET0 ESMF_COMM                   : mpi
20230409 020941.462 INFO             PET0 ESMF_MOAB                   : enabled
20230409 020941.462 INFO             PET0 ESMF_LAPACK                 : enabled
20230409 020941.462 INFO             PET0 ESMF_NETCDF                 : enabled
20230409 020941.462 INFO             PET0 ESMF_PNETCDF                : disabled
20230409 020941.462 INFO             PET0 ESMF_PIO                    : enabled
20230409 020941.462 INFO             PET0 ESMF_YAMLCPP                : enabled
20230409 020941.463 INFO             PET0  NUMBER_OF_PROCESSORS           1
20230409 020941.463 INFO             PET0  PASS  Example ESMF_ClockEx, ESMF_ClockEx.F90, line 220
20230409 020941.463 INFO             PET0 Finalizing ESMF
