2023-03-10 04:27:24
20230310 050242.361 INFO             PET0 !!!!!!!!!!!!!!!!!!!!!!!!!!!!!!!!!!!!!!!!!!!!!!!!!!!!!!
20230310 050242.361 INFO             PET0 !!! THE ESMF_LOG IS SET TO OUTPUT ALL LOG MESSAGES !!!
20230310 050242.361 INFO             PET0 !!!     THIS MAY CAUSE SLOWDOWN IN PERFORMANCE     !!!
20230310 050242.361 INFO             PET0 !!! FOR PRODUCTION RUNS, USE:                      !!!
20230310 050242.361 INFO             PET0 !!!                   ESMF_LOGKIND_Multi_On_Error  !!!
20230310 050242.361 INFO             PET0 !!!!!!!!!!!!!!!!!!!!!!!!!!!!!!!!!!!!!!!!!!!!!!!!!!!!!!
20230310 050242.361 INFO             PET0 Running with ESMF Version   : v8.5.0b18-2-g3a4fb969bb
20230310 050242.361 INFO             PET0 ESMF library build date/time: "Mar 10 2023" "04:25:33"
20230310 050242.361 INFO             PET0 ESMF library build location : /project/esmf/theurich/ESMF-Nightly-Testing/gfortran_8.1.0_openmpi_g_develop/esmf
20230310 050242.361 INFO             PET0 ESMF_COMM                   : openmpi
20230310 050242.361 INFO             PET0 ESMF_MOAB                   : enabled
20230310 050242.361 INFO             PET0 ESMF_LAPACK                 : enabled
20230310 050242.361 INFO             PET0 ESMF_NETCDF                 : enabled
20230310 050242.361 INFO             PET0 ESMF_PNETCDF                : disabled
20230310 050242.361 INFO             PET0 ESMF_PIO                    : enabled
20230310 050242.361 INFO             PET0 ESMF_YAMLCPP                : enabled
20230310 050242.362 INFO             PET0 esmApp STARTING
20230310 050242.371 INFO             PET0 esm: InitializeGeneric intro.
20230310 050242.372 INFO             PET0   esm: InitializeP0 intro.
20230310 050242.372 INFO             PET0   esm: InitializeP0 extro.
20230310 050242.372 INFO             PET0   esm: InitializeIPDv02p1 intro.
20230310 050242.372 INFO             PET0     >>>esm: entered Initialize (phase=<none>) without valid internal Clock.
20230310 050242.377 INFO             PET0     esm - Creating model component ATM without petList.
20230310 050242.386 INFO             PET0     esm - Creating model component OCN without petList.
20230310 050242.391 INFO             PET0     esm - Creating connector component ATM-TO-OCN without petList.
20230310 050242.404 INFO             PET0     esm - Creating connector component OCN-TO-ATM without petList.
20230310 050242.420 INFO             PET0     esm - Creating state: modelComp 1 Import State
20230310 050242.420 INFO             PET0     esm - Creating state: modelComp 1 Export State
20230310 050242.421 INFO             PET0     esm - Creating state: modelComp 2 Import State
20230310 050242.421 INFO             PET0     esm - Creating state: modelComp 2 Export State
20230310 050242.423 INFO             PET0     ATM: InitializeP0 intro.
20230310 050242.425 INFO             PET0     ATM: InitializeP0 extro.
20230310 050242.425 INFO             PET0     OCN: InitializeP0 intro.
20230310 050242.427 INFO             PET0     OCN: InitializeP0 extro.
20230310 050242.436 INFO             PET0     ATM-TO-OCN: InitializeP0 intro.
20230310 050242.437 INFO             PET0     ATM-TO-OCN: InitializeP0 extro.
20230310 050242.438 INFO             PET0     OCN-TO-ATM: InitializeP0 intro.
20230310 050242.439 INFO             PET0     OCN-TO-ATM: InitializeP0 extro.
20230310 050242.442 INFO             PET0     esm: IInitAdvertise intro.
20230310 050242.442 INFO             PET0     esm: IInitAdvertise extro.
20230310 050242.442 INFO             PET0     ATM: InitializeIPDvXp01 intro.
20230310 050242.448 INFO             PET0     ATM: InitializeIPDvXp01 extro.
20230310 050242.448 INFO             PET0     OCN: InitializeIPDvXp01 intro.
20230310 050242.453 INFO             PET0     OCN: InitializeIPDvXp01 extro.
20230310 050242.456 INFO             PET0     ATM-TO-OCN: InitializeIPDv05p1 intro.
20230310 050242.463 INFO             PET0     ATM-TO-OCN: InitializeIPDv05p1 extro.
20230310 050242.463 INFO             PET0     OCN-TO-ATM: InitializeIPDv05p1 intro.
20230310 050242.468 INFO             PET0     OCN-TO-ATM: InitializeIPDv05p1 extro.
20230310 050242.468 INFO             PET0     esm: IInitAdvertiseFinish intro.
20230310 050242.468 INFO             PET0     esm: IInitAdvertiseFinish extro.
20230310 050242.468 INFO             PET0     ATM-TO-OCN: InitializeIPDv05p2a intro.
20230310 050242.474 INFO             PET0     ATM-TO-OCN: InitializeIPDv05p2a extro.
20230310 050242.474 INFO             PET0     OCN-TO-ATM: InitializeIPDv05p2a intro.
20230310 050242.479 INFO             PET0     OCN-TO-ATM: InitializeIPDv05p2a extro.
20230310 050242.479 INFO             PET0     ATM-TO-OCN: InitializeIPDv05p2b intro.
20230310 050242.485 INFO             PET0     ATM-TO-OCN: InitializeIPDv05p2b extro.
20230310 050242.486 INFO             PET0     OCN-TO-ATM: InitializeIPDv05p2b intro.
20230310 050242.490 INFO             PET0     OCN-TO-ATM: InitializeIPDv05p2b extro.
20230310 050242.491 INFO             PET0     esm: IInitModifyCplLists intro.
20230310 050242.491 INFO             PET0     esm: IInitModifyCplLists extro.
20230310 050242.491 INFO             PET0     ATM-TO-OCN: InitializeIPDv05p3 intro.
20230310 050242.498 INFO             PET0     ATM-TO-OCN: InitializeIPDv05p3 extro.
20230310 050242.498 INFO             PET0     OCN-TO-ATM: InitializeIPDv05p3 intro.
20230310 050242.503 INFO             PET0     OCN-TO-ATM: InitializeIPDv05p3 extro.
20230310 050242.503 INFO             PET0     <<<esm: leaving Initialize (phase=<none>) with current time: 2010  6  1  0  0  0   0
20230310 050242.503 INFO             PET0   esm: InitializeIPDv02p1 extro.
20230310 050242.503 INFO             PET0   esm: InitializeIPDv02p3 intro.
20230310 050242.503 INFO             PET0     >>>esm: entered Initialize (phase=<none>) with current time: 2010  6  1  0  0  0   0
20230310 050242.504 INFO             PET0     esm: IInitCheck intro.
20230310 050242.504 INFO             PET0     esm: IInitCheck extro.
20230310 050242.504 INFO             PET0     atmA: InitializeIPDvXp04 intro.
20230310 050242.513 INFO             PET0     atmA: InitializeIPDvXp04 extro.
20230310 050242.513 INFO             PET0     ocnA: InitializeIPDvXp04 intro.
20230310 050242.522 INFO             PET0     ocnA: InitializeIPDvXp04 extro.
20230310 050242.524 INFO             PET0     ATM-TO-OCN: InitializeIPDv05p4 intro.
20230310 050242.534 INFO             PET0     ATM-TO-OCN: InitializeIPDv05p4 extro.
20230310 050242.534 INFO             PET0     OCN-TO-ATM: InitializeIPDv05p4 intro.
20230310 050242.540 INFO             PET0     OCN-TO-ATM: InitializeIPDv05p4 extro.
20230310 050242.541 INFO             PET0     ATM-TO-OCN: InitializeIPDv05p5 intro.
20230310 050242.550 INFO             PET0     ATM-TO-OCN: InitializeIPDv05p5 extro.
20230310 050242.550 INFO             PET0     OCN-TO-ATM: InitializeIPDv05p5 intro.
20230310 050242.556 INFO             PET0     OCN-TO-ATM: InitializeIPDv05p5 extro.
20230310 050242.557 INFO             PET0     esm: IInitRealize intro.
20230310 050242.557 INFO             PET0     esm: IInitRealize extro.
20230310 050242.557 INFO             PET0     ATM-TO-OCN: InitializeIPDv05p6a intro.
20230310 050242.565 INFO             PET0     ATM-TO-OCN: InitializeIPDv05p6a extro.
20230310 050242.566 INFO             PET0     OCN-TO-ATM: InitializeIPDv05p6a intro.
20230310 050242.571 INFO             PET0     OCN-TO-ATM: InitializeIPDv05p6a extro.
20230310 050242.572 INFO             PET0     ATM-TO-OCN: InitializeIPDv05p6b intro.
20230310 050242.662 INFO             PET0     ATM-TO-OCN: InitializeIPDv05p6b extro.
20230310 050242.662 INFO             PET0     OCN-TO-ATM: InitializeIPDv05p6b intro.
20230310 050242.737 INFO             PET0     OCN-TO-ATM: InitializeIPDv05p6b extro.
20230310 050242.738 INFO             PET0     atmA: InitializeIPDvXp07 intro.
20230310 050242.738 INFO             PET0     atmA: InitializeIPDvXp07 extro.
20230310 050242.738 INFO             PET0     ocnA: InitializeIPDvXp07 intro.
20230310 050242.738 INFO             PET0     ocnA: InitializeIPDvXp07 extro.
20230310 050242.738 INFO             PET0     <<<esm: leaving Initialize (phase=<none>) with current time: 2010  6  1  0  0  0   0
20230310 050242.738 INFO             PET0   esm: InitializeIPDv02p3 extro.
20230310 050242.738 INFO             PET0   esm: InitializeIPDv02p5 intro.
20230310 050242.739 INFO             PET0     >>>esm: entered Initialize (phase=<none>) with current time: 2010  6  1  0  0  0   0
20230310 050242.739 INFO             PET0     esm: this is a top level driver, no 'Updated' and 'InitializeDataComplete' info on this level.
20230310 050242.739 INFO             PET0     esm: InitializeIPDv02p5Data intro.
20230310 050242.739 INFO             PET0       esm: InternalInitializeComplete intro.
20230310 050242.739 INFO             PET0         esm: InitializeDataComplete='true'
20230310 050242.739 INFO             PET0       esm: InternalInitializeComplete extro.
20230310 050242.739 INFO             PET0       atmA: InitializeIPDv01p5 intro.
20230310 050242.739 INFO             PET0       atmA: InitializeIPDv01p5 extro.
20230310 050242.740 INFO             PET0       ocnA: InitializeIPDv01p5 intro.
20230310 050242.740 INFO             PET0       ocnA: InitializeIPDv01p5 extro.
20230310 050242.742 INFO             PET0       esm: components present that trigger loopDataDependentInitialize().
20230310 050242.742 INFO             PET0       esm: loopDataDependentInitialize intro.
20230310 050242.742 INFO             PET0         esm: component    0=esm, dataComplete (local): true
20230310 050242.742 INFO             PET0         esm: component    0=esm, dataComplete (global): T
20230310 050242.743 INFO             PET0         esm: component    1=atmA, dataComplete (local): true
20230310 050242.743 INFO             PET0         esm: component    1=atmA, dataComplete (global): T
20230310 050242.743 INFO             PET0         esm: component    2=ocnA, dataComplete (local): true
20230310 050242.743 INFO             PET0         esm: component    2=ocnA, dataComplete (global): T
20230310 050242.743 INFO             PET0         esm: someProgress=F, allComplete=T, present(dataDepAllComplete)=T
20230310 050242.743 INFO             PET0         esm: finished resolving initialize data dependencies on this level.
20230310 050242.743 INFO             PET0       esm: loopDataDependentInitialize extro.
20230310 050242.743 INFO             PET0       esm: loopDataDependentInitialize() returned with dataDepAllComplete: T
20230310 050242.743 INFO             PET0     esm: InitializeIPDv02p5Data extro.
20230310 050242.743 INFO             PET0     <<<esm: leaving Initialize (phase=<none>) with current time: 2010  6  1  0  0  0   0
20230310 050242.743 INFO             PET0   esm: InitializeIPDv02p5 extro.
20230310 050242.743 INFO             PET0 esm: InitializeGeneric extro.
20230310 050242.743 INFO             PET0 esm: Run intro.
20230310 050242.743 INFO             PET0   >>>esm entered Run (phase=RunPhase1) with current time: 2010  6  1  0  0  0   0
20230310 050242.743 INFO             PET0   esm: after lable_SetRunClock, current time: 2010  6  1  0  0  0   0
20230310 050242.743 INFO             PET0   esm: begin -------> RunSequence.
20230310 050242.743 INFO             PET0     esm: RunSequence event loopLevel=   1  levelMember=   1  loopIteration=   1, current time: 2010  6  1  0  0  0   0
20230310 050242.743 INFO             PET0     ATM-TO-OCN: Run intro.
20230310 050242.744 INFO             PET0     ATM-TO-OCN: Run extro.
20230310 050242.744 INFO             PET0     OCN-TO-ATM: Run intro.
20230310 050242.744 INFO             PET0     OCN-TO-ATM: Run extro.
20230310 050242.745 INFO             PET0     atmA: Run intro.
20230310 050242.745 INFO             PET0       ------>Advancing ATM from: 2010  6  1  0  0  0   0
20230310 050242.745 INFO             PET0       ---------------------> to: 2010  6  1  0 15  0   0
20230310 050242.745 INFO             PET0     atmA: Run extro.
20230310 050242.745 INFO             PET0     ocnA: Run intro.
20230310 050242.745 INFO             PET0       ------>Advancing OCN from: 2010  6  1  0  0  0   0
20230310 050242.745 INFO             PET0       ---------------------> to: 2010  6  1  0  5  0   0
20230310 050242.745 INFO             PET0       ------>Advancing OCN from: 2010  6  1  0  5  0   0
20230310 050242.745 INFO             PET0       ---------------------> to: 2010  6  1  0 10  0   0
20230310 050242.746 INFO             PET0       ------>Advancing OCN from: 2010  6  1  0 10  0   0
20230310 050242.746 INFO             PET0       ---------------------> to: 2010  6  1  0 15  0   0
20230310 050242.746 INFO             PET0     ocnA: Run extro.
20230310 050242.746 INFO             PET0     esm: RunSequence event loopLevel=   1  levelMember=   1  loopIteration=   2, current time: 2010  6  1  0 15  0   0
20230310 050242.746 INFO             PET0     ATM-TO-OCN: Run intro.
20230310 050242.746 INFO             PET0     ATM-TO-OCN: Run extro.
20230310 050242.746 INFO             PET0     OCN-TO-ATM: Run intro.
20230310 050242.746 INFO             PET0     OCN-TO-ATM: Run extro.
20230310 050242.747 INFO             PET0     atmA: Run intro.
20230310 050242.747 INFO             PET0       ------>Advancing ATM from: 2010  6  1  0 15  0   0
20230310 050242.747 INFO             PET0       ---------------------> to: 2010  6  1  0 30  0   0
20230310 050242.747 INFO             PET0     atmA: Run extro.
20230310 050242.747 INFO             PET0     ocnA: Run intro.
20230310 050242.747 INFO             PET0       ------>Advancing OCN from: 2010  6  1  0 15  0   0
20230310 050242.747 INFO             PET0       ---------------------> to: 2010  6  1  0 20  0   0
20230310 050242.747 INFO             PET0       ------>Advancing OCN from: 2010  6  1  0 20  0   0
20230310 050242.747 INFO             PET0       ---------------------> to: 2010  6  1  0 25  0   0
20230310 050242.747 INFO             PET0       ------>Advancing OCN from: 2010  6  1  0 25  0   0
20230310 050242.747 INFO             PET0       ---------------------> to: 2010  6  1  0 30  0   0
20230310 050242.747 INFO             PET0     ocnA: Run extro.
20230310 050242.747 INFO             PET0     esm: RunSequence event loopLevel=   1  levelMember=   1  loopIteration=   3, current time: 2010  6  1  0 30  0   0
20230310 050242.748 INFO             PET0     ATM-TO-OCN: Run intro.
20230310 050242.748 INFO             PET0     ATM-TO-OCN: Run extro.
20230310 050242.748 INFO             PET0     OCN-TO-ATM: Run intro.
20230310 050242.748 INFO             PET0     OCN-TO-ATM: Run extro.
20230310 050242.748 INFO             PET0     atmA: Run intro.
20230310 050242.749 INFO             PET0       ------>Advancing ATM from: 2010  6  1  0 30  0   0
20230310 050242.749 INFO             PET0       ---------------------> to: 2010  6  1  0 45  0   0
20230310 050242.749 INFO             PET0     atmA: Run extro.
20230310 050242.749 INFO             PET0     ocnA: Run intro.
20230310 050242.749 INFO             PET0       ------>Advancing OCN from: 2010  6  1  0 30  0   0
20230310 050242.749 INFO             PET0       ---------------------> to: 2010  6  1  0 35  0   0
20230310 050242.749 INFO             PET0       ------>Advancing OCN from: 2010  6  1  0 35  0   0
20230310 050242.749 INFO             PET0       ---------------------> to: 2010  6  1  0 40  0   0
20230310 050242.749 INFO             PET0       ------>Advancing OCN from: 2010  6  1  0 40  0   0
20230310 050242.749 INFO             PET0       ---------------------> to: 2010  6  1  0 45  0   0
20230310 050242.749 INFO             PET0     ocnA: Run extro.
20230310 050242.749 INFO             PET0     esm: RunSequence event loopLevel=   1  levelMember=   1  loopIteration=   4, current time: 2010  6  1  0 45  0   0
20230310 050242.749 INFO             PET0     ATM-TO-OCN: Run intro.
20230310 050242.750 INFO             PET0     ATM-TO-OCN: Run extro.
20230310 050242.750 INFO             PET0     OCN-TO-ATM: Run intro.
20230310 050242.750 INFO             PET0     OCN-TO-ATM: Run extro.
20230310 050242.750 INFO             PET0     atmA: Run intro.
20230310 050242.750 INFO             PET0       ------>Advancing ATM from: 2010  6  1  0 45  0   0
20230310 050242.750 INFO             PET0       ---------------------> to: 2010  6  1  1  0  0   0
20230310 050242.750 INFO             PET0     atmA: Run extro.
20230310 050242.751 INFO             PET0     ocnA: Run intro.
20230310 050242.751 INFO             PET0       ------>Advancing OCN from: 2010  6  1  0 45  0   0
20230310 050242.751 INFO             PET0       ---------------------> to: 2010  6  1  0 50  0   0
20230310 050242.751 INFO             PET0       ------>Advancing OCN from: 2010  6  1  0 50  0   0
20230310 050242.751 INFO             PET0       ---------------------> to: 2010  6  1  0 55  0   0
20230310 050242.751 INFO             PET0       ------>Advancing OCN from: 2010  6  1  0 55  0   0
20230310 050242.751 INFO             PET0       ---------------------> to: 2010  6  1  1  0  0   0
20230310 050242.751 INFO             PET0     ocnA: Run extro.
20230310 050242.751 INFO             PET0   esm: end <--------- RunSequence
20230310 050242.751 INFO             PET0   <<<esm - leaving Run with current time: 2010  6  1  1  0  0   0
20230310 050242.751 INFO             PET0 esm: Run extro.
20230310 050242.751 INFO             PET0 esm: Finalize intro.
20230310 050242.751 INFO             PET0   Calling Finalize phase 1 for connectorComp: ATM-TO-OCN
20230310 050242.751 INFO             PET0   ATM-TO-OCN: Finalize intro.
20230310 050242.751 INFO             PET0   ATM-TO-OCN: Finalize extro.
20230310 050242.751 INFO             PET0   Calling Finalize phase 1 for connectorComp: OCN-TO-ATM
20230310 050242.752 INFO             PET0   OCN-TO-ATM: Finalize intro.
20230310 050242.752 INFO             PET0   OCN-TO-ATM: Finalize extro.
20230310 050242.752 INFO             PET0   Calling Finalize phase 1 for modelComp: atmA
20230310 050242.752 INFO             PET0   atmA: Finalize intro.
20230310 050242.752 INFO             PET0   atmA: Finalize extro.
20230310 050242.752 INFO             PET0   Calling Finalize phase 1 for modelComp: ocnA
20230310 050242.752 INFO             PET0   ocnA: Finalize intro.
20230310 050242.752 INFO             PET0   ocnA: Finalize extro.
20230310 050242.752 INFO             PET0   Delete modelComp: atmA
20230310 050242.752 INFO             PET0   Delete Import-/Export State for modelComp: atmA
20230310 050242.752 INFO             PET0   Delete modelComp: ocnA
20230310 050242.752 INFO             PET0   Delete Import-/Export State for modelComp: ocnA
20230310 050242.752 INFO             PET0   Delete connectorComp: ATM-TO-OCN
20230310 050242.752 INFO             PET0   Delete connectorComp: OCN-TO-ATM
20230310 050242.752 INFO             PET0 esm: Finalize extro.
20230310 050242.753 INFO             PET0 esmApp FINISHED
20230310 050242.753 INFO             PET0 Finalizing ESMF
20230310 050242.360 INFO             PET1 !!!!!!!!!!!!!!!!!!!!!!!!!!!!!!!!!!!!!!!!!!!!!!!!!!!!!!
20230310 050242.360 INFO             PET1 !!! THE ESMF_LOG IS SET TO OUTPUT ALL LOG MESSAGES !!!
20230310 050242.360 INFO             PET1 !!!     THIS MAY CAUSE SLOWDOWN IN PERFORMANCE     !!!
20230310 050242.360 INFO             PET1 !!! FOR PRODUCTION RUNS, USE:                      !!!
20230310 050242.360 INFO             PET1 !!!                   ESMF_LOGKIND_Multi_On_Error  !!!
20230310 050242.360 INFO             PET1 !!!!!!!!!!!!!!!!!!!!!!!!!!!!!!!!!!!!!!!!!!!!!!!!!!!!!!
20230310 050242.360 INFO             PET1 Running with ESMF Version   : v8.5.0b18-2-g3a4fb969bb
20230310 050242.360 INFO             PET1 ESMF library build date/time: "Mar 10 2023" "04:25:33"
20230310 050242.361 INFO             PET1 ESMF library build location : /project/esmf/theurich/ESMF-Nightly-Testing/gfortran_8.1.0_openmpi_g_develop/esmf
20230310 050242.361 INFO             PET1 ESMF_COMM                   : openmpi
20230310 050242.361 INFO             PET1 ESMF_MOAB                   : enabled
20230310 050242.361 INFO             PET1 ESMF_LAPACK                 : enabled
20230310 050242.361 INFO             PET1 ESMF_NETCDF                 : enabled
20230310 050242.361 INFO             PET1 ESMF_PNETCDF                : disabled
20230310 050242.361 INFO             PET1 ESMF_PIO                    : enabled
20230310 050242.361 INFO             PET1 ESMF_YAMLCPP                : enabled
20230310 050242.362 INFO             PET1 esmApp STARTING
20230310 050242.376 INFO             PET1 esm: InitializeGeneric intro.
20230310 050242.376 INFO             PET1   esm: InitializeP0 intro.
20230310 050242.376 INFO             PET1   esm: InitializeP0 extro.
20230310 050242.376 INFO             PET1   esm: InitializeIPDv02p1 intro.
20230310 050242.376 INFO             PET1     >>>esm: entered Initialize (phase=<none>) without valid internal Clock.
20230310 050242.377 INFO             PET1     esm - Creating model component ATM without petList.
20230310 050242.386 INFO             PET1     esm - Creating model component OCN without petList.
20230310 050242.394 INFO             PET1     esm - Creating connector component ATM-TO-OCN without petList.
20230310 050242.410 INFO             PET1     esm - Creating connector component OCN-TO-ATM without petList.
20230310 050242.426 INFO             PET1     esm - Creating state: modelComp 1 Import State
20230310 050242.427 INFO             PET1     esm - Creating state: modelComp 1 Export State
20230310 050242.427 INFO             PET1     esm - Creating state: modelComp 2 Import State
20230310 050242.427 INFO             PET1     esm - Creating state: modelComp 2 Export State
20230310 050242.429 INFO             PET1     ATM: InitializeP0 intro.
20230310 050242.431 INFO             PET1     ATM: InitializeP0 extro.
20230310 050242.431 INFO             PET1     OCN: InitializeP0 intro.
20230310 050242.433 INFO             PET1     OCN: InitializeP0 extro.
20230310 050242.436 INFO             PET1     ATM-TO-OCN: InitializeP0 intro.
20230310 050242.437 INFO             PET1     ATM-TO-OCN: InitializeP0 extro.
20230310 050242.438 INFO             PET1     OCN-TO-ATM: InitializeP0 intro.
20230310 050242.439 INFO             PET1     OCN-TO-ATM: InitializeP0 extro.
20230310 050242.442 INFO             PET1     esm: IInitAdvertise intro.
20230310 050242.442 INFO             PET1     esm: IInitAdvertise extro.
20230310 050242.442 INFO             PET1     ATM: InitializeIPDvXp01 intro.
20230310 050242.448 INFO             PET1     ATM: InitializeIPDvXp01 extro.
20230310 050242.448 INFO             PET1     OCN: InitializeIPDvXp01 intro.
20230310 050242.453 INFO             PET1     OCN: InitializeIPDvXp01 extro.
20230310 050242.456 INFO             PET1     ATM-TO-OCN: InitializeIPDv05p1 intro.
20230310 050242.463 INFO             PET1     ATM-TO-OCN: InitializeIPDv05p1 extro.
20230310 050242.463 INFO             PET1     OCN-TO-ATM: InitializeIPDv05p1 intro.
20230310 050242.468 INFO             PET1     OCN-TO-ATM: InitializeIPDv05p1 extro.
20230310 050242.468 INFO             PET1     esm: IInitAdvertiseFinish intro.
20230310 050242.468 INFO             PET1     esm: IInitAdvertiseFinish extro.
20230310 050242.468 INFO             PET1     ATM-TO-OCN: InitializeIPDv05p2a intro.
20230310 050242.474 INFO             PET1     ATM-TO-OCN: InitializeIPDv05p2a extro.
20230310 050242.474 INFO             PET1     OCN-TO-ATM: InitializeIPDv05p2a intro.
20230310 050242.479 INFO             PET1     OCN-TO-ATM: InitializeIPDv05p2a extro.
20230310 050242.479 INFO             PET1     ATM-TO-OCN: InitializeIPDv05p2b intro.
20230310 050242.485 INFO             PET1     ATM-TO-OCN: InitializeIPDv05p2b extro.
20230310 050242.485 INFO             PET1     OCN-TO-ATM: InitializeIPDv05p2b intro.
20230310 050242.490 INFO             PET1     OCN-TO-ATM: InitializeIPDv05p2b extro.
20230310 050242.491 INFO             PET1     esm: IInitModifyCplLists intro.
20230310 050242.491 INFO             PET1     esm: IInitModifyCplLists extro.
20230310 050242.491 INFO             PET1     ATM-TO-OCN: InitializeIPDv05p3 intro.
20230310 050242.497 INFO             PET1     ATM-TO-OCN: InitializeIPDv05p3 extro.
20230310 050242.498 INFO             PET1     OCN-TO-ATM: InitializeIPDv05p3 intro.
20230310 050242.503 INFO             PET1     OCN-TO-ATM: InitializeIPDv05p3 extro.
20230310 050242.503 INFO             PET1     <<<esm: leaving Initialize (phase=<none>) with current time: 2010  6  1  0  0  0   0
20230310 050242.503 INFO             PET1   esm: InitializeIPDv02p1 extro.
20230310 050242.503 INFO             PET1   esm: InitializeIPDv02p3 intro.
20230310 050242.503 INFO             PET1     >>>esm: entered Initialize (phase=<none>) with current time: 2010  6  1  0  0  0   0
20230310 050242.504 INFO             PET1     esm: IInitCheck intro.
20230310 050242.504 INFO             PET1     esm: IInitCheck extro.
20230310 050242.504 INFO             PET1     atmA: InitializeIPDvXp04 intro.
20230310 050242.513 INFO             PET1     atmA: InitializeIPDvXp04 extro.
20230310 050242.513 INFO             PET1     ocnA: InitializeIPDvXp04 intro.
20230310 050242.521 INFO             PET1     ocnA: InitializeIPDvXp04 extro.
20230310 050242.524 INFO             PET1     ATM-TO-OCN: InitializeIPDv05p4 intro.
20230310 050242.534 INFO             PET1     ATM-TO-OCN: InitializeIPDv05p4 extro.
20230310 050242.534 INFO             PET1     OCN-TO-ATM: InitializeIPDv05p4 intro.
20230310 050242.540 INFO             PET1     OCN-TO-ATM: InitializeIPDv05p4 extro.
20230310 050242.541 INFO             PET1     ATM-TO-OCN: InitializeIPDv05p5 intro.
20230310 050242.550 INFO             PET1     ATM-TO-OCN: InitializeIPDv05p5 extro.
20230310 050242.550 INFO             PET1     OCN-TO-ATM: InitializeIPDv05p5 intro.
20230310 050242.556 INFO             PET1     OCN-TO-ATM: InitializeIPDv05p5 extro.
20230310 050242.557 INFO             PET1     esm: IInitRealize intro.
20230310 050242.557 INFO             PET1     esm: IInitRealize extro.
20230310 050242.557 INFO             PET1     ATM-TO-OCN: InitializeIPDv05p6a intro.
20230310 050242.565 INFO             PET1     ATM-TO-OCN: InitializeIPDv05p6a extro.
20230310 050242.566 INFO             PET1     OCN-TO-ATM: InitializeIPDv05p6a intro.
20230310 050242.571 INFO             PET1     OCN-TO-ATM: InitializeIPDv05p6a extro.
20230310 050242.572 INFO             PET1     ATM-TO-OCN: InitializeIPDv05p6b intro.
20230310 050242.662 INFO             PET1     ATM-TO-OCN: InitializeIPDv05p6b extro.
20230310 050242.662 INFO             PET1     OCN-TO-ATM: InitializeIPDv05p6b intro.
20230310 050242.737 INFO             PET1     OCN-TO-ATM: InitializeIPDv05p6b extro.
20230310 050242.738 INFO             PET1     atmA: InitializeIPDvXp07 intro.
20230310 050242.738 INFO             PET1     atmA: InitializeIPDvXp07 extro.
20230310 050242.738 INFO             PET1     ocnA: InitializeIPDvXp07 intro.
20230310 050242.738 INFO             PET1     ocnA: InitializeIPDvXp07 extro.
20230310 050242.738 INFO             PET1     <<<esm: leaving Initialize (phase=<none>) with current time: 2010  6  1  0  0  0   0
20230310 050242.738 INFO             PET1   esm: InitializeIPDv02p3 extro.
20230310 050242.738 INFO             PET1   esm: InitializeIPDv02p5 intro.
20230310 050242.739 INFO             PET1     >>>esm: entered Initialize (phase=<none>) with current time: 2010  6  1  0  0  0   0
20230310 050242.739 INFO             PET1     esm: this is a top level driver, no 'Updated' and 'InitializeDataComplete' info on this level.
20230310 050242.739 INFO             PET1     esm: InitializeIPDv02p5Data intro.
20230310 050242.739 INFO             PET1       esm: InternalInitializeComplete intro.
20230310 050242.739 INFO             PET1         esm: InitializeDataComplete='true'
20230310 050242.739 INFO             PET1       esm: InternalInitializeComplete extro.
20230310 050242.739 INFO             PET1       atmA: InitializeIPDv01p5 intro.
20230310 050242.739 INFO             PET1       atmA: InitializeIPDv01p5 extro.
20230310 050242.740 INFO             PET1       ocnA: InitializeIPDv01p5 intro.
20230310 050242.740 INFO             PET1       ocnA: InitializeIPDv01p5 extro.
20230310 050242.742 INFO             PET1       esm: components present that trigger loopDataDependentInitialize().
20230310 050242.742 INFO             PET1       esm: loopDataDependentInitialize intro.
20230310 050242.742 INFO             PET1         esm: component    0=esm, dataComplete (local): true
20230310 050242.742 INFO             PET1         esm: component    0=esm, dataComplete (global): T
20230310 050242.743 INFO             PET1         esm: component    1=atmA, dataComplete (local): true
20230310 050242.743 INFO             PET1         esm: component    1=atmA, dataComplete (global): T
20230310 050242.743 INFO             PET1         esm: component    2=ocnA, dataComplete (local): true
20230310 050242.743 INFO             PET1         esm: component    2=ocnA, dataComplete (global): T
20230310 050242.743 INFO             PET1         esm: someProgress=F, allComplete=T, present(dataDepAllComplete)=T
20230310 050242.743 INFO             PET1         esm: finished resolving initialize data dependencies on this level.
20230310 050242.743 INFO             PET1       esm: loopDataDependentInitialize extro.
20230310 050242.743 INFO             PET1       esm: loopDataDependentInitialize() returned with dataDepAllComplete: T
20230310 050242.743 INFO             PET1     esm: InitializeIPDv02p5Data extro.
20230310 050242.743 INFO             PET1     <<<esm: leaving Initialize (phase=<none>) with current time: 2010  6  1  0  0  0   0
20230310 050242.743 INFO             PET1   esm: InitializeIPDv02p5 extro.
20230310 050242.743 INFO             PET1 esm: InitializeGeneric extro.
20230310 050242.743 INFO             PET1 esm: Run intro.
20230310 050242.743 INFO             PET1   >>>esm entered Run (phase=RunPhase1) with current time: 2010  6  1  0  0  0   0
20230310 050242.743 INFO             PET1   esm: after lable_SetRunClock, current time: 2010  6  1  0  0  0   0
20230310 050242.743 INFO             PET1   esm: begin -------> RunSequence.
20230310 050242.743 INFO             PET1     esm: RunSequence event loopLevel=   1  levelMember=   1  loopIteration=   1, current time: 2010  6  1  0  0  0   0
20230310 050242.743 INFO             PET1     ATM-TO-OCN: Run intro.
20230310 050242.744 INFO             PET1     ATM-TO-OCN: Run extro.
20230310 050242.744 INFO             PET1     OCN-TO-ATM: Run intro.
20230310 050242.744 INFO             PET1     OCN-TO-ATM: Run extro.
20230310 050242.745 INFO             PET1     atmA: Run intro.
20230310 050242.745 INFO             PET1       ------>Advancing ATM from: 2010  6  1  0  0  0   0
20230310 050242.745 INFO             PET1       ---------------------> to: 2010  6  1  0 15  0   0
20230310 050242.745 INFO             PET1     atmA: Run extro.
20230310 050242.745 INFO             PET1     ocnA: Run intro.
20230310 050242.745 INFO             PET1       ------>Advancing OCN from: 2010  6  1  0  0  0   0
20230310 050242.745 INFO             PET1       ---------------------> to: 2010  6  1  0  5  0   0
20230310 050242.745 INFO             PET1       ------>Advancing OCN from: 2010  6  1  0  5  0   0
20230310 050242.745 INFO             PET1       ---------------------> to: 2010  6  1  0 10  0   0
20230310 050242.746 INFO             PET1       ------>Advancing OCN from: 2010  6  1  0 10  0   0
20230310 050242.746 INFO             PET1       ---------------------> to: 2010  6  1  0 15  0   0
20230310 050242.746 INFO             PET1     ocnA: Run extro.
20230310 050242.746 INFO             PET1     esm: RunSequence event loopLevel=   1  levelMember=   1  loopIteration=   2, current time: 2010  6  1  0 15  0   0
20230310 050242.746 INFO             PET1     ATM-TO-OCN: Run intro.
20230310 050242.746 INFO             PET1     ATM-TO-OCN: Run extro.
20230310 050242.746 INFO             PET1     OCN-TO-ATM: Run intro.
20230310 050242.746 INFO             PET1     OCN-TO-ATM: Run extro.
20230310 050242.747 INFO             PET1     atmA: Run intro.
20230310 050242.747 INFO             PET1       ------>Advancing ATM from: 2010  6  1  0 15  0   0
20230310 050242.747 INFO             PET1       ---------------------> to: 2010  6  1  0 30  0   0
20230310 050242.747 INFO             PET1     atmA: Run extro.
20230310 050242.747 INFO             PET1     ocnA: Run intro.
20230310 050242.747 INFO             PET1       ------>Advancing OCN from: 2010  6  1  0 15  0   0
20230310 050242.747 INFO             PET1       ---------------------> to: 2010  6  1  0 20  0   0
20230310 050242.747 INFO             PET1       ------>Advancing OCN from: 2010  6  1  0 20  0   0
20230310 050242.747 INFO             PET1       ---------------------> to: 2010  6  1  0 25  0   0
20230310 050242.747 INFO             PET1       ------>Advancing OCN from: 2010  6  1  0 25  0   0
20230310 050242.747 INFO             PET1       ---------------------> to: 2010  6  1  0 30  0   0
20230310 050242.747 INFO             PET1     ocnA: Run extro.
20230310 050242.747 INFO             PET1     esm: RunSequence event loopLevel=   1  levelMember=   1  loopIteration=   3, current time: 2010  6  1  0 30  0   0
20230310 050242.748 INFO             PET1     ATM-TO-OCN: Run intro.
20230310 050242.748 INFO             PET1     ATM-TO-OCN: Run extro.
20230310 050242.748 INFO             PET1     OCN-TO-ATM: Run intro.
20230310 050242.748 INFO             PET1     OCN-TO-ATM: Run extro.
20230310 050242.748 INFO             PET1     atmA: Run intro.
20230310 050242.749 INFO             PET1       ------>Advancing ATM from: 2010  6  1  0 30  0   0
20230310 050242.749 INFO             PET1       ---------------------> to: 2010  6  1  0 45  0   0
20230310 050242.749 INFO             PET1     atmA: Run extro.
20230310 050242.749 INFO             PET1     ocnA: Run intro.
20230310 050242.749 INFO             PET1       ------>Advancing OCN from: 2010  6  1  0 30  0   0
20230310 050242.749 INFO             PET1       ---------------------> to: 2010  6  1  0 35  0   0
20230310 050242.749 INFO             PET1       ------>Advancing OCN from: 2010  6  1  0 35  0   0
20230310 050242.749 INFO             PET1       ---------------------> to: 2010  6  1  0 40  0   0
20230310 050242.749 INFO             PET1       ------>Advancing OCN from: 2010  6  1  0 40  0   0
20230310 050242.749 INFO             PET1       ---------------------> to: 2010  6  1  0 45  0   0
20230310 050242.749 INFO             PET1     ocnA: Run extro.
20230310 050242.749 INFO             PET1     esm: RunSequence event loopLevel=   1  levelMember=   1  loopIteration=   4, current time: 2010  6  1  0 45  0   0
20230310 050242.749 INFO             PET1     ATM-TO-OCN: Run intro.
20230310 050242.750 INFO             PET1     ATM-TO-OCN: Run extro.
20230310 050242.750 INFO             PET1     OCN-TO-ATM: Run intro.
20230310 050242.750 INFO             PET1     OCN-TO-ATM: Run extro.
20230310 050242.750 INFO             PET1     atmA: Run intro.
20230310 050242.750 INFO             PET1       ------>Advancing ATM from: 2010  6  1  0 45  0   0
20230310 050242.750 INFO             PET1       ---------------------> to: 2010  6  1  1  0  0   0
20230310 050242.750 INFO             PET1     atmA: Run extro.
20230310 050242.751 INFO             PET1     ocnA: Run intro.
20230310 050242.751 INFO             PET1       ------>Advancing OCN from: 2010  6  1  0 45  0   0
20230310 050242.751 INFO             PET1       ---------------------> to: 2010  6  1  0 50  0   0
20230310 050242.751 INFO             PET1       ------>Advancing OCN from: 2010  6  1  0 50  0   0
20230310 050242.751 INFO             PET1       ---------------------> to: 2010  6  1  0 55  0   0
20230310 050242.751 INFO             PET1       ------>Advancing OCN from: 2010  6  1  0 55  0   0
20230310 050242.751 INFO             PET1       ---------------------> to: 2010  6  1  1  0  0   0
20230310 050242.751 INFO             PET1     ocnA: Run extro.
20230310 050242.751 INFO             PET1   esm: end <--------- RunSequence
20230310 050242.751 INFO             PET1   <<<esm - leaving Run with current time: 2010  6  1  1  0  0   0
20230310 050242.751 INFO             PET1 esm: Run extro.
20230310 050242.751 INFO             PET1 esm: Finalize intro.
20230310 050242.751 INFO             PET1   Calling Finalize phase 1 for connectorComp: ATM-TO-OCN
20230310 050242.751 INFO             PET1   ATM-TO-OCN: Finalize intro.
20230310 050242.751 INFO             PET1   ATM-TO-OCN: Finalize extro.
20230310 050242.751 INFO             PET1   Calling Finalize phase 1 for connectorComp: OCN-TO-ATM
20230310 050242.752 INFO             PET1   OCN-TO-ATM: Finalize intro.
20230310 050242.752 INFO             PET1   OCN-TO-ATM: Finalize extro.
20230310 050242.752 INFO             PET1   Calling Finalize phase 1 for modelComp: atmA
20230310 050242.752 INFO             PET1   atmA: Finalize intro.
20230310 050242.752 INFO             PET1   atmA: Finalize extro.
20230310 050242.752 INFO             PET1   Calling Finalize phase 1 for modelComp: ocnA
20230310 050242.752 INFO             PET1   ocnA: Finalize intro.
20230310 050242.752 INFO             PET1   ocnA: Finalize extro.
20230310 050242.752 INFO             PET1   Delete modelComp: atmA
20230310 050242.752 INFO             PET1   Delete Import-/Export State for modelComp: atmA
20230310 050242.752 INFO             PET1   Delete modelComp: ocnA
20230310 050242.752 INFO             PET1   Delete Import-/Export State for modelComp: ocnA
20230310 050242.752 INFO             PET1   Delete connectorComp: ATM-TO-OCN
20230310 050242.752 INFO             PET1   Delete connectorComp: OCN-TO-ATM
20230310 050242.752 INFO             PET1 esm: Finalize extro.
20230310 050242.753 INFO             PET1 esmApp FINISHED
20230310 050242.753 INFO             PET1 Finalizing ESMF
20230310 050242.361 INFO             PET2 !!!!!!!!!!!!!!!!!!!!!!!!!!!!!!!!!!!!!!!!!!!!!!!!!!!!!!
20230310 050242.361 INFO             PET2 !!! THE ESMF_LOG IS SET TO OUTPUT ALL LOG MESSAGES !!!
20230310 050242.361 INFO             PET2 !!!     THIS MAY CAUSE SLOWDOWN IN PERFORMANCE     !!!
20230310 050242.361 INFO             PET2 !!! FOR PRODUCTION RUNS, USE:                      !!!
20230310 050242.362 INFO             PET2 !!!                   ESMF_LOGKIND_Multi_On_Error  !!!
20230310 050242.362 INFO             PET2 !!!!!!!!!!!!!!!!!!!!!!!!!!!!!!!!!!!!!!!!!!!!!!!!!!!!!!
20230310 050242.362 INFO             PET2 Running with ESMF Version   : v8.5.0b18-2-g3a4fb969bb
20230310 050242.362 INFO             PET2 ESMF library build date/time: "Mar 10 2023" "04:25:33"
20230310 050242.362 INFO             PET2 ESMF library build location : /project/esmf/theurich/ESMF-Nightly-Testing/gfortran_8.1.0_openmpi_g_develop/esmf
20230310 050242.362 INFO             PET2 ESMF_COMM                   : openmpi
20230310 050242.362 INFO             PET2 ESMF_MOAB                   : enabled
20230310 050242.362 INFO             PET2 ESMF_LAPACK                 : enabled
20230310 050242.362 INFO             PET2 ESMF_NETCDF                 : enabled
20230310 050242.362 INFO             PET2 ESMF_PNETCDF                : disabled
20230310 050242.362 INFO             PET2 ESMF_PIO                    : enabled
20230310 050242.362 INFO             PET2 ESMF_YAMLCPP                : enabled
20230310 050242.362 INFO             PET2 esmApp STARTING
20230310 050242.371 INFO             PET2 esm: InitializeGeneric intro.
20230310 050242.372 INFO             PET2   esm: InitializeP0 intro.
20230310 050242.372 INFO             PET2   esm: InitializeP0 extro.
20230310 050242.372 INFO             PET2   esm: InitializeIPDv02p1 intro.
20230310 050242.372 INFO             PET2     >>>esm: entered Initialize (phase=<none>) without valid internal Clock.
20230310 050242.377 INFO             PET2     esm - Creating model component ATM without petList.
20230310 050242.386 INFO             PET2     esm - Creating model component OCN without petList.
20230310 050242.391 INFO             PET2     esm - Creating connector component ATM-TO-OCN without petList.
20230310 050242.404 INFO             PET2     esm - Creating connector component OCN-TO-ATM without petList.
20230310 050242.420 INFO             PET2     esm - Creating state: modelComp 1 Import State
20230310 050242.420 INFO             PET2     esm - Creating state: modelComp 1 Export State
20230310 050242.421 INFO             PET2     esm - Creating state: modelComp 2 Import State
20230310 050242.421 INFO             PET2     esm - Creating state: modelComp 2 Export State
20230310 050242.423 INFO             PET2     ATM: InitializeP0 intro.
20230310 050242.425 INFO             PET2     ATM: InitializeP0 extro.
20230310 050242.425 INFO             PET2     OCN: InitializeP0 intro.
20230310 050242.427 INFO             PET2     OCN: InitializeP0 extro.
20230310 050242.436 INFO             PET2     ATM-TO-OCN: InitializeP0 intro.
20230310 050242.437 INFO             PET2     ATM-TO-OCN: InitializeP0 extro.
20230310 050242.438 INFO             PET2     OCN-TO-ATM: InitializeP0 intro.
20230310 050242.439 INFO             PET2     OCN-TO-ATM: InitializeP0 extro.
20230310 050242.442 INFO             PET2     esm: IInitAdvertise intro.
20230310 050242.442 INFO             PET2     esm: IInitAdvertise extro.
20230310 050242.442 INFO             PET2     ATM: InitializeIPDvXp01 intro.
20230310 050242.448 INFO             PET2     ATM: InitializeIPDvXp01 extro.
20230310 050242.448 INFO             PET2     OCN: InitializeIPDvXp01 intro.
20230310 050242.454 INFO             PET2     OCN: InitializeIPDvXp01 extro.
20230310 050242.456 INFO             PET2     ATM-TO-OCN: InitializeIPDv05p1 intro.
20230310 050242.463 INFO             PET2     ATM-TO-OCN: InitializeIPDv05p1 extro.
20230310 050242.463 INFO             PET2     OCN-TO-ATM: InitializeIPDv05p1 intro.
20230310 050242.468 INFO             PET2     OCN-TO-ATM: InitializeIPDv05p1 extro.
20230310 050242.468 INFO             PET2     esm: IInitAdvertiseFinish intro.
20230310 050242.468 INFO             PET2     esm: IInitAdvertiseFinish extro.
20230310 050242.468 INFO             PET2     ATM-TO-OCN: InitializeIPDv05p2a intro.
20230310 050242.474 INFO             PET2     ATM-TO-OCN: InitializeIPDv05p2a extro.
20230310 050242.474 INFO             PET2     OCN-TO-ATM: InitializeIPDv05p2a intro.
20230310 050242.479 INFO             PET2     OCN-TO-ATM: InitializeIPDv05p2a extro.
20230310 050242.479 INFO             PET2     ATM-TO-OCN: InitializeIPDv05p2b intro.
20230310 050242.485 INFO             PET2     ATM-TO-OCN: InitializeIPDv05p2b extro.
20230310 050242.486 INFO             PET2     OCN-TO-ATM: InitializeIPDv05p2b intro.
20230310 050242.490 INFO             PET2     OCN-TO-ATM: InitializeIPDv05p2b extro.
20230310 050242.491 INFO             PET2     esm: IInitModifyCplLists intro.
20230310 050242.491 INFO             PET2     esm: IInitModifyCplLists extro.
20230310 050242.491 INFO             PET2     ATM-TO-OCN: InitializeIPDv05p3 intro.
20230310 050242.498 INFO             PET2     ATM-TO-OCN: InitializeIPDv05p3 extro.
20230310 050242.498 INFO             PET2     OCN-TO-ATM: InitializeIPDv05p3 intro.
20230310 050242.503 INFO             PET2     OCN-TO-ATM: InitializeIPDv05p3 extro.
20230310 050242.503 INFO             PET2     <<<esm: leaving Initialize (phase=<none>) with current time: 2010  6  1  0  0  0   0
20230310 050242.503 INFO             PET2   esm: InitializeIPDv02p1 extro.
20230310 050242.503 INFO             PET2   esm: InitializeIPDv02p3 intro.
20230310 050242.503 INFO             PET2     >>>esm: entered Initialize (phase=<none>) with current time: 2010  6  1  0  0  0   0
20230310 050242.504 INFO             PET2     esm: IInitCheck intro.
20230310 050242.504 INFO             PET2     esm: IInitCheck extro.
20230310 050242.504 INFO             PET2     atmA: InitializeIPDvXp04 intro.
20230310 050242.513 INFO             PET2     atmA: InitializeIPDvXp04 extro.
20230310 050242.513 INFO             PET2     ocnA: InitializeIPDvXp04 intro.
20230310 050242.521 INFO             PET2     ocnA: InitializeIPDvXp04 extro.
20230310 050242.524 INFO             PET2     ATM-TO-OCN: InitializeIPDv05p4 intro.
20230310 050242.534 INFO             PET2     ATM-TO-OCN: InitializeIPDv05p4 extro.
20230310 050242.534 INFO             PET2     OCN-TO-ATM: InitializeIPDv05p4 intro.
20230310 050242.540 INFO             PET2     OCN-TO-ATM: InitializeIPDv05p4 extro.
20230310 050242.541 INFO             PET2     ATM-TO-OCN: InitializeIPDv05p5 intro.
20230310 050242.550 INFO             PET2     ATM-TO-OCN: InitializeIPDv05p5 extro.
20230310 050242.550 INFO             PET2     OCN-TO-ATM: InitializeIPDv05p5 intro.
20230310 050242.556 INFO             PET2     OCN-TO-ATM: InitializeIPDv05p5 extro.
20230310 050242.557 INFO             PET2     esm: IInitRealize intro.
20230310 050242.557 INFO             PET2     esm: IInitRealize extro.
20230310 050242.557 INFO             PET2     ATM-TO-OCN: InitializeIPDv05p6a intro.
20230310 050242.565 INFO             PET2     ATM-TO-OCN: InitializeIPDv05p6a extro.
20230310 050242.566 INFO             PET2     OCN-TO-ATM: InitializeIPDv05p6a intro.
20230310 050242.571 INFO             PET2     OCN-TO-ATM: InitializeIPDv05p6a extro.
20230310 050242.572 INFO             PET2     ATM-TO-OCN: InitializeIPDv05p6b intro.
20230310 050242.662 INFO             PET2     ATM-TO-OCN: InitializeIPDv05p6b extro.
20230310 050242.662 INFO             PET2     OCN-TO-ATM: InitializeIPDv05p6b intro.
20230310 050242.737 INFO             PET2     OCN-TO-ATM: InitializeIPDv05p6b extro.
20230310 050242.738 INFO             PET2     atmA: InitializeIPDvXp07 intro.
20230310 050242.738 INFO             PET2     atmA: InitializeIPDvXp07 extro.
20230310 050242.738 INFO             PET2     ocnA: InitializeIPDvXp07 intro.
20230310 050242.738 INFO             PET2     ocnA: InitializeIPDvXp07 extro.
20230310 050242.738 INFO             PET2     <<<esm: leaving Initialize (phase=<none>) with current time: 2010  6  1  0  0  0   0
20230310 050242.738 INFO             PET2   esm: InitializeIPDv02p3 extro.
20230310 050242.738 INFO             PET2   esm: InitializeIPDv02p5 intro.
20230310 050242.739 INFO             PET2     >>>esm: entered Initialize (phase=<none>) with current time: 2010  6  1  0  0  0   0
20230310 050242.739 INFO             PET2     esm: this is a top level driver, no 'Updated' and 'InitializeDataComplete' info on this level.
20230310 050242.739 INFO             PET2     esm: InitializeIPDv02p5Data intro.
20230310 050242.739 INFO             PET2       esm: InternalInitializeComplete intro.
20230310 050242.739 INFO             PET2         esm: InitializeDataComplete='true'
20230310 050242.739 INFO             PET2       esm: InternalInitializeComplete extro.
20230310 050242.739 INFO             PET2       atmA: InitializeIPDv01p5 intro.
20230310 050242.739 INFO             PET2       atmA: InitializeIPDv01p5 extro.
20230310 050242.740 INFO             PET2       ocnA: InitializeIPDv01p5 intro.
20230310 050242.740 INFO             PET2       ocnA: InitializeIPDv01p5 extro.
20230310 050242.742 INFO             PET2       esm: components present that trigger loopDataDependentInitialize().
20230310 050242.742 INFO             PET2       esm: loopDataDependentInitialize intro.
20230310 050242.742 INFO             PET2         esm: component    0=esm, dataComplete (local): true
20230310 050242.742 INFO             PET2         esm: component    0=esm, dataComplete (global): T
20230310 050242.743 INFO             PET2         esm: component    1=atmA, dataComplete (local): true
20230310 050242.743 INFO             PET2         esm: component    1=atmA, dataComplete (global): T
20230310 050242.743 INFO             PET2         esm: component    2=ocnA, dataComplete (local): true
20230310 050242.743 INFO             PET2         esm: component    2=ocnA, dataComplete (global): T
20230310 050242.743 INFO             PET2         esm: someProgress=F, allComplete=T, present(dataDepAllComplete)=T
20230310 050242.743 INFO             PET2         esm: finished resolving initialize data dependencies on this level.
20230310 050242.743 INFO             PET2       esm: loopDataDependentInitialize extro.
20230310 050242.743 INFO             PET2       esm: loopDataDependentInitialize() returned with dataDepAllComplete: T
20230310 050242.743 INFO             PET2     esm: InitializeIPDv02p5Data extro.
20230310 050242.743 INFO             PET2     <<<esm: leaving Initialize (phase=<none>) with current time: 2010  6  1  0  0  0   0
20230310 050242.743 INFO             PET2   esm: InitializeIPDv02p5 extro.
20230310 050242.743 INFO             PET2 esm: InitializeGeneric extro.
20230310 050242.743 INFO             PET2 esm: Run intro.
20230310 050242.743 INFO             PET2   >>>esm entered Run (phase=RunPhase1) with current time: 2010  6  1  0  0  0   0
20230310 050242.743 INFO             PET2   esm: after lable_SetRunClock, current time: 2010  6  1  0  0  0   0
20230310 050242.743 INFO             PET2   esm: begin -------> RunSequence.
20230310 050242.743 INFO             PET2     esm: RunSequence event loopLevel=   1  levelMember=   1  loopIteration=   1, current time: 2010  6  1  0  0  0   0
20230310 050242.743 INFO             PET2     ATM-TO-OCN: Run intro.
20230310 050242.744 INFO             PET2     ATM-TO-OCN: Run extro.
20230310 050242.744 INFO             PET2     OCN-TO-ATM: Run intro.
20230310 050242.744 INFO             PET2     OCN-TO-ATM: Run extro.
20230310 050242.745 INFO             PET2     atmA: Run intro.
20230310 050242.745 INFO             PET2       ------>Advancing ATM from: 2010  6  1  0  0  0   0
20230310 050242.745 INFO             PET2       ---------------------> to: 2010  6  1  0 15  0   0
20230310 050242.745 INFO             PET2     atmA: Run extro.
20230310 050242.745 INFO             PET2     ocnA: Run intro.
20230310 050242.745 INFO             PET2       ------>Advancing OCN from: 2010  6  1  0  0  0   0
20230310 050242.745 INFO             PET2       ---------------------> to: 2010  6  1  0  5  0   0
20230310 050242.745 INFO             PET2       ------>Advancing OCN from: 2010  6  1  0  5  0   0
20230310 050242.745 INFO             PET2       ---------------------> to: 2010  6  1  0 10  0   0
20230310 050242.746 INFO             PET2       ------>Advancing OCN from: 2010  6  1  0 10  0   0
20230310 050242.746 INFO             PET2       ---------------------> to: 2010  6  1  0 15  0   0
20230310 050242.746 INFO             PET2     ocnA: Run extro.
20230310 050242.746 INFO             PET2     esm: RunSequence event loopLevel=   1  levelMember=   1  loopIteration=   2, current time: 2010  6  1  0 15  0   0
20230310 050242.746 INFO             PET2     ATM-TO-OCN: Run intro.
20230310 050242.746 INFO             PET2     ATM-TO-OCN: Run extro.
20230310 050242.746 INFO             PET2     OCN-TO-ATM: Run intro.
20230310 050242.746 INFO             PET2     OCN-TO-ATM: Run extro.
20230310 050242.747 INFO             PET2     atmA: Run intro.
20230310 050242.747 INFO             PET2       ------>Advancing ATM from: 2010  6  1  0 15  0   0
20230310 050242.747 INFO             PET2       ---------------------> to: 2010  6  1  0 30  0   0
20230310 050242.747 INFO             PET2     atmA: Run extro.
20230310 050242.747 INFO             PET2     ocnA: Run intro.
20230310 050242.747 INFO             PET2       ------>Advancing OCN from: 2010  6  1  0 15  0   0
20230310 050242.747 INFO             PET2       ---------------------> to: 2010  6  1  0 20  0   0
20230310 050242.747 INFO             PET2       ------>Advancing OCN from: 2010  6  1  0 20  0   0
20230310 050242.747 INFO             PET2       ---------------------> to: 2010  6  1  0 25  0   0
20230310 050242.747 INFO             PET2       ------>Advancing OCN from: 2010  6  1  0 25  0   0
20230310 050242.747 INFO             PET2       ---------------------> to: 2010  6  1  0 30  0   0
20230310 050242.747 INFO             PET2     ocnA: Run extro.
20230310 050242.747 INFO             PET2     esm: RunSequence event loopLevel=   1  levelMember=   1  loopIteration=   3, current time: 2010  6  1  0 30  0   0
20230310 050242.748 INFO             PET2     ATM-TO-OCN: Run intro.
20230310 050242.748 INFO             PET2     ATM-TO-OCN: Run extro.
20230310 050242.748 INFO             PET2     OCN-TO-ATM: Run intro.
20230310 050242.748 INFO             PET2     OCN-TO-ATM: Run extro.
20230310 050242.748 INFO             PET2     atmA: Run intro.
20230310 050242.749 INFO             PET2       ------>Advancing ATM from: 2010  6  1  0 30  0   0
20230310 050242.749 INFO             PET2       ---------------------> to: 2010  6  1  0 45  0   0
20230310 050242.749 INFO             PET2     atmA: Run extro.
20230310 050242.749 INFO             PET2     ocnA: Run intro.
20230310 050242.749 INFO             PET2       ------>Advancing OCN from: 2010  6  1  0 30  0   0
20230310 050242.749 INFO             PET2       ---------------------> to: 2010  6  1  0 35  0   0
20230310 050242.749 INFO             PET2       ------>Advancing OCN from: 2010  6  1  0 35  0   0
20230310 050242.749 INFO             PET2       ---------------------> to: 2010  6  1  0 40  0   0
20230310 050242.749 INFO             PET2       ------>Advancing OCN from: 2010  6  1  0 40  0   0
20230310 050242.749 INFO             PET2       ---------------------> to: 2010  6  1  0 45  0   0
20230310 050242.749 INFO             PET2     ocnA: Run extro.
20230310 050242.749 INFO             PET2     esm: RunSequence event loopLevel=   1  levelMember=   1  loopIteration=   4, current time: 2010  6  1  0 45  0   0
20230310 050242.749 INFO             PET2     ATM-TO-OCN: Run intro.
20230310 050242.750 INFO             PET2     ATM-TO-OCN: Run extro.
20230310 050242.750 INFO             PET2     OCN-TO-ATM: Run intro.
20230310 050242.750 INFO             PET2     OCN-TO-ATM: Run extro.
20230310 050242.750 INFO             PET2     atmA: Run intro.
20230310 050242.750 INFO             PET2       ------>Advancing ATM from: 2010  6  1  0 45  0   0
20230310 050242.750 INFO             PET2       ---------------------> to: 2010  6  1  1  0  0   0
20230310 050242.750 INFO             PET2     atmA: Run extro.
20230310 050242.751 INFO             PET2     ocnA: Run intro.
20230310 050242.751 INFO             PET2       ------>Advancing OCN from: 2010  6  1  0 45  0   0
20230310 050242.751 INFO             PET2       ---------------------> to: 2010  6  1  0 50  0   0
20230310 050242.751 INFO             PET2       ------>Advancing OCN from: 2010  6  1  0 50  0   0
20230310 050242.751 INFO             PET2       ---------------------> to: 2010  6  1  0 55  0   0
20230310 050242.751 INFO             PET2       ------>Advancing OCN from: 2010  6  1  0 55  0   0
20230310 050242.751 INFO             PET2       ---------------------> to: 2010  6  1  1  0  0   0
20230310 050242.751 INFO             PET2     ocnA: Run extro.
20230310 050242.751 INFO             PET2   esm: end <--------- RunSequence
20230310 050242.751 INFO             PET2   <<<esm - leaving Run with current time: 2010  6  1  1  0  0   0
20230310 050242.751 INFO             PET2 esm: Run extro.
20230310 050242.751 INFO             PET2 esm: Finalize intro.
20230310 050242.751 INFO             PET2   Calling Finalize phase 1 for connectorComp: ATM-TO-OCN
20230310 050242.751 INFO             PET2   ATM-TO-OCN: Finalize intro.
20230310 050242.751 INFO             PET2   ATM-TO-OCN: Finalize extro.
20230310 050242.751 INFO             PET2   Calling Finalize phase 1 for connectorComp: OCN-TO-ATM
20230310 050242.752 INFO             PET2   OCN-TO-ATM: Finalize intro.
20230310 050242.752 INFO             PET2   OCN-TO-ATM: Finalize extro.
20230310 050242.752 INFO             PET2   Calling Finalize phase 1 for modelComp: atmA
20230310 050242.752 INFO             PET2   atmA: Finalize intro.
20230310 050242.752 INFO             PET2   atmA: Finalize extro.
20230310 050242.752 INFO             PET2   Calling Finalize phase 1 for modelComp: ocnA
20230310 050242.752 INFO             PET2   ocnA: Finalize intro.
20230310 050242.752 INFO             PET2   ocnA: Finalize extro.
20230310 050242.752 INFO             PET2   Delete modelComp: atmA
20230310 050242.752 INFO             PET2   Delete Import-/Export State for modelComp: atmA
20230310 050242.752 INFO             PET2   Delete modelComp: ocnA
20230310 050242.752 INFO             PET2   Delete Import-/Export State for modelComp: ocnA
20230310 050242.752 INFO             PET2   Delete connectorComp: ATM-TO-OCN
20230310 050242.752 INFO             PET2   Delete connectorComp: OCN-TO-ATM
20230310 050242.752 INFO             PET2 esm: Finalize extro.
20230310 050242.753 INFO             PET2 esmApp FINISHED
20230310 050242.753 INFO             PET2 Finalizing ESMF
20230310 050242.362 INFO             PET3 !!!!!!!!!!!!!!!!!!!!!!!!!!!!!!!!!!!!!!!!!!!!!!!!!!!!!!
20230310 050242.362 INFO             PET3 !!! THE ESMF_LOG IS SET TO OUTPUT ALL LOG MESSAGES !!!
20230310 050242.362 INFO             PET3 !!!     THIS MAY CAUSE SLOWDOWN IN PERFORMANCE     !!!
20230310 050242.362 INFO             PET3 !!! FOR PRODUCTION RUNS, USE:                      !!!
20230310 050242.362 INFO             PET3 !!!                   ESMF_LOGKIND_Multi_On_Error  !!!
20230310 050242.362 INFO             PET3 !!!!!!!!!!!!!!!!!!!!!!!!!!!!!!!!!!!!!!!!!!!!!!!!!!!!!!
20230310 050242.362 INFO             PET3 Running with ESMF Version   : v8.5.0b18-2-g3a4fb969bb
20230310 050242.362 INFO             PET3 ESMF library build date/time: "Mar 10 2023" "04:25:33"
20230310 050242.362 INFO             PET3 ESMF library build location : /project/esmf/theurich/ESMF-Nightly-Testing/gfortran_8.1.0_openmpi_g_develop/esmf
20230310 050242.362 INFO             PET3 ESMF_COMM                   : openmpi
20230310 050242.362 INFO             PET3 ESMF_MOAB                   : enabled
20230310 050242.362 INFO             PET3 ESMF_LAPACK                 : enabled
20230310 050242.362 INFO             PET3 ESMF_NETCDF                 : enabled
20230310 050242.362 INFO             PET3 ESMF_PNETCDF                : disabled
20230310 050242.362 INFO             PET3 ESMF_PIO                    : enabled
20230310 050242.362 INFO             PET3 ESMF_YAMLCPP                : enabled
20230310 050242.362 INFO             PET3 esmApp STARTING
20230310 050242.376 INFO             PET3 esm: InitializeGeneric intro.
20230310 050242.376 INFO             PET3   esm: InitializeP0 intro.
20230310 050242.376 INFO             PET3   esm: InitializeP0 extro.
20230310 050242.376 INFO             PET3   esm: InitializeIPDv02p1 intro.
20230310 050242.376 INFO             PET3     >>>esm: entered Initialize (phase=<none>) without valid internal Clock.
20230310 050242.377 INFO             PET3     esm - Creating model component ATM without petList.
20230310 050242.386 INFO             PET3     esm - Creating model component OCN without petList.
20230310 050242.394 INFO             PET3     esm - Creating connector component ATM-TO-OCN without petList.
20230310 050242.410 INFO             PET3     esm - Creating connector component OCN-TO-ATM without petList.
20230310 050242.426 INFO             PET3     esm - Creating state: modelComp 1 Import State
20230310 050242.427 INFO             PET3     esm - Creating state: modelComp 1 Export State
20230310 050242.427 INFO             PET3     esm - Creating state: modelComp 2 Import State
20230310 050242.427 INFO             PET3     esm - Creating state: modelComp 2 Export State
20230310 050242.429 INFO             PET3     ATM: InitializeP0 intro.
20230310 050242.431 INFO             PET3     ATM: InitializeP0 extro.
20230310 050242.431 INFO             PET3     OCN: InitializeP0 intro.
20230310 050242.433 INFO             PET3     OCN: InitializeP0 extro.
20230310 050242.436 INFO             PET3     ATM-TO-OCN: InitializeP0 intro.
20230310 050242.437 INFO             PET3     ATM-TO-OCN: InitializeP0 extro.
20230310 050242.438 INFO             PET3     OCN-TO-ATM: InitializeP0 intro.
20230310 050242.439 INFO             PET3     OCN-TO-ATM: InitializeP0 extro.
20230310 050242.442 INFO             PET3     esm: IInitAdvertise intro.
20230310 050242.442 INFO             PET3     esm: IInitAdvertise extro.
20230310 050242.442 INFO             PET3     ATM: InitializeIPDvXp01 intro.
20230310 050242.448 INFO             PET3     ATM: InitializeIPDvXp01 extro.
20230310 050242.448 INFO             PET3     OCN: InitializeIPDvXp01 intro.
20230310 050242.453 INFO             PET3     OCN: InitializeIPDvXp01 extro.
20230310 050242.456 INFO             PET3     ATM-TO-OCN: InitializeIPDv05p1 intro.
20230310 050242.463 INFO             PET3     ATM-TO-OCN: InitializeIPDv05p1 extro.
20230310 050242.463 INFO             PET3     OCN-TO-ATM: InitializeIPDv05p1 intro.
20230310 050242.468 INFO             PET3     OCN-TO-ATM: InitializeIPDv05p1 extro.
20230310 050242.468 INFO             PET3     esm: IInitAdvertiseFinish intro.
20230310 050242.468 INFO             PET3     esm: IInitAdvertiseFinish extro.
20230310 050242.468 INFO             PET3     ATM-TO-OCN: InitializeIPDv05p2a intro.
20230310 050242.474 INFO             PET3     ATM-TO-OCN: InitializeIPDv05p2a extro.
20230310 050242.474 INFO             PET3     OCN-TO-ATM: InitializeIPDv05p2a intro.
20230310 050242.479 INFO             PET3     OCN-TO-ATM: InitializeIPDv05p2a extro.
20230310 050242.479 INFO             PET3     ATM-TO-OCN: InitializeIPDv05p2b intro.
20230310 050242.485 INFO             PET3     ATM-TO-OCN: InitializeIPDv05p2b extro.
20230310 050242.485 INFO             PET3     OCN-TO-ATM: InitializeIPDv05p2b intro.
20230310 050242.490 INFO             PET3     OCN-TO-ATM: InitializeIPDv05p2b extro.
20230310 050242.491 INFO             PET3     esm: IInitModifyCplLists intro.
20230310 050242.491 INFO             PET3     esm: IInitModifyCplLists extro.
20230310 050242.491 INFO             PET3     ATM-TO-OCN: InitializeIPDv05p3 intro.
20230310 050242.497 INFO             PET3     ATM-TO-OCN: InitializeIPDv05p3 extro.
20230310 050242.498 INFO             PET3     OCN-TO-ATM: InitializeIPDv05p3 intro.
20230310 050242.503 INFO             PET3     OCN-TO-ATM: InitializeIPDv05p3 extro.
20230310 050242.503 INFO             PET3     <<<esm: leaving Initialize (phase=<none>) with current time: 2010  6  1  0  0  0   0
20230310 050242.503 INFO             PET3   esm: InitializeIPDv02p1 extro.
20230310 050242.503 INFO             PET3   esm: InitializeIPDv02p3 intro.
20230310 050242.503 INFO             PET3     >>>esm: entered Initialize (phase=<none>) with current time: 2010  6  1  0  0  0   0
20230310 050242.504 INFO             PET3     esm: IInitCheck intro.
20230310 050242.504 INFO             PET3     esm: IInitCheck extro.
20230310 050242.504 INFO             PET3     atmA: InitializeIPDvXp04 intro.
20230310 050242.513 INFO             PET3     atmA: InitializeIPDvXp04 extro.
20230310 050242.513 INFO             PET3     ocnA: InitializeIPDvXp04 intro.
20230310 050242.521 INFO             PET3     ocnA: InitializeIPDvXp04 extro.
20230310 050242.524 INFO             PET3     ATM-TO-OCN: InitializeIPDv05p4 intro.
20230310 050242.534 INFO             PET3     ATM-TO-OCN: InitializeIPDv05p4 extro.
20230310 050242.534 INFO             PET3     OCN-TO-ATM: InitializeIPDv05p4 intro.
20230310 050242.540 INFO             PET3     OCN-TO-ATM: InitializeIPDv05p4 extro.
20230310 050242.541 INFO             PET3     ATM-TO-OCN: InitializeIPDv05p5 intro.
20230310 050242.550 INFO             PET3     ATM-TO-OCN: InitializeIPDv05p5 extro.
20230310 050242.550 INFO             PET3     OCN-TO-ATM: InitializeIPDv05p5 intro.
20230310 050242.556 INFO             PET3     OCN-TO-ATM: InitializeIPDv05p5 extro.
20230310 050242.557 INFO             PET3     esm: IInitRealize intro.
20230310 050242.557 INFO             PET3     esm: IInitRealize extro.
20230310 050242.557 INFO             PET3     ATM-TO-OCN: InitializeIPDv05p6a intro.
20230310 050242.565 INFO             PET3     ATM-TO-OCN: InitializeIPDv05p6a extro.
20230310 050242.566 INFO             PET3     OCN-TO-ATM: InitializeIPDv05p6a intro.
20230310 050242.571 INFO             PET3     OCN-TO-ATM: InitializeIPDv05p6a extro.
20230310 050242.572 INFO             PET3     ATM-TO-OCN: InitializeIPDv05p6b intro.
20230310 050242.662 INFO             PET3     ATM-TO-OCN: InitializeIPDv05p6b extro.
20230310 050242.662 INFO             PET3     OCN-TO-ATM: InitializeIPDv05p6b intro.
20230310 050242.737 INFO             PET3     OCN-TO-ATM: InitializeIPDv05p6b extro.
20230310 050242.738 INFO             PET3     atmA: InitializeIPDvXp07 intro.
20230310 050242.738 INFO             PET3     atmA: InitializeIPDvXp07 extro.
20230310 050242.738 INFO             PET3     ocnA: InitializeIPDvXp07 intro.
20230310 050242.738 INFO             PET3     ocnA: InitializeIPDvXp07 extro.
20230310 050242.738 INFO             PET3     <<<esm: leaving Initialize (phase=<none>) with current time: 2010  6  1  0  0  0   0
20230310 050242.738 INFO             PET3   esm: InitializeIPDv02p3 extro.
20230310 050242.738 INFO             PET3   esm: InitializeIPDv02p5 intro.
20230310 050242.739 INFO             PET3     >>>esm: entered Initialize (phase=<none>) with current time: 2010  6  1  0  0  0   0
20230310 050242.739 INFO             PET3     esm: this is a top level driver, no 'Updated' and 'InitializeDataComplete' info on this level.
20230310 050242.739 INFO             PET3     esm: InitializeIPDv02p5Data intro.
20230310 050242.739 INFO             PET3       esm: InternalInitializeComplete intro.
20230310 050242.739 INFO             PET3         esm: InitializeDataComplete='true'
20230310 050242.739 INFO             PET3       esm: InternalInitializeComplete extro.
20230310 050242.739 INFO             PET3       atmA: InitializeIPDv01p5 intro.
20230310 050242.739 INFO             PET3       atmA: InitializeIPDv01p5 extro.
20230310 050242.740 INFO             PET3       ocnA: InitializeIPDv01p5 intro.
20230310 050242.740 INFO             PET3       ocnA: InitializeIPDv01p5 extro.
20230310 050242.742 INFO             PET3       esm: components present that trigger loopDataDependentInitialize().
20230310 050242.742 INFO             PET3       esm: loopDataDependentInitialize intro.
20230310 050242.742 INFO             PET3         esm: component    0=esm, dataComplete (local): true
20230310 050242.742 INFO             PET3         esm: component    0=esm, dataComplete (global): T
20230310 050242.743 INFO             PET3         esm: component    1=atmA, dataComplete (local): true
20230310 050242.743 INFO             PET3         esm: component    1=atmA, dataComplete (global): T
20230310 050242.743 INFO             PET3         esm: component    2=ocnA, dataComplete (local): true
20230310 050242.743 INFO             PET3         esm: component    2=ocnA, dataComplete (global): T
20230310 050242.743 INFO             PET3         esm: someProgress=F, allComplete=T, present(dataDepAllComplete)=T
20230310 050242.743 INFO             PET3         esm: finished resolving initialize data dependencies on this level.
20230310 050242.743 INFO             PET3       esm: loopDataDependentInitialize extro.
20230310 050242.743 INFO             PET3       esm: loopDataDependentInitialize() returned with dataDepAllComplete: T
20230310 050242.743 INFO             PET3     esm: InitializeIPDv02p5Data extro.
20230310 050242.743 INFO             PET3     <<<esm: leaving Initialize (phase=<none>) with current time: 2010  6  1  0  0  0   0
20230310 050242.743 INFO             PET3   esm: InitializeIPDv02p5 extro.
20230310 050242.743 INFO             PET3 esm: InitializeGeneric extro.
20230310 050242.743 INFO             PET3 esm: Run intro.
20230310 050242.743 INFO             PET3   >>>esm entered Run (phase=RunPhase1) with current time: 2010  6  1  0  0  0   0
20230310 050242.743 INFO             PET3   esm: after lable_SetRunClock, current time: 2010  6  1  0  0  0   0
20230310 050242.743 INFO             PET3   esm: begin -------> RunSequence.
20230310 050242.743 INFO             PET3     esm: RunSequence event loopLevel=   1  levelMember=   1  loopIteration=   1, current time: 2010  6  1  0  0  0   0
20230310 050242.743 INFO             PET3     ATM-TO-OCN: Run intro.
20230310 050242.744 INFO             PET3     ATM-TO-OCN: Run extro.
20230310 050242.744 INFO             PET3     OCN-TO-ATM: Run intro.
20230310 050242.744 INFO             PET3     OCN-TO-ATM: Run extro.
20230310 050242.745 INFO             PET3     atmA: Run intro.
20230310 050242.745 INFO             PET3       ------>Advancing ATM from: 2010  6  1  0  0  0   0
20230310 050242.745 INFO             PET3       ---------------------> to: 2010  6  1  0 15  0   0
20230310 050242.745 INFO             PET3     atmA: Run extro.
20230310 050242.745 INFO             PET3     ocnA: Run intro.
20230310 050242.745 INFO             PET3       ------>Advancing OCN from: 2010  6  1  0  0  0   0
20230310 050242.745 INFO             PET3       ---------------------> to: 2010  6  1  0  5  0   0
20230310 050242.745 INFO             PET3       ------>Advancing OCN from: 2010  6  1  0  5  0   0
20230310 050242.745 INFO             PET3       ---------------------> to: 2010  6  1  0 10  0   0
20230310 050242.746 INFO             PET3       ------>Advancing OCN from: 2010  6  1  0 10  0   0
20230310 050242.746 INFO             PET3       ---------------------> to: 2010  6  1  0 15  0   0
20230310 050242.746 INFO             PET3     ocnA: Run extro.
20230310 050242.746 INFO             PET3     esm: RunSequence event loopLevel=   1  levelMember=   1  loopIteration=   2, current time: 2010  6  1  0 15  0   0
20230310 050242.746 INFO             PET3     ATM-TO-OCN: Run intro.
20230310 050242.746 INFO             PET3     ATM-TO-OCN: Run extro.
20230310 050242.746 INFO             PET3     OCN-TO-ATM: Run intro.
20230310 050242.746 INFO             PET3     OCN-TO-ATM: Run extro.
20230310 050242.747 INFO             PET3     atmA: Run intro.
20230310 050242.747 INFO             PET3       ------>Advancing ATM from: 2010  6  1  0 15  0   0
20230310 050242.747 INFO             PET3       ---------------------> to: 2010  6  1  0 30  0   0
20230310 050242.747 INFO             PET3     atmA: Run extro.
20230310 050242.747 INFO             PET3     ocnA: Run intro.
20230310 050242.747 INFO             PET3       ------>Advancing OCN from: 2010  6  1  0 15  0   0
20230310 050242.747 INFO             PET3       ---------------------> to: 2010  6  1  0 20  0   0
20230310 050242.747 INFO             PET3       ------>Advancing OCN from: 2010  6  1  0 20  0   0
20230310 050242.747 INFO             PET3       ---------------------> to: 2010  6  1  0 25  0   0
20230310 050242.747 INFO             PET3       ------>Advancing OCN from: 2010  6  1  0 25  0   0
20230310 050242.747 INFO             PET3       ---------------------> to: 2010  6  1  0 30  0   0
20230310 050242.747 INFO             PET3     ocnA: Run extro.
20230310 050242.747 INFO             PET3     esm: RunSequence event loopLevel=   1  levelMember=   1  loopIteration=   3, current time: 2010  6  1  0 30  0   0
20230310 050242.748 INFO             PET3     ATM-TO-OCN: Run intro.
20230310 050242.748 INFO             PET3     ATM-TO-OCN: Run extro.
20230310 050242.748 INFO             PET3     OCN-TO-ATM: Run intro.
20230310 050242.748 INFO             PET3     OCN-TO-ATM: Run extro.
20230310 050242.748 INFO             PET3     atmA: Run intro.
20230310 050242.749 INFO             PET3       ------>Advancing ATM from: 2010  6  1  0 30  0   0
20230310 050242.749 INFO             PET3       ---------------------> to: 2010  6  1  0 45  0   0
20230310 050242.749 INFO             PET3     atmA: Run extro.
20230310 050242.749 INFO             PET3     ocnA: Run intro.
20230310 050242.749 INFO             PET3       ------>Advancing OCN from: 2010  6  1  0 30  0   0
20230310 050242.749 INFO             PET3       ---------------------> to: 2010  6  1  0 35  0   0
20230310 050242.749 INFO             PET3       ------>Advancing OCN from: 2010  6  1  0 35  0   0
20230310 050242.749 INFO             PET3       ---------------------> to: 2010  6  1  0 40  0   0
20230310 050242.749 INFO             PET3       ------>Advancing OCN from: 2010  6  1  0 40  0   0
20230310 050242.749 INFO             PET3       ---------------------> to: 2010  6  1  0 45  0   0
20230310 050242.749 INFO             PET3     ocnA: Run extro.
20230310 050242.749 INFO             PET3     esm: RunSequence event loopLevel=   1  levelMember=   1  loopIteration=   4, current time: 2010  6  1  0 45  0   0
20230310 050242.749 INFO             PET3     ATM-TO-OCN: Run intro.
20230310 050242.750 INFO             PET3     ATM-TO-OCN: Run extro.
20230310 050242.750 INFO             PET3     OCN-TO-ATM: Run intro.
20230310 050242.750 INFO             PET3     OCN-TO-ATM: Run extro.
20230310 050242.750 INFO             PET3     atmA: Run intro.
20230310 050242.750 INFO             PET3       ------>Advancing ATM from: 2010  6  1  0 45  0   0
20230310 050242.750 INFO             PET3       ---------------------> to: 2010  6  1  1  0  0   0
20230310 050242.750 INFO             PET3     atmA: Run extro.
20230310 050242.751 INFO             PET3     ocnA: Run intro.
20230310 050242.751 INFO             PET3       ------>Advancing OCN from: 2010  6  1  0 45  0   0
20230310 050242.751 INFO             PET3       ---------------------> to: 2010  6  1  0 50  0   0
20230310 050242.751 INFO             PET3       ------>Advancing OCN from: 2010  6  1  0 50  0   0
20230310 050242.751 INFO             PET3       ---------------------> to: 2010  6  1  0 55  0   0
20230310 050242.751 INFO             PET3       ------>Advancing OCN from: 2010  6  1  0 55  0   0
20230310 050242.751 INFO             PET3       ---------------------> to: 2010  6  1  1  0  0   0
20230310 050242.751 INFO             PET3     ocnA: Run extro.
20230310 050242.751 INFO             PET3   esm: end <--------- RunSequence
20230310 050242.751 INFO             PET3   <<<esm - leaving Run with current time: 2010  6  1  1  0  0   0
20230310 050242.751 INFO             PET3 esm: Run extro.
20230310 050242.751 INFO             PET3 esm: Finalize intro.
20230310 050242.751 INFO             PET3   Calling Finalize phase 1 for connectorComp: ATM-TO-OCN
20230310 050242.751 INFO             PET3   ATM-TO-OCN: Finalize intro.
20230310 050242.751 INFO             PET3   ATM-TO-OCN: Finalize extro.
20230310 050242.751 INFO             PET3   Calling Finalize phase 1 for connectorComp: OCN-TO-ATM
20230310 050242.752 INFO             PET3   OCN-TO-ATM: Finalize intro.
20230310 050242.752 INFO             PET3   OCN-TO-ATM: Finalize extro.
20230310 050242.752 INFO             PET3   Calling Finalize phase 1 for modelComp: atmA
20230310 050242.752 INFO             PET3   atmA: Finalize intro.
20230310 050242.752 INFO             PET3   atmA: Finalize extro.
20230310 050242.752 INFO             PET3   Calling Finalize phase 1 for modelComp: ocnA
20230310 050242.752 INFO             PET3   ocnA: Finalize intro.
20230310 050242.752 INFO             PET3   ocnA: Finalize extro.
20230310 050242.752 INFO             PET3   Delete modelComp: atmA
20230310 050242.752 INFO             PET3   Delete Import-/Export State for modelComp: atmA
20230310 050242.752 INFO             PET3   Delete modelComp: ocnA
20230310 050242.752 INFO             PET3   Delete Import-/Export State for modelComp: ocnA
20230310 050242.752 INFO             PET3   Delete connectorComp: ATM-TO-OCN
20230310 050242.752 INFO             PET3   Delete connectorComp: OCN-TO-ATM
20230310 050242.752 INFO             PET3 esm: Finalize extro.
20230310 050242.752 INFO             PET3 esmApp FINISHED
20230310 050242.752 INFO             PET3 Finalizing ESMF
