2023-04-15 02:14:27
20230415 030225.748 INFO             PET0 !!!!!!!!!!!!!!!!!!!!!!!!!!!!!!!!!!!!!!!!!!!!!!!!!!!!!!
20230415 030225.748 INFO             PET0 !!! THE ESMF_LOG IS SET TO OUTPUT ALL LOG MESSAGES !!!
20230415 030225.748 INFO             PET0 !!!     THIS MAY CAUSE SLOWDOWN IN PERFORMANCE     !!!
20230415 030225.748 INFO             PET0 !!! FOR PRODUCTION RUNS, USE:                      !!!
20230415 030225.748 INFO             PET0 !!!                   ESMF_LOGKIND_Multi_On_Error  !!!
20230415 030225.748 INFO             PET0 !!!!!!!!!!!!!!!!!!!!!!!!!!!!!!!!!!!!!!!!!!!!!!!!!!!!!!
20230415 030225.748 INFO             PET0 Running with ESMF Version   : v8.5.0b19-5-gc2c4406dae
20230415 030225.748 INFO             PET0 ESMF library build date/time: "Apr 15 2023" "02:11:06"
20230415 030225.748 INFO             PET0 ESMF library build location : /discover/nobackup/projects/sbu/mpotts/esmf-test/pgi_20.4_mpiuni_g_develop/esmf
20230415 030225.748 INFO             PET0 ESMF_COMM                   : mpiuni
20230415 030225.748 INFO             PET0 ESMF_MOAB                   : enabled
20230415 030225.748 INFO             PET0 ESMF_LAPACK                 : enabled
20230415 030225.748 INFO             PET0 ESMF_NETCDF                 : disabled
20230415 030225.748 INFO             PET0 ESMF_PNETCDF                : disabled
20230415 030225.748 INFO             PET0 ESMF_PIO                    : disabled
20230415 030225.748 INFO             PET0 ESMF_YAMLCPP                : enabled
20230415 030225.748 INFO             PET0 ESMF Tracing Enabled
20230415 030225.749 INFO             PET0 ESMF Profiling Enabled
20230415 030225.749 INFO             PET0 ESMF Trace/Profile clock: REALTIME
20230415 030225.749 INFO             PET0  NUMBER_OF_PROCESSORS            1
20230415 030225.749 INFO             PET0  PASS  Example ESMF_TraceUserEx, ESMF_TraceUserEx.F90, line 125
20230415 030225.749 INFO             PET0 Finalizing ESMF
20230415 030225.749 INFO             PET0 **************** Region Timings *******************
20230415 030225.749 INFO             PET0 Region                Count  Total (s)   Self (s)    Mean (s)    Min (s)     Max (s)
20230415 030225.749 INFO             PET0   [ESMF]              1      0.0004      0.0001      0.0004      0.0004      0.0004
20230415 030225.749 INFO             PET0     outer_region      1      0.0003      0.0000      0.0003      0.0003      0.0003
20230415 030225.749 INFO             PET0       inner_region_1  10     0.0002      0.0002      0.0000      0.0000      0.0000
20230415 030225.749 INFO             PET0       inner_region_2  10     0.0001      0.0001      0.0000      0.0000      0.0000
