2023-04-18 08:02:15
20230418 082536.879 INFO             PET0 !!!!!!!!!!!!!!!!!!!!!!!!!!!!!!!!!!!!!!!!!!!!!!!!!!!!!!
20230418 082536.879 INFO             PET0 !!! THE ESMF_LOG IS SET TO OUTPUT ALL LOG MESSAGES !!!
20230418 082536.879 INFO             PET0 !!!     THIS MAY CAUSE SLOWDOWN IN PERFORMANCE     !!!
20230418 082536.879 INFO             PET0 !!! FOR PRODUCTION RUNS, USE:                      !!!
20230418 082536.879 INFO             PET0 !!!                   ESMF_LOGKIND_Multi_On_Error  !!!
20230418 082536.879 INFO             PET0 !!!!!!!!!!!!!!!!!!!!!!!!!!!!!!!!!!!!!!!!!!!!!!!!!!!!!!
20230418 082536.879 INFO             PET0 Running with ESMF Version   : hconfig_b01-2-g61a65240c2
20230418 082536.879 INFO             PET0 ESMF library build date/time: "Apr 18 2023" "08:00:57"
20230418 082536.879 INFO             PET0 ESMF library build location : /scratch2/NCEPDEV/stmp1/Gerhard.Theurich/ESMF-Nightly-Testing/gfortran_9.2.0b_openmpi_g_feature_hconfig/esmf
20230418 082536.879 INFO             PET0 ESMF_COMM                   : openmpi
20230418 082536.879 INFO             PET0 ESMF_MOAB                   : enabled
20230418 082536.879 INFO             PET0 ESMF_LAPACK                 : enabled
20230418 082536.879 INFO             PET0 ESMF_NETCDF                 : disabled
20230418 082536.879 INFO             PET0 ESMF_PNETCDF                : disabled
20230418 082536.879 INFO             PET0 ESMF_PIO                    : disabled
20230418 082536.879 INFO             PET0 ESMF_YAMLCPP                : enabled
20230418 082536.880 ERROR            PET0 ESMCI_State.C:982 ESMCI::State::read() Library needed by ESMF not present  - Internal subroutine call returned Error
20230418 082536.880 ERROR            PET0 ESMF_StateAPI.cppF90:3203 ESMF_StateRead Library needed by ESMF not present  - Internal subroutine call returned Error
20230418 082536.880 INFO             PET0  NUMBER_OF_PROCESSORS           4
20230418 082536.880 INFO             PET0  PASS  Example ESMF_StateReadWriteEx, ESMF_StateReadWriteEx.F90, line 185
20230418 082536.880 INFO             PET0 Finalizing ESMF
20230418 082536.878 INFO             PET1 !!!!!!!!!!!!!!!!!!!!!!!!!!!!!!!!!!!!!!!!!!!!!!!!!!!!!!
20230418 082536.878 INFO             PET1 !!! THE ESMF_LOG IS SET TO OUTPUT ALL LOG MESSAGES !!!
20230418 082536.878 INFO             PET1 !!!     THIS MAY CAUSE SLOWDOWN IN PERFORMANCE     !!!
20230418 082536.878 INFO             PET1 !!! FOR PRODUCTION RUNS, USE:                      !!!
20230418 082536.878 INFO             PET1 !!!                   ESMF_LOGKIND_Multi_On_Error  !!!
20230418 082536.878 INFO             PET1 !!!!!!!!!!!!!!!!!!!!!!!!!!!!!!!!!!!!!!!!!!!!!!!!!!!!!!
20230418 082536.878 INFO             PET1 Running with ESMF Version   : hconfig_b01-2-g61a65240c2
20230418 082536.878 INFO             PET1 ESMF library build date/time: "Apr 18 2023" "08:00:57"
20230418 082536.878 INFO             PET1 ESMF library build location : /scratch2/NCEPDEV/stmp1/Gerhard.Theurich/ESMF-Nightly-Testing/gfortran_9.2.0b_openmpi_g_feature_hconfig/esmf
20230418 082536.878 INFO             PET1 ESMF_COMM                   : openmpi
20230418 082536.879 INFO             PET1 ESMF_MOAB                   : enabled
20230418 082536.879 INFO             PET1 ESMF_LAPACK                 : enabled
20230418 082536.879 INFO             PET1 ESMF_NETCDF                 : disabled
20230418 082536.879 INFO             PET1 ESMF_PNETCDF                : disabled
20230418 082536.879 INFO             PET1 ESMF_PIO                    : disabled
20230418 082536.879 INFO             PET1 ESMF_YAMLCPP                : enabled
20230418 082536.880 ERROR            PET1 ESMCI_State.C:982 ESMCI::State::read() Library needed by ESMF not present  - Internal subroutine call returned Error
20230418 082536.880 ERROR            PET1 ESMF_StateAPI.cppF90:3203 ESMF_StateRead Library needed by ESMF not present  - Internal subroutine call returned Error
20230418 082536.880 INFO             PET1  NUMBER_OF_PROCESSORS           4
20230418 082536.880 INFO             PET1  PASS  Example ESMF_StateReadWriteEx, ESMF_StateReadWriteEx.F90, line 185
20230418 082536.880 INFO             PET1 Finalizing ESMF
20230418 082536.878 INFO             PET2 !!!!!!!!!!!!!!!!!!!!!!!!!!!!!!!!!!!!!!!!!!!!!!!!!!!!!!
20230418 082536.879 INFO             PET2 !!! THE ESMF_LOG IS SET TO OUTPUT ALL LOG MESSAGES !!!
20230418 082536.879 INFO             PET2 !!!     THIS MAY CAUSE SLOWDOWN IN PERFORMANCE     !!!
20230418 082536.879 INFO             PET2 !!! FOR PRODUCTION RUNS, USE:                      !!!
20230418 082536.879 INFO             PET2 !!!                   ESMF_LOGKIND_Multi_On_Error  !!!
20230418 082536.879 INFO             PET2 !!!!!!!!!!!!!!!!!!!!!!!!!!!!!!!!!!!!!!!!!!!!!!!!!!!!!!
20230418 082536.879 INFO             PET2 Running with ESMF Version   : hconfig_b01-2-g61a65240c2
20230418 082536.879 INFO             PET2 ESMF library build date/time: "Apr 18 2023" "08:00:57"
20230418 082536.879 INFO             PET2 ESMF library build location : /scratch2/NCEPDEV/stmp1/Gerhard.Theurich/ESMF-Nightly-Testing/gfortran_9.2.0b_openmpi_g_feature_hconfig/esmf
20230418 082536.879 INFO             PET2 ESMF_COMM                   : openmpi
20230418 082536.879 INFO             PET2 ESMF_MOAB                   : enabled
20230418 082536.879 INFO             PET2 ESMF_LAPACK                 : enabled
20230418 082536.879 INFO             PET2 ESMF_NETCDF                 : disabled
20230418 082536.879 INFO             PET2 ESMF_PNETCDF                : disabled
20230418 082536.879 INFO             PET2 ESMF_PIO                    : disabled
20230418 082536.879 INFO             PET2 ESMF_YAMLCPP                : enabled
20230418 082536.880 ERROR            PET2 ESMCI_State.C:982 ESMCI::State::read() Library needed by ESMF not present  - Internal subroutine call returned Error
20230418 082536.880 ERROR            PET2 ESMF_StateAPI.cppF90:3203 ESMF_StateRead Library needed by ESMF not present  - Internal subroutine call returned Error
20230418 082536.880 INFO             PET2  NUMBER_OF_PROCESSORS           4
20230418 082536.880 INFO             PET2  PASS  Example ESMF_StateReadWriteEx, ESMF_StateReadWriteEx.F90, line 185
20230418 082536.880 INFO             PET2 Finalizing ESMF
20230418 082536.878 INFO             PET3 !!!!!!!!!!!!!!!!!!!!!!!!!!!!!!!!!!!!!!!!!!!!!!!!!!!!!!
20230418 082536.878 INFO             PET3 !!! THE ESMF_LOG IS SET TO OUTPUT ALL LOG MESSAGES !!!
20230418 082536.878 INFO             PET3 !!!     THIS MAY CAUSE SLOWDOWN IN PERFORMANCE     !!!
20230418 082536.878 INFO             PET3 !!! FOR PRODUCTION RUNS, USE:                      !!!
20230418 082536.878 INFO             PET3 !!!                   ESMF_LOGKIND_Multi_On_Error  !!!
20230418 082536.878 INFO             PET3 !!!!!!!!!!!!!!!!!!!!!!!!!!!!!!!!!!!!!!!!!!!!!!!!!!!!!!
20230418 082536.878 INFO             PET3 Running with ESMF Version   : hconfig_b01-2-g61a65240c2
20230418 082536.878 INFO             PET3 ESMF library build date/time: "Apr 18 2023" "08:00:57"
20230418 082536.878 INFO             PET3 ESMF library build location : /scratch2/NCEPDEV/stmp1/Gerhard.Theurich/ESMF-Nightly-Testing/gfortran_9.2.0b_openmpi_g_feature_hconfig/esmf
20230418 082536.878 INFO             PET3 ESMF_COMM                   : openmpi
20230418 082536.879 INFO             PET3 ESMF_MOAB                   : enabled
20230418 082536.879 INFO             PET3 ESMF_LAPACK                 : enabled
20230418 082536.879 INFO             PET3 ESMF_NETCDF                 : disabled
20230418 082536.879 INFO             PET3 ESMF_PNETCDF                : disabled
20230418 082536.879 INFO             PET3 ESMF_PIO                    : disabled
20230418 082536.879 INFO             PET3 ESMF_YAMLCPP                : enabled
20230418 082536.880 ERROR            PET3 ESMCI_State.C:982 ESMCI::State::read() Library needed by ESMF not present  - Internal subroutine call returned Error
20230418 082536.880 ERROR            PET3 ESMF_StateAPI.cppF90:3203 ESMF_StateRead Library needed by ESMF not present  - Internal subroutine call returned Error
20230418 082536.880 INFO             PET3  NUMBER_OF_PROCESSORS           4
20230418 082536.880 INFO             PET3  PASS  Example ESMF_StateReadWriteEx, ESMF_StateReadWriteEx.F90, line 185
20230418 082536.880 INFO             PET3 Finalizing ESMF
