2023-03-22 03:02:06
[Orion-03-19:7772 :0:7772] Caught signal 11 (Segmentation fault: address not mapped to object at address 0x4f1b591)
[Orion-03-19:7773 :0:7773] Caught signal 11 (Segmentation fault: address not mapped to object at address 0x4f1b591)
[Orion-03-19:7774 :0:7774] Caught signal 11 (Segmentation fault: address not mapped to object at address 0x4f1b591)
[Orion-03-19:7775 :0:7775] Caught signal 11 (Segmentation fault: address not mapped to object at address 0x4f1b591)

/work/noaa/da/mpotts/sandbox/pgi_2019_openmpi_g_develop/esmf/src/Infrastructure/LogErr/src/ESMCI_LogErr.C: [ ESMCI::LogErr::MsgFoundError() ]
      ...
      583 {

/work/noaa/da/mpotts/sandbox/pgi_2019_openmpi_g_develop/esmf/src/Infrastructure/LogErr/src/ESMCI_LogErr.C: [ ESMCI::LogErr::MsgFoundError() ]
      ...
      583 {
      584     bool result=false;
      585 #ifdef ESMC_SUCCESSDEFAULT_ON
==>   586     if (rcToReturn != ESMC_NULL_POINTER) *rcToReturn=ESMF_SUCCESS;
      587 #endif
      588     if (trace) {
      589         Write(ESMC_METHOD,ESMC_LOGMSG_TRACE,
      584     bool result=false;
      585 #ifdef ESMC_SUCCESSDEFAULT_ON
==>   586     if (rcToReturn != ESMC_NULL_POINTER) *rcToReturn=ESMF_SUCCESS;
      587 #endif
      588     if (trace) {
      589         Write(ESMC_METHOD,ESMC_LOGMSG_TRACE,



/work/noaa/da/mpotts/sandbox/pgi_2019_openmpi_g_develop/esmf/src/Infrastructure/LogErr/src/ESMCI_LogErr.C: [ ESMCI::LogErr::MsgFoundError() ]
      ...
      583 {
      584     bool result=false;
      585 #ifdef ESMC_SUCCESSDEFAULT_ON
==>   586     if (rcToReturn != ESMC_NULL_POINTER) *rcToReturn=ESMF_SUCCESS;
      587 #endif
      588     if (trace) {
      589         Write(ESMC_METHOD,ESMC_LOGMSG_TRACE,


/work/noaa/da/mpotts/sandbox/pgi_2019_openmpi_g_develop/esmf/src/Infrastructure/LogErr/src/ESMCI_LogErr.C: [ ESMCI::LogErr::MsgFoundError() ]
      ...
      583 {
      584     bool result=false;
      585 #ifdef ESMC_SUCCESSDEFAULT_ON
==>   586     if (rcToReturn != ESMC_NULL_POINTER) *rcToReturn=ESMF_SUCCESS;
      587 #endif
      588     if (trace) {
      589         Write(ESMC_METHOD,ESMC_LOGMSG_TRACE,

==== backtrace (tid:   7772) ====
 0 0x000000000121aa64 ESMCI::LogErr::MsgFoundError()  /work/noaa/da/mpotts/sandbox/pgi_2019_openmpi_g_develop/esmf/src/Infrastructure/LogErr/src/ESMCI_LogErr.C:586
 1 0x00000000013ff151 ESMCI::MeshCap::meshcreatenodedistgrid()  /work/noaa/da/mpotts/sandbox/pgi_2019_openmpi_g_develop/esmf/src/Infrastructure/Mesh/src/ESMCI_MeshCap.C:1754
 2 0x0000000001444ce7 c_esmc_meshcreatenodedistgrid_()  /work/noaa/da/mpotts/sandbox/pgi_2019_openmpi_g_develop/esmf/src/Infrastructure/Mesh/interface/ESMCI_Mesh_F.C:247
 3 0x000000000211be28 esmf_meshmod_esmf_meshcreatefrompointer_()  /work/noaa/da/mpotts/sandbox/pgi_2019_openmpi_g_develop/esmf/src/Infrastructure/Mesh/interface/ESMF_Mesh.F90:3091
 4 0x0000000001f49e00 esmf_gridutilmod_esmf_gridtomesh_()  /work/noaa/da/mpotts/sandbox/pgi_2019_openmpi_g_develop/esmf/src/Infrastructure/GridUtil/interface/ESMF_GridUtil.F90:453
 5 0x0000000001def2ab esmf_fieldregridmod_b_or_p_gridtomesh_()  /work/noaa/da/mpotts/sandbox/pgi_2019_openmpi_g_develop/esmf/src/Infrastructure/Field/src/ESMF_FieldRegrid.F90:3228
 6 0x0000000001dea5c1 esmf_fieldregridmod_getmeshwithnodesonfieldloc_()  /work/noaa/da/mpotts/sandbox/pgi_2019_openmpi_g_develop/esmf/src/Infrastructure/Field/src/ESMF_FieldRegrid.F90:1346
 7 0x0000000001de7ed4 esmf_fieldregridmod_esmf_fieldregridstorenx_()  /work/noaa/da/mpotts/sandbox/pgi_2019_openmpi_g_develop/esmf/src/Infrastructure/Field/src/ESMF_FieldRegrid.F90:971
 8 0x0000000001bf6838 esmf_fieldbundlemod_esmf_fieldbundleregridstorepair_()  /work/noaa/da/mpotts/sandbox/pgi_2019_openmpi_g_develop/esmf/src/Infrastructure/FieldBundle/src/ESMF_FieldBundle.F90:16211
 9 0x00000000025862e5 nuopc_connector_fieldbundlecplstore_()  /work/noaa/da/mpotts/sandbox/pgi_2019_openmpi_g_develop/esmf/src/addon/NUOPC/src/NUOPC_Connector.F90:7714
10 0x000000000255f7bd nuopc_connector_initializeipdv05p6b_()  /work/noaa/da/mpotts/sandbox/pgi_2019_openmpi_g_develop/esmf/src/addon/NUOPC/src/NUOPC_Connector.F90:5386
11 0x0000000001081157 ESMCI::FTable::callVFuncPtr()  /work/noaa/da/mpotts/sandbox/pgi_2019_openmpi_g_develop/esmf/src/Superstructure/Component/src/ESMCI_FTable.C:2167
12 0x000000000107d05c ESMCI_FTableCallEntryPointVMHop()  /work/noaa/da/mpotts/sandbox/pgi_2019_openmpi_g_develop/esmf/src/Superstructure/Component/src/ESMCI_FTable.C:824
13 0x00000000017cf4bf ESMCI::VMK::enter()  /work/noaa/da/mpotts/sandbox/pgi_2019_openmpi_g_develop/esmf/src/Infrastructure/VM/src/ESMCI_VMKernel.C:2320
14 0x00000000017f3e7d ESMCI::VM::enter()  /work/noaa/da/mpotts/sandbox/pgi_2019_openmpi_g_develop/esmf/src/Infrastructure/VM/src/ESMCI_VM.C:1216
15 0x000000000107d521 c_esmc_ftablecallentrypointvm_()  /work/noaa/da/mpotts/sandbox/pgi_2019_openmpi_g_develop/esmf/src/Superstructure/Component/src/ESMCI_FTable.C:981
16 0x0000000001b3dd75 esmf_compmod_esmf_compexecute_()  /work/noaa/da/mpotts/sandbox/pgi_2019_openmpi_g_develop/esmf/src/Superstructure/Component/src/ESMF_Comp.F90:1223
17 0x0000000001b5b8a1 esmf_cplcompmod_esmf_cplcompinitialize_()  /work/noaa/da/mpotts/sandbox/pgi_2019_openmpi_g_develop/esmf/src/Superstructure/Component/src/ESMF_CplComp.F90:1165
18 0x00000000025c13e6 nuopc_driver_loopconnectorcompss_()  /work/noaa/da/mpotts/sandbox/pgi_2019_openmpi_g_develop/esmf/src/addon/NUOPC/src/NUOPC_Driver.F90:3023
19 0x00000000025b1aec nuopc_driver_initializeipdv02p3_()  /work/noaa/da/mpotts/sandbox/pgi_2019_openmpi_g_develop/esmf/src/addon/NUOPC/src/NUOPC_Driver.F90:2110
20 0x000000000258fafe nuopc_driver_initializegeneric_()  /work/noaa/da/mpotts/sandbox/pgi_2019_openmpi_g_develop/esmf/src/addon/NUOPC/src/NUOPC_Driver.F90:479
21 0x0000000001081157 ESMCI::FTable::callVFuncPtr()  /work/noaa/da/mpotts/sandbox/pgi_2019_openmpi_g_develop/esmf/src/Superstructure/Component/src/ESMCI_FTable.C:2167
22 0x000000000107d05c ESMCI_FTableCallEntryPointVMHop()  /work/noaa/da/mpotts/sandbox/pgi_2019_openmpi_g_develop/esmf/src/Superstructure/Component/src/ESMCI_FTable.C:824
23 0x00000000017cf4bf ESMCI::VMK::enter()  /work/noaa/da/mpotts/sandbox/pgi_2019_openmpi_g_develop/esmf/src/Infrastructure/VM/src/ESMCI_VMKernel.C:2320
24 0x00000000017f3e7d ESMCI::VM::enter()  /work/noaa/da/mpotts/sandbox/pgi_2019_openmpi_g_develop/esmf/src/Infrastructure/VM/src/ESMCI_VM.C:1216
25 0x000000000107d521 c_esmc_ftablecallentrypointvm_()  /work/noaa/da/mpotts/sandbox/pgi_2019_openmpi_g_develop/esmf/src/Superstructure/Component/src/ESMCI_FTable.C:981
26 0x0000000001b3dd75 esmf_compmod_esmf_compexecute_()  /work/noaa/da/mpotts/sandbox/pgi_2019_openmpi_g_develop/esmf/src/Superstructure/Component/src/ESMF_Comp.F90:1223
27 0x0000000001e54a01 esmf_gridcompmod_esmf_gridcompinitialize_()  /work/noaa/da/mpotts/sandbox/pgi_2019_openmpi_g_develop/esmf/src/Superstructure/Component/src/ESMF_GridComp.F90:1412
28 0x0000000000407628 MAIN_()  /work/noaa/da/mpotts/sandbox/pgi_2019_openmpi_g_develop/nuopc-app-prototypes/AtmOcnFDSynoProto/esmApp.F90:99
29 0x0000000000406db3 main()  ???:0
30 0x0000000000022495 __libc_start_main()  ???:0
31 0x0000000000406cb9 _start()  ???:0
=================================
[Orion-03-19:07772] *** Process received signal ***
[Orion-03-19:07772] Signal: Segmentation fault (11)
[Orion-03-19:07772] Signal code:  (-6)
[Orion-03-19:07772] Failing at address: 0x20e500001e5c
[Orion-03-19:07772] [ 0] /lib64/libpthread.so.0(+0xf5d0)[0x7f048ae965d0]
==== backtrace (tid:   7774) ====
 0 0x000000000121aa64 ESMCI::LogErr::MsgFoundError()  /work/noaa/da/mpotts/sandbox/pgi_2019_openmpi_g_develop/esmf/src/Infrastructure/LogErr/src/ESMCI_LogErr.C:586
 1 0x00000000013ff151 ESMCI::MeshCap::meshcreatenodedistgrid()  /work/noaa/da/mpotts/sandbox/pgi_2019_openmpi_g_develop/esmf/src/Infrastructure/Mesh/src/ESMCI_MeshCap.C:1754
 2 0x0000000001444ce7 c_esmc_meshcreatenodedistgrid_()  /work/noaa/da/mpotts/sandbox/pgi_2019_openmpi_g_develop/esmf/src/Infrastructure/Mesh/interface/ESMCI_Mesh_F.C:247
 3 0x000000000211be28 esmf_meshmod_esmf_meshcreatefrompointer_()  /work/noaa/da/mpotts/sandbox/pgi_2019_openmpi_g_develop/esmf/src/Infrastructure/Mesh/interface/ESMF_Mesh.F90:3091
 4 0x0000000001f49e00 esmf_gridutilmod_esmf_gridtomesh_()  /work/noaa/da/mpotts/sandbox/pgi_2019_openmpi_g_develop/esmf/src/Infrastructure/GridUtil/interface/ESMF_GridUtil.F90:453
 5 0x0000000001def2ab esmf_fieldregridmod_b_or_p_gridtomesh_()  /work/noaa/da/mpotts/sandbox/pgi_2019_openmpi_g_develop/esmf/src/Infrastructure/Field/src/ESMF_FieldRegrid.F90:3228
 6 0x0000000001dea5c1 esmf_fieldregridmod_getmeshwithnodesonfieldloc_()  /work/noaa/da/mpotts/sandbox/pgi_2019_openmpi_g_develop/esmf/src/Infrastructure/Field/src/ESMF_FieldRegrid.F90:1346
 7 0x0000000001de7ed4 esmf_fieldregridmod_esmf_fieldregridstorenx_()  /work/noaa/da/mpotts/sandbox/pgi_2019_openmpi_g_develop/esmf/src/Infrastructure/Field/src/ESMF_FieldRegrid.F90:971
 8 0x0000000001bf6838 esmf_fieldbundlemod_esmf_fieldbundleregridstorepair_()  /work/noaa/da/mpotts/sandbox/pgi_2019_openmpi_g_develop/esmf/src/Infrastructure/FieldBundle/src/ESMF_FieldBundle.F90:16211
 9 0x00000000025862e5 nuopc_connector_fieldbundlecplstore_()  /work/noaa/da/mpotts/sandbox/pgi_2019_openmpi_g_develop/esmf/src/addon/NUOPC/src/NUOPC_Connector.F90:7714
10 0x000000000255f7bd nuopc_connector_initializeipdv05p6b_()  /work/noaa/da/mpotts/sandbox/pgi_2019_openmpi_g_develop/esmf/src/addon/NUOPC/src/NUOPC_Connector.F90:5386
11 0x0000000001081157 ESMCI::FTable::callVFuncPtr()  /work/noaa/da/mpotts/sandbox/pgi_2019_openmpi_g_develop/esmf/src/Superstructure/Component/src/ESMCI_FTable.C:2167
12 0x000000000107d05c ESMCI_FTableCallEntryPointVMHop()  /work/noaa/da/mpotts/sandbox/pgi_2019_openmpi_g_develop/esmf/src/Superstructure/Component/src/ESMCI_FTable.C:824
13 0x00000000017cf4bf ESMCI::VMK::enter()  /work/noaa/da/mpotts/sandbox/pgi_2019_openmpi_g_develop/esmf/src/Infrastructure/VM/src/ESMCI_VMKernel.C:2320
14 0x00000000017f3e7d ESMCI::VM::enter()  /work/noaa/da/mpotts/sandbox/pgi_2019_openmpi_g_develop/esmf/src/Infrastructure/VM/src/ESMCI_VM.C:1216
15 0x000000000107d521 c_esmc_ftablecallentrypointvm_()  /work/noaa/da/mpotts/sandbox/pgi_2019_openmpi_g_develop/esmf/src/Superstructure/Component/src/ESMCI_FTable.C:981
16 0x0000000001b3dd75 esmf_compmod_esmf_compexecute_()  /work/noaa/da/mpotts/sandbox/pgi_2019_openmpi_g_develop/esmf/src/Superstructure/Component/src/ESMF_Comp.F90:1223
17 0x0000000001b5b8a1 esmf_cplcompmod_esmf_cplcompinitialize_()  /work/noaa/da/mpotts/sandbox/pgi_2019_openmpi_g_develop/esmf/src/Superstructure/Component/src/ESMF_CplComp.F90:1165
18 0x00000000025c13e6 nuopc_driver_loopconnectorcompss_()  /work/noaa/da/mpotts/sandbox/pgi_2019_openmpi_g_develop/esmf/src/addon/NUOPC/src/NUOPC_Driver.F90:3023
19 0x00000000025b1aec nuopc_driver_initializeipdv02p3_()  /work/noaa/da/mpotts/sandbox/pgi_2019_openmpi_g_develop/esmf/src/addon/NUOPC/src/NUOPC_Driver.F90:2110
20 0x000000000258fafe nuopc_driver_initializegeneric_()  /work/noaa/da/mpotts/sandbox/pgi_2019_openmpi_g_develop/esmf/src/addon/NUOPC/src/NUOPC_Driver.F90:479
21 0x0000000001081157 ESMCI::FTable::callVFuncPtr()  /work/noaa/da/mpotts/sandbox/pgi_2019_openmpi_g_develop/esmf/src/Superstructure/Component/src/ESMCI_FTable.C:2167
22 0x000000000107d05c ESMCI_FTableCallEntryPointVMHop()  /work/noaa/da/mpotts/sandbox/pgi_2019_openmpi_g_develop/esmf/src/Superstructure/Component/src/ESMCI_FTable.C:824
23 0x00000000017cf4bf ESMCI::VMK::enter()  /work/noaa/da/mpotts/sandbox/pgi_2019_openmpi_g_develop/esmf/src/Infrastructure/VM/src/ESMCI_VMKernel.C:2320
24 0x00000000017f3e7d ESMCI::VM::enter()  /work/noaa/da/mpotts/sandbox/pgi_2019_openmpi_g_develop/esmf/src/Infrastructure/VM/src/ESMCI_VM.C:1216
25 0x000000000107d521 c_esmc_ftablecallentrypointvm_()  /work/noaa/da/mpotts/sandbox/pgi_2019_openmpi_g_develop/esmf/src/Superstructure/Component/src/ESMCI_FTable.C:981
26 0x0000000001b3dd75 esmf_compmod_esmf_compexecute_()  /work/noaa/da/mpotts/sandbox/pgi_2019_openmpi_g_develop/esmf/src/Superstructure/Component/src/ESMF_Comp.F90:1223
27 0x0000000001e54a01 esmf_gridcompmod_esmf_gridcompinitialize_()  /work/noaa/da/mpotts/sandbox/pgi_2019_openmpi_g_develop/esmf/src/Superstructure/Component/src/ESMF_GridComp.F90:1412
28 0x0000000000407628 MAIN_()  /work/noaa/da/mpotts/sandbox/pgi_2019_openmpi_g_develop/nuopc-app-prototypes/AtmOcnFDSynoProto/esmApp.F90:99
29 0x0000000000406db3 main()  ???:0
30 0x0000000000022495 __libc_start_main()  ???:0
31 0x0000000000406cb9 _start()  ???:0
=================================
[Orion-03-19:07772] [ 1] /work/noaa/da/mpotts/sandbox/pgi_2019_openmpi_g_develop/esmf/DEFAULTINSTALLDIR/lib/libg/Linux.pgi.64.openmpi.default/libesmf.so(_ZN5ESMCI6LogErr13MsgFoundErrorEiPKciS2_S2_Pi+0x34)[0x7f04881e2a64]
[Orion-03-19:07772] [ 2] /work/noaa/da/mpotts/sandbox/pgi_2019_openmpi_g_develop/esmf/DEFAULTINSTALLDIR/lib/libg/Linux.pgi.64.openmpi.default/libesmf.so(_ZN5ESMCI7MeshCap22meshcreatenodedistgridEPi+0x81)[0x7f04883c7151]
[Orion-03-19:07774] *** Process received signal ***
[Orion-03-19:07774] Signal: Segmentation fault (11)
[Orion-03-19:07774] Signal code:  (-6)
[Orion-03-19:07774] Failing at address: 0x20e500001e5e
[Orion-03-19:07774] [ 0] /lib64/libpthread.so.0(+0xf5d0)[0x7ff79bfb65d0]
[Orion-03-19:07772] [ 3] /work/noaa/da/mpotts/sandbox/pgi_2019_openmpi_g_develop/esmf/DEFAULTINSTALLDIR/lib/libg/Linux.pgi.64.openmpi.default/libesmf.so(c_esmc_meshcreatenodedistgrid_+0x177)[0x7f048840cce7]
[Orion-03-19:07774] [ 1] /work/noaa/da/mpotts/sandbox/pgi_2019_openmpi_g_develop/esmf/DEFAULTINSTALLDIR/lib/libg/Linux.pgi.64.openmpi.default/libesmf.so(_ZN5ESMCI6LogErr13MsgFoundErrorEiPKciS2_S2_Pi+0x34)[0x7ff799302a64]
[Orion-03-19:07772] [ 4] /work/noaa/da/mpotts/sandbox/pgi_2019_openmpi_g_develop/esmf/DEFAULTINSTALLDIR/lib/libg/Linux.pgi.64.openmpi.default/libesmf.so(esmf_meshmod_esmf_meshcreatefrompointer_+0x78)[0x7f04890e3e28]
[Orion-03-19:07772] [ 5] /work/noaa/da/mpotts/sandbox/pgi_2019_openmpi_g_develop/esmf/DEFAULTINSTALLDIR/lib/libg/Linux.pgi.64.openmpi.default/libesmf.so(esmf_gridutilmod_esmf_gridtomesh_+0x550)[0x7f0488f11e00]
[Orion-03-19:07774] [ 2] /work/noaa/da/mpotts/sandbox/pgi_2019_openmpi_g_develop/esmf/DEFAULTINSTALLDIR/lib/libg/Linux.pgi.64.openmpi.default/libesmf.so(_ZN5ESMCI7MeshCap22meshcreatenodedistgridEPi+0x81)[0x7ff7994e7151]
[Orion-03-19:07772] [ 6] /work/noaa/da/mpotts/sandbox/pgi_2019_openmpi_g_develop/esmf/DEFAULTINSTALLDIR/lib/libg/Linux.pgi.64.openmpi.default/libesmf.so(esmf_fieldregridmod_b_or_p_gridtomesh_+0x60b)[0x7f0488db72ab]
[Orion-03-19:07774] [ 3] /work/noaa/da/mpotts/sandbox/pgi_2019_openmpi_g_develop/esmf/DEFAULTINSTALLDIR/lib/libg/Linux.pgi.64.openmpi.default/libesmf.so(c_esmc_meshcreatenodedistgrid_+0x177)[0x7ff79952cce7]
[Orion-03-19:07772] [ 7] /work/noaa/da/mpotts/sandbox/pgi_2019_openmpi_g_develop/esmf/DEFAULTINSTALLDIR/lib/libg/Linux.pgi.64.openmpi.default/libesmf.so(esmf_fieldregridmod_getmeshwithnodesonfieldloc_+0x561)[0x7f0488db25c1]
[Orion-03-19:07774] [ 4] /work/noaa/da/mpotts/sandbox/pgi_2019_openmpi_g_develop/esmf/DEFAULTINSTALLDIR/lib/libg/Linux.pgi.64.openmpi.default/libesmf.so(esmf_meshmod_esmf_meshcreatefrompointer_+0x78)[0x7ff79a203e28]
[Orion-03-19:07772] [ 8] /work/noaa/da/mpotts/sandbox/pgi_2019_openmpi_g_develop/esmf/DEFAULTINSTALLDIR/lib/libg/Linux.pgi.64.openmpi.default/libesmf.so(esmf_fieldregridmod_esmf_fieldregridstorenx_+0x1034)[0x7f0488dafed4]
[Orion-03-19:07774] [ 5] /work/noaa/da/mpotts/sandbox/pgi_2019_openmpi_g_develop/esmf/DEFAULTINSTALLDIR/lib/libg/Linux.pgi.64.openmpi.default/libesmf.so(esmf_gridutilmod_esmf_gridtomesh_+0x550)[0x7ff79a031e00]
[Orion-03-19:07772] [ 9] /work/noaa/da/mpotts/sandbox/pgi_2019_openmpi_g_develop/esmf/DEFAULTINSTALLDIR/lib/libg/Linux.pgi.64.openmpi.default/libesmf.so(esmf_fieldbundlemod_esmf_fieldbundleregridstorepair_+0x48d8)[0x7f0488bbe838]
[Orion-03-19:07774] [ 6] /work/noaa/da/mpotts/sandbox/pgi_2019_openmpi_g_develop/esmf/DEFAULTINSTALLDIR/lib/libg/Linux.pgi.64.openmpi.default/libesmf.so(esmf_fieldregridmod_b_or_p_gridtomesh_+0x60b)[0x7ff799ed72ab]
[Orion-03-19:07772] [10] /work/noaa/da/mpotts/sandbox/pgi_2019_openmpi_g_develop/esmf/DEFAULTINSTALLDIR/lib/libg/Linux.pgi.64.openmpi.default/libesmf.so(nuopc_connector_fieldbundlecplstore_+0xf545)[0x7f048954e2e5]
[Orion-03-19:07774] [ 7] /work/noaa/da/mpotts/sandbox/pgi_2019_openmpi_g_develop/esmf/DEFAULTINSTALLDIR/lib/libg/Linux.pgi.64.openmpi.default/libesmf.so(esmf_fieldregridmod_getmeshwithnodesonfieldloc_+0x561)[0x7ff799ed25c1]
[Orion-03-19:07772] [11] /work/noaa/da/mpotts/sandbox/pgi_2019_openmpi_g_develop/esmf/DEFAULTINSTALLDIR/lib/libg/Linux.pgi.64.openmpi.default/libesmf.so(nuopc_connector_initializeipdv05p6b_+0x907d)[0x7f04895277bd]
[Orion-03-19:07774] [ 8] /work/noaa/da/mpotts/sandbox/pgi_2019_openmpi_g_develop/esmf/DEFAULTINSTALLDIR/lib/libg/Linux.pgi.64.openmpi.default/libesmf.so(esmf_fieldregridmod_esmf_fieldregridstorenx_+0x1034)[0x7ff799ecfed4]
[Orion-03-19:07772] [12] /work/noaa/da/mpotts/sandbox/pgi_2019_openmpi_g_develop/esmf/DEFAULTINSTALLDIR/lib/libg/Linux.pgi.64.openmpi.default/libesmf.so(_ZN5ESMCI6FTable12callVFuncPtrEPKcPNS_2VMEPi+0xcf7)[0x7f0488049157]
[Orion-03-19:07774] [ 9] /work/noaa/da/mpotts/sandbox/pgi_2019_openmpi_g_develop/esmf/DEFAULTINSTALLDIR/lib/libg/Linux.pgi.64.openmpi.default/libesmf.so(esmf_fieldbundlemod_esmf_fieldbundleregridstorepair_+0x48d8)[0x7ff799cde838]
[Orion-03-19:07772] [13] /work/noaa/da/mpotts/sandbox/pgi_2019_openmpi_g_develop/esmf/DEFAULTINSTALLDIR/lib/libg/Linux.pgi.64.openmpi.default/libesmf.so(ESMCI_FTableCallEntryPointVMHop+0x2ac)[0x7f048804505c]
[Orion-03-19:07774] [10] /work/noaa/da/mpotts/sandbox/pgi_2019_openmpi_g_develop/esmf/DEFAULTINSTALLDIR/lib/libg/Linux.pgi.64.openmpi.default/libesmf.so(nuopc_connector_fieldbundlecplstore_+0xf545)[0x7ff79a66e2e5]
[Orion-03-19:07772] [14] /work/noaa/da/mpotts/sandbox/pgi_2019_openmpi_g_develop/esmf/DEFAULTINSTALLDIR/lib/libg/Linux.pgi.64.openmpi.default/libesmf.so(_ZN5ESMCI3VMK5enterEPNS_7VMKPlanEPvS3_+0xcf)[0x7f04887974bf]
[Orion-03-19:07772] [15] /work/noaa/da/mpotts/sandbox/pgi_2019_openmpi_g_develop/esmf/DEFAULTINSTALLDIR/lib/libg/Linux.pgi.64.openmpi.default/libesmf.so(_ZN5ESMCI2VM5enterEPNS_6VMPlanEPvS3_+0xcd)[0x7f04887bbe7d]
[Orion-03-19:07774] [11] /work/noaa/da/mpotts/sandbox/pgi_2019_openmpi_g_develop/esmf/DEFAULTINSTALLDIR/lib/libg/Linux.pgi.64.openmpi.default/libesmf.so(nuopc_connector_initializeipdv05p6b_+0x907d)[0x7ff79a6477bd]
[Orion-03-19:07772] [16] /work/noaa/da/mpotts/sandbox/pgi_2019_openmpi_g_develop/esmf/DEFAULTINSTALLDIR/lib/libg/Linux.pgi.64.openmpi.default/libesmf.so(c_esmc_ftablecallentrypointvm_+0x3a1)[0x7f0488045521]
[Orion-03-19:07774] [12] /work/noaa/da/mpotts/sandbox/pgi_2019_openmpi_g_develop/esmf/DEFAULTINSTALLDIR/lib/libg/Linux.pgi.64.openmpi.default/libesmf.so(_ZN5ESMCI6FTable12callVFuncPtrEPKcPNS_2VMEPi+0xcf7)[0x7ff799169157]
[Orion-03-19:07772] [17] /work/noaa/da/mpotts/sandbox/pgi_2019_openmpi_g_develop/esmf/DEFAULTINSTALLDIR/lib/libg/Linux.pgi.64.openmpi.default/libesmf.so(esmf_compmod_esmf_compexecute_+0xbd5)[0x7f0488b05d75]
[Orion-03-19:07774] [13] /work/noaa/da/mpotts/sandbox/pgi_2019_openmpi_g_develop/esmf/DEFAULTINSTALLDIR/lib/libg/Linux.pgi.64.openmpi.default/libesmf.so(ESMCI_FTableCallEntryPointVMHop+0x2ac)[0x7ff79916505c]
[Orion-03-19:07772] [18] /work/noaa/da/mpotts/sandbox/pgi_2019_openmpi_g_develop/esmf/DEFAULTINSTALLDIR/lib/libg/Linux.pgi.64.openmpi.default/libesmf.so(esmf_cplcompmod_esmf_cplcompinitialize_+0x1f1)[0x7f0488b238a1]
[Orion-03-19:07774] [14] /work/noaa/da/mpotts/sandbox/pgi_2019_openmpi_g_develop/esmf/DEFAULTINSTALLDIR/lib/libg/Linux.pgi.64.openmpi.default/libesmf.so(_ZN5ESMCI3VMK5enterEPNS_7VMKPlanEPvS3_+0xcf)[0x7ff7998b74bf]
[Orion-03-19:07772] [19] /work/noaa/da/mpotts/sandbox/pgi_2019_openmpi_g_develop/esmf/DEFAULTINSTALLDIR/lib/libg/Linux.pgi.64.openmpi.default/libesmf.so(nuopc_driver_loopconnectorcompss_+0x1916)[0x7f04895893e6]
[Orion-03-19:07774] [15] /work/noaa/da/mpotts/sandbox/pgi_2019_openmpi_g_develop/esmf/DEFAULTINSTALLDIR/lib/libg/Linux.pgi.64.openmpi.default/libesmf.so(_ZN5ESMCI2VM5enterEPNS_6VMPlanEPvS3_+0xcd)[0x7ff7998dbe7d]
[Orion-03-19:07772] [20] /work/noaa/da/mpotts/sandbox/pgi_2019_openmpi_g_develop/esmf/DEFAULTINSTALLDIR/lib/libg/Linux.pgi.64.openmpi.default/libesmf.so(nuopc_driver_initializeipdv02p3_+0x61fc)[0x7f0489579aec]
[Orion-03-19:07774] [16] /work/noaa/da/mpotts/sandbox/pgi_2019_openmpi_g_develop/esmf/DEFAULTINSTALLDIR/lib/libg/Linux.pgi.64.openmpi.default/libesmf.so(c_esmc_ftablecallentrypointvm_+0x3a1)[0x7ff799165521]
[Orion-03-19:07772] [21] /work/noaa/da/mpotts/sandbox/pgi_2019_openmpi_g_develop/esmf/DEFAULTINSTALLDIR/lib/libg/Linux.pgi.64.openmpi.default/libesmf.so(nuopc_driver_initializegeneric_+0x109e)[0x7f0489557afe]
[Orion-03-19:07774] [17] /work/noaa/da/mpotts/sandbox/pgi_2019_openmpi_g_develop/esmf/DEFAULTINSTALLDIR/lib/libg/Linux.pgi.64.openmpi.default/libesmf.so(esmf_compmod_esmf_compexecute_+0xbd5)[0x7ff799c25d75]
[Orion-03-19:07772] [22] /work/noaa/da/mpotts/sandbox/pgi_2019_openmpi_g_develop/esmf/DEFAULTINSTALLDIR/lib/libg/Linux.pgi.64.openmpi.default/libesmf.so(_ZN5ESMCI6FTable12callVFuncPtrEPKcPNS_2VMEPi+0xcf7)[0x7f0488049157]
[Orion-03-19:07774] [18] /work/noaa/da/mpotts/sandbox/pgi_2019_openmpi_g_develop/esmf/DEFAULTINSTALLDIR/lib/libg/Linux.pgi.64.openmpi.default/libesmf.so(esmf_cplcompmod_esmf_cplcompinitialize_+0x1f1)[0x7ff799c438a1]
[Orion-03-19:07772] [23] /work/noaa/da/mpotts/sandbox/pgi_2019_openmpi_g_develop/esmf/DEFAULTINSTALLDIR/lib/libg/Linux.pgi.64.openmpi.default/libesmf.so(ESMCI_FTableCallEntryPointVMHop+0x2ac)[0x7f048804505c]
[Orion-03-19:07774] [19] /work/noaa/da/mpotts/sandbox/pgi_2019_openmpi_g_develop/esmf/DEFAULTINSTALLDIR/lib/libg/Linux.pgi.64.openmpi.default/libesmf.so(nuopc_driver_loopconnectorcompss_+0x1916)[0x7ff79a6a93e6]
[Orion-03-19:07772] [24] /work/noaa/da/mpotts/sandbox/pgi_2019_openmpi_g_develop/esmf/DEFAULTINSTALLDIR/lib/libg/Linux.pgi.64.openmpi.default/libesmf.so(_ZN5ESMCI3VMK5enterEPNS_7VMKPlanEPvS3_+0xcf)[0x7f04887974bf]
[Orion-03-19:07774] [20] /work/noaa/da/mpotts/sandbox/pgi_2019_openmpi_g_develop/esmf/DEFAULTINSTALLDIR/lib/libg/Linux.pgi.64.openmpi.default/libesmf.so(nuopc_driver_initializeipdv02p3_+0x61fc)[0x7ff79a699aec]
[Orion-03-19:07774] [21] /work/noaa/da/mpotts/sandbox/pgi_2019_openmpi_g_develop/esmf/DEFAULTINSTALLDIR/lib/libg/Linux.pgi.64.openmpi.default/libesmf.so(nuopc_driver_initializegeneric_+0x109e)[0x7ff79a677afe]
[Orion-03-19:07774] [22] /work/noaa/da/mpotts/sandbox/pgi_2019_openmpi_g_develop/esmf/DEFAULTINSTALLDIR/lib/libg/Linux.pgi.64.openmpi.default/libesmf.so(_ZN5ESMCI6FTable12callVFuncPtrEPKcPNS_2VMEPi+0xcf7)[0x7ff799169157]
[Orion-03-19:07772] [25] /work/noaa/da/mpotts/sandbox/pgi_2019_openmpi_g_develop/esmf/DEFAULTINSTALLDIR/lib/libg/Linux.pgi.64.openmpi.default/libesmf.so(_ZN5ESMCI2VM5enterEPNS_6VMPlanEPvS3_+0xcd)[0x7f04887bbe7d]
[Orion-03-19:07774] [23] /work/noaa/da/mpotts/sandbox/pgi_2019_openmpi_g_develop/esmf/DEFAULTINSTALLDIR/lib/libg/Linux.pgi.64.openmpi.default/libesmf.so(ESMCI_FTableCallEntryPointVMHop+0x2ac)[0x7ff79916505c]
[Orion-03-19:07772] [26] /work/noaa/da/mpotts/sandbox/pgi_2019_openmpi_g_develop/esmf/DEFAULTINSTALLDIR/lib/libg/Linux.pgi.64.openmpi.default/libesmf.so(c_esmc_ftablecallentrypointvm_+0x3a1)[0x7f0488045521]
[Orion-03-19:07774] [24] /work/noaa/da/mpotts/sandbox/pgi_2019_openmpi_g_develop/esmf/DEFAULTINSTALLDIR/lib/libg/Linux.pgi.64.openmpi.default/libesmf.so(_ZN5ESMCI3VMK5enterEPNS_7VMKPlanEPvS3_+0xcf)[0x7ff7998b74bf]
[Orion-03-19:07772] [27] /work/noaa/da/mpotts/sandbox/pgi_2019_openmpi_g_develop/esmf/DEFAULTINSTALLDIR/lib/libg/Linux.pgi.64.openmpi.default/libesmf.so(esmf_compmod_esmf_compexecute_+0xbd5)[0x7f0488b05d75]
[Orion-03-19:07772] [28] /work/noaa/da/mpotts/sandbox/pgi_2019_openmpi_g_develop/esmf/DEFAULTINSTALLDIR/lib/libg/Linux.pgi.64.openmpi.default/libesmf.so(esmf_gridcompmod_esmf_gridcompinitialize_+0x1f1)[0x7f0488e1ca01]
[Orion-03-19:07772] [29] /work/noaa/da/mpotts/sandbox/pgi_2019_openmpi_g_develop/nuopc-app-prototypes/AtmOcnFDSynoProto/./esmApp[0x407628]
[Orion-03-19:07772] *** End of error message ***
[Orion-03-19:07774] [25] /work/noaa/da/mpotts/sandbox/pgi_2019_openmpi_g_develop/esmf/DEFAULTINSTALLDIR/lib/libg/Linux.pgi.64.openmpi.default/libesmf.so(_ZN5ESMCI2VM5enterEPNS_6VMPlanEPvS3_+0xcd)[0x7ff7998dbe7d]
[Orion-03-19:07774] [26] /work/noaa/da/mpotts/sandbox/pgi_2019_openmpi_g_develop/esmf/DEFAULTINSTALLDIR/lib/libg/Linux.pgi.64.openmpi.default/libesmf.so(c_esmc_ftablecallentrypointvm_+0x3a1)[0x7ff799165521]
[Orion-03-19:07774] [27] /work/noaa/da/mpotts/sandbox/pgi_2019_openmpi_g_develop/esmf/DEFAULTINSTALLDIR/lib/libg/Linux.pgi.64.openmpi.default/libesmf.so(esmf_compmod_esmf_compexecute_+0xbd5)[0x7ff799c25d75]
[Orion-03-19:07774] [28] /work/noaa/da/mpotts/sandbox/pgi_2019_openmpi_g_develop/esmf/DEFAULTINSTALLDIR/lib/libg/Linux.pgi.64.openmpi.default/libesmf.so(esmf_gridcompmod_esmf_gridcompinitialize_+0x1f1)[0x7ff799f3ca01]
[Orion-03-19:07774] [29] /work/noaa/da/mpotts/sandbox/pgi_2019_openmpi_g_develop/nuopc-app-prototypes/AtmOcnFDSynoProto/./esmApp[0x407628]
[Orion-03-19:07774] *** End of error message ***
srun: error: Orion-03-19: tasks 0,2: Segmentation fault
srun: launch/slurm: _step_signal: Terminating StepId=9507323.348
slurmstepd: error: *** STEP 9507323.348 ON Orion-03-19 CANCELLED AT 2023-03-22T04:53:02 ***
srun: error: Orion-03-19: tasks 1,3: Terminated
srun: Force Terminated StepId=9507323.348
