2023-03-23 03:18:04
20230323 044838.666 INFO             PET0 !!!!!!!!!!!!!!!!!!!!!!!!!!!!!!!!!!!!!!!!!!!!!!!!!!!!!!
20230323 044838.668 INFO             PET0 !!! THE ESMF_LOG IS SET TO OUTPUT ALL LOG MESSAGES !!!
20230323 044838.668 INFO             PET0 !!!     THIS MAY CAUSE SLOWDOWN IN PERFORMANCE     !!!
20230323 044838.668 INFO             PET0 !!! FOR PRODUCTION RUNS, USE:                      !!!
20230323 044838.668 INFO             PET0 !!!                   ESMF_LOGKIND_Multi_On_Error  !!!
20230323 044838.668 INFO             PET0 !!!!!!!!!!!!!!!!!!!!!!!!!!!!!!!!!!!!!!!!!!!!!!!!!!!!!!
20230323 044838.668 INFO             PET0 Running with ESMF Version   : v8.5.0b18-5-ge74a33b
20230323 044838.668 INFO             PET0 ESMF library build date/time: "Mar 23 2023" "03:12:48"
20230323 044838.668 INFO             PET0 ESMF library build location : /work/noaa/da/mpotts/sandbox/pgi_2019_openmpi_g_develop/esmf
20230323 044838.668 INFO             PET0 ESMF_COMM                   : openmpi
20230323 044838.668 INFO             PET0 ESMF_MOAB                   : enabled
20230323 044838.668 INFO             PET0 ESMF_LAPACK                 : enabled
20230323 044838.668 INFO             PET0 ESMF_NETCDF                 : enabled
20230323 044838.668 INFO             PET0 ESMF_PNETCDF                : disabled
20230323 044838.668 INFO             PET0 ESMF_PIO                    : enabled
20230323 044838.668 INFO             PET0 ESMF_YAMLCPP                : enabled
20230323 044838.669 INFO             PET0 esmApp STARTING
20230323 044838.675 INFO             PET0 esm: InitializeGeneric intro.
20230323 044838.675 INFO             PET0   esm: InitializeP0 intro.
20230323 044838.675 INFO             PET0   esm: InitializeP0 extro.
20230323 044838.675 INFO             PET0   esm: InitializeIPDv02p1 intro.
20230323 044838.675 INFO             PET0     >>>esm: entered Initialize (phase=<none>) without valid internal Clock.
20230323 044838.676 INFO             PET0     esm - Creating model component ATM with petList of size 2 :
20230323 044838.676 INFO             PET0           0      1
20230323 044838.680 INFO             PET0     esm - Creating model component OCN with petList of size 2 :
20230323 044838.680 INFO             PET0           2      3
20230323 044838.680 INFO             PET0     esm - Creating connector component ATM-TO-OCN with petList of size 4 :
20230323 044838.680 INFO             PET0           0      1      2      3
20230323 044838.688 INFO             PET0     esm - Creating connector component OCN-TO-ATM with petList of size 4 :
20230323 044838.688 INFO             PET0           2      3      0      1
20230323 044838.696 INFO             PET0     esm - Creating state: modelComp 1 Import State
20230323 044838.696 INFO             PET0     esm - Creating state: modelComp 1 Export State
20230323 044838.696 INFO             PET0     esm - Creating state: modelComp 2 Import State
20230323 044838.696 INFO             PET0     esm - Creating state: modelComp 2 Export State
20230323 044838.697 INFO             PET0     ATM: InitializeP0 intro.
20230323 044838.698 INFO             PET0     ATM: InitializeP0 extro.
20230323 044838.703 INFO             PET0     ATM-TO-OCN: InitializeP0 intro.
20230323 044838.703 INFO             PET0     ATM-TO-OCN: InitializeP0 extro.
20230323 044838.705 INFO             PET0     OCN-TO-ATM: InitializeP0 intro.
20230323 044838.705 INFO             PET0     OCN-TO-ATM: InitializeP0 extro.
20230323 044838.707 INFO             PET0     esm: IInitAdvertise intro.
20230323 044838.707 INFO             PET0     esm: IInitAdvertise extro.
20230323 044838.707 INFO             PET0     ATM: InitializeIPDvXp01 intro.
20230323 044838.710 INFO             PET0     ATM: InitializeIPDvXp01 extro.
20230323 044838.713 INFO             PET0     ATM-TO-OCN: InitializeIPDv05p1 intro.
20230323 044838.722 INFO             PET0     ATM-TO-OCN: InitializeIPDv05p1 extro.
20230323 044838.722 INFO             PET0     OCN-TO-ATM: InitializeIPDv05p1 intro.
20230323 044838.727 INFO             PET0     OCN-TO-ATM: InitializeIPDv05p1 extro.
20230323 044838.727 INFO             PET0     esm: IInitAdvertiseFinish intro.
20230323 044838.727 INFO             PET0     esm: IInitAdvertiseFinish extro.
20230323 044838.727 INFO             PET0     ATM-TO-OCN: InitializeIPDv05p2a intro.
20230323 044838.735 INFO             PET0     ATM-TO-OCN: InitializeIPDv05p2a extro.
20230323 044838.735 INFO             PET0     OCN-TO-ATM: InitializeIPDv05p2a intro.
20230323 044838.739 INFO             PET0     OCN-TO-ATM: InitializeIPDv05p2a extro.
20230323 044838.740 INFO             PET0     ATM-TO-OCN: InitializeIPDv05p2b intro.
20230323 044838.747 INFO             PET0     ATM-TO-OCN: InitializeIPDv05p2b extro.
20230323 044838.748 INFO             PET0     OCN-TO-ATM: InitializeIPDv05p2b intro.
20230323 044838.752 INFO             PET0     OCN-TO-ATM: InitializeIPDv05p2b extro.
20230323 044838.752 INFO             PET0     esm: IInitModifyCplLists intro.
20230323 044838.752 INFO             PET0       Driver is in ModifyCplLists()
20230323 044838.752 INFO             PET0        Found             2  Connectors. Modifying CplList Attribute....
20230323 044838.753 INFO             PET0     esm: IInitModifyCplLists extro.
20230323 044838.753 INFO             PET0     ATM-TO-OCN: InitializeIPDv05p3 intro.
20230323 044838.761 INFO             PET0     ATM-TO-OCN: InitializeIPDv05p3 extro.
20230323 044838.762 INFO             PET0     OCN-TO-ATM: InitializeIPDv05p3 intro.
20230323 044838.766 INFO             PET0     OCN-TO-ATM: InitializeIPDv05p3 extro.
20230323 044838.766 INFO             PET0     <<<esm: leaving Initialize (phase=<none>) with current time: 2010  6  1  0  0  0   0
20230323 044838.766 INFO             PET0   esm: InitializeIPDv02p1 extro.
20230323 044838.766 INFO             PET0   esm: InitializeIPDv02p3 intro.
20230323 044838.767 INFO             PET0     >>>esm: entered Initialize (phase=<none>) with current time: 2010  6  1  0  0  0   0
20230323 044838.767 INFO             PET0     esm: IInitCheck intro.
20230323 044838.767 INFO             PET0     esm: IInitCheck extro.
20230323 044838.767 INFO             PET0     ATM: InitializeIPDvXp04 intro.
20230323 044838.773 INFO             PET0     ATM: InitializeIPDvXp04 extro.
20230323 044838.776 INFO             PET0     ATM-TO-OCN: InitializeIPDv05p4 intro.
20230323 044838.790 INFO             PET0     ATM-TO-OCN: InitializeIPDv05p4 extro.
20230323 044838.790 INFO             PET0     OCN-TO-ATM: InitializeIPDv05p4 intro.
20230323 044838.797 INFO             PET0     OCN-TO-ATM: InitializeIPDv05p4 extro.
20230323 044838.797 INFO             PET0     ATM-TO-OCN: InitializeIPDv05p5 intro.
20230323 044838.810 INFO             PET0     ATM-TO-OCN: InitializeIPDv05p5 extro.
20230323 044838.810 INFO             PET0     OCN-TO-ATM: InitializeIPDv05p5 intro.
20230323 044838.817 INFO             PET0     OCN-TO-ATM: InitializeIPDv05p5 extro.
20230323 044838.817 INFO             PET0     esm: IInitRealize intro.
20230323 044838.817 INFO             PET0     esm: IInitRealize extro.
20230323 044838.817 INFO             PET0     ATM-TO-OCN: InitializeIPDv05p6a intro.
20230323 044838.829 INFO             PET0     ATM-TO-OCN: InitializeIPDv05p6a extro.
20230323 044838.666 INFO             PET1 !!!!!!!!!!!!!!!!!!!!!!!!!!!!!!!!!!!!!!!!!!!!!!!!!!!!!!
20230323 044838.667 INFO             PET1 !!! THE ESMF_LOG IS SET TO OUTPUT ALL LOG MESSAGES !!!
20230323 044838.667 INFO             PET1 !!!     THIS MAY CAUSE SLOWDOWN IN PERFORMANCE     !!!
20230323 044838.667 INFO             PET1 !!! FOR PRODUCTION RUNS, USE:                      !!!
20230323 044838.667 INFO             PET1 !!!                   ESMF_LOGKIND_Multi_On_Error  !!!
20230323 044838.667 INFO             PET1 !!!!!!!!!!!!!!!!!!!!!!!!!!!!!!!!!!!!!!!!!!!!!!!!!!!!!!
20230323 044838.667 INFO             PET1 Running with ESMF Version   : v8.5.0b18-5-ge74a33b
20230323 044838.667 INFO             PET1 ESMF library build date/time: "Mar 23 2023" "03:12:48"
20230323 044838.667 INFO             PET1 ESMF library build location : /work/noaa/da/mpotts/sandbox/pgi_2019_openmpi_g_develop/esmf
20230323 044838.667 INFO             PET1 ESMF_COMM                   : openmpi
20230323 044838.668 INFO             PET1 ESMF_MOAB                   : enabled
20230323 044838.668 INFO             PET1 ESMF_LAPACK                 : enabled
20230323 044838.668 INFO             PET1 ESMF_NETCDF                 : enabled
20230323 044838.668 INFO             PET1 ESMF_PNETCDF                : disabled
20230323 044838.668 INFO             PET1 ESMF_PIO                    : enabled
20230323 044838.668 INFO             PET1 ESMF_YAMLCPP                : enabled
20230323 044838.669 INFO             PET1 esmApp STARTING
20230323 044838.675 INFO             PET1 esm: InitializeGeneric intro.
20230323 044838.675 INFO             PET1   esm: InitializeP0 intro.
20230323 044838.675 INFO             PET1   esm: InitializeP0 extro.
20230323 044838.676 INFO             PET1   esm: InitializeIPDv02p1 intro.
20230323 044838.676 INFO             PET1     >>>esm: entered Initialize (phase=<none>) without valid internal Clock.
20230323 044838.676 INFO             PET1     esm - Creating model component ATM with petList of size 2 :
20230323 044838.676 INFO             PET1           0      1
20230323 044838.680 INFO             PET1     esm - Creating model component OCN with petList of size 2 :
20230323 044838.680 INFO             PET1           2      3
20230323 044838.680 INFO             PET1     esm - Creating connector component ATM-TO-OCN with petList of size 4 :
20230323 044838.680 INFO             PET1           0      1      2      3
20230323 044838.690 INFO             PET1     esm - Creating connector component OCN-TO-ATM with petList of size 4 :
20230323 044838.690 INFO             PET1           2      3      0      1
20230323 044838.698 INFO             PET1     esm - Creating state: modelComp 1 Import State
20230323 044838.698 INFO             PET1     esm - Creating state: modelComp 1 Export State
20230323 044838.698 INFO             PET1     esm - Creating state: modelComp 2 Import State
20230323 044838.698 INFO             PET1     esm - Creating state: modelComp 2 Export State
20230323 044838.699 INFO             PET1     ATM: InitializeP0 intro.
20230323 044838.701 INFO             PET1     ATM: InitializeP0 extro.
20230323 044838.703 INFO             PET1     ATM-TO-OCN: InitializeP0 intro.
20230323 044838.704 INFO             PET1     ATM-TO-OCN: InitializeP0 extro.
20230323 044838.705 INFO             PET1     OCN-TO-ATM: InitializeP0 intro.
20230323 044838.705 INFO             PET1     OCN-TO-ATM: InitializeP0 extro.
20230323 044838.708 INFO             PET1     esm: IInitAdvertise intro.
20230323 044838.708 INFO             PET1     esm: IInitAdvertise extro.
20230323 044838.708 INFO             PET1     ATM: InitializeIPDvXp01 intro.
20230323 044838.712 INFO             PET1     ATM: InitializeIPDvXp01 extro.
20230323 044838.714 INFO             PET1     ATM-TO-OCN: InitializeIPDv05p1 intro.
20230323 044838.722 INFO             PET1     ATM-TO-OCN: InitializeIPDv05p1 extro.
20230323 044838.723 INFO             PET1     OCN-TO-ATM: InitializeIPDv05p1 intro.
20230323 044838.727 INFO             PET1     OCN-TO-ATM: InitializeIPDv05p1 extro.
20230323 044838.727 INFO             PET1     esm: IInitAdvertiseFinish intro.
20230323 044838.727 INFO             PET1     esm: IInitAdvertiseFinish extro.
20230323 044838.727 INFO             PET1     ATM-TO-OCN: InitializeIPDv05p2a intro.
20230323 044838.735 INFO             PET1     ATM-TO-OCN: InitializeIPDv05p2a extro.
20230323 044838.735 INFO             PET1     OCN-TO-ATM: InitializeIPDv05p2a intro.
20230323 044838.740 INFO             PET1     OCN-TO-ATM: InitializeIPDv05p2a extro.
20230323 044838.740 INFO             PET1     ATM-TO-OCN: InitializeIPDv05p2b intro.
20230323 044838.748 INFO             PET1     ATM-TO-OCN: InitializeIPDv05p2b extro.
20230323 044838.748 INFO             PET1     OCN-TO-ATM: InitializeIPDv05p2b intro.
20230323 044838.752 INFO             PET1     OCN-TO-ATM: InitializeIPDv05p2b extro.
20230323 044838.753 INFO             PET1     esm: IInitModifyCplLists intro.
20230323 044838.753 INFO             PET1       Driver is in ModifyCplLists()
20230323 044838.753 INFO             PET1        Found             2  Connectors. Modifying CplList Attribute....
20230323 044838.753 INFO             PET1     esm: IInitModifyCplLists extro.
20230323 044838.753 INFO             PET1     ATM-TO-OCN: InitializeIPDv05p3 intro.
20230323 044838.762 INFO             PET1     ATM-TO-OCN: InitializeIPDv05p3 extro.
20230323 044838.762 INFO             PET1     OCN-TO-ATM: InitializeIPDv05p3 intro.
20230323 044838.767 INFO             PET1     OCN-TO-ATM: InitializeIPDv05p3 extro.
20230323 044838.767 INFO             PET1     <<<esm: leaving Initialize (phase=<none>) with current time: 2010  6  1  0  0  0   0
20230323 044838.767 INFO             PET1   esm: InitializeIPDv02p1 extro.
20230323 044838.767 INFO             PET1   esm: InitializeIPDv02p3 intro.
20230323 044838.767 INFO             PET1     >>>esm: entered Initialize (phase=<none>) with current time: 2010  6  1  0  0  0   0
20230323 044838.767 INFO             PET1     esm: IInitCheck intro.
20230323 044838.767 INFO             PET1     esm: IInitCheck extro.
20230323 044838.767 INFO             PET1     ATM: InitializeIPDvXp04 intro.
20230323 044838.775 INFO             PET1     ATM: InitializeIPDvXp04 extro.
20230323 044838.777 INFO             PET1     ATM-TO-OCN: InitializeIPDv05p4 intro.
20230323 044838.790 INFO             PET1     ATM-TO-OCN: InitializeIPDv05p4 extro.
20230323 044838.790 INFO             PET1     OCN-TO-ATM: InitializeIPDv05p4 intro.
20230323 044838.797 INFO             PET1     OCN-TO-ATM: InitializeIPDv05p4 extro.
20230323 044838.797 INFO             PET1     ATM-TO-OCN: InitializeIPDv05p5 intro.
20230323 044838.810 INFO             PET1     ATM-TO-OCN: InitializeIPDv05p5 extro.
20230323 044838.810 INFO             PET1     OCN-TO-ATM: InitializeIPDv05p5 intro.
20230323 044838.817 INFO             PET1     OCN-TO-ATM: InitializeIPDv05p5 extro.
20230323 044838.817 INFO             PET1     esm: IInitRealize intro.
20230323 044838.817 INFO             PET1     esm: IInitRealize extro.
20230323 044838.817 INFO             PET1     ATM-TO-OCN: InitializeIPDv05p6a intro.
20230323 044838.830 INFO             PET1     ATM-TO-OCN: InitializeIPDv05p6a extro.
20230323 044838.667 INFO             PET2 !!!!!!!!!!!!!!!!!!!!!!!!!!!!!!!!!!!!!!!!!!!!!!!!!!!!!!
20230323 044838.668 INFO             PET2 !!! THE ESMF_LOG IS SET TO OUTPUT ALL LOG MESSAGES !!!
20230323 044838.668 INFO             PET2 !!!     THIS MAY CAUSE SLOWDOWN IN PERFORMANCE     !!!
20230323 044838.668 INFO             PET2 !!! FOR PRODUCTION RUNS, USE:                      !!!
20230323 044838.668 INFO             PET2 !!!                   ESMF_LOGKIND_Multi_On_Error  !!!
20230323 044838.668 INFO             PET2 !!!!!!!!!!!!!!!!!!!!!!!!!!!!!!!!!!!!!!!!!!!!!!!!!!!!!!
20230323 044838.668 INFO             PET2 Running with ESMF Version   : v8.5.0b18-5-ge74a33b
20230323 044838.668 INFO             PET2 ESMF library build date/time: "Mar 23 2023" "03:12:48"
20230323 044838.668 INFO             PET2 ESMF library build location : /work/noaa/da/mpotts/sandbox/pgi_2019_openmpi_g_develop/esmf
20230323 044838.668 INFO             PET2 ESMF_COMM                   : openmpi
20230323 044838.669 INFO             PET2 ESMF_MOAB                   : enabled
20230323 044838.669 INFO             PET2 ESMF_LAPACK                 : enabled
20230323 044838.669 INFO             PET2 ESMF_NETCDF                 : enabled
20230323 044838.669 INFO             PET2 ESMF_PNETCDF                : disabled
20230323 044838.669 INFO             PET2 ESMF_PIO                    : enabled
20230323 044838.669 INFO             PET2 ESMF_YAMLCPP                : enabled
20230323 044838.669 INFO             PET2 esmApp STARTING
20230323 044838.675 INFO             PET2 esm: InitializeGeneric intro.
20230323 044838.675 INFO             PET2   esm: InitializeP0 intro.
20230323 044838.675 INFO             PET2   esm: InitializeP0 extro.
20230323 044838.675 INFO             PET2   esm: InitializeIPDv02p1 intro.
20230323 044838.675 INFO             PET2     >>>esm: entered Initialize (phase=<none>) without valid internal Clock.
20230323 044838.676 INFO             PET2     esm - Creating model component ATM with petList of size 2 :
20230323 044838.676 INFO             PET2           0      1
20230323 044838.680 INFO             PET2     esm - Creating model component OCN with petList of size 2 :
20230323 044838.680 INFO             PET2           2      3
20230323 044838.683 INFO             PET2     esm - Creating connector component ATM-TO-OCN with petList of size 4 :
20230323 044838.683 INFO             PET2           0      1      2      3
20230323 044838.688 INFO             PET2     esm - Creating connector component OCN-TO-ATM with petList of size 4 :
20230323 044838.688 INFO             PET2           2      3      0      1
20230323 044838.696 INFO             PET2     esm - Creating state: modelComp 1 Import State
20230323 044838.696 INFO             PET2     esm - Creating state: modelComp 1 Export State
20230323 044838.696 INFO             PET2     esm - Creating state: modelComp 2 Import State
20230323 044838.696 INFO             PET2     esm - Creating state: modelComp 2 Export State
20230323 044838.697 INFO             PET2     OCN: InitializeP0 intro.
20230323 044838.699 INFO             PET2     OCN: InitializeP0 extro.
20230323 044838.701 INFO             PET2     ATM-TO-OCN: InitializeP0 intro.
20230323 044838.702 INFO             PET2     ATM-TO-OCN: InitializeP0 extro.
20230323 044838.704 INFO             PET2     OCN-TO-ATM: InitializeP0 intro.
20230323 044838.705 INFO             PET2     OCN-TO-ATM: InitializeP0 extro.
20230323 044838.707 INFO             PET2     esm: IInitAdvertise intro.
20230323 044838.707 INFO             PET2     esm: IInitAdvertise extro.
20230323 044838.707 INFO             PET2     OCN: InitializeIPDvXp01 intro.
20230323 044838.710 INFO             PET2     OCN: InitializeIPDvXp01 extro.
20230323 044838.712 INFO             PET2     ATM-TO-OCN: InitializeIPDv05p1 intro.
20230323 044838.722 INFO             PET2     ATM-TO-OCN: InitializeIPDv05p1 extro.
20230323 044838.722 INFO             PET2     OCN-TO-ATM: InitializeIPDv05p1 intro.
20230323 044838.727 INFO             PET2     OCN-TO-ATM: InitializeIPDv05p1 extro.
20230323 044838.727 INFO             PET2     esm: IInitAdvertiseFinish intro.
20230323 044838.727 INFO             PET2     esm: IInitAdvertiseFinish extro.
20230323 044838.727 INFO             PET2     ATM-TO-OCN: InitializeIPDv05p2a intro.
20230323 044838.735 INFO             PET2     ATM-TO-OCN: InitializeIPDv05p2a extro.
20230323 044838.735 INFO             PET2     OCN-TO-ATM: InitializeIPDv05p2a intro.
20230323 044838.739 INFO             PET2     OCN-TO-ATM: InitializeIPDv05p2a extro.
20230323 044838.740 INFO             PET2     ATM-TO-OCN: InitializeIPDv05p2b intro.
20230323 044838.747 INFO             PET2     ATM-TO-OCN: InitializeIPDv05p2b extro.
20230323 044838.748 INFO             PET2     OCN-TO-ATM: InitializeIPDv05p2b intro.
20230323 044838.752 INFO             PET2     OCN-TO-ATM: InitializeIPDv05p2b extro.
20230323 044838.752 INFO             PET2     esm: IInitModifyCplLists intro.
20230323 044838.752 INFO             PET2       Driver is in ModifyCplLists()
20230323 044838.752 INFO             PET2        Found             2  Connectors. Modifying CplList Attribute....
20230323 044838.753 INFO             PET2     esm: IInitModifyCplLists extro.
20230323 044838.753 INFO             PET2     ATM-TO-OCN: InitializeIPDv05p3 intro.
20230323 044838.761 INFO             PET2     ATM-TO-OCN: InitializeIPDv05p3 extro.
20230323 044838.762 INFO             PET2     OCN-TO-ATM: InitializeIPDv05p3 intro.
20230323 044838.766 INFO             PET2     OCN-TO-ATM: InitializeIPDv05p3 extro.
20230323 044838.766 INFO             PET2     <<<esm: leaving Initialize (phase=<none>) with current time: 2010  6  1  0  0  0   0
20230323 044838.766 INFO             PET2   esm: InitializeIPDv02p1 extro.
20230323 044838.766 INFO             PET2   esm: InitializeIPDv02p3 intro.
20230323 044838.767 INFO             PET2     >>>esm: entered Initialize (phase=<none>) with current time: 2010  6  1  0  0  0   0
20230323 044838.767 INFO             PET2     esm: IInitCheck intro.
20230323 044838.767 INFO             PET2     esm: IInitCheck extro.
20230323 044838.767 INFO             PET2     OCN: InitializeIPDvXp04 intro.
20230323 044838.773 INFO             PET2     OCN: InitializeIPDvXp04 extro.
20230323 044838.775 INFO             PET2     ATM-TO-OCN: InitializeIPDv05p4 intro.
20230323 044838.790 INFO             PET2     ATM-TO-OCN: InitializeIPDv05p4 extro.
20230323 044838.790 INFO             PET2     OCN-TO-ATM: InitializeIPDv05p4 intro.
20230323 044838.797 INFO             PET2     OCN-TO-ATM: InitializeIPDv05p4 extro.
20230323 044838.797 INFO             PET2     ATM-TO-OCN: InitializeIPDv05p5 intro.
20230323 044838.810 INFO             PET2     ATM-TO-OCN: InitializeIPDv05p5 extro.
20230323 044838.810 INFO             PET2     OCN-TO-ATM: InitializeIPDv05p5 intro.
20230323 044838.817 INFO             PET2     OCN-TO-ATM: InitializeIPDv05p5 extro.
20230323 044838.817 INFO             PET2     esm: IInitRealize intro.
20230323 044838.817 INFO             PET2     esm: IInitRealize extro.
20230323 044838.817 INFO             PET2     ATM-TO-OCN: InitializeIPDv05p6a intro.
20230323 044838.829 INFO             PET2     ATM-TO-OCN: InitializeIPDv05p6a extro.
20230323 044838.666 INFO             PET3 !!!!!!!!!!!!!!!!!!!!!!!!!!!!!!!!!!!!!!!!!!!!!!!!!!!!!!
20230323 044838.667 INFO             PET3 !!! THE ESMF_LOG IS SET TO OUTPUT ALL LOG MESSAGES !!!
20230323 044838.667 INFO             PET3 !!!     THIS MAY CAUSE SLOWDOWN IN PERFORMANCE     !!!
20230323 044838.667 INFO             PET3 !!! FOR PRODUCTION RUNS, USE:                      !!!
20230323 044838.667 INFO             PET3 !!!                   ESMF_LOGKIND_Multi_On_Error  !!!
20230323 044838.667 INFO             PET3 !!!!!!!!!!!!!!!!!!!!!!!!!!!!!!!!!!!!!!!!!!!!!!!!!!!!!!
20230323 044838.667 INFO             PET3 Running with ESMF Version   : v8.5.0b18-5-ge74a33b
20230323 044838.667 INFO             PET3 ESMF library build date/time: "Mar 23 2023" "03:12:48"
20230323 044838.667 INFO             PET3 ESMF library build location : /work/noaa/da/mpotts/sandbox/pgi_2019_openmpi_g_develop/esmf
20230323 044838.667 INFO             PET3 ESMF_COMM                   : openmpi
20230323 044838.668 INFO             PET3 ESMF_MOAB                   : enabled
20230323 044838.668 INFO             PET3 ESMF_LAPACK                 : enabled
20230323 044838.668 INFO             PET3 ESMF_NETCDF                 : enabled
20230323 044838.668 INFO             PET3 ESMF_PNETCDF                : disabled
20230323 044838.668 INFO             PET3 ESMF_PIO                    : enabled
20230323 044838.668 INFO             PET3 ESMF_YAMLCPP                : enabled
20230323 044838.669 INFO             PET3 esmApp STARTING
20230323 044838.675 INFO             PET3 esm: InitializeGeneric intro.
20230323 044838.675 INFO             PET3   esm: InitializeP0 intro.
20230323 044838.675 INFO             PET3   esm: InitializeP0 extro.
20230323 044838.675 INFO             PET3   esm: InitializeIPDv02p1 intro.
20230323 044838.675 INFO             PET3     >>>esm: entered Initialize (phase=<none>) without valid internal Clock.
20230323 044838.676 INFO             PET3     esm - Creating model component ATM with petList of size 2 :
20230323 044838.676 INFO             PET3           0      1
20230323 044838.680 INFO             PET3     esm - Creating model component OCN with petList of size 2 :
20230323 044838.680 INFO             PET3           2      3
20230323 044838.683 INFO             PET3     esm - Creating connector component ATM-TO-OCN with petList of size 4 :
20230323 044838.683 INFO             PET3           0      1      2      3
20230323 044838.688 INFO             PET3     esm - Creating connector component OCN-TO-ATM with petList of size 4 :
20230323 044838.688 INFO             PET3           2      3      0      1
20230323 044838.696 INFO             PET3     esm - Creating state: modelComp 1 Import State
20230323 044838.696 INFO             PET3     esm - Creating state: modelComp 1 Export State
20230323 044838.696 INFO             PET3     esm - Creating state: modelComp 2 Import State
20230323 044838.696 INFO             PET3     esm - Creating state: modelComp 2 Export State
20230323 044838.697 INFO             PET3     OCN: InitializeP0 intro.
20230323 044838.698 INFO             PET3     OCN: InitializeP0 extro.
20230323 044838.703 INFO             PET3     ATM-TO-OCN: InitializeP0 intro.
20230323 044838.704 INFO             PET3     ATM-TO-OCN: InitializeP0 extro.
20230323 044838.705 INFO             PET3     OCN-TO-ATM: InitializeP0 intro.
20230323 044838.705 INFO             PET3     OCN-TO-ATM: InitializeP0 extro.
20230323 044838.707 INFO             PET3     esm: IInitAdvertise intro.
20230323 044838.707 INFO             PET3     esm: IInitAdvertise extro.
20230323 044838.707 INFO             PET3     OCN: InitializeIPDvXp01 intro.
20230323 044838.711 INFO             PET3     OCN: InitializeIPDvXp01 extro.
20230323 044838.714 INFO             PET3     ATM-TO-OCN: InitializeIPDv05p1 intro.
20230323 044838.722 INFO             PET3     ATM-TO-OCN: InitializeIPDv05p1 extro.
20230323 044838.722 INFO             PET3     OCN-TO-ATM: InitializeIPDv05p1 intro.
20230323 044838.727 INFO             PET3     OCN-TO-ATM: InitializeIPDv05p1 extro.
20230323 044838.727 INFO             PET3     esm: IInitAdvertiseFinish intro.
20230323 044838.727 INFO             PET3     esm: IInitAdvertiseFinish extro.
20230323 044838.727 INFO             PET3     ATM-TO-OCN: InitializeIPDv05p2a intro.
20230323 044838.735 INFO             PET3     ATM-TO-OCN: InitializeIPDv05p2a extro.
20230323 044838.735 INFO             PET3     OCN-TO-ATM: InitializeIPDv05p2a intro.
20230323 044838.739 INFO             PET3     OCN-TO-ATM: InitializeIPDv05p2a extro.
20230323 044838.740 INFO             PET3     ATM-TO-OCN: InitializeIPDv05p2b intro.
20230323 044838.747 INFO             PET3     ATM-TO-OCN: InitializeIPDv05p2b extro.
20230323 044838.748 INFO             PET3     OCN-TO-ATM: InitializeIPDv05p2b intro.
20230323 044838.752 INFO             PET3     OCN-TO-ATM: InitializeIPDv05p2b extro.
20230323 044838.752 INFO             PET3     esm: IInitModifyCplLists intro.
20230323 044838.752 INFO             PET3       Driver is in ModifyCplLists()
20230323 044838.752 INFO             PET3        Found             2  Connectors. Modifying CplList Attribute....
20230323 044838.753 INFO             PET3     esm: IInitModifyCplLists extro.
20230323 044838.753 INFO             PET3     ATM-TO-OCN: InitializeIPDv05p3 intro.
20230323 044838.761 INFO             PET3     ATM-TO-OCN: InitializeIPDv05p3 extro.
20230323 044838.762 INFO             PET3     OCN-TO-ATM: InitializeIPDv05p3 intro.
20230323 044838.766 INFO             PET3     OCN-TO-ATM: InitializeIPDv05p3 extro.
20230323 044838.766 INFO             PET3     <<<esm: leaving Initialize (phase=<none>) with current time: 2010  6  1  0  0  0   0
20230323 044838.766 INFO             PET3   esm: InitializeIPDv02p1 extro.
20230323 044838.766 INFO             PET3   esm: InitializeIPDv02p3 intro.
20230323 044838.767 INFO             PET3     >>>esm: entered Initialize (phase=<none>) with current time: 2010  6  1  0  0  0   0
20230323 044838.767 INFO             PET3     esm: IInitCheck intro.
20230323 044838.767 INFO             PET3     esm: IInitCheck extro.
20230323 044838.767 INFO             PET3     OCN: InitializeIPDvXp04 intro.
20230323 044838.773 INFO             PET3     OCN: InitializeIPDvXp04 extro.
20230323 044838.777 INFO             PET3     ATM-TO-OCN: InitializeIPDv05p4 intro.
20230323 044838.790 INFO             PET3     ATM-TO-OCN: InitializeIPDv05p4 extro.
20230323 044838.790 INFO             PET3     OCN-TO-ATM: InitializeIPDv05p4 intro.
20230323 044838.797 INFO             PET3     OCN-TO-ATM: InitializeIPDv05p4 extro.
20230323 044838.797 INFO             PET3     ATM-TO-OCN: InitializeIPDv05p5 intro.
20230323 044838.810 INFO             PET3     ATM-TO-OCN: InitializeIPDv05p5 extro.
20230323 044838.810 INFO             PET3     OCN-TO-ATM: InitializeIPDv05p5 intro.
20230323 044838.817 INFO             PET3     OCN-TO-ATM: InitializeIPDv05p5 extro.
20230323 044838.817 INFO             PET3     esm: IInitRealize intro.
20230323 044838.817 INFO             PET3     esm: IInitRealize extro.
20230323 044838.817 INFO             PET3     ATM-TO-OCN: InitializeIPDv05p6a intro.
20230323 044838.829 INFO             PET3     ATM-TO-OCN: InitializeIPDv05p6a extro.
