2023-03-20 03:00:19
[Orion-22-11:341842:0:341842] Caught signal 11 (Segmentation fault: address not mapped to object at address 0x4f1b591)
[Orion-22-11:341843:0:341843] Caught signal 11 (Segmentation fault: address not mapped to object at address 0x4f1b591)
[Orion-22-11:341844:0:341844] Caught signal 11 (Segmentation fault: address not mapped to object at address 0x4f1b591)
[Orion-22-11:341845:0:341845] Caught signal 11 (Segmentation fault: address not mapped to object at address 0x4f1b591)

/work/noaa/da/mpotts/sandbox/pgi_2019_openmpi_g_develop/esmf/src/Infrastructure/LogErr/src/ESMCI_LogErr.C: [ ESMCI::LogErr::MsgFoundError() ]
      ...
      583 {
      584     bool result=false;
      585 #ifdef ESMC_SUCCESSDEFAULT_ON
==>   586     if (rcToReturn != ESMC_NULL_POINTER) *rcToReturn=ESMF_SUCCESS;
      587 #endif
      588     if (trace) {
      589         Write(ESMC_METHOD,ESMC_LOGMSG_TRACE,

/work/noaa/da/mpotts/sandbox/pgi_2019_openmpi_g_develop/esmf/src/Infrastructure/LogErr/src/ESMCI_LogErr.C: [ ESMCI::LogErr::MsgFoundError() ]
      ...

      583 {
      584     bool result=false;
      585 #ifdef ESMC_SUCCESSDEFAULT_ON
==>   586     if (rcToReturn != ESMC_NULL_POINTER) *rcToReturn=ESMF_SUCCESS;
      587 #endif
      588     if (trace) {
      589         Write(ESMC_METHOD,ESMC_LOGMSG_TRACE,


/work/noaa/da/mpotts/sandbox/pgi_2019_openmpi_g_develop/esmf/src/Infrastructure/LogErr/src/ESMCI_LogErr.C: [ ESMCI::LogErr::MsgFoundError() ]
      ...

/work/noaa/da/mpotts/sandbox/pgi_2019_openmpi_g_develop/esmf/src/Infrastructure/LogErr/src/ESMCI_LogErr.C: [ ESMCI::LogErr::MsgFoundError() ]
      ...
      583 {
      584     bool result=false;
      585 #ifdef ESMC_SUCCESSDEFAULT_ON
==>   586     if (rcToReturn != ESMC_NULL_POINTER) *rcToReturn=ESMF_SUCCESS;
      587 #endif
      588     if (trace) {
      589         Write(ESMC_METHOD,ESMC_LOGMSG_TRACE,
      583 {
      584     bool result=false;
      585 #ifdef ESMC_SUCCESSDEFAULT_ON
==>   586     if (rcToReturn != ESMC_NULL_POINTER) *rcToReturn=ESMF_SUCCESS;
      587 #endif
      588     if (trace) {
      589         Write(ESMC_METHOD,ESMC_LOGMSG_TRACE,


==== backtrace (tid: 341845) ====
 0 0x000000000121aa64 ESMCI::LogErr::MsgFoundError()  /work/noaa/da/mpotts/sandbox/pgi_2019_openmpi_g_develop/esmf/src/Infrastructure/LogErr/src/ESMCI_LogErr.C:586
 1 0x00000000013ff151 ESMCI::MeshCap::meshcreatenodedistgrid()  /work/noaa/da/mpotts/sandbox/pgi_2019_openmpi_g_develop/esmf/src/Infrastructure/Mesh/src/ESMCI_MeshCap.C:1754
 2 0x0000000001444ce7 c_esmc_meshcreatenodedistgrid_()  /work/noaa/da/mpotts/sandbox/pgi_2019_openmpi_g_develop/esmf/src/Infrastructure/Mesh/interface/ESMCI_Mesh_F.C:247
 3 0x000000000211be28 esmf_meshmod_esmf_meshcreatefrompointer_()  /work/noaa/da/mpotts/sandbox/pgi_2019_openmpi_g_develop/esmf/src/Infrastructure/Mesh/interface/ESMF_Mesh.F90:3091
 4 0x0000000001f49e00 esmf_gridutilmod_esmf_gridtomesh_()  /work/noaa/da/mpotts/sandbox/pgi_2019_openmpi_g_develop/esmf/src/Infrastructure/GridUtil/interface/ESMF_GridUtil.F90:453
 5 0x0000000001def2ab esmf_fieldregridmod_b_or_p_gridtomesh_()  /work/noaa/da/mpotts/sandbox/pgi_2019_openmpi_g_develop/esmf/src/Infrastructure/Field/src/ESMF_FieldRegrid.F90:3228
 6 0x0000000001dea5c1 esmf_fieldregridmod_getmeshwithnodesonfieldloc_()  /work/noaa/da/mpotts/sandbox/pgi_2019_openmpi_g_develop/esmf/src/Infrastructure/Field/src/ESMF_FieldRegrid.F90:1346
 7 0x0000000001de7ed4 esmf_fieldregridmod_esmf_fieldregridstorenx_()  /work/noaa/da/mpotts/sandbox/pgi_2019_openmpi_g_develop/esmf/src/Infrastructure/Field/src/ESMF_FieldRegrid.F90:971
 8 0x0000000001bf6838 esmf_fieldbundlemod_esmf_fieldbundleregridstorepair_()  /work/noaa/da/mpotts/sandbox/pgi_2019_openmpi_g_develop/esmf/src/Infrastructure/FieldBundle/src/ESMF_FieldBundle.F90:16211
 9 0x00000000025862e5 nuopc_connector_fieldbundlecplstore_()  /work/noaa/da/mpotts/sandbox/pgi_2019_openmpi_g_develop/esmf/src/addon/NUOPC/src/NUOPC_Connector.F90:7714
10 0x000000000255f423 nuopc_connector_initializeipdv05p6b_()  /work/noaa/da/mpotts/sandbox/pgi_2019_openmpi_g_develop/esmf/src/addon/NUOPC/src/NUOPC_Connector.F90:5375
11 0x0000000001081157 ESMCI::FTable::callVFuncPtr()  /work/noaa/da/mpotts/sandbox/pgi_2019_openmpi_g_develop/esmf/src/Superstructure/Component/src/ESMCI_FTable.C:2167
12 0x000000000107d05c ESMCI_FTableCallEntryPointVMHop()  /work/noaa/da/mpotts/sandbox/pgi_2019_openmpi_g_develop/esmf/src/Superstructure/Component/src/ESMCI_FTable.C:824
13 0x00000000017cf4bf ESMCI::VMK::enter()  /work/noaa/da/mpotts/sandbox/pgi_2019_openmpi_g_develop/esmf/src/Infrastructure/VM/src/ESMCI_VMKernel.C:2320
14 0x00000000017f3e7d ESMCI::VM::enter()  /work/noaa/da/mpotts/sandbox/pgi_2019_openmpi_g_develop/esmf/src/Infrastructure/VM/src/ESMCI_VM.C:1216
15 0x000000000107d521 c_esmc_ftablecallentrypointvm_()  /work/noaa/da/mpotts/sandbox/pgi_2019_openmpi_g_develop/esmf/src/Superstructure/Component/src/ESMCI_FTable.C:981
16 0x0000000001b3dd75 esmf_compmod_esmf_compexecute_()  /work/noaa/da/mpotts/sandbox/pgi_2019_openmpi_g_develop/esmf/src/Superstructure/Component/src/ESMF_Comp.F90:1223
17 0x0000000001b5b8a1 esmf_cplcompmod_esmf_cplcompinitialize_()  /work/noaa/da/mpotts/sandbox/pgi_2019_openmpi_g_develop/esmf/src/Superstructure/Component/src/ESMF_CplComp.F90:1165
18 0x00000000025c13e6 nuopc_driver_loopconnectorcompss_()  /work/noaa/da/mpotts/sandbox/pgi_2019_openmpi_g_develop/esmf/src/addon/NUOPC/src/NUOPC_Driver.F90:3023
19 0x00000000025b1aec nuopc_driver_initializeipdv02p3_()  /work/noaa/da/mpotts/sandbox/pgi_2019_openmpi_g_develop/esmf/src/addon/NUOPC/src/NUOPC_Driver.F90:2110
20 0x000000000258fafe nuopc_driver_initializegeneric_()  /work/noaa/da/mpotts/sandbox/pgi_2019_openmpi_g_develop/esmf/src/addon/NUOPC/src/NUOPC_Driver.F90:479
21 0x0000000001081157 ESMCI::FTable::callVFuncPtr()  /work/noaa/da/mpotts/sandbox/pgi_2019_openmpi_g_develop/esmf/src/Superstructure/Component/src/ESMCI_FTable.C:2167
22 0x000000000107d05c ESMCI_FTableCallEntryPointVMHop()  /work/noaa/da/mpotts/sandbox/pgi_2019_openmpi_g_develop/esmf/src/Superstructure/Component/src/ESMCI_FTable.C:824
==== backtrace (tid: 341843) ====
 0 0x000000000121aa64 ESMCI::LogErr::MsgFoundError()  /work/noaa/da/mpotts/sandbox/pgi_2019_openmpi_g_develop/esmf/src/Infrastructure/LogErr/src/ESMCI_LogErr.C:586
 1 0x00000000013ff151 ESMCI::MeshCap::meshcreatenodedistgrid()  /work/noaa/da/mpotts/sandbox/pgi_2019_openmpi_g_develop/esmf/src/Infrastructure/Mesh/src/ESMCI_MeshCap.C:1754
 2 0x0000000001444ce7 c_esmc_meshcreatenodedistgrid_()  /work/noaa/da/mpotts/sandbox/pgi_2019_openmpi_g_develop/esmf/src/Infrastructure/Mesh/interface/ESMCI_Mesh_F.C:247
 3 0x000000000211be28 esmf_meshmod_esmf_meshcreatefrompointer_()  /work/noaa/da/mpotts/sandbox/pgi_2019_openmpi_g_develop/esmf/src/Infrastructure/Mesh/interface/ESMF_Mesh.F90:3091
 4 0x0000000001f49e00 esmf_gridutilmod_esmf_gridtomesh_()  /work/noaa/da/mpotts/sandbox/pgi_2019_openmpi_g_develop/esmf/src/Infrastructure/GridUtil/interface/ESMF_GridUtil.F90:453
 5 0x0000000001def2ab esmf_fieldregridmod_b_or_p_gridtomesh_()  /work/noaa/da/mpotts/sandbox/pgi_2019_openmpi_g_develop/esmf/src/Infrastructure/Field/src/ESMF_FieldRegrid.F90:3228
 6 0x0000000001dea5c1 esmf_fieldregridmod_getmeshwithnodesonfieldloc_()  /work/noaa/da/mpotts/sandbox/pgi_2019_openmpi_g_develop/esmf/src/Infrastructure/Field/src/ESMF_FieldRegrid.F90:1346
23 0x00000000017cf4bf ESMCI::VMK::enter()  /work/noaa/da/mpotts/sandbox/pgi_2019_openmpi_g_develop/esmf/src/Infrastructure/VM/src/ESMCI_VMKernel.C:2320
24 0x00000000017f3e7d ESMCI::VM::enter()  /work/noaa/da/mpotts/sandbox/pgi_2019_openmpi_g_develop/esmf/src/Infrastructure/VM/src/ESMCI_VM.C:1216
25 0x000000000107d521 c_esmc_ftablecallentrypointvm_()  /work/noaa/da/mpotts/sandbox/pgi_2019_openmpi_g_develop/esmf/src/Superstructure/Component/src/ESMCI_FTable.C:981
26 0x0000000001b3dd75 esmf_compmod_esmf_compexecute_()  /work/noaa/da/mpotts/sandbox/pgi_2019_openmpi_g_develop/esmf/src/Superstructure/Component/src/ESMF_Comp.F90:1223
27 0x0000000001e54a01 esmf_gridcompmod_esmf_gridcompinitialize_()  /work/noaa/da/mpotts/sandbox/pgi_2019_openmpi_g_develop/esmf/src/Superstructure/Component/src/ESMF_GridComp.F90:1412
28 0x00000000004071c7 MAIN_()  /work/noaa/da/mpotts/sandbox/pgi_2019_openmpi_g_develop/nuopc-app-prototypes/AtmOcnCplSetProto/esmApp.F90:58
29 0x0000000000406c73 main()  ???:0
30 0x0000000000022495 __libc_start_main()  ???:0
31 0x0000000000406b79 _start()  ???:0
=================================
 7 0x0000000001de7ed4 esmf_fieldregridmod_esmf_fieldregridstorenx_()  /work/noaa/da/mpotts/sandbox/pgi_2019_openmpi_g_develop/esmf/src/Infrastructure/Field/src/ESMF_FieldRegrid.F90:971
 8 0x0000000001bf6838 esmf_fieldbundlemod_esmf_fieldbundleregridstorepair_()  /work/noaa/da/mpotts/sandbox/pgi_2019_openmpi_g_develop/esmf/src/Infrastructure/FieldBundle/src/ESMF_FieldBundle.F90:16211
 9 0x00000000025862e5 nuopc_connector_fieldbundlecplstore_()  /work/noaa/da/mpotts/sandbox/pgi_2019_openmpi_g_develop/esmf/src/addon/NUOPC/src/NUOPC_Connector.F90:7714
10 0x000000000255f423 nuopc_connector_initializeipdv05p6b_()  /work/noaa/da/mpotts/sandbox/pgi_2019_openmpi_g_develop/esmf/src/addon/NUOPC/src/NUOPC_Connector.F90:5375
11 0x0000000001081157 ESMCI::FTable::callVFuncPtr()  /work/noaa/da/mpotts/sandbox/pgi_2019_openmpi_g_develop/esmf/src/Superstructure/Component/src/ESMCI_FTable.C:2167
12 0x000000000107d05c ESMCI_FTableCallEntryPointVMHop()  /work/noaa/da/mpotts/sandbox/pgi_2019_openmpi_g_develop/esmf/src/Superstructure/Component/src/ESMCI_FTable.C:824
13 0x00000000017cf4bf ESMCI::VMK::enter()  /work/noaa/da/mpotts/sandbox/pgi_2019_openmpi_g_develop/esmf/src/Infrastructure/VM/src/ESMCI_VMKernel.C:2320
14 0x00000000017f3e7d ESMCI::VM::enter()  /work/noaa/da/mpotts/sandbox/pgi_2019_openmpi_g_develop/esmf/src/Infrastructure/VM/src/ESMCI_VM.C:1216
15 0x000000000107d521 c_esmc_ftablecallentrypointvm_()  /work/noaa/da/mpotts/sandbox/pgi_2019_openmpi_g_develop/esmf/src/Superstructure/Component/src/ESMCI_FTable.C:981
16 0x0000000001b3dd75 esmf_compmod_esmf_compexecute_()  /work/noaa/da/mpotts/sandbox/pgi_2019_openmpi_g_develop/esmf/src/Superstructure/Component/src/ESMF_Comp.F90:1223
17 0x0000000001b5b8a1 esmf_cplcompmod_esmf_cplcompinitialize_()  /work/noaa/da/mpotts/sandbox/pgi_2019_openmpi_g_develop/esmf/src/Superstructure/Component/src/ESMF_CplComp.F90:1165
18 0x00000000025c13e6 nuopc_driver_loopconnectorcompss_()  /work/noaa/da/mpotts/sandbox/pgi_2019_openmpi_g_develop/esmf/src/addon/NUOPC/src/NUOPC_Driver.F90:3023
19 0x00000000025b1aec nuopc_driver_initializeipdv02p3_()  /work/noaa/da/mpotts/sandbox/pgi_2019_openmpi_g_develop/esmf/src/addon/NUOPC/src/NUOPC_Driver.F90:2110
20 0x000000000258fafe nuopc_driver_initializegeneric_()  /work/noaa/da/mpotts/sandbox/pgi_2019_openmpi_g_develop/esmf/src/addon/NUOPC/src/NUOPC_Driver.F90:479
21 0x0000000001081157 ESMCI::FTable::callVFuncPtr()  /work/noaa/da/mpotts/sandbox/pgi_2019_openmpi_g_develop/esmf/src/Superstructure/Component/src/ESMCI_FTable.C:2167
22 0x000000000107d05c ESMCI_FTableCallEntryPointVMHop()  /work/noaa/da/mpotts/sandbox/pgi_2019_openmpi_g_develop/esmf/src/Superstructure/Component/src/ESMCI_FTable.C:824
23 0x00000000017cf4bf ESMCI::VMK::enter()  /work/noaa/da/mpotts/sandbox/pgi_2019_openmpi_g_develop/esmf/src/Infrastructure/VM/src/ESMCI_VMKernel.C:2320
24 0x00000000017f3e7d ESMCI::VM::enter()  /work/noaa/da/mpotts/sandbox/pgi_2019_openmpi_g_develop/esmf/src/Infrastructure/VM/src/ESMCI_VM.C:1216
25 0x000000000107d521 c_esmc_ftablecallentrypointvm_()  /work/noaa/da/mpotts/sandbox/pgi_2019_openmpi_g_develop/esmf/src/Superstructure/Component/src/ESMCI_FTable.C:981
26 0x0000000001b3dd75 esmf_compmod_esmf_compexecute_()  /work/noaa/da/mpotts/sandbox/pgi_2019_openmpi_g_develop/esmf/src/Superstructure/Component/src/ESMF_Comp.F90:1223
27 0x0000000001e54a01 esmf_gridcompmod_esmf_gridcompinitialize_()  /work/noaa/da/mpotts/sandbox/pgi_2019_openmpi_g_develop/esmf/src/Superstructure/Component/src/ESMF_GridComp.F90:1412
28 0x00000000004071c7 MAIN_()  /work/noaa/da/mpotts/sandbox/pgi_2019_openmpi_g_develop/nuopc-app-prototypes/AtmOcnCplSetProto/esmApp.F90:58
29 0x0000000000406c73 main()  ???:0
30 0x0000000000022495 __libc_start_main()  ???:0
31 0x0000000000406b79 _start()  ???:0
=================================
[Orion-22-11:341845] *** Process received signal ***
[Orion-22-11:341845] Signal: Segmentation fault (11)
[Orion-22-11:341845] Signal code:  (-6)
[Orion-22-11:341845] Failing at address: 0x20e500053755
[Orion-22-11:341845] [ 0] /lib64/libpthread.so.0(+0xf5d0)[0x7fd2f9d925d0]
[Orion-22-11:341843] *** Process received signal ***
[Orion-22-11:341843] Signal: Segmentation fault (11)
[Orion-22-11:341843] Signal code:  (-6)
[Orion-22-11:341843] Failing at address: 0x20e500053753
[Orion-22-11:341843] [ 0] /lib64/libpthread.so.0(+0xf5d0)[0x7fa1234895d0]
[Orion-22-11:341845] [ 1] /work/noaa/da/mpotts/sandbox/pgi_2019_openmpi_g_develop/esmf/DEFAULTINSTALLDIR/lib/libg/Linux.pgi.64.openmpi.default/libesmf.so(_ZN5ESMCI6LogErr13MsgFoundErrorEiPKciS2_S2_Pi+0x34)[0x7fd2f70dea64]
[Orion-22-11:341843] [ 1] /work/noaa/da/mpotts/sandbox/pgi_2019_openmpi_g_develop/esmf/DEFAULTINSTALLDIR/lib/libg/Linux.pgi.64.openmpi.default/libesmf.so(_ZN5ESMCI6LogErr13MsgFoundErrorEiPKciS2_S2_Pi+0x34)[0x7fa1207d5a64]
[Orion-22-11:341845] [ 2] /work/noaa/da/mpotts/sandbox/pgi_2019_openmpi_g_develop/esmf/DEFAULTINSTALLDIR/lib/libg/Linux.pgi.64.openmpi.default/libesmf.so(_ZN5ESMCI7MeshCap22meshcreatenodedistgridEPi+0x81)[0x7fd2f72c3151]
[Orion-22-11:341843] [ 2] /work/noaa/da/mpotts/sandbox/pgi_2019_openmpi_g_develop/esmf/DEFAULTINSTALLDIR/lib/libg/Linux.pgi.64.openmpi.default/libesmf.so(_ZN5ESMCI7MeshCap22meshcreatenodedistgridEPi+0x81)[0x7fa1209ba151]
[Orion-22-11:341845] [ 3] /work/noaa/da/mpotts/sandbox/pgi_2019_openmpi_g_develop/esmf/DEFAULTINSTALLDIR/lib/libg/Linux.pgi.64.openmpi.default/libesmf.so(c_esmc_meshcreatenodedistgrid_+0x177)[0x7fd2f7308ce7]
[Orion-22-11:341843] [ 3] /work/noaa/da/mpotts/sandbox/pgi_2019_openmpi_g_develop/esmf/DEFAULTINSTALLDIR/lib/libg/Linux.pgi.64.openmpi.default/libesmf.so(c_esmc_meshcreatenodedistgrid_+0x177)[0x7fa1209ffce7]
[Orion-22-11:341845] [ 4] /work/noaa/da/mpotts/sandbox/pgi_2019_openmpi_g_develop/esmf/DEFAULTINSTALLDIR/lib/libg/Linux.pgi.64.openmpi.default/libesmf.so(esmf_meshmod_esmf_meshcreatefrompointer_+0x78)[0x7fd2f7fdfe28]
[Orion-22-11:341843] [ 4] /work/noaa/da/mpotts/sandbox/pgi_2019_openmpi_g_develop/esmf/DEFAULTINSTALLDIR/lib/libg/Linux.pgi.64.openmpi.default/libesmf.so(esmf_meshmod_esmf_meshcreatefrompointer_+0x78)[0x7fa1216d6e28]
[Orion-22-11:341845] [ 5] /work/noaa/da/mpotts/sandbox/pgi_2019_openmpi_g_develop/esmf/DEFAULTINSTALLDIR/lib/libg/Linux.pgi.64.openmpi.default/libesmf.so(esmf_gridutilmod_esmf_gridtomesh_+0x550)[0x7fd2f7e0de00]
[Orion-22-11:341843] [ 5] /work/noaa/da/mpotts/sandbox/pgi_2019_openmpi_g_develop/esmf/DEFAULTINSTALLDIR/lib/libg/Linux.pgi.64.openmpi.default/libesmf.so(esmf_gridutilmod_esmf_gridtomesh_+0x550)[0x7fa121504e00]
[Orion-22-11:341845] [ 6] /work/noaa/da/mpotts/sandbox/pgi_2019_openmpi_g_develop/esmf/DEFAULTINSTALLDIR/lib/libg/Linux.pgi.64.openmpi.default/libesmf.so(esmf_fieldregridmod_b_or_p_gridtomesh_+0x60b)[0x7fd2f7cb32ab]
[Orion-22-11:341843] [ 6] /work/noaa/da/mpotts/sandbox/pgi_2019_openmpi_g_develop/esmf/DEFAULTINSTALLDIR/lib/libg/Linux.pgi.64.openmpi.default/libesmf.so(esmf_fieldregridmod_b_or_p_gridtomesh_+0x60b)[0x7fa1213aa2ab]
[Orion-22-11:341845] [ 7] /work/noaa/da/mpotts/sandbox/pgi_2019_openmpi_g_develop/esmf/DEFAULTINSTALLDIR/lib/libg/Linux.pgi.64.openmpi.default/libesmf.so(esmf_fieldregridmod_getmeshwithnodesonfieldloc_+0x561)[0x7fd2f7cae5c1]
[Orion-22-11:341843] [ 7] /work/noaa/da/mpotts/sandbox/pgi_2019_openmpi_g_develop/esmf/DEFAULTINSTALLDIR/lib/libg/Linux.pgi.64.openmpi.default/libesmf.so(esmf_fieldregridmod_getmeshwithnodesonfieldloc_+0x561)[0x7fa1213a55c1]
[Orion-22-11:341845] [ 8] /work/noaa/da/mpotts/sandbox/pgi_2019_openmpi_g_develop/esmf/DEFAULTINSTALLDIR/lib/libg/Linux.pgi.64.openmpi.default/libesmf.so(esmf_fieldregridmod_esmf_fieldregridstorenx_+0x1034)[0x7fd2f7cabed4]
[Orion-22-11:341843] [ 8] /work/noaa/da/mpotts/sandbox/pgi_2019_openmpi_g_develop/esmf/DEFAULTINSTALLDIR/lib/libg/Linux.pgi.64.openmpi.default/libesmf.so(esmf_fieldregridmod_esmf_fieldregridstorenx_+0x1034)[0x7fa1213a2ed4]
[Orion-22-11:341845] [ 9] /work/noaa/da/mpotts/sandbox/pgi_2019_openmpi_g_develop/esmf/DEFAULTINSTALLDIR/lib/libg/Linux.pgi.64.openmpi.default/libesmf.so(esmf_fieldbundlemod_esmf_fieldbundleregridstorepair_+0x48d8)[0x7fd2f7aba838]
[Orion-22-11:341843] [ 9] /work/noaa/da/mpotts/sandbox/pgi_2019_openmpi_g_develop/esmf/DEFAULTINSTALLDIR/lib/libg/Linux.pgi.64.openmpi.default/libesmf.so(esmf_fieldbundlemod_esmf_fieldbundleregridstorepair_+0x48d8)[0x7fa1211b1838]
[Orion-22-11:341845] [10] /work/noaa/da/mpotts/sandbox/pgi_2019_openmpi_g_develop/esmf/DEFAULTINSTALLDIR/lib/libg/Linux.pgi.64.openmpi.default/libesmf.so(nuopc_connector_fieldbundlecplstore_+0xf545)[0x7fd2f844a2e5]
[Orion-22-11:341843] [10] /work/noaa/da/mpotts/sandbox/pgi_2019_openmpi_g_develop/esmf/DEFAULTINSTALLDIR/lib/libg/Linux.pgi.64.openmpi.default/libesmf.so(nuopc_connector_fieldbundlecplstore_+0xf545)[0x7fa121b412e5]
[Orion-22-11:341845] [11] /work/noaa/da/mpotts/sandbox/pgi_2019_openmpi_g_develop/esmf/DEFAULTINSTALLDIR/lib/libg/Linux.pgi.64.openmpi.default/libesmf.so(nuopc_connector_initializeipdv05p6b_+0x8ce3)[0x7fd2f8423423]
[Orion-22-11:341843] [11] /work/noaa/da/mpotts/sandbox/pgi_2019_openmpi_g_develop/esmf/DEFAULTINSTALLDIR/lib/libg/Linux.pgi.64.openmpi.default/libesmf.so(nuopc_connector_initializeipdv05p6b_+0x8ce3)[0x7fa121b1a423]
[Orion-22-11:341845] [12] /work/noaa/da/mpotts/sandbox/pgi_2019_openmpi_g_develop/esmf/DEFAULTINSTALLDIR/lib/libg/Linux.pgi.64.openmpi.default/libesmf.so(_ZN5ESMCI6FTable12callVFuncPtrEPKcPNS_2VMEPi+0xcf7)[0x7fd2f6f45157]
[Orion-22-11:341843] [12] /work/noaa/da/mpotts/sandbox/pgi_2019_openmpi_g_develop/esmf/DEFAULTINSTALLDIR/lib/libg/Linux.pgi.64.openmpi.default/libesmf.so(_ZN5ESMCI6FTable12callVFuncPtrEPKcPNS_2VMEPi+0xcf7)[0x7fa12063c157]
[Orion-22-11:341845] [13] /work/noaa/da/mpotts/sandbox/pgi_2019_openmpi_g_develop/esmf/DEFAULTINSTALLDIR/lib/libg/Linux.pgi.64.openmpi.default/libesmf.so(ESMCI_FTableCallEntryPointVMHop+0x2ac)[0x7fd2f6f4105c]
[Orion-22-11:341843] [13] /work/noaa/da/mpotts/sandbox/pgi_2019_openmpi_g_develop/esmf/DEFAULTINSTALLDIR/lib/libg/Linux.pgi.64.openmpi.default/libesmf.so(ESMCI_FTableCallEntryPointVMHop+0x2ac)[0x7fa12063805c]
[Orion-22-11:341845] [14] /work/noaa/da/mpotts/sandbox/pgi_2019_openmpi_g_develop/esmf/DEFAULTINSTALLDIR/lib/libg/Linux.pgi.64.openmpi.default/libesmf.so(_ZN5ESMCI3VMK5enterEPNS_7VMKPlanEPvS3_+0xcf)[0x7fd2f76934bf]
[Orion-22-11:341843] [14] /work/noaa/da/mpotts/sandbox/pgi_2019_openmpi_g_develop/esmf/DEFAULTINSTALLDIR/lib/libg/Linux.pgi.64.openmpi.default/libesmf.so(_ZN5ESMCI3VMK5enterEPNS_7VMKPlanEPvS3_+0xcf)[0x7fa120d8a4bf]
[Orion-22-11:341845] [15] /work/noaa/da/mpotts/sandbox/pgi_2019_openmpi_g_develop/esmf/DEFAULTINSTALLDIR/lib/libg/Linux.pgi.64.openmpi.default/libesmf.so(_ZN5ESMCI2VM5enterEPNS_6VMPlanEPvS3_+0xcd)[0x7fd2f76b7e7d]
[Orion-22-11:341843] [15] /work/noaa/da/mpotts/sandbox/pgi_2019_openmpi_g_develop/esmf/DEFAULTINSTALLDIR/lib/libg/Linux.pgi.64.openmpi.default/libesmf.so(_ZN5ESMCI2VM5enterEPNS_6VMPlanEPvS3_+0xcd)[0x7fa120daee7d]
[Orion-22-11:341845] [16] /work/noaa/da/mpotts/sandbox/pgi_2019_openmpi_g_develop/esmf/DEFAULTINSTALLDIR/lib/libg/Linux.pgi.64.openmpi.default/libesmf.so(c_esmc_ftablecallentrypointvm_+0x3a1)[0x7fd2f6f41521]
[Orion-22-11:341843] [16] /work/noaa/da/mpotts/sandbox/pgi_2019_openmpi_g_develop/esmf/DEFAULTINSTALLDIR/lib/libg/Linux.pgi.64.openmpi.default/libesmf.so(c_esmc_ftablecallentrypointvm_+0x3a1)[0x7fa120638521]
[Orion-22-11:341845] [17] /work/noaa/da/mpotts/sandbox/pgi_2019_openmpi_g_develop/esmf/DEFAULTINSTALLDIR/lib/libg/Linux.pgi.64.openmpi.default/libesmf.so(esmf_compmod_esmf_compexecute_+0xbd5)[0x7fd2f7a01d75]
[Orion-22-11:341843] [17] /work/noaa/da/mpotts/sandbox/pgi_2019_openmpi_g_develop/esmf/DEFAULTINSTALLDIR/lib/libg/Linux.pgi.64.openmpi.default/libesmf.so(esmf_compmod_esmf_compexecute_+0xbd5)[0x7fa1210f8d75]
[Orion-22-11:341845] [18] /work/noaa/da/mpotts/sandbox/pgi_2019_openmpi_g_develop/esmf/DEFAULTINSTALLDIR/lib/libg/Linux.pgi.64.openmpi.default/libesmf.so(esmf_cplcompmod_esmf_cplcompinitialize_+0x1f1)[0x7fd2f7a1f8a1]
[Orion-22-11:341843] [18] /work/noaa/da/mpotts/sandbox/pgi_2019_openmpi_g_develop/esmf/DEFAULTINSTALLDIR/lib/libg/Linux.pgi.64.openmpi.default/libesmf.so(esmf_cplcompmod_esmf_cplcompinitialize_+0x1f1)[0x7fa1211168a1]
[Orion-22-11:341845] [19] /work/noaa/da/mpotts/sandbox/pgi_2019_openmpi_g_develop/esmf/DEFAULTINSTALLDIR/lib/libg/Linux.pgi.64.openmpi.default/libesmf.so(nuopc_driver_loopconnectorcompss_+0x1916)[0x7fd2f84853e6]
[Orion-22-11:341843] [19] /work/noaa/da/mpotts/sandbox/pgi_2019_openmpi_g_develop/esmf/DEFAULTINSTALLDIR/lib/libg/Linux.pgi.64.openmpi.default/libesmf.so(nuopc_driver_loopconnectorcompss_+0x1916)[0x7fa121b7c3e6]
[Orion-22-11:341845] [20] /work/noaa/da/mpotts/sandbox/pgi_2019_openmpi_g_develop/esmf/DEFAULTINSTALLDIR/lib/libg/Linux.pgi.64.openmpi.default/libesmf.so(nuopc_driver_initializeipdv02p3_+0x61fc)[0x7fd2f8475aec]
[Orion-22-11:341843] [20] /work/noaa/da/mpotts/sandbox/pgi_2019_openmpi_g_develop/esmf/DEFAULTINSTALLDIR/lib/libg/Linux.pgi.64.openmpi.default/libesmf.so(nuopc_driver_initializeipdv02p3_+0x61fc)[0x7fa121b6caec]
[Orion-22-11:341845] [21] /work/noaa/da/mpotts/sandbox/pgi_2019_openmpi_g_develop/esmf/DEFAULTINSTALLDIR/lib/libg/Linux.pgi.64.openmpi.default/libesmf.so(nuopc_driver_initializegeneric_+0x109e)[0x7fd2f8453afe]
[Orion-22-11:341843] [21] /work/noaa/da/mpotts/sandbox/pgi_2019_openmpi_g_develop/esmf/DEFAULTINSTALLDIR/lib/libg/Linux.pgi.64.openmpi.default/libesmf.so(nuopc_driver_initializegeneric_+0x109e)[0x7fa121b4aafe]
[Orion-22-11:341845] [22] /work/noaa/da/mpotts/sandbox/pgi_2019_openmpi_g_develop/esmf/DEFAULTINSTALLDIR/lib/libg/Linux.pgi.64.openmpi.default/libesmf.so(_ZN5ESMCI6FTable12callVFuncPtrEPKcPNS_2VMEPi+0xcf7)[0x7fd2f6f45157]
[Orion-22-11:341843] [22] /work/noaa/da/mpotts/sandbox/pgi_2019_openmpi_g_develop/esmf/DEFAULTINSTALLDIR/lib/libg/Linux.pgi.64.openmpi.default/libesmf.so(_ZN5ESMCI6FTable12callVFuncPtrEPKcPNS_2VMEPi+0xcf7)[0x7fa12063c157]
[Orion-22-11:341845] [23] /work/noaa/da/mpotts/sandbox/pgi_2019_openmpi_g_develop/esmf/DEFAULTINSTALLDIR/lib/libg/Linux.pgi.64.openmpi.default/libesmf.so(ESMCI_FTableCallEntryPointVMHop+0x2ac)[0x7fd2f6f4105c]
[Orion-22-11:341843] [23] /work/noaa/da/mpotts/sandbox/pgi_2019_openmpi_g_develop/esmf/DEFAULTINSTALLDIR/lib/libg/Linux.pgi.64.openmpi.default/libesmf.so(ESMCI_FTableCallEntryPointVMHop+0x2ac)[0x7fa12063805c]
[Orion-22-11:341845] [24] /work/noaa/da/mpotts/sandbox/pgi_2019_openmpi_g_develop/esmf/DEFAULTINSTALLDIR/lib/libg/Linux.pgi.64.openmpi.default/libesmf.so(_ZN5ESMCI3VMK5enterEPNS_7VMKPlanEPvS3_+0xcf)[0x7fd2f76934bf]
[Orion-22-11:341843] [24] /work/noaa/da/mpotts/sandbox/pgi_2019_openmpi_g_develop/esmf/DEFAULTINSTALLDIR/lib/libg/Linux.pgi.64.openmpi.default/libesmf.so(_ZN5ESMCI3VMK5enterEPNS_7VMKPlanEPvS3_+0xcf)[0x7fa120d8a4bf]
[Orion-22-11:341845] [25] /work/noaa/da/mpotts/sandbox/pgi_2019_openmpi_g_develop/esmf/DEFAULTINSTALLDIR/lib/libg/Linux.pgi.64.openmpi.default/libesmf.so(_ZN5ESMCI2VM5enterEPNS_6VMPlanEPvS3_+0xcd)[0x7fd2f76b7e7d]
[Orion-22-11:341843] [25] /work/noaa/da/mpotts/sandbox/pgi_2019_openmpi_g_develop/esmf/DEFAULTINSTALLDIR/lib/libg/Linux.pgi.64.openmpi.default/libesmf.so(_ZN5ESMCI2VM5enterEPNS_6VMPlanEPvS3_+0xcd)[0x7fa120daee7d]
[Orion-22-11:341845] [26] /work/noaa/da/mpotts/sandbox/pgi_2019_openmpi_g_develop/esmf/DEFAULTINSTALLDIR/lib/libg/Linux.pgi.64.openmpi.default/libesmf.so(c_esmc_ftablecallentrypointvm_+0x3a1)[0x7fd2f6f41521]
[Orion-22-11:341843] [26] /work/noaa/da/mpotts/sandbox/pgi_2019_openmpi_g_develop/esmf/DEFAULTINSTALLDIR/lib/libg/Linux.pgi.64.openmpi.default/libesmf.so(c_esmc_ftablecallentrypointvm_+0x3a1)[0x7fa120638521]
[Orion-22-11:341845] [27] /work/noaa/da/mpotts/sandbox/pgi_2019_openmpi_g_develop/esmf/DEFAULTINSTALLDIR/lib/libg/Linux.pgi.64.openmpi.default/libesmf.so(esmf_compmod_esmf_compexecute_+0xbd5)[0x7fd2f7a01d75]
[Orion-22-11:341843] [27] /work/noaa/da/mpotts/sandbox/pgi_2019_openmpi_g_develop/esmf/DEFAULTINSTALLDIR/lib/libg/Linux.pgi.64.openmpi.default/libesmf.so(esmf_compmod_esmf_compexecute_+0xbd5)[0x7fa1210f8d75]
[Orion-22-11:341845] [28] /work/noaa/da/mpotts/sandbox/pgi_2019_openmpi_g_develop/esmf/DEFAULTINSTALLDIR/lib/libg/Linux.pgi.64.openmpi.default/libesmf.so(esmf_gridcompmod_esmf_gridcompinitialize_+0x1f1)[0x7fd2f7d18a01]
[Orion-22-11:341845] [29] /work/noaa/da/mpotts/sandbox/pgi_2019_openmpi_g_develop/nuopc-app-prototypes/AtmOcnCplSetProto/./esmApp[0x4071c7]
[Orion-22-11:341845] *** End of error message ***
[Orion-22-11:341843] [28] /work/noaa/da/mpotts/sandbox/pgi_2019_openmpi_g_develop/esmf/DEFAULTINSTALLDIR/lib/libg/Linux.pgi.64.openmpi.default/libesmf.so(esmf_gridcompmod_esmf_gridcompinitialize_+0x1f1)[0x7fa12140fa01]
[Orion-22-11:341843] [29] /work/noaa/da/mpotts/sandbox/pgi_2019_openmpi_g_develop/nuopc-app-prototypes/AtmOcnCplSetProto/./esmApp[0x4071c7]
[Orion-22-11:341843] *** End of error message ***
==== backtrace (tid: 341842) ====
 0 0x000000000121aa64 ESMCI::LogErr::MsgFoundError()  /work/noaa/da/mpotts/sandbox/pgi_2019_openmpi_g_develop/esmf/src/Infrastructure/LogErr/src/ESMCI_LogErr.C:586
 1 0x00000000013ff151 ESMCI::MeshCap::meshcreatenodedistgrid()  /work/noaa/da/mpotts/sandbox/pgi_2019_openmpi_g_develop/esmf/src/Infrastructure/Mesh/src/ESMCI_MeshCap.C:1754
 2 0x0000000001444ce7 c_esmc_meshcreatenodedistgrid_()  /work/noaa/da/mpotts/sandbox/pgi_2019_openmpi_g_develop/esmf/src/Infrastructure/Mesh/interface/ESMCI_Mesh_F.C:247
 3 0x000000000211be28 esmf_meshmod_esmf_meshcreatefrompointer_()  /work/noaa/da/mpotts/sandbox/pgi_2019_openmpi_g_develop/esmf/src/Infrastructure/Mesh/interface/ESMF_Mesh.F90:3091
 4 0x0000000001f49e00 esmf_gridutilmod_esmf_gridtomesh_()  /work/noaa/da/mpotts/sandbox/pgi_2019_openmpi_g_develop/esmf/src/Infrastructure/GridUtil/interface/ESMF_GridUtil.F90:453
 5 0x0000000001def2ab esmf_fieldregridmod_b_or_p_gridtomesh_()  /work/noaa/da/mpotts/sandbox/pgi_2019_openmpi_g_develop/esmf/src/Infrastructure/Field/src/ESMF_FieldRegrid.F90:3228
 6 0x0000000001dea5c1 esmf_fieldregridmod_getmeshwithnodesonfieldloc_()  /work/noaa/da/mpotts/sandbox/pgi_2019_openmpi_g_develop/esmf/src/Infrastructure/Field/src/ESMF_FieldRegrid.F90:1346
 7 0x0000000001de7ed4 esmf_fieldregridmod_esmf_fieldregridstorenx_()  /work/noaa/da/mpotts/sandbox/pgi_2019_openmpi_g_develop/esmf/src/Infrastructure/Field/src/ESMF_FieldRegrid.F90:971
 8 0x0000000001bf6838 esmf_fieldbundlemod_esmf_fieldbundleregridstorepair_()  /work/noaa/da/mpotts/sandbox/pgi_2019_openmpi_g_develop/esmf/src/Infrastructure/FieldBundle/src/ESMF_FieldBundle.F90:16211
 9 0x00000000025862e5 nuopc_connector_fieldbundlecplstore_()  /work/noaa/da/mpotts/sandbox/pgi_2019_openmpi_g_develop/esmf/src/addon/NUOPC/src/NUOPC_Connector.F90:7714
10 0x000000000255f423 nuopc_connector_initializeipdv05p6b_()  /work/noaa/da/mpotts/sandbox/pgi_2019_openmpi_g_develop/esmf/src/addon/NUOPC/src/NUOPC_Connector.F90:5375
11 0x0000000001081157 ESMCI::FTable::callVFuncPtr()  /work/noaa/da/mpotts/sandbox/pgi_2019_openmpi_g_develop/esmf/src/Superstructure/Component/src/ESMCI_FTable.C:2167
12 0x000000000107d05c ESMCI_FTableCallEntryPointVMHop()  /work/noaa/da/mpotts/sandbox/pgi_2019_openmpi_g_develop/esmf/src/Superstructure/Component/src/ESMCI_FTable.C:824
13 0x00000000017cf4bf ESMCI::VMK::enter()  /work/noaa/da/mpotts/sandbox/pgi_2019_openmpi_g_develop/esmf/src/Infrastructure/VM/src/ESMCI_VMKernel.C:2320
14 0x00000000017f3e7d ESMCI::VM::enter()  /work/noaa/da/mpotts/sandbox/pgi_2019_openmpi_g_develop/esmf/src/Infrastructure/VM/src/ESMCI_VM.C:1216
15 0x000000000107d521 c_esmc_ftablecallentrypointvm_()  /work/noaa/da/mpotts/sandbox/pgi_2019_openmpi_g_develop/esmf/src/Superstructure/Component/src/ESMCI_FTable.C:981
16 0x0000000001b3dd75 esmf_compmod_esmf_compexecute_()  /work/noaa/da/mpotts/sandbox/pgi_2019_openmpi_g_develop/esmf/src/Superstructure/Component/src/ESMF_Comp.F90:1223
17 0x0000000001b5b8a1 esmf_cplcompmod_esmf_cplcompinitialize_()  /work/noaa/da/mpotts/sandbox/pgi_2019_openmpi_g_develop/esmf/src/Superstructure/Component/src/ESMF_CplComp.F90:1165
18 0x00000000025c13e6 nuopc_driver_loopconnectorcompss_()  /work/noaa/da/mpotts/sandbox/pgi_2019_openmpi_g_develop/esmf/src/addon/NUOPC/src/NUOPC_Driver.F90:3023
19 0x00000000025b1aec nuopc_driver_initializeipdv02p3_()  /work/noaa/da/mpotts/sandbox/pgi_2019_openmpi_g_develop/esmf/src/addon/NUOPC/src/NUOPC_Driver.F90:2110
20 0x000000000258fafe nuopc_driver_initializegeneric_()  /work/noaa/da/mpotts/sandbox/pgi_2019_openmpi_g_develop/esmf/src/addon/NUOPC/src/NUOPC_Driver.F90:479
21 0x0000000001081157 ESMCI::FTable::callVFuncPtr()  /work/noaa/da/mpotts/sandbox/pgi_2019_openmpi_g_develop/esmf/src/Superstructure/Component/src/ESMCI_FTable.C:2167
22 0x000000000107d05c ESMCI_FTableCallEntryPointVMHop()  /work/noaa/da/mpotts/sandbox/pgi_2019_openmpi_g_develop/esmf/src/Superstructure/Component/src/ESMCI_FTable.C:824
23 0x00000000017cf4bf ESMCI::VMK::enter()  /work/noaa/da/mpotts/sandbox/pgi_2019_openmpi_g_develop/esmf/src/Infrastructure/VM/src/ESMCI_VMKernel.C:2320
24 0x00000000017f3e7d ESMCI::VM::enter()  /work/noaa/da/mpotts/sandbox/pgi_2019_openmpi_g_develop/esmf/src/Infrastructure/VM/src/ESMCI_VM.C:1216
25 0x000000000107d521 c_esmc_ftablecallentrypointvm_()  /work/noaa/da/mpotts/sandbox/pgi_2019_openmpi_g_develop/esmf/src/Superstructure/Component/src/ESMCI_FTable.C:981
26 0x0000000001b3dd75 esmf_compmod_esmf_compexecute_()  /work/noaa/da/mpotts/sandbox/pgi_2019_openmpi_g_develop/esmf/src/Superstructure/Component/src/ESMF_Comp.F90:1223
27 0x0000000001e54a01 esmf_gridcompmod_esmf_gridcompinitialize_()  /work/noaa/da/mpotts/sandbox/pgi_2019_openmpi_g_develop/esmf/src/Superstructure/Component/src/ESMF_GridComp.F90:1412
28 0x00000000004071c7 MAIN_()  /work/noaa/da/mpotts/sandbox/pgi_2019_openmpi_g_develop/nuopc-app-prototypes/AtmOcnCplSetProto/esmApp.F90:58
29 0x0000000000406c73 main()  ???:0
30 0x0000000000022495 __libc_start_main()  ???:0
31 0x0000000000406b79 _start()  ???:0
=================================
[Orion-22-11:341842] *** Process received signal ***
==== backtrace (tid: 341844) ====
 0 0x000000000121aa64 ESMCI::LogErr::MsgFoundError()  /work/noaa/da/mpotts/sandbox/pgi_2019_openmpi_g_develop/esmf/src/Infrastructure/LogErr/src/ESMCI_LogErr.C:586
 1 0x00000000013ff151 ESMCI::MeshCap::meshcreatenodedistgrid()  /work/noaa/da/mpotts/sandbox/pgi_2019_openmpi_g_develop/esmf/src/Infrastructure/Mesh/src/ESMCI_MeshCap.C:1754
 2 0x0000000001444ce7 c_esmc_meshcreatenodedistgrid_()  /work/noaa/da/mpotts/sandbox/pgi_2019_openmpi_g_develop/esmf/src/Infrastructure/Mesh/interface/ESMCI_Mesh_F.C:247
 3 0x000000000211be28 esmf_meshmod_esmf_meshcreatefrompointer_()  /work/noaa/da/mpotts/sandbox/pgi_2019_openmpi_g_develop/esmf/src/Infrastructure/Mesh/interface/ESMF_Mesh.F90:3091
 4 0x0000000001f49e00 esmf_gridutilmod_esmf_gridtomesh_()  /work/noaa/da/mpotts/sandbox/pgi_2019_openmpi_g_develop/esmf/src/Infrastructure/GridUtil/interface/ESMF_GridUtil.F90:453
 5 0x0000000001def2ab esmf_fieldregridmod_b_or_p_gridtomesh_()  /work/noaa/da/mpotts/sandbox/pgi_2019_openmpi_g_develop/esmf/src/Infrastructure/Field/src/ESMF_FieldRegrid.F90:3228
 6 0x0000000001dea5c1 esmf_fieldregridmod_getmeshwithnodesonfieldloc_()  /work/noaa/da/mpotts/sandbox/pgi_2019_openmpi_g_develop/esmf/src/Infrastructure/Field/src/ESMF_FieldRegrid.F90:1346
 7 0x0000000001de7ed4 esmf_fieldregridmod_esmf_fieldregridstorenx_()  /work/noaa/da/mpotts/sandbox/pgi_2019_openmpi_g_develop/esmf/src/Infrastructure/Field/src/ESMF_FieldRegrid.F90:971
[Orion-22-11:341842] Signal: Segmentation fault (11)
[Orion-22-11:341842] Signal code:  (-6)
[Orion-22-11:341842] Failing at address: 0x20e500053752
 8 0x0000000001bf6838 esmf_fieldbundlemod_esmf_fieldbundleregridstorepair_()  /work/noaa/da/mpotts/sandbox/pgi_2019_openmpi_g_develop/esmf/src/Infrastructure/FieldBundle/src/ESMF_FieldBundle.F90:16211
 9 0x00000000025862e5 nuopc_connector_fieldbundlecplstore_()  /work/noaa/da/mpotts/sandbox/pgi_2019_openmpi_g_develop/esmf/src/addon/NUOPC/src/NUOPC_Connector.F90:7714
10 0x000000000255f423 nuopc_connector_initializeipdv05p6b_()  /work/noaa/da/mpotts/sandbox/pgi_2019_openmpi_g_develop/esmf/src/addon/NUOPC/src/NUOPC_Connector.F90:5375
11 0x0000000001081157 ESMCI::FTable::callVFuncPtr()  /work/noaa/da/mpotts/sandbox/pgi_2019_openmpi_g_develop/esmf/src/Superstructure/Component/src/ESMCI_FTable.C:2167
12 0x000000000107d05c ESMCI_FTableCallEntryPointVMHop()  /work/noaa/da/mpotts/sandbox/pgi_2019_openmpi_g_develop/esmf/src/Superstructure/Component/src/ESMCI_FTable.C:824
13 0x00000000017cf4bf ESMCI::VMK::enter()  /work/noaa/da/mpotts/sandbox/pgi_2019_openmpi_g_develop/esmf/src/Infrastructure/VM/src/ESMCI_VMKernel.C:2320
14 0x00000000017f3e7d ESMCI::VM::enter()  /work/noaa/da/mpotts/sandbox/pgi_2019_openmpi_g_develop/esmf/src/Infrastructure/VM/src/ESMCI_VM.C:1216
15 0x000000000107d521 c_esmc_ftablecallentrypointvm_()  /work/noaa/da/mpotts/sandbox/pgi_2019_openmpi_g_develop/esmf/src/Superstructure/Component/src/ESMCI_FTable.C:981
16 0x0000000001b3dd75 esmf_compmod_esmf_compexecute_()  /work/noaa/da/mpotts/sandbox/pgi_2019_openmpi_g_develop/esmf/src/Superstructure/Component/src/ESMF_Comp.F90:1223
17 0x0000000001b5b8a1 esmf_cplcompmod_esmf_cplcompinitialize_()  /work/noaa/da/mpotts/sandbox/pgi_2019_openmpi_g_develop/esmf/src/Superstructure/Component/src/ESMF_CplComp.F90:1165
18 0x00000000025c13e6 nuopc_driver_loopconnectorcompss_()  /work/noaa/da/mpotts/sandbox/pgi_2019_openmpi_g_develop/esmf/src/addon/NUOPC/src/NUOPC_Driver.F90:3023
19 0x00000000025b1aec nuopc_driver_initializeipdv02p3_()  /work/noaa/da/mpotts/sandbox/pgi_2019_openmpi_g_develop/esmf/src/addon/NUOPC/src/NUOPC_Driver.F90:2110
20 0x000000000258fafe nuopc_driver_initializegeneric_()  /work/noaa/da/mpotts/sandbox/pgi_2019_openmpi_g_develop/esmf/src/addon/NUOPC/src/NUOPC_Driver.F90:479
21 0x0000000001081157 ESMCI::FTable::callVFuncPtr()  /work/noaa/da/mpotts/sandbox/pgi_2019_openmpi_g_develop/esmf/src/Superstructure/Component/src/ESMCI_FTable.C:2167
22 0x000000000107d05c ESMCI_FTableCallEntryPointVMHop()  /work/noaa/da/mpotts/sandbox/pgi_2019_openmpi_g_develop/esmf/src/Superstructure/Component/src/ESMCI_FTable.C:824
23 0x00000000017cf4bf ESMCI::VMK::enter()  /work/noaa/da/mpotts/sandbox/pgi_2019_openmpi_g_develop/esmf/src/Infrastructure/VM/src/ESMCI_VMKernel.C:2320
24 0x00000000017f3e7d ESMCI::VM::enter()  /work/noaa/da/mpotts/sandbox/pgi_2019_openmpi_g_develop/esmf/src/Infrastructure/VM/src/ESMCI_VM.C:1216
25 0x000000000107d521 c_esmc_ftablecallentrypointvm_()  /work/noaa/da/mpotts/sandbox/pgi_2019_openmpi_g_develop/esmf/src/Superstructure/Component/src/ESMCI_FTable.C:981
26 0x0000000001b3dd75 esmf_compmod_esmf_compexecute_()  /work/noaa/da/mpotts/sandbox/pgi_2019_openmpi_g_develop/esmf/src/Superstructure/Component/src/ESMF_Comp.F90:1223
27 0x0000000001e54a01 esmf_gridcompmod_esmf_gridcompinitialize_()  /work/noaa/da/mpotts/sandbox/pgi_2019_openmpi_g_develop/esmf/src/Superstructure/Component/src/ESMF_GridComp.F90:1412
28 0x00000000004071c7 MAIN_()  /work/noaa/da/mpotts/sandbox/pgi_2019_openmpi_g_develop/nuopc-app-prototypes/AtmOcnCplSetProto/esmApp.F90:58
29 0x0000000000406c73 main()  ???:0
30 0x0000000000022495 __libc_start_main()  ???:0
31 0x0000000000406b79 _start()  ???:0
=================================
[Orion-22-11:341842] [ 0] /lib64/libpthread.so.0(+0xf5d0)[0x7f178f87d5d0]
[Orion-22-11:341842] [ 1] /work/noaa/da/mpotts/sandbox/pgi_2019_openmpi_g_develop/esmf/DEFAULTINSTALLDIR/lib/libg/Linux.pgi.64.openmpi.default/libesmf.so(_ZN5ESMCI6LogErr13MsgFoundErrorEiPKciS2_S2_Pi+0x34)[0x7f178cbc9a64]
[Orion-22-11:341844] *** Process received signal ***
[Orion-22-11:341842] [ 2] /work/noaa/da/mpotts/sandbox/pgi_2019_openmpi_g_develop/esmf/DEFAULTINSTALLDIR/lib/libg/Linux.pgi.64.openmpi.default/libesmf.so(_ZN5ESMCI7MeshCap22meshcreatenodedistgridEPi+0x81)[0x7f178cdae151]
[Orion-22-11:341844] Signal: Segmentation fault (11)
[Orion-22-11:341844] Signal code:  (-6)
[Orion-22-11:341844] Failing at address: 0x20e500053754
[Orion-22-11:341844] [ 0] /lib64/libpthread.so.0(+0xf5d0)[0x7fdc9886b5d0]
[Orion-22-11:341842] [ 3] /work/noaa/da/mpotts/sandbox/pgi_2019_openmpi_g_develop/esmf/DEFAULTINSTALLDIR/lib/libg/Linux.pgi.64.openmpi.default/libesmf.so(c_esmc_meshcreatenodedistgrid_+0x177)[0x7f178cdf3ce7]
[Orion-22-11:341844] [ 1] /work/noaa/da/mpotts/sandbox/pgi_2019_openmpi_g_develop/esmf/DEFAULTINSTALLDIR/lib/libg/Linux.pgi.64.openmpi.default/libesmf.so(_ZN5ESMCI6LogErr13MsgFoundErrorEiPKciS2_S2_Pi+0x34)[0x7fdc95bb7a64]
[Orion-22-11:341842] [ 4] /work/noaa/da/mpotts/sandbox/pgi_2019_openmpi_g_develop/esmf/DEFAULTINSTALLDIR/lib/libg/Linux.pgi.64.openmpi.default/libesmf.so(esmf_meshmod_esmf_meshcreatefrompointer_+0x78)[0x7f178dacae28]
[Orion-22-11:341844] [ 2] /work/noaa/da/mpotts/sandbox/pgi_2019_openmpi_g_develop/esmf/DEFAULTINSTALLDIR/lib/libg/Linux.pgi.64.openmpi.default/libesmf.so(_ZN5ESMCI7MeshCap22meshcreatenodedistgridEPi+0x81)[0x7fdc95d9c151]
[Orion-22-11:341842] [ 5] /work/noaa/da/mpotts/sandbox/pgi_2019_openmpi_g_develop/esmf/DEFAULTINSTALLDIR/lib/libg/Linux.pgi.64.openmpi.default/libesmf.so(esmf_gridutilmod_esmf_gridtomesh_+0x550)[0x7f178d8f8e00]
[Orion-22-11:341844] [ 3] /work/noaa/da/mpotts/sandbox/pgi_2019_openmpi_g_develop/esmf/DEFAULTINSTALLDIR/lib/libg/Linux.pgi.64.openmpi.default/libesmf.so(c_esmc_meshcreatenodedistgrid_+0x177)[0x7fdc95de1ce7]
[Orion-22-11:341842] [ 6] /work/noaa/da/mpotts/sandbox/pgi_2019_openmpi_g_develop/esmf/DEFAULTINSTALLDIR/lib/libg/Linux.pgi.64.openmpi.default/libesmf.so(esmf_fieldregridmod_b_or_p_gridtomesh_+0x60b)[0x7f178d79e2ab]
[Orion-22-11:341844] [ 4] /work/noaa/da/mpotts/sandbox/pgi_2019_openmpi_g_develop/esmf/DEFAULTINSTALLDIR/lib/libg/Linux.pgi.64.openmpi.default/libesmf.so(esmf_meshmod_esmf_meshcreatefrompointer_+0x78)[0x7fdc96ab8e28]
[Orion-22-11:341842] [ 7] /work/noaa/da/mpotts/sandbox/pgi_2019_openmpi_g_develop/esmf/DEFAULTINSTALLDIR/lib/libg/Linux.pgi.64.openmpi.default/libesmf.so(esmf_fieldregridmod_getmeshwithnodesonfieldloc_+0x561)[0x7f178d7995c1]
[Orion-22-11:341844] [ 5] /work/noaa/da/mpotts/sandbox/pgi_2019_openmpi_g_develop/esmf/DEFAULTINSTALLDIR/lib/libg/Linux.pgi.64.openmpi.default/libesmf.so(esmf_gridutilmod_esmf_gridtomesh_+0x550)[0x7fdc968e6e00]
[Orion-22-11:341842] [ 8] /work/noaa/da/mpotts/sandbox/pgi_2019_openmpi_g_develop/esmf/DEFAULTINSTALLDIR/lib/libg/Linux.pgi.64.openmpi.default/libesmf.so(esmf_fieldregridmod_esmf_fieldregridstorenx_+0x1034)[0x7f178d796ed4]
[Orion-22-11:341844] [ 6] /work/noaa/da/mpotts/sandbox/pgi_2019_openmpi_g_develop/esmf/DEFAULTINSTALLDIR/lib/libg/Linux.pgi.64.openmpi.default/libesmf.so(esmf_fieldregridmod_b_or_p_gridtomesh_+0x60b)[0x7fdc9678c2ab]
[Orion-22-11:341842] [ 9] /work/noaa/da/mpotts/sandbox/pgi_2019_openmpi_g_develop/esmf/DEFAULTINSTALLDIR/lib/libg/Linux.pgi.64.openmpi.default/libesmf.so(esmf_fieldbundlemod_esmf_fieldbundleregridstorepair_+0x48d8)[0x7f178d5a5838]
[Orion-22-11:341844] [ 7] /work/noaa/da/mpotts/sandbox/pgi_2019_openmpi_g_develop/esmf/DEFAULTINSTALLDIR/lib/libg/Linux.pgi.64.openmpi.default/libesmf.so(esmf_fieldregridmod_getmeshwithnodesonfieldloc_+0x561)[0x7fdc967875c1]
[Orion-22-11:341842] [10] /work/noaa/da/mpotts/sandbox/pgi_2019_openmpi_g_develop/esmf/DEFAULTINSTALLDIR/lib/libg/Linux.pgi.64.openmpi.default/libesmf.so(nuopc_connector_fieldbundlecplstore_+0xf545)[0x7f178df352e5]
[Orion-22-11:341842] [11] /work/noaa/da/mpotts/sandbox/pgi_2019_openmpi_g_develop/esmf/DEFAULTINSTALLDIR/lib/libg/Linux.pgi.64.openmpi.default/libesmf.so(nuopc_connector_initializeipdv05p6b_+0x8ce3)[0x7f178df0e423]
[Orion-22-11:341844] [ 8] /work/noaa/da/mpotts/sandbox/pgi_2019_openmpi_g_develop/esmf/DEFAULTINSTALLDIR/lib/libg/Linux.pgi.64.openmpi.default/libesmf.so(esmf_fieldregridmod_esmf_fieldregridstorenx_+0x1034)[0x7fdc96784ed4]
[Orion-22-11:341842] [12] /work/noaa/da/mpotts/sandbox/pgi_2019_openmpi_g_develop/esmf/DEFAULTINSTALLDIR/lib/libg/Linux.pgi.64.openmpi.default/libesmf.so(_ZN5ESMCI6FTable12callVFuncPtrEPKcPNS_2VMEPi+0xcf7)[0x7f178ca30157]
[Orion-22-11:341844] [ 9] /work/noaa/da/mpotts/sandbox/pgi_2019_openmpi_g_develop/esmf/DEFAULTINSTALLDIR/lib/libg/Linux.pgi.64.openmpi.default/libesmf.so(esmf_fieldbundlemod_esmf_fieldbundleregridstorepair_+0x48d8)[0x7fdc96593838]
[Orion-22-11:341844] [10] /work/noaa/da/mpotts/sandbox/pgi_2019_openmpi_g_develop/esmf/DEFAULTINSTALLDIR/lib/libg/Linux.pgi.64.openmpi.default/libesmf.so(nuopc_connector_fieldbundlecplstore_+0xf545)[0x7fdc96f232e5]
[Orion-22-11:341842] [13] /work/noaa/da/mpotts/sandbox/pgi_2019_openmpi_g_develop/esmf/DEFAULTINSTALLDIR/lib/libg/Linux.pgi.64.openmpi.default/libesmf.so(ESMCI_FTableCallEntryPointVMHop+0x2ac)[0x7f178ca2c05c]
[Orion-22-11:341844] [11] /work/noaa/da/mpotts/sandbox/pgi_2019_openmpi_g_develop/esmf/DEFAULTINSTALLDIR/lib/libg/Linux.pgi.64.openmpi.default/libesmf.so(nuopc_connector_initializeipdv05p6b_+0x8ce3)[0x7fdc96efc423]
[Orion-22-11:341842] [14] /work/noaa/da/mpotts/sandbox/pgi_2019_openmpi_g_develop/esmf/DEFAULTINSTALLDIR/lib/libg/Linux.pgi.64.openmpi.default/libesmf.so(_ZN5ESMCI3VMK5enterEPNS_7VMKPlanEPvS3_+0xcf)[0x7f178d17e4bf]
[Orion-22-11:341844] [12] /work/noaa/da/mpotts/sandbox/pgi_2019_openmpi_g_develop/esmf/DEFAULTINSTALLDIR/lib/libg/Linux.pgi.64.openmpi.default/libesmf.so(_ZN5ESMCI6FTable12callVFuncPtrEPKcPNS_2VMEPi+0xcf7)[0x7fdc95a1e157]
[Orion-22-11:341842] [15] /work/noaa/da/mpotts/sandbox/pgi_2019_openmpi_g_develop/esmf/DEFAULTINSTALLDIR/lib/libg/Linux.pgi.64.openmpi.default/libesmf.so(_ZN5ESMCI2VM5enterEPNS_6VMPlanEPvS3_+0xcd)[0x7f178d1a2e7d]
[Orion-22-11:341844] [13] /work/noaa/da/mpotts/sandbox/pgi_2019_openmpi_g_develop/esmf/DEFAULTINSTALLDIR/lib/libg/Linux.pgi.64.openmpi.default/libesmf.so(ESMCI_FTableCallEntryPointVMHop+0x2ac)[0x7fdc95a1a05c]
[Orion-22-11:341842] [16] /work/noaa/da/mpotts/sandbox/pgi_2019_openmpi_g_develop/esmf/DEFAULTINSTALLDIR/lib/libg/Linux.pgi.64.openmpi.default/libesmf.so(c_esmc_ftablecallentrypointvm_+0x3a1)[0x7f178ca2c521]
[Orion-22-11:341844] [14] /work/noaa/da/mpotts/sandbox/pgi_2019_openmpi_g_develop/esmf/DEFAULTINSTALLDIR/lib/libg/Linux.pgi.64.openmpi.default/libesmf.so(_ZN5ESMCI3VMK5enterEPNS_7VMKPlanEPvS3_+0xcf)[0x7fdc9616c4bf]
[Orion-22-11:341842] [17] /work/noaa/da/mpotts/sandbox/pgi_2019_openmpi_g_develop/esmf/DEFAULTINSTALLDIR/lib/libg/Linux.pgi.64.openmpi.default/libesmf.so(esmf_compmod_esmf_compexecute_+0xbd5)[0x7f178d4ecd75]
[Orion-22-11:341844] [15] /work/noaa/da/mpotts/sandbox/pgi_2019_openmpi_g_develop/esmf/DEFAULTINSTALLDIR/lib/libg/Linux.pgi.64.openmpi.default/libesmf.so(_ZN5ESMCI2VM5enterEPNS_6VMPlanEPvS3_+0xcd)[0x7fdc96190e7d]
[Orion-22-11:341842] [18] /work/noaa/da/mpotts/sandbox/pgi_2019_openmpi_g_develop/esmf/DEFAULTINSTALLDIR/lib/libg/Linux.pgi.64.openmpi.default/libesmf.so(esmf_cplcompmod_esmf_cplcompinitialize_+0x1f1)[0x7f178d50a8a1]
[Orion-22-11:341844] [16] /work/noaa/da/mpotts/sandbox/pgi_2019_openmpi_g_develop/esmf/DEFAULTINSTALLDIR/lib/libg/Linux.pgi.64.openmpi.default/libesmf.so(c_esmc_ftablecallentrypointvm_+0x3a1)[0x7fdc95a1a521]
[Orion-22-11:341842] [19] /work/noaa/da/mpotts/sandbox/pgi_2019_openmpi_g_develop/esmf/DEFAULTINSTALLDIR/lib/libg/Linux.pgi.64.openmpi.default/libesmf.so(nuopc_driver_loopconnectorcompss_+0x1916)[0x7f178df703e6]
[Orion-22-11:341842] [20] /work/noaa/da/mpotts/sandbox/pgi_2019_openmpi_g_develop/esmf/DEFAULTINSTALLDIR/lib/libg/Linux.pgi.64.openmpi.default/libesmf.so(nuopc_driver_initializeipdv02p3_+0x61fc)[0x7f178df60aec]
[Orion-22-11:341844] [17] /work/noaa/da/mpotts/sandbox/pgi_2019_openmpi_g_develop/esmf/DEFAULTINSTALLDIR/lib/libg/Linux.pgi.64.openmpi.default/libesmf.so(esmf_compmod_esmf_compexecute_+0xbd5)[0x7fdc964dad75]
[Orion-22-11:341842] [21] /work/noaa/da/mpotts/sandbox/pgi_2019_openmpi_g_develop/esmf/DEFAULTINSTALLDIR/lib/libg/Linux.pgi.64.openmpi.default/libesmf.so(nuopc_driver_initializegeneric_+0x109e)[0x7f178df3eafe]
[Orion-22-11:341844] [18] /work/noaa/da/mpotts/sandbox/pgi_2019_openmpi_g_develop/esmf/DEFAULTINSTALLDIR/lib/libg/Linux.pgi.64.openmpi.default/libesmf.so(esmf_cplcompmod_esmf_cplcompinitialize_+0x1f1)[0x7fdc964f88a1]
[Orion-22-11:341842] [22] /work/noaa/da/mpotts/sandbox/pgi_2019_openmpi_g_develop/esmf/DEFAULTINSTALLDIR/lib/libg/Linux.pgi.64.openmpi.default/libesmf.so(_ZN5ESMCI6FTable12callVFuncPtrEPKcPNS_2VMEPi+0xcf7)[0x7f178ca30157]
[Orion-22-11:341844] [19] /work/noaa/da/mpotts/sandbox/pgi_2019_openmpi_g_develop/esmf/DEFAULTINSTALLDIR/lib/libg/Linux.pgi.64.openmpi.default/libesmf.so(nuopc_driver_loopconnectorcompss_+0x1916)[0x7fdc96f5e3e6]
[Orion-22-11:341844] [20] /work/noaa/da/mpotts/sandbox/pgi_2019_openmpi_g_develop/esmf/DEFAULTINSTALLDIR/lib/libg/Linux.pgi.64.openmpi.default/libesmf.so(nuopc_driver_initializeipdv02p3_+0x61fc)[0x7fdc96f4eaec]
[Orion-22-11:341842] [23] /work/noaa/da/mpotts/sandbox/pgi_2019_openmpi_g_develop/esmf/DEFAULTINSTALLDIR/lib/libg/Linux.pgi.64.openmpi.default/libesmf.so(ESMCI_FTableCallEntryPointVMHop+0x2ac)[0x7f178ca2c05c]
[Orion-22-11:341844] [21] /work/noaa/da/mpotts/sandbox/pgi_2019_openmpi_g_develop/esmf/DEFAULTINSTALLDIR/lib/libg/Linux.pgi.64.openmpi.default/libesmf.so(nuopc_driver_initializegeneric_+0x109e)[0x7fdc96f2cafe]
[Orion-22-11:341842] [24] /work/noaa/da/mpotts/sandbox/pgi_2019_openmpi_g_develop/esmf/DEFAULTINSTALLDIR/lib/libg/Linux.pgi.64.openmpi.default/libesmf.so(_ZN5ESMCI3VMK5enterEPNS_7VMKPlanEPvS3_+0xcf)[0x7f178d17e4bf]
[Orion-22-11:341844] [22] /work/noaa/da/mpotts/sandbox/pgi_2019_openmpi_g_develop/esmf/DEFAULTINSTALLDIR/lib/libg/Linux.pgi.64.openmpi.default/libesmf.so(_ZN5ESMCI6FTable12callVFuncPtrEPKcPNS_2VMEPi+0xcf7)[0x7fdc95a1e157]
[Orion-22-11:341842] [25] /work/noaa/da/mpotts/sandbox/pgi_2019_openmpi_g_develop/esmf/DEFAULTINSTALLDIR/lib/libg/Linux.pgi.64.openmpi.default/libesmf.so(_ZN5ESMCI2VM5enterEPNS_6VMPlanEPvS3_+0xcd)[0x7f178d1a2e7d]
[Orion-22-11:341844] [23] /work/noaa/da/mpotts/sandbox/pgi_2019_openmpi_g_develop/esmf/DEFAULTINSTALLDIR/lib/libg/Linux.pgi.64.openmpi.default/libesmf.so(ESMCI_FTableCallEntryPointVMHop+0x2ac)[0x7fdc95a1a05c]
[Orion-22-11:341842] [26] /work/noaa/da/mpotts/sandbox/pgi_2019_openmpi_g_develop/esmf/DEFAULTINSTALLDIR/lib/libg/Linux.pgi.64.openmpi.default/libesmf.so(c_esmc_ftablecallentrypointvm_+0x3a1)[0x7f178ca2c521]
[Orion-22-11:341844] [24] /work/noaa/da/mpotts/sandbox/pgi_2019_openmpi_g_develop/esmf/DEFAULTINSTALLDIR/lib/libg/Linux.pgi.64.openmpi.default/libesmf.so(_ZN5ESMCI3VMK5enterEPNS_7VMKPlanEPvS3_+0xcf)[0x7fdc9616c4bf]
[Orion-22-11:341842] [27] /work/noaa/da/mpotts/sandbox/pgi_2019_openmpi_g_develop/esmf/DEFAULTINSTALLDIR/lib/libg/Linux.pgi.64.openmpi.default/libesmf.so(esmf_compmod_esmf_compexecute_+0xbd5)[0x7f178d4ecd75]
[Orion-22-11:341844] [25] /work/noaa/da/mpotts/sandbox/pgi_2019_openmpi_g_develop/esmf/DEFAULTINSTALLDIR/lib/libg/Linux.pgi.64.openmpi.default/libesmf.so(_ZN5ESMCI2VM5enterEPNS_6VMPlanEPvS3_+0xcd)[0x7fdc96190e7d]
[Orion-22-11:341842] [28] /work/noaa/da/mpotts/sandbox/pgi_2019_openmpi_g_develop/esmf/DEFAULTINSTALLDIR/lib/libg/Linux.pgi.64.openmpi.default/libesmf.so(esmf_gridcompmod_esmf_gridcompinitialize_+0x1f1)[0x7f178d803a01]
[Orion-22-11:341842] [29] /work/noaa/da/mpotts/sandbox/pgi_2019_openmpi_g_develop/nuopc-app-prototypes/AtmOcnCplSetProto/./esmApp[0x4071c7]
[Orion-22-11:341842] *** End of error message ***
[Orion-22-11:341844] [26] /work/noaa/da/mpotts/sandbox/pgi_2019_openmpi_g_develop/esmf/DEFAULTINSTALLDIR/lib/libg/Linux.pgi.64.openmpi.default/libesmf.so(c_esmc_ftablecallentrypointvm_+0x3a1)[0x7fdc95a1a521]
[Orion-22-11:341844] [27] /work/noaa/da/mpotts/sandbox/pgi_2019_openmpi_g_develop/esmf/DEFAULTINSTALLDIR/lib/libg/Linux.pgi.64.openmpi.default/libesmf.so(esmf_compmod_esmf_compexecute_+0xbd5)[0x7fdc964dad75]
[Orion-22-11:341844] [28] /work/noaa/da/mpotts/sandbox/pgi_2019_openmpi_g_develop/esmf/DEFAULTINSTALLDIR/lib/libg/Linux.pgi.64.openmpi.default/libesmf.so(esmf_gridcompmod_esmf_gridcompinitialize_+0x1f1)[0x7fdc967f1a01]
[Orion-22-11:341844] [29] /work/noaa/da/mpotts/sandbox/pgi_2019_openmpi_g_develop/nuopc-app-prototypes/AtmOcnCplSetProto/./esmApp[0x4071c7]
[Orion-22-11:341844] *** End of error message ***
srun: error: Orion-22-11: tasks 1,3: Segmentation fault
srun: launch/slurm: _step_signal: Terminating StepId=9436112.347
slurmstepd: error: *** STEP 9436112.347 ON Orion-22-11 CANCELLED AT 2023-03-20T04:16:37 ***
srun: error: Orion-22-11: tasks 0,2: Segmentation fault
