2023-04-22 03:06:52
20230422 041729.756 INFO             PET0 !!!!!!!!!!!!!!!!!!!!!!!!!!!!!!!!!!!!!!!!!!!!!!!!!!!!!!
20230422 041729.758 INFO             PET0 !!! THE ESMF_LOG IS SET TO OUTPUT ALL LOG MESSAGES !!!
20230422 041729.758 INFO             PET0 !!!     THIS MAY CAUSE SLOWDOWN IN PERFORMANCE     !!!
20230422 041729.758 INFO             PET0 !!! FOR PRODUCTION RUNS, USE:                      !!!
20230422 041729.758 INFO             PET0 !!!                   ESMF_LOGKIND_Multi_On_Error  !!!
20230422 041729.758 INFO             PET0 !!!!!!!!!!!!!!!!!!!!!!!!!!!!!!!!!!!!!!!!!!!!!!!!!!!!!!
20230422 041729.758 INFO             PET0 Running with ESMF Version   : v8.5.0b19-5-gc2c4406
20230422 041729.758 INFO             PET0 ESMF library build date/time: "Apr 22 2023" "03:02:51"
20230422 041729.758 INFO             PET0 ESMF library build location : /work/noaa/da/mpotts/sandbox/pgi_2019_openmpi_g_develop/esmf
20230422 041729.758 INFO             PET0 ESMF_COMM                   : openmpi
20230422 041729.758 INFO             PET0 ESMF_MOAB                   : enabled
20230422 041729.758 INFO             PET0 ESMF_LAPACK                 : enabled
20230422 041729.758 INFO             PET0 ESMF_NETCDF                 : enabled
20230422 041729.758 INFO             PET0 ESMF_PNETCDF                : disabled
20230422 041729.758 INFO             PET0 ESMF_PIO                    : enabled
20230422 041729.758 INFO             PET0 ESMF_YAMLCPP                : enabled
20230422 041729.761 INFO             PET0 esmApp STARTING
20230422 041729.780 INFO             PET0 esm: InitializeGeneric intro.
20230422 041729.780 INFO             PET0   esm: InitializeP0 intro.
20230422 041729.780 INFO             PET0   esm: InitializeP0 extro.
20230422 041729.780 INFO             PET0   esm: InitializeIPDv02p1 intro.
20230422 041729.780 INFO             PET0     >>>esm: entered Initialize (phase=<none>) without valid internal Clock.
20230422 041729.788 INFO             PET0     esm - Creating state: modelComp 1 Import State
20230422 041729.788 INFO             PET0     esm - Creating state: modelComp 1 Export State
20230422 041729.788 INFO             PET0     esm - Creating state: modelComp 2 Import State
20230422 041729.788 INFO             PET0     esm - Creating state: modelComp 2 Export State
20230422 041729.790 INFO             PET0     ATM: InitializeP0 intro.
20230422 041729.791 INFO             PET0     ATM: InitializeP0 extro.
20230422 041729.791 INFO             PET0     OCN: InitializeP0 intro.
20230422 041729.792 INFO             PET0     OCN: InitializeP0 extro.
20230422 041729.815 INFO             PET0     esm: IInitAdvertise intro.
20230422 041729.815 INFO             PET0     esm: IInitAdvertise extro.
20230422 041729.815 INFO             PET0     ATM: InitializeIPDvXp01 intro.
20230422 041729.818 INFO             PET0     ATM: InitializeIPDvXp01 extro.
20230422 041729.818 INFO             PET0     OCN: InitializeIPDvXp01 intro.
20230422 041729.820 INFO             PET0     OCN: InitializeIPDvXp01 extro.
20230422 041729.824 INFO             PET0     ATM-TO-OCN: InitializeIPDv05p1 intro.
20230422 041729.829 INFO             PET0       ATM-TO-OCN: importState FieldTransferPolicy = transferNone
20230422 041729.829 INFO             PET0       ATM-TO-OCN: exportState FieldTransferPolicy = transferNone
20230422 041729.829 INFO             PET0     ATM-TO-OCN: InitializeIPDv05p1 extro.
20230422 041729.829 INFO             PET0     OCN-TO-ATM: InitializeIPDv05p1 intro.
20230422 041729.832 INFO             PET0       OCN-TO-ATM: importState FieldTransferPolicy = transferNone
20230422 041729.832 INFO             PET0       OCN-TO-ATM: exportState FieldTransferPolicy = transferNone
20230422 041729.832 INFO             PET0     OCN-TO-ATM: InitializeIPDv05p1 extro.
20230422 041729.832 INFO             PET0     esm: IInitAdvertiseFinish intro.
20230422 041729.832 INFO             PET0     esm: IInitAdvertiseFinish extro.
20230422 041729.832 INFO             PET0     ATM-TO-OCN: InitializeIPDv05p2a intro.
20230422 041729.836 INFO             PET0       ATM-TO-OCN:      importStandardNameList(i=  1): air_pressure_at_sea_level
20230422 041729.836 INFO             PET0       ATM-TO-OCN:         importNamespaceList(i=  1): ATM
20230422 041729.836 INFO             PET0       ATM-TO-OCN:            importCplSetList(i=  1): __UNSPECIFIED__
20230422 041729.836 INFO             PET0       ATM-TO-OCN:      exportStandardNameList(j=  1): air_pressure_at_sea_level
20230422 041729.836 INFO             PET0       ATM-TO-OCN:         exportNamespaceList(j=  1): OCN
20230422 041729.836 INFO             PET0       ATM-TO-OCN:            exportCplSetList(j=  1): __UNSPECIFIED__
20230422 041729.836 INFO             PET0       ATM-TO-OCN: bondLevel= 1
20230422 041729.836 INFO             PET0       ATM-TO-OCN: ProducerConnection (bondLevelMax):         1
20230422 041729.836 INFO             PET0       ATM-TO-OCN:      importStandardNameList(i=  2): surface_net_downward_shortwave_flux
20230422 041729.836 INFO             PET0       ATM-TO-OCN:         importNamespaceList(i=  2): ATM
20230422 041729.836 INFO             PET0       ATM-TO-OCN:            importCplSetList(i=  2): __UNSPECIFIED__
20230422 041729.836 INFO             PET0       ATM-TO-OCN:      exportStandardNameList(j=  2): surface_net_downward_shortwave_flux
20230422 041729.836 INFO             PET0       ATM-TO-OCN:         exportNamespaceList(j=  2): OCN
20230422 041729.836 INFO             PET0       ATM-TO-OCN:            exportCplSetList(j=  2): __UNSPECIFIED__
20230422 041729.836 INFO             PET0       ATM-TO-OCN: bondLevel= 1
20230422 041729.836 INFO             PET0       ATM-TO-OCN: ProducerConnection (bondLevelMax):         1
20230422 041729.836 INFO             PET0     ATM-TO-OCN: InitializeIPDv05p2a extro.
20230422 041729.836 INFO             PET0     OCN-TO-ATM: InitializeIPDv05p2a intro.
20230422 041729.839 INFO             PET0       OCN-TO-ATM:      importStandardNameList(i=  1): sea_surface_temperature
20230422 041729.839 INFO             PET0       OCN-TO-ATM:         importNamespaceList(i=  1): OCN
20230422 041729.839 INFO             PET0       OCN-TO-ATM:            importCplSetList(i=  1): __UNSPECIFIED__
20230422 041729.839 INFO             PET0       OCN-TO-ATM:      exportStandardNameList(j=  1): sea_surface_temperature
20230422 041729.839 INFO             PET0       OCN-TO-ATM:         exportNamespaceList(j=  1): ATM
20230422 041729.839 INFO             PET0       OCN-TO-ATM:            exportCplSetList(j=  1): __UNSPECIFIED__
20230422 041729.839 INFO             PET0       OCN-TO-ATM: bondLevel= 1
20230422 041729.839 INFO             PET0       OCN-TO-ATM: ProducerConnection (bondLevelMax):         1
20230422 041729.839 INFO             PET0     OCN-TO-ATM: InitializeIPDv05p2a extro.
20230422 041729.840 INFO             PET0     ATM-TO-OCN: InitializeIPDv05p2b intro.
20230422 041729.843 INFO             PET0       ATM-TO-OCN:      importStandardNameList(i=  1): air_pressure_at_sea_level
20230422 041729.843 INFO             PET0       ATM-TO-OCN:         importNamespaceList(i=  1): ATM
20230422 041729.843 INFO             PET0       ATM-TO-OCN:            importCplSetList(i=  1): __UNSPECIFIED__
20230422 041729.843 INFO             PET0       ATM-TO-OCN:      exportStandardNameList(j=  1): air_pressure_at_sea_level
20230422 041729.843 INFO             PET0       ATM-TO-OCN:         exportNamespaceList(j=  1): OCN
20230422 041729.843 INFO             PET0       ATM-TO-OCN:            exportCplSetList(j=  1): __UNSPECIFIED__
20230422 041729.843 INFO             PET0       ATM-TO-OCN: bondLevel= 1
20230422 041729.843 INFO             PET0       ATM-TO-OCN: => added cplList(  1)=air_pressure_at_sea_level, cplSetList(  1)=__UNSPECIFIED__
20230422 041729.843 INFO             PET0       ATM-TO-OCN:      importStandardNameList(i=  2): surface_net_downward_shortwave_flux
20230422 041729.843 INFO             PET0       ATM-TO-OCN:         importNamespaceList(i=  2): ATM
20230422 041729.843 INFO             PET0       ATM-TO-OCN:            importCplSetList(i=  2): __UNSPECIFIED__
20230422 041729.844 INFO             PET0       ATM-TO-OCN:      exportStandardNameList(j=  2): surface_net_downward_shortwave_flux
20230422 041729.844 INFO             PET0       ATM-TO-OCN:         exportNamespaceList(j=  2): OCN
20230422 041729.844 INFO             PET0       ATM-TO-OCN:            exportCplSetList(j=  2): __UNSPECIFIED__
20230422 041729.844 INFO             PET0       ATM-TO-OCN: bondLevel= 1
20230422 041729.844 INFO             PET0       ATM-TO-OCN: => added cplList(  2)=surface_net_downward_shortwave_flux, cplSetList(  2)=__UNSPECIFIED__
20230422 041729.844 INFO             PET0     ATM-TO-OCN: InitializeIPDv05p2b extro.
20230422 041729.844 INFO             PET0     OCN-TO-ATM: InitializeIPDv05p2b intro.
20230422 041729.847 INFO             PET0       OCN-TO-ATM:      importStandardNameList(i=  1): sea_surface_temperature
20230422 041729.847 INFO             PET0       OCN-TO-ATM:         importNamespaceList(i=  1): OCN
20230422 041729.847 INFO             PET0       OCN-TO-ATM:            importCplSetList(i=  1): __UNSPECIFIED__
20230422 041729.847 INFO             PET0       OCN-TO-ATM:      exportStandardNameList(j=  1): sea_surface_temperature
20230422 041729.847 INFO             PET0       OCN-TO-ATM:         exportNamespaceList(j=  1): ATM
20230422 041729.847 INFO             PET0       OCN-TO-ATM:            exportCplSetList(j=  1): __UNSPECIFIED__
20230422 041729.847 INFO             PET0       OCN-TO-ATM: bondLevel= 1
20230422 041729.847 INFO             PET0       OCN-TO-ATM: => added cplList(  1)=sea_surface_temperature, cplSetList(  1)=__UNSPECIFIED__
20230422 041729.847 INFO             PET0     OCN-TO-ATM: InitializeIPDv05p2b extro.
20230422 041729.847 INFO             PET0     esm: IInitModifyCplLists intro.
20230422 041729.848 INFO             PET0     esm: IInitModifyCplLists extro.
20230422 041729.848 INFO             PET0     ATM-TO-OCN: InitializeIPDv05p3 intro.
20230422 041729.852 INFO             PET0       ATM-TO-OCN: handle cplList(1): air_pressure_at_sea_level, cplSetList(1): __UNSPECIFIED__
20230422 041729.852 INFO             PET0       ATM-TO-OCN: - connected.
20230422 041729.852 INFO             PET0       ATM-TO-OCN: - both sides must provide the Field/GeomObject.
20230422 041729.852 INFO             PET0       ATM-TO-OCN: handle cplList(2): surface_net_downward_shortwave_flux, cplSetList(2): __UNSPECIFIED__
20230422 041729.852 INFO             PET0       ATM-TO-OCN: - connected.
20230422 041729.852 INFO             PET0       ATM-TO-OCN: - both sides must provide the Field/GeomObject.
20230422 041729.852 INFO             PET0     ATM-TO-OCN: InitializeIPDv05p3 extro.
20230422 041729.852 INFO             PET0     OCN-TO-ATM: InitializeIPDv05p3 intro.
20230422 041729.856 INFO             PET0       OCN-TO-ATM: handle cplList(1): sea_surface_temperature, cplSetList(1): __UNSPECIFIED__
20230422 041729.856 INFO             PET0       OCN-TO-ATM: - connected.
20230422 041729.856 INFO             PET0       OCN-TO-ATM: - both sides must provide the Field/GeomObject.
20230422 041729.856 INFO             PET0     OCN-TO-ATM: InitializeIPDv05p3 extro.
20230422 041729.856 INFO             PET0     <<<esm: leaving Initialize (phase=<none>) with current time: 2010  6  1  0  0  0   0
20230422 041729.856 INFO             PET0   esm: InitializeIPDv02p1 extro.
20230422 041729.856 INFO             PET0   esm: InitializeIPDv02p3 intro.
20230422 041729.856 INFO             PET0     esm: IInitCheck intro.
20230422 041729.856 INFO             PET0     esm: IInitCheck extro.
20230422 041729.856 INFO             PET0     ATM: InitializeIPDvXp04 intro.
20230422 041729.861 INFO             PET0     ATM: InitializeIPDvXp04 extro.
20230422 041729.861 INFO             PET0     OCN: InitializeIPDvXp04 intro.
20230422 041729.865 INFO             PET0     OCN: InitializeIPDvXp04 extro.
20230422 041729.869 INFO             PET0     ATM-TO-OCN: InitializeIPDv05p4 intro.
20230422 041729.875 INFO             PET0       ATM-TO-OCN: handle cplList(1): air_pressure_at_sea_level, cplSetList(1): __UNSPECIFIED__
20230422 041729.875 INFO             PET0       ATM-TO-OCN: - nothing shared or transferred
20230422 041729.875 INFO             PET0       ATM-TO-OCN: handle cplList(2): surface_net_downward_shortwave_flux, cplSetList(2): __UNSPECIFIED__
20230422 041729.875 INFO             PET0       ATM-TO-OCN: - nothing shared or transferred
20230422 041729.875 INFO             PET0     ATM-TO-OCN: InitializeIPDv05p4 extro.
20230422 041729.875 INFO             PET0     OCN-TO-ATM: InitializeIPDv05p4 intro.
20230422 041729.879 INFO             PET0       OCN-TO-ATM: handle cplList(1): sea_surface_temperature, cplSetList(1): __UNSPECIFIED__
20230422 041729.879 INFO             PET0       OCN-TO-ATM: - nothing shared or transferred
20230422 041729.879 INFO             PET0     OCN-TO-ATM: InitializeIPDv05p4 extro.
20230422 041729.880 INFO             PET0     ATM-TO-OCN: InitializeIPDv05p5 intro.
20230422 041729.885 INFO             PET0       ATM-TO-OCN: handle cplList(1): air_pressure_at_sea_level, cplSetList(1): __UNSPECIFIED__
20230422 041729.885 INFO             PET0       ATM-TO-OCN: - nothing shared or transferred, or may already be handled
20230422 041729.885 INFO             PET0       ATM-TO-OCN: handle cplList(2): surface_net_downward_shortwave_flux, cplSetList(2): __UNSPECIFIED__
20230422 041729.885 INFO             PET0       ATM-TO-OCN: - nothing shared or transferred, or may already be handled
20230422 041729.885 INFO             PET0     ATM-TO-OCN: InitializeIPDv05p5 extro.
20230422 041729.886 INFO             PET0     OCN-TO-ATM: InitializeIPDv05p5 intro.
20230422 041729.890 INFO             PET0       OCN-TO-ATM: handle cplList(1): sea_surface_temperature, cplSetList(1): __UNSPECIFIED__
20230422 041729.890 INFO             PET0       OCN-TO-ATM: - nothing shared or transferred, or may already be handled
20230422 041729.890 INFO             PET0     OCN-TO-ATM: InitializeIPDv05p5 extro.
20230422 041729.890 INFO             PET0     esm: IInitRealize intro.
20230422 041729.890 INFO             PET0     esm: IInitRealize extro.
20230422 041729.890 INFO             PET0     ATM-TO-OCN: InitializeIPDv05p6a intro.
20230422 041729.896 INFO             PET0     ATM-TO-OCN: InitializeIPDv05p6a extro.
20230422 041729.896 INFO             PET0     OCN-TO-ATM: InitializeIPDv05p6a intro.
20230422 041729.900 INFO             PET0     OCN-TO-ATM: InitializeIPDv05p6a extro.
20230422 041729.900 INFO             PET0     ATM-TO-OCN: InitializeIPDv05p6b intro.
20230422 041729.900 INFO             PET0       ATM-TO-OCN: handle cplList(1): air_pressure_at_sea_level, cplSetList(1): __UNSPECIFIED__
20230422 041729.900 INFO             PET0       ATM-TO-OCN: - no Field sharing between import and export side: remap.
20230422 041729.900 INFO             PET0       ATM-TO-OCN: handle cplList(2): surface_net_downward_shortwave_flux, cplSetList(2): __UNSPECIFIED__
20230422 041729.756 INFO             PET1 !!!!!!!!!!!!!!!!!!!!!!!!!!!!!!!!!!!!!!!!!!!!!!!!!!!!!!
20230422 041729.757 INFO             PET1 !!! THE ESMF_LOG IS SET TO OUTPUT ALL LOG MESSAGES !!!
20230422 041729.757 INFO             PET1 !!!     THIS MAY CAUSE SLOWDOWN IN PERFORMANCE     !!!
20230422 041729.757 INFO             PET1 !!! FOR PRODUCTION RUNS, USE:                      !!!
20230422 041729.757 INFO             PET1 !!!                   ESMF_LOGKIND_Multi_On_Error  !!!
20230422 041729.757 INFO             PET1 !!!!!!!!!!!!!!!!!!!!!!!!!!!!!!!!!!!!!!!!!!!!!!!!!!!!!!
20230422 041729.757 INFO             PET1 Running with ESMF Version   : v8.5.0b19-5-gc2c4406
20230422 041729.757 INFO             PET1 ESMF library build date/time: "Apr 22 2023" "03:02:51"
20230422 041729.757 INFO             PET1 ESMF library build location : /work/noaa/da/mpotts/sandbox/pgi_2019_openmpi_g_develop/esmf
20230422 041729.757 INFO             PET1 ESMF_COMM                   : openmpi
20230422 041729.758 INFO             PET1 ESMF_MOAB                   : enabled
20230422 041729.758 INFO             PET1 ESMF_LAPACK                 : enabled
20230422 041729.758 INFO             PET1 ESMF_NETCDF                 : enabled
20230422 041729.758 INFO             PET1 ESMF_PNETCDF                : disabled
20230422 041729.758 INFO             PET1 ESMF_PIO                    : enabled
20230422 041729.758 INFO             PET1 ESMF_YAMLCPP                : enabled
20230422 041729.761 INFO             PET1 esmApp STARTING
20230422 041729.780 INFO             PET1 esm: InitializeGeneric intro.
20230422 041729.780 INFO             PET1   esm: InitializeP0 intro.
20230422 041729.780 INFO             PET1   esm: InitializeP0 extro.
20230422 041729.780 INFO             PET1   esm: InitializeIPDv02p1 intro.
20230422 041729.780 INFO             PET1     >>>esm: entered Initialize (phase=<none>) without valid internal Clock.
20230422 041729.789 INFO             PET1     esm - Creating state: modelComp 1 Import State
20230422 041729.789 INFO             PET1     esm - Creating state: modelComp 1 Export State
20230422 041729.789 INFO             PET1     esm - Creating state: modelComp 2 Import State
20230422 041729.789 INFO             PET1     esm - Creating state: modelComp 2 Export State
20230422 041729.791 INFO             PET1     ATM: InitializeP0 intro.
20230422 041729.792 INFO             PET1     ATM: InitializeP0 extro.
20230422 041729.792 INFO             PET1     OCN: InitializeP0 intro.
20230422 041729.794 INFO             PET1     OCN: InitializeP0 extro.
20230422 041729.816 INFO             PET1     esm: IInitAdvertise intro.
20230422 041729.816 INFO             PET1     esm: IInitAdvertise extro.
20230422 041729.816 INFO             PET1     ATM: InitializeIPDvXp01 intro.
20230422 041729.819 INFO             PET1     ATM: InitializeIPDvXp01 extro.
20230422 041729.819 INFO             PET1     OCN: InitializeIPDvXp01 intro.
20230422 041729.822 INFO             PET1     OCN: InitializeIPDvXp01 extro.
20230422 041729.824 INFO             PET1     ATM-TO-OCN: InitializeIPDv05p1 intro.
20230422 041729.829 INFO             PET1       ATM-TO-OCN: importState FieldTransferPolicy = transferNone
20230422 041729.829 INFO             PET1       ATM-TO-OCN: exportState FieldTransferPolicy = transferNone
20230422 041729.829 INFO             PET1     ATM-TO-OCN: InitializeIPDv05p1 extro.
20230422 041729.829 INFO             PET1     OCN-TO-ATM: InitializeIPDv05p1 intro.
20230422 041729.832 INFO             PET1       OCN-TO-ATM: importState FieldTransferPolicy = transferNone
20230422 041729.832 INFO             PET1       OCN-TO-ATM: exportState FieldTransferPolicy = transferNone
20230422 041729.832 INFO             PET1     OCN-TO-ATM: InitializeIPDv05p1 extro.
20230422 041729.832 INFO             PET1     esm: IInitAdvertiseFinish intro.
20230422 041729.832 INFO             PET1     esm: IInitAdvertiseFinish extro.
20230422 041729.832 INFO             PET1     ATM-TO-OCN: InitializeIPDv05p2a intro.
20230422 041729.836 INFO             PET1       ATM-TO-OCN:      importStandardNameList(i=  1): air_pressure_at_sea_level
20230422 041729.836 INFO             PET1       ATM-TO-OCN:         importNamespaceList(i=  1): ATM
20230422 041729.836 INFO             PET1       ATM-TO-OCN:            importCplSetList(i=  1): __UNSPECIFIED__
20230422 041729.836 INFO             PET1       ATM-TO-OCN:      exportStandardNameList(j=  1): air_pressure_at_sea_level
20230422 041729.836 INFO             PET1       ATM-TO-OCN:         exportNamespaceList(j=  1): OCN
20230422 041729.836 INFO             PET1       ATM-TO-OCN:            exportCplSetList(j=  1): __UNSPECIFIED__
20230422 041729.836 INFO             PET1       ATM-TO-OCN: bondLevel= 1
20230422 041729.836 INFO             PET1       ATM-TO-OCN: ProducerConnection (bondLevelMax):         1
20230422 041729.836 INFO             PET1       ATM-TO-OCN:      importStandardNameList(i=  2): surface_net_downward_shortwave_flux
20230422 041729.836 INFO             PET1       ATM-TO-OCN:         importNamespaceList(i=  2): ATM
20230422 041729.836 INFO             PET1       ATM-TO-OCN:            importCplSetList(i=  2): __UNSPECIFIED__
20230422 041729.836 INFO             PET1       ATM-TO-OCN:      exportStandardNameList(j=  2): surface_net_downward_shortwave_flux
20230422 041729.836 INFO             PET1       ATM-TO-OCN:         exportNamespaceList(j=  2): OCN
20230422 041729.836 INFO             PET1       ATM-TO-OCN:            exportCplSetList(j=  2): __UNSPECIFIED__
20230422 041729.836 INFO             PET1       ATM-TO-OCN: bondLevel= 1
20230422 041729.836 INFO             PET1       ATM-TO-OCN: ProducerConnection (bondLevelMax):         1
20230422 041729.836 INFO             PET1     ATM-TO-OCN: InitializeIPDv05p2a extro.
20230422 041729.837 INFO             PET1     OCN-TO-ATM: InitializeIPDv05p2a intro.
20230422 041729.840 INFO             PET1       OCN-TO-ATM:      importStandardNameList(i=  1): sea_surface_temperature
20230422 041729.840 INFO             PET1       OCN-TO-ATM:         importNamespaceList(i=  1): OCN
20230422 041729.840 INFO             PET1       OCN-TO-ATM:            importCplSetList(i=  1): __UNSPECIFIED__
20230422 041729.840 INFO             PET1       OCN-TO-ATM:      exportStandardNameList(j=  1): sea_surface_temperature
20230422 041729.840 INFO             PET1       OCN-TO-ATM:         exportNamespaceList(j=  1): ATM
20230422 041729.840 INFO             PET1       OCN-TO-ATM:            exportCplSetList(j=  1): __UNSPECIFIED__
20230422 041729.840 INFO             PET1       OCN-TO-ATM: bondLevel= 1
20230422 041729.840 INFO             PET1       OCN-TO-ATM: ProducerConnection (bondLevelMax):         1
20230422 041729.840 INFO             PET1     OCN-TO-ATM: InitializeIPDv05p2a extro.
20230422 041729.840 INFO             PET1     ATM-TO-OCN: InitializeIPDv05p2b intro.
20230422 041729.843 INFO             PET1       ATM-TO-OCN:      importStandardNameList(i=  1): air_pressure_at_sea_level
20230422 041729.843 INFO             PET1       ATM-TO-OCN:         importNamespaceList(i=  1): ATM
20230422 041729.844 INFO             PET1       ATM-TO-OCN:            importCplSetList(i=  1): __UNSPECIFIED__
20230422 041729.844 INFO             PET1       ATM-TO-OCN:      exportStandardNameList(j=  1): air_pressure_at_sea_level
20230422 041729.844 INFO             PET1       ATM-TO-OCN:         exportNamespaceList(j=  1): OCN
20230422 041729.844 INFO             PET1       ATM-TO-OCN:            exportCplSetList(j=  1): __UNSPECIFIED__
20230422 041729.844 INFO             PET1       ATM-TO-OCN: bondLevel= 1
20230422 041729.844 INFO             PET1       ATM-TO-OCN: => added cplList(  1)=air_pressure_at_sea_level, cplSetList(  1)=__UNSPECIFIED__
20230422 041729.844 INFO             PET1       ATM-TO-OCN:      importStandardNameList(i=  2): surface_net_downward_shortwave_flux
20230422 041729.844 INFO             PET1       ATM-TO-OCN:         importNamespaceList(i=  2): ATM
20230422 041729.844 INFO             PET1       ATM-TO-OCN:            importCplSetList(i=  2): __UNSPECIFIED__
20230422 041729.844 INFO             PET1       ATM-TO-OCN:      exportStandardNameList(j=  2): surface_net_downward_shortwave_flux
20230422 041729.844 INFO             PET1       ATM-TO-OCN:         exportNamespaceList(j=  2): OCN
20230422 041729.844 INFO             PET1       ATM-TO-OCN:            exportCplSetList(j=  2): __UNSPECIFIED__
20230422 041729.844 INFO             PET1       ATM-TO-OCN: bondLevel= 1
20230422 041729.844 INFO             PET1       ATM-TO-OCN: => added cplList(  2)=surface_net_downward_shortwave_flux, cplSetList(  2)=__UNSPECIFIED__
20230422 041729.844 INFO             PET1     ATM-TO-OCN: InitializeIPDv05p2b extro.
20230422 041729.844 INFO             PET1     OCN-TO-ATM: InitializeIPDv05p2b intro.
20230422 041729.847 INFO             PET1       OCN-TO-ATM:      importStandardNameList(i=  1): sea_surface_temperature
20230422 041729.847 INFO             PET1       OCN-TO-ATM:         importNamespaceList(i=  1): OCN
20230422 041729.847 INFO             PET1       OCN-TO-ATM:            importCplSetList(i=  1): __UNSPECIFIED__
20230422 041729.847 INFO             PET1       OCN-TO-ATM:      exportStandardNameList(j=  1): sea_surface_temperature
20230422 041729.847 INFO             PET1       OCN-TO-ATM:         exportNamespaceList(j=  1): ATM
20230422 041729.847 INFO             PET1       OCN-TO-ATM:            exportCplSetList(j=  1): __UNSPECIFIED__
20230422 041729.847 INFO             PET1       OCN-TO-ATM: bondLevel= 1
20230422 041729.847 INFO             PET1       OCN-TO-ATM: => added cplList(  1)=sea_surface_temperature, cplSetList(  1)=__UNSPECIFIED__
20230422 041729.847 INFO             PET1     OCN-TO-ATM: InitializeIPDv05p2b extro.
20230422 041729.847 INFO             PET1     esm: IInitModifyCplLists intro.
20230422 041729.848 INFO             PET1     esm: IInitModifyCplLists extro.
20230422 041729.848 INFO             PET1     ATM-TO-OCN: InitializeIPDv05p3 intro.
20230422 041729.852 INFO             PET1       ATM-TO-OCN: handle cplList(1): air_pressure_at_sea_level, cplSetList(1): __UNSPECIFIED__
20230422 041729.852 INFO             PET1       ATM-TO-OCN: - connected.
20230422 041729.852 INFO             PET1       ATM-TO-OCN: - both sides must provide the Field/GeomObject.
20230422 041729.852 INFO             PET1       ATM-TO-OCN: handle cplList(2): surface_net_downward_shortwave_flux, cplSetList(2): __UNSPECIFIED__
20230422 041729.852 INFO             PET1       ATM-TO-OCN: - connected.
20230422 041729.852 INFO             PET1       ATM-TO-OCN: - both sides must provide the Field/GeomObject.
20230422 041729.853 INFO             PET1     ATM-TO-OCN: InitializeIPDv05p3 extro.
20230422 041729.853 INFO             PET1     OCN-TO-ATM: InitializeIPDv05p3 intro.
20230422 041729.856 INFO             PET1       OCN-TO-ATM: handle cplList(1): sea_surface_temperature, cplSetList(1): __UNSPECIFIED__
20230422 041729.856 INFO             PET1       OCN-TO-ATM: - connected.
20230422 041729.856 INFO             PET1       OCN-TO-ATM: - both sides must provide the Field/GeomObject.
20230422 041729.856 INFO             PET1     OCN-TO-ATM: InitializeIPDv05p3 extro.
20230422 041729.856 INFO             PET1     <<<esm: leaving Initialize (phase=<none>) with current time: 2010  6  1  0  0  0   0
20230422 041729.856 INFO             PET1   esm: InitializeIPDv02p1 extro.
20230422 041729.856 INFO             PET1   esm: InitializeIPDv02p3 intro.
20230422 041729.857 INFO             PET1     esm: IInitCheck intro.
20230422 041729.857 INFO             PET1     esm: IInitCheck extro.
20230422 041729.857 INFO             PET1     ATM: InitializeIPDvXp04 intro.
20230422 041729.862 INFO             PET1     ATM: InitializeIPDvXp04 extro.
20230422 041729.862 INFO             PET1     OCN: InitializeIPDvXp04 intro.
20230422 041729.867 INFO             PET1     OCN: InitializeIPDvXp04 extro.
20230422 041729.869 INFO             PET1     ATM-TO-OCN: InitializeIPDv05p4 intro.
20230422 041729.875 INFO             PET1       ATM-TO-OCN: handle cplList(1): air_pressure_at_sea_level, cplSetList(1): __UNSPECIFIED__
20230422 041729.875 INFO             PET1       ATM-TO-OCN: - nothing shared or transferred
20230422 041729.875 INFO             PET1       ATM-TO-OCN: handle cplList(2): surface_net_downward_shortwave_flux, cplSetList(2): __UNSPECIFIED__
20230422 041729.875 INFO             PET1       ATM-TO-OCN: - nothing shared or transferred
20230422 041729.875 INFO             PET1     ATM-TO-OCN: InitializeIPDv05p4 extro.
20230422 041729.875 INFO             PET1     OCN-TO-ATM: InitializeIPDv05p4 intro.
20230422 041729.879 INFO             PET1       OCN-TO-ATM: handle cplList(1): sea_surface_temperature, cplSetList(1): __UNSPECIFIED__
20230422 041729.879 INFO             PET1       OCN-TO-ATM: - nothing shared or transferred
20230422 041729.879 INFO             PET1     OCN-TO-ATM: InitializeIPDv05p4 extro.
20230422 041729.880 INFO             PET1     ATM-TO-OCN: InitializeIPDv05p5 intro.
20230422 041729.886 INFO             PET1       ATM-TO-OCN: handle cplList(1): air_pressure_at_sea_level, cplSetList(1): __UNSPECIFIED__
20230422 041729.886 INFO             PET1       ATM-TO-OCN: - nothing shared or transferred, or may already be handled
20230422 041729.886 INFO             PET1       ATM-TO-OCN: handle cplList(2): surface_net_downward_shortwave_flux, cplSetList(2): __UNSPECIFIED__
20230422 041729.886 INFO             PET1       ATM-TO-OCN: - nothing shared or transferred, or may already be handled
20230422 041729.886 INFO             PET1     ATM-TO-OCN: InitializeIPDv05p5 extro.
20230422 041729.886 INFO             PET1     OCN-TO-ATM: InitializeIPDv05p5 intro.
20230422 041729.890 INFO             PET1       OCN-TO-ATM: handle cplList(1): sea_surface_temperature, cplSetList(1): __UNSPECIFIED__
20230422 041729.890 INFO             PET1       OCN-TO-ATM: - nothing shared or transferred, or may already be handled
20230422 041729.890 INFO             PET1     OCN-TO-ATM: InitializeIPDv05p5 extro.
20230422 041729.890 INFO             PET1     esm: IInitRealize intro.
20230422 041729.890 INFO             PET1     esm: IInitRealize extro.
20230422 041729.891 INFO             PET1     ATM-TO-OCN: InitializeIPDv05p6a intro.
20230422 041729.896 INFO             PET1     ATM-TO-OCN: InitializeIPDv05p6a extro.
20230422 041729.896 INFO             PET1     OCN-TO-ATM: InitializeIPDv05p6a intro.
20230422 041729.900 INFO             PET1     OCN-TO-ATM: InitializeIPDv05p6a extro.
20230422 041729.900 INFO             PET1     ATM-TO-OCN: InitializeIPDv05p6b intro.
20230422 041729.900 INFO             PET1       ATM-TO-OCN: handle cplList(1): air_pressure_at_sea_level, cplSetList(1): __UNSPECIFIED__
20230422 041729.900 INFO             PET1       ATM-TO-OCN: - no Field sharing between import and export side: remap.
20230422 041729.901 INFO             PET1       ATM-TO-OCN: handle cplList(2): surface_net_downward_shortwave_flux, cplSetList(2): __UNSPECIFIED__
20230422 041729.756 INFO             PET2 !!!!!!!!!!!!!!!!!!!!!!!!!!!!!!!!!!!!!!!!!!!!!!!!!!!!!!
20230422 041729.758 INFO             PET2 !!! THE ESMF_LOG IS SET TO OUTPUT ALL LOG MESSAGES !!!
20230422 041729.758 INFO             PET2 !!!     THIS MAY CAUSE SLOWDOWN IN PERFORMANCE     !!!
20230422 041729.758 INFO             PET2 !!! FOR PRODUCTION RUNS, USE:                      !!!
20230422 041729.758 INFO             PET2 !!!                   ESMF_LOGKIND_Multi_On_Error  !!!
20230422 041729.758 INFO             PET2 !!!!!!!!!!!!!!!!!!!!!!!!!!!!!!!!!!!!!!!!!!!!!!!!!!!!!!
20230422 041729.758 INFO             PET2 Running with ESMF Version   : v8.5.0b19-5-gc2c4406
20230422 041729.758 INFO             PET2 ESMF library build date/time: "Apr 22 2023" "03:02:51"
20230422 041729.758 INFO             PET2 ESMF library build location : /work/noaa/da/mpotts/sandbox/pgi_2019_openmpi_g_develop/esmf
20230422 041729.758 INFO             PET2 ESMF_COMM                   : openmpi
20230422 041729.760 INFO             PET2 ESMF_MOAB                   : enabled
20230422 041729.760 INFO             PET2 ESMF_LAPACK                 : enabled
20230422 041729.760 INFO             PET2 ESMF_NETCDF                 : enabled
20230422 041729.760 INFO             PET2 ESMF_PNETCDF                : disabled
20230422 041729.760 INFO             PET2 ESMF_PIO                    : enabled
20230422 041729.760 INFO             PET2 ESMF_YAMLCPP                : enabled
20230422 041729.761 INFO             PET2 esmApp STARTING
20230422 041729.780 INFO             PET2 esm: InitializeGeneric intro.
20230422 041729.780 INFO             PET2   esm: InitializeP0 intro.
20230422 041729.780 INFO             PET2   esm: InitializeP0 extro.
20230422 041729.780 INFO             PET2   esm: InitializeIPDv02p1 intro.
20230422 041729.780 INFO             PET2     >>>esm: entered Initialize (phase=<none>) without valid internal Clock.
20230422 041729.788 INFO             PET2     esm - Creating state: modelComp 1 Import State
20230422 041729.788 INFO             PET2     esm - Creating state: modelComp 1 Export State
20230422 041729.788 INFO             PET2     esm - Creating state: modelComp 2 Import State
20230422 041729.788 INFO             PET2     esm - Creating state: modelComp 2 Export State
20230422 041729.790 INFO             PET2     ATM: InitializeP0 intro.
20230422 041729.791 INFO             PET2     ATM: InitializeP0 extro.
20230422 041729.791 INFO             PET2     OCN: InitializeP0 intro.
20230422 041729.792 INFO             PET2     OCN: InitializeP0 extro.
20230422 041729.814 INFO             PET2     esm: IInitAdvertise intro.
20230422 041729.814 INFO             PET2     esm: IInitAdvertise extro.
20230422 041729.814 INFO             PET2     ATM: InitializeIPDvXp01 intro.
20230422 041729.817 INFO             PET2     ATM: InitializeIPDvXp01 extro.
20230422 041729.817 INFO             PET2     OCN: InitializeIPDvXp01 intro.
20230422 041729.819 INFO             PET2     OCN: InitializeIPDvXp01 extro.
20230422 041729.824 INFO             PET2     ATM-TO-OCN: InitializeIPDv05p1 intro.
20230422 041729.829 INFO             PET2       ATM-TO-OCN: importState FieldTransferPolicy = transferNone
20230422 041729.829 INFO             PET2       ATM-TO-OCN: exportState FieldTransferPolicy = transferNone
20230422 041729.829 INFO             PET2     ATM-TO-OCN: InitializeIPDv05p1 extro.
20230422 041729.829 INFO             PET2     OCN-TO-ATM: InitializeIPDv05p1 intro.
20230422 041729.832 INFO             PET2       OCN-TO-ATM: importState FieldTransferPolicy = transferNone
20230422 041729.832 INFO             PET2       OCN-TO-ATM: exportState FieldTransferPolicy = transferNone
20230422 041729.832 INFO             PET2     OCN-TO-ATM: InitializeIPDv05p1 extro.
20230422 041729.832 INFO             PET2     esm: IInitAdvertiseFinish intro.
20230422 041729.832 INFO             PET2     esm: IInitAdvertiseFinish extro.
20230422 041729.832 INFO             PET2     ATM-TO-OCN: InitializeIPDv05p2a intro.
20230422 041729.836 INFO             PET2       ATM-TO-OCN:      importStandardNameList(i=  1): air_pressure_at_sea_level
20230422 041729.836 INFO             PET2       ATM-TO-OCN:         importNamespaceList(i=  1): ATM
20230422 041729.836 INFO             PET2       ATM-TO-OCN:            importCplSetList(i=  1): __UNSPECIFIED__
20230422 041729.836 INFO             PET2       ATM-TO-OCN:      exportStandardNameList(j=  1): air_pressure_at_sea_level
20230422 041729.836 INFO             PET2       ATM-TO-OCN:         exportNamespaceList(j=  1): OCN
20230422 041729.836 INFO             PET2       ATM-TO-OCN:            exportCplSetList(j=  1): __UNSPECIFIED__
20230422 041729.836 INFO             PET2       ATM-TO-OCN: bondLevel= 1
20230422 041729.836 INFO             PET2       ATM-TO-OCN: ProducerConnection (bondLevelMax):         1
20230422 041729.836 INFO             PET2       ATM-TO-OCN:      importStandardNameList(i=  2): surface_net_downward_shortwave_flux
20230422 041729.836 INFO             PET2       ATM-TO-OCN:         importNamespaceList(i=  2): ATM
20230422 041729.836 INFO             PET2       ATM-TO-OCN:            importCplSetList(i=  2): __UNSPECIFIED__
20230422 041729.836 INFO             PET2       ATM-TO-OCN:      exportStandardNameList(j=  2): surface_net_downward_shortwave_flux
20230422 041729.836 INFO             PET2       ATM-TO-OCN:         exportNamespaceList(j=  2): OCN
20230422 041729.836 INFO             PET2       ATM-TO-OCN:            exportCplSetList(j=  2): __UNSPECIFIED__
20230422 041729.836 INFO             PET2       ATM-TO-OCN: bondLevel= 1
20230422 041729.836 INFO             PET2       ATM-TO-OCN: ProducerConnection (bondLevelMax):         1
20230422 041729.836 INFO             PET2     ATM-TO-OCN: InitializeIPDv05p2a extro.
20230422 041729.836 INFO             PET2     OCN-TO-ATM: InitializeIPDv05p2a intro.
20230422 041729.839 INFO             PET2       OCN-TO-ATM:      importStandardNameList(i=  1): sea_surface_temperature
20230422 041729.839 INFO             PET2       OCN-TO-ATM:         importNamespaceList(i=  1): OCN
20230422 041729.839 INFO             PET2       OCN-TO-ATM:            importCplSetList(i=  1): __UNSPECIFIED__
20230422 041729.839 INFO             PET2       OCN-TO-ATM:      exportStandardNameList(j=  1): sea_surface_temperature
20230422 041729.839 INFO             PET2       OCN-TO-ATM:         exportNamespaceList(j=  1): ATM
20230422 041729.839 INFO             PET2       OCN-TO-ATM:            exportCplSetList(j=  1): __UNSPECIFIED__
20230422 041729.839 INFO             PET2       OCN-TO-ATM: bondLevel= 1
20230422 041729.839 INFO             PET2       OCN-TO-ATM: ProducerConnection (bondLevelMax):         1
20230422 041729.839 INFO             PET2     OCN-TO-ATM: InitializeIPDv05p2a extro.
20230422 041729.840 INFO             PET2     ATM-TO-OCN: InitializeIPDv05p2b intro.
20230422 041729.843 INFO             PET2       ATM-TO-OCN:      importStandardNameList(i=  1): air_pressure_at_sea_level
20230422 041729.843 INFO             PET2       ATM-TO-OCN:         importNamespaceList(i=  1): ATM
20230422 041729.843 INFO             PET2       ATM-TO-OCN:            importCplSetList(i=  1): __UNSPECIFIED__
20230422 041729.843 INFO             PET2       ATM-TO-OCN:      exportStandardNameList(j=  1): air_pressure_at_sea_level
20230422 041729.843 INFO             PET2       ATM-TO-OCN:         exportNamespaceList(j=  1): OCN
20230422 041729.843 INFO             PET2       ATM-TO-OCN:            exportCplSetList(j=  1): __UNSPECIFIED__
20230422 041729.843 INFO             PET2       ATM-TO-OCN: bondLevel= 1
20230422 041729.843 INFO             PET2       ATM-TO-OCN: => added cplList(  1)=air_pressure_at_sea_level, cplSetList(  1)=__UNSPECIFIED__
20230422 041729.843 INFO             PET2       ATM-TO-OCN:      importStandardNameList(i=  2): surface_net_downward_shortwave_flux
20230422 041729.843 INFO             PET2       ATM-TO-OCN:         importNamespaceList(i=  2): ATM
20230422 041729.843 INFO             PET2       ATM-TO-OCN:            importCplSetList(i=  2): __UNSPECIFIED__
20230422 041729.844 INFO             PET2       ATM-TO-OCN:      exportStandardNameList(j=  2): surface_net_downward_shortwave_flux
20230422 041729.844 INFO             PET2       ATM-TO-OCN:         exportNamespaceList(j=  2): OCN
20230422 041729.844 INFO             PET2       ATM-TO-OCN:            exportCplSetList(j=  2): __UNSPECIFIED__
20230422 041729.844 INFO             PET2       ATM-TO-OCN: bondLevel= 1
20230422 041729.844 INFO             PET2       ATM-TO-OCN: => added cplList(  2)=surface_net_downward_shortwave_flux, cplSetList(  2)=__UNSPECIFIED__
20230422 041729.844 INFO             PET2     ATM-TO-OCN: InitializeIPDv05p2b extro.
20230422 041729.844 INFO             PET2     OCN-TO-ATM: InitializeIPDv05p2b intro.
20230422 041729.847 INFO             PET2       OCN-TO-ATM:      importStandardNameList(i=  1): sea_surface_temperature
20230422 041729.847 INFO             PET2       OCN-TO-ATM:         importNamespaceList(i=  1): OCN
20230422 041729.847 INFO             PET2       OCN-TO-ATM:            importCplSetList(i=  1): __UNSPECIFIED__
20230422 041729.847 INFO             PET2       OCN-TO-ATM:      exportStandardNameList(j=  1): sea_surface_temperature
20230422 041729.847 INFO             PET2       OCN-TO-ATM:         exportNamespaceList(j=  1): ATM
20230422 041729.847 INFO             PET2       OCN-TO-ATM:            exportCplSetList(j=  1): __UNSPECIFIED__
20230422 041729.847 INFO             PET2       OCN-TO-ATM: bondLevel= 1
20230422 041729.847 INFO             PET2       OCN-TO-ATM: => added cplList(  1)=sea_surface_temperature, cplSetList(  1)=__UNSPECIFIED__
20230422 041729.847 INFO             PET2     OCN-TO-ATM: InitializeIPDv05p2b extro.
20230422 041729.847 INFO             PET2     esm: IInitModifyCplLists intro.
20230422 041729.848 INFO             PET2     esm: IInitModifyCplLists extro.
20230422 041729.848 INFO             PET2     ATM-TO-OCN: InitializeIPDv05p3 intro.
20230422 041729.852 INFO             PET2       ATM-TO-OCN: handle cplList(1): air_pressure_at_sea_level, cplSetList(1): __UNSPECIFIED__
20230422 041729.852 INFO             PET2       ATM-TO-OCN: - connected.
20230422 041729.852 INFO             PET2       ATM-TO-OCN: - both sides must provide the Field/GeomObject.
20230422 041729.852 INFO             PET2       ATM-TO-OCN: handle cplList(2): surface_net_downward_shortwave_flux, cplSetList(2): __UNSPECIFIED__
20230422 041729.852 INFO             PET2       ATM-TO-OCN: - connected.
20230422 041729.852 INFO             PET2       ATM-TO-OCN: - both sides must provide the Field/GeomObject.
20230422 041729.852 INFO             PET2     ATM-TO-OCN: InitializeIPDv05p3 extro.
20230422 041729.852 INFO             PET2     OCN-TO-ATM: InitializeIPDv05p3 intro.
20230422 041729.856 INFO             PET2       OCN-TO-ATM: handle cplList(1): sea_surface_temperature, cplSetList(1): __UNSPECIFIED__
20230422 041729.856 INFO             PET2       OCN-TO-ATM: - connected.
20230422 041729.856 INFO             PET2       OCN-TO-ATM: - both sides must provide the Field/GeomObject.
20230422 041729.856 INFO             PET2     OCN-TO-ATM: InitializeIPDv05p3 extro.
20230422 041729.856 INFO             PET2     <<<esm: leaving Initialize (phase=<none>) with current time: 2010  6  1  0  0  0   0
20230422 041729.856 INFO             PET2   esm: InitializeIPDv02p1 extro.
20230422 041729.856 INFO             PET2   esm: InitializeIPDv02p3 intro.
20230422 041729.856 INFO             PET2     esm: IInitCheck intro.
20230422 041729.856 INFO             PET2     esm: IInitCheck extro.
20230422 041729.856 INFO             PET2     ATM: InitializeIPDvXp04 intro.
20230422 041729.861 INFO             PET2     ATM: InitializeIPDvXp04 extro.
20230422 041729.861 INFO             PET2     OCN: InitializeIPDvXp04 intro.
20230422 041729.865 INFO             PET2     OCN: InitializeIPDvXp04 extro.
20230422 041729.869 INFO             PET2     ATM-TO-OCN: InitializeIPDv05p4 intro.
20230422 041729.875 INFO             PET2       ATM-TO-OCN: handle cplList(1): air_pressure_at_sea_level, cplSetList(1): __UNSPECIFIED__
20230422 041729.875 INFO             PET2       ATM-TO-OCN: - nothing shared or transferred
20230422 041729.875 INFO             PET2       ATM-TO-OCN: handle cplList(2): surface_net_downward_shortwave_flux, cplSetList(2): __UNSPECIFIED__
20230422 041729.875 INFO             PET2       ATM-TO-OCN: - nothing shared or transferred
20230422 041729.875 INFO             PET2     ATM-TO-OCN: InitializeIPDv05p4 extro.
20230422 041729.875 INFO             PET2     OCN-TO-ATM: InitializeIPDv05p4 intro.
20230422 041729.879 INFO             PET2       OCN-TO-ATM: handle cplList(1): sea_surface_temperature, cplSetList(1): __UNSPECIFIED__
20230422 041729.879 INFO             PET2       OCN-TO-ATM: - nothing shared or transferred
20230422 041729.879 INFO             PET2     OCN-TO-ATM: InitializeIPDv05p4 extro.
20230422 041729.880 INFO             PET2     ATM-TO-OCN: InitializeIPDv05p5 intro.
20230422 041729.885 INFO             PET2       ATM-TO-OCN: handle cplList(1): air_pressure_at_sea_level, cplSetList(1): __UNSPECIFIED__
20230422 041729.885 INFO             PET2       ATM-TO-OCN: - nothing shared or transferred, or may already be handled
20230422 041729.885 INFO             PET2       ATM-TO-OCN: handle cplList(2): surface_net_downward_shortwave_flux, cplSetList(2): __UNSPECIFIED__
20230422 041729.885 INFO             PET2       ATM-TO-OCN: - nothing shared or transferred, or may already be handled
20230422 041729.885 INFO             PET2     ATM-TO-OCN: InitializeIPDv05p5 extro.
20230422 041729.886 INFO             PET2     OCN-TO-ATM: InitializeIPDv05p5 intro.
20230422 041729.890 INFO             PET2       OCN-TO-ATM: handle cplList(1): sea_surface_temperature, cplSetList(1): __UNSPECIFIED__
20230422 041729.890 INFO             PET2       OCN-TO-ATM: - nothing shared or transferred, or may already be handled
20230422 041729.890 INFO             PET2     OCN-TO-ATM: InitializeIPDv05p5 extro.
20230422 041729.890 INFO             PET2     esm: IInitRealize intro.
20230422 041729.890 INFO             PET2     esm: IInitRealize extro.
20230422 041729.890 INFO             PET2     ATM-TO-OCN: InitializeIPDv05p6a intro.
20230422 041729.896 INFO             PET2     ATM-TO-OCN: InitializeIPDv05p6a extro.
20230422 041729.896 INFO             PET2     OCN-TO-ATM: InitializeIPDv05p6a intro.
20230422 041729.900 INFO             PET2     OCN-TO-ATM: InitializeIPDv05p6a extro.
20230422 041729.900 INFO             PET2     ATM-TO-OCN: InitializeIPDv05p6b intro.
20230422 041729.900 INFO             PET2       ATM-TO-OCN: handle cplList(1): air_pressure_at_sea_level, cplSetList(1): __UNSPECIFIED__
20230422 041729.900 INFO             PET2       ATM-TO-OCN: - no Field sharing between import and export side: remap.
20230422 041729.900 INFO             PET2       ATM-TO-OCN: handle cplList(2): surface_net_downward_shortwave_flux, cplSetList(2): __UNSPECIFIED__
20230422 041729.756 INFO             PET3 !!!!!!!!!!!!!!!!!!!!!!!!!!!!!!!!!!!!!!!!!!!!!!!!!!!!!!
20230422 041729.757 INFO             PET3 !!! THE ESMF_LOG IS SET TO OUTPUT ALL LOG MESSAGES !!!
20230422 041729.757 INFO             PET3 !!!     THIS MAY CAUSE SLOWDOWN IN PERFORMANCE     !!!
20230422 041729.757 INFO             PET3 !!! FOR PRODUCTION RUNS, USE:                      !!!
20230422 041729.757 INFO             PET3 !!!                   ESMF_LOGKIND_Multi_On_Error  !!!
20230422 041729.757 INFO             PET3 !!!!!!!!!!!!!!!!!!!!!!!!!!!!!!!!!!!!!!!!!!!!!!!!!!!!!!
20230422 041729.757 INFO             PET3 Running with ESMF Version   : v8.5.0b19-5-gc2c4406
20230422 041729.757 INFO             PET3 ESMF library build date/time: "Apr 22 2023" "03:02:51"
20230422 041729.757 INFO             PET3 ESMF library build location : /work/noaa/da/mpotts/sandbox/pgi_2019_openmpi_g_develop/esmf
20230422 041729.757 INFO             PET3 ESMF_COMM                   : openmpi
20230422 041729.758 INFO             PET3 ESMF_MOAB                   : enabled
20230422 041729.758 INFO             PET3 ESMF_LAPACK                 : enabled
20230422 041729.758 INFO             PET3 ESMF_NETCDF                 : enabled
20230422 041729.758 INFO             PET3 ESMF_PNETCDF                : disabled
20230422 041729.758 INFO             PET3 ESMF_PIO                    : enabled
20230422 041729.758 INFO             PET3 ESMF_YAMLCPP                : enabled
20230422 041729.761 INFO             PET3 esmApp STARTING
20230422 041729.780 INFO             PET3 esm: InitializeGeneric intro.
20230422 041729.780 INFO             PET3   esm: InitializeP0 intro.
20230422 041729.780 INFO             PET3   esm: InitializeP0 extro.
20230422 041729.780 INFO             PET3   esm: InitializeIPDv02p1 intro.
20230422 041729.780 INFO             PET3     >>>esm: entered Initialize (phase=<none>) without valid internal Clock.
20230422 041729.788 INFO             PET3     esm - Creating state: modelComp 1 Import State
20230422 041729.788 INFO             PET3     esm - Creating state: modelComp 1 Export State
20230422 041729.788 INFO             PET3     esm - Creating state: modelComp 2 Import State
20230422 041729.788 INFO             PET3     esm - Creating state: modelComp 2 Export State
20230422 041729.789 INFO             PET3     ATM: InitializeP0 intro.
20230422 041729.791 INFO             PET3     ATM: InitializeP0 extro.
20230422 041729.791 INFO             PET3     OCN: InitializeP0 intro.
20230422 041729.792 INFO             PET3     OCN: InitializeP0 extro.
20230422 041729.815 INFO             PET3     esm: IInitAdvertise intro.
20230422 041729.815 INFO             PET3     esm: IInitAdvertise extro.
20230422 041729.816 INFO             PET3     ATM: InitializeIPDvXp01 intro.
20230422 041729.818 INFO             PET3     ATM: InitializeIPDvXp01 extro.
20230422 041729.818 INFO             PET3     OCN: InitializeIPDvXp01 intro.
20230422 041729.820 INFO             PET3     OCN: InitializeIPDvXp01 extro.
20230422 041729.824 INFO             PET3     ATM-TO-OCN: InitializeIPDv05p1 intro.
20230422 041729.829 INFO             PET3       ATM-TO-OCN: importState FieldTransferPolicy = transferNone
20230422 041729.829 INFO             PET3       ATM-TO-OCN: exportState FieldTransferPolicy = transferNone
20230422 041729.829 INFO             PET3     ATM-TO-OCN: InitializeIPDv05p1 extro.
20230422 041729.829 INFO             PET3     OCN-TO-ATM: InitializeIPDv05p1 intro.
20230422 041729.832 INFO             PET3       OCN-TO-ATM: importState FieldTransferPolicy = transferNone
20230422 041729.832 INFO             PET3       OCN-TO-ATM: exportState FieldTransferPolicy = transferNone
20230422 041729.832 INFO             PET3     OCN-TO-ATM: InitializeIPDv05p1 extro.
20230422 041729.832 INFO             PET3     esm: IInitAdvertiseFinish intro.
20230422 041729.832 INFO             PET3     esm: IInitAdvertiseFinish extro.
20230422 041729.832 INFO             PET3     ATM-TO-OCN: InitializeIPDv05p2a intro.
20230422 041729.836 INFO             PET3       ATM-TO-OCN:      importStandardNameList(i=  1): air_pressure_at_sea_level
20230422 041729.836 INFO             PET3       ATM-TO-OCN:         importNamespaceList(i=  1): ATM
20230422 041729.836 INFO             PET3       ATM-TO-OCN:            importCplSetList(i=  1): __UNSPECIFIED__
20230422 041729.836 INFO             PET3       ATM-TO-OCN:      exportStandardNameList(j=  1): air_pressure_at_sea_level
20230422 041729.836 INFO             PET3       ATM-TO-OCN:         exportNamespaceList(j=  1): OCN
20230422 041729.836 INFO             PET3       ATM-TO-OCN:            exportCplSetList(j=  1): __UNSPECIFIED__
20230422 041729.836 INFO             PET3       ATM-TO-OCN: bondLevel= 1
20230422 041729.836 INFO             PET3       ATM-TO-OCN: ProducerConnection (bondLevelMax):         1
20230422 041729.836 INFO             PET3       ATM-TO-OCN:      importStandardNameList(i=  2): surface_net_downward_shortwave_flux
20230422 041729.836 INFO             PET3       ATM-TO-OCN:         importNamespaceList(i=  2): ATM
20230422 041729.836 INFO             PET3       ATM-TO-OCN:            importCplSetList(i=  2): __UNSPECIFIED__
20230422 041729.836 INFO             PET3       ATM-TO-OCN:      exportStandardNameList(j=  2): surface_net_downward_shortwave_flux
20230422 041729.836 INFO             PET3       ATM-TO-OCN:         exportNamespaceList(j=  2): OCN
20230422 041729.836 INFO             PET3       ATM-TO-OCN:            exportCplSetList(j=  2): __UNSPECIFIED__
20230422 041729.836 INFO             PET3       ATM-TO-OCN: bondLevel= 1
20230422 041729.836 INFO             PET3       ATM-TO-OCN: ProducerConnection (bondLevelMax):         1
20230422 041729.836 INFO             PET3     ATM-TO-OCN: InitializeIPDv05p2a extro.
20230422 041729.836 INFO             PET3     OCN-TO-ATM: InitializeIPDv05p2a intro.
20230422 041729.839 INFO             PET3       OCN-TO-ATM:      importStandardNameList(i=  1): sea_surface_temperature
20230422 041729.839 INFO             PET3       OCN-TO-ATM:         importNamespaceList(i=  1): OCN
20230422 041729.839 INFO             PET3       OCN-TO-ATM:            importCplSetList(i=  1): __UNSPECIFIED__
20230422 041729.839 INFO             PET3       OCN-TO-ATM:      exportStandardNameList(j=  1): sea_surface_temperature
20230422 041729.839 INFO             PET3       OCN-TO-ATM:         exportNamespaceList(j=  1): ATM
20230422 041729.839 INFO             PET3       OCN-TO-ATM:            exportCplSetList(j=  1): __UNSPECIFIED__
20230422 041729.839 INFO             PET3       OCN-TO-ATM: bondLevel= 1
20230422 041729.839 INFO             PET3       OCN-TO-ATM: ProducerConnection (bondLevelMax):         1
20230422 041729.839 INFO             PET3     OCN-TO-ATM: InitializeIPDv05p2a extro.
20230422 041729.840 INFO             PET3     ATM-TO-OCN: InitializeIPDv05p2b intro.
20230422 041729.843 INFO             PET3       ATM-TO-OCN:      importStandardNameList(i=  1): air_pressure_at_sea_level
20230422 041729.843 INFO             PET3       ATM-TO-OCN:         importNamespaceList(i=  1): ATM
20230422 041729.843 INFO             PET3       ATM-TO-OCN:            importCplSetList(i=  1): __UNSPECIFIED__
20230422 041729.843 INFO             PET3       ATM-TO-OCN:      exportStandardNameList(j=  1): air_pressure_at_sea_level
20230422 041729.843 INFO             PET3       ATM-TO-OCN:         exportNamespaceList(j=  1): OCN
20230422 041729.843 INFO             PET3       ATM-TO-OCN:            exportCplSetList(j=  1): __UNSPECIFIED__
20230422 041729.843 INFO             PET3       ATM-TO-OCN: bondLevel= 1
20230422 041729.843 INFO             PET3       ATM-TO-OCN: => added cplList(  1)=air_pressure_at_sea_level, cplSetList(  1)=__UNSPECIFIED__
20230422 041729.843 INFO             PET3       ATM-TO-OCN:      importStandardNameList(i=  2): surface_net_downward_shortwave_flux
20230422 041729.843 INFO             PET3       ATM-TO-OCN:         importNamespaceList(i=  2): ATM
20230422 041729.843 INFO             PET3       ATM-TO-OCN:            importCplSetList(i=  2): __UNSPECIFIED__
20230422 041729.843 INFO             PET3       ATM-TO-OCN:      exportStandardNameList(j=  2): surface_net_downward_shortwave_flux
20230422 041729.843 INFO             PET3       ATM-TO-OCN:         exportNamespaceList(j=  2): OCN
20230422 041729.843 INFO             PET3       ATM-TO-OCN:            exportCplSetList(j=  2): __UNSPECIFIED__
20230422 041729.843 INFO             PET3       ATM-TO-OCN: bondLevel= 1
20230422 041729.844 INFO             PET3       ATM-TO-OCN: => added cplList(  2)=surface_net_downward_shortwave_flux, cplSetList(  2)=__UNSPECIFIED__
20230422 041729.844 INFO             PET3     ATM-TO-OCN: InitializeIPDv05p2b extro.
20230422 041729.844 INFO             PET3     OCN-TO-ATM: InitializeIPDv05p2b intro.
20230422 041729.847 INFO             PET3       OCN-TO-ATM:      importStandardNameList(i=  1): sea_surface_temperature
20230422 041729.847 INFO             PET3       OCN-TO-ATM:         importNamespaceList(i=  1): OCN
20230422 041729.847 INFO             PET3       OCN-TO-ATM:            importCplSetList(i=  1): __UNSPECIFIED__
20230422 041729.847 INFO             PET3       OCN-TO-ATM:      exportStandardNameList(j=  1): sea_surface_temperature
20230422 041729.847 INFO             PET3       OCN-TO-ATM:         exportNamespaceList(j=  1): ATM
20230422 041729.847 INFO             PET3       OCN-TO-ATM:            exportCplSetList(j=  1): __UNSPECIFIED__
20230422 041729.847 INFO             PET3       OCN-TO-ATM: bondLevel= 1
20230422 041729.847 INFO             PET3       OCN-TO-ATM: => added cplList(  1)=sea_surface_temperature, cplSetList(  1)=__UNSPECIFIED__
20230422 041729.847 INFO             PET3     OCN-TO-ATM: InitializeIPDv05p2b extro.
20230422 041729.847 INFO             PET3     esm: IInitModifyCplLists intro.
20230422 041729.848 INFO             PET3     esm: IInitModifyCplLists extro.
20230422 041729.848 INFO             PET3     ATM-TO-OCN: InitializeIPDv05p3 intro.
20230422 041729.852 INFO             PET3       ATM-TO-OCN: handle cplList(1): air_pressure_at_sea_level, cplSetList(1): __UNSPECIFIED__
20230422 041729.852 INFO             PET3       ATM-TO-OCN: - connected.
20230422 041729.852 INFO             PET3       ATM-TO-OCN: - both sides must provide the Field/GeomObject.
20230422 041729.852 INFO             PET3       ATM-TO-OCN: handle cplList(2): surface_net_downward_shortwave_flux, cplSetList(2): __UNSPECIFIED__
20230422 041729.852 INFO             PET3       ATM-TO-OCN: - connected.
20230422 041729.852 INFO             PET3       ATM-TO-OCN: - both sides must provide the Field/GeomObject.
20230422 041729.852 INFO             PET3     ATM-TO-OCN: InitializeIPDv05p3 extro.
20230422 041729.852 INFO             PET3     OCN-TO-ATM: InitializeIPDv05p3 intro.
20230422 041729.856 INFO             PET3       OCN-TO-ATM: handle cplList(1): sea_surface_temperature, cplSetList(1): __UNSPECIFIED__
20230422 041729.856 INFO             PET3       OCN-TO-ATM: - connected.
20230422 041729.856 INFO             PET3       OCN-TO-ATM: - both sides must provide the Field/GeomObject.
20230422 041729.856 INFO             PET3     OCN-TO-ATM: InitializeIPDv05p3 extro.
20230422 041729.856 INFO             PET3     <<<esm: leaving Initialize (phase=<none>) with current time: 2010  6  1  0  0  0   0
20230422 041729.856 INFO             PET3   esm: InitializeIPDv02p1 extro.
20230422 041729.856 INFO             PET3   esm: InitializeIPDv02p3 intro.
20230422 041729.856 INFO             PET3     esm: IInitCheck intro.
20230422 041729.856 INFO             PET3     esm: IInitCheck extro.
20230422 041729.856 INFO             PET3     ATM: InitializeIPDvXp04 intro.
20230422 041729.861 INFO             PET3     ATM: InitializeIPDvXp04 extro.
20230422 041729.861 INFO             PET3     OCN: InitializeIPDvXp04 intro.
20230422 041729.865 INFO             PET3     OCN: InitializeIPDvXp04 extro.
20230422 041729.869 INFO             PET3     ATM-TO-OCN: InitializeIPDv05p4 intro.
20230422 041729.875 INFO             PET3       ATM-TO-OCN: handle cplList(1): air_pressure_at_sea_level, cplSetList(1): __UNSPECIFIED__
20230422 041729.875 INFO             PET3       ATM-TO-OCN: - nothing shared or transferred
20230422 041729.875 INFO             PET3       ATM-TO-OCN: handle cplList(2): surface_net_downward_shortwave_flux, cplSetList(2): __UNSPECIFIED__
20230422 041729.875 INFO             PET3       ATM-TO-OCN: - nothing shared or transferred
20230422 041729.875 INFO             PET3     ATM-TO-OCN: InitializeIPDv05p4 extro.
20230422 041729.875 INFO             PET3     OCN-TO-ATM: InitializeIPDv05p4 intro.
20230422 041729.879 INFO             PET3       OCN-TO-ATM: handle cplList(1): sea_surface_temperature, cplSetList(1): __UNSPECIFIED__
20230422 041729.879 INFO             PET3       OCN-TO-ATM: - nothing shared or transferred
20230422 041729.879 INFO             PET3     OCN-TO-ATM: InitializeIPDv05p4 extro.
20230422 041729.880 INFO             PET3     ATM-TO-OCN: InitializeIPDv05p5 intro.
20230422 041729.885 INFO             PET3       ATM-TO-OCN: handle cplList(1): air_pressure_at_sea_level, cplSetList(1): __UNSPECIFIED__
20230422 041729.885 INFO             PET3       ATM-TO-OCN: - nothing shared or transferred, or may already be handled
20230422 041729.885 INFO             PET3       ATM-TO-OCN: handle cplList(2): surface_net_downward_shortwave_flux, cplSetList(2): __UNSPECIFIED__
20230422 041729.885 INFO             PET3       ATM-TO-OCN: - nothing shared or transferred, or may already be handled
20230422 041729.885 INFO             PET3     ATM-TO-OCN: InitializeIPDv05p5 extro.
20230422 041729.886 INFO             PET3     OCN-TO-ATM: InitializeIPDv05p5 intro.
20230422 041729.890 INFO             PET3       OCN-TO-ATM: handle cplList(1): sea_surface_temperature, cplSetList(1): __UNSPECIFIED__
20230422 041729.890 INFO             PET3       OCN-TO-ATM: - nothing shared or transferred, or may already be handled
20230422 041729.890 INFO             PET3     OCN-TO-ATM: InitializeIPDv05p5 extro.
20230422 041729.890 INFO             PET3     esm: IInitRealize intro.
20230422 041729.890 INFO             PET3     esm: IInitRealize extro.
20230422 041729.890 INFO             PET3     ATM-TO-OCN: InitializeIPDv05p6a intro.
20230422 041729.896 INFO             PET3     ATM-TO-OCN: InitializeIPDv05p6a extro.
20230422 041729.896 INFO             PET3     OCN-TO-ATM: InitializeIPDv05p6a intro.
20230422 041729.899 INFO             PET3     OCN-TO-ATM: InitializeIPDv05p6a extro.
20230422 041729.900 INFO             PET3     ATM-TO-OCN: InitializeIPDv05p6b intro.
20230422 041729.900 INFO             PET3       ATM-TO-OCN: handle cplList(1): air_pressure_at_sea_level, cplSetList(1): __UNSPECIFIED__
20230422 041729.900 INFO             PET3       ATM-TO-OCN: - no Field sharing between import and export side: remap.
20230422 041729.900 INFO             PET3       ATM-TO-OCN: handle cplList(2): surface_net_downward_shortwave_flux, cplSetList(2): __UNSPECIFIED__
