2023-03-20 03:00:19
 NUOPC_DriverPrint for PET:            0
   Model, Mediator, and Driver components, in the order
   that they were added to the Driver:
            1 :  ATM
            2 :  OCN
            3 :  RTM
   Connector components, in the order
   that they were added to the Driver:
            1 :  ATM-TO-RTM
            2 :  RTM-TO-OCN
            3 :  ATM-TO-OCN
            4 :  OCN-TO-ATM
NUOPC_RunSequenceArrayPrint: element     1 out of      2
runSeq::
 runElementPrint:      1     3     1 F T
 runElementPrint:      3     2     1 F T
 runElementPrint:     -2     0     0 F T
 runElementPrint:      3    -1     1 F T
 runElementPrint:     -1    -1     0 F F
::
NUOPC_RunSequenceArrayPrint: element     2 out of      2
runSeq::
 runElementPrint:      1     2     1 F T
 runElementPrint:      2     1     1 F T
 runElementPrint:      1    -1     1 F T
 runElementPrint:      2    -1     1 F T
 runElementPrint:     -2    -1     0 F F
::
 NUOPC_DriverPrint for PET:            1
   Model, Mediator, and Driver components, in the order
   that they were added to the Driver:
            1 :  ATM
            2 :  OCN
            3 :  RTM
   Connector components, in the order
   that they were added to the Driver:
            1 :  ATM-TO-RTM
            2 :  RTM-TO-OCN
            3 :  ATM-TO-OCN
            4 :  OCN-TO-ATM
NUOPC_RunSequenceArrayPrint: element     1 out of      2
runSeq::
 runElementPrint:      1     3     1 F T
 runElementPrint:      3     2     1 F T
 runElementPrint:     -2     0     0 F T
 runElementPrint:      3    -1     1 F T
 runElementPrint:     -1    -1     0 F F
::
NUOPC_RunSequenceArrayPrint: element     2 out of      2
runSeq::
 runElementPrint:      1     2     1 F T
 runElementPrint:      2     1     1 F T
 runElementPrint:      1    -1     1 F T
 runElementPrint:      2    -1     1 F T
 runElementPrint:     -2    -1     0 F F
::
 NUOPC_DriverPrint for PET:            2
   Model, Mediator, and Driver components, in the order
   that they were added to the Driver:
            1 :  ATM
            2 :  OCN
            3 :  RTM
   Connector components, in the order
   that they were added to the Driver:
            1 :  ATM-TO-RTM
            2 :  RTM-TO-OCN
            3 :  ATM-TO-OCN
            4 :  OCN-TO-ATM
NUOPC_RunSequenceArrayPrint: element     1 out of      2
runSeq::
 runElementPrint:      1     3     1 F T
 runElementPrint:      3     2     1 F T
 runElementPrint:     -2     0     0 F T
 runElementPrint:      3    -1     1 F T
 runElementPrint:     -1    -1     0 F F
::
NUOPC_RunSequenceArrayPrint: element     2 out of      2
runSeq::
 runElementPrint:      1     2     1 F T
 runElementPrint:      2     1     1 F T
 runElementPrint:      1    -1     1 F T
 runElementPrint:      2    -1     1 F T
 runElementPrint:     -2    -1     0 F F
::
[Orion-22-11:343757:0:343757] Caught signal 11 (Segmentation fault: address not mapped to object at address 0x4f1b591)
[Orion-22-11:343758:0:343758] Caught signal 11 (Segmentation fault: address not mapped to object at address 0x4f1b591)
[Orion-22-11:343759:0:343759] Caught signal 11 (Segmentation fault: address not mapped to object at address 0x4f1b591)

/work/noaa/da/mpotts/sandbox/pgi_2019_openmpi_g_develop/esmf/src/Infrastructure/LogErr/src/ESMCI_LogErr.C: [ ESMCI::LogErr::MsgFoundError() ]
      ...
      583 {
      584     bool result=false;
      585 #ifdef ESMC_SUCCESSDEFAULT_ON
==>   586     if (rcToReturn != ESMC_NULL_POINTER) *rcToReturn=ESMF_SUCCESS;
      587 #endif
      588     if (trace) {
      589         Write(ESMC_METHOD,ESMC_LOGMSG_TRACE,


/work/noaa/da/mpotts/sandbox/pgi_2019_openmpi_g_develop/esmf/src/Infrastructure/LogErr/src/ESMCI_LogErr.C: [ ESMCI::LogErr::MsgFoundError() ]
      ...
      583 {
      584     bool result=false;
      585 #ifdef ESMC_SUCCESSDEFAULT_ON
==>   586     if (rcToReturn != ESMC_NULL_POINTER) *rcToReturn=ESMF_SUCCESS;
      587 #endif
      588     if (trace) {
      589         Write(ESMC_METHOD,ESMC_LOGMSG_TRACE,


/work/noaa/da/mpotts/sandbox/pgi_2019_openmpi_g_develop/esmf/src/Infrastructure/LogErr/src/ESMCI_LogErr.C: [ ESMCI::LogErr::MsgFoundError() ]
      ...
      583 {
      584     bool result=false;
      585 #ifdef ESMC_SUCCESSDEFAULT_ON
==>   586     if (rcToReturn != ESMC_NULL_POINTER) *rcToReturn=ESMF_SUCCESS;
      587 #endif
      588     if (trace) {
      589         Write(ESMC_METHOD,ESMC_LOGMSG_TRACE,

==== backtrace (tid: 343758) ====
 0 0x000000000121aa64 ESMCI::LogErr::MsgFoundError()  /work/noaa/da/mpotts/sandbox/pgi_2019_openmpi_g_develop/esmf/src/Infrastructure/LogErr/src/ESMCI_LogErr.C:586
 1 0x00000000013ff151 ESMCI::MeshCap::meshcreatenodedistgrid()  /work/noaa/da/mpotts/sandbox/pgi_2019_openmpi_g_develop/esmf/src/Infrastructure/Mesh/src/ESMCI_MeshCap.C:1754
 2 0x0000000001444ce7 c_esmc_meshcreatenodedistgrid_()  /work/noaa/da/mpotts/sandbox/pgi_2019_openmpi_g_develop/esmf/src/Infrastructure/Mesh/interface/ESMCI_Mesh_F.C:247
 3 0x000000000211be28 esmf_meshmod_esmf_meshcreatefrompointer_()  /work/noaa/da/mpotts/sandbox/pgi_2019_openmpi_g_develop/esmf/src/Infrastructure/Mesh/interface/ESMF_Mesh.F90:3091
 4 0x0000000001f49e00 esmf_gridutilmod_esmf_gridtomesh_()  /work/noaa/da/mpotts/sandbox/pgi_2019_openmpi_g_develop/esmf/src/Infrastructure/GridUtil/interface/ESMF_GridUtil.F90:453
 5 0x0000000001def2ab esmf_fieldregridmod_b_or_p_gridtomesh_()  /work/noaa/da/mpotts/sandbox/pgi_2019_openmpi_g_develop/esmf/src/Infrastructure/Field/src/ESMF_FieldRegrid.F90:3228
 6 0x0000000001dea5c1 esmf_fieldregridmod_getmeshwithnodesonfieldloc_()  /work/noaa/da/mpotts/sandbox/pgi_2019_openmpi_g_develop/esmf/src/Infrastructure/Field/src/ESMF_FieldRegrid.F90:1346
 7 0x0000000001de7ed4 esmf_fieldregridmod_esmf_fieldregridstorenx_()  /work/noaa/da/mpotts/sandbox/pgi_2019_openmpi_g_develop/esmf/src/Infrastructure/Field/src/ESMF_FieldRegrid.F90:971
 8 0x0000000001bf6838 esmf_fieldbundlemod_esmf_fieldbundleregridstorepair_()  /work/noaa/da/mpotts/sandbox/pgi_2019_openmpi_g_develop/esmf/src/Infrastructure/FieldBundle/src/ESMF_FieldBundle.F90:16211
 9 0x00000000025862e5 nuopc_connector_fieldbundlecplstore_()  /work/noaa/da/mpotts/sandbox/pgi_2019_openmpi_g_develop/esmf/src/addon/NUOPC/src/NUOPC_Connector.F90:7714
10 0x000000000255f7bd nuopc_connector_initializeipdv05p6b_()  /work/noaa/da/mpotts/sandbox/pgi_2019_openmpi_g_develop/esmf/src/addon/NUOPC/src/NUOPC_Connector.F90:5386
11 0x0000000001081157 ESMCI::FTable::callVFuncPtr()  /work/noaa/da/mpotts/sandbox/pgi_2019_openmpi_g_develop/esmf/src/Superstructure/Component/src/ESMCI_FTable.C:2167
12 0x000000000107d05c ESMCI_FTableCallEntryPointVMHop()  /work/noaa/da/mpotts/sandbox/pgi_2019_openmpi_g_develop/esmf/src/Superstructure/Component/src/ESMCI_FTable.C:824
13 0x00000000017cf4bf ESMCI::VMK::enter()  /work/noaa/da/mpotts/sandbox/pgi_2019_openmpi_g_develop/esmf/src/Infrastructure/VM/src/ESMCI_VMKernel.C:2320
14 0x00000000017f3e7d ESMCI::VM::enter()  /work/noaa/da/mpotts/sandbox/pgi_2019_openmpi_g_develop/esmf/src/Infrastructure/VM/src/ESMCI_VM.C:1216
15 0x000000000107d521 c_esmc_ftablecallentrypointvm_()  /work/noaa/da/mpotts/sandbox/pgi_2019_openmpi_g_develop/esmf/src/Superstructure/Component/src/ESMCI_FTable.C:981
16 0x0000000001b3dd75 esmf_compmod_esmf_compexecute_()  /work/noaa/da/mpotts/sandbox/pgi_2019_openmpi_g_develop/esmf/src/Superstructure/Component/src/ESMF_Comp.F90:1223
17 0x0000000001b5b8a1 esmf_cplcompmod_esmf_cplcompinitialize_()  /work/noaa/da/mpotts/sandbox/pgi_2019_openmpi_g_develop/esmf/src/Superstructure/Component/src/ESMF_CplComp.F90:1165
18 0x00000000025c13e6 nuopc_driver_loopconnectorcompss_()  /work/noaa/da/mpotts/sandbox/pgi_2019_openmpi_g_develop/esmf/src/addon/NUOPC/src/NUOPC_Driver.F90:3023
19 0x00000000025b1aec nuopc_driver_initializeipdv02p3_()  /work/noaa/da/mpotts/sandbox/pgi_2019_openmpi_g_develop/esmf/src/addon/NUOPC/src/NUOPC_Driver.F90:2110
20 0x000000000258fafe nuopc_driver_initializegeneric_()  /work/noaa/da/mpotts/sandbox/pgi_2019_openmpi_g_develop/esmf/src/addon/NUOPC/src/NUOPC_Driver.F90:479
21 0x0000000001081157 ESMCI::FTable::callVFuncPtr()  /work/noaa/da/mpotts/sandbox/pgi_2019_openmpi_g_develop/esmf/src/Superstructure/Component/src/ESMCI_FTable.C:2167
22 0x000000000107d05c ESMCI_FTableCallEntryPointVMHop()  /work/noaa/da/mpotts/sandbox/pgi_2019_openmpi_g_develop/esmf/src/Superstructure/Component/src/ESMCI_FTable.C:824
23 0x00000000017cf4bf ESMCI::VMK::enter()  /work/noaa/da/mpotts/sandbox/pgi_2019_openmpi_g_develop/esmf/src/Infrastructure/VM/src/ESMCI_VMKernel.C:2320
24 0x00000000017f3e7d ESMCI::VM::enter()  /work/noaa/da/mpotts/sandbox/pgi_2019_openmpi_g_develop/esmf/src/Infrastructure/VM/src/ESMCI_VM.C:1216
25 0x000000000107d521 c_esmc_ftablecallentrypointvm_()  /work/noaa/da/mpotts/sandbox/pgi_2019_openmpi_g_develop/esmf/src/Superstructure/Component/src/ESMCI_FTable.C:981
26 0x0000000001b3dd75 esmf_compmod_esmf_compexecute_()  /work/noaa/da/mpotts/sandbox/pgi_2019_openmpi_g_develop/esmf/src/Superstructure/Component/src/ESMF_Comp.F90:1223
27 0x0000000001e54a01 esmf_gridcompmod_esmf_gridcompinitialize_()  /work/noaa/da/mpotts/sandbox/pgi_2019_openmpi_g_develop/esmf/src/Superstructure/Component/src/ESMF_GridComp.F90:1412
28 0x00000000004075bf MAIN_()  /work/noaa/da/mpotts/sandbox/pgi_2019_openmpi_g_develop/nuopc-app-prototypes/AtmOcnRtmTwoTimescalesProto/esmApp.F90:75
29 0x0000000000406f13 main()  ???:0
30 0x0000000000022495 __libc_start_main()  ???:0
31 0x0000000000406e19 _start()  ???:0
=================================
[Orion-22-11:343758] *** Process received signal ***
[Orion-22-11:343758] Signal: Segmentation fault (11)
[Orion-22-11:343758] Signal code:  (-6)
[Orion-22-11:343758] Failing at address: 0x20e500053ece
[Orion-22-11:343758] [ 0] /lib64/libpthread.so.0(+0xf5d0)[0x7fcf2a2955d0]
[Orion-22-11:343758] [ 1] /work/noaa/da/mpotts/sandbox/pgi_2019_openmpi_g_develop/esmf/DEFAULTINSTALLDIR/lib/libg/Linux.pgi.64.openmpi.default/libesmf.so(_ZN5ESMCI6LogErr13MsgFoundErrorEiPKciS2_S2_Pi+0x34)[0x7fcf275e1a64]
[Orion-22-11:343758] [ 2] /work/noaa/da/mpotts/sandbox/pgi_2019_openmpi_g_develop/esmf/DEFAULTINSTALLDIR/lib/libg/Linux.pgi.64.openmpi.default/libesmf.so(_ZN5ESMCI7MeshCap22meshcreatenodedistgridEPi+0x81)[0x7fcf277c6151]
[Orion-22-11:343758] [ 3] /work/noaa/da/mpotts/sandbox/pgi_2019_openmpi_g_develop/esmf/DEFAULTINSTALLDIR/lib/libg/Linux.pgi.64.openmpi.default/libesmf.so(c_esmc_meshcreatenodedistgrid_+0x177)[0x7fcf2780bce7]
[Orion-22-11:343758] [ 4] /work/noaa/da/mpotts/sandbox/pgi_2019_openmpi_g_develop/esmf/DEFAULTINSTALLDIR/lib/libg/Linux.pgi.64.openmpi.default/libesmf.so(esmf_meshmod_esmf_meshcreatefrompointer_+0x78)[0x7fcf284e2e28]
[Orion-22-11:343758] [ 5] /work/noaa/da/mpotts/sandbox/pgi_2019_openmpi_g_develop/esmf/DEFAULTINSTALLDIR/lib/libg/Linux.pgi.64.openmpi.default/libesmf.so(esmf_gridutilmod_esmf_gridtomesh_+0x550)[0x7fcf28310e00]
[Orion-22-11:343758] [ 6] /work/noaa/da/mpotts/sandbox/pgi_2019_openmpi_g_develop/esmf/DEFAULTINSTALLDIR/lib/libg/Linux.pgi.64.openmpi.default/libesmf.so(esmf_fieldregridmod_b_or_p_gridtomesh_+0x60b)[0x7fcf281b62ab]
[Orion-22-11:343758] [ 7] /work/noaa/da/mpotts/sandbox/pgi_2019_openmpi_g_develop/esmf/DEFAULTINSTALLDIR/lib/libg/Linux.pgi.64.openmpi.default/libesmf.so(esmf_fieldregridmod_getmeshwithnodesonfieldloc_+0x561)[0x7fcf281b15c1]
[Orion-22-11:343758] [ 8] /work/noaa/da/mpotts/sandbox/pgi_2019_openmpi_g_develop/esmf/DEFAULTINSTALLDIR/lib/libg/Linux.pgi.64.openmpi.default/libesmf.so(esmf_fieldregridmod_esmf_fieldregridstorenx_+0x1034)[0x7fcf281aeed4]
[Orion-22-11:343758] [ 9] /work/noaa/da/mpotts/sandbox/pgi_2019_openmpi_g_develop/esmf/DEFAULTINSTALLDIR/lib/libg/Linux.pgi.64.openmpi.default/libesmf.so(esmf_fieldbundlemod_esmf_fieldbundleregridstorepair_+0x48d8)[0x7fcf27fbd838]
[Orion-22-11:343758] [10] /work/noaa/da/mpotts/sandbox/pgi_2019_openmpi_g_develop/esmf/DEFAULTINSTALLDIR/lib/libg/Linux.pgi.64.openmpi.default/libesmf.so(nuopc_connector_fieldbundlecplstore_+0xf545)[0x7fcf2894d2e5]
[Orion-22-11:343758] [11] /work/noaa/da/mpotts/sandbox/pgi_2019_openmpi_g_develop/esmf/DEFAULTINSTALLDIR/lib/libg/Linux.pgi.64.openmpi.default/libesmf.so(nuopc_connector_initializeipdv05p6b_+0x907d)[0x7fcf289267bd]
[Orion-22-11:343758] [12] /work/noaa/da/mpotts/sandbox/pgi_2019_openmpi_g_develop/esmf/DEFAULTINSTALLDIR/lib/libg/Linux.pgi.64.openmpi.default/libesmf.so(_ZN5ESMCI6FTable12callVFuncPtrEPKcPNS_2VMEPi+0xcf7)[0x7fcf27448157]
[Orion-22-11:343758] [13] /work/noaa/da/mpotts/sandbox/pgi_2019_openmpi_g_develop/esmf/DEFAULTINSTALLDIR/lib/libg/Linux.pgi.64.openmpi.default/libesmf.so(ESMCI_FTableCallEntryPointVMHop+0x2ac)[0x7fcf2744405c]
[Orion-22-11:343758] [14] /work/noaa/da/mpotts/sandbox/pgi_2019_openmpi_g_develop/esmf/DEFAULTINSTALLDIR/lib/libg/Linux.pgi.64.openmpi.default/libesmf.so(_ZN5ESMCI3VMK5enterEPNS_7VMKPlanEPvS3_+0xcf)[0x7fcf27b964bf]
[Orion-22-11:343758] [15] /work/noaa/da/mpotts/sandbox/pgi_2019_openmpi_g_develop/esmf/DEFAULTINSTALLDIR/lib/libg/Linux.pgi.64.openmpi.default/libesmf.so(_ZN5ESMCI2VM5enterEPNS_6VMPlanEPvS3_+0xcd)[0x7fcf27bbae7d]
[Orion-22-11:343758] [16] /work/noaa/da/mpotts/sandbox/pgi_2019_openmpi_g_develop/esmf/DEFAULTINSTALLDIR/lib/libg/Linux.pgi.64.openmpi.default/libesmf.so(c_esmc_ftablecallentrypointvm_+0x3a1)[0x7fcf27444521]
[Orion-22-11:343758] [17] /work/noaa/da/mpotts/sandbox/pgi_2019_openmpi_g_develop/esmf/DEFAULTINSTALLDIR/lib/libg/Linux.pgi.64.openmpi.default/libesmf.so(esmf_compmod_esmf_compexecute_+0xbd5)[0x7fcf27f04d75]
[Orion-22-11:343758] [18] /work/noaa/da/mpotts/sandbox/pgi_2019_openmpi_g_develop/esmf/DEFAULTINSTALLDIR/lib/libg/Linux.pgi.64.openmpi.default/libesmf.so(esmf_cplcompmod_esmf_cplcompinitialize_+0x1f1)[0x7fcf27f228a1]
[Orion-22-11:343758] [19] /work/noaa/da/mpotts/sandbox/pgi_2019_openmpi_g_develop/esmf/DEFAULTINSTALLDIR/lib/libg/Linux.pgi.64.openmpi.default/libesmf.so(nuopc_driver_loopconnectorcompss_+0x1916)[0x7fcf289883e6]
[Orion-22-11:343758] [20] /work/noaa/da/mpotts/sandbox/pgi_2019_openmpi_g_develop/esmf/DEFAULTINSTALLDIR/lib/libg/Linux.pgi.64.openmpi.default/libesmf.so(nuopc_driver_initializeipdv02p3_+0x61fc)[0x7fcf28978aec]
[Orion-22-11:343758] [21] /work/noaa/da/mpotts/sandbox/pgi_2019_openmpi_g_develop/esmf/DEFAULTINSTALLDIR/lib/libg/Linux.pgi.64.openmpi.default/libesmf.so(nuopc_driver_initializegeneric_+0x109e)[0x7fcf28956afe]
[Orion-22-11:343758] [22] /work/noaa/da/mpotts/sandbox/pgi_2019_openmpi_g_develop/esmf/DEFAULTINSTALLDIR/lib/libg/Linux.pgi.64.openmpi.default/libesmf.so(_ZN5ESMCI6FTable12callVFuncPtrEPKcPNS_2VMEPi+0xcf7)[0x7fcf27448157]
[Orion-22-11:343758] [23] /work/noaa/da/mpotts/sandbox/pgi_2019_openmpi_g_develop/esmf/DEFAULTINSTALLDIR/lib/libg/Linux.pgi.64.openmpi.default/libesmf.so(ESMCI_FTableCallEntryPointVMHop+0x2ac)[0x7fcf2744405c]
[Orion-22-11:343758] [24] /work/noaa/da/mpotts/sandbox/pgi_2019_openmpi_g_develop/esmf/DEFAULTINSTALLDIR/lib/libg/Linux.pgi.64.openmpi.default/libesmf.so(_ZN5ESMCI3VMK5enterEPNS_7VMKPlanEPvS3_+0xcf)[0x7fcf27b964bf]
[Orion-22-11:343758] [25] /work/noaa/da/mpotts/sandbox/pgi_2019_openmpi_g_develop/esmf/DEFAULTINSTALLDIR/lib/libg/Linux.pgi.64.openmpi.default/libesmf.so(_ZN5ESMCI2VM5enterEPNS_6VMPlanEPvS3_+0xcd)[0x7fcf27bbae7d]
[Orion-22-11:343758] [26] /work/noaa/da/mpotts/sandbox/pgi_2019_openmpi_g_develop/esmf/DEFAULTINSTALLDIR/lib/libg/Linux.pgi.64.openmpi.default/libesmf.so(c_esmc_ftablecallentrypointvm_+0x3a1)[0x7fcf27444521]
[Orion-22-11:343758] [27] /work/noaa/da/mpotts/sandbox/pgi_2019_openmpi_g_develop/esmf/DEFAULTINSTALLDIR/lib/libg/Linux.pgi.64.openmpi.default/libesmf.so(esmf_compmod_esmf_compexecute_+0xbd5)[0x7fcf27f04d75]
[Orion-22-11:343758] [28] /work/noaa/da/mpotts/sandbox/pgi_2019_openmpi_g_develop/esmf/DEFAULTINSTALLDIR/lib/libg/Linux.pgi.64.openmpi.default/libesmf.so(esmf_gridcompmod_esmf_gridcompinitialize_+0x1f1)[0x7fcf2821ba01]
[Orion-22-11:343758] [29] /work/noaa/da/mpotts/sandbox/pgi_2019_openmpi_g_develop/nuopc-app-prototypes/AtmOcnRtmTwoTimescalesProto/./esmApp[0x4075bf]
[Orion-22-11:343758] *** End of error message ***
==== backtrace (tid: 343757) ====
 0 0x000000000121aa64 ESMCI::LogErr::MsgFoundError()  /work/noaa/da/mpotts/sandbox/pgi_2019_openmpi_g_develop/esmf/src/Infrastructure/LogErr/src/ESMCI_LogErr.C:586
 1 0x00000000013ff151 ESMCI::MeshCap::meshcreatenodedistgrid()  /work/noaa/da/mpotts/sandbox/pgi_2019_openmpi_g_develop/esmf/src/Infrastructure/Mesh/src/ESMCI_MeshCap.C:1754
 2 0x0000000001444ce7 c_esmc_meshcreatenodedistgrid_()  /work/noaa/da/mpotts/sandbox/pgi_2019_openmpi_g_develop/esmf/src/Infrastructure/Mesh/interface/ESMCI_Mesh_F.C:247
 3 0x000000000211be28 esmf_meshmod_esmf_meshcreatefrompointer_()  /work/noaa/da/mpotts/sandbox/pgi_2019_openmpi_g_develop/esmf/src/Infrastructure/Mesh/interface/ESMF_Mesh.F90:3091
 4 0x0000000001f49e00 esmf_gridutilmod_esmf_gridtomesh_()  /work/noaa/da/mpotts/sandbox/pgi_2019_openmpi_g_develop/esmf/src/Infrastructure/GridUtil/interface/ESMF_GridUtil.F90:453
 5 0x0000000001def2ab esmf_fieldregridmod_b_or_p_gridtomesh_()  /work/noaa/da/mpotts/sandbox/pgi_2019_openmpi_g_develop/esmf/src/Infrastructure/Field/src/ESMF_FieldRegrid.F90:3228
 6 0x0000000001dea5c1 esmf_fieldregridmod_getmeshwithnodesonfieldloc_()  /work/noaa/da/mpotts/sandbox/pgi_2019_openmpi_g_develop/esmf/src/Infrastructure/Field/src/ESMF_FieldRegrid.F90:1346
 7 0x0000000001de7ed4 esmf_fieldregridmod_esmf_fieldregridstorenx_()  /work/noaa/da/mpotts/sandbox/pgi_2019_openmpi_g_develop/esmf/src/Infrastructure/Field/src/ESMF_FieldRegrid.F90:971
 8 0x0000000001bf6838 esmf_fieldbundlemod_esmf_fieldbundleregridstorepair_()  /work/noaa/da/mpotts/sandbox/pgi_2019_openmpi_g_develop/esmf/src/Infrastructure/FieldBundle/src/ESMF_FieldBundle.F90:16211
 9 0x00000000025862e5 nuopc_connector_fieldbundlecplstore_()  /work/noaa/da/mpotts/sandbox/pgi_2019_openmpi_g_develop/esmf/src/addon/NUOPC/src/NUOPC_Connector.F90:7714
10 0x000000000255f7bd nuopc_connector_initializeipdv05p6b_()  /work/noaa/da/mpotts/sandbox/pgi_2019_openmpi_g_develop/esmf/src/addon/NUOPC/src/NUOPC_Connector.F90:5386
11 0x0000000001081157 ESMCI::FTable::callVFuncPtr()  /work/noaa/da/mpotts/sandbox/pgi_2019_openmpi_g_develop/esmf/src/Superstructure/Component/src/ESMCI_FTable.C:2167
12 0x000000000107d05c ESMCI_FTableCallEntryPointVMHop()  /work/noaa/da/mpotts/sandbox/pgi_2019_openmpi_g_develop/esmf/src/Superstructure/Component/src/ESMCI_FTable.C:824
13 0x00000000017cf4bf ESMCI::VMK::enter()  /work/noaa/da/mpotts/sandbox/pgi_2019_openmpi_g_develop/esmf/src/Infrastructure/VM/src/ESMCI_VMKernel.C:2320
14 0x00000000017f3e7d ESMCI::VM::enter()  /work/noaa/da/mpotts/sandbox/pgi_2019_openmpi_g_develop/esmf/src/Infrastructure/VM/src/ESMCI_VM.C:1216
15 0x000000000107d521 c_esmc_ftablecallentrypointvm_()  /work/noaa/da/mpotts/sandbox/pgi_2019_openmpi_g_develop/esmf/src/Superstructure/Component/src/ESMCI_FTable.C:981
16 0x0000000001b3dd75 esmf_compmod_esmf_compexecute_()  /work/noaa/da/mpotts/sandbox/pgi_2019_openmpi_g_develop/esmf/src/Superstructure/Component/src/ESMF_Comp.F90:1223
17 0x0000000001b5b8a1 esmf_cplcompmod_esmf_cplcompinitialize_()  /work/noaa/da/mpotts/sandbox/pgi_2019_openmpi_g_develop/esmf/src/Superstructure/Component/src/ESMF_CplComp.F90:1165
18 0x00000000025c13e6 nuopc_driver_loopconnectorcompss_()  /work/noaa/da/mpotts/sandbox/pgi_2019_openmpi_g_develop/esmf/src/addon/NUOPC/src/NUOPC_Driver.F90:3023
19 0x00000000025b1aec nuopc_driver_initializeipdv02p3_()  /work/noaa/da/mpotts/sandbox/pgi_2019_openmpi_g_develop/esmf/src/addon/NUOPC/src/NUOPC_Driver.F90:2110
20 0x000000000258fafe nuopc_driver_initializegeneric_()  /work/noaa/da/mpotts/sandbox/pgi_2019_openmpi_g_develop/esmf/src/addon/NUOPC/src/NUOPC_Driver.F90:479
21 0x0000000001081157 ESMCI::FTable::callVFuncPtr()  /work/noaa/da/mpotts/sandbox/pgi_2019_openmpi_g_develop/esmf/src/Superstructure/Component/src/ESMCI_FTable.C:2167
22 0x000000000107d05c ESMCI_FTableCallEntryPointVMHop()  /work/noaa/da/mpotts/sandbox/pgi_2019_openmpi_g_develop/esmf/src/Superstructure/Component/src/ESMCI_FTable.C:824
23 0x00000000017cf4bf ESMCI::VMK::enter()  /work/noaa/da/mpotts/sandbox/pgi_2019_openmpi_g_develop/esmf/src/Infrastructure/VM/src/ESMCI_VMKernel.C:2320
24 0x00000000017f3e7d ESMCI::VM::enter()  /work/noaa/da/mpotts/sandbox/pgi_2019_openmpi_g_develop/esmf/src/Infrastructure/VM/src/ESMCI_VM.C:1216
25 0x000000000107d521 c_esmc_ftablecallentrypointvm_()  /work/noaa/da/mpotts/sandbox/pgi_2019_openmpi_g_develop/esmf/src/Superstructure/Component/src/ESMCI_FTable.C:981
26 0x0000000001b3dd75 esmf_compmod_esmf_compexecute_()  /work/noaa/da/mpotts/sandbox/pgi_2019_openmpi_g_develop/esmf/src/Superstructure/Component/src/ESMF_Comp.F90:1223
27 0x0000000001e54a01 esmf_gridcompmod_esmf_gridcompinitialize_()  /work/noaa/da/mpotts/sandbox/pgi_2019_openmpi_g_develop/esmf/src/Superstructure/Component/src/ESMF_GridComp.F90:1412
28 0x00000000004075bf MAIN_()  /work/noaa/da/mpotts/sandbox/pgi_2019_openmpi_g_develop/nuopc-app-prototypes/AtmOcnRtmTwoTimescalesProto/esmApp.F90:75
29 0x0000000000406f13 main()  ???:0
30 0x0000000000022495 __libc_start_main()  ???:0
31 0x0000000000406e19 _start()  ???:0
=================================
[Orion-22-11:343757] *** Process received signal ***
[Orion-22-11:343757] Signal: Segmentation fault (11)
[Orion-22-11:343757] Signal code:  (-6)
[Orion-22-11:343757] Failing at address: 0x20e500053ecd
[Orion-22-11:343757] [ 0] /lib64/libpthread.so.0(+0xf5d0)[0x7f92281165d0]
[Orion-22-11:343757] [ 1] /work/noaa/da/mpotts/sandbox/pgi_2019_openmpi_g_develop/esmf/DEFAULTINSTALLDIR/lib/libg/Linux.pgi.64.openmpi.default/libesmf.so(_ZN5ESMCI6LogErr13MsgFoundErrorEiPKciS2_S2_Pi+0x34)[0x7f9225462a64]
[Orion-22-11:343757] [ 2] /work/noaa/da/mpotts/sandbox/pgi_2019_openmpi_g_develop/esmf/DEFAULTINSTALLDIR/lib/libg/Linux.pgi.64.openmpi.default/libesmf.so(_ZN5ESMCI7MeshCap22meshcreatenodedistgridEPi+0x81)[0x7f9225647151]
[Orion-22-11:343757] [ 3] /work/noaa/da/mpotts/sandbox/pgi_2019_openmpi_g_develop/esmf/DEFAULTINSTALLDIR/lib/libg/Linux.pgi.64.openmpi.default/libesmf.so(c_esmc_meshcreatenodedistgrid_+0x177)[0x7f922568cce7]
[Orion-22-11:343757] [ 4] /work/noaa/da/mpotts/sandbox/pgi_2019_openmpi_g_develop/esmf/DEFAULTINSTALLDIR/lib/libg/Linux.pgi.64.openmpi.default/libesmf.so(esmf_meshmod_esmf_meshcreatefrompointer_+0x78)[0x7f9226363e28]
[Orion-22-11:343757] [ 5] /work/noaa/da/mpotts/sandbox/pgi_2019_openmpi_g_develop/esmf/DEFAULTINSTALLDIR/lib/libg/Linux.pgi.64.openmpi.default/libesmf.so(esmf_gridutilmod_esmf_gridtomesh_+0x550)[0x7f9226191e00]
[Orion-22-11:343757] [ 6] /work/noaa/da/mpotts/sandbox/pgi_2019_openmpi_g_develop/esmf/DEFAULTINSTALLDIR/lib/libg/Linux.pgi.64.openmpi.default/libesmf.so(esmf_fieldregridmod_b_or_p_gridtomesh_+0x60b)[0x7f92260372ab]
[Orion-22-11:343757] [ 7] /work/noaa/da/mpotts/sandbox/pgi_2019_openmpi_g_develop/esmf/DEFAULTINSTALLDIR/lib/libg/Linux.pgi.64.openmpi.default/libesmf.so(esmf_fieldregridmod_getmeshwithnodesonfieldloc_+0x561)[0x7f92260325c1]
[Orion-22-11:343757] [ 8] /work/noaa/da/mpotts/sandbox/pgi_2019_openmpi_g_develop/esmf/DEFAULTINSTALLDIR/lib/libg/Linux.pgi.64.openmpi.default/libesmf.so(esmf_fieldregridmod_esmf_fieldregridstorenx_+0x1034)[0x7f922602fed4]
[Orion-22-11:343757] [ 9] /work/noaa/da/mpotts/sandbox/pgi_2019_openmpi_g_develop/esmf/DEFAULTINSTALLDIR/lib/libg/Linux.pgi.64.openmpi.default/libesmf.so(esmf_fieldbundlemod_esmf_fieldbundleregridstorepair_+0x48d8)[0x7f9225e3e838]
[Orion-22-11:343757] [10] /work/noaa/da/mpotts/sandbox/pgi_2019_openmpi_g_develop/esmf/DEFAULTINSTALLDIR/lib/libg/Linux.pgi.64.openmpi.default/libesmf.so(nuopc_connector_fieldbundlecplstore_+0xf545)[0x7f92267ce2e5]
[Orion-22-11:343757] [11] /work/noaa/da/mpotts/sandbox/pgi_2019_openmpi_g_develop/esmf/DEFAULTINSTALLDIR/lib/libg/Linux.pgi.64.openmpi.default/libesmf.so(nuopc_connector_initializeipdv05p6b_+0x907d)[0x7f92267a77bd]
[Orion-22-11:343757] [12] /work/noaa/da/mpotts/sandbox/pgi_2019_openmpi_g_develop/esmf/DEFAULTINSTALLDIR/lib/libg/Linux.pgi.64.openmpi.default/libesmf.so(_ZN5ESMCI6FTable12callVFuncPtrEPKcPNS_2VMEPi+0xcf7)[0x7f92252c9157]
[Orion-22-11:343757] [13] /work/noaa/da/mpotts/sandbox/pgi_2019_openmpi_g_develop/esmf/DEFAULTINSTALLDIR/lib/libg/Linux.pgi.64.openmpi.default/libesmf.so(ESMCI_FTableCallEntryPointVMHop+0x2ac)[0x7f92252c505c]
[Orion-22-11:343757] [14] /work/noaa/da/mpotts/sandbox/pgi_2019_openmpi_g_develop/esmf/DEFAULTINSTALLDIR/lib/libg/Linux.pgi.64.openmpi.default/libesmf.so(_ZN5ESMCI3VMK5enterEPNS_7VMKPlanEPvS3_+0xcf)[0x7f9225a174bf]
[Orion-22-11:343757] [15] /work/noaa/da/mpotts/sandbox/pgi_2019_openmpi_g_develop/esmf/DEFAULTINSTALLDIR/lib/libg/Linux.pgi.64.openmpi.default/libesmf.so(_ZN5ESMCI2VM5enterEPNS_6VMPlanEPvS3_+0xcd)[0x7f9225a3be7d]
[Orion-22-11:343757] [16] /work/noaa/da/mpotts/sandbox/pgi_2019_openmpi_g_develop/esmf/DEFAULTINSTALLDIR/lib/libg/Linux.pgi.64.openmpi.default/libesmf.so(c_esmc_ftablecallentrypointvm_+0x3a1)[0x7f92252c5521]
[Orion-22-11:343757] [17] /work/noaa/da/mpotts/sandbox/pgi_2019_openmpi_g_develop/esmf/DEFAULTINSTALLDIR/lib/libg/Linux.pgi.64.openmpi.default/libesmf.so(esmf_compmod_esmf_compexecute_+0xbd5)[0x7f9225d85d75]
[Orion-22-11:343757] [18] /work/noaa/da/mpotts/sandbox/pgi_2019_openmpi_g_develop/esmf/DEFAULTINSTALLDIR/lib/libg/Linux.pgi.64.openmpi.default/libesmf.so(esmf_cplcompmod_esmf_cplcompinitialize_+0x1f1)[0x7f9225da38a1]
[Orion-22-11:343757] [19] /work/noaa/da/mpotts/sandbox/pgi_2019_openmpi_g_develop/esmf/DEFAULTINSTALLDIR/lib/libg/Linux.pgi.64.openmpi.default/libesmf.so(nuopc_driver_loopconnectorcompss_+0x1916)[0x7f92268093e6]
[Orion-22-11:343757] [20] /work/noaa/da/mpotts/sandbox/pgi_2019_openmpi_g_develop/esmf/DEFAULTINSTALLDIR/lib/libg/Linux.pgi.64.openmpi.default/libesmf.so(nuopc_driver_initializeipdv02p3_+0x61fc)[0x7f92267f9aec]
[Orion-22-11:343757] [21] /work/noaa/da/mpotts/sandbox/pgi_2019_openmpi_g_develop/esmf/DEFAULTINSTALLDIR/lib/libg/Linux.pgi.64.openmpi.default/libesmf.so(nuopc_driver_initializegeneric_+0x109e)[0x7f92267d7afe]
[Orion-22-11:343757] [22] /work/noaa/da/mpotts/sandbox/pgi_2019_openmpi_g_develop/esmf/DEFAULTINSTALLDIR/lib/libg/Linux.pgi.64.openmpi.default/libesmf.so(_ZN5ESMCI6FTable12callVFuncPtrEPKcPNS_2VMEPi+0xcf7)[0x7f92252c9157]
[Orion-22-11:343757] [23] /work/noaa/da/mpotts/sandbox/pgi_2019_openmpi_g_develop/esmf/DEFAULTINSTALLDIR/lib/libg/Linux.pgi.64.openmpi.default/libesmf.so(ESMCI_FTableCallEntryPointVMHop+0x2ac)[0x7f92252c505c]
==== backtrace (tid: 343759) ====
 0 0x000000000121aa64 ESMCI::LogErr::MsgFoundError()  /work/noaa/da/mpotts/sandbox/pgi_2019_openmpi_g_develop/esmf/src/Infrastructure/LogErr/src/ESMCI_LogErr.C:586
 1 0x00000000013ff151 ESMCI::MeshCap::meshcreatenodedistgrid()  /work/noaa/da/mpotts/sandbox/pgi_2019_openmpi_g_develop/esmf/src/Infrastructure/Mesh/src/ESMCI_MeshCap.C:1754
 2 0x0000000001444ce7 c_esmc_meshcreatenodedistgrid_()  /work/noaa/da/mpotts/sandbox/pgi_2019_openmpi_g_develop/esmf/src/Infrastructure/Mesh/interface/ESMCI_Mesh_F.C:247
 3 0x000000000211be28 esmf_meshmod_esmf_meshcreatefrompointer_()  /work/noaa/da/mpotts/sandbox/pgi_2019_openmpi_g_develop/esmf/src/Infrastructure/Mesh/interface/ESMF_Mesh.F90:3091
 4 0x0000000001f49e00 esmf_gridutilmod_esmf_gridtomesh_()  /work/noaa/da/mpotts/sandbox/pgi_2019_openmpi_g_develop/esmf/src/Infrastructure/GridUtil/interface/ESMF_GridUtil.F90:453
 5 0x0000000001def2ab esmf_fieldregridmod_b_or_p_gridtomesh_()  /work/noaa/da/mpotts/sandbox/pgi_2019_openmpi_g_develop/esmf/src/Infrastructure/Field/src/ESMF_FieldRegrid.F90:3228
 6 0x0000000001dea5c1 esmf_fieldregridmod_getmeshwithnodesonfieldloc_()  /work/noaa/da/mpotts/sandbox/pgi_2019_openmpi_g_develop/esmf/src/Infrastructure/Field/src/ESMF_FieldRegrid.F90:1346
 7 0x0000000001de7ed4 esmf_fieldregridmod_esmf_fieldregridstorenx_()  /work/noaa/da/mpotts/sandbox/pgi_2019_openmpi_g_develop/esmf/src/Infrastructure/Field/src/ESMF_FieldRegrid.F90:971
 8 0x0000000001bf6838 esmf_fieldbundlemod_esmf_fieldbundleregridstorepair_()  /work/noaa/da/mpotts/sandbox/pgi_2019_openmpi_g_develop/esmf/src/Infrastructure/FieldBundle/src/ESMF_FieldBundle.F90:16211
 9 0x00000000025862e5 nuopc_connector_fieldbundlecplstore_()  /work/noaa/da/mpotts/sandbox/pgi_2019_openmpi_g_develop/esmf/src/addon/NUOPC/src/NUOPC_Connector.F90:7714
10 0x000000000255f7bd nuopc_connector_initializeipdv05p6b_()  /work/noaa/da/mpotts/sandbox/pgi_2019_openmpi_g_develop/esmf/src/addon/NUOPC/src/NUOPC_Connector.F90:5386
11 0x0000000001081157 ESMCI::FTable::callVFuncPtr()  /work/noaa/da/mpotts/sandbox/pgi_2019_openmpi_g_develop/esmf/src/Superstructure/Component/src/ESMCI_FTable.C:2167
12 0x000000000107d05c ESMCI_FTableCallEntryPointVMHop()  /work/noaa/da/mpotts/sandbox/pgi_2019_openmpi_g_develop/esmf/src/Superstructure/Component/src/ESMCI_FTable.C:824
13 0x00000000017cf4bf ESMCI::VMK::enter()  /work/noaa/da/mpotts/sandbox/pgi_2019_openmpi_g_develop/esmf/src/Infrastructure/VM/src/ESMCI_VMKernel.C:2320
14 0x00000000017f3e7d ESMCI::VM::enter()  /work/noaa/da/mpotts/sandbox/pgi_2019_openmpi_g_develop/esmf/src/Infrastructure/VM/src/ESMCI_VM.C:1216
15 0x000000000107d521 c_esmc_ftablecallentrypointvm_()  /work/noaa/da/mpotts/sandbox/pgi_2019_openmpi_g_develop/esmf/src/Superstructure/Component/src/ESMCI_FTable.C:981
16 0x0000000001b3dd75 esmf_compmod_esmf_compexecute_()  /work/noaa/da/mpotts/sandbox/pgi_2019_openmpi_g_develop/esmf/src/Superstructure/Component/src/ESMF_Comp.F90:1223
17 0x0000000001b5b8a1 esmf_cplcompmod_esmf_cplcompinitialize_()  /work/noaa/da/mpotts/sandbox/pgi_2019_openmpi_g_develop/esmf/src/Superstructure/Component/src/ESMF_CplComp.F90:1165
18 0x00000000025c13e6 nuopc_driver_loopconnectorcompss_()  /work/noaa/da/mpotts/sandbox/pgi_2019_openmpi_g_develop/esmf/src/addon/NUOPC/src/NUOPC_Driver.F90:3023
19 0x00000000025b1aec nuopc_driver_initializeipdv02p3_()  /work/noaa/da/mpotts/sandbox/pgi_2019_openmpi_g_develop/esmf/src/addon/NUOPC/src/NUOPC_Driver.F90:2110
20 0x000000000258fafe nuopc_driver_initializegeneric_()  /work/noaa/da/mpotts/sandbox/pgi_2019_openmpi_g_develop/esmf/src/addon/NUOPC/src/NUOPC_Driver.F90:479
21 0x0000000001081157 ESMCI::FTable::callVFuncPtr()  /work/noaa/da/mpotts/sandbox/pgi_2019_openmpi_g_develop/esmf/src/Superstructure/Component/src/ESMCI_FTable.C:2167
22 0x000000000107d05c ESMCI_FTableCallEntryPointVMHop()  /work/noaa/da/mpotts/sandbox/pgi_2019_openmpi_g_develop/esmf/src/Superstructure/Component/src/ESMCI_FTable.C:824
23 0x00000000017cf4bf ESMCI::VMK::enter()  /work/noaa/da/mpotts/sandbox/pgi_2019_openmpi_g_develop/esmf/src/Infrastructure/VM/src/ESMCI_VMKernel.C:2320
24 0x00000000017f3e7d ESMCI::VM::enter()  /work/noaa/da/mpotts/sandbox/pgi_2019_openmpi_g_develop/esmf/src/Infrastructure/VM/src/ESMCI_VM.C:1216
25 0x000000000107d521 c_esmc_ftablecallentrypointvm_()  /work/noaa/da/mpotts/sandbox/pgi_2019_openmpi_g_develop/esmf/src/Superstructure/Component/src/ESMCI_FTable.C:981
26 0x0000000001b3dd75 esmf_compmod_esmf_compexecute_()  /work/noaa/da/mpotts/sandbox/pgi_2019_openmpi_g_develop/esmf/src/Superstructure/Component/src/ESMF_Comp.F90:1223
27 0x0000000001e54a01 esmf_gridcompmod_esmf_gridcompinitialize_()  /work/noaa/da/mpotts/sandbox/pgi_2019_openmpi_g_develop/esmf/src/Superstructure/Component/src/ESMF_GridComp.F90:1412
28 0x00000000004075bf MAIN_()  /work/noaa/da/mpotts/sandbox/pgi_2019_openmpi_g_develop/nuopc-app-prototypes/AtmOcnRtmTwoTimescalesProto/esmApp.F90:75
29 0x0000000000406f13 main()  ???:0
30 0x0000000000022495 __libc_start_main()  ???:0
31 0x0000000000406e19 _start()  ???:0
=================================
[Orion-22-11:343757] [24] /work/noaa/da/mpotts/sandbox/pgi_2019_openmpi_g_develop/esmf/DEFAULTINSTALLDIR/lib/libg/Linux.pgi.64.openmpi.default/libesmf.so(_ZN5ESMCI3VMK5enterEPNS_7VMKPlanEPvS3_+0xcf)[0x7f9225a174bf]
[Orion-22-11:343757] [25] /work/noaa/da/mpotts/sandbox/pgi_2019_openmpi_g_develop/esmf/DEFAULTINSTALLDIR/lib/libg/Linux.pgi.64.openmpi.default/libesmf.so(_ZN5ESMCI2VM5enterEPNS_6VMPlanEPvS3_+0xcd)[0x7f9225a3be7d]
[Orion-22-11:343757] [26] /work/noaa/da/mpotts/sandbox/pgi_2019_openmpi_g_develop/esmf/DEFAULTINSTALLDIR/lib/libg/Linux.pgi.64.openmpi.default/libesmf.so(c_esmc_ftablecallentrypointvm_+0x3a1)[0x7f92252c5521]
[Orion-22-11:343759] *** Process received signal ***
[Orion-22-11:343759] Signal: Segmentation fault (11)
[Orion-22-11:343759] Signal code:  (-6)
[Orion-22-11:343759] Failing at address: 0x20e500053ecf
[Orion-22-11:343759] [ 0] /lib64/libpthread.so.0(+0xf5d0)[0x7fabb085a5d0]
[Orion-22-11:343757] [27] /work/noaa/da/mpotts/sandbox/pgi_2019_openmpi_g_develop/esmf/DEFAULTINSTALLDIR/lib/libg/Linux.pgi.64.openmpi.default/libesmf.so(esmf_compmod_esmf_compexecute_+0xbd5)[0x7f9225d85d75]
[Orion-22-11:343759] [ 1] /work/noaa/da/mpotts/sandbox/pgi_2019_openmpi_g_develop/esmf/DEFAULTINSTALLDIR/lib/libg/Linux.pgi.64.openmpi.default/libesmf.so(_ZN5ESMCI6LogErr13MsgFoundErrorEiPKciS2_S2_Pi+0x34)[0x7fabadba6a64]
[Orion-22-11:343757] [28] /work/noaa/da/mpotts/sandbox/pgi_2019_openmpi_g_develop/esmf/DEFAULTINSTALLDIR/lib/libg/Linux.pgi.64.openmpi.default/libesmf.so(esmf_gridcompmod_esmf_gridcompinitialize_+0x1f1)[0x7f922609ca01]
[Orion-22-11:343757] [29] /work/noaa/da/mpotts/sandbox/pgi_2019_openmpi_g_develop/nuopc-app-prototypes/AtmOcnRtmTwoTimescalesProto/./esmApp[0x4075bf]
[Orion-22-11:343757] *** End of error message ***
[Orion-22-11:343759] [ 2] /work/noaa/da/mpotts/sandbox/pgi_2019_openmpi_g_develop/esmf/DEFAULTINSTALLDIR/lib/libg/Linux.pgi.64.openmpi.default/libesmf.so(_ZN5ESMCI7MeshCap22meshcreatenodedistgridEPi+0x81)[0x7fabadd8b151]
[Orion-22-11:343759] [ 3] /work/noaa/da/mpotts/sandbox/pgi_2019_openmpi_g_develop/esmf/DEFAULTINSTALLDIR/lib/libg/Linux.pgi.64.openmpi.default/libesmf.so(c_esmc_meshcreatenodedistgrid_+0x177)[0x7fabaddd0ce7]
[Orion-22-11:343759] [ 4] /work/noaa/da/mpotts/sandbox/pgi_2019_openmpi_g_develop/esmf/DEFAULTINSTALLDIR/lib/libg/Linux.pgi.64.openmpi.default/libesmf.so(esmf_meshmod_esmf_meshcreatefrompointer_+0x78)[0x7fabaeaa7e28]
[Orion-22-11:343759] [ 5] /work/noaa/da/mpotts/sandbox/pgi_2019_openmpi_g_develop/esmf/DEFAULTINSTALLDIR/lib/libg/Linux.pgi.64.openmpi.default/libesmf.so(esmf_gridutilmod_esmf_gridtomesh_+0x550)[0x7fabae8d5e00]
[Orion-22-11:343759] [ 6] /work/noaa/da/mpotts/sandbox/pgi_2019_openmpi_g_develop/esmf/DEFAULTINSTALLDIR/lib/libg/Linux.pgi.64.openmpi.default/libesmf.so(esmf_fieldregridmod_b_or_p_gridtomesh_+0x60b)[0x7fabae77b2ab]
[Orion-22-11:343759] [ 7] /work/noaa/da/mpotts/sandbox/pgi_2019_openmpi_g_develop/esmf/DEFAULTINSTALLDIR/lib/libg/Linux.pgi.64.openmpi.default/libesmf.so(esmf_fieldregridmod_getmeshwithnodesonfieldloc_+0x561)[0x7fabae7765c1]
[Orion-22-11:343759] [ 8] /work/noaa/da/mpotts/sandbox/pgi_2019_openmpi_g_develop/esmf/DEFAULTINSTALLDIR/lib/libg/Linux.pgi.64.openmpi.default/libesmf.so(esmf_fieldregridmod_esmf_fieldregridstorenx_+0x1034)[0x7fabae773ed4]
[Orion-22-11:343759] [ 9] /work/noaa/da/mpotts/sandbox/pgi_2019_openmpi_g_develop/esmf/DEFAULTINSTALLDIR/lib/libg/Linux.pgi.64.openmpi.default/libesmf.so(esmf_fieldbundlemod_esmf_fieldbundleregridstorepair_+0x48d8)[0x7fabae582838]
[Orion-22-11:343759] [10] /work/noaa/da/mpotts/sandbox/pgi_2019_openmpi_g_develop/esmf/DEFAULTINSTALLDIR/lib/libg/Linux.pgi.64.openmpi.default/libesmf.so(nuopc_connector_fieldbundlecplstore_+0xf545)[0x7fabaef122e5]
[Orion-22-11:343759] [11] /work/noaa/da/mpotts/sandbox/pgi_2019_openmpi_g_develop/esmf/DEFAULTINSTALLDIR/lib/libg/Linux.pgi.64.openmpi.default/libesmf.so(nuopc_connector_initializeipdv05p6b_+0x907d)[0x7fabaeeeb7bd]
[Orion-22-11:343759] [12] /work/noaa/da/mpotts/sandbox/pgi_2019_openmpi_g_develop/esmf/DEFAULTINSTALLDIR/lib/libg/Linux.pgi.64.openmpi.default/libesmf.so(_ZN5ESMCI6FTable12callVFuncPtrEPKcPNS_2VMEPi+0xcf7)[0x7fabada0d157]
[Orion-22-11:343759] [13] /work/noaa/da/mpotts/sandbox/pgi_2019_openmpi_g_develop/esmf/DEFAULTINSTALLDIR/lib/libg/Linux.pgi.64.openmpi.default/libesmf.so(ESMCI_FTableCallEntryPointVMHop+0x2ac)[0x7fabada0905c]
[Orion-22-11:343759] [14] /work/noaa/da/mpotts/sandbox/pgi_2019_openmpi_g_develop/esmf/DEFAULTINSTALLDIR/lib/libg/Linux.pgi.64.openmpi.default/libesmf.so(_ZN5ESMCI3VMK5enterEPNS_7VMKPlanEPvS3_+0xcf)[0x7fabae15b4bf]
[Orion-22-11:343759] [15] /work/noaa/da/mpotts/sandbox/pgi_2019_openmpi_g_develop/esmf/DEFAULTINSTALLDIR/lib/libg/Linux.pgi.64.openmpi.default/libesmf.so(_ZN5ESMCI2VM5enterEPNS_6VMPlanEPvS3_+0xcd)[0x7fabae17fe7d]
[Orion-22-11:343759] [16] /work/noaa/da/mpotts/sandbox/pgi_2019_openmpi_g_develop/esmf/DEFAULTINSTALLDIR/lib/libg/Linux.pgi.64.openmpi.default/libesmf.so(c_esmc_ftablecallentrypointvm_+0x3a1)[0x7fabada09521]
[Orion-22-11:343759] [17] /work/noaa/da/mpotts/sandbox/pgi_2019_openmpi_g_develop/esmf/DEFAULTINSTALLDIR/lib/libg/Linux.pgi.64.openmpi.default/libesmf.so(esmf_compmod_esmf_compexecute_+0xbd5)[0x7fabae4c9d75]
[Orion-22-11:343759] [18] /work/noaa/da/mpotts/sandbox/pgi_2019_openmpi_g_develop/esmf/DEFAULTINSTALLDIR/lib/libg/Linux.pgi.64.openmpi.default/libesmf.so(esmf_cplcompmod_esmf_cplcompinitialize_+0x1f1)[0x7fabae4e78a1]
[Orion-22-11:343759] [19] /work/noaa/da/mpotts/sandbox/pgi_2019_openmpi_g_develop/esmf/DEFAULTINSTALLDIR/lib/libg/Linux.pgi.64.openmpi.default/libesmf.so(nuopc_driver_loopconnectorcompss_+0x1916)[0x7fabaef4d3e6]
[Orion-22-11:343759] [20] /work/noaa/da/mpotts/sandbox/pgi_2019_openmpi_g_develop/esmf/DEFAULTINSTALLDIR/lib/libg/Linux.pgi.64.openmpi.default/libesmf.so(nuopc_driver_initializeipdv02p3_+0x61fc)[0x7fabaef3daec]
[Orion-22-11:343759] [21] /work/noaa/da/mpotts/sandbox/pgi_2019_openmpi_g_develop/esmf/DEFAULTINSTALLDIR/lib/libg/Linux.pgi.64.openmpi.default/libesmf.so(nuopc_driver_initializegeneric_+0x109e)[0x7fabaef1bafe]
[Orion-22-11:343759] [22] /work/noaa/da/mpotts/sandbox/pgi_2019_openmpi_g_develop/esmf/DEFAULTINSTALLDIR/lib/libg/Linux.pgi.64.openmpi.default/libesmf.so(_ZN5ESMCI6FTable12callVFuncPtrEPKcPNS_2VMEPi+0xcf7)[0x7fabada0d157]
[Orion-22-11:343759] [23] /work/noaa/da/mpotts/sandbox/pgi_2019_openmpi_g_develop/esmf/DEFAULTINSTALLDIR/lib/libg/Linux.pgi.64.openmpi.default/libesmf.so(ESMCI_FTableCallEntryPointVMHop+0x2ac)[0x7fabada0905c]
[Orion-22-11:343759] [24] /work/noaa/da/mpotts/sandbox/pgi_2019_openmpi_g_develop/esmf/DEFAULTINSTALLDIR/lib/libg/Linux.pgi.64.openmpi.default/libesmf.so(_ZN5ESMCI3VMK5enterEPNS_7VMKPlanEPvS3_+0xcf)[0x7fabae15b4bf]
[Orion-22-11:343759] [25] /work/noaa/da/mpotts/sandbox/pgi_2019_openmpi_g_develop/esmf/DEFAULTINSTALLDIR/lib/libg/Linux.pgi.64.openmpi.default/libesmf.so(_ZN5ESMCI2VM5enterEPNS_6VMPlanEPvS3_+0xcd)[0x7fabae17fe7d]
[Orion-22-11:343759] [26] /work/noaa/da/mpotts/sandbox/pgi_2019_openmpi_g_develop/esmf/DEFAULTINSTALLDIR/lib/libg/Linux.pgi.64.openmpi.default/libesmf.so(c_esmc_ftablecallentrypointvm_+0x3a1)[0x7fabada09521]
[Orion-22-11:343759] [27] /work/noaa/da/mpotts/sandbox/pgi_2019_openmpi_g_develop/esmf/DEFAULTINSTALLDIR/lib/libg/Linux.pgi.64.openmpi.default/libesmf.so(esmf_compmod_esmf_compexecute_+0xbd5)[0x7fabae4c9d75]
[Orion-22-11:343759] [28] /work/noaa/da/mpotts/sandbox/pgi_2019_openmpi_g_develop/esmf/DEFAULTINSTALLDIR/lib/libg/Linux.pgi.64.openmpi.default/libesmf.so(esmf_gridcompmod_esmf_gridcompinitialize_+0x1f1)[0x7fabae7e0a01]
[Orion-22-11:343759] [29] /work/noaa/da/mpotts/sandbox/pgi_2019_openmpi_g_develop/nuopc-app-prototypes/AtmOcnRtmTwoTimescalesProto/./esmApp[0x4075bf]
[Orion-22-11:343759] *** End of error message ***
srun: error: Orion-22-11: tasks 0-2: Segmentation fault
srun: launch/slurm: _step_signal: Terminating StepId=9436112.362
slurmstepd: error: *** STEP 9436112.362 ON Orion-22-11 CANCELLED AT 2023-03-20T04:27:23 ***
srun: error: Orion-22-11: task 3: Terminated
srun: Force Terminated StepId=9436112.362
