2023-03-22 03:02:06
[Orion-03-19:10954:0:10954] Caught signal 11 (Segmentation fault: address not mapped to object at address 0x4f1b591)

/work/noaa/da/mpotts/sandbox/pgi_2019_openmpi_g_develop/esmf/src/Infrastructure/LogErr/src/ESMCI_LogErr.C: [ ESMCI::LogErr::MsgFoundError() ]
      ...
      583 {
      584     bool result=false;
      585 #ifdef ESMC_SUCCESSDEFAULT_ON
==>   586     if (rcToReturn != ESMC_NULL_POINTER) *rcToReturn=ESMF_SUCCESS;
      587 #endif
      588     if (trace) {
      589         Write(ESMC_METHOD,ESMC_LOGMSG_TRACE,

==== backtrace (tid:  10954) ====
 0 0x000000000121aa64 ESMCI::LogErr::MsgFoundError()  /work/noaa/da/mpotts/sandbox/pgi_2019_openmpi_g_develop/esmf/src/Infrastructure/LogErr/src/ESMCI_LogErr.C:586
 1 0x00000000013ff151 ESMCI::MeshCap::meshcreatenodedistgrid()  /work/noaa/da/mpotts/sandbox/pgi_2019_openmpi_g_develop/esmf/src/Infrastructure/Mesh/src/ESMCI_MeshCap.C:1754
 2 0x0000000001444ce7 c_esmc_meshcreatenodedistgrid_()  /work/noaa/da/mpotts/sandbox/pgi_2019_openmpi_g_develop/esmf/src/Infrastructure/Mesh/interface/ESMCI_Mesh_F.C:247
 3 0x00000000021137d6 esmf_meshmod_esmf_meshcreatefromfile_()  /work/noaa/da/mpotts/sandbox/pgi_2019_openmpi_g_develop/esmf/src/Infrastructure/Mesh/interface/ESMF_Mesh.F90:1978
 4 0x0000000000412b7b ocn_realize_()  /work/noaa/da/mpotts/sandbox/pgi_2019_openmpi_g_develop/nuopc-app-prototypes/AtmOcnTransferMeshProto/ocn.F90:153
 5 0x0000000001599c02 ESMCI::MethodElement::execute()  /work/noaa/da/mpotts/sandbox/pgi_2019_openmpi_g_develop/esmf/src/Superstructure/Component/src/ESMCI_MethodTable.C:377
 6 0x000000000159abd1 ESMCI::MethodTable::execute()  /work/noaa/da/mpotts/sandbox/pgi_2019_openmpi_g_develop/esmf/src/Superstructure/Component/src/ESMCI_MethodTable.C:563
 7 0x0000000001595fa3 c_esmc_methodtableexecuteef_()  /work/noaa/da/mpotts/sandbox/pgi_2019_openmpi_g_develop/esmf/src/Superstructure/Component/src/ESMCI_MethodTable.C:347
 8 0x000000000195c100 esmf_attachmethodsmod_esmf_methodgridcompexecute_()  /work/noaa/da/mpotts/sandbox/pgi_2019_openmpi_g_develop/esmf/src/Superstructure/AttachMethods/src/ESMF_AttachMethods.F90:1280
 9 0x000000000262c71e nuopc_modelbase_initializeipdvxp04_()  /work/noaa/da/mpotts/sandbox/pgi_2019_openmpi_g_develop/esmf/src/addon/NUOPC/src/NUOPC_ModelBase.F90:973
10 0x0000000001081157 ESMCI::FTable::callVFuncPtr()  /work/noaa/da/mpotts/sandbox/pgi_2019_openmpi_g_develop/esmf/src/Superstructure/Component/src/ESMCI_FTable.C:2167
11 0x000000000107d05c ESMCI_FTableCallEntryPointVMHop()  /work/noaa/da/mpotts/sandbox/pgi_2019_openmpi_g_develop/esmf/src/Superstructure/Component/src/ESMCI_FTable.C:824
12 0x00000000017e31c5 _INTERNAL_103__work_noaa_da_mpotts_sandbox_pgi_2019_openmpi_g_develop_esmf_src_Infrastructure_VM_src_ESMCI_VMKernel_C_c2a589ef::ESMCI::enter_callback()  /work/noaa/da/mpotts/sandbox/pgi_2019_openmpi_g_develop/esmf/src/Infrastructure/VM/src/ESMCI_VMKernel.C:1124
13 0x00000000017cf6af ESMCI::VMK::enter()  /work/noaa/da/mpotts/sandbox/pgi_2019_openmpi_g_develop/esmf/src/Infrastructure/VM/src/ESMCI_VMKernel.C:2435
14 0x00000000017f3e7d ESMCI::VM::enter()  /work/noaa/da/mpotts/sandbox/pgi_2019_openmpi_g_develop/esmf/src/Infrastructure/VM/src/ESMCI_VM.C:1216
15 0x000000000107d521 c_esmc_ftablecallentrypointvm_()  /work/noaa/da/mpotts/sandbox/pgi_2019_openmpi_g_develop/esmf/src/Superstructure/Component/src/ESMCI_FTable.C:981
16 0x0000000001b3dd75 esmf_compmod_esmf_compexecute_()  /work/noaa/da/mpotts/sandbox/pgi_2019_openmpi_g_develop/esmf/src/Superstructure/Component/src/ESMF_Comp.F90:1223
17 0x0000000001e54a01 esmf_gridcompmod_esmf_gridcompinitialize_()  /work/noaa/da/mpotts/sandbox/pgi_2019_openmpi_g_develop/esmf/src/Superstructure/Component/src/ESMF_GridComp.F90:1412
18 0x00000000025be2a2 nuopc_driver_loopmodelcompss_()  /work/noaa/da/mpotts/sandbox/pgi_2019_openmpi_g_develop/esmf/src/addon/NUOPC/src/NUOPC_Driver.F90:2826
19 0x00000000025aea2b nuopc_driver_initializeipdv02p3_()  /work/noaa/da/mpotts/sandbox/pgi_2019_openmpi_g_develop/esmf/src/addon/NUOPC/src/NUOPC_Driver.F90:1972
20 0x000000000258fafe nuopc_driver_initializegeneric_()  /work/noaa/da/mpotts/sandbox/pgi_2019_openmpi_g_develop/esmf/src/addon/NUOPC/src/NUOPC_Driver.F90:479
21 0x0000000001081157 ESMCI::FTable::callVFuncPtr()  /work/noaa/da/mpotts/sandbox/pgi_2019_openmpi_g_develop/esmf/src/Superstructure/Component/src/ESMCI_FTable.C:2167
22 0x000000000107d05c ESMCI_FTableCallEntryPointVMHop()  /work/noaa/da/mpotts/sandbox/pgi_2019_openmpi_g_develop/esmf/src/Superstructure/Component/src/ESMCI_FTable.C:824
23 0x00000000017cf4bf ESMCI::VMK::enter()  /work/noaa/da/mpotts/sandbox/pgi_2019_openmpi_g_develop/esmf/src/Infrastructure/VM/src/ESMCI_VMKernel.C:2320
24 0x00000000017f3e7d ESMCI::VM::enter()  /work/noaa/da/mpotts/sandbox/pgi_2019_openmpi_g_develop/esmf/src/Infrastructure/VM/src/ESMCI_VM.C:1216
25 0x000000000107d521 c_esmc_ftablecallentrypointvm_()  /work/noaa/da/mpotts/sandbox/pgi_2019_openmpi_g_develop/esmf/src/Superstructure/Component/src/ESMCI_FTable.C:981
26 0x0000000001b3dd75 esmf_compmod_esmf_compexecute_()  /work/noaa/da/mpotts/sandbox/pgi_2019_openmpi_g_develop/esmf/src/Superstructure/Component/src/ESMF_Comp.F90:1223
27 0x0000000001e54a01 esmf_gridcompmod_esmf_gridcompinitialize_()  /work/noaa/da/mpotts/sandbox/pgi_2019_openmpi_g_develop/esmf/src/Superstructure/Component/src/ESMF_GridComp.F90:1412
28 0x0000000000408387 MAIN_()  /work/noaa/da/mpotts/sandbox/pgi_2019_openmpi_g_develop/nuopc-app-prototypes/AtmOcnTransferMeshProto/esmApp.F90:78
29 0x0000000000407e33 main()  ???:0
30 0x0000000000022495 __libc_start_main()  ???:0
31 0x0000000000407d39 _start()  ???:0
=================================
[Orion-03-19:10954] *** Process received signal ***
[Orion-03-19:10954] Signal: Segmentation fault (11)
[Orion-03-19:10954] Signal code:  (-6)
[Orion-03-19:10954] Failing at address: 0x20e500002aca
[Orion-03-19:10954] [ 0] /lib64/libpthread.so.0(+0xf5d0)[0x7fe4811435d0]
[Orion-03-19:10954] [ 1] /work/noaa/da/mpotts/sandbox/pgi_2019_openmpi_g_develop/esmf/DEFAULTINSTALLDIR/lib/libg/Linux.pgi.64.openmpi.default/libesmf.so(_ZN5ESMCI6LogErr13MsgFoundErrorEiPKciS2_S2_Pi+0x34)[0x7fe47e48fa64]
[Orion-03-19:10954] [ 2] /work/noaa/da/mpotts/sandbox/pgi_2019_openmpi_g_develop/esmf/DEFAULTINSTALLDIR/lib/libg/Linux.pgi.64.openmpi.default/libesmf.so(_ZN5ESMCI7MeshCap22meshcreatenodedistgridEPi+0x81)[0x7fe47e674151]
[Orion-03-19:10954] [ 3] /work/noaa/da/mpotts/sandbox/pgi_2019_openmpi_g_develop/esmf/DEFAULTINSTALLDIR/lib/libg/Linux.pgi.64.openmpi.default/libesmf.so(c_esmc_meshcreatenodedistgrid_+0x177)[0x7fe47e6b9ce7]
[Orion-03-19:10954] [ 4] /work/noaa/da/mpotts/sandbox/pgi_2019_openmpi_g_develop/esmf/DEFAULTINSTALLDIR/lib/libg/Linux.pgi.64.openmpi.default/libesmf.so(esmf_meshmod_esmf_meshcreatefromfile_+0x396)[0x7fe47f3887d6]
[Orion-03-19:10954] [ 5] /work/noaa/da/mpotts/sandbox/pgi_2019_openmpi_g_develop/nuopc-app-prototypes/AtmOcnTransferMeshProto/./esmApp[0x412b7b]
[Orion-03-19:10954] [ 6] /work/noaa/da/mpotts/sandbox/pgi_2019_openmpi_g_develop/esmf/DEFAULTINSTALLDIR/lib/libg/Linux.pgi.64.openmpi.default/libesmf.so(_ZNK5ESMCI13MethodElement7executeEPvPi+0x42)[0x7fe47e80ec02]
[Orion-03-19:10954] [ 7] /work/noaa/da/mpotts/sandbox/pgi_2019_openmpi_g_develop/esmf/DEFAULTINSTALLDIR/lib/libg/Linux.pgi.64.openmpi.default/libesmf.so(_ZN5ESMCI11MethodTable7executeESsPvPiPb+0x221)[0x7fe47e80fbd1]
[Orion-03-19:10954] [ 8] /work/noaa/da/mpotts/sandbox/pgi_2019_openmpi_g_develop/esmf/DEFAULTINSTALLDIR/lib/libg/Linux.pgi.64.openmpi.default/libesmf.so(c_esmc_methodtableexecuteef_+0x193)[0x7fe47e80afa3]
[Orion-03-19:10954] [ 9] /work/noaa/da/mpotts/sandbox/pgi_2019_openmpi_g_develop/esmf/DEFAULTINSTALLDIR/lib/libg/Linux.pgi.64.openmpi.default/libesmf.so(esmf_attachmethodsmod_esmf_methodgridcompexecute_+0x120)[0x7fe47ebd1100]
[Orion-03-19:10954] [10] /work/noaa/da/mpotts/sandbox/pgi_2019_openmpi_g_develop/esmf/DEFAULTINSTALLDIR/lib/libg/Linux.pgi.64.openmpi.default/libesmf.so(nuopc_modelbase_initializeipdvxp04_+0x16de)[0x7fe47f8a171e]
[Orion-03-19:10954] [11] /work/noaa/da/mpotts/sandbox/pgi_2019_openmpi_g_develop/esmf/DEFAULTINSTALLDIR/lib/libg/Linux.pgi.64.openmpi.default/libesmf.so(_ZN5ESMCI6FTable12callVFuncPtrEPKcPNS_2VMEPi+0xcf7)[0x7fe47e2f6157]
[Orion-03-19:10954] [12] /work/noaa/da/mpotts/sandbox/pgi_2019_openmpi_g_develop/esmf/DEFAULTINSTALLDIR/lib/libg/Linux.pgi.64.openmpi.default/libesmf.so(ESMCI_FTableCallEntryPointVMHop+0x2ac)[0x7fe47e2f205c]
[Orion-03-19:10954] [13] /work/noaa/da/mpotts/sandbox/pgi_2019_openmpi_g_develop/esmf/DEFAULTINSTALLDIR/lib/libg/Linux.pgi.64.openmpi.default/libesmf.so(+0x17e31c5)[0x7fe47ea581c5]
[Orion-03-19:10954] [14] /work/noaa/da/mpotts/sandbox/pgi_2019_openmpi_g_develop/esmf/DEFAULTINSTALLDIR/lib/libg/Linux.pgi.64.openmpi.default/libesmf.so(_ZN5ESMCI3VMK5enterEPNS_7VMKPlanEPvS3_+0x2bf)[0x7fe47ea446af]
[Orion-03-19:10954] [15] /work/noaa/da/mpotts/sandbox/pgi_2019_openmpi_g_develop/esmf/DEFAULTINSTALLDIR/lib/libg/Linux.pgi.64.openmpi.default/libesmf.so(_ZN5ESMCI2VM5enterEPNS_6VMPlanEPvS3_+0xcd)[0x7fe47ea68e7d]
[Orion-03-19:10954] [16] /work/noaa/da/mpotts/sandbox/pgi_2019_openmpi_g_develop/esmf/DEFAULTINSTALLDIR/lib/libg/Linux.pgi.64.openmpi.default/libesmf.so(c_esmc_ftablecallentrypointvm_+0x3a1)[0x7fe47e2f2521]
[Orion-03-19:10954] [17] /work/noaa/da/mpotts/sandbox/pgi_2019_openmpi_g_develop/esmf/DEFAULTINSTALLDIR/lib/libg/Linux.pgi.64.openmpi.default/libesmf.so(esmf_compmod_esmf_compexecute_+0xbd5)[0x7fe47edb2d75]
[Orion-03-19:10954] [18] /work/noaa/da/mpotts/sandbox/pgi_2019_openmpi_g_develop/esmf/DEFAULTINSTALLDIR/lib/libg/Linux.pgi.64.openmpi.default/libesmf.so(esmf_gridcompmod_esmf_gridcompinitialize_+0x1f1)[0x7fe47f0c9a01]
[Orion-03-19:10954] [19] /work/noaa/da/mpotts/sandbox/pgi_2019_openmpi_g_develop/esmf/DEFAULTINSTALLDIR/lib/libg/Linux.pgi.64.openmpi.default/libesmf.so(nuopc_driver_loopmodelcompss_+0x1242)[0x7fe47f8332a2]
[Orion-03-19:10954] [20] /work/noaa/da/mpotts/sandbox/pgi_2019_openmpi_g_develop/esmf/DEFAULTINSTALLDIR/lib/libg/Linux.pgi.64.openmpi.default/libesmf.so(nuopc_driver_initializeipdv02p3_+0x313b)[0x7fe47f823a2b]
[Orion-03-19:10954] [21] /work/noaa/da/mpotts/sandbox/pgi_2019_openmpi_g_develop/esmf/DEFAULTINSTALLDIR/lib/libg/Linux.pgi.64.openmpi.default/libesmf.so(nuopc_driver_initializegeneric_+0x109e)[0x7fe47f804afe]
[Orion-03-19:10954] [22] /work/noaa/da/mpotts/sandbox/pgi_2019_openmpi_g_develop/esmf/DEFAULTINSTALLDIR/lib/libg/Linux.pgi.64.openmpi.default/libesmf.so(_ZN5ESMCI6FTable12callVFuncPtrEPKcPNS_2VMEPi+0xcf7)[0x7fe47e2f6157]
[Orion-03-19:10954] [23] /work/noaa/da/mpotts/sandbox/pgi_2019_openmpi_g_develop/esmf/DEFAULTINSTALLDIR/lib/libg/Linux.pgi.64.openmpi.default/libesmf.so(ESMCI_FTableCallEntryPointVMHop+0x2ac)[0x7fe47e2f205c]
[Orion-03-19:10954] [24] /work/noaa/da/mpotts/sandbox/pgi_2019_openmpi_g_develop/esmf/DEFAULTINSTALLDIR/lib/libg/Linux.pgi.64.openmpi.default/libesmf.so(_ZN5ESMCI3VMK5enterEPNS_7VMKPlanEPvS3_+0xcf)[0x7fe47ea444bf]
[Orion-03-19:10954] [25] /work/noaa/da/mpotts/sandbox/pgi_2019_openmpi_g_develop/esmf/DEFAULTINSTALLDIR/lib/libg/Linux.pgi.64.openmpi.default/libesmf.so(_ZN5ESMCI2VM5enterEPNS_6VMPlanEPvS3_+0xcd)[0x7fe47ea68e7d]
[Orion-03-19:10954] [26] /work/noaa/da/mpotts/sandbox/pgi_2019_openmpi_g_develop/esmf/DEFAULTINSTALLDIR/lib/libg/Linux.pgi.64.openmpi.default/libesmf.so(c_esmc_ftablecallentrypointvm_+0x3a1)[0x7fe47e2f2521]
[Orion-03-19:10954] [27] /work/noaa/da/mpotts/sandbox/pgi_2019_openmpi_g_develop/esmf/DEFAULTINSTALLDIR/lib/libg/Linux.pgi.64.openmpi.default/libesmf.so(esmf_compmod_esmf_compexecute_+0xbd5)[0x7fe47edb2d75]
[Orion-03-19:10954] [28] /work/noaa/da/mpotts/sandbox/pgi_2019_openmpi_g_develop/esmf/DEFAULTINSTALLDIR/lib/libg/Linux.pgi.64.openmpi.default/libesmf.so(esmf_gridcompmod_esmf_gridcompinitialize_+0x1f1)[0x7fe47f0c9a01]
[Orion-03-19:10954] [29] /work/noaa/da/mpotts/sandbox/pgi_2019_openmpi_g_develop/nuopc-app-prototypes/AtmOcnTransferMeshProto/./esmApp[0x408387]
[Orion-03-19:10954] *** End of error message ***
srun: error: Orion-03-19: task 2: Segmentation fault
srun: launch/slurm: _step_signal: Terminating StepId=9507323.375
slurmstepd: error: *** STEP 9507323.375 ON Orion-03-19 CANCELLED AT 2023-03-22T05:01:56 ***
srun: error: Orion-03-19: tasks 0-1,3: Terminated
srun: Force Terminated StepId=9507323.375
