2023-03-21 03:00:27
20230321 042035.403 INFO             PET0 !!!!!!!!!!!!!!!!!!!!!!!!!!!!!!!!!!!!!!!!!!!!!!!!!!!!!!
20230321 042035.403 INFO             PET0 !!! THE ESMF_LOG IS SET TO OUTPUT ALL LOG MESSAGES !!!
20230321 042035.403 INFO             PET0 !!!     THIS MAY CAUSE SLOWDOWN IN PERFORMANCE     !!!
20230321 042035.403 INFO             PET0 !!! FOR PRODUCTION RUNS, USE:                      !!!
20230321 042035.403 INFO             PET0 !!!                   ESMF_LOGKIND_Multi_On_Error  !!!
20230321 042035.403 INFO             PET0 !!!!!!!!!!!!!!!!!!!!!!!!!!!!!!!!!!!!!!!!!!!!!!!!!!!!!!
20230321 042035.403 INFO             PET0 Running with ESMF Version   : v8.5.0b18-5-ge74a33b
20230321 042035.403 INFO             PET0 ESMF library build date/time: "Mar 21 2023" "02:56:28"
20230321 042035.403 INFO             PET0 ESMF library build location : /work/noaa/da/mpotts/sandbox/pgi_2019_openmpi_g_develop/esmf
20230321 042035.403 INFO             PET0 ESMF_COMM                   : openmpi
20230321 042035.404 INFO             PET0 ESMF_MOAB                   : enabled
20230321 042035.404 INFO             PET0 ESMF_LAPACK                 : enabled
20230321 042035.404 INFO             PET0 ESMF_NETCDF                 : enabled
20230321 042035.404 INFO             PET0 ESMF_PNETCDF                : disabled
20230321 042035.404 INFO             PET0 ESMF_PIO                    : enabled
20230321 042035.404 INFO             PET0 ESMF_YAMLCPP                : enabled
20230321 042035.405 INFO             PET0 esmApp STARTING
20230321 042035.410 INFO             PET0 esm: InitializeGeneric intro.
20230321 042035.410 INFO             PET0   esm: InitializeP0 intro.
20230321 042035.410 INFO             PET0   esm: InitializeP0 extro.
20230321 042035.410 INFO             PET0   esm: InitializeIPDv02p1 intro.
20230321 042035.411 INFO             PET0     >>>esm: entered Initialize (phase=<none>) without valid internal Clock.
20230321 042035.412 INFO             PET0     esm - Creating model component ATM with petList of size 2 :
20230321 042035.412 INFO             PET0           0      1
20230321 042035.416 INFO             PET0     esm - Creating model component OCN with petList of size 2 :
20230321 042035.416 INFO             PET0           2      3
20230321 042035.416 INFO             PET0     esm - Creating connector component ATM-TO-OCN with petList of size 4 :
20230321 042035.416 INFO             PET0           0      1      2      3
20230321 042035.424 INFO             PET0     esm - Creating connector component OCN-TO-ATM with petList of size 4 :
20230321 042035.424 INFO             PET0           2      3      0      1
20230321 042035.432 INFO             PET0     esm - Creating state: modelComp 1 Import State
20230321 042035.432 INFO             PET0     esm - Creating state: modelComp 1 Export State
20230321 042035.433 INFO             PET0     esm - Creating state: modelComp 2 Import State
20230321 042035.433 INFO             PET0     esm - Creating state: modelComp 2 Export State
20230321 042035.434 INFO             PET0     ATM: InitializeP0 intro.
20230321 042035.435 INFO             PET0     ATM: InitializeP0 extro.
20230321 042035.439 INFO             PET0     ATM-TO-OCN: InitializeP0 intro.
20230321 042035.440 INFO             PET0     ATM-TO-OCN: InitializeP0 extro.
20230321 042035.441 INFO             PET0     OCN-TO-ATM: InitializeP0 intro.
20230321 042035.442 INFO             PET0     OCN-TO-ATM: InitializeP0 extro.
20230321 042035.444 INFO             PET0     esm: IInitAdvertise intro.
20230321 042035.444 INFO             PET0     esm: IInitAdvertise extro.
20230321 042035.444 INFO             PET0     ATM: InitializeIPDvXp01 intro.
20230321 042035.446 INFO             PET0     ATM: InitializeIPDvXp01 extro.
20230321 042035.450 INFO             PET0     ATM-TO-OCN: InitializeIPDv05p1 intro.
20230321 042035.457 INFO             PET0     ATM-TO-OCN: InitializeIPDv05p1 extro.
20230321 042035.457 INFO             PET0     OCN-TO-ATM: InitializeIPDv05p1 intro.
20230321 042035.461 INFO             PET0     OCN-TO-ATM: InitializeIPDv05p1 extro.
20230321 042035.461 INFO             PET0     esm: IInitAdvertiseFinish intro.
20230321 042035.461 INFO             PET0     esm: IInitAdvertiseFinish extro.
20230321 042035.462 INFO             PET0     ATM-TO-OCN: InitializeIPDv05p2a intro.
20230321 042035.468 INFO             PET0     ATM-TO-OCN: InitializeIPDv05p2a extro.
20230321 042035.468 INFO             PET0     OCN-TO-ATM: InitializeIPDv05p2a intro.
20230321 042035.473 INFO             PET0     OCN-TO-ATM: InitializeIPDv05p2a extro.
20230321 042035.473 INFO             PET0     ATM-TO-OCN: InitializeIPDv05p2b intro.
20230321 042035.479 INFO             PET0     ATM-TO-OCN: InitializeIPDv05p2b extro.
20230321 042035.479 INFO             PET0     OCN-TO-ATM: InitializeIPDv05p2b intro.
20230321 042035.484 INFO             PET0     OCN-TO-ATM: InitializeIPDv05p2b extro.
20230321 042035.484 INFO             PET0     esm: IInitModifyCplLists intro.
20230321 042035.484 INFO             PET0     esm: IInitModifyCplLists extro.
20230321 042035.484 INFO             PET0     ATM-TO-OCN: InitializeIPDv05p3 intro.
20230321 042035.491 INFO             PET0       ATM-TO-OCN: handle cplList(1): air_pressure_at_sea_level, cplSetList(1): __UNSPECIFIED__
20230321 042035.491 INFO             PET0       ATM-TO-OCN: - connected.
20230321 042035.491 INFO             PET0       ATM-TO-OCN: handle cplList(2): surface_net_downward_shortwave_flux, cplSetList(2): __UNSPECIFIED__
20230321 042035.491 INFO             PET0       ATM-TO-OCN: - connected.
20230321 042035.491 INFO             PET0     ATM-TO-OCN: InitializeIPDv05p3 extro.
20230321 042035.491 INFO             PET0     OCN-TO-ATM: InitializeIPDv05p3 intro.
20230321 042035.496 INFO             PET0       OCN-TO-ATM: handle cplList(1): sea_surface_temperature, cplSetList(1): __UNSPECIFIED__
20230321 042035.496 INFO             PET0       OCN-TO-ATM: - connected.
20230321 042035.496 INFO             PET0     OCN-TO-ATM: InitializeIPDv05p3 extro.
20230321 042035.496 INFO             PET0     <<<esm: leaving Initialize (phase=<none>) with current time: 2010  6  1  0  0  0   0
20230321 042035.496 INFO             PET0   esm: InitializeIPDv02p1 extro.
20230321 042035.496 INFO             PET0   esm: InitializeIPDv02p3 intro.
20230321 042035.496 INFO             PET0     >>>esm: entered Initialize (phase=<none>) with current time: 2010  6  1  0  0  0   0
20230321 042035.496 INFO             PET0     esm: IInitCheck intro.
20230321 042035.496 INFO             PET0     esm: IInitCheck extro.
20230321 042035.496 INFO             PET0     ATM: InitializeIPDvXp04 intro.
20230321 042035.502 INFO             PET0     ATM: InitializeIPDvXp04 extro.
20230321 042035.504 INFO             PET0     ATM-TO-OCN: InitializeIPDv05p4 intro.
20230321 042035.515 INFO             PET0       ATM-TO-OCN: handle cplList(1): air_pressure_at_sea_level, cplSetList(1): __UNSPECIFIED__
20230321 042035.515 INFO             PET0       ATM-TO-OCN: - nothing shared or transferred
20230321 042035.515 INFO             PET0       ATM-TO-OCN: handle cplList(2): surface_net_downward_shortwave_flux, cplSetList(2): __UNSPECIFIED__
20230321 042035.515 INFO             PET0       ATM-TO-OCN: - nothing shared or transferred
20230321 042035.515 INFO             PET0     ATM-TO-OCN: InitializeIPDv05p4 extro.
20230321 042035.515 INFO             PET0     OCN-TO-ATM: InitializeIPDv05p4 intro.
20230321 042035.522 INFO             PET0       OCN-TO-ATM: handle cplList(1): sea_surface_temperature, cplSetList(1): __UNSPECIFIED__
20230321 042035.522 INFO             PET0       OCN-TO-ATM: - nothing shared or transferred
20230321 042035.522 INFO             PET0     OCN-TO-ATM: InitializeIPDv05p4 extro.
20230321 042035.522 INFO             PET0     ATM-TO-OCN: InitializeIPDv05p5 intro.
20230321 042035.532 INFO             PET0       ATM-TO-OCN: handle cplList(1): air_pressure_at_sea_level, cplSetList(1): __UNSPECIFIED__
20230321 042035.532 INFO             PET0       ATM-TO-OCN: - nothing shared or transferred, or may already be handled
20230321 042035.532 INFO             PET0       ATM-TO-OCN: handle cplList(2): surface_net_downward_shortwave_flux, cplSetList(2): __UNSPECIFIED__
20230321 042035.532 INFO             PET0       ATM-TO-OCN: - nothing shared or transferred, or may already be handled
20230321 042035.532 INFO             PET0     ATM-TO-OCN: InitializeIPDv05p5 extro.
20230321 042035.532 INFO             PET0     OCN-TO-ATM: InitializeIPDv05p5 intro.
20230321 042035.539 INFO             PET0       OCN-TO-ATM: handle cplList(1): sea_surface_temperature, cplSetList(1): __UNSPECIFIED__
20230321 042035.539 INFO             PET0       OCN-TO-ATM: - nothing shared or transferred, or may already be handled
20230321 042035.539 INFO             PET0     OCN-TO-ATM: InitializeIPDv05p5 extro.
20230321 042035.539 INFO             PET0     esm: IInitRealize intro.
20230321 042035.539 INFO             PET0     esm: IInitRealize extro.
20230321 042035.539 INFO             PET0     ATM-TO-OCN: InitializeIPDv05p6a intro.
20230321 042035.548 INFO             PET0     ATM-TO-OCN: InitializeIPDv05p6a extro.
20230321 042035.549 INFO             PET0     OCN-TO-ATM: InitializeIPDv05p6a intro.
20230321 042035.555 INFO             PET0     OCN-TO-ATM: InitializeIPDv05p6a extro.
20230321 042035.555 INFO             PET0     ATM-TO-OCN: InitializeIPDv05p6b intro.
20230321 042035.555 INFO             PET0       ATM-TO-OCN: handle cplList(1): air_pressure_at_sea_level, cplSetList(1): __UNSPECIFIED__
20230321 042035.403 INFO             PET1 !!!!!!!!!!!!!!!!!!!!!!!!!!!!!!!!!!!!!!!!!!!!!!!!!!!!!!
20230321 042035.404 INFO             PET1 !!! THE ESMF_LOG IS SET TO OUTPUT ALL LOG MESSAGES !!!
20230321 042035.404 INFO             PET1 !!!     THIS MAY CAUSE SLOWDOWN IN PERFORMANCE     !!!
20230321 042035.404 INFO             PET1 !!! FOR PRODUCTION RUNS, USE:                      !!!
20230321 042035.404 INFO             PET1 !!!                   ESMF_LOGKIND_Multi_On_Error  !!!
20230321 042035.404 INFO             PET1 !!!!!!!!!!!!!!!!!!!!!!!!!!!!!!!!!!!!!!!!!!!!!!!!!!!!!!
20230321 042035.404 INFO             PET1 Running with ESMF Version   : v8.5.0b18-5-ge74a33b
20230321 042035.404 INFO             PET1 ESMF library build date/time: "Mar 21 2023" "02:56:28"
20230321 042035.404 INFO             PET1 ESMF library build location : /work/noaa/da/mpotts/sandbox/pgi_2019_openmpi_g_develop/esmf
20230321 042035.404 INFO             PET1 ESMF_COMM                   : openmpi
20230321 042035.405 INFO             PET1 ESMF_MOAB                   : enabled
20230321 042035.405 INFO             PET1 ESMF_LAPACK                 : enabled
20230321 042035.405 INFO             PET1 ESMF_NETCDF                 : enabled
20230321 042035.405 INFO             PET1 ESMF_PNETCDF                : disabled
20230321 042035.405 INFO             PET1 ESMF_PIO                    : enabled
20230321 042035.405 INFO             PET1 ESMF_YAMLCPP                : enabled
20230321 042035.405 INFO             PET1 esmApp STARTING
20230321 042035.411 INFO             PET1 esm: InitializeGeneric intro.
20230321 042035.411 INFO             PET1   esm: InitializeP0 intro.
20230321 042035.411 INFO             PET1   esm: InitializeP0 extro.
20230321 042035.411 INFO             PET1   esm: InitializeIPDv02p1 intro.
20230321 042035.411 INFO             PET1     >>>esm: entered Initialize (phase=<none>) without valid internal Clock.
20230321 042035.412 INFO             PET1     esm - Creating model component ATM with petList of size 2 :
20230321 042035.412 INFO             PET1           0      1
20230321 042035.416 INFO             PET1     esm - Creating model component OCN with petList of size 2 :
20230321 042035.416 INFO             PET1           2      3
20230321 042035.416 INFO             PET1     esm - Creating connector component ATM-TO-OCN with petList of size 4 :
20230321 042035.416 INFO             PET1           0      1      2      3
20230321 042035.426 INFO             PET1     esm - Creating connector component OCN-TO-ATM with petList of size 4 :
20230321 042035.426 INFO             PET1           2      3      0      1
20230321 042035.434 INFO             PET1     esm - Creating state: modelComp 1 Import State
20230321 042035.434 INFO             PET1     esm - Creating state: modelComp 1 Export State
20230321 042035.435 INFO             PET1     esm - Creating state: modelComp 2 Import State
20230321 042035.435 INFO             PET1     esm - Creating state: modelComp 2 Export State
20230321 042035.436 INFO             PET1     ATM: InitializeP0 intro.
20230321 042035.437 INFO             PET1     ATM: InitializeP0 extro.
20230321 042035.440 INFO             PET1     ATM-TO-OCN: InitializeP0 intro.
20230321 042035.441 INFO             PET1     ATM-TO-OCN: InitializeP0 extro.
20230321 042035.442 INFO             PET1     OCN-TO-ATM: InitializeP0 intro.
20230321 042035.442 INFO             PET1     OCN-TO-ATM: InitializeP0 extro.
20230321 042035.444 INFO             PET1     esm: IInitAdvertise intro.
20230321 042035.444 INFO             PET1     esm: IInitAdvertise extro.
20230321 042035.445 INFO             PET1     ATM: InitializeIPDvXp01 intro.
20230321 042035.448 INFO             PET1     ATM: InitializeIPDvXp01 extro.
20230321 042035.450 INFO             PET1     ATM-TO-OCN: InitializeIPDv05p1 intro.
20230321 042035.457 INFO             PET1     ATM-TO-OCN: InitializeIPDv05p1 extro.
20230321 042035.457 INFO             PET1     OCN-TO-ATM: InitializeIPDv05p1 intro.
20230321 042035.461 INFO             PET1     OCN-TO-ATM: InitializeIPDv05p1 extro.
20230321 042035.462 INFO             PET1     esm: IInitAdvertiseFinish intro.
20230321 042035.462 INFO             PET1     esm: IInitAdvertiseFinish extro.
20230321 042035.462 INFO             PET1     ATM-TO-OCN: InitializeIPDv05p2a intro.
20230321 042035.468 INFO             PET1     ATM-TO-OCN: InitializeIPDv05p2a extro.
20230321 042035.468 INFO             PET1     OCN-TO-ATM: InitializeIPDv05p2a intro.
20230321 042035.473 INFO             PET1     OCN-TO-ATM: InitializeIPDv05p2a extro.
20230321 042035.473 INFO             PET1     ATM-TO-OCN: InitializeIPDv05p2b intro.
20230321 042035.479 INFO             PET1     ATM-TO-OCN: InitializeIPDv05p2b extro.
20230321 042035.480 INFO             PET1     OCN-TO-ATM: InitializeIPDv05p2b intro.
20230321 042035.484 INFO             PET1     OCN-TO-ATM: InitializeIPDv05p2b extro.
20230321 042035.484 INFO             PET1     esm: IInitModifyCplLists intro.
20230321 042035.484 INFO             PET1     esm: IInitModifyCplLists extro.
20230321 042035.485 INFO             PET1     ATM-TO-OCN: InitializeIPDv05p3 intro.
20230321 042035.491 INFO             PET1       ATM-TO-OCN: handle cplList(1): air_pressure_at_sea_level, cplSetList(1): __UNSPECIFIED__
20230321 042035.491 INFO             PET1       ATM-TO-OCN: - connected.
20230321 042035.491 INFO             PET1       ATM-TO-OCN: handle cplList(2): surface_net_downward_shortwave_flux, cplSetList(2): __UNSPECIFIED__
20230321 042035.491 INFO             PET1       ATM-TO-OCN: - connected.
20230321 042035.491 INFO             PET1     ATM-TO-OCN: InitializeIPDv05p3 extro.
20230321 042035.491 INFO             PET1     OCN-TO-ATM: InitializeIPDv05p3 intro.
20230321 042035.496 INFO             PET1       OCN-TO-ATM: handle cplList(1): sea_surface_temperature, cplSetList(1): __UNSPECIFIED__
20230321 042035.496 INFO             PET1       OCN-TO-ATM: - connected.
20230321 042035.496 INFO             PET1     OCN-TO-ATM: InitializeIPDv05p3 extro.
20230321 042035.496 INFO             PET1     <<<esm: leaving Initialize (phase=<none>) with current time: 2010  6  1  0  0  0   0
20230321 042035.496 INFO             PET1   esm: InitializeIPDv02p1 extro.
20230321 042035.496 INFO             PET1   esm: InitializeIPDv02p3 intro.
20230321 042035.496 INFO             PET1     >>>esm: entered Initialize (phase=<none>) with current time: 2010  6  1  0  0  0   0
20230321 042035.497 INFO             PET1     esm: IInitCheck intro.
20230321 042035.497 INFO             PET1     esm: IInitCheck extro.
20230321 042035.497 INFO             PET1     ATM: InitializeIPDvXp04 intro.
20230321 042035.503 INFO             PET1     ATM: InitializeIPDvXp04 extro.
20230321 042035.505 INFO             PET1     ATM-TO-OCN: InitializeIPDv05p4 intro.
20230321 042035.515 INFO             PET1       ATM-TO-OCN: handle cplList(1): air_pressure_at_sea_level, cplSetList(1): __UNSPECIFIED__
20230321 042035.515 INFO             PET1       ATM-TO-OCN: - nothing shared or transferred
20230321 042035.515 INFO             PET1       ATM-TO-OCN: handle cplList(2): surface_net_downward_shortwave_flux, cplSetList(2): __UNSPECIFIED__
20230321 042035.515 INFO             PET1       ATM-TO-OCN: - nothing shared or transferred
20230321 042035.515 INFO             PET1     ATM-TO-OCN: InitializeIPDv05p4 extro.
20230321 042035.515 INFO             PET1     OCN-TO-ATM: InitializeIPDv05p4 intro.
20230321 042035.522 INFO             PET1       OCN-TO-ATM: handle cplList(1): sea_surface_temperature, cplSetList(1): __UNSPECIFIED__
20230321 042035.522 INFO             PET1       OCN-TO-ATM: - nothing shared or transferred
20230321 042035.522 INFO             PET1     OCN-TO-ATM: InitializeIPDv05p4 extro.
20230321 042035.522 INFO             PET1     ATM-TO-OCN: InitializeIPDv05p5 intro.
20230321 042035.532 INFO             PET1       ATM-TO-OCN: handle cplList(1): air_pressure_at_sea_level, cplSetList(1): __UNSPECIFIED__
20230321 042035.532 INFO             PET1       ATM-TO-OCN: - nothing shared or transferred, or may already be handled
20230321 042035.532 INFO             PET1       ATM-TO-OCN: handle cplList(2): surface_net_downward_shortwave_flux, cplSetList(2): __UNSPECIFIED__
20230321 042035.532 INFO             PET1       ATM-TO-OCN: - nothing shared or transferred, or may already be handled
20230321 042035.532 INFO             PET1     ATM-TO-OCN: InitializeIPDv05p5 extro.
20230321 042035.532 INFO             PET1     OCN-TO-ATM: InitializeIPDv05p5 intro.
20230321 042035.539 INFO             PET1       OCN-TO-ATM: handle cplList(1): sea_surface_temperature, cplSetList(1): __UNSPECIFIED__
20230321 042035.539 INFO             PET1       OCN-TO-ATM: - nothing shared or transferred, or may already be handled
20230321 042035.539 INFO             PET1     OCN-TO-ATM: InitializeIPDv05p5 extro.
20230321 042035.539 INFO             PET1     esm: IInitRealize intro.
20230321 042035.539 INFO             PET1     esm: IInitRealize extro.
20230321 042035.539 INFO             PET1     ATM-TO-OCN: InitializeIPDv05p6a intro.
20230321 042035.549 INFO             PET1     ATM-TO-OCN: InitializeIPDv05p6a extro.
20230321 042035.549 INFO             PET1     OCN-TO-ATM: InitializeIPDv05p6a intro.
20230321 042035.555 INFO             PET1     OCN-TO-ATM: InitializeIPDv05p6a extro.
20230321 042035.555 INFO             PET1     ATM-TO-OCN: InitializeIPDv05p6b intro.
20230321 042035.555 INFO             PET1       ATM-TO-OCN: handle cplList(1): air_pressure_at_sea_level, cplSetList(1): __UNSPECIFIED__
20230321 042035.402 INFO             PET2 !!!!!!!!!!!!!!!!!!!!!!!!!!!!!!!!!!!!!!!!!!!!!!!!!!!!!!
20230321 042035.403 INFO             PET2 !!! THE ESMF_LOG IS SET TO OUTPUT ALL LOG MESSAGES !!!
20230321 042035.403 INFO             PET2 !!!     THIS MAY CAUSE SLOWDOWN IN PERFORMANCE     !!!
20230321 042035.403 INFO             PET2 !!! FOR PRODUCTION RUNS, USE:                      !!!
20230321 042035.403 INFO             PET2 !!!                   ESMF_LOGKIND_Multi_On_Error  !!!
20230321 042035.403 INFO             PET2 !!!!!!!!!!!!!!!!!!!!!!!!!!!!!!!!!!!!!!!!!!!!!!!!!!!!!!
20230321 042035.403 INFO             PET2 Running with ESMF Version   : v8.5.0b18-5-ge74a33b
20230321 042035.403 INFO             PET2 ESMF library build date/time: "Mar 21 2023" "02:56:28"
20230321 042035.403 INFO             PET2 ESMF library build location : /work/noaa/da/mpotts/sandbox/pgi_2019_openmpi_g_develop/esmf
20230321 042035.403 INFO             PET2 ESMF_COMM                   : openmpi
20230321 042035.404 INFO             PET2 ESMF_MOAB                   : enabled
20230321 042035.404 INFO             PET2 ESMF_LAPACK                 : enabled
20230321 042035.404 INFO             PET2 ESMF_NETCDF                 : enabled
20230321 042035.404 INFO             PET2 ESMF_PNETCDF                : disabled
20230321 042035.404 INFO             PET2 ESMF_PIO                    : enabled
20230321 042035.404 INFO             PET2 ESMF_YAMLCPP                : enabled
20230321 042035.405 INFO             PET2 esmApp STARTING
20230321 042035.410 INFO             PET2 esm: InitializeGeneric intro.
20230321 042035.410 INFO             PET2   esm: InitializeP0 intro.
20230321 042035.410 INFO             PET2   esm: InitializeP0 extro.
20230321 042035.411 INFO             PET2   esm: InitializeIPDv02p1 intro.
20230321 042035.411 INFO             PET2     >>>esm: entered Initialize (phase=<none>) without valid internal Clock.
20230321 042035.412 INFO             PET2     esm - Creating model component ATM with petList of size 2 :
20230321 042035.412 INFO             PET2           0      1
20230321 042035.416 INFO             PET2     esm - Creating model component OCN with petList of size 2 :
20230321 042035.416 INFO             PET2           2      3
20230321 042035.419 INFO             PET2     esm - Creating connector component ATM-TO-OCN with petList of size 4 :
20230321 042035.419 INFO             PET2           0      1      2      3
20230321 042035.424 INFO             PET2     esm - Creating connector component OCN-TO-ATM with petList of size 4 :
20230321 042035.424 INFO             PET2           2      3      0      1
20230321 042035.432 INFO             PET2     esm - Creating state: modelComp 1 Import State
20230321 042035.432 INFO             PET2     esm - Creating state: modelComp 1 Export State
20230321 042035.433 INFO             PET2     esm - Creating state: modelComp 2 Import State
20230321 042035.433 INFO             PET2     esm - Creating state: modelComp 2 Export State
20230321 042035.434 INFO             PET2     OCN: InitializeP0 intro.
20230321 042035.435 INFO             PET2     OCN: InitializeP0 extro.
20230321 042035.438 INFO             PET2     ATM-TO-OCN: InitializeP0 intro.
20230321 042035.438 INFO             PET2     ATM-TO-OCN: InitializeP0 extro.
20230321 042035.441 INFO             PET2     OCN-TO-ATM: InitializeP0 intro.
20230321 042035.441 INFO             PET2     OCN-TO-ATM: InitializeP0 extro.
20230321 042035.444 INFO             PET2     esm: IInitAdvertise intro.
20230321 042035.444 INFO             PET2     esm: IInitAdvertise extro.
20230321 042035.444 INFO             PET2     OCN: InitializeIPDvXp01 intro.
20230321 042035.446 INFO             PET2     OCN: InitializeIPDvXp01 extro.
20230321 042035.448 INFO             PET2     ATM-TO-OCN: InitializeIPDv05p1 intro.
20230321 042035.457 INFO             PET2     ATM-TO-OCN: InitializeIPDv05p1 extro.
20230321 042035.457 INFO             PET2     OCN-TO-ATM: InitializeIPDv05p1 intro.
20230321 042035.461 INFO             PET2     OCN-TO-ATM: InitializeIPDv05p1 extro.
20230321 042035.461 INFO             PET2     esm: IInitAdvertiseFinish intro.
20230321 042035.461 INFO             PET2     esm: IInitAdvertiseFinish extro.
20230321 042035.462 INFO             PET2     ATM-TO-OCN: InitializeIPDv05p2a intro.
20230321 042035.468 INFO             PET2     ATM-TO-OCN: InitializeIPDv05p2a extro.
20230321 042035.468 INFO             PET2     OCN-TO-ATM: InitializeIPDv05p2a intro.
20230321 042035.473 INFO             PET2     OCN-TO-ATM: InitializeIPDv05p2a extro.
20230321 042035.473 INFO             PET2     ATM-TO-OCN: InitializeIPDv05p2b intro.
20230321 042035.479 INFO             PET2     ATM-TO-OCN: InitializeIPDv05p2b extro.
20230321 042035.479 INFO             PET2     OCN-TO-ATM: InitializeIPDv05p2b intro.
20230321 042035.484 INFO             PET2     OCN-TO-ATM: InitializeIPDv05p2b extro.
20230321 042035.484 INFO             PET2     esm: IInitModifyCplLists intro.
20230321 042035.484 INFO             PET2     esm: IInitModifyCplLists extro.
20230321 042035.484 INFO             PET2     ATM-TO-OCN: InitializeIPDv05p3 intro.
20230321 042035.491 INFO             PET2       ATM-TO-OCN: handle cplList(1): air_pressure_at_sea_level, cplSetList(1): __UNSPECIFIED__
20230321 042035.491 INFO             PET2       ATM-TO-OCN: - connected.
20230321 042035.491 INFO             PET2       ATM-TO-OCN: handle cplList(2): surface_net_downward_shortwave_flux, cplSetList(2): __UNSPECIFIED__
20230321 042035.491 INFO             PET2       ATM-TO-OCN: - connected.
20230321 042035.491 INFO             PET2     ATM-TO-OCN: InitializeIPDv05p3 extro.
20230321 042035.491 INFO             PET2     OCN-TO-ATM: InitializeIPDv05p3 intro.
20230321 042035.496 INFO             PET2       OCN-TO-ATM: handle cplList(1): sea_surface_temperature, cplSetList(1): __UNSPECIFIED__
20230321 042035.496 INFO             PET2       OCN-TO-ATM: - connected.
20230321 042035.496 INFO             PET2     OCN-TO-ATM: InitializeIPDv05p3 extro.
20230321 042035.496 INFO             PET2     <<<esm: leaving Initialize (phase=<none>) with current time: 2010  6  1  0  0  0   0
20230321 042035.496 INFO             PET2   esm: InitializeIPDv02p1 extro.
20230321 042035.496 INFO             PET2   esm: InitializeIPDv02p3 intro.
20230321 042035.496 INFO             PET2     >>>esm: entered Initialize (phase=<none>) with current time: 2010  6  1  0  0  0   0
20230321 042035.496 INFO             PET2     esm: IInitCheck intro.
20230321 042035.496 INFO             PET2     esm: IInitCheck extro.
20230321 042035.497 INFO             PET2     OCN: InitializeIPDvXp04 intro.
20230321 042035.501 INFO             PET2     OCN: InitializeIPDvXp04 extro.
20230321 042035.503 INFO             PET2     ATM-TO-OCN: InitializeIPDv05p4 intro.
20230321 042035.515 INFO             PET2       ATM-TO-OCN: handle cplList(1): air_pressure_at_sea_level, cplSetList(1): __UNSPECIFIED__
20230321 042035.515 INFO             PET2       ATM-TO-OCN: - nothing shared or transferred
20230321 042035.515 INFO             PET2       ATM-TO-OCN: handle cplList(2): surface_net_downward_shortwave_flux, cplSetList(2): __UNSPECIFIED__
20230321 042035.515 INFO             PET2       ATM-TO-OCN: - nothing shared or transferred
20230321 042035.515 INFO             PET2     ATM-TO-OCN: InitializeIPDv05p4 extro.
20230321 042035.515 INFO             PET2     OCN-TO-ATM: InitializeIPDv05p4 intro.
20230321 042035.522 INFO             PET2       OCN-TO-ATM: handle cplList(1): sea_surface_temperature, cplSetList(1): __UNSPECIFIED__
20230321 042035.522 INFO             PET2       OCN-TO-ATM: - nothing shared or transferred
20230321 042035.522 INFO             PET2     OCN-TO-ATM: InitializeIPDv05p4 extro.
20230321 042035.522 INFO             PET2     ATM-TO-OCN: InitializeIPDv05p5 intro.
20230321 042035.532 INFO             PET2       ATM-TO-OCN: handle cplList(1): air_pressure_at_sea_level, cplSetList(1): __UNSPECIFIED__
20230321 042035.532 INFO             PET2       ATM-TO-OCN: - nothing shared or transferred, or may already be handled
20230321 042035.532 INFO             PET2       ATM-TO-OCN: handle cplList(2): surface_net_downward_shortwave_flux, cplSetList(2): __UNSPECIFIED__
20230321 042035.532 INFO             PET2       ATM-TO-OCN: - nothing shared or transferred, or may already be handled
20230321 042035.532 INFO             PET2     ATM-TO-OCN: InitializeIPDv05p5 extro.
20230321 042035.532 INFO             PET2     OCN-TO-ATM: InitializeIPDv05p5 intro.
20230321 042035.539 INFO             PET2       OCN-TO-ATM: handle cplList(1): sea_surface_temperature, cplSetList(1): __UNSPECIFIED__
20230321 042035.539 INFO             PET2       OCN-TO-ATM: - nothing shared or transferred, or may already be handled
20230321 042035.539 INFO             PET2     OCN-TO-ATM: InitializeIPDv05p5 extro.
20230321 042035.539 INFO             PET2     esm: IInitRealize intro.
20230321 042035.539 INFO             PET2     esm: IInitRealize extro.
20230321 042035.539 INFO             PET2     ATM-TO-OCN: InitializeIPDv05p6a intro.
20230321 042035.548 INFO             PET2     ATM-TO-OCN: InitializeIPDv05p6a extro.
20230321 042035.549 INFO             PET2     OCN-TO-ATM: InitializeIPDv05p6a intro.
20230321 042035.555 INFO             PET2     OCN-TO-ATM: InitializeIPDv05p6a extro.
20230321 042035.555 INFO             PET2     ATM-TO-OCN: InitializeIPDv05p6b intro.
20230321 042035.555 INFO             PET2       ATM-TO-OCN: handle cplList(1): air_pressure_at_sea_level, cplSetList(1): __UNSPECIFIED__
20230321 042035.403 INFO             PET3 !!!!!!!!!!!!!!!!!!!!!!!!!!!!!!!!!!!!!!!!!!!!!!!!!!!!!!
20230321 042035.404 INFO             PET3 !!! THE ESMF_LOG IS SET TO OUTPUT ALL LOG MESSAGES !!!
20230321 042035.404 INFO             PET3 !!!     THIS MAY CAUSE SLOWDOWN IN PERFORMANCE     !!!
20230321 042035.404 INFO             PET3 !!! FOR PRODUCTION RUNS, USE:                      !!!
20230321 042035.404 INFO             PET3 !!!                   ESMF_LOGKIND_Multi_On_Error  !!!
20230321 042035.404 INFO             PET3 !!!!!!!!!!!!!!!!!!!!!!!!!!!!!!!!!!!!!!!!!!!!!!!!!!!!!!
20230321 042035.404 INFO             PET3 Running with ESMF Version   : v8.5.0b18-5-ge74a33b
20230321 042035.404 INFO             PET3 ESMF library build date/time: "Mar 21 2023" "02:56:28"
20230321 042035.404 INFO             PET3 ESMF library build location : /work/noaa/da/mpotts/sandbox/pgi_2019_openmpi_g_develop/esmf
20230321 042035.404 INFO             PET3 ESMF_COMM                   : openmpi
20230321 042035.404 INFO             PET3 ESMF_MOAB                   : enabled
20230321 042035.404 INFO             PET3 ESMF_LAPACK                 : enabled
20230321 042035.404 INFO             PET3 ESMF_NETCDF                 : enabled
20230321 042035.404 INFO             PET3 ESMF_PNETCDF                : disabled
20230321 042035.404 INFO             PET3 ESMF_PIO                    : enabled
20230321 042035.404 INFO             PET3 ESMF_YAMLCPP                : enabled
20230321 042035.405 INFO             PET3 esmApp STARTING
20230321 042035.410 INFO             PET3 esm: InitializeGeneric intro.
20230321 042035.410 INFO             PET3   esm: InitializeP0 intro.
20230321 042035.410 INFO             PET3   esm: InitializeP0 extro.
20230321 042035.411 INFO             PET3   esm: InitializeIPDv02p1 intro.
20230321 042035.411 INFO             PET3     >>>esm: entered Initialize (phase=<none>) without valid internal Clock.
20230321 042035.412 INFO             PET3     esm - Creating model component ATM with petList of size 2 :
20230321 042035.412 INFO             PET3           0      1
20230321 042035.416 INFO             PET3     esm - Creating model component OCN with petList of size 2 :
20230321 042035.416 INFO             PET3           2      3
20230321 042035.419 INFO             PET3     esm - Creating connector component ATM-TO-OCN with petList of size 4 :
20230321 042035.419 INFO             PET3           0      1      2      3
20230321 042035.424 INFO             PET3     esm - Creating connector component OCN-TO-ATM with petList of size 4 :
20230321 042035.424 INFO             PET3           2      3      0      1
20230321 042035.432 INFO             PET3     esm - Creating state: modelComp 1 Import State
20230321 042035.432 INFO             PET3     esm - Creating state: modelComp 1 Export State
20230321 042035.433 INFO             PET3     esm - Creating state: modelComp 2 Import State
20230321 042035.433 INFO             PET3     esm - Creating state: modelComp 2 Export State
20230321 042035.434 INFO             PET3     OCN: InitializeP0 intro.
20230321 042035.435 INFO             PET3     OCN: InitializeP0 extro.
20230321 042035.440 INFO             PET3     ATM-TO-OCN: InitializeP0 intro.
20230321 042035.440 INFO             PET3     ATM-TO-OCN: InitializeP0 extro.
20230321 042035.442 INFO             PET3     OCN-TO-ATM: InitializeP0 intro.
20230321 042035.442 INFO             PET3     OCN-TO-ATM: InitializeP0 extro.
20230321 042035.444 INFO             PET3     esm: IInitAdvertise intro.
20230321 042035.444 INFO             PET3     esm: IInitAdvertise extro.
20230321 042035.444 INFO             PET3     OCN: InitializeIPDvXp01 intro.
20230321 042035.447 INFO             PET3     OCN: InitializeIPDvXp01 extro.
20230321 042035.450 INFO             PET3     ATM-TO-OCN: InitializeIPDv05p1 intro.
20230321 042035.457 INFO             PET3     ATM-TO-OCN: InitializeIPDv05p1 extro.
20230321 042035.457 INFO             PET3     OCN-TO-ATM: InitializeIPDv05p1 intro.
20230321 042035.461 INFO             PET3     OCN-TO-ATM: InitializeIPDv05p1 extro.
20230321 042035.461 INFO             PET3     esm: IInitAdvertiseFinish intro.
20230321 042035.461 INFO             PET3     esm: IInitAdvertiseFinish extro.
20230321 042035.462 INFO             PET3     ATM-TO-OCN: InitializeIPDv05p2a intro.
20230321 042035.468 INFO             PET3     ATM-TO-OCN: InitializeIPDv05p2a extro.
20230321 042035.468 INFO             PET3     OCN-TO-ATM: InitializeIPDv05p2a intro.
20230321 042035.473 INFO             PET3     OCN-TO-ATM: InitializeIPDv05p2a extro.
20230321 042035.473 INFO             PET3     ATM-TO-OCN: InitializeIPDv05p2b intro.
20230321 042035.479 INFO             PET3     ATM-TO-OCN: InitializeIPDv05p2b extro.
20230321 042035.479 INFO             PET3     OCN-TO-ATM: InitializeIPDv05p2b intro.
20230321 042035.484 INFO             PET3     OCN-TO-ATM: InitializeIPDv05p2b extro.
20230321 042035.484 INFO             PET3     esm: IInitModifyCplLists intro.
20230321 042035.484 INFO             PET3     esm: IInitModifyCplLists extro.
20230321 042035.484 INFO             PET3     ATM-TO-OCN: InitializeIPDv05p3 intro.
20230321 042035.491 INFO             PET3       ATM-TO-OCN: handle cplList(1): air_pressure_at_sea_level, cplSetList(1): __UNSPECIFIED__
20230321 042035.491 INFO             PET3       ATM-TO-OCN: - connected.
20230321 042035.491 INFO             PET3       ATM-TO-OCN: handle cplList(2): surface_net_downward_shortwave_flux, cplSetList(2): __UNSPECIFIED__
20230321 042035.491 INFO             PET3       ATM-TO-OCN: - connected.
20230321 042035.491 INFO             PET3     ATM-TO-OCN: InitializeIPDv05p3 extro.
20230321 042035.491 INFO             PET3     OCN-TO-ATM: InitializeIPDv05p3 intro.
20230321 042035.496 INFO             PET3       OCN-TO-ATM: handle cplList(1): sea_surface_temperature, cplSetList(1): __UNSPECIFIED__
20230321 042035.496 INFO             PET3       OCN-TO-ATM: - connected.
20230321 042035.496 INFO             PET3     OCN-TO-ATM: InitializeIPDv05p3 extro.
20230321 042035.496 INFO             PET3     <<<esm: leaving Initialize (phase=<none>) with current time: 2010  6  1  0  0  0   0
20230321 042035.496 INFO             PET3   esm: InitializeIPDv02p1 extro.
20230321 042035.496 INFO             PET3   esm: InitializeIPDv02p3 intro.
20230321 042035.496 INFO             PET3     >>>esm: entered Initialize (phase=<none>) with current time: 2010  6  1  0  0  0   0
20230321 042035.496 INFO             PET3     esm: IInitCheck intro.
20230321 042035.496 INFO             PET3     esm: IInitCheck extro.
20230321 042035.497 INFO             PET3     OCN: InitializeIPDvXp04 intro.
20230321 042035.502 INFO             PET3     OCN: InitializeIPDvXp04 extro.
20230321 042035.505 INFO             PET3     ATM-TO-OCN: InitializeIPDv05p4 intro.
20230321 042035.515 INFO             PET3       ATM-TO-OCN: handle cplList(1): air_pressure_at_sea_level, cplSetList(1): __UNSPECIFIED__
20230321 042035.515 INFO             PET3       ATM-TO-OCN: - nothing shared or transferred
20230321 042035.515 INFO             PET3       ATM-TO-OCN: handle cplList(2): surface_net_downward_shortwave_flux, cplSetList(2): __UNSPECIFIED__
20230321 042035.515 INFO             PET3       ATM-TO-OCN: - nothing shared or transferred
20230321 042035.515 INFO             PET3     ATM-TO-OCN: InitializeIPDv05p4 extro.
20230321 042035.515 INFO             PET3     OCN-TO-ATM: InitializeIPDv05p4 intro.
20230321 042035.522 INFO             PET3       OCN-TO-ATM: handle cplList(1): sea_surface_temperature, cplSetList(1): __UNSPECIFIED__
20230321 042035.522 INFO             PET3       OCN-TO-ATM: - nothing shared or transferred
20230321 042035.522 INFO             PET3     OCN-TO-ATM: InitializeIPDv05p4 extro.
20230321 042035.522 INFO             PET3     ATM-TO-OCN: InitializeIPDv05p5 intro.
20230321 042035.532 INFO             PET3       ATM-TO-OCN: handle cplList(1): air_pressure_at_sea_level, cplSetList(1): __UNSPECIFIED__
20230321 042035.532 INFO             PET3       ATM-TO-OCN: - nothing shared or transferred, or may already be handled
20230321 042035.532 INFO             PET3       ATM-TO-OCN: handle cplList(2): surface_net_downward_shortwave_flux, cplSetList(2): __UNSPECIFIED__
20230321 042035.532 INFO             PET3       ATM-TO-OCN: - nothing shared or transferred, or may already be handled
20230321 042035.532 INFO             PET3     ATM-TO-OCN: InitializeIPDv05p5 extro.
20230321 042035.532 INFO             PET3     OCN-TO-ATM: InitializeIPDv05p5 intro.
20230321 042035.539 INFO             PET3       OCN-TO-ATM: handle cplList(1): sea_surface_temperature, cplSetList(1): __UNSPECIFIED__
20230321 042035.539 INFO             PET3       OCN-TO-ATM: - nothing shared or transferred, or may already be handled
20230321 042035.539 INFO             PET3     OCN-TO-ATM: InitializeIPDv05p5 extro.
20230321 042035.539 INFO             PET3     esm: IInitRealize intro.
20230321 042035.539 INFO             PET3     esm: IInitRealize extro.
20230321 042035.539 INFO             PET3     ATM-TO-OCN: InitializeIPDv05p6a intro.
20230321 042035.548 INFO             PET3     ATM-TO-OCN: InitializeIPDv05p6a extro.
20230321 042035.549 INFO             PET3     OCN-TO-ATM: InitializeIPDv05p6a intro.
20230321 042035.555 INFO             PET3     OCN-TO-ATM: InitializeIPDv05p6a extro.
20230321 042035.555 INFO             PET3     ATM-TO-OCN: InitializeIPDv05p6b intro.
20230321 042035.555 INFO             PET3       ATM-TO-OCN: handle cplList(1): air_pressure_at_sea_level, cplSetList(1): __UNSPECIFIED__
