2023-03-23 03:18:04
[Orion-01-72:185694:0:185694] Caught signal 11 (Segmentation fault: address not mapped to object at address 0x4f1b591)
[Orion-01-72:185695:0:185695] Caught signal 11 (Segmentation fault: address not mapped to object at address 0x4f1b591)
[Orion-01-72:185696:0:185696] Caught signal 11 (Segmentation fault: address not mapped to object at address 0x4f1b591)
[Orion-01-72:185697:0:185697] Caught signal 11 (Segmentation fault: address not mapped to object at address 0x4f1b591)

/work/noaa/da/mpotts/sandbox/pgi_2019_openmpi_g_develop/esmf/src/Infrastructure/LogErr/src/ESMCI_LogErr.C: [ ESMCI::LogErr::MsgFoundError() ]
      ...
      583 {
      584     bool result=false;
      585 #ifdef ESMC_SUCCESSDEFAULT_ON
==>   586     if (rcToReturn != ESMC_NULL_POINTER) *rcToReturn=ESMF_SUCCESS;
      587 #endif
      588     if (trace) {
      589         Write(ESMC_METHOD,ESMC_LOGMSG_TRACE,


/work/noaa/da/mpotts/sandbox/pgi_2019_openmpi_g_develop/esmf/src/Infrastructure/LogErr/src/ESMCI_LogErr.C: [ ESMCI::LogErr::MsgFoundError() ]
      ...
      583 {
      584     bool result=false;
      585 #ifdef ESMC_SUCCESSDEFAULT_ON
==>   586     if (rcToReturn != ESMC_NULL_POINTER) *rcToReturn=ESMF_SUCCESS;
      587 #endif
      588     if (trace) {
      589         Write(ESMC_METHOD,ESMC_LOGMSG_TRACE,


/work/noaa/da/mpotts/sandbox/pgi_2019_openmpi_g_develop/esmf/src/Infrastructure/LogErr/src/ESMCI_LogErr.C: [ ESMCI::LogErr::MsgFoundError() ]
      ...
      583 {
      584     bool result=false;
      585 #ifdef ESMC_SUCCESSDEFAULT_ON
==>   586     if (rcToReturn != ESMC_NULL_POINTER) *rcToReturn=ESMF_SUCCESS;
      587 #endif
      588     if (trace) {
      589         Write(ESMC_METHOD,ESMC_LOGMSG_TRACE,


/work/noaa/da/mpotts/sandbox/pgi_2019_openmpi_g_develop/esmf/src/Infrastructure/LogErr/src/ESMCI_LogErr.C: [ ESMCI::LogErr::MsgFoundError() ]
      ...
      583 {
      584     bool result=false;
      585 #ifdef ESMC_SUCCESSDEFAULT_ON
==>   586     if (rcToReturn != ESMC_NULL_POINTER) *rcToReturn=ESMF_SUCCESS;
      587 #endif
      588     if (trace) {
      589         Write(ESMC_METHOD,ESMC_LOGMSG_TRACE,

==== backtrace (tid: 185697) ====
 0 0x000000000121aa64 ESMCI::LogErr::MsgFoundError()  /work/noaa/da/mpotts/sandbox/pgi_2019_openmpi_g_develop/esmf/src/Infrastructure/LogErr/src/ESMCI_LogErr.C:586
 1 0x00000000013ff151 ESMCI::MeshCap::meshcreatenodedistgrid()  /work/noaa/da/mpotts/sandbox/pgi_2019_openmpi_g_develop/esmf/src/Infrastructure/Mesh/src/ESMCI_MeshCap.C:1754
 2 0x0000000001444ce7 c_esmc_meshcreatenodedistgrid_()  /work/noaa/da/mpotts/sandbox/pgi_2019_openmpi_g_develop/esmf/src/Infrastructure/Mesh/interface/ESMCI_Mesh_F.C:247
 3 0x000000000211be28 esmf_meshmod_esmf_meshcreatefrompointer_()  /work/noaa/da/mpotts/sandbox/pgi_2019_openmpi_g_develop/esmf/src/Infrastructure/Mesh/interface/ESMF_Mesh.F90:3091
 4 0x0000000001f49e00 esmf_gridutilmod_esmf_gridtomesh_()  /work/noaa/da/mpotts/sandbox/pgi_2019_openmpi_g_develop/esmf/src/Infrastructure/GridUtil/interface/ESMF_GridUtil.F90:453
 5 0x0000000001def2ab esmf_fieldregridmod_b_or_p_gridtomesh_()  /work/noaa/da/mpotts/sandbox/pgi_2019_openmpi_g_develop/esmf/src/Infrastructure/Field/src/ESMF_FieldRegrid.F90:3228
 6 0x0000000001dea5c1 esmf_fieldregridmod_getmeshwithnodesonfieldloc_()  /work/noaa/da/mpotts/sandbox/pgi_2019_openmpi_g_develop/esmf/src/Infrastructure/Field/src/ESMF_FieldRegrid.F90:1346
 7 0x0000000001de7ed4 esmf_fieldregridmod_esmf_fieldregridstorenx_()  /work/noaa/da/mpotts/sandbox/pgi_2019_openmpi_g_develop/esmf/src/Infrastructure/Field/src/ESMF_FieldRegrid.F90:971
 8 0x0000000001bf6838 esmf_fieldbundlemod_esmf_fieldbundleregridstorepair_()  /work/noaa/da/mpotts/sandbox/pgi_2019_openmpi_g_develop/esmf/src/Infrastructure/FieldBundle/src/ESMF_FieldBundle.F90:16211
 9 0x00000000025862e5 nuopc_connector_fieldbundlecplstore_()  /work/noaa/da/mpotts/sandbox/pgi_2019_openmpi_g_develop/esmf/src/addon/NUOPC/src/NUOPC_Connector.F90:7714
10 0x000000000255f7bd nuopc_connector_initializeipdv05p6b_()  /work/noaa/da/mpotts/sandbox/pgi_2019_openmpi_g_develop/esmf/src/addon/NUOPC/src/NUOPC_Connector.F90:5386
11 0x0000000001081157 ESMCI::FTable::callVFuncPtr()  /work/noaa/da/mpotts/sandbox/pgi_2019_openmpi_g_develop/esmf/src/Superstructure/Component/src/ESMCI_FTable.C:2167
12 0x000000000107d05c ESMCI_FTableCallEntryPointVMHop()  /work/noaa/da/mpotts/sandbox/pgi_2019_openmpi_g_develop/esmf/src/Superstructure/Component/src/ESMCI_FTable.C:824
13 0x00000000017cf4bf ESMCI::VMK::enter()  /work/noaa/da/mpotts/sandbox/pgi_2019_openmpi_g_develop/esmf/src/Infrastructure/VM/src/ESMCI_VMKernel.C:2320
14 0x00000000017f3e7d ESMCI::VM::enter()  /work/noaa/da/mpotts/sandbox/pgi_2019_openmpi_g_develop/esmf/src/Infrastructure/VM/src/ESMCI_VM.C:1216
15 0x000000000107d521 c_esmc_ftablecallentrypointvm_()  /work/noaa/da/mpotts/sandbox/pgi_2019_openmpi_g_develop/esmf/src/Superstructure/Component/src/ESMCI_FTable.C:981
16 0x0000000001b3dd75 esmf_compmod_esmf_compexecute_()  /work/noaa/da/mpotts/sandbox/pgi_2019_openmpi_g_develop/esmf/src/Superstructure/Component/src/ESMF_Comp.F90:1223
17 0x0000000001b5b8a1 esmf_cplcompmod_esmf_cplcompinitialize_()  /work/noaa/da/mpotts/sandbox/pgi_2019_openmpi_g_develop/esmf/src/Superstructure/Component/src/ESMF_CplComp.F90:1165
18 0x00000000025c13e6 nuopc_driver_loopconnectorcompss_()  /work/noaa/da/mpotts/sandbox/pgi_2019_openmpi_g_develop/esmf/src/addon/NUOPC/src/NUOPC_Driver.F90:3023
19 0x00000000025b1aec nuopc_driver_initializeipdv02p3_()  /work/noaa/da/mpotts/sandbox/pgi_2019_openmpi_g_develop/esmf/src/addon/NUOPC/src/NUOPC_Driver.F90:2110
20 0x000000000258fafe nuopc_driver_initializegeneric_()  /work/noaa/da/mpotts/sandbox/pgi_2019_openmpi_g_develop/esmf/src/addon/NUOPC/src/NUOPC_Driver.F90:479
21 0x0000000001081157 ESMCI::FTable::callVFuncPtr()  /work/noaa/da/mpotts/sandbox/pgi_2019_openmpi_g_develop/esmf/src/Superstructure/Component/src/ESMCI_FTable.C:2167
22 0x000000000107d05c ESMCI_FTableCallEntryPointVMHop()  /work/noaa/da/mpotts/sandbox/pgi_2019_openmpi_g_develop/esmf/src/Superstructure/Component/src/ESMCI_FTable.C:824
23 0x00000000017cf4bf ESMCI::VMK::enter()  /work/noaa/da/mpotts/sandbox/pgi_2019_openmpi_g_develop/esmf/src/Infrastructure/VM/src/ESMCI_VMKernel.C:2320
24 0x00000000017f3e7d ESMCI::VM::enter()  /work/noaa/da/mpotts/sandbox/pgi_2019_openmpi_g_develop/esmf/src/Infrastructure/VM/src/ESMCI_VM.C:1216
25 0x000000000107d521 c_esmc_ftablecallentrypointvm_()  /work/noaa/da/mpotts/sandbox/pgi_2019_openmpi_g_develop/esmf/src/Superstructure/Component/src/ESMCI_FTable.C:981
26 0x0000000001b3dd75 esmf_compmod_esmf_compexecute_()  /work/noaa/da/mpotts/sandbox/pgi_2019_openmpi_g_develop/esmf/src/Superstructure/Component/src/ESMF_Comp.F90:1223
27 0x0000000001e54a01 esmf_gridcompmod_esmf_gridcompinitialize_()  /work/noaa/da/mpotts/sandbox/pgi_2019_openmpi_g_develop/esmf/src/Superstructure/Component/src/ESMF_GridComp.F90:1412
28 0x00000000004071a0 MAIN_()  /work/noaa/da/mpotts/sandbox/pgi_2019_openmpi_g_develop/nuopc-app-prototypes/DriverInDriverProto/mainApp.F90:61
29 0x0000000000406c53 main()  ???:0
30 0x0000000000022495 __libc_start_main()  ???:0
==== backtrace (tid: 185695) ====
 0 0x000000000121aa64 ESMCI::LogErr::MsgFoundError()  /work/noaa/da/mpotts/sandbox/pgi_2019_openmpi_g_develop/esmf/src/Infrastructure/LogErr/src/ESMCI_LogErr.C:586
 1 0x00000000013ff151 ESMCI::MeshCap::meshcreatenodedistgrid()  /work/noaa/da/mpotts/sandbox/pgi_2019_openmpi_g_develop/esmf/src/Infrastructure/Mesh/src/ESMCI_MeshCap.C:1754
 2 0x0000000001444ce7 c_esmc_meshcreatenodedistgrid_()  /work/noaa/da/mpotts/sandbox/pgi_2019_openmpi_g_develop/esmf/src/Infrastructure/Mesh/interface/ESMCI_Mesh_F.C:247
 3 0x000000000211be28 esmf_meshmod_esmf_meshcreatefrompointer_()  /work/noaa/da/mpotts/sandbox/pgi_2019_openmpi_g_develop/esmf/src/Infrastructure/Mesh/interface/ESMF_Mesh.F90:3091
 4 0x0000000001f49e00 esmf_gridutilmod_esmf_gridtomesh_()  /work/noaa/da/mpotts/sandbox/pgi_2019_openmpi_g_develop/esmf/src/Infrastructure/GridUtil/interface/ESMF_GridUtil.F90:453
 5 0x0000000001def2ab esmf_fieldregridmod_b_or_p_gridtomesh_()  /work/noaa/da/mpotts/sandbox/pgi_2019_openmpi_g_develop/esmf/src/Infrastructure/Field/src/ESMF_FieldRegrid.F90:3228
 6 0x0000000001dea5c1 esmf_fieldregridmod_getmeshwithnodesonfieldloc_()  /work/noaa/da/mpotts/sandbox/pgi_2019_openmpi_g_develop/esmf/src/Infrastructure/Field/src/ESMF_FieldRegrid.F90:1346
 7 0x0000000001de7ed4 esmf_fieldregridmod_esmf_fieldregridstorenx_()  /work/noaa/da/mpotts/sandbox/pgi_2019_openmpi_g_develop/esmf/src/Infrastructure/Field/src/ESMF_FieldRegrid.F90:971
 8 0x0000000001bf6838 esmf_fieldbundlemod_esmf_fieldbundleregridstorepair_()  /work/noaa/da/mpotts/sandbox/pgi_2019_openmpi_g_develop/esmf/src/Infrastructure/FieldBundle/src/ESMF_FieldBundle.F90:16211
 9 0x00000000025862e5 nuopc_connector_fieldbundlecplstore_()  /work/noaa/da/mpotts/sandbox/pgi_2019_openmpi_g_develop/esmf/src/addon/NUOPC/src/NUOPC_Connector.F90:7714
10 0x000000000255f7bd nuopc_connector_initializeipdv05p6b_()  /work/noaa/da/mpotts/sandbox/pgi_2019_openmpi_g_develop/esmf/src/addon/NUOPC/src/NUOPC_Connector.F90:5386
11 0x0000000001081157 ESMCI::FTable::callVFuncPtr()  /work/noaa/da/mpotts/sandbox/pgi_2019_openmpi_g_develop/esmf/src/Superstructure/Component/src/ESMCI_FTable.C:2167
12 0x000000000107d05c ESMCI_FTableCallEntryPointVMHop()  /work/noaa/da/mpotts/sandbox/pgi_2019_openmpi_g_develop/esmf/src/Superstructure/Component/src/ESMCI_FTable.C:824
13 0x00000000017cf4bf ESMCI::VMK::enter()  /work/noaa/da/mpotts/sandbox/pgi_2019_openmpi_g_develop/esmf/src/Infrastructure/VM/src/ESMCI_VMKernel.C:2320
14 0x00000000017f3e7d ESMCI::VM::enter()  /work/noaa/da/mpotts/sandbox/pgi_2019_openmpi_g_develop/esmf/src/Infrastructure/VM/src/ESMCI_VM.C:1216
15 0x000000000107d521 c_esmc_ftablecallentrypointvm_()  /work/noaa/da/mpotts/sandbox/pgi_2019_openmpi_g_develop/esmf/src/Superstructure/Component/src/ESMCI_FTable.C:981
16 0x0000000001b3dd75 esmf_compmod_esmf_compexecute_()  /work/noaa/da/mpotts/sandbox/pgi_2019_openmpi_g_develop/esmf/src/Superstructure/Component/src/ESMF_Comp.F90:1223
17 0x0000000001b5b8a1 esmf_cplcompmod_esmf_cplcompinitialize_()  /work/noaa/da/mpotts/sandbox/pgi_2019_openmpi_g_develop/esmf/src/Superstructure/Component/src/ESMF_CplComp.F90:1165
31 0x0000000000406b59 _start()  ???:0
=================================
[Orion-01-72:185697] *** Process received signal ***
[Orion-01-72:185697] Signal: Segmentation fault (11)
[Orion-01-72:185697] Signal code:  (-6)
[Orion-01-72:185697] Failing at address: 0x20e50002d561
18 0x00000000025c13e6 nuopc_driver_loopconnectorcompss_()  /work/noaa/da/mpotts/sandbox/pgi_2019_openmpi_g_develop/esmf/src/addon/NUOPC/src/NUOPC_Driver.F90:3023
19 0x00000000025b1aec nuopc_driver_initializeipdv02p3_()  /work/noaa/da/mpotts/sandbox/pgi_2019_openmpi_g_develop/esmf/src/addon/NUOPC/src/NUOPC_Driver.F90:2110
20 0x000000000258fafe nuopc_driver_initializegeneric_()  /work/noaa/da/mpotts/sandbox/pgi_2019_openmpi_g_develop/esmf/src/addon/NUOPC/src/NUOPC_Driver.F90:479
21 0x0000000001081157 ESMCI::FTable::callVFuncPtr()  /work/noaa/da/mpotts/sandbox/pgi_2019_openmpi_g_develop/esmf/src/Superstructure/Component/src/ESMCI_FTable.C:2167
22 0x000000000107d05c ESMCI_FTableCallEntryPointVMHop()  /work/noaa/da/mpotts/sandbox/pgi_2019_openmpi_g_develop/esmf/src/Superstructure/Component/src/ESMCI_FTable.C:824
23 0x00000000017cf4bf ESMCI::VMK::enter()  /work/noaa/da/mpotts/sandbox/pgi_2019_openmpi_g_develop/esmf/src/Infrastructure/VM/src/ESMCI_VMKernel.C:2320
24 0x00000000017f3e7d ESMCI::VM::enter()  /work/noaa/da/mpotts/sandbox/pgi_2019_openmpi_g_develop/esmf/src/Infrastructure/VM/src/ESMCI_VM.C:1216
25 0x000000000107d521 c_esmc_ftablecallentrypointvm_()  /work/noaa/da/mpotts/sandbox/pgi_2019_openmpi_g_develop/esmf/src/Superstructure/Component/src/ESMCI_FTable.C:981
26 0x0000000001b3dd75 esmf_compmod_esmf_compexecute_()  /work/noaa/da/mpotts/sandbox/pgi_2019_openmpi_g_develop/esmf/src/Superstructure/Component/src/ESMF_Comp.F90:1223
27 0x0000000001e54a01 esmf_gridcompmod_esmf_gridcompinitialize_()  /work/noaa/da/mpotts/sandbox/pgi_2019_openmpi_g_develop/esmf/src/Superstructure/Component/src/ESMF_GridComp.F90:1412
28 0x00000000004071a0 MAIN_()  /work/noaa/da/mpotts/sandbox/pgi_2019_openmpi_g_develop/nuopc-app-prototypes/DriverInDriverProto/mainApp.F90:61
29 0x0000000000406c53 main()  ???:0
30 0x0000000000022495 __libc_start_main()  ???:0
31 0x0000000000406b59 _start()  ???:0
=================================
[Orion-01-72:185697] [ 0] /lib64/libpthread.so.0(+0xf5d0)[0x7f5a212925d0]
[Orion-01-72:185697] [ 1] /work/noaa/da/mpotts/sandbox/pgi_2019_openmpi_g_develop/esmf/DEFAULTINSTALLDIR/lib/libg/Linux.pgi.64.openmpi.default/libesmf.so(_ZN5ESMCI6LogErr13MsgFoundErrorEiPKciS2_S2_Pi+0x34)[0x7f5a1e5dea64]
[Orion-01-72:185697] [ 2] /work/noaa/da/mpotts/sandbox/pgi_2019_openmpi_g_develop/esmf/DEFAULTINSTALLDIR/lib/libg/Linux.pgi.64.openmpi.default/libesmf.so(_ZN5ESMCI7MeshCap22meshcreatenodedistgridEPi+0x81)[0x7f5a1e7c3151]
[Orion-01-72:185695] *** Process received signal ***
[Orion-01-72:185695] Signal: Segmentation fault (11)
[Orion-01-72:185695] Signal code:  (-6)
[Orion-01-72:185695] Failing at address: 0x20e50002d55f
[Orion-01-72:185695] [ 0] /lib64/libpthread.so.0(+0xf5d0)[0x7f497ba825d0]
[Orion-01-72:185697] [ 3] /work/noaa/da/mpotts/sandbox/pgi_2019_openmpi_g_develop/esmf/DEFAULTINSTALLDIR/lib/libg/Linux.pgi.64.openmpi.default/libesmf.so(c_esmc_meshcreatenodedistgrid_+0x177)[0x7f5a1e808ce7]
[Orion-01-72:185695] [ 1] /work/noaa/da/mpotts/sandbox/pgi_2019_openmpi_g_develop/esmf/DEFAULTINSTALLDIR/lib/libg/Linux.pgi.64.openmpi.default/libesmf.so(_ZN5ESMCI6LogErr13MsgFoundErrorEiPKciS2_S2_Pi+0x34)[0x7f4978dcea64]
[Orion-01-72:185697] [ 4] /work/noaa/da/mpotts/sandbox/pgi_2019_openmpi_g_develop/esmf/DEFAULTINSTALLDIR/lib/libg/Linux.pgi.64.openmpi.default/libesmf.so(esmf_meshmod_esmf_meshcreatefrompointer_+0x78)[0x7f5a1f4dfe28]
[Orion-01-72:185695] [ 2] /work/noaa/da/mpotts/sandbox/pgi_2019_openmpi_g_develop/esmf/DEFAULTINSTALLDIR/lib/libg/Linux.pgi.64.openmpi.default/libesmf.so(_ZN5ESMCI7MeshCap22meshcreatenodedistgridEPi+0x81)[0x7f4978fb3151]
[Orion-01-72:185697] [ 5] /work/noaa/da/mpotts/sandbox/pgi_2019_openmpi_g_develop/esmf/DEFAULTINSTALLDIR/lib/libg/Linux.pgi.64.openmpi.default/libesmf.so(esmf_gridutilmod_esmf_gridtomesh_+0x550)[0x7f5a1f30de00]
[Orion-01-72:185697] [ 6] /work/noaa/da/mpotts/sandbox/pgi_2019_openmpi_g_develop/esmf/DEFAULTINSTALLDIR/lib/libg/Linux.pgi.64.openmpi.default/libesmf.so(esmf_fieldregridmod_b_or_p_gridtomesh_+0x60b)[0x7f5a1f1b32ab]
[Orion-01-72:185695] [ 3] /work/noaa/da/mpotts/sandbox/pgi_2019_openmpi_g_develop/esmf/DEFAULTINSTALLDIR/lib/libg/Linux.pgi.64.openmpi.default/libesmf.so(c_esmc_meshcreatenodedistgrid_+0x177)[0x7f4978ff8ce7]
[Orion-01-72:185697] [ 7] /work/noaa/da/mpotts/sandbox/pgi_2019_openmpi_g_develop/esmf/DEFAULTINSTALLDIR/lib/libg/Linux.pgi.64.openmpi.default/libesmf.so(esmf_fieldregridmod_getmeshwithnodesonfieldloc_+0x561)[0x7f5a1f1ae5c1]
[Orion-01-72:185695] [ 4] /work/noaa/da/mpotts/sandbox/pgi_2019_openmpi_g_develop/esmf/DEFAULTINSTALLDIR/lib/libg/Linux.pgi.64.openmpi.default/libesmf.so(esmf_meshmod_esmf_meshcreatefrompointer_+0x78)[0x7f4979ccfe28]
[Orion-01-72:185697] [ 8] /work/noaa/da/mpotts/sandbox/pgi_2019_openmpi_g_develop/esmf/DEFAULTINSTALLDIR/lib/libg/Linux.pgi.64.openmpi.default/libesmf.so(esmf_fieldregridmod_esmf_fieldregridstorenx_+0x1034)[0x7f5a1f1abed4]
[Orion-01-72:185695] [ 5] /work/noaa/da/mpotts/sandbox/pgi_2019_openmpi_g_develop/esmf/DEFAULTINSTALLDIR/lib/libg/Linux.pgi.64.openmpi.default/libesmf.so(esmf_gridutilmod_esmf_gridtomesh_+0x550)[0x7f4979afde00]
[Orion-01-72:185695] [ 6] /work/noaa/da/mpotts/sandbox/pgi_2019_openmpi_g_develop/esmf/DEFAULTINSTALLDIR/lib/libg/Linux.pgi.64.openmpi.default/libesmf.so(esmf_fieldregridmod_b_or_p_gridtomesh_+0x60b)[0x7f49799a32ab]
[Orion-01-72:185697] [ 9] /work/noaa/da/mpotts/sandbox/pgi_2019_openmpi_g_develop/esmf/DEFAULTINSTALLDIR/lib/libg/Linux.pgi.64.openmpi.default/libesmf.so(esmf_fieldbundlemod_esmf_fieldbundleregridstorepair_+0x48d8)[0x7f5a1efba838]
[Orion-01-72:185697] [10] /work/noaa/da/mpotts/sandbox/pgi_2019_openmpi_g_develop/esmf/DEFAULTINSTALLDIR/lib/libg/Linux.pgi.64.openmpi.default/libesmf.so(nuopc_connector_fieldbundlecplstore_+0xf545)[0x7f5a1f94a2e5]
[Orion-01-72:185695] [ 7] /work/noaa/da/mpotts/sandbox/pgi_2019_openmpi_g_develop/esmf/DEFAULTINSTALLDIR/lib/libg/Linux.pgi.64.openmpi.default/libesmf.so(esmf_fieldregridmod_getmeshwithnodesonfieldloc_+0x561)[0x7f497999e5c1]
[Orion-01-72:185697] [11] /work/noaa/da/mpotts/sandbox/pgi_2019_openmpi_g_develop/esmf/DEFAULTINSTALLDIR/lib/libg/Linux.pgi.64.openmpi.default/libesmf.so(nuopc_connector_initializeipdv05p6b_+0x907d)[0x7f5a1f9237bd]
[Orion-01-72:185695] [ 8] /work/noaa/da/mpotts/sandbox/pgi_2019_openmpi_g_develop/esmf/DEFAULTINSTALLDIR/lib/libg/Linux.pgi.64.openmpi.default/libesmf.so(esmf_fieldregridmod_esmf_fieldregridstorenx_+0x1034)[0x7f497999bed4]
[Orion-01-72:185697] [12] /work/noaa/da/mpotts/sandbox/pgi_2019_openmpi_g_develop/esmf/DEFAULTINSTALLDIR/lib/libg/Linux.pgi.64.openmpi.default/libesmf.so(_ZN5ESMCI6FTable12callVFuncPtrEPKcPNS_2VMEPi+0xcf7)[0x7f5a1e445157]
[Orion-01-72:185695] [ 9] /work/noaa/da/mpotts/sandbox/pgi_2019_openmpi_g_develop/esmf/DEFAULTINSTALLDIR/lib/libg/Linux.pgi.64.openmpi.default/libesmf.so(esmf_fieldbundlemod_esmf_fieldbundleregridstorepair_+0x48d8)[0x7f49797aa838]
[Orion-01-72:185697] [13] /work/noaa/da/mpotts/sandbox/pgi_2019_openmpi_g_develop/esmf/DEFAULTINSTALLDIR/lib/libg/Linux.pgi.64.openmpi.default/libesmf.so(ESMCI_FTableCallEntryPointVMHop+0x2ac)[0x7f5a1e44105c]
[Orion-01-72:185695] [10] /work/noaa/da/mpotts/sandbox/pgi_2019_openmpi_g_develop/esmf/DEFAULTINSTALLDIR/lib/libg/Linux.pgi.64.openmpi.default/libesmf.so(nuopc_connector_fieldbundlecplstore_+0xf545)[0x7f497a13a2e5]
[Orion-01-72:185695] [11] /work/noaa/da/mpotts/sandbox/pgi_2019_openmpi_g_develop/esmf/DEFAULTINSTALLDIR/lib/libg/Linux.pgi.64.openmpi.default/libesmf.so(nuopc_connector_initializeipdv05p6b_+0x907d)[0x7f497a1137bd]
[Orion-01-72:185697] [14] /work/noaa/da/mpotts/sandbox/pgi_2019_openmpi_g_develop/esmf/DEFAULTINSTALLDIR/lib/libg/Linux.pgi.64.openmpi.default/libesmf.so(_ZN5ESMCI3VMK5enterEPNS_7VMKPlanEPvS3_+0xcf)[0x7f5a1eb934bf]
[Orion-01-72:185695] [12] /work/noaa/da/mpotts/sandbox/pgi_2019_openmpi_g_develop/esmf/DEFAULTINSTALLDIR/lib/libg/Linux.pgi.64.openmpi.default/libesmf.so(_ZN5ESMCI6FTable12callVFuncPtrEPKcPNS_2VMEPi+0xcf7)[0x7f4978c35157]
[Orion-01-72:185697] [15] /work/noaa/da/mpotts/sandbox/pgi_2019_openmpi_g_develop/esmf/DEFAULTINSTALLDIR/lib/libg/Linux.pgi.64.openmpi.default/libesmf.so(_ZN5ESMCI2VM5enterEPNS_6VMPlanEPvS3_+0xcd)[0x7f5a1ebb7e7d]
[Orion-01-72:185695] [13] /work/noaa/da/mpotts/sandbox/pgi_2019_openmpi_g_develop/esmf/DEFAULTINSTALLDIR/lib/libg/Linux.pgi.64.openmpi.default/libesmf.so(ESMCI_FTableCallEntryPointVMHop+0x2ac)[0x7f4978c3105c]
[Orion-01-72:185697] [16] /work/noaa/da/mpotts/sandbox/pgi_2019_openmpi_g_develop/esmf/DEFAULTINSTALLDIR/lib/libg/Linux.pgi.64.openmpi.default/libesmf.so(c_esmc_ftablecallentrypointvm_+0x3a1)[0x7f5a1e441521]
[Orion-01-72:185695] [14] /work/noaa/da/mpotts/sandbox/pgi_2019_openmpi_g_develop/esmf/DEFAULTINSTALLDIR/lib/libg/Linux.pgi.64.openmpi.default/libesmf.so(_ZN5ESMCI3VMK5enterEPNS_7VMKPlanEPvS3_+0xcf)[0x7f49793834bf]
[Orion-01-72:185697] [17] /work/noaa/da/mpotts/sandbox/pgi_2019_openmpi_g_develop/esmf/DEFAULTINSTALLDIR/lib/libg/Linux.pgi.64.openmpi.default/libesmf.so(esmf_compmod_esmf_compexecute_+0xbd5)[0x7f5a1ef01d75]
[Orion-01-72:185695] [15] /work/noaa/da/mpotts/sandbox/pgi_2019_openmpi_g_develop/esmf/DEFAULTINSTALLDIR/lib/libg/Linux.pgi.64.openmpi.default/libesmf.so(_ZN5ESMCI2VM5enterEPNS_6VMPlanEPvS3_+0xcd)[0x7f49793a7e7d]
[Orion-01-72:185697] [18] /work/noaa/da/mpotts/sandbox/pgi_2019_openmpi_g_develop/esmf/DEFAULTINSTALLDIR/lib/libg/Linux.pgi.64.openmpi.default/libesmf.so(esmf_cplcompmod_esmf_cplcompinitialize_+0x1f1)[0x7f5a1ef1f8a1]
[Orion-01-72:185697] [19] /work/noaa/da/mpotts/sandbox/pgi_2019_openmpi_g_develop/esmf/DEFAULTINSTALLDIR/lib/libg/Linux.pgi.64.openmpi.default/libesmf.so(nuopc_driver_loopconnectorcompss_+0x1916)[0x7f5a1f9853e6]
[Orion-01-72:185695] [16] /work/noaa/da/mpotts/sandbox/pgi_2019_openmpi_g_develop/esmf/DEFAULTINSTALLDIR/lib/libg/Linux.pgi.64.openmpi.default/libesmf.so(c_esmc_ftablecallentrypointvm_+0x3a1)[0x7f4978c31521]
[Orion-01-72:185697] [20] /work/noaa/da/mpotts/sandbox/pgi_2019_openmpi_g_develop/esmf/DEFAULTINSTALLDIR/lib/libg/Linux.pgi.64.openmpi.default/libesmf.so(nuopc_driver_initializeipdv02p3_+0x61fc)[0x7f5a1f975aec]
[Orion-01-72:185695] [17] /work/noaa/da/mpotts/sandbox/pgi_2019_openmpi_g_develop/esmf/DEFAULTINSTALLDIR/lib/libg/Linux.pgi.64.openmpi.default/libesmf.so(esmf_compmod_esmf_compexecute_+0xbd5)[0x7f49796f1d75]
[Orion-01-72:185697] [21] /work/noaa/da/mpotts/sandbox/pgi_2019_openmpi_g_develop/esmf/DEFAULTINSTALLDIR/lib/libg/Linux.pgi.64.openmpi.default/libesmf.so(nuopc_driver_initializegeneric_+0x109e)[0x7f5a1f953afe]
[Orion-01-72:185695] [18] /work/noaa/da/mpotts/sandbox/pgi_2019_openmpi_g_develop/esmf/DEFAULTINSTALLDIR/lib/libg/Linux.pgi.64.openmpi.default/libesmf.so(esmf_cplcompmod_esmf_cplcompinitialize_+0x1f1)[0x7f497970f8a1]
[Orion-01-72:185697] [22] /work/noaa/da/mpotts/sandbox/pgi_2019_openmpi_g_develop/esmf/DEFAULTINSTALLDIR/lib/libg/Linux.pgi.64.openmpi.default/libesmf.so(_ZN5ESMCI6FTable12callVFuncPtrEPKcPNS_2VMEPi+0xcf7)[0x7f5a1e445157]
[Orion-01-72:185695] [19] /work/noaa/da/mpotts/sandbox/pgi_2019_openmpi_g_develop/esmf/DEFAULTINSTALLDIR/lib/libg/Linux.pgi.64.openmpi.default/libesmf.so(nuopc_driver_loopconnectorcompss_+0x1916)[0x7f497a1753e6]
[Orion-01-72:185697] [23] /work/noaa/da/mpotts/sandbox/pgi_2019_openmpi_g_develop/esmf/DEFAULTINSTALLDIR/lib/libg/Linux.pgi.64.openmpi.default/libesmf.so(ESMCI_FTableCallEntryPointVMHop+0x2ac)[0x7f5a1e44105c]
[Orion-01-72:185695] [20] /work/noaa/da/mpotts/sandbox/pgi_2019_openmpi_g_develop/esmf/DEFAULTINSTALLDIR/lib/libg/Linux.pgi.64.openmpi.default/libesmf.so(nuopc_driver_initializeipdv02p3_+0x61fc)[0x7f497a165aec]
[Orion-01-72:185695] [21] /work/noaa/da/mpotts/sandbox/pgi_2019_openmpi_g_develop/esmf/DEFAULTINSTALLDIR/lib/libg/Linux.pgi.64.openmpi.default/libesmf.so(nuopc_driver_initializegeneric_+0x109e)[0x7f497a143afe]
[Orion-01-72:185697] [24] /work/noaa/da/mpotts/sandbox/pgi_2019_openmpi_g_develop/esmf/DEFAULTINSTALLDIR/lib/libg/Linux.pgi.64.openmpi.default/libesmf.so(_ZN5ESMCI3VMK5enterEPNS_7VMKPlanEPvS3_+0xcf)[0x7f5a1eb934bf]
[Orion-01-72:185695] [22] /work/noaa/da/mpotts/sandbox/pgi_2019_openmpi_g_develop/esmf/DEFAULTINSTALLDIR/lib/libg/Linux.pgi.64.openmpi.default/libesmf.so(_ZN5ESMCI6FTable12callVFuncPtrEPKcPNS_2VMEPi+0xcf7)[0x7f4978c35157]
[Orion-01-72:185697] [25] /work/noaa/da/mpotts/sandbox/pgi_2019_openmpi_g_develop/esmf/DEFAULTINSTALLDIR/lib/libg/Linux.pgi.64.openmpi.default/libesmf.so(_ZN5ESMCI2VM5enterEPNS_6VMPlanEPvS3_+0xcd)[0x7f5a1ebb7e7d]
[Orion-01-72:185695] [23] /work/noaa/da/mpotts/sandbox/pgi_2019_openmpi_g_develop/esmf/DEFAULTINSTALLDIR/lib/libg/Linux.pgi.64.openmpi.default/libesmf.so(ESMCI_FTableCallEntryPointVMHop+0x2ac)[0x7f4978c3105c]
[Orion-01-72:185697] [26] /work/noaa/da/mpotts/sandbox/pgi_2019_openmpi_g_develop/esmf/DEFAULTINSTALLDIR/lib/libg/Linux.pgi.64.openmpi.default/libesmf.so(c_esmc_ftablecallentrypointvm_+0x3a1)[0x7f5a1e441521]
[Orion-01-72:185695] [24] /work/noaa/da/mpotts/sandbox/pgi_2019_openmpi_g_develop/esmf/DEFAULTINSTALLDIR/lib/libg/Linux.pgi.64.openmpi.default/libesmf.so(_ZN5ESMCI3VMK5enterEPNS_7VMKPlanEPvS3_+0xcf)[0x7f49793834bf]
[Orion-01-72:185697] [27] /work/noaa/da/mpotts/sandbox/pgi_2019_openmpi_g_develop/esmf/DEFAULTINSTALLDIR/lib/libg/Linux.pgi.64.openmpi.default/libesmf.so(esmf_compmod_esmf_compexecute_+0xbd5)[0x7f5a1ef01d75]
[Orion-01-72:185695] [25] /work/noaa/da/mpotts/sandbox/pgi_2019_openmpi_g_develop/esmf/DEFAULTINSTALLDIR/lib/libg/Linux.pgi.64.openmpi.default/libesmf.so(_ZN5ESMCI2VM5enterEPNS_6VMPlanEPvS3_+0xcd)[0x7f49793a7e7d]
[Orion-01-72:185697] [28] /work/noaa/da/mpotts/sandbox/pgi_2019_openmpi_g_develop/esmf/DEFAULTINSTALLDIR/lib/libg/Linux.pgi.64.openmpi.default/libesmf.so(esmf_gridcompmod_esmf_gridcompinitialize_+0x1f1)[0x7f5a1f218a01]
[Orion-01-72:185697] [29] /work/noaa/da/mpotts/sandbox/pgi_2019_openmpi_g_develop/nuopc-app-prototypes/DriverInDriverProto/./mainApp[0x4071a0]
[Orion-01-72:185697] *** End of error message ***
[Orion-01-72:185695] [26] /work/noaa/da/mpotts/sandbox/pgi_2019_openmpi_g_develop/esmf/DEFAULTINSTALLDIR/lib/libg/Linux.pgi.64.openmpi.default/libesmf.so(c_esmc_ftablecallentrypointvm_+0x3a1)[0x7f4978c31521]
[Orion-01-72:185695] [27] /work/noaa/da/mpotts/sandbox/pgi_2019_openmpi_g_develop/esmf/DEFAULTINSTALLDIR/lib/libg/Linux.pgi.64.openmpi.default/libesmf.so(esmf_compmod_esmf_compexecute_+0xbd5)[0x7f49796f1d75]
[Orion-01-72:185695] [28] /work/noaa/da/mpotts/sandbox/pgi_2019_openmpi_g_develop/esmf/DEFAULTINSTALLDIR/lib/libg/Linux.pgi.64.openmpi.default/libesmf.so(esmf_gridcompmod_esmf_gridcompinitialize_+0x1f1)[0x7f4979a08a01]
[Orion-01-72:185695] [29] /work/noaa/da/mpotts/sandbox/pgi_2019_openmpi_g_develop/nuopc-app-prototypes/DriverInDriverProto/./mainApp[0x4071a0]
[Orion-01-72:185695] *** End of error message ***
srun: error: Orion-01-72: tasks 1,3: Segmentation fault
srun: launch/slurm: _step_signal: Terminating StepId=9525830.379
slurmstepd: error: *** STEP 9525830.379 ON Orion-01-72 CANCELLED AT 2023-03-23T04:54:05 ***
srun: error: Orion-01-72: tasks 0,2: Terminated
srun: Force Terminated StepId=9525830.379
