2023-04-06 08:47:39
20230406 110005.639 INFO             PET0 !!!!!!!!!!!!!!!!!!!!!!!!!!!!!!!!!!!!!!!!!!!!!!!!!!!!!!
20230406 110005.639 INFO             PET0 !!! THE ESMF_LOG IS SET TO OUTPUT ALL LOG MESSAGES !!!
20230406 110005.639 INFO             PET0 !!!     THIS MAY CAUSE SLOWDOWN IN PERFORMANCE     !!!
20230406 110005.639 INFO             PET0 !!! FOR PRODUCTION RUNS, USE:                      !!!
20230406 110005.639 INFO             PET0 !!!                   ESMF_LOGKIND_Multi_On_Error  !!!
20230406 110005.639 INFO             PET0 !!!!!!!!!!!!!!!!!!!!!!!!!!!!!!!!!!!!!!!!!!!!!!!!!!!!!!
20230406 110005.639 INFO             PET0 Running with ESMF Version   : v8.5.0b19
20230406 110005.639 INFO             PET0 ESMF library build date/time: "Apr  6 2023" "08:46:08"
20230406 110005.639 INFO             PET0 ESMF library build location : /discover/nobackup/projects/sbu/mpotts/esmf-test/intel_19.1.3_intelmpi_g_develop/esmf
20230406 110005.639 INFO             PET0 ESMF_COMM                   : intelmpi
20230406 110005.640 INFO             PET0 ESMF_MOAB                   : enabled
20230406 110005.640 INFO             PET0 ESMF_LAPACK                 : enabled
20230406 110005.640 INFO             PET0 ESMF_NETCDF                 : enabled
20230406 110005.640 INFO             PET0 ESMF_PNETCDF                : disabled
20230406 110005.640 INFO             PET0 ESMF_PIO                    : enabled
20230406 110005.640 INFO             PET0 ESMF_YAMLCPP                : enabled
20230406 110005.640 INFO             PET0 esmApp STARTING
20230406 110005.646 INFO             PET0 esm: InitializeGeneric intro.
20230406 110005.646 INFO             PET0   esm: InitializeP0 intro.
20230406 110005.646 INFO             PET0   esm: InitializeP0 extro.
20230406 110005.646 INFO             PET0   esm: InitializeIPDv02p1 intro.
20230406 110005.646 INFO             PET0     >>>esm: entered Initialize (phase=<none>) without valid internal Clock.
20230406 110005.649 INFO             PET0     esm - Creating model component ATM without petList.
20230406 110005.653 INFO             PET0     esm - Creating model component OCN without petList.
20230406 110005.656 INFO             PET0     esm - Creating connector component ATM-TO-OCN without petList.
20230406 110005.663 INFO             PET0     esm - Creating connector component OCN-TO-ATM without petList.
20230406 110005.671 INFO             PET0     esm - Creating state: modelComp 1 Import State
20230406 110005.671 INFO             PET0     esm - Creating state: modelComp 1 Export State
20230406 110005.671 INFO             PET0     esm - Creating state: modelComp 2 Import State
20230406 110005.671 INFO             PET0     esm - Creating state: modelComp 2 Export State
20230406 110005.672 INFO             PET0     ATM: InitializeP0 intro.
20230406 110005.673 INFO             PET0     ATM: InitializeP0 extro.
20230406 110005.674 INFO             PET0     OCN: InitializeP0 intro.
20230406 110005.675 INFO             PET0     OCN: InitializeP0 extro.
20230406 110005.680 INFO             PET0     ATM-TO-OCN: InitializeP0 intro.
20230406 110005.680 INFO             PET0     ATM-TO-OCN: InitializeP0 extro.
20230406 110005.681 INFO             PET0     OCN-TO-ATM: InitializeP0 intro.
20230406 110005.681 INFO             PET0     OCN-TO-ATM: InitializeP0 extro.
20230406 110005.683 INFO             PET0     esm: IInitAdvertise intro.
20230406 110005.683 INFO             PET0     esm: IInitAdvertise extro.
20230406 110005.684 INFO             PET0     ATM: InitializeIPDvXp01 intro.
20230406 110005.686 INFO             PET0     ATM: InitializeIPDvXp01 extro.
20230406 110005.686 INFO             PET0     OCN: InitializeIPDvXp01 intro.
20230406 110005.688 INFO             PET0     OCN: InitializeIPDvXp01 extro.
20230406 110005.690 INFO             PET0     ATM-TO-OCN: InitializeIPDv05p1 intro.
20230406 110005.698 INFO             PET0     ATM-TO-OCN: InitializeIPDv05p1 extro.
20230406 110005.699 INFO             PET0     OCN-TO-ATM: InitializeIPDv05p1 intro.
20230406 110005.703 INFO             PET0     OCN-TO-ATM: InitializeIPDv05p1 extro.
20230406 110005.703 INFO             PET0     esm: IInitAdvertiseFinish intro.
20230406 110005.703 INFO             PET0     esm: IInitAdvertiseFinish extro.
20230406 110005.703 INFO             PET0     ATM-TO-OCN: InitializeIPDv05p2a intro.
20230406 110005.708 INFO             PET0     ATM-TO-OCN: InitializeIPDv05p2a extro.
20230406 110005.708 INFO             PET0     OCN-TO-ATM: InitializeIPDv05p2a intro.
20230406 110005.712 INFO             PET0     OCN-TO-ATM: InitializeIPDv05p2a extro.
20230406 110005.712 INFO             PET0     ATM-TO-OCN: InitializeIPDv05p2b intro.
20230406 110005.717 INFO             PET0     ATM-TO-OCN: InitializeIPDv05p2b extro.
20230406 110005.717 INFO             PET0     OCN-TO-ATM: InitializeIPDv05p2b intro.
20230406 110005.721 INFO             PET0     OCN-TO-ATM: InitializeIPDv05p2b extro.
20230406 110005.721 INFO             PET0     esm: IInitModifyCplLists intro.
20230406 110005.722 INFO             PET0     esm: IInitModifyCplLists extro.
20230406 110005.722 INFO             PET0     ATM-TO-OCN: InitializeIPDv05p3 intro.
20230406 110005.727 INFO             PET0     ATM-TO-OCN: InitializeIPDv05p3 extro.
20230406 110005.727 INFO             PET0     OCN-TO-ATM: InitializeIPDv05p3 intro.
20230406 110005.731 INFO             PET0     OCN-TO-ATM: InitializeIPDv05p3 extro.
20230406 110005.731 INFO             PET0     <<<esm: leaving Initialize (phase=<none>) with current time: 2010  6  1  0  0  0   0
20230406 110005.731 INFO             PET0   esm: InitializeIPDv02p1 extro.
20230406 110005.732 INFO             PET0   esm: InitializeIPDv02p3 intro.
20230406 110005.732 INFO             PET0     >>>esm: entered Initialize (phase=<none>) with current time: 2010  6  1  0  0  0   0
20230406 110005.732 INFO             PET0     esm: IInitCheck intro.
20230406 110005.732 INFO             PET0     esm: IInitCheck extro.
20230406 110005.732 INFO             PET0     atmA: InitializeIPDvXp04 intro.
20230406 110005.738 INFO             PET0     atmA: InitializeIPDvXp04 extro.
20230406 110005.738 INFO             PET0     ocnA: InitializeIPDvXp04 intro.
20230406 110005.743 INFO             PET0     ocnA: InitializeIPDvXp04 extro.
20230406 110005.745 INFO             PET0     ATM-TO-OCN: InitializeIPDv05p4 intro.
20230406 110005.755 INFO             PET0     ATM-TO-OCN: InitializeIPDv05p4 extro.
20230406 110005.755 INFO             PET0     OCN-TO-ATM: InitializeIPDv05p4 intro.
20230406 110005.760 INFO             PET0     OCN-TO-ATM: InitializeIPDv05p4 extro.
20230406 110005.761 INFO             PET0     ATM-TO-OCN: InitializeIPDv05p5 intro.
20230406 110005.768 INFO             PET0     ATM-TO-OCN: InitializeIPDv05p5 extro.
20230406 110005.768 INFO             PET0     OCN-TO-ATM: InitializeIPDv05p5 intro.
20230406 110005.774 INFO             PET0     OCN-TO-ATM: InitializeIPDv05p5 extro.
20230406 110005.774 INFO             PET0     esm: IInitRealize intro.
20230406 110005.774 INFO             PET0     esm: IInitRealize extro.
20230406 110005.774 INFO             PET0     ATM-TO-OCN: InitializeIPDv05p6a intro.
20230406 110005.781 INFO             PET0     ATM-TO-OCN: InitializeIPDv05p6a extro.
20230406 110005.781 INFO             PET0     OCN-TO-ATM: InitializeIPDv05p6a intro.
20230406 110005.786 INFO             PET0     OCN-TO-ATM: InitializeIPDv05p6a extro.
20230406 110005.786 INFO             PET0     ATM-TO-OCN: InitializeIPDv05p6b intro.
20230406 110005.852 INFO             PET0     ATM-TO-OCN: InitializeIPDv05p6b extro.
20230406 110005.852 INFO             PET0     OCN-TO-ATM: InitializeIPDv05p6b intro.
20230406 110005.910 INFO             PET0     OCN-TO-ATM: InitializeIPDv05p6b extro.
20230406 110005.910 INFO             PET0     atmA: InitializeIPDvXp07 intro.
20230406 110005.910 INFO             PET0     atmA: InitializeIPDvXp07 extro.
20230406 110005.911 INFO             PET0     ocnA: InitializeIPDvXp07 intro.
20230406 110005.911 INFO             PET0     ocnA: InitializeIPDvXp07 extro.
20230406 110005.911 INFO             PET0     <<<esm: leaving Initialize (phase=<none>) with current time: 2010  6  1  0  0  0   0
20230406 110005.911 INFO             PET0   esm: InitializeIPDv02p3 extro.
20230406 110005.911 INFO             PET0   esm: InitializeIPDv02p5 intro.
20230406 110005.911 INFO             PET0     >>>esm: entered Initialize (phase=<none>) with current time: 2010  6  1  0  0  0   0
20230406 110005.911 INFO             PET0     esm: this is a top level driver, no 'Updated' and 'InitializeDataComplete' info on this level.
20230406 110005.911 INFO             PET0     esm: InitializeIPDv02p5Data intro.
20230406 110005.911 INFO             PET0       esm: InternalInitializeComplete intro.
20230406 110005.911 INFO             PET0         esm: InitializeDataComplete='true'
20230406 110005.911 INFO             PET0       esm: InternalInitializeComplete extro.
20230406 110005.912 INFO             PET0       atmA: InitializeIPDv01p5 intro.
20230406 110005.912 INFO             PET0       atmA: InitializeIPDv01p5 extro.
20230406 110005.912 INFO             PET0       ocnA: InitializeIPDv01p5 intro.
20230406 110005.912 INFO             PET0       ocnA: InitializeIPDv01p5 extro.
20230406 110005.914 INFO             PET0       esm: components present that trigger loopDataDependentInitialize().
20230406 110005.915 INFO             PET0       esm: loopDataDependentInitialize intro.
20230406 110005.915 INFO             PET0         esm: component    0=esm, dataComplete (local): true
20230406 110005.915 INFO             PET0         esm: component    0=esm, dataComplete (global):  T
20230406 110005.915 INFO             PET0         esm: component    1=atmA, dataComplete (local): true
20230406 110005.915 INFO             PET0         esm: component    1=atmA, dataComplete (global):  T
20230406 110005.915 INFO             PET0         esm: component    2=ocnA, dataComplete (local): true
20230406 110005.915 INFO             PET0         esm: component    2=ocnA, dataComplete (global):  T
20230406 110005.915 INFO             PET0         esm: someProgress= F, allComplete= T, present(dataDepAllComplete)= T
20230406 110005.915 INFO             PET0         esm: finished resolving initialize data dependencies on this level.
20230406 110005.915 INFO             PET0       esm: loopDataDependentInitialize extro.
20230406 110005.915 INFO             PET0       esm: loopDataDependentInitialize() returned with dataDepAllComplete:  T
20230406 110005.915 INFO             PET0     esm: InitializeIPDv02p5Data extro.
20230406 110005.915 INFO             PET0     <<<esm: leaving Initialize (phase=<none>) with current time: 2010  6  1  0  0  0   0
20230406 110005.915 INFO             PET0   esm: InitializeIPDv02p5 extro.
20230406 110005.915 INFO             PET0 esm: InitializeGeneric extro.
20230406 110005.915 INFO             PET0 esm: Run intro.
20230406 110005.915 INFO             PET0   >>>esm entered Run (phase=RunPhase1) with current time: 2010  6  1  0  0  0   0
20230406 110005.915 INFO             PET0   esm: after lable_SetRunClock, current time: 2010  6  1  0  0  0   0
20230406 110005.915 INFO             PET0   esm: begin -------> RunSequence.
20230406 110005.915 INFO             PET0     esm: RunSequence event loopLevel=   1  levelMember=   1  loopIteration=   1, current time: 2010  6  1  0  0  0   0
20230406 110005.915 INFO             PET0     ATM-TO-OCN: Run intro.
20230406 110005.916 INFO             PET0     ATM-TO-OCN: Run extro.
20230406 110005.916 INFO             PET0     OCN-TO-ATM: Run intro.
20230406 110005.916 INFO             PET0     OCN-TO-ATM: Run extro.
20230406 110005.916 INFO             PET0     atmA: Run intro.
20230406 110005.917 INFO             PET0       ------>Advancing ATM from: 2010  6  1  0  0  0   0
20230406 110005.917 INFO             PET0       ---------------------> to: 2010  6  1  0 15  0   0
20230406 110005.917 INFO             PET0     atmA: Run extro.
20230406 110005.917 INFO             PET0     ocnA: Run intro.
20230406 110005.917 INFO             PET0       ------>Advancing OCN from: 2010  6  1  0  0  0   0
20230406 110005.917 INFO             PET0       ---------------------> to: 2010  6  1  0  5  0   0
20230406 110005.917 INFO             PET0       ------>Advancing OCN from: 2010  6  1  0  5  0   0
20230406 110005.917 INFO             PET0       ---------------------> to: 2010  6  1  0 10  0   0
20230406 110005.917 INFO             PET0       ------>Advancing OCN from: 2010  6  1  0 10  0   0
20230406 110005.917 INFO             PET0       ---------------------> to: 2010  6  1  0 15  0   0
20230406 110005.917 INFO             PET0     ocnA: Run extro.
20230406 110005.917 INFO             PET0     esm: RunSequence event loopLevel=   1  levelMember=   1  loopIteration=   2, current time: 2010  6  1  0 15  0   0
20230406 110005.917 INFO             PET0     ATM-TO-OCN: Run intro.
20230406 110005.918 INFO             PET0     ATM-TO-OCN: Run extro.
20230406 110005.918 INFO             PET0     OCN-TO-ATM: Run intro.
20230406 110005.918 INFO             PET0     OCN-TO-ATM: Run extro.
20230406 110005.918 INFO             PET0     atmA: Run intro.
20230406 110005.918 INFO             PET0       ------>Advancing ATM from: 2010  6  1  0 15  0   0
20230406 110005.918 INFO             PET0       ---------------------> to: 2010  6  1  0 30  0   0
20230406 110005.918 INFO             PET0     atmA: Run extro.
20230406 110005.918 INFO             PET0     ocnA: Run intro.
20230406 110005.919 INFO             PET0       ------>Advancing OCN from: 2010  6  1  0 15  0   0
20230406 110005.919 INFO             PET0       ---------------------> to: 2010  6  1  0 20  0   0
20230406 110005.919 INFO             PET0       ------>Advancing OCN from: 2010  6  1  0 20  0   0
20230406 110005.919 INFO             PET0       ---------------------> to: 2010  6  1  0 25  0   0
20230406 110005.919 INFO             PET0       ------>Advancing OCN from: 2010  6  1  0 25  0   0
20230406 110005.919 INFO             PET0       ---------------------> to: 2010  6  1  0 30  0   0
20230406 110005.919 INFO             PET0     ocnA: Run extro.
20230406 110005.919 INFO             PET0     esm: RunSequence event loopLevel=   1  levelMember=   1  loopIteration=   3, current time: 2010  6  1  0 30  0   0
20230406 110005.919 INFO             PET0     ATM-TO-OCN: Run intro.
20230406 110005.919 INFO             PET0     ATM-TO-OCN: Run extro.
20230406 110005.919 INFO             PET0     OCN-TO-ATM: Run intro.
20230406 110005.920 INFO             PET0     OCN-TO-ATM: Run extro.
20230406 110005.920 INFO             PET0     atmA: Run intro.
20230406 110005.920 INFO             PET0       ------>Advancing ATM from: 2010  6  1  0 30  0   0
20230406 110005.920 INFO             PET0       ---------------------> to: 2010  6  1  0 45  0   0
20230406 110005.920 INFO             PET0     atmA: Run extro.
20230406 110005.920 INFO             PET0     ocnA: Run intro.
20230406 110005.921 INFO             PET0       ------>Advancing OCN from: 2010  6  1  0 30  0   0
20230406 110005.921 INFO             PET0       ---------------------> to: 2010  6  1  0 35  0   0
20230406 110005.921 INFO             PET0       ------>Advancing OCN from: 2010  6  1  0 35  0   0
20230406 110005.921 INFO             PET0       ---------------------> to: 2010  6  1  0 40  0   0
20230406 110005.921 INFO             PET0       ------>Advancing OCN from: 2010  6  1  0 40  0   0
20230406 110005.921 INFO             PET0       ---------------------> to: 2010  6  1  0 45  0   0
20230406 110005.921 INFO             PET0     ocnA: Run extro.
20230406 110005.921 INFO             PET0     esm: RunSequence event loopLevel=   1  levelMember=   1  loopIteration=   4, current time: 2010  6  1  0 45  0   0
20230406 110005.921 INFO             PET0     ATM-TO-OCN: Run intro.
20230406 110005.921 INFO             PET0     ATM-TO-OCN: Run extro.
20230406 110005.921 INFO             PET0     OCN-TO-ATM: Run intro.
20230406 110005.922 INFO             PET0     OCN-TO-ATM: Run extro.
20230406 110005.922 INFO             PET0     atmA: Run intro.
20230406 110005.922 INFO             PET0       ------>Advancing ATM from: 2010  6  1  0 45  0   0
20230406 110005.922 INFO             PET0       ---------------------> to: 2010  6  1  1  0  0   0
20230406 110005.922 INFO             PET0     atmA: Run extro.
20230406 110005.922 INFO             PET0     ocnA: Run intro.
20230406 110005.923 INFO             PET0       ------>Advancing OCN from: 2010  6  1  0 45  0   0
20230406 110005.923 INFO             PET0       ---------------------> to: 2010  6  1  0 50  0   0
20230406 110005.923 INFO             PET0       ------>Advancing OCN from: 2010  6  1  0 50  0   0
20230406 110005.923 INFO             PET0       ---------------------> to: 2010  6  1  0 55  0   0
20230406 110005.923 INFO             PET0       ------>Advancing OCN from: 2010  6  1  0 55  0   0
20230406 110005.923 INFO             PET0       ---------------------> to: 2010  6  1  1  0  0   0
20230406 110005.923 INFO             PET0     ocnA: Run extro.
20230406 110005.923 INFO             PET0   esm: end <--------- RunSequence
20230406 110005.923 INFO             PET0   <<<esm - leaving Run with current time: 2010  6  1  1  0  0   0
20230406 110005.923 INFO             PET0 esm: Run extro.
20230406 110005.923 INFO             PET0 esm: Finalize intro.
20230406 110005.923 INFO             PET0   Calling Finalize phase 1 for connectorComp: ATM-TO-OCN
20230406 110005.923 INFO             PET0   ATM-TO-OCN: Finalize intro.
20230406 110005.923 INFO             PET0   ATM-TO-OCN: Finalize extro.
20230406 110005.923 INFO             PET0   Calling Finalize phase 1 for connectorComp: OCN-TO-ATM
20230406 110005.923 INFO             PET0   OCN-TO-ATM: Finalize intro.
20230406 110005.923 INFO             PET0   OCN-TO-ATM: Finalize extro.
20230406 110005.923 INFO             PET0   Calling Finalize phase 1 for modelComp: atmA
20230406 110005.924 INFO             PET0   atmA: Finalize intro.
20230406 110005.924 INFO             PET0   atmA: Finalize extro.
20230406 110005.924 INFO             PET0   Calling Finalize phase 1 for modelComp: ocnA
20230406 110005.924 INFO             PET0   ocnA: Finalize intro.
20230406 110005.924 INFO             PET0   ocnA: Finalize extro.
20230406 110005.924 INFO             PET0   Delete modelComp: atmA
20230406 110005.924 INFO             PET0   Delete Import-/Export State for modelComp: atmA
20230406 110005.924 INFO             PET0   Delete modelComp: ocnA
20230406 110005.924 INFO             PET0   Delete Import-/Export State for modelComp: ocnA
20230406 110005.924 INFO             PET0   Delete connectorComp: ATM-TO-OCN
20230406 110005.924 INFO             PET0   Delete connectorComp: OCN-TO-ATM
20230406 110005.924 INFO             PET0 esm: Finalize extro.
20230406 110005.924 INFO             PET0 esmApp FINISHED
20230406 110005.924 INFO             PET0 Finalizing ESMF
20230406 110005.639 INFO             PET1 !!!!!!!!!!!!!!!!!!!!!!!!!!!!!!!!!!!!!!!!!!!!!!!!!!!!!!
20230406 110005.639 INFO             PET1 !!! THE ESMF_LOG IS SET TO OUTPUT ALL LOG MESSAGES !!!
20230406 110005.639 INFO             PET1 !!!     THIS MAY CAUSE SLOWDOWN IN PERFORMANCE     !!!
20230406 110005.639 INFO             PET1 !!! FOR PRODUCTION RUNS, USE:                      !!!
20230406 110005.639 INFO             PET1 !!!                   ESMF_LOGKIND_Multi_On_Error  !!!
20230406 110005.639 INFO             PET1 !!!!!!!!!!!!!!!!!!!!!!!!!!!!!!!!!!!!!!!!!!!!!!!!!!!!!!
20230406 110005.639 INFO             PET1 Running with ESMF Version   : v8.5.0b19
20230406 110005.639 INFO             PET1 ESMF library build date/time: "Apr  6 2023" "08:46:08"
20230406 110005.639 INFO             PET1 ESMF library build location : /discover/nobackup/projects/sbu/mpotts/esmf-test/intel_19.1.3_intelmpi_g_develop/esmf
20230406 110005.639 INFO             PET1 ESMF_COMM                   : intelmpi
20230406 110005.640 INFO             PET1 ESMF_MOAB                   : enabled
20230406 110005.640 INFO             PET1 ESMF_LAPACK                 : enabled
20230406 110005.640 INFO             PET1 ESMF_NETCDF                 : enabled
20230406 110005.640 INFO             PET1 ESMF_PNETCDF                : disabled
20230406 110005.640 INFO             PET1 ESMF_PIO                    : enabled
20230406 110005.640 INFO             PET1 ESMF_YAMLCPP                : enabled
20230406 110005.640 INFO             PET1 esmApp STARTING
20230406 110005.646 INFO             PET1 esm: InitializeGeneric intro.
20230406 110005.646 INFO             PET1   esm: InitializeP0 intro.
20230406 110005.646 INFO             PET1   esm: InitializeP0 extro.
20230406 110005.646 INFO             PET1   esm: InitializeIPDv02p1 intro.
20230406 110005.646 INFO             PET1     >>>esm: entered Initialize (phase=<none>) without valid internal Clock.
20230406 110005.649 INFO             PET1     esm - Creating model component ATM without petList.
20230406 110005.653 INFO             PET1     esm - Creating model component OCN without petList.
20230406 110005.656 INFO             PET1     esm - Creating connector component ATM-TO-OCN without petList.
20230406 110005.663 INFO             PET1     esm - Creating connector component OCN-TO-ATM without petList.
20230406 110005.670 INFO             PET1     esm - Creating state: modelComp 1 Import State
20230406 110005.670 INFO             PET1     esm - Creating state: modelComp 1 Export State
20230406 110005.671 INFO             PET1     esm - Creating state: modelComp 2 Import State
20230406 110005.671 INFO             PET1     esm - Creating state: modelComp 2 Export State
20230406 110005.672 INFO             PET1     ATM: InitializeP0 intro.
20230406 110005.673 INFO             PET1     ATM: InitializeP0 extro.
20230406 110005.673 INFO             PET1     OCN: InitializeP0 intro.
20230406 110005.675 INFO             PET1     OCN: InitializeP0 extro.
20230406 110005.680 INFO             PET1     ATM-TO-OCN: InitializeP0 intro.
20230406 110005.680 INFO             PET1     ATM-TO-OCN: InitializeP0 extro.
20230406 110005.681 INFO             PET1     OCN-TO-ATM: InitializeP0 intro.
20230406 110005.682 INFO             PET1     OCN-TO-ATM: InitializeP0 extro.
20230406 110005.683 INFO             PET1     esm: IInitAdvertise intro.
20230406 110005.684 INFO             PET1     esm: IInitAdvertise extro.
20230406 110005.684 INFO             PET1     ATM: InitializeIPDvXp01 intro.
20230406 110005.686 INFO             PET1     ATM: InitializeIPDvXp01 extro.
20230406 110005.686 INFO             PET1     OCN: InitializeIPDvXp01 intro.
20230406 110005.688 INFO             PET1     OCN: InitializeIPDvXp01 extro.
20230406 110005.690 INFO             PET1     ATM-TO-OCN: InitializeIPDv05p1 intro.
20230406 110005.698 INFO             PET1     ATM-TO-OCN: InitializeIPDv05p1 extro.
20230406 110005.699 INFO             PET1     OCN-TO-ATM: InitializeIPDv05p1 intro.
20230406 110005.703 INFO             PET1     OCN-TO-ATM: InitializeIPDv05p1 extro.
20230406 110005.703 INFO             PET1     esm: IInitAdvertiseFinish intro.
20230406 110005.703 INFO             PET1     esm: IInitAdvertiseFinish extro.
20230406 110005.703 INFO             PET1     ATM-TO-OCN: InitializeIPDv05p2a intro.
20230406 110005.708 INFO             PET1     ATM-TO-OCN: InitializeIPDv05p2a extro.
20230406 110005.708 INFO             PET1     OCN-TO-ATM: InitializeIPDv05p2a intro.
20230406 110005.712 INFO             PET1     OCN-TO-ATM: InitializeIPDv05p2a extro.
20230406 110005.712 INFO             PET1     ATM-TO-OCN: InitializeIPDv05p2b intro.
20230406 110005.717 INFO             PET1     ATM-TO-OCN: InitializeIPDv05p2b extro.
20230406 110005.717 INFO             PET1     OCN-TO-ATM: InitializeIPDv05p2b intro.
20230406 110005.721 INFO             PET1     OCN-TO-ATM: InitializeIPDv05p2b extro.
20230406 110005.721 INFO             PET1     esm: IInitModifyCplLists intro.
20230406 110005.722 INFO             PET1     esm: IInitModifyCplLists extro.
20230406 110005.722 INFO             PET1     ATM-TO-OCN: InitializeIPDv05p3 intro.
20230406 110005.727 INFO             PET1     ATM-TO-OCN: InitializeIPDv05p3 extro.
20230406 110005.727 INFO             PET1     OCN-TO-ATM: InitializeIPDv05p3 intro.
20230406 110005.731 INFO             PET1     OCN-TO-ATM: InitializeIPDv05p3 extro.
20230406 110005.731 INFO             PET1     <<<esm: leaving Initialize (phase=<none>) with current time: 2010  6  1  0  0  0   0
20230406 110005.731 INFO             PET1   esm: InitializeIPDv02p1 extro.
20230406 110005.732 INFO             PET1   esm: InitializeIPDv02p3 intro.
20230406 110005.732 INFO             PET1     >>>esm: entered Initialize (phase=<none>) with current time: 2010  6  1  0  0  0   0
20230406 110005.732 INFO             PET1     esm: IInitCheck intro.
20230406 110005.732 INFO             PET1     esm: IInitCheck extro.
20230406 110005.732 INFO             PET1     atmA: InitializeIPDvXp04 intro.
20230406 110005.738 INFO             PET1     atmA: InitializeIPDvXp04 extro.
20230406 110005.738 INFO             PET1     ocnA: InitializeIPDvXp04 intro.
20230406 110005.743 INFO             PET1     ocnA: InitializeIPDvXp04 extro.
20230406 110005.745 INFO             PET1     ATM-TO-OCN: InitializeIPDv05p4 intro.
20230406 110005.755 INFO             PET1     ATM-TO-OCN: InitializeIPDv05p4 extro.
20230406 110005.755 INFO             PET1     OCN-TO-ATM: InitializeIPDv05p4 intro.
20230406 110005.760 INFO             PET1     OCN-TO-ATM: InitializeIPDv05p4 extro.
20230406 110005.761 INFO             PET1     ATM-TO-OCN: InitializeIPDv05p5 intro.
20230406 110005.768 INFO             PET1     ATM-TO-OCN: InitializeIPDv05p5 extro.
20230406 110005.768 INFO             PET1     OCN-TO-ATM: InitializeIPDv05p5 intro.
20230406 110005.774 INFO             PET1     OCN-TO-ATM: InitializeIPDv05p5 extro.
20230406 110005.774 INFO             PET1     esm: IInitRealize intro.
20230406 110005.774 INFO             PET1     esm: IInitRealize extro.
20230406 110005.774 INFO             PET1     ATM-TO-OCN: InitializeIPDv05p6a intro.
20230406 110005.781 INFO             PET1     ATM-TO-OCN: InitializeIPDv05p6a extro.
20230406 110005.781 INFO             PET1     OCN-TO-ATM: InitializeIPDv05p6a intro.
20230406 110005.786 INFO             PET1     OCN-TO-ATM: InitializeIPDv05p6a extro.
20230406 110005.786 INFO             PET1     ATM-TO-OCN: InitializeIPDv05p6b intro.
20230406 110005.852 INFO             PET1     ATM-TO-OCN: InitializeIPDv05p6b extro.
20230406 110005.852 INFO             PET1     OCN-TO-ATM: InitializeIPDv05p6b intro.
20230406 110005.910 INFO             PET1     OCN-TO-ATM: InitializeIPDv05p6b extro.
20230406 110005.910 INFO             PET1     atmA: InitializeIPDvXp07 intro.
20230406 110005.910 INFO             PET1     atmA: InitializeIPDvXp07 extro.
20230406 110005.911 INFO             PET1     ocnA: InitializeIPDvXp07 intro.
20230406 110005.911 INFO             PET1     ocnA: InitializeIPDvXp07 extro.
20230406 110005.911 INFO             PET1     <<<esm: leaving Initialize (phase=<none>) with current time: 2010  6  1  0  0  0   0
20230406 110005.911 INFO             PET1   esm: InitializeIPDv02p3 extro.
20230406 110005.911 INFO             PET1   esm: InitializeIPDv02p5 intro.
20230406 110005.911 INFO             PET1     >>>esm: entered Initialize (phase=<none>) with current time: 2010  6  1  0  0  0   0
20230406 110005.911 INFO             PET1     esm: this is a top level driver, no 'Updated' and 'InitializeDataComplete' info on this level.
20230406 110005.911 INFO             PET1     esm: InitializeIPDv02p5Data intro.
20230406 110005.911 INFO             PET1       esm: InternalInitializeComplete intro.
20230406 110005.911 INFO             PET1         esm: InitializeDataComplete='true'
20230406 110005.911 INFO             PET1       esm: InternalInitializeComplete extro.
20230406 110005.912 INFO             PET1       atmA: InitializeIPDv01p5 intro.
20230406 110005.912 INFO             PET1       atmA: InitializeIPDv01p5 extro.
20230406 110005.912 INFO             PET1       ocnA: InitializeIPDv01p5 intro.
20230406 110005.912 INFO             PET1       ocnA: InitializeIPDv01p5 extro.
20230406 110005.914 INFO             PET1       esm: components present that trigger loopDataDependentInitialize().
20230406 110005.915 INFO             PET1       esm: loopDataDependentInitialize intro.
20230406 110005.915 INFO             PET1         esm: component    0=esm, dataComplete (local): true
20230406 110005.915 INFO             PET1         esm: component    0=esm, dataComplete (global):  T
20230406 110005.915 INFO             PET1         esm: component    1=atmA, dataComplete (local): true
20230406 110005.915 INFO             PET1         esm: component    1=atmA, dataComplete (global):  T
20230406 110005.915 INFO             PET1         esm: component    2=ocnA, dataComplete (local): true
20230406 110005.915 INFO             PET1         esm: component    2=ocnA, dataComplete (global):  T
20230406 110005.915 INFO             PET1         esm: someProgress= F, allComplete= T, present(dataDepAllComplete)= T
20230406 110005.915 INFO             PET1         esm: finished resolving initialize data dependencies on this level.
20230406 110005.915 INFO             PET1       esm: loopDataDependentInitialize extro.
20230406 110005.915 INFO             PET1       esm: loopDataDependentInitialize() returned with dataDepAllComplete:  T
20230406 110005.915 INFO             PET1     esm: InitializeIPDv02p5Data extro.
20230406 110005.915 INFO             PET1     <<<esm: leaving Initialize (phase=<none>) with current time: 2010  6  1  0  0  0   0
20230406 110005.915 INFO             PET1   esm: InitializeIPDv02p5 extro.
20230406 110005.915 INFO             PET1 esm: InitializeGeneric extro.
20230406 110005.915 INFO             PET1 esm: Run intro.
20230406 110005.915 INFO             PET1   >>>esm entered Run (phase=RunPhase1) with current time: 2010  6  1  0  0  0   0
20230406 110005.915 INFO             PET1   esm: after lable_SetRunClock, current time: 2010  6  1  0  0  0   0
20230406 110005.915 INFO             PET1   esm: begin -------> RunSequence.
20230406 110005.915 INFO             PET1     esm: RunSequence event loopLevel=   1  levelMember=   1  loopIteration=   1, current time: 2010  6  1  0  0  0   0
20230406 110005.915 INFO             PET1     ATM-TO-OCN: Run intro.
20230406 110005.916 INFO             PET1     ATM-TO-OCN: Run extro.
20230406 110005.916 INFO             PET1     OCN-TO-ATM: Run intro.
20230406 110005.916 INFO             PET1     OCN-TO-ATM: Run extro.
20230406 110005.916 INFO             PET1     atmA: Run intro.
20230406 110005.917 INFO             PET1       ------>Advancing ATM from: 2010  6  1  0  0  0   0
20230406 110005.917 INFO             PET1       ---------------------> to: 2010  6  1  0 15  0   0
20230406 110005.917 INFO             PET1     atmA: Run extro.
20230406 110005.917 INFO             PET1     ocnA: Run intro.
20230406 110005.917 INFO             PET1       ------>Advancing OCN from: 2010  6  1  0  0  0   0
20230406 110005.917 INFO             PET1       ---------------------> to: 2010  6  1  0  5  0   0
20230406 110005.917 INFO             PET1       ------>Advancing OCN from: 2010  6  1  0  5  0   0
20230406 110005.917 INFO             PET1       ---------------------> to: 2010  6  1  0 10  0   0
20230406 110005.917 INFO             PET1       ------>Advancing OCN from: 2010  6  1  0 10  0   0
20230406 110005.917 INFO             PET1       ---------------------> to: 2010  6  1  0 15  0   0
20230406 110005.917 INFO             PET1     ocnA: Run extro.
20230406 110005.917 INFO             PET1     esm: RunSequence event loopLevel=   1  levelMember=   1  loopIteration=   2, current time: 2010  6  1  0 15  0   0
20230406 110005.918 INFO             PET1     ATM-TO-OCN: Run intro.
20230406 110005.918 INFO             PET1     ATM-TO-OCN: Run extro.
20230406 110005.918 INFO             PET1     OCN-TO-ATM: Run intro.
20230406 110005.918 INFO             PET1     OCN-TO-ATM: Run extro.
20230406 110005.918 INFO             PET1     atmA: Run intro.
20230406 110005.919 INFO             PET1       ------>Advancing ATM from: 2010  6  1  0 15  0   0
20230406 110005.919 INFO             PET1       ---------------------> to: 2010  6  1  0 30  0   0
20230406 110005.919 INFO             PET1     atmA: Run extro.
20230406 110005.919 INFO             PET1     ocnA: Run intro.
20230406 110005.919 INFO             PET1       ------>Advancing OCN from: 2010  6  1  0 15  0   0
20230406 110005.919 INFO             PET1       ---------------------> to: 2010  6  1  0 20  0   0
20230406 110005.919 INFO             PET1       ------>Advancing OCN from: 2010  6  1  0 20  0   0
20230406 110005.919 INFO             PET1       ---------------------> to: 2010  6  1  0 25  0   0
20230406 110005.919 INFO             PET1       ------>Advancing OCN from: 2010  6  1  0 25  0   0
20230406 110005.919 INFO             PET1       ---------------------> to: 2010  6  1  0 30  0   0
20230406 110005.919 INFO             PET1     ocnA: Run extro.
20230406 110005.919 INFO             PET1     esm: RunSequence event loopLevel=   1  levelMember=   1  loopIteration=   3, current time: 2010  6  1  0 30  0   0
20230406 110005.919 INFO             PET1     ATM-TO-OCN: Run intro.
20230406 110005.920 INFO             PET1     ATM-TO-OCN: Run extro.
20230406 110005.920 INFO             PET1     OCN-TO-ATM: Run intro.
20230406 110005.920 INFO             PET1     OCN-TO-ATM: Run extro.
20230406 110005.920 INFO             PET1     atmA: Run intro.
20230406 110005.921 INFO             PET1       ------>Advancing ATM from: 2010  6  1  0 30  0   0
20230406 110005.921 INFO             PET1       ---------------------> to: 2010  6  1  0 45  0   0
20230406 110005.921 INFO             PET1     atmA: Run extro.
20230406 110005.921 INFO             PET1     ocnA: Run intro.
20230406 110005.921 INFO             PET1       ------>Advancing OCN from: 2010  6  1  0 30  0   0
20230406 110005.921 INFO             PET1       ---------------------> to: 2010  6  1  0 35  0   0
20230406 110005.921 INFO             PET1       ------>Advancing OCN from: 2010  6  1  0 35  0   0
20230406 110005.921 INFO             PET1       ---------------------> to: 2010  6  1  0 40  0   0
20230406 110005.921 INFO             PET1       ------>Advancing OCN from: 2010  6  1  0 40  0   0
20230406 110005.921 INFO             PET1       ---------------------> to: 2010  6  1  0 45  0   0
20230406 110005.921 INFO             PET1     ocnA: Run extro.
20230406 110005.921 INFO             PET1     esm: RunSequence event loopLevel=   1  levelMember=   1  loopIteration=   4, current time: 2010  6  1  0 45  0   0
20230406 110005.921 INFO             PET1     ATM-TO-OCN: Run intro.
20230406 110005.922 INFO             PET1     ATM-TO-OCN: Run extro.
20230406 110005.922 INFO             PET1     OCN-TO-ATM: Run intro.
20230406 110005.922 INFO             PET1     OCN-TO-ATM: Run extro.
20230406 110005.922 INFO             PET1     atmA: Run intro.
20230406 110005.923 INFO             PET1       ------>Advancing ATM from: 2010  6  1  0 45  0   0
20230406 110005.923 INFO             PET1       ---------------------> to: 2010  6  1  1  0  0   0
20230406 110005.923 INFO             PET1     atmA: Run extro.
20230406 110005.923 INFO             PET1     ocnA: Run intro.
20230406 110005.923 INFO             PET1       ------>Advancing OCN from: 2010  6  1  0 45  0   0
20230406 110005.923 INFO             PET1       ---------------------> to: 2010  6  1  0 50  0   0
20230406 110005.923 INFO             PET1       ------>Advancing OCN from: 2010  6  1  0 50  0   0
20230406 110005.923 INFO             PET1       ---------------------> to: 2010  6  1  0 55  0   0
20230406 110005.923 INFO             PET1       ------>Advancing OCN from: 2010  6  1  0 55  0   0
20230406 110005.923 INFO             PET1       ---------------------> to: 2010  6  1  1  0  0   0
20230406 110005.923 INFO             PET1     ocnA: Run extro.
20230406 110005.923 INFO             PET1   esm: end <--------- RunSequence
20230406 110005.923 INFO             PET1   <<<esm - leaving Run with current time: 2010  6  1  1  0  0   0
20230406 110005.923 INFO             PET1 esm: Run extro.
20230406 110005.923 INFO             PET1 esm: Finalize intro.
20230406 110005.923 INFO             PET1   Calling Finalize phase 1 for connectorComp: ATM-TO-OCN
20230406 110005.923 INFO             PET1   ATM-TO-OCN: Finalize intro.
20230406 110005.923 INFO             PET1   ATM-TO-OCN: Finalize extro.
20230406 110005.924 INFO             PET1   Calling Finalize phase 1 for connectorComp: OCN-TO-ATM
20230406 110005.924 INFO             PET1   OCN-TO-ATM: Finalize intro.
20230406 110005.924 INFO             PET1   OCN-TO-ATM: Finalize extro.
20230406 110005.924 INFO             PET1   Calling Finalize phase 1 for modelComp: atmA
20230406 110005.924 INFO             PET1   atmA: Finalize intro.
20230406 110005.924 INFO             PET1   atmA: Finalize extro.
20230406 110005.924 INFO             PET1   Calling Finalize phase 1 for modelComp: ocnA
20230406 110005.924 INFO             PET1   ocnA: Finalize intro.
20230406 110005.924 INFO             PET1   ocnA: Finalize extro.
20230406 110005.924 INFO             PET1   Delete modelComp: atmA
20230406 110005.924 INFO             PET1   Delete Import-/Export State for modelComp: atmA
20230406 110005.924 INFO             PET1   Delete modelComp: ocnA
20230406 110005.924 INFO             PET1   Delete Import-/Export State for modelComp: ocnA
20230406 110005.924 INFO             PET1   Delete connectorComp: ATM-TO-OCN
20230406 110005.924 INFO             PET1   Delete connectorComp: OCN-TO-ATM
20230406 110005.924 INFO             PET1 esm: Finalize extro.
20230406 110005.924 INFO             PET1 esmApp FINISHED
20230406 110005.924 INFO             PET1 Finalizing ESMF
20230406 110005.639 INFO             PET2 !!!!!!!!!!!!!!!!!!!!!!!!!!!!!!!!!!!!!!!!!!!!!!!!!!!!!!
20230406 110005.639 INFO             PET2 !!! THE ESMF_LOG IS SET TO OUTPUT ALL LOG MESSAGES !!!
20230406 110005.639 INFO             PET2 !!!     THIS MAY CAUSE SLOWDOWN IN PERFORMANCE     !!!
20230406 110005.639 INFO             PET2 !!! FOR PRODUCTION RUNS, USE:                      !!!
20230406 110005.639 INFO             PET2 !!!                   ESMF_LOGKIND_Multi_On_Error  !!!
20230406 110005.639 INFO             PET2 !!!!!!!!!!!!!!!!!!!!!!!!!!!!!!!!!!!!!!!!!!!!!!!!!!!!!!
20230406 110005.639 INFO             PET2 Running with ESMF Version   : v8.5.0b19
20230406 110005.639 INFO             PET2 ESMF library build date/time: "Apr  6 2023" "08:46:08"
20230406 110005.639 INFO             PET2 ESMF library build location : /discover/nobackup/projects/sbu/mpotts/esmf-test/intel_19.1.3_intelmpi_g_develop/esmf
20230406 110005.639 INFO             PET2 ESMF_COMM                   : intelmpi
20230406 110005.640 INFO             PET2 ESMF_MOAB                   : enabled
20230406 110005.640 INFO             PET2 ESMF_LAPACK                 : enabled
20230406 110005.640 INFO             PET2 ESMF_NETCDF                 : enabled
20230406 110005.640 INFO             PET2 ESMF_PNETCDF                : disabled
20230406 110005.640 INFO             PET2 ESMF_PIO                    : enabled
20230406 110005.640 INFO             PET2 ESMF_YAMLCPP                : enabled
20230406 110005.640 INFO             PET2 esmApp STARTING
20230406 110005.648 INFO             PET2 esm: InitializeGeneric intro.
20230406 110005.648 INFO             PET2   esm: InitializeP0 intro.
20230406 110005.648 INFO             PET2   esm: InitializeP0 extro.
20230406 110005.648 INFO             PET2   esm: InitializeIPDv02p1 intro.
20230406 110005.648 INFO             PET2     >>>esm: entered Initialize (phase=<none>) without valid internal Clock.
20230406 110005.649 INFO             PET2     esm - Creating model component ATM without petList.
20230406 110005.653 INFO             PET2     esm - Creating model component OCN without petList.
20230406 110005.657 INFO             PET2     esm - Creating connector component ATM-TO-OCN without petList.
20230406 110005.664 INFO             PET2     esm - Creating connector component OCN-TO-ATM without petList.
20230406 110005.672 INFO             PET2     esm - Creating state: modelComp 1 Import State
20230406 110005.672 INFO             PET2     esm - Creating state: modelComp 1 Export State
20230406 110005.673 INFO             PET2     esm - Creating state: modelComp 2 Import State
20230406 110005.673 INFO             PET2     esm - Creating state: modelComp 2 Export State
20230406 110005.674 INFO             PET2     ATM: InitializeP0 intro.
20230406 110005.676 INFO             PET2     ATM: InitializeP0 extro.
20230406 110005.676 INFO             PET2     OCN: InitializeP0 intro.
20230406 110005.678 INFO             PET2     OCN: InitializeP0 extro.
20230406 110005.680 INFO             PET2     ATM-TO-OCN: InitializeP0 intro.
20230406 110005.681 INFO             PET2     ATM-TO-OCN: InitializeP0 extro.
20230406 110005.682 INFO             PET2     OCN-TO-ATM: InitializeP0 intro.
20230406 110005.682 INFO             PET2     OCN-TO-ATM: InitializeP0 extro.
20230406 110005.685 INFO             PET2     esm: IInitAdvertise intro.
20230406 110005.685 INFO             PET2     esm: IInitAdvertise extro.
20230406 110005.685 INFO             PET2     ATM: InitializeIPDvXp01 intro.
20230406 110005.688 INFO             PET2     ATM: InitializeIPDvXp01 extro.
20230406 110005.688 INFO             PET2     OCN: InitializeIPDvXp01 intro.
20230406 110005.691 INFO             PET2     OCN: InitializeIPDvXp01 extro.
20230406 110005.693 INFO             PET2     ATM-TO-OCN: InitializeIPDv05p1 intro.
20230406 110005.699 INFO             PET2     ATM-TO-OCN: InitializeIPDv05p1 extro.
20230406 110005.699 INFO             PET2     OCN-TO-ATM: InitializeIPDv05p1 intro.
20230406 110005.703 INFO             PET2     OCN-TO-ATM: InitializeIPDv05p1 extro.
20230406 110005.703 INFO             PET2     esm: IInitAdvertiseFinish intro.
20230406 110005.703 INFO             PET2     esm: IInitAdvertiseFinish extro.
20230406 110005.703 INFO             PET2     ATM-TO-OCN: InitializeIPDv05p2a intro.
20230406 110005.708 INFO             PET2     ATM-TO-OCN: InitializeIPDv05p2a extro.
20230406 110005.708 INFO             PET2     OCN-TO-ATM: InitializeIPDv05p2a intro.
20230406 110005.712 INFO             PET2     OCN-TO-ATM: InitializeIPDv05p2a extro.
20230406 110005.712 INFO             PET2     ATM-TO-OCN: InitializeIPDv05p2b intro.
20230406 110005.717 INFO             PET2     ATM-TO-OCN: InitializeIPDv05p2b extro.
20230406 110005.717 INFO             PET2     OCN-TO-ATM: InitializeIPDv05p2b intro.
20230406 110005.721 INFO             PET2     OCN-TO-ATM: InitializeIPDv05p2b extro.
20230406 110005.722 INFO             PET2     esm: IInitModifyCplLists intro.
20230406 110005.722 INFO             PET2     esm: IInitModifyCplLists extro.
20230406 110005.722 INFO             PET2     ATM-TO-OCN: InitializeIPDv05p3 intro.
20230406 110005.727 INFO             PET2     ATM-TO-OCN: InitializeIPDv05p3 extro.
20230406 110005.727 INFO             PET2     OCN-TO-ATM: InitializeIPDv05p3 intro.
20230406 110005.732 INFO             PET2     OCN-TO-ATM: InitializeIPDv05p3 extro.
20230406 110005.732 INFO             PET2     <<<esm: leaving Initialize (phase=<none>) with current time: 2010  6  1  0  0  0   0
20230406 110005.732 INFO             PET2   esm: InitializeIPDv02p1 extro.
20230406 110005.732 INFO             PET2   esm: InitializeIPDv02p3 intro.
20230406 110005.732 INFO             PET2     >>>esm: entered Initialize (phase=<none>) with current time: 2010  6  1  0  0  0   0
20230406 110005.732 INFO             PET2     esm: IInitCheck intro.
20230406 110005.732 INFO             PET2     esm: IInitCheck extro.
20230406 110005.733 INFO             PET2     atmA: InitializeIPDvXp04 intro.
20230406 110005.739 INFO             PET2     atmA: InitializeIPDvXp04 extro.
20230406 110005.739 INFO             PET2     ocnA: InitializeIPDvXp04 intro.
20230406 110005.745 INFO             PET2     ocnA: InitializeIPDvXp04 extro.
20230406 110005.748 INFO             PET2     ATM-TO-OCN: InitializeIPDv05p4 intro.
20230406 110005.755 INFO             PET2     ATM-TO-OCN: InitializeIPDv05p4 extro.
20230406 110005.755 INFO             PET2     OCN-TO-ATM: InitializeIPDv05p4 intro.
20230406 110005.761 INFO             PET2     OCN-TO-ATM: InitializeIPDv05p4 extro.
20230406 110005.761 INFO             PET2     ATM-TO-OCN: InitializeIPDv05p5 intro.
20230406 110005.768 INFO             PET2     ATM-TO-OCN: InitializeIPDv05p5 extro.
20230406 110005.769 INFO             PET2     OCN-TO-ATM: InitializeIPDv05p5 intro.
20230406 110005.774 INFO             PET2     OCN-TO-ATM: InitializeIPDv05p5 extro.
20230406 110005.774 INFO             PET2     esm: IInitRealize intro.
20230406 110005.774 INFO             PET2     esm: IInitRealize extro.
20230406 110005.775 INFO             PET2     ATM-TO-OCN: InitializeIPDv05p6a intro.
20230406 110005.781 INFO             PET2     ATM-TO-OCN: InitializeIPDv05p6a extro.
20230406 110005.782 INFO             PET2     OCN-TO-ATM: InitializeIPDv05p6a intro.
20230406 110005.786 INFO             PET2     OCN-TO-ATM: InitializeIPDv05p6a extro.
20230406 110005.786 INFO             PET2     ATM-TO-OCN: InitializeIPDv05p6b intro.
20230406 110005.852 INFO             PET2     ATM-TO-OCN: InitializeIPDv05p6b extro.
20230406 110005.852 INFO             PET2     OCN-TO-ATM: InitializeIPDv05p6b intro.
20230406 110005.910 INFO             PET2     OCN-TO-ATM: InitializeIPDv05p6b extro.
20230406 110005.910 INFO             PET2     atmA: InitializeIPDvXp07 intro.
20230406 110005.911 INFO             PET2     atmA: InitializeIPDvXp07 extro.
20230406 110005.911 INFO             PET2     ocnA: InitializeIPDvXp07 intro.
20230406 110005.911 INFO             PET2     ocnA: InitializeIPDvXp07 extro.
20230406 110005.911 INFO             PET2     <<<esm: leaving Initialize (phase=<none>) with current time: 2010  6  1  0  0  0   0
20230406 110005.911 INFO             PET2   esm: InitializeIPDv02p3 extro.
20230406 110005.911 INFO             PET2   esm: InitializeIPDv02p5 intro.
20230406 110005.911 INFO             PET2     >>>esm: entered Initialize (phase=<none>) with current time: 2010  6  1  0  0  0   0
20230406 110005.911 INFO             PET2     esm: this is a top level driver, no 'Updated' and 'InitializeDataComplete' info on this level.
20230406 110005.911 INFO             PET2     esm: InitializeIPDv02p5Data intro.
20230406 110005.912 INFO             PET2       esm: InternalInitializeComplete intro.
20230406 110005.912 INFO             PET2         esm: InitializeDataComplete='true'
20230406 110005.912 INFO             PET2       esm: InternalInitializeComplete extro.
20230406 110005.912 INFO             PET2       atmA: InitializeIPDv01p5 intro.
20230406 110005.912 INFO             PET2       atmA: InitializeIPDv01p5 extro.
20230406 110005.912 INFO             PET2       ocnA: InitializeIPDv01p5 intro.
20230406 110005.913 INFO             PET2       ocnA: InitializeIPDv01p5 extro.
20230406 110005.914 INFO             PET2       esm: components present that trigger loopDataDependentInitialize().
20230406 110005.915 INFO             PET2       esm: loopDataDependentInitialize intro.
20230406 110005.915 INFO             PET2         esm: component    0=esm, dataComplete (local): true
20230406 110005.915 INFO             PET2         esm: component    0=esm, dataComplete (global):  T
20230406 110005.915 INFO             PET2         esm: component    1=atmA, dataComplete (local): true
20230406 110005.915 INFO             PET2         esm: component    1=atmA, dataComplete (global):  T
20230406 110005.915 INFO             PET2         esm: component    2=ocnA, dataComplete (local): true
20230406 110005.915 INFO             PET2         esm: component    2=ocnA, dataComplete (global):  T
20230406 110005.915 INFO             PET2         esm: someProgress= F, allComplete= T, present(dataDepAllComplete)= T
20230406 110005.915 INFO             PET2         esm: finished resolving initialize data dependencies on this level.
20230406 110005.915 INFO             PET2       esm: loopDataDependentInitialize extro.
20230406 110005.915 INFO             PET2       esm: loopDataDependentInitialize() returned with dataDepAllComplete:  T
20230406 110005.915 INFO             PET2     esm: InitializeIPDv02p5Data extro.
20230406 110005.915 INFO             PET2     <<<esm: leaving Initialize (phase=<none>) with current time: 2010  6  1  0  0  0   0
20230406 110005.915 INFO             PET2   esm: InitializeIPDv02p5 extro.
20230406 110005.915 INFO             PET2 esm: InitializeGeneric extro.
20230406 110005.915 INFO             PET2 esm: Run intro.
20230406 110005.915 INFO             PET2   >>>esm entered Run (phase=RunPhase1) with current time: 2010  6  1  0  0  0   0
20230406 110005.915 INFO             PET2   esm: after lable_SetRunClock, current time: 2010  6  1  0  0  0   0
20230406 110005.915 INFO             PET2   esm: begin -------> RunSequence.
20230406 110005.915 INFO             PET2     esm: RunSequence event loopLevel=   1  levelMember=   1  loopIteration=   1, current time: 2010  6  1  0  0  0   0
20230406 110005.916 INFO             PET2     ATM-TO-OCN: Run intro.
20230406 110005.916 INFO             PET2     ATM-TO-OCN: Run extro.
20230406 110005.916 INFO             PET2     OCN-TO-ATM: Run intro.
20230406 110005.916 INFO             PET2     OCN-TO-ATM: Run extro.
20230406 110005.917 INFO             PET2     atmA: Run intro.
20230406 110005.917 INFO             PET2       ------>Advancing ATM from: 2010  6  1  0  0  0   0
20230406 110005.917 INFO             PET2       ---------------------> to: 2010  6  1  0 15  0   0
20230406 110005.917 INFO             PET2     atmA: Run extro.
20230406 110005.917 INFO             PET2     ocnA: Run intro.
20230406 110005.917 INFO             PET2       ------>Advancing OCN from: 2010  6  1  0  0  0   0
20230406 110005.917 INFO             PET2       ---------------------> to: 2010  6  1  0  5  0   0
20230406 110005.917 INFO             PET2       ------>Advancing OCN from: 2010  6  1  0  5  0   0
20230406 110005.917 INFO             PET2       ---------------------> to: 2010  6  1  0 10  0   0
20230406 110005.917 INFO             PET2       ------>Advancing OCN from: 2010  6  1  0 10  0   0
20230406 110005.917 INFO             PET2       ---------------------> to: 2010  6  1  0 15  0   0
20230406 110005.918 INFO             PET2     ocnA: Run extro.
20230406 110005.918 INFO             PET2     esm: RunSequence event loopLevel=   1  levelMember=   1  loopIteration=   2, current time: 2010  6  1  0 15  0   0
20230406 110005.918 INFO             PET2     ATM-TO-OCN: Run intro.
20230406 110005.918 INFO             PET2     ATM-TO-OCN: Run extro.
20230406 110005.918 INFO             PET2     OCN-TO-ATM: Run intro.
20230406 110005.918 INFO             PET2     OCN-TO-ATM: Run extro.
20230406 110005.919 INFO             PET2     atmA: Run intro.
20230406 110005.919 INFO             PET2       ------>Advancing ATM from: 2010  6  1  0 15  0   0
20230406 110005.919 INFO             PET2       ---------------------> to: 2010  6  1  0 30  0   0
20230406 110005.919 INFO             PET2     atmA: Run extro.
20230406 110005.919 INFO             PET2     ocnA: Run intro.
20230406 110005.919 INFO             PET2       ------>Advancing OCN from: 2010  6  1  0 15  0   0
20230406 110005.919 INFO             PET2       ---------------------> to: 2010  6  1  0 20  0   0
20230406 110005.919 INFO             PET2       ------>Advancing OCN from: 2010  6  1  0 20  0   0
20230406 110005.919 INFO             PET2       ---------------------> to: 2010  6  1  0 25  0   0
20230406 110005.919 INFO             PET2       ------>Advancing OCN from: 2010  6  1  0 25  0   0
20230406 110005.919 INFO             PET2       ---------------------> to: 2010  6  1  0 30  0   0
20230406 110005.919 INFO             PET2     ocnA: Run extro.
20230406 110005.920 INFO             PET2     esm: RunSequence event loopLevel=   1  levelMember=   1  loopIteration=   3, current time: 2010  6  1  0 30  0   0
20230406 110005.920 INFO             PET2     ATM-TO-OCN: Run intro.
20230406 110005.920 INFO             PET2     ATM-TO-OCN: Run extro.
20230406 110005.920 INFO             PET2     OCN-TO-ATM: Run intro.
20230406 110005.920 INFO             PET2     OCN-TO-ATM: Run extro.
20230406 110005.920 INFO             PET2     atmA: Run intro.
20230406 110005.921 INFO             PET2       ------>Advancing ATM from: 2010  6  1  0 30  0   0
20230406 110005.921 INFO             PET2       ---------------------> to: 2010  6  1  0 45  0   0
20230406 110005.921 INFO             PET2     atmA: Run extro.
20230406 110005.921 INFO             PET2     ocnA: Run intro.
20230406 110005.921 INFO             PET2       ------>Advancing OCN from: 2010  6  1  0 30  0   0
20230406 110005.921 INFO             PET2       ---------------------> to: 2010  6  1  0 35  0   0
20230406 110005.921 INFO             PET2       ------>Advancing OCN from: 2010  6  1  0 35  0   0
20230406 110005.921 INFO             PET2       ---------------------> to: 2010  6  1  0 40  0   0
20230406 110005.921 INFO             PET2       ------>Advancing OCN from: 2010  6  1  0 40  0   0
20230406 110005.921 INFO             PET2       ---------------------> to: 2010  6  1  0 45  0   0
20230406 110005.921 INFO             PET2     ocnA: Run extro.
20230406 110005.921 INFO             PET2     esm: RunSequence event loopLevel=   1  levelMember=   1  loopIteration=   4, current time: 2010  6  1  0 45  0   0
20230406 110005.922 INFO             PET2     ATM-TO-OCN: Run intro.
20230406 110005.922 INFO             PET2     ATM-TO-OCN: Run extro.
20230406 110005.922 INFO             PET2     OCN-TO-ATM: Run intro.
20230406 110005.922 INFO             PET2     OCN-TO-ATM: Run extro.
20230406 110005.922 INFO             PET2     atmA: Run intro.
20230406 110005.923 INFO             PET2       ------>Advancing ATM from: 2010  6  1  0 45  0   0
20230406 110005.923 INFO             PET2       ---------------------> to: 2010  6  1  1  0  0   0
20230406 110005.923 INFO             PET2     atmA: Run extro.
20230406 110005.923 INFO             PET2     ocnA: Run intro.
20230406 110005.923 INFO             PET2       ------>Advancing OCN from: 2010  6  1  0 45  0   0
20230406 110005.923 INFO             PET2       ---------------------> to: 2010  6  1  0 50  0   0
20230406 110005.923 INFO             PET2       ------>Advancing OCN from: 2010  6  1  0 50  0   0
20230406 110005.923 INFO             PET2       ---------------------> to: 2010  6  1  0 55  0   0
20230406 110005.923 INFO             PET2       ------>Advancing OCN from: 2010  6  1  0 55  0   0
20230406 110005.923 INFO             PET2       ---------------------> to: 2010  6  1  1  0  0   0
20230406 110005.923 INFO             PET2     ocnA: Run extro.
20230406 110005.923 INFO             PET2   esm: end <--------- RunSequence
20230406 110005.923 INFO             PET2   <<<esm - leaving Run with current time: 2010  6  1  1  0  0   0
20230406 110005.923 INFO             PET2 esm: Run extro.
20230406 110005.924 INFO             PET2 esm: Finalize intro.
20230406 110005.924 INFO             PET2   Calling Finalize phase 1 for connectorComp: ATM-TO-OCN
20230406 110005.924 INFO             PET2   ATM-TO-OCN: Finalize intro.
20230406 110005.924 INFO             PET2   ATM-TO-OCN: Finalize extro.
20230406 110005.924 INFO             PET2   Calling Finalize phase 1 for connectorComp: OCN-TO-ATM
20230406 110005.924 INFO             PET2   OCN-TO-ATM: Finalize intro.
20230406 110005.924 INFO             PET2   OCN-TO-ATM: Finalize extro.
20230406 110005.924 INFO             PET2   Calling Finalize phase 1 for modelComp: atmA
20230406 110005.924 INFO             PET2   atmA: Finalize intro.
20230406 110005.924 INFO             PET2   atmA: Finalize extro.
20230406 110005.924 INFO             PET2   Calling Finalize phase 1 for modelComp: ocnA
20230406 110005.924 INFO             PET2   ocnA: Finalize intro.
20230406 110005.924 INFO             PET2   ocnA: Finalize extro.
20230406 110005.924 INFO             PET2   Delete modelComp: atmA
20230406 110005.925 INFO             PET2   Delete Import-/Export State for modelComp: atmA
20230406 110005.925 INFO             PET2   Delete modelComp: ocnA
20230406 110005.925 INFO             PET2   Delete Import-/Export State for modelComp: ocnA
20230406 110005.925 INFO             PET2   Delete connectorComp: ATM-TO-OCN
20230406 110005.925 INFO             PET2   Delete connectorComp: OCN-TO-ATM
20230406 110005.925 INFO             PET2 esm: Finalize extro.
20230406 110005.925 INFO             PET2 esmApp FINISHED
20230406 110005.925 INFO             PET2 Finalizing ESMF
20230406 110005.639 INFO             PET3 !!!!!!!!!!!!!!!!!!!!!!!!!!!!!!!!!!!!!!!!!!!!!!!!!!!!!!
20230406 110005.639 INFO             PET3 !!! THE ESMF_LOG IS SET TO OUTPUT ALL LOG MESSAGES !!!
20230406 110005.639 INFO             PET3 !!!     THIS MAY CAUSE SLOWDOWN IN PERFORMANCE     !!!
20230406 110005.639 INFO             PET3 !!! FOR PRODUCTION RUNS, USE:                      !!!
20230406 110005.639 INFO             PET3 !!!                   ESMF_LOGKIND_Multi_On_Error  !!!
20230406 110005.639 INFO             PET3 !!!!!!!!!!!!!!!!!!!!!!!!!!!!!!!!!!!!!!!!!!!!!!!!!!!!!!
20230406 110005.639 INFO             PET3 Running with ESMF Version   : v8.5.0b19
20230406 110005.639 INFO             PET3 ESMF library build date/time: "Apr  6 2023" "08:46:08"
20230406 110005.639 INFO             PET3 ESMF library build location : /discover/nobackup/projects/sbu/mpotts/esmf-test/intel_19.1.3_intelmpi_g_develop/esmf
20230406 110005.639 INFO             PET3 ESMF_COMM                   : intelmpi
20230406 110005.640 INFO             PET3 ESMF_MOAB                   : enabled
20230406 110005.640 INFO             PET3 ESMF_LAPACK                 : enabled
20230406 110005.640 INFO             PET3 ESMF_NETCDF                 : enabled
20230406 110005.640 INFO             PET3 ESMF_PNETCDF                : disabled
20230406 110005.640 INFO             PET3 ESMF_PIO                    : enabled
20230406 110005.640 INFO             PET3 ESMF_YAMLCPP                : enabled
20230406 110005.640 INFO             PET3 esmApp STARTING
20230406 110005.647 INFO             PET3 esm: InitializeGeneric intro.
20230406 110005.647 INFO             PET3   esm: InitializeP0 intro.
20230406 110005.647 INFO             PET3   esm: InitializeP0 extro.
20230406 110005.647 INFO             PET3   esm: InitializeIPDv02p1 intro.
20230406 110005.647 INFO             PET3     >>>esm: entered Initialize (phase=<none>) without valid internal Clock.
20230406 110005.649 INFO             PET3     esm - Creating model component ATM without petList.
20230406 110005.653 INFO             PET3     esm - Creating model component OCN without petList.
20230406 110005.656 INFO             PET3     esm - Creating connector component ATM-TO-OCN without petList.
20230406 110005.663 INFO             PET3     esm - Creating connector component OCN-TO-ATM without petList.
20230406 110005.671 INFO             PET3     esm - Creating state: modelComp 1 Import State
20230406 110005.671 INFO             PET3     esm - Creating state: modelComp 1 Export State
20230406 110005.671 INFO             PET3     esm - Creating state: modelComp 2 Import State
20230406 110005.671 INFO             PET3     esm - Creating state: modelComp 2 Export State
20230406 110005.672 INFO             PET3     ATM: InitializeP0 intro.
20230406 110005.674 INFO             PET3     ATM: InitializeP0 extro.
20230406 110005.674 INFO             PET3     OCN: InitializeP0 intro.
20230406 110005.675 INFO             PET3     OCN: InitializeP0 extro.
20230406 110005.680 INFO             PET3     ATM-TO-OCN: InitializeP0 intro.
20230406 110005.681 INFO             PET3     ATM-TO-OCN: InitializeP0 extro.
20230406 110005.681 INFO             PET3     OCN-TO-ATM: InitializeP0 intro.
20230406 110005.682 INFO             PET3     OCN-TO-ATM: InitializeP0 extro.
20230406 110005.684 INFO             PET3     esm: IInitAdvertise intro.
20230406 110005.684 INFO             PET3     esm: IInitAdvertise extro.
20230406 110005.684 INFO             PET3     ATM: InitializeIPDvXp01 intro.
20230406 110005.686 INFO             PET3     ATM: InitializeIPDvXp01 extro.
20230406 110005.686 INFO             PET3     OCN: InitializeIPDvXp01 intro.
20230406 110005.689 INFO             PET3     OCN: InitializeIPDvXp01 extro.
20230406 110005.691 INFO             PET3     ATM-TO-OCN: InitializeIPDv05p1 intro.
20230406 110005.698 INFO             PET3     ATM-TO-OCN: InitializeIPDv05p1 extro.
20230406 110005.699 INFO             PET3     OCN-TO-ATM: InitializeIPDv05p1 intro.
20230406 110005.703 INFO             PET3     OCN-TO-ATM: InitializeIPDv05p1 extro.
20230406 110005.703 INFO             PET3     esm: IInitAdvertiseFinish intro.
20230406 110005.703 INFO             PET3     esm: IInitAdvertiseFinish extro.
20230406 110005.703 INFO             PET3     ATM-TO-OCN: InitializeIPDv05p2a intro.
20230406 110005.708 INFO             PET3     ATM-TO-OCN: InitializeIPDv05p2a extro.
20230406 110005.708 INFO             PET3     OCN-TO-ATM: InitializeIPDv05p2a intro.
20230406 110005.712 INFO             PET3     OCN-TO-ATM: InitializeIPDv05p2a extro.
20230406 110005.712 INFO             PET3     ATM-TO-OCN: InitializeIPDv05p2b intro.
20230406 110005.717 INFO             PET3     ATM-TO-OCN: InitializeIPDv05p2b extro.
20230406 110005.717 INFO             PET3     OCN-TO-ATM: InitializeIPDv05p2b intro.
20230406 110005.721 INFO             PET3     OCN-TO-ATM: InitializeIPDv05p2b extro.
20230406 110005.721 INFO             PET3     esm: IInitModifyCplLists intro.
20230406 110005.722 INFO             PET3     esm: IInitModifyCplLists extro.
20230406 110005.722 INFO             PET3     ATM-TO-OCN: InitializeIPDv05p3 intro.
20230406 110005.727 INFO             PET3     ATM-TO-OCN: InitializeIPDv05p3 extro.
20230406 110005.727 INFO             PET3     OCN-TO-ATM: InitializeIPDv05p3 intro.
20230406 110005.731 INFO             PET3     OCN-TO-ATM: InitializeIPDv05p3 extro.
20230406 110005.731 INFO             PET3     <<<esm: leaving Initialize (phase=<none>) with current time: 2010  6  1  0  0  0   0
20230406 110005.731 INFO             PET3   esm: InitializeIPDv02p1 extro.
20230406 110005.732 INFO             PET3   esm: InitializeIPDv02p3 intro.
20230406 110005.732 INFO             PET3     >>>esm: entered Initialize (phase=<none>) with current time: 2010  6  1  0  0  0   0
20230406 110005.732 INFO             PET3     esm: IInitCheck intro.
20230406 110005.732 INFO             PET3     esm: IInitCheck extro.
20230406 110005.732 INFO             PET3     atmA: InitializeIPDvXp04 intro.
20230406 110005.738 INFO             PET3     atmA: InitializeIPDvXp04 extro.
20230406 110005.738 INFO             PET3     ocnA: InitializeIPDvXp04 intro.
20230406 110005.743 INFO             PET3     ocnA: InitializeIPDvXp04 extro.
20230406 110005.745 INFO             PET3     ATM-TO-OCN: InitializeIPDv05p4 intro.
20230406 110005.755 INFO             PET3     ATM-TO-OCN: InitializeIPDv05p4 extro.
20230406 110005.755 INFO             PET3     OCN-TO-ATM: InitializeIPDv05p4 intro.
20230406 110005.760 INFO             PET3     OCN-TO-ATM: InitializeIPDv05p4 extro.
20230406 110005.761 INFO             PET3     ATM-TO-OCN: InitializeIPDv05p5 intro.
20230406 110005.768 INFO             PET3     ATM-TO-OCN: InitializeIPDv05p5 extro.
20230406 110005.768 INFO             PET3     OCN-TO-ATM: InitializeIPDv05p5 intro.
20230406 110005.774 INFO             PET3     OCN-TO-ATM: InitializeIPDv05p5 extro.
20230406 110005.774 INFO             PET3     esm: IInitRealize intro.
20230406 110005.774 INFO             PET3     esm: IInitRealize extro.
20230406 110005.774 INFO             PET3     ATM-TO-OCN: InitializeIPDv05p6a intro.
20230406 110005.781 INFO             PET3     ATM-TO-OCN: InitializeIPDv05p6a extro.
20230406 110005.781 INFO             PET3     OCN-TO-ATM: InitializeIPDv05p6a intro.
20230406 110005.786 INFO             PET3     OCN-TO-ATM: InitializeIPDv05p6a extro.
20230406 110005.786 INFO             PET3     ATM-TO-OCN: InitializeIPDv05p6b intro.
20230406 110005.852 INFO             PET3     ATM-TO-OCN: InitializeIPDv05p6b extro.
20230406 110005.852 INFO             PET3     OCN-TO-ATM: InitializeIPDv05p6b intro.
20230406 110005.910 INFO             PET3     OCN-TO-ATM: InitializeIPDv05p6b extro.
20230406 110005.910 INFO             PET3     atmA: InitializeIPDvXp07 intro.
20230406 110005.911 INFO             PET3     atmA: InitializeIPDvXp07 extro.
20230406 110005.911 INFO             PET3     ocnA: InitializeIPDvXp07 intro.
20230406 110005.911 INFO             PET3     ocnA: InitializeIPDvXp07 extro.
20230406 110005.911 INFO             PET3     <<<esm: leaving Initialize (phase=<none>) with current time: 2010  6  1  0  0  0   0
20230406 110005.911 INFO             PET3   esm: InitializeIPDv02p3 extro.
20230406 110005.911 INFO             PET3   esm: InitializeIPDv02p5 intro.
20230406 110005.911 INFO             PET3     >>>esm: entered Initialize (phase=<none>) with current time: 2010  6  1  0  0  0   0
20230406 110005.911 INFO             PET3     esm: this is a top level driver, no 'Updated' and 'InitializeDataComplete' info on this level.
20230406 110005.911 INFO             PET3     esm: InitializeIPDv02p5Data intro.
20230406 110005.911 INFO             PET3       esm: InternalInitializeComplete intro.
20230406 110005.912 INFO             PET3         esm: InitializeDataComplete='true'
20230406 110005.912 INFO             PET3       esm: InternalInitializeComplete extro.
20230406 110005.912 INFO             PET3       atmA: InitializeIPDv01p5 intro.
20230406 110005.912 INFO             PET3       atmA: InitializeIPDv01p5 extro.
20230406 110005.912 INFO             PET3       ocnA: InitializeIPDv01p5 intro.
20230406 110005.912 INFO             PET3       ocnA: InitializeIPDv01p5 extro.
20230406 110005.914 INFO             PET3       esm: components present that trigger loopDataDependentInitialize().
20230406 110005.915 INFO             PET3       esm: loopDataDependentInitialize intro.
20230406 110005.915 INFO             PET3         esm: component    0=esm, dataComplete (local): true
20230406 110005.915 INFO             PET3         esm: component    0=esm, dataComplete (global):  T
20230406 110005.915 INFO             PET3         esm: component    1=atmA, dataComplete (local): true
20230406 110005.915 INFO             PET3         esm: component    1=atmA, dataComplete (global):  T
20230406 110005.915 INFO             PET3         esm: component    2=ocnA, dataComplete (local): true
20230406 110005.915 INFO             PET3         esm: component    2=ocnA, dataComplete (global):  T
20230406 110005.915 INFO             PET3         esm: someProgress= F, allComplete= T, present(dataDepAllComplete)= T
20230406 110005.915 INFO             PET3         esm: finished resolving initialize data dependencies on this level.
20230406 110005.915 INFO             PET3       esm: loopDataDependentInitialize extro.
20230406 110005.915 INFO             PET3       esm: loopDataDependentInitialize() returned with dataDepAllComplete:  T
20230406 110005.915 INFO             PET3     esm: InitializeIPDv02p5Data extro.
20230406 110005.915 INFO             PET3     <<<esm: leaving Initialize (phase=<none>) with current time: 2010  6  1  0  0  0   0
20230406 110005.915 INFO             PET3   esm: InitializeIPDv02p5 extro.
20230406 110005.915 INFO             PET3 esm: InitializeGeneric extro.
20230406 110005.915 INFO             PET3 esm: Run intro.
20230406 110005.915 INFO             PET3   >>>esm entered Run (phase=RunPhase1) with current time: 2010  6  1  0  0  0   0
20230406 110005.915 INFO             PET3   esm: after lable_SetRunClock, current time: 2010  6  1  0  0  0   0
20230406 110005.915 INFO             PET3   esm: begin -------> RunSequence.
20230406 110005.915 INFO             PET3     esm: RunSequence event loopLevel=   1  levelMember=   1  loopIteration=   1, current time: 2010  6  1  0  0  0   0
20230406 110005.915 INFO             PET3     ATM-TO-OCN: Run intro.
20230406 110005.916 INFO             PET3     ATM-TO-OCN: Run extro.
20230406 110005.916 INFO             PET3     OCN-TO-ATM: Run intro.
20230406 110005.916 INFO             PET3     OCN-TO-ATM: Run extro.
20230406 110005.916 INFO             PET3     atmA: Run intro.
20230406 110005.917 INFO             PET3       ------>Advancing ATM from: 2010  6  1  0  0  0   0
20230406 110005.917 INFO             PET3       ---------------------> to: 2010  6  1  0 15  0   0
20230406 110005.917 INFO             PET3     atmA: Run extro.
20230406 110005.917 INFO             PET3     ocnA: Run intro.
20230406 110005.917 INFO             PET3       ------>Advancing OCN from: 2010  6  1  0  0  0   0
20230406 110005.917 INFO             PET3       ---------------------> to: 2010  6  1  0  5  0   0
20230406 110005.917 INFO             PET3       ------>Advancing OCN from: 2010  6  1  0  5  0   0
20230406 110005.917 INFO             PET3       ---------------------> to: 2010  6  1  0 10  0   0
20230406 110005.917 INFO             PET3       ------>Advancing OCN from: 2010  6  1  0 10  0   0
20230406 110005.917 INFO             PET3       ---------------------> to: 2010  6  1  0 15  0   0
20230406 110005.917 INFO             PET3     ocnA: Run extro.
20230406 110005.917 INFO             PET3     esm: RunSequence event loopLevel=   1  levelMember=   1  loopIteration=   2, current time: 2010  6  1  0 15  0   0
20230406 110005.918 INFO             PET3     ATM-TO-OCN: Run intro.
20230406 110005.918 INFO             PET3     ATM-TO-OCN: Run extro.
20230406 110005.918 INFO             PET3     OCN-TO-ATM: Run intro.
20230406 110005.918 INFO             PET3     OCN-TO-ATM: Run extro.
20230406 110005.918 INFO             PET3     atmA: Run intro.
20230406 110005.919 INFO             PET3       ------>Advancing ATM from: 2010  6  1  0 15  0   0
20230406 110005.919 INFO             PET3       ---------------------> to: 2010  6  1  0 30  0   0
20230406 110005.919 INFO             PET3     atmA: Run extro.
20230406 110005.919 INFO             PET3     ocnA: Run intro.
20230406 110005.919 INFO             PET3       ------>Advancing OCN from: 2010  6  1  0 15  0   0
20230406 110005.919 INFO             PET3       ---------------------> to: 2010  6  1  0 20  0   0
20230406 110005.919 INFO             PET3       ------>Advancing OCN from: 2010  6  1  0 20  0   0
20230406 110005.919 INFO             PET3       ---------------------> to: 2010  6  1  0 25  0   0
20230406 110005.919 INFO             PET3       ------>Advancing OCN from: 2010  6  1  0 25  0   0
20230406 110005.919 INFO             PET3       ---------------------> to: 2010  6  1  0 30  0   0
20230406 110005.919 INFO             PET3     ocnA: Run extro.
20230406 110005.919 INFO             PET3     esm: RunSequence event loopLevel=   1  levelMember=   1  loopIteration=   3, current time: 2010  6  1  0 30  0   0
20230406 110005.919 INFO             PET3     ATM-TO-OCN: Run intro.
20230406 110005.920 INFO             PET3     ATM-TO-OCN: Run extro.
20230406 110005.920 INFO             PET3     OCN-TO-ATM: Run intro.
20230406 110005.920 INFO             PET3     OCN-TO-ATM: Run extro.
20230406 110005.920 INFO             PET3     atmA: Run intro.
20230406 110005.921 INFO             PET3       ------>Advancing ATM from: 2010  6  1  0 30  0   0
20230406 110005.921 INFO             PET3       ---------------------> to: 2010  6  1  0 45  0   0
20230406 110005.921 INFO             PET3     atmA: Run extro.
20230406 110005.921 INFO             PET3     ocnA: Run intro.
20230406 110005.921 INFO             PET3       ------>Advancing OCN from: 2010  6  1  0 30  0   0
20230406 110005.921 INFO             PET3       ---------------------> to: 2010  6  1  0 35  0   0
20230406 110005.921 INFO             PET3       ------>Advancing OCN from: 2010  6  1  0 35  0   0
20230406 110005.921 INFO             PET3       ---------------------> to: 2010  6  1  0 40  0   0
20230406 110005.921 INFO             PET3       ------>Advancing OCN from: 2010  6  1  0 40  0   0
20230406 110005.921 INFO             PET3       ---------------------> to: 2010  6  1  0 45  0   0
20230406 110005.921 INFO             PET3     ocnA: Run extro.
20230406 110005.921 INFO             PET3     esm: RunSequence event loopLevel=   1  levelMember=   1  loopIteration=   4, current time: 2010  6  1  0 45  0   0
20230406 110005.921 INFO             PET3     ATM-TO-OCN: Run intro.
20230406 110005.922 INFO             PET3     ATM-TO-OCN: Run extro.
20230406 110005.922 INFO             PET3     OCN-TO-ATM: Run intro.
20230406 110005.922 INFO             PET3     OCN-TO-ATM: Run extro.
20230406 110005.922 INFO             PET3     atmA: Run intro.
20230406 110005.923 INFO             PET3       ------>Advancing ATM from: 2010  6  1  0 45  0   0
20230406 110005.923 INFO             PET3       ---------------------> to: 2010  6  1  1  0  0   0
20230406 110005.923 INFO             PET3     atmA: Run extro.
20230406 110005.923 INFO             PET3     ocnA: Run intro.
20230406 110005.923 INFO             PET3       ------>Advancing OCN from: 2010  6  1  0 45  0   0
20230406 110005.923 INFO             PET3       ---------------------> to: 2010  6  1  0 50  0   0
20230406 110005.923 INFO             PET3       ------>Advancing OCN from: 2010  6  1  0 50  0   0
20230406 110005.923 INFO             PET3       ---------------------> to: 2010  6  1  0 55  0   0
20230406 110005.923 INFO             PET3       ------>Advancing OCN from: 2010  6  1  0 55  0   0
20230406 110005.923 INFO             PET3       ---------------------> to: 2010  6  1  1  0  0   0
20230406 110005.923 INFO             PET3     ocnA: Run extro.
20230406 110005.923 INFO             PET3   esm: end <--------- RunSequence
20230406 110005.923 INFO             PET3   <<<esm - leaving Run with current time: 2010  6  1  1  0  0   0
20230406 110005.923 INFO             PET3 esm: Run extro.
20230406 110005.923 INFO             PET3 esm: Finalize intro.
20230406 110005.923 INFO             PET3   Calling Finalize phase 1 for connectorComp: ATM-TO-OCN
20230406 110005.923 INFO             PET3   ATM-TO-OCN: Finalize intro.
20230406 110005.924 INFO             PET3   ATM-TO-OCN: Finalize extro.
20230406 110005.924 INFO             PET3   Calling Finalize phase 1 for connectorComp: OCN-TO-ATM
20230406 110005.924 INFO             PET3   OCN-TO-ATM: Finalize intro.
20230406 110005.924 INFO             PET3   OCN-TO-ATM: Finalize extro.
20230406 110005.924 INFO             PET3   Calling Finalize phase 1 for modelComp: atmA
20230406 110005.924 INFO             PET3   atmA: Finalize intro.
20230406 110005.924 INFO             PET3   atmA: Finalize extro.
20230406 110005.924 INFO             PET3   Calling Finalize phase 1 for modelComp: ocnA
20230406 110005.924 INFO             PET3   ocnA: Finalize intro.
20230406 110005.924 INFO             PET3   ocnA: Finalize extro.
20230406 110005.924 INFO             PET3   Delete modelComp: atmA
20230406 110005.924 INFO             PET3   Delete Import-/Export State for modelComp: atmA
20230406 110005.924 INFO             PET3   Delete modelComp: ocnA
20230406 110005.924 INFO             PET3   Delete Import-/Export State for modelComp: ocnA
20230406 110005.924 INFO             PET3   Delete connectorComp: ATM-TO-OCN
20230406 110005.924 INFO             PET3   Delete connectorComp: OCN-TO-ATM
20230406 110005.925 INFO             PET3 esm: Finalize extro.
20230406 110005.925 INFO             PET3 esmApp FINISHED
20230406 110005.925 INFO             PET3 Finalizing ESMF
