2023-03-27 02:05:49
20230327 025048.399 INFO             PET0 !!!!!!!!!!!!!!!!!!!!!!!!!!!!!!!!!!!!!!!!!!!!!!!!!!!!!!
20230327 025048.400 INFO             PET0 !!! THE ESMF_LOG IS SET TO OUTPUT ALL LOG MESSAGES !!!
20230327 025048.400 INFO             PET0 !!!     THIS MAY CAUSE SLOWDOWN IN PERFORMANCE     !!!
20230327 025048.400 INFO             PET0 !!! FOR PRODUCTION RUNS, USE:                      !!!
20230327 025048.400 INFO             PET0 !!!                   ESMF_LOGKIND_Multi_On_Error  !!!
20230327 025048.400 INFO             PET0 !!!!!!!!!!!!!!!!!!!!!!!!!!!!!!!!!!!!!!!!!!!!!!!!!!!!!!
20230327 025048.400 INFO             PET0 Running with ESMF Version   : v8.5.0b18-5-ge74a33b91d
20230327 025048.400 INFO             PET0 ESMF library build date/time: "Mar 27 2023" "02:03:09"
20230327 025048.400 INFO             PET0 ESMF library build location : /discover/nobackup/projects/sbu/mpotts/esmf-test/intel_19.1.3_intelmpi_g_develop/esmf
20230327 025048.400 INFO             PET0 ESMF_COMM                   : intelmpi
20230327 025048.400 INFO             PET0 ESMF_MOAB                   : enabled
20230327 025048.400 INFO             PET0 ESMF_LAPACK                 : enabled
20230327 025048.400 INFO             PET0 ESMF_NETCDF                 : enabled
20230327 025048.400 INFO             PET0 ESMF_PNETCDF                : disabled
20230327 025048.400 INFO             PET0 ESMF_PIO                    : enabled
20230327 025048.400 INFO             PET0 ESMF_YAMLCPP                : enabled
20230327 025048.401 INFO             PET0 mainApp STARTING
20230327 025048.407 INFO             PET0 driver: InitializeGeneric intro.
20230327 025048.407 INFO             PET0   driver: InitializeP0 intro.
20230327 025048.407 INFO             PET0   driver: InitializeP0 extro.
20230327 025048.407 INFO             PET0   driver: InitializeIPDv02p1 intro.
20230327 025048.407 INFO             PET0     >>>driver: entered Initialize (phase=<none>) without valid internal Clock.
20230327 025048.409 INFO             PET0     driver - Creating model component MODEL without petList.
20230327 025048.412 INFO             PET0      GridCompIsPetLocal:  T
20230327 025048.412 INFO             PET0      VmIsCreated:  T
20230327 025048.412 INFO             PET0      valid MPI_COMM with size=           4
20230327 025048.412 INFO             PET0     driver - Creating state: modelComp 1 Import State
20230327 025048.412 INFO             PET0     driver - Creating state: modelComp 1 Export State
20230327 025048.413 INFO             PET0     MODEL: InitializeP0 intro.
20230327 025048.413 INFO             PET0       >>>MODEL: entered Initialize (phase=<none>) without valid internal Clock.
20230327 025048.415 INFO             PET0       <<<MODEL: leaving Initialize (phase=<none>) without valid internal Clock.
20230327 025048.415 INFO             PET0     MODEL: InitializeP0 extro.
20230327 025048.418 INFO             PET0     driver: IInitAdvertise intro.
20230327 025048.418 INFO             PET0     driver: IInitAdvertise extro.
20230327 025048.418 INFO             PET0     MODEL: InitializeIPDvXp01 intro.
20230327 025048.418 INFO             PET0       >>>MODEL: entered Initialize (phase=IPDvXp01) without valid internal Clock.
20230327 025048.420 INFO             PET0       <<<MODEL: leaving Initialize (phase=IPDvXp01) without valid internal Clock.
20230327 025048.420 INFO             PET0     MODEL: InitializeIPDvXp01 extro.
20230327 025048.421 INFO             PET0     driver: IInitAdvertiseFinish intro.
20230327 025048.421 INFO             PET0     driver: IInitAdvertiseFinish extro.
20230327 025048.421 INFO             PET0     driver: IInitModifyCplLists intro.
20230327 025048.421 INFO             PET0     driver: IInitModifyCplLists extro.
20230327 025048.421 INFO             PET0     <<<driver: leaving Initialize (phase=<none>) with current time:    0  1  1  0  0  0   0
20230327 025048.421 INFO             PET0   driver: InitializeIPDv02p1 extro.
20230327 025048.422 INFO             PET0   driver: InitializeIPDv02p3 intro.
20230327 025048.422 INFO             PET0     >>>driver: entered Initialize (phase=<none>) with current time:    0  1  1  0  0  0   0
20230327 025048.422 INFO             PET0     driver: IInitCheck intro.
20230327 025048.422 INFO             PET0     driver: IInitCheck extro.
20230327 025048.422 INFO             PET0     MODEL: InitializeIPDvXp04 intro.
20230327 025048.422 INFO             PET0       >>>MODEL: entered Initialize (phase=IPDvXp04) without valid internal Clock.
20230327 025048.427 INFO             PET0       After Realize: - MemInfo: [/proc/meminfo - SSI]	MemTotal:       131394444 kB
20230327 025048.427 INFO             PET0       After Realize: - MemInfo: [/proc/meminfo - SSI]	MemFree:        123453888 kB
20230327 025048.427 INFO             PET0       After Realize: - MemInfo: [/proc/meminfo - SSI]	MemAvailable:   123063464 kB
20230327 025048.427 INFO             PET0       After Realize: - MemInfo: [/proc/meminfo - SSI]	Committed_AS:    4057752 kB
20230327 025048.427 INFO             PET0       After Realize: - MemInfo: [/proc/meminfo - SSI]	CommittedPercent: 3.08822 %
20230327 025048.427 INFO             PET0       After Realize: - MemInfo: [/proc/self/status]	VmPeak:	 3854880 kB
20230327 025048.427 INFO             PET0       After Realize: - MemInfo: [/proc/self/status]	VmSize:	 3841840 kB
20230327 025048.427 INFO             PET0       After Realize: - MemInfo: [/proc/self/status]	VmLck:	       0 kB
20230327 025048.427 INFO             PET0       After Realize: - MemInfo: [/proc/self/status]	VmPin:	   71900 kB
20230327 025048.427 INFO             PET0       After Realize: - MemInfo: [/proc/self/status]	VmHWM:	  159952 kB
20230327 025048.427 INFO             PET0       After Realize: - MemInfo: [/proc/self/status]	VmRSS:	  159952 kB
20230327 025048.427 INFO             PET0       After Realize: - MemInfo: [/proc/self/status]	VmData:	  255056 kB
20230327 025048.427 INFO             PET0       After Realize: - MemInfo: [/proc/self/status]	VmStk:	     508 kB
20230327 025048.427 INFO             PET0       After Realize: - MemInfo: [/proc/self/status]	VmExe:	    2788 kB
20230327 025048.427 INFO             PET0       After Realize: - MemInfo: [/proc/self/status]	VmLib:	  158372 kB
20230327 025048.427 INFO             PET0       After Realize: - MemInfo: [/proc/self/status]	VmPTE:	     788 kB
20230327 025048.427 INFO             PET0       After Realize: - MemInfo: [/proc/self/status]	VmPMD:	      32 kB
20230327 025048.427 INFO             PET0       After Realize: - MemInfo: [/proc/self/status]	VmSwap:	       0 kB
20230327 025048.427 INFO             PET0       After Realize: - MemInfo: [/proc/self/status]	VmRSSPercent: 0.121734 %
20230327 025048.427 INFO             PET0       After Realize: - MemInfo: [malloc] Non-mmapped space allocated:                 2367488 Byte
20230327 025048.427 INFO             PET0       After Realize: - MemInfo: [malloc] Space allocated in mmapped regions:         74592256 Byte
20230327 025048.427 INFO             PET0       After Realize: - MemInfo: [malloc] Maximum total allocated space:                     0 Byte
20230327 025048.427 INFO             PET0       After Realize: - MemInfo: [malloc] Space in freed fastbin blocks:                  1024 Byte
20230327 025048.427 INFO             PET0       After Realize: - MemInfo: [malloc] Total allocated space:                       2203792 Byte
20230327 025048.427 INFO             PET0       After Realize: - MemInfo: [malloc] Total free space:                             163696 Byte
20230327 025048.427 INFO             PET0       After Realize: - MemInfo: [malloc] Top-most, releasable space:                    31216 Byte
20230327 025048.427 INFO             PET0       After Realize: - MemInfo: [malloc] Total space in use, mmap + non-mmap:        76796048 Byte
20230327 025048.427 INFO             PET0       After Realize: - MemInfo: [malloc] Total space held (mmap + non-mmap):         76959744 Byte
20230327 025048.427 INFO             PET0       After Realize: - MemInfo: [malloc] Total space used (mmap + non-mmap):         76805408 Byte
20230327 025048.427 INFO             PET0       After Realize: - MemInfo: Wall-clock time since execution start:              0.0350994 seconds
20230327 025048.427 INFO             PET0       <<<MODEL: leaving Initialize (phase=IPDvXp04) without valid internal Clock.
20230327 025048.427 INFO             PET0     MODEL: InitializeIPDvXp04 extro.
20230327 025048.428 INFO             PET0     driver: IInitRealize intro.
20230327 025048.428 INFO             PET0     driver: IInitRealize extro.
20230327 025048.429 INFO             PET0     MODEL: InitializeIPDvXp07 intro.
20230327 025048.429 INFO             PET0       >>>MODEL: entered Initialize (phase=IPDvXp07) without valid internal Clock.
20230327 025048.429 INFO             PET0       <<<MODEL: leaving Initialize (phase=IPDvXp07) with current time:    0  1  1  0  0  0   0
20230327 025048.429 INFO             PET0     MODEL: InitializeIPDvXp07 extro.
20230327 025048.429 INFO             PET0     <<<driver: leaving Initialize (phase=<none>) with current time:    0  1  1  0  0  0   0
20230327 025048.429 INFO             PET0   driver: InitializeIPDv02p3 extro.
20230327 025048.429 INFO             PET0   driver: InitializeIPDv02p5 intro.
20230327 025048.429 INFO             PET0     >>>driver: entered Initialize (phase=<none>) with current time:    0  1  1  0  0  0   0
20230327 025048.429 INFO             PET0     driver: this is a top level driver, no 'Updated' and 'InitializeDataComplete' info on this level.
20230327 025048.429 INFO             PET0     driver: InitializeIPDv02p5Data intro.
20230327 025048.429 INFO             PET0       driver: InternalInitializeComplete intro.
20230327 025048.429 INFO             PET0         driver: InitializeDataComplete='true'
20230327 025048.429 INFO             PET0       driver: InternalInitializeComplete extro.
20230327 025048.430 INFO             PET0       MODEL: InitializeIPDvXp08 intro.
20230327 025048.430 INFO             PET0         >>>MODEL: entered Initialize (phase=IPDv05p8) with current time:    0  1  1  0  0  0   0
20230327 025048.430 INFO             PET0         MODEL: InitializeDataProgress='false', InitializeDataComplete='false'
20230327 025048.430 INFO             PET0         <<<MODEL: leaving Initialize (phase=IPDv05p8) with current time:    0  1  1  0  0  0   0
20230327 025048.430 INFO             PET0       MODEL: InitializeIPDvXp08 extro.
20230327 025048.434 INFO             PET0       driver: components present that trigger loopDataDependentInitialize().
20230327 025048.434 INFO             PET0       driver: loopDataDependentInitialize intro.
20230327 025048.434 INFO             PET0         driver: component    0=driver, dataComplete (local): true
20230327 025048.434 INFO             PET0         driver: component    0=driver, dataComplete (global):  T
20230327 025048.434 INFO             PET0         driver: component    1=MODEL, dataComplete (local): false
20230327 025048.434 INFO             PET0         driver: component    1=MODEL, dataComplete (global):  F
20230327 025048.434 INFO             PET0         MODEL: InitializeIPDvXp08 intro.
20230327 025048.434 INFO             PET0           >>>MODEL: entered Initialize (phase=IPDv05p8) with current time:    0  1  1  0  0  0   0
20230327 025048.435 INFO             PET0           MODEL: InitializeDataProgress='true', InitializeDataComplete='true'
20230327 025048.435 INFO             PET0           <<<MODEL: leaving Initialize (phase=IPDv05p8) with current time:    0  1  1  0  0  0   0
20230327 025048.435 INFO             PET0         MODEL: InitializeIPDvXp08 extro.
20230327 025048.435 INFO             PET0         driver: component    1=MODEL, someProgress (local): true
20230327 025048.436 INFO             PET0         driver: component    1=MODEL, someProgress (global):  T
20230327 025048.436 INFO             PET0         driver: someProgress= T, allComplete= F, present(dataDepAllComplete)= T
20230327 025048.436 INFO             PET0         driver: component    0=driver, dataComplete (local): true
20230327 025048.436 INFO             PET0         driver: component    0=driver, dataComplete (global):  T
20230327 025048.436 INFO             PET0         driver: component    1=MODEL, dataComplete (local): true
20230327 025048.436 INFO             PET0         driver: component    1=MODEL, dataComplete (global):  T
20230327 025048.436 INFO             PET0         driver: someProgress= F, allComplete= T, present(dataDepAllComplete)= T
20230327 025048.436 INFO             PET0         driver: finished resolving initialize data dependencies on this level.
20230327 025048.436 INFO             PET0       driver: loopDataDependentInitialize extro.
20230327 025048.436 INFO             PET0       driver: loopDataDependentInitialize() returned with dataDepAllComplete:  T
20230327 025048.436 INFO             PET0     driver: InitializeIPDv02p5Data extro.
20230327 025048.436 INFO             PET0     <<<driver: leaving Initialize (phase=<none>) with current time:    0  1  1  0  0  0   0
20230327 025048.436 INFO             PET0   driver: InitializeIPDv02p5 extro.
20230327 025048.436 INFO             PET0 driver: InitializeGeneric extro.
20230327 025048.436 INFO             PET0 driver: Run intro.
20230327 025048.436 INFO             PET0   >>>driver entered Run (phase=RunPhase1) with current time:    0  1  1  0  0  0   0
20230327 025048.436 INFO             PET0   driver: after lable_SetRunClock, current time:    0  1  1  0  0  0   0
20230327 025048.436 INFO             PET0   driver: begin -------> RunSequence.
20230327 025048.436 INFO             PET0     driver: RunSequence event loopLevel=   1  levelMember=   1  loopIteration=   1, current time:    0  1  1  0  0  0   0
20230327 025048.437 INFO             PET0     MODEL: Run intro.
20230327 025048.437 INFO             PET0       >>>MODEL: entered Run (phase=RunPhase1) with current time:    0  1  1  0  0  0   0
20230327 025048.437 INFO             PET0       MODEL: time step-loop starting, current time:    0  1  1  0  0  0   0
20230327 025048.437 INFO             PET0       thread_num=   0   currentSsiPe=   6   num_threads=   3   max_threads=   3   num_procs=   7
20230327 025048.437 INFO             PET0       thread_num=   1   currentSsiPe=   1   num_threads=   3   max_threads=   3   num_procs=   7
20230327 025048.437 INFO             PET0       thread_num=   2   currentSsiPe=   1   num_threads=   3   max_threads=   3   num_procs=   7
20230327 025048.438 INFO             PET0       ---->Advancing Model from:    0  1  1  0  0  0   0
20230327 025048.438 INFO             PET0       ---------------------> to:    0  1  1  0  0 30   0
20230327 025048.438 INFO             PET0       MODEL: time step-loop ending,   current time:    0  1  1  0  0 30   0
20230327 025048.438 INFO             PET0       <<<MODEL: leaving Run (phase=RunPhase1) with current time:    0  1  1  0  0 30   0
20230327 025048.438 INFO             PET0     MODEL: Run extro.
20230327 025048.438 INFO             PET0     driver: RunSequence event loopLevel=   1  levelMember=   1  loopIteration=   2, current time:    0  1  1  0  0 30   0
20230327 025048.438 INFO             PET0     MODEL: Run intro.
20230327 025048.438 INFO             PET0       >>>MODEL: entered Run (phase=RunPhase1) with current time:    0  1  1  0  0 30   0
20230327 025048.438 INFO             PET0       MODEL: time step-loop starting, current time:    0  1  1  0  0 30   0
20230327 025048.438 INFO             PET0       thread_num=   0   currentSsiPe=   1   num_threads=   3   max_threads=   3   num_procs=   7
20230327 025048.438 INFO             PET0       thread_num=   2   currentSsiPe=   1   num_threads=   3   max_threads=   3   num_procs=   7
20230327 025048.438 INFO             PET0       thread_num=   1   currentSsiPe=   1   num_threads=   3   max_threads=   3   num_procs=   7
20230327 025048.439 INFO             PET0       ---->Advancing Model from:    0  1  1  0  0 30   0
20230327 025048.439 INFO             PET0       ---------------------> to:    0  1  1  0  1  0   0
20230327 025048.439 INFO             PET0       MODEL: time step-loop ending,   current time:    0  1  1  0  1  0   0
20230327 025048.439 INFO             PET0       <<<MODEL: leaving Run (phase=RunPhase1) with current time:    0  1  1  0  1  0   0
20230327 025048.439 INFO             PET0     MODEL: Run extro.
20230327 025048.440 INFO             PET0     driver: RunSequence event loopLevel=   1  levelMember=   1  loopIteration=   3, current time:    0  1  1  0  1  0   0
20230327 025048.440 INFO             PET0     MODEL: Run intro.
20230327 025048.440 INFO             PET0       >>>MODEL: entered Run (phase=RunPhase1) with current time:    0  1  1  0  1  0   0
20230327 025048.440 INFO             PET0       MODEL: time step-loop starting, current time:    0  1  1  0  1  0   0
20230327 025048.440 INFO             PET0       thread_num=   0   currentSsiPe=   1   num_threads=   3   max_threads=   3   num_procs=   7
20230327 025048.440 INFO             PET0       thread_num=   1   currentSsiPe=   1   num_threads=   3   max_threads=   3   num_procs=   7
20230327 025048.440 INFO             PET0       thread_num=   2   currentSsiPe=   1   num_threads=   3   max_threads=   3   num_procs=   7
20230327 025048.441 INFO             PET0       ---->Advancing Model from:    0  1  1  0  1  0   0
20230327 025048.441 INFO             PET0       ---------------------> to:    0  1  1  0  1 30   0
20230327 025048.441 INFO             PET0       MODEL: time step-loop ending,   current time:    0  1  1  0  1 30   0
20230327 025048.441 INFO             PET0       <<<MODEL: leaving Run (phase=RunPhase1) with current time:    0  1  1  0  1 30   0
20230327 025048.441 INFO             PET0     MODEL: Run extro.
20230327 025048.441 INFO             PET0     driver: RunSequence event loopLevel=   1  levelMember=   1  loopIteration=   4, current time:    0  1  1  0  1 30   0
20230327 025048.441 INFO             PET0     MODEL: Run intro.
20230327 025048.441 INFO             PET0       >>>MODEL: entered Run (phase=RunPhase1) with current time:    0  1  1  0  1 30   0
20230327 025048.441 INFO             PET0       MODEL: time step-loop starting, current time:    0  1  1  0  1 30   0
20230327 025048.441 INFO             PET0       thread_num=   0   currentSsiPe=   1   num_threads=   3   max_threads=   3   num_procs=   7
20230327 025048.441 INFO             PET0       thread_num=   2   currentSsiPe=   1   num_threads=   3   max_threads=   3   num_procs=   7
20230327 025048.441 INFO             PET0       thread_num=   1   currentSsiPe=   1   num_threads=   3   max_threads=   3   num_procs=   7
20230327 025048.442 INFO             PET0       ---->Advancing Model from:    0  1  1  0  1 30   0
20230327 025048.443 INFO             PET0       ---------------------> to:    0  1  1  0  2  0   0
20230327 025048.443 INFO             PET0       MODEL: time step-loop ending,   current time:    0  1  1  0  2  0   0
20230327 025048.443 INFO             PET0       <<<MODEL: leaving Run (phase=RunPhase1) with current time:    0  1  1  0  2  0   0
20230327 025048.443 INFO             PET0     MODEL: Run extro.
20230327 025048.443 INFO             PET0     driver: RunSequence event loopLevel=   1  levelMember=   1  loopIteration=   5, current time:    0  1  1  0  2  0   0
20230327 025048.443 INFO             PET0     MODEL: Run intro.
20230327 025048.443 INFO             PET0       >>>MODEL: entered Run (phase=RunPhase1) with current time:    0  1  1  0  2  0   0
20230327 025048.443 INFO             PET0       MODEL: time step-loop starting, current time:    0  1  1  0  2  0   0
20230327 025048.443 INFO             PET0       thread_num=   0   currentSsiPe=   1   num_threads=   3   max_threads=   3   num_procs=   7
20230327 025048.443 INFO             PET0       thread_num=   2   currentSsiPe=   1   num_threads=   3   max_threads=   3   num_procs=   7
20230327 025048.443 INFO             PET0       thread_num=   1   currentSsiPe=   1   num_threads=   3   max_threads=   3   num_procs=   7
20230327 025048.444 INFO             PET0       ---->Advancing Model from:    0  1  1  0  2  0   0
20230327 025048.444 INFO             PET0       ---------------------> to:    0  1  1  0  2 30   0
20230327 025048.444 INFO             PET0       MODEL: time step-loop ending,   current time:    0  1  1  0  2 30   0
20230327 025048.444 INFO             PET0       <<<MODEL: leaving Run (phase=RunPhase1) with current time:    0  1  1  0  2 30   0
20230327 025048.444 INFO             PET0     MODEL: Run extro.
20230327 025048.444 INFO             PET0   driver: end <--------- RunSequence
20230327 025048.444 INFO             PET0   <<<driver - leaving Run with current time:    0  1  1  0  2 30   0
20230327 025048.444 INFO             PET0 driver: Run extro.
20230327 025048.444 INFO             PET0 driver: Finalize intro.
20230327 025048.444 INFO             PET0   Calling Finalize phase 1 for modelComp: MODEL
20230327 025048.444 INFO             PET0   MODEL: Finalize intro.
20230327 025048.444 INFO             PET0     >>>MODEL: entered Finalize (phase=FinalizePhase1) with current time:    0  1  1  0  2 30   0
20230327 025048.444 INFO             PET0     <<<MODEL: leaving Finalize (phase=FinalizePhase1) with current time:    0  1  1  0  2 30   0
20230327 025048.444 INFO             PET0   MODEL: Finalize extro.
20230327 025048.445 INFO             PET0   Delete modelComp: MODEL
20230327 025048.445 INFO             PET0   Delete Import-/Export State for modelComp: MODEL
20230327 025048.445 INFO             PET0 driver: Finalize extro.
20230327 025048.445 INFO             PET0 mainApp FINISHED
20230327 025048.445 INFO             PET0 Finalizing ESMF
20230327 025048.400 INFO             PET1 !!!!!!!!!!!!!!!!!!!!!!!!!!!!!!!!!!!!!!!!!!!!!!!!!!!!!!
20230327 025048.400 INFO             PET1 !!! THE ESMF_LOG IS SET TO OUTPUT ALL LOG MESSAGES !!!
20230327 025048.400 INFO             PET1 !!!     THIS MAY CAUSE SLOWDOWN IN PERFORMANCE     !!!
20230327 025048.400 INFO             PET1 !!! FOR PRODUCTION RUNS, USE:                      !!!
20230327 025048.400 INFO             PET1 !!!                   ESMF_LOGKIND_Multi_On_Error  !!!
20230327 025048.400 INFO             PET1 !!!!!!!!!!!!!!!!!!!!!!!!!!!!!!!!!!!!!!!!!!!!!!!!!!!!!!
20230327 025048.400 INFO             PET1 Running with ESMF Version   : v8.5.0b18-5-ge74a33b91d
20230327 025048.400 INFO             PET1 ESMF library build date/time: "Mar 27 2023" "02:03:09"
20230327 025048.400 INFO             PET1 ESMF library build location : /discover/nobackup/projects/sbu/mpotts/esmf-test/intel_19.1.3_intelmpi_g_develop/esmf
20230327 025048.400 INFO             PET1 ESMF_COMM                   : intelmpi
20230327 025048.400 INFO             PET1 ESMF_MOAB                   : enabled
20230327 025048.400 INFO             PET1 ESMF_LAPACK                 : enabled
20230327 025048.400 INFO             PET1 ESMF_NETCDF                 : enabled
20230327 025048.400 INFO             PET1 ESMF_PNETCDF                : disabled
20230327 025048.400 INFO             PET1 ESMF_PIO                    : enabled
20230327 025048.400 INFO             PET1 ESMF_YAMLCPP                : enabled
20230327 025048.401 INFO             PET1 mainApp STARTING
20230327 025048.407 INFO             PET1 driver: InitializeGeneric intro.
20230327 025048.407 INFO             PET1   driver: InitializeP0 intro.
20230327 025048.407 INFO             PET1   driver: InitializeP0 extro.
20230327 025048.407 INFO             PET1   driver: InitializeIPDv02p1 intro.
20230327 025048.407 INFO             PET1     >>>driver: entered Initialize (phase=<none>) without valid internal Clock.
20230327 025048.409 INFO             PET1     driver - Creating model component MODEL without petList.
20230327 025048.412 INFO             PET1      GridCompIsPetLocal:  T
20230327 025048.412 INFO             PET1      VmIsCreated:  T
20230327 025048.412 INFO             PET1      valid MPI_COMM with size=           4
20230327 025048.412 INFO             PET1     driver - Creating state: modelComp 1 Import State
20230327 025048.412 INFO             PET1     driver - Creating state: modelComp 1 Export State
20230327 025048.413 INFO             PET1     MODEL: InitializeP0 intro.
20230327 025048.413 INFO             PET1       >>>MODEL: entered Initialize (phase=<none>) without valid internal Clock.
20230327 025048.415 INFO             PET1       <<<MODEL: leaving Initialize (phase=<none>) without valid internal Clock.
20230327 025048.415 INFO             PET1     MODEL: InitializeP0 extro.
20230327 025048.418 INFO             PET1     driver: IInitAdvertise intro.
20230327 025048.418 INFO             PET1     driver: IInitAdvertise extro.
20230327 025048.418 INFO             PET1     MODEL: InitializeIPDvXp01 intro.
20230327 025048.418 INFO             PET1       >>>MODEL: entered Initialize (phase=IPDvXp01) without valid internal Clock.
20230327 025048.420 INFO             PET1       <<<MODEL: leaving Initialize (phase=IPDvXp01) without valid internal Clock.
20230327 025048.420 INFO             PET1     MODEL: InitializeIPDvXp01 extro.
20230327 025048.421 INFO             PET1     driver: IInitAdvertiseFinish intro.
20230327 025048.421 INFO             PET1     driver: IInitAdvertiseFinish extro.
20230327 025048.421 INFO             PET1     driver: IInitModifyCplLists intro.
20230327 025048.421 INFO             PET1     driver: IInitModifyCplLists extro.
20230327 025048.422 INFO             PET1     <<<driver: leaving Initialize (phase=<none>) with current time:    0  1  1  0  0  0   0
20230327 025048.422 INFO             PET1   driver: InitializeIPDv02p1 extro.
20230327 025048.422 INFO             PET1   driver: InitializeIPDv02p3 intro.
20230327 025048.422 INFO             PET1     >>>driver: entered Initialize (phase=<none>) with current time:    0  1  1  0  0  0   0
20230327 025048.422 INFO             PET1     driver: IInitCheck intro.
20230327 025048.422 INFO             PET1     driver: IInitCheck extro.
20230327 025048.422 INFO             PET1     MODEL: InitializeIPDvXp04 intro.
20230327 025048.422 INFO             PET1       >>>MODEL: entered Initialize (phase=IPDvXp04) without valid internal Clock.
20230327 025048.427 INFO             PET1       After Realize: - MemInfo: [/proc/meminfo - SSI]	MemTotal:       131394444 kB
20230327 025048.427 INFO             PET1       After Realize: - MemInfo: [/proc/meminfo - SSI]	MemFree:        123454384 kB
20230327 025048.427 INFO             PET1       After Realize: - MemInfo: [/proc/meminfo - SSI]	MemAvailable:   123063960 kB
20230327 025048.427 INFO             PET1       After Realize: - MemInfo: [/proc/meminfo - SSI]	Committed_AS:    4057752 kB
20230327 025048.427 INFO             PET1       After Realize: - MemInfo: [/proc/meminfo - SSI]	CommittedPercent: 3.08822 %
20230327 025048.427 INFO             PET1       After Realize: - MemInfo: [/proc/self/status]	VmPeak:	 3855136 kB
20230327 025048.427 INFO             PET1       After Realize: - MemInfo: [/proc/self/status]	VmSize:	 3854132 kB
20230327 025048.427 INFO             PET1       After Realize: - MemInfo: [/proc/self/status]	VmLck:	       0 kB
20230327 025048.427 INFO             PET1       After Realize: - MemInfo: [/proc/self/status]	VmPin:	   82140 kB
20230327 025048.427 INFO             PET1       After Realize: - MemInfo: [/proc/self/status]	VmHWM:	  171928 kB
20230327 025048.427 INFO             PET1       After Realize: - MemInfo: [/proc/self/status]	VmRSS:	  171928 kB
20230327 025048.427 INFO             PET1       After Realize: - MemInfo: [/proc/self/status]	VmData:	  267348 kB
20230327 025048.427 INFO             PET1       After Realize: - MemInfo: [/proc/self/status]	VmStk:	     508 kB
20230327 025048.427 INFO             PET1       After Realize: - MemInfo: [/proc/self/status]	VmExe:	    2788 kB
20230327 025048.427 INFO             PET1       After Realize: - MemInfo: [/proc/self/status]	VmLib:	  158372 kB
20230327 025048.427 INFO             PET1       After Realize: - MemInfo: [/proc/self/status]	VmPTE:	     804 kB
20230327 025048.427 INFO             PET1       After Realize: - MemInfo: [/proc/self/status]	VmPMD:	      28 kB
20230327 025048.427 INFO             PET1       After Realize: - MemInfo: [/proc/self/status]	VmSwap:	       0 kB
20230327 025048.427 INFO             PET1       After Realize: - MemInfo: [/proc/self/status]	VmRSSPercent: 0.130849 %
20230327 025048.427 INFO             PET1       After Realize: - MemInfo: [malloc] Non-mmapped space allocated:                 2367488 Byte
20230327 025048.427 INFO             PET1       After Realize: - MemInfo: [malloc] Space allocated in mmapped regions:         87179264 Byte
20230327 025048.427 INFO             PET1       After Realize: - MemInfo: [malloc] Maximum total allocated space:                     0 Byte
20230327 025048.427 INFO             PET1       After Realize: - MemInfo: [malloc] Space in freed fastbin blocks:                  1024 Byte
20230327 025048.427 INFO             PET1       After Realize: - MemInfo: [malloc] Total allocated space:                       2204592 Byte
20230327 025048.427 INFO             PET1       After Realize: - MemInfo: [malloc] Total free space:                             162896 Byte
20230327 025048.427 INFO             PET1       After Realize: - MemInfo: [malloc] Top-most, releasable space:                    29584 Byte
20230327 025048.427 INFO             PET1       After Realize: - MemInfo: [malloc] Total space in use, mmap + non-mmap:        89383856 Byte
20230327 025048.427 INFO             PET1       After Realize: - MemInfo: [malloc] Total space held (mmap + non-mmap):         89546752 Byte
20230327 025048.427 INFO             PET1       After Realize: - MemInfo: [malloc] Total space used (mmap + non-mmap):         89393216 Byte
20230327 025048.427 INFO             PET1       After Realize: - MemInfo: Wall-clock time since execution start:              0.0354468 seconds
20230327 025048.427 INFO             PET1       <<<MODEL: leaving Initialize (phase=IPDvXp04) without valid internal Clock.
20230327 025048.427 INFO             PET1     MODEL: InitializeIPDvXp04 extro.
20230327 025048.428 INFO             PET1     driver: IInitRealize intro.
20230327 025048.428 INFO             PET1     driver: IInitRealize extro.
20230327 025048.429 INFO             PET1     MODEL: InitializeIPDvXp07 intro.
20230327 025048.429 INFO             PET1       >>>MODEL: entered Initialize (phase=IPDvXp07) without valid internal Clock.
20230327 025048.429 INFO             PET1       <<<MODEL: leaving Initialize (phase=IPDvXp07) with current time:    0  1  1  0  0  0   0
20230327 025048.429 INFO             PET1     MODEL: InitializeIPDvXp07 extro.
20230327 025048.429 INFO             PET1     <<<driver: leaving Initialize (phase=<none>) with current time:    0  1  1  0  0  0   0
20230327 025048.429 INFO             PET1   driver: InitializeIPDv02p3 extro.
20230327 025048.429 INFO             PET1   driver: InitializeIPDv02p5 intro.
20230327 025048.429 INFO             PET1     >>>driver: entered Initialize (phase=<none>) with current time:    0  1  1  0  0  0   0
20230327 025048.429 INFO             PET1     driver: this is a top level driver, no 'Updated' and 'InitializeDataComplete' info on this level.
20230327 025048.429 INFO             PET1     driver: InitializeIPDv02p5Data intro.
20230327 025048.430 INFO             PET1       driver: InternalInitializeComplete intro.
20230327 025048.430 INFO             PET1         driver: InitializeDataComplete='true'
20230327 025048.430 INFO             PET1       driver: InternalInitializeComplete extro.
20230327 025048.430 INFO             PET1       MODEL: InitializeIPDvXp08 intro.
20230327 025048.430 INFO             PET1         >>>MODEL: entered Initialize (phase=IPDv05p8) with current time:    0  1  1  0  0  0   0
20230327 025048.430 INFO             PET1         MODEL: InitializeDataProgress='false', InitializeDataComplete='false'
20230327 025048.430 INFO             PET1         <<<MODEL: leaving Initialize (phase=IPDv05p8) with current time:    0  1  1  0  0  0   0
20230327 025048.430 INFO             PET1       MODEL: InitializeIPDvXp08 extro.
20230327 025048.434 INFO             PET1       driver: components present that trigger loopDataDependentInitialize().
20230327 025048.434 INFO             PET1       driver: loopDataDependentInitialize intro.
20230327 025048.434 INFO             PET1         driver: component    0=driver, dataComplete (local): true
20230327 025048.434 INFO             PET1         driver: component    0=driver, dataComplete (global):  T
20230327 025048.434 INFO             PET1         driver: component    1=MODEL, dataComplete (local): false
20230327 025048.434 INFO             PET1         driver: component    1=MODEL, dataComplete (global):  F
20230327 025048.434 INFO             PET1         MODEL: InitializeIPDvXp08 intro.
20230327 025048.434 INFO             PET1           >>>MODEL: entered Initialize (phase=IPDv05p8) with current time:    0  1  1  0  0  0   0
20230327 025048.435 INFO             PET1           MODEL: InitializeDataProgress='true', InitializeDataComplete='true'
20230327 025048.435 INFO             PET1           <<<MODEL: leaving Initialize (phase=IPDv05p8) with current time:    0  1  1  0  0  0   0
20230327 025048.435 INFO             PET1         MODEL: InitializeIPDvXp08 extro.
20230327 025048.436 INFO             PET1         driver: component    1=MODEL, someProgress (local): true
20230327 025048.436 INFO             PET1         driver: component    1=MODEL, someProgress (global):  T
20230327 025048.436 INFO             PET1         driver: someProgress= T, allComplete= F, present(dataDepAllComplete)= T
20230327 025048.436 INFO             PET1         driver: component    0=driver, dataComplete (local): true
20230327 025048.436 INFO             PET1         driver: component    0=driver, dataComplete (global):  T
20230327 025048.436 INFO             PET1         driver: component    1=MODEL, dataComplete (local): true
20230327 025048.436 INFO             PET1         driver: component    1=MODEL, dataComplete (global):  T
20230327 025048.436 INFO             PET1         driver: someProgress= F, allComplete= T, present(dataDepAllComplete)= T
20230327 025048.436 INFO             PET1         driver: finished resolving initialize data dependencies on this level.
20230327 025048.436 INFO             PET1       driver: loopDataDependentInitialize extro.
20230327 025048.436 INFO             PET1       driver: loopDataDependentInitialize() returned with dataDepAllComplete:  T
20230327 025048.436 INFO             PET1     driver: InitializeIPDv02p5Data extro.
20230327 025048.436 INFO             PET1     <<<driver: leaving Initialize (phase=<none>) with current time:    0  1  1  0  0  0   0
20230327 025048.436 INFO             PET1   driver: InitializeIPDv02p5 extro.
20230327 025048.436 INFO             PET1 driver: InitializeGeneric extro.
20230327 025048.436 INFO             PET1 driver: Run intro.
20230327 025048.436 INFO             PET1   >>>driver entered Run (phase=RunPhase1) with current time:    0  1  1  0  0  0   0
20230327 025048.436 INFO             PET1   driver: after lable_SetRunClock, current time:    0  1  1  0  0  0   0
20230327 025048.436 INFO             PET1   driver: begin -------> RunSequence.
20230327 025048.436 INFO             PET1     driver: RunSequence event loopLevel=   1  levelMember=   1  loopIteration=   1, current time:    0  1  1  0  0  0   0
20230327 025048.437 INFO             PET1     MODEL: Run intro.
20230327 025048.437 INFO             PET1       >>>MODEL: entered Run (phase=RunPhase1) with current time:    0  1  1  0  0  0   0
20230327 025048.437 INFO             PET1       MODEL: time step-loop starting, current time:    0  1  1  0  0  0   0
20230327 025048.437 INFO             PET1       thread_num=   0   currentSsiPe=  13   num_threads=   3   max_threads=   3   num_procs=   7
20230327 025048.437 INFO             PET1       thread_num=   1   currentSsiPe=   8   num_threads=   3   max_threads=   3   num_procs=   7
20230327 025048.437 INFO             PET1       thread_num=   2   currentSsiPe=   8   num_threads=   3   max_threads=   3   num_procs=   7
20230327 025048.438 INFO             PET1       ---->Advancing Model from:    0  1  1  0  0  0   0
20230327 025048.438 INFO             PET1       ---------------------> to:    0  1  1  0  0 30   0
20230327 025048.438 INFO             PET1       MODEL: time step-loop ending,   current time:    0  1  1  0  0 30   0
20230327 025048.438 INFO             PET1       <<<MODEL: leaving Run (phase=RunPhase1) with current time:    0  1  1  0  0 30   0
20230327 025048.438 INFO             PET1     MODEL: Run extro.
20230327 025048.438 INFO             PET1     driver: RunSequence event loopLevel=   1  levelMember=   1  loopIteration=   2, current time:    0  1  1  0  0 30   0
20230327 025048.438 INFO             PET1     MODEL: Run intro.
20230327 025048.438 INFO             PET1       >>>MODEL: entered Run (phase=RunPhase1) with current time:    0  1  1  0  0 30   0
20230327 025048.438 INFO             PET1       MODEL: time step-loop starting, current time:    0  1  1  0  0 30   0
20230327 025048.438 INFO             PET1       thread_num=   0   currentSsiPe=   8   num_threads=   3   max_threads=   3   num_procs=   7
20230327 025048.438 INFO             PET1       thread_num=   2   currentSsiPe=   8   num_threads=   3   max_threads=   3   num_procs=   7
20230327 025048.438 INFO             PET1       thread_num=   1   currentSsiPe=   8   num_threads=   3   max_threads=   3   num_procs=   7
20230327 025048.439 INFO             PET1       ---->Advancing Model from:    0  1  1  0  0 30   0
20230327 025048.439 INFO             PET1       ---------------------> to:    0  1  1  0  1  0   0
20230327 025048.439 INFO             PET1       MODEL: time step-loop ending,   current time:    0  1  1  0  1  0   0
20230327 025048.439 INFO             PET1       <<<MODEL: leaving Run (phase=RunPhase1) with current time:    0  1  1  0  1  0   0
20230327 025048.439 INFO             PET1     MODEL: Run extro.
20230327 025048.439 INFO             PET1     driver: RunSequence event loopLevel=   1  levelMember=   1  loopIteration=   3, current time:    0  1  1  0  1  0   0
20230327 025048.440 INFO             PET1     MODEL: Run intro.
20230327 025048.440 INFO             PET1       >>>MODEL: entered Run (phase=RunPhase1) with current time:    0  1  1  0  1  0   0
20230327 025048.440 INFO             PET1       MODEL: time step-loop starting, current time:    0  1  1  0  1  0   0
20230327 025048.440 INFO             PET1       thread_num=   0   currentSsiPe=   8   num_threads=   3   max_threads=   3   num_procs=   7
20230327 025048.440 INFO             PET1       thread_num=   1   currentSsiPe=   8   num_threads=   3   max_threads=   3   num_procs=   7
20230327 025048.440 INFO             PET1       thread_num=   2   currentSsiPe=   8   num_threads=   3   max_threads=   3   num_procs=   7
20230327 025048.441 INFO             PET1       ---->Advancing Model from:    0  1  1  0  1  0   0
20230327 025048.441 INFO             PET1       ---------------------> to:    0  1  1  0  1 30   0
20230327 025048.441 INFO             PET1       MODEL: time step-loop ending,   current time:    0  1  1  0  1 30   0
20230327 025048.441 INFO             PET1       <<<MODEL: leaving Run (phase=RunPhase1) with current time:    0  1  1  0  1 30   0
20230327 025048.441 INFO             PET1     MODEL: Run extro.
20230327 025048.441 INFO             PET1     driver: RunSequence event loopLevel=   1  levelMember=   1  loopIteration=   4, current time:    0  1  1  0  1 30   0
20230327 025048.441 INFO             PET1     MODEL: Run intro.
20230327 025048.441 INFO             PET1       >>>MODEL: entered Run (phase=RunPhase1) with current time:    0  1  1  0  1 30   0
20230327 025048.441 INFO             PET1       MODEL: time step-loop starting, current time:    0  1  1  0  1 30   0
20230327 025048.441 INFO             PET1       thread_num=   0   currentSsiPe=   8   num_threads=   3   max_threads=   3   num_procs=   7
20230327 025048.441 INFO             PET1       thread_num=   1   currentSsiPe=   8   num_threads=   3   max_threads=   3   num_procs=   7
20230327 025048.441 INFO             PET1       thread_num=   2   currentSsiPe=   8   num_threads=   3   max_threads=   3   num_procs=   7
20230327 025048.442 INFO             PET1       ---->Advancing Model from:    0  1  1  0  1 30   0
20230327 025048.442 INFO             PET1       ---------------------> to:    0  1  1  0  2  0   0
20230327 025048.442 INFO             PET1       MODEL: time step-loop ending,   current time:    0  1  1  0  2  0   0
20230327 025048.442 INFO             PET1       <<<MODEL: leaving Run (phase=RunPhase1) with current time:    0  1  1  0  2  0   0
20230327 025048.442 INFO             PET1     MODEL: Run extro.
20230327 025048.442 INFO             PET1     driver: RunSequence event loopLevel=   1  levelMember=   1  loopIteration=   5, current time:    0  1  1  0  2  0   0
20230327 025048.443 INFO             PET1     MODEL: Run intro.
20230327 025048.443 INFO             PET1       >>>MODEL: entered Run (phase=RunPhase1) with current time:    0  1  1  0  2  0   0
20230327 025048.443 INFO             PET1       MODEL: time step-loop starting, current time:    0  1  1  0  2  0   0
20230327 025048.443 INFO             PET1       thread_num=   0   currentSsiPe=   8   num_threads=   3   max_threads=   3   num_procs=   7
20230327 025048.443 INFO             PET1       thread_num=   1   currentSsiPe=   8   num_threads=   3   max_threads=   3   num_procs=   7
20230327 025048.443 INFO             PET1       thread_num=   2   currentSsiPe=   8   num_threads=   3   max_threads=   3   num_procs=   7
20230327 025048.444 INFO             PET1       ---->Advancing Model from:    0  1  1  0  2  0   0
20230327 025048.444 INFO             PET1       ---------------------> to:    0  1  1  0  2 30   0
20230327 025048.444 INFO             PET1       MODEL: time step-loop ending,   current time:    0  1  1  0  2 30   0
20230327 025048.444 INFO             PET1       <<<MODEL: leaving Run (phase=RunPhase1) with current time:    0  1  1  0  2 30   0
20230327 025048.444 INFO             PET1     MODEL: Run extro.
20230327 025048.444 INFO             PET1   driver: end <--------- RunSequence
20230327 025048.444 INFO             PET1   <<<driver - leaving Run with current time:    0  1  1  0  2 30   0
20230327 025048.444 INFO             PET1 driver: Run extro.
20230327 025048.444 INFO             PET1 driver: Finalize intro.
20230327 025048.444 INFO             PET1   Calling Finalize phase 1 for modelComp: MODEL
20230327 025048.444 INFO             PET1   MODEL: Finalize intro.
20230327 025048.444 INFO             PET1     >>>MODEL: entered Finalize (phase=FinalizePhase1) with current time:    0  1  1  0  2 30   0
20230327 025048.444 INFO             PET1     <<<MODEL: leaving Finalize (phase=FinalizePhase1) with current time:    0  1  1  0  2 30   0
20230327 025048.444 INFO             PET1   MODEL: Finalize extro.
20230327 025048.444 INFO             PET1   Delete modelComp: MODEL
20230327 025048.444 INFO             PET1   Delete Import-/Export State for modelComp: MODEL
20230327 025048.446 INFO             PET1 driver: Finalize extro.
20230327 025048.446 INFO             PET1 mainApp FINISHED
20230327 025048.446 INFO             PET1 Finalizing ESMF
20230327 025048.400 INFO             PET2 !!!!!!!!!!!!!!!!!!!!!!!!!!!!!!!!!!!!!!!!!!!!!!!!!!!!!!
20230327 025048.400 INFO             PET2 !!! THE ESMF_LOG IS SET TO OUTPUT ALL LOG MESSAGES !!!
20230327 025048.400 INFO             PET2 !!!     THIS MAY CAUSE SLOWDOWN IN PERFORMANCE     !!!
20230327 025048.400 INFO             PET2 !!! FOR PRODUCTION RUNS, USE:                      !!!
20230327 025048.400 INFO             PET2 !!!                   ESMF_LOGKIND_Multi_On_Error  !!!
20230327 025048.400 INFO             PET2 !!!!!!!!!!!!!!!!!!!!!!!!!!!!!!!!!!!!!!!!!!!!!!!!!!!!!!
20230327 025048.400 INFO             PET2 Running with ESMF Version   : v8.5.0b18-5-ge74a33b91d
20230327 025048.400 INFO             PET2 ESMF library build date/time: "Mar 27 2023" "02:03:09"
20230327 025048.400 INFO             PET2 ESMF library build location : /discover/nobackup/projects/sbu/mpotts/esmf-test/intel_19.1.3_intelmpi_g_develop/esmf
20230327 025048.400 INFO             PET2 ESMF_COMM                   : intelmpi
20230327 025048.401 INFO             PET2 ESMF_MOAB                   : enabled
20230327 025048.401 INFO             PET2 ESMF_LAPACK                 : enabled
20230327 025048.401 INFO             PET2 ESMF_NETCDF                 : enabled
20230327 025048.401 INFO             PET2 ESMF_PNETCDF                : disabled
20230327 025048.401 INFO             PET2 ESMF_PIO                    : enabled
20230327 025048.401 INFO             PET2 ESMF_YAMLCPP                : enabled
20230327 025048.401 INFO             PET2 mainApp STARTING
20230327 025048.408 INFO             PET2 driver: InitializeGeneric intro.
20230327 025048.408 INFO             PET2   driver: InitializeP0 intro.
20230327 025048.408 INFO             PET2   driver: InitializeP0 extro.
20230327 025048.408 INFO             PET2   driver: InitializeIPDv02p1 intro.
20230327 025048.408 INFO             PET2     >>>driver: entered Initialize (phase=<none>) without valid internal Clock.
20230327 025048.409 INFO             PET2     driver - Creating model component MODEL without petList.
20230327 025048.413 INFO             PET2      GridCompIsPetLocal:  T
20230327 025048.413 INFO             PET2      VmIsCreated:  T
20230327 025048.413 INFO             PET2      valid MPI_COMM with size=           4
20230327 025048.413 INFO             PET2     driver - Creating state: modelComp 1 Import State
20230327 025048.413 INFO             PET2     driver - Creating state: modelComp 1 Export State
20230327 025048.414 INFO             PET2     MODEL: InitializeP0 intro.
20230327 025048.414 INFO             PET2       >>>MODEL: entered Initialize (phase=<none>) without valid internal Clock.
20230327 025048.416 INFO             PET2       <<<MODEL: leaving Initialize (phase=<none>) without valid internal Clock.
20230327 025048.416 INFO             PET2     MODEL: InitializeP0 extro.
20230327 025048.418 INFO             PET2     driver: IInitAdvertise intro.
20230327 025048.418 INFO             PET2     driver: IInitAdvertise extro.
20230327 025048.419 INFO             PET2     MODEL: InitializeIPDvXp01 intro.
20230327 025048.419 INFO             PET2       >>>MODEL: entered Initialize (phase=IPDvXp01) without valid internal Clock.
20230327 025048.421 INFO             PET2       <<<MODEL: leaving Initialize (phase=IPDvXp01) without valid internal Clock.
20230327 025048.421 INFO             PET2     MODEL: InitializeIPDvXp01 extro.
20230327 025048.422 INFO             PET2     driver: IInitAdvertiseFinish intro.
20230327 025048.422 INFO             PET2     driver: IInitAdvertiseFinish extro.
20230327 025048.422 INFO             PET2     driver: IInitModifyCplLists intro.
20230327 025048.423 INFO             PET2     driver: IInitModifyCplLists extro.
20230327 025048.423 INFO             PET2     <<<driver: leaving Initialize (phase=<none>) with current time:    0  1  1  0  0  0   0
20230327 025048.423 INFO             PET2   driver: InitializeIPDv02p1 extro.
20230327 025048.423 INFO             PET2   driver: InitializeIPDv02p3 intro.
20230327 025048.423 INFO             PET2     >>>driver: entered Initialize (phase=<none>) with current time:    0  1  1  0  0  0   0
20230327 025048.423 INFO             PET2     driver: IInitCheck intro.
20230327 025048.423 INFO             PET2     driver: IInitCheck extro.
20230327 025048.424 INFO             PET2     MODEL: InitializeIPDvXp04 intro.
20230327 025048.424 INFO             PET2       >>>MODEL: entered Initialize (phase=IPDvXp04) without valid internal Clock.
20230327 025048.429 INFO             PET2       After Realize: - MemInfo: [/proc/meminfo - SSI]	MemTotal:       131394444 kB
20230327 025048.429 INFO             PET2       After Realize: - MemInfo: [/proc/meminfo - SSI]	MemFree:        123453392 kB
20230327 025048.429 INFO             PET2       After Realize: - MemInfo: [/proc/meminfo - SSI]	MemAvailable:   123062968 kB
20230327 025048.429 INFO             PET2       After Realize: - MemInfo: [/proc/meminfo - SSI]	Committed_AS:    4057752 kB
20230327 025048.429 INFO             PET2       After Realize: - MemInfo: [/proc/meminfo - SSI]	CommittedPercent: 3.08822 %
20230327 025048.429 INFO             PET2       After Realize: - MemInfo: [/proc/self/status]	VmPeak:	 3855404 kB
20230327 025048.429 INFO             PET2       After Realize: - MemInfo: [/proc/self/status]	VmSize:	 3831600 kB
20230327 025048.429 INFO             PET2       After Realize: - MemInfo: [/proc/self/status]	VmLck:	       0 kB
20230327 025048.429 INFO             PET2       After Realize: - MemInfo: [/proc/self/status]	VmPin:	   82140 kB
20230327 025048.429 INFO             PET2       After Realize: - MemInfo: [/proc/self/status]	VmHWM:	  176548 kB
20230327 025048.429 INFO             PET2       After Realize: - MemInfo: [/proc/self/status]	VmRSS:	  176548 kB
20230327 025048.429 INFO             PET2       After Realize: - MemInfo: [/proc/self/status]	VmData:	  244816 kB
20230327 025048.429 INFO             PET2       After Realize: - MemInfo: [/proc/self/status]	VmStk:	     508 kB
20230327 025048.429 INFO             PET2       After Realize: - MemInfo: [/proc/self/status]	VmExe:	    2788 kB
20230327 025048.429 INFO             PET2       After Realize: - MemInfo: [/proc/self/status]	VmLib:	  158372 kB
20230327 025048.429 INFO             PET2       After Realize: - MemInfo: [/proc/self/status]	VmPTE:	     824 kB
20230327 025048.429 INFO             PET2       After Realize: - MemInfo: [/proc/self/status]	VmPMD:	      32 kB
20230327 025048.429 INFO             PET2       After Realize: - MemInfo: [/proc/self/status]	VmSwap:	       0 kB
20230327 025048.429 INFO             PET2       After Realize: - MemInfo: [/proc/self/status]	VmRSSPercent: 0.134365 %
20230327 025048.429 INFO             PET2       After Realize: - MemInfo: [malloc] Non-mmapped space allocated:                25436160 Byte
20230327 025048.429 INFO             PET2       After Realize: - MemInfo: [malloc] Space allocated in mmapped regions:         64106496 Byte
20230327 025048.429 INFO             PET2       After Realize: - MemInfo: [malloc] Maximum total allocated space:                     0 Byte
20230327 025048.429 INFO             PET2       After Realize: - MemInfo: [malloc] Space in freed fastbin blocks:                  1024 Byte
20230327 025048.429 INFO             PET2       After Realize: - MemInfo: [malloc] Total allocated space:                      23176224 Byte
20230327 025048.429 INFO             PET2       After Realize: - MemInfo: [malloc] Total free space:                            2259936 Byte
20230327 025048.429 INFO             PET2       After Realize: - MemInfo: [malloc] Top-most, releasable space:                    29088 Byte
20230327 025048.429 INFO             PET2       After Realize: - MemInfo: [malloc] Total space in use, mmap + non-mmap:        87282720 Byte
20230327 025048.429 INFO             PET2       After Realize: - MemInfo: [malloc] Total space held (mmap + non-mmap):         89542656 Byte
20230327 025048.429 INFO             PET2       After Realize: - MemInfo: [malloc] Total space used (mmap + non-mmap):         87292080 Byte
20230327 025048.429 INFO             PET2       After Realize: - MemInfo: Wall-clock time since execution start:              0.0374469 seconds
20230327 025048.429 INFO             PET2       <<<MODEL: leaving Initialize (phase=IPDvXp04) without valid internal Clock.
20230327 025048.429 INFO             PET2     MODEL: InitializeIPDvXp04 extro.
20230327 025048.430 INFO             PET2     driver: IInitRealize intro.
20230327 025048.430 INFO             PET2     driver: IInitRealize extro.
20230327 025048.431 INFO             PET2     MODEL: InitializeIPDvXp07 intro.
20230327 025048.431 INFO             PET2       >>>MODEL: entered Initialize (phase=IPDvXp07) without valid internal Clock.
20230327 025048.431 INFO             PET2       <<<MODEL: leaving Initialize (phase=IPDvXp07) with current time:    0  1  1  0  0  0   0
20230327 025048.431 INFO             PET2     MODEL: InitializeIPDvXp07 extro.
20230327 025048.431 INFO             PET2     <<<driver: leaving Initialize (phase=<none>) with current time:    0  1  1  0  0  0   0
20230327 025048.431 INFO             PET2   driver: InitializeIPDv02p3 extro.
20230327 025048.431 INFO             PET2   driver: InitializeIPDv02p5 intro.
20230327 025048.432 INFO             PET2     >>>driver: entered Initialize (phase=<none>) with current time:    0  1  1  0  0  0   0
20230327 025048.432 INFO             PET2     driver: this is a top level driver, no 'Updated' and 'InitializeDataComplete' info on this level.
20230327 025048.432 INFO             PET2     driver: InitializeIPDv02p5Data intro.
20230327 025048.432 INFO             PET2       driver: InternalInitializeComplete intro.
20230327 025048.432 INFO             PET2         driver: InitializeDataComplete='true'
20230327 025048.432 INFO             PET2       driver: InternalInitializeComplete extro.
20230327 025048.432 INFO             PET2       MODEL: InitializeIPDvXp08 intro.
20230327 025048.432 INFO             PET2         >>>MODEL: entered Initialize (phase=IPDv05p8) with current time:    0  1  1  0  0  0   0
20230327 025048.433 INFO             PET2         MODEL: InitializeDataProgress='false', InitializeDataComplete='false'
20230327 025048.433 INFO             PET2         <<<MODEL: leaving Initialize (phase=IPDv05p8) with current time:    0  1  1  0  0  0   0
20230327 025048.433 INFO             PET2       MODEL: InitializeIPDvXp08 extro.
20230327 025048.434 INFO             PET2       driver: components present that trigger loopDataDependentInitialize().
20230327 025048.434 INFO             PET2       driver: loopDataDependentInitialize intro.
20230327 025048.434 INFO             PET2         driver: component    0=driver, dataComplete (local): true
20230327 025048.434 INFO             PET2         driver: component    0=driver, dataComplete (global):  T
20230327 025048.434 INFO             PET2         driver: component    1=MODEL, dataComplete (local): false
20230327 025048.434 INFO             PET2         driver: component    1=MODEL, dataComplete (global):  F
20230327 025048.434 INFO             PET2         MODEL: InitializeIPDvXp08 intro.
20230327 025048.434 INFO             PET2           >>>MODEL: entered Initialize (phase=IPDv05p8) with current time:    0  1  1  0  0  0   0
20230327 025048.435 INFO             PET2           MODEL: InitializeDataProgress='true', InitializeDataComplete='true'
20230327 025048.435 INFO             PET2           <<<MODEL: leaving Initialize (phase=IPDv05p8) with current time:    0  1  1  0  0  0   0
20230327 025048.435 INFO             PET2         MODEL: InitializeIPDvXp08 extro.
20230327 025048.436 INFO             PET2         driver: component    1=MODEL, someProgress (local): true
20230327 025048.436 INFO             PET2         driver: component    1=MODEL, someProgress (global):  T
20230327 025048.436 INFO             PET2         driver: someProgress= T, allComplete= F, present(dataDepAllComplete)= T
20230327 025048.436 INFO             PET2         driver: component    0=driver, dataComplete (local): true
20230327 025048.436 INFO             PET2         driver: component    0=driver, dataComplete (global):  T
20230327 025048.436 INFO             PET2         driver: component    1=MODEL, dataComplete (local): true
20230327 025048.436 INFO             PET2         driver: component    1=MODEL, dataComplete (global):  T
20230327 025048.436 INFO             PET2         driver: someProgress= F, allComplete= T, present(dataDepAllComplete)= T
20230327 025048.436 INFO             PET2         driver: finished resolving initialize data dependencies on this level.
20230327 025048.436 INFO             PET2       driver: loopDataDependentInitialize extro.
20230327 025048.436 INFO             PET2       driver: loopDataDependentInitialize() returned with dataDepAllComplete:  T
20230327 025048.436 INFO             PET2     driver: InitializeIPDv02p5Data extro.
20230327 025048.436 INFO             PET2     <<<driver: leaving Initialize (phase=<none>) with current time:    0  1  1  0  0  0   0
20230327 025048.436 INFO             PET2   driver: InitializeIPDv02p5 extro.
20230327 025048.436 INFO             PET2 driver: InitializeGeneric extro.
20230327 025048.436 INFO             PET2 driver: Run intro.
20230327 025048.436 INFO             PET2   >>>driver entered Run (phase=RunPhase1) with current time:    0  1  1  0  0  0   0
20230327 025048.436 INFO             PET2   driver: after lable_SetRunClock, current time:    0  1  1  0  0  0   0
20230327 025048.436 INFO             PET2   driver: begin -------> RunSequence.
20230327 025048.437 INFO             PET2     driver: RunSequence event loopLevel=   1  levelMember=   1  loopIteration=   1, current time:    0  1  1  0  0  0   0
20230327 025048.437 INFO             PET2     MODEL: Run intro.
20230327 025048.437 INFO             PET2       >>>MODEL: entered Run (phase=RunPhase1) with current time:    0  1  1  0  0  0   0
20230327 025048.437 INFO             PET2       MODEL: time step-loop starting, current time:    0  1  1  0  0  0   0
20230327 025048.437 INFO             PET2       thread_num=   1   currentSsiPe=  17   num_threads=   3   max_threads=   3   num_procs=   7
20230327 025048.437 INFO             PET2       thread_num=   0   currentSsiPe=  20   num_threads=   3   max_threads=   3   num_procs=   7
20230327 025048.439 INFO             PET2       thread_num=   2   currentSsiPe=  17   num_threads=   3   max_threads=   3   num_procs=   7
20230327 025048.439 INFO             PET2       ---->Advancing Model from:    0  1  1  0  0  0   0
20230327 025048.439 INFO             PET2       ---------------------> to:    0  1  1  0  0 30   0
20230327 025048.440 INFO             PET2       MODEL: time step-loop ending,   current time:    0  1  1  0  0 30   0
20230327 025048.440 INFO             PET2       <<<MODEL: leaving Run (phase=RunPhase1) with current time:    0  1  1  0  0 30   0
20230327 025048.440 INFO             PET2     MODEL: Run extro.
20230327 025048.440 INFO             PET2     driver: RunSequence event loopLevel=   1  levelMember=   1  loopIteration=   2, current time:    0  1  1  0  0 30   0
20230327 025048.440 INFO             PET2     MODEL: Run intro.
20230327 025048.440 INFO             PET2       >>>MODEL: entered Run (phase=RunPhase1) with current time:    0  1  1  0  0 30   0
20230327 025048.440 INFO             PET2       MODEL: time step-loop starting, current time:    0  1  1  0  0 30   0
20230327 025048.440 INFO             PET2       thread_num=   1   currentSsiPe=  17   num_threads=   3   max_threads=   3   num_procs=   7
20230327 025048.440 INFO             PET2       thread_num=   0   currentSsiPe=  20   num_threads=   3   max_threads=   3   num_procs=   7
20230327 025048.440 INFO             PET2       thread_num=   2   currentSsiPe=  17   num_threads=   3   max_threads=   3   num_procs=   7
20230327 025048.440 INFO             PET2       ---->Advancing Model from:    0  1  1  0  0 30   0
20230327 025048.440 INFO             PET2       ---------------------> to:    0  1  1  0  1  0   0
20230327 025048.440 INFO             PET2       MODEL: time step-loop ending,   current time:    0  1  1  0  1  0   0
20230327 025048.440 INFO             PET2       <<<MODEL: leaving Run (phase=RunPhase1) with current time:    0  1  1  0  1  0   0
20230327 025048.440 INFO             PET2     MODEL: Run extro.
20230327 025048.440 INFO             PET2     driver: RunSequence event loopLevel=   1  levelMember=   1  loopIteration=   3, current time:    0  1  1  0  1  0   0
20230327 025048.440 INFO             PET2     MODEL: Run intro.
20230327 025048.440 INFO             PET2       >>>MODEL: entered Run (phase=RunPhase1) with current time:    0  1  1  0  1  0   0
20230327 025048.440 INFO             PET2       MODEL: time step-loop starting, current time:    0  1  1  0  1  0   0
20230327 025048.440 INFO             PET2       thread_num=   2   currentSsiPe=  17   num_threads=   3   max_threads=   3   num_procs=   7
20230327 025048.441 INFO             PET2       thread_num=   0   currentSsiPe=  20   num_threads=   3   max_threads=   3   num_procs=   7
20230327 025048.441 INFO             PET2       thread_num=   1   currentSsiPe=  17   num_threads=   3   max_threads=   3   num_procs=   7
20230327 025048.441 INFO             PET2       ---->Advancing Model from:    0  1  1  0  1  0   0
20230327 025048.441 INFO             PET2       ---------------------> to:    0  1  1  0  1 30   0
20230327 025048.441 INFO             PET2       MODEL: time step-loop ending,   current time:    0  1  1  0  1 30   0
20230327 025048.441 INFO             PET2       <<<MODEL: leaving Run (phase=RunPhase1) with current time:    0  1  1  0  1 30   0
20230327 025048.441 INFO             PET2     MODEL: Run extro.
20230327 025048.441 INFO             PET2     driver: RunSequence event loopLevel=   1  levelMember=   1  loopIteration=   4, current time:    0  1  1  0  1 30   0
20230327 025048.441 INFO             PET2     MODEL: Run intro.
20230327 025048.441 INFO             PET2       >>>MODEL: entered Run (phase=RunPhase1) with current time:    0  1  1  0  1 30   0
20230327 025048.441 INFO             PET2       MODEL: time step-loop starting, current time:    0  1  1  0  1 30   0
20230327 025048.441 INFO             PET2       thread_num=   1   currentSsiPe=  17   num_threads=   3   max_threads=   3   num_procs=   7
20230327 025048.441 INFO             PET2       thread_num=   0   currentSsiPe=  20   num_threads=   3   max_threads=   3   num_procs=   7
20230327 025048.441 INFO             PET2       thread_num=   2   currentSsiPe=  17   num_threads=   3   max_threads=   3   num_procs=   7
20230327 025048.441 INFO             PET2       ---->Advancing Model from:    0  1  1  0  1 30   0
20230327 025048.441 INFO             PET2       ---------------------> to:    0  1  1  0  2  0   0
20230327 025048.441 INFO             PET2       MODEL: time step-loop ending,   current time:    0  1  1  0  2  0   0
20230327 025048.441 INFO             PET2       <<<MODEL: leaving Run (phase=RunPhase1) with current time:    0  1  1  0  2  0   0
20230327 025048.441 INFO             PET2     MODEL: Run extro.
20230327 025048.441 INFO             PET2     driver: RunSequence event loopLevel=   1  levelMember=   1  loopIteration=   5, current time:    0  1  1  0  2  0   0
20230327 025048.441 INFO             PET2     MODEL: Run intro.
20230327 025048.441 INFO             PET2       >>>MODEL: entered Run (phase=RunPhase1) with current time:    0  1  1  0  2  0   0
20230327 025048.441 INFO             PET2       MODEL: time step-loop starting, current time:    0  1  1  0  2  0   0
20230327 025048.441 INFO             PET2       thread_num=   1   currentSsiPe=  17   num_threads=   3   max_threads=   3   num_procs=   7
20230327 025048.441 INFO             PET2       thread_num=   0   currentSsiPe=  20   num_threads=   3   max_threads=   3   num_procs=   7
20230327 025048.442 INFO             PET2       thread_num=   2   currentSsiPe=  17   num_threads=   3   max_threads=   3   num_procs=   7
20230327 025048.442 INFO             PET2       ---->Advancing Model from:    0  1  1  0  2  0   0
20230327 025048.442 INFO             PET2       ---------------------> to:    0  1  1  0  2 30   0
20230327 025048.442 INFO             PET2       MODEL: time step-loop ending,   current time:    0  1  1  0  2 30   0
20230327 025048.442 INFO             PET2       <<<MODEL: leaving Run (phase=RunPhase1) with current time:    0  1  1  0  2 30   0
20230327 025048.442 INFO             PET2     MODEL: Run extro.
20230327 025048.442 INFO             PET2   driver: end <--------- RunSequence
20230327 025048.442 INFO             PET2   <<<driver - leaving Run with current time:    0  1  1  0  2 30   0
20230327 025048.442 INFO             PET2 driver: Run extro.
20230327 025048.442 INFO             PET2 driver: Finalize intro.
20230327 025048.442 INFO             PET2   Calling Finalize phase 1 for modelComp: MODEL
20230327 025048.442 INFO             PET2   MODEL: Finalize intro.
20230327 025048.442 INFO             PET2     >>>MODEL: entered Finalize (phase=FinalizePhase1) with current time:    0  1  1  0  2 30   0
20230327 025048.442 INFO             PET2     <<<MODEL: leaving Finalize (phase=FinalizePhase1) with current time:    0  1  1  0  2 30   0
20230327 025048.442 INFO             PET2   MODEL: Finalize extro.
20230327 025048.442 INFO             PET2   Delete modelComp: MODEL
20230327 025048.442 INFO             PET2   Delete Import-/Export State for modelComp: MODEL
20230327 025048.442 INFO             PET2 driver: Finalize extro.
20230327 025048.442 INFO             PET2 mainApp FINISHED
20230327 025048.442 INFO             PET2 Finalizing ESMF
20230327 025048.400 INFO             PET3 !!!!!!!!!!!!!!!!!!!!!!!!!!!!!!!!!!!!!!!!!!!!!!!!!!!!!!
20230327 025048.400 INFO             PET3 !!! THE ESMF_LOG IS SET TO OUTPUT ALL LOG MESSAGES !!!
20230327 025048.400 INFO             PET3 !!!     THIS MAY CAUSE SLOWDOWN IN PERFORMANCE     !!!
20230327 025048.400 INFO             PET3 !!! FOR PRODUCTION RUNS, USE:                      !!!
20230327 025048.400 INFO             PET3 !!!                   ESMF_LOGKIND_Multi_On_Error  !!!
20230327 025048.400 INFO             PET3 !!!!!!!!!!!!!!!!!!!!!!!!!!!!!!!!!!!!!!!!!!!!!!!!!!!!!!
20230327 025048.400 INFO             PET3 Running with ESMF Version   : v8.5.0b18-5-ge74a33b91d
20230327 025048.400 INFO             PET3 ESMF library build date/time: "Mar 27 2023" "02:03:09"
20230327 025048.400 INFO             PET3 ESMF library build location : /discover/nobackup/projects/sbu/mpotts/esmf-test/intel_19.1.3_intelmpi_g_develop/esmf
20230327 025048.400 INFO             PET3 ESMF_COMM                   : intelmpi
20230327 025048.401 INFO             PET3 ESMF_MOAB                   : enabled
20230327 025048.401 INFO             PET3 ESMF_LAPACK                 : enabled
20230327 025048.401 INFO             PET3 ESMF_NETCDF                 : enabled
20230327 025048.401 INFO             PET3 ESMF_PNETCDF                : disabled
20230327 025048.401 INFO             PET3 ESMF_PIO                    : enabled
20230327 025048.401 INFO             PET3 ESMF_YAMLCPP                : enabled
20230327 025048.401 INFO             PET3 mainApp STARTING
20230327 025048.407 INFO             PET3 driver: InitializeGeneric intro.
20230327 025048.407 INFO             PET3   driver: InitializeP0 intro.
20230327 025048.407 INFO             PET3   driver: InitializeP0 extro.
20230327 025048.407 INFO             PET3   driver: InitializeIPDv02p1 intro.
20230327 025048.408 INFO             PET3     >>>driver: entered Initialize (phase=<none>) without valid internal Clock.
20230327 025048.409 INFO             PET3     driver - Creating model component MODEL without petList.
20230327 025048.412 INFO             PET3      GridCompIsPetLocal:  T
20230327 025048.412 INFO             PET3      VmIsCreated:  T
20230327 025048.412 INFO             PET3      valid MPI_COMM with size=           4
20230327 025048.412 INFO             PET3     driver - Creating state: modelComp 1 Import State
20230327 025048.412 INFO             PET3     driver - Creating state: modelComp 1 Export State
20230327 025048.413 INFO             PET3     MODEL: InitializeP0 intro.
20230327 025048.413 INFO             PET3       >>>MODEL: entered Initialize (phase=<none>) without valid internal Clock.
20230327 025048.415 INFO             PET3       <<<MODEL: leaving Initialize (phase=<none>) without valid internal Clock.
20230327 025048.415 INFO             PET3     MODEL: InitializeP0 extro.
20230327 025048.418 INFO             PET3     driver: IInitAdvertise intro.
20230327 025048.418 INFO             PET3     driver: IInitAdvertise extro.
20230327 025048.418 INFO             PET3     MODEL: InitializeIPDvXp01 intro.
20230327 025048.418 INFO             PET3       >>>MODEL: entered Initialize (phase=IPDvXp01) without valid internal Clock.
20230327 025048.420 INFO             PET3       <<<MODEL: leaving Initialize (phase=IPDvXp01) without valid internal Clock.
20230327 025048.420 INFO             PET3     MODEL: InitializeIPDvXp01 extro.
20230327 025048.421 INFO             PET3     driver: IInitAdvertiseFinish intro.
20230327 025048.421 INFO             PET3     driver: IInitAdvertiseFinish extro.
20230327 025048.422 INFO             PET3     driver: IInitModifyCplLists intro.
20230327 025048.422 INFO             PET3     driver: IInitModifyCplLists extro.
20230327 025048.422 INFO             PET3     <<<driver: leaving Initialize (phase=<none>) with current time:    0  1  1  0  0  0   0
20230327 025048.422 INFO             PET3   driver: InitializeIPDv02p1 extro.
20230327 025048.422 INFO             PET3   driver: InitializeIPDv02p3 intro.
20230327 025048.422 INFO             PET3     >>>driver: entered Initialize (phase=<none>) with current time:    0  1  1  0  0  0   0
20230327 025048.422 INFO             PET3     driver: IInitCheck intro.
20230327 025048.422 INFO             PET3     driver: IInitCheck extro.
20230327 025048.422 INFO             PET3     MODEL: InitializeIPDvXp04 intro.
20230327 025048.422 INFO             PET3       >>>MODEL: entered Initialize (phase=IPDvXp04) without valid internal Clock.
20230327 025048.427 INFO             PET3       After Realize: - MemInfo: [/proc/meminfo - SSI]	MemTotal:       131394444 kB
20230327 025048.427 INFO             PET3       After Realize: - MemInfo: [/proc/meminfo - SSI]	MemFree:        123453392 kB
20230327 025048.427 INFO             PET3       After Realize: - MemInfo: [/proc/meminfo - SSI]	MemAvailable:   123062968 kB
20230327 025048.427 INFO             PET3       After Realize: - MemInfo: [/proc/meminfo - SSI]	Committed_AS:    4057752 kB
20230327 025048.427 INFO             PET3       After Realize: - MemInfo: [/proc/meminfo - SSI]	CommittedPercent: 3.08822 %
20230327 025048.427 INFO             PET3       After Realize: - MemInfo: [/proc/self/status]	VmPeak:	 3855404 kB
20230327 025048.427 INFO             PET3       After Realize: - MemInfo: [/proc/self/status]	VmSize:	 3831600 kB
20230327 025048.427 INFO             PET3       After Realize: - MemInfo: [/proc/self/status]	VmLck:	       0 kB
20230327 025048.427 INFO             PET3       After Realize: - MemInfo: [/proc/self/status]	VmPin:	   82140 kB
20230327 025048.427 INFO             PET3       After Realize: - MemInfo: [/proc/self/status]	VmHWM:	  175920 kB
20230327 025048.427 INFO             PET3       After Realize: - MemInfo: [/proc/self/status]	VmRSS:	  175920 kB
20230327 025048.427 INFO             PET3       After Realize: - MemInfo: [/proc/self/status]	VmData:	  244816 kB
20230327 025048.427 INFO             PET3       After Realize: - MemInfo: [/proc/self/status]	VmStk:	     508 kB
20230327 025048.427 INFO             PET3       After Realize: - MemInfo: [/proc/self/status]	VmExe:	    2788 kB
20230327 025048.427 INFO             PET3       After Realize: - MemInfo: [/proc/self/status]	VmLib:	  158372 kB
20230327 025048.427 INFO             PET3       After Realize: - MemInfo: [/proc/self/status]	VmPTE:	     804 kB
20230327 025048.427 INFO             PET3       After Realize: - MemInfo: [/proc/self/status]	VmPMD:	      32 kB
20230327 025048.427 INFO             PET3       After Realize: - MemInfo: [/proc/self/status]	VmSwap:	       0 kB
20230327 025048.427 INFO             PET3       After Realize: - MemInfo: [/proc/self/status]	VmRSSPercent: 0.133887 %
20230327 025048.427 INFO             PET3       After Realize: - MemInfo: [malloc] Non-mmapped space allocated:                25436160 Byte
20230327 025048.428 INFO             PET3       After Realize: - MemInfo: [malloc] Space allocated in mmapped regions:         64106496 Byte
20230327 025048.428 INFO             PET3       After Realize: - MemInfo: [malloc] Maximum total allocated space:                     0 Byte
20230327 025048.428 INFO             PET3       After Realize: - MemInfo: [malloc] Space in freed fastbin blocks:                  1024 Byte
20230327 025048.428 INFO             PET3       After Realize: - MemInfo: [malloc] Total allocated space:                      23176224 Byte
20230327 025048.428 INFO             PET3       After Realize: - MemInfo: [malloc] Total free space:                            2259936 Byte
20230327 025048.428 INFO             PET3       After Realize: - MemInfo: [malloc] Top-most, releasable space:                    29088 Byte
20230327 025048.428 INFO             PET3       After Realize: - MemInfo: [malloc] Total space in use, mmap + non-mmap:        87282720 Byte
20230327 025048.428 INFO             PET3       After Realize: - MemInfo: [malloc] Total space held (mmap + non-mmap):         89542656 Byte
20230327 025048.428 INFO             PET3       After Realize: - MemInfo: [malloc] Total space used (mmap + non-mmap):         87292080 Byte
20230327 025048.428 INFO             PET3       After Realize: - MemInfo: Wall-clock time since execution start:              0.0359962 seconds
20230327 025048.428 INFO             PET3       <<<MODEL: leaving Initialize (phase=IPDvXp04) without valid internal Clock.
20230327 025048.428 INFO             PET3     MODEL: InitializeIPDvXp04 extro.
20230327 025048.429 INFO             PET3     driver: IInitRealize intro.
20230327 025048.429 INFO             PET3     driver: IInitRealize extro.
20230327 025048.429 INFO             PET3     MODEL: InitializeIPDvXp07 intro.
20230327 025048.429 INFO             PET3       >>>MODEL: entered Initialize (phase=IPDvXp07) without valid internal Clock.
20230327 025048.429 INFO             PET3       <<<MODEL: leaving Initialize (phase=IPDvXp07) with current time:    0  1  1  0  0  0   0
20230327 025048.429 INFO             PET3     MODEL: InitializeIPDvXp07 extro.
20230327 025048.430 INFO             PET3     <<<driver: leaving Initialize (phase=<none>) with current time:    0  1  1  0  0  0   0
20230327 025048.430 INFO             PET3   driver: InitializeIPDv02p3 extro.
20230327 025048.430 INFO             PET3   driver: InitializeIPDv02p5 intro.
20230327 025048.430 INFO             PET3     >>>driver: entered Initialize (phase=<none>) with current time:    0  1  1  0  0  0   0
20230327 025048.430 INFO             PET3     driver: this is a top level driver, no 'Updated' and 'InitializeDataComplete' info on this level.
20230327 025048.430 INFO             PET3     driver: InitializeIPDv02p5Data intro.
20230327 025048.430 INFO             PET3       driver: InternalInitializeComplete intro.
20230327 025048.430 INFO             PET3         driver: InitializeDataComplete='true'
20230327 025048.430 INFO             PET3       driver: InternalInitializeComplete extro.
20230327 025048.430 INFO             PET3       MODEL: InitializeIPDvXp08 intro.
20230327 025048.430 INFO             PET3         >>>MODEL: entered Initialize (phase=IPDv05p8) with current time:    0  1  1  0  0  0   0
20230327 025048.431 INFO             PET3         MODEL: InitializeDataProgress='false', InitializeDataComplete='false'
20230327 025048.431 INFO             PET3         <<<MODEL: leaving Initialize (phase=IPDv05p8) with current time:    0  1  1  0  0  0   0
20230327 025048.431 INFO             PET3       MODEL: InitializeIPDvXp08 extro.
20230327 025048.434 INFO             PET3       driver: components present that trigger loopDataDependentInitialize().
20230327 025048.434 INFO             PET3       driver: loopDataDependentInitialize intro.
20230327 025048.434 INFO             PET3         driver: component    0=driver, dataComplete (local): true
20230327 025048.434 INFO             PET3         driver: component    0=driver, dataComplete (global):  T
20230327 025048.434 INFO             PET3         driver: component    1=MODEL, dataComplete (local): false
20230327 025048.434 INFO             PET3         driver: component    1=MODEL, dataComplete (global):  F
20230327 025048.434 INFO             PET3         MODEL: InitializeIPDvXp08 intro.
20230327 025048.434 INFO             PET3           >>>MODEL: entered Initialize (phase=IPDv05p8) with current time:    0  1  1  0  0  0   0
20230327 025048.435 INFO             PET3           MODEL: InitializeDataProgress='true', InitializeDataComplete='true'
20230327 025048.435 INFO             PET3           <<<MODEL: leaving Initialize (phase=IPDv05p8) with current time:    0  1  1  0  0  0   0
20230327 025048.435 INFO             PET3         MODEL: InitializeIPDvXp08 extro.
20230327 025048.436 INFO             PET3         driver: component    1=MODEL, someProgress (local): true
20230327 025048.436 INFO             PET3         driver: component    1=MODEL, someProgress (global):  T
20230327 025048.436 INFO             PET3         driver: someProgress= T, allComplete= F, present(dataDepAllComplete)= T
20230327 025048.436 INFO             PET3         driver: component    0=driver, dataComplete (local): true
20230327 025048.436 INFO             PET3         driver: component    0=driver, dataComplete (global):  T
20230327 025048.436 INFO             PET3         driver: component    1=MODEL, dataComplete (local): true
20230327 025048.436 INFO             PET3         driver: component    1=MODEL, dataComplete (global):  T
20230327 025048.436 INFO             PET3         driver: someProgress= F, allComplete= T, present(dataDepAllComplete)= T
20230327 025048.436 INFO             PET3         driver: finished resolving initialize data dependencies on this level.
20230327 025048.436 INFO             PET3       driver: loopDataDependentInitialize extro.
20230327 025048.436 INFO             PET3       driver: loopDataDependentInitialize() returned with dataDepAllComplete:  T
20230327 025048.436 INFO             PET3     driver: InitializeIPDv02p5Data extro.
20230327 025048.436 INFO             PET3     <<<driver: leaving Initialize (phase=<none>) with current time:    0  1  1  0  0  0   0
20230327 025048.436 INFO             PET3   driver: InitializeIPDv02p5 extro.
20230327 025048.436 INFO             PET3 driver: InitializeGeneric extro.
20230327 025048.436 INFO             PET3 driver: Run intro.
20230327 025048.436 INFO             PET3   >>>driver entered Run (phase=RunPhase1) with current time:    0  1  1  0  0  0   0
20230327 025048.436 INFO             PET3   driver: after lable_SetRunClock, current time:    0  1  1  0  0  0   0
20230327 025048.436 INFO             PET3   driver: begin -------> RunSequence.
20230327 025048.436 INFO             PET3     driver: RunSequence event loopLevel=   1  levelMember=   1  loopIteration=   1, current time:    0  1  1  0  0  0   0
20230327 025048.437 INFO             PET3     MODEL: Run intro.
20230327 025048.437 INFO             PET3       >>>MODEL: entered Run (phase=RunPhase1) with current time:    0  1  1  0  0  0   0
20230327 025048.437 INFO             PET3       MODEL: time step-loop starting, current time:    0  1  1  0  0  0   0
20230327 025048.437 INFO             PET3       thread_num=   0   currentSsiPe=  27   num_threads=   3   max_threads=   3   num_procs=   7
20230327 025048.437 INFO             PET3       thread_num=   1   currentSsiPe=  21   num_threads=   3   max_threads=   3   num_procs=   7
20230327 025048.437 INFO             PET3       thread_num=   2   currentSsiPe=  21   num_threads=   3   max_threads=   3   num_procs=   7
20230327 025048.437 INFO             PET3       ---->Advancing Model from:    0  1  1  0  0  0   0
20230327 025048.437 INFO             PET3       ---------------------> to:    0  1  1  0  0 30   0
20230327 025048.438 INFO             PET3       MODEL: time step-loop ending,   current time:    0  1  1  0  0 30   0
20230327 025048.438 INFO             PET3       <<<MODEL: leaving Run (phase=RunPhase1) with current time:    0  1  1  0  0 30   0
20230327 025048.438 INFO             PET3     MODEL: Run extro.
20230327 025048.438 INFO             PET3     driver: RunSequence event loopLevel=   1  levelMember=   1  loopIteration=   2, current time:    0  1  1  0  0 30   0
20230327 025048.438 INFO             PET3     MODEL: Run intro.
20230327 025048.438 INFO             PET3       >>>MODEL: entered Run (phase=RunPhase1) with current time:    0  1  1  0  0 30   0
20230327 025048.438 INFO             PET3       MODEL: time step-loop starting, current time:    0  1  1  0  0 30   0
20230327 025048.438 INFO             PET3       thread_num=   1   currentSsiPe=  21   num_threads=   3   max_threads=   3   num_procs=   7
20230327 025048.438 INFO             PET3       thread_num=   0   currentSsiPe=  27   num_threads=   3   max_threads=   3   num_procs=   7
20230327 025048.438 INFO             PET3       thread_num=   2   currentSsiPe=  21   num_threads=   3   max_threads=   3   num_procs=   7
20230327 025048.438 INFO             PET3       ---->Advancing Model from:    0  1  1  0  0 30   0
20230327 025048.438 INFO             PET3       ---------------------> to:    0  1  1  0  1  0   0
20230327 025048.438 INFO             PET3       MODEL: time step-loop ending,   current time:    0  1  1  0  1  0   0
20230327 025048.438 INFO             PET3       <<<MODEL: leaving Run (phase=RunPhase1) with current time:    0  1  1  0  1  0   0
20230327 025048.438 INFO             PET3     MODEL: Run extro.
20230327 025048.438 INFO             PET3     driver: RunSequence event loopLevel=   1  levelMember=   1  loopIteration=   3, current time:    0  1  1  0  1  0   0
20230327 025048.438 INFO             PET3     MODEL: Run intro.
20230327 025048.438 INFO             PET3       >>>MODEL: entered Run (phase=RunPhase1) with current time:    0  1  1  0  1  0   0
20230327 025048.439 INFO             PET3       MODEL: time step-loop starting, current time:    0  1  1  0  1  0   0
20230327 025048.439 INFO             PET3       thread_num=   1   currentSsiPe=  21   num_threads=   3   max_threads=   3   num_procs=   7
20230327 025048.439 INFO             PET3       thread_num=   0   currentSsiPe=  27   num_threads=   3   max_threads=   3   num_procs=   7
20230327 025048.439 INFO             PET3       thread_num=   2   currentSsiPe=  21   num_threads=   3   max_threads=   3   num_procs=   7
20230327 025048.439 INFO             PET3       ---->Advancing Model from:    0  1  1  0  1  0   0
20230327 025048.439 INFO             PET3       ---------------------> to:    0  1  1  0  1 30   0
20230327 025048.439 INFO             PET3       MODEL: time step-loop ending,   current time:    0  1  1  0  1 30   0
20230327 025048.439 INFO             PET3       <<<MODEL: leaving Run (phase=RunPhase1) with current time:    0  1  1  0  1 30   0
20230327 025048.439 INFO             PET3     MODEL: Run extro.
20230327 025048.439 INFO             PET3     driver: RunSequence event loopLevel=   1  levelMember=   1  loopIteration=   4, current time:    0  1  1  0  1 30   0
20230327 025048.439 INFO             PET3     MODEL: Run intro.
20230327 025048.439 INFO             PET3       >>>MODEL: entered Run (phase=RunPhase1) with current time:    0  1  1  0  1 30   0
20230327 025048.439 INFO             PET3       MODEL: time step-loop starting, current time:    0  1  1  0  1 30   0
20230327 025048.439 INFO             PET3       thread_num=   1   currentSsiPe=  21   num_threads=   3   max_threads=   3   num_procs=   7
20230327 025048.439 INFO             PET3       thread_num=   0   currentSsiPe=  27   num_threads=   3   max_threads=   3   num_procs=   7
20230327 025048.439 INFO             PET3       thread_num=   2   currentSsiPe=  21   num_threads=   3   max_threads=   3   num_procs=   7
20230327 025048.439 INFO             PET3       ---->Advancing Model from:    0  1  1  0  1 30   0
20230327 025048.439 INFO             PET3       ---------------------> to:    0  1  1  0  2  0   0
20230327 025048.439 INFO             PET3       MODEL: time step-loop ending,   current time:    0  1  1  0  2  0   0
20230327 025048.439 INFO             PET3       <<<MODEL: leaving Run (phase=RunPhase1) with current time:    0  1  1  0  2  0   0
20230327 025048.439 INFO             PET3     MODEL: Run extro.
20230327 025048.439 INFO             PET3     driver: RunSequence event loopLevel=   1  levelMember=   1  loopIteration=   5, current time:    0  1  1  0  2  0   0
20230327 025048.439 INFO             PET3     MODEL: Run intro.
20230327 025048.440 INFO             PET3       >>>MODEL: entered Run (phase=RunPhase1) with current time:    0  1  1  0  2  0   0
20230327 025048.440 INFO             PET3       MODEL: time step-loop starting, current time:    0  1  1  0  2  0   0
20230327 025048.440 INFO             PET3       thread_num=   0   currentSsiPe=  27   num_threads=   3   max_threads=   3   num_procs=   7
20230327 025048.440 INFO             PET3       thread_num=   1   currentSsiPe=  21   num_threads=   3   max_threads=   3   num_procs=   7
20230327 025048.440 INFO             PET3       thread_num=   2   currentSsiPe=  21   num_threads=   3   max_threads=   3   num_procs=   7
20230327 025048.440 INFO             PET3       ---->Advancing Model from:    0  1  1  0  2  0   0
20230327 025048.440 INFO             PET3       ---------------------> to:    0  1  1  0  2 30   0
20230327 025048.440 INFO             PET3       MODEL: time step-loop ending,   current time:    0  1  1  0  2 30   0
20230327 025048.440 INFO             PET3       <<<MODEL: leaving Run (phase=RunPhase1) with current time:    0  1  1  0  2 30   0
20230327 025048.440 INFO             PET3     MODEL: Run extro.
20230327 025048.440 INFO             PET3   driver: end <--------- RunSequence
20230327 025048.440 INFO             PET3   <<<driver - leaving Run with current time:    0  1  1  0  2 30   0
20230327 025048.440 INFO             PET3 driver: Run extro.
20230327 025048.440 INFO             PET3 driver: Finalize intro.
20230327 025048.440 INFO             PET3   Calling Finalize phase 1 for modelComp: MODEL
20230327 025048.440 INFO             PET3   MODEL: Finalize intro.
20230327 025048.440 INFO             PET3     >>>MODEL: entered Finalize (phase=FinalizePhase1) with current time:    0  1  1  0  2 30   0
20230327 025048.440 INFO             PET3     <<<MODEL: leaving Finalize (phase=FinalizePhase1) with current time:    0  1  1  0  2 30   0
20230327 025048.440 INFO             PET3   MODEL: Finalize extro.
20230327 025048.440 INFO             PET3   Delete modelComp: MODEL
20230327 025048.440 INFO             PET3   Delete Import-/Export State for modelComp: MODEL
20230327 025048.441 INFO             PET3 driver: Finalize extro.
20230327 025048.441 INFO             PET3 mainApp FINISHED
20230327 025048.441 INFO             PET3 Finalizing ESMF
