2023-03-24 03:43:34
20230324 044832.711 INFO             PET0 !!!!!!!!!!!!!!!!!!!!!!!!!!!!!!!!!!!!!!!!!!!!!!!!!!!!!!
20230324 044832.712 INFO             PET0 !!! THE ESMF_LOG IS SET TO OUTPUT ALL LOG MESSAGES !!!
20230324 044832.712 INFO             PET0 !!!     THIS MAY CAUSE SLOWDOWN IN PERFORMANCE     !!!
20230324 044832.712 INFO             PET0 !!! FOR PRODUCTION RUNS, USE:                      !!!
20230324 044832.712 INFO             PET0 !!!                   ESMF_LOGKIND_Multi_On_Error  !!!
20230324 044832.712 INFO             PET0 !!!!!!!!!!!!!!!!!!!!!!!!!!!!!!!!!!!!!!!!!!!!!!!!!!!!!!
20230324 044832.712 INFO             PET0 Running with ESMF Version   : v8.5.0b18-5-ge74a33b91d
20230324 044832.712 INFO             PET0 ESMF library build date/time: "Mar 24 2023" "03:38:15"
20230324 044832.712 INFO             PET0 ESMF library build location : /glade/scratch/theurich/ESMF-Nightly-Testing/intel_18.0.5_intelmpi_O_develop/esmf
20230324 044832.712 INFO             PET0 ESMF_COMM                   : intelmpi
20230324 044832.712 INFO             PET0 ESMF_MOAB                   : enabled
20230324 044832.712 INFO             PET0 ESMF_LAPACK                 : enabled
20230324 044832.712 INFO             PET0 ESMF_NETCDF                 : enabled
20230324 044832.712 INFO             PET0 ESMF_PNETCDF                : disabled
20230324 044832.712 INFO             PET0 ESMF_PIO                    : enabled
20230324 044832.712 INFO             PET0 ESMF_YAMLCPP                : enabled
20230324 044832.749 DEBUG            PET0 about to destroy Grid: 0x1a3b290
20230324 044832.753 DEBUG            PET0 about to destroy Grid: 0x1a3d280
20230324 044832.763 INFO             PET0  NUMBER_OF_PROCESSORS           4
20230324 044832.764 INFO             PET0  PASS  Example ESMF_NUOPCAtmModelEx, ESMF_NUOPCAtmModelEx.F90, line 806
20230324 044832.764 INFO             PET0 Finalizing ESMF
20230324 044832.711 INFO             PET1 !!!!!!!!!!!!!!!!!!!!!!!!!!!!!!!!!!!!!!!!!!!!!!!!!!!!!!
20230324 044832.711 INFO             PET1 !!! THE ESMF_LOG IS SET TO OUTPUT ALL LOG MESSAGES !!!
20230324 044832.711 INFO             PET1 !!!     THIS MAY CAUSE SLOWDOWN IN PERFORMANCE     !!!
20230324 044832.711 INFO             PET1 !!! FOR PRODUCTION RUNS, USE:                      !!!
20230324 044832.711 INFO             PET1 !!!                   ESMF_LOGKIND_Multi_On_Error  !!!
20230324 044832.711 INFO             PET1 !!!!!!!!!!!!!!!!!!!!!!!!!!!!!!!!!!!!!!!!!!!!!!!!!!!!!!
20230324 044832.711 INFO             PET1 Running with ESMF Version   : v8.5.0b18-5-ge74a33b91d
20230324 044832.711 INFO             PET1 ESMF library build date/time: "Mar 24 2023" "03:38:15"
20230324 044832.711 INFO             PET1 ESMF library build location : /glade/scratch/theurich/ESMF-Nightly-Testing/intel_18.0.5_intelmpi_O_develop/esmf
20230324 044832.711 INFO             PET1 ESMF_COMM                   : intelmpi
20230324 044832.712 INFO             PET1 ESMF_MOAB                   : enabled
20230324 044832.712 INFO             PET1 ESMF_LAPACK                 : enabled
20230324 044832.712 INFO             PET1 ESMF_NETCDF                 : enabled
20230324 044832.712 INFO             PET1 ESMF_PNETCDF                : disabled
20230324 044832.712 INFO             PET1 ESMF_PIO                    : enabled
20230324 044832.712 INFO             PET1 ESMF_YAMLCPP                : enabled
20230324 044832.749 DEBUG            PET1 about to destroy Grid: 0x27e6e90
20230324 044832.753 DEBUG            PET1 about to destroy Grid: 0x27e7d10
20230324 044832.763 INFO             PET1  NUMBER_OF_PROCESSORS           4
20230324 044832.763 INFO             PET1  PASS  Example ESMF_NUOPCAtmModelEx, ESMF_NUOPCAtmModelEx.F90, line 806
20230324 044832.763 INFO             PET1 Finalizing ESMF
20230324 044832.712 INFO             PET2 !!!!!!!!!!!!!!!!!!!!!!!!!!!!!!!!!!!!!!!!!!!!!!!!!!!!!!
20230324 044832.712 INFO             PET2 !!! THE ESMF_LOG IS SET TO OUTPUT ALL LOG MESSAGES !!!
20230324 044832.712 INFO             PET2 !!!     THIS MAY CAUSE SLOWDOWN IN PERFORMANCE     !!!
20230324 044832.712 INFO             PET2 !!! FOR PRODUCTION RUNS, USE:                      !!!
20230324 044832.712 INFO             PET2 !!!                   ESMF_LOGKIND_Multi_On_Error  !!!
20230324 044832.712 INFO             PET2 !!!!!!!!!!!!!!!!!!!!!!!!!!!!!!!!!!!!!!!!!!!!!!!!!!!!!!
20230324 044832.712 INFO             PET2 Running with ESMF Version   : v8.5.0b18-5-ge74a33b91d
20230324 044832.712 INFO             PET2 ESMF library build date/time: "Mar 24 2023" "03:38:15"
20230324 044832.712 INFO             PET2 ESMF library build location : /glade/scratch/theurich/ESMF-Nightly-Testing/intel_18.0.5_intelmpi_O_develop/esmf
20230324 044832.712 INFO             PET2 ESMF_COMM                   : intelmpi
20230324 044832.712 INFO             PET2 ESMF_MOAB                   : enabled
20230324 044832.712 INFO             PET2 ESMF_LAPACK                 : enabled
20230324 044832.712 INFO             PET2 ESMF_NETCDF                 : enabled
20230324 044832.712 INFO             PET2 ESMF_PNETCDF                : disabled
20230324 044832.712 INFO             PET2 ESMF_PIO                    : enabled
20230324 044832.712 INFO             PET2 ESMF_YAMLCPP                : enabled
20230324 044832.749 DEBUG            PET2 about to destroy Grid: 0x267de90
20230324 044832.753 DEBUG            PET2 about to destroy Grid: 0x267ed10
20230324 044832.763 INFO             PET2  NUMBER_OF_PROCESSORS           4
20230324 044832.763 INFO             PET2  PASS  Example ESMF_NUOPCAtmModelEx, ESMF_NUOPCAtmModelEx.F90, line 806
20230324 044832.763 INFO             PET2 Finalizing ESMF
20230324 044832.710 INFO             PET3 !!!!!!!!!!!!!!!!!!!!!!!!!!!!!!!!!!!!!!!!!!!!!!!!!!!!!!
20230324 044832.710 INFO             PET3 !!! THE ESMF_LOG IS SET TO OUTPUT ALL LOG MESSAGES !!!
20230324 044832.710 INFO             PET3 !!!     THIS MAY CAUSE SLOWDOWN IN PERFORMANCE     !!!
20230324 044832.710 INFO             PET3 !!! FOR PRODUCTION RUNS, USE:                      !!!
20230324 044832.710 INFO             PET3 !!!                   ESMF_LOGKIND_Multi_On_Error  !!!
20230324 044832.710 INFO             PET3 !!!!!!!!!!!!!!!!!!!!!!!!!!!!!!!!!!!!!!!!!!!!!!!!!!!!!!
20230324 044832.710 INFO             PET3 Running with ESMF Version   : v8.5.0b18-5-ge74a33b91d
20230324 044832.710 INFO             PET3 ESMF library build date/time: "Mar 24 2023" "03:38:15"
20230324 044832.710 INFO             PET3 ESMF library build location : /glade/scratch/theurich/ESMF-Nightly-Testing/intel_18.0.5_intelmpi_O_develop/esmf
20230324 044832.710 INFO             PET3 ESMF_COMM                   : intelmpi
20230324 044832.711 INFO             PET3 ESMF_MOAB                   : enabled
20230324 044832.711 INFO             PET3 ESMF_LAPACK                 : enabled
20230324 044832.711 INFO             PET3 ESMF_NETCDF                 : enabled
20230324 044832.711 INFO             PET3 ESMF_PNETCDF                : disabled
20230324 044832.711 INFO             PET3 ESMF_PIO                    : enabled
20230324 044832.711 INFO             PET3 ESMF_YAMLCPP                : enabled
20230324 044832.749 DEBUG            PET3 about to destroy Grid: 0x1363e90
20230324 044832.753 DEBUG            PET3 about to destroy Grid: 0x1364d10
20230324 044832.763 INFO             PET3  NUMBER_OF_PROCESSORS           4
20230324 044832.763 INFO             PET3  PASS  Example ESMF_NUOPCAtmModelEx, ESMF_NUOPCAtmModelEx.F90, line 806
20230324 044832.763 INFO             PET3 Finalizing ESMF
