2023-04-15 07:33:03
[1681545199.383022] [h20c51:80466:0]         mxm.c:196  MXM  WARN  The 'ulimit -s' on the system is set to 'unlimited'. This may have negative performance implications. Please set the stack size to the default value (10240) 
[1681545199.388537] [h20c51:80466:0]         mxm.c:196  MXM  WARN  The 'ulimit -s' on the system is set to 'unlimited'. This may have negative performance implications. Please set the stack size to the default value (10240) 
[1681545199.382990] [h20c51:80464:0]         mxm.c:196  MXM  WARN  The 'ulimit -s' on the system is set to 'unlimited'. This may have negative performance implications. Please set the stack size to the default value (10240) 
[1681545199.388482] [h20c51:80464:0]         mxm.c:196  MXM  WARN  The 'ulimit -s' on the system is set to 'unlimited'. This may have negative performance implications. Please set the stack size to the default value (10240) 
[1681545199.374987] [h20c51:80465:0]         mxm.c:196  MXM  WARN  The 'ulimit -s' on the system is set to 'unlimited'. This may have negative performance implications. Please set the stack size to the default value (10240) 
[1681545199.379990] [h20c51:80465:0]         mxm.c:196  MXM  WARN  The 'ulimit -s' on the system is set to 'unlimited'. This may have negative performance implications. Please set the stack size to the default value (10240) 
[1681545199.375237] [h20c51:80463:0]         mxm.c:196  MXM  WARN  The 'ulimit -s' on the system is set to 'unlimited'. This may have negative performance implications. Please set the stack size to the default value (10240) 
[1681545199.380077] [h20c51:80463:0]         mxm.c:196  MXM  WARN  The 'ulimit -s' on the system is set to 'unlimited'. This may have negative performance implications. Please set the stack size to the default value (10240) 
 localData for PET            2 :          201
 localData for PET            2 :          202
 localData for PET            2 :          203
 localData for PET            2 :          204
 localData for PET            2 :          205
 localData for PET            2 :          206
 localData for PET            2 :          207
 localData for PET            2 :          208
 localData for PET            2 :          209
 localData for PET            2 :          210
 localData for PET            1 :          101
 localData for PET            1 :          102
 localData for PET            1 :          103
 localData for PET            1 :          104
  PASS  Example ESMF_VMSendVMRecvEx, ESMF_VMSendVMRecvEx.F90, line 120
 localData for PET            1 :          105
 localData for PET            1 :          106
 localData for PET            1 :          107
 localData for PET            1 :          108
 localData for PET            1 :          109
 localData for PET            1 :          110
  PASS  Example ESMF_VMSendVMRecvEx, ESMF_VMSendVMRecvEx.F90, line 120
 localData for PET            0 :          301
 localData for PET            0 :          302
 localData for PET            0 :          303
 localData for PET            0 :          304
 localData for PET            0 :          305
 localData for PET            0 :          306
 localData for PET            0 :          307
 localData for PET            0 :          308
 localData for PET            0 :          309
 localData for PET            0 :          310
  PASS  Example ESMF_VMSendVMRecvEx, ESMF_VMSendVMRecvEx.F90, line 120
 localData for PET            3 :          301
 localData for PET            3 :          302
 localData for PET            3 :          303
 localData for PET            3 :          304
 localData for PET            3 :          305
 localData for PET            3 :          306
 localData for PET            3 :          307
 localData for PET            3 :          308
 localData for PET            3 :          309
 localData for PET            3 :          310
  PASS  Example ESMF_VMSendVMRecvEx, ESMF_VMSendVMRecvEx.F90, line 120
 PASS: ESMF_VMSendVMRecvEx.F90
 PASS: ESMF_VMSendVMRecvEx.F90
 PASS: ESMF_VMSendVMRecvEx.F90
 PASS: ESMF_VMSendVMRecvEx.F90
