2023-04-16 07:33:10
20230416 075456.467 INFO             PET0 !!!!!!!!!!!!!!!!!!!!!!!!!!!!!!!!!!!!!!!!!!!!!!!!!!!!!!
20230416 075456.467 INFO             PET0 !!! THE ESMF_LOG IS SET TO OUTPUT ALL LOG MESSAGES !!!
20230416 075456.467 INFO             PET0 !!!     THIS MAY CAUSE SLOWDOWN IN PERFORMANCE     !!!
20230416 075456.467 INFO             PET0 !!! FOR PRODUCTION RUNS, USE:                      !!!
20230416 075456.467 INFO             PET0 !!!                   ESMF_LOGKIND_Multi_On_Error  !!!
20230416 075456.467 INFO             PET0 !!!!!!!!!!!!!!!!!!!!!!!!!!!!!!!!!!!!!!!!!!!!!!!!!!!!!!
20230416 075456.467 INFO             PET0 Running with ESMF Version   : hconfig_b01-1-gebe6bc4ad1
20230416 075456.467 INFO             PET0 ESMF library build date/time: "Apr 16 2023" "07:32:08"
20230416 075456.467 INFO             PET0 ESMF library build location : /scratch2/NCEPDEV/stmp1/Gerhard.Theurich/ESMF-Nightly-Testing/gfortran_9.2.0b_openmpi_O_feature_hconfig/esmf
20230416 075456.467 INFO             PET0 ESMF_COMM                   : openmpi
20230416 075456.468 INFO             PET0 ESMF_MOAB                   : enabled
20230416 075456.468 INFO             PET0 ESMF_LAPACK                 : enabled
20230416 075456.468 INFO             PET0 ESMF_NETCDF                 : disabled
20230416 075456.468 INFO             PET0 ESMF_PNETCDF                : disabled
20230416 075456.468 INFO             PET0 ESMF_PIO                    : disabled
20230416 075456.468 INFO             PET0 ESMF_YAMLCPP                : enabled
20230416 075456.496 DEBUG            PET0 about to destroy Grid: 0xbb47d0
20230416 075456.499 DEBUG            PET0 about to destroy Grid: 0xbb5940
20230416 075456.508 INFO             PET0  NUMBER_OF_PROCESSORS           4
20230416 075456.508 INFO             PET0  PASS  Example ESMF_NUOPCAtmModelEx, ESMF_NUOPCAtmModelEx.F90, line 806
20230416 075456.508 INFO             PET0 Finalizing ESMF
20230416 075456.468 INFO             PET1 !!!!!!!!!!!!!!!!!!!!!!!!!!!!!!!!!!!!!!!!!!!!!!!!!!!!!!
20230416 075456.468 INFO             PET1 !!! THE ESMF_LOG IS SET TO OUTPUT ALL LOG MESSAGES !!!
20230416 075456.468 INFO             PET1 !!!     THIS MAY CAUSE SLOWDOWN IN PERFORMANCE     !!!
20230416 075456.468 INFO             PET1 !!! FOR PRODUCTION RUNS, USE:                      !!!
20230416 075456.468 INFO             PET1 !!!                   ESMF_LOGKIND_Multi_On_Error  !!!
20230416 075456.468 INFO             PET1 !!!!!!!!!!!!!!!!!!!!!!!!!!!!!!!!!!!!!!!!!!!!!!!!!!!!!!
20230416 075456.468 INFO             PET1 Running with ESMF Version   : hconfig_b01-1-gebe6bc4ad1
20230416 075456.468 INFO             PET1 ESMF library build date/time: "Apr 16 2023" "07:32:08"
20230416 075456.468 INFO             PET1 ESMF library build location : /scratch2/NCEPDEV/stmp1/Gerhard.Theurich/ESMF-Nightly-Testing/gfortran_9.2.0b_openmpi_O_feature_hconfig/esmf
20230416 075456.468 INFO             PET1 ESMF_COMM                   : openmpi
20230416 075456.468 INFO             PET1 ESMF_MOAB                   : enabled
20230416 075456.468 INFO             PET1 ESMF_LAPACK                 : enabled
20230416 075456.468 INFO             PET1 ESMF_NETCDF                 : disabled
20230416 075456.468 INFO             PET1 ESMF_PNETCDF                : disabled
20230416 075456.468 INFO             PET1 ESMF_PIO                    : disabled
20230416 075456.468 INFO             PET1 ESMF_YAMLCPP                : enabled
20230416 075456.496 DEBUG            PET1 about to destroy Grid: 0x221e7d0
20230416 075456.499 DEBUG            PET1 about to destroy Grid: 0x221f5e0
20230416 075456.508 INFO             PET1  NUMBER_OF_PROCESSORS           4
20230416 075456.508 INFO             PET1  PASS  Example ESMF_NUOPCAtmModelEx, ESMF_NUOPCAtmModelEx.F90, line 806
20230416 075456.508 INFO             PET1 Finalizing ESMF
20230416 075456.467 INFO             PET2 !!!!!!!!!!!!!!!!!!!!!!!!!!!!!!!!!!!!!!!!!!!!!!!!!!!!!!
20230416 075456.467 INFO             PET2 !!! THE ESMF_LOG IS SET TO OUTPUT ALL LOG MESSAGES !!!
20230416 075456.467 INFO             PET2 !!!     THIS MAY CAUSE SLOWDOWN IN PERFORMANCE     !!!
20230416 075456.467 INFO             PET2 !!! FOR PRODUCTION RUNS, USE:                      !!!
20230416 075456.467 INFO             PET2 !!!                   ESMF_LOGKIND_Multi_On_Error  !!!
20230416 075456.467 INFO             PET2 !!!!!!!!!!!!!!!!!!!!!!!!!!!!!!!!!!!!!!!!!!!!!!!!!!!!!!
20230416 075456.467 INFO             PET2 Running with ESMF Version   : hconfig_b01-1-gebe6bc4ad1
20230416 075456.467 INFO             PET2 ESMF library build date/time: "Apr 16 2023" "07:32:08"
20230416 075456.467 INFO             PET2 ESMF library build location : /scratch2/NCEPDEV/stmp1/Gerhard.Theurich/ESMF-Nightly-Testing/gfortran_9.2.0b_openmpi_O_feature_hconfig/esmf
20230416 075456.467 INFO             PET2 ESMF_COMM                   : openmpi
20230416 075456.468 INFO             PET2 ESMF_MOAB                   : enabled
20230416 075456.468 INFO             PET2 ESMF_LAPACK                 : enabled
20230416 075456.468 INFO             PET2 ESMF_NETCDF                 : disabled
20230416 075456.468 INFO             PET2 ESMF_PNETCDF                : disabled
20230416 075456.468 INFO             PET2 ESMF_PIO                    : disabled
20230416 075456.468 INFO             PET2 ESMF_YAMLCPP                : enabled
20230416 075456.496 DEBUG            PET2 about to destroy Grid: 0xdea800
20230416 075456.499 DEBUG            PET2 about to destroy Grid: 0xdebc90
20230416 075456.508 INFO             PET2  NUMBER_OF_PROCESSORS           4
20230416 075456.508 INFO             PET2  PASS  Example ESMF_NUOPCAtmModelEx, ESMF_NUOPCAtmModelEx.F90, line 806
20230416 075456.508 INFO             PET2 Finalizing ESMF
20230416 075456.467 INFO             PET3 !!!!!!!!!!!!!!!!!!!!!!!!!!!!!!!!!!!!!!!!!!!!!!!!!!!!!!
20230416 075456.467 INFO             PET3 !!! THE ESMF_LOG IS SET TO OUTPUT ALL LOG MESSAGES !!!
20230416 075456.467 INFO             PET3 !!!     THIS MAY CAUSE SLOWDOWN IN PERFORMANCE     !!!
20230416 075456.467 INFO             PET3 !!! FOR PRODUCTION RUNS, USE:                      !!!
20230416 075456.467 INFO             PET3 !!!                   ESMF_LOGKIND_Multi_On_Error  !!!
20230416 075456.467 INFO             PET3 !!!!!!!!!!!!!!!!!!!!!!!!!!!!!!!!!!!!!!!!!!!!!!!!!!!!!!
20230416 075456.467 INFO             PET3 Running with ESMF Version   : hconfig_b01-1-gebe6bc4ad1
20230416 075456.467 INFO             PET3 ESMF library build date/time: "Apr 16 2023" "07:32:08"
20230416 075456.467 INFO             PET3 ESMF library build location : /scratch2/NCEPDEV/stmp1/Gerhard.Theurich/ESMF-Nightly-Testing/gfortran_9.2.0b_openmpi_O_feature_hconfig/esmf
20230416 075456.467 INFO             PET3 ESMF_COMM                   : openmpi
20230416 075456.468 INFO             PET3 ESMF_MOAB                   : enabled
20230416 075456.468 INFO             PET3 ESMF_LAPACK                 : enabled
20230416 075456.468 INFO             PET3 ESMF_NETCDF                 : disabled
20230416 075456.468 INFO             PET3 ESMF_PNETCDF                : disabled
20230416 075456.468 INFO             PET3 ESMF_PIO                    : disabled
20230416 075456.468 INFO             PET3 ESMF_YAMLCPP                : enabled
20230416 075456.496 DEBUG            PET3 about to destroy Grid: 0x23f2ea0
20230416 075456.499 DEBUG            PET3 about to destroy Grid: 0x23f3850
20230416 075456.508 INFO             PET3  NUMBER_OF_PROCESSORS           4
20230416 075456.508 INFO             PET3  PASS  Example ESMF_NUOPCAtmModelEx, ESMF_NUOPCAtmModelEx.F90, line 806
20230416 075456.508 INFO             PET3 Finalizing ESMF
