2023-03-26 03:10:43
20230326 040232.540 INFO             PET0 !!!!!!!!!!!!!!!!!!!!!!!!!!!!!!!!!!!!!!!!!!!!!!!!!!!!!!
20230326 040232.541 INFO             PET0 !!! THE ESMF_LOG IS SET TO OUTPUT ALL LOG MESSAGES !!!
20230326 040232.541 INFO             PET0 !!!     THIS MAY CAUSE SLOWDOWN IN PERFORMANCE     !!!
20230326 040232.541 INFO             PET0 !!! FOR PRODUCTION RUNS, USE:                      !!!
20230326 040232.541 INFO             PET0 !!!                   ESMF_LOGKIND_Multi_On_Error  !!!
20230326 040232.541 INFO             PET0 !!!!!!!!!!!!!!!!!!!!!!!!!!!!!!!!!!!!!!!!!!!!!!!!!!!!!!
20230326 040232.541 INFO             PET0 Running with ESMF Version   : v8.5.0b18-5-ge74a33b91d
20230326 040232.541 INFO             PET0 ESMF library build date/time: "Mar 26 2023" "03:08:47"
20230326 040232.541 INFO             PET0 ESMF library build location : /Users/sacks/projects/scratch/esmf-testing/gfortranclang_12.2.0_14.0.0_openmpi_g_develop/esmf
20230326 040232.541 INFO             PET0 ESMF_COMM                   : openmpi
20230326 040232.541 INFO             PET0 ESMF_MOAB                   : enabled
20230326 040232.541 INFO             PET0 ESMF_LAPACK                 : enabled
20230326 040232.541 INFO             PET0 ESMF_NETCDF                 : enabled
20230326 040232.541 INFO             PET0 ESMF_PNETCDF                : disabled
20230326 040232.541 INFO             PET0 ESMF_PIO                    : enabled
20230326 040232.541 INFO             PET0 ESMF_YAMLCPP                : enabled
20230326 040232.542 INFO             PET0  NUMBER_OF_PROCESSORS           1
20230326 040232.542 INFO             PET0  PASS  Example ESMF_TimeEx, ESMF_TimeEx.F90, line 141
20230326 040232.542 INFO             PET0 Finalizing ESMF
