2023-04-06 03:15:40
20230406 043944.246 INFO             PET0 !!!!!!!!!!!!!!!!!!!!!!!!!!!!!!!!!!!!!!!!!!!!!!!!!!!!!!
20230406 043944.257 INFO             PET0 !!! THE ESMF_LOG IS SET TO OUTPUT ALL LOG MESSAGES !!!
20230406 043944.257 INFO             PET0 !!!     THIS MAY CAUSE SLOWDOWN IN PERFORMANCE     !!!
20230406 043944.257 INFO             PET0 !!! FOR PRODUCTION RUNS, USE:                      !!!
20230406 043944.257 INFO             PET0 !!!                   ESMF_LOGKIND_Multi_On_Error  !!!
20230406 043944.257 INFO             PET0 !!!!!!!!!!!!!!!!!!!!!!!!!!!!!!!!!!!!!!!!!!!!!!!!!!!!!!
20230406 043944.257 INFO             PET0 Running with ESMF Version   : v8.5.0b19
20230406 043944.257 INFO             PET0 ESMF library build date/time: "Apr  6 2023" "03:13:34"
20230406 043944.257 INFO             PET0 ESMF library build location : /Users/sacks/projects/scratch/esmf-testing/gfortranclang_12.2.0_14.0.0_openmpi_g_develop/esmf
20230406 043944.257 INFO             PET0 ESMF_COMM                   : openmpi
20230406 043944.257 INFO             PET0 ESMF_MOAB                   : enabled
20230406 043944.257 INFO             PET0 ESMF_LAPACK                 : enabled
20230406 043944.257 INFO             PET0 ESMF_NETCDF                 : enabled
20230406 043944.257 INFO             PET0 ESMF_PNETCDF                : disabled
20230406 043944.257 INFO             PET0 ESMF_PIO                    : enabled
20230406 043944.257 INFO             PET0 ESMF_YAMLCPP                : enabled
20230406 043944.339 ERROR            PET0 ESMF_StateAPI.cppF90:1189 ESMF_StateAddList Object being used before creation  - Bad Object
20230406 043944.342 INFO             PET0  NUMBER_OF_PROCESSORS           4
20230406 043944.342 INFO             PET0  PASS  Example ESMF_StateReconcileEx, ESMF_StateReconcileEx.F90, line 294
20230406 043944.342 INFO             PET0 Finalizing ESMF
20230406 043944.245 INFO             PET1 !!!!!!!!!!!!!!!!!!!!!!!!!!!!!!!!!!!!!!!!!!!!!!!!!!!!!!
20230406 043944.263 INFO             PET1 !!! THE ESMF_LOG IS SET TO OUTPUT ALL LOG MESSAGES !!!
20230406 043944.263 INFO             PET1 !!!     THIS MAY CAUSE SLOWDOWN IN PERFORMANCE     !!!
20230406 043944.263 INFO             PET1 !!! FOR PRODUCTION RUNS, USE:                      !!!
20230406 043944.263 INFO             PET1 !!!                   ESMF_LOGKIND_Multi_On_Error  !!!
20230406 043944.263 INFO             PET1 !!!!!!!!!!!!!!!!!!!!!!!!!!!!!!!!!!!!!!!!!!!!!!!!!!!!!!
20230406 043944.263 INFO             PET1 Running with ESMF Version   : v8.5.0b19
20230406 043944.263 INFO             PET1 ESMF library build date/time: "Apr  6 2023" "03:13:34"
20230406 043944.263 INFO             PET1 ESMF library build location : /Users/sacks/projects/scratch/esmf-testing/gfortranclang_12.2.0_14.0.0_openmpi_g_develop/esmf
20230406 043944.263 INFO             PET1 ESMF_COMM                   : openmpi
20230406 043944.263 INFO             PET1 ESMF_MOAB                   : enabled
20230406 043944.263 INFO             PET1 ESMF_LAPACK                 : enabled
20230406 043944.263 INFO             PET1 ESMF_NETCDF                 : enabled
20230406 043944.263 INFO             PET1 ESMF_PNETCDF                : disabled
20230406 043944.263 INFO             PET1 ESMF_PIO                    : enabled
20230406 043944.263 INFO             PET1 ESMF_YAMLCPP                : enabled
20230406 043944.339 ERROR            PET1 ESMF_StateAPI.cppF90:1189 ESMF_StateAddList Object being used before creation  - Bad Object
20230406 043944.343 INFO             PET1  NUMBER_OF_PROCESSORS           4
20230406 043944.343 INFO             PET1  PASS  Example ESMF_StateReconcileEx, ESMF_StateReconcileEx.F90, line 294
20230406 043944.343 INFO             PET1 Finalizing ESMF
20230406 043944.246 INFO             PET2 !!!!!!!!!!!!!!!!!!!!!!!!!!!!!!!!!!!!!!!!!!!!!!!!!!!!!!
20230406 043944.258 INFO             PET2 !!! THE ESMF_LOG IS SET TO OUTPUT ALL LOG MESSAGES !!!
20230406 043944.258 INFO             PET2 !!!     THIS MAY CAUSE SLOWDOWN IN PERFORMANCE     !!!
20230406 043944.258 INFO             PET2 !!! FOR PRODUCTION RUNS, USE:                      !!!
20230406 043944.258 INFO             PET2 !!!                   ESMF_LOGKIND_Multi_On_Error  !!!
20230406 043944.258 INFO             PET2 !!!!!!!!!!!!!!!!!!!!!!!!!!!!!!!!!!!!!!!!!!!!!!!!!!!!!!
20230406 043944.258 INFO             PET2 Running with ESMF Version   : v8.5.0b19
20230406 043944.258 INFO             PET2 ESMF library build date/time: "Apr  6 2023" "03:13:34"
20230406 043944.258 INFO             PET2 ESMF library build location : /Users/sacks/projects/scratch/esmf-testing/gfortranclang_12.2.0_14.0.0_openmpi_g_develop/esmf
20230406 043944.258 INFO             PET2 ESMF_COMM                   : openmpi
20230406 043944.258 INFO             PET2 ESMF_MOAB                   : enabled
20230406 043944.258 INFO             PET2 ESMF_LAPACK                 : enabled
20230406 043944.258 INFO             PET2 ESMF_NETCDF                 : enabled
20230406 043944.258 INFO             PET2 ESMF_PNETCDF                : disabled
20230406 043944.258 INFO             PET2 ESMF_PIO                    : enabled
20230406 043944.258 INFO             PET2 ESMF_YAMLCPP                : enabled
20230406 043944.339 ERROR            PET2 ESMF_StateAPI.cppF90:1189 ESMF_StateAddList Object being used before creation  - Bad Object
20230406 043944.342 INFO             PET2  NUMBER_OF_PROCESSORS           4
20230406 043944.342 INFO             PET2  PASS  Example ESMF_StateReconcileEx, ESMF_StateReconcileEx.F90, line 294
20230406 043944.342 INFO             PET2 Finalizing ESMF
20230406 043944.252 INFO             PET3 !!!!!!!!!!!!!!!!!!!!!!!!!!!!!!!!!!!!!!!!!!!!!!!!!!!!!!
20230406 043944.261 INFO             PET3 !!! THE ESMF_LOG IS SET TO OUTPUT ALL LOG MESSAGES !!!
20230406 043944.261 INFO             PET3 !!!     THIS MAY CAUSE SLOWDOWN IN PERFORMANCE     !!!
20230406 043944.261 INFO             PET3 !!! FOR PRODUCTION RUNS, USE:                      !!!
20230406 043944.261 INFO             PET3 !!!                   ESMF_LOGKIND_Multi_On_Error  !!!
20230406 043944.261 INFO             PET3 !!!!!!!!!!!!!!!!!!!!!!!!!!!!!!!!!!!!!!!!!!!!!!!!!!!!!!
20230406 043944.261 INFO             PET3 Running with ESMF Version   : v8.5.0b19
20230406 043944.261 INFO             PET3 ESMF library build date/time: "Apr  6 2023" "03:13:34"
20230406 043944.261 INFO             PET3 ESMF library build location : /Users/sacks/projects/scratch/esmf-testing/gfortranclang_12.2.0_14.0.0_openmpi_g_develop/esmf
20230406 043944.261 INFO             PET3 ESMF_COMM                   : openmpi
20230406 043944.261 INFO             PET3 ESMF_MOAB                   : enabled
20230406 043944.261 INFO             PET3 ESMF_LAPACK                 : enabled
20230406 043944.261 INFO             PET3 ESMF_NETCDF                 : enabled
20230406 043944.261 INFO             PET3 ESMF_PNETCDF                : disabled
20230406 043944.261 INFO             PET3 ESMF_PIO                    : enabled
20230406 043944.261 INFO             PET3 ESMF_YAMLCPP                : enabled
20230406 043944.339 ERROR            PET3 ESMF_StateAPI.cppF90:1189 ESMF_StateAddList Object being used before creation  - Bad Object
20230406 043944.342 INFO             PET3  NUMBER_OF_PROCESSORS           4
20230406 043944.343 INFO             PET3  PASS  Example ESMF_StateReconcileEx, ESMF_StateReconcileEx.F90, line 294
20230406 043944.343 INFO             PET3 Finalizing ESMF
