2023-04-01 03:05:39
20230401 043008.712 INFO             PET0 !!!!!!!!!!!!!!!!!!!!!!!!!!!!!!!!!!!!!!!!!!!!!!!!!!!!!!
20230401 043008.714 INFO             PET0 !!! THE ESMF_LOG IS SET TO OUTPUT ALL LOG MESSAGES !!!
20230401 043008.714 INFO             PET0 !!!     THIS MAY CAUSE SLOWDOWN IN PERFORMANCE     !!!
20230401 043008.714 INFO             PET0 !!! FOR PRODUCTION RUNS, USE:                      !!!
20230401 043008.714 INFO             PET0 !!!                   ESMF_LOGKIND_Multi_On_Error  !!!
20230401 043008.714 INFO             PET0 !!!!!!!!!!!!!!!!!!!!!!!!!!!!!!!!!!!!!!!!!!!!!!!!!!!!!!
20230401 043008.714 INFO             PET0 Running with ESMF Version   : v8.5.0b19
20230401 043008.714 INFO             PET0 ESMF library build date/time: "Apr  1 2023" "03:00:05"
20230401 043008.714 INFO             PET0 ESMF library build location : /work/noaa/da/mpotts/sandbox/pgi_2019_openmpi_O_develop/esmf
20230401 043008.714 INFO             PET0 ESMF_COMM                   : openmpi
20230401 043008.726 INFO             PET0 ESMF_MOAB                   : enabled
20230401 043008.726 INFO             PET0 ESMF_LAPACK                 : enabled
20230401 043008.726 INFO             PET0 ESMF_NETCDF                 : enabled
20230401 043008.726 INFO             PET0 ESMF_PNETCDF                : disabled
20230401 043008.726 INFO             PET0 ESMF_PIO                    : enabled
20230401 043008.726 INFO             PET0 ESMF_YAMLCPP                : enabled
20230401 043008.763 INFO             PET1 !!!!!!!!!!!!!!!!!!!!!!!!!!!!!!!!!!!!!!!!!!!!!!!!!!!!!!
20230401 043008.765 INFO             PET1 !!! THE ESMF_LOG IS SET TO OUTPUT ALL LOG MESSAGES !!!
20230401 043008.765 INFO             PET1 !!!     THIS MAY CAUSE SLOWDOWN IN PERFORMANCE     !!!
20230401 043008.765 INFO             PET1 !!! FOR PRODUCTION RUNS, USE:                      !!!
20230401 043008.765 INFO             PET1 !!!                   ESMF_LOGKIND_Multi_On_Error  !!!
20230401 043008.765 INFO             PET1 !!!!!!!!!!!!!!!!!!!!!!!!!!!!!!!!!!!!!!!!!!!!!!!!!!!!!!
20230401 043008.765 INFO             PET1 Running with ESMF Version   : v8.5.0b19
20230401 043008.765 INFO             PET1 ESMF library build date/time: "Apr  1 2023" "03:00:05"
20230401 043008.765 INFO             PET1 ESMF library build location : /work/noaa/da/mpotts/sandbox/pgi_2019_openmpi_O_develop/esmf
20230401 043008.765 INFO             PET1 ESMF_COMM                   : openmpi
20230401 043008.778 INFO             PET1 ESMF_MOAB                   : enabled
20230401 043008.778 INFO             PET1 ESMF_LAPACK                 : enabled
20230401 043008.778 INFO             PET1 ESMF_NETCDF                 : enabled
20230401 043008.778 INFO             PET1 ESMF_PNETCDF                : disabled
20230401 043008.778 INFO             PET1 ESMF_PIO                    : enabled
20230401 043008.778 INFO             PET1 ESMF_YAMLCPP                : enabled
20230401 043008.736 INFO             PET2 !!!!!!!!!!!!!!!!!!!!!!!!!!!!!!!!!!!!!!!!!!!!!!!!!!!!!!
20230401 043008.738 INFO             PET2 !!! THE ESMF_LOG IS SET TO OUTPUT ALL LOG MESSAGES !!!
20230401 043008.738 INFO             PET2 !!!     THIS MAY CAUSE SLOWDOWN IN PERFORMANCE     !!!
20230401 043008.738 INFO             PET2 !!! FOR PRODUCTION RUNS, USE:                      !!!
20230401 043008.738 INFO             PET2 !!!                   ESMF_LOGKIND_Multi_On_Error  !!!
20230401 043008.738 INFO             PET2 !!!!!!!!!!!!!!!!!!!!!!!!!!!!!!!!!!!!!!!!!!!!!!!!!!!!!!
20230401 043008.738 INFO             PET2 Running with ESMF Version   : v8.5.0b19
20230401 043008.738 INFO             PET2 ESMF library build date/time: "Apr  1 2023" "03:00:05"
20230401 043008.738 INFO             PET2 ESMF library build location : /work/noaa/da/mpotts/sandbox/pgi_2019_openmpi_O_develop/esmf
20230401 043008.738 INFO             PET2 ESMF_COMM                   : openmpi
20230401 043008.751 INFO             PET2 ESMF_MOAB                   : enabled
20230401 043008.751 INFO             PET2 ESMF_LAPACK                 : enabled
20230401 043008.751 INFO             PET2 ESMF_NETCDF                 : enabled
20230401 043008.751 INFO             PET2 ESMF_PNETCDF                : disabled
20230401 043008.751 INFO             PET2 ESMF_PIO                    : enabled
20230401 043008.751 INFO             PET2 ESMF_YAMLCPP                : enabled
20230401 043008.789 INFO             PET3 !!!!!!!!!!!!!!!!!!!!!!!!!!!!!!!!!!!!!!!!!!!!!!!!!!!!!!
20230401 043008.791 INFO             PET3 !!! THE ESMF_LOG IS SET TO OUTPUT ALL LOG MESSAGES !!!
20230401 043008.791 INFO             PET3 !!!     THIS MAY CAUSE SLOWDOWN IN PERFORMANCE     !!!
20230401 043008.791 INFO             PET3 !!! FOR PRODUCTION RUNS, USE:                      !!!
20230401 043008.791 INFO             PET3 !!!                   ESMF_LOGKIND_Multi_On_Error  !!!
20230401 043008.791 INFO             PET3 !!!!!!!!!!!!!!!!!!!!!!!!!!!!!!!!!!!!!!!!!!!!!!!!!!!!!!
20230401 043008.791 INFO             PET3 Running with ESMF Version   : v8.5.0b19
20230401 043008.791 INFO             PET3 ESMF library build date/time: "Apr  1 2023" "03:00:05"
20230401 043008.791 INFO             PET3 ESMF library build location : /work/noaa/da/mpotts/sandbox/pgi_2019_openmpi_O_develop/esmf
20230401 043008.791 INFO             PET3 ESMF_COMM                   : openmpi
20230401 043008.803 INFO             PET3 ESMF_MOAB                   : enabled
20230401 043008.804 INFO             PET3 ESMF_LAPACK                 : enabled
20230401 043008.804 INFO             PET3 ESMF_NETCDF                 : enabled
20230401 043008.804 INFO             PET3 ESMF_PNETCDF                : disabled
20230401 043008.804 INFO             PET3 ESMF_PIO                    : enabled
20230401 043008.804 INFO             PET3 ESMF_YAMLCPP                : enabled
