2023-03-16 02:55:38
20230316 044811.312 INFO             PET0 !!!!!!!!!!!!!!!!!!!!!!!!!!!!!!!!!!!!!!!!!!!!!!!!!!!!!!
20230316 044811.314 INFO             PET0 !!! THE ESMF_LOG IS SET TO OUTPUT ALL LOG MESSAGES !!!
20230316 044811.314 INFO             PET0 !!!     THIS MAY CAUSE SLOWDOWN IN PERFORMANCE     !!!
20230316 044811.314 INFO             PET0 !!! FOR PRODUCTION RUNS, USE:                      !!!
20230316 044811.314 INFO             PET0 !!!                   ESMF_LOGKIND_Multi_On_Error  !!!
20230316 044811.314 INFO             PET0 !!!!!!!!!!!!!!!!!!!!!!!!!!!!!!!!!!!!!!!!!!!!!!!!!!!!!!
20230316 044811.314 INFO             PET0 Running with ESMF Version   : v8.5.0b18-4-gd81342e
20230316 044811.314 INFO             PET0 ESMF library build date/time: "Mar 16 2023" "02:51:45"
20230316 044811.314 INFO             PET0 ESMF library build location : /work/noaa/da/mpotts/sandbox/pgi_2019_openmpi_O_develop/esmf
20230316 044811.314 INFO             PET0 ESMF_COMM                   : openmpi
20230316 044811.315 INFO             PET0 ESMF_MOAB                   : enabled
20230316 044811.315 INFO             PET0 ESMF_LAPACK                 : enabled
20230316 044811.315 INFO             PET0 ESMF_NETCDF                 : enabled
20230316 044811.315 INFO             PET0 ESMF_PNETCDF                : disabled
20230316 044811.315 INFO             PET0 ESMF_PIO                    : enabled
20230316 044811.315 INFO             PET0 ESMF_YAMLCPP                : enabled
20230316 044811.315 INFO             PET0  NUMBER_OF_PROCESSORS            2
20230316 044811.315 INFO             PET0  PASS  Example ESMF_VMUserMpiCommEx, ESMF_VMUserMpiCommEx.F90, line 113
20230316 044811.315 INFO             PET0 Finalizing ESMF
20230316 044811.312 INFO             PET1 !!!!!!!!!!!!!!!!!!!!!!!!!!!!!!!!!!!!!!!!!!!!!!!!!!!!!!
20230316 044811.313 INFO             PET1 !!! THE ESMF_LOG IS SET TO OUTPUT ALL LOG MESSAGES !!!
20230316 044811.313 INFO             PET1 !!!     THIS MAY CAUSE SLOWDOWN IN PERFORMANCE     !!!
20230316 044811.313 INFO             PET1 !!! FOR PRODUCTION RUNS, USE:                      !!!
20230316 044811.313 INFO             PET1 !!!                   ESMF_LOGKIND_Multi_On_Error  !!!
20230316 044811.313 INFO             PET1 !!!!!!!!!!!!!!!!!!!!!!!!!!!!!!!!!!!!!!!!!!!!!!!!!!!!!!
20230316 044811.313 INFO             PET1 Running with ESMF Version   : v8.5.0b18-4-gd81342e
20230316 044811.313 INFO             PET1 ESMF library build date/time: "Mar 16 2023" "02:51:45"
20230316 044811.313 INFO             PET1 ESMF library build location : /work/noaa/da/mpotts/sandbox/pgi_2019_openmpi_O_develop/esmf
20230316 044811.313 INFO             PET1 ESMF_COMM                   : openmpi
20230316 044811.314 INFO             PET1 ESMF_MOAB                   : enabled
20230316 044811.314 INFO             PET1 ESMF_LAPACK                 : enabled
20230316 044811.314 INFO             PET1 ESMF_NETCDF                 : enabled
20230316 044811.314 INFO             PET1 ESMF_PNETCDF                : disabled
20230316 044811.314 INFO             PET1 ESMF_PIO                    : enabled
20230316 044811.314 INFO             PET1 ESMF_YAMLCPP                : enabled
20230316 044811.315 INFO             PET1  NUMBER_OF_PROCESSORS            2
20230316 044811.315 INFO             PET1  PASS  Example ESMF_VMUserMpiCommEx, ESMF_VMUserMpiCommEx.F90, line 113
20230316 044811.315 INFO             PET1 Finalizing ESMF
