2023-03-22 02:57:45
[Orion-01-56:164823:0:164823] Caught signal 11 (Segmentation fault: address not mapped to object at address 0x4f1b591)
[Orion-01-56:164824:0:164824] Caught signal 11 (Segmentation fault: address not mapped to object at address 0x4f1b591)
[Orion-01-56:164825:0:164825] Caught signal 11 (Segmentation fault: address not mapped to object at address 0x4f1b591)
[Orion-01-56:164826:0:164826] Caught signal 11 (Segmentation fault: address not mapped to object at address 0x4f1b591)

/work/noaa/da/mpotts/sandbox/pgi_2019_openmpi_O_develop/esmf/src/Infrastructure/LogErr/src/ESMCI_LogErr.C: [ ESMCI::LogErr::MsgFoundError() ]

/work/noaa/da/mpotts/sandbox/pgi_2019_openmpi_O_develop/esmf/src/Infrastructure/LogErr/src/ESMCI_LogErr.C: [ ESMCI::LogErr::MsgFoundError() ]
      ...
      ...
      583 {
      584     bool result=false;
      585 #ifdef ESMC_SUCCESSDEFAULT_ON
==>   586     if (rcToReturn != ESMC_NULL_POINTER) *rcToReturn=ESMF_SUCCESS;
      583 {
      584     bool result=false;
      585 #ifdef ESMC_SUCCESSDEFAULT_ON
==>   586     if (rcToReturn != ESMC_NULL_POINTER) *rcToReturn=ESMF_SUCCESS;
      587 #endif
      588     if (trace) {
      589         Write(ESMC_METHOD,ESMC_LOGMSG_TRACE,
      587 #endif
      588     if (trace) {
      589         Write(ESMC_METHOD,ESMC_LOGMSG_TRACE,



/work/noaa/da/mpotts/sandbox/pgi_2019_openmpi_O_develop/esmf/src/Infrastructure/LogErr/src/ESMCI_LogErr.C: [ ESMCI::LogErr::MsgFoundError() ]
      ...

/work/noaa/da/mpotts/sandbox/pgi_2019_openmpi_O_develop/esmf/src/Infrastructure/LogErr/src/ESMCI_LogErr.C: [ ESMCI::LogErr::MsgFoundError() ]
      ...
      583 {
      584     bool result=false;
      585 #ifdef ESMC_SUCCESSDEFAULT_ON
==>   586     if (rcToReturn != ESMC_NULL_POINTER) *rcToReturn=ESMF_SUCCESS;
      587 #endif
      588     if (trace) {
      589         Write(ESMC_METHOD,ESMC_LOGMSG_TRACE,

      583 {
      584     bool result=false;
      585 #ifdef ESMC_SUCCESSDEFAULT_ON
==>   586     if (rcToReturn != ESMC_NULL_POINTER) *rcToReturn=ESMF_SUCCESS;
      587 #endif
      588     if (trace) {
      589         Write(ESMC_METHOD,ESMC_LOGMSG_TRACE,

==== backtrace (tid: 164823) ====
 0 0x0000000000737c03 ESMCI::LogErr::MsgFoundError()  /work/noaa/da/mpotts/sandbox/pgi_2019_openmpi_O_develop/esmf/src/Infrastructure/LogErr/src/ESMCI_LogErr.C:586
 1 0x000000000088ff01 c_esmc_meshcreatenodedistgrid_()  /work/noaa/da/mpotts/sandbox/pgi_2019_openmpi_O_develop/esmf/src/Infrastructure/Mesh/interface/ESMCI_Mesh_F.C:248
 2 0x0000000000fa1860 esmf_meshmod_esmf_meshcreate1part_()  /work/noaa/da/mpotts/sandbox/pgi_2019_openmpi_O_develop/esmf/src/Infrastructure/Mesh/interface/ESMF_Mesh.F90:1407
 3 0x000000000040880a MAIN_()  /work/noaa/da/mpotts/sandbox/pgi_2019_openmpi_O_develop/esmf/src/Infrastructure/Field/examples/ESMF_FieldRedistEx.F90:403
 4 0x00000000004051c3 main()  ???:0
 5 0x0000000000022495 __libc_start_main()  ???:0
 6 0x00000000004050c9 _start()  ???:0
=================================
[Orion-01-56:164823] *** Process received signal ***
[Orion-01-56:164823] Signal: Segmentation fault (11)
[Orion-01-56:164823] Signal code:  (-6)
[Orion-01-56:164823] Failing at address: 0x20e5000283d7
==== backtrace (tid: 164825) ====
 0 0x0000000000737c03 ESMCI::LogErr::MsgFoundError()  /work/noaa/da/mpotts/sandbox/pgi_2019_openmpi_O_develop/esmf/src/Infrastructure/LogErr/src/ESMCI_LogErr.C:586
 1 0x000000000088ff01 c_esmc_meshcreatenodedistgrid_()  /work/noaa/da/mpotts/sandbox/pgi_2019_openmpi_O_develop/esmf/src/Infrastructure/Mesh/interface/ESMCI_Mesh_F.C:248
 2 0x0000000000fa1860 esmf_meshmod_esmf_meshcreate1part_()  /work/noaa/da/mpotts/sandbox/pgi_2019_openmpi_O_develop/esmf/src/Infrastructure/Mesh/interface/ESMF_Mesh.F90:1407
 3 0x000000000040880a MAIN_()  /work/noaa/da/mpotts/sandbox/pgi_2019_openmpi_O_develop/esmf/src/Infrastructure/Field/examples/ESMF_FieldRedistEx.F90:403
[Orion-01-56:164823] [ 0] /lib64/libpthread.so.0(+0xf5d0)[0x7f6b39dbf5d0]
 4 0x00000000004051c3 main()  ???:0
 5 0x0000000000022495 __libc_start_main()  ???:0
 6 0x00000000004050c9 _start()  ???:0
=================================
[Orion-01-56:164825] *** Process received signal ***
[Orion-01-56:164825] Signal: Segmentation fault (11)
[Orion-01-56:164825] Signal code:  (-6)
[Orion-01-56:164825] Failing at address: 0x20e5000283d9
[Orion-01-56:164825] [ 0] /lib64/libpthread.so.0(+0xf5d0)[0x7faed30b35d0]
[Orion-01-56:164823] [ 1] /work/noaa/da/mpotts/sandbox/pgi_2019_openmpi_O_develop/esmf/lib/libO/Linux.pgi.64.openmpi.default/libesmf.so(_ZN5ESMCI6LogErr13MsgFoundErrorEiPKciS2_S2_Pi+0x33)[0x7f6b38558c03]
[Orion-01-56:164825] [ 1] /work/noaa/da/mpotts/sandbox/pgi_2019_openmpi_O_develop/esmf/lib/libO/Linux.pgi.64.openmpi.default/libesmf.so(_ZN5ESMCI6LogErr13MsgFoundErrorEiPKciS2_S2_Pi+0x33)[0x7faed184cc03]
[Orion-01-56:164823] [ 2] /work/noaa/da/mpotts/sandbox/pgi_2019_openmpi_O_develop/esmf/lib/libO/Linux.pgi.64.openmpi.default/libesmf.so(c_esmc_meshcreatenodedistgrid_+0xa1)[0x7f6b386b0f01]
[Orion-01-56:164825] [ 2] /work/noaa/da/mpotts/sandbox/pgi_2019_openmpi_O_develop/esmf/lib/libO/Linux.pgi.64.openmpi.default/libesmf.so(c_esmc_meshcreatenodedistgrid_+0xa1)[0x7faed19a4f01]
[Orion-01-56:164823] [ 3] /work/noaa/da/mpotts/sandbox/pgi_2019_openmpi_O_develop/esmf/lib/libO/Linux.pgi.64.openmpi.default/libesmf.so(esmf_meshmod_esmf_meshcreate1part_+0xce0)[0x7f6b38dc2860]
[Orion-01-56:164823] [ 4] /work/noaa/da/mpotts/sandbox/pgi_2019_openmpi_O_develop/esmf/examples/examplesO/Linux.pgi.64.openmpi.default/./ESMF_FieldRedistEx[0x40880a]
[Orion-01-56:164823] [ 5] /work/noaa/da/mpotts/sandbox/pgi_2019_openmpi_O_develop/esmf/examples/examplesO/Linux.pgi.64.openmpi.default/./ESMF_FieldRedistEx[0x4051c3]
[Orion-01-56:164823] [ 6] /lib64/libc.so.6(__libc_start_main+0xf5)[0x7f6b3426e495]
[Orion-01-56:164823] [ 7] /work/noaa/da/mpotts/sandbox/pgi_2019_openmpi_O_develop/esmf/examples/examplesO/Linux.pgi.64.openmpi.default/./ESMF_FieldRedistEx[0x4050c9]
[Orion-01-56:164823] *** End of error message ***
[Orion-01-56:164825] [ 3] /work/noaa/da/mpotts/sandbox/pgi_2019_openmpi_O_develop/esmf/lib/libO/Linux.pgi.64.openmpi.default/libesmf.so(esmf_meshmod_esmf_meshcreate1part_+0xce0)[0x7faed20b6860]
[Orion-01-56:164825] [ 4] /work/noaa/da/mpotts/sandbox/pgi_2019_openmpi_O_develop/esmf/examples/examplesO/Linux.pgi.64.openmpi.default/./ESMF_FieldRedistEx[0x40880a]
[Orion-01-56:164825] [ 5] /work/noaa/da/mpotts/sandbox/pgi_2019_openmpi_O_develop/esmf/examples/examplesO/Linux.pgi.64.openmpi.default/./ESMF_FieldRedistEx[0x4051c3]
[Orion-01-56:164825] [ 6] /lib64/libc.so.6(__libc_start_main+0xf5)[0x7faecd562495]
[Orion-01-56:164825] [ 7] /work/noaa/da/mpotts/sandbox/pgi_2019_openmpi_O_develop/esmf/examples/examplesO/Linux.pgi.64.openmpi.default/./ESMF_FieldRedistEx[0x4050c9]
[Orion-01-56:164825] *** End of error message ***
==== backtrace (tid: 164824) ====
 0 0x0000000000737c03 ESMCI::LogErr::MsgFoundError()  /work/noaa/da/mpotts/sandbox/pgi_2019_openmpi_O_develop/esmf/src/Infrastructure/LogErr/src/ESMCI_LogErr.C:586
 1 0x000000000088ff01 c_esmc_meshcreatenodedistgrid_()  /work/noaa/da/mpotts/sandbox/pgi_2019_openmpi_O_develop/esmf/src/Infrastructure/Mesh/interface/ESMCI_Mesh_F.C:248
 2 0x0000000000fa1860 esmf_meshmod_esmf_meshcreate1part_()  /work/noaa/da/mpotts/sandbox/pgi_2019_openmpi_O_develop/esmf/src/Infrastructure/Mesh/interface/ESMF_Mesh.F90:1407
 3 0x000000000040880a MAIN_()  /work/noaa/da/mpotts/sandbox/pgi_2019_openmpi_O_develop/esmf/src/Infrastructure/Field/examples/ESMF_FieldRedistEx.F90:403
 4 0x00000000004051c3 main()  ???:0
 5 0x0000000000022495 __libc_start_main()  ???:0
 6 0x00000000004050c9 _start()  ???:0
=================================
[Orion-01-56:164824] *** Process received signal ***
[Orion-01-56:164824] Signal: Segmentation fault (11)
[Orion-01-56:164824] Signal code:  (-6)
[Orion-01-56:164824] Failing at address: 0x20e5000283d8
[Orion-01-56:164824] [ 0] /lib64/libpthread.so.0(+0xf5d0)[0x7fc7d563d5d0]
==== backtrace (tid: 164826) ====
 0 0x0000000000737c03 ESMCI::LogErr::MsgFoundError()  /work/noaa/da/mpotts/sandbox/pgi_2019_openmpi_O_develop/esmf/src/Infrastructure/LogErr/src/ESMCI_LogErr.C:586
 1 0x000000000088ff01 c_esmc_meshcreatenodedistgrid_()  /work/noaa/da/mpotts/sandbox/pgi_2019_openmpi_O_develop/esmf/src/Infrastructure/Mesh/interface/ESMCI_Mesh_F.C:248
 2 0x0000000000fa1860 esmf_meshmod_esmf_meshcreate1part_()  /work/noaa/da/mpotts/sandbox/pgi_2019_openmpi_O_develop/esmf/src/Infrastructure/Mesh/interface/ESMF_Mesh.F90:1407
 3 0x000000000040880a MAIN_()  /work/noaa/da/mpotts/sandbox/pgi_2019_openmpi_O_develop/esmf/src/Infrastructure/Field/examples/ESMF_FieldRedistEx.F90:403
 4 0x00000000004051c3 main()  ???:0
 5 0x0000000000022495 __libc_start_main()  ???:0
 6 0x00000000004050c9 _start()  ???:0
=================================
[Orion-01-56:164826] *** Process received signal ***
[Orion-01-56:164826] Signal: Segmentation fault (11)
[Orion-01-56:164826] Signal code:  (-6)
[Orion-01-56:164826] Failing at address: 0x20e5000283da
[Orion-01-56:164824] [ 1] /work/noaa/da/mpotts/sandbox/pgi_2019_openmpi_O_develop/esmf/lib/libO/Linux.pgi.64.openmpi.default/libesmf.so(_ZN5ESMCI6LogErr13MsgFoundErrorEiPKciS2_S2_Pi+0x33)[0x7fc7d3dd6c03]
[Orion-01-56:164826] [ 0] /lib64/libpthread.so.0(+0xf5d0)[0x7fd1e9fe55d0]
[Orion-01-56:164824] [ 2] /work/noaa/da/mpotts/sandbox/pgi_2019_openmpi_O_develop/esmf/lib/libO/Linux.pgi.64.openmpi.default/libesmf.so(c_esmc_meshcreatenodedistgrid_+0xa1)[0x7fc7d3f2ef01]
[Orion-01-56:164826] [ 1] /work/noaa/da/mpotts/sandbox/pgi_2019_openmpi_O_develop/esmf/lib/libO/Linux.pgi.64.openmpi.default/libesmf.so(_ZN5ESMCI6LogErr13MsgFoundErrorEiPKciS2_S2_Pi+0x33)[0x7fd1e877ec03]
[Orion-01-56:164826] [ 2] /work/noaa/da/mpotts/sandbox/pgi_2019_openmpi_O_develop/esmf/lib/libO/Linux.pgi.64.openmpi.default/libesmf.so(c_esmc_meshcreatenodedistgrid_+0xa1)[0x7fd1e88d6f01]
[Orion-01-56:164824] [ 3] /work/noaa/da/mpotts/sandbox/pgi_2019_openmpi_O_develop/esmf/lib/libO/Linux.pgi.64.openmpi.default/libesmf.so(esmf_meshmod_esmf_meshcreate1part_+0xce0)[0x7fc7d4640860]
[Orion-01-56:164824] [ 4] /work/noaa/da/mpotts/sandbox/pgi_2019_openmpi_O_develop/esmf/examples/examplesO/Linux.pgi.64.openmpi.default/./ESMF_FieldRedistEx[0x40880a]
[Orion-01-56:164824] [ 5] /work/noaa/da/mpotts/sandbox/pgi_2019_openmpi_O_develop/esmf/examples/examplesO/Linux.pgi.64.openmpi.default/./ESMF_FieldRedistEx[0x4051c3]
[Orion-01-56:164824] [ 6] /lib64/libc.so.6(__libc_start_main+0xf5)[0x7fc7cfaec495]
[Orion-01-56:164824] [ 7] /work/noaa/da/mpotts/sandbox/pgi_2019_openmpi_O_develop/esmf/examples/examplesO/Linux.pgi.64.openmpi.default/./ESMF_FieldRedistEx[0x4050c9]
[Orion-01-56:164824] *** End of error message ***
[Orion-01-56:164826] [ 3] /work/noaa/da/mpotts/sandbox/pgi_2019_openmpi_O_develop/esmf/lib/libO/Linux.pgi.64.openmpi.default/libesmf.so(esmf_meshmod_esmf_meshcreate1part_+0xce0)[0x7fd1e8fe8860]
[Orion-01-56:164826] [ 4] /work/noaa/da/mpotts/sandbox/pgi_2019_openmpi_O_develop/esmf/examples/examplesO/Linux.pgi.64.openmpi.default/./ESMF_FieldRedistEx[0x40880a]
[Orion-01-56:164826] [ 5] /work/noaa/da/mpotts/sandbox/pgi_2019_openmpi_O_develop/esmf/examples/examplesO/Linux.pgi.64.openmpi.default/./ESMF_FieldRedistEx[0x4051c3]
[Orion-01-56:164826] [ 6] /lib64/libc.so.6(__libc_start_main+0xf5)[0x7fd1e4494495]
[Orion-01-56:164826] [ 7] /work/noaa/da/mpotts/sandbox/pgi_2019_openmpi_O_develop/esmf/examples/examplesO/Linux.pgi.64.openmpi.default/./ESMF_FieldRedistEx[0x4050c9]
[Orion-01-56:164826] *** End of error message ***
srun: error: Orion-01-56: tasks 0-3: Segmentation fault
srun: launch/slurm: _step_signal: Terminating StepId=9507321.321
