2023-03-19 02:55:52
 FieldBundle example 1 returned
 FieldBundle example 2 returned, fieldcount =            1
 FieldBundle example 3 returned, fieldcount =            3
 FieldBundle example 4 returned, field names = pressure, pressure
 FieldBundle name = atmosphere data
 heat flux                                                                                                                                                                                                                                                       
 pressure                                                                                                                                                                                                                                                        
 temperature                                                                                                                                                                                                                                                     
 temperature                                                                                                                                                                                                                                                     
 pressure                                                                                                                                                                                                                                                        
 heat flux                                                                                                                                                                                                                                                       
 FieldBundle example 1 returned
 FieldBundle example 2 returned, fieldcount =            1
 FieldBundle example 3 returned, fieldcount =            3
 FieldBundle example 4 returned, field names = pressure, pressure
 FieldBundle name = atmosphere data
 heat flux                                                                                                                                                                                                                                                       
 pressure                                                                                                                                                                                                                                                        
 temperature                                                                                                                                                                                                                                                     
 temperature                                                                                                                                                                                                                                                     
 pressure                                                                                                                                                                                                                                                        
 heat flux                                                                                                                                                                                                                                                       
[Orion-01-09:453343:0:453343] Caught signal 11 (Segmentation fault: address not mapped to object at address 0x4f1b591)
 FieldBundle example 1 returned
 FieldBundle example 2 returned, fieldcount =            1
 FieldBundle example 3 returned, fieldcount =            3
 FieldBundle example 4 returned, field names = pressure, pressure
 FieldBundle name = atmosphere data
 heat flux                                                                                                                                                                                                                                                       
 pressure                                                                                                                                                                                                                                                        
 temperature                                                                                                                                                                                                                                                     
 temperature                                                                                                                                                                                                                                                     
 pressure                                                                                                                                                                                                                                                        
 heat flux                                                                                                                                                                                                                                                       
[Orion-01-09:453344:0:453344] Caught signal 11 (Segmentation fault: address not mapped to object at address 0x4f1b591)
[Orion-01-09:453345:0:453345] Caught signal 11 (Segmentation fault: address not mapped to object at address 0x4f1b591)
 FieldBundle example 1 returned
 FieldBundle example 2 returned, fieldcount =            1
 FieldBundle example 3 returned, fieldcount =            3
 FieldBundle example 4 returned, field names = pressure, pressure
 FieldBundle name = atmosphere data
 heat flux                                                                                                                                                                                                                                                       
 pressure                                                                                                                                                                                                                                                        
 temperature                                                                                                                                                                                                                                                     
 temperature                                                                                                                                                                                                                                                     
 pressure                                                                                                                                                                                                                                                        
 heat flux                                                                                                                                                                                                                                                       
[Orion-01-09:453346:0:453346] Caught signal 11 (Segmentation fault: address not mapped to object at address 0x4f1b591)

/work/noaa/da/mpotts/sandbox/pgi_2019_openmpi_O_develop/esmf/src/Infrastructure/LogErr/src/ESMCI_LogErr.C: [ ESMCI::LogErr::MsgFoundError() ]
      ...

/work/noaa/da/mpotts/sandbox/pgi_2019_openmpi_O_develop/esmf/src/Infrastructure/LogErr/src/ESMCI_LogErr.C: [ ESMCI::LogErr::MsgFoundError() ]
      ...

/work/noaa/da/mpotts/sandbox/pgi_2019_openmpi_O_develop/esmf/src/Infrastructure/LogErr/src/ESMCI_LogErr.C: [ ESMCI::LogErr::MsgFoundError() ]
      ...
      583 {
      584     bool result=false;
      585 #ifdef ESMC_SUCCESSDEFAULT_ON
==>   586     if (rcToReturn != ESMC_NULL_POINTER) *rcToReturn=ESMF_SUCCESS;
      587 #endif
      588     if (trace) {
      589         Write(ESMC_METHOD,ESMC_LOGMSG_TRACE,
      583 {
      584     bool result=false;
      585 #ifdef ESMC_SUCCESSDEFAULT_ON
==>   586     if (rcToReturn != ESMC_NULL_POINTER) *rcToReturn=ESMF_SUCCESS;
      587 #endif
      588     if (trace) {
      589         Write(ESMC_METHOD,ESMC_LOGMSG_TRACE,

      583 {
      584     bool result=false;
      585 #ifdef ESMC_SUCCESSDEFAULT_ON
==>   586     if (rcToReturn != ESMC_NULL_POINTER) *rcToReturn=ESMF_SUCCESS;
      587 #endif
      588     if (trace) {
      589         Write(ESMC_METHOD,ESMC_LOGMSG_TRACE,



/work/noaa/da/mpotts/sandbox/pgi_2019_openmpi_O_develop/esmf/src/Infrastructure/LogErr/src/ESMCI_LogErr.C: [ ESMCI::LogErr::MsgFoundError() ]
      ...
      583 {
      584     bool result=false;
      585 #ifdef ESMC_SUCCESSDEFAULT_ON
==>   586     if (rcToReturn != ESMC_NULL_POINTER) *rcToReturn=ESMF_SUCCESS;
      587 #endif
      588     if (trace) {
      589         Write(ESMC_METHOD,ESMC_LOGMSG_TRACE,

==== backtrace (tid: 453345) ====
 0 0x0000000000737c03 ESMCI::LogErr::MsgFoundError()  /work/noaa/da/mpotts/sandbox/pgi_2019_openmpi_O_develop/esmf/src/Infrastructure/LogErr/src/ESMCI_LogErr.C:586
 1 0x000000000088ff01 c_esmc_meshcreatenodedistgrid_()  /work/noaa/da/mpotts/sandbox/pgi_2019_openmpi_O_develop/esmf/src/Infrastructure/Mesh/interface/ESMCI_Mesh_F.C:248
 2 0x0000000000fa1860 esmf_meshmod_esmf_meshcreate1part_()  /work/noaa/da/mpotts/sandbox/pgi_2019_openmpi_O_develop/esmf/src/Infrastructure/Mesh/interface/ESMF_Mesh.F90:1407
 3 0x000000000040948e MAIN_()  /work/noaa/da/mpotts/sandbox/pgi_2019_openmpi_O_develop/esmf/src/Infrastructure/FieldBundle/examples/ESMF_FieldBundleCreateEx.F90:481
 4 0x0000000000405613 main()  ???:0
 5 0x0000000000022495 __libc_start_main()  ???:0
 6 0x0000000000405519 _start()  ???:0
=================================
[Orion-01-09:453345] *** Process received signal ***
[Orion-01-09:453345] Signal: Segmentation fault (11)
[Orion-01-09:453345] Signal code:  (-6)
[Orion-01-09:453345] Failing at address: 0x20e50006eae1
[Orion-01-09:453345] [ 0] /lib64/libpthread.so.0(+0xf5d0)[0x7f7f2a8065d0]
[Orion-01-09:453345] [ 1] /work/noaa/da/mpotts/sandbox/pgi_2019_openmpi_O_develop/esmf/lib/libO/Linux.pgi.64.openmpi.default/libesmf.so(_ZN5ESMCI6LogErr13MsgFoundErrorEiPKciS2_S2_Pi+0x33)[0x7f7f28f9fc03]
==== backtrace (tid: 453346) ====
 0 0x0000000000737c03 ESMCI::LogErr::MsgFoundError()  /work/noaa/da/mpotts/sandbox/pgi_2019_openmpi_O_develop/esmf/src/Infrastructure/LogErr/src/ESMCI_LogErr.C:586
 1 0x000000000088ff01 c_esmc_meshcreatenodedistgrid_()  /work/noaa/da/mpotts/sandbox/pgi_2019_openmpi_O_develop/esmf/src/Infrastructure/Mesh/interface/ESMCI_Mesh_F.C:248
 2 0x0000000000fa1860 esmf_meshmod_esmf_meshcreate1part_()  /work/noaa/da/mpotts/sandbox/pgi_2019_openmpi_O_develop/esmf/src/Infrastructure/Mesh/interface/ESMF_Mesh.F90:1407
 3 0x000000000040948e MAIN_()  /work/noaa/da/mpotts/sandbox/pgi_2019_openmpi_O_develop/esmf/src/Infrastructure/FieldBundle/examples/ESMF_FieldBundleCreateEx.F90:481
 4 0x0000000000405613 main()  ???:0
 5 0x0000000000022495 __libc_start_main()  ???:0
 6 0x0000000000405519 _start()  ???:0
=================================
[Orion-01-09:453346] *** Process received signal ***
[Orion-01-09:453346] Signal: Segmentation fault (11)
[Orion-01-09:453346] Signal code:  (-6)
[Orion-01-09:453346] Failing at address: 0x20e50006eae2
[Orion-01-09:453346] [ 0] /lib64/libpthread.so.0(+0xf5d0)[0x7f8212cae5d0]
[Orion-01-09:453345] [ 2] /work/noaa/da/mpotts/sandbox/pgi_2019_openmpi_O_develop/esmf/lib/libO/Linux.pgi.64.openmpi.default/libesmf.so(c_esmc_meshcreatenodedistgrid_+0xa1)[0x7f7f290f7f01]
[Orion-01-09:453346] [ 1] /work/noaa/da/mpotts/sandbox/pgi_2019_openmpi_O_develop/esmf/lib/libO/Linux.pgi.64.openmpi.default/libesmf.so(_ZN5ESMCI6LogErr13MsgFoundErrorEiPKciS2_S2_Pi+0x33)[0x7f8211447c03]
[Orion-01-09:453345] [ 3] /work/noaa/da/mpotts/sandbox/pgi_2019_openmpi_O_develop/esmf/lib/libO/Linux.pgi.64.openmpi.default/libesmf.so(esmf_meshmod_esmf_meshcreate1part_+0xce0)[0x7f7f29809860]
[Orion-01-09:453345] [ 4] /work/noaa/da/mpotts/sandbox/pgi_2019_openmpi_O_develop/esmf/examples/examplesO/Linux.pgi.64.openmpi.default/./ESMF_FieldBundleCreateEx[0x40948e]
[Orion-01-09:453345] [ 5] /work/noaa/da/mpotts/sandbox/pgi_2019_openmpi_O_develop/esmf/examples/examplesO/Linux.pgi.64.openmpi.default/./ESMF_FieldBundleCreateEx[0x405613]
[Orion-01-09:453345] [ 6] /lib64/libc.so.6(__libc_start_main+0xf5)[0x7f7f24cb5495]
[Orion-01-09:453345] [ 7] /work/noaa/da/mpotts/sandbox/pgi_2019_openmpi_O_develop/esmf/examples/examplesO/Linux.pgi.64.openmpi.default/./ESMF_FieldBundleCreateEx[0x405519]
[Orion-01-09:453345] *** End of error message ***
[Orion-01-09:453346] [ 2] /work/noaa/da/mpotts/sandbox/pgi_2019_openmpi_O_develop/esmf/lib/libO/Linux.pgi.64.openmpi.default/libesmf.so(c_esmc_meshcreatenodedistgrid_+0xa1)[0x7f821159ff01]
[Orion-01-09:453346] [ 3] /work/noaa/da/mpotts/sandbox/pgi_2019_openmpi_O_develop/esmf/lib/libO/Linux.pgi.64.openmpi.default/libesmf.so(esmf_meshmod_esmf_meshcreate1part_+0xce0)[0x7f8211cb1860]
[Orion-01-09:453346] [ 4] /work/noaa/da/mpotts/sandbox/pgi_2019_openmpi_O_develop/esmf/examples/examplesO/Linux.pgi.64.openmpi.default/./ESMF_FieldBundleCreateEx[0x40948e]
[Orion-01-09:453346] [ 5] /work/noaa/da/mpotts/sandbox/pgi_2019_openmpi_O_develop/esmf/examples/examplesO/Linux.pgi.64.openmpi.default/./ESMF_FieldBundleCreateEx[0x405613]
[Orion-01-09:453346] [ 6] /lib64/libc.so.6(__libc_start_main+0xf5)[0x7f820d15d495]
[Orion-01-09:453346] [ 7] /work/noaa/da/mpotts/sandbox/pgi_2019_openmpi_O_develop/esmf/examples/examplesO/Linux.pgi.64.openmpi.default/./ESMF_FieldBundleCreateEx[0x405519]
[Orion-01-09:453346] *** End of error message ***
==== backtrace (tid: 453343) ====
 0 0x0000000000737c03 ESMCI::LogErr::MsgFoundError()  /work/noaa/da/mpotts/sandbox/pgi_2019_openmpi_O_develop/esmf/src/Infrastructure/LogErr/src/ESMCI_LogErr.C:586
 1 0x000000000088ff01 c_esmc_meshcreatenodedistgrid_()  /work/noaa/da/mpotts/sandbox/pgi_2019_openmpi_O_develop/esmf/src/Infrastructure/Mesh/interface/ESMCI_Mesh_F.C:248
 2 0x0000000000fa1860 esmf_meshmod_esmf_meshcreate1part_()  /work/noaa/da/mpotts/sandbox/pgi_2019_openmpi_O_develop/esmf/src/Infrastructure/Mesh/interface/ESMF_Mesh.F90:1407
 3 0x000000000040948e MAIN_()  /work/noaa/da/mpotts/sandbox/pgi_2019_openmpi_O_develop/esmf/src/Infrastructure/FieldBundle/examples/ESMF_FieldBundleCreateEx.F90:481
 4 0x0000000000405613 main()  ???:0
 5 0x0000000000022495 __libc_start_main()  ???:0
 6 0x0000000000405519 _start()  ???:0
=================================
[Orion-01-09:453343] *** Process received signal ***
[Orion-01-09:453343] Signal: Segmentation fault (11)
[Orion-01-09:453343] Signal code:  (-6)
[Orion-01-09:453343] Failing at address: 0x20e50006eadf
[Orion-01-09:453343] [ 0] /lib64/libpthread.so.0(+0xf5d0)[0x7fe80e1ea5d0]
[Orion-01-09:453343] [ 1] /work/noaa/da/mpotts/sandbox/pgi_2019_openmpi_O_develop/esmf/lib/libO/Linux.pgi.64.openmpi.default/libesmf.so(_ZN5ESMCI6LogErr13MsgFoundErrorEiPKciS2_S2_Pi+0x33)[0x7fe80c983c03]
[Orion-01-09:453343] [ 2] /work/noaa/da/mpotts/sandbox/pgi_2019_openmpi_O_develop/esmf/lib/libO/Linux.pgi.64.openmpi.default/libesmf.so(c_esmc_meshcreatenodedistgrid_+0xa1)[0x7fe80cadbf01]
==== backtrace (tid: 453344) ====
 0 0x0000000000737c03 ESMCI::LogErr::MsgFoundError()  /work/noaa/da/mpotts/sandbox/pgi_2019_openmpi_O_develop/esmf/src/Infrastructure/LogErr/src/ESMCI_LogErr.C:586
 1 0x000000000088ff01 c_esmc_meshcreatenodedistgrid_()  /work/noaa/da/mpotts/sandbox/pgi_2019_openmpi_O_develop/esmf/src/Infrastructure/Mesh/interface/ESMCI_Mesh_F.C:248
 2 0x0000000000fa1860 esmf_meshmod_esmf_meshcreate1part_()  /work/noaa/da/mpotts/sandbox/pgi_2019_openmpi_O_develop/esmf/src/Infrastructure/Mesh/interface/ESMF_Mesh.F90:1407
 3 0x000000000040948e MAIN_()  /work/noaa/da/mpotts/sandbox/pgi_2019_openmpi_O_develop/esmf/src/Infrastructure/FieldBundle/examples/ESMF_FieldBundleCreateEx.F90:481
 4 0x0000000000405613 main()  ???:0
 5 0x0000000000022495 __libc_start_main()  ???:0
 6 0x0000000000405519 _start()  ???:0
=================================
[Orion-01-09:453344] *** Process received signal ***
[Orion-01-09:453344] Signal: Segmentation fault (11)
[Orion-01-09:453344] Signal code:  (-6)
[Orion-01-09:453344] Failing at address: 0x20e50006eae0
[Orion-01-09:453343] [ 3] /work/noaa/da/mpotts/sandbox/pgi_2019_openmpi_O_develop/esmf/lib/libO/Linux.pgi.64.openmpi.default/libesmf.so(esmf_meshmod_esmf_meshcreate1part_+0xce0)[0x7fe80d1ed860]
[Orion-01-09:453343] [ 4] /work/noaa/da/mpotts/sandbox/pgi_2019_openmpi_O_develop/esmf/examples/examplesO/Linux.pgi.64.openmpi.default/./ESMF_FieldBundleCreateEx[0x40948e]
[Orion-01-09:453343] [ 5] /work/noaa/da/mpotts/sandbox/pgi_2019_openmpi_O_develop/esmf/examples/examplesO/Linux.pgi.64.openmpi.default/./ESMF_FieldBundleCreateEx[0x405613]
[Orion-01-09:453344] [ 0] /lib64/libpthread.so.0(+0xf5d0)[0x7ff92dc3d5d0]
[Orion-01-09:453343] [ 6] /lib64/libc.so.6(__libc_start_main+0xf5)[0x7fe808699495]
[Orion-01-09:453343] [ 7] /work/noaa/da/mpotts/sandbox/pgi_2019_openmpi_O_develop/esmf/examples/examplesO/Linux.pgi.64.openmpi.default/./ESMF_FieldBundleCreateEx[0x405519]
[Orion-01-09:453343] *** End of error message ***
[Orion-01-09:453344] [ 1] /work/noaa/da/mpotts/sandbox/pgi_2019_openmpi_O_develop/esmf/lib/libO/Linux.pgi.64.openmpi.default/libesmf.so(_ZN5ESMCI6LogErr13MsgFoundErrorEiPKciS2_S2_Pi+0x33)[0x7ff92c3d6c03]
[Orion-01-09:453344] [ 2] /work/noaa/da/mpotts/sandbox/pgi_2019_openmpi_O_develop/esmf/lib/libO/Linux.pgi.64.openmpi.default/libesmf.so(c_esmc_meshcreatenodedistgrid_+0xa1)[0x7ff92c52ef01]
[Orion-01-09:453344] [ 3] /work/noaa/da/mpotts/sandbox/pgi_2019_openmpi_O_develop/esmf/lib/libO/Linux.pgi.64.openmpi.default/libesmf.so(esmf_meshmod_esmf_meshcreate1part_+0xce0)[0x7ff92cc40860]
[Orion-01-09:453344] [ 4] /work/noaa/da/mpotts/sandbox/pgi_2019_openmpi_O_develop/esmf/examples/examplesO/Linux.pgi.64.openmpi.default/./ESMF_FieldBundleCreateEx[0x40948e]
[Orion-01-09:453344] [ 5] /work/noaa/da/mpotts/sandbox/pgi_2019_openmpi_O_develop/esmf/examples/examplesO/Linux.pgi.64.openmpi.default/./ESMF_FieldBundleCreateEx[0x405613]
[Orion-01-09:453344] [ 6] /lib64/libc.so.6(__libc_start_main+0xf5)[0x7ff9280ec495]
[Orion-01-09:453344] [ 7] /work/noaa/da/mpotts/sandbox/pgi_2019_openmpi_O_develop/esmf/examples/examplesO/Linux.pgi.64.openmpi.default/./ESMF_FieldBundleCreateEx[0x405519]
[Orion-01-09:453344] *** End of error message ***
srun: error: Orion-01-09: tasks 0-3: Segmentation fault
srun: launch/slurm: _step_signal: Terminating StepId=9424964.324
