2023-04-22 03:25:55
20230422 035030.057 INFO             PET0 !!!!!!!!!!!!!!!!!!!!!!!!!!!!!!!!!!!!!!!!!!!!!!!!!!!!!!
20230422 035030.057 INFO             PET0 !!! THE ESMF_LOG IS SET TO OUTPUT ALL LOG MESSAGES !!!
20230422 035030.057 INFO             PET0 !!!     THIS MAY CAUSE SLOWDOWN IN PERFORMANCE     !!!
20230422 035030.057 INFO             PET0 !!! FOR PRODUCTION RUNS, USE:                      !!!
20230422 035030.057 INFO             PET0 !!!                   ESMF_LOGKIND_Multi_On_Error  !!!
20230422 035030.057 INFO             PET0 !!!!!!!!!!!!!!!!!!!!!!!!!!!!!!!!!!!!!!!!!!!!!!!!!!!!!!
20230422 035030.057 INFO             PET0 Running with ESMF Version   : hconfig_b01-3-ge0b4092aab
20230422 035030.057 INFO             PET0 ESMF library build date/time: "Apr 22 2023" "03:24:29"
20230422 035030.057 INFO             PET0 ESMF library build location : /glade/gust/scratch/theurich/ESMF-Nightly-Testing/intel_2023.0.0-oneAPI_mpi_g_feature_hconfig/esmf
20230422 035030.057 INFO             PET0 ESMF_COMM                   : mpi
20230422 035030.058 INFO             PET0 ESMF_MOAB                   : enabled
20230422 035030.058 INFO             PET0 ESMF_LAPACK                 : enabled
20230422 035030.058 INFO             PET0 ESMF_NETCDF                 : enabled
20230422 035030.058 INFO             PET0 ESMF_PNETCDF                : disabled
20230422 035030.058 INFO             PET0 ESMF_PIO                    : enabled
20230422 035030.058 INFO             PET0 ESMF_YAMLCPP                : enabled
20230422 035030.058 INFO             PET0 ESMF Tracing Enabled
20230422 035030.058 INFO             PET0 ESMF Profiling Enabled
20230422 035030.058 INFO             PET0 ESMF Trace/Profile clock: REALTIME
20230422 035030.064 INFO             PET0  NUMBER_OF_PROCESSORS           4
20230422 035030.064 INFO             PET0  PASS  Example ESMF_TraceEx, ESMF_TraceEx.F90, line 178
20230422 035030.064 INFO             PET0 Finalizing ESMF
20230422 035030.064 INFO             PET0 **************** Region Timings *******************
20230422 035030.064 INFO             PET0 Region              Count  Total (s)   Self (s)    Mean (s)    Min (s)     Max (s)
20230422 035030.064 INFO             PET0   [ESMF]            1      0.0019      0.0018      0.0019      0.0019      0.0019
20230422 035030.064 INFO             PET0     [test] Init 1   1      0.0000      0.0000      0.0000      0.0000      0.0000
20230422 035030.064 INFO             PET0     [test] Run 1    5      0.0000      0.0000      0.0000      0.0000      0.0000
20230422 035030.064 INFO             PET0     [test] Final 1  1      0.0000      0.0000      0.0000      0.0000      0.0000
20230422 035030.057 INFO             PET1 !!!!!!!!!!!!!!!!!!!!!!!!!!!!!!!!!!!!!!!!!!!!!!!!!!!!!!
20230422 035030.057 INFO             PET1 !!! THE ESMF_LOG IS SET TO OUTPUT ALL LOG MESSAGES !!!
20230422 035030.057 INFO             PET1 !!!     THIS MAY CAUSE SLOWDOWN IN PERFORMANCE     !!!
20230422 035030.057 INFO             PET1 !!! FOR PRODUCTION RUNS, USE:                      !!!
20230422 035030.057 INFO             PET1 !!!                   ESMF_LOGKIND_Multi_On_Error  !!!
20230422 035030.057 INFO             PET1 !!!!!!!!!!!!!!!!!!!!!!!!!!!!!!!!!!!!!!!!!!!!!!!!!!!!!!
20230422 035030.057 INFO             PET1 Running with ESMF Version   : hconfig_b01-3-ge0b4092aab
20230422 035030.057 INFO             PET1 ESMF library build date/time: "Apr 22 2023" "03:24:29"
20230422 035030.057 INFO             PET1 ESMF library build location : /glade/gust/scratch/theurich/ESMF-Nightly-Testing/intel_2023.0.0-oneAPI_mpi_g_feature_hconfig/esmf
20230422 035030.057 INFO             PET1 ESMF_COMM                   : mpi
20230422 035030.058 INFO             PET1 ESMF_MOAB                   : enabled
20230422 035030.058 INFO             PET1 ESMF_LAPACK                 : enabled
20230422 035030.058 INFO             PET1 ESMF_NETCDF                 : enabled
20230422 035030.058 INFO             PET1 ESMF_PNETCDF                : disabled
20230422 035030.058 INFO             PET1 ESMF_PIO                    : enabled
20230422 035030.058 INFO             PET1 ESMF_YAMLCPP                : enabled
20230422 035030.058 INFO             PET1 ESMF Tracing Enabled
20230422 035030.058 INFO             PET1 ESMF Profiling Enabled
20230422 035030.058 INFO             PET1 ESMF Trace/Profile clock: REALTIME
20230422 035030.063 INFO             PET1  NUMBER_OF_PROCESSORS           4
20230422 035030.064 INFO             PET1  PASS  Example ESMF_TraceEx, ESMF_TraceEx.F90, line 178
20230422 035030.064 INFO             PET1 Finalizing ESMF
20230422 035030.064 INFO             PET1 **************** Region Timings *******************
20230422 035030.064 INFO             PET1 Region              Count  Total (s)   Self (s)    Mean (s)    Min (s)     Max (s)
20230422 035030.064 INFO             PET1   [ESMF]            1      0.0031      0.0030      0.0031      0.0031      0.0031
20230422 035030.064 INFO             PET1     [test] Init 1   1      0.0001      0.0001      0.0001      0.0001      0.0001
20230422 035030.064 INFO             PET1     [test] Run 1    5      0.0000      0.0000      0.0000      0.0000      0.0000
20230422 035030.064 INFO             PET1     [test] Final 1  1      0.0000      0.0000      0.0000      0.0000      0.0000
20230422 035030.057 INFO             PET2 !!!!!!!!!!!!!!!!!!!!!!!!!!!!!!!!!!!!!!!!!!!!!!!!!!!!!!
20230422 035030.057 INFO             PET2 !!! THE ESMF_LOG IS SET TO OUTPUT ALL LOG MESSAGES !!!
20230422 035030.057 INFO             PET2 !!!     THIS MAY CAUSE SLOWDOWN IN PERFORMANCE     !!!
20230422 035030.057 INFO             PET2 !!! FOR PRODUCTION RUNS, USE:                      !!!
20230422 035030.057 INFO             PET2 !!!                   ESMF_LOGKIND_Multi_On_Error  !!!
20230422 035030.057 INFO             PET2 !!!!!!!!!!!!!!!!!!!!!!!!!!!!!!!!!!!!!!!!!!!!!!!!!!!!!!
20230422 035030.057 INFO             PET2 Running with ESMF Version   : hconfig_b01-3-ge0b4092aab
20230422 035030.057 INFO             PET2 ESMF library build date/time: "Apr 22 2023" "03:24:29"
20230422 035030.057 INFO             PET2 ESMF library build location : /glade/gust/scratch/theurich/ESMF-Nightly-Testing/intel_2023.0.0-oneAPI_mpi_g_feature_hconfig/esmf
20230422 035030.057 INFO             PET2 ESMF_COMM                   : mpi
20230422 035030.058 INFO             PET2 ESMF_MOAB                   : enabled
20230422 035030.058 INFO             PET2 ESMF_LAPACK                 : enabled
20230422 035030.058 INFO             PET2 ESMF_NETCDF                 : enabled
20230422 035030.058 INFO             PET2 ESMF_PNETCDF                : disabled
20230422 035030.058 INFO             PET2 ESMF_PIO                    : enabled
20230422 035030.058 INFO             PET2 ESMF_YAMLCPP                : enabled
20230422 035030.058 INFO             PET2 ESMF Tracing Enabled
20230422 035030.059 INFO             PET2 ESMF Profiling Enabled
20230422 035030.059 INFO             PET2 ESMF Trace/Profile clock: REALTIME
20230422 035030.064 INFO             PET2  NUMBER_OF_PROCESSORS           4
20230422 035030.064 INFO             PET2  PASS  Example ESMF_TraceEx, ESMF_TraceEx.F90, line 178
20230422 035030.064 INFO             PET2 Finalizing ESMF
20230422 035030.064 INFO             PET2 **************** Region Timings *******************
20230422 035030.064 INFO             PET2 Region              Count  Total (s)   Self (s)    Mean (s)    Min (s)     Max (s)
20230422 035030.064 INFO             PET2   [ESMF]            1      0.0030      0.0029      0.0030      0.0030      0.0030
20230422 035030.064 INFO             PET2     [test] Init 1   1      0.0001      0.0001      0.0001      0.0001      0.0001
20230422 035030.064 INFO             PET2     [test] Run 1    5      0.0000      0.0000      0.0000      0.0000      0.0000
20230422 035030.064 INFO             PET2     [test] Final 1  1      0.0000      0.0000      0.0000      0.0000      0.0000
20230422 035030.057 INFO             PET3 !!!!!!!!!!!!!!!!!!!!!!!!!!!!!!!!!!!!!!!!!!!!!!!!!!!!!!
20230422 035030.057 INFO             PET3 !!! THE ESMF_LOG IS SET TO OUTPUT ALL LOG MESSAGES !!!
20230422 035030.057 INFO             PET3 !!!     THIS MAY CAUSE SLOWDOWN IN PERFORMANCE     !!!
20230422 035030.057 INFO             PET3 !!! FOR PRODUCTION RUNS, USE:                      !!!
20230422 035030.057 INFO             PET3 !!!                   ESMF_LOGKIND_Multi_On_Error  !!!
20230422 035030.057 INFO             PET3 !!!!!!!!!!!!!!!!!!!!!!!!!!!!!!!!!!!!!!!!!!!!!!!!!!!!!!
20230422 035030.057 INFO             PET3 Running with ESMF Version   : hconfig_b01-3-ge0b4092aab
20230422 035030.057 INFO             PET3 ESMF library build date/time: "Apr 22 2023" "03:24:29"
20230422 035030.057 INFO             PET3 ESMF library build location : /glade/gust/scratch/theurich/ESMF-Nightly-Testing/intel_2023.0.0-oneAPI_mpi_g_feature_hconfig/esmf
20230422 035030.057 INFO             PET3 ESMF_COMM                   : mpi
20230422 035030.058 INFO             PET3 ESMF_MOAB                   : enabled
20230422 035030.058 INFO             PET3 ESMF_LAPACK                 : enabled
20230422 035030.058 INFO             PET3 ESMF_NETCDF                 : enabled
20230422 035030.058 INFO             PET3 ESMF_PNETCDF                : disabled
20230422 035030.058 INFO             PET3 ESMF_PIO                    : enabled
20230422 035030.058 INFO             PET3 ESMF_YAMLCPP                : enabled
20230422 035030.058 INFO             PET3 ESMF Tracing Enabled
20230422 035030.058 INFO             PET3 ESMF Profiling Enabled
20230422 035030.058 INFO             PET3 ESMF Trace/Profile clock: REALTIME
20230422 035030.064 INFO             PET3  NUMBER_OF_PROCESSORS           4
20230422 035030.064 INFO             PET3  PASS  Example ESMF_TraceEx, ESMF_TraceEx.F90, line 178
20230422 035030.064 INFO             PET3 Finalizing ESMF
20230422 035030.064 INFO             PET3 **************** Region Timings *******************
20230422 035030.064 INFO             PET3 Region              Count  Total (s)   Self (s)    Mean (s)    Min (s)     Max (s)
20230422 035030.064 INFO             PET3   [ESMF]            1      0.0027      0.0026      0.0027      0.0027      0.0027
20230422 035030.064 INFO             PET3     [test] Init 1   1      0.0001      0.0001      0.0001      0.0001      0.0001
20230422 035030.064 INFO             PET3     [test] Run 1    5      0.0000      0.0000      0.0000      0.0000      0.0000
20230422 035030.064 INFO             PET3     [test] Final 1  1      0.0000      0.0000      0.0000      0.0000      0.0000
