2023-03-06 18:51:48
20230306 192346.698 INFO             PET0 !!!!!!!!!!!!!!!!!!!!!!!!!!!!!!!!!!!!!!!!!!!!!!!!!!!!!!
20230306 192346.698 INFO             PET0 !!! THE ESMF_LOG IS SET TO OUTPUT ALL LOG MESSAGES !!!
20230306 192346.698 INFO             PET0 !!!     THIS MAY CAUSE SLOWDOWN IN PERFORMANCE     !!!
20230306 192346.698 INFO             PET0 !!! FOR PRODUCTION RUNS, USE:                      !!!
20230306 192346.698 INFO             PET0 !!!                   ESMF_LOGKIND_Multi_On_Error  !!!
20230306 192346.698 INFO             PET0 !!!!!!!!!!!!!!!!!!!!!!!!!!!!!!!!!!!!!!!!!!!!!!!!!!!!!!
20230306 192346.698 INFO             PET0 Running with ESMF Version   : v8.5.0b17-4-gf6f9c0a29b
20230306 192346.698 INFO             PET0 ESMF library build date/time: "Mar  6 2023" "18:49:50"
20230306 192346.698 INFO             PET0 ESMF library build location : /glade/gust/scratch/theurich/ESMF-Nightly-Testing/nvhpc_23.1_mpiuni_O_develop/esmf
20230306 192346.698 INFO             PET0 ESMF_COMM                   : mpiuni
20230306 192346.699 INFO             PET0 ESMF_MOAB                   : enabled
20230306 192346.699 INFO             PET0 ESMF_LAPACK                 : enabled
20230306 192346.699 INFO             PET0 ESMF_NETCDF                 : enabled
20230306 192346.699 INFO             PET0 ESMF_PNETCDF                : disabled
20230306 192346.699 INFO             PET0 ESMF_PIO                    : disabled
20230306 192346.699 INFO             PET0 ESMF_YAMLCPP                : enabled
20230306 192346.700 INFO             PET0  NUMBER_OF_PROCESSORS            1
20230306 192346.700 INFO             PET0  PASS  Example CalendarEx, ESMF_CalendarEx.F90, line 217
20230306 192346.700 INFO             PET0 Finalizing ESMF
