2023-03-23 20:08:29
20230323 223451.690 INFO             PET0 !!!!!!!!!!!!!!!!!!!!!!!!!!!!!!!!!!!!!!!!!!!!!!!!!!!!!!
20230323 223451.691 INFO             PET0 !!! THE ESMF_LOG IS SET TO OUTPUT ALL LOG MESSAGES !!!
20230323 223451.691 INFO             PET0 !!!     THIS MAY CAUSE SLOWDOWN IN PERFORMANCE     !!!
20230323 223451.691 INFO             PET0 !!! FOR PRODUCTION RUNS, USE:                      !!!
20230323 223451.691 INFO             PET0 !!!                   ESMF_LOGKIND_Multi_On_Error  !!!
20230323 223451.691 INFO             PET0 !!!!!!!!!!!!!!!!!!!!!!!!!!!!!!!!!!!!!!!!!!!!!!!!!!!!!!
20230323 223451.691 INFO             PET0 Running with ESMF Version   : v8.5.0b18-5-ge74a33b91d
20230323 223451.691 INFO             PET0 ESMF library build date/time: "Mar 23 2023" "20:00:29"
20230323 223451.691 INFO             PET0 ESMF library build location : /lustre/f2/dev/Mark.Potts/esmf-test/gfortran_8.3.0_mpiuni_g_develop/esmf
20230323 223451.691 INFO             PET0 ESMF_COMM                   : mpiuni
20230323 223451.693 INFO             PET0 ESMF_MOAB                   : enabled
20230323 223451.693 INFO             PET0 ESMF_LAPACK                 : enabled
20230323 223451.693 INFO             PET0 ESMF_NETCDF                 : enabled
20230323 223451.693 INFO             PET0 ESMF_PNETCDF                : disabled
20230323 223451.693 INFO             PET0 ESMF_PIO                    : disabled
20230323 223451.693 INFO             PET0 ESMF_YAMLCPP                : enabled
20230323 223451.693 INFO             PET0 ESMF Tracing Enabled
20230323 223451.693 INFO             PET0 ESMF Profiling Enabled
20230323 223451.693 INFO             PET0 ESMF Trace/Profile clock: REALTIME
20230323 223451.697 WARNING          PET0 ESMF Tracing/Profiling could not load dynamic instrumentation functions.
20230323 223451.725 INFO             PET0  NUMBER_OF_PROCESSORS           1
20230323 223451.725 INFO             PET0  PASS  Example ESMF_TraceEx, ESMF_TraceEx.F90, line 178
20230323 223451.725 INFO             PET0 Finalizing ESMF
20230323 223451.725 INFO             PET0 **************** Region Timings *******************
20230323 223451.725 INFO             PET0 Region              Count  Total (s)   Self (s)    Mean (s)    Min (s)     Max (s)
20230323 223451.725 INFO             PET0   [ESMF]            1      0.0277      0.0277      0.0277      0.0277      0.0277
20230323 223451.725 INFO             PET0     [test] Run 1    5      0.0000      0.0000      0.0000      0.0000      0.0000
20230323 223451.725 INFO             PET0     [test] Init 1   1      0.0000      0.0000      0.0000      0.0000      0.0000
20230323 223451.725 INFO             PET0     [test] Final 1  1      0.0000      0.0000      0.0000      0.0000      0.0000
