2023-04-15 01:48:58
20230415 021436.700 INFO             PET0 !!!!!!!!!!!!!!!!!!!!!!!!!!!!!!!!!!!!!!!!!!!!!!!!!!!!!!
20230415 021436.700 INFO             PET0 !!! THE ESMF_LOG IS SET TO OUTPUT ALL LOG MESSAGES !!!
20230415 021436.700 INFO             PET0 !!!     THIS MAY CAUSE SLOWDOWN IN PERFORMANCE     !!!
20230415 021436.700 INFO             PET0 !!! FOR PRODUCTION RUNS, USE:                      !!!
20230415 021436.700 INFO             PET0 !!!                   ESMF_LOGKIND_Multi_On_Error  !!!
20230415 021436.700 INFO             PET0 !!!!!!!!!!!!!!!!!!!!!!!!!!!!!!!!!!!!!!!!!!!!!!!!!!!!!!
20230415 021436.700 INFO             PET0 Running with ESMF Version   : v8.5.0b19-5-gc2c4406dae
20230415 021436.700 INFO             PET0 ESMF library build date/time: "Apr 15 2023" "01:47:48"
20230415 021436.700 INFO             PET0 ESMF library build location : /discover/nobackup/projects/sbu/mpotts/esmf-test/gfortran_8.3.0_mpiuni_g_develop/esmf
20230415 021436.700 INFO             PET0 ESMF_COMM                   : mpiuni
20230415 021436.700 INFO             PET0 ESMF_MOAB                   : enabled
20230415 021436.700 INFO             PET0 ESMF_LAPACK                 : enabled
20230415 021436.700 INFO             PET0 ESMF_NETCDF                 : disabled
20230415 021436.700 INFO             PET0 ESMF_PNETCDF                : disabled
20230415 021436.700 INFO             PET0 ESMF_PIO                    : disabled
20230415 021436.700 INFO             PET0 ESMF_YAMLCPP                : enabled
20230415 021436.754 DEBUG            PET0 about to destroy Grid: 0x1975220
20230415 021436.765 DEBUG            PET0 about to destroy Grid: 0x1976650
20230415 021436.803 INFO             PET0  NUMBER_OF_PROCESSORS           1
20230415 021436.803 INFO             PET0  PASS  Example ESMF_NUOPCAtmModelEx, ESMF_NUOPCAtmModelEx.F90, line 806
20230415 021436.803 INFO             PET0 Finalizing ESMF
