2023-04-12 03:25:30
forrtl: severe (174): SIGSEGV, segmentation fault occurred
Image              PC                Routine            Line        Source             
libpthread-2.31.s  000014BAB5A088C0  Unknown               Unknown  Unknown
mainApp            0000000000437CC0  Unknown               Unknown  Unknown
mainApp            0000000000438610  Unknown               Unknown  Unknown
mainApp            0000000000437EA4  Unknown               Unknown  Unknown
libesmf.so         000014BAB7F5B042  f_esmf_compcollec     Unknown  Unknown
libesmf.so         000014BAB7DB3F1D  _ZN5ESMCI2VM8fina     Unknown  Unknown
libesmf.so         000014BAB7D95785  c_esmc_vmfinalize     Unknown  Unknown
libesmf.so         000014BAB848B86C  esmf_vmmod_mp_esm     Unknown  Unknown
libesmf.so         000014BAB82AA1F6  esmf_initmod_mp_e     Unknown  Unknown
mainApp            000000000041050A  Unknown               Unknown  Unknown
mainApp            000000000040FF0D  Unknown               Unknown  Unknown
libc-2.31.so       000014BAB1BBE2BD  __libc_start_main     Unknown  Unknown
mainApp            000000000040FE3A  Unknown               Unknown  Unknown
forrtl: severe (174): SIGSEGV, segmentation fault occurred
Image              PC                Routine            Line        Source             
libpthread-2.31.s  00001538295288C0  Unknown               Unknown  Unknown
mainApp            0000000000437D13  Unknown               Unknown  Unknown
mainApp            0000000000438610  Unknown               Unknown  Unknown
mainApp            0000000000437EA4  Unknown               Unknown  Unknown
libesmf.so         000015382BA7B042  f_esmf_compcollec     Unknown  Unknown
libesmf.so         000015382B8D3F1D  _ZN5ESMCI2VM8fina     Unknown  Unknown
libesmf.so         000015382B8B5785  c_esmc_vmfinalize     Unknown  Unknown
libesmf.so         000015382BFAB86C  esmf_vmmod_mp_esm     Unknown  Unknown
libesmf.so         000015382BDCA1F6  esmf_initmod_mp_e     Unknown  Unknown
mainApp            000000000041050A  Unknown               Unknown  Unknown
mainApp            000000000040FF0D  Unknown               Unknown  Unknown
libc-2.31.so       00001538256DE2BD  __libc_start_main     Unknown  Unknown
mainApp            000000000040FE3A  Unknown               Unknown  Unknown
forrtl: severe (174): SIGSEGV, segmentation fault occurred
Image              PC                Routine            Line        Source             
libpthread-2.31.s  0000152B27D488C0  Unknown               Unknown  Unknown
mainApp            0000000000437CF3  Unknown               Unknown  Unknown
mainApp            0000000000438610  Unknown               Unknown  Unknown
mainApp            0000000000437EA4  Unknown               Unknown  Unknown
libesmf.so         0000152B2A29B042  f_esmf_compcollec     Unknown  Unknown
libesmf.so         0000152B2A0F3F1D  _ZN5ESMCI2VM8fina     Unknown  Unknown
libesmf.so         0000152B2A0D5785  c_esmc_vmfinalize     Unknown  Unknown
libesmf.so         0000152B2A7CB86C  esmf_vmmod_mp_esm     Unknown  Unknown
libesmf.so         0000152B2A5EA1F6  esmf_initmod_mp_e     Unknown  Unknown
mainApp            000000000041050A  Unknown               Unknown  Unknown
mainApp            000000000040FF0D  Unknown               Unknown  Unknown
libc-2.31.so       0000152B23EFE2BD  __libc_start_main     Unknown  Unknown
mainApp            000000000040FE3A  Unknown               Unknown  Unknown
forrtl: severe (174): SIGSEGV, segmentation fault occurred
Image              PC                Routine            Line        Source             
libpthread-2.31.s  000014D703BD18C0  Unknown               Unknown  Unknown
mainApp            0000000000437CC0  Unknown               Unknown  Unknown
mainApp            0000000000438610  Unknown               Unknown  Unknown
mainApp            0000000000437EA4  Unknown               Unknown  Unknown
libesmf.so         000014D706124042  f_esmf_compcollec     Unknown  Unknown
libesmf.so         000014D705F7CF1D  _ZN5ESMCI2VM8fina     Unknown  Unknown
libesmf.so         000014D705F5E785  c_esmc_vmfinalize     Unknown  Unknown
libesmf.so         000014D70665486C  esmf_vmmod_mp_esm     Unknown  Unknown
libesmf.so         000014D7064731F6  esmf_initmod_mp_e     Unknown  Unknown
mainApp            000000000041050A  Unknown               Unknown  Unknown
mainApp            000000000040FF0D  Unknown               Unknown  Unknown
libc-2.31.so       000014D6FFD872BD  __libc_start_main     Unknown  Unknown
mainApp            000000000040FE3A  Unknown               Unknown  Unknown
gu0003.hsn.gu.hpc.ucar.edu: rank 1 exited with code 174
