2023-04-12 03:25:30
forrtl: severe (174): SIGSEGV, segmentation fault occurred
Image              PC                Routine            Line        Source             
libpthread-2.31.s  000014A73A1FD8C0  Unknown               Unknown  Unknown
mainApp            000000000043A7F0  Unknown               Unknown  Unknown
mainApp            000000000043B0E0  Unknown               Unknown  Unknown
mainApp            000000000043A974  Unknown               Unknown  Unknown
libesmf.so         000014A73C750042  f_esmf_compcollec     Unknown  Unknown
libesmf.so         000014A73C5A8F1D  _ZN5ESMCI2VM8fina     Unknown  Unknown
libesmf.so         000014A73C58A785  c_esmc_vmfinalize     Unknown  Unknown
libesmf.so         000014A73CC8086C  esmf_vmmod_mp_esm     Unknown  Unknown
libesmf.so         000014A73CA9F1F6  esmf_initmod_mp_e     Unknown  Unknown
mainApp            0000000000410F42  Unknown               Unknown  Unknown
mainApp            00000000004108CD  Unknown               Unknown  Unknown
libc-2.31.so       000014A7363B32BD  __libc_start_main     Unknown  Unknown
mainApp            00000000004107FA  Unknown               Unknown  Unknown
forrtl: severe (174): SIGSEGV, segmentation fault occurred
Image              PC                Routine            Line        Source             
libpthread-2.31.s  00001532466648C0  Unknown               Unknown  Unknown
mainApp            000000000043A7C3  Unknown               Unknown  Unknown
mainApp            000000000043B0E0  Unknown               Unknown  Unknown
mainApp            000000000043A974  Unknown               Unknown  Unknown
libesmf.so         0000153248BB7042  f_esmf_compcollec     Unknown  Unknown
libesmf.so         0000153248A0FF1D  _ZN5ESMCI2VM8fina     Unknown  Unknown
libesmf.so         00001532489F1785  c_esmc_vmfinalize     Unknown  Unknown
libesmf.so         00001532490E786C  esmf_vmmod_mp_esm     Unknown  Unknown
libesmf.so         0000153248F061F6  esmf_initmod_mp_e     Unknown  Unknown
mainApp            0000000000410F42  Unknown               Unknown  Unknown
mainApp            00000000004108CD  Unknown               Unknown  Unknown
libc-2.31.so       000015324281A2BD  __libc_start_main     Unknown  Unknown
mainApp            00000000004107FA  Unknown               Unknown  Unknown
forrtl: severe (174): SIGSEGV, segmentation fault occurred
Image              PC                Routine            Line        Source             
libpthread-2.31.s  0000150DE84438C0  Unknown               Unknown  Unknown
mainApp            000000000043A7C3  Unknown               Unknown  Unknown
mainApp            000000000043B0E0  Unknown               Unknown  Unknown
mainApp            000000000043A974  Unknown               Unknown  Unknown
libesmf.so         0000150DEA996042  f_esmf_compcollec     Unknown  Unknown
libesmf.so         0000150DEA7EEF1D  _ZN5ESMCI2VM8fina     Unknown  Unknown
libesmf.so         0000150DEA7D0785  c_esmc_vmfinalize     Unknown  Unknown
libesmf.so         0000150DEAEC686C  esmf_vmmod_mp_esm     Unknown  Unknown
libesmf.so         0000150DEACE51F6  esmf_initmod_mp_e     Unknown  Unknown
mainApp            0000000000410F42  Unknown               Unknown  Unknown
mainApp            00000000004108CD  Unknown               Unknown  Unknown
libc-2.31.so       0000150DE45F92BD  __libc_start_main     Unknown  Unknown
mainApp            00000000004107FA  Unknown               Unknown  Unknown
forrtl: severe (174): SIGSEGV, segmentation fault occurred
Image              PC                Routine            Line        Source             
libpthread-2.31.s  000014A73D74C8C0  Unknown               Unknown  Unknown
mainApp            000000000043A7E3  Unknown               Unknown  Unknown
mainApp            000000000043B0E0  Unknown               Unknown  Unknown
mainApp            000000000043A974  Unknown               Unknown  Unknown
libesmf.so         000014A73FC9F042  f_esmf_compcollec     Unknown  Unknown
libesmf.so         000014A73FAF7F1D  _ZN5ESMCI2VM8fina     Unknown  Unknown
libesmf.so         000014A73FAD9785  c_esmc_vmfinalize     Unknown  Unknown
libesmf.so         000014A7401CF86C  esmf_vmmod_mp_esm     Unknown  Unknown
libesmf.so         000014A73FFEE1F6  esmf_initmod_mp_e     Unknown  Unknown
mainApp            0000000000410F42  Unknown               Unknown  Unknown
mainApp            00000000004108CD  Unknown               Unknown  Unknown
libc-2.31.so       000014A7399022BD  __libc_start_main     Unknown  Unknown
mainApp            00000000004107FA  Unknown               Unknown  Unknown
gu0003.hsn.gu.hpc.ucar.edu: rank 1 exited with code 174
