2023-04-02 00:34:24
20230402 011221.321 INFO             PET0 !!!!!!!!!!!!!!!!!!!!!!!!!!!!!!!!!!!!!!!!!!!!!!!!!!!!!!
20230402 011221.321 INFO             PET0 !!! THE ESMF_LOG IS SET TO OUTPUT ALL LOG MESSAGES !!!
20230402 011221.321 INFO             PET0 !!!     THIS MAY CAUSE SLOWDOWN IN PERFORMANCE     !!!
20230402 011221.321 INFO             PET0 !!! FOR PRODUCTION RUNS, USE:                      !!!
20230402 011221.321 INFO             PET0 !!!                   ESMF_LOGKIND_Multi_On_Error  !!!
20230402 011221.321 INFO             PET0 !!!!!!!!!!!!!!!!!!!!!!!!!!!!!!!!!!!!!!!!!!!!!!!!!!!!!!
20230402 011221.321 INFO             PET0 Running with ESMF Version   : v8.5.0b19
20230402 011221.321 INFO             PET0 ESMF library build date/time: "Apr  2 2023" "00:32:50"
20230402 011221.321 INFO             PET0 ESMF library build location : /global/cscratch1/sd/theurich/ESMF-Nightly-Testing/intel_19.1.2_mpiuni_g_develop/esmf
20230402 011221.321 INFO             PET0 ESMF_COMM                   : mpiuni
20230402 011221.323 INFO             PET0 ESMF_MOAB                   : enabled
20230402 011221.323 INFO             PET0 ESMF_LAPACK                 : enabled
20230402 011221.323 INFO             PET0 ESMF_NETCDF                 : enabled
20230402 011221.323 INFO             PET0 ESMF_PNETCDF                : disabled
20230402 011221.323 INFO             PET0 ESMF_PIO                    : disabled
20230402 011221.323 INFO             PET0 ESMF_YAMLCPP                : enabled
20230402 011221.358 DEBUG            PET0 about to destroy Grid: 0x100002559f0
20230402 011221.362 DEBUG            PET0 about to destroy Grid: 0x10000256a20
20230402 011221.375 INFO             PET0  NUMBER_OF_PROCESSORS           1
20230402 011221.375 INFO             PET0  PASS  Example ESMF_NUOPCAtmModelEx, ESMF_NUOPCAtmModelEx.F90, line 806
20230402 011221.375 INFO             PET0 Finalizing ESMF
